2.3738574461	-0.967562076133
3.32208352855	-1.07278735266
3.32208352855	-1.07278735266
1.32259133181	-2.44093439349
4.27688770686	-1.16124928642
4.27688770686	-1.16124928642
0.436370371961	-3.30981279822
2.21193206684	-2.80372116027
5.23661704469	-1.2383205082
5.23661704469	-1.2383205082
4.0	-2.6
3.10944340223	-3.1082268013
1.31039759959	-3.83944718686
6.20015511194	-1.30706420545
6.20015511194	-1.30706420545
4.0141976888	-3.3730212813
2.18908942747	-4.28712745425
2.18908942747	-4.28712745425
7.16672939904	-1.36940967653
7.16672939904	-1.36940967653
4.92518374273	-3.60872521951
3.07327577471	-4.67839647336
3.07327577471	-4.67839647336
1.30646703977	-5.199929876
8.13578606929	-1.42665900376
8.13578606929	-1.42665900376
5.84153063441	-3.82205311391
5.84153063441	-3.82205311391
3.96282963258	-5.0279898243
2.18088338444	-5.69437096732
2.18088338444	-5.69437096732
9.10691481877	-1.4797368681
9.10691481877	-1.4797368681
6.76252218471	-4.01755114973
6.76252218471	-4.01755114973
4.8573696125	-5.34529978781
3.05917584387	-6.13751980457
3.05917584387	-6.13751980457
1.30470138623	-6.54608888804
10.0798029836	-1.52932614763
10.0798029836	-1.52932614763
10.0798029836	-1.52932614763
7.68757335288	-4.19845578728
7.68757335288	-4.19845578728
5.75646656996	-5.63673308577
3.94149300618	-6.54075079628
3.94149300618	-6.54075079628
2.17695193355	-7.07040303393
2.17695193355	-7.07040303393
11.0542065372	-1.57594705327
11.0542065372	-1.57594705327
11.0542065372	-1.57594705327
8.61620376429	-4.36716141844
8.61620376429	-4.36716141844
6.65970958415	-5.90688129798
6.65970958415	-5.90688129798
4.82774005562	-6.91185460298
3.05207043459	-7.54846612654
3.05207043459	-7.54846612654
1.30375597372	-7.88525355789
12.029931111	-1.62000601072
12.029931111	-1.62000601072
12.029931111	-1.62000601072
9.54801548227	-4.52549429454
9.54801548227	-4.52549429454
7.56672569045	-6.15916166941
7.56672569045	-6.15916166941
5.71772764346	-7.25643625678
3.93029663868	-7.98919683869
3.93029663868	-7.98919683869
2.17475362296	-8.4303661903
2.17475362296	-8.4303661903
13.0068191721	-1.66182726832
13.0068191721	-1.66182726832
13.0068191721	-1.66182726832
10.4826756299	-4.67488230962
10.4826756299	-4.67488230962
8.47718326133	-6.39619445695
8.47718326133	-6.39619445695
6.61123492508	-7.57868241112
4.81166804945	-8.39902762037
4.81166804945	-8.39902762037
3.04795547079	-8.9336379001
3.04795547079	-8.9336379001
1.30319049876	-9.22046895725
13.9847411104	-1.7016741205
13.9847411104	-1.7016741205
13.9847411104	-1.7016741205
11.4199030648	-4.81646511693
11.4199030648	-4.81646511693
9.39078960913	-6.62003804461
9.39078960913	-6.62003804461
7.508037446	-7.88181418488
5.6961238769	-8.78277437559
5.6961238769	-8.78277437559
3.9236228298	-9.40220935151
3.9236228298	-9.40220935151
2.17339691522	-9.78091641203
2.17339691522	-9.78091641203
14.9635888866	-1.73976361639
14.9635888866	-1.73976361639
14.9635888866	-1.73976361639
12.3594581762	-4.95116825945
12.3594581762	-4.95116825945
10.3072867987	-6.8323422099
10.3072867987	-6.8323422099
8.40791947838	-8.16836997783
8.40791947838	-8.16836997783
6.58355605008	-9.14415057609
4.80185441356	-9.8414356236
4.80185441356	-9.8414356236
3.04534899248	-10.30328252
3.04534899248	-10.30328252
1.30282530796	-10.55323311
15.9432714038	-1.77627703158
15.9432714038	-1.77627703158
15.9432714038	-1.77627703158
13.3011350274	-5.07975465747
13.3011350274	-5.07975465747
11.2264472061	-7.03445180514
11.2264472061	-7.03445180514
9.31067912172	-8.44039026907
9.31067912172	-8.44039026907
7.47383547298	-9.48608880123
5.68265954147	-10.255452431
5.68265954147	-10.255452431
3.91930237332	-10.7933977296
3.91930237332	-10.7933977296
2.17249966621	-11.1254632065
2.17249966621	-11.1254632065
16.9237110683	-1.81136749864
16.9237110683	-1.81136749864
16.9237110683	-1.81136749864
14.2447552536	-5.20286133179
14.2447552536	-5.20286133179
12.1480693926	-7.22747910078
12.1480693926	-7.22747910078
10.216129942	-8.69954292787
10.216129942	-8.69954292787
8.36682593232	-9.81095112584
6.5659977346	-10.647530692
6.5659977346	-10.647530692
4.79538249734	-11.2557703748
4.79538249734	-11.2557703748
3.04359019907	-11.6628095279
3.04359019907	-11.6628095279
1.30257575861	-11.8843702603
17.9048411903	-1.84516568069
17.9048411903	-1.84516568069
17.9048411903	-1.84516568069
15.1901632743	-5.32102620284
15.1901632743	-5.32102620284
13.0719744709	-7.41235560718
13.0719744709	-7.41235560718
11.124100951	-8.94721085749
11.124100951	-8.94721085749
9.26239153973	-10.1206719737
9.26239153973	-10.1206719737
7.45180105286	-11.0203087758
5.67363710509	-11.693970149
5.67363710509	-11.693970149
3.91633659681	-12.1701155352
3.91633659681	-12.1701155352
2.17187498655	-12.4659408392
2.17187498655	-12.4659408392
18.8866039873	-1.87778406569
18.8866039873	-1.87778406569
18.8866039873	-1.87778406569
16.1372225029	-5.4347080413
16.1372225029	-5.4347080413
13.9980029811	-7.58987004501
13.9980029811	-7.58987004501
12.0344358156	-9.1845549252
12.0344358156	-9.1845549252
10.1604006638	-10.4168581634
10.1604006638	-10.4168581634
8.33998708741	-11.3759503503
6.55406673076	-12.1108795404
6.55406673076	-12.1108795404
4.79087368824	-12.6512198631
4.79087368824	-12.6512198631
3.04234588203	-13.0153612523
3.04234588203	-13.0153612523
1.30239766694	-13.2143718803
19.8689490297	-1.90932026831
19.8689490297	-1.90932026831
19.8689490297	-1.90932026831
17.0858123146	-5.54430158315
17.0858123146	-5.54430158315
14.9260122355	-7.76069671928
14.9260122355	-7.76069671928
12.9469917464	-9.4125601786
12.9469917464	-9.4125601786
11.0607279082	-10.700860839
11.0607279082	-10.700860839
9.23046667493	-11.7162550294
7.43664305994	-12.5088648701
7.43664305994	-12.5088648701
5.66726986301	-13.1092248751
5.66726986301	-13.1092248751
3.91420902793	-13.5367155055
3.91420902793	-13.5367155055
2.17142241472	-13.8035307068
2.17142241472	-13.8035307068
20.8518320153	-1.93985960466
20.8518320153	-1.93985960466
20.8518320153	-1.93985960466
18.0358255998	-5.65014916047
18.0358255998	-5.65014916047
18.0358255998	-5.65014916047
15.8558740711	-7.92541709199
13.8616382923	-9.63207045961
13.8616382923	-9.63207045961
11.9632549842	-10.9738283671
11.9632549842	-10.9738283671
10.1231485284	-12.0427379957
10.1231485284	-12.0427379957
8.32132029621	-12.8898962769
6.54555064959	-13.5466795027
6.54555064959	-13.5466795027
4.78759978194	-14.0333067259
4.78759978194	-14.0333067259
3.0414324794	-14.3628939721
3.0414324794	-14.3628939721
1.3022661184	-14.5435493908
21.8352137921	-1.96947712554
21.8352137921	-1.96947712554
21.8352137921	-1.96947712554
18.9871667722	-5.7525497763
18.9871667722	-5.7525497763
18.9871667722	-5.7525497763
16.7874729486	-8.08453643656
16.7874729486	-8.08453643656
14.7782561546	-9.84381477905
12.867870958	-11.2367460063
12.867870958	-11.2367460063
11.0179420175	-12.3566886036
11.0179420175	-12.3566886036
9.20804235176	-13.2556341191
7.42571363493	-13.9657076029
7.42571363493	-13.9657076029
5.66259694559	-14.5078506769
5.66259694559	-14.5078506769
3.91262922384	-14.8959499662
3.91262922384	-14.8959499662
2.1710839418	-15.1389960699
2.1710839418	-15.1389960699
22.8190595705	-1.99823924049
22.8190595705	-1.99823924049
22.8190595705	-1.99823924049
19.9397501344	-5.85176627405
19.9397501344	-5.85176627405
17.7207043422	-8.23849687208
17.7207043422	-8.23849687208
17.7207043422	-8.23849687208
15.6967360746	-10.0484277213
13.7744721443	-11.4904661748
13.7744721443	-11.4904661748
11.9147588155	-12.6592143665
11.9147588155	-12.6592143665
10.0967474673	-13.6074926084
8.30773814378	-14.3681004471
8.30773814378	-14.3681004471
6.53924115315	-14.962611711
6.53924115315	-14.962611711
4.78514404491	-15.4055684328
4.78514404491	-15.4055684328
3.0407418405	-15.7066916884
3.0407418405	-15.7066916884
1.30216618945	-15.8721097704
23.8033382828	-2.02620502844
23.8033382828	-2.02620502844
23.8033382828	-2.02620502844
20.8934985259	-5.94803106571
20.8934985259	-5.94803106571
18.6554733731	-8.38768769027
18.6554733731	-8.38768769027
18.6554733731	-8.38768769027
16.616977815	-10.2464654465
16.616977815	-10.2464654465
14.6829618097	-11.7357318969
12.813513841	-12.951274546
12.813513841	-12.951274546
10.9873712101	-13.9466876029
10.9873712101	-13.9466876029
9.19159164583	-14.7553848787
7.41754698172	-15.3995007919
7.41754698172	-15.3995007919
5.65906015293	-15.8941434659
5.65906015293	-15.8941434659
3.91142309917	-16.2496492162
3.91142309917	-16.2496492162
2.17082413298	-16.4728524027
2.17082413298	-16.4728524027
24.7880220576	-2.05342730554
24.7880220576	-2.05342730554
24.7880220576	-2.05342730554
21.848342197	-6.04155075566
21.848342197	-6.04155075566
21.848342197	-6.04155075566
19.5916936443	-8.53245362845
19.5916936443	-8.53245362845
17.5388892425	-10.4384183936
17.5388892425	-10.4384183936
15.5932497791	-11.9731952152
13.7141257568	-13.2337061943
13.7141257568	-13.2337061943
11.8798484266	-14.2742731251
11.8798484266	-14.2742731251
10.0772340651	-15.1288745289
8.29751110378	-15.8201477689
8.29751110378	-15.8201477689
6.53442706089	-16.3636966046
6.53442706089	-16.3636966046
4.78325298648	-16.7703835075
4.78325298648	-16.7703835075
3.04020677705	-17.0476331514
3.04020677705	-17.0476331514
1.30208849553	-17.2001959865
25.7730857846	-2.07995350262
25.7730857846	-2.07995350262
25.7730857846	-2.07995350262
22.8042178652	-6.13250990801
22.8042178652	-6.13250990801
22.8042178652	-6.13250990801
20.5292862455	-8.67310156414
20.5292862455	-8.67310156414
18.4623855074	-10.6247214764
18.4623855074	-10.6247214764
16.5052520007	-12.2034318249
14.6165171893	-13.5072446215
14.6165171893	-13.5072446215
12.7741145107	-14.591169691
12.7741145107	-14.591169691
10.964620714	-15.48970897
9.17911787691	-16.2259557142
9.17911787691	-16.2259557142
7.41127044631	-16.8159528885
7.41127044631	-16.8159528885
5.6563155733	-17.2710190746
5.6563155733	-17.2710190746
3.9104809188	-17.5990799691
3.9104809188	-17.5990799691
2.17062033484	-17.8054605836
2.17062033484	-17.8054605836
26.7585067529	-2.10582639199
26.7585067529	-2.10582639199
26.7585067529	-2.10582639199
23.7610679182	-6.2210741425
23.7610679182	-6.2210741425
23.7610679182	-6.2210741425
21.4681788977	-8.8099059822
21.4681788977	-8.8099059822
19.3873883131	-10.8057623489
19.3873883131	-10.8057623489
17.4188901045	-12.4269528352
15.5206147725	-13.7725396777
15.5206147725	-13.7725396777
13.6701062175	-14.898186588
13.6701062175	-14.898186588
11.8537043076	-15.8388841026
11.8537043076	-15.8388841026
10.062343235	-16.6181424789
8.28959899516	-17.2523980647
8.28959899516	-17.2523980647
6.53066527035	-17.7533696368
6.53066527035	-17.7533696368
4.78176478792	-18.129413865
4.78176478792	-18.129413865
3.03978371457	-18.3863405729
3.03978371457	-18.3863405729
1.30202689401	-18.5279099817
27.7442643464	-2.13108469392
27.7442643464	-2.13108469392
27.7442643464	-2.13108469392
24.7188397383	-6.30739269858
24.7188397383	-6.30739269858
24.7188397383	-6.30739269858
22.4083052178	-8.94311347741
22.4083052178	-8.94311347741
20.3138252688	-10.981888167
20.3138252688	-10.981888167
18.3340909697	-12.6442143145
18.3340909697	-12.6442143145
16.426349083	-14.030168849
14.5677621719	-15.1960396084
14.5677621719	-15.1960396084
12.7444363539	-16.1772760638
12.7444363539	-16.1772760638
10.9471574303	-16.9977729603
9.16940923059	-17.6743223577
9.16940923059	-17.6743223577
7.40633490281	-18.2189979849
7.40633490281	-18.2189979849
5.65414122699	-18.6405317007
5.65414122699	-18.6405317007
3.90973061925	-18.9451478488
3.90973061925	-18.9451478488
2.17045750948	-19.1370809033
2.17045750948	-19.1370809033
28.7303397878	-2.15576358608
28.7303397878	-2.15576358608
28.7303397878	-2.15576358608
25.6774851255	-6.39160057472
25.6774851255	-6.39160057472
25.6774851255	-6.39160057472
23.3496040813	-9.0729464912
23.3496040813	-9.0729464912
21.2416293146	-11.153411167
21.2416293146	-11.153411167
19.2507863152	-12.8556251099
19.2507863152	-12.8556251099
17.3336545092	-14.2806478953
15.4670231713	-15.4853653195
15.4670231713	-15.4853653195
13.6367681135	-16.5056602651
13.6367681135	-16.5056602651
11.8335269857	-17.3657844971
10.0506889678	-18.0828544685
10.0506889678	-18.0828544685
8.28334145936	-18.6692618038
8.28334145936	-18.6692618038
6.52766697416	-19.1340685269
6.52766697416	-19.1340685269
4.78057201207	-19.4838576234
4.78057201207	-19.4838576234
3.03944336739	-19.7232671444
3.03944336739	-19.7232671444
1.30197722681	-19.8553264124
29.7167159199	-2.17989513416
29.7167159199	-2.17989513416
29.7167159199	-2.17989513416
26.6369598028	-6.47382032506
26.6369598028	-6.47382032506
26.6369598028	-6.47382032506
24.2920190696	-9.19960643515
24.2920190696	-9.19960643515
22.1707382117	-11.3206133014
22.1707382117	-11.3206133014
20.168912315	-13.0615533037
20.168912315	-13.0615533037
18.2424690822	-14.5244395714
18.2424690822	-14.5244395714
16.3678323491	-15.7667326639
14.5306512596	-16.8247267208
14.5306512596	-16.8247267208
12.7214160933	-17.7230070998
12.7214160933	-17.7230070998
10.9334198158	-18.4789883422
9.16169024682	-19.1053492785
9.16169024682	-19.1053492785
7.40237931653	-19.6114453179
7.40237931653	-19.6114453179
5.65238830313	-20.0041730719
5.65238830313	-20.0041730719
3.90912323845	-20.2885180603
3.90912323845	-20.2885180603
2.17032535308	-20.4679058775
2.17032535308	-20.4679058775
30.7033770203	-2.20350865812
30.7033770203	-2.20350865812
30.7033770203	-2.20350865812
27.5972229899	-6.55416357803
27.5972229899	-6.55416357803
27.5972229899	-6.55416357803
25.2354979884	-9.32327631906
25.2354979884	-9.32327631906
23.1010940909	-11.4837501213
23.1010940909	-11.4837501213
21.0884092428	-13.2623315878
21.0884092428	-13.2623315878
19.1527342877	-14.7619608345
19.1527342877	-14.7619608345
17.2701352425	-16.0406524735
15.4260383271	-17.1350925123
15.4260383271	-17.1350925123
13.610787623	-18.0701797454
13.610787623	-18.0701797454
11.8175790063	-18.8636044994
10.0413779314	-19.5283071376
10.0413779314	-19.5283071376
8.27830093269	-20.0739060787
8.27830093269	-20.0739060787
6.5252368915	-20.5075748577
6.5252368915	-20.5075748577
4.77960095897	-20.8346013256
4.77960095897	-20.8346013256
3.03916545194	-21.0587509265
3.03916545194	-21.0587509265
1.30193659762	-21.1825012107
31.6903086411	-2.22663104522
31.6903086411	-2.22663104522
31.6903086411	-2.22663104522
28.5582370341	-6.63273232712
28.5582370341	-6.63273232712
28.5582370341	-6.63273232712
26.1799924464	-9.44412297583
26.1799924464	-9.44412297583
24.03264305	-11.6430540463
24.03264305	-11.6430540463
22.0092211444	-13.4582617667
22.0092211444	-13.4582617667
20.0643948698	-14.9935888478
20.0643948698	-14.9935888478
18.1738797983	-16.3075853378
16.3228830126	-17.4373120162
16.3228830126	-17.4373120162
14.5016038497	-18.4079636308
14.5016038497	-18.4079636308
12.7031407421	-19.2374872215
10.9223947899	-19.9390630077
10.9223947899	-19.9390630077
9.15544346484	-20.5225470792
9.15544346484	-20.5225470792
7.39915768444	-20.9953596448
7.39915768444	-20.9953596448
5.65095384591	-21.3630541397
5.65095384591	-21.3630541397
3.90862453961	-21.6296905171
3.90862453961	-21.6296905171
2.17021661194	-21.7980809859
2.17021661194	-21.7980809859
32.677497471	-2.24928701904
32.677497471	-2.24928701904
32.677497471	-2.24928701904
29.5199670894	-6.7096200342
29.5199670894	-6.7096200342
29.5199670894	-6.7096200342
27.1254574857	-9.56229895573
27.1254574857	-9.56229895573
24.9653347963	-11.7987371378
24.9653347963	-11.7987371378
22.9312955378	-13.649618557
22.9312955378	-13.649618557
20.977398635	-15.2196660155
20.977398635	-15.2196660155
19.0790163344	-16.5679481613
19.0790163344	-16.5679481613
17.2211403673	-17.7318853662
15.393826979	-18.7369530529
15.393826979	-18.7369530529
13.5900771972	-19.6013385342
13.5900771972	-19.6013385342
11.8047263918	-20.3384434281
10.033810185	-20.9583401656
10.033810185	-20.9583401656
8.27417719203	-21.46867045
8.27417719203	-21.46867045
6.52323888165	-21.8752230604
6.52323888165	-21.8752230604
4.77879965464	-22.1823155891
4.77879965464	-22.1823155891
3.03893555316	-22.393049309
3.03893555316	-22.393049309
1.30190293861	-22.509477111
33.6649312166	-2.27149937178
33.6649312166	-2.27149937178
33.6649312166	-2.27149937178
30.4823808363	-6.78491257724
30.4823808363	-6.78491257724
30.4823808363	-6.78491257724
28.0718512568	-9.67794414779
28.0718512568	-9.67794414779
25.8991223279	-11.9509934623
25.8991223279	-11.9509934623
23.8545831396	-13.8366528103
23.8545831396	-13.8366528103
21.8916962604	-15.4405042335
21.8916962604	-15.4405042335
19.985497475	-16.8221196661
19.985497475	-16.8221196661
18.1207669148	-18.0192655082
16.2874195237	-19.0576844128
16.2874195237	-19.0576844128
14.4783592623	-19.9557896894
14.4783592623	-19.9557896894
12.6883548667	-20.7271885136
10.9133980055	-21.3821515518
10.9133980055	-21.3821515518
9.15031160209	-21.9285208526
9.15031160209	-21.9285208526
7.39649732304	-22.3722954083
7.39649732304	-22.3722954083
5.6497646969	-22.7180201458
5.6497646969	-22.7180201458
3.90820998504	-22.9690483584
3.90820998504	-22.9690483584
2.17012605877	-23.1277182267
2.17012605877	-23.1277182267
34.6525984976	-2.29328916572
34.6525984976	-2.29328916572
34.6525984976	-2.29328916572
31.4454482362	-6.85868906834
31.4454482362	-6.85868906834
31.4454482362	-6.85868906834
29.0191347306	-9.79118717459
29.0191347306	-9.79118717459
26.8339616488	-12.1000011176
26.8339616488	-12.1000011176
24.7790376149	-14.0195942654
24.7790376149	-14.0195942654
22.8072411103	-15.6563884993
22.8072411103	-15.6563884993
20.8932780676	-17.0704450403
20.8932780676	-17.0704450403
19.021720714	-18.2998641237
19.021720714	-18.2998641237
17.1823445728	-19.3706437258
15.3679571011	-20.3014106699
15.3679571011	-20.3014106699
13.5732598652	-21.1059639963
13.5732598652	-21.1059639963
11.7941990091	-21.7947571175
10.0275691142	-22.3758145158
10.0275691142	-22.3758145158
8.27075817905	-22.8553243241
8.27075817905	-22.8553243241
6.52157554315	-23.2380336509
6.52157554315	-23.2380336509
4.77813056636	-23.527517392
4.77813056636	-23.527517392
3.03874319552	-23.7263617682
3.03874319552	-23.7263617682
1.30187474144	-23.8362873272
35.6404887568	-2.31467590865
35.6404887568	-2.31467590865
35.6404887568	-2.31467590865
32.4091413155	-6.93102256293
32.4091413155	-6.93102256293
32.4091413155	-6.93102256293
29.9672714446	-9.90214659766
29.9672714446	-9.90214659766
27.7698115137	-12.2459239776
27.7698115137	-12.2459239776
25.7046153495	-14.1986539079
25.7046153495	-14.1986539079
23.7239890611	-15.8675799952
23.7239890611	-15.8675799952
21.8023150903	-17.3132398877
21.8023150903	-17.3132398877
19.9239613833	-18.5740566349
19.9239613833	-18.5740566349
18.07856598	-19.6762729277
16.258840567	-20.6387181196
16.258840567	-20.6387181196
14.459419292	-21.4753711978
14.459419292	-21.4753711978
12.6762016221	-22.1968549757
10.9059517286	-22.811361083
10.9059517286	-22.811361083
9.14604086368	-23.3252489777
9.14604086368	-23.3252489777
7.39427392136	-23.7434468864
7.39427392136	-23.7434468864
5.64876766471	-24.0697260853
5.64876766471	-24.0697260853
3.90786160814	-24.3068902717
3.90786160814	-24.3068902717
2.17004984886	-24.4569052341
2.17004984886	-24.4569052341
36.6285921799	-2.33567770732
36.6285921799	-2.33567770732
36.6285921799	-2.33567770732
33.3734339754	-7.00198067717
33.3734339754	-7.00198067717
33.3734339754	-7.00198067717
30.9162272762	-10.0109319639
30.9162272762	-10.0109319639
28.7066331998	-12.3889132019
28.7066331998	-12.3889132019
28.7066331998	-12.3889132019
26.6312752431	-14.3740260049
24.6418983373	-16.0743187347
24.6418983373	-16.0743187347
22.7125675536	-17.5507936025
22.7125675536	-17.5507936025
20.8274500971	-18.8421864597
20.8274500971	-18.8421864597
18.976048492	-19.9749752063
17.150979514	-20.9681820038
17.150979514	-20.9681820038
15.3468098666	-21.8359553492
15.3468098666	-21.8359553492
13.5593915206	-22.5890758815
11.7854566281	-23.2358892395
11.7854566281	-23.2358892395
10.0223572398	-23.7829110297
10.0223572398	-23.7829110297
8.26789037807	-24.235232813
8.26789037807	-24.235232813
6.52017562167	-24.5968011469
6.52017562167	-24.5968011469
4.77756602558	-24.8706118825
4.77756602558	-24.8706118825
3.03858061627	-25.0588453181
3.03858061627	-25.0588453181
1.30185088486	-25.1629580652
37.6168996261	-2.35631140212
37.6168996261	-2.35631140212
37.6168996261	-2.35631140212
34.3383018224	-7.07162612768
34.3383018224	-7.07162612768
34.3383018224	-7.07162612768
31.8659702416	-10.1176447175
31.8659702416	-10.1176447175
29.6443903012	-12.5291085476
29.6443903012	-12.5291085476
29.6443903012	-12.5291085476
27.5589785199	-14.5458898673
27.5589785199	-14.5458898673
25.5609293568	-16.2768258464
23.6239964002	-17.7833722692
23.6239964002	-17.7833722692
21.732149564	-19.1045686492
21.732149564	-19.1045686492
19.8747578336	-20.2671195351
18.0443440277	-21.2902312422
18.0443440277	-21.2902312422
16.235407555	-22.1882125827
16.235407555	-22.1882125827
14.4437523332	-22.9719919192
14.4437523332	-22.9719919192
12.666077255	-23.6500575333
10.8997132077	-24.2290681601
10.8997132077	-24.2290681601
9.14244657394	-24.7142635671
9.14244657394	-24.7142635671
7.39239603008	-25.1097477977
7.39239603008	-25.1097477977
5.64792329643	-25.4186876916
5.64792329643	-25.4186876916
3.90756600476	-25.6434526123
3.90756600476	-25.6434526123
2.16998510303	-25.7857115681
2.16998510303	-25.7857115681
38.6054025655	-2.37659268565
38.6054025655	-2.37659268565
38.6054025655	-2.37659268565
35.3037220191	-7.14001720501
35.3037220191	-7.14001720501
35.3037220191	-7.14001720501
32.8164703158	-10.2223789982
32.8164703158	-10.2223789982
30.5830485441	-12.6666395144
30.5830485441	-12.6666395144
30.5830485441	-12.6666395144
28.4876885567	-14.7144113827
28.4876885567	-14.7144113827
26.4810445876	-16.4753055529
24.5365644058	-18.0112211645
24.5365644058	-18.0112211645
22.6380239904	-19.3614930138
22.6380239904	-19.3614930138
20.7746607595	-20.5530445499
20.7746607595	-20.5530445499
18.9389045959	-21.6052584989
17.1251879001	-22.532595844
17.1251879001	-22.532595844
15.3292661907	-23.3461238036
15.3292661907	-23.3461238036
13.5478041538	-24.0544634077
11.7781099493	-24.6644052787
11.7781099493	-24.6644052787
10.0179570757	-25.1813244311
10.0179570757	-25.1813244311
8.26546027798	-25.6094672743
8.26546027798	-25.6094672743
6.51898597174	-25.9521538009
6.51898597174	-25.9521538009
4.77708526324	-26.211921187
4.77708526324	-26.211921187
3.03844196295	-26.3906252568
3.03844196295	-26.3906252568
1.30183052136	-26.4895102791
39.5940930249	-2.3965362076
39.5940930249	-2.3965362076
39.5940930249	-2.3965362076
36.2696731506	-7.20720819053
36.2696731506	-7.20720819053
36.2696731506	-7.20720819053
33.7676992711	-10.325222342
33.7676992711	-10.325222342
31.52257562	-12.8016263471
31.52257562	-12.8016263471
31.52257562	-12.8016263471
29.4173707255	-14.8797443534
29.4173707255	-14.8797443534
27.4022084133	-16.6699468929
25.4502360822	-18.2345669277
25.4502360822	-18.2345669277
25.4502360822	-18.2345669277
23.5450390361	-19.6132268222
21.6757250813	-20.8330618817
21.6757250813	-20.8330618817
19.8346322331	-21.913624281
18.0161262774	-22.8695199229
18.0161262774	-22.8695199229
16.2159141551	-23.711947055
16.2159141551	-23.711947055
14.4306256369	-24.4496507944
12.65754491	-25.0895438844
12.65754491	-25.0895438844
10.8944307664	-25.637125414
10.8944307664	-25.637125414
9.13939154139	-26.0967712213
9.13939154139	-26.0967712213
7.39079509391	-26.4719393107
7.39079509391	-26.4719393107
5.64720181225	-26.7653167749
5.64720181225	-26.7653167749
3.90731300742	-26.9789248994
3.90731300742	-26.9789248994
2.16992963042	-27.1141931491
2.16992963042	-27.1141931491
40.5829635388	-2.41615566767
40.5829635388	-2.41615566767
40.5829635388	-2.41615566767
37.2361351051	-7.27324972468
37.2361351051	-7.27324972468
37.2361351051	-7.27324972468
34.7196305329	-10.4262562991
34.7196305329	-10.4262562991
32.462941035	-12.934180917
32.462941035	-12.934180917
32.462941035	-12.934180917
30.3479922508	-15.0420316699
30.3479922508	-15.0420316699
28.324387009	-16.8609252268
28.324387009	-16.8609252268
26.3649775826	-18.4536194501
24.4531617636	-19.8600171431
24.4531617636	-19.8600171431
22.5779196765	-21.1074590354
22.5779196765	-21.1074590354
20.7314985697	-22.2156604616
18.90819809	-23.1993657567
18.90819809	-23.1993657567
17.1036765577	-24.0698972548
17.1036765577	-24.0698972548
15.3145283107	-24.8361165367
15.3145283107	-24.8361165367
13.538012578	-25.5050499342
11.7718719635	-26.0823109209
11.7718719635	-26.0823109209
10.0142063585	-26.5723936225
10.0142063585	-26.5723936225
8.26338238776	-26.9788811124
8.26338238776	-26.9788811124
6.51796627441	-27.3045952185
6.51796627441	-27.3045952185
4.77667243775	-27.5517047168
4.77667243775	-27.5517047168
3.03832275512	-27.7218028018
3.03832275512	-27.7218028018
1.30181300065	-27.8159609249
41.572007106	-2.43546389823
41.572007106	-2.43546389823
41.572007106	-2.43546389823
38.203088967	-7.33818913341
38.203088967	-7.33818913341
38.203088967	-7.33818913341
35.6722390491	-10.5255569801
35.6722390491	-10.5255569801
35.6722390491	-10.5255569801
33.4041159733	-13.0644074999
33.4041159733	-13.0644074999
31.2795220781	-15.2014063438
31.2795220781	-15.2014063438
29.2475482256	-17.0484035571
29.2475482256	-17.0484035571
27.2807566123	-18.6685735277
27.2807566123	-18.6685735277
25.3623605845	-20.1020928856
23.4812144846	-21.3765018881
23.4812144846	-21.3765018881
21.6294759135	-22.5116733249
21.6294759135	-22.5116733249
19.8013789186	-23.5224841321
17.992533264	-24.4203745425
17.992533264	-24.4203745425
16.1994974944	-25.2143158566
16.1994974944	-25.2143158566
14.4195051061	-25.911440502
12.6502813112	-26.5174678839
12.6502813112	-26.5174678839
10.8899158823	-27.0370007651
10.8899158823	-27.0370007651
9.13677199654	-27.4737361536
9.13677199654	-27.4737361536
7.38941886127	-27.8306176449
7.38941886127	-27.8306176449
5.6465803824	-28.1099462698
5.6465803824	-28.1099462698
3.90709478906	-28.3134608969
3.90709478906	-28.3134608969
2.16988173994	-28.4423954479
2.16988173994	-28.4423954479
42.5612171508	-2.45447293807
42.5612171508	-2.45447293807
42.5612171508	-2.45447293807
39.1705169214	-7.40207071822
39.1705169214	-7.40207071822
39.1705169214	-7.40207071822
36.6255011727	-10.6231955401
36.6255011727	-10.6231955401
36.6255011727	-10.6231955401
34.3460731733	-13.1924034637
34.3460731733	-13.1924034637
32.2119307543	-15.3579924185
32.2119307543	-15.3579924185
30.1716614831	-17.2325336908
30.1716614831	-17.2325336908
28.1975423419	-18.879610311
28.1975423419	-18.879610311
26.2726052039	-20.3396665831
24.385580493	-21.6404368659
24.385580493	-21.6404368659
22.5285372911	-22.8019462081
22.5285372911	-22.8019462081
20.6956446346	-23.8391988835
18.8824638833	-24.7637474834
18.8824638833	-24.7637474834
17.0855175545	-25.5846670347
17.0855175545	-25.5846670347
15.3020128109	-26.3091894463
13.5296564968	-26.9431326442
13.5296564968	-26.9431326442
11.7665268848	-27.4911996214
11.7665268848	-27.4911996214
10.0109818679	-27.9571916846
10.0109818679	-27.9571916846
8.26159126909	-28.3441630506
8.26159126909	-28.3441630506
6.51708547688	-28.6545339993
6.51708547688	-28.6545339993
4.77631529222	-28.8901737735
4.77631529222	-28.8901737735
3.03821951527	-29.0524606177
3.03821951527	-29.0524606177
1.30179781707	-29.1423238703
43.5505874886	-2.47319409827
43.5505874886	-2.47319409827
43.5505874886	-2.47319409827
40.1384021675	-7.46493601484
40.1384021675	-7.46493601484
40.1384021675	-7.46493601484
37.5793945556	-10.7192386104
37.5793945556	-10.7192386104
37.5793945556	-10.7192386104
35.2887868152	-13.31825988
35.2887868152	-13.31825988
33.145190318	-15.5119057771
33.145190318	-15.5119057771
31.0966976707	-17.4134572664
31.0966976707	-17.4134572664
29.1153053265	-19.0868985827
29.1153053265	-19.0868985827
27.1838665646	-20.5729359604
25.2909897154	-21.8994928492
25.2909897154	-21.8994928492
23.4286564726	-23.0867418054
23.4286564726	-23.0867418054
21.5909714863	-24.1498096706
21.5909714863	-24.1498096706
19.7734479328	-25.1003564127
17.9725721722	-25.9475554347
17.9725721722	-25.9475554347
16.1855245749	-26.6987322619
16.1855245749	-26.6987322619
14.4099928285	-27.3597968105
12.6440425664	-27.9355449425
12.6440425664	-27.9355449425
10.8860248681	-28.4298738782
10.8860248681	-28.4298738782
9.13450819644	-28.845938817
9.13450819644	-28.845938817
7.38822691744	-29.1862681164
7.38822691744	-29.1862681164
5.6460412612	-29.45284834
5.6460412612	-29.45284834
3.90690524396	-29.6471866842
3.90690524396	-29.6471866842
2.16984010935	-29.7703558189
2.16984010935	-29.7703558189
44.540112294	-2.49163802135
44.540112294	-2.49163802135
44.540112294	-2.49163802135
41.106728841	-7.52682402439
41.106728841	-7.52682402439
41.106728841	-7.52682402439
38.5338980526	-10.8137486825
38.5338980526	-10.8137486825
38.5338980526	-10.8137486825
36.2322324187	-13.4420620676
36.2322324187	-13.4420620676
34.079274199	-15.6632548588
34.079274199	-15.6632548588
32.0226290555	-17.5913066642
32.0226290555	-17.5913066642
30.0340174283	-19.2905958866
30.0340174283	-19.2905958866
28.0961167915	-20.8020853143
28.0961167915	-20.8020853143
26.1974151663	-22.1538828455
24.3298079847	-23.3663041838
24.3298079847	-23.3663041838
22.4873361618	-24.4545943991
22.4873361618	-24.4545943991
20.6654649666	-25.4305163385
18.8606445576	-26.3033369845
18.8606445576	-26.3033369845
17.0700281715	-27.0804702547
17.0700281715	-27.0804702547
15.2912837049	-27.7679122753
13.5224632119	-28.3705452991
13.5224632119	-28.3705452991
11.7619096837	-28.892355126
11.7619096837	-28.892355126
10.0081885675	-29.3365895575
10.0081885675	-29.3365895575
8.26003610861	-29.7058753751
8.26003610861	-29.7058753751
6.51631933882	-30.0023052566
6.51631933882	-30.0023052566
4.776004221	-30.2275022422
4.776004221	-30.2275022422
3.03812951072	-30.3826668864
3.03812951072	-30.3826668864
1.3017845726	-30.4686105677
45.5297860731	-2.50981473441
45.5297860731	-2.50981473441
45.5297860731	-2.50981473441
42.0754819431	-7.58777142055
42.0754819431	-7.58777142055
42.0754819431	-7.58777142055
39.4889916338	-10.9067844522
39.4889916338	-10.9067844522
39.4889916338	-10.9067844522
37.1763867492	-13.5638900783
37.1763867492	-13.5638900783
35.0141571262	-15.8121412987
35.0141571262	-15.8121412987
32.9494291968	-17.7662058148
32.9494291968	-17.7662058148
30.9536517439	-19.4908495283
30.9536517439	-19.4908495283
29.0093291375	-21.0272867343
29.0093291375	-21.0272867343
27.1048308314	-22.4038054644
25.2319671139	-23.6408605545
25.2319671139	-23.6408605545
23.3847158351	-24.7538113406
23.3847158351	-24.7538113406
21.5584946772	-25.7545194734
19.7497176219	-26.6523411978
19.7497176219	-26.6523411978
17.9555105283	-27.4547741514
17.9555105283	-27.4547741514
16.1735209964	-28.1678955308
14.4017867262	-28.7966682541
14.4017867262	-28.7966682541
12.6386415552	-29.3451602532
12.6386415552	-29.3451602532
10.882646525	-29.8167046087
10.882646525	-29.8167046087
9.1325379945	-30.214018138
9.1325379945	-30.214018138
7.38718759005	-30.5392899551
7.38718759005	-30.5392899551
5.64557048227	-30.7942476955
5.64557048227	-30.7942476955
3.90673955193	-30.9802066308
3.90673955193	-30.9802066308
2.16980369274	-31.098105235
2.16980369274	-31.098105235
46.5196036384	-2.52773369698
46.5196036384	-2.52773369698
46.5196036384	-2.52773369698
43.0446472775	-7.64781273575
43.0446472775	-7.64781273575
43.0446472775	-7.64781273575
40.4446563054	-10.9984011284
40.4446563054	-10.9984011284
40.4446563054	-10.9984011284
38.1212277329	-13.6838191321
38.1212277329	-13.6838191321
35.9498150424	-15.9586604982
35.9498150424	-15.9586604982
33.8770728673	-17.9382709212
33.8770728673	-17.9382709212
31.874182536	-19.6877974663
31.874182536	-19.6877974663
29.92347793	-21.2487011855
29.92347793	-21.2487011855
28.0132116357	-22.6494462218
26.1351099027	-23.9106228345
26.1351099027	-23.9106228345
24.2830881985	-25.0477009952
24.2830881985	-25.0477009952
22.4525169739	-26.0726374515
22.4525169739	-26.0726374515
20.6397741158	-26.9948738104
18.841957942	-27.8219872345
18.841957942	-27.8219872345
17.0566953576	-28.5601314024
17.0566953576	-28.5601314024
15.2820090716	-29.2143448138
13.5162228775	-29.7887718407
13.5162228775	-29.7887718407
11.7578922399	-30.2868244108
11.7578922399	-30.2868244108
10.0057521415	-30.711302053
10.0057521415	-30.711302053
8.25867693994	-31.0644819131
8.25867693994	-31.0644819131
6.51564870745	-31.3481865129
6.51564870745	-31.3481865129
4.77573160861	-31.5638345453
4.77573160861	-31.5638345453
3.03805056989	-31.7124783492
3.03805056989	-31.7124783492
1.3017729505	-31.7948305584
47.509560085	-2.5454038443
47.509560085	-2.5454038443
47.509560085	-2.5454038443
44.0142113919	-7.70698052883
44.0142113919	-7.70698052883
44.0142113919	-7.70698052883
41.4008740371	-11.0886507103
41.4008740371	-11.0886507103
41.4008740371	-11.0886507103
39.0667343784	-13.8019200068
39.0667343784	-13.8019200068
36.8862250267	-16.1029021366
36.8862250267	-16.1029021366
34.8055359799	-18.1076111028
34.8055359799	-18.1076111028
32.7955851689	-19.8815691052
32.7955851689	-19.8815691052
30.8385385208	-21.466479472
30.8385385208	-21.466479472
28.9225334109	-22.8909786975
27.0392131404	-24.1757890281
27.0392131404	-24.1757890281
25.1824314841	-25.3364877337
25.1824314841	-25.3364877337
23.3475120436	-26.3851232761
23.3475120436	-26.3851232761
21.5307967396	-27.3312190884
19.7293562525	-28.1824280771
19.7293562525	-28.1824280771
17.9407964833	-28.9449762906
17.9407964833	-28.9449762906
16.1631246287	-29.6239732787
14.3946536933	-30.2236348059
14.3946536933	-30.2236348059
12.6339325772	-30.7474459733
12.6339325772	-30.7474459733
10.8796936245	-31.1982825935
10.8796936245	-31.1982825935
9.13081234552	-31.5785025099
9.13081234552	-31.5785025099
7.38627576326	-31.8900147031
7.38627576326	-31.8900147031
5.64515692939	-32.1343315422
5.64515692939	-32.1343315422
3.90659386622	-32.3126078848
3.90659386622	-32.3126078848
2.16977165395	-32.4256695953
2.16977165395	-32.4256695953
