N	m0	m1	s1
1	1.0	1.0	1.0
2	6.854101979566497	16.789230041351505	2.471990874663235
3	16.39373166860679	94.09446666698261	5.1877163751852216
4	29.284052341001704	331.9954327177433	9.222449186201846
5	45.45516432773726	895.5048770266841	15.260874668484412
6	64.8855457598906	2026.6166282720253	23.01282921693249
7	87.56683626344258	4052.952030025341	33.0272205213077
8	113.49524609613381	7394.622521208719	45.04592982043596
9	142.66885705535543	12569.795461299806	59.48871238756033
10	175.08661429010954	20199.30363625443	76.150068435023
11	210.74789894795023	31010.532567159742	95.34936908157904
12	249.6523286091893	45840.74970325883	116.93044657518675
13	291.79965666268396	65639.99322946588	141.13680357432742
14	337.1897183043805	91473.60695133485	167.85273080516097
15	385.8224000165856	124524.48614470246	197.2650000179924
16	437.69762154769677	166095.08403195883	229.28930318994543
17	492.81532486743805	217609.21756257222	264.0700735036291
18	551.1754671736855	280613.7030823845	301.5467577504374
19	612.7780163386614	356779.84643985657	341.8321073795418
20	677.6229478681013	447904.80741303967	384.88331166584703
21	745.7102428241739	555912.8548654183	430.78929357402006
22	817.0398863792512	682856.5261049556	479.5204059815828
23	891.6118667910055	830917.7018687926	531.1475343453099
24	969.4261746627163	1002408.6064722374	585.6507608213657
25	1050.4828024021408	1199772.7412498838	643.0872186256718
26	1134.7817438217576	1425585.7582341242	703.4441618525866
27	1222.322993839396	1682556.2799531128	766.7681585906812
28	1313.1065482489605	1973526.671249571	833.0517363465937
29	1407.1324035447722	2301473.7660073237	902.3332824756623
30	1504.4005567870445	2669509.5551010054	974.6091896163902
31	1604.9110054954288	3080881.836566682	1049.911459614478
32	1708.6637475660343	3538974.833053131	1128.2393052699467
33	1815.658781205008	4047309.7783816005	1209.619703505658
34	1925.8961048753838	4609545.475624761	1294.0539112539072
35	2039.3757172545838	5229478.828245963	1381.5649186536925
36	2156.097617198919	5911045.349334024	1472.155449934191
37	2276.061803716664	6658319.646176078	1565.8453059388607
38	2399.2682759442864	7475515.881822186	1662.638249152826
39	2525.717033124297	8366988.228302348	1762.5515078803528
40	2655.4080745932592	9337231.280617494	1865.5895637116148
41	2788.3413997681164	10390880.480170729	1971.7675526249254
42	2924.517008132518	11532712.498118853	2081.090438021653
43	3063.9348992312307	12767645.619991107	2193.5716399951475
44	3206.5950726581414	14100740.10647063	2309.2164275911755
45	3352.4975280516096	15537198.556247706	2428.0368020785904
46	3501.642265089488	17082366.22909915	2550.0382077366376
47	3654.0292834826746	18741731.37869437	2675.2314630015107
48	3809.658582972708	20520925.58254757	2803.6220912664994
49	3968.5301633265235	22425724.029324464	2935.2199168720435
50	4130.644024333201	24462045.832775876	3070.030471942602
51	4296.000165805697	26635954.29835994	3208.062738666942
52	4464.5985875713095	28953657.2380724	3349.322206886447
53	4636.439289477632	31421507.154961616	3493.8171397404285
54	4811.522271382073	34046001.63124058	3641.552948341848
55	4989.847533158551	36833783.502968766	3792.5372771898687
56	5171.415074687735	39791641.03311904	3946.77543314489
57	5356.2248958659475	42926508.405310445	4104.2745245137985
58	5544.276996591333	46245465.58365084	4265.03973658573
59	5735.571376776899	49755738.922462806	4429.077709613805
60	5930.108036340284	53464701.11296904	4596.393496127655
61	6127.88697520537	57379871.524549395	4766.993325015736
62	6328.90819330862	61508916.34978406	4940.882109445653
63	6533.171690579475	65859648.82895262	5118.065714383688
64	6740.677466961176	70440029.60728633	5298.548910456576
65	6951.425522399872	75258166.52444689	5482.337238658725
66	7165.415856849386	80322315.25041327	5669.435326401716
67	7382.648470258177	85640879.31654762	5859.848424591864
68	7603.123362588624	91222409.96776552	6053.5810185511555
69	7826.84053379882	97075607.1912243	6250.638098014387
70	8053.799983848609	103209318.6229772	6451.024008648683
71	8284.00171270818	109632540.95273837	6654.743503813706
72	8517.445720348722	116354419.304554	6861.80079291106
73	8754.13200673234	123384247.5746143	7072.200414291285
74	8994.060571840218	130731469.13806942	7285.946445116962
75	9237.231415641165	138405676.24360147	7503.0432272898215
76	9483.644538118147	146416609.71746626	7723.494710121263
77	9733.29993924001	154774161.41869888	7947.305055303428
78	9986.19761898587	163488371.5270359	8174.478088892792
79	10242.337577332664	172569430.02947682	8405.017806632008
80	10501.719814274078	182027677.31651026	8638.927916039655
81	10764.344329778927	191873604.0362376	8876.21225946783
82	11030.21112383853	202117850.20571768	9116.874430663434
83	11299.3201964432	212771206.00579098	9360.918129689335
84	11571.67154755926	223844612.89796016	9608.346841258313
85	11847.265177190397	235349163.4350044	9859.164133033897
86	12126.10108530572	247296097.51511064	10113.373385305154
87	12408.179271918152	259696811.40219194	10370.978042221965
88	12693.499736983089	272562846.14123666	10631.981384107163
89	12982.06248051806	285905897.28469604	10896.386739568848
90	13273.8675024861	299737811.5401547	11164.197293309779
91	13568.914802900497	314070587.03834534	11435.416265558555
92	13867.204381735528	328916370.1634981	11710.046749564817
93	14168.736238987663	344287463.6017811	11988.09186370847
94	14473.510374649832	360196316.7341505	12269.554613735792
95	14781.526788695868	376655534.94307435	12554.438022105891
96	15092.785481138737	393677870.5976826	12842.745010897923
97	15407.286451976915	411276236.0218712	13134.478512019175
98	15725.02970117102	429463683.99909943	13429.641367510863
99	16046.015228738916	448253430.8905559	13728.236423665105
100	16370.243034667516	467658835.49822783	14030.266445939149
101	16697.713118974672	487693416.9007317	14335.734199557843
102	17028.425481592418	508370838.81964284	14644.642376664868
103	17362.380122573937	529704929.9139086	14956.993665575195
104	17699.577041876866	551709657.9774858	15272.790688249486
105	18040.016239517223	574399143.5381231	15592.03605994331
106	18383.69771547861	597787672.1719464	15914.732335396944
107	18730.621469787337	621889671.001909	16240.882060338052
108	19080.787502390023	646719728.7220391	16570.487725096336
109	19434.19581328846	672292580.9980472	16903.551809238026
110	19790.846402507454	698623112.9329324	17240.07674126192
111	20150.739270039474	725726373.0897918	17580.06493763846
112	20513.87441587113	753617554.0427287	17923.518767632722
113	20880.25183998683	782312011.27129	18270.440587417448
114	21249.871542397927	811825244.9415725	18620.832709409828
115	21622.733523099094	842172909.4203424	18974.697432190802
116	21998.837782075538	873370818.7059333	19332.03701356422
117	22378.184319337648	905434931.5401818	19692.85369702424
118	22760.77313486923	938381379.0538166	20057.149687924593
119	23146.604228654305	972226418.0378244	20424.927176972542
120	23535.67760072655	1006986463.6990297	20796.18831912448
121	23927.993251062784	1042678125.3850973	21170.935254502212
122	24323.551179632545	1079318112.8395202	21549.17008959723
123	24722.351386502487	1116923327.4484806	21930.89491597287
124	25124.393871618206	1155510812.3676062	22316.111793551674
125	25529.678634970318	1195097745.1684253	22704.82276723789
126	25938.205676547434	1235701482.8692763	23097.029852048247
127	26349.97499637259	1277339549.6296148	23492.735048228213
128	26764.986594462236	1320029562.9654307	23891.94032740427
129	27183.240470781107	1363789375.536874	24294.64764691859
130	27604.736625306596	1408636898.4361672	24700.858936623627
131	28029.47505811058	1454590367.5984054	25110.57611245808
132	28457.455769129283	1501667943.4799426	25523.801064233307
133	28888.678758353748	1549888129.9286106	25940.535667834996
134	29323.144025738984	1599269495.3884041	26360.781774404437
135	29760.851571422125	1649830702.5735204	26784.541221324944
136	30201.801395290113	1701590727.146286	27211.81582240254
137	30645.993497407533	1754568678.9814436	27642.60737802331
138	31093.427877656235	1808783594.9832635	28076.917665816556
139	31544.104536139414	1864254998.4398797	28514.748450474148
140	31998.023472804096	1921002300.234462	28956.10147462824
141	32455.184687641802	1979045256.6507564	29400.97846864582
142	32915.588180750514	2038403680.5067234	29849.381141335994
143	33379.2339520573	2099097383.159701	30301.31118980933
144	33846.12200144921	2161146782.8406925	30756.77029023259
145	34316.25232903696	2224571988.9734735	31215.760107467475
146	34789.624934905674	2289393423.415976	31678.28228636495
147	35266.239818816546	2355631824.108488	32144.338460469833
148	35746.09698096177	2423307881.4702954	32613.93024406776
149	36229.19642126686	2492442542.0164204	33087.05924079584
150	36715.53813980957	2563056874.7696633	33563.72703534874
151	37205.12213647682	2635171940.8392954	34043.93520218306
152	37697.948411278376	2708809410.128196	34527.68529739588
153	38194.01696423436	2783990506.7016916	35014.978867136815
154	38693.3277953516	2860737212.7822814	35505.81744008782
155	39195.88090463995	2939071246.3369036	36000.20253468784
156	39701.676292168624	3019014679.8464746	36498.13565299164
157	40210.713957741886	3100589573.736128	36999.61828687671
158	40722.99390143146	3183818178.7939873	37504.65191234935
159	41238.516123334484	3268723132.984217	38013.23799574466
160	41757.28062331307	3355326986.2592344	38525.3779875946
161	42279.28740142963	3443652635.51073	39041.07332945704
162	42804.53645765012	3533722807.0983653	39560.325447260984
163	43333.02779211208	3625561039.0698633	40083.13575848137
164	43864.7614046853	3719190072.9249544	40609.50566506019
165	44399.73729539662	3814633509.217409	41139.43656140294
166	44937.95546422895	3911914564.7710648	41672.929825933694
167	45479.415911077034	4011057871.5179944	42209.98683036264
168	46024.118636249914	4112086674.3895645	42750.608930925955
169	46572.06363933516	4215024952.903992	43294.79747693213
170	47123.250920620805	4319896961.106313	43842.55380283032
171	47677.68047999773	4426727717.561953	44393.879236587585
172	48235.35231728025	4535540427.553464	44948.775091268915
173	48796.26643295274	4646360749.702609	45507.242673768305
174	49360.42282658373	4759213469.683528	46069.283276914604
175	49927.82149843705	4874123115.550794	46634.89818734087
176	50498.46244824605	4991115132.663962	47204.08867733848
177	51072.34567620154	5110214500.202506	47776.856013899094
178	51649.47118215319	5231446879.434143	48353.20144994194
179	52229.838966251395	5354837978.261358	48933.12623316244
180	52813.4490283064	5480413198.265757	49516.63159763957
181	53400.30136851705	5608199198.866434	50103.71877223677
182	53990.39598699086	5738221120.525411	50694.38897211094
183	54583.732883203535	5870506390.885698	51288.64340820709
184	55180.3120575157	6005080742.941762	51886.48327822033
185	55780.1335100079	6141969061.205872	52487.909774610016
186	56383.19724047801	6281201579.293985	53092.92407725678
187	56989.50324895057	6422801609.502233	53701.52736197018
188	57599.051535609266	6566798527.369777	54313.720791782565
189	58211.84210024604	6713218899.663689	54929.50552488813
190	58827.87494300537	6862089641.610451	55548.882707396406
191	59447.150064074034	7013438303.865715	56171.85348214626
192	60069.66746264995	7167292813.831501	56798.4189785036
193	60695.42713952606	7323681773.932069	57428.580322766706
194	61324.429094074105	7482631234.660995	58062.33862943935
195	61956.67332669209	7644171122.49672	58699.69500857276
196	62592.15983734437	7808328377.977382	59340.650558590976
197	63230.88862622747	7975131830.441937	59985.20637505286
198	63872.85969313008	8144612627.79452	60633.36354138041
199	64518.07303782553	8316794467.40114	61285.123137991664
200	65166.52866078349	8491707927.739478	61940.48623411133
201	65818.2265613654	8669386550.445078	62599.45389408556
202	66473.16674022115	8849854661.075895	63262.02717421002
203	67131.34919685456	9033140702.381407	63928.20712526216
204	67792.77393148674	9219280316.764803	64597.994787014766
205	68457.44094437241	9408298729.972452	65271.39119789017
206	69125.35023531683	9600225033.029963	65948.39738470227
207	69796.5018037254	9795089995.028055	66629.01437150179
208	70470.89565012218	9992929056.305365	67313.24317127338
209	71148.5317749421	10193762850.208076	68001.0847947292
210	71829.4101776857	10397629820.529179	68692.54024271922
211	72513.5308581785	10604557356.946405	69387.61051329189
212	73200.89381643271	10814577622.03796	70086.2965928318
213	73891.49905309062	11027718897.093607	70788.59946781171
214	74585.34656718113	11244015117.46263	71494.52011291998
215	75282.43635991555	11463495416.50554	72204.05950018718
216	75982.76842930433	11686195995.801056	72917.21859350371
217	76686.34277760863	11912140673.647762	73633.99835290185
218	77393.15940403177	12141366816.883936	74354.399730152
219	78103.21830755974	12373906465.391922	75078.42367287788
220	78816.51948963047	12609788387.45888	75806.07112047327
221	79533.0629499491	12849044081.078426	76537.34301139892
222	80252.84868756871	13091712108.566933	77272.24027245947
223	80975.87670303196	13337821785.01189	78010.76382887263
224	81702.14699651203	13587400959.261948	78752.91459978667
225	82431.65956822243	13840492281.467972	79498.693496869
226	83164.4144173888	14097119364.575428	80248.10142734215
227	83900.41154511209	14357320896.75432	81001.13929621215
228	84639.65094973457	14621127607.97348	81757.80799607579
229	85382.13263333107	14888580224.60016	82518.10842207118
230	86127.85659410761	15159697717.895243	83282.04145711154
231	86876.82283273712	15434527096.190254	84049.60798571173
232	87629.03134990748	15713094787.383526	84820.80888044261
233	88384.48214382498	15995440901.237247	85595.64501534047
234	89143.17521593122	16281593895.49406	86374.11725317649
235	89905.11056678646	16571591357.133451	87156.22645809088
236	90670.28819459944	16865470411.652706	87941.97348309364
237	91438.70810046267	17163259327.662586	88731.35918213912
238	92210.37028421524	17465001113.41617	89524.38439698893
239	92985.27474562997	17770726144.03067	90321.04997492048
240	93763.421485311	18080464873.686436	91121.35674840995
241	94544.8105020609	18394257166.34181	91925.30555265599
242	95329.44179775316	18712137212.61853	92732.89721175875
243	96117.31537092858	19034153575.91161	93544.13255165242
244	96908.4312212636	19360324651.495808	94359.0123886476
245	97702.7893510155	19690690159.25412	95177.5375383103
246	98500.38975741641	20025289788.70058	95999.7088085505
247	99301.23244092845	20364165917.085373	96825.52700463706
248	100105.3174042064	20707339377.20503	97654.99292850195
249	100912.64464354875	21054860410.039806	98488.107374986
