0.000000000000000000e+00 2.595775754831475268e+00
5.000000000000000104e-03 2.595180909681968462e+00
1.000000000000000021e-02 2.593396649144182664e+00
1.499999999999999944e-02 2.590423797834791486e+00
2.000000000000000042e-02 2.586263729730027716e+00
2.500000000000000139e-02 2.580918367588904694e+00
2.999999999999999889e-02 2.574390182146852890e+00
3.500000000000000333e-02 2.566682191080928988e+00
4.000000000000000083e-02 2.557797957748087825e+00
4.499999999999999833e-02 2.547741589698363285e+00
5.000000000000000278e-02 2.536517736965218539e+00
5.500000000000000028e-02 2.524131590135721304e+00
5.999999999999999778e-02 2.510588878203642516e+00
6.500000000000000222e-02 2.495895866209054681e+00
7.000000000000000666e-02 2.480059352668569694e+00
7.499999999999999722e-02 2.463086666800883950e+00
8.000000000000000167e-02 2.444985665552998011e+00
8.500000000000000611e-02 2.425764730433181970e+00
8.999999999999999667e-02 2.405432764157595660e+00
9.500000000000000111e-02 2.383999187118369889e+00
1.000000000000000056e-01 2.361473933682086468e+00
1.049999999999999961e-01 2.337867448328743158e+00
1.100000000000000006e-01 2.313190681642771196e+00
1.150000000000000050e-01 2.287455086169269070e+00
1.199999999999999956e-01 2.260672612150555150e+00
1.250000000000000000e-01 2.232855703160407490e+00
1.300000000000000044e-01 2.204017291655965938e+00
1.350000000000000089e-01 2.174170794470463353e+00
1.400000000000000133e-01 2.143330108273661327e+00
1.449999999999999900e-01 2.111509605031351100e+00
1.499999999999999944e-01 2.078724127500640950e+00
1.549999999999999989e-01 2.044988984804247067e+00
1.600000000000000033e-01 2.010319948134848378e+00
1.650000000000000078e-01 1.974733246650181906e+00
1.700000000000000122e-01 1.938245563631246116e+00
1.750000000000000167e-01 1.900874032990474527e+00
1.799999999999999933e-01 1.862636236234596065e+00
1.849999999999999978e-01 1.823550200009173894e+00
1.900000000000000022e-01 1.783634394379660204e+00
1.950000000000000067e-01 1.742907732038889712e+00
2.000000000000000111e-01 1.701389568675349517e+00
2.050000000000000155e-01 1.659099704793241425e+00
2.099999999999999922e-01 1.616058389348083102e+00
2.149999999999999967e-01 1.572286325655643635e+00
2.200000000000000011e-01 1.527804680154601025e+00
2.250000000000000056e-01 1.482635094764236161e+00
2.300000000000000100e-01 1.436799703791749483e+00
2.350000000000000144e-01 1.390321156628770094e+00
2.399999999999999911e-01 1.343222647861303187e+00
2.449999999999999956e-01 1.295527956941759262e+00
2.500000000000000000e-01 1.247261500294674086e+00
2.550000000000000044e-01 1.198448399735959180e+00
2.600000000000000089e-01 1.149114572509654764e+00
2.650000000000000133e-01 1.099286850285100092e+00
2.700000000000000178e-01 1.048993137419725441e+00
2.750000000000000222e-01 9.982626231654678772e-01
2.800000000000000266e-01 9.471260690638303448e-01
2.850000000000000311e-01 8.956162028241561046e-01
2.899999999999999800e-01 8.437682656776650525e-01
2.949999999999999845e-01 7.916207852798593514e-01
2.999999999999999889e-01 7.392166873096467361e-01
3.049999999999999933e-01 6.866049280547460443e-01
3.099999999999999978e-01 6.338429502411002670e-01
3.150000000000000022e-01 5.810004796547473260e-01
3.200000000000000067e-01 5.281655811958623215e-01
3.250000000000000111e-01 4.754546719199029825e-01
3.300000000000000155e-01 4.230297719025021275e-01
3.350000000000000200e-01 3.711296537855102717e-01
3.400000000000000244e-01 3.201291340579512923e-01
3.450000000000000289e-01 2.706584711595895198e-01
3.500000000000000333e-01 2.238564267791701146e-01
3.549999999999999822e-01 1.819149034431005174e-01
3.599999999999999867e-01 1.491042272634640065e-01
3.649999999999999911e-01 1.324748794211508540e-01
3.699999999999999956e-01 1.380400459633037147e-01
3.750000000000000000e-01 1.635437633850551076e-01
3.800000000000000044e-01 2.015214361223300332e-01
3.850000000000000089e-01 2.462183787507826738e-01
3.900000000000000133e-01 2.945310691531619618e-01
3.950000000000000178e-01 3.448754160604917129e-01
4.000000000000000222e-01 3.964049181505870378e-01
4.050000000000000266e-01 4.486343971771877825e-01
4.100000000000000311e-01 5.012653087744513014e-01
4.150000000000000355e-01 5.541013909741715482e-01
4.199999999999999845e-01 6.070056065566328263e-01
4.249999999999999889e-01 6.598769191370679188e-01
4.299999999999999933e-01 7.126371246124297842e-01
4.349999999999999978e-01 7.652230477272382592e-01
4.400000000000000022e-01 8.175817363997988085e-01
4.450000000000000067e-01 8.696674011574349050e-01
4.500000000000000111e-01 9.214394080111063534e-01
4.550000000000000155e-01 9.728609280148176053e-01
4.600000000000000200e-01 1.023898008042316343e+00
4.650000000000000244e-01 1.074518918714014060e+00
4.700000000000000289e-01 1.124693688887903553e+00
4.750000000000000333e-01 1.174393768337515631e+00
4.799999999999999822e-01 1.223591780150995456e+00
4.849999999999999867e-01 1.272261336988707692e+00
4.899999999999999911e-01 1.320376903488015730e+00
4.949999999999999956e-01 1.367913692480547949e+00
5.000000000000000000e-01 1.414847586298124904e+00
5.050000000000000044e-01 1.461155076909103068e+00
5.100000000000000089e-01 1.506813220336313597e+00
5.150000000000000133e-01 1.551799602009776180e+00
5.200000000000000178e-01 1.596092310563737904e+00
5.250000000000000222e-01 1.639669918205185484e+00
5.300000000000000266e-01 1.682511466231421338e+00
5.350000000000000311e-01 1.724596454606375451e+00
5.400000000000000355e-01 1.765904834752554775e+00
5.450000000000000400e-01 1.806417004901317958e+00
5.500000000000000444e-01 1.846113807485038061e+00
5.550000000000000488e-01 1.884976528162345621e+00
5.600000000000000533e-01 1.922986896150646441e+00
5.650000000000000577e-01 1.960127085604451036e+00
5.700000000000000622e-01 1.996379717828381084e+00
5.750000000000000666e-01 2.031727864153316521e+00
5.799999999999999600e-01 2.066155049335524296e+00
5.849999999999999645e-01 2.099645255363549179e+00
5.899999999999999689e-01 2.132182925577720933e+00
5.949999999999999734e-01 2.163752969023248429e+00
5.999999999999999778e-01 2.194340764970966973e+00
6.049999999999999822e-01 2.223932167550454864e+00
6.099999999999999867e-01 2.252513510449025702e+00
6.149999999999999911e-01 2.280071611637206619e+00
6.199999999999999956e-01 2.306593778087382862e+00
6.250000000000000000e-01 2.332067810457169710e+00
6.300000000000000044e-01 2.356482007713268878e+00
6.350000000000000089e-01 2.379825171675044260e+00
6.400000000000000133e-01 2.402086611460030330e+00
6.450000000000000178e-01 2.423256147816101436e+00
6.500000000000000222e-01 2.443324117327183131e+00
6.550000000000000266e-01 2.462281376481286532e+00
6.600000000000000311e-01 2.480119305591243606e+00
6.650000000000000355e-01 2.496829812559985484e+00
6.700000000000000400e-01 2.512405336483421792e+00
6.750000000000000444e-01 2.526838851085192239e+00
6.800000000000000488e-01 2.540123867978500538e+00
6.850000000000000533e-01 2.552254439751258985e+00
6.900000000000000577e-01 2.563225162871589191e+00
6.950000000000000622e-01 2.573031180411593954e+00
7.000000000000000666e-01 2.581668184588056469e+00
7.049999999999999600e-01 2.589132419119513084e+00
7.099999999999999645e-01 2.595420681399879026e+00
7.149999999999999689e-01 2.600530324489549461e+00
7.199999999999999734e-01 2.604459258925640341e+00
7.249999999999999778e-01 2.607205954353843058e+00
7.299999999999999822e-01 2.608769440985070798e+00
7.349999999999999867e-01 2.609149310881039519e+00
7.399999999999999911e-01 2.608345719073669855e+00
7.449999999999999956e-01 2.606359384524257194e+00
7.500000000000000000e-01 2.603191590929308852e+00
7.550000000000000044e-01 2.598844187381071702e+00
7.600000000000000089e-01 2.593319588892001537e+00
7.650000000000000133e-01 2.586620776793735477e+00
7.700000000000000178e-01 2.578751299022643995e+00
7.750000000000000222e-01 2.569715270305636956e+00
7.800000000000000266e-01 2.559517372261796986e+00
7.850000000000000311e-01 2.548162853437441200e+00
7.900000000000000355e-01 2.535657529294548684e+00
7.950000000000000400e-01 2.522007782175176516e+00
8.000000000000000444e-01 2.507220561267403891e+00
8.050000000000000488e-01 2.491303382601852245e+00
8.100000000000000533e-01 2.474264329111660832e+00
8.150000000000000577e-01 2.456112050793307411e+00
8.200000000000000622e-01 2.436855765010816466e+00
8.250000000000000666e-01 2.416505256991807293e+00
8.300000000000000711e-01 2.395070880570720817e+00
8.349999999999999645e-01 2.372563559242534925e+00
8.399999999999999689e-01 2.348994787599511636e+00
8.449999999999999734e-01 2.324376633234367162e+00
8.499999999999999778e-01 2.298721739205894288e+00
8.549999999999999822e-01 2.272043327177903471e+00
8.599999999999999867e-01 2.244355201359851115e+00
8.649999999999999911e-01 2.215671753398173127e+00
8.699999999999999956e-01 2.186007968391774803e+00
8.750000000000000000e-01 2.155379432234241222e+00
8.800000000000000044e-01 2.123802340519969523e+00
8.850000000000000089e-01 2.091293509292926789e+00
8.900000000000000133e-01 2.057870387966548975e+00
8.950000000000000178e-01 2.023551074803328742e+00
9.000000000000000222e-01 1.988354335415254415e+00
9.050000000000000266e-01 1.952299624834447966e+00
9.100000000000000311e-01 1.915407113810827733e+00
9.150000000000000355e-01 1.877697720125226066e+00
9.200000000000000400e-01 1.839193145868111889e+00
9.250000000000000444e-01 1.799915921833783905e+00
9.300000000000000488e-01 1.759889460427544350e+00
9.350000000000000533e-01 1.719138118791957215e+00
9.400000000000000577e-01 1.677687274244593407e+00
9.450000000000000622e-01 1.635563414605724519e+00
9.500000000000000666e-01 1.592794246609087860e+00
9.550000000000000711e-01 1.549408826370111791e+00
9.599999999999999645e-01 1.505437716884536536e+00
9.649999999999999689e-01 1.460913178813415980e+00
9.699999999999999734e-01 1.415869402468363569e+00
9.749999999999999778e-01 1.370342791064992793e+00
9.799999999999999822e-01 1.324372308127178544e+00
9.849999999999999867e-01 1.277999905622586585e+00
9.899999999999999911e-01 1.231271054293993750e+00
9.949999999999999956e-01 1.184235404133817671e+00
1.000000000000000000e+00 1.136947611592054042e+00
1.000499999999999945e+00 1.131949684088417785e+00
1.000999999999999890e+00 1.126436415420847048e+00
1.001499999999999835e+00 1.120410502730064151e+00
1.001999999999999780e+00 1.113874888640055794e+00
1.002499999999999725e+00 1.106832760729336673e+00
1.002999999999999670e+00 1.099287550971673078e+00
1.003499999999999615e+00 1.091242935156295779e+00
1.003999999999999559e+00 1.082702832298929163e+00
1.004499999999999504e+00 1.073671404056443457e+00
1.004999999999999449e+00 1.064153054159928224e+00
1.005499999999999394e+00 1.054152427882941945e+00
1.005999999999999339e+00 1.043674411564172066e+00
1.006499999999999284e+00 1.032724132206702006e+00
1.006999999999999229e+00 1.021306957179255015e+00
1.007499999999999174e+00 1.009428494048924430e+00
1.007999999999999119e+00 9.970945905794155184e-01
1.008499999999999064e+00 9.843113349343791674e-01
1.008999999999999009e+00 9.710850561320113483e-01
1.009499999999998954e+00 9.574223248047624146e-01
1.009999999999998899e+00 9.433299543275189825e-01
1.010499999999998844e+00 9.288150023886275752e-01
1.010999999999998789e+00 9.138847730917971646e-01
1.011499999999998733e+00 8.985468196931550855e-01
1.011999999999998678e+00 8.828089480976419878e-01
1.012499999999998623e+00 8.666792212631890813e-01
1.012999999999998568e+00 8.501659646906882806e-01
1.013499999999998513e+00 8.332777732145857374e-01
1.013999999999998458e+00 8.160235193539137066e-01
1.014499999999998403e+00 7.984123635400042218e-01
1.014999999999998348e+00 7.804537666073569913e-01
1.015499999999998293e+00 7.621575050225217751e-01
1.015999999999998238e+00 7.435336894373061334e-01
1.016499999999998183e+00 7.245927872947210968e-01
1.016999999999998128e+00 7.053456503971855529e-01
1.017499999999998073e+00 6.858035485800637598e-01
1.017999999999998018e+00 6.659782109359786428e-01
1.018499999999997963e+00 6.458818764298194237e-01
1.018999999999997907e+00 6.255273562629338757e-01
1.019499999999997852e+00 6.049281110314550514e-01
1.019999999999997797e+00 5.840983466406033386e-01
1.020499999999997742e+00 5.630531341704514414e-01
1.020999999999997687e+00 5.418085605643043756e-01
1.021499999999997632e+00 5.203819193065453153e-01
1.021999999999997577e+00 4.987919534319864012e-01
1.022499999999997522e+00 4.770591676425297578e-01
1.022999999999997467e+00 4.552062325587666325e-01
1.023499999999997412e+00 4.332585130369850379e-01
1.023999999999997357e+00 4.112447652812776799e-01
1.024499999999997302e+00 3.891980660501796474e-01
1.024999999999997247e+00 3.671570644130947025e-01
1.025499999999997192e+00 3.451676864589660609e-01
1.025999999999997137e+00 3.232854822565200958e-01
1.026499999999997081e+00 3.015788908428068682e-01
1.026999999999997026e+00 2.801338239904813676e-01
1.027499999999996971e+00 2.590601432231174894e-01
1.027999999999996916e+00 2.385008250001607044e-01
1.028499999999996861e+00 2.186448263402837600e-01
1.028999999999996806e+00 1.997446840197145690e-01
1.029499999999996751e+00 1.821391430549694490e-01
1.029999999999996696e+00 1.662782695855512805e-01
1.030499999999996641e+00 1.527411145027552097e-01
1.030999999999996586e+00 1.422221222892885162e-01
1.031499999999996531e+00 1.354488667141122982e-01
1.031999999999996476e+00 1.330093191303184930e-01
1.032499999999996421e+00 1.351442792455100905e-01
1.032999999999996366e+00 1.416447353195617875e-01
1.033499999999996311e+00 1.519418923422762302e-01
1.033999999999996255e+00 1.653122829095605428e-01
1.034499999999996200e+00 1.810560292144018646e-01
1.034999999999996145e+00 1.985853488878262518e-01
1.035499999999996090e+00 2.174417417268276198e-01
1.035999999999996035e+00 2.372796037449524942e-01
1.036499999999995980e+00 2.578412248170415810e-01
1.036999999999995925e+00 2.789338709525246429e-01
1.037499999999995870e+00 3.004118378037134440e-01
1.037999999999995815e+00 3.221632918371542531e-01
1.038499999999995760e+00 3.441008851552010417e-01
1.038999999999995705e+00 3.661551213539214755e-01
1.039499999999995650e+00 3.882696617513226589e-01
1.039999999999995595e+00 4.103979838035317074e-01
1.040499999999995540e+00 4.325009806904101528e-01
1.040999999999995485e+00 4.545452190600581255e-01
1.041499999999995429e+00 4.765016606680053668e-01
1.041999999999995374e+00 4.983447141337212782e-01
1.042499999999995319e+00 5.200515240666453431e-01
1.042999999999995264e+00 5.416014326988797256e-01
1.043499999999995209e+00 5.629755682207341350e-01
1.043999999999995154e+00 5.841565271451086838e-01
1.044499999999995099e+00 6.051281271529971306e-01
1.044999999999995044e+00 6.258752132773155452e-01
1.045499999999994989e+00 6.463835048213929513e-01
1.045999999999994934e+00 6.666394736571292778e-01
1.046499999999994879e+00 6.866302468948397575e-01
1.046999999999994824e+00 7.063435286290784543e-01
1.047499999999994769e+00 7.257675367245974840e-01
1.047999999999994714e+00 7.448909515421762162e-01
1.048499999999994658e+00 7.637028742043701079e-01
1.048999999999994603e+00 7.821927925297802453e-01
1.049499999999994548e+00 8.003505531666104122e-01
1.049999999999994493e+00 8.181663387639253049e-01
1.050499999999994438e+00 8.356306492569692823e-01
1.050999999999994383e+00 8.527342865272337091e-01
1.051499999999994328e+00 8.694683418423219123e-01
1.051999999999994273e+00 8.858241855941049181e-01
1.052499999999994218e+00 9.017934589435055992e-01
1.052999999999994163e+00 9.173680670515425017e-01
1.053499999999994108e+00 9.325401736335832137e-01
1.053999999999994053e+00 9.473021966195929178e-01
1.054499999999993998e+00 9.616468047403414765e-01
1.054999999999993943e+00 9.755669148897210263e-01
1.055499999999993888e+00 9.890556901378571020e-01
1.055999999999993832e+00 1.002106538290019166e+00
1.056499999999993777e+00 1.014713110902730531e+00
1.056999999999993722e+00 1.026869302682390295e+00
1.057499999999993667e+00 1.038569251203024013e+00
1.057999999999993612e+00 1.049807336889305942e+00
1.058499999999993557e+00 1.060578183218942483e+00
1.058999999999993502e+00 1.070876657105176211e+00
1.059499999999993447e+00 1.080697869425898183e+00
1.059999999999993392e+00 1.090037175670492742e+00
1.060499999999993337e+00 1.098890176679736763e+00
1.060999999999993282e+00 1.107252719457522572e+00
1.061499999999993227e+00 1.115120898036135566e+00
1.061999999999993172e+00 1.122491054379418207e+00
1.062499999999993117e+00 1.129359779310476153e+00
1.062999999999993062e+00 1.135723913452376888e+00
1.063499999999993006e+00 1.141580548172177245e+00
1.063999999999992951e+00 1.146927026520097925e+00
1.064499999999992896e+00 1.151760944156995148e+00
1.064999999999992841e+00 1.156080150264552353e+00
1.065499999999992786e+00 1.159882748433752608e+00
1.065999999999992731e+00 1.163167097528203353e+00
1.066499999999992676e+00 1.165931812519866773e+00
1.066999999999992621e+00 1.168175765295693669e+00
1.067499999999992566e+00 1.169898085434511348e+00
1.067999999999992511e+00 1.171098160954387790e+00
1.068499999999992456e+00 1.171775639031565008e+00
1.068999999999992401e+00 1.171930426692893823e+00
1.069499999999992346e+00 1.171562691484580698e+00
1.069999999999992291e+00 1.170672862120968549e+00
1.070499999999992236e+00 1.169261629117990475e+00
1.070999999999992180e+00 1.167329945417004966e+00
1.071499999999992125e+00 1.164879027005693013e+00
1.071999999999992070e+00 1.161910353543957886e+00
1.072499999999992015e+00 1.158425669003957825e+00
1.072999999999991960e+00 1.154426982334836094e+00
1.073499999999991905e+00 1.149916568164224273e+00
1.073999999999991850e+00 1.144896967550327327e+00
1.074499999999991795e+00 1.139370988800277651e+00
1.074999999999991740e+00 1.133341708372620271e+00
1.075499999999991685e+00 1.126812471884226285e+00
1.075999999999991630e+00 1.119786895244607949e+00
1.076499999999991575e+00 1.112268865943827789e+00
1.076999999999991520e+00 1.104262544523665790e+00
1.077499999999991465e+00 1.095772366265816755e+00
1.077999999999991410e+00 1.086803043135550428e+00
1.078499999999991354e+00 1.077359566024607584e+00
1.078999999999991299e+00 1.067447207343352078e+00
1.079499999999991244e+00 1.057071524019249198e+00
1.079999999999991189e+00 1.046238360967167269e+00
1.080499999999991134e+00 1.034953855106518494e+00
1.080999999999991079e+00 1.023224440011558878e+00
1.081499999999991024e+00 1.011056851294286352e+00
1.081999999999990969e+00 9.984581328347132967e-01
1.082499999999990914e+00 9.854356439913545262e-01
1.082999999999990859e+00 9.719970679460859797e-01
1.083499999999990804e+00 9.581504213625354760e-01
1.083999999999990749e+00 9.439040655669287405e-01
1.084499999999990694e+00 9.292667194955767096e-01
1.084999999999990639e+00 9.142474746951334552e-01
1.085499999999990584e+00 8.988558127118894125e-01
1.085999999999990528e+00 8.831016252662321486e-01
1.086499999999990473e+00 8.669952376804910266e-01
1.086999999999990418e+00 8.505474361148658291e-01
1.087499999999990363e+00 8.337694992707089803e-01
1.087999999999990308e+00 8.166732353469071670e-01
1.088499999999990253e+00 7.992710251885932760e-01
1.088999999999990198e+00 7.815758727542102546e-01
1.089499999999990143e+00 7.636014642545484454e-01
1.089999999999990088e+00 7.453622375960581303e-01
1.090499999999990033e+00 7.268734641015813791e-01
1.090999999999989978e+00 7.081513449003241645e-01
1.091499999999989923e+00 6.892131248931296916e-01
1.091999999999989868e+00 6.700772278314779395e-01
1.092499999999989813e+00 6.507634168259732732e-01
1.092999999999989758e+00 6.312929855549390679e-01
1.093499999999989702e+00 6.116889866127563913e-01
1.093999999999989647e+00 5.919765048628186088e-01
1.094499999999989592e+00 5.721829853837051560e-01
1.094999999999989537e+00 5.523386276571243814e-01
1.095499999999989482e+00 5.324768600622663550e-01
1.095999999999989427e+00 5.126349114917949645e-01
1.096499999999989372e+00 4.928544998859241688e-01
1.096999999999989317e+00 4.731826604317407314e-01
1.097499999999989262e+00 4.536727385584785610e-01
1.097999999999989207e+00 4.343855736620192420e-01
1.098499999999989152e+00 4.153908969156319686e-01
1.098999999999989097e+00 3.967689575279894632e-01
1.099499999999989042e+00 3.786123714934892526e-01
1.099999999999988987e+00 3.610281477894179414e-01
1.100499999999988932e+00 3.441397786500864919e-01
1.100999999999988876e+00 3.280891701736754484e-01
1.101499999999988821e+00 3.130380254428687947e-01
1.101999999999988766e+00 2.991680734927604779e-01
1.102499999999988711e+00 2.866792920932989541e-01
1.102999999999988656e+00 2.757850860913665381e-01
1.103499999999988601e+00 2.667034234851056174e-01
1.103999999999988546e+00 2.596434303612592531e-01
1.104499999999988491e+00 2.547880814130441540e-01
1.104999999999988436e+00 2.522752820169943400e-01
1.105499999999988381e+00 2.521812007432254754e-01
1.105999999999988326e+00 2.545101784836160119e-01
1.106499999999988271e+00 2.591941956810411285e-01
1.106999999999988216e+00 2.661020581773801963e-01
1.107499999999988161e+00 2.750555583537939719e-01
1.107999999999988106e+00 2.858483375100844825e-01
1.108499999999988050e+00 2.982634785244073772e-01
1.108999999999987995e+00 3.120873556610120891e-01
1.109499999999987940e+00 3.271189533437367514e-01
1.109999999999987885e+00 3.431750655967454877e-01
1.110499999999987830e+00 3.600923456296268310e-01
1.110999999999987775e+00 3.777272513477575311e-01
1.111499999999987720e+00 3.959547609529919798e-01
1.111999999999987665e+00 4.146664889776139340e-01
1.112499999999987610e+00 4.337686100685394508e-01
1.112999999999987555e+00 4.531798282781661635e-01
1.113499999999987500e+00 4.728295144279105466e-01
1.113999999999987445e+00 4.926560622023613556e-01
1.114499999999987390e+00 5.126054721183626040e-01
1.114999999999987335e+00 5.326301506656853091e-01
1.115499999999987280e+00 5.526879020037760437e-01
1.115999999999987224e+00 5.727410865045636790e-01
1.116499999999987169e+00 5.927559209599657652e-01
1.116999999999987114e+00 6.127018975268149203e-01
1.117499999999987059e+00 6.325513013844977772e-01
1.117999999999987004e+00 6.522788100568042147e-01
1.118499999999986949e+00 6.718611601166727398e-01
1.118999999999986894e+00 6.912768694339557207e-01
1.119499999999986839e+00 7.105060052135298010e-01
1.119999999999986784e+00 7.295299898212197487e-01
1.120499999999986729e+00 7.483314378434492431e-01
1.120999999999986674e+00 7.668940190159976300e-01
1.121499999999986619e+00 7.852023426289356234e-01
1.121999999999986564e+00 8.032418598063708615e-01
1.122499999999986509e+00 8.209987807037595342e-01
1.122999999999986454e+00 8.384600041890540867e-01
1.123499999999986398e+00 8.556130580005474329e-01
1.123999999999986343e+00 8.724460477214674992e-01
1.124499999999986288e+00 8.889476131949992643e-01
1.124999999999986233e+00 9.051068912353035234e-01
1.125499999999986178e+00 9.209134836802347346e-01
1.125999999999986123e+00 9.363574299877754914e-01
1.126499999999986068e+00 9.514291837068087343e-01
1.126999999999986013e+00 9.661195922593760477e-01
1.127499999999985958e+00 9.804198795595931992e-01
1.127999999999985903e+00 9.943216310676730174e-01
1.128499999999985848e+00 1.007816780938424195e+00
1.128999999999985793e+00 1.020897600974741914e+00
1.129499999999985738e+00 1.033556691139043249e+00
1.129999999999985683e+00 1.045786971411768684e+00
1.130499999999985627e+00 1.057581674816146622e+00
1.130999999999985572e+00 1.068934341454037540e+00
1.131499999999985517e+00 1.079838813419331744e+00
1.131999999999985462e+00 1.090289230473790560e+00
1.132499999999985407e+00 1.100280026385962673e+00
1.132999999999985352e+00 1.109805925847151986e+00
1.133499999999985297e+00 1.118861941889995659e+00
1.133999999999985242e+00 1.127443373745134592e+00
1.134499999999985187e+00 1.135545805079928083e+00
1.134999999999985132e+00 1.143165102570678382e+00
1.135499999999985077e+00 1.150297414766193294e+00
1.135999999999985022e+00 1.156939171206227357e+00
1.136499999999984967e+00 1.163087081763164221e+00
1.136999999999984912e+00 1.168738136179799492e+00
1.137499999999984857e+00 1.173889603779786350e+00
1.137999999999984801e+00 1.178539033330886276e+00
1.138499999999984746e+00 1.182684253044147926e+00
1.138999999999984691e+00 1.186323370694992718e+00
1.139499999999984636e+00 1.189454773854696779e+00
1.139999999999984581e+00 1.192077130223155423e+00
1.140499999999984526e+00 1.194189388055958867e+00
1.140999999999984471e+00 1.195790776680889733e+00
1.141499999999984416e+00 1.196880807100928035e+00
1.141999999999984361e+00 1.197459272682749098e+00
1.142499999999984306e+00 1.197526249931559761e+00
1.142999999999984251e+00 1.197082099354982887e+00
1.143499999999984196e+00 1.196127466420538132e+00
1.143999999999984141e+00 1.194663282613255051e+00
1.144499999999984086e+00 1.192690766601811836e+00
1.144999999999984031e+00 1.190211425523779232e+00
1.145499999999983975e+00 1.187227056402667680e+00
1.145999999999983920e+00 1.183739747711809898e+00
1.146499999999983865e+00 1.179751881102693689e+00
1.146999999999983810e+00 1.175266133318075612e+00
1.147499999999983755e+00 1.170285478313158212e+00
1.147999999999983700e+00 1.164813189611522137e+00
1.148499999999983645e+00 1.158852842926104021e+00
1.148999999999983590e+00 1.152408319079569976e+00
1.149499999999983535e+00 1.145483807263063758e+00
1.149999999999983480e+00 1.138083808677339936e+00
1.150499999999983425e+00 1.130213140606044053e+00
1.150999999999983370e+00 1.121876940977407644e+00
1.151499999999983315e+00 1.113080673477887306e+00
1.151999999999983260e+00 1.103830133289610105e+00
1.152499999999983205e+00 1.094131453532827924e+00
1.152999999999983149e+00 1.083991112505404253e+00
1.153499999999983094e+00 1.073415941823392172e+00
1.153999999999983039e+00 1.062413135580840606e+00
1.154499999999982984e+00 1.050990260662752140e+00
1.154999999999982929e+00 1.039155268363429974e+00
1.155499999999982874e+00 1.026916507483230490e+00
1.155999999999982819e+00 1.014282739100810904e+00
1.156499999999982764e+00 1.001263153245329551e+00
1.156999999999982709e+00 9.878673877247976520e-01
1.157499999999982654e+00 9.741055494030587125e-01
1.157999999999982599e+00 9.599882382597392239e-01
1.158499999999982544e+00 9.455265746156465978e-01
1.158999999999982489e+00 9.307322299613818295e-01
1.159499999999982434e+00 9.156174618907452212e-01
1.159999999999982379e+00 9.001951537134007530e-01
1.160499999999982323e+00 8.844788594052610531e-01
1.160999999999982268e+00 8.684828546507733504e-01
1.161499999999982213e+00 8.522221948406459857e-01
1.161999999999982158e+00 8.357127810125475342e-01
1.162499999999982103e+00 8.189714348620603657e-01
1.162999999999982048e+00 8.020159841078053908e-01
1.163499999999981993e+00 7.848653596674294297e-01
1.163999999999981938e+00 7.675397062896403000e-01
1.164499999999981883e+00 7.500605084880485052e-01
1.164999999999981828e+00 7.324507338293611003e-01
1.165499999999981773e+00 7.147349958308888418e-01
1.165999999999981718e+00 6.969397389036826596e-01
1.166499999999981663e+00 6.790934479109702604e-01
1.166999999999981608e+00 6.612268849576775631e-01
1.167499999999981553e+00 6.433733559268099977e-01
1.167999999999981497e+00 6.255690089481457106e-01
1.168499999999981442e+00 6.078531663052620937e-01
1.168999999999981387e+00 5.902686900942372139e-01
1.169499999999981332e+00 5.728623800217399475e-01
1.169999999999981277e+00 5.556853987838320519e-01
1.170499999999981222e+00 5.387937161420343068e-01
1.170999999999981167e+00 5.222485566877547170e-01
1.171499999999981112e+00 5.061168279099447220e-01
1.171999999999981057e+00 4.904714941552830720e-01
1.172499999999981002e+00 4.753918482028345882e-01
1.172999999999980947e+00 4.609636157386340916e-01
1.173499999999980892e+00 4.472788101296227836e-01
1.173999999999980837e+00 4.344352380274265069e-01
1.174499999999980782e+00 4.225355448009252557e-01
1.174999999999980727e+00 4.116856890651701129e-01
1.175499999999980671e+00 4.019927558766056008e-01
1.175999999999980616e+00 3.935620669208970690e-01
1.176499999999980561e+00 3.864936285853025622e-01
1.176999999999980506e+00 3.808780727670932342e-01
1.177499999999980451e+00 3.767923757642756555e-01
1.177999999999980396e+00 3.742957586870068187e-01
1.178499999999980341e+00 3.734262403386122142e-01
1.178999999999980286e+00 3.741982956157759999e-01
1.179499999999980231e+00 3.766019543637988964e-01
1.179999999999980176e+00 3.806034745994315016e-01
1.180499999999980121e+00 3.861474880887423300e-01
1.180999999999980066e+00 3.931603072062614390e-01
1.181499999999980011e+00 4.015539508994887541e-01
1.181999999999979956e+00 4.112304162790043072e-01
1.182499999999979901e+00 4.220857798728049892e-01
1.182999999999979845e+00 4.340138258563522866e-01
1.183499999999979790e+00 4.469090290528673903e-01
1.183999999999979735e+00 4.606688376193454060e-01
1.184499999999979680e+00 4.751952873599431526e-01
1.184999999999979625e+00 4.903960326919215018e-01
1.185499999999979570e+00 5.061849030117865356e-01
1.185999999999979515e+00 5.224820957714280123e-01
1.186499999999979460e+00 5.392141073305555254e-01
1.186999999999979405e+00 5.563134863220475790e-01
1.187499999999979350e+00 5.737184764404255066e-01
1.187999999999979295e+00 5.913725989224575263e-01
1.188499999999979240e+00 6.092242108040314408e-01
1.188999999999979185e+00 6.272260636729289907e-01
1.189499999999979130e+00 6.453348789490318538e-01
1.189999999999979075e+00 6.635109493347373100e-01
1.190499999999979019e+00 6.817177715421907092e-01
1.190999999999978964e+00 6.999217122951160164e-01
1.191499999999978909e+00 7.180917075555252049e-01
1.191999999999978854e+00 7.361989936441125648e-01
1.192499999999978799e+00 7.542168681804065633e-01
1.192999999999978744e+00 7.721204783937642979e-01
1.193499999999978689e+00 7.898866342260639772e-01
1.193999999999978634e+00 8.074936436724858835e-01
1.194499999999978579e+00 8.249211679270660458e-01
1.194999999999978524e+00 8.421500940726558415e-01
1.195499999999978469e+00 8.591624232525756355e-01
1.195999999999978414e+00 8.759411724654307951e-01
1.196499999999978359e+00 8.924702883242828788e-01
1.196999999999978304e+00 9.087345713095169586e-01
1.197499999999978249e+00 9.247196092185256955e-01
1.197999999999978193e+00 9.404117186724240129e-01
1.198499999999978138e+00 9.557978936811228898e-01
1.198999999999978083e+00 9.708657603932140390e-01
1.199499999999978028e+00 9.856035372674090134e-01
1.199999999999999956e+00 1.000000000000000000e+00
1.204999999999999849e+00 9.578341559967133989e-01
1.209999999999999742e+00 9.174462703939370023e-01
1.214999999999999636e+00 8.787613740751090141e-01
1.219999999999999529e+00 8.417076590597449837e-01
1.224999999999999423e+00 8.062163452114601281e-01
1.229999999999999316e+00 7.722215525663741476e-01
1.234999999999999210e+00 7.396601790448849023e-01
1.239999999999999103e+00 7.084717833198352910e-01
1.244999999999998996e+00 6.785984726236410358e-01
1.249999999999998890e+00 6.499847952861244060e-01
1.254999999999998783e+00 6.225776378035817737e-01
1.259999999999998677e+00 5.963261262480212821e-01
1.264999999999998570e+00 5.711815318335631275e-01
1.269999999999998463e+00 5.470971804647111192e-01
1.274999999999998357e+00 5.240283660985982639e-01
1.279999999999998250e+00 5.019322677603879068e-01
1.284999999999998144e+00 4.807678700577874276e-01
1.289999999999998037e+00 4.604958870471385080e-01
1.294999999999997931e+00 4.410786893097540240e-01
1.299999999999997824e+00 4.224802341031448916e-01
1.304999999999997717e+00 4.046659984574796920e-01
1.309999999999997611e+00 3.876029150930875855e-01
1.314999999999997504e+00 3.712593110400533858e-01
1.319999999999997398e+00 3.556048488459710444e-01
1.324999999999997291e+00 3.406104702627196223e-01
1.329999999999997184e+00 3.262483423077356948e-01
1.334999999999997078e+00 3.124918055996570021e-01
1.339999999999996971e+00 2.993153248724366167e-01
1.344999999999996865e+00 2.866944415760724896e-01
1.349999999999996758e+00 2.746057284759664818e-01
1.354999999999996652e+00 2.630267461666400131e-01
1.359999999999996545e+00 2.519360014190856201e-01
1.364999999999996438e+00 2.413129072844366618e-01
1.369999999999996332e+00 2.311377448799015744e-01
1.374999999999996225e+00 2.213916267860243370e-01
1.379999999999996119e+00 2.120564619873309964e-01
1.384999999999996012e+00 2.031149222912844443e-01
1.389999999999995905e+00 1.945504101632104521e-01
1.394999999999995799e+00 1.863470279174932187e-01
1.399999999999995692e+00 1.784895482078481255e-01
1.404999999999995586e+00 1.709633857618989561e-01
1.409999999999995479e+00 1.637545703075890258e-01
1.414999999999995373e+00 1.568497206411740286e-01
1.419999999999995266e+00 1.502360197886592474e-01
1.424999999999995159e+00 1.439011912145760630e-01
1.429999999999995053e+00 1.378334760339351428e-01
1.434999999999994946e+00 1.320216111850575080e-01
1.439999999999994840e+00 1.264548085227658603e-01
1.444999999999994733e+00 1.211227347931294884e-01
1.449999999999994627e+00 1.160154924525910042e-01
1.454999999999994520e+00 1.111236012958706082e-01
1.459999999999994413e+00 1.064379808585455139e-01
1.464999999999994307e+00 1.019499335616392832e-01
1.469999999999994200e+00 9.765112856693382304e-02
1.474999999999994094e+00 9.353358631303561321e-02
1.479999999999993987e+00 8.958966370349233377e-02
1.484999999999993880e+00 8.581203991946396992e-02
1.489999999999993774e+00 8.219370283061601390e-02
1.494999999999993667e+00 7.872793597900776263e-02
1.499999999999993561e+00 7.540830611181623122e-02
1.504999999999993454e+00 7.222865123975333312e-02
1.509999999999993348e+00 6.918306919901009988e-02
1.514999999999993241e+00 6.626590669549607682e-02
1.519999999999993134e+00 6.347174881103750943e-02
1.524999999999993028e+00 6.079540895205551299e-02
1.529999999999992921e+00 5.823191922206713556e-02
1.534999999999992815e+00 5.577652120013750631e-02
1.539999999999992708e+00 5.342465710816647617e-02
1.544999999999992601e+00 5.117196135061449075e-02
1.549999999999992495e+00 4.901425241096227237e-02
1.554999999999992388e+00 4.694752508986395345e-02
1.559999999999992282e+00 4.496794307058435414e-02
1.564999999999992175e+00 4.307183179792146294e-02
1.569999999999992069e+00 4.125567165739452147e-02
1.574999999999991962e+00 3.951609144203802049e-02
1.579999999999991855e+00 3.784986209467344070e-02
1.584999999999991749e+00 3.625389071404350877e-02
1.589999999999991642e+00 3.472521481368297941e-02
1.594999999999991536e+00 3.326099682286861453e-02
1.599999999999991429e+00 3.185851881944173208e-02
1.604999999999991322e+00 3.051517748472541355e-02
1.609999999999991216e+00 2.922847927117188868e-02
1.614999999999991109e+00 2.799603577377035232e-02
1.619999999999991003e+00 2.681555929662311419e-02
1.624999999999990896e+00 2.568485860646083432e-02
1.629999999999990790e+00 2.460183486521433718e-02
1.634999999999990683e+00 2.356447773409309915e-02
1.639999999999990576e+00 2.257086164193842018e-02
1.644999999999990470e+00 2.161914221092468488e-02
1.649999999999990363e+00 2.070755283297397512e-02
1.654999999999990257e+00 1.983440139052899259e-02
1.659999999999990150e+00 1.899806711559737932e-02
1.664999999999990044e+00 1.819699758123714123e-02
1.669999999999989937e+00 1.742970581989851039e-02
1.674999999999989830e+00 1.669476756327350001e-02
1.679999999999989724e+00 1.599081859852937229e-02
1.684999999999989617e+00 1.531655223601894461e-02
1.689999999999989511e+00 1.467071688376677882e-02
1.694999999999989404e+00 1.405211372422949384e-02
1.699999999999989297e+00 1.345959448901720007e-02
1.704999999999989191e+00 1.289205932744580049e-02
1.709999999999989084e+00 1.234845476496361331e-02
1.714999999999988978e+00 1.182777174766250911e-02
1.719999999999988871e+00 1.132904376924410116e-02
1.724999999999988765e+00 1.085134507696374796e-02
1.729999999999988658e+00 1.039378895322266502e-02
1.734999999999988551e+00 9.955526069617999865e-03
1.739999999999988445e+00 9.535742910395840141e-03
1.744999999999988338e+00 9.133660262380639827e-03
1.749999999999988232e+00 8.748531768578083484e-03
1.754999999999988125e+00 8.379642542766433874e-03
1.759999999999988018e+00 8.026307842504841819e-03
1.764999999999987912e+00 7.687871798095425452e-03
1.769999999999987805e+00 7.363706195139674629e-03
1.774999999999987699e+00 7.053209308429378779e-03
1.779999999999987592e+00 6.755804785007613403e-03
1.784999999999987486e+00 6.470940574326330963e-03
1.789999999999987379e+00 6.198087903514747955e-03
1.794999999999987272e+00 5.936740295856488860e-03
1.799999999999987166e+00 5.686412630653382011e-03
1.804999999999987059e+00 5.446640242730938636e-03
1.809999999999986953e+00 5.216978059913922501e-03
1.814999999999986846e+00 4.996999776871026075e-03
1.819999999999986739e+00 4.786297063795025807e-03
1.824999999999986633e+00 4.584478808449653046e-03
1.829999999999986526e+00 4.391170390176194101e-03
1.834999999999986420e+00 4.206012984512172599e-03
1.839999999999986313e+00 4.028662897131440879e-03
1.844999999999986207e+00 3.858790925869166021e-03
1.849999999999986100e+00 3.696081749647671996e-03
1.854999999999985993e+00 3.540233343168632234e-03
1.859999999999985887e+00 3.390956416285353936e-03
1.864999999999985780e+00 3.247973877014322629e-03
1.869999999999985674e+00 3.111020317189385799e-03
1.874999999999985567e+00 2.979841519803724803e-03
1.879999999999985461e+00 2.854193987125161220e-03
1.884999999999985354e+00 2.733844488708928825e-03
1.889999999999985247e+00 2.618569628468784237e-03
1.894999999999985141e+00 2.508155430003024700e-03
1.899999999999985034e+00 2.402396939405521906e-03
1.904999999999984928e+00 2.301097844824577261e-03
1.909999999999984821e+00 2.204070112063403510e-03
1.914999999999984714e+00 2.111133635545833689e-03
1.919999999999984608e+00 2.022115903999315185e-03
1.924999999999984501e+00 1.936851680234715411e-03
1.929999999999984395e+00 1.855182694428438722e-03
1.934999999999984288e+00 1.776957350337572336e-03
1.939999999999984182e+00 1.702030443902745067e-03
1.944999999999984075e+00 1.630262893716297092e-03
1.949999999999983968e+00 1.561521482855509442e-03
1.954999999999983862e+00 1.495678611601642879e-03
1.959999999999983755e+00 1.432612060585796354e-03
1.964999999999983649e+00 1.372204763921908502e-03
1.969999999999983542e+00 1.314344591905810882e-03
1.974999999999983435e+00 1.258924142876948144e-03
1.979999999999983329e+00 1.205840543856428982e-03
1.984999999999983222e+00 1.154995259591340417e-03
1.989999999999983116e+00 1.106293909650876706e-03
1.994999999999983009e+00 1.059646093234751976e-03
1.999999999999982903e+00 1.014965221368723533e-03
2.004999999999983018e+00 9.721683561757279426e-04
2.009999999999982911e+00 9.311760569242899651e-04
2.014999999999982805e+00 8.919122325684264527e-04
2.019999999999982698e+00 8.543040005053216535e-04
2.024999999999982592e+00 8.182815512886311947e-04
2.029999999999982485e+00 7.837780190462280850e-04
2.034999999999982379e+00 7.507293573619195715e-04
2.039999999999982272e+00 7.190742203907091483e-04
2.044999999999982165e+00 6.887538489869297594e-04
2.049999999999982059e+00 6.597119616338841756e-04
2.054999999999981952e+00 6.318946499725283054e-04
2.059999999999981846e+00 6.052502787352759565e-04
2.064999999999981739e+00 5.797293898991781212e-04
2.069999999999981632e+00 5.552846108805689672e-04
2.074999999999981526e+00 5.318705666007532288e-04
2.079999999999981419e+00 5.094437952595258154e-04
2.084999999999981313e+00 4.879626676601707901e-04
2.089999999999981206e+00 4.673873099361849416e-04
2.094999999999981100e+00 4.476795295363000977e-04
2.099999999999980993e+00 4.288027443304077936e-04
2.104999999999980886e+00 4.107219147047910910e-04
2.109999999999980780e+00 3.934034785206172425e-04
2.114999999999980673e+00 3.768152888149669676e-04
2.119999999999980567e+00 3.609265541287420441e-04
2.124999999999980460e+00 3.457077813507051676e-04
2.129999999999980353e+00 3.311307209715493439e-04
2.134999999999980247e+00 3.171683146463672256e-04
2.139999999999980140e+00 3.037946449682035451e-04
2.144999999999980034e+00 2.909848873594406918e-04
2.149999999999979927e+00 2.787152639917285599e-04
2.154999999999979821e+00 2.669629996489180962e-04
2.159999999999979714e+00 2.557062794510726552e-04
2.164999999999979607e+00 2.449242083610781080e-04
2.169999999999979501e+00 2.345967723986966532e-04
2.174999999999979394e+00 2.247048014900583451e-04
2.179999999999979288e+00 2.152299338836394151e-04
2.184999999999979181e+00 2.061545820666642955e-04
2.189999999999979075e+00 1.974619001186785528e-04
2.194999999999978968e+00 1.891357524416820385e-04
2.199999999999978861e+00 1.811606838087816325e-04
2.204999999999978755e+00 1.735218906757718187e-04
2.209999999999978648e+00 1.662051937023820950e-04
2.214999999999978542e+00 1.591970114321914029e-04
2.219999999999978435e+00 1.524843350823520960e-04
2.224999999999978328e+00 1.460547043963248868e-04
2.229999999999978222e+00 1.398961845148033695e-04
2.234999999999978115e+00 1.339973438218971526e-04
2.239999999999978009e+00 1.283472327254484057e-04
2.244999999999977902e+00 1.229353633320935386e-04
2.249999999999977796e+00 1.177516899793452156e-04
2.254999999999977689e+00 1.127865905885529164e-04
2.259999999999977582e+00 1.080308488041335546e-04
2.264999999999977476e+00 1.034756368859156365e-04
2.269999999999977369e+00 9.911249932284340344e-05
2.274999999999977263e+00 9.493333713762063030e-05
2.279999999999977156e+00 9.093039285316422316e-05
2.284999999999977049e+00 8.709623609296030726e-05
2.289999999999976943e+00 8.342374978859106837e-05
2.294999999999976836e+00 7.990611696883610988e-05
2.299999999999976730e+00 7.653680810581999958e-05
2.304999999999976623e+00 7.330956899472049323e-05
2.309999999999976517e+00 7.021840914454097139e-05
2.314999999999976410e+00 6.725759065839325898e-05
2.319999999999976303e+00 6.442161758265455701e-05
2.324999999999976197e+00 6.170522570522486141e-05
2.329999999999976090e+00 5.910337278395091123e-05
2.334999999999975984e+00 5.661122918707471114e-05
2.339999999999975877e+00 5.422416892833825831e-05
2.344999999999975770e+00 5.193776108009814192e-05
2.349999999999975664e+00 4.974776154851470278e-05
2.354999999999975557e+00 4.765010519554738151e-05
2.359999999999975451e+00 4.564089829313170262e-05
2.364999999999975344e+00 4.371641129553369555e-05
2.369999999999975238e+00 4.187307191646266378e-05
2.374999999999975131e+00 4.010745849809481785e-05
2.379999999999975024e+00 3.841629365969575550e-05
2.384999999999974918e+00 3.679643821405661282e-05
2.389999999999974811e+00 3.524488534044622210e-05
2.394999999999974705e+00 3.375875500326722594e-05
2.399999999999974598e+00 3.233528860605431915e-05
2.404999999999974492e+00 3.097184387089010264e-05
2.409999999999974385e+00 2.966588993373603248e-05
2.414999999999974278e+00 2.841500264657142655e-05
2.419999999999974172e+00 2.721686007762319788e-05
2.424999999999974065e+00 2.606923820133079197e-05
2.429999999999973959e+00 2.497000677004898857e-05
2.434999999999973852e+00 2.391712535982219484e-05
2.439999999999973745e+00 2.290863958289282031e-05
2.444999999999973639e+00 2.194267745991306898e-05
2.449999999999973532e+00 2.101744594512392584e-05
2.454999999999973426e+00 2.013122759805430583e-05
2.459999999999973319e+00 1.928237739556011121e-05
2.464999999999973213e+00 1.846931967828644192e-05
2.469999999999973106e+00 1.769054522588497019e-05
2.474999999999972999e+00 1.694460845555723186e-05
2.479999999999972893e+00 1.623012473872348260e-05
2.484999999999972786e+00 1.554576783083654485e-05
2.489999999999972680e+00 1.489026740957019316e-05
2.494999999999972573e+00 1.426240671681102074e-05
2.499999999999972466e+00 1.366102030007858231e-05
2.504999999999972360e+00 1.308499184917972816e-05
2.509999999999972253e+00 1.253325212408292823e-05
2.514999999999972147e+00 1.200477697016499855e-05
2.519999999999972040e+00 1.149858541714676481e-05
2.524999999999971934e+00 1.101373785818892054e-05
2.529999999999971827e+00 1.054933430576742390e-05
2.534999999999971720e+00 1.010451272109190844e-05
2.539999999999971614e+00 9.678447413965113886e-06
2.544999999999971507e+00 9.270347510113874863e-06
2.549999999999971401e+00 8.879455483146150290e-06
2.554999999999971294e+00 8.505045748409689749e-06
2.559999999999971187e+00 8.146423316141423933e-06
2.564999999999971081e+00 7.802922501408276299e-06
2.569999999999970974e+00 7.473905688444167153e-06
2.574999999999970868e+00 7.158762147089948950e-06
2.579999999999970761e+00 6.856906899139128638e-06
2.584999999999970655e+00 6.567779632484961780e-06
2.589999999999970548e+00 6.290843661053655158e-06
2.594999999999970441e+00 6.025584928592599414e-06
2.599999999999970335e+00 5.771511054465003514e-06
2.604999999999970228e+00 5.528150419679183732e-06
2.609999999999970122e+00 5.295051291456294050e-06
2.614999999999970015e+00 5.071780984711351748e-06
2.619999999999969909e+00 4.857925058891180891e-06
2.624999999999969802e+00 4.653086548678323766e-06
2.629999999999969695e+00 4.456885227132949800e-06
2.634999999999969589e+00 4.268956899905121354e-06
2.639999999999969482e+00 4.088952729206964973e-06
2.644999999999969376e+00 3.916538586290415942e-06
2.649999999999969269e+00 3.751394431228031020e-06
2.654999999999969162e+00 3.593213718846075549e-06
2.659999999999969056e+00 3.441702829706753710e-06
2.664999999999968949e+00 3.296580525083664721e-06
2.669999999999968843e+00 3.157577424918717671e-06
2.674999999999968736e+00 3.024435507791288388e-06
2.679999999999968630e+00 2.896907631971767867e-06
2.684999999999968523e+00 2.774757076670113844e-06
2.689999999999968416e+00 2.657757102628229322e-06
2.694999999999968310e+00 2.545690531240182645e-06
2.699999999999968203e+00 2.438349341419263268e-06
2.704999999999968097e+00 2.335534283463468346e-06
2.709999999999967990e+00 2.237054509202614286e-06
2.714999999999967883e+00 2.142727217740729664e-06
2.719999999999967777e+00 2.052377316135876701e-06
2.724999999999967670e+00 1.965837094387813161e-06
2.729999999999967564e+00 1.882945914129977322e-06
2.734999999999967457e+00 1.803549910448148156e-06
2.739999999999967351e+00 1.727501706272051761e-06
2.744999999999967244e+00 1.654660138809974666e-06
2.749999999999967137e+00 1.584889997518458585e-06
2.754999999999967031e+00 1.518061773120724908e-06
2.759999999999966924e+00 1.454051417207962502e-06
2.764999999999966818e+00 1.392740111977215289e-06
2.769999999999966711e+00 1.334014049678465227e-06
2.774999999999966604e+00 1.277764221361529319e-06
2.779999999999966498e+00 1.223886214530619568e-06
2.784999999999966391e+00 1.172280019330947448e-06
2.789999999999966285e+00 1.122849842907670165e-06
2.794999999999966178e+00 1.075503931592511704e-06
2.799999999999966072e+00 1.030154400588057570e-06
2.804999999999965965e+00 9.867170708335652256e-07
2.809999999999965858e+00 9.451113127494163361e-07
2.814999999999965752e+00 9.052598965702856189e-07
2.819999999999965645e+00 8.670888489890710758e-07
2.824999999999965539e+00 8.305273158456089929e-07
2.829999999999965432e+00 7.955074306051943494e-07
2.834999999999965326e+00 7.619641883828398074e-07
2.839999999999965219e+00 7.298353252793988052e-07
2.844999999999965112e+00 6.990612028055804058e-07
2.849999999999965006e+00 6.695846971793311515e-07
2.854999999999964899e+00 6.413510932910789052e-07
2.859999999999964793e+00 6.143079831400296227e-07
2.864999999999964686e+00 5.884051685529720735e-07
2.869999999999964579e+00 5.635945680050422612e-07
2.874999999999964473e+00 5.398301273694425467e-07
2.879999999999964366e+00 5.170677344305087797e-07
2.884999999999964260e+00 4.952651370013779130e-07
2.889999999999964153e+00 4.743818644943127864e-07
2.894999999999964047e+00 4.543791527980569901e-07
2.899999999999963940e+00 4.352198723228274580e-07
2.904999999999963833e+00 4.168684590793339744e-07
2.909999999999963727e+00 3.992908486639039771e-07
2.914999999999963620e+00 3.824544130272030527e-07
2.919999999999963514e+00 3.663278999091291715e-07
2.924999999999963407e+00 3.508813748275082395e-07
2.929999999999963300e+00 3.360861655128737369e-07
2.934999999999963194e+00 3.219148086861949160e-07
2.939999999999963087e+00 3.083409990807858643e-07
2.944999999999962981e+00 2.953395406137276963e-07
2.949999999999962874e+00 2.828862996162062340e-07
2.954999999999962768e+00 2.709581600359225430e-07
2.959999999999962661e+00 2.595329805284304565e-07
2.964999999999962554e+00 2.485895533577613566e-07
2.969999999999962448e+00 2.381075650300310906e-07
2.974999999999962341e+00 2.280675585869726691e-07
2.979999999999962235e+00 2.184508974893840837e-07
2.984999999999962128e+00 2.092397310234682553e-07
2.989999999999962021e+00 2.004169611658429148e-07
2.994999999999961915e+00 1.919662108457117684e-07
2.999999999999961808e+00 1.838717935452889846e-07
3.004999999999961702e+00 1.761186841820545736e-07
3.009999999999961595e+00 1.686924912187695723e-07
3.014999999999961489e+00 1.615794299495132814e-07
3.019999999999961382e+00 1.547662969121222802e-07
3.024999999999961275e+00 1.482404453795593106e-07
3.029999999999961169e+00 1.419897618847074866e-07
3.034999999999961062e+00 1.360026437350127397e-07
3.039999999999960956e+00 1.302679774752477484e-07
3.044999999999960849e+00 1.247751182584024703e-07
3.049999999999960743e+00 1.195138700864274292e-07
3.054999999999960636e+00 1.144744668841343332e-07
3.059999999999960529e+00 1.096475543711382594e-07
3.064999999999960423e+00 1.050241726981834271e-07
3.069999999999960316e+00 1.005957398156173447e-07
3.074999999999960210e+00 9.635403554315672586e-08
3.079999999999960103e+00 9.229118631135678005e-08
3.084999999999959996e+00 8.839965054647410400e-08
3.089999999999959890e+00 8.467220467158634216e-08
3.094999999999959783e+00 8.110192969798997062e-08
3.099999999999959677e+00 7.768219838197894136e-08
3.104999999999959570e+00 7.440666292317200165e-08
3.109999999999959464e+00 7.126924318154848497e-08
3.114999999999959357e+00 6.826411539132305610e-08
3.119999999999959250e+00 6.538570135071024762e-08
3.124999999999959144e+00 6.262865806751067129e-08
3.129999999999959037e+00 5.998786784130078563e-08
3.134999999999958931e+00 5.745842876381470131e-08
3.139999999999958824e+00 5.503564561988587536e-08
3.144999999999958717e+00 5.271502117205765298e-08
3.149999999999958611e+00 5.049224781268676287e-08
3.154999999999958504e+00 4.836319956804178947e-08
3.159999999999958398e+00 4.632392443955589020e-08
3.164999999999958291e+00 4.437063706801748765e-08
3.169999999999958185e+00 4.249971170708091004e-08
3.174999999999958078e+00 4.070767549305567690e-08
3.179999999999957971e+00 3.899120199847910577e-08
3.184999999999957865e+00 3.734710505751057968e-08
3.189999999999957758e+00 3.577233285168119698e-08
3.194999999999957652e+00 3.426396224502353950e-08
3.199999999999957545e+00 3.281919335806546644e-08
3.204999999999957438e+00 3.143534437061560701e-08
3.209999999999957332e+00 3.010984654369466640e-08
3.214999999999957225e+00 2.884023945137027091e-08
3.219999999999957119e+00 2.762416641364643515e-08
3.224999999999957012e+00 2.645937012192776998e-08
3.229999999999956906e+00 2.534368844894137023e-08
3.234999999999956799e+00 2.427505043533546849e-08
3.239999999999956692e+00 2.325147244550718515e-08
3.244999999999956586e+00 2.227105448552320162e-08
3.249999999999956479e+00 2.133197667629791004e-08
3.254999999999956373e+00 2.043249587548340708e-08
3.259999999999956266e+00 1.957094244179999914e-08
3.264999999999956160e+00 1.874571713580177523e-08
3.269999999999956053e+00 1.795528815132383905e-08
3.274999999999955946e+00 1.719818827210101610e-08
3.279999999999955840e+00 1.647301214828046462e-08
3.284999999999955733e+00 1.577841368777184055e-08
3.289999999999955627e+00 1.511310355759394500e-08
3.294999999999955520e+00 1.447584679057888682e-08
3.299999999999955413e+00 1.386546049299187601e-08
3.304999999999955307e+00 1.328081164881066180e-08
3.309999999999955200e+00 1.272081501658989216e-08
3.314999999999955094e+00 1.218443111500566534e-08
3.319999999999954987e+00 1.167066429334159604e-08
3.324999999999954881e+00 1.117856088333384197e-08
3.329999999999954774e+00 1.070720742894595581e-08
3.334999999999954667e+00 1.025572899078615985e-08
3.339999999999954561e+00 9.823287522020661631e-09
3.344999999999954454e+00 9.409080312767751991e-09
3.349999999999954348e+00 9.012338500085199872e-09
3.354999999999954241e+00 8.632325640785771667e-09
3.359999999999954134e+00 8.268336344430834971e-09
3.364999999999954028e+00 7.919694963964840609e-09
3.369999999999953921e+00 7.585754341560719094e-09
3.374999999999953815e+00 7.265894607347222348e-09
3.379999999999953708e+00 6.959522028789456038e-09
3.384999999999953602e+00 6.666067908586112497e-09
3.389999999999953495e+00 6.384987529037386193e-09
3.394999999999953388e+00 6.115759140925049601e-09
3.399999999999953282e+00 5.857882995027113578e-09
3.404999999999953175e+00 5.610880414469301033e-09
3.409999999999953069e+00 5.374292906191698919e-09
3.414999999999952962e+00 5.147681309881254083e-09
3.419999999999952855e+00 4.930624982790173196e-09
3.424999999999952749e+00 4.722721018927122341e-09
3.429999999999952642e+00 4.523583501171986803e-09
3.434999999999952536e+00 4.332842784925747719e-09
3.439999999999952429e+00 4.150144811965806745e-09
3.444999999999952323e+00 3.975150453233397737e-09
3.449999999999952216e+00 3.807534879332768208e-09
3.454999999999952109e+00 3.646986957573754090e-09
3.459999999999952003e+00 3.493208674438680373e-09
3.464999999999951896e+00 3.345914582401375019e-09
3.469999999999951790e+00 3.204831270071508582e-09
3.474999999999951683e+00 3.069696854680821616e-09
3.479999999999951577e+00 2.940260495968983534e-09
3.484999999999951470e+00 2.816281930566922950e-09
3.489999999999951363e+00 2.697531026013356434e-09
3.494999999999951257e+00 2.583787353576453735e-09
3.499999999999951150e+00 2.474839779087886921e-09
3.504999999999951044e+00 2.370486071029749512e-09
3.509999999999950937e+00 2.270532525146739767e-09
3.514999999999950830e+00 2.174793604887015736e-09
3.519999999999950724e+00 2.083091597003999574e-09
3.524999999999950617e+00 1.995256281680180807e-09
3.529999999999950511e+00 1.911124616560278836e-09
3.534999999999950404e+00 1.830540434107545679e-09
3.539999999999950298e+00 1.753354151721260107e-09
3.544999999999950191e+00 1.679422494077268060e-09
3.549999999999950084e+00 1.608608227176396919e-09
3.554999999999949978e+00 1.540779903606880837e-09
3.559999999999949871e+00 1.475811618547985220e-09
3.564999999999949765e+00 1.413582776062059425e-09
3.569999999999949658e+00 1.353977865240895275e-09
3.574999999999949551e+00 1.296886245791245796e-09
3.579999999999949445e+00 1.242201942661200989e-09
3.584999999999949338e+00 1.189823449326366025e-09
3.589999999999949232e+00 1.139653539370623026e-09
3.594999999999949125e+00 1.091599086011729355e-09
3.599999999999949019e+00 1.045570889236825975e-09
3.604999999999948912e+00 1.001483510226889088e-09
3.609999999999948805e+00 9.592551127627958467e-10
3.614999999999948699e+00 9.188073113186888149e-10
3.619999999999948592e+00 8.800650255605464984e-10
3.624999999999948486e+00 8.429563409800071776e-10
3.629999999999948379e+00 8.074123754046665150e-10
3.634999999999948272e+00 7.733671511370310027e-10
3.639999999999948166e+00 7.407574724849216294e-10
3.644999999999948059e+00 7.095228084558541319e-10
3.649999999999947953e+00 6.796051803977291462e-10
3.654999999999947846e+00 6.509490543772537047e-10
3.659999999999947740e+00 6.235012380962961497e-10
3.664999999999947633e+00 5.972107821548721964e-10
3.669999999999947526e+00 5.720288854774475482e-10
3.674999999999947420e+00 5.479088047270322328e-10
3.679999999999947313e+00 5.248057675388855387e-10
3.684999999999947207e+00 5.026768894128180526e-10
3.689999999999947100e+00 4.814810941097786021e-10
3.694999999999946994e+00 4.611790374050128413e-10
3.699999999999946887e+00 4.417330340562076103e-10
3.704999999999946780e+00 4.231069878510954370e-10
3.709999999999946674e+00 4.052663246046660915e-10
3.714999999999946567e+00 3.881779279815993577e-10
3.719999999999946461e+00 3.718100780248099252e-10
3.724999999999946354e+00 3.561323922759663483e-10
3.729999999999946247e+00 3.411157693787398308e-10
3.734999999999946141e+00 3.267323350600562879e-10
3.739999999999946034e+00 3.129553903890824042e-10
3.744999999999945928e+00 2.997593622179490511e-10
3.749999999999945821e+00 2.871197557121435517e-10
3.754999999999945715e+00 2.750131088825229502e-10
3.759999999999945608e+00 2.634169490345239045e-10
3.764999999999945501e+00 2.523097510537117298e-10
3.769999999999945395e+00 2.416708974502740071e-10
3.774999999999945288e+00 2.314806400882517374e-10
3.779999999999945182e+00 2.217200635285089857e-10
3.784999999999945075e+00 2.123710499173673301e-10
3.789999999999944968e+00 2.034162453557368848e-10
3.794999999999944862e+00 1.948390276863327794e-10
3.799999999999944755e+00 1.866234756391597131e-10
3.804999999999944649e+00 1.787543392780079662e-10
3.809999999999944542e+00 1.712170116931003911e-10
3.814999999999944436e+00 1.639975018873403737e-10
3.819999999999944329e+00 1.570824088058302628e-10
3.824999999999944222e+00 1.504588964604632961e-10
3.829999999999944116e+00 1.441146701034038853e-10
3.834999999999944009e+00 1.380379534052392685e-10
3.839999999999943903e+00 1.322174665954211301e-10
3.844999999999943796e+00 1.266424055244489491e-10
3.849999999999943689e+00 1.213024216089042238e-10
3.854999999999943583e+00 1.161876026221219573e-10
3.859999999999943476e+00 1.112884542948418185e-10
3.864999999999943370e+00 1.065958826916787475e-10
3.869999999999943263e+00 1.021011773307088664e-10
3.874999999999943157e+00 9.779599501483003900e-11
3.879999999999943050e+00 9.367234434488895679e-11
3.884999999999942943e+00 8.972257088581998765e-11
3.889999999999942837e+00 8.593934295827477851e-11
3.894999999999942730e+00 8.231563802935158202e-11
3.899999999999942624e+00 7.884472967717446400e-11
3.904999999999942517e+00 7.552017510512549766e-11
3.909999999999942411e+00 7.233580318254195234e-11
3.914999999999942304e+00 6.928570298969451382e-11
3.919999999999942197e+00 6.636421284577285952e-11
3.924999999999942091e+00 6.356590979951712442e-11
3.929999999999941984e+00 6.088559956298399268e-11
3.934999999999941878e+00 5.831830686976448102e-11
3.939999999999941771e+00 5.585926623975826607e-11
3.944999999999941664e+00 5.350391313335443266e-11
3.949999999999941558e+00 5.124787547860804525e-11
3.954999999999941451e+00 4.908696555567742831e-11
3.959999999999941345e+00 4.701717222346207227e-11
3.964999999999941238e+00 4.503465347401179437e-11
3.969999999999941132e+00 4.313572930088459778e-11
3.974999999999941025e+00 4.131687486821539253e-11
3.979999999999940918e+00 3.957471396781909342e-11
3.984999999999940812e+00 3.790601275217737396e-11
3.989999999999940705e+00 3.630767373168225161e-11
3.994999999999940599e+00 3.477673002499006434e-11
