0.000000000000000000e+00 2.506333098217047084e+00
5.000000000000000104e-03 2.506323476512508641e+00
1.000000000000000021e-02 2.506294611511920234e+00
1.499999999999999944e-02 2.506246503554363514e+00
2.000000000000000042e-02 2.506179153204980636e+00
2.500000000000000139e-02 2.506092561254987583e+00
2.999999999999999889e-02 2.505986728721685264e+00
3.500000000000000333e-02 2.505861656848481722e+00
4.000000000000000083e-02 2.505717347104916115e+00
4.499999999999999833e-02 2.505553801186682694e+00
5.000000000000000278e-02 2.505371021015668109e+00
5.500000000000000028e-02 2.505169008739984271e+00
5.999999999999999778e-02 2.504947766734009651e+00
6.500000000000000222e-02 2.504707297598435023e+00
7.000000000000000666e-02 2.504447604160313645e+00
7.499999999999999722e-02 2.504168689473113218e+00
8.000000000000000167e-02 2.503870556816775395e+00
8.500000000000000611e-02 2.503553209697775728e+00
8.999999999999999667e-02 2.503216651849196062e+00
9.500000000000000111e-02 2.502860887230789810e+00
1.000000000000000056e-01 2.502485920029058786e+00
1.049999999999999961e-01 2.502091754657339351e+00
1.100000000000000006e-01 2.501678395755876139e+00
1.150000000000000050e-01 2.501245848191920640e+00
1.199999999999999956e-01 2.500794117059821353e+00
1.250000000000000000e-01 2.500323207681119264e+00
1.300000000000000044e-01 2.499833125604655315e+00
1.350000000000000089e-01 2.499323876606672101e+00
1.400000000000000133e-01 2.498795466690928890e+00
1.449999999999999900e-01 2.498247902088817529e+00
1.499999999999999944e-01 2.497681189259481904e+00
1.549999999999999989e-01 2.497095334889945395e+00
1.600000000000000033e-01 2.496490345895238772e+00
1.650000000000000078e-01 2.495866229418536086e+00
1.700000000000000122e-01 2.495222992831294118e+00
1.750000000000000167e-01 2.494560643733397587e+00
1.799999999999999933e-01 2.493879189953305708e+00
1.849999999999999978e-01 2.493178639548209841e+00
1.900000000000000022e-01 2.492459000804187585e+00
1.950000000000000067e-01 2.491720282236371986e+00
2.000000000000000111e-01 2.490962492589114508e+00
2.050000000000000155e-01 2.490185640836161785e+00
2.099999999999999922e-01 2.489389736180833701e+00
2.149999999999999967e-01 2.488574788056207687e+00
2.200000000000000011e-01 2.487740806125303905e+00
2.250000000000000056e-01 2.486887800281282868e+00
2.300000000000000100e-01 2.486015780647642615e+00
2.350000000000000144e-01 2.485124757578423438e+00
2.399999999999999911e-01 2.484214741658416603e+00
2.449999999999999956e-01 2.483285743703377069e+00
2.500000000000000000e-01 2.482337774760248639e+00
2.550000000000000044e-01 2.481370846107384232e+00
2.600000000000000089e-01 2.480384969254779026e+00
2.650000000000000133e-01 2.479380155944304942e+00
2.700000000000000178e-01 2.478356418149955775e+00
2.750000000000000222e-01 2.477313768078089229e+00
2.800000000000000266e-01 2.476252218167686703e+00
2.850000000000000311e-01 2.475171781090604206e+00
2.899999999999999800e-01 2.474072469751845027e+00
2.949999999999999845e-01 2.472954297289821302e+00
2.999999999999999889e-01 2.471817277076637343e+00
3.049999999999999933e-01 2.470661422718368083e+00
3.099999999999999978e-01 2.469486748055347292e+00
3.150000000000000022e-01 2.468293267162462001e+00
3.200000000000000067e-01 2.467080994349452716e+00
3.250000000000000111e-01 2.465849944161219387e+00
3.300000000000000155e-01 2.464600131378134051e+00
3.350000000000000200e-01 2.463331571016360133e+00
3.400000000000000244e-01 2.462044278328177072e+00
3.450000000000000289e-01 2.460738268802311612e+00
3.500000000000000333e-01 2.459413558164277980e+00
3.549999999999999822e-01 2.458070162376719825e+00
3.599999999999999867e-01 2.456708097639762389e+00
3.649999999999999911e-01 2.455327380391373548e+00
3.699999999999999956e-01 2.453928027307723969e+00
3.750000000000000000e-01 2.452510055303564585e+00
3.800000000000000044e-01 2.451073481532599185e+00
3.850000000000000089e-01 2.449618323387877439e+00
3.900000000000000133e-01 2.448144598502180802e+00
3.950000000000000178e-01 2.446652324748427976e+00
4.000000000000000222e-01 2.445141520240079913e+00
4.050000000000000266e-01 2.443612203331558597e+00
4.100000000000000311e-01 2.442064392618662705e+00
4.150000000000000355e-01 2.440498106939004153e+00
4.199999999999999845e-01 2.438913365372445075e+00
4.249999999999999889e-01 2.437310187241539250e+00
4.299999999999999933e-01 2.435688592111989514e+00
4.349999999999999978e-01 2.434048599793110057e+00
4.400000000000000022e-01 2.432390230338290049e+00
4.450000000000000067e-01 2.430713504045479034e+00
4.500000000000000111e-01 2.429018441457669653e+00
4.550000000000000155e-01 2.427305063363387916e+00
4.600000000000000200e-01 2.425573390797204354e+00
4.650000000000000244e-01 2.423823445040238500e+00
4.700000000000000289e-01 2.422055247620685137e+00
4.750000000000000333e-01 2.420268820314335656e+00
4.799999999999999822e-01 2.418464185145125178e+00
4.849999999999999867e-01 2.416641364385672119e+00
4.899999999999999911e-01 2.414800380557840853e+00
4.949999999999999956e-01 2.412941256433301263e+00
5.000000000000000000e-01 2.411064015034109165e+00
5.050000000000000044e-01 2.409168679633288068e+00
5.100000000000000089e-01 2.407255273755423808e+00
5.150000000000000133e-01 2.405323821177271171e+00
5.200000000000000178e-01 2.403374345928362743e+00
5.250000000000000222e-01 2.401406872291640848e+00
5.300000000000000266e-01 2.399421424804085490e+00
5.350000000000000311e-01 2.397418028257362721e+00
5.400000000000000355e-01 2.395396707698479233e+00
5.450000000000000400e-01 2.393357488430447155e+00
5.500000000000000444e-01 2.391300396012964846e+00
5.550000000000000488e-01 2.389225456263101233e+00
5.600000000000000533e-01 2.387132695255995696e+00
5.650000000000000577e-01 2.385022139325568169e+00
5.700000000000000622e-01 2.382893815065243448e+00
5.750000000000000666e-01 2.380747749328681273e+00
5.799999999999999600e-01 2.378583969230522399e+00
5.849999999999999645e-01 2.376402502147148876e+00
5.899999999999999689e-01 2.374203375717446551e+00
5.949999999999999734e-01 2.371986617843594214e+00
5.999999999999999778e-01 2.369752256691851411e+00
6.049999999999999822e-01 2.367500320693368909e+00
6.099999999999999867e-01 2.365230838545005376e+00
6.149999999999999911e-01 2.362943839210160935e+00
6.199999999999999956e-01 2.360639351919623596e+00
6.250000000000000000e-01 2.358317406172426800e+00
6.300000000000000044e-01 2.355978031736722489e+00
6.350000000000000089e-01 2.353621258650665737e+00
6.400000000000000133e-01 2.351247117223318472e+00
6.450000000000000178e-01 2.348855638035559856e+00
6.500000000000000222e-01 2.346446851941017098e+00
6.550000000000000266e-01 2.344020790067010918e+00
6.600000000000000311e-01 2.341577483815506788e+00
6.650000000000000355e-01 2.339116964864098147e+00
6.700000000000000400e-01 2.336639265166982504e+00
6.750000000000000444e-01 2.334144416955977519e+00
6.800000000000000488e-01 2.331632452741531747e+00
6.850000000000000533e-01 2.329103405313765141e+00
6.900000000000000577e-01 2.326557307743515768e+00
6.950000000000000622e-01 2.323994193383413176e+00
7.000000000000000666e-01 2.321414095868960636e+00
7.049999999999999600e-01 2.318817049119634710e+00
7.099999999999999645e-01 2.316203087340006128e+00
7.149999999999999689e-01 2.313572245020877105e+00
7.199999999999999734e-01 2.310924556940430641e+00
7.249999999999999778e-01 2.308260058165407802e+00
7.299999999999999822e-01 2.305578784052292107e+00
7.349999999999999867e-01 2.302880770248521003e+00
7.399999999999999911e-01 2.300166052693714658e+00
7.449999999999999956e-01 2.297434667620916304e+00
7.500000000000000000e-01 2.294686651557861445e+00
7.550000000000000044e-01 2.291922041328262605e+00
7.600000000000000089e-01 2.289140874053114949e+00
7.650000000000000133e-01 2.286343187152019674e+00
7.700000000000000178e-01 2.283529018344530481e+00
7.750000000000000222e-01 2.280698405651518268e+00
7.800000000000000266e-01 2.277851387396562455e+00
7.850000000000000311e-01 2.274988002207356086e+00
7.900000000000000355e-01 2.272108289017139349e+00
7.950000000000000400e-01 2.269212287066151745e+00
8.000000000000000444e-01 2.266300035903106913e+00
8.050000000000000488e-01 2.263371575386690093e+00
8.100000000000000533e-01 2.260426945687084022e+00
8.150000000000000577e-01 2.257466187287507697e+00
8.200000000000000622e-01 2.254489340985788459e+00
8.250000000000000666e-01 2.251496447895956710e+00
8.300000000000000711e-01 2.248487549449857958e+00
8.349999999999999645e-01 2.245462687398802615e+00
8.399999999999999689e-01 2.242421903815228656e+00
8.449999999999999734e-01 2.239365241094397163e+00
8.499999999999999778e-01 2.236292741956113606e+00
8.549999999999999822e-01 2.233204449446471340e+00
8.599999999999999867e-01 2.230100406939628854e+00
8.649999999999999911e-01 2.226980658139608771e+00
8.699999999999999956e-01 2.223845247082125276e+00
8.750000000000000000e-01 2.220694218136445297e+00
8.800000000000000044e-01 2.217527616007270108e+00
8.850000000000000089e-01 2.214345485736652464e+00
8.900000000000000133e-01 2.211147872705940376e+00
8.950000000000000178e-01 2.207934822637754646e+00
9.000000000000000222e-01 2.204706381597989484e+00
9.050000000000000266e-01 2.201462595997850880e+00
9.100000000000000311e-01 2.198203512595925169e+00
9.150000000000000355e-01 2.194929178500277800e+00
9.200000000000000400e-01 2.191639641170586295e+00
9.250000000000000444e-01 2.188334948420304293e+00
9.300000000000000488e-01 2.185015148418862463e+00
9.350000000000000533e-01 2.181680289693899599e+00
9.400000000000000577e-01 2.178330421133529260e+00
9.450000000000000622e-01 2.174965591988645919e+00
9.500000000000000666e-01 2.171585851875259099e+00
9.550000000000000711e-01 2.168191250776872359e+00
9.599999999999999645e-01 2.164781839046889367e+00
9.649999999999999689e-01 2.161357667411068384e+00
9.699999999999999734e-01 2.157918786970003833e+00
9.749999999999999778e-01 2.154465249201656274e+00
9.799999999999999822e-01 2.150997105963913025e+00
9.849999999999999867e-01 2.147514409497196741e+00
9.899999999999999911e-01 2.144017212427105523e+00
9.949999999999999956e-01 2.140505567767101436e+00
1.000000000000000000e+00 2.136979528921242544e+00
1.000499999999999945e+00 2.136618014411673983e+00
1.000999999999999890e+00 2.136240117510855185e+00
1.001499999999999835e+00 2.135845842894557478e+00
1.001999999999999780e+00 2.135435195432891842e+00
1.002499999999999725e+00 2.135008180190430593e+00
1.002999999999999670e+00 2.134564802426302865e+00
1.003499999999999615e+00 2.134105067594283422e+00
1.003999999999999559e+00 2.133628981342946762e+00
1.004499999999999504e+00 2.133136549515732838e+00
1.004999999999999449e+00 2.132627778151111819e+00
1.005499999999999394e+00 2.132102673482678235e+00
1.005999999999999339e+00 2.131561241939281981e+00
1.006499999999999284e+00 2.131003490145189971e+00
1.006999999999999229e+00 2.130429424920179837e+00
1.007499999999999174e+00 2.129839053279701577e+00
1.007999999999999119e+00 2.129232382435033877e+00
1.008499999999999064e+00 2.128609419793405344e+00
1.008999999999999009e+00 2.127970172958172590e+00
1.009499999999998954e+00 2.127314649728951235e+00
1.009999999999998899e+00 2.126642858101816635e+00
1.010499999999998844e+00 2.125954806269421127e+00
1.010999999999998789e+00 2.125250502621207627e+00
1.011499999999998733e+00 2.124529955743555298e+00
1.011999999999998678e+00 2.123793174419966956e+00
1.012499999999998623e+00 2.123040167631268460e+00
1.012999999999998568e+00 2.122270944555762817e+00
1.013499999999998513e+00 2.121485514569458886e+00
1.013999999999998458e+00 2.120683887246245458e+00
1.014499999999998403e+00 2.119866072358102649e+00
1.014999999999998348e+00 2.119032079875298624e+00
1.015499999999998293e+00 2.118181919966618310e+00
1.015999999999998238e+00 2.117315602999564561e+00
1.016499999999998183e+00 2.116433139540576658e+00
1.016999999999998128e+00 2.115534540355272775e+00
1.017499999999998073e+00 2.114619816408662700e+00
1.017999999999998018e+00 2.113688978865397861e+00
1.018499999999997963e+00 2.112742039089997359e+00
1.018999999999997907e+00 2.111779008647109102e+00
1.019499999999997852e+00 2.110799899301742943e+00
1.019999999999997797e+00 2.109804723019542472e+00
1.020499999999997742e+00 2.108793491967037248e+00
1.020999999999997687e+00 2.107766218511913703e+00
1.021499999999997632e+00 2.106722915223280701e+00
1.021999999999997577e+00 2.105663594871954647e+00
1.022499999999997522e+00 2.104588270430731711e+00
1.022999999999997467e+00 2.103496955074686703e+00
1.023499999999997412e+00 2.102389662181455954e+00
1.023999999999997357e+00 2.101266405331548182e+00
1.024499999999997302e+00 2.100127198308638476e+00
1.024999999999997247e+00 2.098972055099887601e+00
1.025499999999997192e+00 2.097800989896245749e+00
1.025999999999997137e+00 2.096614017092791826e+00
1.026499999999997081e+00 2.095411151289051421e+00
1.026999999999997026e+00 2.094192407289327207e+00
1.027499999999996971e+00 2.092957800103047994e+00
1.027999999999996916e+00 2.091707344945121338e+00
1.028499999999996861e+00 2.090441057236254618e+00
1.028999999999996806e+00 2.089158952603364483e+00
1.029499999999996751e+00 2.087861046879886384e+00
1.029999999999996696e+00 2.086547356106194240e+00
1.030499999999996641e+00 2.085217896529952597e+00
1.030999999999996586e+00 2.083872684606507875e+00
1.031499999999996531e+00 2.082511736999279162e+00
1.031999999999996476e+00 2.081135070580161450e+00
1.032499999999996421e+00 2.079742702429923984e+00
1.032999999999996366e+00 2.078334649838636583e+00
1.033499999999996311e+00 2.076910930306064884e+00
1.033999999999996255e+00 2.075471561542126420e+00
1.034499999999996200e+00 2.074016561467297848e+00
1.034999999999996145e+00 2.072545948213077249e+00
1.035499999999996090e+00 2.071059740122415782e+00
1.035999999999996035e+00 2.069557955750194189e+00
1.036499999999995980e+00 2.068040613863658894e+00
1.036999999999995925e+00 2.066507733442926042e+00
1.037499999999995870e+00 2.064959333681430920e+00
1.037999999999995815e+00 2.063395433986437322e+00
1.038499999999995760e+00 2.061816053979529162e+00
1.038999999999995705e+00 2.060221213497094528e+00
1.039499999999995650e+00 2.058610932590861697e+00
1.039999999999995595e+00 2.056985231528419611e+00
1.040499999999995540e+00 2.055344130793721469e+00
1.040999999999995485e+00 2.053687651087647392e+00
1.041499999999995429e+00 2.052015813328540883e+00
1.041999999999995374e+00 2.050328638652765711e+00
1.042499999999995319e+00 2.048626148415262804e+00
1.042999999999995264e+00 2.046908364190132001e+00
1.043499999999995209e+00 2.045175307771218698e+00
1.043999999999995154e+00 2.043427001172689383e+00
1.044499999999995099e+00 2.041663466629640045e+00
1.044999999999995044e+00 2.039884726598716558e+00
1.045499999999994989e+00 2.038090803758720426e+00
1.045999999999994934e+00 2.036281721011243384e+00
1.046499999999994879e+00 2.034457501481318875e+00
1.046999999999994824e+00 2.032618168518054880e+00
1.047499999999994769e+00 2.030763745695308486e+00
1.047999999999994714e+00 2.028894256812340480e+00
1.048499999999994658e+00 2.027009725894526770e+00
1.048999999999994603e+00 2.025110177194013872e+00
1.049499999999994548e+00 2.023195635190452091e+00
1.049999999999994493e+00 2.021266124591696300e+00
1.050499999999994438e+00 2.019321670334526253e+00
1.050999999999994383e+00 2.017362297585408193e+00
1.051499999999994328e+00 2.015388031741205843e+00
1.051999999999994273e+00 2.013398898429973549e+00
1.052499999999994218e+00 2.011394923511717447e+00
1.052999999999994163e+00 2.009376133079171733e+00
1.053499999999994108e+00 2.007342553458601131e+00
1.053999999999994053e+00 2.005294211210621569e+00
1.054499999999993998e+00 2.003231133130995101e+00
1.054999999999993943e+00 2.001153346251488774e+00
1.055499999999993888e+00 1.999060877840706851e+00
1.055999999999993832e+00 1.996953755404963671e+00
1.056499999999993777e+00 1.994832006689140735e+00
1.056999999999993722e+00 1.992695659677587106e+00
1.057499999999993667e+00 1.990544742595011574e+00
1.057999999999993612e+00 1.988379283907410588e+00
1.058499999999993557e+00 1.986199312322981747e+00
1.058999999999993502e+00 1.984004856793075255e+00
1.059499999999993447e+00 1.981795946513143836e+00
1.059999999999993392e+00 1.979572610923729270e+00
1.060499999999993337e+00 1.977334879711443172e+00
1.060999999999993282e+00 1.975082782809954640e+00
1.061499999999993227e+00 1.972816350401042529e+00
1.061999999999993172e+00 1.970535612915591539e+00
1.062499999999993117e+00 1.968240601034664472e+00
1.062999999999993062e+00 1.965931345690572485e+00
1.063499999999993006e+00 1.963607878067933132e+00
1.063999999999992951e+00 1.961270229604792581e+00
1.064499999999992896e+00 1.958918431993736275e+00
1.064999999999992841e+00 1.956552517183005824e+00
1.065499999999992786e+00 1.954172517377680274e+00
1.065999999999992731e+00 1.951778465040809651e+00
1.066499999999992676e+00 1.949370392894629100e+00
1.066999999999992621e+00 1.946948333921742158e+00
1.067499999999992566e+00 1.944512321366358654e+00
1.067999999999992511e+00 1.942062388735528611e+00
1.068499999999992456e+00 1.939598569800405903e+00
1.068999999999992401e+00 1.937120898597521679e+00
1.069499999999992346e+00 1.934629409430089542e+00
1.069999999999992291e+00 1.932124136869328934e+00
1.070499999999992236e+00 1.929605115755796740e+00
1.070999999999992180e+00 1.927072381200749751e+00
1.071499999999992125e+00 1.924525968587521341e+00
1.071999999999992070e+00 1.921965913572936335e+00
1.072499999999992015e+00 1.919392252088723660e+00
1.072999999999991960e+00 1.916805020342970067e+00
1.073499999999991905e+00 1.914204254821568973e+00
1.073999999999991850e+00 1.911589992289737472e+00
1.074499999999991795e+00 1.908962269793517352e+00
1.074999999999991740e+00 1.906321124661296773e+00
1.075499999999991685e+00 1.903666594505400766e+00
1.075999999999991630e+00 1.900998717223641998e+00
1.076499999999991575e+00 1.898317531000955682e+00
1.076999999999991520e+00 1.895623074311021172e+00
1.077499999999991465e+00 1.892915385917913973e+00
1.077999999999991410e+00 1.890194504877797277e+00
1.078499999999991354e+00 1.887460470540629709e+00
1.078999999999991299e+00 1.884713322551900827e+00
1.079499999999991244e+00 1.881953100854385053e+00
1.079999999999991189e+00 1.879179845689952888e+00
1.080499999999991134e+00 1.876393597601355046e+00
1.080999999999991079e+00 1.873594397434091618e+00
1.081499999999991024e+00 1.870782286338279921e+00
1.081999999999990969e+00 1.867957305770549192e+00
1.082499999999990914e+00 1.865119497495974388e+00
1.082999999999990859e+00 1.862268903590039049e+00
1.083499999999990804e+00 1.859405566440633928e+00
1.083999999999990749e+00 1.856529528750055391e+00
1.084499999999990694e+00 1.853640833537075538e+00
1.084999999999990639e+00 1.850739524139030312e+00
1.085499999999990584e+00 1.847825644213915375e+00
1.085999999999990528e+00 1.844899237742557041e+00
1.086499999999990473e+00 1.841960349030776767e+00
1.086999999999990418e+00 1.839009022711617369e+00
1.087499999999990363e+00 1.836045303747584789e+00
1.087999999999990308e+00 1.833069237432943144e+00
1.088499999999990253e+00 1.830080869396020660e+00
1.088999999999990198e+00 1.827080245601583552e+00
1.089499999999990143e+00 1.824067412353195472e+00
1.089999999999990088e+00 1.821042416295680866e+00
1.090499999999990033e+00 1.818005304417575907e+00
1.090999999999989978e+00 1.814956124053625608e+00
1.091499999999989923e+00 1.811894922887342885e+00
1.091999999999989868e+00 1.808821748953573394e+00
1.092499999999989813e+00 1.805736650641130314e+00
1.092999999999989758e+00 1.802639676695450444e+00
1.093499999999989702e+00 1.799530876221298481e+00
1.093999999999989647e+00 1.796410298685517049e+00
1.094499999999989592e+00 1.793277993919806246e+00
1.094999999999989537e+00 1.790134012123564489e+00
1.095499999999989482e+00 1.786978403866753773e+00
1.095999999999989427e+00 1.783811220092826888e+00
1.096499999999989372e+00 1.780632512121689048e+00
1.096999999999989317e+00 1.777442331652707708e+00
1.097499999999989262e+00 1.774240730767765672e+00
1.097999999999989207e+00 1.771027761934378830e+00
1.098499999999989152e+00 1.767803478008838969e+00
1.098999999999989097e+00 1.764567932239408110e+00
1.099499999999989042e+00 1.761321178269590781e+00
1.099999999999988987e+00 1.758063270141416723e+00
1.100499999999988932e+00 1.754794262298802199e+00
1.100999999999988876e+00 1.751514209590951721e+00
1.101499999999988821e+00 1.748223167275820389e+00
1.101999999999988766e+00 1.744921191023624418e+00
1.102499999999988711e+00 1.741608336920396738e+00
1.102999999999988656e+00 1.738284661471631853e+00
1.103499999999988601e+00 1.734950221605934484e+00
1.103999999999988546e+00 1.731605074678778333e+00
1.104499999999988491e+00 1.728249278476288397e+00
1.104999999999988436e+00 1.724882891219090553e+00
1.105499999999988381e+00 1.721505971566226645e+00
1.105999999999988326e+00 1.718118578619131309e+00
1.106499999999988271e+00 1.714720771925658305e+00
1.106999999999988216e+00 1.711312611484185675e+00
1.107499999999988161e+00 1.707894157747767316e+00
1.107999999999988106e+00 1.704465471628364037e+00
1.108499999999988050e+00 1.701026614501132572e+00
1.108999999999987995e+00 1.697577648208790979e+00
1.109499999999987940e+00 1.694118635066033107e+00
1.109999999999987885e+00 1.690649637864024335e+00
1.110499999999987830e+00 1.687170719874969027e+00
1.110999999999987775e+00 1.683681944856754598e+00
1.111499999999987720e+00 1.680183377057641758e+00
1.111999999999987665e+00 1.676675081221052910e+00
1.112499999999987610e+00 1.673157122590429147e+00
1.112999999999987555e+00 1.669629566914159202e+00
1.113499999999987500e+00 1.666092480450584334e+00
1.113999999999987445e+00 1.662545929973083370e+00
1.114499999999987390e+00 1.658989982775237015e+00
1.114999999999987335e+00 1.655424706676069668e+00
1.115499999999987280e+00 1.651850170025376485e+00
1.115999999999987224e+00 1.648266441709136609e+00
1.116499999999987169e+00 1.644673591154987680e+00
1.116999999999987114e+00 1.641071688337825130e+00
1.117499999999987059e+00 1.637460803785443453e+00
1.117999999999987004e+00 1.633841008584311139e+00
1.118499999999986949e+00 1.630212374385382468e+00
1.118999999999986894e+00 1.626574973410053859e+00
1.119499999999986839e+00 1.622928878456174839e+00
1.119999999999986784e+00 1.619274162904164704e+00
1.120499999999986729e+00 1.615610900723214671e+00
1.120999999999986674e+00 1.611939166477611041e+00
1.121499999999986619e+00 1.608259035333124976e+00
1.121999999999986564e+00 1.604570583063520184e+00
1.122499999999986509e+00 1.600873886057150530e+00
1.122999999999986454e+00 1.597169021323675997e+00
1.123499999999986398e+00 1.593456066500853918e+00
1.123999999999986343e+00 1.589735099861459888e+00
1.124499999999986288e+00 1.586006200320310144e+00
1.124999999999986233e+00 1.582269447441380761e+00
1.125499999999986178e+00 1.578524921445046525e+00
1.125999999999986123e+00 1.574772703215420622e+00
1.126499999999986068e+00 1.571012874307827101e+00
1.126999999999986013e+00 1.567245516956361495e+00
1.127499999999985958e+00 1.563470714081581114e+00
1.127999999999985903e+00 1.559688549298320792e+00
1.128499999999985848e+00 1.555899106923600561e+00
1.128999999999985793e+00 1.552102471984688536e+00
1.129499999999985738e+00 1.548298730227255060e+00
1.129999999999985683e+00 1.544487968123676946e+00
1.130499999999985627e+00 1.540670272881435432e+00
1.130999999999985572e+00 1.536845732451681545e+00
1.131499999999985517e+00 1.533014435537896070e+00
1.131999999999985462e+00 1.529176471604698273e+00
1.132499999999985407e+00 1.525331930886780096e+00
1.132999999999985352e+00 1.521480904397982004e+00
1.133499999999985297e+00 1.517623483940489404e+00
1.133999999999985242e+00 1.513759762114188945e+00
1.134499999999985187e+00 1.509889832326141601e+00
1.134999999999985132e+00 1.506013788800210085e+00
1.135499999999985077e+00 1.502131726586834803e+00
1.135999999999985022e+00 1.498243741572941934e+00
1.136499999999984967e+00 1.494349930491985168e+00
1.136999999999984912e+00 1.490450390934185299e+00
1.137499999999984857e+00 1.486545221356854629e+00
1.137999999999984801e+00 1.482634521094937208e+00
1.138499999999984746e+00 1.478718390371642100e+00
1.138999999999984691e+00 1.474796930309281384e+00
1.139499999999984636e+00 1.470870242940238271e+00
1.139999999999984581e+00 1.466938431218099526e+00
1.140499999999984526e+00 1.463001599028952215e+00
1.140999999999984471e+00 1.459059851202840541e+00
1.141499999999984416e+00 1.455113293525389428e+00
1.141999999999984361e+00 1.451162032749580000e+00
1.142499999999984306e+00 1.447206176607722439e+00
1.142999999999984251e+00 1.443245833823555646e+00
1.143499999999984196e+00 1.439281114124564720e+00
1.143999999999984141e+00 1.435312128254432995e+00
1.144499999999984086e+00 1.431338987985681932e+00
1.144999999999984031e+00 1.427361806132495303e+00
1.145499999999983975e+00 1.423380696563709025e+00
1.145999999999983920e+00 1.419395774215972184e+00
1.146499999999983865e+00 1.415407155107117898e+00
1.146999999999983810e+00 1.411414956349680505e+00
1.147499999999983755e+00 1.407419296164614808e+00
1.147999999999983700e+00 1.403420293895200066e+00
1.148499999999983645e+00 1.399418070021122951e+00
1.148999999999983590e+00 1.395412746172751683e+00
1.149499999999983535e+00 1.391404445145583368e+00
1.149999999999983480e+00 1.387393290914911592e+00
1.150499999999983425e+00 1.383379408650655673e+00
1.150999999999983370e+00 1.379362924732387086e+00
1.151499999999983315e+00 1.375343966764552173e+00
1.151999999999983260e+00 1.371322663591885149e+00
1.152499999999983205e+00 1.367299145315020059e+00
1.152999999999983149e+00 1.363273543306288360e+00
1.153499999999983094e+00 1.359245990225709022e+00
1.153999999999983039e+00 1.355216620037181796e+00
1.154499999999982984e+00 1.351185568024871442e+00
1.154999999999982929e+00 1.347152970809784911e+00
1.155499999999982874e+00 1.343118966366548817e+00
1.155999999999982819e+00 1.339083694040374750e+00
1.156499999999982764e+00 1.335047294564232434e+00
1.156999999999982709e+00 1.331009910076196068e+00
1.157499999999982654e+00 1.326971684136997620e+00
1.157999999999982599e+00 1.322932761747789510e+00
1.158499999999982544e+00 1.318893289368059607e+00
1.158999999999982489e+00 1.314853414933768505e+00
1.159499999999982434e+00 1.310813287875679300e+00
1.159999999999982379e+00 1.306773059137841919e+00
1.160499999999982323e+00 1.302732881196307035e+00
1.160999999999982268e+00 1.298692908077992536e+00
1.161499999999982213e+00 1.294653295379750046e+00
1.161999999999982158e+00 1.290614200287601987e+00
1.162499999999982103e+00 1.286575781596163370e+00
1.162999999999982048e+00 1.282538199728227024e+00
1.163499999999981993e+00 1.278501616754545767e+00
1.163999999999981938e+00 1.274466196413741814e+00
1.164499999999981883e+00 1.270432104132427131e+00
1.164999999999981828e+00 1.266399507045435247e+00
1.165499999999981773e+00 1.262368574016250911e+00
1.165999999999981718e+00 1.258339475657575868e+00
1.166499999999981663e+00 1.254312384352019194e+00
1.166999999999981608e+00 1.250287474272958388e+00
1.167499999999981553e+00 1.246264921405524362e+00
1.167999999999981497e+00 1.242244903567695902e+00
1.168499999999981442e+00 1.238227600431553332e+00
1.168999999999981387e+00 1.234213193544598131e+00
1.169499999999981332e+00 1.230201866351223305e+00
1.169999999999981277e+00 1.226193804214246175e+00
1.170499999999981222e+00 1.222189194436557491e+00
1.170999999999981167e+00 1.218188226282825859e+00
1.171499999999981112e+00 1.214191091001295186e+00
1.171999999999981057e+00 1.210197981845617665e+00
1.172499999999981002e+00 1.206209094096766243e+00
1.172999999999980947e+00 1.202224625084941323e+00
1.173499999999980892e+00 1.198244774211541408e+00
1.173999999999980837e+00 1.194269742971137749e+00
1.174499999999980782e+00 1.190299734973430779e+00
1.174999999999980727e+00 1.186334955965192561e+00
1.175499999999980671e+00 1.182375613852201246e+00
1.175999999999980616e+00 1.178421918721110462e+00
1.176499999999980561e+00 1.174474082861264534e+00
1.176999999999980506e+00 1.170532320786410896e+00
1.177499999999980451e+00 1.166596849256352320e+00
1.177999999999980396e+00 1.162667887298456604e+00
1.178499999999980341e+00 1.158745656229027698e+00
1.178999999999980286e+00 1.154830379674529839e+00
1.179499999999980231e+00 1.150922283592640705e+00
1.179999999999980176e+00 1.147021596293069656e+00
1.180499999999980121e+00 1.143128548458189231e+00
1.180999999999980066e+00 1.139243373163393747e+00
1.181499999999980011e+00 1.135366305897171690e+00
1.181999999999979956e+00 1.131497584580928084e+00
1.182499999999979901e+00 1.127637449588398733e+00
1.182999999999979845e+00 1.123786143764775147e+00
1.183499999999979790e+00 1.119943912445399148e+00
1.183999999999979735e+00 1.116111003474055563e+00
1.184499999999979680e+00 1.112287667220799303e+00
1.184999999999979625e+00 1.108474156599313254e+00
1.185499999999979570e+00 1.104670727083729487e+00
1.185999999999979515e+00 1.100877636724889808e+00
1.186499999999979460e+00 1.097095146166040092e+00
1.186999999999979405e+00 1.093323518657851379e+00
1.187499999999979350e+00 1.089563020072801480e+00
1.187999999999979295e+00 1.085813918918816512e+00
1.188499999999979240e+00 1.082076486352172795e+00
1.188999999999979185e+00 1.078350996189582078e+00
1.189499999999979130e+00 1.074637724919440984e+00
1.189999999999979075e+00 1.070936951712183616e+00
1.190499999999979019e+00 1.067248958429676708e+00
1.190999999999978964e+00 1.063574029633645779e+00
1.191499999999978909e+00 1.059912452593036347e+00
1.191999999999978854e+00 1.056264517290289140e+00
1.192499999999978799e+00 1.052630516426469542e+00
1.192999999999978744e+00 1.049010745425160707e+00
1.193499999999978689e+00 1.045405502435134748e+00
1.193999999999978634e+00 1.041815088331673467e+00
1.194499999999978579e+00 1.038239806716514835e+00
1.194999999999978524e+00 1.034679963916347312e+00
1.195499999999978469e+00 1.031135868979823345e+00
1.195999999999978414e+00 1.027607833672973481e+00
1.196499999999978359e+00 1.024096172472988009e+00
1.196999999999978304e+00 1.020601202560333931e+00
1.197499999999978249e+00 1.017123243809040067e+00
1.197999999999978193e+00 1.013662618775199364e+00
1.198499999999978138e+00 1.010219652683532754e+00
1.198999999999978083e+00 1.006794673411976371e+00
1.199499999999978028e+00 1.003388011474225294e+00
1.199999999999999956e+00 1.000000000000000222e+00
1.204999999999999849e+00 9.578341559967140650e-01
1.209999999999999742e+00 9.174462703939371133e-01
1.214999999999999636e+00 8.787613740751093472e-01
1.219999999999999529e+00 8.417076590597447616e-01
1.224999999999999423e+00 8.062163452114601281e-01
1.229999999999999316e+00 7.722215525663742586e-01
1.234999999999999210e+00 7.396601790448846803e-01
1.239999999999999103e+00 7.084717833198352910e-01
1.244999999999998996e+00 6.785984726236411468e-01
1.249999999999998890e+00 6.499847952861242950e-01
1.254999999999998783e+00 6.225776378035817737e-01
1.259999999999998677e+00 5.963261262480212821e-01
1.264999999999998570e+00 5.711815318335631275e-01
1.269999999999998463e+00 5.470971804647112302e-01
1.274999999999998357e+00 5.240283660985982639e-01
1.279999999999998250e+00 5.019322677603875738e-01
1.284999999999998144e+00 4.807678700577874831e-01
1.289999999999998037e+00 4.604958870471385635e-01
1.294999999999997931e+00 4.410786893097540795e-01
1.299999999999997824e+00 4.224802341031449471e-01
1.304999999999997717e+00 4.046659984574796920e-01
1.309999999999997611e+00 3.876029150930876410e-01
1.314999999999997504e+00 3.712593110400534968e-01
1.319999999999997398e+00 3.556048488459710444e-01
1.324999999999997291e+00 3.406104702627196223e-01
1.329999999999997184e+00 3.262483423077356948e-01
1.334999999999997078e+00 3.124918055996569466e-01
1.339999999999996971e+00 2.993153248724365612e-01
1.344999999999996865e+00 2.866944415760724896e-01
1.349999999999996758e+00 2.746057284759665373e-01
1.354999999999996652e+00 2.630267461666401241e-01
1.359999999999996545e+00 2.519360014190855090e-01
1.364999999999996438e+00 2.413129072844366896e-01
1.369999999999996332e+00 2.311377448799017131e-01
1.374999999999996225e+00 2.213916267860242260e-01
1.379999999999996119e+00 2.120564619873310519e-01
1.384999999999996012e+00 2.031149222912844721e-01
1.389999999999995905e+00 1.945504101632105354e-01
1.394999999999995799e+00 1.863470279174931354e-01
1.399999999999995692e+00 1.784895482078480700e-01
1.404999999999995586e+00 1.709633857618989838e-01
1.409999999999995479e+00 1.637545703075890813e-01
1.414999999999995373e+00 1.568497206411740841e-01
1.419999999999995266e+00 1.502360197886593030e-01
1.424999999999995159e+00 1.439011912145760075e-01
1.429999999999995053e+00 1.378334760339352538e-01
1.434999999999994946e+00 1.320216111850575080e-01
1.439999999999994840e+00 1.264548085227658325e-01
1.444999999999994733e+00 1.211227347931294746e-01
1.449999999999994627e+00 1.160154924525909764e-01
1.454999999999994520e+00 1.111236012958705666e-01
1.459999999999994413e+00 1.064379808585455417e-01
1.464999999999994307e+00 1.019499335616392832e-01
1.469999999999994200e+00 9.765112856693385079e-02
1.474999999999994094e+00 9.353358631303565485e-02
1.479999999999993987e+00 8.958966370349225050e-02
1.484999999999993880e+00 8.581203991946390053e-02
1.489999999999993774e+00 8.219370283061602778e-02
1.494999999999993667e+00 7.872793597900780427e-02
1.499999999999993561e+00 7.540830611181625898e-02
1.504999999999993454e+00 7.222865123975337476e-02
1.509999999999993348e+00 6.918306919901009988e-02
1.514999999999993241e+00 6.626590669549609069e-02
1.519999999999993134e+00 6.347174881103746780e-02
1.524999999999993028e+00 6.079540895205551992e-02
1.529999999999992921e+00 5.823191922206713556e-02
1.534999999999992815e+00 5.577652120013745773e-02
1.539999999999992708e+00 5.342465710816648311e-02
1.544999999999992601e+00 5.117196135061451157e-02
1.549999999999992495e+00 4.901425241096229318e-02
1.554999999999992388e+00 4.694752508986395345e-02
1.559999999999992282e+00 4.496794307058435414e-02
1.564999999999992175e+00 4.307183179792144906e-02
1.569999999999992069e+00 4.125567165739451453e-02
1.574999999999991962e+00 3.951609144203799967e-02
1.579999999999991855e+00 3.784986209467344070e-02
1.584999999999991749e+00 3.625389071404352959e-02
1.589999999999991642e+00 3.472521481368297247e-02
1.594999999999991536e+00 3.326099682286862841e-02
1.599999999999991429e+00 3.185851881944172515e-02
1.604999999999991322e+00 3.051517748472540315e-02
1.609999999999991216e+00 2.922847927117188521e-02
1.614999999999991109e+00 2.799603577377034885e-02
1.619999999999991003e+00 2.681555929662311072e-02
1.624999999999990896e+00 2.568485860646083085e-02
1.629999999999990790e+00 2.460183486521434759e-02
1.634999999999990683e+00 2.356447773409312343e-02
1.639999999999990576e+00 2.257086164193843059e-02
1.644999999999990470e+00 2.161914221092468141e-02
1.649999999999990363e+00 2.070755283297396124e-02
1.654999999999990257e+00 1.983440139052898565e-02
1.659999999999990150e+00 1.899806711559738626e-02
1.664999999999990044e+00 1.819699758123712041e-02
1.669999999999989937e+00 1.742970581989850345e-02
1.674999999999989830e+00 1.669476756327350347e-02
1.679999999999989724e+00 1.599081859852938270e-02
1.684999999999989617e+00 1.531655223601894288e-02
1.689999999999989511e+00 1.467071688376677188e-02
1.694999999999989404e+00 1.405211372422948864e-02
1.699999999999989297e+00 1.345959448901719833e-02
1.704999999999989191e+00 1.289205932744580223e-02
1.709999999999989084e+00 1.234845476496360464e-02
1.714999999999988978e+00 1.182777174766250737e-02
1.719999999999988871e+00 1.132904376924409595e-02
1.724999999999988765e+00 1.085134507696375490e-02
1.729999999999988658e+00 1.039378895322267023e-02
1.734999999999988551e+00 9.955526069617994661e-03
1.739999999999988445e+00 9.535742910395838406e-03
1.744999999999988338e+00 9.133660262380639827e-03
1.749999999999988232e+00 8.748531768578088688e-03
1.754999999999988125e+00 8.379642542766425201e-03
1.759999999999988018e+00 8.026307842504833145e-03
1.764999999999987912e+00 7.687871798095426319e-03
1.769999999999987805e+00 7.363706195139665088e-03
1.774999999999987699e+00 7.053209308429378779e-03
1.779999999999987592e+00 6.755804785007612535e-03
1.784999999999987486e+00 6.470940574326327493e-03
1.789999999999987379e+00 6.198087903514753159e-03
1.794999999999987272e+00 5.936740295856488860e-03
1.799999999999987166e+00 5.686412630653383746e-03
1.804999999999987059e+00 5.446640242730933432e-03
1.809999999999986953e+00 5.216978059913922501e-03
1.814999999999986846e+00 4.996999776871020003e-03
1.819999999999986739e+00 4.786297063795023204e-03
1.824999999999986633e+00 4.584478808449654781e-03
1.829999999999986526e+00 4.391170390176193233e-03
1.834999999999986420e+00 4.206012984512176936e-03
1.839999999999986313e+00 4.028662897131433940e-03
1.844999999999986207e+00 3.858790925869164719e-03
1.849999999999986100e+00 3.696081749647671562e-03
1.854999999999985993e+00 3.540233343168631367e-03
1.859999999999985887e+00 3.390956416285351768e-03
1.864999999999985780e+00 3.247973877014317425e-03
1.869999999999985674e+00 3.111020317189384064e-03
1.874999999999985567e+00 2.979841519803724369e-03
1.879999999999985461e+00 2.854193987125162087e-03
1.884999999999985354e+00 2.733844488708926223e-03
1.889999999999985247e+00 2.618569628468783370e-03
1.894999999999985141e+00 2.508155430003022966e-03
1.899999999999985034e+00 2.402396939405521906e-03
1.904999999999984928e+00 2.301097844824573357e-03
1.909999999999984821e+00 2.204070112063403943e-03
1.914999999999984714e+00 2.111133635545833689e-03
1.919999999999984608e+00 2.022115903999315619e-03
1.924999999999984501e+00 1.936851680234717363e-03
1.929999999999984395e+00 1.855182694428435253e-03
1.934999999999984288e+00 1.776957350337570818e-03
1.939999999999984182e+00 1.702030443902744633e-03
1.944999999999984075e+00 1.630262893716295574e-03
1.949999999999983968e+00 1.561521482855509659e-03
1.954999999999983862e+00 1.495678611601641795e-03
1.959999999999983755e+00 1.432612060585796137e-03
1.964999999999983649e+00 1.372204763921910020e-03
1.969999999999983542e+00 1.314344591905811099e-03
1.974999999999983435e+00 1.258924142876947493e-03
1.979999999999983329e+00 1.205840543856427248e-03
1.984999999999983222e+00 1.154995259591339767e-03
1.989999999999983116e+00 1.106293909650876922e-03
1.994999999999983009e+00 1.059646093234750891e-03
1.999999999999982903e+00 1.014965221368722449e-03
2.004999999999983018e+00 9.721683561757263163e-04
2.009999999999982911e+00 9.311760569242898567e-04
2.014999999999982805e+00 8.919122325684256938e-04
2.019999999999982698e+00 8.543040005053216535e-04
2.024999999999982592e+00 8.182815512886314115e-04
2.029999999999982485e+00 7.837780190462271092e-04
2.034999999999982379e+00 7.507293573619183789e-04
2.039999999999982272e+00 7.190742203907101240e-04
2.044999999999982165e+00 6.887538489869296510e-04
2.049999999999982059e+00 6.597119616338838503e-04
2.054999999999981952e+00 6.318946499725272212e-04
2.059999999999981846e+00 6.052502787352738965e-04
2.064999999999981739e+00 5.797293898991781212e-04
2.069999999999981632e+00 5.552846108805685335e-04
2.074999999999981526e+00 5.318705666007527951e-04
2.079999999999981419e+00 5.094437952595268996e-04
2.084999999999981313e+00 4.879626676601700854e-04
2.089999999999981206e+00 4.673873099361845621e-04
2.094999999999981100e+00 4.476795295362998267e-04
2.099999999999980993e+00 4.288027443304075225e-04
2.104999999999980886e+00 4.107219147047909283e-04
2.109999999999980780e+00 3.934034785206166462e-04
2.114999999999980673e+00 3.768152888149667507e-04
2.119999999999980567e+00 3.609265541287415562e-04
2.124999999999980460e+00 3.457077813507052760e-04
2.129999999999980353e+00 3.311307209715496692e-04
2.134999999999980247e+00 3.171683146463666835e-04
2.139999999999980140e+00 3.037946449682033282e-04
2.144999999999980034e+00 2.909848873594401497e-04
2.149999999999979927e+00 2.787152639917280720e-04
2.154999999999979821e+00 2.669629996489185841e-04
2.159999999999979714e+00 2.557062794510722215e-04
2.164999999999979607e+00 2.449242083610779453e-04
2.169999999999979501e+00 2.345967723986963009e-04
2.174999999999979394e+00 2.247048014900583722e-04
2.179999999999979288e+00 2.152299338836394422e-04
2.184999999999979181e+00 2.061545820666637263e-04
2.189999999999979075e+00 1.974619001186784443e-04
2.194999999999978968e+00 1.891357524416816861e-04
2.199999999999978861e+00 1.811606838087815240e-04
2.204999999999978755e+00 1.735218906757720627e-04
2.209999999999978648e+00 1.662051937023819594e-04
2.214999999999978542e+00 1.591970114321912945e-04
2.219999999999978435e+00 1.524843350823521231e-04
2.224999999999978328e+00 1.460547043963246157e-04
2.229999999999978222e+00 1.398961845148034508e-04
2.234999999999978115e+00 1.339973438218971526e-04
2.239999999999978009e+00 1.283472327254484328e-04
2.244999999999977902e+00 1.229353633320935657e-04
2.249999999999977796e+00 1.177516899793451343e-04
2.254999999999977689e+00 1.127865905885529164e-04
2.259999999999977582e+00 1.080308488041333784e-04
2.264999999999977476e+00 1.034756368859156365e-04
2.269999999999977369e+00 9.911249932284340344e-05
2.274999999999977263e+00 9.493333713762046766e-05
2.279999999999977156e+00 9.093039285316439934e-05
2.284999999999977049e+00 8.709623609296021239e-05
2.289999999999976943e+00 8.342374978859114969e-05
2.294999999999976836e+00 7.990611696883613698e-05
2.299999999999976730e+00 7.653680810581982340e-05
2.304999999999976623e+00 7.330956899472049323e-05
2.309999999999976517e+00 7.021840914454087652e-05
2.314999999999976410e+00 6.725759065839323188e-05
2.319999999999976303e+00 6.442161758265450280e-05
2.324999999999976197e+00 6.170522570522487496e-05
2.329999999999976090e+00 5.910337278395092479e-05
2.334999999999975984e+00 5.661122918707471791e-05
2.339999999999975877e+00 5.422416892833825154e-05
2.344999999999975770e+00 5.193776108009802672e-05
2.349999999999975664e+00 4.974776154851462824e-05
2.354999999999975557e+00 4.765010519554730697e-05
2.359999999999975451e+00 4.564089829313171617e-05
2.364999999999975344e+00 4.371641129553369555e-05
2.369999999999975238e+00 4.187307191646268411e-05
2.374999999999975131e+00 4.010745849809467555e-05
2.379999999999975024e+00 3.841629365969583004e-05
2.384999999999974918e+00 3.679643821405655861e-05
2.389999999999974811e+00 3.524488534044616111e-05
2.394999999999974705e+00 3.375875500326715818e-05
2.399999999999974598e+00 3.233528860605421073e-05
2.404999999999974492e+00 3.097184387089010942e-05
2.409999999999974385e+00 2.966588993373603925e-05
2.414999999999974278e+00 2.841500264657148415e-05
2.419999999999974172e+00 2.721686007762319111e-05
2.424999999999974065e+00 2.606923820133083262e-05
2.429999999999973959e+00 2.497000677004902245e-05
2.434999999999973852e+00 2.391712535982206609e-05
2.439999999999973745e+00 2.290863958289278304e-05
2.444999999999973639e+00 2.194267745991303171e-05
2.449999999999973532e+00 2.101744594512389196e-05
2.454999999999973426e+00 2.013122759805434310e-05
2.459999999999973319e+00 1.928237739556011460e-05
2.464999999999973213e+00 1.846931967828644192e-05
2.469999999999973106e+00 1.769054522588500068e-05
2.474999999999972999e+00 1.694460845555726574e-05
2.479999999999972893e+00 1.623012473872345550e-05
2.484999999999972786e+00 1.554576783083651774e-05
2.489999999999972680e+00 1.489026740957017114e-05
2.494999999999972573e+00 1.426240671681102413e-05
2.499999999999972466e+00 1.366102030007853488e-05
2.504999999999972360e+00 1.308499184917972816e-05
2.509999999999972253e+00 1.253325212408292993e-05
2.514999999999972147e+00 1.200477697016500194e-05
2.519999999999972040e+00 1.149858541714678514e-05
2.524999999999971934e+00 1.101373785818891885e-05
2.529999999999971827e+00 1.054933430576740865e-05
2.534999999999971720e+00 1.010451272109192708e-05
2.539999999999971614e+00 9.678447413965096945e-06
2.544999999999971507e+00 9.270347510113859617e-06
2.549999999999971401e+00 8.879455483146133350e-06
2.554999999999971294e+00 8.505045748409689749e-06
2.559999999999971187e+00 8.146423316141425627e-06
2.564999999999971081e+00 7.802922501408276299e-06
2.569999999999970974e+00 7.473905688444168000e-06
2.574999999999970868e+00 7.158762147089962503e-06
2.579999999999970761e+00 6.856906899139115085e-06
2.584999999999970655e+00 6.567779632484975332e-06
2.589999999999970548e+00 6.290843661053622123e-06
2.594999999999970441e+00 6.025584928592587556e-06
2.599999999999970335e+00 5.771511054464994196e-06
2.604999999999970228e+00 5.528150419679183732e-06
2.609999999999970122e+00 5.295051291456294050e-06
2.614999999999970015e+00 5.071780984711352595e-06
2.619999999999969909e+00 4.857925058891174115e-06
2.624999999999969802e+00 4.653086548678315296e-06
2.629999999999969695e+00 4.456885227132951494e-06
2.634999999999969589e+00 4.268956899905121354e-06
2.639999999999969482e+00 4.088952729206965820e-06
2.644999999999969376e+00 3.916538586290410013e-06
2.649999999999969269e+00 3.751394431228032291e-06
2.654999999999969162e+00 3.593213718846076396e-06
2.659999999999969056e+00 3.441702829706746933e-06
2.664999999999968949e+00 3.296580525083665568e-06
2.669999999999968843e+00 3.157577424918712589e-06
2.674999999999968736e+00 3.024435507791293894e-06
2.679999999999968630e+00 2.896907631971763208e-06
2.684999999999968523e+00 2.774757076670113844e-06
2.689999999999968416e+00 2.657757102628228898e-06
2.694999999999968310e+00 2.545690531240178410e-06
2.699999999999968203e+00 2.438349341419259033e-06
2.704999999999968097e+00 2.335534283463460723e-06
2.709999999999967990e+00 2.237054509202614286e-06
2.714999999999967883e+00 2.142727217740726276e-06
2.719999999999967777e+00 2.052377316135876701e-06
2.724999999999967670e+00 1.965837094387809349e-06
2.729999999999967564e+00 1.882945914129977322e-06
2.734999999999967457e+00 1.803549910448148792e-06
2.739999999999967351e+00 1.727501706272052396e-06
2.744999999999967244e+00 1.654660138809972125e-06
2.749999999999967137e+00 1.584889997518453291e-06
2.754999999999967031e+00 1.518061773120722367e-06
2.759999999999966924e+00 1.454051417207962291e-06
2.764999999999966818e+00 1.392740111977212748e-06
2.769999999999966711e+00 1.334014049678462686e-06
2.774999999999966604e+00 1.277764221361529743e-06
2.779999999999966498e+00 1.223886214530617239e-06
2.784999999999966391e+00 1.172280019330947659e-06
2.789999999999966285e+00 1.122849842907669953e-06
2.794999999999966178e+00 1.075503931592511704e-06
2.799999999999966072e+00 1.030154400588057993e-06
2.804999999999965965e+00 9.867170708335618375e-07
2.809999999999965858e+00 9.451113127494165478e-07
2.814999999999965752e+00 9.052598965702826543e-07
2.819999999999965645e+00 8.670888489890693817e-07
2.824999999999965539e+00 8.305273158456079341e-07
2.829999999999965432e+00 7.955074306051930788e-07
2.834999999999965326e+00 7.619641883828398074e-07
2.839999999999965219e+00 7.298353252793988052e-07
2.844999999999965112e+00 6.990612028055805117e-07
2.849999999999965006e+00 6.695846971793288221e-07
2.854999999999964899e+00 6.413510932910779523e-07
2.859999999999964793e+00 6.143079831400297286e-07
2.864999999999964686e+00 5.884051685529732382e-07
2.869999999999964579e+00 5.635945680050415201e-07
2.874999999999964473e+00 5.398301273694407467e-07
2.879999999999964366e+00 5.170677344305089915e-07
2.884999999999964260e+00 4.952651370013788659e-07
2.889999999999964153e+00 4.743818644943120982e-07
2.894999999999964047e+00 4.543791527980570430e-07
2.899999999999963940e+00 4.352198723228283050e-07
2.904999999999963833e+00 4.168684590793332862e-07
2.909999999999963727e+00 3.992908486639040300e-07
2.914999999999963620e+00 3.824544130272017292e-07
2.919999999999963514e+00 3.663278999091285891e-07
2.924999999999963407e+00 3.508813748275082395e-07
2.929999999999963300e+00 3.360861655128731017e-07
2.934999999999963194e+00 3.219148086861955513e-07
2.939999999999963087e+00 3.083409990807853349e-07
2.944999999999962981e+00 2.953395406137276434e-07
2.949999999999962874e+00 2.828862996162067105e-07
2.954999999999962768e+00 2.709581600359224901e-07
2.959999999999962661e+00 2.595329805284305094e-07
2.964999999999962554e+00 2.485895533577604566e-07
2.969999999999962448e+00 2.381075650300306936e-07
2.974999999999962341e+00 2.280675585869718750e-07
2.979999999999962235e+00 2.184508974893833690e-07
2.984999999999962128e+00 2.092397310234686789e-07
2.989999999999962021e+00 2.004169611658432589e-07
2.994999999999961915e+00 1.919662108457117684e-07
2.999999999999961808e+00 1.838717935452893287e-07
3.004999999999961702e+00 1.761186841820539913e-07
3.009999999999961595e+00 1.686924912187695723e-07
3.014999999999961489e+00 1.615794299495130167e-07
3.019999999999961382e+00 1.547662969121220420e-07
3.024999999999961275e+00 1.482404453795590988e-07
3.029999999999961169e+00 1.419897618847069572e-07
3.034999999999961062e+00 1.360026437350130044e-07
3.039999999999960956e+00 1.302679774752477749e-07
3.044999999999960849e+00 1.247751182584029468e-07
3.049999999999960743e+00 1.195138700864274028e-07
3.054999999999960636e+00 1.144744668841339229e-07
3.059999999999960529e+00 1.096475543711382594e-07
3.064999999999960423e+00 1.050241726981828580e-07
3.069999999999960316e+00 1.005957398156171727e-07
3.074999999999960210e+00 9.635403554315658028e-08
3.079999999999960103e+00 9.229118631135662123e-08
3.084999999999959996e+00 8.839965054647411723e-08
3.089999999999959890e+00 8.467220467158636863e-08
3.094999999999959783e+00 8.110192969798997062e-08
3.099999999999959677e+00 7.768219838197896783e-08
3.104999999999959570e+00 7.440666292317201489e-08
3.109999999999959464e+00 7.126924318154851144e-08
3.114999999999959357e+00 6.826411539132296346e-08
3.119999999999959250e+00 6.538570135071014175e-08
3.124999999999959144e+00 6.262865806751056541e-08
3.129999999999959037e+00 5.998786784130070622e-08
3.134999999999958931e+00 5.745842876381489984e-08
3.139999999999958824e+00 5.503564561988587536e-08
3.144999999999958717e+00 5.271502117205765960e-08
3.149999999999958611e+00 5.049224781268667685e-08
3.154999999999958504e+00 4.836319956804162404e-08
3.159999999999958398e+00 4.632392443955580417e-08
3.164999999999958291e+00 4.437063706801742147e-08
3.169999999999958185e+00 4.249971170708091666e-08
3.174999999999958078e+00 4.070767549305553132e-08
3.179999999999957971e+00 3.899120199847891386e-08
3.184999999999957865e+00 3.734710505751057968e-08
3.189999999999957758e+00 3.577233285168120359e-08
3.194999999999957652e+00 3.426396224502359906e-08
3.199999999999957545e+00 3.281919335806542012e-08
3.204999999999957438e+00 3.143534437061550113e-08
3.209999999999957332e+00 3.010984654369456714e-08
3.214999999999957225e+00 2.884023945137032385e-08
3.219999999999957119e+00 2.762416641364638883e-08
3.224999999999957012e+00 2.645937012192777329e-08
3.229999999999956906e+00 2.534368844894132390e-08
3.234999999999956799e+00 2.427505043533539570e-08
3.239999999999956692e+00 2.325147244550710574e-08
3.244999999999956586e+00 2.227105448552323802e-08
3.249999999999956479e+00 2.133197667629791666e-08
3.254999999999956373e+00 2.043249587548341039e-08
3.259999999999956266e+00 1.957094244179992635e-08
3.264999999999956160e+00 1.874571713580177854e-08
3.269999999999956053e+00 1.795528815132377619e-08
3.274999999999955946e+00 1.719818827210101279e-08
3.279999999999955840e+00 1.647301214828046132e-08
3.284999999999955733e+00 1.577841368777178761e-08
3.289999999999955627e+00 1.511310355759389206e-08
3.294999999999955520e+00 1.447584679057894307e-08
3.299999999999955413e+00 1.386546049299187931e-08
3.304999999999955307e+00 1.328081164881066180e-08
3.309999999999955200e+00 1.272081501658984749e-08
3.314999999999955094e+00 1.218443111500570835e-08
3.319999999999954987e+00 1.167066429334155964e-08
3.324999999999954881e+00 1.117856088333380226e-08
3.329999999999954774e+00 1.070720742894591941e-08
3.334999999999954667e+00 1.025572899078612511e-08
3.339999999999954561e+00 9.823287522020666594e-09
3.344999999999954454e+00 9.409080312767751991e-09
3.349999999999954348e+00 9.012338500085171748e-09
3.354999999999954241e+00 8.632325640785773321e-09
3.359999999999954134e+00 8.268336344430836626e-09
3.364999999999954028e+00 7.919694963964870387e-09
3.369999999999953921e+00 7.585754341560694279e-09
3.374999999999953815e+00 7.265894607347196705e-09
3.379999999999953708e+00 6.959522028789481680e-09
3.384999999999953602e+00 6.666067908586090163e-09
3.389999999999953495e+00 6.384987529037340698e-09
3.394999999999953388e+00 6.115759140925050428e-09
3.399999999999953282e+00 5.857882995027113578e-09
3.404999999999953175e+00 5.610880414469301860e-09
3.409999999999953069e+00 5.374292906191700573e-09
3.414999999999952962e+00 5.147681309881255737e-09
3.419999999999952855e+00 4.930624982790154998e-09
3.424999999999952749e+00 4.722721018927123168e-09
3.429999999999952642e+00 4.523583501172004174e-09
3.434999999999952536e+00 4.332842784925732829e-09
3.439999999999952429e+00 4.150144811965791856e-09
3.444999999999952323e+00 3.975150453233411799e-09
3.449999999999952216e+00 3.807534879332768208e-09
3.454999999999952109e+00 3.646986957573754090e-09
3.459999999999952003e+00 3.493208674438681614e-09
3.464999999999951896e+00 3.345914582401375433e-09
3.469999999999951790e+00 3.204831270071509823e-09
3.474999999999951683e+00 3.069696854680822030e-09
3.479999999999951577e+00 2.940260495968973195e-09
3.484999999999951470e+00 2.816281930566912610e-09
3.489999999999951363e+00 2.697531026013356434e-09
3.494999999999951257e+00 2.583787353576462834e-09
3.499999999999951150e+00 2.474839779087886921e-09
3.504999999999951044e+00 2.370486071029741240e-09
3.509999999999950937e+00 2.270532525146739767e-09
3.514999999999950830e+00 2.174793604887016150e-09
3.519999999999950724e+00 2.083091597003999160e-09
3.524999999999950617e+00 1.995256281680173776e-09
3.529999999999950511e+00 1.911124616560264774e-09
3.534999999999950404e+00 1.830540434107545679e-09
3.539999999999950298e+00 1.753354151721260107e-09
3.544999999999950191e+00 1.679422494077273850e-09
3.549999999999950084e+00 1.608608227176397333e-09
3.554999999999949978e+00 1.540779903606875460e-09
3.559999999999949871e+00 1.475811618547990183e-09
3.564999999999949765e+00 1.413582776062059218e-09
3.569999999999949658e+00 1.353977865240890105e-09
3.574999999999949551e+00 1.296886245791241040e-09
3.579999999999949445e+00 1.242201942661200782e-09
3.584999999999949338e+00 1.189823449326366232e-09
3.589999999999949232e+00 1.139653539370619510e-09
3.594999999999949125e+00 1.091599086011729355e-09
3.599999999999949019e+00 1.045570889236825769e-09
3.604999999999948912e+00 1.001483510226889088e-09
3.609999999999948805e+00 9.592551127627993622e-10
3.614999999999948699e+00 9.188073113186889183e-10
3.619999999999948592e+00 8.800650255605436033e-10
3.624999999999948486e+00 8.429563409800132781e-10
3.629999999999948379e+00 8.074123754046697203e-10
3.634999999999948272e+00 7.733671511370311061e-10
3.639999999999948166e+00 7.407574724849216294e-10
3.644999999999948059e+00 7.095228084558541319e-10
3.649999999999947953e+00 6.796051803977292496e-10
3.654999999999947846e+00 6.509490543772512232e-10
3.659999999999947740e+00 6.235012380962938749e-10
3.664999999999947633e+00 5.972107821548680605e-10
3.669999999999947526e+00 5.720288854774476516e-10
3.674999999999947420e+00 5.479088047270323362e-10
3.679999999999947313e+00 5.248057675388836775e-10
3.684999999999947207e+00 5.026768894128145371e-10
3.689999999999947100e+00 4.814810941097768444e-10
3.694999999999946994e+00 4.611790374050128930e-10
3.699999999999946887e+00 4.417330340562075586e-10
3.704999999999946780e+00 4.231069878510953853e-10
3.709999999999946674e+00 4.052663246046660915e-10
3.714999999999946567e+00 3.881779279816008053e-10
3.719999999999946461e+00 3.718100780248086844e-10
3.724999999999946354e+00 3.561323922759664000e-10
3.729999999999946247e+00 3.411157693787411233e-10
3.734999999999946141e+00 3.267323350600552022e-10
3.739999999999946034e+00 3.129553903890835933e-10
3.744999999999945928e+00 2.997593622179501368e-10
3.749999999999945821e+00 2.871197557121426728e-10
3.754999999999945715e+00 2.750131088825219679e-10
3.759999999999945608e+00 2.634169490345229739e-10
3.764999999999945501e+00 2.523097510537109543e-10
3.769999999999945395e+00 2.416708974502731799e-10
3.774999999999945288e+00 2.314806400882509361e-10
3.779999999999945182e+00 2.217200635285082619e-10
3.784999999999945075e+00 2.123710499173666063e-10
3.789999999999944968e+00 2.034162453557368848e-10
3.794999999999944862e+00 1.948390276863328053e-10
3.799999999999944755e+00 1.866234756391590152e-10
3.804999999999944649e+00 1.787543392780072941e-10
3.809999999999944542e+00 1.712170116931004169e-10
3.814999999999944436e+00 1.639975018873404513e-10
3.819999999999944329e+00 1.570824088058297458e-10
3.824999999999944222e+00 1.504588964604628050e-10
3.829999999999944116e+00 1.441146701034049193e-10
3.834999999999944009e+00 1.380379534052392685e-10
3.839999999999943903e+00 1.322174665954211560e-10
3.844999999999943796e+00 1.266424055244490008e-10
3.849999999999943689e+00 1.213024216089037844e-10
3.854999999999943583e+00 1.161876026221219702e-10
3.859999999999943476e+00 1.112884542948414437e-10
3.864999999999943370e+00 1.065958826916779979e-10
3.869999999999943263e+00 1.021011773307085303e-10
3.874999999999943157e+00 9.779599501483006485e-11
3.879999999999943050e+00 9.367234434488829763e-11
3.884999999999942943e+00 8.972257088581967746e-11
3.889999999999942837e+00 8.593934295827448124e-11
3.894999999999942730e+00 8.231563802935098748e-11
3.899999999999942624e+00 7.884472967717448985e-11
3.904999999999942517e+00 7.552017510512549766e-11
3.909999999999942411e+00 7.233580318254195234e-11
3.914999999999942304e+00 6.928570298969452674e-11
3.919999999999942197e+00 6.636421284577284659e-11
3.924999999999942091e+00 6.356590979951715027e-11
3.929999999999941984e+00 6.088559956298401853e-11
3.934999999999941878e+00 5.831830686976449394e-11
3.939999999999941771e+00 5.585926623975825960e-11
3.944999999999941664e+00 5.350391313335461360e-11
3.949999999999941558e+00 5.124787547860805818e-11
3.954999999999941451e+00 4.908696555567726675e-11
3.959999999999941345e+00 4.701717222346208520e-11
3.964999999999941238e+00 4.503465347401148418e-11
3.969999999999941132e+00 4.313572930088444915e-11
3.974999999999941025e+00 4.131687486821539253e-11
3.979999999999940918e+00 3.957471396781881554e-11
3.984999999999940812e+00 3.790601275217710901e-11
3.989999999999940705e+00 3.630767373168225161e-11
3.994999999999940599e+00 3.477673002498994802e-11
