-0.9901725915134774	0.09808437667047175
-0.9902335777466124	0.0977791341490233
-0.9902790184982043	0.09752123895948674
-0.99009179130164	0.09840785508732894
-0.9903267187013769	0.09730090854817976
-0.9901092573980707	0.09824254143733471
-0.9900280035487975	0.09878414579813467
-0.9903555928179336	0.09712394693655461
-0.9899426522228233	0.09917878916661589
-0.9904029212763455	0.09687209070459456
-0.9903833640665632	0.09685275739500947
-0.9899005770660069	0.09909181863855288
-0.9898533263462564	0.09963112597173171
-0.9904695568518141	0.09643255387013425
-0.9897559360334464	0.1000902008480165
-0.9903456127863681	0.09645510720341875
-0.989820804057016	0.09852689497208739
-0.9897029107616524	0.10011789025952259
-0.9906462030267442	0.09556212313291554
-0.989650662240768	0.10062366129376461
-0.9903051718568188	0.09628344705824984
-0.9896287333704439	0.09950757517395431
-0.9906239497731457	0.09549830667003344
-0.9894969872685982	0.10038653138224926
-0.9895196536703186	0.10104350147624605
-0.9894720273708846	0.10082346702224741
-0.9894838922520418	0.10119495763325337
-0.990824067992826	0.09469638575017807
-0.989434634273958	0.09904732116493703
-0.9904186278458561	0.09537873840160227
-0.9908040466321234	0.09457687265581159
-0.9895811404485882	0.09745227216280829
-0.9894038747187177	0.10174529346918583
-0.9901358756780974	0.09556177048534632
-0.990490558189721	0.09483044228515483
-0.989314636493229	0.10204735035116419
-0.9909941637363027	0.09388299119501192
-0.990498052035962	0.09468007180664574
-0.9890970029483127	0.10117628953726379
-0.9892806358904427	0.1023521986763997
-0.9909939109145631	0.09368664630675698
-0.9908294916719855	0.09392738252439756
-0.9891453537134283	0.10187927357589883
-0.9891240136707724	0.1026707853341195
-0.9911422999906163	0.09303724899108917
-0.9891365887713475	0.10299784809748744
-0.9909560635386964	0.093146688349811
-0.9890037233041394	0.10295052564162532
-0.991160887931068	0.09276605588723438
-0.9889907347817943	0.10367504793968448
-0.9912981446584906	0.09224326183967482
-0.9888376226115577	0.103468073817481
-0.9899821566493386	0.09385844391498745
-0.9910164166772042	0.09234094886637632
-0.9888885146024057	0.10402871032412862
-0.9911981937988116	0.0920667722638184
-0.9888332155105388	0.10437375890735816
-0.988279066038831	0.10279614987922917
-0.991450355729242	0.0914443172795543
-0.9885992453357082	0.10430010051732246
-0.9911306130691392	0.091553289657151
-0.9886860290165959	0.10504114522413965
-0.9913401502545468	0.09107052083978008
-0.9886102684561408	0.10518998451591247
-0.9915890794522313	0.09071621273319386
-0.9884254932565439	0.10546667939749357
-0.9913244174205718	0.09045861567373945
-0.9916530336677184	0.090137107861153
-0.9884417852103213	0.10579814414324214
-0.9917271337587515	0.08995769026245677
-0.9884657931006027	0.10607107023303183
-0.9883342167020893	0.10672148108694424
-0.9881481592134427	0.10642201174182611
-0.9918743809399359	0.0892168390444496
-0.9915328782730679	0.08928011174943502
-0.9880959755551008	0.1071013538603423
-0.992010334842305	0.0885335815454724
-0.9881345798654974	0.10751596654589933
-0.9913140833061991	0.08878970906867455
-0.9877878444830046	0.10778406707919931
-0.009369348127473991	0.09693369522149124
-0.009311241872303743	0.09619401107848635
-0.009311245851616702	0.09619401294794772
-0.009453461952540272	0.09553095627918062
-0.00945346197069789	0.09553095624085461
-0.010796229598895965	0.09967594870001452
-0.010796229598809453	0.09967594869710203
-0.010879513581804771	0.102111995194422
-0.010879513688705789	0.10211199522072598
-0.008664134552692195	0.09301910357776703
-0.008664134634088633	0.09301910347393297
-0.00899916534021789	0.09233995841082626
-0.00899916531124732	0.09233995827957438
-0.011528488887629824	0.10374536103672287
-0.011528488876700224	0.10374536109271114
-0.011789355719012282	0.10614665037214231
-0.011789355739203611	0.10614665055563469
-0.01270274965552633	0.10700290630244658
-0.012702749747884223	0.10700290664326885
-0.01223829034768833	0.10808781077957222
-0.0122403502034701	0.10809014986728087
-0.007538472319941701	0.08728319753934596
-0.007538472288302551	0.08728319747249712
-0.0070575145287195395	0.08608006719616644
-0.007056905167548929	0.08607903095728962
-0.007321086410818449	0.08499927429149608
-0.007321086420549069	0.0849992742942853
-0.013284952199806438	0.1111372350896386
-0.013284952228466892	0.11113723517862603
-0.006647211435496248	0.08383021500926202
-0.006647211352764379	0.08383021491669598
-0.013752733754037596	0.1119333678335824
-0.013752733766525449	0.11193336783918627
-0.014712381038991203	0.11431479710156776
-0.014712381040237511	0.11431479710096533
-0.01448662095330613	0.11598684995733834
-0.014486621076651137	0.11598684984908347
-0.005796089490276956	0.07898720141356291
-0.00579608957181094	0.07898720141679516
-0.005774890669558015	0.07765448577435655
-0.005774890676330097	0.0776544857226976
-0.015195928217869453	0.11877552934900201
-0.015195938024319894	0.11877553161408055
-0.015126352840872331	0.11924999224543337
-0.0049756924618913284	0.07553581734946054
-0.01587356566038632	0.12011209672602637
-0.01587356563251599	0.12011209676821823
-0.016117588989480004	0.12009642715456523
-0.016117589030979602	0.12009642729914524
-0.004839586224723032	0.0744990571943627
-0.004839586320544355	0.07449905696968134
-0.01682125916291615	0.1216052317435404
-0.016821259383360626	0.12160523249174139
-0.004240114536814796	0.0706168421368241
-0.004240114575109088	0.0706168420555814
-0.0043760244158753455	0.07029993517831504
-0.0043760244224375815	0.07029993515119173
-0.01740089453089217	0.12574635672375203
-0.017400894652372465	0.12574635677403503
-0.018616788238948693	0.1282324854255248
-0.01861678870046303	0.12823248577914004
-0.01863934436227707	0.12904626984899625
-0.018639395062674396	0.12904627968172058
-0.019027197434166754	0.12886817130056916
-0.019027622162020138	0.12886816461647269
-0.01840465528369981	0.1293426100245034
-0.0184046548040393	0.12934261033134373
-0.003255773282777499	0.0649480177597626
-0.0032556553400724863	0.06494769434060343
-0.018908964639594607	0.13110693298660506
-0.01891485284473715	0.13111172064945836
-0.0031405267849313697	0.0629213960075506
-0.0031405267579126283	0.06292139596875447
-0.002885087793150951	0.06212915975923134
-0.0028850877356510194	0.06212915970549904
-0.020524976250597717	0.1354420986264323
-0.02053076658429638	0.1354452303826864
-0.021329007790585396	0.13609819093731942
-0.02133425912886732	0.136108232704488
-0.021246132088746802	0.13633754813758012
-1.6518080678518556	-0.7823100976378915
-1.6509892819805483	-0.7827781438281554
-1.5570103373909372	-0.6716617445596021
-1.555775574430825	-0.6716249454424326
-1.5271792785694345	-0.7611004638877275
-1.527131532855155	-0.7611154583827116
-1.0842805878593254	-0.5454262799338048
-1.0844422428744787	-0.5455487135401295
-0.8852416357871111	-0.6366869225315956
-0.8851728006064655	-0.6365954876416439
-0.8734352869899403	-0.6079643193921852
-1.1140157137041105	-0.667952037484178
-1.11392638694181	-0.6682373403443462
-0.8643094068350401	-0.5660191506302074
-0.8654621395139543	-0.5592905892206792
-0.9022163281563709	-0.4565403473307282
-0.9011333514635806	-0.4562314381616958
-0.8733955870814276	-0.47979430332817447
-1.0602306366306844	-0.43485850931438985
-0.8721011081901597	-0.47918285136836714
-1.0605640657174669	-0.43435761736390344
-0.8598234071559563	-0.4676762668161818
-0.8594482611231022	-0.4672733994624152
-0.91162683696869	-0.42088142618781177
-0.9114792656665207	-0.4206965425195381
-0.8815316721175163	-0.7844381208428255
-0.8812149993249503	-0.7843465275309286
-0.7897878042482388	-0.5347335335263261
-0.7893709935472336	-0.5349101650569644
-0.8790803755997167	-0.39548649547747516
-0.8792305302888118	-0.3951392675926759
-0.8818800915934333	-0.3919163120848994
-0.8820622340654625	-0.3904885394936697
-0.7993340786908485	-0.46594766542883675
-0.7992072776341409	-0.46594251765819583
-0.8274875136385298	-0.4300451745741394
-0.8037690331340903	-0.4568042519741051
-0.7543341478877947	-0.5797791414741279
-0.8469783058705697	-0.4061374195012945
-0.7528962896672646	-0.5808393310657035
-1.14980626071464	-0.8019658599586814
-1.149760603661119	-0.8021903873031999
-0.7737051332722598	-0.48789090280377123
-0.815292724815865	-0.42475478646012105
-0.8316739792740492	-0.4081553761106914
-0.7986100179093847	-0.4388597170899018
-0.8615931075015081	-0.38157079082463463
-0.8925434767657356	-0.36467987146133624
-0.7676494743037776	-0.4828999390295481
-0.7785181343477083	-0.4605051315191244
-0.87440299602496	-0.36188239224235463
-0.8009612659244891	-0.4131453448465382
-0.7549985860411669	-0.47860293313332053
-0.8354506605142747	-0.38094101689267645
-0.7775806402084109	-0.43543703356077434
-0.8147286527787874	-0.39027909364582225
-1.213181462393933	-0.4184401786389134
-1.199487858674918	-0.4014955671838361
-0.7295298821169671	-0.5203320833756664
-1.1814600646803406	-0.3829705284737772
-0.8058481732706908	-0.39123612931324403
-0.7254642277522555	-0.5101311325647536
-0.7285162811102162	-0.49932503315729493
-0.8496196528778063	-0.35209648461355486
-1.2551630624325187	-0.45787308283239636
-1.2587974428089028	-0.46269386597397333
-0.7212241258056304	-0.46356539523540446
-0.7335775505604296	-0.4357298703798106
-0.7052640960357486	-0.49457362751929335
-1.274501315849256	-0.7550035651227636
-0.6938816590730936	-0.519674302239339
-0.6797580068789673	-0.543267547777137
-1.2931744801961869	-0.43857776382477975
0.1935307751449129	-0.583219038683847
0.15838928982600403	-0.47516706081928256
-0.17346254910752787	-0.4128774186501078
-0.17500845104630108	-0.7859592474451146
-0.16725262482930367	-0.40583912294183905
-0.1779188603765479	-0.4154566655190667
-0.18915799495764354	-0.4268671862296004
-0.1983695666492627	-0.4362380991335375
-0.20430100425694153	-0.4427012819576248
-0.15891561240584534	-0.3962982983762126
-0.16586630800670457	-0.40136690195743907
-0.18348249637087208	-0.41704157622249083
-0.1988206122127776	-0.433028425900189
-0.15229977081833082	-0.3891233091460341
-0.17035348124324476	-0.7973529248727476
-0.14819214180709456	-0.38419366777774916
-0.21302451914759965	-0.44739357260897705
-0.15111939797111457	-0.38449709071781396
-0.1415451678360435	-0.37697846788631906
-0.19294800251619817	-0.4185941486600122
-0.18642617566410874	-0.41087644977605015
-0.2259158091044654	-0.4592169380800829
-0.22045736748939448	-0.4503655810755831
-0.21520735150126588	-0.4395388473316171
-0.13080003275581992	-0.36499289972094273
-0.13887505919239754	-0.36935108545379797
-0.23553067775911457	-0.46798289191331266
-0.1746997061058324	-0.39272146760082094
-0.21041916189821933	-0.4284611687730015
-0.1334510374104209	-0.3632802792097997
-0.16270529122381744	-0.3809266701509738
-0.12550414995383932	-0.3568674030338247
-0.23956566828289946	-0.46683563090154556
-0.14718041526364592	-0.36563478748341166
-0.2420518208986779	-0.4643227798627253
-0.13007293784447788	-0.3542611544037818
-0.2564810842302532	-0.48097945631947336
-0.24220754678191042	-0.4537380197571751
-0.26738374404958004	-0.48442160790319816
-0.2709967199862598	-0.49279797453957946
-0.23759211953161283	-0.42461798596730826
-0.2830218315381429	-0.5002931819312717
-0.2553745414308798	-0.44206323759005994
-0.28552867047017105	-0.4961680948417608
-0.27591129885271226	-0.46829264799803444
-0.2952273990110713	-0.499191920169452
-0.277865927772184	-0.4568518575416429
-0.2924624587287384	-0.48966355242533194
-0.31091388485178045	-0.515205496867482
-0.326470067655246	-0.5266401027250696
-0.326740104431444	-0.5196034772345318
-0.32712102219947564	-0.5066364046216748
-0.35326550719868516	-0.5340836470906372
-0.35357238770621924	-0.5181477780333928
-0.36233078364877186	-0.5036307703615084
-0.3800762603427565	-0.5481862297431211
-0.40092010504671177	-0.5571064954046171
0.8859913423059147	-0.7796172781901651
0.88947018975688	-0.7933175601161602
0.5310697362330326	-0.6596468544932271
0.5298219921065414	-0.6906164761911413
5.1262658116985635	-0.46398378888486885
7.29526052507183	-0.4185368673911431
8.893072282389475	-0.48917758363618363
9.61741230862297	-0.3945444655923459
10.854546355149473	-0.460741695597486
11.974862929993336	-0.38532473702613756
12.950259290883984	-0.4398543785096774
12.796021837799548	-0.491096985973219
14.30627026297843	-0.39689866142021735
15.089092398516772	-0.42616217345748336
14.787655180393507	-0.45238972629115753
17.032926871980738	-0.40896286787650116
17.282454595903516	-0.42191528186791927
16.675055897377018	-0.4924854556704133
16.51436225517979	-0.42022468229393317
18.642854144343982	-0.4219976079458398
18.58468044111772	-0.47628005720334277
19.39194134056016	-0.39197457412685427
19.46787889932795	-0.41823169692034057
20.858542395160313	-0.4293834519374242
20.619111898112084	-0.4613665522550419
20.538612540867966	-0.47708412499419406
21.759904091263504	-0.40670854800111067
21.629631744196363	-0.43093662928692966
23.050890630141165	-0.4123340428787222
22.745970593019457	-0.46098818425297855
22.504396831320054	-0.4815217465948039
24.12841153046233	-0.40424594932979513
23.814111624539727	-0.41800037130516776
24.95400112240786	-0.4032076942281243
25.28350090533139	-0.37315008164566743
24.564394549986034	-0.45211654650227673
24.509659988728043	-0.433259089989258
25.913774576405658	-0.38298440729922456
26.44044758187474	-0.4694857375604617
26.41915362363946	-0.3795894845632291
27.12812381257297	-0.39385365474912876
26.55021041913239	-0.425413170812706
27.49899249485162	-0.3629070122756185
28.01978530513445	-0.38964642098131164
28.415504426082606	-0.47593421579672124
28.41990984722818	-0.45372523307644563
29.172450849053615	-0.8488871823381141
28.726581711825997	-0.44068296303330384
29.245218647095673	-0.8434077219861158
28.688987112453745	-0.378630372775301
29.35765524451334	-0.39929824862324637
29.968459046155797	-0.8060305598933777
29.9436406402106	-0.8200747774061126
29.881079367035476	-0.7947830480268594
30.112739027608136	-0.395537487400118
29.99552269033314	-0.8401200547886314
30.299224036086862	-0.4863703937690427
29.72990704024063	-0.3678226095700089
30.476503316221258	-0.4355186672789365
30.990756172072675	-0.3828890646230847
30.874812779452064	-0.41165244555465874
31.047602399266122	-0.8301052257218599
31.270207979435348	-0.6815761323574117
31.185383719632835	-0.8285479803875874
31.25960109153862	-0.7453876752686563
30.774210157160123	-0.8353486077942367
30.70410257250036	-0.7821408674621532
31.31653165100702	-0.7671473214740795
30.58575345817689	-0.7643001359202113
30.58968679433687	-0.7906679422831637
30.519373967796867	-0.8110559035868716
-2.0269576405518417	-1.1398900413045099
-2.026970339662115	-1.1398903705243202
-2.04211794825536	-1.0593651095062333
-2.0415682334462404	-1.0587014018677103
-1.9158122828956405	-0.9511480602615616
-1.8322763274434726	-1.1344171882704517
-1.8322629156994323	-1.1344125274168846
-1.9148189796077983	-0.9513952824959913
-1.948821873340998	-1.2659224722029578
-1.9487954388690913	-1.2659369435197918
-1.8354734576425686	-1.0272740351152005
-1.8351384163665305	-1.026894533198413
-2.1609656547671423	-1.2495844637393023
-2.1609747435027282	-1.2496996733568178
-1.7224649803381793	-1.0060170642958481
-1.7224519582672173	-1.0060261415761265
-1.7516391421158974	-0.8566476605520809
-1.752030859723739	-0.856217241741121
-2.3594280647574815	-1.0900410715007085
-2.3604768654820973	-1.089823891185639
-1.6616971294908318	-0.9437708375159892
-1.6611992595958591	-0.9443881844413455
-1.6204419749253733	-0.8811147810106948
-1.6204318975774594	-0.8811007205168941
-1.5085812532056084	-0.8894573141573965
-1.5083352340308567	-0.8892151137835902
-1.5062474772947057	-1.314357475482607
-1.506414517398502	-1.3147463092728962
-0.8779214482626411	-1.1285902665465615
-0.87767606301667	-1.128599816623961
-0.8797422016474407	-0.9481578109845608
-0.8794905907128344	-0.9481380078061967
-1.2448284924666448	-1.1027606892439605
-1.2448892499427842	-1.10266770051246
-1.1928699392762372	-0.9470102304211665
-1.1929482572877788	-0.9468330439182799
-0.87602607485371	-1.3276658539483923
-0.8758621500581018	-1.3277415951673261
-0.7363704877454509	-1.0846786128425652
-0.6923544597248311	-1.0089494255229745
-0.6908068675559444	-1.0123781956571467
-1.307671440499207	-1.2702701919830475
-1.3077174182155713	-1.270208721759035
-1.3544495569313384	-1.2273597241053966
-1.3969626192311861	-1.2604134211814748
-1.3972901440821204	-1.2613187009798141
-0.5383891290609965	-0.8841853605019507
-0.5382616612680696	-0.8836453685609281
-0.053783377322054814	-1.1928800568310745
-0.05458265272027459	-1.19355401882003
0.17313940089073837	-1.0568768604270051
0.1763217193430078	-1.0693847890714945
-0.21102822372413932	-1.0889811942930885
-0.21151651998226087	-1.0890994937138077
0.08338908596919584	-1.3247380383150882
0.08247603583238858	-1.3254381044621604
-0.3468820053169594	-0.9966614230984662
-0.34693123125789105	-0.9958971207244228
-0.4020886324539536	-1.188159741777437
-0.4023334529534812	-1.188496236595593
-0.47241024061293946	-1.0343783003063711
-0.4724065358407258	-1.0341846532990933
1.2482795215136455	-0.8807713940339481
1.2504744763945617	-0.8742722786798927
0.5322520081498271	-1.2533339616065238
0.5312594830009774	-1.2551218901474934
1.9798446631510498	-1.0240051690959189
1.9798840141595018	-1.0225275896117523
2.3475604759398054	-1.0842539524201562
2.3486094436498046	-1.0841631993290732
1.6140392003822495	-0.9546423715870634
1.613011564417008	-0.9557706398118084
3.088878348837681	-1.190675878041058
3.089226784224936	-1.1903347671865518
2.7180617257802435	-1.1395818590333755
2.717710868040112	-1.1396009952089503
3.4613642418924773	-1.2375871573823467
3.461433508285939	-1.2379082401191766
3.8346794876224384	-1.2817874949761672
3.834875145300246	-1.282014784694264
4.208925573479935	-1.3233878558591954
4.209217926808461	-1.3234562125853966
18.041286091109242	-1.31765896636701
18.92300370289531	-1.3201711112310048
18.801459135944196	-1.2792715641633179
20.004150898314624	-1.2933484720795796
19.741066859221053	-1.2478567554080844
19.72275600228811	-1.3471187390618709
19.650090282317304	-1.286677164649925
20.84813632739473	-1.2200669278926022
21.03357482313016	-1.320938406826856
20.777307224437788	-1.124843609390261
20.747497531058666	-1.33494701709415
21.28789868324381	-1.3463500254753296
20.559443793976378	-1.2923527763444431
21.476433135980525	-1.3364393335861497
22.09630420008284	-1.1931052309904742
21.998345042803308	-1.2510427504806612
22.1010904686105	-1.2247475135731012
21.88380927212278	-1.230165171966466
22.024931781183334	-1.2742628335384227
22.202503168169297	-1.2298932066500752
22.24566841448075	-1.2218927789038034
21.69264629284954	-1.1140354912967307
22.315413941139074	-1.1942027747432604
22.247913444331825	-1.3399357594071435
22.385295273368445	-1.2017942004770592
22.408091493770193	-1.1375469812936119
21.568013524771654	-1.254523447122872
22.4315090680906	-1.2654179322836594
21.53207638148924	-1.196888233722746
22.478398015605656	-1.2251322138335072
21.558799843228847	-1.3449485248060988
21.512052269698824	-1.2428496600663332
22.499417996668875	-1.208431898195764
23.023406637794398	-1.1997919168438356
23.01607188691364	-1.2114703305020533
22.939545628660653	-1.250192931794532
23.164009492969853	-1.126470500327054
23.167880948511318	-1.0367572668093006
23.180124925645703	-1.1544203265408792
23.135491345847132	-1.2795099820080946
23.21311967471339	-1.027025893913637
23.257287269725975	-1.0896113416192457
22.71477101188639	-1.1461615996882268
23.169063538200938	-1.3426893230829984
23.35075309102712	-1.1642474607645228
23.359759225722875	-1.2388711951296814
23.423818657739442	-1.2224774761102037
23.446605279543647	-1.161011940670465
24.043426271106167	-1.1127489740026937
24.024729504978215	-1.1445108926086707
24.070195938589862	-1.1464765646006854
24.069029130029868	-1.04607174758938
24.114026637539187	-1.0255137483666408
24.02903134719801	-1.2347490457113335
23.93228373322658	-1.22016802249101
24.136422689463444	-1.0278506470783808
23.844280189325467	-1.1367296736425017
24.09938545742537	-0.9700859610903005
23.855640158934822	-1.0219492304060096
24.122704264488135	-1.232905504491479
23.824668625759116	-1.1980832644407053
23.80860780599483	-1.2786890629863121
24.268420573766303	-1.090224731440188
24.272909140925513	-1.0996813552518059
23.816423869522108	-1.3019902354032764
24.2842214070157	-1.1354201775249257
24.249406956411953	-1.2644828748979466
23.691218631703144	-1.044098997412676
24.34193872079882	-1.075649246084167
24.301449478771158	-1.2908923766803029
23.68811101738276	-1.3382929640494299
24.389841891273672	-1.2411542387988708
24.439371794072677	-1.1067985351983658
24.421892992958313	-1.2689573167442103
25.03857438948582	-1.0813170900025895
25.0649985865689	-1.113660367388647
25.037038188991744	-1.0300523770628132
24.97209033433966	-1.007289500552096
25.025204358270294	-0.9530290409106447
25.117340602828303	-0.9973864664560036
25.09701504196349	-0.974572583957213
24.99601353671497	-1.281019451614852
25.17001734652755	-1.162905901993004
24.81916366945804	-1.0327256053994995
24.895402410462484	-1.2639414018785247
24.79767053515272	-1.1392079515797795
25.169249715299898	-0.9620335077697784
24.776130949868982	-1.1452489648887472
24.775411108204985	-1.1682442746551402
25.2432561644171	-1.0525728615343442
24.77084493701914	-1.2216126875954858
25.260663816758807	-1.1337022105495753
25.26409507195981	-1.164725941782001
25.18785976608346	-1.300157428400617
24.82997036718123	-1.3424253123533085
24.711410064524536	-1.176283649153153
24.749084087705974	-1.2636044121007461
25.324427164012327	-1.1833726061853505
25.279745617216417	-1.3031145028858577
25.387286344042767	-1.1564003903916604
24.586083256781922	-1.2540849722462462
26.002975321579505	-1.0725179832183784
25.960934330954746	-1.036022318256587
26.07581169712452	-1.110538997530681
26.09043066209997	-1.1345224124712667
26.087002919050644	-1.0567551810903921
26.011436163393373	-0.9928149664625652
25.89549878047849	-1.0259121379577432
26.073617050657575	-0.9704102525283885
26.150536836875077	-1.087111370884697
25.99234831044113	-0.9327462104640938
25.973598356200046	-0.9283166603320562
26.14763937750554	-1.2412198354092818
26.11173451857165	-1.3147110547087226
26.157131260553626	-1.2889175537250535
26.209180374775077	-1.2332997575453197
25.885144769770648	-1.3212920854515489
26.055054490702368	-1.3432854765463036
26.108280396852702	-1.340263690956602
26.176684793585338	-1.312765128627721
25.72718686996858	-1.1630436616506596
25.724171073540656	-1.0401999766521874
26.285031859901146	-1.1123952466256228
25.721915918671822	-1.2099757844130712
25.699853183366113	-1.146916316178969
26.297911863330786	-1.0181757910051674
25.74287477531327	-1.2892518520568275
25.691028776525876	-1.1950406058093463
25.654454890930584	-0.9613898569418615
25.68408722525047	-1.3118891716592358
25.636426912421033	-0.9613595127004498
26.370698541849972	-0.9269144188885352
25.62964286207652	-1.2957650952973105
26.3841823578267	-1.3281993045537779
26.43173924413642	-0.9647079866549333
27.055872916203548	-1.1388549384999367
27.017498707542316	-1.2143316580965116
26.98936478573618	-1.2342681320610955
26.88720289068976	-0.9859756067878391
26.92504143413074	-0.9556994018466083
27.053820020841304	-1.2609368082687564
27.039536727790924	-1.2665039843918637
27.078577750891643	-0.9371711154877084
27.0830725768496	-0.9370411339610369
26.98092840025822	-1.2860757548919364
27.076443317994507	-1.2825890312112742
27.205431840331414	-1.013000572674821
27.039164258740975	-1.3213313449640447
26.806449723220354	-1.2182042368199713
26.859170982168482	-0.9171951320014743
27.126518418589768	-1.295858368706238
26.836399560638515	-0.9329686944338047
26.941560827049283	-1.3441026467389279
26.748317199702072	-1.0387200656842477
26.746153749688748	-1.0195251778275531
26.867250792849074	-1.3457161418063317
26.71998079255513	-0.931104039226949
26.700359661600068	-0.9142254429092003
26.630754228311783	-1.0856855158064942
27.382673500084106	-1.0735572143934249
26.610918574615877	-1.2519160238759326
26.580562560530538	-1.1703945175522579
27.36517978978742	-1.3304558082177784
26.567193057035077	-1.1859808318224658
27.44254109838829	-1.1599703207760186
27.44038829233493	-1.2241820684825708
26.567275650007396	-1.2510292056808132
26.60784939720754	-1.3436783718759926
26.555123888534563	-1.2263163814839602
27.460610042777027	-1.0277440937207811
27.450022868390576	-1.234091793208221
26.59548469329502	-1.3454871544565004
27.478782345695173	-0.9683064814299408
27.463852515478965	-1.3006051878407918
27.474785119565045	-1.3495719433264268
28.004062248826553	-1.0483314728557656
28.017054151768725	-1.1570268187678152
27.903800287167616	-1.1321723181426073
28.064384103005473	-0.9654735197133242
27.869252232439127	-1.218647917323119
28.173915636705445	-1.13325360955317
27.902295323634785	-1.2522176365662567
27.86333165615361	-1.2560455860145028
28.19300962691093	-0.9750714301772373
27.853472114141116	-1.2784512165353836
27.83609300529101	-0.9372645318421602
27.901835976109663	-1.3116182673078003
28.201595695605768	-1.230087513328178
28.241568339081915	-1.1459432266726213
27.92057652554354	-1.3416123419219914
27.782839083116922	-0.9434508436714772
28.27056478666098	-1.0462381265217593
27.81982959131711	-1.3345351792922167
27.71121048389691	-1.0110424493537198
28.293830698277972	-1.2384122456872895
28.281190887788593	-1.2874344879965889
27.719827344159388	-0.9034493827552905
27.694239558330978	-0.92374984983071
27.706361599985737	-0.8934577160823717
28.30161606176037	-0.9028174810944603
28.29961817240255	-0.8989722532459262
28.36755002652902	-1.07771130380794
28.376923018309554	-1.2914968749012714
27.5366708629719	-1.0487248689559097
28.436070759797005	-0.9067813491565981
28.420784039774098	-1.3248020217236423
28.459215928724817	-0.9123069767757647
27.53057411192394	-0.9101973452417931
28.49357467915703	-0.9635794298892584
28.4565340796294	-1.3462252777128907
27.504457871073	-0.8917524042449516
29.027716019620375	-0.972829894222049
29.02330477417559	-1.24549419493764
29.07166437477442	-1.2346258830649037
28.836980050025357	-1.0947293291680733
29.16536706823703	-1.081191367433409
29.04169924577659	-0.9313123906211027
29.18646047821094	-1.1328247763475447
29.04935723584436	-0.9129028762725886
28.87647947650435	-0.9485946694604935
29.146639397045867	-1.2361390188019539
28.928480131606907	-1.2996170287336308
28.789092900334975	-1.1436628305384076
29.119920187694035	-1.2878036618425683
29.045294439244756	-1.3202396469593238
28.79461396283787	-0.9541957808238284
29.277217581910914	-1.0168170039149926
28.75072812226573	-1.2496142313470568
29.177961098149016	-1.3471907455191103
29.181148055070068	-0.850954720398829
28.74071243146433	-1.2750958177291594
28.775430967060547	-1.3239027617550527
29.233419347355795	-0.8844241971154616
29.262002459450372	-0.8918947160743188
29.33297215375509	-1.0440065368804021
28.721656731440174	-1.2949941192749286
28.656504533507785	-1.1249045562739262
28.716362904955314	-1.328928573250907
28.63390254771274	-1.1632218813712834
29.317902277595657	-1.3064948067023245
29.376705970042625	-1.2469110660166538
28.580737240715628	-1.0468719598974652
28.56679284135202	-1.1494477822047633
29.41877082997364	-0.9603125977533109
28.568600091697412	-0.930381752329434
28.59596622081826	-1.3280495423780982
28.516595974891644	-0.8936492045113653
28.521744239929234	-0.8741999418399536
29.950003934152328	-1.0521814756603625
30.064565770940703	-1.1623913137411117
29.958444418002042	-1.2003829324916386
30.021687650315922	-1.2543264190564054
30.118113901755223	-0.989490782681345
29.97717707686146	-0.9323636526114627
29.928081053577955	-1.260317267238252
30.04611821370877	-1.289793911282535
30.094212311399957	-1.2759337035645184
29.945114080816346	-0.8898457761551002
29.850853686597567	-0.9319054626139094
30.036109646019263	-1.3388208816930547
29.823146976654034	-1.2675544339150013
29.760882508223773	-1.1705346819214377
30.248111149715246	-1.0289886730244016
29.764677567624055	-0.9373306577056286
30.287723607573177	-1.1682523184412283
29.69709134699202	-1.1928565209331132
30.31215858571216	-1.1557401921187584
29.73489084678448	-1.2800645706381097
30.3083483660506	-1.0015053842203958
29.73193651915241	-0.9084711964537311
30.238526265187144	-1.3307365951550105
29.744607235778865	-1.3391752156742593
30.276401562200242	-0.8837122602842784
30.36984681869089	-0.9710851762324247
30.377130626631992	-1.2475047136440085
30.363258392471504	-1.2822241171043958
29.58952163342316	-1.197164223620303
30.422235451891147	-1.1715168857138978
29.569881646729485	-1.166370403650696
30.403273065467175	-1.2905494055085374
29.549954585213502	-1.1505116165962501
30.452438179598342	-1.1356248754289617
29.57088874683608	-1.2508990782206364
29.60472824427758	-0.8723111312353466
29.587365649912815	-1.3008205315049821
29.538287273007015	-1.2203776373817958
30.426459099187273	-0.8580349406364911
29.539548631836066	-1.317125058042329
29.52706000495912	-0.9041137794380767
30.47311261880693	-1.3014487969463442
30.47894338786358	-1.3378351811038929
31.052730767509292	-1.107679167241376
30.977931917746837	-1.155867129141242
30.954319781763715	-1.0371722310850653
30.91327884605297	-1.1956294426466934
30.850114581983576	-1.1059354362203888
30.839796699459736	-1.1186314338151608
31.140810752303086	-1.1828143391878614
30.956918540216662	-0.9358953145474176
31.162917125464478	-1.1766746759525726
31.188837213818402	-1.0301033570789635
31.028609573816414	-1.302410800872517
30.971434683303645	-1.310532188952301
31.21193712194993	-1.1498425236549175
30.855062775336332	-1.2778014398787287
30.774676939691606	-1.1497572688381401
30.809237769459482	-1.2321157839775556
31.19167934354949	-1.2462564959649494
30.831548158836444	-1.273610006463389
30.783820846084627	-0.9867738261612348
31.235017254988882	-1.2200704265017317
30.748921662918352	-1.2559432835713813
31.305768839298935	-1.1761889366456673
31.322461561994764	-1.063801421042436
31.23362889241912	-1.3277343984473808
30.761414279346567	-1.32852539128996
30.710445446644233	-0.897739182680975
31.302911018728196	-1.2818147284501795
31.314494886182356	-0.921443221835341
30.669329162085695	-0.9222432565455518
31.37763746518897	-1.233002650729059
30.60038259973389	-1.047844676548511
31.344771555035976	-0.891131216489032
31.393340864437732	-0.9113473348897975
31.41948074144051	-0.974648001411486
30.596018470866255	-0.9302751894492562
30.573622979021078	-1.2562805748243036
31.42778311832492	-1.263659047521639
30.56803923475651	-1.2752993646033293
30.537461652649977	-0.9408135702523963
31.477401296141576	-1.2422306049527783
31.48964674959757	-1.19170036659865
31.47065206929243	-0.8545924292030784
31.4874628434122	-1.33619412920137
-2.1965801854696365	-1.5402085152848792
-2.196691616694239	-1.5403023135493317
-2.0762421155888906	-1.4053052353330395
-2.0763347146098354	-1.4050914353959694
-1.9559173222571253	-1.3850420910742862
-1.955989101379191	-1.3848310351912303
-2.1623297784624804	-1.4371939910550509
-2.1624131275262495	-1.4368440893523173
-2.07940121044973	-1.3795300341987466
-2.0792687194126183	-1.3793325959461473
-1.8018403428883816	-1.3850927483945958
-1.801794448147111	-1.3850293997401864
-2.316825410115481	-1.5469387194336994
-2.3170482555750924	-1.5469595964409397
-2.3177627972172856	-1.693946515938093
-2.317979677820182	-1.6941160512980065
-2.294343894459347	-1.3767496362753802
-2.2943586161431058	-1.3766898915959045
-1.6455293317606623	-1.3578152022577474
-1.6455543382343572	-1.3577362402387823
-2.4552613419845257	-1.504212609787992
-2.4552797431095525	-1.5042028482595156
-2.48630269600654	-1.6464801552950872
-2.48642756057327	-1.6463782913753617
-0.8748530771589123	-1.5499115910176895
-0.8746105271325226	-1.549482635348969
-0.8774233404194648	-1.810010796147193
-0.8786554437523029	-1.8115446811689853
-0.6428230146524114	-1.699624500362129
-1.3848810899410189	-1.4519046915942342
-1.384849361759235	-1.4517510872895056
-0.5814554228863819	-1.6445626298467584
-0.5813002083526808	-1.6443399494513757
-1.4322190077106902	-1.8201562871737325
-1.4870809012635382	-1.6521493290457274
-1.4873087253198274	-1.6522867129313614
0.1599999153567519	-1.5254727052563937
0.1604840545614319	-1.525811825592626
-0.14184144142911242	-1.733064542023629
-0.1415732280852695	-1.7334978870346378
-0.03460034052312531	-1.3784994640681683
-0.034410509410412626	-1.377759782876971
-0.23895535197660578	-1.5365107050876956
-0.23921849017269706	-1.5366646823168764
0.22475182507722744	-1.4513554934218613
0.22480566508233377	-1.4513861036175495
-0.2226644856217009	-1.370116276363604
-0.2238206142983769	-1.3704226491405982
0.3352004183713487	-1.6820311092455043
0.33526948170231186	-1.6818883558714346
0.3919673828165647	-1.5933321101154256
0.39230614380699774	-1.5926474913346416
-0.32425997746629265	-1.3559289610425647
-0.3244788352644551	-1.3561401143253982
-0.42234575527754165	-1.5221864817009043
-0.4225872321224172	-1.522192861390729
0.4751017121898979	-1.811121341386619
0.47530423958662776	-1.8108778300800086
0.8797526277648915	-1.4195195882823946
0.878661928817393	-1.4185330194553498
1.2380671685701017	-1.560759385354324
1.2383829724621422	-1.5597583365651828
0.7388221854108293	-1.7605989507373443
0.7388859351708382	-1.7608798961258425
0.5616424931007067	-1.6979332360600377
0.561594580396356	-1.6977218195500168
1.955469699520716	-1.7864057000486446
1.9559102012426604	-1.786813655877339
1.5976009909677662	-1.679800060705642
1.5973266766490917	-1.6792886529856397
4.959960758744725	-1.4000061357629943
4.960078920606961	-1.3998395173799345
5.336547611053398	-1.4355309348351784
5.336507836551648	-1.435326425144593
4.5842920550574044	-1.3626276753375088
4.584065014346795	-1.3627055047293093
6.091199487652348	-1.5019224063684338
6.091532506543653	-1.5019127118047357
5.713748971126632	-1.4694533799266043
5.713561719211022	-1.4692974578133575
6.469558430871402	-1.5333243737545963
6.46970472960547	-1.5330064132357193
6.848458957944992	-1.5632628237563613
6.848370938872241	-1.5631099449522836
7.227594665266078	-1.5917505384063677
7.22768725380792	-1.5922708099077738
7.986414137855235	-1.645854978365947
7.987059430053308	-1.646547097370427
8.365077700549424	-1.6730140656223094
8.366840889473298	-1.670921298363664
7.607558240723808	-1.6196936819590952
7.6067782248748435	-1.619616338526859
9.11779749429915	-1.725966261390554
9.129320123033763	-1.7217912318878192
8.746622591257415	-1.7006488202332972
8.743195885338528	-1.6947708463349478
9.890787594225994	-1.773878043727489
9.881459899837907	-1.786568916167481
10.258849301579275	-1.8038185125947064
10.29113275340901	-1.8084826189876992
9.50738811588276	-1.7591099159842645
9.50055703156611	-1.7450453654431013
11.038476192424282	-1.8178912752148453
10.672129252494692	-1.807929820118774
11.462246816790824	-1.8462420428073987
11.819678834699754	-1.8427428334342935
13.415126462541314	-1.8192774290381903
13.99911517511073	-1.775489475776828
14.471104811198517	-1.8474684245628803
15.118185805075733	-1.7415856723913867
15.017365796288447	-1.8135943016590874
15.175750973084648	-1.7394129763313364
14.777734713580521	-1.8364689106426682
15.363599067233244	-1.7894814217101915
14.591968752386299	-1.790312152659381
14.540097021536353	-1.786822608066651
16.019986273958928	-1.6841916283926335
16.18440583470893	-1.6935933751834626
16.145677773476972	-1.7550670709305223
15.787994951246514	-1.7830205776192554
16.160506526480827	-1.8446881521198775
16.27994585569707	-1.6873512601946914
15.71677211759667	-1.6905000695930434
15.570209664415005	-1.7700347181551122
16.944424770068878	-1.7395878411501784
16.817041891953803	-1.6352691930129066
16.855326240153843	-1.7428073533213773
16.744832939234357	-1.6043704849612415
16.71842212292562	-1.606943300535278
16.689432166963993	-1.627764377202439
17.349598330691986	-1.7351582457238457
17.33848263858195	-1.4301632898855174
17.399918839034626	-1.4884818022330828
17.41391657495715	-1.6348655868425963
17.460181310609258	-1.6167009274682638
16.52147234480544	-1.7902523801211725
18.171932784866087	-1.6512427391443998
18.093720093502625	-1.809691451065671
17.893500854609034	-1.8127060696803876
18.12174938633378	-1.3868612293821259
17.724210016792448	-1.5953579394722932
18.295746226570362	-1.6089372815254683
18.307210559316164	-1.4697495274236378
17.660469708141687	-1.6367280162155637
17.57552300981977	-1.6111041667186405
18.43301447097706	-1.5729943421010528
18.443693733742677	-1.5207814129973314
18.41479069196137	-1.8383466642854962
19.08399883909625	-1.6735465167847527
19.051131515880645	-1.481063017947348
18.974127709783414	-1.7674748521693622
19.188451682589548	-1.5375431159824822
18.8333666630712	-1.7288506140449968
19.12318969493458	-1.792908208329849
18.964755110444266	-1.354992298828448
19.202595880715837	-1.4476673882160365
19.261109382749694	-1.5178370262565761
19.332552575116782	-1.6632562512315954
19.338258172186244	-1.5102217704574454
19.297239789351195	-1.7931652847900181
19.42804836320135	-1.6032289788769813
18.522634108578	-1.6273850224271775
19.49277445967725	-1.7538477350449868
19.982254020907117	-1.528386965849172
19.956015696054617	-1.5017613109573342
20.027175400045742	-1.4730299940923697
19.86228966364567	-1.6291434347299163
19.851887311718418	-1.617952971509345
20.114936167215063	-1.5006284205716787
20.15827298658212	-1.6977849250345682
19.801004285970574	-1.6722604386288322
20.151996486373513	-1.448517577807125
19.992209334725832	-1.8334376604779223
19.814274093979456	-1.40185103521393
19.812871286062794	-1.8271779351624566
20.28872915988939	-1.6756850665288714
20.30802816831634	-1.587861447413021
20.262691194756176	-1.4334613527386875
19.65017179961071	-1.769436723700232
19.677089363128953	-1.8348331478346316
20.364450626297035	-1.8253115755164144
19.620468461792402	-1.84192765266457
20.456976826864857	-1.7239824214268107
20.474142897344436	-1.8311944266387763
20.467787654867386	-1.3505470292106616
21.10263665242669	-1.7102767002855552
20.83669274484651	-1.6088868850940412
21.175017741141783	-1.622528925049035
20.97797106700307	-1.4202278108026345
21.0505459266167	-1.417861096839578
20.881387421442742	-1.437341921756722
20.867141010890744	-1.7601646909160513
20.7931384426696	-1.548704712672355
21.213588833972686	-1.501961001883025
20.74830432012321	-1.6409617588468257
20.837011003053707	-1.7965675634111522
20.794702083031172	-1.4444966218658888
20.71066156689631	-1.7326688229312672
20.658119359939118	-1.5928485832011654
21.356861764522606	-1.6191399790218062
20.703282678548547	-1.3967096588951895
21.323274077983168	-1.8381968925678607
21.37187180671991	-1.7909913961291508
21.41397845891123	-1.8006870673166713
22.063037194577106	-1.570921372637843
21.944490013291162	-1.667745538666061
22.08595163362232	-1.6253591082839698
22.1011252735514	-1.6139902226221157
22.109552262884343	-1.4506316254958491
22.054184499575733	-1.420455516613207
22.116074467110515	-1.7591670248789752
21.783335048365235	-1.6590268622680104
22.19855710261083	-1.7533755779512203
21.867760242718013	-1.350370121134637
22.2783041524062	-1.6934298734739135
21.701082005083798	-1.4983750283229502
22.34468753776912	-1.5202088005784773
21.688017127885335	-1.4111413472786873
21.725694047479223	-1.849932611431518
21.614475314591264	-1.67022773099992
21.588111479589585	-1.6309969662110038
22.368189746909678	-1.804700479802965
22.43165516449108	-1.7885591479406606
21.543212565727345	-1.4418127125709952
21.578478750033387	-1.3631115064926824
22.447917612664	-1.4053269525681944
22.487842749438798	-1.523785452854522
21.512952547066323	-1.7894313570978264
22.958270988964735	-1.540692373163867
22.923770267446315	-1.5398452717148359
23.071314332621572	-1.6774859388435508
22.917663330466986	-1.6756646191312639
22.9239598704925	-1.4976970740021882
23.04192400979847	-1.4750369977072353
23.064719681439257	-1.7205937181643975
22.987767953154613	-1.4367333445206818
22.968473282412358	-1.422102787560858
22.85087755985945	-1.478709200876239
22.963109585439895	-1.7970523666398077
22.790631991658	-1.5866903040936924
23.065900065361888	-1.3855530128859725
22.747801333217918	-1.5950419843846835
23.2591125043767	-1.7325420776037253
22.71885030182265	-1.6969794725375558
22.709576391966976	-1.4940029301690383
23.28344078326471	-1.4594226502587377
22.654329366654107	-1.695010877760902
23.38133359355237	-1.7824995107995658
23.426510729179988	-1.4755406871133947
23.427625393560955	-1.4275836932073085
22.57074039088406	-1.4220296133675279
22.539840607368404	-1.4464705208563822
23.988993413372352	-1.6255260328074599
24.011417936867247	-1.6735556538562018
23.982786331549196	-1.475186800225149
23.858558209521814	-1.576082113815835
24.204780015801596	-1.621721612084932
23.858365900492174	-1.4269639693389862
23.81460252329461	-1.443458289726045
24.091204554425335	-1.8280844627926411
23.834373659192657	-1.3810574762690297
23.752160657247614	-1.744405317016459
23.7098058265445	-1.6537848274314524
23.68766189626353	-1.556069127538323
24.290693321145852	-1.4721150444266906
24.27576567669124	-1.773891095809097
24.27243464029374	-1.4163015253144433
24.309589202120616	-1.449171822167779
23.628383938700875	-1.576916496391684
23.628071141411745	-1.6555373361088672
24.323893000457087	-1.8240287015021317
23.623058963745933	-1.385901394684958
23.55945322373104	-1.6437421141564716
24.396299431547952	-1.8329960930565448
23.527119761536195	-1.4479468117767622
23.55042113093372	-1.3831365861352816
24.486456409509756	-1.7433836842438473
24.92680648858479	-1.6181797530090847
25.01355330017597	-1.69491953868162
24.955528401108868	-1.5109828884600134
25.142351721359415	-1.5784214964488619
25.04585322737409	-1.4461320173080126
24.89143325831315	-1.4766673085421433
24.83149586584081	-1.6554094540477864
24.91892763031817	-1.7689027406424696
25.176753200098887	-1.6766580930927586
24.77868843384232	-1.6269651502058693
24.809453870652312	-1.4803634835435868
24.767733906529912	-1.5082473321377867
25.247551134706757	-1.6444141341219125
24.75279056109198	-1.6535098816669458
25.265367209860294	-1.6019983003555585
25.139263856981945	-1.355769885536058
25.216157976785475	-1.7863796811550174
25.22134740247886	-1.8300069550327396
25.342697454128135	-1.4913834263873016
25.363297347776996	-1.4951271233053325
24.62648763441528	-1.4941854023459302
25.37982147747063	-1.7645466079992191
25.40546809022611	-1.4614260037109001
24.57234692366329	-1.6394359682189776
25.4837708400636	-1.4709949655490862
25.99121783243652	-1.601945786938951
25.933418928708846	-1.6994264219717765
25.91468010474913	-1.4946212302543889
26.170471037077334	-1.6327999554139552
26.12772514539447	-1.466168007121551
26.18862399280855	-1.6089369262615596
26.04789469503135	-1.788533419431663
25.81943013883184	-1.7094339592423746
26.235290211535307	-1.581277069020046
25.89449000939541	-1.3760935296089127
26.154255290963633	-1.3847755663614956
25.751393062873305	-1.4578162800151515
25.715504383932515	-1.5498305938508106
26.28642746369049	-1.5143365886280582
25.698689736157828	-1.6230847087609672
26.349597343201246	-1.512764818495848
25.629932585956094	-1.5149703232364717
25.608419346473333	-1.6775937343122265
25.65829462661574	-1.8173231620512986
26.39489007323463	-1.766813981010923
26.439124683332622	-1.4690904056655656
25.538451081091665	-1.5833416362981736
26.91014654342539	-1.6174473128830635
27.068107352746942	-1.687169428799612
27.10495078339239	-1.636023155283269
26.955062970488427	-1.7045073177509333
27.054605134028797	-1.4749705955620591
27.037459300602833	-1.4604763036248452
26.925973446360047	-1.4471023444609241
26.819270813525183	-1.5501190884595288
26.7841520196835	-1.5389229493381984
27.01572281172035	-1.3712177358499702
27.120744166853807	-1.3925788321973767
27.24761269937259	-1.6654801607029601
26.80447215892376	-1.4230331169733978
27.25963583968144	-1.4665498695856194
26.643304469719524	-1.5871795499646566
27.395517152665395	-1.507648440075494
27.414929489869177	-1.6395037343818626
26.581900681506305	-1.59500124287068
27.4064784729156	-1.47178757729153
27.39134082679827	-1.3807603793534837
26.540158934448726	-1.4981396722912343
26.525282005438193	-1.5878074754492626
27.453872569514893	-1.4255803013744321
27.49598381497827	-1.5655883128758972
27.483364711454175	-1.4156186384148117
28.040493585899284	-1.4542183102306625
28.094258399776347	-1.7229060507927938
28.085021777000286	-1.4615141738623694
27.855935167576103	-1.477833684236842
27.901771661368045	-1.4386369085135184
27.849743071726976	-1.4829661350276329
27.99803689925208	-1.3856175634410879
27.8647176870685	-1.4176632877761872
27.818823015636738	-1.7397708842506545
28.234003244192262	-1.6265206801570307
27.919074898941826	-1.8279474597603624
27.751302632471152	-1.593970420662158
27.873240166793607	-1.3662063173856722
28.142344036118356	-1.8284094297311693
28.2631633061258	-1.4856189207980226
27.745135502944557	-1.441942664737351
28.272929447640315	-1.431085352468571
28.251147809411535	-1.3727896108605218
28.335355825363806	-1.4966925767423298
28.317524058768104	-1.7511713487253275
28.301890275527278	-1.3696779029070498
27.6325469306174	-1.49566678227493
28.360488792221588	-1.4394764458648892
27.61324092458081	-1.5206184893979495
28.32002850358595	-1.364429464554061
28.442038418664755	-1.422729711511223
27.54108181934552	-1.728663551590528
27.543833133889166	-1.3621963985949295
28.945049426609764	-1.5440487994375443
29.005176284233173	-1.5041875419552078
29.07554218643489	-1.6592998245198263
29.04028351178684	-1.501549374158763
29.161203052285973	-1.5791062003006568
28.818585912316333	-1.6348941034897566
28.857554630444028	-1.7272643229334608
29.09603336487188	-1.7774055901936325
28.900144911154534	-1.7907954145228158
29.212359725414117	-1.670882943115761
29.01452841593246	-1.3735428260920024
28.97302558175102	-1.3651269388789509
28.780090333354533	-1.489478291694811
29.181060707381466	-1.4258853087298164
28.79433170852352	-1.7630671590386529
29.224052902694197	-1.4321698538181766
28.739441929729622	-1.4939466944476443
29.14683616873202	-1.3506000413241002
28.774964403958098	-1.4082827991803404
29.243326803137354	-1.3744002356214073
29.289163666562512	-1.385913171193137
29.35680023065651	-1.525224606571503
29.366057197541053	-1.703846463297468
29.38747759254403	-1.4711520617269
28.587380184974787	-1.6105272321636714
28.606080908390467	-1.4187976019309516
28.615630793581293	-1.3568658646054794
28.53283266615265	-1.6832813190141935
28.532768792403637	-1.4375478665649373
29.495226957365173	-1.6930853814869744
29.979902610335674	-1.5811919067382991
30.050234411387613	-1.6559099978722045
29.92543763305312	-1.5292610833372786
30.111919326540104	-1.5617956985796682
29.89118001963862	-1.6544343797006946
30.11160050774699	-1.682340457023282
30.090856305366717	-1.4938287007078972
30.049256241506548	-1.4262818933488268
29.987671076831464	-1.3684718199398331
30.13497724443832	-1.4076994317221905
29.871391763138053	-1.7970726137678887
30.194414947729896	-1.742194215942011
30.18654749223166	-1.4422520857587051
29.758212788987695	-1.558252091600802
29.9302392558542	-1.3609399730165146
29.87054042779121	-1.3705332640823646
29.7861835968758	-1.370564781448755
29.68133620522384	-1.6068212529392614
30.265519411254214	-1.3770420266082168
30.353587837817464	-1.5509867254495104
30.30344613385815	-1.3718903781081855
29.626597408945692	-1.7003522123279557
30.392740551684614	-1.518360610384527
30.399492091949632	-1.456286536274738
29.594077954548407	-1.372184093675895
29.587317358921002	-1.3536129225969524
29.521380099662682	-1.5405555384486957
29.517425036303113	-1.476816863654904
30.43971110849965	-1.3627503068250615
29.502398085764348	-1.6858003433489555
30.991494741102166	-1.6292899756247161
31.114789145691798	-1.5934922850878386
30.9850198705258	-1.4851665432952879
30.871350601972583	-1.597018978242695
30.932583721912625	-1.4891774659835488
31.070327576902038	-1.4815338209980133
31.04203554893436	-1.4429069126947962
30.941755009710334	-1.3852092359639259
31.030490198109682	-1.823583991392183
31.225829448403974	-1.4950156145022775
31.256186368577705	-1.6797824948355746
31.145041418282354	-1.3564046082917904
30.815479843061148	-1.3835278662978854
31.26611842051766	-1.4568158747442144
30.755454857412893	-1.8157036564360902
30.698801753278687	-1.4645111989825317
31.27836193738472	-1.4019291229714734
31.269905971504592	-1.3879275176992687
30.655996491021437	-1.56391047462566
31.323344163154644	-1.4583564520514292
30.662848968740192	-1.4626604868396624
30.61678431775089	-1.4595266104678066
31.37246022230991	-1.3993663587246317
31.399589058112138	-1.3819695217273156
30.567354166411487	-1.742954620900849
30.550238909402534	-1.7059653912297017
30.530029165206972	-1.550181549051414
30.503552183402398	-1.4203054255011942
-1.957573271702932	-2.074205800424028
-1.958238560399804	-2.0716868144314513
-2.084887364327154	-2.1840599288134284
-2.0868196570896247	-2.183842421470732
-2.101309779764877	-2.007382076920571
-2.101318009779118	-2.007370176305257
-1.9283869723747682	-1.9819646781839326
-1.9283797491474353	-1.9819633635727232
-1.8320846019619457	-1.9683459311929914
-1.8316502958313707	-1.9683823735282202
-2.1917606059014454	-2.27454634738195
-2.1931880177639105	-2.2757495206401734
-1.7615576701288869	-1.9476450052796825
-1.7615492442118463	-1.9476559347736082
-2.2764586230067465	-2.027633013945142
-2.276479593317903	-2.0276341571736
-1.6517188565216168	-1.851679935447364
-1.6511989773808322	-1.8513686811107468
-1.6073903751578207	-1.9035522274616392
-1.6073894594754243	-1.9035143921931852
-2.455237540430783	-2.0510600734665982
-2.455255600510079	-2.051097472364258
-2.452210345268859	-1.8643979139033298
-2.4524227542949397	-1.8647272626567863
-0.8877304379844944	-2.205853802218578
-0.8979704179059084	-2.2179890713316284
-1.1839525238790256	-2.0597783310297353
-1.185385384494327	-2.053127946800959
-1.2004421509854695	-2.0582403063835994
-1.201119665679762	-2.0538437913997885
-1.4831258479223244	-1.851564034710247
-1.48313766606173	-1.8514517753332218
0.14066978394348184	-2.12443252292346
0.14068084388734137	-2.1244296614845473
-0.020988047640068126	-1.9491872637177603
-0.022296783891603524	-1.947744856732688
0.14764783423948116	-2.173351831459081
-0.11510575839498448	-2.219675509683224
-0.11509570007019347	-2.2196888594895676
0.1515108973062862	-2.1738466400969303
-0.3313010840424423	-2.3158173440877894
-0.33131235282936095	-2.315815920191528
0.43329229827571525	-2.0725617384205575
0.43330457852847626	-2.072624344060158
-0.40647736578142235	-2.2858483601100428
-0.40643223144485924	-2.2898323948856714
0.4016377823734011	-2.3298572419690546
0.4007434188116101	-2.3339451070763286
-0.41476468587308424	-2.3311676655142666
-0.41343465800671036	-2.3354781393211046
1.0512267930168027	-2.197596558616895
1.0511305561228264	-2.1986329757929925
0.9852131177857462	-2.2373979003068434
0.9842570979323688	-2.2373339230889537
0.8521409641277722	-2.0725224932537047
0.8513650660854685	-2.0728792076666043
1.1800311122471088	-1.991800726566715
1.1801861688643962	-1.9918003816544956
0.9577992194666695	-1.854587521421194
0.957760324251537	-1.8543341865794722
0.7215549807943296	-2.132165273798453
0.7212368877157191	-2.1319162132219627
1.2459673796928057	-2.294842380797345
1.2465322294264634	-2.2956221291890455
1.2708658806620217	-2.3458778837261267
1.271969029951984	-2.3448410975583394
0.6537347236146247	-1.9286384332363107
0.6532625898543302	-1.92828912411515
1.3872412003087398	-2.148620337950555
1.3874738118872945	-2.1485685109368036
2.314724977656142	-1.8850713729334583
2.3152357177363267	-1.885138765937011
1.5829717065742428	-2.294854697368646
1.5828475218231768	-2.2949798796603713
3.038522270070203	-2.061177686110813
3.0386458210241107	-2.0608457949552323
2.676160368589482	-1.9761710318437626
2.67580713906337	-1.9763507371096134
3.402507282041325	-2.140071806672219
3.402675835789913	-2.1403994942394586
4.134273656409461	-2.2842504008073985
4.134276635260588	-2.284884249187993
3.768112531109106	-2.214597921886811
3.7676467545484114	-2.214605875693992
10.115537915570767	-2.2732826113727795
10.181923417537964	-2.306320319119152
10.829441507242702	-2.1421879106400237
10.786886601421099	-2.1034216845182425
11.093938839147754	-1.8577261332938537
10.64390361386654	-1.8635986462037755
11.408378934056445	-1.873223437022999
12.172062664908115	-2.0563751374881383
11.835300605652959	-2.2801786781692357
11.835342455694908	-1.8733312083228335
12.176999773289607	-1.85492556287729
12.30606894722679	-2.057802195244896
12.226443332299297	-1.8640748620158556
11.552284443669015	-2.067633743204157
11.517239402830935	-2.1148156325787144
13.06711882829368	-1.9628674654574316
13.109961510681364	-1.9201299191583014
12.881617642847072	-1.851606275767082
12.847927377341135	-1.869015703999795
13.341889121633525	-1.9941965351347215
12.624162274810729	-2.1078228845771676
13.304301742470397	-1.8681426945336834
13.446051149615482	-2.2306681039476306
12.566134232353905	-1.88424480565884
12.57923709291941	-1.8557790109951215
13.91242168395009	-2.0213165083168643
13.952248688526698	-1.906515765437885
14.158666737884205	-1.9329867986703442
13.853136541388933	-1.919408511784721
14.230235020837403	-2.306886665438084
14.227398646779239	-1.8770270899029553
14.339912352213053	-1.9743942136956723
13.701951742831149	-1.8680242581983495
14.383209322191618	-2.134867558902646
13.543162775515297	-1.882435352314316
15.05302448276846	-2.0247810466743643
14.997550140944952	-1.9346156549423144
14.792342942551713	-1.944117226361229
14.733445558802847	-2.069867948355818
15.1885613792748	-2.3167940964821727
15.370468323542013	-1.9335758119530808
15.398961189472004	-2.2774492726076807
15.453758381827694	-2.2493586926856564
15.461553528800893	-2.3461683899400967
16.01243429319851	-2.0948207719904524
15.908577320910522	-2.226824960927611
15.979147107906167	-1.936062088163202
16.13016022434616	-2.202140216398224
15.850512749793198	-2.29972899648672
15.757546134804256	-1.9973614169021894
16.29230951138709	-2.210064513817322
16.312093300199976	-1.9299707196372131
16.334228196862565	-2.2851525239511603
16.345814748883758	-2.3223453227181117
15.626995304248732	-1.906578636815225
16.40190390361975	-2.3470484259217814
15.550972433453513	-1.880086320439134
16.94270862565802	-2.009744142365814
17.073757957107834	-2.013476117940302
17.010028043022302	-2.2377206680776656
17.133241931136627	-2.1652462629926448
17.127132768024126	-2.2422395680900618
16.80428987406662	-2.1171107389991124
16.82311040420839	-2.1987447168456273
16.799957019140024	-2.1570660629486205
16.952206930960184	-2.309805209196897
16.88761472569035	-2.2856322783590644
17.184793892513746	-2.2603133631230707
16.793921354827244	-2.239645974944094
16.83643677452184	-2.3099747873415306
17.200064617160326	-2.2926702374032812
16.815909546728	-1.8579659652707485
16.64324590858827	-2.1107252870779325
17.396088238577974	-2.0076433893747114
17.35205299757896	-2.3411860227173475
17.396256133954424	-2.2973565073069766
17.422102823955388	-1.9412512797510022
17.417320216339387	-1.9235018092356755
17.444498500589344	-2.2230183884437644
16.598595285097847	-2.3333889802524364
17.49900796249437	-2.2110508477288473
18.030206172447173	-2.132144533081138
17.992619873728515	-2.145382362133948
18.011476909449364	-2.195903732181627
17.99981827733909	-2.2237981176329824
18.161291749720373	-2.116503834526054
17.932112044837574	-1.942688346676488
17.82960669313997	-1.998789954738299
17.88687580428557	-1.9292739038114741
17.75209545467543	-2.162808251893046
18.08044424375308	-2.34784572724944
18.217693838764422	-1.9170418285794104
18.218067991581453	-2.2835234168721916
17.746734925471713	-2.252305324433724
18.29168176243537	-2.1859833661377053
18.294499465069354	-1.982868063583106
17.677834215470646	-2.193638942091245
18.28004149214929	-1.8952220126819574
17.652179018676975	-2.142411343171237
18.294607177794095	-2.3180496389484064
18.370831896894433	-2.1173695246569624
18.309164035481114	-1.8797759777578782
18.38030084114464	-2.0482121006547658
17.631615504270254	-2.213623846363842
17.67316020459659	-1.8703144960286633
18.424639235124975	-2.1438119331138163
18.405520672170702	-2.317509330260011
18.488804709307043	-2.1280215124590067
17.521946786573693	-2.2541685107626206
17.53450603201408	-1.8909993958952858
19.08249516408542	-2.0837460643727748
18.91417667667674	-2.126629750840821
19.079080017302402	-2.164999234009793
18.973904313314584	-2.2233080066805635
18.85963546098541	-2.1511633439462456
18.83025497416393	-2.082601487199893
18.86203450279056	-2.2008061795586853
18.99425900825219	-1.9100499063942886
19.13796767309344	-1.9590244534618317
18.78619858171269	-2.1424139345004467
19.219745335246138	-2.096002295225013
19.219229894870605	-2.0507442449305966
19.10094109049791	-1.8572877493708184
18.756957965700735	-1.9662467001199802
18.78542336929957	-1.9057911887444896
18.798793149810304	-2.3128906469578863
18.771313915443724	-1.8874540811876692
19.31384292327714	-2.1502872226647596
19.34453318735314	-2.0713306283399513
18.616928331780002	-2.0716163821435756
19.389960209040325	-2.0982366179243117
19.363227604350826	-2.25107176479441
18.597272551250892	-2.1703174024769183
18.606337509382154	-1.9032739822833382
19.413726841189987	-1.9449992311863158
19.37944503450936	-2.3264448853363633
20.054377362146365	-2.1054379940387267
19.95730286851002	-2.162642751691687
20.106359700496284	-2.0753113984084326
19.885890759322557	-2.109022475571543
19.900076279545797	-2.003848471970964
20.12567121386932	-2.0138962377498304
19.908492438821327	-2.240986523314893
20.00610667851446	-1.89300939317472
20.187107010361622	-2.206932680375196
20.203332645709988	-2.0190225561053703
19.76491170803865	-2.1153879984669266
19.752963206334915	-2.1693331047095765
20.304917452505325	-2.0570575799578186
19.689203985865422	-2.04936963919815
20.220115270943825	-1.8640764637632943
19.635753455078987	-1.9793678815527476
20.372847679106926	-1.9199166208766123
19.564397811063255	-2.0405639870889214
20.442888814228414	-1.993592083176119
20.447738516597813	-2.2124472022260506
20.442784530661136	-1.8772433558628594
19.504101974493928	-1.9479443763763562
21.04084497037806	-2.072288902552133
20.94578934222728	-1.983427533397463
20.99387698741793	-1.9586273106486423
20.82492640940534	-2.083371501602837
21.17971013732806	-2.07399959437325
21.000321851402852	-2.309424051864582
20.826452553044813	-1.9744606916177547
21.23558156095994	-1.9791278692673104
20.73774193702559	-2.0505925258592286
20.777881692790093	-1.934901321805503
20.85726940967209	-1.8526961573812362
21.240757109598647	-1.9361945119042836
20.812399177744545	-1.8571384696121143
21.290615849251324	-1.969974339510065
21.347702898072836	-2.053578344011385
21.318588452847678	-2.250540287657026
21.323462235710412	-1.9221345184360201
20.64447770417562	-2.2136196773372245
20.63066354247711	-2.24483446496171
20.611568429106573	-2.235352568391654
20.590434394297542	-1.9255101891349442
20.515172155142203	-2.023243947925395
21.482799590585547	-1.9592973962516118
21.496582153535236	-1.9969954566324888
22.025064228269567	-2.0718185555385427
22.07243970132138	-2.101608982998741
22.081141930152512	-2.0911019961614628
22.018012348690267	-1.9437021190015256
22.056777530409107	-1.9102966430427701
21.800850333449784	-2.07039187769877
21.9345612510808	-1.8814211814851425
22.069486358752975	-1.8802945285393329
21.759410449834302	-1.9368455077124438
22.249752149280372	-1.9459593664358663
21.653959193278887	-2.0928060803397246
21.72116254950966	-1.8914254707555958
21.641192416479118	-2.203597179632051
21.670196462545274	-1.8862239540399133
22.377805881010644	-1.9217947990171278
22.39681389657211	-2.281373549858317
21.60537767973437	-1.8559296895347077
23.101783808496602	-2.157200523500373
23.057900461916226	-2.264466274250655
23.263547250623603	-2.094208512802002
23.252774533814016	-1.9971677322076304
22.872568028792667	-1.85208178797591
23.28083417953351	-2.135765188043585
23.28848308280195	-2.199676293343211
22.72033544824111	-1.9475603396925467
22.706685665540643	-2.285749944883805
22.59451511651062	-2.0960902182437793
22.626784749337812	-2.310258658496795
22.644710276582103	-1.8533916335378697
23.497863731517587	-1.9436091036592966
23.967910929374582	-2.0287717318734426
23.894117738858515	-2.1240200001444154
23.816857168969705	-2.2167786546743518
23.90164577015406	-1.8636637488744825
24.1902433669694	-1.923529535219152
24.275014369376454	-2.0157963523902773
24.229052501443043	-2.28822205214249
24.28351500139691	-2.244692642067125
23.699467110475513	-1.9038465419220068
23.656295400997422	-2.256363520244969
24.406469680333345	-2.000222319253875
24.425570630632443	-2.273728313546373
24.430057886845926	-1.8762659334997405
24.934328859332876	-1.9910641930799893
25.143955063948976	-2.2625615176765543
24.963299232403802	-1.883907630760619
24.766356594230277	-1.990161715553837
25.258447475086385	-2.043535373917913
26.138674570531023	-2.0491942771320515
25.83958956994698	-2.103523748617734
25.791051009488285	-2.036376448682564
25.929228308970284	-1.8782777045581711
25.699981146150375	-2.0312470596480536
25.664472037214615	-2.034225565906831
26.413268101812378	-2.1449621560200485
26.462713517223875	-1.9737186244327676
26.482052169665295	-1.8699139546063062
26.920288835301456	-2.1302170126093976
27.116761711761193	-2.0988894806546723
26.89059812407034	-2.178394888801692
27.057424662556837	-1.9458183048717084
27.14664585644811	-2.3388167660644616
27.288265360639908	-2.1964983501477056
26.712587571533607	-2.2125103503550503
26.66720995872379	-2.031188608430895
27.277914261769475	-1.8978428647493988
26.715993587355488	-2.307509493156871
27.404067173500817	-1.9846099257463046
27.471974739502983	-2.0284769816326964
28.09229698669529	-2.0175889864000496
28.16854193915143	-2.1303598499352945
27.86477744449482	-2.259295191116805
28.22217832491116	-2.1086040924350526
28.257622583736367	-2.3120706117093404
27.733138531074804	-2.3221644881474957
27.6506743533947	-1.9707502169006097
27.68963451252517	-1.8562442209942516
27.59313191681494	-2.2017956452829957
28.39677633945555	-1.9158143591819596
27.52899315338146	-2.0707425930118504
28.454327240694703	-1.8782979572221612
29.23527410164838	-2.2394620346090495
28.77959323893297	-2.284095566479375
28.664957456322355	-2.0474583331952116
28.720583338693263	-1.8688857300504456
29.370111142434848	-2.281845128398612
29.858935128177087	-2.1146877604289482
29.85478283222939	-2.161406610295762
29.91566151996941	-1.9219779056278803
30.003510355261383	-1.8848545759284445
30.271822237803107	-2.082396883415884
29.721294694848893	-2.0902610266770405
30.16906612001292	-1.868337006965132
29.749266823706886	-2.3099720358351425
30.43305445545736	-2.118820845275247
30.891602773698377	-2.2694958048940745
31.107742817224356	-2.34408968256445
31.34068271125787	-2.1588068337287383
31.336261540408756	-2.3219900068528805
31.348330867158626	-1.8643072883852423
31.4858604012431	-1.974101871230703
