-1.0586259546475982	-0.4490368079892855
-1.0587979558514242	-0.44914610349118167
-0.9136710446394802	-0.477694259416288
-1.0786861621176482	-0.5513890408388654
-1.0786341683164027	-0.5516440820115991
-0.9114258440094808	-0.4467460227532334
-0.9114458239919894	-0.4432951715578406
-0.8931672278098804	-0.5099431920405377
-0.8929961061618303	-0.5098557338781226
-0.8781768654931531	-0.4388558644338592
-0.8781584254447946	-0.4387518604064414
-1.0422150454212857	-0.35703336785887957
-1.0424647384175547	-0.35658664437564946
-0.9350185363377546	-0.36489911856825735
-0.9341607195019461	-0.3646379939655664
-0.872702464740855	-0.4145101917198367
-0.8723763045944525	-0.4140944989531829
-0.8419922204444801	-0.48132957358714695
-0.8415260118576446	-0.48178690970464555
-0.9237753091326134	-0.3584296111105944
-0.9237665822901707	-0.35830009970055193
-0.8543461859752957	-0.4136403384992602
-0.854328096387603	-0.41361514913282826
-0.8714380977547174	-0.3848152185478563
-0.8881483948254784	-0.6318249297829057
-0.8879156107045464	-0.6317956438516684
-0.9376334159386757	-0.33435710468777075
-0.9373723081151154	-0.3340531389215239
-0.8657594457852409	-0.3812494122675363
-0.8866009395616519	-0.36058094514318995
-0.8624751102341142	-0.38315128827114353
-0.8234460888626832	-0.45305738974867543
-0.8234112416720565	-0.4530564770902686
-0.8516463466528374	-0.3933113780186583
-0.867260531686927	-0.37425909046545736
-0.8356578221102969	-0.41261947173436064
-0.8776329528326071	-0.35929753462698283
-0.9233125218964054	-0.32654266672200066
-0.9234736278287662	-0.32642113859090827
-0.8991950795539163	-0.3392178885366689
-0.8412561710389026	-0.39271765259736613
-0.8869999839562936	-0.3433926573744377
-1.1025575956067728	-0.6637443045470306
-1.1025392465174195	-0.663941541873156
-0.8494142040847795	-0.37689639860890717
-0.8278288881213451	-0.4090585578962273
-0.8166669775372497	-0.433560345571695
-0.9109091031896429	-0.32454983448250496
-0.8566064753562759	-0.3634573902421205
-0.8636387939022656	-0.3523149908172539
-0.8141297296374139	-0.4225399894651108
-0.8963638861551789	-0.31986928026198125
-0.8878427277989032	-0.32317849064405824
-0.8712136702400011	-0.3347571743286847
-0.7941301839134738	-0.4563362205619476
-0.9303317978939535	-0.299743686219195
-0.8200320011285828	-0.38526423062360593
-0.7875603958374694	-0.47224732429714067
-0.7951232962538293	-0.4357916677061605
-0.807698565777431	-0.40209047160910544
-0.9176092733625248	-0.29959021095801514
-0.7841642265513701	-0.4602744672415142
-1.029684588264468	-0.2778181070944342
-0.8979646022728366	-0.29890551230081297
-1.0323954357163816	-0.27575733996041846
-0.938832478161105	-0.2795105637006089
-0.7838431164583832	-0.41781724525964686
-0.7665268532025887	-0.4815586464811368
-0.918717412300297	-0.2797146581696409
-0.7715108484578559	-0.4446341138800886
-1.1625927590723477	-0.3246326740224882
-1.1774214597467165	-0.33776050841812744
-0.7600411843821451	-0.5226009136227706
-0.7599285086933738	-0.5225815210121942
-1.147976744320755	-0.308880163582905
-0.7755012759373875	-0.5923034900501183
-0.7738386404535627	-0.5938104675886811
-1.2103253005442383	-0.37351171724055976
-1.2151600184780709	-0.3775681599897679
-0.7519570445483668	-0.4709659767356845
0.1583924417570569	-0.475166363579668
-0.14808440020005761	-0.3794149040564807
-0.1458355346796505	-0.3763698961587215
-0.14163089621333533	-0.37123463166822435
-0.1363386844136584	-0.3652756675508307
-0.13024554750274792	-0.3592539555245797
-0.1558457063722372	-0.3871292895227418
-0.14925294697153524	-0.3780681098286258
-0.1277880801249456	-0.3555222091669662
-0.1611591550353788	-0.39329905459185543
-0.1344594000599203	-0.3601928108342949
-0.16490797380775044	-0.3974317530133583
-0.15535610373817102	-0.3824756513332558
-0.14413750444385068	-0.36849632625148776
-0.12563567781744334	-0.35064387605300196
-0.16469144979818956	-0.3938280181546905
-0.12483234315430154	-0.34816608100807234
-0.11830444921184521	-0.3429294206868871
-0.17133687859980617	-0.40291031918813897
-0.16882845589391077	-0.3972915172489469
-0.133546268809036	-0.3525956189104836
-0.11314604295039567	-0.3363507693852206
-0.116562686706797	-0.3386678449855238
-0.14467175930593715	-0.3627389176284653
-0.17831321969332622	-0.41041314792856043
-0.12328777157900231	-0.34152307582790553
-0.17954251964489168	-0.40745515727005693
-0.18377131660470594	-0.4157390049828366
-0.10738330626460058	-0.32762061873561993
-0.11165684354039386	-0.33020454702577534
-0.1873657011478179	-0.41960517508641776
-0.10350672537796313	-0.3221648014980816
-0.17910818100459164	-0.3974702064142579
-0.10347344416332623	-0.31910979590493216
-0.19390011082372696	-0.4216710827710245
-0.19621151294392725	-0.4270542707964057
-0.11793011715711635	-0.3268615217194294
-0.09736609287642482	-0.31441909668589496
0.19352359155054044	-0.5832147214135062
-0.1926843607888842	-0.41351405650253314
-0.17387705696145225	-0.3774762565225863
-0.10090169473879837	-0.3125830561319779
-0.09364506030963679	-0.30725424749238556
-0.20413853211897845	-0.43394082443802456
-0.20642194669027683	-0.43353145126819603
-0.0901306238633929	-0.30239970301193775
-0.20980252946980957	-0.43909369154249506
-0.09768402373464538	-0.3019375171850257
-0.19897166108667172	-0.40408857252448016
-0.08593524607212893	-0.29498337317132467
-0.09106966530744805	-0.296076742823731
-0.21716464208383382	-0.4431427570031411
-0.08447933128699825	-0.28693288985525955
-0.07930256246162892	-0.284125701337333
-0.2193343177255722	-0.4286477192622003
-0.22552839893417484	-0.44827477536545146
-0.07502964022066576	-0.27822430030252554
-0.22896903353732687	-0.44683522165444917
-0.2343817630984686	-0.4583660835761093
-0.07263270366734188	-0.27271730259312577
-0.2400276845060095	-0.4628360760951357
-0.06911443587913221	-0.26357697275018177
-0.07633732676000331	-0.26531499106053624
-0.2453432460033091	-0.4529929653368884
-0.09592729515718473	-0.26872072923531465
-0.06691282019654035	-0.2553147105800371
-0.2522835264660634	-0.4684150160715493
-0.061856055442115664	-0.2515896658994621
-0.2426540229258214	-0.4140144469478754
-0.26144522266650894	-0.47641249713150474
-0.2641904207241855	-0.44128362811777
-0.2701145677332994	-0.4828723092288255
-0.27139989805320447	-0.4703971474033358
-0.28061980618550336	-0.48185334830804244
-0.29318184768475064	-0.4954270225227192
0.5310732507837204	-0.6596540157464381
0.5298276537320243	-0.6906252997056018
5.126265806573706	-0.4639837885825263
7.295260499727969	-0.41853686912728044
8.893071964755197	-0.4891779940952208
9.61741250169986	-0.39454440524168194
10.854546196894397	-0.4607426587271415
11.974862180067268	-0.38532491616578934
12.9502606017502	-0.4398548195384247
12.796027572552683	-0.49109899193405626
14.306274973992563	-0.39690080810749323
-0.8806012435062869	-1.056442693802271
-0.8805081560647007	-1.0565507706866413
-0.8827374505506027	-0.9020204768141116
-0.8825804084625014	-0.9020720261072397
-1.1632055482762274	-0.9167904695396345
-1.1632482128175026	-0.9166910781988732
-1.2009392513009425	-1.0579447281297456
-1.2010153777329966	-1.0578754654993658
-1.1305642322254803	-0.7856793579000299
-1.13061429155457	-0.7855078106714041
-0.8784469226293845	-1.2268389732667697
-0.878535344107403	-1.2271836775081404
-0.7852233720811429	-0.8468838397390472
-0.8851152140812615	-0.7607683931732084
-0.8849438489727975	-0.7607975901189745
-1.300747121766981	-0.9906374231832814
-1.2443710672786712	-1.2119494693557975
-1.2442629216071226	-1.2121604185490225
-1.3396821211789152	-1.023128319694081
-1.3405061766429422	-1.0248581104600156
-0.7504591097482878	-0.7614826325276896
-0.7439397752621963	-0.7655414485062925
-1.4403763007326558	-1.0750023592261846
-1.4408364775343996	-1.0756995394772448
-0.5771556577863846	-0.846055953900749
-0.5771159392045384	-0.8459044737298819
-0.5263993931943527	-0.972946058783812
-0.5261608230672927	-0.9727629295043577
-1.4708015009897126	-0.7654912534225784
-1.4708279165899674	-0.7655060753167566
0.8894751038128743	-0.7933078969875751
0.8859970908305099	-0.7796079462056119
1.2482713432598085	-0.880766094786805
1.2504668909332384	-0.8742670655301983
3.0892288141563973	-1.1903334079118568
3.0888803885702263	-1.1906745114486943
2.718064954450697	-1.1395822097185315
2.717714105307243	-1.1396013530542162
3.461364817250931	-1.2375854023879271
3.461434088533489	-1.2379064852340111
20.779757121823575	-1.1265026612735185
20.848921784714744	-1.2187455463074675
23.173588495129426	-1.0336431130160872
23.0200477683963	-1.2000767337170013
23.012957490711837	-1.2087991076283529
23.167857757675705	-1.1269905792940893
23.217240778254997	-1.0235629117349956
23.184665397232628	-1.154997622114041
22.934614906192035	-1.2493160939624286
23.263438175879855	-1.0890622280018527
22.71784712930831	-1.1417901666820942
23.357739983130422	-1.1679698631771291
23.35646232306889	-1.2388063997273029
23.450114944892135	-1.1526802477810913
23.421039833247917	-1.223461701674017
24.96906271571721	-0.9968664662681068
25.04607068562656	-1.0279083076464435
25.025459922975624	-0.952163966972947
25.047418293199968	-1.0771417296093013
25.109597757919715	-0.9698904121622107
25.07006111593878	-1.0896180665437538
25.131333586426493	-0.9918442880270022
24.8260162659218	-1.027986312891858
25.180141528706063	-0.9605299122304197
25.187446980730144	-1.1417670583168653
24.804443890898135	-1.1391737594746927
24.98086822142288	-1.2452970501288567
25.252457715913152	-1.054980252814053
24.778350551611666	-1.1499127678813321
24.777345653521525	-1.172275910312062
25.27928278361463	-1.1284934957400454
25.263014716141992	-1.1673610627515385
24.791193948953996	-1.236387854735615
24.71004142537285	-1.171737674545934
25.323099721302984	-1.1856500701777362
25.38684623655539	-1.1527612352177576
24.587374430717905	-1.235358659339737
26.935233442653512	-0.9436120060800034
26.89603208495986	-0.9753304932524226
27.08141102058833	-0.927553554305299
27.076827344029358	-0.9213988550584613
27.07070405348165	-1.115545145437053
26.867778607002823	-0.9094544298422718
26.843804325945612	-0.922452397384161
27.207210140458585	-1.0074391375760237
27.02189483320091	-1.2078596242102309
26.994618663084847	-1.2317629211024212
27.06685356518508	-1.23352108443415
26.753286070463524	-0.9974267770929973
26.753013153021122	-1.0223362009249126
26.814605133363372	-1.2016138078561442
26.723112878252568	-0.9186639882656139
26.707241749565753	-0.9041860069196145
26.641396786715585	-1.0816525009909745
27.395078222004518	-1.0360300781869558
26.58657674761482	-1.1669322389998757
27.456363462931996	-0.9935889281832377
27.439707262686234	-1.1491989577657868
26.57213460988219	-1.1832195627378677
27.480951706199487	-0.9440622207071353
26.556204678725496	-1.225716057463737
27.446664312944925	-1.2235952536788999
27.456708097586866	-1.2336056620528095
29.023666240139246	-0.9530576667640457
29.038373810975383	-0.9161551398824676
29.051328382290716	-0.8995148259248669
28.88762681326303	-0.9336266709057232
29.165741769512575	-1.0594459444875934
28.822974955276415	-1.0486927542858715
28.798888907214934	-0.9641302342871971
29.19222033608349	-1.0974648958249766
29.069641626065252	-1.2225159327682236
29.028210265291154	-1.2400702633093872
29.17385133909983	-0.8295086124798872
29.17792956360137	-0.8296135201324653
28.759351021702393	-1.1100525026773005
29.231603218864592	-0.8643349836003019
29.27255417063327	-1.0042963898683581
29.14888910964347	-1.2413252186705823
29.241446787843152	-0.828422464848503
29.267099223264687	-0.8683525127553734
29.318418995590108	-1.0325008348302553
28.655536170041376	-1.115060942700529
28.629987563948216	-1.1546263218226713
29.415509259030546	-0.9403724582480841
29.362608061519108	-1.2147196907225444
28.578851146224395	-1.020545018939086
28.570587109138028	-0.9080627616255288
28.577354592190797	-1.1285623913097307
28.52006988402727	-0.872545774354861
28.523477802745457	-0.8584603323708475
28.501092877834065	-0.9405559989048239
30.91152904055666	-1.0171596989158669
30.96268796745187	-0.9067079203302398
31.044774855985548	-1.0914768333986853
31.13893856340491	-1.0161844599847405
31.020083306440668	-1.1456641259483422
31.06111217292155	-1.1612676066930845
30.837359908382417	-1.073873086128253
31.037642127294887	-0.8138644032357598
30.832675334325433	-1.1200671173094507
30.856188905221423	-1.1586151228776806
31.162728559568023	-1.1757207149895994
31.206532894404127	-1.1515740991527568
31.178127187268664	-0.812730448523487
30.74186440306239	-0.9662047937557917
30.7687559185621	-1.147298094692519
31.29216075626256	-1.023153535159832
30.812631566502905	-1.2261245600310282
30.762295380300902	-0.8140256307481171
31.29816276667146	-0.909673428578225
30.701883955458385	-0.8836433249299028
31.24104928904211	-1.2261014304703113
30.682241822310626	-0.9038598895078958
31.32350935304318	-0.9186378628487406
31.30763116635879	-1.1794943401471782
30.692730212224653	-0.7658793167639621
31.396446588833932	-0.9681360442388677
31.383132083745227	-0.8803929565149082
30.58231379639509	-0.9120005574550201
30.564739053110113	-1.0340723493816313
31.402684776330776	-1.207707199334869
30.58897416616929	-0.7691272330859666
31.453485785932518	-0.8514562044540098
30.523101018314463	-0.9203540098003758
30.537982096436753	-1.1963054034909237
31.47714251039906	-1.168710824866796
30.50969575656855	-0.795926786621589
33.06119658676057	-1.037114940566359
32.930830027959594	-0.9771274048837914
32.9172168576765	-1.0203695442834708
33.07545279554756	-0.9254258454702229
32.99046753901986	-1.1062875346995378
33.149550942489675	-0.9522716081947497
33.13121393143291	-1.10524699163259
33.03648965529438	-1.1762044831687346
33.06932643189777	-0.8318184925816087
33.00541808587113	-1.2007151717155782
32.79051472324252	-0.959419551703452
32.885034766873304	-1.1818371974300892
33.13842427885215	-0.8345920676151283
33.21288520852837	-0.9369367870924487
32.90204621172225	-1.1996483121865247
32.80629044039665	-0.8876804310068105
32.79513790480091	-0.8995774359267665
32.77296327371546	-0.9688597502984132
33.13582628993465	-1.1896326478988555
32.7647627464185	-1.0431778345465665
32.81376119676725	-0.8448633635976825
33.2439989821616	-0.9740272826378584
33.265847774049845	-0.958784227552383
32.772791063875324	-1.239177703790248
33.323697719698245	-1.1075950483425434
32.67243436571143	-1.132817047974775
32.68825229805414	-1.1877674535256668
33.37668819447497	-1.0781601432858572
32.66552913529317	-0.7926307960623522
33.39345794241514	-0.8890562135237032
33.39273944070745	-1.116756575618818
33.352973516683875	-1.2092239798489919
33.3869291200379	-0.8540641144375328
33.41342026355727	-1.1336906944168874
32.619072788899864	-1.2095495780081982
32.59126628512183	-1.1553629502021971
33.39610717775733	-1.1951136189371816
32.57114672549561	-1.1414412847092763
32.59120737339738	-0.8025480196191773
33.45717891485871	-0.9932015855592288
33.47632875319786	-1.0063765356183074
32.56955141065463	-1.2385972706033923
32.508479115785995	-0.8729803385177108
32.528063416763935	-1.2172463450723585
34.988328431332114	-0.9962043355962178
35.053186412338945	-1.0448893638118415
35.010617452553284	-1.0750653523521245
34.949549100149135	-1.0819909656489464
35.09400890533841	-1.028731293768666
34.86867864716975	-1.0854403178520835
34.89557532348548	-1.1287666123946762
35.17541354256414	-1.020507824965314
35.132179236206376	-1.1205983700614468
35.015982218101946	-1.1983961503860032
35.18966034912879	-1.068473756974073
35.19357690747171	-0.9064071902646035
34.9128707778842	-0.7914869345313645
34.77110333228339	-1.0330125338302447
35.23764198528506	-0.9837522774588331
35.21445680360027	-1.108189253059745
35.167804134857576	-0.8239782321461333
35.0926788308068	-1.2299195148401174
34.83067359224606	-1.192719773412841
35.254713303670364	-0.9410899543869135
35.26328986128213	-0.9848505104801912
34.73546921219849	-1.024699795638735
34.885677875071956	-0.7557591144361183
34.72557034345437	-1.0230839175628919
35.14942311515353	-1.2331250672431147
34.72200766856801	-0.9874755510585668
34.781213459343874	-1.1735568367213136
35.24008433876995	-0.8394718739432032
35.241826425753175	-1.1737352104692156
34.72198384255968	-0.8765774499647377
35.31520225388138	-0.9841418611651314
34.70261268436858	-1.1242360608585371
34.65332843965297	-1.0337556964317625
34.690659726581934	-0.8376945453939061
34.66203921077496	-1.1132797737346218
34.688942333508535	-0.8020476604746232
35.33583107989228	-1.1652794616961686
35.360184757123854	-1.1080093676822529
34.637212551821634	-1.1509927686150119
34.638526257378615	-0.8376865042104151
35.40280808173716	-1.0799630264674058
34.62972525496939	-1.1787122215388564
35.38314541877453	-1.1844395764200615
35.43640048578771	-1.0856716359085639
35.44419910726407	-1.0316895937026
35.44292819689001	-0.93881563094985
34.5528622987806	-1.035779078024877
34.55184076277158	-1.1095234914066328
34.55339817528837	-0.8620434588703675
35.436290758760045	-1.1716271613048899
34.525984808470014	-1.058902348707547
35.48220214386403	-1.077796163918632
35.49034486007486	-1.2403152885476838
37.01733660323352	-0.9776078452328718
36.96869731132172	-0.9902955252748914
36.964212903039474	-0.9515000912837456
37.0810653048971	-1.0029627120196123
36.98735698011155	-1.0967852702696046
36.901780166523615	-1.0378311841291268
37.107643844780725	-1.0595424680760943
36.874817146393625	-0.9640256239495282
36.96517698812568	-0.8720835961230826
37.03191911753302	-0.8637093693668726
37.14138263778366	-1.0115650780203431
36.93928174114638	-1.130009389418603
37.10107861606285	-1.104023001592325
37.1170230266468	-0.8963918108225044
37.161971954763914	-0.9516312543712332
37.00305461856914	-1.1720610087258434
37.16939352509402	-0.9076041735790339
36.824428853084804	-1.1004216435101872
36.87303268798359	-0.832992936363298
37.11347428990219	-0.8120991906223939
36.99633784217882	-0.7740967361092131
36.77801659799793	-0.9473540206754592
36.76622929470453	-1.0088927875765168
36.74713143685	-0.9546499592737812
37.260036236685806	-1.027545651133154
37.261371920499265	-0.9830402753811505
36.73434242450406	-1.0273548765135008
36.83399491685003	-0.7891953102103363
36.74648528403764	-1.1295756306390852
37.250524210044546	-1.1562599113261292
37.29578013093304	-1.0676964857754736
37.30181484089611	-0.878660295403973
37.340628516645495	-1.0048767759650088
36.67922436855716	-0.8228940251015868
36.65912239788813	-0.8509035749757278
36.623642821383484	-1.0804005919233792
36.68120498453893	-1.2328998748417228
37.37470109863605	-1.1279815945920126
37.37885220330825	-0.8402037809865915
36.60518038760963	-1.1301010814000432
37.39867396939212	-0.8590406892898274
36.56822346047889	-0.9164922813222258
37.395292624371976	-1.1963493636167803
36.54842604052922	-0.9804881982111483
36.54482697193762	-1.0052089338680186
37.44207324328109	-1.1252356659002882
36.55228369852519	-0.8881371980359457
36.55378780864018	-1.1311543227552414
36.53361324483409	-0.9405216984376356
37.47743428353628	-1.0717460213754997
37.447498927663155	-0.790508166407873
37.499047277164564	-0.8452209263977677
37.4949905186874	-1.2023900669603533
38.995985854247486	-1.0754484390953156
39.00380527843994	-0.9088980752532618
38.907544835670656	-0.9908201713738064
38.91530106693462	-0.9451965166944001
39.05286547412583	-1.1144381045802236
38.887365211980104	-1.0856908149590767
39.02490759118564	-0.8518858622562665
38.848485012642534	-0.9792186259391777
39.159628854862184	-0.9934449692490738
39.16378946666876	-1.0184874828459327
39.20183989992608	-0.970150716222452
38.92789492491061	-0.8038962412157067
38.782300204637146	-0.9607974639393
39.18017685908319	-0.8679732298582139
38.817678462487436	-1.1423400843106926
39.12367091309623	-1.205956508343741
39.21411554773434	-1.1158947321095063
39.09135897403994	-0.7700389260357071
38.909234019507615	-1.2386669639921277
38.85355588626459	-0.7885279988587317
38.743694979868906	-1.043323186933363
39.25921931126259	-1.0613885881803573
38.76692857973175	-0.8428316087664567
38.7160135560214	-0.9685311741453771
39.232576461270995	-0.770331581137522
39.324644753088876	-1.0762071182844042
39.26271688865109	-0.7613969640150552
38.64335391397014	-1.0034152356374886
38.731644258398035	-0.7554190801588054
38.653830826158185	-1.1341834498353398
39.348661420146	-0.8498909625027002
39.323628047015475	-0.7988552332326954
39.36439236174506	-0.8692729392284987
38.65963161282232	-1.2130319201155515
39.33136136214899	-1.239254259623684
38.624264092314924	-0.8243935853272419
39.42023522965599	-0.9973753187402761
38.578210865462104	-0.9389773535765992
39.429135776858736	-0.9717275126346472
39.363605214506535	-1.2346117613602845
39.435303249763116	-1.0630904775443544
38.55329388851228	-1.0999658617758197
38.56709140582088	-0.8451626222530905
39.4733737943523	-0.8819064141926424
39.49957143032619	-1.0251184956879145
38.531251524300515	-0.7698005116779097
40.93810856905965	-1.0213579671378863
41.0339284571873	-0.9427383555342603
41.029960658893906	-1.0755189940864016
40.99488191790551	-0.8966829214420486
40.91318745869324	-1.0896610768111226
40.87059491066632	-0.9712878067457521
40.92916864744679	-0.8802307181648229
40.84066554982455	-0.9266160946334046
41.17990771423645	-0.9267881790428842
41.210449751855904	-1.0353183706059124
41.03495992370682	-0.7741521572567627
41.01485233212199	-0.7667087183419796
40.87441432388035	-0.7972361571750519
41.20723316638522	-0.8804619486667051
40.82630084823177	-1.174670089619216
40.858774525417495	-0.7848106476563164
41.07774751742045	-0.7526926682587256
41.220880300860244	-1.1469543587409183
41.134847406341066	-1.2414754214143162
40.760693719130984	-0.8587421239649099
41.21531218523146	-0.7731189334027228
41.315590290576104	-1.0069207961073374
40.72546684902528	-0.837244235979252
41.307628459818375	-0.903320255991333
41.30382968176961	-1.1208982505256089
40.66825323722461	-1.018317336461462
41.336219871576404	-0.9636633912099288
40.6980251302434	-0.8295652522735961
40.63527474907127	-0.8847119172005692
40.65371608179454	-0.8258219996566669
41.4032771439766	-1.0615688598669695
40.55553293408617	-1.0379348511904225
41.41637621685562	-1.1620624918773197
41.45331144886407	-0.9824923514708611
41.437583570556804	-0.8461354014130973
40.540097316364246	-0.9368477361567329
41.40606270744157	-0.7719971742073108
41.47924072424941	-1.0305539927866252
40.54875248093463	-0.8187609897941434
40.52460016238044	-1.1077302790337966
41.47917484612794	-0.9008613881105766
41.44759230857991	-0.7693252929562123
40.52559087100374	-0.7566754113957416
43.009068534483504	-1.0303002746997074
43.08521143986068	-1.0668809498825034
42.89344436877053	-1.0308938207445404
43.1067767203126	-0.957727396385385
42.913780016424475	-0.8740007869613171
42.8566441873751	-0.9165893316422768
43.06895105799804	-1.1729349940399136
43.00763940221434	-1.1903761466721252
42.82915695996953	-1.102101808665971
43.103095578817374	-1.184747613555843
42.86155583057095	-0.8279675978088433
42.84649236410252	-1.1651580917387951
42.87339212438838	-1.1984436610176834
42.75270476613415	-0.9116976359883713
43.213076693024306	-1.1556869534812835
43.258513829297584	-1.1379787265182983
43.30659615905506	-1.021196660087273
42.691006332804	-0.9927347632860761
42.78681569346953	-0.7692148253404916
43.30188609026504	-0.8851157856497112
43.21515946311075	-0.7520231379552752
43.30477099147544	-1.1635322421440297
42.60381303218785	-1.0820128948977648
43.38237764817667	-0.8168733274260824
42.63753596020927	-0.75489005099678
42.55390688755192	-0.9310394543583758
42.56540674808431	-0.8563333673422802
43.42882478030106	-0.8234918654548475
42.52129890982551	-1.0274679260797484
43.47010691330542	-1.1063005053007025
43.48500563144661	-1.1652674690560691
45.03236126523827	-0.9264752389875565
45.10221228274699	-1.0078141435599453
44.94111928132879	-1.1024971270372825
45.065894763396564	-0.8959824765798009
44.96252362722187	-0.8309983933600791
45.0763252516424	-1.157010358342436
44.855032489788364	-0.8418796307941205
45.10279753839626	-0.8088837883932616
45.05801307518812	-1.2138661022545985
45.01040916267157	-1.2378780145797763
45.24238866422135	-1.0085560482488347
45.135061088142045	-1.2380662266797913
44.80952840726359	-1.2057728319174128
45.27627831823649	-1.0852765882683453
45.29967543886237	-0.9516952157012146
44.74757404904827	-0.8066879110450939
45.347190571687655	-0.9913779512595989
44.665424080956626	-0.8222691567786808
44.60868255144788	-1.0782005254551374
45.43226488092246	-1.0233254476762559
45.4210089560025	-1.202036187467448
44.55392816695335	-0.8221502067547941
45.46487424997668	-0.8264936152983569
44.53401370528048	-0.7948779263158481
47.018135394973925	-1.0860828392357356
47.084613891336474	-1.033648127928638
47.16577735951777	-0.9964996118956233
47.04952118917194	-0.8216858739080015
46.815177086877725	-0.9514852980408952
46.90032480146124	-0.8361289505410513
47.15024248154677	-1.1298218563845568
46.8227195438382	-0.8615631900638687
47.26043597679322	-1.0397934451549264
46.72515016274752	-1.0267763741503613
47.18787866724342	-0.7820431787924121
46.76672474588645	-1.2026361626009219
46.71441342956023	-0.8462921033204126
47.24274830006761	-0.7688346746785591
47.34535066108658	-0.9093249408937106
46.72263547195849	-0.76626091458528
47.454558224751985	-0.8649415646175296
47.461892535292314	-0.839092033800702
48.94193839290427	-1.0759101967672888
49.12724997256922	-0.9663347919920243
48.97456602627748	-0.8492869716828613
48.87045943426682	-0.8938511658920583
48.95664453882577	-0.8261362947520189
48.85805226800244	-1.1335625249495598
49.1843749135241	-0.7683255468355145
49.27711789038323	-1.116039131092753
49.294332067332434	-0.9299922012729581
49.310591123446315	-0.960015511502352
48.76985828968612	-0.7512073439219122
48.632071624437	-0.9862619747702767
48.63224236308572	-0.8950260139846385
48.614017034169116	-1.020012567164915
49.41345789172888	-1.1078464247469415
49.35691447093616	-1.2412490639081506
48.61716093059783	-1.2006056290820046
49.434229612935255	-0.9543702423740484
48.56362982131336	-1.0364351416295816
48.5984363452118	-1.1813842064396862
49.38554572349733	-0.7630504683351316
50.999655397010876	-1.1122433280510056
50.898104995406	-1.0790385025115241
51.16467900107663	-1.0615218353305254
51.197044621775824	-0.9380083515904291
50.771793778554134	-0.9704438915300982
50.709869156219824	-1.0582209120288513
50.70820161751341	-1.104663366139533
51.30040984575245	-0.8620107213130969
50.69829815914357	-0.8083752030732285
50.58623738638112	-0.8738051434326188
51.441946528908396	-0.8636528326661603
53.065197836662584	-0.9466925347998395
52.96212338321224	-1.093878644913902
53.0556326641074	-1.1146820713805095
53.01693349226921	-1.1811008506003395
53.12019470117181	-0.8510246352820836
52.77715508098071	-0.9531737075169631
53.25505270018837	-0.9453146947490061
53.28407603012955	-1.0467435016968716
53.273676926484	-0.7747573860271149
52.7066804632908	-1.2238695994776063
52.613756147920334	-1.0552573469566968
53.4124948353981	-1.2178709976943254
54.96238138501756	-1.104762334811656
55.15983213796448	-1.0294182570791348
55.115586067540036	-0.8141659253324295
55.068183753806004	-1.2406593453627446
54.766671689857816	-1.2156067119486687
55.422759134334875	-0.9403668782363026
55.42164939937716	-1.1286712331295297
57.00105066336991	-1.0303061635435502
56.89982299512897	-0.9819404249352957
57.09611779036288	-0.9446707283197012
57.13758256595964	-1.0373318521371329
56.82733568229892	-0.7700617714724073
56.760227326691876	-1.200087602803938
56.68730498470828	-1.113190150141184
56.72896585780025	-1.2470212015655664
59.05330015460288	-1.1202665509294603
59.12369601009045	-0.8600207852151824
58.91137907348504	-0.7835493993205975
58.771094734447	-0.9180802222201271
58.78378704489036	-0.8010376997584546
58.634399629549094	-1.0665134522132307
59.40271414370974	-1.1202353048992142
58.60613634896663	-0.7610567384290716
59.43259176185661	-0.7957892985747752
59.43710773486987	-1.2206980013245365
59.48471492904256	-0.7746262900024645
61.03552803969229	-0.9387624881737271
61.101588524787466	-1.1231580461958164
60.83130354736391	-0.9842554910275394
61.17656646197095	-0.961409272522198
60.814943535546746	-0.8772701564914825
61.09403853865053	-0.7794007457651961
61.29634706585964	-0.990935967119141
61.285661026322714	-1.1038338966403969
61.28156595989021	-0.8765877676139984
61.21236916056942	-0.774516984515836
60.66672672168472	-0.9498024205062722
60.712503957935716	-1.2056007907282817
61.37830578346206	-0.9633258870018402
60.647977116547075	-0.8096365892172893
61.4242729591317	-0.8288196167517098
60.53252723370827	-1.125206218972505
61.48775244592309	-0.9723047994518808
61.48654203016892	-1.1001388667849117
-0.8753334781498598	-1.4248411822458384
-0.8750095412517562	-1.4237683241534071
-1.146373058942825	-1.6069677479489883
-1.145830680090838	-1.6086018402212086
-1.1579018215220906	-1.591849485001212
-1.1592275466491573	-1.5929578763124037
-0.8425547829251951	-1.6908666084298596
-0.8432396823718378	-1.6944374710368324
-1.2955026529412275	-1.3935036143615973
-1.2954804026845446	-1.3929377401708667
-0.6984065616751982	-1.3447006751222632
-1.3682858173085104	-1.4663935714983736
-1.4173318554335232	-1.4990155091351698
-1.4174202294848766	-1.4993716852383023
-0.6404183742158454	-1.2826958753705493
-0.6403592077907729	-1.2816568410915115
-1.443063409015169	-1.6341284602133008
-1.4438462224916155	-1.6351311295670907
0.02625847564793296	-1.41583478354454
0.02651717186628491	-1.4157523858935845
0.045681205261925005	-1.614192224788896
0.04546176213053928	-1.6144948171854487
0.15145174815647738	-1.5522214942355852
0.15159518905731664	-1.5522264339872234
0.1095043808831063	-1.337007309338278
0.10985029755551688	-1.3366335145140524
-0.08475780918980316	-1.309956854878077
-0.08501889111365385	-1.3100223382202576
-0.032384810851413905	-1.2602261034880367
-0.03212540358463881	-1.2600273723122677
-0.18674603285831673	-1.676470917133109
-0.18694222345252764	-1.6764002473554256
0.27781701011168763	-1.42354512451838
0.27842889403730353	-1.4226274332744033
-0.2805566458735052	-1.5854619315993663
-0.2809362209715743	-1.584278310068862
0.2600103231221109	-1.6874770157802685
0.26046704679895877	-1.6874794391924806
0.27633709232393844	-1.697933151196762
0.2764323269656138	-1.6986337090454828
-0.3549324355557227	-1.4120804213596045
-0.3550334428340032	-1.4117140844783094
0.43585281611498145	-1.5516079766359074
0.43592125130310083	-1.5520473500071592
-0.4171105192165077	-1.2544284479687662
-0.4173039239861608	-1.2544565619255257
0.8846580693646625	-1.418822340224352
0.8836835339131248	-1.4178638934937722
1.2376261811617248	-1.5573896177056936
1.2379724809343309	-1.556434225492666
0.5878043077273317	-1.6754261034361089
0.5876823674088485	-1.6758244561957958
0.5291056637686639	-1.2612740054026905
0.530091159866176	-1.2592892056281855
1.5954990429628544	-1.6791537631209348
1.595236701202388	-1.6786368005670012
3.8348747302005735	-1.2820134315163016
4.208924591530476	-1.3233872063283405
4.209217028586414	-1.3234554137681835
3.8346790235815154	-1.2817861319041286
4.959959485179981	-1.400006620824372
4.960077549063852	-1.3998402182799041
5.336506202358265	-1.435327588792907
5.336546188096571	-1.4355335071664734
4.584290722830597	-1.3626275045817597
4.584064043058335	-1.3627054646108283
6.091197675255989	-1.5019350502144204
6.091542391520513	-1.5019233846371378
5.71374948781025	-1.4694599607254162
5.713559030040752	-1.4693008267823187
6.469585178887134	-1.53335043834007
6.469730402773849	-1.5330142006838876
6.8485416395330185	-1.5632478392870668
6.848435350547887	-1.5630930033370953
7.22765049339457	-1.5916071795795173
7.227781211431385	-1.5921287530825354
7.985946704871555	-1.6457340934126852
7.986600250200432	-1.6463823636037036
8.364561825283268	-1.6732970886117464
8.36611319801938	-1.6713331919761198
7.607445809284978	-1.6193888316741618
7.606652321817133	-1.6193753734109868
9.118571806300862	-1.7267954294354662
9.12959348087649	-1.723458978020903
8.743086079933809	-1.6959466894571644
8.746066957743349	-1.7013588970687994
9.502431467535207	-1.7458824443103855
15.172802207969175	-1.7379539202595624
16.0174378719824	-1.6899330186038606
16.194451833631366	-1.7035302143505613
15.729894787736585	-1.706955391638563
16.293540606530282	-1.7111814999867194
16.82575430376095	-1.6472160667041977
16.749934566560917	-1.6199308664233532
16.713526972321834	-1.6204861467091183
16.69193721276421	-1.6317406562947256
17.340472989043015	-1.4343549551846166
17.402648428278493	-1.491170875738562
17.412147329657422	-1.6622994019370128
17.46569866561201	-1.638683298042313
18.12318929445868	-1.3890507432792294
18.044279950512067	-1.318857233783564
18.17608243572017	-1.6682759532746017
17.716697084980247	-1.621422711597943
18.310046507646852	-1.4777791813199732
18.30182432581604	-1.630160500061037
17.59539439211294	-1.628620960376673
17.62332279693923	-1.6966456192135164
18.439085223447638	-1.6015883071448205
18.455082615546335	-1.5273279609466768
18.488167616311028	-1.6614309721479787
19.074208146039187	-1.4945355153868205
18.968959020303377	-1.355102336373797
18.92209312416303	-1.3212487233813508
19.07951912758942	-1.678727319801178
19.21394550391679	-1.4717153073156357
19.22228390927828	-1.5276498662496323
19.270739798347837	-1.511859906170533
18.802913853836866	-1.2769887218880438
19.34809638510335	-1.5913615355702324
19.33716359829314	-1.6554306733462028
19.433575302629347	-1.5953223518060466
20.006898380357764	-1.4866718662514005
19.95229899231197	-1.504189572773614
20.11775155931605	-1.4743689907156365
20.12097329178581	-1.6032925942735188
20.160491952211412	-1.4531851783841405
19.87227790565701	-1.6151702267762915
20.009731197955848	-1.3014311554734215
19.821281595496636	-1.4066983144607847
20.11258639676783	-1.680233104284795
19.807577015386652	-1.6641491305934004
20.252641139375186	-1.5133053020508573
19.820663333521324	-1.7120817739899405
19.724578165958338	-1.3481307953775603
20.31142134437166	-1.5789805501909895
20.294547154026837	-1.6733996531694582
19.651081103833846	-1.2884296973688523
20.45684389802334	-1.3490811894959625
20.988154311288977	-1.4227004691317326
21.061120576676487	-1.4170778233807235
20.891267614288164	-1.4595426827218734
21.03038690755215	-1.3170854445157505
20.83955676431935	-1.6231658356947152
20.806274792212417	-1.4323933883675681
20.794406450956032	-1.5413995781308962
21.175660658259506	-1.615054314809961
21.212162378508324	-1.4963906782512335
21.10659722670549	-1.7285529183044788
20.752018813403605	-1.6311761218386205
20.754667565793643	-1.3408946356398153
20.710422031328832	-1.4181848715183105
21.294324051344013	-1.346635064362504
20.704295185467874	-1.6598817987352619
21.39633382930688	-1.6164657242638847
20.561223473198122	-1.2908439605532627
20.55018044372373	-1.686697453050656
21.49750978988724	-1.3323081196913498
22.01682798652896	-1.5236661944971108
22.06086319361736	-1.455222267189975
22.069236193662427	-1.565251070486619
22.124419006701903	-1.4261526946666119
22.0948695008796	-1.6395764025690402
21.874032069120773	-1.3479621273409497
22.102753965858984	-1.6929907850617059
22.034128283807068	-1.2716787410251538
21.822484923306863	-1.664712012110955
21.994766445809724	-1.2502686111047216
22.171502071425213	-1.6969880978151761
22.244636740087273	-1.3461334040480852
21.701742827970264	-1.494774599780761
21.667426363802655	-1.4329708768979577
22.347406385264414	-1.535282719125853
21.625754874594385	-1.6589632444635
21.604656232268155	-1.3763279549761993
21.574152373426035	-1.6263048930720307
21.547002439080256	-1.4577673596874676
22.442562137026233	-1.6408442027968564
21.553398238962107	-1.3429864557304552
22.474080108400045	-1.464134468276783
22.42655476866011	-1.2642465921544193
22.49059478210444	-1.4119756345780539
21.561861182295946	-1.2527531559375198
22.978021987973953	-1.5577868368767558
22.93733976551295	-1.4886639201665024
22.982139271994168	-1.4339312785512266
22.972489774278674	-1.419137586805385
22.938475154705824	-1.5598626698202673
23.097274457875674	-1.4892080579207687
22.86695079373365	-1.4860499476848237
23.090653386545632	-1.6237349452022427
23.080925272354293	-1.3670462000687007
22.957814692105416	-1.6530190177804667
23.10967134783138	-1.697292989509255
22.77174467710355	-1.5891326210201941
23.18859469495599	-1.3395690801595046
23.14468311066895	-1.2886702313748988
23.272237224051665	-1.4670118782267891
22.76579330492262	-1.6443627346282708
22.71791160958718	-1.4882131766615072
22.717103835327865	-1.6916917637085314
23.27733230883587	-1.7001951833174715
22.712473728875775	-1.729322441117363
22.639474555871228	-1.7249579726037791
23.431038091787066	-1.4717941283071223
22.571541755518567	-1.415918153630948
23.429497051888006	-1.42114296059249
22.536778881254648	-1.5271168959383508
24.016180212569786	-1.4786910250809622
23.97169202895807	-1.6090070880961818
24.019152661676177	-1.6379674808639004
23.869614024179267	-1.420798648972103
23.864262369204994	-1.588365467319649
23.825380320321674	-1.437596280831421
23.83777638308451	-1.3816730451078434
23.76996792831774	-1.5654379798067035
24.226445414519922	-1.593213846310189
24.249697393791706	-1.4283993695094224
23.81613300931116	-1.2989024973911523
23.80556766957113	-1.2777595801772725
24.295562029368963	-1.4596466278927223
23.698875342951908	-1.3270186214793958
23.719348605620908	-1.7063967345253819
24.35313679447061	-1.4588761386609155
24.26557752470719	-1.2531449867900744
24.294600142853433	-1.2851324409458837
23.642565445156034	-1.5898626291187856
23.638134776124705	-1.665211295267286
23.60699056996606	-1.600502716355158
23.598175456675957	-1.3777072256362561
23.58603811257208	-1.6570430904381248
23.561101753407925	-1.4049454205593772
23.50178867332329	-1.4378564697762806
24.476588913466205	-1.6908365876987634
24.94914200693112	-1.4962866253162634
25.076456047052122	-1.4622968259353017
25.01461396880679	-1.588819598172979
24.89423500068386	-1.4822315891392315
24.936573714077046	-1.609195617853407
25.114686774628755	-1.5961035838223416
24.815739766733223	-1.4726811851373391
24.83100019255642	-1.60655277375779
25.148752278885063	-1.3575812615669411
24.78581390914809	-1.4942204935691588
25.148609064505106	-1.6580365985244219
24.89297081946814	-1.2717939823719102
24.835438994809447	-1.302058560521603
25.183230176011534	-1.2991570728085062
24.7343535101678	-1.6186726449713904
25.285951392122882	-1.5671866609459404
24.75034203139681	-1.6586201492040116
25.282928748006675	-1.5897335808268132
25.31948050865514	-1.4915453088505368
25.27641203084389	-1.3066151830288173
24.746982555897553	-1.2615224285943298
24.631430301458927	-1.501313254572183
25.388052753971763	-1.4820567915381915
24.604770542726182	-1.6045435233716188
25.432047236120678	-1.4312495479304952
25.40034207911944	-1.6989514013144753
25.46357806732242	-1.418926994064402
26.002712250283086	-1.569419210063967
25.928327878884392	-1.486133487273706
26.128440045577175	-1.44202477764532
25.94166016725617	-1.646842675321339
25.88430600499935	-1.3816820050248861
26.047063204184536	-1.3320813156373377
26.105944893715826	-1.3313336687482753
26.16798809570877	-1.6072453588935722
26.186677810232148	-1.569921850386155
26.16151972695893	-1.3691706769525456
26.107258416941477	-1.3136666826300676
25.8991610263739	-1.2983298532068481
26.225372140382603	-1.5618143496209314
25.8382457267193	-1.6964693055413425
25.75236044236711	-1.4413542506487782
26.172489711945605	-1.282796616513955
26.18719227873459	-1.290697730542571
26.2890597499342	-1.5041795293010167
25.711234950340714	-1.5298598474099625
25.685317930010815	-1.5784784791627784
25.736200627816558	-1.2884275581090219
26.3623265091281	-1.5008404397776383
25.681012469494295	-1.3022069972144747
25.613430692018444	-1.5161039609693576
26.377441097368905	-1.327641765013021
25.63242140504375	-1.2831657434005248
26.426508405828336	-1.445319255199558
25.594725465330775	-1.6576804767880864
25.55342495344203	-1.5334861927055308
26.422170365259266	-1.7422269769368024
27.040889869683916	-1.4555832505167086
27.035662174350573	-1.4413907614941897
26.932845021151714	-1.4334720997588408
26.914988991264437	-1.5831207302712262
27.086458466143693	-1.6032986571042143
27.00067910210059	-1.3639288164882184
27.109984651941936	-1.3902752673799956
26.930863545975342	-1.3322442484499684
26.81738343601427	-1.5261429782315483
27.032948620258043	-1.3143932620672147
26.93378767986579	-1.6768494505879161
27.05976025117188	-1.6835514821336781
26.868672492881544	-1.3243738044161364
26.793977208623925	-1.421298723069866
26.77592286432328	-1.5066925777387294
26.985125918077035	-1.2753516800307858
27.07974704182733	-1.2863195375398442
27.05418356730204	-1.2699971705065365
27.24019815316748	-1.472720150523714
27.11544507692527	-1.2843986206477018
27.225023014755923	-1.6655452981822942
26.62635001425819	-1.5566459157654124
27.371168085168165	-1.3963978642837147
27.402221890621444	-1.4474320142335333
27.36605327447541	-1.318897300345651
26.591709921752507	-1.5725807908041396
27.42117968242193	-1.4380144356973337
26.598450138704248	-1.3392180971905359
26.5881377047458	-1.3348827824501868
27.44345933925371	-1.396179576909713
26.60986662370765	-1.2570282535342452
27.435343001503195	-1.659362673303067
27.46698400079156	-1.4000440698923087
26.52262657502733	-1.5627157759073371
26.516773108437334	-1.4784959134911422
27.48035513425246	-1.561556030145023
27.46257328157688	-1.346883590635223
26.567106123847935	-1.2548710773134926
27.45863206906632	-1.3067302839918788
28.06114112090847	-1.4571760541670886
28.039351733830177	-1.41759066376498
27.99153632238905	-1.4029572138914956
27.909279989001522	-1.4090144191877831
27.84724222150808	-1.4772311575253216
27.83411602499456	-1.4460829778357875
27.910164962493603	-1.348857940517661
27.847586138872376	-1.4088505073099604
27.87167954157363	-1.3532321423243368
28.160963271805173	-1.6143834499219432
27.90389819102644	-1.3195413781963041
27.881821152892957	-1.6840461891341383
27.751508605585794	-1.5324717789624196
28.255823741081795	-1.4577696408357241
27.81839557019631	-1.311721185413044
27.850422302752136	-1.2801953628069893
28.255158608113415	-1.4167136190142722
27.868460681544363	-1.2568213589115993
27.722683424857827	-1.4716262942669067
28.253416892541782	-1.364484506093096
28.261987824818085	-1.6730605745316558
28.29570234149445	-1.3760030982652798
28.32774725276728	-1.4838790998514608
28.3065490347206	-1.365793561807371
28.283857567727406	-1.2887986757796988
28.35073857562515	-1.428705278588011
27.628646422958983	-1.4779864114244086
27.604295098059737	-1.4849609725330741
28.336223734813334	-1.7427054439528176
28.343912392090537	-1.2652547995304748
28.412726265410985	-1.3094932545979012
28.462755033044644	-1.4146408203692151
28.4503212883359	-1.3530635533132225
27.54525624556792	-1.3392020428534883
27.54134585144082	-1.6976776906656372
28.95939974988288	-1.5209494632047358
28.9328469806083	-1.5034172424288414
29.05566354566697	-1.4524563967494333
29.098673228227796	-1.5932915981857443
28.98997605620784	-1.3639841541158941
28.95890307649151	-1.3630543207131562
29.166237944697354	-1.4472647336952933
28.925938722067	-1.3293163074341368
29.187829443616845	-1.5195460232471083
29.15505720351095	-1.3835664423807024
29.13730719633857	-1.3498419021098202
29.16267426412671	-1.3612784778094644
29.063141760103886	-1.2858979899176184
28.78681902999529	-1.5960746912814316
29.12010144297256	-1.2963463566147588
29.21127961916944	-1.6186542162220443
28.844798515666486	-1.6868999407220227
28.756859428007807	-1.4591243975278458
28.7749319366287	-1.3896869999763994
29.238713214966616	-1.3952869089471134
28.725905195695365	-1.475819250631044
28.760394697256437	-1.3267577817097
29.27739026805562	-1.3721832675309882
28.742876239056578	-1.2822906146098092
28.723977644372244	-1.29925650362719
28.701257745625174	-1.3120252112061157
28.74612647936794	-1.2514539065809904
29.35881387415191	-1.4902589650719575
29.366050829410966	-1.4636957763644574
29.323433229467977	-1.3144388560149867
28.584129021258132	-1.5768177383649578
28.586372812873247	-1.4031754430591086
29.382145482812714	-1.6876618795411478
28.61082717722401	-1.3268172317874012
28.609632023950756	-1.3208871330052379
28.56873680427595	-1.6802062482845102
28.527077495239396	-1.4278319611905284
29.4872688904132	-1.4193620100002733
29.492416043032836	-1.6765243422866445
30.051409146095732	-1.4822421280164386
29.97008271339432	-1.5527247375402593
30.058390947688395	-1.5543554377891906
30.011248769471766	-1.3969958467973758
29.8980551064192	-1.535474988174482
29.96215262000066	-1.3665073597080413
30.043692251132292	-1.3566651102671985
30.02846541799235	-1.6600942016189904
29.906200606933776	-1.636491998610831
29.925114779168247	-1.3479691227794384
30.122048519990294	-1.375972762802292
30.01423248827088	-1.3248826673558336
29.86374570469234	-1.3615701926702515
30.191231275275655	-1.430892395642388
30.05428108808532	-1.6998087081452427
30.16808422127985	-1.6597241054614293
30.02327757815437	-1.2656496831369077
30.23280334323958	-1.4026964160747424
29.93395028434672	-1.251232530558416
29.742685661906386	-1.518512860462549
30.217939817498298	-1.3148492972324481
29.721695572556357	-1.4014978431461105
29.83840697777924	-1.7485476131694484
29.75476205490903	-1.3270173584677132
29.696016876792612	-1.5980255463114326
30.291435177563134	-1.3416937693919786
29.742749384438838	-1.2906631416383725
30.343055269386053	-1.5321389279052677
30.350977672183713	-1.5022978759980663
30.328528370678953	-1.2855265650636827
29.59946848601013	-1.3911370761051947
30.405587578836812	-1.3908976435674631
29.593066643509182	-1.3488973876359518
29.613757784412673	-1.6999669790422134
30.401263470640824	-1.293792449098685
30.37663059099518	-1.2504020812408274
30.421712355515798	-1.3326979141321984
29.584510516852927	-1.3086452389108472
29.554690278560404	-1.3076978796665613
30.465394973580477	-1.3473734900260093
29.5022028965332	-1.5176436752579514
29.51441606936047	-1.6254096194725025
30.480684389115346	-1.3547672561267181
