-0.14504966239214673	0.14312180110134867
-0.13681495996415122	0.13410900210390833
-0.12849224535446546	0.1244580885960972
-0.11895189681644414	0.11663823256211517
-0.11201646083696026	0.11007747498360446
-0.1014635770082773	0.10079952473844642
-0.08955121445756398	0.0918445288181548
-0.08184708279282554	0.08319830465816805
-0.07182361752996752	0.07693046624426239
-0.08818906645524638	0.11253196056658918
-0.0637939477678181	0.06533648881695411
-0.0580685665782783	0.06161253093270569
-0.047065162817178874	0.05071412660310065
-0.03956227403758622	0.043560766626734665
-0.03230272614848889	0.037345593228159196
-0.023062822095401447	0.02697394724964461
-0.01863952769208127	0.018414547361177216
-0.04785587229460703	0.10690775333320893
-0.009720278035286745	0.01293514305962945
0.33529315713718144	-0.29818219603487406
0.3752005896745637	-0.3256521354108087
0.36613088733138044	-0.3208194671557204
0.33769413523252634	-0.3011806670549252
0.3525744226366273	-0.3124576272235334
0.325912829197933	-0.2920478583876692
0.30709630069196336	-0.2764346339929475
0.3134703392601207	-0.2837152309241112
0.33576770344891005	-0.3040149950683021
0.35867265603206355	-0.321180537864047
0.3807253053923398	-0.333862132006058
0.3182143338063065	-0.28940224421363925
0.30068526426261966	-0.2731313329448465
0.3994584044375745	-0.34485413370577644
0.37065552025002857	-0.33280293220438323
0.38413994557353814	-0.34001286900274375
0.2914902007640115	-0.26668778386120173
0.3453852921807564	-0.32170953053310847
0.2785459018663692	-0.2556488522752737
0.27766829011443167	-0.25603243359919725
0.3283759868636235	-0.31219935412859123
0.2937194130539392	-0.27870825830401436
0.28050941442578636	-0.26317450862005387
0.2690025173636064	-0.24978314962345782
0.26200352188386883	-0.2453142530340054
0.25579102216793215	-0.23565789781509314
0.2848562008794237	-0.27996461741360756
0.36118614560843554	-0.3445292149486391
0.25136246524310224	-0.2356850540686846
0.3042305044430852	-0.3049789507092786
0.2612307782510554	-0.2551707523729614
0.23704260478298772	-0.22032836664520314
0.2398035176978895	-0.2270762041636884
0.32450856096311975	-0.3319335099383005
0.24193558411260058	-0.2394367736895696
0.2279654248211314	-0.21717938734069625
0.21650144134619298	-0.2043528693580772
0.2198157580303723	-0.21311978669397352
0.21760561781407678	-0.22571418090151116
0.1995429996036438	-0.1909400736864303
0.2014668005000419	-0.1999272875265432
0.20208766824492902	-0.20306328484336483
0.19272692161655736	-0.18804568576683792
0.18557966606908322	-0.17825857292544112
0.17825600728197943	-0.17586151369456698
0.1693523674155133	-0.1696260752938923
0.16808361604557437	-0.16529338588332398
0.15982917484709203	-0.1570337473179609
0.15137044289677476	-0.1492722176244239
0.1446011802151549	-0.14172434497823594
0.1369628315479171	-0.13781659852251973
0.5561824497717928	-0.5409304058003909
0.5561130566621878	-0.5408612713538701
0.561081427390493	-0.5456920559557947
0.5512023293565754	-0.536087188004981
0.5659516922039147	-0.5504299771645271
0.5660292787918397	-0.550502879841257
0.5462830598001578	-0.5313122797092875
0.5462215488846792	-0.5312382948155036
0.5560029397512092	-0.5381375217132397
0.5615569779384483	-0.5435068953569764
0.5708736687015374	-0.5552123999426674
0.5504968343127963	-0.5328115763520669
0.5412980531294891	-0.5264579325023718
0.5671303970731316	-0.5488950112986098
0.5449958762965543	-0.5274952338926207
0.5607038319041513	-0.5397906103643378
0.554534075047444	-0.5339654308439198
0.5757542633671409	-0.559956406147715
0.5758438945298201	-0.5596221080807261
0.5666976015378423	-0.545697018442483
0.5728849612113368	-0.5541566798972968
0.5363261073819751	-0.5216250999702461
0.5364056809894947	-0.5216362612734241
0.5485536240934431	-0.5282550727662664
0.5395435168127	-0.5222120517404726
0.5728594296527831	-0.5515855353861103
0.5804874708529918	-0.564559385521138
0.5783240995034327	-0.5596899234115279
0.5426002649055129	-0.5224472405892866
0.5613420909384748	-0.5360568388381367
0.5314107610634142	-0.5168448891595301
0.5545314561527739	-0.5297922549407337
0.5340885417406648	-0.5169346197317792
0.5791316300586657	-0.5570907903866675
0.5851213391403233	-0.5690765950161145
0.5852955827705425	-0.5691599541260033
0.5840092085426453	-0.5652155898746871
0.5367894396971785	-0.5166932612724043
0.5483770057039639	-0.5224824246158544
0.5264774858882518	-0.5120386401486202
0.5267917423692876	-0.5121126947486164
0.569681344696765	-0.5399208671549244
0.5850217020397722	-0.5629441008860108
0.5287920960894662	-0.5116185647039072
0.5897847398260739	-0.5735984614786228
0.578082696913623	-0.5480441409340715
0.5896898821798661	-0.5707041493331496
0.5329053881108934	-0.5108817181658497
0.5215658090374365	-0.5072732335143929
0.5232789347921694	-0.5064767050956507
0.594321017536382	-0.5780055992010177
0.5920936195783257	-0.5689601020431378
0.5949178570944442	-0.5767100282284418
0.516686596125254	-0.5025302584225
0.5963341313348457	-0.5755866601381097
0.5832995174462842	-0.5455430194868324
0.5985701917789545	-0.5821493351182181
0.5179148707770794	-0.5012982820564482
0.5352617842511446	-0.5049239174299143
0.5268870127196299	-0.5019888242436192
0.5117766290923703	-0.49776476392259283
0.6013440097114197	-0.5817069562538202
0.6027256273538228	-0.5861721928915631
0.512881978963855	-0.49574623003523766
0.6041098282068815	-0.5853384158827837
0.6065467653133951	-0.5899034377866346
0.5069439629962442	-0.4930227180027827
0.5145323074445696	-0.4925923390863064
0.5072515361767985	-0.49049381539277204
0.6054095747858916	-0.5682707614730057
0.6101113515605269	-0.5933246153987513
0.502053361740236	-0.4883289618374643
0.5244393788786527	-0.4898626480346142
0.6133083627675673	-0.5964556031337509
0.503556686265317	-0.48603885919834655
0.6139905266492689	-0.5894482689071692
0.6144856060199968	-0.5841944183817834
0.6161376806342789	-0.5992477461233691
0.4973820265809115	-0.4835250697595782
0.5045691737096947	-0.480546707767185
1.4752482919659646	-0.6926124266824697
1.4721337256443165	-0.6931928692603297
1.5453698630900399	-0.7318206497239894
1.5453848831554888	-0.7318224168302562
1.3886956123218148	-0.6903026853251258
1.3886438414243016	-0.6903993308444001
1.6890389351389534	-0.6848351641453312
1.689882220246653	-0.6849522117598296
1.4500160462863942	-0.8035437481547842
1.4500160431396951	-0.8035437503380719
1.3310414283639502	-0.7559098894830498
1.3310414293338237	-0.755909891572533
1.2886958247433695	-0.719069676944168
1.2807458269278795	-0.7225757706459506
1.7061569862425778	-0.7732182449432089
1.706159732224456	-0.7732208447950187
1.2354898736841846	-0.6508545553719962
1.2353515897082628	-0.6508731992647079
1.6383909819627096	-0.8414098764889211
1.3030262470917844	-0.8285940736062717
1.303026246199964	-0.8285940740427509
1.2144926564242609	-0.7095592807634178
1.2144926442968969	-0.7095593051015342
1.215846692169774	-0.7825694551409619
1.2158466866733837	-0.7825694542953483
1.150892557318535	-0.7409598699544931
1.1298033776831584	-0.7375006875234353
1.1297342784642335	-0.7373684771503561
1.1010135306928026	-0.6646226690783531
1.1010135144741748	-0.6646225968786876
1.1513115415619413	-0.8127477050234939
1.088535822169836	-0.6093932352800416
1.0884995355935456	-0.6095264013818437
1.1234980713412996	-0.7787995773612095
1.910780128196983	-0.6969337794816409
1.9109944686235747	-0.6969822731021171
1.870604376168155	-0.8155115751669547
1.8706048138485587	-0.815512843533578
1.0871057481056479	-0.7724215755568539
1.1127440029871405	-0.8424446867806393
1.044940263831049	-0.6931111135266858
1.0252147434059977	-0.7072682261698702
1.0574202615991883	-0.8146970585376614
1.0232404338718841	-0.7326447559169225
2.5706551814293865	-0.7611344960997936
2.57063851601799	-0.7616555363356206
2.3490233874463153	-0.7394841194371864
2.3486236590410288	-0.7391524019404602
2.592388128444244	-0.8373397897454941
2.6444801158427644	-0.8252554856782414
2.6762417853148577	-0.8287955121660157
2.6699115366397277	-0.8348081566349532
2.795102054991668	-0.7862529550471296
2.7953658286292176	-0.7859838089815502
2.1302955693587626	-0.7175176280175883
2.1299457721748443	-0.717682237120681
2.909328625744521	-0.792696617766244
2.9124246497193833	-0.7901975863796654
2.981076722091509	-0.8071168061521392
2.993474643617149	-0.79912640447187
3.4151317092791316	-0.7330265074110819
3.4146916808709453	-0.7329764795808952
3.6133970534415125	-0.7738231107883986
3.6753496543765687	-0.7140311293925661
3.630082012145649	-0.7646145170513376
3.67711765772193	-0.7153942844585446
3.317643540151708	-0.777859078683174
3.2901030151848167	-0.7833159774695856
3.247123080101659	-0.8408723956590342
3.2470995989384885	-0.8409029871012315
3.1596338347407205	-0.75818921848904
3.1585715738969316	-0.7587775923828641
3.8903291857234654	-0.7371175010981355
3.9393477637567944	-0.7007862443714973
3.927563683978593	-0.7543586123446462
3.9465071615721845	-0.7036643204987956
3.9551825521678095	-0.678661663664478
3.020705505400613	-0.8129160155797396
3.0205882546588145	-0.8130277913079946
4.466194640597252	-0.6403333238118619
4.454288459818538	-0.6426029241820521
4.471390207178372	-0.6839358458978102
4.4684983027432335	-0.6871049170941197
4.495782825114908	-0.7461679244262049
4.467425009439802	-0.7594272158613303
4.736945093281934	-0.6792910602544039
4.739740822237084	-0.678154173840573
4.786797469585979	-0.5641262396423364
4.76319490287591	-0.7476640367780765
4.738466729078281	-0.792058447897368
4.204639609942932	-0.6913157309260394
4.203112227514503	-0.6948151760095398
4.216690755799338	-0.7483958419400053
4.196640862135207	-0.7641935495015976
4.84814807512342	-0.6097669777172233
4.0415841704137065	-0.6761468282011718
4.996411491166006	-0.8093651998769079
5.554419609667643	-0.6688454692007669
5.555579349482582	-0.6694417446117422
5.582691747302221	-0.5646282467741666
5.603480651102625	-0.5569308412761392
5.494241123926581	-0.7316100119868187
5.500056841071852	-0.7788224875699351
5.7036724598032364	-0.521413590594874
5.281770775579268	-0.670739831657597
5.280012671384433	-0.6706896353662222
5.733959135078127	-0.7058515744183944
5.733065085851095	-0.7313000131750169
5.2238182306317205	-0.5858523263747434
5.259450584426747	-0.7473177824754705
5.208793538465438	-0.5892205489417187
5.830282884388646	-0.6697973229259551
5.830834311942178	-0.6704779237772954
5.850613016026499	-0.4508606173326786
5.915411218890537	-0.5460391108354241
5.937102963066036	-0.5505444418551155
5.980648201305279	-0.6761621528496708
5.981595757038306	-0.6900223468464081
5.0098083998845135	-0.6737596378916885
5.006999229028817	-0.6743594751104094
5.018262174760906	-0.7500506322247507
6.4924151268761126	-0.6183200718526662
6.4927303760057145	-0.6222608510690387
6.584108545366874	-0.5074922718291394
6.61673076486561	-0.5227175016144929
6.380466802822877	-0.6798907962082383
6.380248248846757	-0.6801331633485194
6.574381316982242	-0.4732420888782015
6.609600768740958	-0.46639309585652317
6.6528671863670485	-0.6858689511220881
6.653040344017002	-0.6858158007089903
6.29111697253577	-0.5285739048991128
6.280411725911721	-0.5361948414579497
6.75787485564987	-0.5952745441188662
6.759068661525883	-0.5924549583451475
6.2327056499485725	-0.6462396749088065
6.232569932079549	-0.6544983821286507
6.173510237524291	-0.49675261706134016
6.155392105513933	-0.49350815142793336
6.106314318334218	-0.6737308484410834
6.106283123070059	-0.6743485032039236
6.925387665099802	-0.6910598647685386
6.925476949806508	-0.691052154704802
6.941279041965667	-0.5119904307777265
6.944705022702121	-0.5102047431413468
6.928685693343787	-0.4199598240135074
6.982430407396291	-0.4565082176971366
7.5588522248401	-0.5158700597034841
7.576614944584031	-0.5311197411321295
7.47179042256295	-0.7013028659449271
7.471761037087333	-0.7013044267175482
7.574170302273208	-0.4909674131084346
7.598548997118634	-0.5095237392345757
7.472653669179605	-0.40366674175776673
7.306380264771543	-0.5429751755240454
7.387894388949783	-0.4305886813918377
7.3002421779101505	-0.5505626902905971
7.355945518721728	-0.42985667251644843
7.591357036395486	-0.39650687613582825
7.259763371081304	-0.5077841542875009
7.745522141455839	-0.7067790210606163
7.745542829377304	-0.7067818097105935
7.247461202524564	-0.42748002045308675
7.751505039719757	-0.42507694157899645
7.198400464044479	-0.6961037210485591
7.198347330536343	-0.6961026426688621
7.837885038445799	-0.5075875588230682
7.80105217446744	-0.4060283409836164
7.850635042297172	-0.5151116265265001
7.905261322251772	-0.4933094412673136
7.907013100290786	-0.47121546261288605
7.030499686479777	-0.5682981181235384
7.028533236840573	-0.5716337373728992
7.991937218721588	-0.39389721906137404
8.502859168856732	-0.4745628592505714
8.502919342059215	-0.47288493097654427
8.56810874918039	-0.7248033472337956
8.568116439504506	-0.7248133581307269
8.408803463466164	-0.48666801416460626
8.397734574145147	-0.48062650977513216
8.492580471890905	-0.40650196818000905
8.51437920477713	-0.3955653159348485
8.679996551037334	-0.4676333354043585
8.691892798758328	-0.4747262662614745
8.436111928228382	-0.3783252623758259
8.293754964513973	-0.7185650122443293
8.293744933401827	-0.7185565295382922
8.730321424636672	-0.45347801832857026
8.36214185286712	-0.3549097567026027
8.20847398902503	-0.48324228024218296
8.79476506079098	-0.4712381628678346
8.18132880202507	-0.4736767799682572
8.842606776842553	-0.7312497801526658
8.842609924011748	-0.7312608992099584
8.130852568290022	-0.5001652593828421
8.117788613881931	-0.49370665112586515
8.85526564365521	-0.39899055646228443
8.130327069378627	-0.4177442548833665
8.841346483175764	-0.3654868934260296
8.861562502473227	-0.3726858436065619
8.117062568318067	-0.4095515962202794
8.963269953584216	-0.45527124783448436
8.972340133802627	-0.46046184561350945
8.019551855797864	-0.7125416787957093
8.01953663372308	-0.7125380240579703
8.031223148538984	-0.38307396767972735
9.570493724623168	-0.4808603807328824
9.541303816390716	-0.4370147567543645
9.528953606307114	-0.4323173559502973
9.391948575382512	-0.744650996229742
9.391939752764427	-0.744660135556824
9.623602230641826	-0.46795674716838725
9.351766651141665	-0.47293784071150324
9.666758712935115	-0.751572583159117
9.666767624217266	-0.7515729468520701
9.526417195420489	-0.35312907831611157
9.584795970010413	-0.36639703070131413
9.615572979419268	-0.35620723186220216
9.302001603577935	-0.4003470937254072
9.256534802108566	-0.45118080050911313
9.246937737022145	-0.44311163400525566
9.211872352703764	-0.38468403989423483
9.814298790828069	-0.424540077057555
9.82509272034093	-0.42822456443240553
9.223314040735875	-0.3554353087547745
9.180424736384946	-0.3826702508840979
9.884333642918552	-0.4708043879018662
9.117223510470684	-0.7378726368528521
9.117222130205228	-0.7378825374105906
9.869733542647387	-0.38718890015752316
9.075653013116087	-0.4735290909140709
9.063235339625935	-0.4748650548855962
9.941669557104493	-0.7586125804281719
9.941675537020545	-0.7586193130601111
9.915471524125861	-0.3700761138922636
9.930110810713447	-0.389220945521661
10.435091446678943	-0.5096225564091605
10.491736946506036	-0.7730348329174721
10.49173974837084	-0.7730357707996887
10.39035797032879	-0.4595765652996156
10.63110887349201	-0.452366371890744
10.32238404624677	-0.5127092309943797
10.679098338696344	-0.5078675314078621
10.392652984364652	-0.4150072229212383
10.398075377484748	-0.408998819506619
10.594918515020805	-0.3619692561972657
10.688614233123543	-0.404671924866791
10.689202318769327	-0.40035342987562383
10.766880478214453	-0.7803895546082358
10.766883872617395	-0.7803917812307202
10.285982904131679	-0.3553570964384861
10.216666621700554	-0.7657703028279597
10.216666441257745	-0.7657770850827047
10.253375152359986	-0.3580148144275096
10.141747029085847	-0.46850550822725123
10.868494023930376	-0.4457274949978025
10.890156817555535	-0.46451022799264874
10.113808275711307	-0.4174274923996012
10.100907013397775	-0.4182612293070255
10.035160793867414	-0.5168255582614878
10.934340470854112	-0.3524637719591214
10.980430752766427	-0.3937840688218429
10.98163598194947	-0.39184652050640767
11.382735440243685	-0.42939177404850004
11.368233820951225	-0.43045200465307937
11.625421564739241	-0.42032355097383123
11.592729009753592	-0.8029145165978968
11.592723134191091	-0.8029374361289998
11.563404292121607	-0.3756578936728471
11.642799662731882	-0.40555069519184517
11.56099941230292	-0.3649162719072467
11.579708868613157	-0.36619314784850976
11.31738150430064	-0.7953364552687421
11.31737269307353	-0.7953500666108586
11.274331304713428	-0.3822488105995918
11.271897885060703	-0.3842856999298765
11.136697657763676	-0.4531797667334778
11.11701335362517	-0.44118008395918606
11.868147261445968	-0.8105567496831376
11.868135781364888	-0.8105863757296963
11.8547963253247	-0.36751834875982303
11.884769807704314	-0.40911987268232464
11.856084288241982	-0.35668181214427164
11.879264631598627	-0.3915179771152452
11.042121279348272	-0.7878154855368665
11.042069556930072	-0.7878432054739979
12.416990710591369	-0.38536567612090616
12.419200177143667	-0.8260203475096802
12.419142566985375	-0.8260383935228142
12.400714354320883	-0.3749369588915754
12.434774349630008	-0.35922523498003944
12.436703951467013	-0.3564242974595499
12.665443649804004	-0.36582308226478905
12.68606604694448	-0.37401154301435574
12.694800435394741	-0.8338160253132932
12.69477406283671	-0.8338469964394466
12.72969435342288	-0.3533209902753701
12.730399170871037	-0.3523247323799593
12.149708180597562	-0.39898373731749903
12.1436238598016	-0.8182657654868548
12.143622446371428	-0.818283104878776
12.136586667014452	-0.3830843780917529
12.145528595462348	-0.3606474365565405
12.135245865003379	-0.3640157391618156
12.938929218642789	-0.358428519756806
12.95862790027669	-0.3601113854873808
12.970468461120124	-0.8416691801177438
12.970476612312146	-0.8416838133233572
13.246226943425953	-0.8495545321694808
13.24623230596301	-0.849565956037597
13.229648734334498	-0.3523908033716129
1.067865853440637	-1.0384356980245364
1.0681178973733874	-1.038680816028729
1.0584561661063103	-1.029286246592209
1.0584561321491792	-1.0292861685313859
1.0774742883681265	-1.0477787473839741
1.0774746346489263	-1.047778890644614
1.0489999138925865	-1.0200912803095246
1.048763550020189	-1.0198617267858432
1.065337905235055	-1.030795083923495
1.0650814335983543	-1.030547282134176
1.0756550423021254	-1.04077587726375
1.0548907491806172	-1.0206889287961198
1.0867483973116316	-1.0567961190268436
1.0870317702922891	-1.0570718219751634
1.039281677141915	-1.010641988557529
1.039280065966966	-1.0106394461013413
1.077106396699412	-1.0395303278299597
1.0860918708439442	-1.0508724600889356
1.08634843050908	-1.0511207364527575
1.072731883944123	-1.0324994132909513
1.0645412651566957	-1.0246230279178652
1.0725681565925995	-1.0320694004538715
1.0448312064298881	-1.0109565029309466
1.0445762195171342	-1.0107110052577681
1.0572486009408972	-1.0176044163944844
1.0569394769168359	-1.0172059157226405
1.0809742857119518	-1.0404348684310263
1.0962143064823295	-1.066004402919329
1.0962224137072376	-1.0660082607975214
1.0500755387344491	-1.0107034185519765
1.029790663147559	-1.0014133359057993
1.0295466800336739	-1.0011761484411295
1.0895296615836698	-1.0487338295411448
1.0900066933004213	-1.049086659693429
1.0968996189865339	-1.0613275426584585
1.0346585711354959	-1.0011169260373034
1.0437834077888335	-1.0045773835918803
1.0444364250879792	-1.0035722881569313
1.0989690593090273	-1.057749930885452
1.0382028664361374	-0.9991562830946233
1.1053294930302935	-1.0748634729101854
1.1055807596223928	-1.075108020417583
1.0835134156795747	-1.028842176161306
1.0200544772340177	-0.9919463698122953
1.0332946056131422	-0.9945767296735537
1.0214712086903752	-0.9912938783623644
1.0248806247005189	-0.9916518669594989
1.1075577035198165	-1.0716044386293184
1.1078540063182005	-1.071851734267429
1.1084688339891409	-1.0669480237664228
1.0595208666929952	-1.0027428892390817
1.0267510962084088	-0.9882179310849319
1.1008152862573874	-1.043915903674202
1.1145716323442543	-1.0838502440936402
1.0308105731349966	-0.988233868994246
1.024558590884079	-0.9862118830185763
1.0780607413217562	-1.0134256715270713
1.0725538150172258	-1.0080369705006356
1.0105664660364393	-0.982720850509952
1.010332384296478	-0.9824961620364541
1.0150126811650522	-0.9821122412415337
1.1185662870398911	-1.0822942786534782
1.1183708535584818	-1.079748467014321
1.1182179366070517	-1.0762578991989378
1.114942999698273	-1.0633327565445438
1.1234291294407526	-1.0924632656710693
1.1236778470318791	-1.0927054925087392
1.0008666472015444	-0.9732893208258505
1.0055670700892172	-0.9729350798579248
1.0052701128907457	-0.9726545154625739
1.1283865029913787	-1.0859859718960676
1.1294170671708768	-1.0927862955220247
1.1323849881678378	-1.101171039428573
1.115224517447027	-1.0277359475794798
0.9914075634905715	-0.9640977764499327
0.9959887438090541	-0.9637239881185755
0.9911875849287173	-0.9638802225663919
1.13981995997662	-1.0952215536799503
1.1406154480108508	-1.103600119833609
1.1409099889194252	-1.1094351909256368
2.067335451225795	-1.0564445785489835
2.067335449030771	-1.056444572566666
1.930888673863566	-1.166492349372188
1.9308886160334167	-1.1664923177403481
1.9417831860064085	-1.0042819712411803
1.9417831695250918	-1.0042819654992508
2.0220804611658667	-1.2162823708113903
2.022080460926583	-1.2162823714499633
1.839957666462192	-1.1169905621340763
1.839957666435918	-1.1169905623035608
2.1687529371147134	-1.1713648854822403
2.131581906524391	-0.9633801410226374
2.193581231825731	-1.109213033924847
2.193581251751756	-1.1092130449142596
2.1134981090790435	-1.26632877139794
2.113498204974558	-1.266328824450059
1.876300776973043	-1.2755753233621026
1.876300776873549	-1.2755753234317082
1.943146518562209	-1.3187111153783255
1.9431467666825346	-1.3187112756084582
1.809552880031329	-1.2325581733518716
1.809552706972453	-1.2325580617366108
2.1088509231500194	-0.8949178928998583
1.817067439704121	-0.9528084714245815
1.8170674375484834	-0.9528084737642216
2.2146802654619036	-1.0010462086538234
1.8802713408566452	-0.8902180259277721
2.0379057246901446	-0.8588791544278287
2.037905399430288	-0.8588769597601413
1.7493298331646066	-1.0678140591099048
1.749329799450991	-1.0678140407078573
1.8848045621467828	-0.8644649494834484
1.7429140493861124	-1.1896717985524552
1.7429140491466601	-1.1896717987062562
2.207457360405796	-0.9032875896799535
2.2074545800732523	-0.9032846561988095
2.2051126454122314	-1.31660406618942
2.2051126455689065	-1.3166040661046656
1.8082032730195166	-1.3393574027754642
1.8081995796947055	-1.3393599121089466
1.7580575772749765	-1.3033114286856118
1.7580570265046491	-1.3033110293346235
2.3204066764216007	-1.162515248776716
2.320406677129926	-1.1625152508176952
1.6763978547578595	-1.1469303519765441
1.676397741856129	-1.1469302795948955
2.280153574650631	-0.9207346265989882
1.707959588812139	-1.267323076182131
1.6590566155599797	-1.019005837022425
1.6590566039571901	-1.0190058352406173
1.6933693084630475	-0.9021196836155038
1.693369301613861	-0.9021196839145394
1.6579138843050978	-1.231397399894332
1.658795329143826	-1.256880656529051
1.7015850633848166	-1.3420755352887626
1.610019573957974	-1.1043496357192832
1.6630077293170367	-1.3121800757936257
1.6079249873039605	-1.1955399042684705
3.0764246847208994	-1.1378226291078701
3.0764247162350684	-1.137822619415916
2.900597401603788	-1.0895385108069866
2.9005973695681946	-1.0895384729278872
3.2529559754550843	-1.1866537007554427
3.2529559747723273	-1.1866537092619358
2.7256033482339994	-1.0418655296954116
2.725603234512094	-1.0418654883435556
2.703529853336577	-1.3250421573786477
2.703529771866082	-1.325042122440126
3.430086275343891	-1.2359754337214173
3.4300863430401227	-1.2359754487549883
2.5754481358790042	-1.2704800275822232
2.575448135620141	-1.2704800276266737
2.551603708578624	-0.9948767247994634
2.5516032696848843	-0.9948768402461288
3.474453322435612	-0.8692983035163067
3.4744546189395122	-0.8692935551847141
3.931223717839407	-0.9270690321965798
3.93122868733792	-0.9270661877449335
4.160645670413112	-0.9564053449394829
4.160650712117742	-0.9564043828690223
3.78581541063394	-1.335899200441585
3.7858152966437535	-1.3358991674789276
3.70249605957619	-0.8980277662035829
3.702492125193742	-0.8980306981655977
4.390726956197062	-0.9860345588676885
4.390731221654576	-0.986036084140021
3.607729762114886	-1.2857384205602456
3.6077297607696335	-1.2857384217541081
5.084416096674351	-1.076617490976991
5.084418137266311	-1.0766158851944132
4.85266800232942	-1.0461520901757608
4.852668157319856	-1.0461488813673498
5.17596404763108	-0.9078599864808639
5.3166157840369275	-1.1073391526992682
5.316617157284794	-1.107339527965819
5.284505275880683	-0.8678610623404529
4.621421692658326	-1.0159548026154905
4.621419292006325	-1.0159518539709818
6.015486719911426	-1.2009131935473807
6.015487042646696	-1.2009133545192847
5.78218999843002	-1.1695001947944257
5.782189995714719	-1.1695004400264941
6.249079222215139	-1.232530825977879
6.249079275954364	-1.232530775923506
5.54922126385959	-1.1383050515391742
5.549220626645441	-1.138304456730479
6.482938471430412	-1.2643404539073928
6.482939065275408	-1.2643406252320721
6.951363452042772	-1.3284906296774515
6.951362573707604	-1.328490449571839
6.717040612080563	-1.296330764962643
6.7170406132975256	-1.2963308029516198
14.07394164633369	-0.8734655010691115
14.073986280279032	-0.8733522292249682
13.797970911615796	-0.8654453976186398
13.797972279652374	-0.8654141308320445
14.350040117870872	-0.8814534561578685
14.350046625233121	-0.8813744414017042
13.522073359339984	-0.8574651356199177
13.522049609204375	-0.857493102994936
14.90250629018737	-0.897502949636973
14.902462177106662	-0.8974798327513016
15.178813750689718	-0.9056073252316211
15.178901004235033	-0.9055113541829255
14.62621145770966	-0.8894759928608624
14.626218297715184	-0.8894084169838425
15.455224765597642	-0.9139523871746347
15.455456630689913	-0.913334320151874
16.00871238559161	-0.9298927626147995
16.008624985613853	-0.9298137557752049
15.731981685115647	-0.9218239629252907
15.731901913903199	-0.9216599780375534
16.285525759750183	-0.9380576637901535
16.285533593801368	-0.9378931913792112
17.1169685678908	-0.9625352125426213
17.117035910821677	-0.9622467744738834
16.83943805120302	-0.9548358287969877
16.83993689369879	-0.9536573190492954
17.39443333663358	-0.9703874240947816
17.394547286713244	-0.9706940559898234
16.562591360249833	-0.9462557862333385
16.562475247865176	-0.9459596267403445
17.95012244139046	-0.986879222231714
17.949938489531217	-0.9868203497088104
18.228067823935742	-0.9952101522580982
18.22813929313658	-0.9948124816048595
17.67221866651108	-0.978857062569719
17.672106012880146	-0.978528590950425
19.063579651949794	-1.0196050404418175
19.063720596353104	-1.0193464525042966
18.78494653256024	-1.0113809996549517
18.784842427210585	-1.0112596755406054
19.342608522404724	-1.0275276355655696
19.34271689769604	-1.0277381788358988
18.506441158214905	-1.0030246382596666
18.506310491853945	-1.0032956926000458
19.90112584825888	-1.0458106974348633
19.901695823775476	-1.0421141013967814
20.18077169579699	-1.0517464160558512
20.181529676237684	-1.0525606945959989
19.622419476655494	-1.0350680585417116
19.62145032436734	-1.0365472625322483
20.460951337309176	-1.0601456493434476
20.461174836947023	-1.0606497657001597
21.019924771462897	-1.0783362329179376
21.018931234045958	-1.0774622057936862
21.2504091667195	-1.0939688693870913
20.74175536012983	-1.0686243314184345
20.740076648318606	-1.0689715873929253
21.361876365080185	-1.0736829603774225
21.874171149887037	-1.0980499135771356
21.871977137356744	-1.0994925818169516
22.154860595071813	-1.106785275151682
22.15532741938278	-1.107491723935281
21.593889681795947	-1.0903846227463407
21.59269391536189	-1.089065380392847
22.437481894540653	-1.1160413398426643
22.438564456700263	-1.1149200410695002
23.004372625650298	-1.1313232909245532
23.006259706604425	-1.132274725284303
22.72268189809575	-1.125568568250651
22.72004288408317	-1.1218754253648942
23.289670583584794	-1.1396597333561045
23.290218135072635	-1.139761848678381
23.861011894540717	-1.1551151387961907
23.861112511911745	-1.1556108042856372
24.14722148086019	-1.1631752039822343
24.148032191726386	-1.1629746267808723
23.575721138828154	-1.1472157091700577
23.574633760678864	-1.1479275228873433
24.43414155890218	-1.1700150335025739
24.435611980788565	-1.1717944864130292
25.01143997551243	-1.1856863914823466
25.011692666466686	-1.1866850501721316
24.7229709576783	-1.1784105186425284
24.72273394679412	-1.1786895383937581
25.30081342974399	-1.1945098007647073
25.301273417364023	-1.1930691180618438
25.886243377940087	-1.2118609750255949
25.878562022226085	-1.2060816463259751
26.173997354930236	-1.2164327470752165
26.17469083002123	-1.2166045465168684
25.592102063168937	-1.2023785215099376
25.590508498144743	-1.2003215003551357
26.466685535450907	-1.2241600107540032
26.467598142798316	-1.22377735471519
27.05522999138877	-1.2387970043696233
27.055745602951433	-1.238703761443157
26.76112071813121	-1.231455765739244
26.760577430443487	-1.2313211881193236
27.346808446716878	-1.2429076463186828
27.35542917351507	-1.2493457726294328
27.944825804640665	-1.2604252458406224
27.946001077324034	-1.2610385852400863
28.24327232194992	-1.2678960832175867
28.244997837884465	-1.2679099440227017
27.649154495737378	-1.2544076149471255
27.646378834593246	-1.252633562033211
28.84343940168176	-1.2808108536795755
28.846257443954908	-1.2832241237765336
29.14729787619738	-1.288964021388123
29.147027632841066	-1.2896309273717412
28.544449242013677	-1.275448257206748
28.543455138857617	-1.2745859376814441
29.449935820609927	-1.295646303127377
29.450950253085125	-1.2966269600790892
30.06015453236417	-1.3098645150521262
30.061633848087094	-1.309665787089989
29.755420430079297	-1.3032988583227285
29.754622244629452	-1.3026643683442287
30.366411660052574	-1.315623750842619
30.369616577763527	-1.3173028729579237
30.98783822016938	-1.3294573196171344
30.985323109161516	-1.3304444028018996
31.296827617185322	-1.336561239356814
31.298874291818265	-1.3362875884934906
30.682004971734234	-1.3248980291421673
30.67140814169173	-1.3218758307581355
1.3987628202962248	-1.3534416220276104
1.407459484313188	-1.3613077928947062
1.4163228243147397	-1.3695929752617908
1.431104583495784	-1.3846919838915874
1.4376114412569612	-1.390721802621494
1.4279683579661302	-1.3676286774735908
1.4497042819780932	-1.4031590070650335
1.4565195198725727	-1.407804338696632
1.465398028803298	-1.416719618349975
1.452639867274418	-1.3803096604244283
1.4729555130047864	-1.4241215863417112
1.4791187549537108	-1.4301697316413509
1.4793856604187288	-1.426456794028672
2.0116459871251635	-1.5823606301685327
2.0116459956611403	-1.5823606354081048
1.984260707179283	-1.6354967827996003
1.984289555270298	-1.6355203580562458
1.95344787913817	-1.6103143279574486
1.9534478467991305	-1.6103142986716954
2.050513089056766	-1.612514783589143
2.050519188986913	-1.6125195145399007
1.9728034067609828	-1.5522315849856583
1.9727990384149736	-1.5522281979022379
2.0151330404261323	-1.66073042619337
2.015133069006829	-1.6607304473137403
1.9226604631829822	-1.585155299554382
1.9226402137020702	-1.5851387518401656
1.9456199665145837	-1.6611589589351643
1.9454598780639822	-1.661023061660007
1.9707893356728845	-1.6825333750414526
1.970789734009902	-1.6825340225642595
1.9203609297932156	-1.6397094937969172
1.920360891276261	-1.63970944423399
2.0460010712891004	-1.6859630044551324
2.0460438099243374	-1.6859979427707117
2.0894119869001186	-1.6426993866642543
2.08941205253604	-1.6426994325652826
2.059551160902847	-1.5203304849299575
2.0595526111993716	-1.5203315300618665
1.933981605814336	-1.5221250760708818
1.9339815963443598	-1.5221250707523595
1.996039298357169	-1.7039776099473272
1.996162481845801	-1.7040823635102675
1.8954173869312003	-1.6185290712195466
1.8951470604909901	-1.6182995895186125
1.8918816212596483	-1.560006052727982
1.8918815845924697	-1.560006026265951
1.927319226048119	-1.690603104997983
1.9273934904723111	-1.6906679500422355
2.0092077348076396	-1.4840473890261632
2.0092077322933117	-1.484047388263272
2.109929555584446	-1.556654185599306
2.1099295563408296	-1.5566541858035725
1.9058817559375647	-1.6718641955459081
1.9058817966355923	-1.6718642561203936
1.9489042776884793	-1.7094713690223
1.9489045102806803	-1.7094719594388497
1.8845151948682242	-1.6531880029260613
1.8844414373045515	-1.6531234710431262
2.0214715335512463	-1.725577744102392
2.0214716543672107	-1.7255778797363805
1.8704596288664495	-1.5973378563779237
1.8704594870919429	-1.597337629992142
1.9704894646411988	-1.7283407850431467
1.9705670172939418	-1.7284085869610168
2.0769438028514156	-1.7112590091549154
2.076943834571184	-1.7112590320242582
1.8631453874422907	-1.6345066797720886
1.8631436232059766	-1.6345080395979497
1.9118951478894328	-1.712931960431692
1.8928602547256659	-1.6959173389910318
1.8927598284735347	-1.6958266131933564
1.9310138997284771	-1.7300284293111472
1.9311241597628919	-1.7301234558773277
1.9922303097316851	-1.7473467200876036
2.1283299663552744	-1.672904283515557
2.1283382468325542	-1.6729107106732155
1.9921124792816602	-1.7475896422062829
1.8738149773482178	-1.6788929007079125
1.8951887087170156	-1.492047756580407
1.8951853375464667	-1.4920451449484748
1.8504394509831492	-1.5803389159492163
1.861148032455521	-1.5348966843929226
1.8611333999508723	-1.5348847272509485
2.046848761954227	-1.7471322344870859
2.0469542279652724	-1.7472218051384443
1.9503372930976262	-1.7472959526776632
1.958899245781308	-1.4478059168950863
1.9588981980806717	-1.4478051617863257
1.8548658795379178	-1.6619558329453392
1.8418421305451032	-1.6158896011453423
1.8417876281118601	-1.6160561796011879
2.160338443899942	-1.5930143091134208
2.9428499192722475	-1.7247318279608042
2.9428499187878896	-1.724731827940642
3.089443420910475	-1.4905764320534416
3.089443421351871	-1.4905764317671883
2.850286919831034	-1.6732733712345076
2.850286407344196	-1.6732730870663164
2.9605650778814865	-1.4351231382733052
2.9605649430003798	-1.4351230791607794
3.035485088735274	-1.7762856975288073
3.035485835867034	-1.7762861134538173
3.2185223319772995	-1.546268160472728
3.2185225512100146	-1.5462682550715823
2.7578025797014973	-1.621918518742847
2.7578025791676497	-1.6219185190418666
3.128187357254207	-1.8279280116772259
3.1281873588081455	-1.8279280109490275
2.831915768888385	-1.3799348472712463
2.8319157686557888	-1.3799348458601315
2.665405822931072	-1.5706772979438093
2.6654054805472462	-1.5706771081440267
3.3477780364917917	-1.602175157713731
3.347778036614526	-1.60217515672671
2.750404536248948	-1.8426999739294372
2.750402590293561	-1.8426987064490157
2.682868888803281	-1.7987041380020066
2.682868884063732	-1.798704136726098
2.6153732545730426	-1.7547566337356975
2.615371849599369	-1.7547557181630842
2.573105155184088	-1.5195600450198516
2.5731051551018385	-1.519560045205543
2.5479164496085205	-1.7108582378769144
2.5479152681959745	-1.71086872824561
3.477189713107295	-1.6582767871293886
3.477190047823525	-1.6582769334275416
2.514040446437302	-1.8484796391832279
3.9642840588707893	-1.3864194154050202
3.9642840541520727	-1.3864194152115605
4.143086382937702	-1.4372652325334307
4.143086572420705	-1.43726528958305
3.8662026190359873	-1.8275812631717177
3.8662026184482796	-1.827581263897569
3.736416057244905	-1.7709949275986996
3.736415577113229	-1.7709947179880212
4.322181063002556	-1.488406743930544
4.322181064013647	-1.4884067418957858
3.606740711924644	-1.714555359298435
3.6067407114766086	-1.714555358960092
5.040852803521224	-1.695439104883479
5.04085280069694	-1.6954391065109844
4.860892364923157	-1.643353446307869
4.860891903503809	-1.6433533051421694
5.220974547642209	-1.7477134442315605
5.220975211421626	-1.7477136422408035
4.68111151679652	-1.5914731603840204
4.681111514642404	-1.5914731596130853
5.401242348550622	-1.800161640919757
5.401242350989772	-1.8001616400161216
4.501532837206858	-1.5398173036040943
4.501532532843922	-1.5398172157001155
7.1858868479655955	-1.3608095450782396
7.185886896489145	-1.3608095223639167
7.420594827476906	-1.3932780726859044
7.420596049138802	-1.39327832858854
8.12569135273942	-1.491496709734038
8.125691483273974	-1.4914964313572148
7.8905108960571235	-1.4586294056175677
7.8905086297817055	-1.4586299045753677
8.361007895582214	-1.5244811544007364
8.361010497963848	-1.524481524329915
7.655474129511987	-1.4258875166077187
7.655473916122486	-1.4258877924217006
9.067698585860143	-1.6240812288546305
9.06770174742471	-1.624078627749445
8.832022267678909	-1.5907790800769845
8.83201842595527	-1.590778558053302
9.303486261115765	-1.6574752680184537
9.303491362375016	-1.6574759745844234
8.596454677194519	-1.5575774250038632
8.596454543238611	-1.557577440743872
10.011468653569407	-1.7581844964626647
10.01146802316807	-1.7581848163651976
9.775379444476139	-1.7245324046661663
9.775372581324131	-1.7245319490623696
10.247651133378715	-1.7919147176859727
10.247662724724018	-1.7919150938652384
9.53938204932547	-1.690960866267471
9.539381811336483	-1.6909614524284489
10.483939640701347	-1.8257201009210153
10.483941384797859	-1.8257189729000691
2.0928667341256717	-1.988731233891483
2.0928664818857934	-1.9887303679762804
2.1085911830390907	-2.0036690382516675
2.109122718437999	-2.004174961998133
2.076791828399397	-1.9734596671306865
2.0763320801063068	-1.9730224003448456
2.124496575194468	-2.0187809085552204
2.1244956683284073	-2.018778302286173
2.0599767280193815	-1.9574851053558033
2.0599764047205387	-1.9574840764207286
2.1394589128065413	-2.0329946797506446
2.140038846819813	-2.0335455609560165
2.1045354561263654	-1.9840874112844544
2.104535193593645	-1.9840866286786774
2.124655898241323	-2.0030496267306406
2.12515145914366	-2.0035164864980355
2.0845097094294203	-1.9652139518530027
2.084031150092476	-1.964763151638157
2.154577340599998	-2.047357865121176
2.1545770844052554	-2.04735703126074
2.043376305765292	-1.941714510965966
2.0429122382192078	-1.9412726983030872
2.145356540513628	-2.022558553768517
2.1453574490092566	-2.02255964239359
2.064125805170474	-1.9460049398508388
2.064126125529513	-1.9460040607114222
2.118520562237494	-1.978672366654386
2.1190898011231387	-1.9792038717487221
2.0989701652016364	-1.9604218196346117
2.1389972230490124	-1.9977885592034166
2.1686660979234897	-2.0607426582161543
2.169221116030722	-2.061269211764499
2.1656264900504953	-2.0416621236322996
2.166123869596725	-2.0421310602160383
2.0797959606618908	-1.942521502379968
2.0260981908574345	-1.9253000926375488
2.026097607670995	-1.9252988516607352
2.0792250413645186	-1.9419897475133463
2.04435959745936	-1.9273755602870117
2.0438776104767844	-1.926920782416364
2.1592622209900347	-2.0166929182362634
2.1599161963892852	-2.017184366109821
2.182810277874207	-2.0741796820362635
2.182810572486705	-2.0741808876596988
2.060447748527456	-1.9244612365848255
2.1524504936201403	-1.9893415201969429
2.1864375023255262	-2.061275929781454
2.009121022075575	-1.9091805717801242
1.9952457336590406	-1.9088501928414563
2.1804356890598533	-2.036371347753492
2.0086026262568133	-1.9086744501269042
1.9947166944230466	-1.9083933064530911
1.9938652618431278	-1.9075390074488603
2.0242565932283987	-1.9084330291802023
1.9915062047462884	-1.9052811183162293
2.195882064291845	-2.086597611771412
2.172428776132918	-2.0056688751599845
2.196396392668763	-2.0870876923840775
2.0417466905896164	-1.9067229617780797
1.9883590532916915	-1.902288816238392
1.9849792455958932	-1.8990486395539936
2.201296832855914	-2.0559379590065983
1.991696416439016	-1.894072637275726
2.146130115052115	-1.9545322840488335
1.980288175934348	-1.8946247173094837
2.1898495350478173	-2.016432303793312
2.2066796513373177	-2.0802495743806833
2.207676356548927	-2.0812102407216413
2.2088928884204972	-2.098959927930093
2.131586256890893	-1.937282800139773
2.210615958629544	-2.0975535937745398
1.975339185230035	-1.8898649969933043
2.02414358672741	-1.8886198388976456
1.9900793693362355	-1.8872601297220992
2.1303330379110075	-1.9274516974136133
1.969284193386185	-1.8839473849626962
1.973930336808885	-1.8809067428142947
2.220767129720956	-2.1102374216508366
2.2213101445279477	-2.110748524044158
2.2079754639972045	-2.0138799092321205
3.0209005202068537	-2.0191093771214006
3.0208970885734665	-2.0191071353967303
2.970937576825238	-2.17911481952482
2.9709555921354407	-2.179127876241018
2.920047448867292	-2.142261037742394
2.920047436882562	-2.142261024114741
3.0886074095743106	-2.0633088999469544
3.08860741483571	-2.0633089020600246
3.0218827050068384	-2.216014138737096
3.0218827872036824	-2.216014195035
2.8691908454716244	-2.1054374859989626
2.869176935278051	-2.10542740960592
2.953223507241622	-1.9749455170370322
2.953223497278351	-1.9749455137564924
3.156346654479046	-2.107544766295095
3.156351468986844	-2.1075479104106707
3.0728453456990805	-2.252931567563215
3.072869591213172	-2.252949140105175
2.818354616673336	-2.0686349359756226
2.818354605157974	-2.0686349293756354
2.8734675133951444	-2.2519916808920866
2.8734682826809963	-2.2519923965387423
2.9051537964359797	-2.2766433904757837
2.88558325643757	-1.9308228378937218
2.885580738074855	-1.9308211961374526
2.8344658570418684	-2.221653536752026
2.834130745432915	-2.2213929513225406
2.923295155206143	-2.290750088293438
2.955043989839926	-2.3154525903002785
2.955044385603189	-2.315453110324661
2.7948517736311542	-2.1908416839604326
2.794851748605763	-2.190841671026825
3.123872332967654	-2.2899008251472575
3.1238724376508062	-2.289900890943533
3.224123699936071	-2.1518196676907295
3.224123710445688	-2.151819672151087
2.7675638096382538	-2.031871835716176
2.7675530163098734	-2.0318640241457677
2.994189509240838	-2.34590968374548
2.99461799668422	-2.3462429575012784
2.7554490576453827	-2.1601967626086953
2.7553015525011872	-2.1600820958356555
2.817975022037249	-1.8867393436034514
2.817975020822208	-1.8867393434105446
2.8355855469345683	-2.331997960270975
2.8031869235430196	-2.3054727984235
2.803074650721704	-2.3053803940456716
2.835269052778515	-2.3323517932172604
2.715917126871627	-2.1294540797011234
2.715916677694583	-2.129453721649804
3.174912430267554	-2.3268845404271254
3.174945992352632	-2.3269088644509766
2.770773026499001	-2.2789357034230626
2.7167942907376803	-1.9951310372025919
2.716794174179377	-1.9951309591801865
2.738565790268075	-2.252570357342325
2.738453588646353	-2.252473717315993
3.2919285488776384	-2.196126269728973
3.2919344546991014	-2.196130126004222
3.220949982594403	-1.879651253522721
3.2209510029223374	-1.8796518231326291
2.706335859210536	-2.226185038763208
2.6765168191037643	-2.0988139954892326
2.6764420962463844	-2.0987591537553723
2.6742523982529764	-2.199922701210937
3.871709456767262	-2.2435786054109226
3.8717094576163755	-2.243578606447466
3.964847967219231	-2.2957891232996355
3.9648514323743704	-2.295791065159074
4.1260697336251235	-1.941146937298526
4.126069731783812	-1.9411469357606081
3.996090698907353	-1.884302453189998
3.996089979895795	-1.8843021400782247
3.7786110612391774	-2.1914175140403507
3.778608378431927	-2.191416012003662
4.0580296461195235	-2.348049120632838
4.05802966559239	-2.3480491258410487
4.256132335319637	-1.9981051920329627
4.256133389259423	-1.9981056549268392
3.6855516083890976	-2.1393069995344187
3.6855515983252647	-2.1393069972951766
4.386272921092031	-2.0551690747633455
4.386272922078979	-2.0551690769934985
3.5925375382763325	-2.0872526444301243
3.5925356039529888	-2.0872515599250843
4.907498301313496	-2.2843328807874537
4.907498244791379	-2.284332859038474
5.037950045599808	-2.3418213784986337
5.037952754088464	-2.341822580381773
4.777101632986337	-2.226918303119368
4.7770996250925135	-2.2269174142109165
4.646761392301917	-2.1695818031159835
4.6467613879869605	-2.1695818028414866
4.5164848014461	-2.112330479118562
4.51648337019225	-2.1123298492195643
6.123517725383438	-2.011440535288884
6.123517751171652	-2.0114405380673155
5.942789373789666	-1.9584199106871356
5.9427878618078696	-1.9584194832843402
6.304339110752874	-2.0645796207916125
6.304341096416289	-2.064580210907304
5.762160267461041	-1.9055262219465092
5.7621602473904225	-1.9055262179538717
6.485249301560571	-2.117829889814625
6.485249314951859	-2.1178298823087713
5.58164192747784	-1.8527700492591892
5.581640934386414	-1.8527697594581392
7.028446218861036	-2.2781746365789024
7.028449976583988	-2.2781757847915407
6.84730760519365	-2.2246337038000785
6.847307279308974	-2.2246336229006385
7.209658841682082	-2.3318027138830884
7.209658934028344	-2.3318026942334917
6.666241326833143	-2.1711837115180748
6.6662385393315216	-2.171182859912577
10.95679132371428	-1.8935398730583755
10.956790507674226	-1.893539736086643
11.19334986830316	-1.9275490593769455
11.19336705721028	-1.9275509934545079
10.720324223264535	-1.8595965544218762
10.720312759733227	-1.859594341271438
11.430022018378503	-1.961624277500159
11.430022819699102	-1.961623266764207
11.903648677659593	-2.0299526068731653
11.90364666325414	-2.0299545719044323
12.140601290309846	-2.064204557820536
12.140627648435094	-2.0642075770569965
11.666795925065987	-1.9957586850959201
11.666773408922102	-1.9957591663410295
12.377687840450305	-2.0985149533154255
12.377689497005534	-2.09851476801004
13.089575632139955	-2.2017617315966302
13.089624541423937	-2.2017720647248553
12.852194013524041	-2.1672895147190743
12.852158958392845	-2.1673031300946173
13.327150168259198	-2.236287980462863
13.327151917403969	-2.2362911955765647
12.614896735714645	-2.132880399691282
12.6148521336637	-2.1328769145710624
14.040562192697822	-2.340164425416488
14.040705899169245	-2.340164992517519
13.802661349581655	-2.3054859328596704
13.802660453558984	-2.3054918835385108
13.564867242113776	-2.2708675765949016
13.564804148467802	-2.2708599296630285
