-1.8877564561349476	-0.22610642398020447
-2.0746894088654053	-0.16046624128299597
-1.8641773074669006	-0.2636777600389717
-1.954228973101825	-0.07869298581770556
-1.9889344627184122	-0.06834766069434187
-2.041425104770421	-0.07248585265926785
-2.0064941131665965	-0.06429523459370692
-1.940955071812181	-0.0710214424803505
-1.8992981366944344	-0.08784152630153622
-2.127110381202385	-0.10045987521026695
-2.0535103610006353	-0.05328218586781802
-1.8951465217151062	-0.07411247699174942
-2.094113343564788	-0.06708185025458155
-1.8418200420393764	-0.09188031166006383
-2.093727678451173	-0.04639190550518202
-1.8478214005772613	-0.07892195614700129
-2.1497070370214515	-0.05575423175119029
-2.1413246756029563	-0.037034475385233356
-1.7985279480704457	-0.0858612116345478
-1.7855113163210978	-0.09311027398308988
-2.1840605179710226	-0.03310571717559496
-2.2087187058301208	-0.04697068864344445
-2.1946790888413137	-0.021998078405264604
-2.224588985446736	-0.028795343150444186
-1.4754604173427035	-0.11553786963016444
-1.5224288549993252	-0.10932864814252632
-1.5310544023934891	-0.10887979237901438
-1.4221003860412473	-0.1271417654411114
-1.4696663890516206	-0.10594721980174818
-1.5555046010910984	-0.3885855814928603
-1.478060186731327	-0.0953498591184875
-1.5784050471267905	-0.1084681480358285
-1.4158131815483037	-0.10963934482871152
-1.660248575174767	-0.3015664738461607
-1.5825072346469675	-0.10121606896917948
-1.4197636231695605	-0.09941205297401759
-1.3598336174314207	-0.12095402053659382
-1.362062260649083	-0.11227574858181558
-1.6356167002168198	-0.1078082973480029
-1.5747231116768425	-0.06720344990542823
-1.408702699898579	-0.4305889707175389
-1.6328206129170588	-0.09697539393111809
-1.3115615525704325	-0.11816411371618887
-1.3035897827432432	-0.12257881081149921
-1.6832914562661812	-0.09391013292455691
-1.6931788206627816	-0.10246750548528505
-1.265806820808141	-0.14206523442317076
-1.256596152317313	-0.12123475434369912
-1.7336698677077593	-0.09348359139869716
-1.3242616137073218	-0.019584163167141483
-1.7482702876283431	-0.09492187802671784
-1.6575318205539102	-0.0018920784442809646
-1.250078296976047	-0.4670669060962158
-1.063853255874879	-0.25084338951761115
-0.9460377378226036	-0.3093623157783537
-1.0831283185157317	-0.29874178981830035
-0.976100127381698	-0.13321962472732252
-1.0237960668674233	-0.1285213502662289
-0.9687172223693463	-0.12857842797671643
-1.0328954234673953	-0.12895332172740015
-0.9176170433805788	-0.13791517255535785
-1.0827806496165973	-0.12965569302593022
-0.913925313491138	-0.13098570073116633
-1.0880373858673105	-0.1254676586721606
-0.832134875677039	-0.3115231474233028
-0.8649755057144388	-0.1309348165591654
-0.89284998520576	-0.10366360861204726
-1.0632889441019637	-0.07941465338163517
-0.8588977665550481	-0.13254157378210324
-1.1392588953166005	-0.12959370234338463
-0.8494961153795891	-0.13882484105974854
-1.139095947255187	-0.12240611553483091
-0.9785103325445615	-0.04800537309005529
-1.2230892219377405	-0.22357253420335377
-0.8061575159225254	-0.13475638685110847
-0.8017247148805431	-0.13563732431128783
-1.1935533738098454	-0.12060312825496203
-1.1229341641840835	-0.04940119569941093
-1.2006213231233298	-0.1259583311319904
-0.7618430218853436	-0.1651967852562155
-0.8923933520520115	-0.009488251663816033
-1.249307560260927	-0.12252441517203755
-0.7639408788504426	-0.06335955537995747
-0.7687598970771374	-0.024566101771776455
-0.7680551828785678	-0.022726581446713662
-0.4613877498644213	-0.2451884320864651
-0.570911269419314	-0.17298851037020035
-0.45630319689298665	-0.15405559335812014
-0.5196204370455139	-0.1450093773940576
-0.5209128280062459	-0.14512641450430294
-0.4256546231850722	-0.3360196914115872
-0.427613443224957	-0.33835003294570226
-0.38343470805165175	-0.24402455532545103
-0.4498754509586661	-0.14444135656747942
-0.46438737679388903	-0.3632525100296098
-0.46204318059602134	-0.3629572050688251
-0.4846898311564988	-0.12985361593552003
-0.3893795708884068	-0.30960406223028797
-0.38798200300891955	-0.31318880011437233
-0.5781714381463823	-0.14418738216597443
-0.5739750083807061	-0.14102323221282795
-0.6274950204303046	-0.2157954857862377
-0.5269122583547399	-0.11951748724157651
-0.500246255581331	-0.38775476136035514
-0.49844559810937833	-0.39004794252486497
-0.43197517192037704	-0.11787714760091095
-0.3526690127684566	-0.28379090204748536
-0.35201269626054865	-0.284721872623776
-0.36249605379443983	-0.1777828997394151
-0.39625035177538426	-0.12850222862483085
-0.5538757185315839	-0.09930718212704845
-0.38402588210058414	-0.1372263425276573
-0.5358522684768542	-0.41266242938591746
-0.6297976703748998	-0.14217625378939353
-0.5363083456183511	-0.4153831065381973
-0.35783447491526243	-0.15249199115037881
-0.6294104118801911	-0.13478918623737807
-0.3772404870576129	-0.37725529895878174
-0.3705577507500598	-0.3709165742088918
-0.38006299975408536	-0.3804486879954333
-0.3840568256858293	-0.3848416139190218
-0.3613421918457929	-0.3613734630810914
-0.3884806337395933	-0.3890249080330281
-0.39222764610663285	-0.39287879961122263
-0.39460090304907147	-0.3960279304052182
-0.3514725686825779	-0.35184690319175493
-0.3671878575414408	-0.3717001737781873
-0.40006895247534613	-0.4009515336166394
-0.35937708046125816	-0.3644308571682746
-0.3454750803935302	-0.34571844129122054
-0.35344904204568495	-0.35856730455068775
-0.4066897315219295	-0.40675895549054975
-0.4004767795045773	-0.40302687645472746
-0.5180258172275701	-0.06721970617553988
-0.31637379269818	-0.25773481555500133
-0.41288284529778563	-0.4134428183182892
-0.31487715239959324	-0.2568590700612955
-0.3348817913497202	-0.33473092749599015
-0.4184475291877989	-0.08326469366981376
-0.4098631346718208	-0.4129960085809164
-0.33878223359809173	-0.34501406766626663
-0.33405649869768417	-0.3383761597250908
-0.41811436860487416	-0.4201581217814159
-0.4235335758733291	-0.42354286782257766
-0.3499084748529297	-0.1335486133596625
-0.32705070709649675	-0.32941530561353877
-0.4644853426791904	-0.43882942682991144
-0.42774056109594183	-0.42862829362199206
-0.3518915207993454	-0.37476597494670355
-0.5994952595057262	-0.4167149752372096
-0.31882796940747127	-0.3201564416130395
-0.31655637272626336	-0.3185807224211046
-0.4338760378663007	-0.43500180981896464
-0.3309376115971743	-0.3519125395486864
-0.43578924812791336	-0.4372786449673407
-0.3082545279656781	-0.3085381468875991
-0.5711080945278295	-0.4381509735578675
-0.4440733561643584	-0.44512726054664364
-0.33600065692232095	-0.12961835277674508
-0.5730893051105777	-0.4415755792651706
-0.3048533018853692	-0.18476157735631585
-0.45007007499580104	-0.45048904568320425
-0.2995567645691514	-0.30689540816043226
-0.5820758114329848	-0.05843668380517775
-0.611906967866148	-0.07391117127812044
-0.086018270804043	-0.2767390528547367
-0.09374911174936934	-0.20732570162547764
-0.12356913931025745	-0.2622123261160345
-0.07315758808458322	-0.1462293798773868
-0.11105069973576283	-0.31562015913713776
-0.10079125091214085	-0.1620057263534058
-0.13101248526476914	-0.21919092970803844
-0.0757162378866816	-0.13259222115480296
-0.1308194012444231	-0.19962528628978937
-0.10605429527764154	-0.15794931259481357
-0.10310373966332126	-0.3471716179901284
-0.14383142562694892	-0.2240400874675907
-0.14926659125529484	-0.27750057733431227
-0.1518080055067876	-0.2778793902354764
-0.08052621598430085	-0.10398489277047818
-0.14341558696292234	-0.3398906488554332
-0.16527749541163278	-0.19858316057014605
-0.13946487431984925	-0.1416980290548733
-0.12352695797536443	-0.12326928436317774
-0.04646756937868351	-0.07903062204176653
-0.11854154951868341	-0.11823758501479878
-0.08375123819077868	-0.09377014342912171
-0.11210384171892059	-0.11244942148366294
-0.10815771426887984	-0.10928405492276538
-0.12650105236800954	-0.1254736143245307
-0.1362468342143744	-0.13565408926015612
-0.13045286517263568	-0.12881567844373856
-0.13339026925931488	-0.13201992335795343
-0.16284271859837826	-0.32235814270262647
-0.11873534301828458	-0.1161633151752682
-0.04668568129163145	-0.07708845684368484
-0.10419306785312864	-0.10406446678247241
-0.1433651374520221	-0.14095170832875184
-0.14721703369428796	-0.14592185296410642
-0.15275961953849632	-0.15304602000689904
-0.0994980215748917	-0.09862023030287478
-0.096463191488687	-0.09576679606322624
-0.1594994313342706	-0.1590383799877757
-0.15313018204020545	-0.14767804502032722
-0.08875389018270366	-0.0885829168293232
-0.11096384122261294	-0.10191650485728526
-0.163330523695374	-0.16257681178888583
-0.169029209538798	-0.32628741240346704
-0.08663156644158229	-0.08575620413678281
-0.16784160791324007	-0.16753840651171664
-0.09522419721190933	-0.08837474936742529
-0.0813504853905087	-0.08051728836924527
-0.07667317665992031	-0.07684658884585313
-0.17244984444698	-0.17161830974439563
-0.17597372674198689	-0.17623662725308992
-0.16328518582548487	-0.15086931113822233
-0.07348271124032368	-0.0724833171685069
-0.0765096418642082	-0.4273676179693078
-0.1326987681135587	-0.39163989246080777
-0.06970103962745097	-0.06848023927179858
-0.18085084777618574	-0.1777584442452777
-0.06504245186268638	-0.06531205949046151
-0.18644682239515387	-0.18438104163137253
-0.06081564407357026	-0.06190840627853858
-0.05615922737882719	-0.057694293300718374
-0.19175398576570368	-0.18763974466367253
-0.1339480769353467	-0.09791537575937043
-0.1955083434259584	-0.19292889803458288
-0.05160282876029554	-0.05239456953745955
-0.056711328340535855	-0.05298262435475068
-0.20038325841951576	-0.19932529170779856
-0.04544049887489203	-0.0471180592544444
-0.2066194459961202	-0.20414150196929737
-0.13060132163551755	-0.41689366083310764
-0.025522178567810944	-0.03822041041411048
-0.04167830981623678	-0.04066130891744707
-0.20991319052208177	-0.21072782466552972
-0.03975852795010067	-0.03946684008247231
-0.026155998877745185	-0.03688665056910609
-0.07936763164872226	-0.04911001894333164
-0.033760570040173396	-0.034153535220147135
-0.21846240076045248	-0.218436221760813
-0.028905148731970372	-0.030768014536795202
-0.181374859794804	-0.3787438239174751
-0.1804145847304515	-0.3804493851876172
5.126266419332506	-0.46398327960097674
7.295262228502574	-0.41853520474367856
8.893091344056822	-0.48916992163351203
9.617412018092429	-0.3945308538625415
10.854601228024272	-0.4607238748004683
11.974882679252373	-0.38525454932651065
12.950299024291171	-0.4397589325085196
12.796208135072428	-0.4909659951101389
14.30627572281312	-0.3965377900010085
15.089114738146922	-0.42591132629488204
14.787715349544818	-0.4523220511550792
16.513807563398807	-0.42007650453664813
16.676967782643544	-0.49249143183087407
17.032142885756297	-0.40840090752637137
17.283070817024203	-0.42115121161612423
18.64336094206064	-0.42089354823014286
18.58767336639545	-0.47495048746347696
19.466499882957418	-0.41536384320752023
19.392128666885444	-0.393543857731106
20.550864040625083	-0.47815941364274606
20.62430744445601	-0.4582477376608433
20.86413343177864	-0.43160154645529303
21.634171929527906	-0.4130649402238664
21.76040267484941	-0.3934383194326949
22.46057207732964	-0.474148664982214
22.72375111511097	-0.44316912593030183
23.044007919860036	-0.4095924170620415
24.100238876431277	-0.3978398228751263
23.779915740003588	-0.41268864983595765
24.472988458061693	-0.46210945330643294
24.514478781236196	-0.4915036538353663
24.920786937869263	-0.43845142036289914
25.26136955172683	-0.39778671102066443
25.909803709421826	-0.41310679924405
26.404563613022418	-0.4019331133598345
26.539379380509185	-0.4492674193144356
26.414034484954882	-0.47998507663901624
27.12564041723522	-0.42678134772302523
27.4978188171646	-0.39199113464523117
-1.9574414950386223	-0.6028351156672985
-2.08255159598345	-0.5629262878559047
-1.7904669123322743	-0.7047101936712126
-2.186836214171469	-0.9194534765569635
-1.5005818552865435	-0.7773010508930096
-1.52781735213351	-0.7494805988941571
-1.3370916766104646	-0.8798990545770123
-1.6684905593484136	-0.5417731769413863
-1.252817510392339	-0.9725336463668531
-1.2529067614852252	-0.9788547331802978
-0.9869250810573563	-0.7476357436536375
-0.9854294248323131	-0.7459628711827454
-1.0192197987285438	-0.7751590167577184
-1.0211002357721284	-0.7759999921630818
-0.9522116090524427	-0.7195769471699217
-0.9526226494463784	-0.7177583510998428
-1.0537965810704624	-0.804304825517756
-1.0550412972831593	-0.8041265236886096
-0.920131109543774	-0.6910912646918095
-0.9185282339531534	-0.6919041065597857
-1.088272413585014	-0.8328779107010379
-1.0894077730478922	-0.8327395430668114
-0.8871467836125899	-0.6651637956138675
-0.8849224381459707	-0.6638198106285113
-0.9888830342757332	-0.6012885091432949
-1.1220318137656984	-0.8624377061877206
-1.1244729989954083	-0.8604488627358524
-0.9501190982922498	-0.9105523953532446
-0.8775938945670686	-0.8685456510956809
-0.874792458786387	-0.8656948737649287
-0.8801965791675231	-0.8724915867135058
-0.8696058905239874	-0.8612792949109352
-0.8861434859007487	-0.8782554316517982
-0.8919888529102536	-0.8834673769926489
-0.8747282356439212	-0.8675241015908354
-0.8814895272337244	-0.8746208678393801
-0.867338577487491	-0.8595386105625791
-0.8981357352415258	-0.8897006170871065
-0.8622462938371296	-0.8545446658091091
-0.8620142852246117	-0.855090855316476
-0.9044020614950392	-0.8955292993902499
-0.8567801067131672	-0.849531759952581
-0.8521951243562315	-0.8448675470848582
-0.9124904260057143	-0.9025430462645135
-0.9107689930471667	-0.9018574830371733
-0.8492630309782656	-0.8428198041147786
-0.9171003114402407	-0.9081609677128498
-0.9254522100140595	-0.9128179366086308
-0.9216545668451719	-0.9110712144709214
-0.881647184395042	-0.8845881674344444
-0.8916897976954458	-0.8936919968480036
-0.9297297494246243	-0.9162469995874591
-0.8422653412813002	-0.8414035743905915
-0.9312797298334119	-0.9199122408855049
-0.9209483521608489	-0.9163830693839298
-0.8982330510246787	-0.9039327627769926
-0.8384611064791594	-0.8395133175795031
-0.8511384308092389	-0.8604170869365155
-0.8516529240231553	-0.6379090395137759
-0.8525608458142007	-0.6358231586560512
-0.9346483708244063	-0.9252113659161161
-0.831776560286713	-0.8325785508031581
-0.8453668003123299	-0.643150790164463
-0.9369414757411918	-0.9285725895221262
-0.829352270513222	-0.8329093773070254
-0.8263227950843028	-0.8280471207966221
-0.8196596143154977	-0.8183728267386772
-0.9270344686762482	-0.9305747046976347
-0.8167086974372866	-0.8195520371239683
-0.9480616134682281	-0.9391787437972878
-0.8128262064778452	-0.8128047053357136
-0.9401521974943409	-0.941235147709313
-0.8077831254521286	-0.8075430899046223
-1.079014348097006	-0.93616254705367
-0.8031310198398438	-0.8043211572226002
-0.7971382715266743	-0.7975181573834504
-1.1567351986409147	-0.8880415492252969
-0.9489599910882868	-0.9533785021356093
-0.7940426898402188	-0.7924969928782989
-1.1570436547182108	-0.8922392539002691
-0.9716934886743953	-0.9610484351895541
-0.9538204820251304	-0.9584581407339503
-0.7878997396851355	-0.7883915973038289
-0.7994791866742261	-0.8324622932237379
-0.9636711983330251	-0.9639341219892711
-0.7808803540023821	-0.7815358662982775
-0.8185723859495475	-0.614958179142236
-0.974254701659672	-0.9758614015100168
-0.7735611789981569	-0.7761507426044174
-0.818209353467778	-0.611977458390991
-0.5804048708966506	-0.764566225405939
-0.5369428778869083	-0.8801669447633453
-0.5506286339136925	-0.5912906220311089
-0.6210663582441781	-0.6215661833963624
-0.618192037360615	-0.6186517912173944
-0.6243123860984686	-0.6243034665368867
-0.6318969873373182	-0.6318744520370326
-0.6156630408063205	-0.6158758785243323
-0.6295919326549277	-0.629236366790516
-0.635420466982014	-0.6354102526356639
-0.6132582457672815	-0.6131025187179665
-0.6099758780511212	-0.6100369180175678
-0.6426008235205249	-0.6427659709598608
-0.629570205975364	-0.6271633119984557
-0.6054419873789904	-0.6054680850440634
-0.6425865490092365	-0.6417608315705898
-0.6450788019107162	-0.6451046273769672
-0.6038403791128999	-0.6032546091067919
-0.6496333459159452	-0.6496760003272906
-0.6003132005583027	-0.5990873793606062
-0.5982451715025592	-0.597269006011279
-0.654686962156241	-0.654668195823917
-0.6559425823480165	-0.655328279097423
-0.5936545501120076	-0.5932266717936634
-0.6571560777728263	-0.6565826646321812
-0.5916923607137641	-0.5903225688370991
-0.6626786332132106	-0.6625054157769494
-0.5888913395022518	-0.5872058411380805
-0.6661120660823857	-0.6659626238948525
-0.5845424978308158	-0.5832754539623487
-0.6685121491601168	-0.6684685624367853
-0.5809332896681249	-0.5796953675200259
-0.6725769260467951	-0.6713798643852696
-0.673627189789036	-0.6733127045339063
-0.5770095216679016	-0.5764784432716491
-0.6767835227057947	-0.6762333900268983
-0.5757337096911809	-0.5725070982621054
-0.5693278773229474	-0.5698939780127505
-0.6819261118640012	-0.6815778095903912
-0.6861777261311695	-0.6861892994489512
-0.5653605698172662	-0.5640052032758656
-0.5629110204059655	-0.5628196931785813
-0.5807793297196798	-0.5686064368438382
-0.6914793212688204	-0.6914915364215093
-0.5553037856894721	-0.5551527313309907
-0.6971798346460745	-0.696713525855083
-0.5481202031343524	-0.5476271327949538
-0.7022452002084075	-0.7001969018007077
-0.7035071082145947	-0.7028143098780018
-0.545550767476396	-0.545931288590586
-0.5416088841435299	-0.5408706144579621
-0.7092286150351046	-0.7078454822082122
-0.7152376323606827	-0.7149278124240235
-0.5341402781415876	-0.5339428169920072
-0.325675595754073	-0.6127207346807696
-0.7209605745155986	-0.7191877895776717
-0.5270597159053887	-0.5258030462724993
-0.2851684620028211	-0.8201145162246583
-0.7254281540340966	-0.7245748627474164
-0.28448372335344996	-0.8217482373102017
-0.2736391611065516	-0.7746943511814082
-0.27290909431814664	-0.7722460977152843
-0.5253779539526131	-0.520768973162799
-0.7260605823998261	-0.7028387883779237
-0.7327728449784019	-0.7305146302424942
-0.297552377151641	-0.868813733210754
-0.5158100005297445	-0.5153959434603107
-0.29572160069377673	-0.8682437591461454
-0.7382174825155896	-0.7382475441310392
-0.2624883396074432	-0.7268050989655586
-0.2607611726470638	-0.7245442213516239
-0.7386251133102593	-0.7124429057044358
-0.510369903934246	-0.5083739213892329
-0.5426388194678811	-0.5110517160867216
-0.7451372540039494	-0.7456321191622477
-0.5019919313757092	-0.5014418998725687
-0.31293568791679754	-0.9140949103588278
-0.3074033336580424	-0.9147467866465055
-0.308285580008967	-0.919570499088568
0.0032311726141407465	-0.7539477870270099
-0.04419459907350357	-0.7359137352614817
-0.0560068574775505	-0.7376118659160285
-0.037113946294141005	-0.8066241037720631
-0.041549440889888274	-0.8068704884970824
-0.029710648648947784	-0.6755353487724175
-0.07354600685539425	-0.792514481904778
-0.05957075892275523	-0.6706354309756628
-0.0492298909777264	-0.8447757832736466
-0.06899003962730098	-0.6657087694328738
0.052142589398026906	-0.8563097404272442
-0.12382832672760825	-0.7160644360554747
-0.024056196633845995	-0.8761342425075188
-0.019701504430603665	-0.8812280397855835
-0.12523069266644146	-0.8003502316120352
-0.1523893553698406	-0.7287746778877975
-0.06814750085106801	-0.6046582658544806
-0.14393668997499953	-0.6776510743197421
-0.04012836167215074	-0.9079936894061373
-0.07101305041213332	-0.5971962707990598
0.06413389839116174	-0.9242100656537346
-0.009031402720491391	-0.9385960014621895
-0.007633729963343661	-0.9424466063379504
-0.12503010309482895	-0.6014616153464825
-0.0821111555391885	-0.5595900208815522
-0.012621144548250751	-0.9758714279773859
-0.08715537745763248	-0.5308156331703755
0.018998182987201403	-0.9973721686937067
-0.08535962854900123	-0.5161972766126658
0.19345036100913046	-0.5832564650364285
-0.2487981238282553	-0.6773764569107438
-0.11773480459739175	-0.5146402936350738
-0.23748532588219523	-0.6301368274153722
-0.2387824093766769	-0.6286788823385555
-0.13895776056363127	-0.9837290646816176
-0.15536328029141097	-0.5254440561837596
-0.22683006066228903	-0.5822002653555226
-0.22626297735541762	-0.5790935310073405
-0.21378700286229754	-0.5306986736519105
-0.2155017049008623	-0.5320387162754512
0.5298271608268567	-0.6906231501890876
0.5310733319127287	-0.6596523851916207
0.8859963482327146	-0.7796099367528893
0.8894745768160011	-0.7933098670459108
1.2482728032540291	-0.8807665329886454
1.614033565516673	-0.9546454896028986
1.6130059948721456	-0.9557736933045341
1.250468257211925	-0.8742675295738346
-1.8814765272759386	-1.1652933456195333
-1.8635827541794274	-1.0938055591777183
-2.1208110496296735	-1.4499837978268308
-2.2113318974587575	-1.0625798416575103
-2.219454838818819	-1.4418296883427248
-1.4823238856568675	-1.2865181226560507
-1.4604771842657651	-1.2327039064398795
-1.462133076407836	-1.2763644251012527
-1.450251276854913	-1.2244889371124765
-1.4415638873478485	-1.23129264768423
-1.4380119400156302	-1.2544109304746816
-1.4377030951046588	-1.2525855011982865
-1.521873212113698	-1.3183181047530852
-1.450437235115419	-1.3021077855812284
-1.4762009909437839	-1.3289522513142085
-1.4335117762463105	-1.199884965265705
-1.4954816090637644	-1.3452009336667308
-1.426094434175859	-1.1775085019082985
-1.4126813667546305	-1.179264494975402
-1.4809619285236106	-1.362324268442399
-1.503304368100005	-1.3654088451426052
-1.4867281959817589	-1.3652251964545083
-1.4102186495342433	-1.158176914738784
-1.4675808922892495	-1.3841970790367633
-1.5404552711824755	-1.3828398591144293
-1.4029132473006505	-1.1403933196756337
-1.4013426119956318	-1.3612994589133527
-1.3566794899988026	-1.2010225753746544
-1.4496682336368094	-1.3940777034371163
-1.3633609439631524	-1.3283121481039124
-1.420446796198549	-1.3877121070028764
-1.3885484666625356	-1.1178963392110393
-1.3775083090460414	-1.377512934803992
-1.373055455976259	-1.3731016394754434
-1.3702626059718936	-1.370199587143771
-1.3823894639323788	-1.3824312679252473
-1.5120996318675304	-1.4267747474159937
-1.3651355050249259	-1.3651869111354342
-1.3634798228153084	-1.3635125616369286
-1.390757406093121	-1.3907107609474563
-1.3892316290336242	-1.3896168109579894
-1.358664707530957	-1.3585805557451252
-1.3934553439343624	-1.3934078768658598
-1.3565982994324615	-1.357382561078127
-1.351776215032073	-1.3517206821237235
-1.4555265161449684	-1.4249884939848638
-1.3418931629738469	-1.1623007106582486
-1.402263689147442	-1.4022004479036623
-1.3475470551862359	-1.3474931990422545
-1.4054097222564055	-1.4054470788527658
-1.3432803229550856	-1.3436734413162927
-1.402698290345507	-1.4044982845459977
-1.3419447521069452	-1.342172060840393
-1.528010430212147	-1.4314871951015615
-1.4134349271598698	-1.4135630791875928
-1.5844965017356039	-1.4149508774874109
-1.3355946751743062	-1.3355975048398807
-1.4149100344511094	-1.414938103608541
-1.3310767341235068	-1.3317881607303181
-1.3297670840540847	-1.329865446880802
-1.5547278361591779	-1.431102840035921
-1.3667440100165293	-1.1134011182766717
-1.3220775675228116	-1.322521464739532
-1.3077828022042928	-1.2599285796610924
-1.4293026902732	-1.429359251480013
-1.317579001424857	-1.3177617174999714
-1.4308243844133168	-1.4319141443840544
-1.5959528271911214	-1.420374833548215
-1.317438044880944	-1.174129942510971
-1.4318595406957828	-1.4356344806183068
-1.4400450799002926	-1.4395575025472775
-1.3089536544844271	-1.3089023204656416
-1.3100214392173766	-1.3169735369585787
-1.3069187621253002	-1.3082424900211125
-1.4760241389393178	-1.4518959617117964
-1.4463981720133052	-1.446418075655276
-1.2998920755902024	-1.3004060963340838
-1.3671771839322533	-1.0915976603127793
-1.5137310119882252	-1.4572090826738826
-1.2946071601263127	-1.2952133752923132
-1.4573580643657573	-1.4581877704977608
-1.5844839935893325	-1.4456836932689432
-1.290617511366524	-1.292680424575145
-1.4599958874929864	-1.4621420583757085
-1.2819471452289033	-1.2836385787924978
-1.0697175896961435	-1.1977139531662695
-1.1069158815634108	-1.1671011209339623
-1.1327178905688693	-1.2027740753106275
-1.0714640377610862	-1.1149978362654078
-1.1530093303311633	-1.2570354361704112
-1.1568459152803077	-1.2210277776797318
-1.1526244533636616	-1.193137499853261
-1.1266965736382126	-1.1436467927692433
-1.0618233103700594	-1.0959576146250876
-1.1462677648687598	-1.168776847296695
-1.0987567974778232	-1.110438979517272
-1.1736861857194654	-1.2476305800187515
-1.125697326934038	-1.1255583888657255
-1.1234368311882539	-1.1231206462332435
-1.1315829765490428	-1.1314898556962205
-1.118809128416063	-1.1186068510313165
-1.129476006532774	-1.1290079051642405
-1.1149517956864408	-1.115024293559759
-1.112081484446675	-1.1122383540796545
-1.1380852895456832	-1.1375120825383995
-1.0728066613049458	-1.0873084421219437
-1.1413873788557771	-1.1412483819248345
-1.1365164132093033	-1.134471822724687
-1.1078808064557193	-1.107000347999811
-1.1471327610026327	-1.147044630303595
-1.1486756508374785	-1.148635458247135
-1.1032925537998808	-1.1019665330759756
-1.1001241585732517	-1.099588396316999
-1.090555121824883	-1.0935249715241533
-1.1533767594028426	-1.1533762736138569
-1.0976074799008306	-1.0965913110981607
-1.1582463221854988	-1.158244303124311
-1.0712013931425957	-1.0810308962638475
-1.061923046917171	-1.0766190820167756
-1.1644376102047094	-1.1644737540104204
-1.0883650834854963	-1.086789663455098
-1.0829331555343196	-1.0829705889521486
-1.0492935369972993	-1.0700014915406177
-1.0545980640584878	-1.0707716921955712
-1.1698120082513408	-1.169578240165108
-1.0581049641918092	-1.070477419287854
-1.1715987506402241	-1.171168008901751
-0.8144616003832311	-1.2113315478810558
-1.0498197509614793	-1.0663134030858936
-1.1764788921719185	-1.1760868219913643
-1.0661374462567301	-1.069920086935098
-1.1794751398283747	-1.1805632966381647
-1.1831195694886016	-1.1829395298901986
-1.067333290969556	-1.0668361068969985
-1.1955362685220465	-1.2654557456785083
-1.1876007693801465	-1.1872380278663415
-1.0446479128376915	-1.0564554590905277
-1.1898896795780942	-1.1897975362951265
-1.051170161809602	-1.0571921938307693
-1.0390662891465041	-1.0528439317764455
-1.1967674225247178	-1.1964882658872387
-1.035227794970715	-1.049063778053191
-1.2007294523498393	-1.2001513571525235
-1.0321425590615658	-1.045624619006376
-1.2036110680329113	-1.2032842980963725
-1.1452859028649491	-1.0952608127402814
-1.029843988008072	-1.0387652137095493
-1.0435906549641167	-1.0403499890211314
-1.2105692001438269	-1.2103727419791244
-1.0210538273260532	-1.0334623246085421
-0.9503706227646732	-1.0363333141984368
-1.0821961331232683	-1.0461385032664345
-1.0240645947293394	-1.0299026894965972
-1.2201021634462088	-1.220066680070619
-1.2217781274532673	-1.2080890889577185
-1.2256090069883145	-1.2253784482227479
-1.2337942587723647	-1.2300226894086423
-1.0029552484366842	-1.0141851737162555
-1.0001081162482293	-1.0118908114793033
-1.2381037449717012	-1.238293011195955
-0.9991788254460184	-1.0104897745417893
-1.245655070082409	-1.2455656885405126
-1.0079398965524966	-1.002302785375842
-0.5054970071602225	-1.2204284085630477
-0.5497128256771369	-1.2237558808024522
-0.4010734954701026	-1.2958392881544725
-0.39937084605866224	-1.2952465553809829
-0.3889110993993602	-1.2471712258031427
-0.3882872585780477	-1.2477479258446396
-0.4105299096103956	-1.343295041100321
-0.4117294701823656	-1.3445582708438797
-0.37734708122165483	-1.200397785893116
-0.3774519880043802	-1.1987890382497786
-0.4217457679571549	-1.3920304726251511
-0.422755109911114	-1.3937552290097925
-0.366520594278978	-1.1530573235629744
-0.3653673135065985	-1.1510813901897854
-0.339987881484497	-1.310989498419397
-0.43339937818530705	-1.4415917646517038
-0.43311323870359003	-1.4430755166052431
-0.35513106234856034	-1.1051808124990334
-0.35368701613286885	-1.1039864043273793
-0.34351890249913897	-1.057236271528901
-0.44465574021583903	-1.4922010088262332
-0.34233514939978255	-1.05738992771536
-0.4434269651359275	-1.492592139511991
-0.33121201900337527	-1.0108375047006557
-0.33128998688051037	-1.0089145999328946
0.041292789868730216	-1.2779778842432068
0.06146406419865554	-1.2202450220552934
0.06489763333015827	-1.2175664927243115
0.08026837678594356	-1.282877334481127
0.08005635576749418	-1.2862138837776744
-0.009941151389687847	-1.1517808182221976
0.043972119217151606	-1.1494482708289553
0.0479884845414874	-1.1469381670965648
0.08366676428999065	-1.142342990491204
0.0974681136093624	-1.351295107169471
0.058279858558921066	-1.1208471732860308
0.10036580892790856	-1.3548801534089974
0.04172937714430773	-1.390472829186197
0.030064430781082653	-1.0856682922870526
-0.061409398336609335	-1.0889743231038853
0.12971121322444562	-1.1345340854052388
0.17714676925109515	-1.231915495718839
0.06013248737060227	-1.4185370814472922
-0.059059757443927725	-1.420963893674035
0.13082428580831057	-1.1232402705462157
0.18219839844885924	-1.2424987450317562
0.019647892222556904	-1.0599863477486886
-0.1737005232021703	-1.164473505231746
0.19830165306949885	-1.2931362129310793
0.06199162065284084	-1.055489461647716
0.11461330308784236	-1.4222879361551353
-0.17667833384829723	-1.3618423475821104
0.11892619646329591	-1.4220787729293622
0.21378306488535648	-1.3109665006024305
0.016167925316545807	-1.0176967212351173
0.07094982034966955	-1.0223991289977952
0.2350637366824126	-1.3256466616276525
0.09966617907834421	-1.4927467436716033
0.1766948553737759	-1.0468781239801401
0.18540706978532823	-1.0478712939891934
0.13033609080375289	-1.4915151938205422
0.13619849845909307	-1.4909829548912599
0.2418031963476821	-1.3938418461912239
0.5281510533751115	-1.2593406556220716
0.5297402720204667	-1.2576203153725327
0.3053595513120031	-1.4144666153554057
0.2512542410544789	-1.4081498894380355
0.8825768772246351	-1.4190474670345963
0.8835599690024317	-1.4199881690188578
1.9798440191451927	-1.0240100062755453
1.9798833382013619	-1.0225323748494002
2.348611779482255	-1.0841660491730056
2.3475628166964344	-1.0842568539372688
2.717713846195537	-1.1396013806965717
2.7180646027324156	-1.139582265210279
3.088880549419888	-1.1906746152530996
3.089228972422143	-1.1903336205278419
3.4614348198502136	-1.237906675528947
3.4613657579735104	-1.2375855062766377
3.834876823368274	-1.282014070161018
3.8346813798154233	-1.2817858041683
4.208928924109912	-1.3233858578970534
4.209223419393977	-1.3234560122448797
4.584072471739421	-1.3627037991697475
4.584304616843448	-1.3626222972265747
4.960096182580236	-1.3998252362772994
4.9599787216286595	-1.3999960505459532
5.336537663358742	-1.4353062364502542
5.336562897596887	-1.4354886478509539
5.713606086446596	-1.46925141917096
5.713733224335474	-1.4693753499932878
-2.0100817776479665	-1.9234345474907173
-1.8276992166265467	-1.7177213385598227
-1.8769342379071479	-1.8769343091468245
-1.8776249545625008	-1.8776250392136367
-1.8788902653191517	-1.8788903343085275
-1.8803106485241023	-1.8803106513534993
-1.8691273309444913	-1.8691273358110854
-1.8675923531818144	-1.8675925108363431
-1.867564094402697	-1.8675638417399494
-1.8829058724641397	-1.8829058776196836
-1.8655911096450002	-1.8655911146381245
-1.8884821937972018	-1.8884821720104987
-1.8301404102561283	-1.802990643828839
-1.889845952604384	-1.8898460162828088
-1.8591905656630021	-1.859190565635091
-1.8884511297013216	-1.8895766359449573
-1.8992409052685084	-1.8992409082368313
-1.900839839887193	-1.900839884442566
-1.8481261161330507	-1.8481261158353257
-1.9040074396602942	-1.9040074397646236
-1.8457297177231011	-1.8457297176179128
-1.9085714916222438	-1.908571497141366
-1.84178209738203	-1.8423992532848954
-1.9093367518526942	-1.9093367489630029
-1.9117681550644072	-1.911768163885165
-1.8379418694913272	-1.837941858808846
-1.9133926563616157	-1.9133926826033292
-1.833187384746886	-1.8331874114779225
-1.8318049616122756	-1.831804742007606
-1.9197215526423057	-1.9197215545979187
-1.8263991380649187	-1.8263990834435082
-1.9240367213685534	-1.9240367169690913
-1.9261180817663164	-1.9261182095966667
-1.9275149238285707	-1.9275149262385314
-1.9277287350350625	-1.9277286985300932
-1.821701301325081	-1.8217010175445094
-1.9307569601145702	-1.9307569785569203
-1.8167547489124496	-1.8165086657491647
-1.8166946421873635	-1.816909484437483
-1.8155743860999156	-1.8155688408369617
-1.8649082106509618	-1.8955568412541535
-1.8053934640749678	-1.8055010491753918
-1.8040085421279402	-1.8040552821785312
-1.947205133421579	-1.947205131722904
-1.7993594757932565	-1.7886330124967191
-1.94790774509208	-1.9479079844612175
-1.9494997688951499	-1.9494997763549036
-1.8000542075463333	-1.8002307573459084
-1.7965401120990951	-1.7979837494279947
-1.7898090631613441	-1.731295253512562
-1.811101585867711	-1.845130734714895
-1.9578956247080366	-1.9578956395249487
-1.791111110269352	-1.791849922693952
-1.9591930414999603	-1.959193023554671
-1.9610038076615448	-1.9610038968671817
-1.9617449209912097	-1.9617449340418425
-1.7875407837741923	-1.788475580441177
-1.783289740567259	-1.7844565132823071
-1.7775602309562553	-1.7786207272920502
-1.7728458655552937	-1.7727921509218019
-1.980953218924348	-1.9809532184896048
-1.766614699335766	-1.7679429989155337
-1.7620132036109593	-1.7598983491589666
-1.9918209919335599	-1.991821149271154
-1.7558369844051784	-1.7620563869410857
-1.7550208487842764	-1.725867967120615
-1.996606269010459	-1.9966215828754204
-2.197183168912616	-1.8983027327814457
-1.996839701419166	-1.997560234658591
-1.9976446561144205	-1.9976614128280161
-1.7683220560852946	-1.8382602353523483
-1.8631019285380643	-1.9606913972492666
-1.7803654235038313	-1.5909047475463576
-1.6284017935510782	-1.628401855396184
-1.6208103215267038	-1.6208049492453922
-1.6197889138516843	-1.6197878992860064
-1.6305437644544076	-1.6305430182421992
-1.61856562847381	-1.6185637362214833
-1.6322927168492694	-1.6322931218838754
-1.6145180483581107	-1.6145181016964743
-1.644086693872568	-1.6440868414325727
-1.6058589019134752	-1.6058590575145306
-1.6458473692415831	-1.645847460762398
-1.665203921554382	-1.67574807027957
-1.5940013868350338	-1.5940116309771513
-1.5929944623042012	-1.5930510911801785
-1.6594822255843023	-1.6594935288547832
-1.5905759339089167	-1.590394689906029
-1.6606220298041938	-1.6606243022190958
-1.5893449508157291	-1.5885628399783576
-1.6321305963293335	-1.6201717575616774
-1.66423208401063	-1.6642683989320863
-1.6646621078588333	-1.6647567879429643
-1.5856930063498422	-1.5854846362600952
-1.518357451774778	-1.565147223541812
-1.669507628064766	-1.6696043884044025
-1.5795196225040897	-1.5794969078099599
-1.67214701393548	-1.6722578128428716
-1.5859986601204503	-1.5817889105629828
-1.6244320968492678	-1.6068894741157802
-1.6194169163125383	-1.6013229056361233
-1.6721080087696223	-1.6673092968078413
-1.5745396073722135	-1.5739279771093322
-1.5732488699087748	-1.5731318638769014
-1.6826131866503513	-1.6826202549736595
-1.594160739103814	-1.5789560308195592
-1.5635656305073768	-1.563211381472856
-1.6496746807816565	-1.6205225426039993
-1.618768777070902	-1.591028071298076
-1.5613571415152683	-1.5608010295009758
-1.6895230997026993	-1.6895269283388499
-1.6775923107450939	-1.6568204801975077
-1.5589828713630416	-1.5575754657605074
-1.6922049216864123	-1.6877943027585853
-1.666001718360531	-1.6348116907578316
-1.5656281893870017	-1.5581602326698643
-1.6969619305861237	-1.6964782592176848
-1.551772681220781	-1.5519216606521657
-1.6984999873841704	-1.6984224329128401
-1.6171050861612462	-1.581085013115274
-1.5495118563797683	-1.5483255602170738
-1.5458113686864812	-1.545247238811913
-1.6953706152547174	-1.6713191607414897
-1.7047614088655003	-1.6990865082207283
-1.7093502909628355	-1.709503972479922
-1.5391939567842494	-1.5391427149285772
-1.676729910903333	-1.625211353342071
-1.7134717906328936	-1.7126385006742588
-1.7149853054832471	-1.7181864547140784
-1.5355601896979683	-1.5342431784024366
-1.529514957975419	-1.5293427387248049
-1.5900056380292829	-1.545949080297788
-1.7231880398986745	-1.7228126986680339
-1.721784954682045	-1.7123229065067436
-1.6323141206017553	-1.5667636470032837
-1.5255663326559916	-1.5235328749206885
-1.7172744067267036	-1.6764184333763112
-1.5220114903473758	-1.5191016925556664
-1.7314296350927925	-1.7306446788632965
-1.551840033097783	-1.5231838686492958
-1.7306033641829108	-1.7047836380564134
-1.735105146882739	-1.7332502957012694
-1.5139079332104552	-1.5131965367090117
-1.7424923116750934	-1.7420968832321089
-1.7425504132133909	-1.7836401504999622
-1.5078552720632359	-1.5052008735631308
-1.502123566870404	-1.5018230577488956
-1.749190352596231	-1.739614297353369
-1.3166589512094555	-1.5697699072009252
-0.838312349131328	-1.6213368752649249
-1.16049834107598	-1.6047489816180243
-0.8463304969273516	-1.962410056078093
-1.1314018106562127	-1.9906498880143073
-0.7852903704250739	-1.5402697260491496
-0.4953756364750649	-1.7559768125564001
-0.49430783790179084	-1.7567197125690344
-0.48536565935957915	-1.7018395612331927
-0.4848588920123565	-1.700698278223922
-0.5045585677268699	-1.8125204423315706
-0.5030638279647673	-1.8128996716880947
-0.512487319127652	-1.6465174679062389
-0.47543462523799523	-1.6479801748523806
-0.4754943577077893	-1.6470205587344833
-0.511233816077268	-1.8702297220151032
-0.5134884270943509	-1.8715663405348657
-0.35986768244211675	-1.6968352805711
-0.465937370282293	-1.5957146105511764
-0.5965186037978376	-1.6232889680961629
-0.46455394831044006	-1.5941083247085948
-0.5203399279382179	-1.9296833630487442
-0.5200930574792534	-1.9320454294001994
-0.4554259524230857	-1.5437505214585574
-0.45391764123161144	-1.5427997269186482
-0.27226568879444735	-1.789432555518003
-0.5270321900338978	-1.992001495707351
-0.5270663367574392	-1.993858616553129
-0.08248626343462206	-1.8115934551232526
0.18205397363658218	-1.693229721503119
0.18793277140527045	-1.6920358971470952
0.0232970552639465	-1.9474287903498315
0.20002840200010535	-1.7627284512682333
0.20477651152676316	-1.7575123425530457
0.16257971849426328	-1.6221602369115442
0.16818012869500776	-1.6262271880473227
0.20544140831701563	-1.6520715040135203
0.21954444693522457	-1.8238542739214056
0.2185124769654405	-1.830830942655451
0.180989100684538	-1.5966126368312272
0.15796993421786998	-1.5722449561424345
0.16215976988425326	-1.9295647722258324
0.17081498461429825	-1.5755505582641323
0.1501121489464967	-1.5565605845787074
0.15350546857301547	-1.5531465918009282
0.24548386386844942	-1.7017782829066834
0.2355112673961859	-1.892456057690027
0.23758769741602134	-1.8978761551263335
0.4789127052417121	-1.7597863040845476
0.5472970694562395	-1.7932754977897443
0.5737228151868687	-1.768517178292138
0.42916925694608626	-1.6977208256678735
0.4459607858692949	-1.8302330552907058
0.4244929553054042	-1.8152120234458655
0.5138967541618192	-1.8608110922978782
0.37781083467277415	-1.7360579641956835
0.38109871511098287	-1.7115223738344807
0.4306641688317593	-1.6183922427212651
0.5105344289162036	-1.9374094499470662
0.48630521690434414	-1.940351067329604
0.3085411797063943	-1.8282447713293577
0.3456975564494068	-1.6091998322189855
0.3455389595768654	-1.607997450910728
0.39695707064182045	-1.934167054297394
0.3408347897826227	-1.8889797690245635
0.5644045454219011	-1.9556820068143883
0.5572128157735874	-1.9603740104662946
0.5361478252556875	-1.9998309525527815
0.3831230504471066	-1.51313493394167
0.34204192435293235	-1.996441520332455
0.28942604751021805	-1.515353522166792
0.2900238573739865	-1.5062291398613874
0.2555529490587758	-1.9636821841415681
0.2502787286707008	-1.9624039668652857
0.8681627712540378	-1.9942271998067855
0.8758369683950648	-1.9985562290984766
1.2384041222948818	-1.5579533710134121
1.2387389105638191	-1.5569972060957726
1.5958983066857277	-1.6788833092845101
1.595636385870724	-1.6783670072745287
1.9547264622991936	-1.787409584315217
1.9542823214487433	-1.786997700156122
2.3149592835187454	-1.8860152410686344
2.314445911703832	-1.8859523140442755
2.6760670417928427	-1.9769569574863746
2.6764146368110513	-1.9767750469863201
6.091259220538655	-1.5018061806136465
6.091427137387337	-1.501835854159137
6.469458571749418	-1.533085342291121
6.469596012008343	-1.5330248249834446
6.848151723368833	-1.563190339447901
6.84821599974965	-1.5630755575714472
7.227290486017503	-1.5922128396075232
7.227267710909312	-1.5920957128835729
7.606826178474784	-1.6202463604148547
7.606743205649733	-1.6201666049114831
7.986729263559362	-1.6473747631623443
7.98662014697645	-1.6473569383148856
8.3669708459596	-1.673682297975781
8.366884952306474	-1.6737161081143386
8.747499070038042	-1.6993007105764653
8.747550805626517	-1.6992320848604399
9.128450537762506	-1.724155506491524
9.128449518303222	-1.7240839474587288
9.509678733788856	-1.7482745269048439
9.509700147083283	-1.7483394201374176
9.891258205895259	-1.7718946395554045
9.891205910062807	-1.7718454968534498
10.655145379796728	-1.817263549869997
10.655242216956665	-1.817284022396539
10.273096129222477	-1.7948687234079292
10.273042118203387	-1.7948264062296448
11.03754575205782	-1.839191138265725
11.037657914986077	-1.8391691996866293
11.420357735895667	-1.8605327999873187
11.420223477511437	-1.8606576422739243
11.803283092762117	-1.8814398291179053
11.803237132797852	-1.8816499549930799
12.186475274490045	-1.9018948624561534
12.186548865852847	-1.9022112460770815
12.569864461800687	-1.922027859625362
12.570236809731105	-1.9222547051024712
12.954136465774305	-1.9418295366243896
12.953626972963791	-1.9418299202040492
13.338316792163424	-1.9609027536327603
13.337710500138671	-1.9613708946755413
13.722551141699117	-1.9796295378717752
13.72236360642914	-1.980530739234049
14.107003648978104	-1.9980951599426586
14.107448431092815	-1.9992539672357692
-2.124439923535342	-2.1244399244505914
-2.12650999034327	-2.1265099901962916
-2.1281596775317824	-2.1281596775089695
-2.1165814332256745	-2.1165814330763517
-2.134038031133688	-2.134038059597962
-2.1155667448776487	-2.1155667415821218
-2.1149507266138574	-2.114950730239862
-2.1340651084724653	-2.133896156692523
-2.135560279872668	-2.1355602763042834
-2.136069463623132	-2.1360694647841036
-2.1158575353745066	-2.1151203983050326
-2.1418427697128477	-2.1418427831760987
-2.1418550531649942	-2.1418317869835755
-2.1039747892184524	-2.103974789216964
-2.1478322943837163	-2.147832294394911
-2.100988445026022	-2.1009884450456258
-2.1506840239348857	-2.1506839847476114
-2.150768448293025	-2.150768710549516
-2.150895569471607	-2.1506513488426675
-2.097787723827095	-2.0977877238180995
-2.0880961940690734	-2.088096202468072
-2.0868266481984126	-2.0868266560387494
-2.0860816205733417	-2.086081601436048
-2.084377671433183	-2.0843776565894183
-2.166368870687887	-2.1663688707316773
-2.1669694751279986	-2.1669694751208306
-2.169918667139295	-2.1699186674166344
-2.0797283110889944	-2.0797282511738113
-2.0793501346846104	-2.0793502516901365
-2.1726872337182446	-2.1726872337953567
-2.074790625174558	-2.074790583865005
-2.176125858830707	-2.176125858827541
-2.070749137673985	-2.070749600411422
-2.070368650117262	-2.070367166200888
-2.0677208926024866	-2.067845454977188
-2.067864171514524	-2.0677710865320678
-2.1846060709035164	-2.184605716133456
-2.184607688064262	-2.184607794857925
-2.0618140165944694	-2.0618166614763966
-2.059343608792135	-2.059366668987208
-2.058811034700037	-2.058823650287881
-2.1940024571115626	-2.1940024580274176
-2.054517834952691	-2.0545079291055637
-2.053830688787648	-2.447021096991175
-2.1975595213722596	-2.1975594872360107
-2.198939144660659	-2.198939194725786
-2.0510746807661357	-2.051017675428277
-2.0498824929277686	-2.049888801593336
-2.2014377329232513	-2.2014375433287015
-2.201557671472107	-2.2015573205019683
-2.0478953913414912	-2.0478857465428186
-2.04704447019212	-2.047052978925909
-2.0435206599454636	-2.043521009500481
-2.209178463058468	-2.2091788239122696
-2.2130363926543515	-2.2130363929501367
-2.029812589317841	-2.029812673002515
-2.1799397258045787	-2.1188074190709942
-2.2210935107076915	-2.221093514165761
-2.0265246583997243	-2.026524720740198
-2.2248002801027376	-2.224800281801053
-2.220181954278055	-2.1936489831734627
-2.0195648069502776	-2.0196153502143894
-2.01943901653389	-2.0194874179861237
-2.018000828233203	-2.018001156398858
-2.2323588222328166	-2.2323589981169354
-2.2378429769374732	-2.237842977538691
-2.244391686422922	-2.244393095285927
-2.0039063582420935	-2.0039053944755003
-2.246228342179335	-2.2462332282687942
-1.5571267078634903	-2.0465226795638007
-1.6659760602348455	-2.0006696970017135
-0.9951111606631206	-2.3720794584641998
-1.09162513485113	-2.4043686512900795
-0.8617085750921554	-2.108602028623603
-1.2297755350042459	-2.08178356769615
-0.5368749309166065	-2.268771044133444
-0.5444172562995745	-2.2659069664257387
-0.5395984560885331	-2.1953707736032624
-0.5409019720224468	-2.1922328502312918
-0.5441803921873066	-2.193873917911332
-0.53742227137474	-2.341220561359476
-0.5394595533163338	-2.345659633493284
-0.5362883661084265	-2.1244980876555393
-0.538282438229511	-2.1237489845474418
-0.5345265085334652	-2.4214877316527432
-0.324849374212496	-2.2152635602151727
-0.5319676306160158	-2.427873470468911
-0.5333553122572735	-2.0581990741849476
-0.5322896960598502	-2.056545678214112
-0.25949975585146545	-2.2363608653904863
-0.7008759362642032	-2.0757348376603044
-0.07517845146942716	-2.3499667370795954
0.13318436443539303	-2.364124070381034
-0.01742981066810372	-2.0461411182907625
0.19949468586317357	-2.465915915362215
0.4779012600923487	-2.3173019301627686
0.4304407956580443	-2.1921104184325273
0.628893032830688	-2.1559121409341078
0.6337177784082659	-2.1581445643966255
0.33559095209979434	-2.3023428050579495
0.33036510167454575	-2.3044513455615814
0.32038865294061414	-2.236092782500057
0.3153828820423945	-2.2334740824366404
0.6607422220093654	-2.15318381286587
0.5622884184991183	-2.0707413349579284
0.690866427161344	-2.253610078703888
0.34894164795515376	-2.368957132180311
0.6963423606614807	-2.2470019234721845
0.3471893252934153	-2.374699926519904
0.6092178043557486	-2.079265605728196
0.57203387981775	-2.440386778445386
0.410302895457333	-2.4394115133495213
0.3030185812717987	-2.1695954777820248
0.30143175020527013	-2.1636777686956425
0.7155421189274249	-2.211264924321458
0.5903554464639345	-2.0481735294689116
0.6563260918956845	-2.0902322776388274
0.3476778889354938	-2.082095373406705
0.3605882946280238	-2.4387759671572615
0.3628125335384237	-2.444555348804065
0.6688884350782087	-2.081610328970567
0.7424076765862332	-2.3326445134526734
0.7414306736130155	-2.3372627349330304
0.2847395772554886	-2.1013945932852245
0.2873457631537706	-2.0956747686267976
0.27244751091052666	-2.0294217824415335
0.26718973709792887	-2.0323160277933137
0.8596632622497891	-2.292362472304104
0.9870368689211646	-2.418357094394356
0.83572287500055	-2.423729199913442
0.7631369208915277	-2.2062073951672616
0.8254240074874349	-2.425793033268529
0.7622355986720322	-2.325063004883902
1.2350801377859404	-2.1623089338820263
0.7624709584072635	-2.3309678851080236
1.236017253980213	-2.163725472173555
0.789912430205197	-2.4267834433955127
0.79028243849763	-2.4347908135028513
1.5899599313358137	-2.308948690783689
1.5902558323628175	-2.3091122218815543
1.9454604408605394	-2.4433723905734834
1.9458121542580187	-2.443530411451439
3.0389506615802304	-2.061381017436323
3.0390766931984383	-2.06106728836462
3.4029690605106695	-2.140244811736204
3.402867007437739	-2.1399417150458033
4.133622770856609	-2.2843609520278982
4.133905489598582	-2.2843764740615615
3.767985592319933	-2.2143570011032865
3.7677380965690324	-2.21417346477851
4.5006551066064535	-2.350840858859185
4.500445152548374	-2.35097214781093
4.86819370463	-2.4141872138390785
4.868118113702807	-2.4143935307535704
5.236491307534321	-2.474765990474069
5.236552916556711	-2.474957535189055
14.493066905871355	-2.017286064316357
14.49160273887821	-2.0165816996530355
14.878774408075865	-2.034710288159183
14.876821633569733	-2.035033690649151
15.649742358189235	-2.071618257126129
15.650012213335748	-2.068076361939023
15.264574686710935	-2.051477657412775
15.262695358348493	-2.05353221481255
16.038028470677283	-2.0889404675688983
16.035057091787912	-2.0848643145578234
16.426412164246713	-2.1041191621469686
16.42093259049219	-2.103177494592594
17.196472809041445	-2.1437912085435533
16.81536420757857	-2.119581114353508
16.807046532568307	-2.1208161837936523
17.202060399663186	-2.1289555546179404
17.583604671889482	-2.150265102715963
17.59183057698172	-2.1556589300942464
17.97379362504801	-2.178897466719639
17.97965150830978	-2.154174616962725
18.407860433960497	-2.1903875346530164
18.33062947325121	-2.1768774474327643
19.067935420397134	-2.2867632479285818
19.12861002517865	-2.211131809614862
18.782331935731158	-2.2469106721165772
18.76089050829317	-2.1467634470326673
19.53021772069061	-2.278564124803645
19.610982951735465	-2.0632552812446003
19.72964218435476	-2.1089141835795813
20.1210961797211	-2.434308096150563
20.21440901807507	-2.4045317528349184
20.47954708311482	-2.15487002998387
20.690748806126283	-2.1539087827079375
20.744653946397193	-2.3247434002742806
21.11246137870281	-2.2928463088475506
21.137012048262314	-2.308685125092193
21.507537495782287	-2.2758623582500404
21.529696166488147	-2.31929338348016
21.936687072413314	-2.316537873149743
21.8919043891197	-2.311121331345096
22.324378841253512	-2.3194042201341856
22.303108953173403	-2.3357139947851424
22.717896129732566	-2.332032125539993
22.710312983774156	-2.3499448780433347
23.113127105406143	-2.3471543527417684
23.11875355426003	-2.3607150606856067
23.515059554237236	-2.3641047136427753
23.52276241248776	-2.369331695986048
23.927567849114734	-2.3786688229230335
23.91923180035337	-2.3802303434305925
24.330252008497396	-2.389697005614162
24.328916658571487	-2.3943309576719476
24.73680829731299	-2.4027274204535836
24.738023753415472	-2.405995405955416
25.144510192398936	-2.417030083548868
25.14950230078922	-2.4159737604629856
25.558838962873196	-2.4259077189688947
25.55805085874671	-2.431149991112156
25.969937285801347	-2.437002524753016
25.973799113396417	-2.4435684479736217
26.393056755055422	-2.451728479181855
26.381503764041046	-2.4519556179159427
26.808072144406196	-2.4592391870988832
26.80140931039692	-2.4672665545094254
27.22596439022919	-2.467833959621464
27.223049960939044	-2.4812697418196636
27.641580754961737	-2.4791307004113086
27.65181778317342	-2.4919646456341904
-2.00972152857286	-2.5158851804540125
-1.339439707432816	-2.626792895763621
-1.6366784472093028	-2.538461259452354
-1.6797810636427148	-2.573240582688805
-1.2719579418544338	-2.8800789157874735
-0.9337290125106413	-2.697374788753464
-1.1734581343616481	-2.8313520469017863
-0.48244812945648463	-2.7796566899749617
-0.5048286085002238	-2.6885022586184575
-0.47284690418724185	-2.6866611540539025
-0.4438148603953936	-2.7968740812977892
-0.6072287702082841	-2.7089604948858583
-0.3866457932041139	-2.770467989324903
-0.45450297403231926	-2.8725921221596593
-0.4972664628004417	-2.6009896894822075
-0.5217070976143753	-2.593422106817465
-0.341055821918954	-2.683319787945059
-0.6735067085968719	-2.6286351292606764
-0.3177931873521315	-2.865748762248471
-0.4599825455122792	-2.980210419825256
-0.5289524170741927	-2.513724141112194
-0.49773191087353225	-2.9942019179360226
-0.5183581055047608	-2.5030421275564834
-0.012481686760537163	-2.893174046503132
0.01976523096958971	-2.8925181665398694
-0.1335916222884099	-2.843352147205885
-0.026274271182024467	-2.928169483845066
0.043730210474095726	-2.9666825586716814
0.15708215572415665	-2.92857745298672
-0.22821180295775967	-2.9908168510177116
0.4235864801983206	-2.79438728742201
0.41052971271458666	-2.7242484149922848
0.41487636230959213	-2.7901498184870714
0.410215066402327	-2.716679032102114
0.43015507510153117	-2.861392978843351
0.42190430999558554	-2.8670945063725553
0.39858734700387566	-2.6517924289012567
0.4018662289173959	-2.647829799307166
0.6392166106617677	-2.6506297850679443
0.42859517043128603	-2.9328992192092875
0.39026395901821154	-2.5789498393805173
0.3855991335969615	-2.5807256748070513
0.4280653958863246	-2.946848820623654
0.5711995289130901	-2.5468365248356233
0.5535090420134902	-2.5289345886141414
0.7297137725722112	-2.77102458778879
0.39976322044211865	-2.5035209802389757
0.37870944899984255	-2.5102629139873778
0.37350996850077567	-2.508176487366881
0.98742029378363	-2.7842417107754636
0.9871081143825182	-2.792232161990723
0.9943251898677956	-2.677430124283578
0.9952721200094936	-2.6707203053057373
0.946550806935978	-2.68933741031152
0.9400100907067245	-2.6930287073898156
1.059058621585856	-2.809259801948285
1.037318717671994	-2.8258807991110744
1.0447641180160805	-2.8801836981950775
1.048438732623355	-2.880045900174413
1.120725089891767	-2.6807810993954932
1.1534466451972716	-2.7474018838370973
0.8832108095423232	-2.619105880456314
0.8742929360140753	-2.61192892612734
0.9194670330334026	-2.5795973773896668
0.9148816591452682	-2.5756903931985846
0.811009652474719	-2.8441798940874223
0.8669112389100758	-2.915784834872572
1.0194744876373136	-2.9662830568086394
0.8404139017423949	-2.5802785746776173
1.0836115595902227	-2.973825162556945
1.111638797904347	-2.538513393628999
1.0976141862210587	-2.9799843347897177
0.815097621379665	-2.5736352257216484
1.1783242729257468	-2.9523549499087247
0.8485877134190515	-2.5209749581441847
1.1896829743578006	-2.948536674662237
0.8398025473128393	-2.5200097727680584
1.5814575968038027	-2.882230703071457
1.599528079720709	-2.8848087261685995
1.3127647806902063	-2.7546239364275893
1.2885980684570524	-2.690083675484094
1.275419521029315	-2.8957076472323267
1.318307581406458	-2.9877445860615257
2.6603482997837893	-2.682312544861422
2.6604948592574513	-2.682067483855571
2.302676403738113	-2.5672044210145706
2.3023569658524985	-2.567297293116218
3.019267351519175	-2.7895727072160277
3.019312564456447	-2.78984539569736
3.3789965001181295	-2.8907879855235676
3.3791877395476035	-2.890976137997171
3.739666347226414	-2.9865249165533525
3.739904576166277	-2.986563919618264
5.605670787348844	-2.5329620779394064
5.60552447078551	-2.532850342062376
5.975413703431099	-2.5886725342177987
5.975257858630581	-2.5886615105705926
6.345747738037888	-2.6423265769032787
6.3456430906354475	-2.642375714085175
6.716614084772208	-2.6941675394336166
6.716665585170533	-2.694108974265487
7.088118449831871	-2.744196871068605
7.088153380919122	-2.7441706259568064
7.460199515214231	-2.7926098988374743
7.460110185110168	-2.792638447480736
7.832743121052046	-2.8395231952975335
7.832597698087222	-2.8396358420072567
8.205721770887349	-2.885001480118756
8.205598510948068	-2.8853105995221355
8.579041279332856	-2.9292018447254513
8.57916684852616	-2.929695220919136
8.952705568300019	-2.9722972898708213
8.953265034780264	-2.9727847000656977
