-0.04234636286201017	-0.07310429066473258
0.04234636286201019	-0.07310429066473259
-0.04209570937253421	-0.07241174490839021
0.042095709372534325	-0.07241174490839022
-0.04652601611911181	-0.13952060205328887
0.04652601611911181	-0.13952060205328892
-0.04632662096334515	-0.1406764348021863
0.04632662096334521	-0.14067643480218633
-5.329070518161271e-17	-3.704259121661835e-13
-4.333516606547568e-14	-7.51620987671231e-14
4.3326800480627004e-14	-7.492617637439025e-14
-7.103654941155518e-17	-2.3619994848900205e-14
2.790302711108123e-17	-1.0241807402167069e-14
5.534201569235026e-17	1.5265566588595902e-16
-6.808442698514535e-15	5.592748486549226e-15
6.744552832894313e-15	5.676015213396113e-15
3.029504916636654e-14	4.798939023942239e-14
-3.026452105286185e-14	4.811429032969272e-14
-7.110111844322383e-17	1.7621711324161682e-06
0.046537694606354665	-0.006685687045832389
-0.04653769460635474	-0.0066856870458322365
-0.12241258999738794	-0.13614350285919347
0.12241258999738829	-0.13614350285919352
0.05404505515583421	-0.2179879137295066
-0.054045055155834465	-0.2179879137295072
0.05332364034512635	-0.21863336913344428
-0.05332364034512629	-0.21863336913344453
0.11389435526628446	-0.22282814265066153
-0.11389435526628455	-0.22282814265066148
-0.10715873253726296	-0.24245363109957674
0.10715873253726317	-0.24245363109957685
-0.06549063105755383	-0.30856244478176653
0.06549063105755402	-0.3085624447817676
0.06501831098694365	-0.30874524750171484
-0.0650183109869441	-0.30874524750171517
-0.14347335404111314	-0.3102254913718223
0.14347335404111305	-0.31022549137182237
0.13561739357853694	-0.32123126812309355
-0.13561739357853628	-0.321231268123094
-0.8818624353435451	-0.7779168343886915
-0.8848880332507253	-0.792455404791294
-0.5709572870398414	-0.6569968653153057
-0.5704511871684022	-0.6739784603535505
-0.5640570376143725	-0.7866291791219645
-0.5633229791928815	-0.7907085001861686
-0.09778997910446917	-0.5262540732880018
0.09778997910446921	-0.5262540732880019
0.09787278998601602	-0.526110100196326
-0.0978727899860162	-0.5261101001963261
0.11831992680993553	-0.65326111494269
-0.11831992680993565	-0.6532611149426901
-0.11833368326008359	-0.6533174263727288
0.11833368326008464	-0.6533174263727285
-0.08006722939533795	-0.4114418667335702
0.08006722939533736	-0.41144186673356986
-0.08018295985066866	-0.41135948138622913
0.08018295985066906	-0.4113594813862289
-0.1417426463633846	-0.7933614450490456
0.14174264636338385	-0.7933614450490462
-0.14171705455693978	-0.7935125707052986
0.14171705455694142	-0.7935125707052998
0.24714182189053413	-0.49975509648418626
-0.24714182189053516	-0.49975509648418637
-0.24843394648709	-0.49885386718982133
0.2484339464870901	-0.49885386718982117
-0.19272727480646162	-0.40702748299259295
0.19272727480646232	-0.40702748299259206
-0.19002063811810913	-0.40427174314174474
0.1900206381181094	-0.40427174314174374
-0.26615770173302095	-0.6929768111005485
0.26615770173302145	-0.6929768111005482
-0.24132407744279258	-0.4474894086477329
0.24132407744279374	-0.44748940864773246
0.19081627932099277	-0.35886084780814853
-0.19081627932099285	-0.3588608478081483
-0.3107512490750197	-0.6020992387906193
0.31075124907502005	-0.6020992387906172
-0.3117069740016704	-0.6013186030014703
0.3117069740016724	-0.601318603001472
0.2528725670443675	-0.3939776608780293
-0.2528725670443691	-0.39397766087802777
0.35009725546628223	-0.5449670996171332
-0.3500972554662827	-0.5449670996171325
-0.3653200742627366	-0.5378798026497646
0.3653200742627374	-0.5378798026497648
0.3588868931513443	-0.6923467491364069
-0.35888689315134453	-0.6923467491364061
-0.3770449169862351	-0.7063238171114943
0.3770449169862373	-0.706323817111495
-0.37372982318817644	-0.719149392875922
0.37372982318817666	-0.7191493928759233
-0.37978847771422164	-0.7136517637381737
0.3797884777142252	-0.7136517637381747
0.43405344013607816	-0.6407644182391647
-0.4340534401360798	-0.6407644182391644
0.4389880791527173	-0.6406441471287594
-0.4389880791527196	-0.640644147128759
0.4618804927031646	-0.832372416912722
-0.46188049270316595	-0.832372416912722
0.8818624353435278	-0.7779168343886749
0.8848880332507385	-0.7924554047912684
0.5709572870398489	-0.656996865315313
0.5704511871684279	-0.6739784603535163
0.5640570376145996	-0.7866291791217872
0.5633229791929197	-0.790708500185886
5.126265814990926	-0.46398379041602267
7.295260535278331	-0.4185368732184268
8.893072468653424	-0.4891775509338876
9.617412242386951	-0.39454442768508463
10.854546663145323	-0.4607415960197777
11.9748631040621	-0.3853249325928021
12.950259328499806	-0.4398538536202138
12.796021631013783	-0.49109458606570044
14.306270271372094	-0.39689676922312267
15.08909088463593	-0.42616239176350723
14.787653928409648	-0.4523872106419582
17.032928192427885	-0.40896147112120584
17.282454312439214	-0.42191647337002774
16.6750505244698	-0.4924841766474922
16.514365172391425	-0.4202236219817229
18.642851641659803	-0.4219993735577915
18.58466816433467	-0.4762803301425691
19.39193642903364	-0.39197752806586317
19.467882957896464	-0.4182316028951702
20.858538131571112	-0.42938584007439506
20.619113492679592	-0.4613633743235493
20.53859351230535	-0.47709426653542836
21.75991034122785	-0.4067036028090801
21.62964999581656	-0.43093970918635965
23.050911752740955	-0.412322438639558
22.745992695222586	-0.46100327630863974
22.50439274146161	-0.4815651745327364
24.12838359750782	-0.4042589235665701
23.81409810060682	-0.4180257117209578
24.9540215809789	-0.4032061066343208
25.283524598110002	-0.37314593676112784
24.56442939147621	-0.45209059228980053
24.50963773367595	-0.4333102607629207
25.9137507217005	-0.3829695314031763
26.44060697453783	-0.4693989395507775
26.419151448549723	-0.3795785576264497
27.128088399692857	-0.3938361887499041
26.55021667149597	-0.42538992637139483
27.49896297404503	-0.36291092103727696
28.019759211219228	-0.38963150204517405
28.415546620560548	-0.4758594916661927
28.419980054162046	-0.45376334843938887
28.726655022386506	-0.4406681518685647
29.244247069966796	-0.8455997850275879
28.688992448976215	-0.3786388645038792
29.35762428419717	-0.3992688338802853
29.967881813299574	-0.8081153105779213
29.942343299690965	-0.8224151000621269
29.879941419249445	-0.7966707725293908
30.112740241295143	-0.39553158392345344
29.994360762714884	-0.8422140527449242
30.299333886469725	-0.48606818078776726
29.72992262687019	-0.3678307012938886
30.47650650172235	-0.43551718138822815
30.990723891218973	-0.3828483960393966
30.874778745982987	-0.41168494981705406
31.04719603019678	-0.8319640420598291
31.26958425575646	-0.6830152105268467
31.184690198384022	-0.8303785962395757
31.258935425400665	-0.747312807942994
30.77362979399986	-0.8376331100090559
30.70379360822451	-0.7842061188413001
31.315443925794757	-0.7693044267555249
30.584764679480116	-0.7661294426025548
30.58815266124135	-0.7927343636795481
30.5187788086506	-0.8131098292088966
32.02296324426831	-0.651491681794742
31.94578979173184	-0.7021767939702516
32.04157428311016	-0.7569459464628618
31.917401735274762	-0.7651814909498894
31.93092154968168	-0.37500331214267296
32.19637363356212	-0.41396511142319226
31.771923665347376	-0.7663211325531722
32.284187117234325	-0.44618140082764046
31.72213850332014	-0.8198542334577672
32.28895879558613	-0.834652332186883
32.36580481725368	-0.4530097909338757
31.5752866961564	-0.3923921778140428
32.472314472502866	-0.7055344051684933
32.49269186248876	-0.71840045261645
-0.9263071801573527	-1.0695106250399455
-0.9254827618005677	-1.0698194551078368
-1.059346147155904	-1.1906433444285827
-1.059477828999959	-1.1909428160683089
-0.8561856722871343	-1.171568837621932
-0.8548997278581824	-1.1717755048193483
-1.0134438664911027	-1.2811742829268402
-1.013075707312723	-1.28144730441714
-0.7995840372091408	-0.9626513069864879
-0.7989614729224678	-0.9626617624840192
-0.7355203471844511	-1.1178136695045973
-0.7339320869623874	-1.1170562828133213
-0.7427500478604808	-1.248137762238275
-0.7427425045036531	-1.248233727695615
-1.2054192186214123	-1.3257933768032475
-1.2049406446577748	-1.3263465454719132
-1.2496823349029778	-0.8812523613002172
-1.251731151882098	-0.8747625139547841
-0.6410863745460704	-1.099525157789599
-0.641052007074897	-1.0996385290233002
-0.6879957304747453	-0.8618593976314269
-0.6866137654133738	-0.8606103123297391
-0.5850417021865764	-1.141773954710113
-0.5837172342832616	-1.1416285385059934
-0.5473887554602084	-0.9609741179029543
-0.5473061417522248	-0.9611496487231381
0.19856402902390916	-1.1172413978953053
-0.19856402902390982	-1.1172413978953053
0.19860809537825364	-1.117119808178955
-0.19860809537825522	-1.1171198081789548
-0.16830761448273823	-0.9476930979072705
0.1683076144827382	-0.9476930979072692
0.16833007947560466	-0.9475655877238766
-0.16833007947560497	-0.9475655877238759
0.23334485449319023	-1.3041417187226108
-0.2333448544931911	-1.3041417187226125
-0.23330217070243517	-1.304232935485112
0.2333021707024351	-1.3042329354851128
-0.34021440815996806	-1.1589884126701913
0.3402144081599683	-1.1589884126701937
-0.4197533441670684	-1.1568931257954844
0.41975334416706844	-1.1568931257954853
0.42187073941275693	-1.15811220811635
-0.42187073941275866	-1.158112208116351
0.9263071801585231	-1.0695106250402442
0.925482761800764	-1.0698194551069773
1.0593461471581072	-1.1906433444278086
1.0594778289994238	-1.1909428160667777
0.8561856722882938	-1.171568837622389
0.8548997278592034	-1.1717755048195966
1.0134438664957572	-1.2811742829255643
1.0130757073145547	-1.2814473044178183
0.7995840372095623	-0.9626513069861546
0.798961472923035	-0.9626617624844505
0.7355203471846563	-1.1178136695048877
0.7339320869623552	-1.1170562828134527
0.7427500478711859	-1.2481377622340395
0.7427425045071165	-1.2482337276769873
1.205419218619802	-1.32579337679793
1.2049406446567734	-1.3263465454704173
1.2496823349029655	-0.8812523613001793
1.2517311518821004	-0.8747625139547504
0.6410863745471551	-1.0995251577861302
0.6410520070829075	-1.0996385290167872
0.6879957304748494	-0.8618593976316634
0.6866137654137263	-0.8606103123297821
0.5850417021865941	-1.1417739547102166
0.5837172342832649	-1.1416285385061162
0.5473887554616161	-0.960974117900206
0.5473061417572082	-0.9611496487224611
1.9794893431882339	-1.0240210907263074
1.9795332257000708	-1.0225383322297705
2.3475036628229207	-1.0844189795395212
2.3485538968981174	-1.084327930333849
1.613953858340931	-0.9539182443277847
1.61293100128974	-0.9550547210694271
3.088928275733801	-1.1906748666271594
3.089276389950109	-1.1903337687393223
2.718119403938857	-1.139651186844487
2.7177686021322343	-1.1396708032749712
3.4613836101041353	-1.2375657763337917
3.4614529202261717	-1.237886716703957
3.834679143906803	-1.281770042247184
3.8348747171508535	-1.281997277873589
4.208918373127307	-1.3233797568631624
4.209210637704237	-1.3234482459665045
18.04205171088232	-1.3160541039434457
18.923816033543893	-1.3219287225385639
18.79974993546858	-1.2785778873142948
20.00696616589447	-1.2905458130592964
19.739780345352134	-1.2470027636995344
19.72188702090599	-1.3475891550763404
19.651172578246445	-1.2867323558418948
20.846982605074427	-1.2195863745986
20.777065948741534	-1.123698540791386
21.03277222385643	-1.3243481804643684
20.748833886279478	-1.3311359982773552
21.28774516029666	-1.3422604986134812
20.55813712168684	-1.2929439837896113
21.47227521047491	-1.3291417730512856
22.095626509242322	-1.1941144599945228
21.997762060865437	-1.2515399215103922
22.104188026213016	-1.2237350863968794
22.021735483513154	-1.2716931311143438
21.884179485420326	-1.2304876731306424
22.20161177539581	-1.2294612811006782
22.243789279501964	-1.2203604375864776
21.866467191261826	-1.3478712914081545
21.691497506034953	-1.1144087516917598
22.31426528505851	-1.1932719224877342
22.25125116396166	-1.3397914822039776
22.382653199034962	-1.1973551298581748
22.406338394796038	-1.134136556941237
21.56731284496638	-1.2558245052261927
22.431098045498498	-1.26651663422694
21.531188229114385	-1.1960595867123462
22.47658567144133	-1.2256968942848372
21.558104457199097	-1.346072327992734
21.510416059661992	-1.2409632728511795
22.499071278959256	-1.2099119550728399
23.023314733281346	-1.2013594405238295
23.016609603412057	-1.213205223461365
22.93946965186746	-1.251285783443084
23.163210080889698	-1.1256455901509874
23.16540624869183	-1.0360264515092656
23.179218503566368	-1.153029318690782
23.13657123606234	-1.2735899565529198
23.211003980420287	-1.0270170140442565
23.2553014270788	-1.088101566861187
23.16221802100926	-1.3365220565642324
22.712462817093158	-1.1469799884187608
23.349437649516254	-1.1613018426661996
23.360060029928267	-1.2393268480635595
23.42427101059286	-1.2227399314484133
23.443511384551687	-1.1631998821079863
24.045999290224135	-1.1105527742556127
24.024443730710406	-1.1457743897949828
24.064942166416053	-1.1435310792668487
24.06712549001967	-1.0431546950475061
24.03226888646867	-1.229246206872659
24.112248782331296	-1.0245403063202991
23.93202180546981	-1.2205107625518883
24.13485482193009	-1.026506041874327
23.842176181855507	-1.1383287715317716
24.097533237979558	-0.9699820886445147
23.85667724139901	-1.0220054784976789
24.113141981154993	-1.2296299813018507
23.823197671727197	-1.1975485661478202
23.808417507327167	-1.2793304577011315
24.26357185235166	-1.096961052594388
23.81601637633211	-1.3041041535055553
24.275409444617544	-1.0949212876184604
24.28496385599501	-1.1355962866163605
24.24205184287422	-1.2635172698074046
23.692349773069243	-1.0442088509532625
24.340257983930503	-1.0769582129737294
24.302541282599243	-1.292899549189775
23.679799025016347	-1.3384145041664488
24.389292771017047	-1.2416790058814204
24.43845768852415	-1.1056639423367696
24.42133613308931	-1.2764127761524806
25.03509254170948	-1.0805022140658078
25.059002482261363	-1.119668421030261
25.034835921040138	-1.0285001693828415
24.970586433284815	-1.0107525947070155
25.025047563513354	-0.952955293042976
25.11228233810194	-0.9961841940051962
25.09259141667211	-0.9729696841297713
25.161709032385698	-1.164168774914476
24.99733703602437	-1.291750995281825
24.895561529764176	-1.2614089892785423
24.81663278995627	-1.0324171420022026
24.796113868290266	-1.138031546883336
25.166583641545717	-0.9607947960020385
24.777177705328572	-1.1448604552752568
24.77667859898466	-1.1678191163042948
25.241577680969037	-1.0505345387731677
25.25533175548442	-1.1314792678423973
24.76731273631828	-1.2129395997653378
25.264506090037187	-1.1656547483449116
25.18845750246094	-1.299680876896356
24.71168908893554	-1.1766928122020528
24.749024352217553	-1.264320465588146
25.32516433829974	-1.1838795830560107
25.279932779915036	-1.3016063985131598
25.388176202119666	-1.1574997841341519
24.581968896484348	-1.259740001181978
25.998725726777693	-1.072270798331286
26.06327092606669	-1.1060877052734623
25.952152640195912	-1.0386337696976828
26.085911512226943	-1.055138279472232
26.091077690966394	-1.1340490266970293
26.00647973642031	-0.9945824585143033
25.889858396965934	-1.0247007081078385
26.070551458641933	-0.9719751392181717
26.1538603142024	-1.0877010235480105
25.990611171528986	-0.9328404620504547
25.971474043995222	-0.9273469414666489
26.148263440954594	-1.2414325139773803
26.1524655156036	-1.2876774834353861
26.110518644706147	-1.316028948893925
26.210038461331273	-1.2330766681524872
26.05432282404142	-1.3483692393987436
25.877685347267768	-1.3234931997360668
26.106618565087004	-1.3405306084929869
26.17112554396751	-1.3160478310058743
25.725734512528604	-1.166064576809743
26.28180388919442	-1.114275397785709
25.722085334401555	-1.0435800945760085
25.723094181635865	-1.210311820607058
26.29493878696018	-1.0198816876331376
25.697897005132347	-1.1509250766140446
25.742745192747794	-1.2895618296947982
25.691441904562428	-1.1952015426081983
25.652059946165135	-0.9628621884420198
25.682653924995144	-1.3129893630798923
25.633994061256278	-0.962347935823197
26.36924187859998	-0.9279499875952469
25.628421889708747	-1.2980108405101927
26.38410799525969	-1.3291605232110388
26.430083736207525	-0.9659601135147741
27.049194106445665	-1.1416939935827841
27.017088103439402	-1.2136262831320346
26.989021064182456	-1.2327094715881208
26.8843708857259	-0.9870298955858617
26.921430431105275	-0.9569842274324096
27.033642779721287	-1.265627256966963
27.049702169848622	-1.2617550357846892
27.077211681041067	-0.9400482089808742
27.08208418311488	-0.9386311435031783
26.978752731639702	-1.2881959215247496
27.0766102067109	-1.2818802454119305
27.204308390123604	-1.013711260709875
27.038267997719416	-1.3240386424843498
26.802360771372264	-1.2206999939872145
26.85646427268619	-0.9179247750446307
26.83342369735252	-0.9342475706574276
27.126332631784514	-1.2989658345020738
26.9412609648423	-1.3459166509794176
26.745536494177156	-1.041832096318237
26.74162986190686	-1.0229606642538573
26.86496551720769	-1.3494639277289353
26.717791571057614	-0.933188769379282
26.697803594582766	-0.9153388627761275
26.62767559616172	-1.0852559662405967
27.376172537301837	-1.0781861838006108
26.611880249119995	-1.2523141442540524
26.579897699912383	-1.1684175601763518
27.365060060168293	-1.3300333251351142
26.566670550724385	-1.1843606479429798
27.441621294489895	-1.161938305599659
27.440576802276752	-1.2220574348799476
26.567974017813036	-1.2511397681386496
27.457600614903388	-1.0354009930274326
26.60763132975275	-1.3444206369987657
26.554356565135024	-1.2261525533680646
27.450367966856184	-1.2319529558656748
26.59450283307853	-1.346499338519898
27.47581435016277	-0.9718876396206053
27.46467897087431	-1.3017699523114896
28.002769552756416	-1.052138850574577
28.013503349153467	-1.1614512471502572
27.89990407300659	-1.1332056254685303
28.06339327206108	-0.9687922833845701
27.869786974519688	-1.2172336668371193
28.171884089972814	-1.1344211809338323
27.901143825781922	-1.2554003734470076
27.86367801531645	-1.254003033454762
28.191671181951772	-0.9762597094881376
27.834253145680428	-0.9407780014934244
27.8543816504482	-1.2795899191429352
27.90263259612785	-1.311020161734698
28.2391031435611	-1.1461453505366797
28.20366626995279	-1.2335941395879828
27.921778557565258	-1.3426418042637325
27.780587033930583	-0.9464385057141462
28.26766030654956	-1.0479171569178434
27.81729046093023	-1.3382516886434324
27.709221823871783	-1.012595161580439
28.294824770051978	-1.2364968131962284
28.28141315995093	-1.2864212828924035
27.71793140175552	-0.9046269509070453
27.691097383511423	-0.9265791685123015
28.296714574453688	-0.9014824296728288
28.299102126324904	-0.9046377408474361
27.704173489027774	-0.8952189138924114
28.366066775728726	-1.0771716856261133
28.377616145238466	-1.2983017566783734
27.53593664130858	-1.045245489182829
28.43452269610839	-0.9096542617784138
28.422165513560596	-1.3273999267082335
28.457395136327793	-0.9142005800474872
28.490459374580805	-0.9661304891287114
27.52707911529151	-0.9099657652902153
28.457515614002595	-1.3469048069664167
27.502987282228883	-0.8921437011937762
29.026467747776586	-0.97607226191583
29.0220869888265	-1.2439682968219836
29.067934863397177	-1.2336212387634542
28.835495582445482	-1.1005896890893958
29.16473603624597	-1.083974075901677
29.040778115718172	-0.9333741759639802
29.182723969322392	-1.1359070609973114
29.04781472347876	-0.9143811609802877
28.873808631221785	-0.9496343341552128
29.149545958456702	-1.2354861361489191
28.92634554062333	-1.298675554170155
28.79092441803742	-1.1494915383929332
29.121750463461485	-1.288793701262027
29.045057072098842	-1.326301088556054
28.794113870507196	-0.9535917408429053
29.276186667238925	-1.018672546351431
28.749681202346338	-1.2499260195993165
29.170769649631755	-0.8513609674465688
29.17975548482798	-0.8539090126245993
29.180547057899556	-1.348880614739788
28.742572026443423	-1.2752050579862668
29.231746066126664	-0.8872036393354634
28.77569336320719	-1.3254609888507356
29.259462714019946	-0.8938866229711011
29.333292707837433	-1.0464331007747174
28.7228556410317	-1.2946783245997002
28.65390847191084	-1.124506854042871
28.717957467780195	-1.331679550597734
28.631343106975255	-1.1635518036514245
29.317775551054066	-1.3076266892849238
29.376579563648864	-1.251419485267503
28.578912819752908	-1.0502935667391955
28.564687689653432	-1.1520067320080611
29.417419860551362	-0.9629278425752522
28.595382863803994	-1.3270979810141743
28.56619495297236	-0.9333586349405025
28.514087786531586	-0.8965098788733635
28.520053242813837	-0.87651167327246
29.94980975579101	-1.0555213910630157
30.063320267934408	-1.165078287018446
29.95696384625627	-1.1991691164124365
30.024603086637452	-1.2540452396583917
30.117737600398897	-0.9902337942016131
29.97623443618183	-0.9336037021582594
29.926020996546825	-1.259371837926476
30.04401605223441	-1.2871482201103364
30.096258252524194	-1.281116058803904
29.943200103685147	-0.8920200769140159
29.850311297225996	-0.9353692821869917
30.038981232200896	-1.3404206101004417
29.821161268530194	-1.2717088621015473
29.761781262210796	-1.179851637169976
30.247487152689967	-1.0330333874825088
29.763456675835506	-0.9395992660446095
30.28865388274315	-1.1737656205427394
29.698670087807894	-1.1957466423789396
30.31375883492464	-1.1580839244787355
30.307715199830216	-1.0043827429842547
29.732227293630586	-1.279963667466961
29.73058721670078	-0.9093252718096014
30.240833781960877	-1.3342127617992412
30.276302367592663	-0.8855657880754482
29.745424221121517	-1.3409652426676104
30.369289048562134	-0.9742660515456428
30.377302607846623	-1.2476049654435653
30.36508365401908	-1.283594293104169
29.59267993546882	-1.1975053595308272
30.421337739624	-1.1700423356847487
29.568068388024393	-1.16519500344819
30.405868150600075	-1.2911969088175574
30.45208115675234	-1.139309269139761
29.57393461477929	-1.2571761452962111
29.54744916240325	-1.1533935176486834
29.60396467396585	-0.8741432476196281
29.589711741768753	-1.3009376798775392
29.53643780144352	-1.219083747661047
30.426156289100707	-0.8596727413562836
29.537638357929758	-1.317922837626275
29.525710244000976	-0.9062052400838263
30.476494674918065	-1.3012924471233416
30.47931514982553	-1.3390632252576833
31.05243150122395	-1.1101118456700267
30.982631286257142	-1.1526110094219562
30.95260547416774	-1.0402459749647266
30.910916132261892	-1.2044111525878116
30.848667031064096	-1.1084795815232147
30.839381450112256	-1.12054273233646
31.13978984652385	-1.1877161811712924
30.95495905288024	-0.9376470326836366
31.162625728140753	-1.1774347644750136
31.188931969907202	-1.0349041963495043
31.031434052413115	-1.3046477843213797
31.210738803067798	-1.1510945126086887
30.972228886152102	-1.3168081882446614
30.856806054658175	-1.278598951729956
30.809621032076677	-1.2320144798131454
30.77344413957674	-1.1512118176704058
30.831595340702105	-1.2733795282969265
30.784265431901456	-0.9902744799818961
31.195287802247147	-1.2485811125586164
31.23651293698144	-1.2186181802695373
30.74829066555713	-1.2540439367220846
31.30583316137368	-1.1748678428008612
31.322354112533517	-1.0673910532316315
30.76436029619627	-1.328828765874098
31.23630524749535	-1.3283471845545667
30.70982253554542	-0.89923404546674
31.304761520753654	-1.2855467947357317
31.31607293635794	-0.9238114817199308
30.667461580367767	-0.9229517739234775
30.60043264499622	-1.0515535673716423
31.37977054566482	-1.236274088688493
31.348274040000945	-0.8908910313572067
31.39135374975691	-0.9149540806551927
30.595818125746067	-0.9333577848929049
31.419759219542893	-0.9770811315091538
30.57281848197688	-1.2621134042046176
31.427963703974	-1.26726079195889
30.567447130281913	-1.2780762119371905
30.536888474792438	-0.9443009487544025
31.47836184927135	-1.2430669467808049
31.49220231940254	-1.1967837555980168
31.470715957576086	-0.8561169969285695
31.491705928282666	-1.337014366683976
32.00063074210702	-1.1687557622420905
31.91675275555598	-1.0643200255622383
31.906546432103006	-1.0943215095795837
32.007539707363144	-1.0028354652656601
32.117582285124456	-1.128706937088447
32.09626384848609	-1.1854551222425895
32.1355428089496	-1.149651721313834
31.900821539859756	-1.2421329445593126
32.04414939023886	-0.9256167906279236
32.13547475481748	-1.2234698612495272
31.977974380111753	-1.293201824389127
31.818700367335513	-1.1835705782153718
32.06415149120848	-0.8863641352864281
32.23086145340419	-1.0776820748330962
32.04199095107118	-1.3282485385028102
32.221802665056174	-1.168507059877994
32.149053847446474	-1.2845539927306495
32.24074371903969	-1.0452367981018689
32.22540824137009	-1.2437850622403097
32.18978254692863	-1.2921498424063513
32.26620311002911	-1.0157006520516008
32.23083353805183	-0.8902298849158226
31.70020684833447	-1.18776982805176
31.68883576944548	-1.1904085574549403
32.321672701048804	-1.0080152448169908
31.725736861041167	-1.2976617890692312
31.71361647877742	-0.9039613488300031
31.681295462429812	-1.2703987623577304
31.632966576079223	-1.039834365703764
32.3318521069462	-0.8792554262439083
32.40311089591363	-1.068797783104193
32.35305742873205	-1.3070400058715412
31.564991100095074	-1.0182633114313278
31.61899230654828	-1.3461403753429355
32.447783727234885	-0.9912705698586479
32.433103161394385	-1.257756211119838
31.54044400099823	-1.1494436868991222
31.598384215321904	-0.8516963491270593
31.536270175476172	-0.9361427007516772
32.48289775496958	-0.9930169342355407
32.494814556160485	-1.1585962173635194
32.4814519178695	-0.9344864338705389
-0.9835058617845287	-1.579358659219228
-0.9832756694882767	-1.5791985422108326
-1.0557032380558249	-1.7485910217016805
-1.0557870178630313	-1.7485639774252282
-1.1345731350698134	-1.7604365833810893
-1.1351197321883277	-1.7601812051053125
-0.84827682828134	-1.7484939419962835
-0.848221950149128	-1.7485225601563952
-0.8558164987756993	-1.4079709122918391
-0.85581138357191	-1.407879443623071
-1.1767694644012545	-1.3954233476368052
-1.1764191578314052	-1.3951108721556098
-1.2966471904924275	-1.5157265625043133
-1.2967544659769783	-1.515568785794243
-1.2830551836097723	-1.770493439351939
-1.2830606122490475	-1.7706272203427942
-0.654128959310097	-1.7536084539311698
-0.6540666236041681	-1.7535467386121617
-1.3568816023997048	-1.4538045112251763
-1.3568068384947243	-1.4535424870548093
-1.4140900553693412	-1.6204271426822887
-1.4142606973857494	-1.6205868914961958
0.2742728804572699	-1.5137979986199082
-0.27427288045727133	-1.5137979986199104
-0.27424513608499723	-1.5133267299374251
0.27424513608499856	-1.5133267299374276
-0.33034872731005577	-1.7616532350786418
0.3303487273100562	-1.761653235078641
0.33122151726259375	-1.7633448107156793
-0.33122151726259574	-1.7633448107156777
-0.41309150220926044	-1.7573235417126378
0.4130915022092613	-1.7573235417126383
-0.48917443926577336	-1.756950510763895
0.4891744392657757	-1.7569505107638954
-0.48933064393125153	-1.7570667987404915
0.48933064393125375	-1.7570667987404918
0.9835058617778557	-1.5793586592235909
0.983275669476301	-1.57919854214468
1.0557032380561018	-1.7485910217018341
1.0557870178629472	-1.748563977424642
1.1345731350550132	-1.7604365832632662
1.1351197321124296	-1.7601812051298322
0.8482768282813331	-1.7484939419962562
0.8482219501491807	-1.7485225601563639
0.8558164987838497	-1.407970912297441
0.8558113835648538	-1.407879443593356
1.1767694644074105	-1.395423347635906
1.176419157831621	-1.3951108721507564
1.2966471904909724	-1.5157265625135095
1.2967544659945982	-1.5155687857723819
1.2830551836067685	-1.770493439350642
1.2830606122499437	-1.7706272203397877
0.6541289593100987	-1.7536084539311738
0.654066623604173	-1.7535467386121601
1.356881602397888	-1.4538045112265827
1.356806838494377	-1.453542487052042
1.4140900554006626	-1.6204271426955708
1.4142606973889802	-1.620586891462654
1.940098865671669	-1.6934917150876563
1.940131269516308	-1.6937505075033181
1.6953982324995274	-1.5939848077259229
1.6952835768770051	-1.5940345205316946
1.5635284609036586	-1.749591792489827
1.5633515062510357	-1.7494287745430164
1.5027993676850573	-1.53810059015306
1.5026781978303982	-1.5379572287775738
1.5257477509058939	-1.8459814858520902
1.5254539846575177	-1.8458626282950383
4.95995723024683	-1.4000079886303116
4.9600754933140925	-1.3998412267739524
5.336546863480856	-1.435532103349143
5.336506899077017	-1.4353284073323909
4.584285599386157	-1.3626266636101991
4.584058285376791	-1.3627043358380178
6.091200658114394	-1.5019209735368526
6.091528535101794	-1.5019092817353716
5.713748592356845	-1.469452049165229
5.71356216817934	-1.4692983235046575
6.469554691780714	-1.5333172239637183
6.469696243350286	-1.5330058934821913
6.848440746566034	-1.5632591362167862
6.848356989478829	-1.5631117880813035
7.2275663329631525	-1.5917738648196624
7.227653904323274	-1.5922802644595124
7.986462952576192	-1.6460087160927948
7.987081903678871	-1.6466922151781729
8.36530868826208	-1.673112391632622
8.367106856083254	-1.671127425158003
7.607511201615703	-1.6197617762134442
7.6067581047963095	-1.6196818958936399
9.118044136785407	-1.7250085479592705
9.12979182907221	-1.7213021870212672
8.746965155828772	-1.7005799175488574
8.743815100007806	-1.694585439363159
9.889656106589264	-1.7733862701965366
9.87979318315945	-1.7861532117562864
10.256597517988466	-1.8043509766374546
10.290759558667686	-1.8092269766678326
9.506694488043705	-1.758316740118479
9.500308518751819	-1.7438520986332013
11.037104367642101	-1.8191729975185835
10.671298451934778	-1.8083134641487708
11.463609426643151	-1.8459374863059093
11.820200324904407	-1.843091764813837
13.4149082761004	-1.8207458231993752
14.004185709897012	-1.780150230291993
15.123263799772149	-1.7418018081678537
15.015129208103446	-1.8152458746822238
15.179576294745832	-1.738300549842366
15.360753852966862	-1.7880520675449119
14.602920454375754	-1.7975554049006779
14.545818440698257	-1.7889101451297895
16.02024162247271	-1.6834770360596953
16.187567636524683	-1.6922641795802769
16.151626670087765	-1.758340453971833
15.796113463256617	-1.7785131275240367
15.723659791721133	-1.6881407848823222
16.16644876535146	-1.8477677858717674
16.28616836498175	-1.6854058431493923
15.577490221001405	-1.7694800851026389
16.95317904321058	-1.7542678305518586
16.821921830990988	-1.6336692755892075
16.857945641228902	-1.7519600062429728
16.749279857617868	-1.6068458990865786
16.72023808549662	-1.6080477935800066
16.69102548963511	-1.6274743578150588
17.340214689692726	-1.4301017815111863
17.36864922932916	-1.748499695808372
17.40132381208134	-1.4883656986098563
17.42144197858698	-1.63985209898247
17.469738973783677	-1.617215638079691
16.527056827240727	-1.7992992849239684
18.177324275837325	-1.65234848307682
18.122634413693255	-1.3860911629153416
17.92064918986046	-1.8348766655591804
17.733872604866143	-1.6032095362807086
18.16091421670674	-1.8306261988151664
18.29788079182343	-1.6044471390707866
17.671498148732148	-1.6510026620370386
18.311527422896617	-1.4681519023217877
17.58438997986849	-1.6139332490793281
18.447031647281847	-1.5679008152225185
18.4491057055031	-1.514176098901517
18.456393835678593	-1.8293019911338881
19.084339062018667	-1.6755378159190564
19.057247599737682	-1.470410847953404
18.98228341728475	-1.7449350635534053
18.849724006664495	-1.733471824572135
19.197200764982764	-1.51585267256214
19.148652477267003	-1.7765993251395706
18.95474066227589	-1.8375310786282781
18.96357113704551	-1.3504500920328912
19.207845427858253	-1.4447463763419532
19.269663196533852	-1.5197261846161547
19.331272458180347	-1.6635587580789424
19.353970405153074	-1.5086897092179128
19.350887440257843	-1.822269849038366
19.426762769710297	-1.6028099262757052
18.531669306357173	-1.6404981346655028
19.997997712178606	-1.4889226969251506
19.94910512289629	-1.4999793845497573
19.876974107297176	-1.605931859862092
19.867584246142016	-1.6238265150575435
20.04714858289462	-1.4677075125845898
20.13072666915369	-1.5106543974232545
19.800577772780034	-1.671379141261229
20.187972957268055	-1.7063083088434383
20.152909894429435	-1.4430079102150832
19.99474580780098	-1.8291247224365896
19.814345557684906	-1.3991226303824362
19.84947263114534	-1.8350998363561961
20.287283527606714	-1.6728482966599465
20.306492193916746	-1.5869538143109265
20.23557640558702	-1.8337753131224674
20.28694930880496	-1.4272848744730446
19.70848197251229	-1.8266954203346688
19.659113181924766	-1.747187652270767
19.618067431249194	-1.8398037088804426
20.394510106654717	-1.82030597655183
19.55355227185038	-1.7612790219925603
20.47132472115417	-1.692594785252517
20.45651289342064	-1.828705050297144
20.470225213858154	-1.3584578331155208
19.5136003844147	-1.8378146567434912
21.114710611675577	-1.7112485434956537
20.83176464013989	-1.601651781561104
21.172755969506348	-1.623383101775281
20.906492980022097	-1.7479976702916906
20.97836722995977	-1.4162359283235917
21.048238131580046	-1.4143229648678959
20.915257834094753	-1.774162846280048
20.893714645002042	-1.4324270710743883
20.791111152627863	-1.5486578092282421
21.21180574039791	-1.5031547254024962
20.84431259615688	-1.7931909363193759
20.861895282074276	-1.8140777142330722
20.74497717301954	-1.6410402615793434
20.790508981422768	-1.4426135998205367
20.740862753416835	-1.7281397563549545
20.67905088345972	-1.5710767866178719
21.353308547338003	-1.5984360784135305
20.71133135553647	-1.388482117505226
21.34922826541171	-1.783333267148407
21.35153206799125	-1.821938723625176
22.062416683722915	-1.5723098338047565
22.08507180626451	-1.6151977402962128
22.111603194137878	-1.5892344429791647
21.876906483665515	-1.635664653101832
22.106694447519057	-1.4533102568108511
22.111706790218626	-1.756078732840551
22.05488305533135	-1.4141690894016015
22.19544174325879	-1.6920482983233005
21.735136862088254	-1.6152467354555708
21.760868220248106	-1.7950155688778688
21.70038673382243	-1.5001599360285673
22.252759847388052	-1.8007648673624734
22.332863681056725	-1.6349152324060565
21.704277066498705	-1.414507947172321
22.354606522418695	-1.51130617850689
22.284536837370933	-1.8376096465557938
21.59878284467837	-1.627567919173078
21.597999412336907	-1.6932174832966511
21.667149011192148	-1.845706374537176
22.386922554081828	-1.8391650607443446
21.565555229871176	-1.7512135981002497
21.545901291762732	-1.4377571409481358
22.48131841623252	-1.5202055257929379
21.57915992705232	-1.3526937174342522
22.446444303797474	-1.3898434211382928
21.514078286454172	-1.7654135220288958
22.956068901372763	-1.5343535980985405
23.03271362014052	-1.6757398310994684
22.925688623126778	-1.530541625416912
23.04408682680507	-1.7036334274673366
22.901935854990768	-1.6627509753479393
22.922021282194546	-1.4961224310980348
23.04086030471935	-1.459742311633175
22.994118838586907	-1.438948152662397
22.967337175433155	-1.4209132880183297
22.847596576525824	-1.468762397976773
22.79971738534817	-1.572046865218738
22.981637134706173	-1.8097990497970302
23.05113391554078	-1.3795361951812057
22.76707411344534	-1.5837030027658971
22.724180197400997	-1.691559137804889
23.238204781934858	-1.7746743644651315
22.70321041912316	-1.4951221173726768
23.288147720477266	-1.464119920664602
22.659372160688935	-1.6626998111527111
23.38887124658944	-1.762949276235684
23.426206101021055	-1.4756096008928705
23.426894240072635	-1.4289231794910489
22.569929370872494	-1.4218416484655334
22.55518705059068	-1.4490597151355298
23.994359307542044	-1.6327486107245535
24.003030075822075	-1.6811038575338497
23.97588224160764	-1.4665431942480351
23.858353601530432	-1.563653324036322
24.194151699490266	-1.6278174235041922
23.856962226078778	-1.4244473715366157
23.812375424642877	-1.4432255078759857
24.098838821480907	-1.8470587809354502
23.833599437589967	-1.3808530296432704
23.767457288673135	-1.7557543031378475
23.72048527697906	-1.6717416649079666
23.693648365305204	-1.5313915335626105
24.288228893630595	-1.4717559885074574
24.273993610285007	-1.768557388615572
24.289118768656845	-1.4568254650570465
24.287026988686094	-1.3922256445602712
23.64474011014301	-1.5752696988408061
23.63047759874201	-1.648872760857354
24.319264540874475	-1.8406211534382928
23.63151328858934	-1.3868695428637352
24.398286575703036	-1.8275648219973193
23.52031594198737	-1.62912092688012
23.534977712914184	-1.458663317499009
23.549651853725365	-1.3792703397833783
24.48323370314086	-1.7566068666000598
24.924019264702014	-1.6122971346853823
24.952082406312798	-1.51732251736815
25.000119757276956	-1.7168508018223207
25.158579135521563	-1.5781227037947048
24.889641588774357	-1.4728700265014711
25.04159338587466	-1.4306062324219342
24.92593010769312	-1.7640325612408883
24.818168042856698	-1.6670350223182853
24.79090710134982	-1.6304392900329878
25.220295184721422	-1.6356516389747275
24.808190288665937	-1.4777559321253166
25.207030248335688	-1.6994488052819072
24.755803740037376	-1.6590646077595919
25.252256887956346	-1.6143920714651405
24.757803362938123	-1.5095167404784628
25.13766063406622	-1.3515434835598361
25.233283207947082	-1.7861186931478783
24.817868268596815	-1.3559545152938648
25.217534657387162	-1.8362240334590665
25.352585992082695	-1.5073412855849626
25.348644817585086	-1.4809180930210173
24.626696318707662	-1.4911992394814153
25.365422482807254	-1.7690273879382334
25.39082058330396	-1.467857342724564
24.565583547762156	-1.643187264601321
25.49021738006789	-1.4807086421040048
25.986483932377233	-1.6049912937454673
25.928464650394325	-1.7053498155785365
25.911209764062416	-1.495838262149852
26.168055484709946	-1.6371927351238134
26.125718213321477	-1.4680142412997539
26.185938834591685	-1.6162145980187466
26.050810384076996	-1.798251456514349
25.816616505013947	-1.7100634373081756
26.234918001872693	-1.5826677557986326
25.897363851520407	-1.3768254204556043
26.150601811260813	-1.3868943042352972
25.750159235099645	-1.459107677328903
25.713053891762893	-1.5515794419878728
26.282964960247185	-1.515243300599041
25.695425245164273	-1.6307421367267823
26.348900613085664	-1.515998053560964
25.63162046658101	-1.5183050154193414
25.612584901821823	-1.685373472108333
25.650173145012143	-1.8180374512115915
26.3887386576019	-1.7681153055789574
26.437800700826962	-1.4741776701406517
25.528599611548625	-1.5943192462744529
26.90720017868752	-1.6218288096865894
27.06907795396918	-1.687679021997816
27.105163209412304	-1.6439691931078413
26.954149662902527	-1.7077449142363577
27.05395794710918	-1.4787625346961566
27.034727457776626	-1.4635429808121634
26.923190018673598	-1.4482032082408165
26.81778777320023	-1.5522077084411339
26.782137881298507	-1.542479826208663
27.015436102537834	-1.374293667080066
27.12300131196542	-1.394503098724955
27.24669506340931	-1.6683694027648774
26.80680280541251	-1.4243871723590642
27.260450826971063	-1.468231996167178
26.64397791034535	-1.5903479010934627
27.392592872532134	-1.5128010321177363
27.41778912587901	-1.6394637337445856
27.40347777307944	-1.4766547610237057
26.577323096346955	-1.5968230197090363
27.39107674858638	-1.381259963900654
26.541365467230776	-1.504379692821945
26.52403643248752	-1.5905413386990521
27.45207440699617	-1.4303483987729597
27.498474455423985	-1.5651826604347452
27.483630095902193	-1.4191082480478705
27.475052918120845	-1.3510601895544514
28.090261640375928	-1.7135342918199528
28.038509366169183	-1.4574250995452551
28.085775542028816	-1.4641608590811668
27.8592146224075	-1.4791012011877627
27.8967413938599	-1.4431445366618805
27.847655979263	-1.4867212009956359
27.99656512892618	-1.3850423921945902
27.864906067006363	-1.4209119573820517
27.816535408578194	-1.7411343225355451
28.234489991451927	-1.6330135616235302
27.920011254291143	-1.836609801451635
27.746943456518366	-1.6067878782043168
27.871256634485274	-1.3675612810624513
28.13576799774247	-1.840165323640752
28.262938142235026	-1.4900149409195413
27.745494647798157	-1.43966898444104
28.273731348863652	-1.4328539745653535
28.24792461711412	-1.3745584826271098
28.33584367921308	-1.5011927854451592
28.31466735301952	-1.7535637007465348
28.302109299285434	-1.3715726106749382
27.63230597676612	-1.4963932105489213
28.35863869225876	-1.4415277760460419
28.32228829645988	-1.3668509982518597
27.608768473084112	-1.525445530615703
28.43675892438854	-1.423313537268525
27.540835102968273	-1.7330585597360906
27.542642756257266	-1.3657850223424701
28.94123114706326	-1.547712997951262
29.069857793263882	-1.6568045496838384
29.01436720501403	-1.5064173655336128
29.03026137491214	-1.5102423272267993
29.157242640392607	-1.5820960921228466
28.816941147824913	-1.640958886602414
28.852401880504644	-1.7291661335756665
29.098714651795365	-1.7796906514705886
28.89888599293062	-1.7932196881463849
29.21030085569707	-1.6731091073527933
29.015396620589005	-1.3752720953518773
28.973083959946607	-1.3678025123509165
29.17499108882242	-1.4292492159218755
28.77717723738317	-1.4951892434256215
28.79824699391991	-1.7602534120595799
29.22781988392061	-1.4353030274981606
28.738413322057838	-1.49596962902313
29.148379156869787	-1.3538555635853808
28.773867549248678	-1.4095577021869
29.246534022100747	-1.373678203735189
29.288084664307412	-1.3893896993215442
29.35673886124647	-1.5284223588742225
29.365129016744714	-1.7031606916014044
29.388792762442236	-1.4733990377816522
28.58443427761781	-1.6163195384060378
28.606186027629267	-1.4220269281429891
28.611960026664526	-1.3618779643590992
28.533505523694288	-1.683495222227348
28.532504898812775	-1.4397472786974659
29.498172906332613	-1.676983936189679
29.496911117876106	-1.7015942738660181
29.979250028975134	-1.5850960502636409
30.048842578121857	-1.6591447687720335
29.928116895457602	-1.5351684962114143
30.110597024923916	-1.5628440385802862
29.887528254298704	-1.6549337759213574
30.088363860290997	-1.497663709521108
30.113311250598283	-1.6830035405285408
30.0466922690039	-1.4289750725364554
29.988292164057988	-1.3735124647842776
30.137226864123146	-1.4126492881659463
29.868916260556524	-1.8001759964537374
30.18704046141783	-1.4458850761183197
30.187840963378555	-1.7566932830539268
29.93106546743944	-1.363590035782373
29.75614186196803	-1.5590867278208353
29.871830331984924	-1.3718777030135527
29.789829713876927	-1.3749286318289888
29.67945799857885	-1.6062408770540388
30.26831901905547	-1.3802663659662826
30.350451286178604	-1.5508531615511028
30.303870690295252	-1.373748326295542
29.627986725502925	-1.7049061361091127
30.388822469212514	-1.5207555278367897
30.394946241350254	-1.4596291408911313
29.593327795250087	-1.3734135759326787
29.52561205153676	-1.5438666044330076
29.590541066352724	-1.3516315128813066
30.437996412682775	-1.3657667544249228
29.514003814083942	-1.4815219398132964
30.98807757835498	-1.6257295473190894
31.10734121533898	-1.605236417890493
30.984565165066908	-1.4867396684238332
30.875011305928325	-1.594579176769482
30.930507756634157	-1.4921252791437734
31.07146078416655	-1.4854697387500404
31.04276293649371	-1.4487643447433192
30.94161799778032	-1.391120364338613
31.034409772802274	-1.8200604233518745
31.231192690727486	-1.4989481722130378
31.257949278712655	-1.6779042224561813
30.8196424406119	-1.3883563426827832
31.142112486144853	-1.3595202432816418
31.26534919772801	-1.4597838860742849
30.696652668890177	-1.4690876464890643
30.751733704134413	-1.8253044557210318
31.2677412299847	-1.3967714412251975
30.656519432730384	-1.5649930825624538
31.280959919585268	-1.3973040040330815
31.31953976051041	-1.4625826888339941
30.66665504346093	-1.46347029018848
30.61251564891313	-1.466756862038415
31.36652594824032	-1.4011305764546518
31.39933681527911	-1.3902179513917001
30.56731040762025	-1.7431873720226057
30.553831981056742	-1.7129338754713332
30.52869486255646	-1.5506103485820122
30.505503455134686	-1.421628968900841
31.99095324123641	-1.6664083410607917
32.02695031885537	-1.525492111145478
31.92401457058944	-1.4471019241578449
32.158025327664696	-1.5095704345565724
32.04823911189621	-1.4024559948201354
31.847587293386553	-1.4266696777178676
31.925977490295494	-1.3765703445985402
31.934607678509707	-1.3510969079771686
32.08644729794548	-1.352517429702075
32.14493794791504	-1.3642613482042942
32.199653821359476	-1.3754467094844136
31.693353057696818	-1.5529853924667416
32.2737064802154	-1.4282859918564224
32.25425535494332	-1.3572328742871944
31.662459587630973	-1.4654276392322714
32.31322355058946	-1.4123668675899064
31.685524729634157	-1.3887118331156043
31.627365299632782	-1.4354260902805185
32.39804865343493	-1.455115742486838
31.587019688333612	-1.3980544865922273
31.56463917164374	-1.4160878528961645
31.53935997409235	-1.4494049982631927
32.483578924871615	-1.6365402615874483
32.48369672951372	-1.355572632832345
-0.7988324970220757	-2.208482624718407
-0.7969379179169004	-2.2083422298479465
-0.7493703397420272	-2.123302453218595
-0.7480924643395297	-2.1209222210466567
-1.3258621621537952	-1.9297868288807538
-1.3258808976875254	-1.9288538462479967
-0.5095445612523178	-2.0727277459985105
-0.5040853313174565	-2.0737663832004727
-7.886779116459574e-18	-2.0333677110084376
1.6286229060879948e-18	-2.0278798637827875
9.823567058064504e-18	-2.009120337481014
2.0776013269227028e-20	-2.002828182080884
0.798832497040809	-2.2084826246920537
0.7969379188374961	-2.2083422304681743
0.7493703399268739	-2.123302453405687
0.7480924640624772	-2.12092222198893
1.3258621619622217	-1.9297868290248372
1.3258808972168246	-1.9288538462051776
0.5095445599936081	-2.0727277457986455
0.5040853307352696	-2.0737663832238553
2.0059775158181417	-2.01319370089896
2.006001397273656	-2.0128048770725737
2.093757267015163	-2.099394431977092
2.0951891314756956	-2.099379084222514
1.9104820589578946	-2.009850571776818
1.9097447142522497	-2.0095429038781227
1.939967160521748	-2.331552619960495
1.9386034097181335	-2.331748040916893
1.7786484409976353	-2.203451697086529
1.7789685704554148	-2.2051062785168978
2.2638315690736768	-2.034100990573756
2.2640882915300615	-2.034475621324323
2.2705858235232195	-2.187283816082458
2.271944423382399	-2.1870132535152154
1.7626388505906752	-1.9383014104448686
1.762348351754532	-1.9385425138004795
2.1990847868802876	-1.8731572975346
2.1990365693498766	-1.8723786091290298
1.6685888602131005	-2.088423347612933
1.668292547177417	-2.0874798139935007
2.330402692263184	-2.023316842808708
2.330670111047177	-2.0224899298595655
1.7216394682188705	-1.891602070758447
1.7214149206427953	-1.8917648263008138
1.5364767993795374	-2.0303660971680584
1.5359656043881156	-2.0297567368973177
2.4474913716613074	-2.2804898925500736
2.4474002625752527	-2.2811687270647836
2.493124074871926	-2.155973489129836
2.4934585865245764	-2.1567024321381982
3.0495080516596307	-2.070455706855678
3.0495378536651288	-2.0700855129044515
2.8857658327398883	-2.3231663595119483
2.887332612645298	-2.3240686822206835
2.6991832391681525	-2.243416062549742
2.680868097792791	-2.003618044837718
2.6804878454153993	-2.003988494559665
2.6980999076712084	-2.242397752889851
3.4106500904514254	-2.139809206172188
3.410862215388014	-2.140073862592888
4.135054010553709	-2.2811931225863296
4.1351289775709485	-2.281864586766156
3.7718100476874654	-2.2114213015395636
3.7713642897542066	-2.211516211802844
4.501048056884597	-2.3483818610859846
4.5002834819381325	-2.348552469940966
10.114291846131982	-2.2551233680109015
10.178622133003627	-2.2843033665656263
10.809414442888304	-2.1335294849934114
10.774778005685768	-2.0904522516512025
11.095707609414886	-1.856641418518009
10.642257744755444	-1.869461720888208
11.410634409169514	-1.8778995401280598
12.165768225378205	-2.070843381993376
11.827288242596751	-2.287358697736953
11.836305720126433	-1.8722700322975043
12.177704766505505	-1.8553898061787004
12.302491234537413	-2.069066167676642
12.22508697170775	-1.8626560558582406
11.533016763799516	-2.06983925725369
11.500217401964576	-2.11504839787251
13.071829048251544	-1.9643006191620205
13.111823149175915	-1.9233597555902162
12.882587650847036	-1.854189719712846
12.847936305731283	-1.8727573959564747
13.342163906471598	-2.006205792958295
12.621092121248502	-2.118243395080334
13.305862228490312	-1.8728415923639625
13.430320784791773	-2.235829792729702
12.565285470613285	-1.8832467592603992
12.578226423586804	-1.8570039306116348
13.934506718359549	-1.9948859311060825
13.965195217397833	-1.9153074379746253
13.85064651725465	-1.9347773198620895
14.177730043937592	-1.9577380609640793
14.239656709404413	-1.8886174498875534
14.316521230656912	-2.005412751930543
13.704581942486032	-1.8676962807754536
14.43730640324148	-2.220519964390524
13.546384702353853	-1.8872016936264515
14.47508992685867	-1.8537293430846016
15.068008667872967	-2.0341332126886553
15.040910035515788	-1.9590999311054458
14.796720030932008	-1.9923052841475408
15.21722479336172	-2.2817257465407637
14.716911599862717	-1.9856591167481934
14.797179710875962	-1.8544382752369653
14.701474656741642	-2.3229130542672527
15.383835728135166	-1.9414247722920355
15.397275608554216	-2.2724274183772435
15.36054827906088	-2.3430495914438088
15.453085980133865	-2.24242545219773
15.462815813323147	-2.3493282871375327
16.03586813597139	-2.1073463829118912
15.907855201106804	-2.221426853085845
15.9822052536101	-1.9335710328924367
16.14108046393494	-2.190196115570448
15.781185691395656	-1.9941355220324197
15.847603165945007	-2.294546995298434
16.289877573286738	-2.2036587871342004
16.314056780035457	-1.9395716040824937
16.331995511199985	-2.280990383185512
15.62407987592282	-1.9249781969866304
16.39229105012453	-2.3086642686677945
15.558934042861383	-2.3057675282114154
15.564634686108041	-1.8536466156802696
16.962553360342657	-2.0403001257945492
17.08238523414598	-2.043330176477219
17.01858520428575	-2.2193418550433717
17.133840220286654	-2.1711230370887113
16.87545137587678	-2.230537137480236
16.809325373581867	-2.119599629241977
16.976776276324134	-2.2997433689786826
16.795940548865552	-2.1557384116398213
17.14596554535482	-2.259525444630245
16.912853434719256	-2.3211300111925017
16.788550135095836	-2.2354302661482244
16.858363231090337	-2.313367752864078
17.199585612094165	-2.272523792340137
17.21350020151055	-2.310101356806885
16.80853936590366	-1.8666393056089088
16.640563397676154	-2.1156238605134585
17.393011377894567	-2.0052440006544723
17.34912490046473	-2.3446571967240146
17.411281174805122	-2.2820487741490227
17.420660902480808	-1.9381241408967909
17.44227796717835	-1.9247680048423563
17.4574251578829	-2.232548863541741
18.004107545492484	-2.1195035361329335
18.043092686040186	-2.1611379387391656
18.007827343127992	-2.181710778630461
17.976625609625167	-2.2476799559508525
17.980140070198594	-1.945548113127795
18.1509247802065	-2.1632845587119336
17.8277240967567	-1.9992678183274706
17.88433047406183	-1.9291383214240985
17.784774626875997	-2.1274073406601244
18.167159098048202	-2.2994514623735656
17.78127682986766	-2.2481497526756473
18.21949999773776	-2.263105272585259
18.228330382133336	-1.905329222087154
18.285013125461937	-1.9878819891816857
17.674685323603214	-2.2094979512583994
18.281189827055677	-1.8948368582789203
17.647928063497588	-2.1327640140804713
18.360074453712286	-2.133377908821618
17.711060382492974	-1.878019274661666
17.64823611147655	-2.233759127459383
18.320408237055048	-1.8809400715949665
18.40107659871118	-2.190967453204389
18.412158441660793	-2.0738638934821068
18.401492116684913	-2.2263699707771707
18.37557531366515	-2.307352445603264
17.553496570165144	-2.228229657812178
17.558736346040874	-1.899179975788327
18.48941449028347	-2.1261170912160736
17.50540697932563	-2.204528027785156
19.100869503861222	-2.0965820778691366
18.97874585847774	-2.2133546500373567
18.894965181599474	-2.1656301476303472
18.86864742674223	-2.1017205434437525
19.083179498033353	-2.2259012621299923
18.979655685877557	-1.9307594173886582
18.844367991959867	-2.1740017536855487
18.82768356733044	-2.07573464308132
18.850764245885998	-2.233079698512206
19.138399300467654	-1.9550865594674496
18.804294387863855	-2.2035786345044213
19.23145903639657	-2.04790549805874
19.102752423800045	-1.8509708447275686
19.26980197752531	-2.1097148567644703
18.765943858765997	-1.9616153139735237
18.770511165548328	-1.8831170814129252
18.64901723325677	-2.013992117363655
19.363232636308076	-2.0719260923355436
19.345696012241063	-2.230474723111813
18.664308113436732	-1.9142431784543354
19.37968630551651	-2.1931850992268322
19.352257700052814	-2.3099548166550576
19.421193419089906	-2.117262162728558
18.56045239283608	-2.2034832711793593
18.516735205725734	-2.0934381381575373
20.046743596792496	-2.0634514541955156
19.909434050132884	-2.063742047503976
19.97347238165426	-2.000764823881248
20.08557291516203	-2.1677242093104923
20.033471091921335	-2.2083275913165767
20.1240768941546	-2.0186345772288123
20.183561476868572	-2.0639339535701624
19.824049546497218	-2.1730695692401145
20.004149267746907	-1.8903960923659153
20.228207030662546	-2.1040387873330033
19.8402062934669	-2.2952444778521244
19.741047892624028	-2.162718430347627
19.731905761895106	-2.0731793898876765
20.27650441741152	-2.0107010450119986
19.77755726138565	-2.3124108861507473
19.64199588363756	-2.069885165582829
19.722016312750586	-2.336504167901994
19.631197677281083	-1.9758454185508225
20.37417211694003	-2.2618971689819714
20.4374869562317	-1.9319760434720614
20.480991498623002	-2.0156378624579707
20.463546892417593	-1.876334351225689
19.500844940671037	-1.9446515494196488
20.97994246790387	-2.101045029394253
20.958899594507365	-2.152747369714386
21.007755826158192	-1.9983263158880178
20.841137386113118	-2.039810594583787
20.808632284575836	-2.0853910110591958
20.81823329250034	-2.1884294877733783
21.080638152009968	-1.9139081647875962
20.821404450038504	-1.9554961705558949
20.845540042103714	-1.9054044150126275
20.724893670975373	-2.10560173626051
21.291960215673043	-1.9857918354539215
21.285128976578033	-1.9400767475248264
21.299488797170028	-1.8920577467803619
20.60639209432755	-2.143198073438545
21.388118608228513	-2.000428489712825
21.31783181748196	-1.853944091943716
20.563242350770096	-2.007051542452139
20.575119174477305	-1.92051639975972
21.46147666593283	-2.060318421003609
20.502223135242087	-2.2231468108888515
21.475883975654195	-2.3106810052930835
21.900136751617364	-2.0735859064985513
22.079857514503434	-2.030406897971517
21.860824783057442	-2.0821488766713365
22.114635341066	-1.9387576542373026
21.938785115899762	-1.8972686152995795
22.15431502051779	-1.9028560500965825
22.054915089836484	-1.8522610825319266
22.26746315423014	-2.1782566754319554
21.777054643214733	-1.913588625336642
21.70201659115296	-2.1348049204480297
21.782114936017557	-1.8560991536006737
22.341748577844598	-2.2251227077809186
21.700735686758062	-1.8648889965837538
22.41419849570301	-2.0386926350189842
22.351571535170145	-2.3341839384262015
21.579424206418516	-2.2050322112219387
21.54902115991069	-1.990922562254061
21.554940896350306	-1.9510993788386912
22.47644018325164	-1.9676020465216535
23.06154808326278	-2.2076131560674663
22.871100624815217	-1.8918097817620254
22.74255371501212	-2.167711860348821
23.28373072557856	-2.086739298678806
23.260593916913148	-2.2255035628059265
23.218646131283123	-1.8619638817706248
23.331960609786236	-2.2366568041997597
23.317848777397707	-2.2765879349846454
22.636976231063425	-2.030391894208461
22.663455137910386	-1.915036988019481
22.696298671780823	-2.3358517342298186
23.949262185739503	-2.047416290600878
23.87782230787847	-2.112994844518447
24.17954086304805	-1.9802126212448734
23.912947682426378	-1.8892784711469102
23.82198566607732	-2.2745826796768664
24.203566363871627	-2.2705748739701614
24.273226477242122	-2.238747224951837
24.29853686898474	-2.0139092881767886
23.672163571847115	-1.9524852887931259
23.66127849968881	-2.2592561977854637
24.426427395127025	-2.0124534976932447
24.44538914143446	-2.281238761352729
24.43849619253418	-1.8914528685149339
23.515455825080696	-1.9847103397391226
24.940885965576605	-1.9956039822309843
25.13366371172876	-2.263877828189956
24.97937958280786	-1.8740014318034568
24.782212148251112	-2.018233250386762
25.261278351218927	-2.051197024028558
26.139533138511116	-2.04595781437444
25.83305462055335	-2.113077723750633
25.787109019812867	-2.04191864571934
25.939080263763913	-1.8876509793828153
25.70919501641868	-2.0410138516850522
25.651451110596977	-2.0267616566494806
26.41323155152088	-2.130945620531977
26.462614035292027	-1.983035879528477
26.483639448255804	-1.8804376086890293
26.90410196385902	-2.1261239794590736
27.107497793239293	-2.1084340143175457
26.874690583435374	-2.1852287884074597
27.054984033682114	-1.9470979548171277
27.102144305570693	-2.3374734584323558
27.27086783341613	-2.21728967452245
27.268728723857826	-1.902692810575078
26.670678831924885	-2.0256885982623825
26.703630799035096	-2.266273577176433
26.68812299159452	-2.323370641127449
27.397796905120458	-1.9982234783827206
27.45605084888617	-2.022953694547858
28.07472702975414	-2.0245874585098718
28.17286726560112	-2.1297194007242455
28.214527620049047	-2.1176401622885876
27.859641745373423	-2.2668226582471993
28.282924410738715	-2.303766442298189
27.710314702143936	-2.316967845346441
27.645634353399895	-1.9773880520372324
27.677963180932576	-1.8598812619588818
27.591168920035393	-2.205162596056107
28.392636771959932	-1.9217038153990262
27.53244021110357	-2.073408820016873
28.45493979132959	-1.8829256513975912
29.243648135054126	-2.2574420335416425
28.783615220385254	-2.2951897993602985
28.66416543955738	-2.057991867488787
28.707087733688052	-1.8774110351543167
29.361405199388244	-2.2684716078844875
29.850288397630766	-2.1616882369440606
29.841945164162784	-2.1478438418308112
29.918003129442344	-1.9284963232815506
29.99730802408855	-1.891601497196066
30.272748325474833	-2.0982192991789144
29.716134723990592	-2.0987985774150935
30.16942729997254	-1.8698309930536103
29.734110881848295	-2.309371952605214
30.424119906166485	-2.1220028740650005
30.892492741143382	-2.273230184662848
31.337371043738052	-2.164146678226543
31.339605395827586	-2.320483425031858
31.347341920302057	-1.8679180887845577
31.472482610802594	-1.970691539369327
31.960198329153116	-2.0648360774566936
32.01074921150022	-1.8814311429775186
31.97015506361941	-1.8654937777375231
32.127787101637075	-1.8966004141180237
31.880446790372854	-2.310948241514835
31.75840468483349	-2.0190150597473253
31.75546305418404	-1.854694682427478
32.337543175060844	-1.9518533773322648
