-0.0005986466476912145	-0.06413454591991477
-0.002120841936554485	-0.04380502679660568
-0.002963703692375863	-0.03436285028992468
-0.0009172636042591442	-0.05171125531271409
-0.0021947723170460676	-0.023502704551615364
-0.00089818140999115	-0.015229244747887227
-0.0004232628607383493	0.037106964857129304
-0.0008228075665527856	0.046832612738625656
-0.0016515794502928727	0.12131882971976593
-0.0006620886347613597	0.14650802684888056
0.0011951735410482	-0.10832155707116688
1.8329158944785373e-05	-0.09792886163544846
7.411477835278513e-05	-0.1210083273152662
0.0024793566640876064	-0.1605508154220333
0.0009688525476384546	-0.14842109781947402
0.002772203742171353	-0.17182418802180488
0.00012825727865251046	-0.03568555712672458
0.006370092661820537	-0.20458434785826934
0.0007078828702375972	-0.1927212661931214
0.0008054961706291386	0.015463721268274541
0.0014849794105832315	0.024835552465354405
0.001701236900625569	-0.2295691527195578
0.002428183334674705	0.035415773723455474
0.003425040382751765	-0.24002145446267226
0.0032257914848087266	-0.25352357348277427
0.000880904160017959	0.04735695036280918
0.00040594672432897605	0.05310728450710839
0.0011364642942112146	-0.25964931565564336
0.006336913252468268	-0.2762881735471895
0.008387689435244428	-0.2983135418101195
0.0035001793170915674	-0.28943893321111835
0.00042177071462279336	0.0851473873113138
0.014128327978307764	-0.32221158369973546
0.010417285789859343	-0.31599068929221713
0.013315751433578826	-0.3402221178680348
0.5310740048162395	-0.6596498945863132
0.5298294394591492	-0.6906193053334597
0.19367824869362787	-0.5831420797214959
0.1583991017166081	-0.47517556760188906
0.15201648113800825	-0.7969084437914378
0.1518969804578822	-0.7970558913665245
0.131915951812194	-0.7763203094577826
0.10825389034338734	-0.7160753195562777
0.10825557163208455	-0.7292185904075192
0.10674932170543866	-0.7324290813262309
0.11123473762073227	-0.7455148609451331
0.0882695835810064	-0.6595200420891337
0.09444578890555128	-0.6929038739573334
0.1585731112568386	-0.840181259680681
0.12941727325053998	-0.8006386733769414
0.09314546419229097	-0.7135618921327211
0.07923882430502938	-0.6429770746571363
0.07981094117810761	-0.6641071273314318
0.8859982773934922	-0.7796139049692026
0.10383684473038068	-0.7574644649759226
0.0683250430414154	-0.6044595797491011
0.06871922070869874	-0.6200464055879339
0.06551998166391648	-0.5959851972895507
0.8894756122613338	-0.7933147613032858
0.07842354314914574	-0.710109321422929
0.06514893826060403	-0.634067357235061
0.06148078783155164	-0.5703959535664892
0.11057294834454473	-0.8042883521885802
0.0598410807871439	-0.6694192311666294
0.0525562587760261	-0.579145639662044
0.053301454968771256	-0.5521830682181125
0.04829323446741807	-0.5389610452987856
0.07942511070679337	-0.7975696625291393
0.039538718073941825	-0.527961349069317
0.04056055653507118	-0.504543723004197
0.036737281970268765	-0.4813462321332301
0.026366035206198013	-0.5097881182440551
0.03378034216134301	-0.45935281948823936
0.027392225884066312	-0.47530297147820944
0.010561928995412917	-0.569014278537155
0.007813780298245365	-0.599179819228227
0.02620101682824577	-0.43433912101248684
0.004401385557281978	-0.467391698471573
0.021710734066130444	-0.40300939435380057
0.01221315572708187	-0.416721044445607
0.013467145057087127	-0.3756542791856665
0.006138654220519069	-0.3898729068168919
0.010194363088663283	-0.3598986226666964
5.128959189451392	-0.4942231204637546
7.6127872718623735	-0.8218555491799504
7.278766774562857	-0.4426295318054728
8.465434185138289	-0.777012113493566
8.436181966082922	-0.7835635325295307
8.693370576013141	-0.4703726371138722
8.459804250809384	-0.8470257159751056
8.820883054550663	-0.8299853034624006
8.86330308708049	-0.7557381776531507
8.832273087471236	-0.828759478171216
8.884952183256333	-0.7359169523067626
8.048319770672556	-0.8155715088605272
8.001569667884151	-0.8009721626162113
9.52356231814554	-0.6742820051672699
9.540316818709144	-0.6730457331388848
9.659643716252196	-0.6816219387130851
9.532595091597187	-0.7898348109576734
9.53598555450595	-0.7941667710172322
9.677131670619191	-0.6963323451365665
9.256008566481386	-0.5450469198880165
9.273189666546575	-0.723250656249042
9.671262291839884	-0.39276142062536645
9.244472233604995	-0.7181058663673895
9.17890353879848	-0.8053220482228234
9.167130059215332	-0.803064916867705
9.879905518646968	-0.7533030348756892
9.879561454740575	-0.7754256176346569
9.053062538583527	-0.6914775255216726
9.973650621487579	-0.6567764783594852
9.999101039079607	-0.6437601255859906
10.451548343688986	-0.6558678490050657
10.439377186261352	-0.6704974124299141
10.397549849848103	-0.6377939466391934
10.359432658927428	-0.6079843752450514
10.55451477717699	-0.7423256834702665
10.56431327026619	-0.7458546401944246
10.802156881874984	-0.6147173052288092
10.748371652450789	-0.41405769396943176
10.219682913308965	-0.7559812036894606
10.823176718081067	-0.608735878999147
10.823875957681867	-0.6203958956608348
10.82310211940655	-0.6543304972564614
10.217316958804297	-0.7666243775814867
10.87750165892796	-0.741289358982377
10.894055985730821	-0.7278093199737468
10.069465163608976	-0.6797809666793465
10.043440139287872	-0.6698981997650805
10.999208329138359	-0.5666438949249735
11.474767092375098	-0.5535126666540298
11.52551050618858	-0.5530541296432286
11.565723043252849	-0.6136988375350168
11.55896799904629	-0.6333555601771723
11.518892435375593	-0.70455588455626
11.533311008488916	-0.7047077894744909
11.614710985919162	-0.5731943016396197
11.62161241136613	-0.5792302319886564
11.260568626338276	-0.541150632671406
11.226397351507075	-0.6008694932374024
11.224774709758918	-0.7325084513124807
11.210610069438415	-0.7147037829294971
11.189028852772442	-0.6417669856452222
11.702123255480261	-0.8401964728508549
11.182406386534781	-0.6281104555988012
11.71236718773111	-0.848406922171472
11.837680727996576	-0.6944688631190212
11.15344860792619	-0.5410449934113647
11.860348477333618	-0.7148622968155851
11.90085614249162	-0.5308569971588727
11.92205181182823	-0.6163809103803962
11.924275875929856	-0.5928611031978596
11.958273646144763	-0.544107521987413
11.974083777448145	-0.8113362098496376
11.985664964196433	-0.8189955279898462
12.455924761386347	-0.6778687879468416
12.423511067294859	-0.5336124136355456
12.469806501748703	-0.7018185635923384
12.403985226195577	-0.545010910030643
12.63942037136288	-0.5894577316775889
12.650640015320633	-0.5860729300057615
12.362111057943196	-0.5194688012508534
12.529184708792632	-0.7593245620391831
12.544072207446849	-0.7660216697215578
12.334773713819287	-0.5144287037069754
12.290837521311902	-0.6060857290698946
12.27875258182842	-0.5971640501698208
12.74526325636324	-0.6696075285564488
12.410958942403392	-0.839814795193989
12.410607937036048	-0.840277281715584
12.58450752287548	-0.356213894403066
12.764668035323588	-0.4992410253785132
12.791432606954881	-0.6819459452172607
12.263855387930287	-0.7922910847641592
12.801889836866547	-0.5373060616487555
12.704800819053386	-0.8326544183166722
12.705029875947094	-0.8325569562036261
12.804575306103512	-0.5288137485168724
12.247068433191458	-0.7856429633965136
12.80834915979204	-0.4934598473650762
12.807019256743445	-0.7314369975738733
12.171835878594177	-0.6736793891628912
12.82841146830056	-0.745001713077914
12.14817813752829	-0.6941467154342987
12.883384340414981	-0.3869382971876233
12.115876271759856	-0.8474823616000574
12.115530583159565	-0.8470707282250749
12.035515665138181	-0.5574089637578036
12.022774145755088	-0.5654993991065886
12.989721698722681	-0.5897492991515013
12.9968530241188	-0.6042383894863259
12.998303382180241	-0.8250452823183858
12.998537126269666	-0.8248935143698624
13.58673273661444	-0.6538973148864805
13.569036209615348	-0.5177800621071958
13.565482686288886	-0.5115715629182936
13.599478550949403	-0.6529793265513562
13.388870828649466	-0.5795722080462699
13.458737601664795	-0.47611533214740054
13.499770071625429	-0.46864630887277436
13.39387694017139	-0.6871469502006061
13.35945268372052	-0.5937201275716398
13.399269859138016	-0.7074788703595852
13.606766842232135	-0.479587699126905
13.609925911249602	-0.4803918263844659
13.347214945108284	-0.665473540270984
13.66780117415292	-0.6843105544234629
13.303984457982965	-0.6516959233435087
13.688199607016745	-0.6945102564716518
13.716347814687166	-0.5697204081313563
13.71734727413577	-0.5731450497048892
13.584479953941623	-0.8092657195080437
13.58475728625965	-0.809340470051078
13.246833286633677	-0.4744175176752238
13.291796001088203	-0.8171448704340677
13.291405017011332	-0.8172424071660447
13.196791137767235	-0.5214336424195514
13.1855244298346	-0.519907988351573
13.22646705595847	-0.4241470368938245
13.150113496437346	-0.4739999562642657
13.880464795916557	-0.6462099061235552
13.115121400434065	-0.7213350658539935
13.901187766783899	-0.6565938251114056
13.099863007409434	-0.7148306118023126
13.877426147548976	-0.8017138797920024
13.87780367379293	-0.8010481152680948
13.908307599408703	-0.4681222846463998
13.914371867540048	-0.4616025221653058
13.075362853308155	-0.4713857507748529
13.050954057358865	-0.6485208822596896
13.0509175310211	-0.6769478452408384
13.947510429486062	-0.5064324068599869
13.954341256468597	-0.5037109781807844
13.962479398756598	-0.6781625454734236
13.966161892978407	-0.684363047215217
13.995149928599021	-0.46769055623281286
14.518522987436544	-0.640548599076002
14.459426286119628	-0.6360452611779916
14.52243357548648	-0.6599807191117263
14.461068486628477	-0.6815335383687339
14.395039497249376	-0.5437972586771327
14.390526855971778	-0.5433156428724095
14.406024053391109	-0.46329710894676757
14.39115971511169	-0.46630473195928923
14.463659652031303	-0.785400475845639
14.464003259744947	-0.7855860801212685
14.355942270281945	-0.4581889438693262
14.686708788004783	-0.4875451916088408
14.329167471450116	-0.4573197570753869
14.673150163645149	-0.458758325252739
14.297660017564574	-0.5023351148742236
14.727256031757715	-0.6531220025859251
14.734583785692271	-0.546873055925911
14.730253428743527	-0.5252434051609326
14.75164231174717	-0.617648207909033
14.656036110420155	-0.4009353797982139
14.23998200427423	-0.6482408929673658
14.246635432231146	-0.6768145905232805
14.287210475873689	-0.43678653531214606
14.718094312949406	-0.4407727859919033
14.799649680463226	-0.6348302703019272
14.756878152475178	-0.7775235190747136
14.757591547519713	-0.7778441189569064
14.811780664403893	-0.6294284677853523
14.78028919404826	-0.4526032001099394
14.77795491117151	-0.4406961083210835
14.1719148248873	-0.6461464035472221
14.163289564406686	-0.5962948281211983
14.810714249985146	-0.4291813053465412
14.184176688772546	-0.4125687483672146
14.170781896295951	-0.7933796333708696
14.17062552288673	-0.7934657126308944
14.067541669747222	-0.5606485555942257
14.894060699848712	-0.39712378262980874
14.041368207136397	-0.5641267740015661
14.952703360654047	-0.7185502533482462
14.998534108620188	-0.6598050537455105
14.01220920505194	-0.4787066948740306
15.494896823600532	-0.6823256109012873
15.382041318375062	-0.5927356187693764
15.37998358244137	-0.5940675960176515
15.383379360046353	-0.5302100322192603
15.414956471956476	-0.4909377709287318
15.430574757513682	-0.47788148325099844
15.368496621545825	-0.5030256392123489
15.53995073279867	-0.4332304918538499
15.672285645166173	-0.5774522861983128
15.58329969036161	-0.43926097203278436
15.679787213577349	-0.5726927252497264
15.561993510737684	-0.4270812044253255
15.458984563373797	-0.4169700586937302
15.38345895198845	-0.7491136289518694
15.467223394802103	-0.41164799172955546
15.698178071021687	-0.5374122410745851
15.638747426492142	-0.7549458655717776
15.638212020867483	-0.7560135865053422
15.606799749926122	-0.4169607127983278
15.344834168967342	-0.7626511118455573
15.344369344644196	-0.7623071507923955
15.64528203340745	-0.791031427799128
15.726209361429678	-0.5120907827141807
15.728567644246171	-0.6819422579313157
15.265012235969044	-0.6811495388044329
15.234726088096377	-0.6766258961339007
15.769521342924282	-0.7002891794724462
15.770765486437146	-0.47441265835500834
15.789124318018454	-0.4725167453573783
15.249856827835947	-0.38699583999802434
15.182434984376687	-0.450303959844344
15.2181074696401	-0.3820021776615673
15.166645058614634	-0.43538980811982064
15.096162175427505	-0.6027314358100799
15.850852115357625	-0.398167849716541
15.13114674649344	-0.41960340853221323
15.08906458296861	-0.6118335447679255
15.080392642176923	-0.5227751046594051
15.070184970649759	-0.48804695239232493
15.90958670338157	-0.4064160393988102
15.932024055179637	-0.7483019000291959
15.932841003721897	-0.74775407338875
15.0480988390633	-0.5278858570311937
15.085735282481384	-0.38886747428678065
15.931748979208642	-0.4257351888670636
15.965111455947932	-0.56165682494422
15.974995439526142	-0.5656814514400141
15.972623829409766	-0.6787268324885344
15.051009567032704	-0.7700389792088389
15.050789028818512	-0.7698874273605761
15.948314881635024	-0.423651406010389
15.025217934621539	-0.4824768134694244
15.983621237137568	-0.7024191712509985
15.973919281791625	-0.4211914618631727
15.978074841839502	-0.4267756215930518
16.46898294073287	-0.6431040302284253
16.445893137839388	-0.6554770462257637
16.563339981163104	-0.5413356688217859
16.55700105581023	-0.5346602695335391
16.489136451088566	-0.4657793939304248
16.520733772383963	-0.734207545989858
16.521213966500863	-0.7341898633904551
16.473397002132348	-0.46223876161257066
16.359862081429338	-0.5223258838282436
16.351236990475847	-0.5188525545067932
16.668989404277838	-0.5064099473906691
16.696791918319462	-0.6349179124296775
16.710402023892946	-0.6256154455625251
16.695468884120146	-0.4971125011869072
16.379687415193825	-0.4063469875986888
16.26846737068245	-0.5508330836769705
16.33689970993389	-0.42823754207106096
16.354625014645706	-0.4091094852878666
16.261457189471304	-0.5488942488676102
16.69643474730754	-0.42477917181951913
16.294431774168398	-0.4093258427266879
16.214268442479273	-0.6579678970700349
16.213572229505598	-0.6686394508284711
16.700270229561223	-0.38215020464072125
16.7319056546763	-0.4047182674076283
16.28245154661531	-0.3864108655420835
16.226886793450777	-0.740934413542324
16.226384124976523	-0.7410397958047551
16.75448242523541	-0.3966880436837146
16.249472371331333	-0.3798390650748949
16.765551524748012	-0.3924559007418047
16.81476587348669	-0.7280840667959214
16.816127376577676	-0.7270221410127747
16.827902961124543	-0.46574852405551614
16.850391415830376	-0.5228537970085088
16.77366556982999	-0.3676533519683734
16.860305950345364	-0.5288063000750653
16.83973532327628	-0.4454558561056256
16.134945195550262	-0.46983406197225064
16.127700617257496	-0.46679878033330435
16.951668780250994	-0.6225279173540358
16.95337468609385	-0.6011495597878422
16.030088635647953	-0.5175795395300697
16.0290841072404	-0.5187334396078658
16.986740373315783	-0.47676802616783287
16.999076496361997	-0.5208142851257034
16.96746527168195	-0.3503123335378497
17.47793669435059	-0.5739237352635453
17.464723081695055	-0.587822066188506
17.457456066628612	-0.5155972880933374
17.43159486107547	-0.5071359396431456
17.512146209170883	-0.46702995364507904
17.5135652834215	-0.4595819095408691
17.404833305621775	-0.713943090183794
17.40511102163731	-0.7156073666882861
17.625410863422047	-0.48187030931967084
17.42815254055061	-0.42038994284367037
17.449905254037642	-0.40728192292019605
17.64037307105056	-0.45616868623681917
17.32564102150673	-0.4864284671885958
17.314425233460547	-0.48759706046581763
17.720333071646927	-0.5676195490681079
17.53679752156754	-0.37762309920273457
17.699265974847247	-0.7087712103020756
17.700723480753105	-0.708741399241775
17.57418945756648	-0.38106560059083
17.47754452876772	-0.36645242979671233
17.560364994627147	-0.36503570642534844
17.741368975750188	-0.5588579752080706
17.598750936387013	-0.3712234589018276
17.73791827021071	-0.5045947423380738
17.756607784194454	-0.5101241387370196
17.213515265478907	-0.5922954114025771
17.205572947390237	-0.6056733108747595
17.82147923697283	-0.46367614092328957
17.15619941126572	-0.5192059180682144
17.17257080549508	-0.461029637240856
17.17223672282058	-0.4587130935754202
17.817996791658093	-0.4227677355566452
17.841516811606592	-0.47006740156795823
17.142503461903495	-0.5100220349621806
17.171374919606823	-0.3915703017893807
17.839652371006142	-0.38772292680215625
17.152871044655885	-0.3893725322753045
17.11132174868653	-0.7181911526668096
17.10895049343723	-0.7239288654906427
17.85254383013051	-0.3590435850571444
17.867042339329966	-0.3624011321725419
17.080419648968498	-0.420170181150756
17.093539063383805	-0.3746003768607944
17.94681652504689	-0.44877598482275205
17.96013419886507	-0.4723341974288013
17.936592516946597	-0.3843576321822014
17.987336268710738	-0.5552075805560692
17.994038674037824	-0.5305990482321375
17.99389178713664	-0.7015878916623708
17.996385350409255	-0.7043844177495561
17.95510323665991	-0.3676742438497655
17.960609090514254	-0.3766688556430706
17.966977163491052	-0.37087754577875515
18.51336564338987	-0.5386876893857491
18.543784469653264	-0.5122843070194643
18.58913650694062	-0.6862202325193613
18.582334711541066	-0.6974753826071222
18.417413876957443	-0.49729702887089805
18.417514945580045	-0.47447733044184925
18.356627984436546	-0.49050932694148963
18.35135395330465	-0.49142193435407205
18.652730318161648	-0.4791933858485935
18.65622680006874	-0.4821339024280985
18.555925705621597	-0.40276890742453564
18.615717914649895	-0.4257886352632618
18.533532808899043	-0.39024952442284566
18.625770915019316	-0.4119482236848669
18.696953595587182	-0.4859523785835273
18.291823733858486	-0.700063735713959
18.288912394951925	-0.6948020968827691
18.256824211189077	-0.5236307024415303
18.24614653572558	-0.5464587321737435
18.356655282372824	-0.37366444988632147
18.283264146944227	-0.44246224448899185
18.74120937799337	-0.4791847598407168
18.297402933093373	-0.4166312849735886
18.3524736734766	-0.3649939223697505
18.32801621633539	-0.3742134441920181
18.7764629091968	-0.5181031998378733
18.31102344166313	-0.36513366568660444
18.7078040810882	-0.3671974267983888
18.727518064083693	-0.3662085733133218
18.811125351089224	-0.5015601601407247
18.28238886824776	-0.3504445488677591
18.73928530343885	-0.35372752219933845
18.196694734915553	-0.4077488926047465
18.172881918591848	-0.41451599467490224
18.880817104692692	-0.685865114281786
18.132308430886667	-0.4687885785527091
18.88158278805651	-0.6869390447964496
18.1091865161447	-0.4772517773403916
18.89515723737621	-0.3956271916345222
18.056039617178723	-0.5016005909316184
18.918730439260052	-0.403147361377299
18.044035507630657	-0.5022263177327534
18.949033987864674	-0.4710137733754399
18.9597953043894	-0.4748474144076295
18.951072489787425	-0.44034200262795464
18.95189883463462	-0.4253426278374186
18.97944416071936	-0.5049311797496471
19.4706694110978	-0.6740830572706555
19.47419003264323	-0.6783816293896661
19.544218193169026	-0.48172660509167936
19.584041776601467	-0.5019754262586753
19.537280512694192	-0.460660286640173
19.57014854523151	-0.4608032184282066
19.392039799958738	-0.4768837621190703
19.537297658431324	-0.42309095259629137
19.34346353109062	-0.494611357449715
19.587288549815376	-0.41514673311089445
19.672095856260057	-0.486473501481762
19.30579612691442	-0.4830381088442516
19.657202378101353	-0.4351386992045031
19.47618012718677	-0.3576534431927439
19.27207765002197	-0.4894961431850262
19.648447435912146	-0.3836839167977838
19.264281375050103	-0.46639227522846105
19.766889524045162	-0.671209573323708
19.770673918330164	-0.6717676897316684
19.259919951764974	-0.4537035301585071
19.30013238518603	-0.39475671030039267
19.284128184694616	-0.40183225896613295
19.25841144634718	-0.4060578771928096
19.17898743312566	-0.6836013701849292
19.1745587762929	-0.6790946802509413
19.201969156393176	-0.41788809085137146
19.84479782147616	-0.4859262180044166
19.84426299046416	-0.4799080517063789
19.843347083908835	-0.4429400411003397
19.854676854911762	-0.4509599809736978
19.11108225189063	-0.5036200795852246
19.902155190993867	-0.48829921607510907
19.155487186818284	-0.352798500415788
19.904800024262094	-0.40010641411470316
19.054684881538847	-0.5123387210476518
19.110237225765793	-0.3643892775454812
19.941683732083685	-0.41377182808585034
19.977541728495286	-0.47305463321767405
19.019579931636564	-0.4400115625288372
19.994401508026307	-0.390066024520778
19.99035867242909	-0.380509063705599
20.49869393922789	-0.48513030998072504
20.429020314982576	-0.49070053955547216
20.36296637241113	-0.6622262927315329
20.35927848438883	-0.6605789374995952
20.409105549502215	-0.4748357239515845
20.458542957712055	-0.4476546341144194
20.656755526033006	-0.6565878947377789
20.65908292233428	-0.6580129005607416
20.45972813369728	-0.43448787736072536
20.391246024134993	-0.45742915466829925
20.63380212869269	-0.44649048028268556
20.564445043578438	-0.3962892267053672
20.675307375427895	-0.4659869182982389
20.579405059978846	-0.39265160842057534
20.73159711601363	-0.4784752738476193
20.356247486842282	-0.3752662481592857
20.343914208140344	-0.38353223636735556
20.74167188161318	-0.4664548915508444
20.68685016623451	-0.3784368928335806
20.271635244809683	-0.4202048132996375
20.69674733405014	-0.3815739161987204
20.7595328958992	-0.4330193714471487
20.239977609349864	-0.4221874214918423
20.21028581506217	-0.4663464681411026
20.774707403454066	-0.4376838718857128
20.17653098823725	-0.4559353599390381
20.153179931260276	-0.4593426149177224
20.140328416163026	-0.4745698321303664
20.14565164796935	-0.4421224990048482
20.88771921831953	-0.4793606522842171
20.066520613451694	-0.6670048283421871
20.08341634177339	-0.4624088488549605
20.88825192155167	-0.3935374169089906
20.063919676601575	-0.6673145071262547
20.928438884681956	-0.46607320440717764
20.95302363346629	-0.652254833084421
20.95580478677548	-0.6542549158562759
20.907587695611646	-0.38864727226040374
20.98760220906232	-0.45067112673793985
20.952528535050085	-0.35504695568976885
21.5539276126742	-0.6409553785823611
21.54560407028242	-0.6509869891353186
21.469344940903607	-0.4918337055961412
21.520889167564537	-0.4440239031660401
21.571344507311583	-0.4274941028326561
21.675959891476325	-0.5179317238489872
21.51501828926462	-0.4001932425195257
21.385792117718985	-0.4247364792132339
21.357828764691288	-0.4335881074793916
21.360476168537588	-0.42474197640585365
21.595763783245136	-0.3861927361242248
21.299901074497317	-0.47154863959562093
21.66578514000625	-0.41793066980560817
21.381906657731786	-0.3795593001242477
21.253967142615107	-0.6494190308689095
21.388678245629578	-0.37254187798156874
21.7084133387968	-0.4536543457969855
21.24953851225437	-0.6483682541326344
21.6787251747237	-0.4170864640765485
21.63230292469272	-0.3673916219156361
21.256139984736908	-0.4851043911680685
21.66010702206188	-0.37340086962132213
21.338345985186123	-0.35862423873757776
21.29956332835057	-0.3857994994215702
21.722499641260807	-0.4020724354699417
21.22772895711295	-0.44039603071382316
21.726859090013527	-0.3603386340601682
21.732751148578373	-0.3587479378601661
21.22995671495516	-0.3857812024757201
21.84096187512132	-0.6533039566737818
21.851716918191965	-0.6254044726624256
21.816975354748738	-0.4190239811837059
21.228526982860263	-0.3539914163259327
21.839643718021875	-0.4336973000518091
21.146810532304972	-0.44161627839183726
21.888521832009253	-0.4116538509236176
21.880923538976027	-0.3588539401295541
21.066756852134347	-0.43268087862845095
21.068063529546382	-0.4245801910373411
21.926506982433917	-0.3804537362448871
21.97228176107779	-0.5018446273437723
21.972566445741958	-0.4737884659636703
21.967142154236196	-0.4200709612507443
21.051701089651672	-0.3745710180496568
21.01491249311397	-0.47145872774950726
21.046754551745643	-0.37032963449278955
21.982432733959588	-0.41646845603618143
22.442136766089984	-0.63046696851238
22.438067496906793	-0.6332345461557273
22.43787693648775	-0.4812632546145469
22.45901600604644	-0.45390834379994294
22.581708710916484	-0.44968842576825396
22.558290065336507	-0.40087352446094127
22.36616460083404	-0.4413301295559893
22.591631573535157	-0.41117288636243454
22.602184547075066	-0.4104392246271802
22.555827624583397	-0.375365617026438
22.385698320556365	-0.3946745146907827
22.73418814347775	-0.6267599911125132
22.740775923982266	-0.6268639969139903
22.691797177552317	-0.44721146471284323
22.473634279885914	-0.35477241156927075
22.560085928443556	-0.3562390856165951
22.71686713571095	-0.4701019622670356
22.359959696371792	-0.3676999875243766
22.29846617213681	-0.4122028098318815
22.285734875661014	-0.4115854076118613
22.70896517683137	-0.4024409455340652
22.272445923544215	-0.4205274439298111
22.238574726108695	-0.47470769646397826
22.719810549732195	-0.407260968956922
22.20358663992517	-0.47746864971895325
22.24299797927075	-0.39886975280859827
22.14383934277807	-0.6315326501622012
22.143279296280898	-0.639810111839414
22.20198136360312	-0.3862908045271451
22.875690012140893	-0.4501167050482109
22.871675306726445	-0.43197379697158766
22.137635843869056	-0.4029871422463416
22.882865270939465	-0.4097544646641476
22.892236699380963	-0.4086317509728956
22.0837083254916	-0.4263392881606979
22.886830501409655	-0.359959543406296
22.909059917948767	-0.3587513349798852
22.957484891230035	-0.38574652002809334
22.035427228492658	-0.39842657349767746
22.023687955484704	-0.3845320032358211
23.384385115217164	-0.6094896130882882
23.637198566661752	-0.6185802104082573
23.647563559955522	-0.6147559066154522
23.613597496368666	-0.44417612062412415
23.494834119097575	-0.4033971542612148
23.486441749473745	-0.39468930271782465
23.411384762030952	-0.41364253620023617
23.553899994395675	-0.3996088925765386
23.35863890971654	-0.44618550158744474
23.29217339556277	-0.630209130359653
23.574146840812563	-0.39850941102736437
23.593217382489367	-0.4015805263033524
23.51173965772198	-0.37154597872098766
23.659133388330307	-0.38455962789269693
23.334474527108917	-0.386914164748675
23.680417801598633	-0.39237648798657854
23.297258419837373	-0.4098180907097343
23.281609635313348	-0.42326214653301536
23.281662064560216	-0.4078856020690598
23.788740740123803	-0.4079098695894422
23.81554045852211	-0.42265765877819683
23.195810688817488	-0.40328504572399543
23.190695073145196	-0.40404275109243853
23.81296422255275	-0.39273294804422876
23.849945314726032	-0.3867145668070001
23.11817212407118	-0.44095590244201416
23.108267714313108	-0.4633464207557838
23.883510751954166	-0.4369958566111469
23.859537270015984	-0.35265313435555457
23.937985120458954	-0.6145623062854639
23.941938564540887	-0.612216953146663
23.892828656241342	-0.3770861838115763
23.040332102613732	-0.6252027525643302
23.02934234840712	-0.6255960563332085
23.929480370951957	-0.38046858203846823
23.01016658846503	-0.4108736843620633
23.004750349307905	-0.41681181763701547
23.028207447798188	-0.35779471039149013
23.99510989249589	-0.40864754655261887
24.54157765107748	-0.6089661575786868
24.547240627909915	-0.6108186789612482
24.42666222642153	-0.4375562747806332
24.422263800357708	-0.4098124462648217
24.353856010005412	-0.4250281048454071
24.63432773411118	-0.4140373803447076
24.470863469276225	-0.37173994746223205
24.506045773977903	-0.36793742773923455
24.553914207882595	-0.37223189389128153
24.407620607310424	-0.3824294523292766
24.42787705638136	-0.37343760153659633
24.66840421862488	-0.42529303563409226
24.523059769386652	-0.3550128974286344
24.24312514371103	-0.6102444032317197
24.239595747017255	-0.6072251222153489
24.307633980564354	-0.3772481204956911
24.717916405586333	-0.38940932716180043
24.72955024610363	-0.3885616226401463
24.747443776908646	-0.3747446786652673
24.839765752371175	-0.6030878424181036
24.238242152162	-0.37304218651997784
24.849296812713384	-0.6118930264225664
24.769778143849294	-0.3706020514531564
24.19761434423836	-0.3692911763555109
24.142750781199087	-0.4449171499423209
24.81480790332546	-0.3634504579653357
24.809593774876245	-0.3548336685263074
24.160555798808304	-0.38085644108734407
24.16188371386843	-0.36516587703718467
24.116652296185592	-0.408959486247743
24.88687635337756	-0.4029434089828221
24.863195511907627	-0.35303065896923613
24.10931783182099	-0.3858635070776703
24.07646641111372	-0.4073651143618122
24.921711697284294	-0.37037124408051414
24.961021790798437	-0.41619225876417676
25.448851813934414	-0.6044020578946484
25.44683406371741	-0.6055251511904565
25.500595971600564	-0.4172355408599211
25.411501505120704	-0.3889593315958658
25.456401763371325	-0.3738807902328951
25.42071592093682	-0.36411778434707814
25.749750990921587	-0.6005678568859737
25.750703992299744	-0.605040136287601
25.351856825129335	-0.39539810399753994
25.64679457381035	-0.38738604515137876
25.375285102509817	-0.36546299225105583
25.635355524574305	-0.36284240536015644
25.67078206814613	-0.3837540108806732
25.645559546193315	-0.3649350600794763
25.32027524141329	-0.3727176226100779
25.327551895206806	-0.36337070457900356
25.737350254647065	-0.3776968356962116
25.73178678599577	-0.3592365926982048
25.23739754596411	-0.36800527978889025
25.148417772515764	-0.6075778756339858
25.145090833082136	-0.6068693084170883
25.79653142030861	-0.38311070554322013
25.201521611744585	-0.3771530101986265
25.164189486798932	-0.3959065794907124
25.8187448593912	-0.36632112314960275
25.118384641969445	-0.3794653748483466
25.902817656425825	-0.36277927162526535
25.071711732132012	-0.36209993240842714
25.947975558753118	-0.3775383248252356
25.953131547314094	-0.37618895784723533
25.032616497296246	-0.39041964293211184
25.037951886686706	-0.3711221662565104
25.02623395262875	-0.3738851457600776
25.98675656531946	-0.38193708745343974
26.356111145385167	-0.603179985715176
26.35409345188879	-0.5974870598510675
26.657766613595438	-0.5970291928222181
26.65944275875134	-0.6016992930430041
26.5009462109953	-0.383732692680936
26.577169033020756	-0.3974994497288763
26.473439549474396	-0.3674228079362767
26.56753845610899	-0.3676903538048052
26.573504177552383	-0.3626309198204687
26.41458398568501	-0.361006027300445
26.35178673869041	-0.3907951345412333
26.352647411387682	-0.3585708955033228
26.649162113917367	-0.3574283923055641
26.26161400689322	-0.37831053689311234
26.257871376853608	-0.3745662364327742
26.735932223969137	-0.3514508129326348
26.755601669329344	-0.35309230357153465
26.198792781042712	-0.38462910379318166
26.78091932892955	-0.3576666201542626
26.87316532133738	-0.3990335974025017
26.874675464627263	-0.3638700047919572
26.880958167650412	-0.37408775657724047
26.05432707280439	-0.6041822047391373
26.051034411690104	-0.6000128602644873
26.96171516615331	-0.5977780490032982
26.963225005592935	-0.5971995631333354
26.045488343829305	-0.40892108162988067
26.928436271769954	-0.35083426687260905
26.048933020824265	-0.35706545188861205
26.955480749531997	-0.35389730209770176
26.01703297560133	-0.3607394828973986
26.993841418268325	-0.35547089215205413
27.569814271836474	-0.5925265234559054
27.57484158592483	-0.5965565559155626
27.3923180680088	-0.4113849210048771
27.26814831295227	-0.5962300433400098
27.496005490186135	-0.3669429157057521
27.265819875778806	-0.5956824240950308
27.507204077427037	-0.3626656567090861
27.58447619141238	-0.37668614560265984
27.433010457581833	-0.35212241951057727
27.363596901544387	-0.35713163528733727
27.680659240361546	-0.3576869656285413
27.319268793922603	-0.3511215011885417
27.27438307494928	-0.35311032988982555
27.786242107835935	-0.37696535301758005
27.87215178582073	-0.5902280477818413
27.88309468989907	-0.596314413549472
27.190310609486733	-0.3693309630322061
27.80345951425512	-0.3608735296485637
27.813277988880255	-0.36453122503337154
27.187190058119782	-0.36251223301863056
27.85654917814173	-0.3672837380923163
27.129898999102846	-0.3706503103061962
27.910750836643174	-0.3552762738132789
27.070297688106184	-0.3861232244744397
28.493950561167146	-0.5905244574779318
28.488484738250264	-0.5928782640403036
28.417213804627764	-0.41164244261982796
28.57521695286914	-0.3696604490100329
28.50534963210736	-0.35321345516719505
28.421069151302596	-0.3614557003057106
28.438329021477053	-0.3561390751278606
28.432336160355746	-0.3538463047419912
28.555625657730833	-0.350161378344956
28.669554161458755	-0.37253228915332126
28.29820265686533	-0.3980881473541071
28.796944171186876	-0.5907075732634854
28.722075523241887	-0.3984248837791016
28.800185036955863	-0.5904122885356083
28.196608950134195	-0.5917896404981109
28.172192106430202	-0.5939172677978788
28.748331903168875	-0.3537169621433834
28.748486581080762	-0.3528976608015583
28.208786900626933	-0.38182280588871575
28.805078300442972	-0.3929064630023744
28.19034611382795	-0.3560033927619077
28.13682147517894	-0.366864969919217
28.133216503861085	-0.3539128769294856
28.118707920428005	-0.3510597333369565
28.058174114471825	-0.3651679338047315
28.996882682648423	-0.3838067086957553
29.41913218489256	-0.5859232933578008
29.410687623308693	-0.592196975434021
29.697443934025127	-0.5881569801437896
29.52374513328189	-0.39514568668727756
29.464690204448377	-0.36286260312320695
29.753512142855122	-0.5899317136872467
29.26457357164767	-0.378180232754012
29.740960460973795	-0.36825475068893204
29.770910689227858	-0.37960736641780923
29.221990887171888	-0.3813994670793831
29.107847144830814	-0.5877481752590117
29.105092242267975	-0.5915039053059918
29.877925050924954	-0.35510133325038296
29.084969907453786	-0.3908332647317032
29.097427880036552	-0.35419002825771895
29.061055235003824	-0.35077861242911873
30.3531322205748	-0.5869185101188757
30.647758246430755	-0.5866276303422805
30.340304836777953	-0.5891178969786823
30.669035350174184	-0.5877525315994779
30.313101058839717	-0.3605182323901117
30.731276461592657	-0.3577181921390733
30.042325490286736	-0.587647052989485
30.958326659023378	-0.5850041274083551
30.032007358075248	-0.5892983932828658
30.982377215690576	-0.5930387408594203
30.044080508448562	-0.3628260877520502
30.03092976519911	-0.36048765065629385
31.595728163445983	-0.588005378449143
31.612404668600792	-0.585291038849419
31.291557788239093	-0.5966073899326226
31.264487707932915	-0.5874350913486776
31.28780799917107	-0.3568012181712436
31.906843435538594	-0.589588850721951
31.92468940646316	-0.5887220311814021
0.031071361969503105	-1.1019609642570842
0.031071441780602147	-1.1019608623792856
0.030790817247516842	-1.0921260692250419
0.030787066532825164	-1.0919953466701047
0.031351428861228506	-1.1117798352939734
0.03135549174944428	-1.111918562524094
0.030506276053875785	-1.0821600588478515
0.030506530442792727	-1.0821596545112506
0.03654485436633322	-1.1003627066917596
0.03654491457994352	-1.1003625848393197
0.03617279039715888	-1.089416479714909
0.036170807247462924	-1.089358716328977
0.031634739725976004	-1.1217116910463216
0.03163470006560408	-1.1217117528939609
0.03691862083804345	-1.1113594052794924
0.03692068448714649	-1.1114203482361955
0.03022555799273286	-1.0723222753107489
0.03022255766329825	-1.0722133284991728
0.03580036743552144	-1.078464173347004
0.035800383537859554	-1.0784641244025983
0.04214348549270185	-1.0962716614613521
0.042141779539165834	-1.0962287080650108
0.042620960405215166	-1.108269335339404
0.04262098120297878	-1.1082692983711475
0.037296138306364454	-1.1224696887358256
0.037296098827863	-1.1224697636730687
0.041665799943025265	-1.0842749222306796
0.04166594600930353	-1.0842748383261283
0.0319127433993864	-1.1314593653480676
0.03191665487197076	-1.1316041514697284
0.04310001127658819	-1.120310341945231
0.04310187418395565	-1.1203568480083517
0.03543146801521445	-1.0676175174930356
0.03542971426593467	-1.067565731642677
0.029942090804175498	-1.0623921042553666
0.029942151538850655	-1.0623920255571477
0.048335418551965985	-1.0930089040197812
0.048335429204314106	-1.0930089354562957
0.04895362421062693	-1.1063406384304761
0.04895596199478372	-1.1063908204196946
0.04119147045765887	-1.072362669351141
0.04118980500806996	-1.0723215347821502
0.037673124293232295	-1.133567964272973
0.037675461669792	-1.1336370459503018
0.04771858287102113	-1.079713321699445
0.04771601929612229	-1.0796582014256122
0.03219297252976191	-1.141288631518392
0.03219265340879593	-1.1412890334611205
0.049575457555561295	-1.119757185072598
0.04990982057606821	-1.119894865808673
0.04358259145499321	-1.1324443186569797
0.04358831838092479	-1.1324420172260636
0.03506239017254778	-1.05676925630895
0.03506243286389631	-1.0567692034208622
0.055697072962109566	-1.0964386550606628
0.0557053720720435	-1.0965652465521252
0.029661973964258678	-1.052581746910057
0.029659579208243067	-1.0524963151416458
0.040716863667619285	-1.0604505650833298
0.04076810660701982	-1.0604224643774598
0.05650714448995668	-1.1114132404775325
0.04710039572096873	-1.0663954743772102
0.05489003169857459	-1.0814872787342378
0.03805418119102752	-1.1447883012492008
0.03805889660990194	-1.1447924797663123
0.05020124612001353	-1.1331623212199855
0.03246576313836348	-1.1508736223289127
0.050334138730202566	-1.133363876126667
0.03247095580536821	-1.1510429403560802
0.05725007102099641	-1.1235288332920317
0.04406960922073211	-1.1445948608627503
0.044815292391958396	-1.145118967738482
0.05407677674555414	-1.066492306025501
0.06406927684608547	-1.09701364346525
0.034696889788204885	-1.046021250079888
0.03469498806060746	-1.045970098876494
0.029380128544851235	-1.0427137948730196
0.029380264989415008	-1.0427136344888484
0.040245292197926344	-1.0486190737256291
0.05785731958754618	-1.1306072714401187
1.2484291697634844	-0.8807019664024567
0.7525120184329227	-1.3219784339716996
0.7522848184525198	-1.321999615586166
1.2506121877944372	-0.8741998531657498
0.5784948039974394	-1.1952404989867378
0.5783214827435434	-1.1961353091563658
0.5942648459089949	-1.341093991721091
0.5942626998402255	-1.3410942279998213
0.5009264648632514	-1.2417418275953553
0.5009222681556917	-1.2417447954801817
1.9785397435428305	-1.0253041679515869
1.9786088634953711	-1.0238317926090372
2.3507419637833795	-1.0872863511407984
2.351843352267632	-1.087170766066067
1.6136171056810844	-0.9541467466491295
1.6125936942652688	-0.9552577389909296
3.0866623626797978	-1.167971369403454
3.086400634677155	-1.1683680754735408
2.7262329520335835	-1.1331048265526562
2.725909243141219	-1.1330831904471672
3.428699064492391	-1.2074806328460213
3.428836837835692	-1.2073881888545597
4.021280003356807	-1.3171200389127777
4.019594219951468	-1.319355271430496
3.7474945748385786	-1.2595217068748394
3.747890492080344	-1.2604771040845741
4.250060718135836	-1.3301868472615965
4.254125632226312	-1.3331721963390408
4.498935875954818	-1.296559064091997
5.089126801492801	-1.2182861513006433
5.089130647294614	-1.2191454346906974
5.155306623198357	-1.3019463756468121
5.255570428598122	-1.061814961174733
4.7857272493892715	-1.2482613124858761
4.784608743206656	-1.2491040354147651
5.152423886330438	-1.3162409691170154
5.265274287611325	-1.1984603625899153
5.395088874239835	-1.2008456310055362
5.394892011169655	-1.202758198497243
5.484807459537401	-1.2717069530596898
4.500130147985642	-1.2934496638095432
6.002560215855968	-1.1853429714403463
5.998136739855818	-1.1866223498098503
6.140706971654051	-1.068772449278942
6.165436940764132	-1.0455921368784895
6.162290694678479	-1.1949033458465477
5.843007208915712	-1.223792762211956
6.173877081730331	-1.2029218774420058
5.840138788157769	-1.2360911072882432
5.732491436274587	-1.1301230367127248
5.7194391167157494	-1.1276620996951332
6.296826681413306	-1.181182246079545
5.6998541756358945	-1.190925636537793
6.3033895697238576	-1.1814593947264147
5.697548821300257	-1.193009922513715
6.498872286262101	-1.1744002441075094
5.500411732460778	-1.2749504004032253
6.902591898291439	-1.1680430455872144
7.120398633568488	-1.129890330242275
6.885575854479286	-1.1657960882268679
6.959159170215904	-0.9706106898591622
6.941872580378418	-0.9700909012165939
7.140095724733074	-1.129576938365359
7.177187714463154	-1.1528466532986557
6.816961774777395	-1.1359602463581586
6.814407674779159	-1.1506167473332793
7.2023399118561535	-1.1555945660473832
7.07648717899131	-0.8896123604318328
7.150128285972216	-1.2906309812692842
7.148559628710992	-1.2934687905045674
6.865771270955266	-1.3101818295197374
6.8646237412748	-1.313638826689053
7.165343851605491	-0.8597271606375949
7.335434599696349	-0.9405455068391888
7.334706060489124	-0.8932457713595742
6.6030931278246285	-1.176529195332865
6.592692091163514	-1.1745752649006274
7.416954549870954	-1.109397017819358
7.455293267420705	-1.102611396436892
6.550848013645982	-1.020976950937266
7.462440423842354	-1.1334008960546176
7.435568169807384	-1.2800307313451156
7.437671257777351	-1.2782964243944415
6.585478198159066	-1.3379051252076821
6.584673327348622	-1.3409164429497245
6.528990994859428	-1.0058717126738903
6.507636501244479	-1.1714262160034943
8.022913765298256	-1.089790830798138
7.997513506438848	-1.0646167587788202
8.072498118380809	-1.092220866174948
8.089842024592222	-1.1220999006098429
8.014868496371992	-1.2680431424216154
8.016480812140012	-1.2684172597448256
7.79799436132706	-1.1304424918047016
8.090128580395104	-0.8797408747239135
7.759739638118871	-1.1172210798083717
7.739467274405647	-1.1046272122214065
8.106829028413978	-0.862181642528945
7.708467161073126	-1.0874902594363587
8.286809099522113	-1.0412915554611712
8.305176553569556	-1.0669768798317325
7.726833999664331	-1.2714309415492888
7.724870538906957	-1.2720524940242028
7.722715087913845	-0.90659360000627
8.339469690888693	-1.1032552192378324
7.7149109635603415	-0.9055283862021437
8.304966514870186	-1.2671819201862584
8.30600343762083	-1.2680068365936907
8.376127713372162	-1.1169038819812334
7.593941271395102	-0.8586615348078153
7.501288889498644	-1.1421745230603302
8.454476289075536	-0.8557703441570074
8.924788718881205	-1.112817770118979
8.88904434701594	-1.115424647751295
8.876910570840469	-1.0145204299033033
8.867827193449253	-0.9961258341045586
9.183701847658906	-1.1129732525763192
9.19045078678479	-1.1651454318465972
9.161227753591785	-0.9759981033666588
9.170249959143844	-0.9868966656232953
8.88415112262563	-1.2707851033760829
8.883884776768312	-1.2718719589950556
9.172234937979038	-1.2751233228168724
9.173283979967238	-1.2745845698722802
8.654594601630214	-1.1136911590364604
8.647887618951865	-1.1094194296669053
8.590135753696808	-1.0394017110028766
9.415764066911386	-1.1804417334713642
9.425936202940216	-1.1140096480882447
8.576546215633682	-1.0179283889088198
8.594855966611568	-1.2682524667411426
8.595157183876136	-1.2693552490353615
9.458280535158744	-0.9572581450511164
9.463617542200446	-0.963474169871172
9.460462745808774	-1.2788544144552076
9.461545415257353	-1.2793006934185094
10.11495777674056	-1.0624472495501096
9.881535780286532	-1.075345054635861
9.865297208691056	-1.1071721961526124
10.123291805213148	-1.0437219691675141
10.05920457987652	-0.9205026776913499
10.05624790182876	-0.9181364143438431
10.036493000267999	-1.288163849533708
10.036579856490166	-1.288236330153684
9.761441113874628	-0.9410892554642726
9.757230197339043	-0.937971724575732
9.7486460846772	-1.2832299628496155
9.748256106835557	-1.2831721349776029
9.652921405395432	-1.1032886379121618
10.324227719860499	-1.2935023138516852
10.324229067708954	-1.2935488896899376
10.372402796789011	-1.0209285877728516
9.635236388704309	-1.2121645578594875
10.374744556193498	-1.013864756449825
10.352878553030777	-0.8983344159575875
10.35706387422215	-0.899793409816329
10.902765256123184	-0.9532069804758493
10.901847308079544	-0.9515913273990794
10.899080142431595	-1.3049252312286903
10.89905016384639	-1.3049291160924608
10.936583026631913	-0.8685171488308111
10.940136595335822	-0.8640060386893627
11.173355962556009	-0.9178444551936935
11.173124361680141	-0.9120919035556128
11.186199205356175	-1.3108500464324007
11.186418155978481	-1.3110230315504796
11.227147745582856	-0.8623256446666625
11.225181093248494	-0.8567338400695581
10.635434531273871	-0.9846946783673431
10.633698327644545	-0.9865275785476237
10.651081163285152	-0.8796736553937328
10.646218261046226	-0.8809965291927242
10.611715564087017	-1.2991092798655075
10.611716704073789	-1.2991196578225759
11.442197160832766	-0.8808737803888244
11.438637709126033	-0.870864756103631
11.473444977018664	-1.3171116293706486
11.473499284631162	-1.3171305912871263
12.047591770959684	-1.3299578743128446
12.047679594724928	-1.3299444952043604
11.819801742591308	-0.8542618953791955
11.818483436939372	-0.8537622453230498
11.760603165094796	-1.3234716015619725
11.76054821538891	-1.3234561825046218
12.334639142753103	-1.3365736176049083
12.334691994918039	-1.33656965716255
11.522345702139493	-0.8594205385864293
11.51994449300234	-0.8581349379807552
12.621809024791434	-1.3433836134543047
12.62154381967926	-1.3432464338752381
0.04506768256625223	-1.5924086566371918
0.04506773027707294	-1.5924087174134525
0.04545238133307073	-1.6059471572790145
0.04546590428850762	-1.6064220336299375
0.04469653250440304	-1.5793437848682834
0.04468219168141727	-1.5788427742723827
0.04586262434517497	-1.6203828756871073
0.045862695691554954	-1.6203827289203938
0.04432545677663217	-1.5662860981702582
0.04432554263348325	-1.5662860594299046
0.046270721139882925	-1.6347430704152484
0.046283800617885035	-1.6351971828656864
0.062151024788900895	-1.6017763435879426
0.062151943793794524	-1.6017752642336045
0.06163890233358405	-1.5887517665219697
0.061629055296830805	-1.5885190418602053
0.04398532002825232	-1.5543109803375996
0.043970086344699046	-1.5537735075583443
0.06265479526618724	-1.6145664653646465
0.06266616975577069	-1.61484094823077
0.06110958303825749	-1.575333233168935
0.061110163783923345	-1.5753324849872399
0.04670213063338476	-1.6499195870568384
0.046702215697551445	-1.649919536820721
0.06315825269267565	-1.6273569151327365
0.06315871638861546	-1.6273563487113505
0.060584614076640515	-1.5620098124457082
0.060577156519326526	-1.561810491529327
0.07122796384495561	-1.5899355021262611
0.07122296010317268	-1.5898262162047565
0.0719283134337178	-1.605219300906843
0.0719283909663411	-1.6052191755694234
0.04364785661580656	-1.5424309533931886
0.043648021865494095	-1.5424308862348972
0.06363624603373556	-1.639495361300887
0.07052549503633679	-1.5746112563401071
0.07052553069518838	-1.574611308976379
0.0636488161184788	-1.6398245387158679
0.07263110193101413	-1.6205573411852399
0.0726371687724943	-1.6206918585810663
0.0600482284541648	-1.5484012406787357
0.060048380121101315	-1.548401184842326
0.04713020872010781	-1.664978973508331
0.047143238225960116	-1.6654361986023036
0.06983089475723608	-1.5594589819063056
0.04334690406221955	-1.531824577398334
0.06982643490880791	-1.559364803038068
0.04333000141287934	-1.53123797741169
0.0733426535910637	-1.6360943684778515
0.0735761945199278	-1.6361764726639314
0.06410864794624335	-1.651521833898421
0.06410936540983159	-1.651521094773794
0.08264480544234036	-1.5993316632966448
0.08277035141360349	-1.5994047195508891
0.08176471965520872	-1.582818970068075
0.08353098950572552	-1.615986954907216
0.08088786413404225	-1.566362210619734
0.0595175620880316	-1.5349298605249548
0.05950952606333214	-1.5347389316068436
0.0691349125440679	-1.5442835689142422
0.08270141075192391	-1.565633617959271
0.043051903103671255	-1.5214420242671265
0.0430522054265752	-1.52144185956847
0.06454491025639948	-1.6626333990160795
0.06456181768071304	-1.6630311087982215
0.07405125239863165	-1.6515653028386599
0.07423863888780458	-1.65173103487805
0.08442495763278272	-1.6326743701677984
0.047580402723470624	-1.6808141672268058
0.04758028266080193	-1.6808142806841548
0.08001058330560551	-1.5499351220726363
0.09522918039643692	-1.5916836419072293
0.0961821781993181	-1.6099537392267909
0.0428008478274159	-1.5125888766853204
0.09390075861881225	-1.5734597569848183
0.04278282016141633	-1.511955534426253
0.06497088654996652	-1.6734605097184658
0.058976781106889	-1.5212324365599834
0.06844078960092455	-1.529255101337323
0.08533146767617553	-1.649459478613506
1.0117766127828545	-1.5315329798876447
1.0119237737933364	-1.5310301608970793
0.8989712506691623	-1.6632902084564163
0.8989703966330562	-1.6632908136964477
1.0417614669569422	-1.448996341332192
1.0418147734396566	-1.4475393058800008
0.8340830949132967	-1.546078220290414
1.1759945283211113	-1.6198704893526945
1.1760076048586539	-1.619875201096639
0.8299121497921016	-1.5503085336469646
1.0057867512735728	-1.7785970354013758
1.0057866516770422	-1.7785970562273943
0.7940654386243811	-1.5518165954728838
0.7940616274039897	-1.5518183317851024
0.8781465477488197	-1.4247136159193887
0.8781099546443851	-1.4247311771417006
0.7035878811422867	-1.608442189052461
0.7555342889034773	-1.796795189938339
0.75553427053707	-1.7967951949792536
0.6802913043502247	-1.6192929796482347
0.6926089565779081	-1.6915838564128851
0.6926087415257018	-1.6915836681594092
1.299594816776914	-1.4593465749468353
1.2998699111510483	-1.4595707705644967
0.6921883514940308	-1.4444337459840164
0.6921874842008813	-1.4444342956736034
1.3423610004737507	-1.71979239210411
1.3423650504236138	-1.7197948918140762
0.6473283285828979	-1.691037721744657
0.6408504484462967	-1.689339404379852
0.6298867169783964	-1.5881828177044064
0.6298865704269305	-1.5881827757184273
0.5675814319642299	-1.4869456330108906
0.5675814060250033	-1.486945621545683
0.5777100196094558	-1.7983226176801665
0.5777091803016616	-1.7983210477997695
0.5411680229369076	-1.7106407070240803
0.5409250058413333	-1.710898486994314
0.504584710411903	-1.6237106923036375
0.5042036986405983	-1.623677395500124
0.5459844876350173	-1.8263977964992604
0.5061298880374494	-1.3884416149486047
0.5060139331790157	-1.3882718935802223
1.9910359202629406	-1.6422314436072156
1.9912152216929007	-1.6428095228649382
1.7646376177099294	-1.5917013755110039
1.7644895898376238	-1.5918423351366675
1.9981820740105143	-1.8420900426247568
2.1867743928397	-1.7545456315979824
2.189691587488179	-1.7565540196377052
2.040478674845332	-1.848041306313084
2.276617561055291	-1.684673622708181
2.278858274135492	-1.6825309404838404
2.339668014366031	-1.712006136278958
2.3430096502203943	-1.7104834642080649
1.5423957636760135	-1.5225643970996992
1.5423412216282413	-1.52256847621422
2.4894870597492513	-1.7962191466337987
2.489479232530547	-1.796546581538975
1.512288803749897	-1.8256331335972975
1.5123060150488012	-1.8256747250764682
3.1222174086376406	-1.6045541428098438
3.1222427667631547	-1.6041282342304999
2.853272535914839	-1.6096003523347675
2.8530824525877194	-1.6093813326382111
3.0365115360382924	-1.7757715727140737
3.025558690620812	-1.7816014487663319
2.727847375277559	-1.8153955679193574
2.724164811643628	-1.8240135967342868
3.3345061670826044	-1.758036080920185
3.3386529468898147	-1.7496446056140735
3.390540837404478	-1.6062209238485965
3.390867475746802	-1.6059195439218252
2.5840521214741523	-1.6259566588838832
2.5839818632658536	-1.626538539201359
3.9397769313971964	-1.634134319372987
3.9373907049183923	-1.637710034678806
4.056946551834294	-1.5050613321537962
4.06485560476338	-1.5005884550634436
3.9168822393413167	-1.7023287994081553
3.90906308156457	-1.7054129140533394
4.177362678894228	-1.6795038911021967
4.1841797115745285	-1.6735090331067346
4.235477389555626	-1.6973708002690315
4.252727683897642	-1.6666879653406792
3.6673353080337825	-1.582904167200401
3.6619912299491824	-1.614449694308737
3.661322226323855	-1.6151321040079263
3.6178252283238246	-1.5792040102956637
3.6282456632682782	-1.7270475870685131
3.6211003492117717	-1.7266128506488672
4.434682024886791	-1.6940477302535226
4.4377941139261425	-1.6905549236620632
4.411210365903019	-1.4147177785373115
4.431954186571777	-1.4276926268435552
4.957143526326918	-1.625117729926099
4.9408850060902525	-1.6128286490502692
5.0067140466321645	-1.7391060889500183
5.004221360442594	-1.741930825142482
5.220780681792544	-1.5615136927500595
5.227705001812145	-1.5674112955448298
4.7520513265037705	-1.7294095964060154
4.736779398155433	-1.7484129877097978
4.797808224898121	-1.3682618689897388
4.786325736723905	-1.3714095665633532
5.273804842715021	-1.7640959119485624
5.274246323833966	-1.7635635587391194
4.6832341568804585	-1.6779600503092098
4.644960008118791	-1.6786599536894022
4.5771765450105	-1.765289729740735
5.491881423789004	-1.5103432966127714
5.495431357604989	-1.512629849589422
4.505038735239464	-1.7294950605638288
6.034151103426813	-1.4159014867954531
6.035117521503108	-1.414837977085857
5.7640760298265885	-1.4615467246552032
5.762362188698226	-1.461222142792175
5.820037270894526	-1.8247413929892244
5.819997268528196	-1.8247756835295528
6.308041463415281	-1.3754965546180697
6.308834638765071	-1.3732584107978338
5.546478318231418	-1.792978026921552
5.546362003736738	-1.7931077474006263
9.491635425333751	-1.451641624150719
12.908751662558918	-1.3502057229754842
12.908605471247535	-1.3501389504101604
13.195666210251302	-1.3571458779152479
13.195693778557155	-1.3571215685546028
13.482698531113705	-1.3642273816435213
13.482680306933363	-1.3641546391297477
14.056714996484597	-1.3785743885383932
14.056818602229079	-1.378542355346829
13.769767855587764	-1.3713412082610403
13.769663369265126	-1.3713292799463865
14.343652214921434	-1.3858508959558036
14.344059791648395	-1.3858573020193965
14.918055948624273	-1.4006884323780038
14.918281174159336	-1.4005723804457095
15.20541435473935	-1.4081809816451336
15.205413414232638	-1.4080119473560944
14.631111461665139	-1.3931915571443352
14.630859940318885	-1.3932349292067898
15.492469922500419	-1.415559700327586
15.492995760256504	-1.4156528404109996
16.067441629393937	-1.4309339677342423
16.067861800944108	-1.4305360766561561
15.781442664332987	-1.423121698169784
15.778846722834706	-1.423187184670021
16.355241090129272	-1.4385460475707437
16.35528400490253	-1.4381458186038052
16.930503190644274	-1.4540109855388361
16.93119470860183	-1.4532360593409062
17.216386888234172	-1.4614139605501333
17.221361293490077	-1.4611458903065604
16.643204092092343	-1.4457836106295758
16.642775960949827	-1.4461736896716006
18.083611096761953	-1.48480557030014
18.084303411726044	-1.4838134576966315
17.795834500630114	-1.4762994181800577
17.79502577428217	-1.4769482665586984
18.37247032895429	-1.4918067728181876
18.37289892415669	-1.4921565373240575
17.507641929727413	-1.4688633936305429
17.506513707921624	-1.4690199247182636
18.95068550810108	-1.5075280816444683
18.951323176980132	-1.5069655457209763
19.240379636978254	-1.5151721239167601
19.24045756075342	-1.5146719762279495
18.662409901130772	-1.4996495073962077
18.66077533493737	-1.4996735570580013
20.10711860120495	-1.5383375505797185
20.113157750541458	-1.5375674215336668
19.82012081888916	-1.5305821191251254
19.81992477640021	-1.5300009951213656
20.394696476392344	-1.5472005578309038
20.407616832223557	-1.5436646272501011
19.530599044733012	-1.5222593084035427
19.529641703273782	-1.5229935083443762
20.98235917433401	-1.5617815988283072
20.98315328502434	-1.5605585594218754
21.272259475063297	-1.570397579450123
21.273868129926548	-1.5686706505254469
20.693034618826644	-1.5521061664093392
20.69088956084143	-1.5542095182767692
21.94142217141025	-1.56456734132624
22.165914280549238	-1.5867802632231816
22.166795663950648	-1.5829312919100478
21.785165471719086	-1.5994145123798513
21.561189921218606	-1.5805690375895591
21.560185712223998	-1.5779827820701837
22.452475821783747	-1.5968760351935671
22.457784639978904	-1.5931992913158577
23.03883999358651	-1.611182408350014
23.041683965099676	-1.6084092389010831
22.74695767713188	-1.60229400371896
22.746566884076497	-1.60390172445725
23.334190482659128	-1.6218423581296235
23.336203900855892	-1.6106557890495072
23.9283110825858	-1.6294317454100802
23.92673921861543	-1.628579176851782
24.223554813619682	-1.6361348932018869
24.226920685520753	-1.6345273256780048
23.63111713146827	-1.624661005297964
23.630082881325283	-1.6206266608784399
25.122771879049566	-1.651384273327733
25.122255035586264	-1.6572135883411978
24.82409000806514	-1.6481402578471025
24.82246427997559	-1.647762230618149
25.422785479858323	-1.6615412174183515
25.42446865598626	-1.6593572504415905
24.524466891996155	-1.6410296862950804
24.52305172967282	-1.6422797808429328
26.02984538351524	-1.6704474430157499
26.02636462470143	-1.6745534999286324
25.726304427832638	-1.6652479134715186
25.72453165603285	-1.6678073276117065
26.33205751188509	-1.674741019029271
26.331450412723783	-1.6818776528925958
26.942316870931077	-1.690498123823203
26.939932921760494	-1.6895995386390814
27.24666183752813	-1.6959156715248505
27.248882283822258	-1.6949263271669093
26.6394219354993	-1.6960880587657399
26.632221233459124	-1.672466113153418
27.86560508406999	-1.7060879956207389
27.86319200994149	-1.7051733116597474
28.168115413482052	-1.6964685316215984
28.18013154598849	-1.7253165165958095
27.55629430598271	-1.7012262177055317
27.55463844001869	-1.7000523357167305
28.48314340182222	-1.7129037397536253
28.486079232038588	-1.7195464009203976
29.109007844201283	-1.7240028210344533
29.11277373680437	-1.7256794350679603
28.798466739664054	-1.7221540590620934
28.795786322549503	-1.719118532716053
29.425446540622637	-1.7265553402422327
29.426724138859395	-1.7309941666243387
30.057674365278466	-1.739369594091506
30.062210761802483	-1.7383786039856783
29.741083710892795	-1.7274544598570598
29.744536037400277	-1.736149420921115
30.378865933131472	-1.742670453888366
30.380428027395773	-1.740337060220819
31.020478122963677	-1.7465615797010816
31.02524824693406	-1.7481502123682058
30.700956844118597	-1.7448513413997764
30.69981797239993	-1.7444596991931847
31.342719388701163	-1.7446818264465476
31.351496157588365	-1.7534829155451002
0.05941342569362984	-2.0971577298046222
0.05939914667879573	-2.0966856174294954
0.05995010389266415	-2.1160630729355456
0.05995017756427036	-2.1160629485910682
0.05886078409899124	-2.0777293396041396
0.05886114286881639	-2.0777290822068615
0.06048467724533186	-2.1348750165554993
0.060498863161616234	-2.1353789567257904
0.0699686572380179	-2.0884722230648514
0.06995126549246412	-2.08796326465676
0.07064568517652474	-2.1085782014113827
0.07064605378617853	-2.1085778782354296
0.05832182101291914	-2.058754501214231
0.05830796213149871	-2.0582667563793295
0.0692833684254369	-2.0681366047182985
0.06928350269061961	-2.068136499782893
0.07133176137151892	-2.1289482480611173
0.07134967810291112	-2.129460368247267
0.06103017410534559	-2.154085190775649
0.061030578930917984	-2.154084902069295
0.08175811491282638	-2.0985151122451153
0.0817586937456905	-2.098514795549806
0.08128074819346137	-2.086326670900568
0.08124647189408302	-2.085454760785353
0.08228691738976425	-2.1120015905495593
0.08231904738475145	-2.1128091196733307
0.05776855488183847	-2.039289901722978
0.057768920123766374	-2.0392896072518156
0.08082454226398861	-2.0747148530440214
0.08082684087732749	-2.0747134834301177
0.06862571148300546	-2.0486087818225256
0.06860776402625635	-2.048086556542213
0.08289129133041395	-2.12741155683155
0.0828916002271106	-2.127411428104135
0.08047020642749693	-2.0656330911398277
0.07204393010427708	-2.1500837917933864
0.07204420667129385	-2.1500835499900104
0.08043351316659453	-2.064708041722679
0.0801500417886421	-2.0574706375585152
0.08015056704702882	-2.0574706675534946
0.0799461564119861	-2.0522494383560868
0.07990929318490267	-2.0513191793574492
0.08350397514606925	-2.143027636150671
0.08353294020303619	-2.143767611878979
0.07979065149697163	-2.0482877754854356
0.07979368413288553	-2.048285789315642
0.061557353216594016	-2.172625217095444
0.06157294419427458	-2.1731919714948735
0.07974529592821608	-2.0471234868274593
0.0572296836851446	-2.020321328061971
0.06795990354467113	-2.0288659619664595
0.06796081842226999	-2.0288650194584363
0.05721660723237969	-2.019856890300069
0.07274662113958262	-2.170946462979155
0.07276429042042024	-2.1714596695996993
0.08417947670662508	-2.160255136404726
0.08417988834646471	-2.160254721196485
0.10882077225804108	-2.0921143412959124
0.10890993953920139	-2.0923218484044805
0.10974156356220156	-2.1102131028822386
0.06209542964967892	-2.191565773685327
0.06209495745213734	-2.191566121806064
0.10783596053371852	-2.0741550474909327
0.06732392841412115	-2.0099747034995876
0.06730577093027193	-2.00943475445
0.05667841961690369	-2.0009296827132075
0.05667900001283155	-2.0009290684077103
0.11068119197454639	-2.1279315159455665
0.08485784954016226	-2.177542864263737
0.0848850396311527	-2.178232822830787
0.1068694620634528	-2.0558662832473567
0.07347453355634292	-2.1925491962830925
0.073546954666945	-2.192709712841783
0.11161400720625902	-2.1456212321399923
0.10594807235730981	-2.0377788489879
0.12153038593304809	-2.1288362656379887
0.06261286785660358	-2.209772728356534
0.0626262621293828	-2.210275434253006
0.0666807507478843	-1.9908821032438193
0.12787469851353309	-2.1112402135162687
0.9444089320257281	-2.120540064590955
0.9444089300556625	-2.1205400624481436
1.0072188245627585	-2.2304687273422785
1.0072188497141796	-2.230468771666571
0.8815022005104755	-2.0115003502982436
0.8815021855401199	-2.0115003257012365
1.1137169393042017	-1.8971845915857446
1.1137169470276032	-1.897184584553273
1.2222703753556283	-2.0185359434521244
1.222270386732024	-2.0185359730891155
1.0699177487674207	-2.3411494791810883
1.069917749516164	-2.3411494824641976
0.8185270678715546	-1.9035171102247261
0.8185270638764804	-1.903517110473529
0.7594765324462305	-2.244720357705244
0.7594765319692639	-2.2447203583027493
0.7232547942748794	-2.154608521287838
0.7232547573176776	-2.1546084252377993
0.7956359319973033	-2.3351460086654647
0.7956359940727102	-2.3351461618512332
0.6869679215663025	-2.0648546263806735
0.6869679199620131	-2.0648546306206796
1.3311270716863748	-2.1421969824644296
1.331127113009074	-2.1421969190540384
0.6506142322022253	-1.975511446255009
0.6506142092727785	-1.9755113895580947
0.5817570739945632	-2.2283694755270123
0.5817556130378221	-2.2283684851709142
0.6141936790145934	-1.886641733571064
0.6141928613172829	-1.886642019167392
0.5601563055135391	-2.155881436996176
0.5601561667083772	-2.1558811523963506
1.3952561696074635	-1.896922520675456
0.6033303048814854	-2.301003106667361
0.6033304327985656	-2.3010035054666753
0.5385259416025496	-2.08355422192191
1.4400809944670248	-2.2677823474421115
1.4400811089932075	-2.267782333531515
1.414647162727402	-1.8743242963057303
0.5168643568756612	-2.0114061682217055
2.034554559940795	-2.168658774189874
2.0346071803361285	-2.168652553980081
1.9386928482070986	-2.0122373081240577
1.8593386254076518	-2.050824682466029
1.858969836250333	-2.050677565666746
1.8816209040091945	-2.2049075496007946
1.9021078075761795	-2.2813064976370274
1.872228697031116	-1.9086793169760903
2.2108310586215523	-2.2895393705093237
2.210838877290308	-2.289533681941193
1.684902189864326	-1.9358757103840578
1.684558113241474	-1.9362967004714915
1.691721893323816	-1.893553228748913
1.6748771973131464	-1.9183512476524018
2.3750423964141882	-1.8735762208464706
2.402735910433483	-1.8591704319443993
2.9357589974286027	-1.9580177190032606
2.935784788804018	-1.958005131368741
3.171330811449628	-2.0371731472349945
3.171364325590298	-2.037179280420639
2.705753014791361	-1.878914902095523
2.705754422134201	-1.8788808878085541
3.4101376505913983	-2.1178163203593625
3.410156990586226	-2.117847100110059
3.8936304256932357	-2.2849919138205035
3.893599630368834	-2.285009332430348
3.651121744601343	-2.2003949142386725
3.6511125451705615	-2.200429885078283
4.6776013096634115	-2.253351772666362
6.094255955264075	-1.8578579503324084
6.0942670092197915	-1.857844343844147
6.369062206886015	-1.8919049498570166
6.369065601506268	-1.8918997826602706
6.920226609160577	-1.9622918389592874
6.920224297999741	-1.9622922008866197
7.196508220322375	-1.9984972145015547
7.1965124045780735	-1.9984981093330076
6.644397241198188	-1.9267423503009715
6.644395419788529	-1.9267442128317378
7.473206319175911	-2.035321225494612
7.4732085743881465	-2.035320712617974
8.027672624921278	-2.110686619343678
8.027672800884703	-2.110688552992392
7.750275203721964	-2.0727275777026395
7.750274072209519	-2.0727282943713172
8.305365765840683	-2.1491697598289776
8.305366460107876	-2.1491726874545423
8.861529483208546	-2.2276080914047616
8.861499841792067	-2.2276025603179983
9.139910891884002	-2.26750831394497
9.13992092237282	-2.2675065959071103
8.583328174036641	-2.1881537558430892
8.58331768272324	-2.188150492722201
9.41850123732463	-2.307836526308532
9.418506880052448	-2.307836662173595
9.697258330219293	-2.3485696656558295
9.697259680616789	-2.3485745935744293
