-0.7162430496867689	-0.7351994704492079
-0.7231372491405368	-0.7442099841539308
-0.709017607546994	-0.7288732090049632
-0.7016728162487953	-0.7206448605781425
-0.6893253463820186	-0.7107813342952034
-0.685980320551643	-0.7084553993863782
-0.6804661295981338	-0.7003624605094576
-0.6686347324285395	-0.6862622210882541
-0.6618439375096401	-0.6779529518516489
-0.6489516032795859	-0.665742785227295
-0.6840369542656318	-0.7350488629920563
-0.6398691506345723	-0.6623953287327634
-0.656348184117852	-0.6954849566082679
-0.6343191224154094	-0.6549489996416962
-0.6199407212477404	-0.6407511838709098
-0.6231659351245985	-0.6510897414364311
-0.6427255413407865	-0.7003998684961776
-0.60953144323347	-0.6266122001484724
-0.6067596679447557	-0.6345064098113523
-0.5949731434281293	-0.6182239178579537
-0.590101554124355	-0.6037793726703871
-0.5747689327416062	-0.5880988720744005
-0.5743610102880223	-0.6085226901550465
-0.6039860975674828	-0.7106033513626306
-0.560179133479065	-0.5905448500561699
-0.5565512420938314	-0.5708965441930219
-0.5405318122348772	-0.555147462772337
-0.5297633856603805	-0.5673035368977929
-0.5213081885551762	-0.542610274841103
-0.509771743129732	-0.5206483742431841
-0.5435445565079076	-0.6936584270109344
-0.5059190851691401	-0.5573258409807837
0.02302684489825445	-0.4036079271981554
0.08993800383534227	-0.5898639549925526
0.1277998617415922	-0.4865968810833328
0.07707350597585155	-0.60436412746063
0.13015732601881472	-0.4862763161987548
0.08662124753746944	-0.38869913368159625
0.092839017409331	-0.3872433316400826
-0.15011481544215266	-0.45223856028919324
0.10228734913868212	-0.6295969087464497
0.06637328254620581	-0.6596367656728668
0.06789013951033968	-0.6639969537735472
0.16240262113683612	-0.5805034408571905
0.16327259787035256	-0.5805871255075001
0.03674518422778305	-0.29324794839244744
0.04854332993115427	-0.2866787106590193
-0.19870954097372287	-0.5915831016643059
-0.23637184507088377	-0.4188818529702101
0.20947158130342322	-0.35461757776484304
0.2476577845103298	-0.4357939908362234
0.2490303110932467	-0.4386158866880934
0.19560876725604093	-0.6710655308130403
0.1959862631048629	-0.6710011370627298
0.20943184306637444	-0.3453166109821175
-0.2799681663398674	-0.4526798377397706
-0.2426649066490915	-0.3468011220054338
-0.2426646377748017	-0.34680039393634554
0.2880643456423232	-0.5191668991916906
0.2880212114150611	-0.5202152528836141
-0.2839127297835032	-0.4455312942012231
-0.2841318522882371	-0.4458374270750843
-0.1784088865753081	-0.27114427148360143
-0.17836617375304	-0.2711093978180157
0.1829348649459965	-0.26538185920265667
-0.210886394213821	-0.27641538846107183
-0.28203111784021606	-0.36853531727960775
-0.25640727531764185	-0.31873512323054937
0.30073625218548666	-0.39994966113309094
-0.31151123935877467	-0.43314676302269844
0.2794291087866026	-0.3413034918208726
-0.23415323983830938	-0.2798733657291988
-0.21633457889758084	-0.2545078295814406
-0.2848995396741217	-0.33633190208215635
-0.26677363881723576	-0.3076152434351886
-0.24884717765482625	-0.28260275777288824
-0.30561835436034224	-0.370458541109154
0.3042957334917812	-0.3630713264152559
-0.2591783270812093	-0.2871492215123025
-0.2327256960545931	-0.25768839917746833
-0.33067313794559433	-0.5635478960173814
-0.33048250804055207	-0.5651927439766281
-0.3283128671087259	-0.41172471825958173
-0.30269760051561206	-0.3436929780251417
0.3280970700949521	-0.6001076013577457
0.32813648772869136	-0.6006555686720226
-0.34598570741126516	-0.5170017988076194
-0.34640938428905904	-0.5180164028488596
-0.29565291152608947	-0.3175335938515763
-0.32340026851514414	-0.365035842810549
-0.33926746905278404	-0.39296341493942993
-0.353761148840864	-0.46199352619838646
-0.35691735391536045	-0.4251632532909939
0.3647683480692262	-0.45937609876973107
0.6493909209468417	-0.7400230103144587
0.6456581265724404	-0.7365619316602737
0.6151698722580612	-0.7051918798038788
0.6112254604450494	-0.7060160631258554
0.5538865614876418	-0.5950413442559966
0.5455550329895391	-0.6077071796840785
0.5746528651988065	-0.7358634600881657
0.5746026211086933	-0.7359804830436422
0.5270174621999889	-0.6656223816960815
0.5264070615891658	-0.6658467153931191
5.126265809221913	-0.46398379702701076
7.295260518233057	-0.4185368938507639
8.893072485120253	-0.48917797936746615
9.61741235268959	-0.3945443012751422
10.854546804048281	-0.46074223102825573
11.97486262787123	-0.385325216918027
12.95026024096229	-0.43985413792576433
12.796026070796703	-0.4910955557894906
14.306273859183673	-0.3968979364384175
-0.9729269608199225	-1.0252960529073094
-0.9729269251497474	-1.0252960246598608
-0.9646737851514952	-1.0156328341168226
-0.964552311005668	-1.0154908676631764
-0.9813590155668637	-1.0351980769407265
-0.9814795178959468	-1.0353398303555057
-0.9641391014586421	-1.0224638392394119
-0.9640739558679964	-1.0223859936963458
-0.973294085070914	-1.0334245584333037
-0.9732940661984486	-1.0334245471764525
-0.9564893832483488	-1.0060778509477617
-0.9564891450845154	-1.0060776169012808
-0.9550464286107728	-1.0116178118535055
-0.955046392655049	-1.0116177851382016
-0.9900806065086115	-1.0454718725791359
-0.9900806751627345	-1.0454719300973043
-0.9601873773044638	-1.0258163181414177
-0.9601418894401152	-1.0257607817038201
-0.9825811939777787	-1.0445855606507637
-0.9826395491787756	-1.0446558781673345
-0.9698541927005728	-1.0376542426206865
-0.9698542068300401	-1.0376542606061196
-0.9506180913441667	-1.014149576220308
-0.9506180547980658	-1.0141495472963205
-0.9486386270796753	-0.996937960297484
-0.9485009750299471	-0.9967778910138527
-0.9560020634785558	-1.0296866871320554
-0.9560019656628783	-1.0296865843653278
-0.9796689177414105	-1.0497280250920293
-0.9797115819307767	-1.0497806427465959
-0.9461512351574028	-1.0010453707975413
-0.9460739898336946	-1.0009537431794224
-0.9662925982102256	-1.0426063261993868
-0.9663285040289767	-1.0426515418294202
-0.9988447264947924	-1.0558287349296622
-0.998962237938937	-1.055967831660188
-0.9920570571443117	-1.0560179306205693
-0.9920570467710836	-1.056017931080104
-0.9458846738610692	-1.0170519373159
-0.9458486701266091	-1.0170070746736077
-0.9412334773315381	-1.0027570227636797
-0.9411888895344924	-1.002703002514546
-0.9499620876759118	-1.0322486516269653
-0.9408726348189661	-0.9879209433676802
-0.9408723009128787	-0.9879205761475167
-0.9767971523132873	-1.0558676257046269
-0.9610087484608882	-1.0464977859751894
-0.9610506524005503	-1.0465520764115843
-0.9896764329491894	-1.062096901027879
-0.9373044838154506	-0.9905671516271896
-0.9373042683925138	-0.990567119021078
-0.9893528272168236	-1.0625994864903359
-0.9391195823356081	-1.0183597462575131
-0.9390864327362909	-1.0183107148154051
-0.9358998068449409	-1.0046468885600863
-1.0078816727400124	-1.0665432249760958
-1.0078820188964497	-1.0665435478447787
-0.9525033486821514	-1.0474676248230208
-0.9723120540676001	-1.0611812701787506
-0.9407527335658041	-1.0319283828013848
-0.9406008297363864	-1.0317977743737439
-1.0016061116217052	-1.067584856923744
-1.001665840372175	-1.0676573581629902
-0.9748514521393691	-1.0632998846400608
-0.9319407633419085	-0.9915230010489698
-0.9334972732022835	-0.9793795521777079
-0.9333400749079147	-0.9791977289558023
-1.016379016505241	-1.0680488143481712
-0.9874582506851364	-1.0694025820188997
-1.0169362796971824	-1.0686974032722956
-1.0169381492414822	-1.0686987088467126
-0.9622076926924512	-1.06045778269722
-0.9284543364771461	-1.004771079969333
-0.9862223237255776	-1.0712585248348636
-1.018431396710147	-1.0704362271865187
-0.929071990965054	-1.016501015956039
-1.018782771506126	-1.0708452009341134
-0.9286569133745621	-0.9803572954012577
-0.9285804396177274	-0.9802774505174182
-0.9260809270750509	-0.9925043702689257
0.9904202003920881	-1.073234859727439
0.9904832706831888	-1.0732618739319357
0.9127874436592218	-1.0155154831095852
0.9127765314160938	-1.0155681191353514
0.9531861258130319	-1.0910747602939566
0.9531590004415578	-1.0911228406928255
0.9072331816289343	-1.0480881955002255
0.9069670358087624	-1.0484158381017559
1.0549418475797878	-1.1192588742491631
1.0546740705026179	-1.1194672799345926
0.8567212485439094	-0.9463888340293383
1.0003050884944342	-1.1533357444990366
1.0002608194947435	-1.1533531634731433
0.8561503618682431	-0.9466337492971064
0.8294849191434983	-0.9859113367238794
0.8286261315456878	-0.9858812587099454
0.9919678256888959	-1.2049631383512074
0.9924275455834716	-1.2050634326284828
0.8011991703675598	-0.9429637756724922
0.7994090020890894	-0.9409851535780501
1.1222162960702566	-1.1795737444322105
1.1223240405215889	-1.1797396984637623
0.7989336663885241	-1.0863272975275269
0.7989045074942275	-1.08635857020501
0.9290849797201444	-1.2100305198974675
0.9291549429168391	-1.210245093646484
1.047590053979926	-1.2197388634085593
1.0475774168683374	-1.2198325513548143
0.8410105701705354	-1.1592106320512183
0.8409645567089646	-1.159341661920709
0.8000106607077767	-0.889322043299993
0.7998385514904944	-0.8891399343505083
0.8875950127495328	-0.7941059069964593
0.7562799099228193	-1.0151493086966483
0.7562620902067252	-1.0151694639148965
0.8842828598617343	-0.7796583204991291
0.741386712159992	-0.9978182893147911
0.7403963359163231	-0.9966105383708004
0.8848441394969232	-1.2382736728830945
0.8849502139746737	-1.2386020254401633
1.2482120626357398	-0.8807846182276549
1.250414073961092	-0.8742787332113251
0.8409057103322055	-1.2379912209681463
0.8410142235463232	-1.238340937956036
0.7128471781550019	-0.9446779146044252
0.7128379310209798	-0.9447233883173689
0.7485153978889608	-0.8327669770029071
0.7476714200178665	-0.8315120933677859
1.1842123554271047	-1.2411701885208288
1.1841406179178442	-1.2412544927675944
0.6519296733860286	-1.0164981653008853
0.6516271383626882	-1.0146866953088354
0.6683280340023803	-0.8746288544796216
0.6682761891709907	-0.8747053877765723
0.6111584044092941	-1.016847968975845
0.6664681074395953	-0.7965525561119109
0.6644257060654852	-0.7995066580494437
3.0892286573611267	-1.190333700256987
3.0888802303738614	-1.1906748136883238
2.7180645025260235	-1.1395823858244827
2.717713650342133	-1.1396015267730013
3.4613647482719383	-1.2375856417687718
3.4614340413276614	-1.2379067117327156
20.78019645090703	-1.1246721712444685
20.849061275378862	-1.2186747172715813
23.170668913915275	-1.0314253637909547
23.02085340535693	-1.1995704682290294
23.166570992474757	-1.1247874327816927
23.01268525321867	-1.2109533773288195
23.21425250360296	-1.0221627612500084
23.183494935761043	-1.1528494968269523
23.261418663469215	-1.0862254008902659
22.714466281669367	-1.1407530588578094
23.35777259152519	-1.1634333655697398
23.35851146084299	-1.2394693497189029
23.444299800169873	-1.152563178512263
23.422928620061846	-1.2232998673873006
24.966001430021386	-1.0015116773211807
25.04026271840275	-1.0234557074862243
25.02508065973397	-0.95229889577245
25.0431632118308	-1.0723034927391755
25.05850543432538	-1.0919968502153612
25.10433147743964	-0.9649841821283746
25.124442345010248	-0.9856793430116757
25.175199340150314	-0.9552096540182382
24.82110361551452	-1.0269266833357331
25.168648432261715	-1.1433650300180864
24.8016899768957	-1.135617023163547
25.251944604489285	-1.0471157100822175
24.77769603634004	-1.1475323903886687
24.776447375095394	-1.1705212720948275
25.270990011963807	-1.120020071367149
24.795663895981164	-1.23102610548146
25.262794957556622	-1.1662516561085543
24.7063926981354	-1.1744355921443397
25.32338990414288	-1.1851362573185025
25.383834523051295	-1.1545197806097305
24.583105623954776	-1.2392078844353214
26.924321376415584	-0.9422006960436946
27.06916258360975	-0.9292737697004853
27.077633210047335	-0.9322651599786137
26.885621135282605	-0.9743440225784173
27.052249527300646	-1.1148160387939157
26.86026195999653	-0.9074618826783326
26.835597682153754	-0.9222517797077917
27.202747081416103	-1.0083330263703425
27.017524510704927	-1.2110366709742275
26.991729489795414	-1.2325366994868123
27.042582003466066	-1.2467989123606458
26.741447452668254	-1.0252803112531597
26.73903747805856	-1.0029810235246701
26.80362465345879	-1.202230368609038
26.715504479929844	-0.9213035142267982
26.69886632004472	-0.90443838531386
27.37224526323347	-1.0504267836594263
26.62996598486255	-1.077388330712258
27.444650771371883	-1.011895824335813
26.58386942639236	-1.1686192707518746
27.434214359950403	-1.16073412739826
26.569924911435418	-1.1844792119862315
27.467948386881833	-0.9545153553665042
26.563561682897824	-1.218751951625807
27.44411036134381	-1.2241280527065228
27.454181866183486	-1.2338019223344996
29.016267698675257	-0.9651496897929479
29.033012309513484	-0.9266675780120177
29.043827185866924	-0.9056421001685913
28.872604251249243	-0.9368896708764012
29.153453319661224	-1.0758004375574028
29.167113897610438	-1.1169373131621205
28.817093941139113	-1.0924010569219944
28.798348996079373	-0.9494141539378546
29.162992374836968	-0.839975258264515
29.169268346043847	-0.8434078636481024
29.072818112605134	-1.2267589903257619
29.027380217483532	-1.243328350797769
29.223185276946314	-0.8759973483364838
29.26997825823743	-1.0151383328444454
28.76930353502214	-1.145465955998013
29.253334850646347	-0.8798705262183313
29.149594445942675	-1.2415987994999076
29.236659454375243	-0.8383929724521576
29.325703219493878	-1.045311713887541
28.748243982353433	-1.2486955439707164
28.65662038951511	-1.1196976791463846
28.632758716787837	-1.158700013777152
29.4072700005893	-0.952371294150304
29.35211182981332	-1.2481201130512838
28.567388609456977	-1.0400940082284362
28.557961904585046	-0.9180970224532795
28.557177744074433	-1.1349100592127566
28.514335396914838	-0.8657315757559163
28.50710157579875	-0.8812092735222682
30.938171601601873	-1.0374388362548568
30.948650929349416	-0.9261294891685818
31.043277333356684	-1.1061047518557066
30.988049117562785	-1.1573617596237427
31.17035721927034	-1.036329798749697
31.039088398353464	-0.8281507551936995
30.838457761894766	-1.1009077933885245
30.835265369418106	-1.118550540400803
31.11701010351392	-1.1767548134478292
30.87617721515823	-1.194674957131881
30.767502288162863	-0.991618006053288
31.1624341720222	-1.1760619698442356
31.1768485743014	-0.8256335151006575
31.209153649340827	-1.14882952736629
30.77097166903772	-1.1478853759802334
30.762675844008104	-0.8327890460613615
30.80309318319676	-1.2255048848366819
31.302829543222014	-1.0647845335205193
31.19031102641829	-1.2487969230524576
31.30464226690916	-0.9258348327906184
30.703987349537677	-0.8950431788362121
31.239736285522195	-1.22202296414465
30.666196395130328	-0.9140814450251591
31.308348837641763	-1.1781008190159488
31.34544675173785	-0.909614043221327
30.69419906664873	-0.7809976879266755
31.306140176711097	-0.7624844118703653
31.37811290838068	-0.9011697103264883
31.41060677668186	-0.9779482769496899
30.583759418630063	-1.0487215100913851
30.583017435307937	-0.9293775923121343
31.363546391447894	-1.248506649219798
30.580638187816415	-0.7832586507047339
30.52328489972351	-0.9383495569026511
31.46422876531303	-0.8560519920440303
30.577382081285617	-0.7595258878111265
31.45772285603233	-1.2121068984717853
30.510408458760036	-0.8086989143206159
31.47123468537848	-1.2357267586422944
32.92975195658807	-0.9755567770473316
32.916217206100754	-1.0171032439356236
33.08763360473114	-1.0273864676673516
32.99444746243246	-1.0924906760271025
33.09294690382821	-0.9173613340297414
33.15768128332141	-0.9411414267043521
33.12553162554093	-1.1179256213350681
33.027184779320294	-1.176749639941901
33.13281722035869	-0.8730100553789639
33.176832209404616	-1.0643191710075686
33.08358244511465	-0.8301798349247098
32.830852407724095	-0.8930691765763351
32.9962511855792	-1.2037207003518517
33.187119198526375	-0.9191334294216249
32.8001763230465	-0.9475102457408595
33.118320182349755	-1.1750398582102326
32.960219707349935	-1.2088247277312767
32.811675001900106	-0.8974531384244605
32.786643272120436	-1.0545590545971277
32.77536473823292	-0.950795355157763
32.87274815753611	-1.192363376303571
32.82365086252729	-0.8463258937620223
32.92269969673613	-1.2217059115186295
32.792259207872604	-1.1430706246336562
33.174550121206224	-1.1821157081049638
33.261813895626624	-1.0395485637572905
32.7891113554299	-1.1680350710082215
33.27122032828151	-0.9058447192818561
32.70835561439773	-1.1247909274572168
33.33349817207477	-1.1213474025357948
32.7044590567929	-1.21064668019619
32.6775222203297	-0.794543832321398
33.37971675904518	-1.0762972483046023
33.3480818082248	-1.188845400772755
32.61989786656576	-1.1601142529063853
33.39938671950187	-1.1214686691889177
33.396075252955015	-1.1326900917723692
33.39649397914021	-0.8676957854385972
32.612566464358615	-1.19913815800802
32.602733173403166	-0.8191577196233407
33.41407209413153	-0.8597679072519695
33.41957838039342	-1.1488795392374087
33.403292987180684	-1.1900694968369445
32.5654478100046	-1.1476565506825231
33.46326674486191	-0.9739466641311104
32.58414420137347	-1.2336495144682995
33.47372868499828	-1.1020059833035203
32.52409924421834	-0.8815967596779304
33.48121364816475	-1.1663234490486352
32.53679792909758	-1.2346632816089427
34.993545998165416	-0.9939803884445487
35.00553541666734	-1.0392679808520273
35.076819944584635	-1.0217067343045478
35.091485988971925	-1.0555569303488512
35.04440948542934	-1.0976564509982523
34.93159335070442	-1.0828375010042934
35.11380034191294	-0.9975748661611856
34.89557831740645	-1.1056777020735256
35.14209290241704	-1.0440523785746518
34.863955038661494	-1.0761504472925103
35.17267265135288	-1.0249500507793043
35.1264481557673	-1.1351395017150114
35.186640230360005	-0.9052913652478184
34.85596513789348	-1.1616744061862956
35.200967013920284	-1.09042930978842
34.91916444377867	-0.7872085681473477
35.23649766903917	-0.9644798679127701
34.75577298048152	-0.998156367539932
34.76102261888164	-1.0629808969650134
34.75437836287648	-1.0284497865011921
34.82396841313163	-1.1764991199704788
35.249252607503905	-0.9780559519651126
35.248459833101016	-0.9248925946524976
35.17463066303229	-0.8055405635077195
34.732713357971456	-1.0287776345146795
34.71370284945951	-0.9930781716927203
35.249397563960684	-0.8393559493973038
34.72362455712615	-0.8786702495597962
34.710782965871786	-1.137785138959783
35.27196108881324	-1.176136932805281
35.32402595701876	-0.9809812730318485
34.68551438089025	-1.1083058718322352
34.70942157182451	-1.194405573677016
35.3265517153655	-1.1274625709565778
34.64860223435355	-1.0153927521570771
34.68680585116729	-0.8197365504938826
34.6886898144898	-0.79535487315285
34.63760757931736	-1.09886574486454
35.386562753760714	-1.0022997016019815
34.64776432051782	-0.8359074268070421
34.628119546889124	-1.1360043336341754
34.65107351161943	-1.1902340980740538
35.40002384521937	-1.0160958695319366
35.40413264921375	-1.0574435023211926
34.59463431909769	-1.0926375951406082
35.416811670316704	-1.1101596735623773
35.4385055915316	-1.0292199970096714
35.43876895046034	-0.92533825383445
35.432673544480856	-1.14918573363248
34.56417220485867	-0.8567716624943652
34.54115621338342	-1.0348847235273697
35.47931133345134	-1.0718238076799156
34.51464964218157	-1.046047504715513
35.496128360080746	-1.1427328518922009
35.4656182974393	-1.2475262327536416
37.007462020070534	-0.97254458650846
36.96994346287764	-0.9833334466719709
37.0535069600234	-1.0198575417706868
36.95559505721037	-0.9418180601552173
36.92381011939729	-1.0496642485148053
37.07388552454193	-0.9317705074560828
37.100827958736886	-0.9959954917440575
37.05537502917433	-1.0980708281785239
37.122936251201935	-1.048922357196712
36.873023682804984	-0.9504962216684503
37.136264127823196	-0.9696142207058079
37.02118300446706	-0.854077820591485
36.96684810846501	-0.8527298604677593
36.94926321490309	-1.1544031772511245
37.09467363930015	-0.8656682445399876
37.17463807897816	-0.9432252636083912
37.16932742809696	-0.9070987937903374
36.872721987458696	-0.8327764890776885
36.78729992237777	-0.9537356651745954
37.10465831101799	-0.8078303253965482
36.77976464224867	-0.9846216973239547
36.99528991065732	-0.7756696942491517
36.76755779781325	-1.0160816817401985
36.76904543937348	-0.9419618468226413
36.756468803169604	-0.9573665141789856
36.825598322346686	-0.7911720142368098
37.27285932740545	-0.9698505533943528
36.733647107196276	-1.0802906547102122
36.7422451883831	-1.108659101436101
36.71121177893801	-0.9808101846986618
37.30099544889142	-1.0602700463596566
37.28805977267708	-0.8637618569185006
37.34810761440451	-0.9950187548121299
36.678167007408206	-0.8150524709684416
36.648976825211314	-0.8505607162342248
37.38250170483545	-0.9667895649462275
37.385356584032294	-1.0585082453393804
37.386510760828834	-0.9179262286690723
37.376688791469	-0.8399869843010636
37.39923037158452	-0.8587035162987238
37.412894020616186	-1.114266966949004
36.57120208426966	-0.9837899287668602
36.568392306357985	-0.8645456462004497
36.545457281836086	-0.8969268980129845
36.55422440121103	-1.160139537653026
36.52633228812091	-0.9905964762545547
36.517289055748165	-0.9463944024547766
37.480899127871524	-1.0818143127242992
36.51944715119629	-1.1221387461892447
37.459132251143444	-0.7885031701372394
37.49039376766773	-0.8566844333010768
37.495348658333086	-1.1325023435379356
36.503956247636474	-1.2247098952515858
39.03863198152549	-0.9408993175266993
38.98274675106053	-1.0854615771071412
39.08678632408563	-1.0435114973825725
38.92762427354952	-0.9295676603933518
39.082916809686814	-0.9408770282308659
39.01119904202937	-0.8849893294186869
38.84746082480256	-0.9917352099443658
39.02689308254755	-0.845203274847729
39.127695080046735	-1.0944683139514704
39.18923562649356	-1.0002057030209879
38.81083019743567	-0.9544387941289137
38.81757439874989	-0.9171896963512874
39.17048218789972	-0.8782659705362272
39.19616151288285	-0.9107233114991774
38.92270372274102	-0.7946704092032792
38.98985172451046	-1.2246155878216858
38.80173189297077	-1.1209063678255815
39.14440204015992	-1.184140052347426
39.226756087434595	-1.0825832830270175
38.87083326468175	-0.7914104516923963
39.0883600278902	-0.7649703629627599
38.73506173732926	-1.057406724144918
38.724231018865474	-1.0332991157679818
38.796620472172464	-1.1948648002851894
38.76170548676821	-0.8425158797265869
39.29700476378748	-0.9446042114254817
38.75728170996057	-0.7997942752500277
39.22346375230132	-0.7755562844513546
39.31902482355796	-1.1334202632154748
39.25860524198578	-0.7670437605155283
38.64156101188951	-1.0489752097221006
39.3441824283609	-0.8783670754523573
39.28749568572225	-1.2401028471542812
39.32866763092197	-0.7988962945206965
39.37524654051266	-0.8440078190618258
38.625987062205006	-0.8227151315033934
39.429371020680826	-0.959160242376389
38.57988540640921	-0.8751491470126631
39.44816475640926	-1.0052171710034
39.45596005080902	-1.0800242097013253
39.42626096853025	-1.2231740937247384
39.46312157231207	-0.8656874041153255
38.50699337626952	-1.0307716715600874
38.5073015072206	-0.9589150086145851
38.533244450652674	-0.833147736970565
39.48071094974256	-0.8756140945474546
38.535702966305536	-0.7683123822302963
38.50138646570864	-1.1702513015280265
40.92081506458649	-1.0135336476698447
41.09876433905031	-0.9237693613881323
41.12241845367466	-1.0375882710427402
40.884650499528924	-0.9384299548023346
40.952156721840915	-0.8765465588864528
40.85220802529768	-0.9308103319483382
41.04187887920917	-0.8296242385222568
40.923360220817855	-0.8371494458578559
41.06135178883355	-1.178174111831598
41.15744904065246	-1.142772767303802
41.19459621077848	-0.9097873594121562
41.04888483977528	-0.7897611521576562
40.796784077957284	-1.1093094501525942
40.992505924942655	-0.7652960454054692
41.222067461344736	-1.0879148230083637
40.87595044622053	-0.7881646433079657
41.13484120646057	-1.2092736003182405
41.086469215991166	-0.752197258650932
40.85242842572449	-0.7781563630745293
41.203926980309035	-0.8270101763649196
40.74387320108625	-0.9163426508302889
41.26486185631881	-0.9260822488467321
40.75093545486731	-0.8479709431985923
40.76996306617102	-1.180671561229597
41.31767095857022	-1.0138286273918105
41.28004897290778	-0.8433789837171306
40.70758951676924	-0.8426226744851301
40.746761930263915	-0.7843244267357169
41.24413294945247	-0.7660763002865096
41.35336946642394	-0.9771688550283933
41.36380206994893	-1.0608725894464306
40.608791649390945	-0.9426462699372553
40.63933341326717	-0.8125585267851934
40.6434551362075	-1.198020221049619
41.42561226154816	-1.048783841470473
41.41051680591194	-1.131126804208488
41.415729066419736	-0.8533571407555927
40.55075199448478	-0.9635840119367844
40.55139919333622	-0.9395581171482797
40.57715540157784	-0.8012466578528402
41.4185816580562	-0.7688087654793709
41.471694990929734	-0.8681328144233721
40.513431066238965	-1.1134437598900482
41.43786522170844	-0.7551510665452623
40.508005211539846	-0.8220127326916136
42.94633868456588	-0.9507373239171292
42.906643445631104	-1.0778940556065448
43.036983786560484	-1.119513142629804
42.866949648063866	-1.0288844078263755
42.890853543269486	-0.9159423368566996
43.113093953518714	-0.9186073353508201
43.15303345040338	-0.9659789629549714
42.908019420168344	-1.1513701290152913
43.15949527218628	-1.1120097156723558
42.935249936622746	-0.8122245733242361
42.76874162109899	-0.9578903014596769
43.25395095892464	-0.9989067774458465
42.86477391004112	-0.7703721908386907
42.76435782151668	-0.8603268522342415
42.74788820750371	-0.8847312623382416
43.202450067660756	-0.7806149753460692
43.30197801720317	-0.978956615788384
42.670566863216685	-0.9927384077160557
43.31047191142202	-1.1123839768242527
43.30748508915546	-0.8243814355067112
43.38226794912377	-1.008463871910579
42.62565882190589	-1.144051069512373
42.589035450609835	-0.9453589067967471
42.57352702868631	-1.013555157964746
42.63778431665146	-0.7569218768908869
43.38495043221674	-1.2280973542285925
43.384798127474724	-0.7521664772752361
43.44534242043346	-0.8081149442887277
42.550299210089044	-0.8159312515936901
43.49196223200601	-0.9837818851248904
43.49442432784412	-1.1529996408094245
43.4826348274382	-0.8051018158162463
42.507994701485835	-0.7652500551849403
44.9998934598402	-0.9095854119820542
45.04417689104778	-0.9032769956436474
44.94078200866401	-1.0985880877521037
45.12042009159676	-1.1292356811842463
44.95914798693151	-0.8082090586666084
45.12777966487033	-1.1561055962000484
44.86249968428494	-0.820919800090223
44.82131292154212	-1.1462862122021897
45.06496639041155	-0.767271177720886
45.23520184545416	-1.0591903867708872
45.21785735960515	-0.8881569864752975
45.25621972379445	-0.9696721286651934
45.26243300441135	-0.9262622561578832
44.733901614410776	-1.1647829359035906
45.31363548587076	-1.0434810727828712
45.25482540132763	-1.1898881679320485
44.753861696550075	-0.7913173351833849
45.31433642620262	-1.1491208197816152
44.6245089284624	-1.0386030970200337
44.6535681364264	-0.8163498692399653
45.41164869195029	-1.159506544068682
44.552724395906864	-0.8361391924820554
45.461089111141966	-1.187709738966162
44.55159954780379	-0.7789067439961266
45.46690236414519	-0.8131829702837723
47.01648691255405	-1.0938400761550953
47.08332572559228	-1.0847505772676684
47.15258641005069	-0.9489748242995567
47.17478232086938	-0.9982414366994915
46.9046637084464	-0.8492054036829312
47.04991214812977	-0.8050884262754535
46.80510579788706	-0.9345992214014108
46.82002132326803	-0.8531524120807112
46.72307326482419	-1.0467643144352896
47.189997613528405	-0.7729338847580846
47.313065230162636	-0.9929372072738248
46.75182817402687	-1.1986994352185574
46.70617357586632	-0.8389723245813232
46.73075741712355	-0.7632563552395926
47.39577042787722	-0.9019446724580766
47.462440719979085	-0.8660103311089644
47.49047893071508	-0.8738674758458238
48.94675795175777	-1.0774613893846758
48.883556186174005	-0.9192979293261324
49.11039446571692	-0.8973566610625845
48.94651559645084	-0.8311549206252788
48.88416783567962	-1.1715805123592058
48.947725576942275	-0.7817055981583736
49.09648990641185	-1.2389367202038097
49.15286168531514	-0.7867983164223423
49.3140579674026	-0.9249179187324044
49.2972746437565	-1.1285873082928226
49.2669365067655	-1.2455275025852843
48.6345767001766	-0.9825272046508343
49.36152992919226	-0.9016792144327564
48.63592580044406	-0.9074382333235125
49.3681913028657	-1.1037455050148084
49.33905953285892	-1.1926380767310427
48.58889401668263	-1.0032263969888244
48.57511788951566	-1.0381563938773086
48.60946105886045	-1.207977974545801
49.40369835722547	-0.773318836588644
49.45171248764139	-0.8917514407209951
48.55743493193169	-1.1602659002593927
49.49947822187294	-0.9525691960201051
48.501356053110456	-0.7540578866421448
50.9023584717917	-1.0142101151451117
51.03527048573325	-1.1257475257221403
51.13351175641496	-1.067905530903257
50.86379314704513	-1.1093067413725208
51.204925437710045	-0.9286683884972411
50.7589879539962	-0.9847283661907043
51.2749168808152	-0.8786500370872592
50.68730322799008	-1.04658220823415
50.68970261162996	-1.0832646872859621
50.70213048954448	-0.8261370365433586
50.600539159353744	-0.8831293561440949
51.41416380530369	-0.87162557897024
53.06701570415071	-0.9455708931555016
52.92779447244948	-1.067950851010193
53.02308748002726	-1.1151752174068918
53.131032799159456	-0.8659891643466061
52.76261415534534	-0.941226369324093
53.194369545024834	-1.1529070588314227
53.25328096940213	-1.0450755656694912
53.14172738146515	-0.7713760930447259
53.30495047251462	-0.9045036915225735
52.71680899009885	-1.200043100242561
52.650739359192116	-0.8245106862329581
52.59351398105758	-0.9800639920993348
53.37702844726024	-0.7648646256103743
54.8796226318026	-1.0911964955300772
55.119028737025175	-0.8242131349754798
54.94856024030726	-1.2221663399388674
55.234165346174414	-1.0502021843216474
54.78298247389056	-1.1264460442489426
55.41069248072213	-0.9125047584415236
54.60020904863551	-1.195680566210724
54.5168447344763	-1.0922701967394701
55.49058328215221	-1.1318554224196418
56.95690755628682	-0.9345421962360955
56.894543732961175	-1.0227910868056418
57.13632459436309	-1.0581660607050958
57.1375667504014	-0.8947536745314105
56.80322349922282	-0.8361282279311901
56.6896532569508	-1.1087430438022923
57.2725910127389	-1.238441995861528
56.63617504924781	-1.1695978711127237
56.61827520273736	-1.240202989916301
58.921769749243126	-0.8900926071369328
59.094247028142824	-0.8888368763343317
59.0425947691034	-1.1442465895744507
59.135165712518564	-0.8201977266908855
58.795128091805346	-0.8145049186886109
58.726551559357524	-0.9119580996422287
58.685727072788985	-0.9951859027752761
59.39403399765944	-1.1672525086956553
58.516928249526934	-0.8627189968854387
59.47271251060635	-1.2020120111530672
59.47958231568552	-0.7975674011933132
60.99252246733895	-0.9502938518052375
61.17170519864454	-0.9126588014995823
61.19391873452236	-0.9900040373952773
60.79676308997606	-0.9851013223645265
61.207271013251074	-1.124716180648482
61.08783841863	-0.7568608024394597
60.8481235640749	-0.7540866834806055
60.773477378527105	-0.8052200178971513
61.31473933661254	-0.9607996080729893
61.300984975887104	-1.1165133069515318
60.6677170252825	-0.9885444688365244
61.35690807565979	-0.8766762624615935
61.36599107798888	-1.106574443113156
60.63018918874876	-0.9004017301642228
61.317380099834345	-0.7654344462497814
61.35431365647648	-0.7944205673847251
60.61887523789516	-1.1581991911175245
61.420200050026935	-0.9875083422825266
-1.0374467913695506	-1.4918791489530547
-1.0374468183571228	-1.4918792288235525
-1.0115878948351167	-1.5412057195488789
-1.0115879047763707	-1.5412057534490908
-0.9643724267369809	-1.5293374300313944
-0.9643724267365105	-1.5293374300332903
-0.9848990651882571	-1.4541769543911767
-0.9848990651892834	-1.454176954385108
-1.068606208591223	-1.4736988780915083
-1.0686061442964383	-1.473698708178069
-1.0501333091245735	-1.5616963761501443
-1.0118361088359058	-1.4190083897877623
-1.011836108832028	-1.4190083897861105
-1.050796596668075	-1.5650912965478054
-0.9231861662872168	-1.541636569621785
-0.9231861677349833	-1.5416365751199308
-0.936222302181533	-1.4317312606257433
-0.9362222964423623	-1.4317312416172987
-1.0631247543734157	-1.5711198221921112
-1.0631247543792	-1.5711198222075866
-1.0439865586222832	-1.4107305539455757
-1.0439865586206283	-1.4107305539376813
-1.093438313863963	-1.5416906166874953
-1.0934383138751638	-1.5416906166836672
-1.104608836296958	-1.4774390082716915
-1.1046089683361038	-1.4774393286672296
-1.0809231443435257	-1.4215343558949027
-1.0809231443445915	-1.421534355884087
-0.8925597687846686	-1.4297035919358587
-0.8925597687863203	-1.429703591928799
-0.9583201429744408	-1.3746821852964106
-0.9583201261431077	-1.374682136987213
-1.1224567328892303	-1.4468151064904657
-1.122456732894118	-1.4468151064939385
-1.1285969152216657	-1.5374081248614224
-1.1285969152309514	-1.537408124871081
-0.9487461329173877	-1.6242496015488563
-1.1332849518597912	-1.523154944401093
-0.9487072739409584	-1.625939172077811
-0.9926484590564605	-1.6367544062946782
-0.9926484619662456	-1.6367544178645932
-0.8921582458323546	-1.5867172933499436
-0.8921582892476454	-1.5867177657944238
-1.1356389100532867	-1.527931884095852
-1.0381926478268686	-1.6364593453641587
-1.0381926478270458	-1.6364593453662417
-1.1000279752950957	-1.3991519648565336
-1.1000276317380686	-1.3991512502930026
-1.0576304805363912	-1.3693593605117835
-1.0576302949672811	-1.3693589549927172
-1.1452957734387805	-1.4975886085138783
-1.1452960268307109	-1.497589185329937
-0.9864637637648073	-1.351949140754331
-0.9864637209554932	-1.3519490314858527
-1.0197070489574434	-1.3523542686778527
-1.019706959632911	-1.3523540600857213
-0.8567781003352091	-1.4560210260734927
-0.8567780996017285	-1.4560210242813787
-1.146861235505121	-1.4395664865476578
-1.1468618902983694	-1.4395677309468329
-1.1256093581418014	-1.3976815866290642
-1.1183249493353415	-1.6151688385231373
-1.1183249915467248	-1.6151689682518953
-1.0780583532715469	-1.3543556748947918
-0.834839537872186	-1.5230032581839543
-0.8348279903653567	-1.5230048435699024
-1.1685554800838645	-1.4839139679963136
-0.9545099447381947	-1.6651332967864836
-0.9545099479219776	-1.665133299957393
-1.1684805260647537	-1.5517364754416563
-1.1048254777778632	-1.3580764032094215
-1.1047434398787572	-1.3567107527948856
-1.157368946519604	-1.4120139384078454
-1.0886664837216316	-1.6573170190254964
-1.0886664998759124	-1.6573170761907252
-0.9083303291395565	-1.3431740246727515
-0.9083303209437991	-1.3431739549193407
-1.0348006396963905	-1.3206053739612715
-1.1527721143880005	-1.6018023668056114
-1.1527722035427495	-1.6018026063141573
0.07613253480005179	-1.5145795636797095
0.07622090175082491	-1.5146132160326262
0.07589695779240303	-1.4196511536050982
0.07612196185749832	-1.419540182176696
0.1198595811119799	-1.5132198708680276
0.11998497250133805	-1.5130858981404234
0.0883884690560363	-1.5861487339468603
0.08904743258583478	-1.586360415168544
0.11854260920524023	-1.5655037704447545
0.11895452144289942	-1.5659059115085685
0.11411729391757652	-1.3840871293899715
0.11390218639868645	-1.3838630844181936
0.05715206351159448	-1.3121481364272711
0.05679704919435653	-1.3120307333421306
-0.1763714773281781	-1.5918943859857424
-0.17674501385390876	-1.593716571051834
0.15610280465446866	-1.6266659688997296
0.15620862314423778	-1.6268299076866075
0.0772288823258064	-1.7122212332954185
0.07730899976922821	-1.712392765794776
0.13532971087378476	-1.6846724063481555
0.13539097796742702	-1.6846864211645127
0.17031849334735413	-1.3341884996680373
0.1707598685355801	-1.3339188605832264
0.2561942735894495	-1.4561660213789094
0.25626887781774005	-1.4563323294003527
0.23012800874059322	-1.373999512578226
0.23022769611971314	-1.3739705447178094
0.2596462288368497	-1.5885933284717677
0.2597526630401553	-1.5885523342064107
0.2819306158840349	-1.5410010626274235
0.2821448468724956	-1.5415120257098678
0.2051282009853952	-1.2920828686842099
0.2052475947569847	-1.2920989574616002
0.2573154142953473	-1.3475694718980455
0.2573452331037569	-1.3474239229992928
0.30214471772702595	-1.6324176274696662
0.30221377601042615	-1.6331900199629608
0.3539645261041528	-1.5911903026788412
0.35400099653560124	-1.5911419136035838
0.3431919452358638	-1.349807932673433
0.3435830705089349	-1.3496366208941364
0.30114125170087874	-1.7357567704650103
0.30203986955741347	-1.735503289337021
0.38284119833292124	-1.353271786443227
0.435557517537473	-1.541275627337239
0.43902276433127563	-1.5427470644308237
0.4436113680839647	-1.5744184957635
0.44929398520053626	-1.5646387062640614
0.408680715917715	-1.704306442823205
1.0083909391299206	-1.4955364640181623
1.0088429926574933	-1.4958785875147396
1.0264510128441056	-1.502018882704764
1.0268186433824864	-1.5017002874098366
1.0376555745250755	-1.4579789008833681
1.0376921866427842	-1.4580036673858987
0.944939681611805	-1.4780139026333527
0.9449557598529528	-1.4778981401001818
1.0756882649373636	-1.4752584480314888
1.0756300715501785	-1.4746752849816087
0.9435245024890004	-1.4389544232605227
0.9430882337127585	-1.4383902847944552
1.0728337014853697	-1.5428929227603736
1.0727553219011532	-1.5432992744908594
0.9297099313710722	-1.440590690300169
0.9293744773148387	-1.4396444591755766
1.0973063309757396	-1.5598266395828022
1.0973022550580445	-1.5599807188627235
0.8630387364779133	-1.4887261728358252
0.8629597114280306	-1.488924471230892
1.1262405002542553	-1.4409703632261779
1.1263647140242126	-1.4410283478866415
1.071996538622076	-1.3758158870851962
1.071601984366175	-1.3754980994572665
1.1267555719393108	-1.5797932100881804
1.126877191359097	-1.5798390181544548
1.0452074089624197	-1.3532723214533608
1.0448836006589406	-1.3527211322453345
0.8379399708378888	-1.568217811987004
0.8234277113719239	-1.4899471934158106
1.1513912708773972	-1.5949745843667402
1.1514019337106316	-1.5954271063848313
0.8357657003246131	-1.5712827722218006
0.953026967040449	-1.3230574779761604
0.9524138320087171	-1.32312178740485
1.1770869661961236	-1.6125395023194893
1.1770348540252404	-1.6134466709063024
1.165773202222425	-1.3582170666013602
1.1661175292003088	-1.3581615491374335
1.2170554534892672	-1.4605581441275823
1.2171298822730703	-1.4604562673723813
1.0497076716297415	-1.718684827144644
1.0496851437518755	-1.7187197822809803
1.0970017696732577	-1.2926842866467672
1.0968812332779547	-1.2924153765281403
1.2295949451960397	-1.517145067294868
0.9680909055909167	-1.728413412805462
0.9680406691027988	-1.728470820525054
1.2311209830527985	-1.5172199620265536
0.839914382054505	-1.3307475669167492
0.8394871612934574	-1.3304848562774898
0.8318385686114008	-1.3333950607352618
0.8321002910586298	-1.332967143895286
1.2013060522065975	-1.6271022807243454
1.2014789908955747	-1.6272956068053275
0.9285682830085767	-1.7292595525282717
1.1484455582526396	-1.305405277409205
1.14835448378313	-1.3052931628052247
1.1434025216398194	-1.7015207392087308
1.1434189022191927	-1.7015269615217576
1.2298602863651527	-1.406100938138764
1.2303588886659882	-1.4054567447386568
1.0674601564564972	-1.2520575273465377
1.067655141974	-1.2519083086092528
1.2566741720891104	-1.5197713556958998
1.2575675590949287	-1.5191773596029214
1.2090138327177886	-1.3420016555402352
1.2091027710391193	-1.3418647807340602
1.225750996736134	-1.6434276561079721
1.2256346292399258	-1.6438299023893475
1.2888306186289005	-1.4448804847517753
1.2494311911391716	-1.6558853913723255
1.2491754338574657	-1.656314028148808
1.2890726142791649	-1.4438177893267556
1.8290261508616226	-1.7336053907890963
1.8287038271072567	-1.734239520617121
1.831157448575592	-1.7413027201137778
1.8306121909025272	-1.7417072025448985
1.8066281995909756	-1.7320964686519593
1.8059539968195653	-1.7324971004889103
1.7957348823527846	-1.7285227278912547
1.795579332801629	-1.7285618432866336
1.778255977621193	-1.7175168974218427
1.7777957799265955	-1.7171854235869684
1.7591974305347717	-1.714847442728132
1.7593150239388378	-1.7153855597036087
1.7417174125123827	-1.6973716979816658
1.7412724070961694	-1.6979095114121514
1.7260494261525834	-1.6934592666972113
1.7252013555870498	-1.694213492748239
1.7226920912900212	-1.701513941272251
1.6691044644736097	-1.6457214969461913
1.668290287175038	-1.645511161659718
1.6915062973659685	-1.6907365961948195
1.680089305169466	-1.686216397874255
1.6834420776375862	-1.694577704692578
1.6526025059850298	-1.6575390657210252
1.6483553449089299	-1.6629194706057178
1.6473514440329897	-1.6776527824871792
1.6595458499451297	-1.70655054838986
1.6076390113699865	-1.6067424701293802
1.6069980243268323	-1.6066165594916184
1.5909676634028105	-1.5957035380578384
3.8348746630016977	-1.282013711952832
4.208924828344439	-1.3233877871848492
4.209216956783902	-1.3234559627194482
3.8346789702493234	-1.281786518573807
4.959961305336283	-1.4000080781177782
4.960079812238448	-1.3998416347019655
5.336511013008962	-1.4353281282279864
5.336552398707478	-1.4355329983541638
4.584291253074769	-1.3626288230102872
4.584064524819474	-1.3627061227529897
6.091208528671502	-1.501914704259104
6.091544342178714	-1.5018951739353321
5.713759331121271	-1.469450283831935
5.713568023386301	-1.4692963244250645
6.4695675670277	-1.5332970728928323
6.469701107789497	-1.532971468793117
6.848433292788237	-1.563206500708231
6.848337613570717	-1.5630627040158374
7.227483816206117	-1.5917085398003286
7.227594626533114	-1.5922187078698782
7.986171447933372	-1.6461536551331817
7.98683220106005	-1.6468153911696444
8.365126185875043	-1.6736087958722417
8.36680587808578	-1.6715676224283642
7.60735024774562	-1.6197169239249583
7.606581580867184	-1.619678228137913
9.119364886973015	-1.7261110586872863
9.130645831687906	-1.7220984527865022
8.74390541914491	-1.69558497354206
8.74719102993392	-1.7013070439663582
9.50235703220851	-1.74413142533513
15.174513335782493	-1.7443813698650696
16.01994188027721	-1.6874477260497303
16.189808104055235	-1.6972396609688754
15.726338626855185	-1.6989926165939915
16.290040892810598	-1.6995386459047241
16.824790464724984	-1.641954689504842
16.7484281005873	-1.6149362723292793
16.8568067507126	-1.7491699599850299
16.718562340847434	-1.6129683436548026
16.69232492029054	-1.6324047508454846
17.340634024323677	-1.4330664265894886
17.40253537117843	-1.489920151962674
17.415754129649176	-1.6515277047429162
17.469276650680154	-1.6307022441152594
18.123721066891534	-1.3875903241798124
18.044230404299256	-1.3179271109340482
18.177852253613857	-1.661295097893447
17.724556023820114	-1.6169237085628092
18.3121990777828	-1.4757266267119626
18.306414780019438	-1.6184121347170295
17.653197291723863	-1.675440390733267
17.5868658468519	-1.6231206237621703
18.45547609347409	-1.5239195887688437
18.44973996439263	-1.5944170988644388
19.072969413939504	-1.4846688185104127
18.97021192106421	-1.3537407625156137
19.080025695771422	-1.6774036974723194
18.92147612167983	-1.3211243441168907
19.216399833339896	-1.4578272420912508
19.221980794720576	-1.5226897592074582
19.270259682857496	-1.5277981893486432
18.802182613571777	-1.276727151192591
19.3571131633555	-1.5521528949040042
19.33223461018808	-1.6598896083779149
19.42871024796497	-1.5994123463324221
18.50820914076722	-1.6609321630855347
20.010409384864463	-1.4855240837801833
19.95204945051819	-1.501787255488816
20.09685504214451	-1.4747438186981963
20.124103422470338	-1.5692054767745989
20.161506231949417	-1.4500699160699497
19.866936234227893	-1.6195711922615643
20.01141018206166	-1.2974119722657085
19.821075186761917	-1.4019705252801167
20.0833981574782	-1.7158901777905813
19.89225107584638	-1.7229863068701199
19.802199292982447	-1.6688922859376587
20.28197940761653	-1.493498565314755
19.72422334785587	-1.3460262163691141
20.30831603441264	-1.5840836516456158
20.29422239234935	-1.675064335185397
19.65063410409707	-1.2874823294422626
20.456256829711513	-1.3526384528697195
20.987047088206317	-1.4179455702399621
21.057580088871067	-1.4130926852266474
20.894965042532238	-1.4514509105868425
21.02882891959849	-1.3183040470199106
20.849752977620632	-1.6155695436556958
21.172512802396163	-1.618218384196586
21.210952793816105	-1.4990018109231014
20.792354576917646	-1.5444148339542563
20.796737437473688	-1.4310546986258512
21.11553660111369	-1.7174649620919276
20.748190797377692	-1.6341832093001933
20.755412315604545	-1.3368077878818074
20.717604585968708	-1.4129427770717167
20.71641298625817	-1.6224369528306541
21.293697650149394	-1.3447119750427539
21.388379681136367	-1.6069133791923225
20.5599886632846	-1.2898510685940696
21.490896158337804	-1.325276385203203
20.510601442477196	-1.6835244107063088
21.956893615236226	-1.5361540188842753
22.063180237243287	-1.5667289152083923
22.085090516480786	-1.4449423621141277
22.09485641350171	-1.4197773533914706
22.10175378709781	-1.6273281369878694
21.871234051410152	-1.346518748047617
21.837332249796752	-1.644333403422074
22.166589644474847	-1.6421437078191263
22.03101680189681	-1.267844132737909
22.05539615991379	-1.7397633459038653
21.996950833464002	-1.25079687703174
22.248586602368334	-1.345896148693688
21.69872734213343	-1.49716721084118
21.68102194422199	-1.4370398870623655
22.344933358025006	-1.5408960713618916
21.618129481273986	-1.656847253850326
21.601496181776643	-1.362541174043813
22.410719147405317	-1.6264803390864486
21.573462450171803	-1.6373846924674198
21.553015310933542	-1.451187776409477
21.55607000969963	-1.3443470620142697
22.48335391774205	-1.4924245895589836
22.429076308262545	-1.2652683650998904
22.480572704443468	-1.398458886060097
21.564945253520683	-1.2541111874974515
22.973748501343206	-1.5494235412651638
22.97992046498352	-1.4391252819831168
22.9510896044077	-1.5516617535685466
22.929833428185493	-1.4835062524421059
22.970690478011814	-1.419866741980067
23.08476281825085	-1.466513838644399
22.869251048085943	-1.479162036220977
23.070955177951117	-1.6295192152589526
23.07355260173567	-1.3648818837072476
22.939267041771977	-1.663326423434008
23.085498808016187	-1.6904716359386673
23.183457757933702	-1.3322592121684842
22.790231575203286	-1.6389075255705863
22.93715442814242	-1.2503582032601448
22.765813876306808	-1.6113427258114055
23.14644139979142	-1.283796600637547
23.278278319434573	-1.4683945669698466
22.71504359260923	-1.4862024941218788
23.246623627804844	-1.6961142501593054
22.711085524802744	-1.6871572756181892
22.753861755941188	-1.7415708741337161
23.42639078562089	-1.4734088438876571
23.425064943494085	-1.4248109459797673
22.569884276782854	-1.4194530613914578
22.540652403209876	-1.4948018105001195
22.5691507061943	-1.7417413451629755
24.01211992336363	-1.4571695998081722
23.96517060221996	-1.6288876567216646
23.996541636830862	-1.6488701359133582
23.878087773953883	-1.591440363067466
23.861733723329017	-1.422460318859446
23.81737121018409	-1.4366775801866634
23.837832065297373	-1.3766291491605005
24.201409057080603	-1.591498978858554
23.751931051170985	-1.5454197670821304
24.256784115748072	-1.4409165467859855
23.81623910155725	-1.2985001513135537
24.289684352286258	-1.4657748159787085
23.807532458511748	-1.2785126733371048
23.69244155958053	-1.3270364061045399
24.295577269866364	-1.2899747536049502
24.36210145223292	-1.4257940052110851
23.624771260587874	-1.5814350544627036
23.645403111633808	-1.6712975775393715
23.60724090940346	-1.4105339263211851
23.576207474314504	-1.5772169192898595
23.563065557716836	-1.3790626421801873
23.59049130152755	-1.7042189439601183
24.408914083444156	-1.2585950543465947
23.50157294768819	-1.451934600183408
24.45186960400568	-1.7195867617188225
24.93917628993518	-1.4835799303401553
24.907564741580074	-1.4775519526590901
25.084540711548204	-1.449419659520877
24.922531963252037	-1.619583064219737
24.953693176325295	-1.6600916190770012
25.14022753969467	-1.618273832350686
24.811893449776694	-1.480240257418461
25.149772442858858	-1.3537280342863955
24.809723273568665	-1.6212081167693848
25.139808521726604	-1.6899428174937252
24.96344480485974	-1.2601676411156641
24.75642358045098	-1.4976889030658478
24.90314905966441	-1.2758989812666721
25.239902512702244	-1.5950839935320236
25.2530443784332	-1.5680531279789889
24.8155653235463	-1.3069543006269808
25.187336699166977	-1.302014667984188
24.77540648928735	-1.6627032007006022
24.75357130077827	-1.6570789540968964
25.323446900581633	-1.49510023282098
25.28343442017171	-1.3048449191743519
24.747765739473596	-1.2630538937072677
25.363018935997875	-1.4667493821775461
24.632095232888915	-1.4912640104200798
25.40193717745589	-1.4344035559924821
25.376013078997243	-1.7248743029558942
25.442785953355152	-1.4810503528585652
24.55025919764009	-1.616101193370125
25.978497166556185	-1.5828047059398027
25.91066192154782	-1.4790505232088922
26.123834392820207	-1.4634404764263165
25.89559801227037	-1.3849316425920584
26.02990774465724	-1.3275574597049458
26.133804452644497	-1.3769563326796899
26.167960961849207	-1.5938742304630766
26.108080556874036	-1.3374542344027716
25.904786145190663	-1.673888405634714
26.162130801213802	-1.6237860825713668
26.10807578941493	-1.3162009399719248
25.890656117666172	-1.299564599495036
26.225833793504975	-1.5712719077313597
25.74690262672811	-1.4528581280650616
26.260278391895454	-1.4943274193849883
25.82651667730954	-1.6979929136578866
26.167856516415526	-1.2867232922691652
26.17571462912872	-1.2910476820352847
25.709379649270968	-1.541528728350124
25.74109340387437	-1.290178415110211
25.67867291811862	-1.6083500982809074
26.352763181101114	-1.466810204311947
25.679949801368952	-1.3066119322254588
25.619273643711526	-1.5209492134353728
26.37606521393272	-1.3257147081447749
25.626497596465924	-1.2843474313402141
26.371137976163546	-1.724591208669158
26.442191396551348	-1.4736647407220498
25.586475444965586	-1.6769950916708962
25.52361273365059	-1.542870446403778
27.041847328381845	-1.4713483927617734
27.026898898268144	-1.4375247250800578
26.915199048251083	-1.4501947268089004
27.010027462436348	-1.375484319383107
26.885407392070633	-1.5975834212270985
27.083567731080386	-1.626955938323505
26.934776797301463	-1.3479438474659577
27.11674040564182	-1.3765601383980435
27.03384769458023	-1.3200358761751805
27.061089557786826	-1.6841573145080506
26.866305116404945	-1.356476911789639
26.800756170853436	-1.5344606429334715
26.798398429899663	-1.4300815392899913
26.972325195369233	-1.2779859051340592
27.077919895531448	-1.2810867922661657
26.948546304109133	-1.7306250700833823
27.118795006980147	-1.2894541677995601
26.759908349842686	-1.5349018286973453
27.056202676540007	-1.255062504858773
27.251764811987304	-1.468370520079926
27.204049323326107	-1.6576982502962816
27.326606990625436	-1.4953914319618238
26.630630380399523	-1.5998301226501357
27.342242916027168	-1.3211982637991622
27.396299129117182	-1.456329764041062
27.39190960495425	-1.380632403561984
26.604325824683524	-1.343312858334261
26.575260309222177	-1.5591844969054933
27.426047324986254	-1.4202686127737358
26.591368832442598	-1.3447096888330812
26.609999896079714	-1.2548463180251066
27.46916700139771	-1.4159415516675091
27.4715994240499	-1.5708182482271056
26.51989979420594	-1.5007925019185737
27.470268704164	-1.3481595285090087
26.51015789134854	-1.5798159573806876
26.567363364480936	-1.2529757289085814
27.46150731672602	-1.3043269106354627
28.01599455933898	-1.4710385711005995
28.07397323071444	-1.461700490420142
27.881909126959403	-1.4729215587467785
27.973134272688885	-1.3676571938668534
27.953909653309566	-1.6449639642858105
27.878757799727325	-1.4006157362819187
27.850106850655386	-1.4162607991694989
27.924882375874887	-1.3426836336519845
27.823223089788268	-1.4631712043917942
27.875060523486557	-1.357331856645764
28.16688066451709	-1.5932806747985242
27.905120342418044	-1.314549025577989
28.042610929239586	-1.709192165823919
27.78583820662137	-1.4596706933250465
27.814929924357983	-1.3247866497745902
28.25343417084339	-1.4461468090047824
27.849936314575864	-1.282011847240697
28.238709381533685	-1.36884923206596
27.866117676795092	-1.2566166018351064
28.272036391835748	-1.4382494284926737
27.799769536200184	-1.6989419064334124
28.300379661621513	-1.5600750909626309
28.290882767587238	-1.376445147087894
27.72333163644263	-1.6662057820725855
28.306893236870533	-1.3667066694992416
27.668198519753457	-1.5658194855808643
28.351149050754664	-1.4654594514203207
28.284486544525105	-1.285931195559314
27.630481045666187	-1.5041429285742292
28.378550503238753	-1.4271585163110192
28.327998280920543	-1.7196834829172232
27.601052579096752	-1.5065484592474097
28.35454817068694	-1.3035232456307269
28.435610244668535	-1.4780168363105313
28.39860443756898	-1.2899020036529194
27.548845955889053	-1.559463178150065
28.47156257962951	-1.4316246498501435
28.462158940883455	-1.3492962935784116
27.520782374496147	-1.3607962464984666
27.504244482749694	-1.6772089921106186
29.038355879781086	-1.4952730758620623
28.96406270004257	-1.4735280425237551
28.979125014639713	-1.562348916964151
28.937137344403336	-1.5237365366627005
29.07435265216102	-1.517830957168636
29.02351329072091	-1.3810341663670809
28.952590875356968	-1.3651880497596764
29.025153571548902	-1.3299146766789105
29.145598153458195	-1.4005533804247918
29.141558525327103	-1.3573002924702902
29.03819334949531	-1.7076855071882169
28.786686385547114	-1.4807487247155866
28.940138384789332	-1.2877403069708346
29.175585177067724	-1.355038734175658
29.228162742709372	-1.4280418552746588
29.11973104672999	-1.2927901826635961
28.752831011142845	-1.4859734860835203
28.875124468988677	-1.7221135774935268
28.765793930233052	-1.3925897270221927
29.249114088667262	-1.3874646523529564
29.25551477144042	-1.3769360635934629
28.777638614154586	-1.323432728873389
29.27740233763884	-1.577479209385353
29.295231828864846	-1.4891515272505726
28.673902811111397	-1.5006993303441518
28.741778857463906	-1.2787927033218685
28.722810844361437	-1.2970705844672685
28.697692324873216	-1.3337103984335694
28.66544310757347	-1.6141826663817818
29.348753548215235	-1.430502914500611
29.326136016574544	-1.2932982663368637
29.430679686483984	-1.449773640401457
28.573023833647817	-1.4181378339790673
28.59156922804501	-1.343238543522555
28.596962461137256	-1.3188282724968277
28.551221436643626	-1.5137673130717875
29.431245934501867	-1.6528526688321667
29.492598900038217	-1.5267355981747526
29.972639654120524	-1.5738849118670415
29.92940297567487	-1.5685286113211543
29.974242790896223	-1.3841987322144411
29.942971888672215	-1.3897053161468442
29.917246062247067	-1.399713694896681
30.0471450995742	-1.6264396573091127
30.066606720143593	-1.3811000108074747
30.1057601650448	-1.6138935113959822
30.035054329320616	-1.3483443865592095
29.914239158241898	-1.3514829703655704
30.137588499200717	-1.3878730195458844
29.856144976146517	-1.3714560962844884
30.18973207378723	-1.4590723184505408
30.077709741621117	-1.2909924501774197
30.04008548510753	-1.2786781392840583
30.219110122058943	-1.443293115074997
29.837861423828574	-1.6740098542989286
30.025562609332276	-1.2610041068234294
29.92544835377011	-1.2544804280562114
29.76493991397832	-1.3902931730124537
30.21404649383909	-1.3379588174334351
30.254867084429183	-1.3687674702527888
30.247088680983303	-1.351255075157261
29.76005186848045	-1.3378160855425714
29.80130389463677	-1.2671752789154498
29.732383319247603	-1.2625947912504853
30.33454633969677	-1.3589928228856352
30.364761106009638	-1.4408863796727889
29.636322988808494	-1.4243373715599514
29.614810056718692	-1.3749495189791263
29.62224626406968	-1.335445509555339
30.361426503224852	-1.2920414272947813
30.404326023926888	-1.361980884027392
29.605682427468334	-1.6764092730243085
30.402671957147838	-1.297962518845311
29.55869620256961	-1.3920852739693867
29.587836447618	-1.3081328366558513
30.4788305904617	-1.4121479630609957
29.56200622489177	-1.2854776437834623
30.46749033179253	-1.3337999534396199
29.515757970446803	-1.300406261260992
29.50435261395707	-1.6966586548880311
