0.05409244394111392	0.06376971694264713
0.05409334421097043	0.0637702369545913
0.05130605367075715	0.052794513743381906
0.0473871360865038	0.04857208397920659
0.05581497189504893	0.0577857733972835
0.03791097609596145	0.04104786157859415
0.0523775886396825	0.0533978329828851
0.0493078196667678	0.04969670581356851
0.05095110491974899	0.051347893921493346
0.04409620163978276	0.04488194403122212
0.05456305455607981	0.05504477192038024
0.04602567755838711	0.04618243340207546
0.044090459522169737	0.044340233874962526
0.0474027260927848	0.04711691515500568
0.06124081589996187	0.06385053640831678
0.04098628553634847	0.04186609340514259
0.05856656656256824	0.059557390613362036
0.057575149293106184	0.05777203576256049
0.04232518195413262	0.04234448560031808
0.04025815790054167	0.04061390043900675
0.06078997489906379	0.06140208489127484
0.03870976730030319	0.03917010131115983
0.05571614381177988	0.053781735508365
0.06330096381109082	0.06440164895061956
0.03718061136733828	0.03752182291725636
0.03640760035653346	0.03686084300536567
0.06779976475887803	0.0713803213037332
0.034389115613093615	0.034927881964107996
0.06328787520798078	0.06241468534476253
0.06461434446852683	0.06473091507281162
0.06609489059718779	0.06742102850370058
0.05386030977673624	0.0485354815363561
0.03365121174616342	0.03352155412967539
0.03267957780800185	0.03303237316311354
0.067897132899681	0.06846528187689233
0.06899090139210974	0.07042107510114674
0.0289097276508168	0.030321508775851172
0.031019236753765705	0.03102116999440592
0.03036990793194765	0.029503525938264483
0.07235573001362926	0.07414798696877489
0.07147612708032486	0.07109334278328203
0.028598549853592562	0.027933442264907432
0.0758732668774931	0.0809514808870088
0.026890178922935472	0.026360575939350067
0.07468553172672242	0.07513329128938802
0.025090587080207137	0.02512256180280764
0.075861378176001	0.0780222618734887
0.023302273216126778	0.02405144807265301
0.07496691835732666	0.07319439036575723
0.0231408258637127	0.022207088544346873
0.02170283921377063	0.021077577725620994
0.08011660300202167	0.08204742653863781
0.07963037567432382	0.07896760982431539
0.019466425343203003	0.019804148074047526
0.08133241934193922	0.08049539791677715
0.018934715974147795	0.018455547583073342
0.00013665605602928774	0.1838134217189577
0.016464998936611436	0.016967585188096337
0.08411274912513556	0.08691393783682173
0.0840555881676285	0.08503819974747855
0.01472821322698549	0.015351816020591352
0.08601193148102637	0.09354814465135615
0.013698512515101952	0.012986326462725642
0.08774861893648153	0.08759342951861171
0.08885554875139444	0.0922344263966804
0.011600663711732559	0.011472225557133231
0.08428783056087774	0.13213055236812143
0.08447543299354245	0.13257111912504244
0.010184879965223081	0.00996759330100458
0.09164779885355483	0.0921339065750067
0.008904124960820397	0.008313502081184282
0.09363325029702342	0.09505185765856275
0.09428681101041403	0.09831427906528348
0.006835217231187736	0.005042032257311077
0.004205487884721966	0.004394521013876357
0.09823497075369181	0.09906003899662849
-0.0012557287461916146	0.0004586489656948217
0.09901830829853903	0.11085575597579948
-0.00041470753806201356	0.0003176547229740284
0.00044660387377380657	0.0003007099300452176
-0.8032231614510793	-0.8348631982239701
-0.7702998064773929	-0.803864446741327
-0.7628117034144277	-0.7963366117290682
-0.8098983113520121	-0.8423933151908688
-0.7831851414310441	-0.819910261260844
-0.7492651803529706	-0.7809614843553128
-0.7556876041202091	-0.7897064517935714
-0.8045790530079148	-0.8402357838160168
-0.775012687802381	-0.8128428278294542
-0.7432298573205114	-0.7734380336380419
-0.7905443360869006	-0.8303851805304747
-0.7308572277300218	-0.759445802451238
-0.7349467337798885	-0.7676705800013169
-0.7663526632449864	-0.8102688780538294
-0.7366679862181809	-0.7752495264404755
-0.7194521446304225	-0.7462484167039615
-0.7208393507147624	-0.7560546199054867
-0.7078520939403397	-0.7346368038528945
-0.7833617517552922	-0.8391392539780955
-0.7116245082558081	-0.744823750892202
-0.6987653945233465	-0.7230732238498956
-0.74200732505146	-0.7996238500989223
-0.697430551703344	-0.7327763480454945
-0.6833187687973453	-0.7072702700669264
-0.6854555466702015	-0.7167413694907764
-0.6779007360174036	-0.7001145699100288
-0.6728093135769543	-0.6909828167169304
-0.6628458872792269	-0.688766460586679
-0.6766282949869429	-0.7362749771799022
-0.6582286711005896	-0.680043777263803
-0.6897838404016383	-0.7699439131340416
-0.6473144129043795	-0.6706088556885954
-0.6397373333218666	-0.6715586565431358
-0.6322112853872218	-0.6479594439089928
-0.6343401001302598	-0.6691353823420706
-0.6393384512088995	-0.6985343883216918
-0.6162000306415985	-0.6366149494450769
-0.6065650038144833	-0.6323565212620953
-0.5998769547011544	-0.6213471973908697
-0.6023778541754392	-0.6596427898743097
-0.581931776910757	-0.5984373195698692
-0.5786395621450565	-0.6076218995817979
-0.5675948192657154	-0.580512017595381
-0.567146006147949	-0.6222754562611611
-0.5471262839682284	-0.5737351414355835
-0.528891250083329	-0.5570832710874888
0.0983274141469376	-0.6774700030703502
0.10806637003520549	-0.6651844691016547
0.06704483253197055	-0.7281622131683868
0.068239587822395	-0.7330984932562131
0.1435524612095222	-0.5371229060448646
0.03273821676216229	-0.44598244141244053
0.1252859308701157	-0.6970284013028907
0.14645983764153853	-0.536540804035689
-0.12140361613201475	-0.4798057475512971
-0.1663765167221464	-0.5518202408149085
0.18160387641364384	-0.6418435839816888
0.18265329080157833	-0.6419423156994266
0.09772354142542852	-0.42673833323432786
0.10556324561360504	-0.42448335012991034
0.2187653805317795	-0.7428697663296142
0.21922445199279728	-0.7427769263835706
0.2753621620334128	-0.486472350509921
0.27404011593927613	-0.4822220978548519
0.23111565005844228	-0.3947625311151478
0.23179818130347143	-0.38272556292209936
-0.2826741377736717	-0.45443926209358204
-0.28267680535590795	-0.4544402792643655
-0.20517196113263958	-0.3565392927803972
-0.2050123994112396	-0.3563842428439833
0.31962062306402367	-0.5748982148726799
0.31984984197494154	-0.5736349172464005
-0.3218850347940638	-0.5890529597513067
-0.3220570914646505	-0.5898386758459351
-0.34027592148047425	-0.6213615108947766
-0.2513268524829903	-0.35872710675799213
-0.251327740097325	-0.35871763047255495
0.25557900602286493	-0.8407762240026828
0.2557973649954395	-0.8409001031226169
-0.33637785290011896	-0.4787486881565577
-0.33695822971226735	-0.47838520777434923
-0.30937506470985776	-0.4112472253236782
-0.36528624594883674	-0.5667093145622942
-0.3653243118776765	-0.5667238453638077
0.36520848032466074	-0.6623711702406351
0.36515696895449146	-0.6630499764136246
0.33004801209993645	-0.43028224113944935
-0.28464263393386074	-0.35892021744481944
-0.35763383623905187	-0.7130832524943138
0.30407307355960583	-0.38003641303988867
-0.3635928166180944	-0.7064637988602818
-0.347606119233859	-0.43120459034721037
-0.3274972516406185	-0.39365162020706396
-0.3069699151315578	-0.3592384960607239
-0.3707740258221899	-0.47712493929915967
0.3334456155661519	-0.39310804158509116
-0.39889556984873364	-0.5695085535114335
-0.39571291931237207	-0.5329691949778869
-0.3966486046456845	-0.6811835181637693
-0.39666439777861573	-0.6811736909812788
-0.35085955902859306	-0.37988855739345895
-0.3816220317230334	-0.4259893793224509
-0.4221989208947591	-0.6013103059910856
0.8888487893014448	-0.77989924069099
0.8923132012542399	-0.7924102290535362
0.6992912444209156	-0.7765232088464353
0.6935865335250704	-0.7769625164004487
0.7058214435079331	-0.8453002991587947
0.7002853927908934	-0.8414294790479321
0.6501176477476318	-0.8007776837609764
0.6499960679214005	-0.8008632687301632
0.5903021190320312	-0.6318277520342216
0.5871676620230606	-0.6469063016199657
0.595430700739088	-0.7228685577546903
0.5947993680939145	-0.7229788287312524
0.545637791334507	-0.6476432641191474
0.5438792267642076	-0.6463808808539403
5.126265809245306	-0.4639837970781646
7.295260518232764	-0.41853689385133863
8.893072485120005	-0.4891779793678308
9.617412352689646	-0.39454430127510454
10.854546804050319	-0.4607422310285217
11.974862627873792	-0.38532521690871924
12.9502602409701	-0.4398541378748623
12.79602607075349	-0.4910955556363852
14.306273859329815	-0.39689793724686995
15.08909133553459	-0.42615932678975954
14.787659702630524	-0.4523864048111311
17.03293009599933	-0.4089655861350916
17.282451712823224	-0.42191455660198085
16.67505686375028	-0.4924733635540051
16.51436520708465	-0.4202306877047938
18.642849634204048	-0.42199294153006606
18.58467315065747	-0.47625234748176665
19.39193284391821	-0.39196504523230297
19.467880063273004	-0.41824056578205565
20.858532988668436	-0.4293778117108356
20.61911919912747	-0.46136781438261154
20.538577967033124	-0.47705416194805006
21.759919498134302	-0.40671825806164363
21.629639427547104	-0.4309769979362015
23.05092544423876	-0.4123678697997435
22.745947580539404	-0.46104344327399005
22.504321693407537	-0.4815405762631558
24.128376953099355	-0.40419801506294706
23.814058115089356	-0.417982597399163
24.954010467921005	-0.40324790873452043
25.28351634421157	-0.3731919638983211
24.564464641013895	-0.4521600663314833
24.509556881306445	-0.43325585365436214
25.91379191661991	-0.38292991353022837
26.44066257942454	-0.469752091008235
26.419170601364012	-0.3795799382316476
27.128131643025895	-0.39377868305209185
26.550251300284575	-0.42541015082287537
27.49896999801052	-0.3628540639244907
28.01980371730354	-0.38958902789915345
28.415707660649463	-0.47598037989974973
28.419859928623666	-0.45389472652572527
29.16289082242765	-0.8402229809698234
29.168613975705586	-0.8446312504201829
28.726654394489437	-0.44083869717325835
29.23706763935377	-0.8394723375511782
28.68897342193712	-0.37864029858730874
29.357705459701368	-0.39921827236321206
29.960327856036947	-0.8026331502186692
29.934586756599902	-0.8137647129016963
29.873306939894356	-0.7886531559645499
29.98630908146514	-0.8330528562516182
30.112738427831488	-0.3955370436284601
30.299911498227527	-0.48654069155669366
29.729881338022018	-0.3678663445112609
30.476491844988306	-0.4355700091257799
30.99082625863914	-0.38283357921747085
30.874782506911743	-0.41160119613971724
31.040619591681466	-0.8277479560316813
31.26341593844649	-0.6788959782489775
31.177045179319258	-0.8253666968236085
31.25048300699459	-0.7424585984345228
30.76357095886057	-0.8331634885142847
31.306042086376753	-0.7621762343951278
30.693591291408342	-0.7802381830987873
30.577099291129944	-0.7593471272070941
30.581173489328922	-0.7834585479340217
30.511376966886644	-0.8090711748711683
-1.0013950235196436	-1.0931526748408786
-1.0013949954945072	-1.093152661363454
-1.0007056739033975	-1.1091179937085058
-1.0007057327196942	-1.1091180351945695
-0.9883307322190161	-1.0922376412379045
-0.9881967639328043	-1.0920557028408169
-1.0112389541142521	-1.0910825585382646
-1.0112810680075839	-1.0911357317480284
-1.0129081344218431	-1.1082623273533376
-1.0129495155730495	-1.1083168251533508
-0.9928079018618343	-1.118167460872149
-0.9928078965562267	-1.1181674614442363
-0.978862159279646	-1.0982093852325912
-0.978843080389654	-1.0981822336970064
-1.0008100138779037	-1.0779601685446487
-1.0008099861193112	-1.077960145220446
-1.021878141698758	-1.1045438079694636
-1.0218781590149675	-1.1045438230088747
-1.0206887895280587	-1.0889430208759598
-1.020749777716561	-1.0890174135663233
-0.9900947038519861	-1.0784270648784715
-0.9900558661506824	-1.0783766432184552
-1.0109813214301802	-1.0771351204112418
-1.0109812988269533	-1.0771351029236407
-1.0109509690994465	-1.1232106312892056
-1.0305945934503775	-1.1010439651557693
-1.0305946078880885	-1.1010439677000607
-0.9698117134293922	-1.1079508982884902
-0.969811711754828	-1.1079508978223154
-0.9759800257549982	-1.0755415198785954
-0.9759800142904695	-1.0755415126472991
-1.0246827345354548	-1.1238296377463808
-1.0246827600273234	-1.123829662625549
-1.0014130048617156	-1.065544654348433
-1.0013449211639611	-1.0654623547727287
-0.985341072158184	-1.1315050116466112
-0.9853453812878833	-1.1315116041105941
-1.016897106307973	-1.1314438200812063
-0.9905436055574538	-1.0651111399611735
-0.9905040834136221	-1.0650617846733643
-1.0326478981526752	-1.1182483958686165
-1.0326897621419242	-1.1183018398801248
-1.0070981236303704	-1.1388776618934051
-1.0071116575025485	-1.1388974036378785
-0.9652302821847939	-1.0789322902146319
-0.9652302768104947	-1.0789322903132323
-0.9789637406390298	-1.0640209636552318
-0.9789637416869249	-1.0640209447476587
-1.040577991272283	-1.1132935739421708
-1.0406404172129486	-1.1133703371033854
-0.9585927976012215	-1.1187812626867404
-0.9585927958749706	-1.1187812632057264
-0.9919108714497813	-1.0540808219073912
-0.9919108302973528	-1.0540807826117715
-0.954685521702525	-1.0853717767630071
-0.9546802675772738	-1.0853640131454994
-0.9803974178871795	-1.0524782041650034
-0.9803973936429611	-1.0524781841109623
-0.9758248343367266	-1.1467922973680185
-0.9758263509523639	-1.1467947883126766
-1.0274258870811122	-1.1461087529886873
-1.0274259745306358	-1.1461087652702884
-1.0366401939972079	-1.1397605506776831
-1.036685590937836	-1.1398212942656707
-0.9639666660587385	-1.0594419638601367
-1.0436365869225193	-1.1323145845361342
-1.0436366142890827	-1.1323146024222688
-0.9638909056107791	-1.0593408449795034
-1.0012865492369256	-1.1561044267424043
-1.001286548384287	-1.1561044271042067
-1.0507652441280024	-1.125850235513653
-1.0507652952996898	-1.1258502699472537
-0.9418335999216946	-1.092119184845174
-0.9418317417729263	-1.0921162604176669
-0.968073282117048	-1.0500185917088796
-0.9680359137212897	-1.0499707058120196
-0.9826161565963323	-1.0429112179144013
-0.9825354419216066	-1.0428144237097572
-0.9519464129412735	-1.060359396607296
-0.951918087037679	-1.0603200107454342
0.12426942421926562	-1.0670970842758727
0.12461322576379913	-1.0667758999592332
0.11653252724448965	-1.1922090742054356
0.11807953965313414	-1.1913300747309794
0.14680071855668753	-1.166794109004467
0.1469802507155514	-1.166944462410331
0.11922187341626445	-0.9847196025792312
0.12000080261147664	-0.9843048315097174
0.07209185682238183	-1.2505267150708503
0.07244630666781464	-1.2512586184714374
-0.1705708047478655	-1.0516152994191308
-0.1735324693798164	-1.06346148976461
0.09224753763857489	-0.9408191422594869
0.09163847570918757	-0.9394216978768379
0.17229954568036632	-1.2584908740189036
0.17227875995422157	-1.258617723139865
0.20222765570235796	-1.2250730797627973
0.20230938739335072	-1.2253681474920317
0.19219479561940833	-0.9574810111739976
0.19422346242881255	-0.9549549927493667
0.09155674985140959	-0.8650986378799628
0.0956666187376344	-0.8658026111233372
0.22835643758986948	-0.965124093332279
0.2925088627256732	-1.2294836217739253
0.29318297104111296	-1.229000052075347
0.29270867082550667	-0.9366564277529935
0.29267361883945736	-0.9365908623933048
0.33005080538723564	-1.0306731094163146
0.3301747238385023	-1.0307349753292703
0.33130047722146716	-1.2345915653168598
0.3679351334297136	-1.1234245732442112
0.3680270328709389	-1.123449724737184
0.4062823493518029	-1.2151398211477955
0.4063655953543315	-1.2151387597156693
0.4452825393877887	-1.3062537634863252
0.4453066254497379	-1.3062657772970094
-0.4889913980161753	-1.2315161959768548
-0.48874619436093947	-1.2328334632603097
0.4996843271473566	-0.9244603026688523
0.4995452320230641	-0.9232089809887658
1.0199664219869127	-1.1048204210715207
1.0200379586136987	-1.104939259393199
1.0027403450602208	-1.150541759228143
1.0025148628885419	-1.1507105307704457
0.9274488419801522	-1.0866883947848085
0.9266462717260406	-1.0867045928034258
0.9571578530145447	-1.0340258296691132
0.956669525283318	-1.0340738282482136
0.8874805222669551	-1.079233812555478
0.8874103025295166	-1.0784347176378948
1.070795272440743	-1.1974833162863052
1.0706792174673323	-1.197608055878469
1.0956811660632868	-1.1825629216678772
1.0956187571152796	-1.1828829472496265
0.9031695158362457	-1.1884657504177034
0.9031524764911787	-1.188497660592795
0.8547178200764451	-1.1096560277604994
0.8547102630985954	-1.1096767979164754
0.8918319213080634	-0.9720319312000371
0.8915521015242691	-0.9720422545803855
0.9511750561749696	-1.2689149367260728
0.9511734328381481	-1.2690293834720838
0.8027305414664682	-1.1193082412575852
0.8023977893243245	-1.1186048020832595
1.119178507118773	-1.2622652655513658
1.1192199655695005	-1.2622383851054935
0.8055989937536305	-1.0314769744194852
0.8056022940741782	-1.0314258921148491
1.1700646181084222	-1.2288006361615285
1.1702135670690796	-1.22867023288283
0.8333252725423794	-0.9224407912807814
0.8338438185987532	-0.9215757846733832
1.09580323955653	-1.3468652685121036
1.0960272891796883	-1.3469829813030738
0.7553128501265729	-0.9539786325733584
0.7552610797339356	-0.9540543796112164
0.7153766540038489	-1.132808758978564
0.7153752627658548	-1.1339851875592248
1.1731043995713595	-1.3336505328603667
1.1731159983490733	-1.3337533934439385
1.2503201375464674	-1.2856078213913174
1.2504526546880552	-1.2857614666631092
0.6753537881403112	-1.134249871201473
1.2483948089972703	-0.8807026564801312
1.2505785318935125	-0.8742182414998911
0.7315197406622866	-0.8557028182303625
0.7069361695754149	-0.8792451885440635
0.6730591675078039	-1.2680893630889292
0.6730635195204979	-1.2682201205100712
0.7061526905315667	-0.8789456476735463
0.7258081187481912	-0.8548158113273754
0.6301160126749197	-1.1811540566743668
0.6301139565585011	-1.1812050686664597
1.9798439406705868	-1.024009885492017
1.9798832603546836	-1.0225322509794852
2.347562725376522	-1.0842569076874282
2.348611701398611	-1.0841661433055187
1.614032871393405	-0.9546505199588005
1.6130053022602309	-0.9557787326526619
3.088880243830139	-1.1906748284788469
3.0892286715767168	-1.1903337170395318
2.718064499578	-1.1395823906855616
2.7177136479677304	-1.1396015321723383
3.4613647962128664	-1.2375856021909466
3.4614340895299227	-1.2379066768493745
3.8346788837490466	-1.2817864301523143
3.834874585918575	-1.282013617806014
4.208924700428168	-1.323387927281027
4.209216815071354	-1.3234560963723458
18.044234937034517	-1.3179375461141551
18.92149830157589	-1.3211301553704358
18.802208354471073	-1.2767448558554477
20.011713330001186	-1.2972080028099449
19.742229623265327	-1.2466385715363262
19.724209134223468	-1.3460935218492178
19.650538397578046	-1.2874683105734248
20.84902481656914	-1.218733505364486
21.028829333642594	-1.318308247144878
20.78010759718353	-1.1246873041872985
20.755574978646106	-1.3368878631209111
21.294643483858408	-1.3447104573483566
20.560245556070708	-1.2897305622884878
21.490748514303974	-1.3265484696174947
22.093927712585135	-1.192488574749872
21.99694531933916	-1.2508183073782695
22.102654527881548	-1.2324171655489105
22.030909576979184	-1.2681085658395617
21.88377345937587	-1.230437651621024
22.203152827959823	-1.229288389904431
22.25007738144821	-1.217990526948353
21.86847080399435	-1.3467038449655802
21.692439686391552	-1.1109795858353027
22.317930237070495	-1.1914601357500554
22.24845663525284	-1.348555303345357
22.393352364035955	-1.1975940924270734
22.415054345245462	-1.1353447555909777
22.42898966692058	-1.265271635083672
21.564932631941574	-1.2541256031004622
21.535510828093027	-1.195627187222965
22.47738040425482	-1.2219610268922487
21.517168945844148	-1.2398823376739567
21.556073392484695	-1.3443661158918703
22.496331392913966	-1.2084341302212755
23.02152076907998	-1.2000387060806312
23.01337033252853	-1.210283858551835
22.937097659076073	-1.2503651833752365
23.165390997900918	-1.1237849385195717
23.171275064550723	-1.03226870865442
23.18301982471197	-1.1510281254528807
23.214686054720964	-1.022334788853008
23.141917678657464	-1.281790335441565
23.260387372093888	-1.085947716250715
22.714596832714555	-1.1414547868036904
23.183734960174696	-1.3346092395082823
23.35807869065018	-1.1634935298770237
23.35846630919589	-1.2394429144248487
23.42292886361634	-1.2232636323529473
23.443954749526082	-1.1527501781505394
24.02784926042074	-1.134806181066105
24.049575654051182	-1.1090416738003541
24.08094253121767	-1.1414904637653147
24.07413349877057	-1.0470642659210536
23.930508334305582	-1.2205806592754556
24.119153928904463	-1.0246391588635377
24.05025018878809	-1.2395750880566712
23.845572892143313	-1.1355858829016676
24.141115311596685	-1.0261852431881482
23.85602515176305	-1.0238154923888976
24.09906426697311	-0.9669340963802242
24.12343680612906	-1.2286971369972448
23.824159706922728	-1.1962753023961004
23.80736992814517	-1.279886595459894
24.266844730004856	-1.085682173050861
23.820710427586903	-1.3103644973071236
24.277639035319435	-1.1016843106088219
24.28488893755353	-1.1375589792435108
24.25014137611687	-1.2475751554595882
23.69159728948689	-1.0461848482924956
24.340902132771337	-1.0695564320251625
24.297740589008075	-1.2918849218868675
23.67338814433578	-1.3360477257797605
24.38739540564322	-1.24033037146831
24.386461224868096	-1.2832214086849536
24.434573425599485	-1.1118904656919302
25.049636124174093	-1.0745939078064783
25.067150181688916	-1.101351323786759
24.962251047961537	-1.011264383366779
25.046070967623326	-1.0145873371632805
25.02637489515994	-0.9520064054091126
25.14854129816078	-1.1319997947989873
25.10213369657613	-0.9657571692806778
25.12301804003287	-0.9825929022623882
24.98463590783086	-1.2852416489285874
24.893491948676335	-1.2649724445132464
24.816611550639532	-1.0242282542577585
24.80162620703169	-1.1314992925027358
25.173665212392308	-0.9544923761302386
24.777655118831596	-1.147504808035484
24.776510150570825	-1.1703696421565852
25.261611855358893	-1.049910686051499
25.262778411670155	-1.1660369185686887
25.270924181962233	-1.1201168281295033
25.190146478253283	-1.302636143678025
24.81611714808726	-1.3160597818497999
24.73729526021249	-1.2213993549491384
24.709790613989178	-1.167527492116081
24.74857969291268	-1.2637818641827856
25.325989055805003	-1.184930762101682
25.294899538344264	-1.2955120420689137
25.391096326226766	-1.1530823089581281
24.586803454359963	-1.2942041206110797
26.002345448631935	-1.0572432905378093
26.086003190220417	-1.1002394045472887
25.956572855807895	-1.0162069204134199
26.090476648901998	-1.1314878681447755
26.08954767254782	-1.0538916957477134
26.012310420931485	-0.9792597215940761
25.896438293745472	-1.004379974502339
26.13950853002788	-1.077909455401216
26.07233113005015	-0.9606900077783167
25.99538857907018	-0.9249426665032283
25.978372835674268	-0.921980212024813
26.05081028680293	-1.283203526846659
26.147807192980277	-1.2438554057221567
26.09609128185984	-1.2955157628570477
26.132499697439947	-1.3046491276036276
26.20954649364614	-1.2347447501624802
26.114495718943708	-1.331672495801302
26.17663308466001	-1.2978565799821544
25.736923428994217	-1.1750038045365903
26.279276025990537	-1.1043442030012722
25.866222061891456	-1.3453936934742434
25.723256988004973	-1.034140719295008
25.722806872440465	-1.2124809947874873
26.29531119305454	-1.0106859931383236
25.68847929964475	-1.1451516161635038
25.73943838419477	-1.2910039917772114
25.690540816556364	-1.1964028891532212
25.68306162493054	-1.2983534085112163
25.65181881913292	-0.9542476847725643
25.63423759063581	-0.9541303850766883
25.6428983001994	-1.2905727983882782
26.367949567347868	-0.921343460914922
26.391616437151416	-1.3019339805083903
26.43061230862336	-0.9585199808827775
27.05206086995963	-1.106888161775515
27.017201686722196	-1.2102442248746559
26.99169715626184	-1.2320881944535995
27.023640189369665	-1.2428750066529857
27.062785041772905	-1.2520973659352848
26.96573844959231	-1.2640569856888653
26.887932480559105	-0.970838828979705
26.92342373954303	-0.9423163325465593
27.070501523427	-0.9316158885700171
27.079212834423576	-0.931778399951066
27.07570319992484	-1.2780407893106278
26.805904849019477	-1.2011049672709109
27.028735547620972	-1.319037089094679
27.203491547810785	-1.0034324166711492
27.125247114312504	-1.2996297286787648
26.859481175190712	-0.9092531853461394
26.834675727587832	-0.924322309933797
26.743429221568142	-1.0275943967696137
26.73260616608996	-1.004738380902352
26.835949094449376	-1.3498766093467758
26.719204439889058	-0.9250981192354939
27.25486099345193	-1.3356725728003644
27.35142635537297	-1.0551602908180568
26.698874228586707	-0.9054277558335384
26.624131313311533	-1.0554400991278092
27.361921874092562	-1.2555380782597512
26.60788487560598	-1.2266851850880738
26.5835924360468	-1.1683295652209829
27.418382813069666	-1.1594073895868289
26.605545590784168	-1.2571346240594607
27.434154792718996	-1.0471406677397217
26.569852208514273	-1.1844549382759004
26.5672439688788	-1.2528140977239686
27.44336773735558	-1.2239871028086897
26.603234371057425	-1.3432020528737847
27.45410149137376	-1.233523006428021
26.584401970907965	-1.3492834430338139
27.46758704378259	-0.9596410501131205
27.46104820347634	-1.3039987911503683
27.48055949322542	-1.3405167277768375
27.984796330144718	-1.0440815956008451
27.959071661465764	-1.1438536944853397
27.87337764024742	-1.1039619523979352
28.05132943209122	-0.9712468151246851
27.89256414703069	-1.2165433288027885
28.170529888748362	-1.1292228143438168
27.872850046261487	-1.219072320373777
27.867233847392487	-1.2544668648069226
28.01080645999828	-1.314330839899363
28.1642351256341	-1.2606624214447582
27.847454099073943	-1.2811962454914192
28.194919676951752	-0.9635399443259706
27.89602836898249	-1.3145789828893373
27.908499134300385	-1.3257309723339334
28.240558631959736	-1.1410965266834956
27.827134081176776	-0.9269694575988849
28.085374277323847	-1.3338158499388428
27.92651574938184	-1.3432220911726527
28.25655800160036	-1.031540487527469
27.77414736585717	-0.9324069134466719
27.706749321262144	-1.0016105700916746
27.808929958044363	-1.3433785995311165
28.21880698415549	-1.3380625794203596
28.298817401873297	-1.2366274493557292
28.287132563363073	-1.283828895124759
27.717260027783183	-0.892458711648104
28.289626167448002	-0.8876397346947726
28.295819804282353	-0.8924946065216193
27.686646076851726	-0.9106603697968041
27.702528773702927	-0.8832768820227586
28.37296543230223	-1.0610496096107485
28.35177913011807	-1.2993557696431823
27.55522616644683	-1.0225109082128958
28.42606707090215	-0.8962682062062688
28.463800751658262	-1.2068118807091075
28.44201138329086	-1.3167723835455458
28.453174122777494	-0.9004317433361302
28.484935627168856	-0.9458397314619271
27.527151837716843	-1.2997213794668863
27.528116533137265	-0.8956210171886362
27.505881192546962	-0.8842814939258069
29.01671330121046	-0.9698652190069851
29.020874266616104	-1.243809687893334
29.07302410047589	-1.2263840944013995
28.929880215491785	-1.2330008317271344
29.152099619424437	-1.0798236988654468
29.159589696575853	-1.098018356800997
29.033586697987463	-0.9266141868831789
28.80487161882669	-1.129778564213547
29.045657854185684	-0.903772798025642
29.12844906558113	-1.2579827513298432
29.117248634050654	-1.26805719619147
29.15007240807654	-1.2454145338439753
28.87120904198409	-0.9324403126947874
28.921991196055426	-1.3084729248359672
28.785856307724117	-1.1719940061235297
29.12391238115397	-1.2941701341107088
28.80664629908486	-0.9416770999522698
28.78831522443484	-1.250709976293645
29.259207177484022	-1.0128207054779719
29.14805541499973	-1.344191476396507
28.81576951382448	-1.3327217946203693
28.73508232765122	-1.2353908396957924
28.737662854844594	-1.2763598908406375
29.223147580945884	-0.8759312519997513
28.76235113369586	-1.3297096652088771
29.328800618637956	-1.0558553689833383
29.25377190524995	-0.8787497516185204
28.722008337175016	-1.2958976056558165
28.656174520440672	-1.1193259137804523
29.324683144939385	-1.2380470008429465
28.631455399558245	-1.1588999549305878
28.622669300401665	-1.2947322586625833
29.41308219317123	-1.2255455686234147
29.41025084547987	-0.9497558542300443
28.561215553683343	-1.1265764204774324
28.554430920498564	-1.0430539858629784
29.391124852198807	-1.3329392574363093
28.584047917490658	-1.3049284564917283
29.44659558212882	-1.22802928929159
28.559592935787567	-0.9169478593986492
29.47487797055877	-1.2598162213374682
28.5026262419712	-1.3065232652146839
28.513262647809	-0.867686840504202
28.50654492310629	-0.8819535079099252
30.058091762890115	-1.1444738172575952
29.93161819270691	-1.0466296047581587
29.959403852561522	-1.1892503719858873
30.05676679047989	-1.1958251485068245
30.071594842408405	-1.2042792261515536
30.015657419693937	-1.258815231328597
29.930698653701814	-1.2471951045757228
30.11486192117116	-0.9837049429058414
30.011311608958405	-1.2708478396532152
29.973670282813277	-0.9300486127491467
29.935000035316534	-0.8824230584741032
29.838630553703993	-0.929521811363158
29.82009170670675	-1.252018955830794
30.229586477651473	-1.026223793593333
29.960925274701804	-1.3422911794806052
30.031325484040565	-1.345000587046367
30.162348240592102	-1.3013328470257737
29.74476520271104	-1.1972173618398017
29.73546344372182	-1.2036447347442674
30.272981062329634	-1.1798287856624627
29.765852820481644	-1.270644009249127
29.753464354867823	-0.9315608045668512
29.81281287155156	-1.3341960513951316
30.301284909929763	-1.0014703985676565
30.310094506017347	-1.1661958446907572
30.22549828124825	-1.3286425881786226
29.683549686571897	-1.1868727130726338
29.72930461372771	-0.897989098171354
29.667550314696587	-1.160704437820904
30.269425507094855	-0.8847366326223285
30.35198390611619	-0.967559318124368
30.31274171853551	-1.3164502343781934
30.380693635654463	-1.1669591038201272
29.631024760508392	-1.226082155880964
30.382796424483324	-1.1863780600833223
30.37673550226562	-1.2521383496272913
30.360353853130913	-1.3117579984208398
30.425346483826658	-1.1708506563409296
29.571799279144305	-1.1612252372208556
30.44436037501813	-1.1354429879740242
30.40930044073962	-1.3065495504232678
29.586693292323215	-1.3052653971254253
30.388811265450254	-1.3487958342997262
29.59686469013409	-0.8694370740774474
29.536526765448745	-1.211010037482515
29.523224451206104	-1.134886264402429
29.562701496983557	-1.3085922301948363
30.418631682901562	-0.8552604826954189
30.457439676950518	-1.3157226015024617
29.517114962952782	-0.8970367123901555
30.973455244756284	-1.1238587739360821
31.03111008479672	-1.1223698563078701
31.01970855882438	-1.1335434629258652
31.048386708406703	-1.122824269094165
30.93756811326253	-1.0369157986333992
30.842076658734985	-1.1002275277889597
31.145565347072715	-1.172562655350254
30.836152259828317	-1.1183267900773166
31.160095969548163	-1.0460816995822357
30.95060010928478	-0.9265349713403989
31.164310219965667	-1.177589599430933
30.846644712740044	-1.2045890187755803
30.986914882116928	-1.2933328854343342
30.812290335062947	-1.1770573185482232
31.209713703385987	-1.1472421563556046
31.16616978383417	-1.2370290381209903
31.117543817449324	-1.294315467980736
30.85169029337823	-1.2808664679198536
30.834397456588846	-1.2655821309769089
30.769282723382542	-1.147015489790281
30.767664348878125	-0.9915258091819115
30.89717100164274	-1.3362908653849699
31.240997039784546	-1.222932582808444
30.751398678468075	-1.2543669138828468
31.294109833018023	-1.0565961907952597
30.701873300591956	-1.1471482782633098
30.700483274567848	-1.1547995016431023
30.773153329858324	-1.3193291372630407
31.306170182747938	-1.1769909955176905
31.32159062256803	-1.1263495668623515
31.226707958374185	-1.3366632443657365
31.23445340890216	-1.337949854214052
31.337156043628895	-1.120000474376476
31.284410893921418	-1.304412143821084
31.307398051821185	-0.9243351928289432
30.70567761297628	-0.8955588967251212
30.66287879737522	-0.9136370559966213
31.349158338959445	-0.9102881806421322
31.357000802934365	-1.2757407664713054
31.381389054815767	-1.228855534091833
31.333593143648805	-1.3450307989108856
30.585317290893137	-1.043213458220761
31.408959797353724	-0.9845035371807181
31.37343770726033	-0.8952059694010722
31.369682283914525	-1.3422280206587227
30.57966293070803	-0.9310464741201985
30.56414248361894	-1.2734876598765923
31.46962213307031	-1.165619952325472
31.465399224695982	-1.2157636964899035
30.524159135463815	-0.9393302808089261
30.501197566332	-1.1762143835148005
31.464630660889934	-0.8556233114634457
-1.5815080627103602	-1.8288091773186064
-1.5400795893568748	-1.8304366953367721
-1.52254588840008	-1.8001084302161703
-1.522434974600014	-1.7999181177697594
-1.505138594855386	-1.7705460118510616
-1.0028725540985137	-1.6031082497379943
-1.002872554087226	-1.603108249759187
-1.0561644358857838	-1.5864486829524036
-1.0561644358958129	-1.5864486829576943
-1.0361747133504995	-1.6688744218819052
-1.0350010237216936	-1.674330501501108
-0.9495694311651603	-1.6656285006324727
-0.9495694311462328	-1.665628500637045
-0.9321148732722352	-1.5515077005023585
-0.9321148694176326	-1.5515076783216726
-0.9826732659567772	-1.5098190835762735
-0.9826732525835561	-1.5098190270126852
-1.0347087504934398	-1.5069287009549175
-1.0347087132527912	-1.5069285716005294
-1.0763705760161826	-1.6731266983858126
-1.076370596398712	-1.6731267935230227
-1.0209815865815708	-1.7056471023164201
-1.020981592861085	-1.7056471423398185
-1.1120360508461427	-1.600949424275854
-1.1120360508522096	-1.6009494242933668
-1.0901986233546337	-1.5307646380986981
-1.090198541384621	-1.5307643876882504
-0.8804673580931283	-1.6546238131174202
-0.8804673587707594	-1.6546238193769858
-1.132270928931462	-1.6150606487647918
-1.1366528231172404	-1.6216976675709882
-1.0679462679203209	-1.465821776753831
-1.0679462679617797	-1.4658217767400965
-1.1503880150230383	-1.575027027223064
-1.1503881913299594	-1.5750275220214338
-1.1284024220608138	-1.5156256692210381
-1.1284024221574973	-1.5156256692160068
-1.1331425847626415	-1.6768582705590378
-1.1331426383208958	-1.6768584756217326
-0.8637782953467192	-1.5237069871296927
-0.8637782952839389	-1.523706987140757
-0.9271268947788439	-1.7413114713439588
-0.9265725836663612	-1.7437777769508116
-1.012449909148087	-1.4339407180100963
-1.0124499091782047	-1.4339407179719152
-0.9121892454090939	-1.4486501800875378
-0.9121892453846976	-1.4486501800964744
-1.1064010196614402	-1.460217655895879
-1.1064007779908482	-1.4602170668464658
-1.1721727943818039	-1.6387764208444389
-1.1721727944055818	-1.6387764208169209
-0.961003804931925	-1.4249635884340588
-0.9610038049146629	-1.4249635883447755
-1.1730622909359383	-1.5289975712770056
-1.1730627374621176	-1.5289986283364194
-1.0947911116348579	-1.767608534404284
-1.0947911116584017	-1.7676085344647832
-1.1516499891675547	-1.47999147038216
-0.963810779743164	-1.7920215174370322
-0.9638107810284985	-1.7920215310447893
-1.1946392339744256	-1.5811702059224375
-1.1774132017698142	-1.6909286946012305
-1.0455338657004007	-1.4056680518732207
-1.0455337416349464	-1.4056677313093582
-1.2007986931755439	-1.580101804543095
-0.8156834128350461	-1.6850440360367676
-0.815682991870687	-1.685044058175943
-1.2008479296464685	-1.553206591804485
-1.163646372491781	-1.4717734062035264
-1.08453048577077	-1.4084730918310813
-1.1304921061873956	-1.433906224629814
-1.1307927423855266	-1.4336460462915097
-0.7985476742775599	-1.5297378740825254
-0.7985476728987836	-1.529737873146852
-1.2162671310549393	-1.6367727534951353
-1.204683603902093	-1.520214020984497
-1.1531319464588357	-1.7589959409116664
-1.1531324985504066	-1.7589966531457157
-1.198496729267118	-1.6965862972179526
-1.1841964359707042	-1.4779655726538865
-1.036288740981566	-1.818250358626901
-1.036288740980202	-1.8182503586435135
-1.1935262471346288	-1.7072508716744292
-1.1935274574305113	-1.7072509462429777
-1.224333071558043	-1.6351596545884801
0.08315324029836542	-1.6000455827294235
0.0832225922726623	-1.600260486114602
0.07316980629647186	-1.6940727362317514
0.07317293039163472	-1.694119372107565
0.12827684814110832	-1.528740564457653
0.12848882472960613	-1.5289553881555291
0.0716716801802468	-1.44773699020631
0.07194638625665523	-1.447784069792434
0.13491644911011935	-1.7096587876420055
0.13488350735591395	-1.7097059514659887
-0.1741655285748322	-1.5908500789287487
-0.17454877271879857	-1.5927123259037126
0.07587622009354508	-1.7872823102130777
0.0763512441453881	-1.7874899219905271
0.08791517523820304	-1.387095704399553
0.08800660847581362	-1.3870308915064857
0.14659947299655435	-1.7823079748335335
0.14645803126863852	-1.7824440654632199
0.21631672016351103	-1.4868435442846044
0.21651952947745948	-1.4867270259579397
0.19801736232875206	-1.7637011508475724
0.19818120958821506	-1.7636588883746087
0.2533664562812243	-1.5373220916462673
0.25350356823553616	-1.5372874379986046
0.22434172589207294	-1.4458158343517409
0.22449874798929664	-1.4458407328235765
0.28368726316361176	-1.6289745868429235
0.28376565632487377	-1.6291805895693257
0.19715006215854464	-1.3534710963924768
0.19733490574162676	-1.353564092468847
0.31062412109877563	-1.4957673725238787
0.3106786311143059	-1.4956882695199558
0.3137060635804492	-1.7235104632705498
0.31398885697754003	-1.724148585694584
0.3196995234404102	-1.765192328071867
0.31974649763607854	-1.7651833405954096
0.33820198284842945	-1.8255896350127359
0.3384223695578364	-1.826648419745427
0.39642604015193217	-1.5006244368297907
0.3966524396507868	-1.5005658711941396
0.4359523719343721	-1.50507613542622
0.41805718005038817	-1.7689510925918863
0.49269046657034177	-1.7237199302752089
0.48870120702294395	-1.7483804240000262
0.4856217742943299	-1.3988891508047219
0.48557499668837395	-1.3967140913603382
1.0454067607316533	-1.60282767021197
1.0452895129613464	-1.606257419082862
1.046621612419697	-1.5989638867865874
1.0471026840840099	-1.5965338680879977
1.0348214421578439	-1.6540749319924992
1.0347918795737483	-1.6541278310902536
0.9515646543329397	-1.6632480800319214
0.9514922886991954	-1.6633357353191964
0.9417115803812599	-1.6651872230340778
0.9400421629667455	-1.6675973157191155
0.9122382401039276	-1.6635284001247392
0.9411472923091992	-1.484666369912933
0.940619625213215	-1.484149608802871
0.9290504921617985	-1.4841330153321204
1.13124027146644	-1.6363367724566769
1.1312623801762163	-1.636346637000467
0.9290232747859702	-1.483068133241337
1.1246044576484848	-1.6602708957440637
1.1244780049122702	-1.6605733760526191
1.1463626551154134	-1.6720813432019908
1.1469036965041526	-1.6719874666502623
1.0708112004483925	-1.442678703454321
1.0712922313894016	-1.4425406993182528
1.1638529834799805	-1.4872989064896989
1.1635869440323137	-1.4867570393825622
1.2002861185172502	-1.5155293942505108
1.2005916388235718	-1.5158083618375613
1.2181703249454479	-1.6045359946985291
1.2182070065735426	-1.604094987336341
1.1939032319635003	-1.7125213671418238
1.1940953745318876	-1.712966614792093
0.9176484439728179	-1.3861319872029465
0.9176533322990303	-1.3859351652866818
1.2298370841538648	-1.6163041518146073
1.2298739276458268	-1.6163344262570725
1.0124468974096232	-1.3634058300994627
1.0124039915197443	-1.3633441803665383
1.0017081425751795	-1.354046571421061
1.001550501973582	-1.3538400763404703
1.2216251356046512	-1.7295235925104546
0.7754539415665542	-1.4754760141622811
1.2216676298599232	-1.7298564397328007
0.7745318152722144	-1.4747308575284985
0.8336073573918783	-1.397068039403091
0.8337196808548372	-1.3967268264711068
0.7277245283856246	-1.6511292667060413
0.7266986678707201	-1.651149574729091
0.7531467070030742	-1.730486075899015
0.7254938630753829	-1.6623690869211065
0.7247484360923431	-1.6635298840527346
0.744778855536776	-1.72347135656212
0.7513252138720508	-1.740006310171232
1.1804465635249581	-1.3757870129527565
1.18059816600639	-1.3756703685806018
0.794194270663906	-1.397528903150808
0.7406288397880647	-1.7317652415101494
1.2287765369864394	-1.4115932582353814
1.228626751123416	-1.4114039755291008
1.2548879072412562	-1.7517992303971612
1.2549261029950625	-1.7519843435978455
0.7618975895727121	-1.7834380638152065
0.7538942006952067	-1.7730989403168849
0.7608176776283646	-1.7941174905752724
0.7423742165165024	-1.7721986777695615
0.7654940145809631	-1.8029685484852194
0.7685874566137327	-1.8071280039904654
0.7398613586760779	-1.7704025368322203
0.7352805265915596	-1.7666983811682233
0.7486075699454481	-1.7922967595445942
0.7735309634787003	-1.822247115871591
1.276045924291025	-1.4349991343908373
1.2760127717593044	-1.4347710035314076
1.3010198086008766	-1.4847158885674845
1.3013258264591339	-1.4846380640394334
0.7621723082743421	-1.8188844491767278
0.775019157708236	-1.8343424297025985
1.9519121416726668	-1.788410900637005
1.9524695673614298	-1.7888260356952643
1.86305766318546	-1.80873378911726
1.8621341153201059	-1.8085709861392936
1.7932340158300715	-1.7627211980939752
1.7923806321707052	-1.7626500382255053
1.8480041645484304	-1.8265076801360252
1.8476069489205313	-1.8266308089491183
1.7661678662021967	-1.765050404107091
1.7655681838076023	-1.7647978343029749
1.7313820276134662	-1.7219557769514953
1.730681656082405	-1.7222574675266629
1.8289188755249612	-1.849173743160069
1.829001834671956	-1.849375818540422
1.7852891956895747	-1.8329741489938782
1.7855186554949227	-1.8332238152407305
1.6784770076869842	-1.6626287924730412
1.6784073493447087	-1.66253812068924
1.741422844732877	-1.8151296514274466
1.7413310194151426	-1.815408001497937
1.6671210159567968	-1.6887040550894103
1.6662801286222384	-1.6887791006268398
1.6956682281241002	-1.7633085319218391
1.6957492171733695	-1.763652791832995
1.6996176876447913	-1.7996323687389377
1.6987464498078546	-1.7984671135145616
1.6828855887096625	-1.8075368252483295
1.6902740526666724	-1.820257233309719
1.6111021822511455	-1.6172050209082967
1.611063355050256	-1.6171710819909784
1.651480097339643	-1.7799348094327696
1.6006333199268148	-1.6522124880127682
1.6000321160207103	-1.6523237067413075
1.6240119241556579	-1.75524382400712
1.6184392632749156	-1.7548001635772257
4.95996151200634	-1.400007850672589
4.960079998940575	-1.399841387013843
5.33655213272808	-1.435532767781714
5.336510741683408	-1.4353279350517196
4.584291445469447	-1.362629000756384
4.584064716650348	-1.362706289104023
6.091208778074081	-1.5019148824235926
6.091544739149247	-1.5018953998480624
5.71375908868327	-1.469450594965281
5.713567828593067	-1.4692966031556904
6.469567771628331	-1.533296797655501
6.4697012016868625	-1.5329710671027945
6.848432968983641	-1.5632063943385894
6.848337300477965	-1.5630626690940823
7.227483839939435	-1.5917088386114278
7.227594607791606	-1.592218927519244
7.986171378287438	-1.646153520034873
7.98683214447697	-1.6468153050359857
8.365126115617118	-1.6736088968948217
8.366805830224449	-1.671567645743625
7.607350424834441	-1.6197169108068348
7.606581769122684	-1.6196781458171523
9.119364930892106	-1.7261110213816326
9.130645794328064	-1.7220984250479492
8.747191123905843	-1.7013070340606264
8.74390542678512	-1.6955850200541536
9.891602510987612	-1.7712961993067595
9.88267645437177	-1.783877031388038
10.257866318807645	-1.7998879505615526
10.289967751962372	-1.8053609009264875
9.509107237311675	-1.7578794014388848
9.502357028197904	-1.7441314313070853
11.03356035103586	-1.8157360470232844
10.669282874552069	-1.8052247417130824
11.817116249236163	-1.8470507816368886
13.41002070507625	-1.8141795087648167
13.999753111714735	-1.7875849935701584
15.122915338806541	-1.7558694567904096
15.010252361690657	-1.8140109609966444
15.174535934474243	-1.744370493693138
15.360162216323042	-1.7886913696159499
14.588908503080667	-1.8157819426514503
14.541176058048835	-1.7969891275000927
16.019961044291588	-1.6874319576297008
16.18979293211506	-1.6972562969347564
16.147939295997837	-1.7728544414604177
15.795884216213238	-1.8030646575350302
15.726312530533061	-1.699040296481318
16.289869900704716	-1.69955395018329
15.57923210524885	-1.7837226103785857
16.824790538488	-1.6419826729590647
16.936484626525782	-1.795041496963854
16.856814447502735	-1.749352698930897
16.74838586480142	-1.6149648602108282
16.71846736145438	-1.612887282866609
16.692347611358784	-1.6324817119190511
17.340614305619336	-1.4330649946044922
17.358883638867695	-1.7877738070034481
17.402491097341198	-1.4899308022547673
17.415472410160156	-1.651115032021873
17.469277382187077	-1.6305865859555413
16.51584234559069	-1.8278832249685686
18.178363551752998	-1.661467846418987
18.123741305385437	-1.3875871498448205
17.724717311145774	-1.6165829564774776
18.30656890903404	-1.6171236586412978
18.312250507050315	-1.475662005668353
17.653580962446355	-1.6747493483894986
17.58650798699008	-1.622712385869832
18.450980211284147	-1.5941216717485014
18.455164604669893	-1.523933127048842
19.081771099263094	-1.6790528434544076
19.07267791754316	-1.4835276747174253
19.03705102865106	-1.7829874133203008
18.848316087071282	-1.757623052021561
19.220095609055743	-1.5220428610538788
19.053748354752024	-1.8300080825769331
18.970110309963673	-1.3536789670780585
19.217109329640536	-1.4577370351544883
19.160511715687495	-1.8170262326164728
19.119014872160623	-1.8487674225869806
19.27089133527709	-1.5273469599335447
19.33226758299843	-1.659917071478536
19.359421793672173	-1.551263787317201
19.428725793025748	-1.5993998728509273
18.511339280816316	-1.6620947520248859
19.496739728026874	-1.846336287446226
19.951602379121503	-1.5004542557207623
20.00885609359774	-1.486386016382473
20.07197753894841	-1.712279949607411
19.867044054941744	-1.6197997208031139
20.133394899984452	-1.566457364302983
20.095174832990896	-1.4712053774102087
19.899146091396965	-1.7387876436704524
19.80223811872631	-1.6688633752148747
20.161481027467513	-1.4498382092566473
19.821244204366387	-1.4017297162541325
19.857931984814233	-1.8493219939173884
20.29444721168028	-1.6747991093340682
20.285133077697395	-1.494165501490857
20.30836389429379	-1.584098943056752
19.72970862652786	-1.770690669878041
20.363722213957278	-1.834549444284294
19.624274958056066	-1.8351792376831892
20.46683519847025	-1.8187336719303557
20.45623045741901	-1.3533429515830795
20.48937617328497	-1.8340655014663054
20.849352125960134	-1.6182178115986952
21.172438271050012	-1.6182517703280257
21.128557000730137	-1.7194717270264293
20.89584631449565	-1.450540313236215
20.98803729410193	-1.417400857854221
21.058122422641983	-1.4133353265802802
20.792346769368994	-1.5443905972343117
20.86174081593883	-1.769474711972
21.210872963523958	-1.498949156311677
20.8379855340507	-1.7915397041508427
20.748294882439463	-1.6341565478788673
20.793822387879786	-1.4293296992645244
20.724715158673984	-1.627285446781344
20.74935751226544	-1.8044846147677165
20.716774751725126	-1.4141272302976102
21.380894534642405	-1.6142816874613988
21.319485433772954	-1.831714270012939
21.367014924224037	-1.7647488865929328
20.51765375434176	-1.6845808091764947
21.441416301624685	-1.815803453812548
22.06248480184571	-1.5670474415553406
21.94641474547642	-1.5455896389720338
22.099577490312008	-1.6253653532383046
22.06481471416021	-1.687169944251919
21.845996373712868	-1.6731480679520732
22.07516891672882	-1.4460054075966313
22.159842083915056	-1.6683055869955723
22.106492254374494	-1.421593852225921
22.116726491712427	-1.7821997915422596
21.82026378789593	-1.8265911093906604
22.24047480932595	-1.7737185916647467
22.251118779145084	-1.7598794681764736
21.698671138329154	-1.4972374088176699
22.339762814962196	-1.5211318365273327
21.678200753420402	-1.4397139708145186
21.619080957868846	-1.6545646826071168
22.42138278391032	-1.6623036796837314
21.571287546809547	-1.6382448395356812
21.602039987372006	-1.3610965328291496
21.55284776720446	-1.449894532348444
22.442158967878324	-1.7783853791798894
22.47602856637968	-1.4882121029014739
22.48730633173085	-1.3997460274462223
23.00737556829591	-1.6380448391981648
22.97768499435183	-1.5528981228794883
22.918012525429358	-1.5579093791203282
23.08838944092112	-1.6876046102733193
22.927164681842335	-1.4896887473743576
23.072693178716232	-1.4840604693294506
22.983588127261804	-1.4394069837381605
22.870272739797905	-1.4934504920210478
22.83902371269406	-1.6538392000370143
22.970593305647277	-1.419966892625932
22.932174761132686	-1.7905774804151564
22.774105986918844	-1.6232840564268618
23.22019763703101	-1.6694961894051699
23.073761693155678	-1.369293176676961
22.73051261756414	-1.6659243842887919
22.811277908385897	-1.811498454519859
23.273859519930383	-1.4689591075060642
22.711629386414796	-1.4897406558671844
22.689225547060175	-1.6819228404651068
23.365848191792136	-1.7570543404534062
22.62215109232955	-1.760856606228782
23.426483708923513	-1.47282588235647
23.424530972226304	-1.4244563109090111
22.547309081146928	-1.5027789050433344
22.569634652123526	-1.4193767726975117
23.499131530715374	-1.459868019306904
23.969593512931922	-1.6209348104868013
23.99849823626639	-1.6519996922909197
24.03393772452168	-1.4719279502204226
23.865114602354666	-1.5958004166854396
24.189088086043235	-1.5865116008140847
24.013818866692265	-1.8061832615498141
24.06927655362692	-1.7990936178353563
23.863973099152602	-1.4144896548198718
23.808460662095722	-1.749969564720054
23.815613431250355	-1.4380200770540938
23.7448211178613	-1.5417900402447007
23.84934957444767	-1.3836683230444944
24.230723629532587	-1.7630720782706293
24.25547988338218	-1.445887294924097
24.290087850830925	-1.4650971667410642
23.697277202779187	-1.75924845955879
24.287718645418163	-1.7869248274137792
23.63515120505324	-1.6565001795942584
23.629081362765763	-1.507596050042677
23.57218457231768	-1.5382786066129697
23.602809143235334	-1.4191334599431407
23.564706420059203	-1.6718281653852065
24.41240824264413	-1.387225271978697
24.454735184813607	-1.717358060143714
24.410721094136495	-1.8332568604058106
24.480241303837673	-1.598449123365222
23.558422806162557	-1.370276465897698
24.90579740518629	-1.6033675702956687
24.91151915340615	-1.6393329262249212
24.88290503846612	-1.6608869603458412
24.97870284943015	-1.4597687235839643
25.14616809642323	-1.6064289655388926
24.908712544164352	-1.4729610283466088
25.08015638605859	-1.4559127628182766
25.047413095888114	-1.7665388695520792
24.81719052088336	-1.6200025384896146
25.190533833861185	-1.7348792154892858
24.79807572089743	-1.482219498238766
25.241494377973662	-1.536449349443995
24.843085132513302	-1.8020465188784336
25.26048868835254	-1.5885644860543557
24.736377838606973	-1.7083744555818967
25.17784673869635	-1.3599627971079518
24.713203170952724	-1.6884095442954197
25.24391590864876	-1.411597583050371
24.71071487464345	-1.4177544300218181
25.290062499135956	-1.7830801254088586
24.669498068529446	-1.5050718587635947
25.33809307122076	-1.4124708107466866
25.388177341971513	-1.4634443936687083
25.41572107053578	-1.7454118968250414
25.485761007609057	-1.506151875590288
25.986626654655335	-1.5605335273692127
26.04214204661215	-1.66261097722561
25.92292489387801	-1.6476716298230292
25.992534223766036	-1.7257953702639637
26.15348094281026	-1.5777077567738138
25.910968313414777	-1.4697671501850662
26.1076169149214	-1.4701933499232411
25.859582924471653	-1.7387608460040955
25.922536230457897	-1.3898073828661208
26.230123138548937	-1.5709745122481118
26.089327786447484	-1.3628536930350363
26.24624063588938	-1.705676521251037
25.71763929808162	-1.551775557682479
25.744132902004896	-1.4566597240951094
25.692349960467	-1.610144377344382
26.26921385261735	-1.4100911750065506
26.33006265706734	-1.7663644912432421
25.616271567950054	-1.6938141473159933
25.606362589547956	-1.5281320758249233
26.395149355239244	-1.5282686166418307
25.628987779996663	-1.7561116599075441
26.385523344333713	-1.4525995862819325
26.43912633023049	-1.663999507105973
25.57422570180933	-1.7658272233870183
25.514078210170393	-1.5418994648971778
26.943125241734595	-1.5553653890635653
27.067607105011906	-1.654298584636068
27.103550148181526	-1.6413311640588661
27.05044298073823	-1.4838736056593331
26.899027457802834	-1.6820190040179173
26.86025556734923	-1.513388375938277
26.879650253636722	-1.466420436498935
27.076065057819672	-1.4286419774554342
26.987565233825453	-1.3817700114387246
26.931016384109846	-1.3613078062983204
26.933597383004532	-1.8394257576048672
27.249270563050285	-1.5927955498731508
26.812002094790103	-1.4328921651154483
27.14554447148452	-1.807112176696168
27.20811772051216	-1.4485521855750803
27.232360163643566	-1.4810465135430482
26.725109899027828	-1.5939934937630227
27.32333068867615	-1.4586905820224012
27.356104906421415	-1.5831532173335954
26.676569578919374	-1.4407484210170864
27.359133797835423	-1.7347371747099503
27.347847556049963	-1.4287698408604397
26.635832257580162	-1.7523642014428895
26.59699850098231	-1.5796393673129971
26.6093576422732	-1.4664897096514957
27.40280958034452	-1.3735958000346196
26.528391927966805	-1.5399387763257428
27.4521364183789	-1.422097695076369
27.48673273403998	-1.6250870091137006
26.5018410272805	-1.488290738243267
28.064490405024863	-1.5871189696619323
27.90228947667902	-1.5478982330693565
28.056787983650658	-1.4540230844880317
28.1486314609852	-1.7087025696412892
27.84480141729998	-1.47885053612537
27.898582829735986	-1.4260804481475489
27.855578002116673	-1.4035764309534107
27.892015827151546	-1.3765975815051954
28.237090509267613	-1.4997696501947062
27.79665020446752	-1.4149317395943513
27.717456718786337	-1.6908741563495324
28.276151646029707	-1.4908324791768952
27.709248051939625	-1.4707266587702772
28.304617021153216	-1.496697293281775
28.271476986285364	-1.3832161829757694
27.6516280812776	-1.63165699333815
27.63681315534122	-1.6237518017883321
28.324584380806893	-1.431093971291405
28.281170426082863	-1.353109289820506
28.354301138743374	-1.7269816984861903
28.306424473240305	-1.3653470726418442
27.60781323199977	-1.4678988022334165
28.3667001128421	-1.3847778385025944
27.583991462120217	-1.5085427848607544
27.528977946683177	-1.4001004136005522
28.492889979347783	-1.3796945860222407
28.498729087106195	-1.839820848847217
29.032679951618405	-1.6284776860126395
29.02144028610056	-1.5549206523792107
28.922747956658977	-1.5796104305117353
28.97649301832144	-1.4801207137032621
29.100602803396153	-1.7561910379663837
29.026296050967083	-1.4098898452122386
29.054847936982043	-1.3977457060620895
29.108751629085578	-1.403134842982119
28.872149539304644	-1.8213387933320724
28.78950439024203	-1.4501733101255723
29.192269967565657	-1.411079544321999
28.741799798704115	-1.486681577148127
28.770245421998013	-1.7946315313199652
29.28976307996266	-1.5176251887340868
28.77489426653679	-1.3939010477992955
29.188703381990624	-1.359524882881792
29.24548173660386	-1.395036058767313
28.685744695431232	-1.5007118881450547
28.658641123554556	-1.5356598740829186
29.297117535831475	-1.3702031512539878
29.404392189411745	-1.6078361636021903
29.407912910270973	-1.5104108515443784
29.446278520025196	-1.4884729915157966
28.523921825647253	-1.4104103456857342
30.017034660879858	-1.5969849548023765
30.06252577818581	-1.6065832064197807
29.94422209566473	-1.548104112580908
30.05423593600591	-1.667657791350642
29.918848045025914	-1.7092266283195934
30.15724169036241	-1.5906980589074287
30.133014095196884	-1.4711904054545957
30.165128378139062	-1.4625816686755155
29.774102576938184	-1.6049064674562006
29.98351438938403	-1.3557453858629724
29.928079822933146	-1.364142022032497
29.957407297715093	-1.8451048323594017
29.857064441834176	-1.3656427144874939
29.782177188444727	-1.39555841844236
30.259444589425083	-1.4287132500001443
29.648771088386486	-1.6553602304683666
30.326275585416806	-1.370990157758901
29.64764022038613	-1.386556115892259
29.541045126293533	-1.7112301770729033
29.540524111182098	-1.357210247537518
30.489237252099553	-1.3948169693153873
30.49307684569271	-1.356661541347714
31.04009662992613	-1.5976217255128118
30.95234584153254	-1.673140209453647
30.985915493164065	-1.4579113768545273
30.916797443587445	-1.4808378576829229
31.018166930839815	-1.424640403700879
31.05415317968078	-1.8086064945658555
30.981048148794578	-1.3827436423213795
31.2246393844205	-1.472127747515445
30.79320565472941	-1.413415408429306
31.30915892046837	-1.7057686177844498
30.621753308315803	-1.5385664386208602
30.602584999046528	-1.5995345384981505
31.374026630545774	-1.3988895121062992
30.600247015123138	-1.4222519753876148
30.564659452657075	-1.5452843117901705
30.56403924388115	-1.7500770905163918
31.4953961665211	-1.7942835592892572
31.493279034038473	-1.3721339529298167
-1.89818830685767	-2.2015081802403986
-1.8662099399061542	-2.231733058882237
-1.8092181579959266	-2.2718940985623113
-1.7283704732232958	-2.203069098776788
-1.7283704719444306	-2.203069099207343
-1.7478854516200766	-2.248533969197189
-1.7479124969837212	-2.2485982179104393
-1.7089052909298914	-2.159376230120269
-1.7088633574007868	-2.159283762302663
-1.7674194060663413	-2.2959137099115576
-1.767419406195291	-2.295913710741694
-1.6894843547582097	-2.117261823231054
-1.689484334671529	-2.117261826546699
-1.7868642324068165	-2.3451859460640563
-1.786882376017378	-2.3452329935838176
-1.6702454372194842	-2.076859338751449
-1.6701735898352004	-2.076710782387712
-1.6751550632832612	-2.2201944814999393
-1.6751550482821695	-2.220194521185706
-1.6947515383855916	-2.2739013157979633
-1.6947568750567685	-2.2739163620434804
-1.6553903894841797	-2.1688350306607918
-1.6553834344760838	-2.1688173949662204
-1.6510977835709089	-2.037833209963286
-1.6510977830093108	-2.0378332089896443
-1.7355465243695314	-2.3429592739244107
-1.6355335299922134	-2.1196779310157674
-1.635513814646329	-2.1196887928467345
-1.7140863696732587	-2.3300997841594877
-1.7091312491243584	-2.331656285400338
-1.6322775222884156	-2.0005290866575836
-1.6321176999621296	-2.000216551711392
-1.61567094156539	-2.072639555755803
-1.6156614132493707	-2.072617623906156
-1.6263718006666308	-2.2501197385204827
-1.6069799819934487	-2.190223946211646
-1.6136459132899919	-1.9645472639501522
-1.6136444102695109	-1.9645471263136665
-1.5958451534126774	-2.0275626535438542
-1.6452394092170497	-2.3130446262301607
-1.5872132178314833	-2.133193887183326
-1.598811177619237	-1.9365253749138789
-1.5672020144058094	-2.078871077123616
-1.573801904965113	-2.1841905998025837
-1.5761238955239698	-1.9843759116219566
-1.5903744772075061	-1.9208240713865516
-1.5584991532804884	-1.9865959549236643
-1.5597650107610332	-2.2291463758035963
-1.5469317621302208	-2.027072452969399
-1.5772837398084465	-2.300764790673667
-1.5565253257232312	-1.9429286596667246
-1.5757630116352321	-1.8940131317315776
-1.5252536908737422	-2.137889299696385
-1.5579542880871986	-1.8619509808206773
-1.536230344344256	-1.9030766802825396
-1.5532599110836978	-1.8580944345280381
-1.542439938416823	-1.862265467643074
-0.9797015207058362	-2.0851168299411693
-0.9797015193859409	-2.0851168260664483
-1.0552965111853763	-2.0766846012449
-1.0552965111855788	-2.07668460124286
-0.9038250124784504	-2.146253603373943
-0.9037900861613485	-2.146258566772116
-1.0289667770064763	-2.2151145015979745
-1.0292383432205663	-2.2157733531705364
-1.132592382551537	-2.1042288882047897
-1.1325923850331125	-2.104228935396102
-1.0573264136676355	-2.223778050079572
-1.0573264138178933	-2.223778065401461
-1.147928221537783	-2.1398856993471855
-1.1483725126333078	-2.1418575346176913
-0.9801610033930652	-2.2530775613476424
-0.9801642389863973	-2.2530797492689514
-1.0480056756434954	-1.9416966526972277
-1.0480056736933117	-1.941696626292217
-0.9032696129507676	-1.9628489754865344
-0.9032695267388222	-1.9628489874302306
-0.9740863631243292	-1.9316032491335025
-0.9740863630641864	-1.9316032491173243
-1.1236644869598185	-1.982556362847946
-1.123664486949078	-1.982556362833452
-1.1367168802454317	-2.2360555287695445
-1.1367168802375702	-2.236055528779764
-0.9648844984690449	-2.3014000417454366
-0.9650106152958497	-2.301503151540826
-1.2013223009881533	-2.047948282723319
-1.2013222884801829	-2.047948169231818
-1.2113378062650142	-2.1600974535256157
-1.2113378063213152	-2.1600974535238895
-0.7920970223190336	-1.9911403634632787
-0.7920523875851749	-1.9911737928313589
-1.1878151829033332	-1.944030401239324
-1.1878151829107155	-1.9440304012398852
-1.110796291278463	-1.8705424598436662
-1.1107962820131152	-1.8705423915480597
-1.2561830117944186	-2.0831934984698948
-1.2564308652734444	-2.0740950263599047
-1.2680224458491416	-2.0365459823687972
-1.26802240686203	-2.0365457360770725
-1.2170629107637823	-2.28087794856945
-1.2170629128577892	-2.2808780282072965
-1.2816680584120468	-2.134792762974239
-1.281668058855406	-2.1347927630367702
-1.2518613352201173	-1.9450765146891136
-1.2520158803125487	-1.944987840861135
-0.827442447374444	-1.8541097761079257
-0.8274389860336837	-1.8541007507179001
-1.2921569884409136	-2.24018386053933
-1.2921570033922392	-2.2401840461785114
-1.2337474526508636	-1.8599834539632967
-1.234823060334464	-1.858991460850191
-1.3364485280134955	-2.05949524788877
-1.3188922579475868	-1.9767846015330108
-1.3521382470642398	-2.1479017356273578
-1.2999044706854113	-1.8994330571871951
-1.3584192483342796	-2.0434732258715385
-1.3598593116691657	-2.0204084387552808
0.053121272191814124	-2.147794639891304
0.05331234704482554	-2.1477180786590453
0.031616227142575684	-2.214671013563869
0.031484117646545205	-2.214732088335726
0.05100527711504567	-1.963527395487775
0.050915472569832705	-1.9633515504110777
0.14818116678829776	-2.077736941854399
0.1484006697366672	-2.0779791066183617
0.16854049875383337	-2.0870669101395305
0.16865876651007358	-2.0883333474403707
-0.1741972836744663	-2.122529333644626
-0.17429018945628177	-2.1226272580522134
0.1556200255831126	-1.985995201420478
0.15526194497978965	-1.9854344888077973
0.17452237744434293	-2.1897125215218916
0.17621783409671818	-2.188443943909514
0.15104990476421162	-2.2395499937304457
0.15083420726206087	-2.2399861309003786
0.0865656182003589	-1.909846518107499
0.08677627574348401	-1.9099114257664631
0.2195761578869422	-2.0264905430529256
0.21957863107314002	-2.026450045728225
0.041496164275356	-2.33424089984166
0.041220183975273814	-2.3343005249192297
0.15044098247674764	-2.291206034721848
0.15157838275553903	-2.2908281192078843
0.14486619573709042	-1.895454251512736
0.1449951814232539	-1.8955214396315383
0.1817301379546351	-2.2819804247313544
0.1827781245446641	-2.281712775045607
0.2325197726581935	-2.2348817646942196
0.23253860216994424	-2.237010327968248
0.2571800859748405	-2.2471907057314437
0.25774474251815344	-2.2472254876476057
0.3012447139512993	-2.0126871028493847
0.3016289931548562	-2.013594102065856
0.2097099449737845	-2.346469694689352
0.32129919869210166	-2.061274548243839
0.20922259428701026	-2.348012521122459
0.3223524083256134	-2.0611922212738585
0.31901878236794795	-2.0374481127539843
0.31902248493378005	-2.037433413252259
0.2599591339678282	-2.348955434889584
0.33909395882982896	-1.9445604640617868
0.3399792657240706	-1.9438699571554283
0.32207151425202735	-2.3124792204587385
0.38797565508203846	-2.219195838716986
0.3901864616077875	-2.2283188049113467
0.36864788234550294	-2.289303466769433
0.3816298471996559	-2.2641029940271036
0.4042862488027815	-2.197759019045304
0.4111031799838703	-2.1636624333264893
0.35831545749829136	-2.320441207090737
0.897487063752809	-2.1492683821026826
0.8930954824193258	-2.1396710990384706
0.8909924482740995	-2.135693094138842
0.8886279736639077	-2.1280910745740744
0.8986962078887024	-2.1551114115233054
0.9003707783599045	-2.15809999655581
0.8918942049478311	-2.1419880923614523
0.8862457332316872	-2.1226087959765025
0.9025627839462139	-2.1635966350837186
0.8843366752423687	-2.118085498484761
0.902843323718255	-2.166089237576876
0.905631443572315	-2.1713502080565203
0.8818629478791891	-2.1190237604059523
0.8803930817363129	-2.111372783844062
0.8797567872666749	-2.10630417154178
0.9047339836378183	-2.174273605978226
0.9070261634567524	-2.177669213948361
0.8773173459858727	-2.1021405628948497
0.9110104083478027	-2.1858122442064873
0.8747970076305447	-2.094304103244827
0.9121010975692342	-2.1915566791124923
0.9150075400416594	-2.1967717798078947
0.9048620985973249	-2.1870482960440802
0.9159996016727268	-2.1978856132053566
0.8705404034394085	-2.1013127331064814
0.9169873280616432	-2.200506132893113
0.8691119818373554	-2.091651286717764
0.9177894981748692	-2.203657998444568
0.8683612346546876	-2.083048825945292
0.9200726885451486	-2.2085083659538207
0.9198167163003629	-2.2091867384752892
0.8658645960862525	-2.079262159753609
0.8635213142118907	-2.0735788627527123
0.9240352428440769	-2.217942083865571
0.9248803926867907	-2.2204903853899314
0.9254549277864952	-2.2212386392159904
0.8584813831848772	-2.0638977074900375
0.9265384794406291	-2.226513931085935
0.8578006926788821	-2.0610649944835373
0.9269332236377722	-2.2290179374690138
0.9302999140949164	-2.2334945365849497
0.9302182377834911	-2.2339986631559334
0.9306394165894394	-2.236326326275826
0.8535041315906954	-2.055044999946369
0.9321906485464886	-2.2388824358789203
0.8520961639561164	-2.0544913813849317
0.932212129610565	-2.2400172872388593
0.9340398561851381	-2.2435172959697436
0.8482914113215803	-2.0470918645230456
0.8460183120074003	-2.052381939310241
0.8493036886077759	-2.041626194918565
0.9361581643937964	-2.250238288679
0.9374352218164133	-2.252762936241608
0.8458011011544928	-2.0375557448578565
0.9380464485292191	-2.2545453439382452
0.9386126647896132	-2.256923807083993
0.8445568235098599	-2.0324723855710767
1.0303263047866273	-1.932380223606695
0.8432893669691359	-2.0312026533240357
0.9411039291051033	-2.2611477127799593
0.941686740288843	-2.263462048524766
0.8391383093280064	-2.029211168767082
0.8402450776891095	-2.022913774354746
0.9438313655887871	-2.268754132178034
0.8374418489544583	-2.025245454957654
1.0695306466235188	-1.9325693611688597
1.069563123527932	-1.9325524192440546
1.1490518298771857	-2.2045175110043984
0.946335556085172	-2.2753083074693197
0.8349336395373763	-2.016255745625557
0.8312920913036189	-2.0231981947170197
0.8296718109730667	-2.0207498045392276
0.9484103903386486	-2.28073362669355
0.9486027412213792	-2.2825172202485593
0.8301735444181948	-2.0148551295166874
0.950683569430516	-2.287967488611035
0.8312149531080204	-2.0005264137962326
0.8283250062254287	-1.9996254012211894
0.8282845209023431	-1.9927892323071625
0.9508257712597921	-2.296875412064083
1.999726053283213	-2.059842167554447
1.998805819217987	-2.0585712059034154
2.0169302064490613	-2.0620728703359057
2.0203006536078254	-2.0637611739573942
2.0347704408022365	-2.067653695830577
1.9803835925923554	-2.055834280300164
1.9795523353405664	-2.0553697891195766
2.038714564458826	-2.0646709171332587
1.9611728834087496	-2.0517320139823942
2.0538653287984725	-2.0679022850096285
1.959803582214783	-2.051555172756646
2.058792105646667	-2.0690347653314825
2.0318685791847497	-2.038406698456148
2.03260327569634	-2.0385115586144145
1.9417371220708146	-2.0469952145695496
1.9401612690551306	-2.0478963617299
2.073724144911483	-2.0698543604153534
2.006973331727842	-2.0198737134486624
2.006840163404025	-2.019465383384174
2.0780265065240737	-2.0742736235793275
2.0310850199650248	-2.1898340489783825
2.031291892409164	-2.189908282493016
1.9211851153621013	-2.0448921595386653
2.094160695394913	-2.077048364966694
1.9218695254633367	-2.0419819151013328
2.0939968061573437	-2.0730332159350153
1.9043559812934543	-2.140201123642923
1.9042783635014622	-2.1401612171795423
2.09641036096792	-2.039302277090142
2.1112104677183487	-2.0750667217906784
2.096752495714207	-2.038614687364573
1.90255328863523	-2.03906884523612
2.1142963397887446	-2.082984795283328
1.9009939277690215	-2.038138102171043
2.128633903418063	-2.0766962230549093
1.9386186205917917	-1.9845376217738848
1.9376006365954968	-1.9844155982679226
1.8821355281390455	-2.033992517565841
1.8815724872425004	-2.033706701127164
2.1357358950374383	-2.0785729900788654
2.148051039589558	-2.123676618218109
2.148622093523861	-2.1233853686787563
2.1504725539949683	-2.0791121979102556
2.125986081235065	-2.1884763931249465
2.126276771722893	-2.188693072578483
2.1546424789382415	-2.088822618403579
1.8620471263286247	-2.0288436792607722
1.8615852250507308	-2.028447790236127
2.16383875553792	-2.0853143521759656
2.171094628786814	-2.0821511143732616
2.074659717726324	-1.9436121446234849
2.075048354676437	-1.9434548756778356
2.035623380003973	-1.92841008562894
2.17276350583695	-2.0681706315795343
1.8418510859605048	-2.023247402227479
2.0361829198306696	-1.9279644509049771
2.172783881027352	-2.067550949482039
1.841492430038709	-2.0232065543161446
2.0740563017870253	-1.9395259345511084
2.074713188944901	-1.9391078220097027
2.114002781503447	-1.955373476225057
2.1142226424377335	-1.9553140212099578
2.185131937187505	-2.0826786591359965
1.9963481848353053	-1.9134478279659004
1.9965539917494717	-1.9134027972752297
1.8144643949896444	-2.0728135386927327
1.8143413896519367	-2.072880312773297
2.0310804976161827	-1.9138197266770374
2.0315903970092934	-1.9128358961688667
2.093813344949979	-1.9330532767589779
2.0944044271699096	-1.932678836708931
2.194136808464341	-2.087142818461194
2.0129509010434194	-1.9040119296986624
1.8212947507290103	-2.01735213787228
1.8211543165985586	-2.0174154238202076
2.0138354731361234	-1.9033876048510532
2.149954856486232	-1.967630919381903
2.14044953271994	-1.9571483848410633
2.15210761444362	-1.9691658284826281
2.1550878477225623	-1.9724686961425706
3.0075543724226934	-2.1452920381380616
2.9895802716419846	-2.146476947379272
3.009818787087943	-2.147515806806032
2.986084439843119	-2.1474166691964087
3.027077790919727	-2.1417479154971866
3.0249697129248703	-2.1456435168996078
3.0389585863560558	-2.0614699540752564
3.0390834730475187	-2.0611340707537167
2.9672013852799424	-2.144822656520202
2.9685462835923198	-2.148012763089978
3.0397923796186355	-2.1425495162203223
3.044508656388389	-2.1426436001454836
2.949628890699114	-2.140590173448565
2.946359502250407	-2.1495513467170935
3.0595317789800953	-2.1438155789379105
3.058229731577021	-2.146486239762356
2.9311361282241695	-2.14299864852061
2.925359413573353	-2.141842097258166
3.0770031829285442	-2.146128468051949
3.078334641178631	-2.1466327488922583
2.9082510861182387	-2.1319877793546023
2.9062169077025373	-2.12638787949062
2.9055430384190637	-2.126434176195053
2.9064555570130124	-2.135379733020967
3.097136145561252	-2.146524196530915
3.096769294614066	-2.147375880528688
2.969029963952442	-2.204151928895461
2.968795457075514	-2.205907891719153
2.999200598373756	-2.211645941969853
2.9974716708411084	-2.2127962883937595
2.8929723274255505	-2.1427957543581986
2.938729168025454	-2.197779494832532
2.9376174451462034	-2.1975493439523768
2.9767778600955017	-2.218459830234197
2.9738741866049203	-2.218764808767733
3.0276342701588685	-2.218704788909253
2.8867683298082545	-2.1453424284087586
3.0282443548596416	-2.218856652091645
3.115316505732047	-2.1466162171118572
3.116478596814724	-2.1466553025772406
2.9085966249207873	-2.191387101793131
2.9081694176563664	-2.1911535940944633
2.9262109421247784	-2.2063708488471994
2.923563766146547	-2.2087355845971723
3.02093814254956	-2.231870142983192
3.0222019001097156	-2.2317695764764776
2.8718467770408544	-2.1485421824494746
3.0575993756473014	-2.2255965807045595
3.0572256582589907	-2.2263400541749725
2.864296576939629	-2.138520333038851
3.1340152948850872	-2.1461251073484027
3.134804080782083	-2.147090631712848
2.8779623592749344	-2.1831238436765985
2.8769185254266696	-2.183055775425439
2.84752907573477	-2.140212943456902
3.0866911795330805	-2.2318273472308108
3.065681909113608	-2.2443037212415433
3.0857007265056855	-2.2335518518882864
3.151985829584317	-2.14649646833518
3.065915476224543	-2.2450280257648703
3.1539287592676883	-2.146698254270974
2.8829505866246308	-2.215069538426781
2.8613905407372178	-2.190087623103921
2.84021719699574	-2.1460750201426726
2.8587047821030334	-2.19013097219406
2.883089873764167	-2.2203330930573233
2.846544354584844	-2.1743796075769377
2.8301113405605074	-2.1405710229988673
2.8421877591684552	-2.175823667117827
2.8282953651860265	-2.1362014768091466
3.1715647120198183	-2.146214474575506
3.1721452143704845	-2.1466731684000617
2.9297316528524147	-2.2656763701707163
3.1145583044928276	-2.239396175665588
3.115721538532587	-2.2386861782528937
2.9278982278076726	-2.2675265442780073
2.9845210589139897	-2.283481267172145
2.982537449826212	-2.283411943887169
2.815410335636338	-2.146502688482371
2.8228546369376963	-2.170710001188036
4.134532404254763	-2.284302523400112
4.134661885843236	-2.2849871850556602
3.7682422517024383	-2.214478866717008
3.767672251570037	-2.214432813002615
3.6003971104075063	-2.349602143185471
3.525310685141119	-2.046012298899005
3.5241411991569507	-2.052219276120885
3.522940232929656	-2.0544477480692094
3.5201637054345185	-2.05704511957722
3.5200346729397154	-2.0532947715319536
3.5189446445134465	-2.0543828567637203
10.121052043865292	-2.2731461861285913
10.189687793547312	-2.301694969420326
10.835413827214637	-2.1272182192062585
10.799036300980232	-2.0937585798749994
11.091666164892839	-1.860627337352138
10.636749655308776	-1.859477622711698
11.39690863919286	-1.8761678747178354
11.459444600353425	-1.8503673816027588
12.145358982422232	-2.040403293686455
11.820490663270354	-2.2777250115938736
11.834913627914545	-1.8785703173944936
12.290853877592028	-2.054902831230561
12.173867603944446	-1.8610536230382833
12.229521286142333	-1.866985466624933
11.553352765739453	-2.0426214770291136
11.520885249814794	-2.0889443634855236
13.061931458889187	-1.9526986420490604
13.102707439006663	-1.9130468092317774
12.873812910113227	-1.8596292878217642
12.83691185328189	-1.874709467779371
13.326010266950917	-2.006709471699831
13.306478315772944	-1.8724877242362372
12.590645701085739	-2.1061888771123294
13.40831940776363	-2.229583101210479
12.570562539281418	-1.88790893826992
12.577210699642535	-1.860146625257524
13.963157898312552	-1.9970245774155573
14.149755754549268	-2.031573287851409
13.960628956849261	-1.9335558264528454
13.836441200830539	-1.9401560820794568
14.257257606684782	-2.217467596427723
14.231814723201575	-1.909576640453941
14.271492788117236	-1.9586540709039706
13.70774350048173	-1.8654758111452947
13.546031979905655	-1.8941434623673905
14.466364301637924	-1.8615568597413499
14.968819667475634	-2.0533132167545114
15.043754463189833	-2.044818055370385
14.80421726770724	-2.07770444073082
14.797503532227827	-1.9063567585925334
14.731566097105985	-1.8732915196082143
15.359176772535848	-1.9612884279341858
15.408938828536124	-2.2772720287654815
15.4642051932454	-2.2514939972222496
16.062363280370615	-2.1585809783604417
15.969578647990241	-1.9719509337981755
15.917070588419792	-2.2240444687433545
16.166714103220222	-2.23379719107407
15.772542664955132	-2.059099378314188
15.861213911753115	-2.3025787106606797
16.15042046384231	-1.8689442751997043
16.28594932120205	-1.97021061486038
16.302570697926225	-2.206815649035156
15.63814209566969	-1.9625420144938321
16.345498459008592	-2.2825985439506846
15.573952139593837	-1.8526712410929445
17.030329285465953	-2.0914166510389873
16.919187945645376	-2.0968829145306906
17.138885409585473	-2.169237037160764
16.816785322689	-2.11727125187867
17.07754562384376	-2.2717031173071867
16.802090831079255	-2.158528425517415
16.988285403414906	-2.306214082217341
17.11357172945729	-2.301968543097712
16.864059668550397	-2.293774076843302
16.800761909590054	-2.2371351344251758
17.187071947960074	-2.2906894447091024
16.830645279872865	-2.340457672902449
16.79560552744775	-1.8728694007446662
17.22061932715087	-2.3371179000455595
16.639311866433715	-2.152725867135879
16.6689422614555	-2.2936786978631614
17.40091387237963	-2.001406642894691
17.42722925682803	-1.9344051332384307
17.43947513701205	-2.306397458285309
17.46408919840144	-1.9533544146263253
17.999637562743573	-2.0784421277232785
18.029765526842343	-2.125096735255351
18.044217307210182	-2.173692308979617
18.082969239938844	-2.182559526335468
17.88441901179191	-2.1576293511483624
18.15501267819171	-2.1536231842862508
17.993604753054417	-2.2815956482774467
17.832840587852537	-1.9970689081305648
17.890233103832188	-1.9245114172324753
18.13742478912165	-1.940001129662754
17.88934896888387	-1.8992521850830084
17.816684449087408	-2.2658548554056472
18.231499617766726	-1.9220813190750026
18.28503704928342	-1.9723073985702277
17.709556635931126	-1.9531964775702786
17.668321407831062	-2.1331655490519528
18.277082103062565	-2.2863674721264333
18.283963402273134	-1.8924194924124125
17.66851520732775	-2.2326200090798136
18.324371036739	-1.9420548856362267
17.64304750598852	-2.1869200028163807
17.649141437871457	-2.3190017499365334
18.432803391886985	-2.076748463410034
18.441483695915434	-2.1019465590680433
18.401455470484382	-2.3053639635265415
18.44240751286627	-2.25558912292179
17.54660886154659	-1.9399479996986153
18.49336204120169	-2.122509178568801
17.50987125227722	-2.2149177162607905
18.450494226866674	-1.8719624893719269
17.514044139901614	-2.2625752837459823
19.00470519740498	-2.1634622954478515
18.894370020415987	-2.1082894789883264
18.981080273281776	-2.230102547605008
18.84558425359537	-2.118274925390494
19.00128587952012	-2.2640662113970347
18.850204182029767	-2.1733951057397336
19.173100475561043	-2.160935303883778
19.126994201852305	-1.9587043227458023
18.92197410006601	-2.2782736912548467
19.17741508336279	-2.189345018853669
18.770067619723058	-1.988896188189
18.774698166058506	-1.9559240005930536
19.282682312126497	-2.0273303216041723
18.77662734274435	-1.8817308050549364
18.686091285942425	-2.0540418427657876
18.65621227866375	-2.228238149248872
19.374664463483438	-2.093006264896377
18.643283235211126	-2.2670558283110314
19.399871223726645	-2.198809003213667
19.412355452328292	-2.2519339424892877
19.37086959430626	-2.347854947333391
19.43300047250709	-1.948072835336084
18.532412415785682	-2.1787192109043416
20.080454970189926	-2.111325289906191
20.0884651977599	-2.0770294648844727
20.047856668159923	-2.1849146408756717
19.898600786668585	-2.1292287041635225
20.067576978823816	-2.253230047855786
20.011681387344055	-1.91328340824444
20.193389422244735	-2.013007218733924
20.014336505089588	-1.8858790190187402
20.149948230404704	-2.2695393040467167
19.789436973756608	-2.1925130256867305
19.793203868354343	-1.995417411099842
19.748476657692926	-2.1076770367902524
20.273732373342128	-2.0762503934810526
19.767976980227594	-2.261326271768941
19.772604328981718	-2.315969436483005
19.728529482195178	-1.8821827365036834
20.334236359650188	-2.2402377413596675
19.65482351840445	-1.9700159609796317
20.395638962978165	-2.173189502279476
20.399151589352446	-2.2004243733695223
19.581382288845354	-2.2164231501763103
20.450649816608593	-2.0398846039262697
20.439238220712742	-1.9077696329974314
19.513262598718022	-1.9406459646599297
21.012671461557694	-2.103166947258087
20.972740010911924	-2.0248375582296383
20.915691060723663	-2.0339602625267217
20.860135139954856	-2.19516349771842
20.799309427796626	-2.0983673802871987
20.987478712257406	-1.8979833151631382
20.943312499359873	-1.880831489771544
21.091808938092623	-1.892907219864979
21.029151021192042	-2.338707376040924
21.27020734820763	-2.1903285908719807
21.337789490360755	-2.1187146863896134
20.716846686386504	-2.286011035002446
20.658665226536677	-2.160450586092257
21.30701742692469	-1.8626851454384727
21.39251744518202	-2.2194199731888244
20.658267906566923	-2.3495503642054616
21.394971685570578	-2.3082631766664226
21.420523844842155	-1.943554711798483
20.570762763326606	-2.253372776271071
20.582082971203704	-1.892133810340808
21.495392059885585	-2.0312501379315684
22.037161695817883	-2.193775584377385
21.91819236009296	-2.1932800646654687
21.903568338896324	-1.9679091235308164
22.00172995578783	-1.9104855758108743
21.81972815066715	-2.014677509757041
21.85479839924381	-1.8829016962971143
21.77890506520174	-1.8570378561031031
21.7560363730286	-1.8634828548400644
21.655985196206412	-2.121300330888509
22.33478461437751	-1.9728571771351981
21.661675442290715	-2.3274991085356858
21.654691368537094	-1.8641308748078573
21.624727543929257	-1.902993529076132
22.40818701990571	-1.9755898013696798
21.554151327442543	-2.091679042248701
22.438119912395035	-2.1962260522321198
22.427796427190305	-1.8660265876393625
23.06679445183563	-2.0664142132732026
23.04784837467301	-2.019833839581199
23.14586034069964	-2.0840516495368915
23.136642623426475	-1.9843254296036141
22.90281644225542	-2.320278947536634
22.775476718665477	-2.247662934044601
23.287626386550745	-1.9720559984308592
22.724997973174485	-1.8878462840536974
22.58860540947952	-2.220042013117337
22.624753553340884	-1.8802692740872462
23.43190460625457	-1.8812097172792732
23.95051244081728	-1.8573174237589953
24.243869870456663	-1.9576774452110688
24.284496856279187	-2.197603947827893
23.6942497940861	-2.122149911168392
24.257971665758262	-1.867419048822892
23.681942030872495	-2.324661852322574
23.639173798209416	-1.902233036457674
23.587460276740973	-2.03120459509172
24.423763847560313	-1.9352847161217872
24.38782521674282	-1.8517807369928259
24.85671131579585	-1.9908043853636046
25.209623289927897	-2.0224634835322886
25.026597830736907	-1.8500291323662708
25.17292854106958	-1.8775369378566908
24.61968101277117	-2.02092176909945
25.890328311551652	-2.127420213953887
25.779475456061544	-2.103491008893048
25.86720880623313	-1.9025527855108848
26.23470007276778	-2.154217580976136
26.229756527009577	-2.026317140551224
25.854243379191665	-2.3437878276887725
25.70111908184662	-2.038213496605811
25.730569214392926	-1.9071886040742536
25.53245959601557	-1.9060948152693236
27.07116421108362	-2.160628580881242
26.90157393493666	-2.0539183739750912
26.87867949066491	-2.1276388943282836
27.129939482326	-2.128958712331132
27.269282584691016	-2.1087863498504693
26.67230385641595	-2.268185666993579
26.52963703278721	-2.1140061919159563
27.844451570760942	-2.1263867943780426
28.14256161425318	-2.0231244563554776
28.17540688305254	-1.952245753816558
28.303564074872916	-2.0670888028599266
27.692329325885364	-2.051701844353624
27.69099530128072	-2.0295893124395006
27.653853315181767	-1.901973309416841
28.432368464862122	-2.131104803270566
28.456491151738614	-1.987117488868391
27.520829254565765	-2.0653381159446864
29.050058166267643	-2.1048972549193126
28.93866534491707	-1.9256873430847592
28.82465125410625	-1.9210661228690251
28.804818419085468	-2.285584470278109
29.386602455057403	-2.0911938382078317
29.82772866540054	-2.075214656026185
29.90919931827571	-1.9318411756385485
29.80071435069022	-2.1130456264937383
29.788649256867718	-2.167288575265511
30.144432941523814	-1.9186048641452893
30.290146140764485	-2.199081306654814
30.30283028759031	-1.8663733626278087
29.511116632610783	-2.0636897845769635
30.854989624403075	-2.269615242874644
31.26831785123321	-2.1303194372650713
30.69712192136621	-1.9249145312836982
31.34649997169793	-1.8837482382678625
31.40441400191047	-2.3090970902480117
