-0.32544046601801013	0.14954278344308733
-0.3169933118792797	0.14783029003935735
-0.3088436510669564	0.14348289167559022
-0.2935758706039254	0.14027157652721045
-0.2968707385722098	0.1476929370780322
-0.2776982759401943	0.13471444039210445
-0.28247886040516584	0.14055449615913604
-0.2638089363319297	0.12473371850866061
-0.2666398484143575	0.1314364681031989
-0.25263555813951477	0.1255381427091562
-0.2445260490994995	0.11952641252263937
-0.23425564334407356	0.11512970699031463
-0.22799436088987152	0.11749600755639841
-0.2175933971168294	0.10857929390807367
-0.2152857580142144	0.11059577256648684
-0.24324943790335612	0.14640318471011882
-0.20181801582299147	0.10367507059718506
-0.19853809377729792	0.10091409736310983
-0.1882267347922612	0.09559180200756476
-0.17906998741092717	0.0928647233526878
-0.17144774775367744	0.0876411826330335
-0.16005459151356577	0.08366136746651825
-0.15589226348325524	0.07954613205499919
-0.1441862094437955	0.0749363269817637
-0.1315471278707629	0.06870686027166176
-0.1214954054339461	0.06443310750833242
-0.10842852010845228	0.05462569858680036
-0.10798065914056582	0.07319476689633328
0.46977012818040165	-0.19971701473213616
0.46967250772587354	-0.19978894944738756
0.4504946736955022	-0.1946606369845886
0.45049469610793713	-0.1946606548353847
0.46285900151460435	-0.20220686498792206
0.462884020464773	-0.20221996115948937
0.4570429874469807	-0.20354307950899386
0.5005964258190239	-0.21212887909049713
0.500596418590052	-0.2121289203033117
0.42359452404235043	-0.1872075732427531
0.46694294380154844	-0.21128289757012475
0.4406919298594754	-0.20002715429095574
0.4898469178058867	-0.21694113729057246
0.42507723773496586	-0.1904983116439497
0.5039734116683383	-0.21787194605625465
0.461968962902535	-0.21237219432365614
0.4405131192830902	-0.20284040963653743
0.5036064077260286	-0.21903065786784143
0.4143211238631257	-0.1837051608335438
0.4486063382834449	-0.20905437980930336
0.41428895311839664	-0.18653930998134208
0.4663256585827788	-0.21709134519371
0.4309073917765903	-0.2010517991923134
0.4935619056874554	-0.22271158218090167
0.4836107647955898	-0.22196066023201894
0.44537231058135185	-0.21032660016772256
0.41487261409318504	-0.18896893267145115
0.5330798118690919	-0.21895075879093348
0.5330858356791458	-0.2189495928194876
0.4192550739006299	-0.193427764076346
0.40442237463820646	-0.17822677918442623
0.40442000532055766	-0.17822920971024453
0.45942050841250764	-0.21797982628942747
0.4303768691752581	-0.20370247145689174
0.48429139725350157	-0.22578822102088003
0.47460763472594625	-0.22440021944481403
0.4135783721943155	-0.19476506032578686
0.4211183493365932	-0.20285087943079994
0.44802707760888316	-0.21987811848055494
0.43064016940253014	-0.2109713509817274
0.3941106377893272	-0.1778583916111589
0.5005998999697785	-0.23153219637243352
0.5054420237763881	-0.23174439151087087
0.47127041046689216	-0.22871105072310235
0.398231393785172	-0.184086470073901
0.5233520160981509	-0.23064531230368962
0.4862997757127394	-0.23361872440256837
0.3999286346349916	-0.1900605093532295
0.3864451178572715	-0.17291028350506776
0.38955515074679525	-0.1781383114249613
0.5204657002706315	-0.2342513025222218
0.4100398492356019	-0.20235735021926682
0.5039579934085078	-0.23699972468213712
0.5541506808538456	-0.23055769419599648
0.38604698882125377	-0.18431608500234237
0.5465493422841778	-0.23408542858944248
0.44383346443966776	-0.23155875251898755
0.5541074720759532	-0.23258617019471012
0.3775206570890567	-0.17495954128195718
0.5196147840903078	-0.24267333019553125
0.5270984782585135	-0.24182000934793693
0.4950983820169648	-0.24440540917768935
0.3916747503858966	-0.1982219538552527
0.55292524485065	-0.23740237616414922
0.4400558954457366	-0.23507718367710898
0.3737366640155637	-0.1793532338862245
0.3642699954772015	-0.16587223693931202
0.36270273877407366	-0.16294861152099344
0.5568082079658873	-0.24205667430262626
0.3762560078818379	-0.19387816136239738
0.557464107474803	-0.24461579384726437
0.35977797599990224	-0.16977191448756773
0.36656413468725735	-0.1821201562470103
0.5368926081792335	-0.2523351918823436
0.5152311079521323	-0.2568525726323345
0.35754983072228935	-0.16932643391978763
0.5476217013157255	-0.25147583757456166
0.3517593985118471	-0.15940292277245988
0.34062460882137646	-0.15790610009790396
0.34248909071321665	-0.16564280868830444
0.7139007021274717	-0.35102512926737794
0.7210205997664334	-0.35355832138079407
0.7297568573062175	-0.3569985116138986
0.7357488564410862	-0.36033988279395945
0.7433719033097052	-0.36479568743348234
0.750584744326052	-0.3681244455584247
0.7656334032583003	-0.3750332664990206
0.761951885725195	-0.3682942529159905
0.773241759372711	-0.37786260790287496
0.7857682487727964	-0.38187702491306164
0.7842845348818137	-0.3775890254315482
0.7950943182149459	-0.39066920799181143
0.8038735296321147	-0.3929376808741283
0.8117461789046224	-0.394418130254876
0.8174658378326534	-0.4019786400263854
0.8305430740159903	-0.4061544936718242
0.8351374505148417	-0.4034776969809003
0.8437367877053209	-0.41206396423996583
0.8567886700872547	-0.41925797417971133
0.8653125526553097	-0.42349567870352456
0.8772153388534428	-0.4295416198043692
0.8919667161776341	-0.43239477835220064
0.8928289957502835	-0.414985852033148
0.9076104439569825	-0.4418976604527811
0.9182710496442432	-0.4499277899768217
0.8978674616699331	-0.38123723112852304
0.9290877894669569	-0.44774060539445215
1.5076320869283861	-0.6076465860897139
1.5076320871062796	-0.6076465861286504
1.477249989145195	-0.6272831003363603
1.4772492025286703	-0.6272827708151734
1.5178194725357734	-0.5666367957184696
1.517819472941248	-0.5666367956564102
1.4577941707825959	-0.5880549636255916
1.4577939860314952	-0.5880548910206177
1.5150060429610113	-0.64310241470058
1.5150060442186355	-0.6431024152495962
1.468816416035414	-0.6466545517167475
1.4688164112797095	-0.6466545491159861
1.4982048550117817	-0.6594942453370007
1.4982081612809957	-0.6594956901159202
1.4395241133187766	-0.6114804639716852
1.4395241104041978	-0.6114804627808956
1.5575360043474302	-0.6272754698800225
1.5575362808905595	-0.6272755786546756
1.4394478986088735	-0.6338250682560803
1.4394453481193725	-0.6338239538830016
1.4704318790164783	-0.6643649187559112
1.470416416703815	-0.6643579676388691
1.4939295923884677	-0.6749331571878597
1.4939296099292798	-0.6749331688609413
1.4469412514180429	-0.6538004762592347
1.4469412324313589	-0.6538004647427662
1.4500510501151587	-0.5425969477338248
1.4500510071212749	-0.5425969324829101
1.5276169159046953	-0.6723456880361889
1.5276169201353054	-0.672345690461476
1.5527912937057802	-0.6589377326723621
1.5527923820192922	-0.6589381888462603
1.4587047268893254	-0.6718252536194844
1.4584969499517781	-0.6717298594806588
1.4778747405645245	-0.6806287896172261
1.4778746083908316	-0.6806288575125109
1.585764111570219	-0.5907741758648823
1.58576418282684	-0.590774201289225
1.517447298006158	-0.6855109713050599
1.5174693157710994	-0.6855208743576303
1.4395241062909654	-0.6630169495715117
1.4395223842062217	-0.6630179825992688
1.4234857786231274	-0.6432524708416253
1.423474603278796	-0.643247448146087
1.497164329435112	-0.6894876685620809
1.4972873811811829	-0.6895441754722992
1.4580954953311116	-0.6813537034023387
1.4581675267710854	-0.6813977541577211
1.4100972320188008	-0.6210049759451131
1.4100972303356345	-0.6210049749936792
1.474664633389739	-0.6890755641945603
1.4416268774951255	-0.6736658322761785
1.4241390453068579	-0.6559514601155012
1.4912439187572264	-0.6968064390239608
1.4080287889162393	-0.5685041687679668
1.408028788852131	-0.5685041687617894
1.4018317518694916	-0.5956961909214583
1.4018311693741494	-0.5956959470250944
1.4564774317890825	-0.6885268610294967
1.490421317012586	-0.698690683493797
1.4153408229081583	-0.6519128713883946
1.4713015339182083	-0.6952710110833369
1.4252117617422742	-0.6660121834298915
1.5166315246337545	-0.6984282279709843
1.441798543584607	-0.681353418681222
1.5570454474613487	-0.685205682006796
1.5570500642595417	-0.6852076999242633
1.4271671590946042	-0.6745028125118321
1.5410109336922457	-0.6961100025978086
1.5079234495953135	-0.7045903281226139
1.4000403223132902	-0.6327096341959093
1.541311800028292	-0.6971460816745161
1.445606115263031	-0.6905244792986368
1.480431434561952	-0.4947227209737287
1.4804314247004078	-0.49472271816151187
1.5753492750413318	-0.5229446995765152
1.5753492751274865	-0.5229446994644174
1.4088349078568674	-0.6583136154631605
1.4843345582784468	-0.7075319982453472
1.3999881335981486	-0.6448619810210581
2.4439741032497118	-0.6320013782817079
2.4439740730603634	-0.6320013724068981
2.5845669884109808	-0.663274549709137
2.584566989298971	-0.6632745495534784
2.5846619127962938	-0.4712646623557929
2.5846638687156895	-0.4712647093447257
2.38700855000153	-0.448590053870182
2.38701453609595	-0.4485854035525665
2.4448545754999045	-0.7849698086028966
2.4448547412681627	-0.7849698588787458
2.3038526525621648	-0.6009613640894197
2.303852649770186	-0.6009613660839132
2.3473764687205625	-0.7553723625534711
2.3473764684530565	-0.7553723625363719
2.542468921646135	-0.8146473255339732
2.5424689210847284	-0.8146473256676121
2.4237505079922985	-0.37847394627704134
2.422840116096437	-0.3754569058101359
2.725562339547006	-0.6947527326387826
2.725562392407038	-0.6947527445549615
2.3455840532560974	-0.37607122694672024
2.2500514450532116	-0.7258640143587521
2.2500513434142277	-0.7258639833265819
2.6402045930457225	-0.8443969085278702
2.6402048463767476	-0.8443969857166762
2.664706306672388	-0.3676052177653821
2.663690822509116	-0.3664264631178473
2.7834893885890923	-0.4943836248774179
2.7834899984092454	-0.49438396223404846
2.694468160454066	-0.36486423617947916
2.2807416187963274	-0.38764796088766956
2.714510020632979	-0.35825885534643864
2.2714716120779403	-0.8357169894111056
2.2714710565330156	-0.835716790133384
2.16428805067035	-0.5701877608502938
2.1642880322356954	-0.5701877623926811
2.1907544269500323	-0.42656909767350204
2.190783505726619	-0.4264984316325635
2.152899512930839	-0.6964552463110754
2.1528995121707872	-0.6964552466121915
2.202542329227603	-0.8110142127548485
2.202528791878374	-0.8110404521501031
2.192091610886375	-0.3949975361885988
2.189648156489117	-0.38798288775678386
2.866903922422314	-0.7264119974022076
2.8669039223545925	-0.726411997655553
2.1336735051193525	-0.7863469733395716
2.1235666724395257	-0.795699650787761
3.587142034513281	-0.5899659645951394
3.5871420684288418	-0.5899659314048752
3.385230376863122	-0.5656887687161426
3.385230353070694	-0.5656887100247763
3.419252051564907	-0.3568950654437196
3.418076874111074	-0.35597190043529203
3.789566340635637	-0.6144492359048677
3.7895663417733934	-0.6144492629128743
3.6763923038977286	-0.3571892979672031
3.6751481202239753	-0.35612129155463845
3.2925800928868942	-0.8222855971087721
3.2925799448321253	-0.8222855627690382
3.183913522686096	-0.5416434800835961
3.18391348147379	-0.5416433748793421
3.1504480607386762	-0.7901947728150862
3.1504480598933213	-0.7901947740307642
3.1639140994704484	-0.3576508367636709
3.1631794730989604	-0.3571556261869684
3.9924352458329806	-0.6391170149667855
3.9924353262297343	-0.6391170058925171
3.9337722689511003	-0.35804138352021564
3.938071611406281	-0.36076173355413177
3.008545354063614	-0.758231874478295
3.0085452643177684	-0.7582318541102716
3.0150630929162454	-0.3516259222934487
4.399289915746165	-0.6889345085904749
4.399289778751004	-0.6889344941324649
4.603187906763255	-0.7140543017515156
4.603187911863527	-0.7140542981776531
4.454728627132847	-0.3673575820341547
4.455365510056824	-0.3645738955014206
4.428760777848543	-0.35718063431166525
4.195692285875839	-0.6639507498215593
4.195692277520467	-0.6639507604145896
4.717187264444065	-0.3697395987488712
4.7176329011249285	-0.3689056284879581
4.807352349125965	-0.7392978774977974
4.807352567370984	-0.7392979116482726
4.196116372349144	-0.36374256681459693
4.194006962698505	-0.3609173629633085
4.857516133889856	-0.3504995758468227
4.980331438858048	-0.3740069737319487
4.980630062670533	-0.37382837300975996
5.508213946359705	-0.3851270333450291
5.508119626944608	-0.3850972953597962
5.421175029391648	-0.8156691716246999
5.421175024857692	-0.8156691724144063
5.626153448271994	-0.8413111140648908
5.626153966342066	-0.841311190960092
5.244201007619739	-0.3792668847250299
5.24399400417209	-0.37930104945759313
5.216369308369282	-0.7901144235147625
5.216368961957763	-0.7901143780408475
5.772540110549714	-0.3912832863308535
5.772577519166415	-0.39131705486276475
5.01175448727507	-0.7646544602475511
5.011754483273574	-0.7646544620316056
6.567265295603111	-0.41123708895236377
6.567267022538963	-0.4112325479463027
6.302137095547599	-0.40441663831142916
6.3021341782509595	-0.40440635379628254
6.832594035571252	-0.4181999278128387
6.832595741178313	-0.41819777522285273
6.037231273122866	-0.39776421103315157
6.037220048510582	-0.3977433416114471
7.6295767602284545	-0.43976907153041656
7.62957781378119	-0.4397688962909899
7.363768150017989	-0.43247962768216874
7.363768587232953	-0.4324785484010416
7.895513649834537	-0.4471445764589196
7.895513614686177	-0.4471443002673964
7.098102925604206	-0.42528416242297906
7.09810127388265	-0.4252858304165975
8.42772003435075	-0.46211676165813464
8.427719130952239	-0.462115948605865
8.693968090150792	-0.4696973573834482
8.693969166807234	-0.469697970610366
8.161565528727442	-0.4545963341002902
8.161564151385267	-0.4545961286760371
8.960302898160306	-0.4773339033552536
8.960304694019005	-0.4773337285963286
9.493207141543895	-0.49274983165092096
9.493206804906032	-0.49274861596411745
9.759763532200532	-0.5005194668951045
9.75976595292231	-0.5005189366457281
9.226721522861634	-0.48501940237225677
9.226715395371992	-0.48501926884180835
10.559810254997213	-0.5240339140358848
10.559832058894292	-0.5240331878835476
10.293077019203123	-0.5161653051757227
10.293071592957718	-0.5161638028934491
10.826624512040619	-0.5319301126983562
10.826630138670717	-0.5319293727004866
10.026388960048745	-0.5083262880941293
10.026387321037411	-0.5083245920412118
11.627395864856357	-0.5557563412430926
11.627400060739522	-0.5557613008758707
11.36041763302297	-0.5477902100185637
11.360413351876117	-0.5477985578064704
11.894422715100536	-0.5637396820447206
11.894458483788931	-0.5637450226590999
11.093492703822454	-0.5398536727111776
11.093491539248385	-0.5398477859331895
12.428719131755596	-0.579762601237979
12.428707449117637	-0.5797589290722485
12.695944219687554	-0.5877897414502199
12.695951935561894	-0.587796335840936
12.161548980394393	-0.5717405100014127
12.161541030881919	-0.5717464010754846
12.963243936560184	-0.5958417676641429
12.963261047464448	-0.5958365347605844
13.498093730562601	-0.6119559630491608
13.498076549440071	-0.6119819027864817
13.76561865939317	-0.6200406466437515
13.765625502250023	-0.620060991826158
13.230630751140842	-0.6039023286344648
13.23062953924946	-0.6038938757652327
14.568743950443023	-0.6443553118574843
14.56881244560494	-0.6443553092401906
14.300972091130227	-0.6362495799368532
14.300953381693539	-0.6362397468152228
14.836677047111317	-0.6525237747992302
14.836720822594101	-0.6524248291808216
14.03325329580581	-0.6281382643431974
14.033238852329507	-0.6281476680832975
15.372904383747201	-0.6687499849426005
15.37286631002237	-0.6687201192298449
15.64115338176457	-0.6769001244275179
15.641180161328254	-0.6768515335981273
15.104767368817368	-0.6606223456314558
15.10469685951639	-0.6605797221140013
15.90955134665142	-0.6849777196778507
15.909618983499614	-0.6850683840845718
16.446850776232196	-0.701315773934352
16.446887388806566	-0.7013560088241932
16.71569733747715	-0.7094613739141152
16.715811415873915	-0.709539751692211
16.17823153134261	-0.6931127369408931
16.17806750741045	-0.6932404967803825
16.984785412275404	-0.7176200214739951
16.984846153623355	-0.7177208735263874
17.523450888858576	-0.7339817212869643
17.52357532623773	-0.7340698840645108
17.25415476546836	-0.7258632244984375
17.253974685178495	-0.7258269796103561
17.79308927157365	-0.7422496882717077
17.79324908008367	-0.742173671940564
18.603457695365574	-0.7667511204214954
18.603545848484288	-0.7668374325575956
18.33328561589297	-0.758570199378896
18.333024024648555	-0.7586203129193951
18.873811270129153	-0.7751765860442287
18.874379081628764	-0.7748212176684219
18.063075429787812	-0.7504238757956854
18.063017577642547	-0.750378670530305
19.41646419495029	-0.7915408635353197
19.415491842452454	-0.791357558471136
19.68709276842766	-0.7996171512172598
19.687255522996836	-0.7997865164950758
19.144814653848282	-0.7827986844734116
19.145043103482518	-0.7836361819715214
19.957330286527185	-0.808071373837639
19.959208336585903	-0.8079472439347343
20.560820681149547	-0.821538721216328
20.451413745886885	-0.8266187997609531
20.228306040220687	-0.8167165004208595
20.227612563608417	-0.8163418144316336
20.784268495998116	-0.8313842184688185
20.78506769133753	-0.8318943312553626
21.32853895407029	-0.8483655778793583
21.328871480859625	-0.8486194227713706
21.056742606630444	-0.8399577193838863
21.05439736434974	-0.8403849534489751
2.0473346811676274	-0.993482707832481
2.04682849263299	-0.9932375650657234
2.056283840184961	-0.997824928613064
2.056309208216577	-0.9978073171424355
2.0372217720367507	-0.9885768939174807
2.0372201309539917	-0.9885747857345046
2.0645340168993345	-1.001827958637446
2.0650666243647224	-1.0020866922288472
2.072598504776063	-1.0057411830508485
2.072593543321415	-1.0057151201915229
2.0269792219032574	-0.9836061192403986
2.0264918896277035	-0.9833702711279155
2.0793728364331847	-1.0090281954539269
2.0548441894752605	-0.9923123525011528
2.0553042425822285	-0.9925327681661236
2.0799394607983364	-1.0093027074635648
2.0362852312507504	-0.9833497973438249
2.0859436939878977	-1.0122162056067292
2.015657459589717	-0.97811363377044
2.015634405320625	-0.9780854748295787
2.0738137899988156	-1.001469872758186
2.0866707486325984	-1.0118775082206521
2.0911521584424433	-1.014723937176142
2.091739320752026	-1.015025732899006
2.058376127876202	-0.9881828922354344
2.0177088999117494	-0.9743775913764661
2.096129506864947	-1.0171577875225541
2.017229777580165	-0.9741513220135211
2.038492343673134	-0.9786772431591556
2.0042543783202182	-0.9725805216105324
2.0037847443022305	-0.9723521857453848
2.0996922397422644	-1.0188826508485267
2.1002842643533657	-1.019171427426349
2.0786059377676196	-0.9979216446069953
2.092746827404682	-1.0105634906089593
2.1029987583805947	-1.0204933975978292
2.0616941150601007	-0.984927281380045
2.1050064692827792	-1.0211841729730644
2.105494156028416	-1.0216919367862465
2.106544827335764	-1.0220793575816052
2.106925575154257	-1.0223999054301962
2.0186817465373865	-0.9690974516434517
1.9918571333872823	-0.9665651572675127
2.0514625728485356	-0.9765468462059121
1.9920795589432108	-0.9661524102705141
2.0375352264648714	-0.9710534074799876
1.9986534390794397	-0.9651807953245783
2.0987356111559112	-1.005575992703571
2.111046033116494	-1.0194428010106324
1.9994356806387996	-0.9597896952780824
2.0796122348249217	-0.984378416114053
2.0195779610543836	-0.960649067621672
1.9794564575577296	-0.9605489479526275
1.9789489349665088	-0.9603021966080744
2.1196738462080513	-1.017625607884238
1.9797700132225966	-0.9559988007814031
1.9796287845931948	-0.9555135328651954
2.001951833680556	-0.95281626959594
2.129189679352511	-1.0282048892170943
2.1297444343274288	-1.0284729270156772
2.0157397118352915	-0.9522120485723259
1.9660944470430668	-0.9540651292098058
1.9797009514979933	-0.9496428067328984
1.961101978837467	-0.9470577938292193
2.140496740079637	-1.027483537037191
2.1408123865126925	-1.0277102756434946
1.9528312469830884	-0.947630728121078
1.9523074014545918	-0.9473757084550761
2.147732475790824	-1.03716049812964
1.9617163377552016	-0.9416193408698916
1.9788523741031625	-0.9383471291797473
2.1460419598805482	-1.023081380436417
1.9386467071434177	-0.9407474980011823
1.9425632872973415	-0.9380838568697725
2.1614747136112467	-1.0377676101937774
2.1655591515765957	-1.0457693544168174
2.1660482446602423	-1.0459982491895878
2.1460785409285648	-1.002511896872139
1.9435918146072861	-0.933560694520309
2.1645826389736484	-1.0316947161563352
3.0326830579367665	-1.1091904244469941
3.0326830678959227	-1.1091904286449088
2.963296857834582	-1.0842237608452583
2.963294275064854	-1.0842228323065324
2.9702629493343644	-1.1853910926299929
2.9702809504273433	-1.1853982510103975
2.919402076620408	-1.1652533902460682
2.9194020644783003	-1.1652533811900934
3.021178101439032	-1.2055521246182457
3.0211781810520053	-1.205552170120339
3.1021014613792905	-1.134174547570265
3.1021049816987585	-1.1341758140307874
2.893941284097706	-1.059274370515323
2.8939412828777966	-1.0592743700178966
2.868573980800411	-1.1451305412566062
2.868560076630352	-1.1451250377921105
3.0321390342484675	-0.9639915341100668
3.0321384906027196	-0.9639913682506215
3.0721101080043627	-1.225721567716132
3.072134342857182	-1.2257311516915372
2.9328972298866116	-1.2386784284542436
2.9324775916791217	-1.2385020249235783
2.9716286170492414	-1.2549689107518338
2.971628715939479	-1.2549689799809776
2.8941415009823768	-1.2223782821078295
2.894141119046699	-1.2223779944326247
3.1303265334479926	-0.9940141379477415
3.130326534307545	-0.9940141383340599
3.010599353381256	-1.2713606598773908
3.010847805051086	-1.271465082755902
2.863048486550825	-1.2092992467675445
2.934025230335756	-0.9340140247697322
2.9340252296600946	-0.9340140247852811
3.171555713229367	-1.1591770904774057
3.171555718466755	-1.159177092692452
2.817765467117812	-1.1250174362942806
2.8177654561086993	-1.1250174304314422
2.845281158768211	-1.2018330760488796
2.824622001333454	-1.0343447056046222
2.8246200048888794	-1.0343439875003357
3.123105823308933	-1.245917870070243
3.1231059223467916	-1.2459179239339504
3.0499255600737722	-1.2879022443191488
3.049926650619678	-1.2879030716375768
2.9222920679843924	-1.2826053303613625
2.9222884584439015	-1.2826080440286798
2.8904396122923375	-1.2686572447071058
2.89032561446127	-1.2686073481063496
2.9542575348510973	-1.2966032780948304
2.954380968575019	-1.2966572548804143
2.8142502201505653	-1.1887809952221113
2.8142495089304953	-1.188780529400658
2.858586796928274	-1.254709061190197
2.8575032557663387	-1.2554870310433595
2.986467487591188	-1.3107084839540326
3.0891268418200983	-1.3043921964829288
3.0893183088926817	-1.304472906130343
2.8269525383761196	-1.2408603304078476
2.8268470734493762	-1.2408099087835642
3.0186747873255038	-1.3248119946193209
3.0188040112199253	-1.3248713680920123
2.9835539903129344	-1.3297191911546378
2.902028599997389	-1.3088228289981414
2.9300473809275163	-1.3214616482629806
2.767001522620591	-1.104924055581556
2.766990733610328	-1.1049197896271439
2.874027401088905	-1.2963550995742301
2.776053004653082	-1.172717611845415
2.775724792203411	-1.1725796683242353
2.958102287494686	-1.3340707635067461
3.174114059302181	-1.2661207472929654
3.174147604272326	-1.2661340196564161
3.228582163060681	-1.0240783664028246
3.2285829563944763	-1.0240786099729824
2.795324299824209	-1.227007578118437
2.8456910213513504	-1.2850706602018076
3.051141058396319	-1.3390320800814173
2.986162826459888	-1.346816844238664
2.8183749371524875	-1.2725353981671943
3.2410379640714164	-1.1841949064738735
4.00586178755122	-0.9842539790163001
4.005861786806592	-0.9842539786585913
3.917930343185755	-1.235470471497019
3.9179303310597775	-1.2354704671108205
4.016594919577786	-1.2657797891122224
4.016597764875764	-1.2657806641771456
4.148923030566778	-1.0168885282968976
4.148923559613326	-1.0168886490332194
3.8629169654994353	-0.9516897703891191
3.8629165972157846	-0.9516896862829234
3.8193081501117887	-1.2051856523325384
3.819306099357685	-1.2051850225254774
4.115303922114392	-1.2961134961159848
4.115303924669041	-1.2961134980584879
3.7207282844344247	-1.1749261254087793
3.720728256511334	-1.174926113755785
4.292090691052932	-1.0495876131752233
4.292090692352442	-1.0495876130760735
4.214050353440147	-1.3264687664799497
4.21405402608087	-1.3264698943966078
3.720100580069119	-0.9192025698129139
3.7201005793663633	-0.9192025704462536
3.6221964762977956	-1.1446945300700389
3.6221949560364575	-1.1446940637182197
3.658649583376504	-1.3346542477564762
3.6586386330972207	-1.3346502954168409
4.435354410644834	-1.082345701872278
4.435355203420405	-1.0823458821726317
3.588957418171223	-1.3095352068499346
3.588946873656074	-1.309526816709436
3.577427596180294	-0.8868001766672355
3.5774273540667965	-0.8868001218828488
3.5237123123544793	-1.1144902185527237
3.523711814191857	-1.1144915626259035
3.5193918501342534	-1.2844689395200977
3.5192764411309296	-1.2844222579582374
5.009234530202499	-1.2138840985033017
5.0092361077721845	-1.2138844611657416
4.865653460633187	-1.1809311821085782
4.865653454839747	-1.1809311789343042
5.152883815260157	-1.246877874807231
5.1528838217669115	-1.2468778762117914
4.722143150092933	-1.148021620819434
4.722141981437986	-1.1480213484574069
5.296594182610479	-1.279909129295048
5.296596395424288	-1.2799096409054616
4.578707716436951	-1.1151584637451712
4.578707712147294	-1.115158460964824
5.44036661180936	-1.3129764930607137
5.440366714906896	-1.3129765426611864
6.036567292478905	-0.8928301205654187
6.03656804410521	-0.8928302223559749
5.8312892074710545	-0.8670335217738548
5.831289201681436	-0.8670335250024916
6.241977067940091	-0.9186956060164133
6.241977075466837	-0.9186956056279572
6.447506407180193	-0.9446248149853885
6.4475075291792265	-0.9446249576985718
5.584196914177143	-1.3460775920070696
5.584193929405497	-1.3460769010747047
7.064734836574619	-1.0227534339216806
7.06473489701174	-1.0227534287358473
6.8588940819337045	-0.9966577159601321
6.85889228399841	-0.9966575212611398
7.2706663924399235	-1.0488975801333107
7.270668652339679	-1.0488978727606884
6.653148318357012	-0.9706135621495126
6.653148261995224	-0.9706135621670928
7.476686181914753	-1.0750875468474594
7.476686209621913	-1.0750875452494202
8.095218040394299	-1.1539044157255915
8.09522233966002	-1.1539049990720347
7.888966092407849	-1.1275933793760153
7.888965196619635	-1.127593281341626
8.301548104762396	-1.180252406030098
8.301548282295663	-1.1802523757212424
7.682788315936335	-1.1013204360007294
7.682785122138397	-1.10132000023185
8.92096392726656	-1.2594972492017096
8.920955858839752	-1.2594959551542793
9.12757106154658	-1.285973658755914
9.127571605373157	-1.2859737504448367
8.714418892468602	-1.233049848602171
8.714418725655428	-1.233049805119688
9.334248492746898	-1.3124793667529586
9.334258759697164	-1.3124807132809515
8.507951098867093	-1.206634988775257
8.507945052513392	-1.2066342554208533
9.541007810546828	-1.3390146969013148
9.54100767827615	-1.3390146125051403
21.878370637685165	-0.8657344421707465
21.8766677720222	-0.8643276079857793
22.15205668520109	-0.8731957582596757
22.153635549852062	-0.8735347449399353
21.603371250400787	-0.8565739322846967
21.60215513261874	-0.8569494815744667
22.428549069204976	-0.8815714865551839
22.428879329677837	-0.8816741709582465
22.98237277932057	-0.8981491646326298
22.9822276614608	-0.898035875991809
23.25963156342734	-0.906341997200199
23.260440265529137	-0.9062798326155974
22.70573478559327	-0.8897754290524108
22.70466289931723	-0.88994282562985
24.097409832567944	-0.9311554372030979
24.097247936676226	-0.9308443786315869
23.817949991389668	-0.9227515768195846
23.81711249382451	-0.9228034989893712
24.377548832505322	-0.9394353600129303
24.37818217217116	-0.93901201469514
23.53890360520458	-0.9148989423315972
23.537987573822097	-0.914224198754112
24.943667519733545	-0.9569187500150839
24.938884216437597	-0.9544854290632134
25.223986245491535	-0.9638763365319196
25.224419867030726	-0.9640307579810298
24.659644975950837	-0.9478268789597102
24.65868571865407	-0.9470691880356925
26.07784772363363	-0.9886983651986521
26.07851104024573	-0.9886680221040929
25.79277111164667	-0.9804963488771637
25.79246506390358	-0.980381098898967
26.362264920433514	-0.9955263030210162
26.367125798860823	-0.9983681572660081
25.50842765814402	-0.9721472979728341
25.507509971996747	-0.9722405026686125
26.941020778027447	-1.01365151217547
26.940354844417044	-1.0133209579748033
27.229549631034168	-1.021694053643745
27.23089107128593	-1.0218018895948215
26.653156617019025	-1.005606836991859
26.65123738560122	-1.0048564945775424
28.105296854728643	-1.0465828685848275
28.105560960790093	-1.0466339933370554
27.813416481836125	-1.03873349566284
27.811614849328574	-1.037777823338128
28.398933679045403	-1.054729075579723
28.39992085607052	-1.0549746804988442
27.52108988212973	-1.0301847454526682
27.52055559580308	-1.0298338111451701
28.991692422516305	-1.0713924231998269
28.99049015349617	-1.0713655920723126
29.28787619112572	-1.0791782725057308
29.289705600097367	-1.0800617880581678
28.6949337778615	-1.0632766428958895
28.694352081978366	-1.0629578250193565
29.888891222926066	-1.096353791714722
29.88758715819324	-1.0961461513466988
30.189012986465933	-1.1044773984362917
30.190819126137754	-1.104561436562423
29.591236837508152	-1.0891292531258183
29.58453788483815	-1.0868114130857156
30.492615814517407	-1.1125238270202646
30.493331211678782	-1.1130478820494876
31.097844440373375	-1.127164489612168
31.108923945972993	-1.1315626760602948
30.798850467984526	-1.121549071161604
30.796010569327795	-1.1205382053471742
31.409338732442066	-1.1373021094460105
31.412238148652854	-1.1381013749837403
3.0723904531286683	-1.464335002860873
3.073166050779989	-1.4647054070474865
3.049472158706141	-1.45341433164261
3.0494712365863026	-1.453413376739438
3.0955743830036653	-1.4753841015924627
3.0955714364663187	-1.4753811663994034
3.0260422459190277	-1.4422491582746158
3.025371704249078	-1.4419292168355677
3.1173816915303303	-1.4857752904711305
3.118226901969251	-1.486178003554543
3.0794271096403283	-1.4545095732219275
3.0794268329726746	-1.4545092973040457
3.0499212570262038	-1.4405766419101131
3.0492010659917446	-1.4402360610191653
3.001533573783473	-1.4305700766261624
3.0015324516090818	-1.4305689372063346
3.1091397343139424	-1.468540365979989
3.109853875956589	-1.4688774016133732
3.1394165777094853	-1.496275404183149
3.139417480118712	-1.496276325642364
3.0199224119754104	-1.4264106028836172
3.019922042974878	-1.426410252591669
3.084687908972227	-1.4403484497735788
3.085599334410373	-1.4407738525611828
3.0587019742223776	-1.428218755901038
3.0586956795738867	-1.42821121820966
3.139746070525672	-1.482992847273139
3.139746998898631	-1.4829937962264108
2.9773377208966276	-1.4190400612027483
2.9766604527035687	-1.418716518536654
3.1123956506503307	-1.4532814239008185
3.1123950456346936	-1.4532778770152017
3.1599522732924448	-1.5060619273291307
3.160760573035761	-1.5064465043022996
3.033625189298558	-1.4165132336448372
3.0326637628738458	-1.416064615398339
2.9908826237506103	-1.4126975011387286
2.9901808085979193	-1.412366199751593
3.139959365866747	-1.4661480490549805
3.140830719749224	-1.46655442848159
3.0085624021824073	-1.4048143741686834
3.1697807568918015	-1.4971760743180202
2.9521530302455603	-1.407038591132533
2.9521522019951267	-1.4070378321277923
3.1705203224905034	-1.497525132717584
3.180567402201308	-1.5158852941431256
3.180567823339448	-1.5158857538188064
2.961409954377132	-1.3987801575461225
2.985633414830933	-1.3940393976054388
2.9845451975756774	-1.3936215074743241
3.1690895089438453	-1.4797452955080403
2.9623105168196164	-1.3941624175504712
3.1996191941247187	-1.5249637190183853
3.2003702025116936	-1.5253228516759874
2.927419741680741	-1.3952525320510365
2.926656981031533	-1.3948873178292516
3.2006816478364346	-1.5117682794397957
3.0105250514656268	-1.3808864085161445
2.9627774222157504	-1.383418077905463
2.9328770919283578	-1.385340338126763
3.1983215382611676	-1.4933545230690983
2.9322322541458683	-1.3849892893627094
3.0715143332173027	-1.38490754764235
3.200141118565357	-1.4929083504431568
3.2185848964024455	-1.53400246212791
3.218658645649396	-1.53396746392693
3.1285719248191013	-1.4107840039245152
2.9422048100094695	-1.373797625154768
3.04188421882956	-1.3689866377590862
3.1582937950717582	-1.422441087366882
2.901699998489351	-1.3829960104633232
3.235900721458537	-1.542250157200517
3.23152375775386	-1.5263871133642288
3.2366605297428572	-1.542631499601025
3.2319901262540065	-1.5229647360711736
2.904090446527038	-1.3717070454443288
2.921165250841162	-1.3638776849805359
3.109495641216987	-1.3745889939301683
3.253025020639129	-1.5504142305856048
3.9992245785274596	-1.5930965348996264
3.9988943521469515	-1.5929657587805013
4.051185673308269	-1.6136964311959705
4.051187682900848	-1.6136977990826968
3.947074539648958	-1.5724224504484405
3.9470743570002496	-1.572422332802773
3.9816551228406634	-1.679961888287914
3.981817828394912	-1.6800301853564557
3.939697024123793	-1.6623014814603991
3.9396965794229573	-1.662301136755011
4.023950168376715	-1.6977643503106172
4.023950583199491	-1.6977646696677637
4.103310536402252	-1.6343624504533574
4.103565389762667	-1.6344637703801055
3.8979102645299495	-1.6447134884362844
3.8977435295174048	-1.6446434057595107
3.895571677820234	-1.552005533670133
3.8950138319925904	-1.5517845548242026
4.066251595858456	-1.7155702213902961
4.066434218170706	-1.7156469684830142
4.077579151154118	-1.4857165410331554
4.077603996845027	-1.4857255724087568
4.00766004186966	-1.4604970171499814
4.007660016058695	-1.4604969978042195
3.9454635698544473	-1.7307834139324323
3.945468197347286	-1.7307874036401438
3.9095958327467826	-1.7150695485826555
3.856122401742742	-1.6271256639276614
3.8561221006420188	-1.6271254434903877
3.909197323234959	-1.714894200863218
3.9813292235950692	-1.7464993051601638
3.981805700003815	-1.7467079510935597
3.8733874158114037	-1.699205240452821
3.8733864660136677	-1.6992044375378914
4.017666749667599	-1.762420705400013
4.017667998892293	-1.7624217801016737
4.155808230931081	-1.6551770347992005
4.155808784094924	-1.6551773867077801
3.844035533328905	-1.5315762415555427
3.8440348316343305	-1.5315757680704447
4.108918197682762	-1.733529973835757
4.108918436888241	-1.7335301975075514
4.147570515138589	-1.510964816194297
4.147570679724386	-1.5109649068690916
3.9377833550996946	-1.4352955003507502
3.9377642495242378	-1.435288610944189
3.8376162617285066	-1.6835329453226116
3.837304291398734	-1.6833959887095467
3.814658000695593	-1.6096742137352171
3.8144986264102148	-1.6096072181427583
4.053471613633136	-1.778109750586342
4.053976338519808	-1.7783302590935457
3.801635482010031	-1.6677692729381175
3.8016342146653432	-1.6677682167518617
4.0896865134977	-1.7939778630769174
4.089687229301034	-1.793978428442503
4.1515789266247705	-1.751487541651823
4.151782706801311	-1.7515738402401337
3.8026840948680256	-1.5151810564338632
3.8924928950722992	-1.7903857743466602
3.891423017359435	-1.7898922402043493
3.9284204985639284	-1.8068998593252499
4.2081892453454675	-1.67594614881482
4.208406986009274	-1.6760324999441347
3.8562409791636645	-1.77371208866734
3.9650455840840406	-1.8236988458944565
4.217582769914081	-1.5362231535732072
4.217616023753746	-1.5362351225488546
3.9661184156146483	-1.8242328874868816
3.773190646068614	-1.5922221155594802
3.7731903134399527	-1.5922218633271483
3.8679308894765705	-1.4101056097287599
3.867930866555744	-1.4101055982508075
3.9238412456756104	-1.8243772943842895
3.8218384104658174	-1.7579000129876259
3.8202739220354442	-1.7581428837426365
3.766069465725615	-1.652189784714934
3.765780521687491	-1.6520604635957798
3.7790687602434065	-1.5058311323272915
4.003416494429554	-1.8413823775722309
5.005496630682342	-1.5700613681202429
5.005485466931436	-1.5700579303287565
5.104611795759537	-1.6005977482460652
5.104611856619493	-1.6005977703849315
4.906415347154543	-1.5395413483353502
4.906415272367399	-1.5395413167967482
4.92125235006189	-1.7902042586502112
4.920988644371915	-1.790109200466388
5.203771547110112	-1.6311534714328555
5.203787162551566	-1.6311583043651918
4.807387453778658	-1.5090440167363521
4.807378803796114	-1.509041341660226
4.99178010058879	-1.8156707388141469
4.991780174843856	-1.8156707709375848
4.850490509922255	-1.7646553467412902
4.850488798845321	-1.764654290894494
5.062083523334234	-1.8410580331724509
5.0626827612703575	-1.8412741604021328
4.779989993619548	-1.7392020298136819
4.779837877814715	-1.7391470664308393
5.302995295815131	-1.6617341985227772
5.302995855329972	-1.6617345068761604
4.709402119528693	-1.713719142069337
4.709401944955051	-1.7137190559807978
4.708393274812525	-1.4785636630362258
4.708393248344551	-1.4785636516750336
4.639005068989051	-1.6883069602685266
4.6389078607624725	-1.6882719121290168
5.402252137061226	-1.6923303290540963
5.402273176421675	-1.692336795608108
4.609448220513442	-1.4481054208953485
4.609441187658279	-1.4481032545436257
4.568576988162958	-1.662885543969381
4.568576832409281	-1.6628854655926657
4.6330218472540246	-1.8444200959407904
4.632834970923758	-1.8443452268671683
4.579347574923745	-1.8231317968930283
6.016008152312414	-1.445564208745465
6.01600813822055	-1.4455641962892962
6.1600481337588215	-1.4787829073939236
6.160053474678178	-1.478784157538434
5.872019574607101	-1.4123730393365457
5.872015411957422	-1.4123720769517758
5.899452022676928	-1.8456609153001908
5.899452418743703	-1.8456611270696857
5.799908493323404	-1.8149546118200972
5.799872846723323	-1.814943407671914
6.304145125154465	-1.5120295187470032
6.304145199003151	-1.5120295534392345
5.728079567618495	-1.379209788327862
5.728079528598031	-1.3792097779726695
5.700394101325216	-1.784261060405436
5.7003940332442005	-1.7842610094925309
5.60097276513082	-1.7536004710885942
5.600945604485739	-1.7535920941924994
6.448287650016142	-1.5453005240363633
6.448294922035595	-1.5453021998061793
5.501583017096763	-1.7229540243936614
5.501582961543223	-1.7229540000922952
7.025400860178327	-1.678633460806192
7.025413598074226	-1.6786364446787918
6.88104632892022	-1.6452654801277373
6.881046245234533	-1.6452654495702992
7.169825398760623	-1.7120280690766279
7.169825622747504	-1.712028146054
6.7367460349272275	-1.6119210090622742
6.736735761002558	-1.6119186271347408
7.314295093575489	-1.7454429922920047
7.31431139474353	-1.7454467528045308
6.592489620035097	-1.578598310728506
6.5924895895391895	-1.5785983071495513
7.458842783097423	-1.7788852813447817
7.458842942571078	-1.7788853274921488
7.74812003031396	-1.8458384541113808
7.748118141905582	-1.8458374326676845
7.603458589767776	-1.8123522824060214
7.603435650691704	-1.812346858091634
9.95473788257727	-1.392165560248862
9.954737472878755	-1.3921655649809466
10.16170822716536	-1.4187794690842748
10.161727264741112	-1.41878169869685
9.747842561890685	-1.3655776719749202
9.747827694914875	-1.3655757829627928
10.368777632135508	-1.4454213161392928
10.368778638148763	-1.4454213418482218
10.990493294491293	-1.5254973587199878
10.990458574516513	-1.5254924551960618
11.197888535230502	-1.5522346046768867
11.197900522136974	-1.5522375177967787
10.78315364994879	-1.49877875064709
10.783152980343253	-1.4987786218394432
11.405392594169355	-1.5789992675283318
11.40543563523514	-1.5790051283354916
10.575933794014153	-1.4720888896638875
10.57591039418229	-1.4720860011249401
12.028634922882064	-1.6594525603185843
12.028636085418068	-1.6594521490895169
11.820806640140264	-1.6326135634830892
11.820750370383863	-1.6326065794866882
12.236572159324837	-1.6863125591282968
12.236663582943338	-1.6863288584274847
11.613040272559267	-1.6057931910257468
11.61304001686328	-1.605793724807899
12.444729176115873	-1.713214668121588
12.444736269300291	-1.7132165525079182
13.069882184026806	-1.7940565880140662
13.07001515201638	-1.7940741206338995
12.861392788013438	-1.7670872911264643
12.861387564897177	-1.767087314080939
13.27866610393563	-1.8210705483876957
13.278676328994631	-1.8210743845489066
12.65303418169369	-1.7401434883770024
12.652940922749313	-1.7401317242942183
13.48746874225061	-1.8480974353989004
13.487663345775474	-1.8481213378063135
4.099994342473304	-1.9142771904597224
4.1009620132417455	-1.914729125834952
4.063881663283216	-1.8974200549910856
4.063881255704426	-1.8974197005631899
3.9950126314781	-1.8868748507981787
3.994216508334104	-1.8865025586684596
3.994202245573657	-1.886488108601126
3.9923075741516545	-1.8855966845185343
3.991055117247053	-1.8850065006560772
3.9875304231359605	-1.8833417170996398
3.987527594647067	-1.8833406244478001
4.136872391366935	-1.931492277728157
4.136870997913359	-1.9314908811237799
3.9823857154719886	-1.8809114907932072
3.981239572689069	-1.8803711469740776
4.027588604777585	-1.8804777634529275
4.026684052946292	-1.880057041925494
3.974491905861688	-1.8771880465751296
3.9744775804403916	-1.8771735905474989
3.9661550761450655	-1.8732473723780896
4.172462634537725	-1.9481049095745349
3.965038153644349	-1.872719549491792
4.173551668346649	-1.9486141930954102
3.9551652505899138	-1.8680579371845518
3.9551648014079457	-1.8680567536887007
3.9902938597268087	-1.86306932953166
4.080956945901934	-1.8770357990184205
4.080956438057083	-1.8770353152142347
4.120103507497436	-1.8950353325348357
4.121107879610356	-1.895496682387154
3.989402365966157	-1.8599275987835127
3.943775371783325	-1.8626778663720776
4.04239975727245	-1.8593069180142607
3.942702118853906	-1.862172531509919
4.041369428410813	-1.8588338418660675
4.16080625124924	-1.9137504459214352
4.160804785172034	-1.9137490528947902
4.208822870811477	-1.965077850583938
4.2088245226821694	-1.9650794911911151
3.929855270359318	-1.8561074803829618
3.9298150913834275	-1.8560956647574394
4.20102538824464	-1.9322433697249648
4.2020350556015	-1.9327063296116427
4.243774497288636	-1.9813928688460274
4.244741360905993	-1.9818458452583514
4.242753505121014	-1.9514292950493328
4.242754909430389	-1.95143004907893
4.279245247340164	-1.9979508285632228
4.279246543875246	-1.9979527058645847
4.283945871095726	-1.970369718834092
4.284958427761592	-1.970834668024704
4.313243083437474	-2.0138212374995463
4.314199827165995	-2.014268686529808
4.290016750455016	-1.9340215062174801
4.231172937804152	-1.8559888667323658
4.296298352922972	-1.9354820587976196
4.326585430038804	-1.989982006840423
5.002148319052533	-2.109605039999771
5.002149951897805	-2.1096063759484425
4.955931126938623	-2.0901428153076727
4.955527752671665	-2.089972486019457
5.0484182333446475	-2.1290903895296935
5.048933928904191	-2.1293088774204305
4.9094414531262816	-2.070566053220922
4.909439269994182	-2.0705642785712897
5.0127866930030125	-1.9950576561556617
5.012786028274636	-1.9950571682587268
5.095276515393462	-2.1488228407146286
5.095284549884235	-2.14882976254698
5.067701659774587	-2.016842796730443
5.067913390783342	-2.0169266582804726
4.958064060045161	-1.973349232653934
4.957868432743884	-1.9732717418145618
5.123035548559576	-2.038794659677493
5.1230361052287865	-2.0387950426005825
4.951312165478969	-2.2320348229576474
4.9513182857811975	-2.2320400337841866
4.863489801279338	-2.051216270150702
4.863113451646174	-2.0510566366390313
4.905172327706165	-2.211244294934754
4.90385331520226	-2.2106498472313563
4.998265327646414	-2.2531950146627295
4.999539453809552	-2.2537682137958504
5.141618742054938	-2.168341237048773
5.142234272546248	-2.1686002242126188
4.858536724509206	-2.1902292387711757
4.858535658927755	-2.1902282480357607
4.90334219092039	-1.9516424386809355
4.903339921844711	-1.951640606351157
5.047237381206631	-2.275262998600525
5.047238179439467	-2.2752637323953806
5.17836668740196	-2.0607463986103056
5.178588116338518	-2.0608340431300927
4.945323611767228	-2.2744756086813216
4.945324220141909	-2.2744761334658383
4.90115130769645	-2.2541636075243634
4.90005123934851	-2.2536599971243665
4.989277015824105	-2.2946859831490873
4.817329582716896	-2.03177861777936
4.8173282097957895	-2.031777536297029
4.990454890020761	-2.295227922341071
4.855760214178386	-2.2332937905705794
4.85575836300369	-2.233292000662766
4.814090132552735	-2.1702000116838325
4.812768782664433	-2.169604667044002
5.188568539161193	-2.1881136492637197
5.188570703118256	-2.188115432677844
5.03415959711793	-2.3153232976918297
5.034161688135759	-2.315325359983364
5.095665473964247	-2.2970868414328787
4.81142616126009	-2.212908005417633
5.096907663669388	-2.297645915573813
4.810286556804974	-2.212383966104869
4.848998323021664	-1.9300851245673758
4.848811146761087	-1.9300111118078656
5.234137928627685	-2.0828729279926463
5.234138753874903	-2.0828735387793422
4.769243818434628	-2.1499911002478425
4.769243178543353	-2.1499904754708443
4.7717340867365605	-2.0125794732062032
4.771335135533856	-2.0124110550219374
4.796738010357023	-2.2395169023539503
4.795773131226244	-2.2390787930269855
5.077478213766717	-2.3352417911832477
4.793389570728846	-2.2379486308782144
5.078804173558142	-2.335852852282742
4.790262504556525	-2.2367784739609236
4.765948899551686	-2.1919973335864418
4.787635290343495	-2.2353438446477627
4.781410864351249	-2.2323908674782893
5.234831173970089	-2.207598756606476
5.235482613544092	-2.2078720709795143
4.772963459917656	-2.2287020537022375
5.146015560988571	-2.319775263639825
5.146017850990745	-2.319777390166066
5.9963811791555495	-2.178562345522233
5.996381880788909	-2.178562719642032
5.923882291293575	-2.1523652439235352
5.92361073685671	-2.1522673549757405
6.069069307052831	-2.2048289677890303
6.069328523694383	-2.2049225945961664
5.851288020234614	-2.1261350831755594
5.851287293762198	-2.1261346256662548
6.142204654508729	-2.231258037818099
6.142206075627312	-2.2312588748099413
6.09878374394462	-1.9071606479816505
6.0987842138572885	-1.907160859744449
5.779148922633769	-2.1000702581769426
5.778849663100397	-2.0999620872902742
5.999105704435034	-1.876405189131258
5.999058562190132	-1.8763907187786917
6.198528791900316	-1.9379403645056115
6.1985941437873935	-1.937960466898522
6.215281029051819	-2.25766727202558
6.2155347299438235	-2.2577588633817705
5.8626607010675045	-2.3322735730619213
5.862337495667722	-2.3321451773084667
5.80406727797719	-2.309021092349046
5.804063964429039	-2.30901821958326
5.706877394972567	-2.0739589434041723
5.706876274838551	-2.0739582977017634
5.746059200019934	-2.2859998946888993
5.745753630025691	-2.2858788490534865
6.298418122019116	-1.968767802298965
6.298418608338036	-1.9687681103429018
6.288813601741643	-2.284242116846208
6.288813915570374	-2.28424236191152
5.6880187505019775	-2.2629676623026653
5.688017688037578	-2.2629669278202535
5.63509254914136	-2.0480246589900766
5.634741764917449	-2.047897516369651
5.6305345954406265	-2.240156413432479
5.630260137337756	-2.2400474676123543
6.398311672772872	-1.9995999882634248
6.3984052006566605	-1.9996288461276166
6.362301677309032	-2.31080160462956
6.362559353826902	-2.310895756022638
5.57304418267754	-2.2172121911283726
5.573039390617157	-2.217341604258375
5.563122461092554	-2.0220247807526417
5.563118492069346	-2.0220225577830155
6.999685868578443	-2.1852763282403003
7.0000603898478975	-2.1853916648500884
6.899406664113484	-2.1543082786408205
6.8994025321427035	-2.1543058401399073
7.100381520590821	-2.2163759011524475
7.100381664580797	-2.2163759756111316
6.799121469537799	-2.1233401631093463
6.798904989626922	-2.1232731077803555
7.200383257869342	-2.2472644367601724
7.201234635057998	-2.247526820038145
6.698711446667854	-2.092336639350035
6.698711045731827	-2.092336473258252
7.300527110795122	-2.2781994663108964
7.300533250281792	-2.2782024010075776
6.598571139553907	-2.061419239663331
6.5984330972276135	-2.0613767016124944
7.381240451742695	-2.303148451860193
7.427286558056555	-2.317334802163974
8.03768007866679	-1.9128886355661625
8.037679909986338	-1.9128885999468475
8.18255686483523	-1.9464473879025235
8.182596405524125	-1.9464565500861017
7.892877400134059	-1.8793543144188358
7.8928468914803265	-1.8793472864992533
8.327556235626313	-1.9800414473083146
8.327556504865631	-1.9800415950620214
8.472597116724819	-2.0136513456494947
8.472650476219336	-2.0136647195939665
7.508153583687668	-2.342333019077644
7.508150751142804	-2.3423321026884687
9.05382422229376	-2.14840074130645
9.05391892749024	-2.1484225481957977
8.908402898280578	-2.11467837827758
8.908401549495682	-2.1146778964324535
9.199454322420179	-2.182176491029183
9.199455977193141	-2.1821775023914425
8.763075513537865	-2.080983144661079
8.763007435392666	-2.0809676260721037
9.345090401561569	-2.215959529978464
9.345226765152349	-2.2159910786511876
8.617784419097418	-2.0473026703313026
8.617783151767776	-2.0473020222435707
9.490986751897607	-2.249807472359524
9.490987751016968	-2.249807782732867
9.783038821471603	-2.3175779413970505
9.783037744997756	-2.317577686343237
9.637046231719996	-2.283698075817169
9.63684574881168	-2.283651753073914
14.11535676560582	-1.9294063074695402
14.11535901957797	-1.9294047944768011
13.906044844124684	-1.9022933555509198
13.905761567310554	-1.9022574638832963
14.32477438185862	-1.9565354108351045
14.3252392196018	-1.956599030641017
13.696642664553666	-1.8751769964891447
13.696639331627583	-1.8751766477502652
14.954932980892252	-2.0382160621546705
14.954931094133224	-2.038214386901232
15.163985901516867	-2.0653265905037013
15.165740683064298	-2.0655484028914435
14.745229201313089	-2.0110287172699612
14.744457938405153	-2.0109285508105117
15.373337995227654	-2.0924766805855683
15.373393985275426	-2.0924883443607594
14.53487723895793	-1.9837692600870294
14.534809690684156	-1.9837494705172074
16.01538829508588	-2.1757649230678817
16.01764705644297	-2.1760511200887005
15.80704812734962	-2.1487327097707176
15.807022805108293	-2.1487107371123497
16.228078002434316	-2.203362395207367
16.228086352085285	-2.2033693976275806
15.637498038686667	-2.1266936984545795
15.542577925923123	-2.114463571393961
16.439795293685474	-2.2308503317359025
16.441124305261333	-2.231015112502207
16.867386322487853	-2.286358576932703
17.080783247103845	-2.314066193316321
17.080810689973227	-2.314076506406651
16.866336681579394	-2.286223896711251
16.653432199830835	-2.258595803748601
16.65338734512469	-2.2585592789717666
17.294766539708906	-2.3418591307242274
17.295666523061737	-2.3419767611758773
