-0.05981463766310754	0.041278651904900265
-4.0856207306204515e-16	1.5265566588595902e-15
-8.736067425019036e-17	9.43689570931383e-16
6.663072871226793e-16	9.298117831235686e-16
9.646450305211692e-16	7.216449660063518e-16
-5.578870698741353e-17	5.273559366969494e-16
-4.583139423530688e-16	4.0245584642661925e-16
2.06293315763163e-16	-2.636779683484747e-16
5.686423554252033e-17	-5.134781488891349e-16
6.282474540597696e-16	-7.216449660063518e-16
-3.234565393306404e-16	-7.632783294297951e-16
-2.327253708502125e-09	-5.128657276642912e-09
0.036683093435130154	-0.04733647722362791
-0.11932482603976267	-0.030661988019983377
-0.11829198661892806	-0.03292575808345624
-0.02870255428988538	-0.11275959111878966
-0.027032010271067053	-0.11338605450939857
-0.18602048581378128	-0.10119498629207313
-0.19056286396117805	-0.0997369233660946
-0.28275836690592193	-0.04323149563781878
-0.2604034004865937	-0.1328211164733661
-1.9420668169181945	-0.6427627015503363
-1.9420459037285045	-0.6427613199235543
-2.119583037641234	-0.6953293752761648
-2.1196034909089296	-0.6953476022898779
-1.9489220965644838	-0.430899439682185
-1.9466715285581857	-0.430758997228279
-2.0394926660938935	-0.37405023119872927
-2.0395506710130116	-0.3739628856440888
-1.7685491901974173	-0.5911569622187246
-1.7685318226445932	-0.5911713481302145
-2.170168504752937	-0.44199384784973517
-2.1714293069144084	-0.44215589503444963
-2.236405666742979	-0.41934518950226835
-2.2365075447051836	-0.4192301982941791
-1.7286798254069473	-0.4253687154195335
-1.726158725397242	-0.4262104263466348
-2.3005696913927354	-0.7494474945243799
-2.3006093780596446	-0.74938164120357
-1.5995017980905961	-0.540210788566032
-1.599493286920834	-0.5402557781527921
-2.3946585056057708	-0.45658556410826695
-2.395548061308278	-0.45641813977158796
-2.434693901618782	-0.46971164710684216
-2.434772782749608	-0.4696899445616094
-1.5125299699254877	-0.4286795873629101
-1.509471428187038	-0.4277180939416796
-2.4840960408088986	-0.8059365218942212
-2.4844041128455348	-0.8056995671833659
-0.976185241830235	-0.7025765440343904
-0.9763628545123336	-0.7027739879078647
-1.021325505582535	-0.43749268421759
-0.8308470155910568	-0.6046301938406842
-0.830636518269448	-0.6043902815621173
-1.1048490218476061	-0.4450810570660447
-1.1280480442868015	-0.44062279999783416
-1.1219731882251582	-0.3920861948839691
-1.1220705319061093	-0.3919572164313142
-1.1295637796059308	-0.8043862393058554
-1.1296809667928824	-0.8046210420289721
-0.6953627598923615	-0.5102963660460574
-0.6952770770315971	-0.5104514858179863
-1.276002572016899	-0.4403377567445574
-1.2759995888032776	-0.44030465594866686
-1.2983978068024244	-0.4367169127939145
-1.3091486847428984	-0.43838823962376366
-1.435247083587966	-0.4898720874510682
-1.4352773089562114	-0.4899002165600895
-0.5717870679631886	-0.4206126333978069
-0.57145338910601	-0.4202505134294767
-0.5456885822777066	-0.7795426942038403
-0.5455509803186454	-0.7795050081845424
-0.13928074356130918	-0.5516205103963956
-0.14496336985912336	-0.5544969468143002
-0.11980301345746511	-0.4718991656710877
0.19332745687031197	-0.5845358496840899
0.15502100347584993	-0.4763736596680285
-0.09905648976856068	-0.4063084686226338
-0.18584078409863894	-0.7278178504956679
-0.19175725687900272	-0.7286442027647287
-0.13268655279558436	-0.3888167034994913
-0.23551662940963053	-0.38614468593476237
-0.2366042939707096	-0.3857086708562459
-0.32463148692266214	-0.5076765017989955
-0.32508691474172163	-0.5072571632202945
-0.35575338129619916	-0.83696102037499
-0.42665534893828005	-0.6393064071421775
-0.42713453135779994	-0.6392768901788725
-0.3657632392110132	-0.8336775619873142
-0.4300600349414233	-0.8385776312613302
0.8859224893643662	-0.7797819143455829
0.889399741477417	-0.7934922376162716
0.5310060797596012	-0.6598969756287427
0.5297759594742101	-0.6908802260454381
5.126279723989391	-0.46398416961163647
7.295262770737857	-0.4185397847011295
8.893081252732074	-0.4891902140189529
9.617414225559271	-0.39454069436522976
10.854547329680722	-0.46074819594476796
11.974860187778631	-0.3853243562474696
12.950260454341628	-0.4398563562459813
12.796029035175563	-0.49110720970862587
14.306271568767098	-0.3969024028772114
15.089093070614823	-0.42615998664026955
14.78765910916321	-0.45239152465718313
17.032930255166555	-0.4089639072572822
17.282454018307764	-0.421915871188275
16.675055662141634	-0.4924814885178381
16.514364191737794	-0.42022816060202495
18.642848649903186	-0.4219947317702423
18.584668719842828	-0.4762593970032829
19.391931581622867	-0.39196778146342187
19.46788288103848	-0.41823970467631544
20.858530710938147	-0.42937970464427666
20.61911835262308	-0.4613671362540795
20.53857414628122	-0.4770580923044303
21.759922109334877	-0.40671828523236186
21.629642687414282	-0.43097703410089117
23.050928242381765	-0.41236892832194416
22.745948100179447	-0.46104528041388326
22.50431884634112	-0.48154497718203454
24.128372425358183	-0.40419440002241946
23.814054603381557	-0.41798200531744767
24.954011760123894	-0.40324945445874083
25.283517055169654	-0.37319390577940037
24.56446525601412	-0.4521621238931249
24.509554041452937	-0.4332571025172637
25.913794458790083	-0.38292910410189024
26.440650138033146	-0.46977885676944175
26.419168534461477	-0.3795863100629292
27.128140449582414	-0.3937819325494649
26.55024991118649	-0.42541842100934385
27.498976061029577	-0.3628532589262995
28.019808365269316	-0.3895912030167122
28.415690759181704	-0.47598648460957044
28.419848119087966	-0.45388116923644606
29.163083932973205	-0.8397727537442969
29.169161672510473	-0.8430381864513172
28.726633722303138	-0.44082821062540745
29.236466599810743	-0.8382756920029873
28.688979916982444	-0.37864589614774613
29.35770069584198	-0.39922545765626744
29.959340830264377	-0.8029088840899905
29.93362189280157	-0.8138883439801673
29.873231886925886	-0.7887390791192581
30.112748891435825	-0.39552761994577806
29.98553419533894	-0.8334076276612018
30.299870964904397	-0.4864506275882831
29.72988562395272	-0.3678601148246028
30.476494953654058	-0.43554222167083856
30.990823702764242	-0.3828165203146874
30.874751348272827	-0.4116047494280488
31.039099327742736	-0.828447382345456
31.263489626777265	-0.6788775708476764
31.17693400278579	-0.8256866789883166
31.25066800637996	-0.7423657402764745
30.762618072112712	-0.8326702232126028
31.30631906553909	-0.7623713257989997
30.694502133515964	-0.7808421545163604
30.577487668004345	-0.7593393671336744
30.58064779506676	-0.7832455029776105
30.510474409249937	-0.8086291890751484
-1.9172612644172984	-1.2542707074265131
-1.9171666516828738	-1.2543312725248101
-1.9137595031063146	-0.8924627978778732
-1.915408761186131	-0.8905300709562861
-2.105618871106018	-1.3177415817722535
-2.105323813136601	-1.3181209173999446
-1.7497920953487394	-1.1914630622860414
-1.7496485388171434	-1.191520550117164
-2.1420688316443353	-0.8732887136129124
-2.1427765862706556	-0.8730257156805579
-1.7141534484459864	-0.8921629545468927
-1.7161729734914601	-0.8865721217736834
-1.5974597690647903	-1.1114646175865615
-1.59733200865968	-1.111559763173772
-1.6273429268546213	-0.8693309641686745
-2.38175495657368	-0.8526726856997896
-2.3816996894666507	-0.8524755753228603
-1.0334705424968542	-1.230120773417351
-1.033197227163289	-1.2304453684104582
-0.8459735488010792	-1.0769303858823498
-0.8456842731622671	-1.07711870577542
-0.7757754224656442	-1.3437538353186465
-0.7756523477600528	-1.3446796800324314
-1.2874230797006057	-0.9092371198418411
-1.287391666316833	-0.9090565531974568
-0.6844009324908529	-0.9260509349081373
-0.6840382704855756	-0.9261378585721378
-1.4446659496413736	-1.0139824485253646
-1.4447415422686767	-1.0138570290566304
-0.5853707203460259	-1.3356678974455467
-0.5845529783475814	-1.3356135647657936
0.17705870112575206	-1.0602819485202064
0.17952163579761546	-1.071890264509453
-0.14182415716096286	-0.8764563626345999
-0.14202956737925454	-0.8714730322957436
-0.2444983890792044	-0.9575805359273479
-0.2450647125254122	-0.9576193855693169
-0.2865249037230352	-1.1490491917025578
-0.2872454920365732	-1.1483673252317173
1.2481220292050998	-0.8809052230844869
1.2503279939688694	-0.8744063783229774
0.529866521071704	-1.260949130790014
0.5288471005275739	-1.2628760613096663
1.97951847339025	-1.0240810631196695
1.9795597273205177	-1.022605100385026
2.3471656908317127	-1.0843165545350908
2.348214290650816	-1.0842291947394378
1.6137974801956996	-0.9547490952329433
1.6127672686206451	-0.9558725264849268
3.088399839665313	-1.1907948980641867
3.08874940070168	-1.190454857514417
2.7176142658796585	-1.1396595417274604
2.7172625143479134	-1.1396779874841874
3.4608877698729734	-1.2377746312028652
3.460955710822272	-1.2380967712584474
3.8342423335915137	-1.282060065628451
3.8344383879610455	-1.2822886759832028
4.208574040897461	-1.3237472554218142
4.2088673909657865	-1.3238161057395756
18.044306448106425	-1.3179812278258143
18.921502065254543	-1.3210662059161808
18.802254972506592	-1.2767033534361174
20.01163955765242	-1.297624261315603
19.742264674825112	-1.2465919018073741
19.72439877232721	-1.3460122663233367
19.650680474750498	-1.2874532928227844
20.849095773932717	-1.2186872552222603
21.02881642764591	-1.3182475741632491
20.78029753952512	-1.1247376859991827
20.755587334307375	-1.3369214931054343
21.29379139837255	-1.3448277133505528
20.560092892096385	-1.2898476393261002
21.491148534363507	-1.3251940202377013
22.09391229610982	-1.1925945632027344
21.996881521076237	-1.2509407167999176
22.104147281999868	-1.2315906367596245
22.03120273148264	-1.267760555675023
21.883638537178687	-1.2305703420346616
22.20376400469684	-1.2292008278284845
22.24892235955067	-1.2181025488892285
21.871299203954234	-1.3462485825320325
21.692583858246845	-1.111041449562345
22.317728610939966	-1.1916332629842479
22.2481401109871	-1.3458464720433325
22.394738252950702	-1.1967490325817638
22.416055043778705	-1.1342474802838378
22.429007762234694	-1.2653832561167326
21.5648745555574	-1.2543189857143826
21.535047922501896	-1.19470569235476
22.47853829908639	-1.2216256246752812
21.516094312141124	-1.239835781713893
21.555960518416267	-1.3445529654075112
22.496181955892897	-1.2084510966261781
23.02078979722557	-1.1996930171325975
23.01271134789952	-1.2110928862177481
22.937118994680258	-1.250478750998198
23.166815329258245	-1.124639589815287
23.170728478618148	-1.0314617400894832
23.183857083749157	-1.1527739532836476
23.214365064746858	-1.0221375889114195
23.14674424495899	-1.2832354337137015
23.26160340081956	-1.0861273555129338
22.714457689242032	-1.1406640966667487
23.1834824008504	-1.332350710710531
23.35798557947312	-1.163700155364078
23.358488844882306	-1.2395957751413307
23.42290027265723	-1.2234001286201797
23.444355223634997	-1.1522995242422693
24.022138348742587	-1.1417090067370208
24.04503646997704	-1.1178770908566564
24.083095320635504	-1.1370822824952111
24.076629888116955	-1.0430123730902123
23.930877916299796	-1.2203647758430543
24.117262747096646	-1.0217962760702204
24.03485094109744	-1.243808325416129
24.140512025006405	-1.025040261227369
23.84209521550709	-1.1301583801960493
23.85607111260282	-1.0238949587655277
24.10062600139898	-0.9657933439325663
24.139598423820548	-1.2131223024371858
23.82746944240162	-1.1941373594671263
23.807183248410926	-1.2785411443393315
24.26332745797708	-1.082007471283859
23.814012042448223	-1.2988465608695219
24.27863312168965	-1.100605912563351
24.284701971703722	-1.1368629734866647
24.256646062704668	-1.248504498613048
23.691648537467845	-1.0462749175982051
24.341074380956503	-1.069651757277233
24.2951614260028	-1.2903321209088323
23.691985437475232	-1.3233467020326635
24.389791679162318	-1.2397421360307377
24.405211482985322	-1.2540835192413824
24.442541488075737	-1.103854382946031
25.043324778798215	-1.0734283406263447
25.05658733439129	-1.0927215008788684
25.041987066190508	-1.0241788611764822
24.964389789133026	-1.0008789024506135
25.025144201656534	-0.952511478269335
25.12528591450199	-0.9856102198825516
24.957321271354836	-1.2650459654141053
25.104477575989673	-0.9647185035417875
25.171326067955853	-1.1394000283086736
24.821906465336053	-1.0260259545224628
24.907013209305415	-1.2730064885871664
24.802677102554785	-1.1356155911307855
24.777776245995984	-1.1476353321617643
25.175590733804988	-0.9550080525633854
24.776466160041267	-1.1706360642083045
24.795999147930797	-1.2211452979601711
25.251175767975983	-1.049150674908424
25.262863175833086	-1.1663220283683293
25.271467220664448	-1.1201347356895341
25.186968586109632	-1.3027403114085472
24.81323810310222	-1.3066189505236676
24.747551974605248	-1.2632040429348756
24.707715269798907	-1.1756729631455451
25.32315841086041	-1.185791192128717
25.282736634966962	-1.3074908377362475
25.383316469762274	-1.1562246810144245
24.576129683369626	-1.2391278233774103
26.007267985166504	-1.0602699115354912
26.087401047298904	-1.070185903703832
25.962114388159122	-1.0086544207247516
26.09274510234362	-1.1365098473805089
26.089459115673357	-1.0534577562431957
26.010880248255656	-0.9749650083461353
25.904728234051696	-1.0107863766445533
26.152514068332025	-1.1007550728295483
26.071699117880108	-0.9593993126259162
25.993710587464864	-0.9291074602885665
25.978678098386006	-0.9240776527019487
26.14759669145678	-1.2424543986360033
25.882138985194548	-1.2994196910954128
26.04370974810757	-1.3368561605135472
26.111004959460153	-1.3137879113396973
26.164625324907064	-1.2768398609500176
26.21036576885082	-1.235050857156859
26.17154695284036	-1.291870432913123
26.106413704700707	-1.3364981669106588
26.28254105429896	-1.0982070847542795
25.7209768535283	-1.1580661590441248
25.716071985274134	-1.0304606877458178
25.722327087293657	-1.212655890205017
26.294266137098617	-1.006410960090987
25.689912299303778	-1.1355620764829282
25.741040526307525	-1.289919695277898
25.691831551230475	-1.1964546508094018
25.65210108518422	-0.9532426155400366
25.6806573777442	-1.307628307038333
25.635522627401965	-0.9533563149868894
26.367994548862818	-0.9214896723106172
25.623848954562487	-1.2872236896132379
26.38126350830549	-1.3288898233774402
26.428724158294838	-0.9585431921182955
27.054717696946838	-1.1154674321712252
27.017920418602934	-1.2110527671051579
26.9918855824896	-1.2325357536645891
27.04338089286255	-1.238020092298163
27.05547104012267	-1.259013912890798
26.88640216315556	-0.9746473013630084
26.92460755025224	-0.9419489214651484
26.977636471282104	-1.2757882596402976
27.068726175586495	-0.9291808040177708
27.077658840158406	-0.9325549308886635
27.079161063896013	-1.2812708918325844
27.032579739736686	-1.317796844103827
26.803905685390113	-1.202918191905212
27.203994744594397	-1.0088924088341593
27.115911224584735	-1.2939456071189126
26.86014713483503	-0.9072819531797696
26.835497266942095	-0.9219884453442753
26.931596245343513	-1.3430820954962288
26.740708750650168	-1.0256548419985192
26.85601081847301	-1.3337580560624607
26.738918073588803	-1.0013862413891341
26.715082508645512	-0.9216002824797114
26.699002661801764	-0.9042852170344546
26.63589442626837	-1.0767488815552204
27.370813267228588	-1.0458617888904194
26.610508216898708	-1.2547324749115019
26.583992199699473	-1.1686262141642867
27.36263920539933	-1.327119096109235
26.569998804148973	-1.1845602625300944
27.435934986411752	-1.155850781987926
27.438992019248253	-1.010054171961599
26.56725186310647	-1.2531026283660789
26.556615365326508	-1.224599676325541
27.44430080227058	-1.223965737906014
26.604278654249175	-1.3433606363917365
27.454276341464283	-1.2339367138618949
26.590762195416307	-1.3431432020362872
27.467244237634855	-0.9541836033944284
27.46152666806499	-1.3041133431836498
28.00153347053755	-1.1400810417555711
27.989784000609774	-1.0396652190113804
27.904484404304604	-1.116851322617318
28.051340148203625	-0.9577807924082475
28.170961472282062	-1.1297745343128045
27.872242937106275	-1.2187397852529231
27.893693613254953	-1.2460161263956893
27.867200283205324	-1.2566683134577876
28.18368520054603	-1.2355238533709298
28.18926654293493	-0.9699255793298582
27.90484428415254	-1.3142378480500903
27.850522641393848	-1.2807846062024741
28.240421962443186	-1.141431074374102
27.8241496216875	-0.9264793441351288
27.917779757716072	-1.3469939030753366
28.266875108280445	-1.033353055451919
27.773493820434204	-0.9319227222983907
27.807828533260047	-1.3231294200544372
27.707767761311437	-1.002994171181498
28.298539770490706	-1.2391852514383435
28.284092797923197	-1.2874221902233205
27.717187175652462	-0.8948698553833084
28.296776918475427	-0.8916430219915195
28.292174538135868	-0.8850698194921022
27.686625070344405	-0.9094164089382084
27.70196365145732	-0.8835635086381948
28.37090184716911	-1.0704444368580905
28.35209534451033	-1.290661251887384
27.54928994901477	-1.0456470195638283
28.406596059116975	-1.3260925690262655
28.425546942908415	-0.8982390147125567
28.45333251967745	-0.9034164918943978
27.535214796384405	-0.8979612002109115
28.48508316534828	-0.948466963130537
27.50490811714368	-0.886321960192324
29.015394122213017	-0.9653082922893045
29.02760494844938	-1.2427217074602601
29.07289815853027	-1.2271171861703276
29.153541259959166	-1.0750623681431004
29.174656605716574	-1.115891724917529
29.0332476448429	-0.9265455717603891
28.810293394594773	-1.086173700718386
29.044305383327245	-0.9057074891988353
28.944786346448392	-1.2959635154750448
29.148927230735726	-1.2417212408833105
28.873597766870148	-0.9365918664368853
29.019319743922328	-1.3092084661183043
29.119514756900077	-1.2927672065863016
28.761334788992123	-1.1476688678896556
28.799820406100213	-0.952244193466644
29.27073731898484	-1.012534045301828
28.750709272628352	-1.2477475229918367
28.741607320145636	-1.2784653830458097
29.223288278204475	-0.8758321600642761
28.77040548102277	-1.3272323084598776
29.323223259824204	-1.0451420556143434
29.253454107197182	-0.8798207298304778
28.723018761524976	-1.2974678424778234
28.656751110596062	-1.1196901241838861
28.63274738566151	-1.158465406281642
28.70477394890934	-1.3335803618553816
29.319310451805848	-1.3045988035872866
29.355391941748476	-1.2432704122848859
29.40766703042073	-0.953203917237837
28.567232482026686	-1.0366484782489376
28.558683898350946	-1.136889197045694
28.594884389918544	-1.325178755446183
28.602266683673292	-1.3390384970802192
28.558152534888663	-0.9183572670893958
28.50721431624414	-0.8809452006232393
28.514067584167517	-0.8652759490641839
30.049360897805023	-1.1563812035117533
29.93658495413379	-1.0508854604783449
29.96223576660269	-1.196991031263478
30.11510350699247	-0.9873923255838241
30.024228234743774	-1.260596406733302
30.06138137941503	-1.2587289048665764
29.92864401867905	-1.2558092325911008
29.972210934738456	-0.9281275259663782
30.06779585047376	-1.3056521413835758
29.935491073264547	-0.8808847600001303
29.835466088007898	-0.9280694683035465
30.229356657791552	-1.0267548877257822
29.806346813783886	-1.2576788136892527
30.035848602349176	-1.3477738631004996
30.271125215475664	-1.172969931175055
29.716367372425296	-1.165277342090987
29.75511582429315	-0.9310625309970709
29.743325545654685	-1.2762794108277467
30.307002612604087	-1.1625954373763185
30.30195978501815	-1.0020140737102348
29.690257742357456	-1.198555467424377
30.22416292205241	-1.3375468543633455
29.729936859747767	-0.9022766991542961
30.26880667575945	-0.8833368856413462
29.739425255289923	-1.3415733556098262
30.355776828009123	-0.968685185789994
30.355505001807803	-1.2919168209275043
30.37661182352375	-1.24907554810751
29.591950702833472	-1.2139517887532936
30.42526749421143	-1.1696152027143771
29.572053166396753	-1.1623555172622124
30.437130353391563	-1.1366505492472319
30.401908167704185	-1.2975292712437707
29.587554533731826	-1.3064210551465956
29.59683961447076	-0.8686616436207297
29.53536197676362	-1.1360762026246276
29.54066169656043	-1.2135765240870808
30.418940542622796	-0.8562129510403784
29.54269431995594	-1.2708480893854117
29.541319439328372	-1.303544385694009
29.518458982076538	-0.8975407683390615
30.481629937702138	-1.3114847789147037
30.47373119179395	-1.3422413818428494
31.04194697463503	-1.1052536874761585
30.99011817317936	-1.1609786499048262
30.939132825099854	-1.037951182958187
31.116957137975806	-1.1832720134108206
30.88059976979475	-1.191432708157313
30.838166709447346	-1.100491852755387
30.835210593082866	-1.1186421711738725
31.162117528955175	-1.1759826308511985
31.16823810256747	-1.0338683673871358
30.948439262304465	-0.9262120063687054
31.017997592670557	-1.3137739388413443
31.20957811557334	-1.1489921716861322
30.946109118591743	-1.319193961509708
30.80937888507487	-1.2324147962055316
30.771151020277074	-1.1476368660027652
30.85505937814649	-1.2835802174584368
30.8314797030928	-1.2735654038339421
31.18795650043565	-1.2613541105143249
30.767511980889523	-0.9911822737229953
31.23887891759688	-1.2222437800272017
30.75138911939203	-1.2547174308893008
31.30624886683317	-1.063515432814312
31.308131893077103	-1.1772517525123802
31.232185162625452	-1.3347719561685811
30.762641020081738	-1.3368978715762556
31.291492570253972	-1.2920753753719327
31.305000442426653	-0.9264706126083004
30.70376357790812	-0.8953867524409114
30.666208783027248	-0.9129409863609288
31.364159888693443	-1.2458495815543935
31.345244596340493	-0.9096959478285978
30.58480443187758	-1.050193460541845
31.40951934114709	-0.9766919469378672
31.379566051894322	-0.9006449426456982
31.350427586814178	-1.349467798497512
31.415789872101797	-1.2639010522325194
30.583081893312848	-0.9286224399150876
30.55724227271214	-1.279501128723239
30.54560492935578	-1.2508957982797715
31.470565216819967	-1.210924319761034
31.47352968689492	-1.240679182361057
30.523115210479002	-0.9383221921307457
31.46431389855576	-0.8561091066203045
-2.0207361113075923	-1.8469805503424777
-1.750177319173589	-1.7020292099668715
-1.7494345692147117	-1.7026931401182868
-2.304965259224857	-1.394721061616891
-2.3061965128908746	-1.3936901057386928
-2.32735610541704	-1.4197718200631146
-2.4055787634965253	-1.4477871076710822
-2.4058505809147857	-1.4474491310312976
-0.8623408629072481	-1.359221518596633
-1.248818255419255	-1.3855547400195822
-1.2489638996019012	-1.3851271320234244
-1.490571082054077	-1.5437462691735095
-1.4907524451303438	-1.5435157110868063
0.1806734786248979	-1.6339331844385339
0.1812113934005055	-1.635771741386391
-0.16711747139228472	-1.4295417593506725
-0.16734088212297604	-1.4285157689422605
-0.3398619677797538	-1.430289505359731
-0.3415044176534358	-1.4312349076931896
-0.40659328817027424	-1.3701953529441742
-0.40756832573821367	-1.3701488185049702
-0.48053965441013496	-1.6527570250924626
-0.4814950343425956	-1.6534112162967396
0.8831047936035559	-1.4245725037322463
0.8820600885204491	-1.4235867890261968
1.235589247579498	-1.5637996831612981
1.2359886013843069	-1.562827960944633
1.9415336583644953	-1.79921127750753
1.9419599400172616	-1.799738146298706
1.5889650191920097	-1.6871859830727411
1.5887478170474294	-1.6866046516700977
4.959914309623606	-1.4004570235011091
4.960032774193118	-1.4002893551357398
5.3366960019286545	-1.4359404484050906
5.336653370926659	-1.4357354120950767
4.584074160024423	-1.3630541029391026
4.5838461997052935	-1.3631320628435037
6.091667480593099	-1.502012597833353
6.092002230797677	-1.501988732198764
5.714083568963222	-1.469739328379954
5.713890767031438	-1.4695869322765147
6.470080987336202	-1.5331400492443963
6.470208324604979	-1.5328148135177257
6.848884815133192	-1.5627741844646728
6.8487878201475745	-1.5626338021562074
7.227752694645944	-1.591037879287866
7.22786711211212	-1.5915389288759139
7.985811452237504	-1.6452889958880255
7.986459333949029	-1.6459322459849817
8.364415691428164	-1.6728244760808264
8.366061689940981	-1.6708210481575236
7.607327723623813	-1.6188781457047663
7.606573913220855	-1.6188427089616881
9.11811858102584	-1.725892114206892
9.129343609622754	-1.722039659614763
8.746097667560647	-1.7007571046107146
8.742895872046782	-1.6951028384959905
9.89042110508298	-1.772228484715744
9.881219655823898	-1.7847669055241027
10.25677959468098	-1.8012293513546482
10.289305657421556	-1.8070539919924191
9.507610140872753	-1.7582757258526378
9.501059651033632	-1.744445784332518
11.033731566999842	-1.817318424520824
10.669194627901414	-1.8067974749311277
11.818495379524055	-1.8475015534860761
13.409173847517678	-1.8147194499817363
14.000161539870348	-1.7874648273507212
15.123541348462663	-1.7560692413354038
15.009790300892227	-1.8142451380128652
15.174368489578335	-1.7451658339201495
15.359991723431698	-1.7890214103160125
14.58954285756926	-1.8171326576182907
14.54156488799268	-1.7971919705591965
16.019956265390885	-1.687730303005636
16.18990637897587	-1.6972929821162206
16.148311845449904	-1.7731292768165412
15.796707624570931	-1.8039300966812135
15.726428318381474	-1.6991781832278234
16.29037533514203	-1.699804486720041
15.579443104341472	-1.7835722284172375
16.825014468122923	-1.6421064419005982
16.85707031275145	-1.7489801441127142
16.93854383008118	-1.7979780120886943
16.748620667114402	-1.615122560582777
16.718618360368872	-1.6132377699052112
16.692413519103383	-1.6326361120096962
17.34067877150427	-1.4331746577791504
17.361912455485214	-1.790400499957541
17.402619060580275	-1.4899882339319435
17.416053867461063	-1.6518777949566639
17.46960178516385	-1.630989551290381
16.518202274768807	-1.8305655340302434
18.178135847765738	-1.6615680085441904
18.123817367963987	-1.38764583710736
17.72479590207735	-1.6174694820505122
18.306963883477707	-1.6185733672702498
18.312302491455963	-1.4759347254472448
17.653905342464448	-1.6766593715872518
17.587317258432893	-1.6229603403442865
18.45031557450888	-1.5950493935511219
18.45570516395263	-1.5240839040943892
19.080112842307333	-1.6778288814826183
19.07351962105882	-1.4847026304155693
19.043323284894907	-1.7857583250504019
18.845753343318595	-1.7596143822081742
19.052010486209504	-1.8254597818675529
19.222343074237866	-1.5225026577526475
18.97031205228685	-1.3539023192870259
19.216925072967523	-1.4581031166910283
19.15415469646747	-1.816334182707915
19.119795883443356	-1.8479321428781605
19.270150420518117	-1.527901030543866
19.331769701918088	-1.6603174260832916
19.358383214325222	-1.5531048519974695
19.428370652346754	-1.5998083748034693
18.50828935295691	-1.6621138618150328
19.491257616893936	-1.8361696105714236
19.95232017956449	-1.5017487320443204
20.010324289381234	-1.4855789759180682
20.12629019239939	-1.5705258095773615
19.866661705908506	-1.6199549169818064
20.08116550783371	-1.7126662556638226
20.097459420412896	-1.4737470812309363
19.891845375169765	-1.7282455849650535
19.801768665792657	-1.669247174190499
20.16175328276647	-1.4502502555302832
19.82133471243868	-1.4020412853835198
19.856229416197042	-1.8439330352095544
20.28226403526868	-1.4955048524960035
20.294067072758594	-1.6755168968802605
20.308071602348146	-1.5843399669991391
19.72510064701635	-1.771910880244507
20.35696864633557	-1.8309208096955243
19.623847719360484	-1.8357030107747279
20.45607190878894	-1.3525202763353843
20.47021265350272	-1.8237139043466288
20.84970449076471	-1.615936250732135
21.11600235167075	-1.7191238745743052
21.17223586350254	-1.6184742547962778
20.895461067337937	-1.4518485590316144
20.987373150478348	-1.4181010809898202
21.057791299398406	-1.4131593619207032
20.792161238236403	-1.5446705010336845
20.863053821648453	-1.7718955585908311
21.210796194494208	-1.4991558464869001
20.83822547386209	-1.791291116619981
20.747945285081794	-1.634365801946261
20.797023066367707	-1.4302636729848406
20.717719016802885	-1.6241486359451613
20.74581550503422	-1.7942997475418039
20.717592187653672	-1.4132907895562035
21.387989307336596	-1.6060437709684006
21.321363395276393	-1.8339314240717983
21.369112451681065	-1.766210844130778
21.43644855417742	-1.808848389918145
20.511313000889988	-1.6827199622913447
22.06302071030839	-1.5668881992565484
21.95590390363013	-1.5314589682819562
22.101856868448603	-1.6281018971820669
22.065189739217608	-1.7345866136220238
22.16485280082422	-1.6426348769073653
21.834185714687752	-1.6476944611356392
22.084367347703758	-1.4447929036736857
22.106888311727428	-1.7703130121874853
22.095733546048123	-1.420594908193498
22.242436087941414	-1.7728694164283265
22.259866316973348	-1.7604652841233779
21.698559450826895	-1.4973781596180546
21.778523996246243	-1.8470787814171825
22.348450391503903	-1.5394228943923598
21.68008122431252	-1.437340016633751
21.711369906451157	-1.8307296275765386
21.619073819657054	-1.6568729215227362
22.406029383499327	-1.6276799835386788
21.572252890431308	-1.6369447821754404
21.602175602906556	-1.362608121236928
21.55324125789362	-1.451419044753456
22.48281319283951	-1.4910798949509534
22.486037074340512	-1.7588552340000536
22.480739971832804	-1.3984471309329853
22.976077316091878	-1.5441666418110758
23.071250164740867	-1.6181085299754794
22.945118425126942	-1.546085593063903
22.941287677263947	-1.6499837586583357
23.0863873765775	-1.6905218719431294
22.929015852519825	-1.4822558827088506
23.084648681720218	-1.4641348850669156
22.980517292561725	-1.4403141020350174
22.86810292738558	-1.4801314959896332
22.970612372574912	-1.4200098163872412
22.9465368656745	-1.8042615340271624
22.7902740642714	-1.6319114887193995
22.76349208912265	-1.6079488389633934
23.073471110781	-1.364850054528046
22.837490611186468	-1.8033794804010872
23.253707114075382	-1.6903251608651437
22.73030827885256	-1.715935075388814
22.710680177675634	-1.686742536968868
23.277639099214806	-1.4679561498948894
22.713655388372732	-1.4854295321766628
23.382985573704666	-1.7721452924460448
23.42642778184427	-1.4736272796635066
22.565752921658078	-1.7504848015434964
23.425066361068687	-1.424867369204359
22.56979127379809	-1.4195790910599746
22.540110507051573	-1.4982184676260792
23.499582872277493	-1.451909419375206
23.965523260535768	-1.6315112697549365
23.99669745644445	-1.647782611020949
23.87770921839449	-1.5885448510183207
24.00967113869246	-1.460506840476488
24.20428227455802	-1.5886408438095514
24.027784897006512	-1.809129092063057
23.86206865745881	-1.42388028440701
23.817116895615662	-1.4364610780838052
23.855826860643663	-1.8076779796640778
23.752480105706297	-1.5438724434701945
23.837140035917045	-1.377861543023214
24.255170319769537	-1.4401601073985675
24.28980482406618	-1.465976460086166
24.274223777672972	-1.7734534553954433
24.292972476401683	-1.7862531177891685
23.722217527470395	-1.8100127595817785
23.640432492662953	-1.5812126092048657
23.6722197897873	-1.7501534224859685
23.646823025042302	-1.6750307571837997
24.36381680616798	-1.437938085842327
23.602422345325223	-1.6993504182179886
23.58706308428151	-1.5800373022955472
23.604429104881337	-1.4096268337730644
24.394809290269244	-1.8427856814489603
24.45210006691205	-1.7199232097464292
23.566074420016896	-1.37889441440867
24.961469495997544	-1.6371405782204975
24.930061027880967	-1.6136034334004914
25.11062859946314	-1.6123200483344615
24.947749730197593	-1.4971263824316212
24.904191297617107	-1.480331839922982
25.127969561520757	-1.6852165317141827
25.08171813924004	-1.4491573499460282
24.810623608944834	-1.624656704272224
24.90689033298561	-1.804087720764267
24.81162242120678	-1.4766479062616418
25.247614125522194	-1.5938792120840661
24.77419695433795	-1.4845496282076673
24.749689686617483	-1.6546941476801975
24.743265569190637	-1.6539632125191588
25.265261192840835	-1.5668215322205599
25.17176117069606	-1.8073580575125985
25.14864829479414	-1.355642262936882
25.195479763356975	-1.8147155694319195
25.32355166596852	-1.5080787307020798
24.634105199419857	-1.4981264330651838
25.3676779287605	-1.7273936484367038
25.417112568884658	-1.5001576392674638
25.397086218412138	-1.4316870773230335
24.56673002708432	-1.601346359399267
25.412414745728434	-1.4240825075225256
25.981661769168877	-1.5833843363196198
25.910206121674445	-1.6746267061462894
25.914177015273495	-1.4813500380920313
26.155478965002487	-1.6218479827416747
26.1677136861478	-1.591114253277659
26.119097016346483	-1.4574333772947716
26.012870970034513	-1.7869712945063805
25.81992391349992	-1.6971514108213315
26.227521459822515	-1.5787051968643533
25.896223580104223	-1.3830001956112012
26.150746556574372	-1.371398148082599
25.746272654795625	-1.45221175584378
25.70711465159354	-1.5431527617651808
26.288111927321182	-1.5047678649114073
25.675046804707016	-1.609640449066029
26.340909551218267	-1.4964900283829874
25.66202546285201	-1.789950901240291
25.61886741249868	-1.5180283740994607
26.395342401927643	-1.7407194819880418
25.582304555984553	-1.6767675417883807
26.422918081471906	-1.4628202876699237
25.525585016158633	-1.5409102198126017
27.079459771683585	-1.6243895202589513
26.896739215339696	-1.6018391563489134
27.06212646900938	-1.6910346355773864
26.93759795733468	-1.701262410973662
27.042846538182445	-1.4725318038909738
27.028189433866924	-1.449194340433487
26.92302032963826	-1.4358111449446234
26.808948503311903	-1.5425199480077445
27.00583269066868	-1.3708737300157627
27.113159524402896	-1.3971675745165608
26.769195145256926	-1.5284044082554598
27.238506743490344	-1.666129006817815
26.7971880260129	-1.4274087651940544
27.253907954124475	-1.47113552530849
26.627570402495817	-1.5915759379639707
27.368185325619066	-1.48834363468336
27.41841888405752	-1.6440736839745675
26.578894336241817	-1.5739731550124219
27.394629674493725	-1.4503538123237116
27.394408317646285	-1.3834556413026784
27.436029009158492	-1.4138150442100152
26.51407482890016	-1.5813096930380597
26.51849915984028	-1.4994808565927982
27.495379231697825	-1.5707288372791226
27.47073557405422	-1.4146046806708898
27.469285986384616	-1.3532652094224455
28.117206473066982	-1.6867417538193177
28.074020599126982	-1.466976578386627
28.025988858023652	-1.446760758360146
27.85255716539377	-1.4878629601468343
27.83084259696432	-1.471332452825366
27.889432366620138	-1.4176444744270724
28.003709301316526	-1.3837528295408623
27.817701780873488	-1.7173763058807323
28.22138689402826	-1.6320407487784354
27.853621431308802	-1.4182930964700966
28.10113591242812	-1.819324791136598
27.902081493441887	-1.8350660153487317
27.87015078889591	-1.3587887173332382
28.247198766011028	-1.4799268782885702
27.757218818229926	-1.4479540293547741
27.708257566912742	-1.5702076072872222
28.26075972140728	-1.4327470739083905
28.32298825595923	-1.492104636202484
28.311240860226942	-1.7437122380053014
28.24915564345572	-1.3637797240600438
28.298080694463945	-1.3719364402251344
28.310347139964005	-1.3727387941384857
27.625379424327676	-1.4984151686231093
28.353450178371958	-1.432616454017821
27.66653341814478	-1.8070757869218428
27.59786063656897	-1.4992336459275757
28.450335935814298	-1.4017510562226496
28.4275617438187	-1.8451851727577273
27.518425077052093	-1.7221204953313523
28.4548282044169	-1.3503373588067664
27.530666398694983	-1.3520272071297474
29.064995255071203	-1.6401113689271716
28.983419667966345	-1.5233071078416767
28.925852761167263	-1.5341315682520604
29.027748228374747	-1.470803845124961
29.146776740715772	-1.5606915068533878
28.84508684840048	-1.7143050866413319
29.19560065420744	-1.6597167936816233
29.093853448374652	-1.7824483626808887
28.796048203355127	-1.630792177899523
28.88986857557041	-1.7823269242467095
29.006380602164036	-1.3785071247175757
28.965568832857695	-1.3673512262215062
28.820932226253724	-1.7722987864582647
29.163520325336176	-1.407840603981045
29.21129720850646	-1.4502940927621055
28.7589449130935	-1.4785304468636729
29.136716116076826	-1.3565502618353893
28.72950576459139	-1.488654373195026
29.173416385909846	-1.3563192959658887
28.766938056407533	-1.4010379815771574
29.24842766823201	-1.3863872669044641
29.340298760137735	-1.5154931362137232
29.278195166816047	-1.3814102744940155
29.36590627688841	-1.6967948700865882
28.684811452717344	-1.8293157593835276
29.380306904395027	-1.4756008639485227
28.568804533179208	-1.599732823349005
28.5921039711189	-1.4195990560850098
28.532270431458777	-1.681730062311006
29.4871608225381	-1.6961352521803266
28.52322898947653	-1.432416579701661
29.491713683945065	-1.4653705192761162
29.965769928152472	-1.576171453061532
30.039060634206585	-1.6551015792711978
30.101523411024758	-1.562538313193981
29.89468959838766	-1.638192405528996
29.905412752201887	-1.538304265659768
30.074406615880186	-1.4843147228670222
30.128504996033573	-1.6890173202635075
30.038073879530728	-1.4233719624459331
30.13085980450969	-1.726332686422703
30.11200339675791	-1.418523649746765
29.97071337872793	-1.374821650429859
30.173484037220756	-1.4387304564257786
29.85876237720928	-1.7910391261613723
29.91950194992183	-1.3610544724822862
29.752468762440497	-1.5487748087819928
29.865000525480763	-1.3713287113389871
30.158719700595395	-1.8451747137782593
29.769683452747444	-1.3871357028293698
29.684135356556226	-1.5964307731363214
30.25549226225913	-1.391295431799827
30.350134500240067	-1.5431139782114431
30.29456869044697	-1.36959445537258
30.376549935391402	-1.5098739606071934
29.612084272549687	-1.7050453487535033
30.38226979113319	-1.4347816149451988
29.59790700007757	-1.3694017853126885
29.588012609261604	-1.3673562318333405
30.422138497903987	-1.3582558031874021
29.506878227830736	-1.5484491530555546
29.505235583380337	-1.662503337636278
31.011423839249897	-1.6142169020365909
31.04728295540742	-1.5757669992248242
30.9775572363973	-1.490398566773148
30.886189098276486	-1.611776614079565
31.05709549801408	-1.4857743416271405
30.919845724871486	-1.486375148791516
31.024723372122235	-1.4459690858388459
31.03327400997949	-1.8250702115856807
30.91903087674756	-1.3864848217287866
31.216008787101973	-1.5144309997586296
31.259582544628564	-1.6902831079453395
30.804904818836185	-1.4007705716400376
31.12648503879184	-1.3500628349703538
31.25784936242776	-1.461339274727185
31.25569343454237	-1.387192507741855
31.305670823129002	-1.4570424250812366
31.279749481571123	-1.4108637857968103
30.68014027611755	-1.4644588832310437
30.716729129511435	-1.8042764690588917
30.651416334602203	-1.5663500926259708
30.658335672186706	-1.4759920257449954
31.383158109325468	-1.4011378553031337
30.5854945461845	-1.4562198069142214
30.56165528767047	-1.744041785918264
30.52360467873892	-1.5466952204116795
30.50933311336724	-1.7152326825245283
30.50033355801643	-1.4242424247601626
31.489858509363593	-1.3520140585846376
-2.0213154680641714	-1.8506144964150637
-2.2974698962002607	-1.9641128904145344
-2.311205344822372	-1.96603376773988
-0.9185545441927688	-1.962674305864764
-0.9184197121972176	-1.9625825224653772
-0.836761446374958	-2.1964616272292052
-0.8347295637812603	-2.1978927043655188
-1.1452654049134987	-1.9646010201580295
-1.145349496073634	-1.964404029853767
-0.7068744792495655	-1.9794343521329274
-0.7062425053047582	-1.9792162502052857
-1.3343637702312776	-1.985440384240547
-1.3345430813577095	-1.9852611323217775
-0.6279774062360928	-1.9735719396594567
-0.6270219717056233	-1.9737137743443918
-1.41189987345554	-2.009086852140023
-0.21096492609094275	-2.145235661378918
-0.21116444920716534	-2.145355706876675
-0.4495246298021637	-2.024681853927328
-0.45023544053187264	-2.0250635534740415
0.8916106861686264	-2.068875860326422
0.89104266309627	-2.069063929425355
1.2904136208542554	-2.3246895247191874
1.290580427926867	-2.3247373547383807
0.5383930982647771	-1.8523262394643378
0.5379606084395503	-1.852541402640063
2.2941838643192254	-1.9046802872613182
2.2947685210668847	-1.9049024151517184
3.000489644671888	-2.1093091641971986
3.0000270391524047	-2.1097519378114717
2.647435631665972	-2.006496843973104
2.646872403882742	-2.0065704083321605
3.355572737481502	-2.2226143104998695
3.3554811625410244	-2.2236285455806506
10.122876327863922	-2.2700585782286025
10.191316418757065	-2.2987825015335868
10.834419000533561	-2.1230570465539973
10.797680692671342	-2.0904321264114074
11.093317726474009	-1.861731652519575
10.635660902412917	-1.8621294895515748
11.397734847383536	-1.8794864719899065
11.460940114186975	-1.8513076763721732
12.140934839515587	-2.0439182557430873
11.820456298000858	-2.276991011511979
11.836846784752936	-1.8787686457727515
12.288677644532688	-2.0554368142260344
12.17552014267798	-1.8615661776129504
12.231062157530866	-1.8655622301964012
11.548855875848975	-2.039345024777893
11.515948384039087	-2.0873558472924643
13.058936135318078	-1.9544995428579521
13.100616352602522	-1.9142682157361182
12.875225658125816	-1.8608982973076393
12.837502235780132	-1.8757741096588851
13.326292908805263	-2.006487756629039
13.30616794154736	-1.871308603512794
12.5904308901083	-2.1097569076336637
13.408817073990399	-2.2305387652830784
12.571724408497671	-1.8868248157124783
12.57832128554989	-1.8596994114865266
13.959017464041464	-1.997270855569805
14.156175733316946	-2.028388671216573
13.960982319696795	-1.9324095546748647
13.837692023949401	-1.9406251907370904
14.25839586335124	-2.2269208638591445
14.233403296032812	-1.9089486197606333
14.27005853988686	-1.9613374607030307
13.70736851921182	-1.8652148774161301
13.546638428498904	-1.893321313413795
14.46663510753574	-1.8619180145548861
14.973524440205352	-2.058573872732121
15.043360005181203	-2.0448054729853795
14.805320147971946	-2.0764161534815786
14.79718563751732	-1.9044613268713364
14.729463181376431	-1.8755772402739712
15.359010009748687	-1.9624073011239058
15.406491169376626	-2.2810588260766385
15.462085071823646	-2.255041874251481
16.068666803424428	-2.153750163887636
15.970292304631842	-1.9762682016063646
15.915100551412266	-2.2266669273021247
16.169053287795343	-2.2340777001166474
15.773422975830496	-2.0627180195964057
15.858865771079891	-2.3046309400012666
16.150623808712965	-1.8711117456393513
16.28568649300108	-1.9741880475048492
16.300686044555043	-2.208474774412441
15.64182067202923	-1.9620439954657278
16.343311098874615	-2.2848508053629684
15.573177727925078	-1.8533366944614227
17.03044663237709	-2.0988941536453565
16.922925684129215	-2.1006177501283902
17.136644312139126	-2.17000694982035
16.81978512287949	-2.1158398980966338
17.082383416993427	-2.2774948010413016
16.800660401435238	-2.160629165135227
16.97793300957367	-2.3111138599071928
16.7998891361541	-2.2398774126386227
17.088015893109592	-2.3300956992719204
16.83295836758203	-2.308488678726834
17.20072745991782	-2.3060366839992934
16.79590074393089	-1.8756338138254949
16.644180560235398	-2.1499461869769805
16.66833727637147	-2.324097974116119
17.399696027765685	-2.0026180292626514
17.426253785811788	-1.9357787047666537
17.396721953066294	-2.340423990966059
17.465756535509804	-1.9535239959406998
17.47583062578058	-2.3261970963436545
18.005834413309543	-2.0844053309918125
18.030060996511203	-2.1242805894480914
18.04227200403153	-2.1715796070245763
18.040763457407444	-2.2148298981659993
17.861588034466777	-2.1575470082170907
18.15135176731592	-2.155166906372034
17.831693224483036	-1.9979380067766077
18.12724455453753	-1.9471893046386226
17.93746095010812	-2.296669052956124
17.890310977207378	-1.9245705109741091
17.88813586513515	-1.9098116710811623
18.236486543437234	-1.9187166625457692
18.283211632491792	-1.973427314763484
18.266384212644287	-2.271114308220516
17.711442940407828	-1.9620818482292828
17.76669500587563	-2.324068103637596
17.667736638182742	-2.1337308970172275
17.669734171528063	-2.208451134377187
18.283209653123798	-1.893100727234047
18.326200067895083	-1.9496793550782756
18.285805178937363	-2.320401875630989
17.62522171009141	-2.1972136154726516
18.369290729022243	-2.243141548060988
18.427429259909797	-2.0864122364632953
17.61817583761739	-2.3395905715073897
18.458912358492114	-2.1128882849892827
17.54758285592821	-1.9428312108726018
18.49240814181759	-2.1273214086398937
17.51557119019931	-2.2069119084592295
18.45204057823168	-1.8750900287083063
18.499991176995213	-2.224521525777842
18.985065965616887	-2.1622446384859595
19.075097491746718	-2.160073474295581
18.88748002639127	-2.11186034256899
18.96716188684813	-2.21690400992206
18.99834158101518	-2.2587212317531398
19.163376727756823	-2.1760921039798053
18.840326467597276	-2.1846515188950804
19.12932750044353	-1.9539984984987195
18.79583353054899	-2.1226283371714088
19.072551871152058	-2.3022612771135953
18.773717798395786	-2.001545217188294
18.792831802510353	-2.2479175177219255
18.77364378108326	-1.9560031013332717
19.289545665448617	-2.030614823612404
18.776076051547157	-1.882333572232079
18.68362609985657	-2.052413346109579
19.30421936428501	-2.2092136216009224
19.35599787730025	-2.1041857232818817
19.33230850408839	-2.2814673102713656
18.619957387204586	-2.172137861496083
19.408789282869083	-2.2030249284092784
19.4109314623212	-1.961156780576983
18.55565159407281	-2.272169211089337
19.432290641223684	-2.3136791269653223
20.01498434198052	-2.0631057938833854
20.066746277656147	-2.1098930018510527
19.938950836784763	-2.130807534143071
20.03850119629022	-2.1638128542764394
20.051007339264483	-2.2064038415651366
19.84044836828097	-2.1571190393032764
20.177693781062267	-2.013294087634545
20.000374911626494	-1.889959328407674
20.014707836783316	-1.8874168857071874
19.78478980814724	-2.162162096972521
19.788287905010478	-2.0091640840859393
20.24703326751898	-2.135804589703666
20.27335630326655	-2.0603195754218993
20.28384659954087	-2.116877627405022
19.708191678119576	-2.1082631221012
19.75215093649293	-2.277065824787924
19.66510038056951	-2.148342039797507
19.715732679593803	-1.884599417786797
19.653311150850023	-1.9726085557974773
20.396577337388127	-2.139625102756643
20.412866420970012	-1.9767363516482925
20.426137150567033	-1.8669747790629814
20.493264549747668	-2.0907822512771976
19.502618982238257	-2.1554266474731305
19.512783174907014	-1.9414259898093453
20.47298796153784	-1.8527716672952683
20.969181709430693	-2.0834775903469893
21.033232141397153	-2.0370511809303826
20.936901246082932	-2.0474376496750684
20.911505735602205	-2.016044869097522
21.147483680325855	-2.0234129425838625
20.849110449987613	-2.2133801289037267
20.81323521007021	-2.0486892600344846
20.94102004539045	-1.9028153141794466
20.783572247726823	-2.121070561062883
21.100013888141834	-1.879902109519545
20.965563423729968	-1.8595897123133258
21.287981703631154	-2.125243480321184
21.31992936583538	-1.9877962996532326
20.70832885923779	-2.281070895922713
20.652611543959747	-2.157195936405401
21.303885245150745	-1.8586855083054512
20.67379450457394	-2.3216370142329588
20.586711909826132	-2.1054918848416686
21.41889538745205	-2.1126084370381917
20.588975590957066	-1.896760880976995
21.430364189419805	-1.8896927593361932
21.476887975807347	-1.9934368448484867
21.99454018710871	-2.102456090195073
22.018575405156017	-2.0393591837756255
22.09547158898058	-2.1387295059061646
21.92135224869487	-1.9899508791243077
21.907637035029854	-2.234758855482028
22.162522281092414	-2.1386999541561584
21.87594050538913	-1.9428775743554398
22.015293400624703	-1.8950819326907142
21.876023579973765	-1.882982122583723
21.6782854567001	-2.0172695147114066
21.759992116817145	-1.8641231643839677
21.686006511453442	-1.9562214597888872
21.679395432499877	-1.9346517978155182
22.360749114927945	-1.9514073212285217
22.437089467039453	-2.207361691833663
21.543877110357517	-2.089669678198873
21.545727358959734	-2.0193241628954306
22.44497845999314	-1.9271772197554606
22.46521925938468	-1.8768371475054144
23.070121657063805	-2.156187194150144
23.078320971129408	-2.043893999386419
23.157114715533822	-2.0813934176181528
22.824398653948556	-2.241808579656193
23.297440276145906	-2.1100171517045236
23.269664934611427	-1.9668915263166067
22.723390625313243	-1.8860586642307433
23.42751970567811	-1.8832785908200393
23.936059843628954	-2.1237442743045003
23.974988366358243	-1.9623453946121043
24.082841513198364	-1.8908172518987127
24.24470573560244	-2.0132444753752416
24.274018989545937	-2.174614734745921
23.71702920483987	-2.1313540168835976
24.329413083348847	-2.2120295597613553
24.38168713933138	-2.0304594791720425
23.622985840186512	-2.2891735770126425
24.36419167970025	-1.8736949155358913
24.993924111211957	-1.9424334821792524
24.887229062394038	-1.9860451763369609
25.225073175284038	-2.0413695189559737
25.17944848168139	-2.2577353184698246
24.654576802206275	-1.9826235036123012
24.682179441176178	-2.325349815953813
26.144119538385652	-2.060854335787671
25.922480198647808	-1.9128352549022503
25.800336755738144	-2.0233386954617028
25.78275660153225	-2.0595613037764813
25.81695418569519	-2.318499674784568
25.68087018772642	-2.0631092031008365
25.687462156522965	-1.9622633390767172
25.67947381565079	-2.3287226484422554
26.39897840339574	-2.195103782064309
26.413898611289856	-1.9408169852385306
26.45855319865068	-1.8791927540958868
25.501764500676384	-2.3339024719812667
26.920337614438484	-2.086019677362434
27.08638531482266	-2.066998913584367
26.874054851463754	-2.134049631435469
27.06091337667329	-1.9440615056604584
27.13794858744811	-2.22197094024312
27.233392978506927	-2.163597903103468
26.71846230616236	-2.064813944958565
27.25927922321624	-1.8677368468932731
26.64592038676404	-2.0408784811274616
27.344109730597147	-1.9758769015894164
26.63611987481431	-2.2376248446300817
27.473060112351703	-1.9628893200271027
28.063960909706967	-1.9671822619248025
28.175840635116007	-2.127409667432786
28.199221515079717	-2.0931116122297655
27.821182510284636	-2.2667564449438604
27.747945815277312	-2.232172465034528
27.63073319791365	-1.947101988953241
28.375483222513555	-1.932132225507871
27.586708290693466	-2.2069859913911993
27.519863936114	-2.0711712664578674
29.189207171921602	-2.258086553070439
28.733210743748533	-2.286128834585707
28.644612343559555	-2.041240554306871
29.42152657323186	-2.2810160711000305
29.840993959670648	-2.1339999299930263
29.879724511042614	-1.92067655973266
29.770360872059076	-2.0634100828424677
30.231951567358987	-2.1216411694502755
29.982232996070305	-1.8637292990212422
29.741807588818027	-2.2301714301172235
29.69724856995492	-2.045994197575011
30.44717267085945	-2.088561092089741
30.86852322397727	-2.2687366944204372
31.296213260902473	-2.1650666425623024
31.33502871216115	-1.8534365414551073
31.34258609826146	-2.336866308067022
31.47715385200447	-1.900048005742103
