0.03883011470851537	-0.07774638980626114
0.0386362047177829	-0.07693903019426646
0.03863647035983504	-0.0769394610638283
0.04136883088195772	-0.0818000077186814
0.04135679749774256	-0.0817051661118749
0.03863219473939845	-0.07645464026832971
0.037339124037679194	-0.07436870307327094
0.03734658239232559	-0.07435411026003394
0.040721668526605456	-0.07989165154769738
0.04229782883931612	-0.08318247775874132
0.04230346170329702	-0.08318510537021259
0.04303532844929956	-0.08508545201617532
0.03746164902780254	-0.0738949630089707
0.03746550488355605	-0.07390007384793708
0.04383399636319809	-0.08666667321192736
0.04383521697592513	-0.08666535978041351
0.0432963877443101	-0.08498237799963489
0.04398547897421436	-0.08590305104922348
0.034981155117373874	-0.06973345979464438
0.034981333368043974	-0.06973365366098987
0.034228845048773174	-0.0687138515199179
0.034229305713912826	-0.0687133984667698
0.04004528395304505	-0.07617772578535592
0.04541303608249564	-0.08922409840230444
0.04542317254627663	-0.08922291686733314
0.03422073832827903	-0.0679276989271233
0.033317732187361275	-0.06690985338246755
0.033317674500830785	-0.06690234681225232
0.045976398065236686	-0.0899263518612325
0.0474433296860954	-0.09320014999071556
0.047254315702084874	-0.09193372728605102
0.03136724968577667	-0.06305082541103318
0.031346526419741866	-0.06300465757528345
0.04861904228698804	-0.09622411871817388
0.048586681135068435	-0.09549542738108815
0.04860493661439595	-0.09549211656227044
0.03099227987833335	-0.061971796613209736
0.030992029265883233	-0.061971246745940185
0.02965791728574981	-0.06031956650523064
0.04947502407341033	-0.09665980376851767
0.04966623861175408	-0.09669167573620344
0.029292957607267977	-0.059358841440909464
0.02929305323425371	-0.0593589052375117
0.05052648890127124	-0.09798258496514328
0.027727091667751322	-0.05624433758278719
0.027735571022052003	-0.05622761904541474
0.051872289296558446	-0.10131623722224711
0.027785861293247154	-0.05602618906479821
0.05336610875687864	-0.10348177110365579
0.05339395476878548	-0.10429709090201957
0.05355806632831771	-0.10412009816037582
0.053798901670061926	-0.10404877757514253
0.05413573299436852	-0.10575539605202451
0.05415263503972651	-0.10575585697345423
0.025244226077534165	-0.05167155213642629
0.025244369240071115	-0.051671422880056
0.024607072577297356	-0.050079545387889716
0.024742681210689513	-0.0500316729404038
0.024191928068690992	-0.04948100929351565
0.024117891605197967	-0.04941644390266591
0.05633021319821039	-0.10945739760483733
0.05709100364591316	-0.11011230799677323
0.05705383960691692	-0.11032483921073699
0.05766991616126102	-0.11162580116156012
0.058216797469594905	-0.113119306404317
0.021459563211543548	-0.0441133391963754
0.021066665164059358	-0.04371241612845594
0.020504721895714936	-0.04246338261472825
0.020495145346824332	-0.042444188783421016
0.059115581364204604	-0.11597373695494093
0.059329627846133444	-0.11529398967806065
0.06047883999830341	-0.11602803199676442
0.06084005228883005	-0.11741913958269747
0.061652086790249944	-0.11790126458010676
0.018342268395155133	-0.03809924364344365
0.061821206659901894	-0.1191607028383012
0.018464863579267566	-0.0378088838239616
0.016854526397023593	-0.035287410736241615
0.016854507136131205	-0.03528733710039869
0.0633885326114936	-0.12204500678359317
10.839562691103206	-0.34559514617444964
12.024574061856624	-0.293343035199548
12.919479117351583	-0.34577756384563785
12.691665770839899	-0.29691550598132943
14.195860160531348	-0.30046700382161534
14.467965609756321	-0.3349843323152811
15.042228497193914	-0.3287034774715647
14.968280369724278	-0.3498401401598997
14.887659607450036	-0.340935408993671
15.20731306206344	-0.3278060103999813
14.736702691382696	-0.2955210373509557
15.305794784296708	-0.3309912349109686
15.355723606147626	-0.34858338373807246
15.394186699272769	-0.32395310491453844
15.4393694534642	-0.3324851687277384
16.02205397518787	-0.3163798360681044
16.08743025221062	-0.3261137773410333
16.111266020865987	-0.33133918112396005
16.131742480880664	-0.33653319890746947
16.158734503235376	-0.3404894954756893
16.16651634273091	-0.3435836912281236
15.792847568477182	-0.34169024912290075
15.747826623637474	-0.3426869979960401
15.72654703544776	-0.3418989087199781
15.643002041130265	-0.33523114583548685
15.641211289202722	-0.3475063080251937
16.39924713625764	-0.31006733214127424
16.44075438760714	-0.28842371161396363
16.471381799043346	-0.3245487429449381
17.077447857171194	-0.2694939844210599
17.097441654965408	-0.2695787440042488
16.937610248802244	-0.303981135090769
16.927782596210843	-0.31092390778371093
16.93557416901701	-0.31724819992255404
16.861128846708443	-0.30508759275952124
16.913642182225246	-0.3353903292915956
16.87373667100573	-0.33994118604783397
17.22770245019788	-0.30871088902118715
17.250747171093312	-0.2944648569044701
17.264206377527827	-0.334880442933003
16.680545083253534	-0.2697336291390903
16.64522603074718	-0.25056211869493594
17.324181167013325	-0.3115983021096718
17.342272470371846	-0.30998169086200816
17.348263082320752	-0.30224114665267965
17.3904594542205	-0.281969661087632
17.39212521395935	-0.29380368553358405
16.556997377536582	-0.3249432621117552
16.532417262793388	-0.3299142549841466
16.525987600892606	-0.3406564556197902
17.997320688142725	-0.28471467192935207
18.02569258970957	-0.2911375282009572
18.024674253560125	-0.3141848550142985
18.114157325493142	-0.29461435278016845
18.099448374172752	-0.3073130619785617
18.127444272760464	-0.2996399582297228
17.98706198253723	-0.34075277404243653
18.131741177411953	-0.3043394787131829
17.766234702445157	-0.30406099886990845
17.7430045883558	-0.3089569089820605
17.72828249757728	-0.2988935487581159
17.699702458345687	-0.30209445478216507
17.65690404034043	-0.27903840036136196
18.304703515608228	-0.3446459597046114
17.63976769730679	-0.31647277517388295
17.627038630507055	-0.3056854438803488
18.39693957671971	-0.2608687700235982
18.375554218746096	-0.3324579044035453
18.410298845848942	-0.26377066743153654
17.605222807571263	-0.33742910029590933
18.457135055116613	-0.2888454957022996
18.494974806561114	-0.3014384439306793
18.905269905800182	-0.2670834034991848
19.11847166076513	-0.25302371204623153
18.931219901475007	-0.28385477634560463
18.894090617359325	-0.28511338117238516
18.889559747510074	-0.2949056083360241
18.868068747850465	-0.29371652400980774
19.06390197011877	-0.326260957106982
18.844178443309634	-0.282067460287901
19.0918169352868	-0.3231437038809949
19.199164320688073	-0.24810427541273064
19.22729009378078	-0.2481548552524731
19.142676502874156	-0.3423098255520929
19.144860696339947	-0.34854978685021815
18.821153837576095	-0.3324895917690779
18.812367374523973	-0.3432119869128781
19.258238906168945	-0.2686265686715462
19.269427344873133	-0.28276686547823593
19.27223301173311	-0.29242498337393963
19.28535419452801	-0.2831714938680302
18.729911533791334	-0.30640304934150087
18.736140415051622	-0.32394697850172827
19.242013176426887	-0.34849369426291943
19.31183315374666	-0.28452696629320695
18.658985498919087	-0.27290722614043006
18.59385510882472	-0.2322490952577181
19.40069674704185	-0.2564846550389508
19.389093239293302	-0.3164663671093563
19.447966513824422	-0.25429201873299373
19.439042732533856	-0.31119694708532697
18.52081835395776	-0.2994361404475918
19.469848387585063	-0.32882010133462874
18.5107415863945	-0.29462103743778695
19.478888076130335	-0.3217528955360518
18.513460410942724	-0.3459841462206609
19.953047348840077	-0.2522946936458603
20.02924411613704	-0.26170775860502127
20.003418727563517	-0.27661231381608536
20.06452229868043	-0.2685823155894397
19.99479467012541	-0.28053061018880376
20.057236068720602	-0.27774821885482837
20.10275461432667	-0.2770486041552068
20.12242737102975	-0.27509952756450906
20.090237218260008	-0.31349172333190045
19.8490344494495	-0.29254698019284264
20.159002683326026	-0.30435978897658594
20.12269948581235	-0.33460642346487973
20.165815520241704	-0.3121917342356999
19.820890555075128	-0.3104464072114045
19.745015474743127	-0.2818716985385822
19.732634277709113	-0.2708385514064564
19.770247451057806	-0.33651031559540323
19.704987568063366	-0.2802387432377921
19.733748951818345	-0.32330363515052096
20.32543384112707	-0.24138109819086784
19.671149131462307	-0.26943287899762913
19.661850767451025	-0.28269653750968815
20.36349311532771	-0.23707591679773884
19.635577252187286	-0.28917185783170474
20.38385382507946	-0.26774116919645075
20.342030406424545	-0.34340425055925233
19.60327558312681	-0.2631795610078034
19.59784437039399	-0.26542844030092455
20.415018078054533	-0.2698420064343673
20.4113611865173	-0.2799643890397525
20.418670280602974	-0.341919292760716
20.47756837025853	-0.26550053837257703
20.460255690280615	-0.3419032061742973
20.497113972338436	-0.26565099352109006
20.498059807443948	-0.2718461377553775
20.94877885863093	-0.241121466234019
20.92864181658475	-0.24796194068502073
20.91160556485838	-0.2517475125922888
21.146145682276163	-0.2384634871626689
20.88232764065263	-0.26896954311526994
20.864243374632316	-0.2624086444102
21.16247570359522	-0.23833931171807007
20.84835039296625	-0.2579060756038582
21.10387797963046	-0.29462374881715636
21.08569205598947	-0.30554731346636105
21.134558323103434	-0.27764139616004
21.07061782448252	-0.3169691282577197
20.97604927872763	-0.3469967071165202
20.846245264242793	-0.29913242316160354
20.960047945723677	-0.34850089647161264
20.81265818134474	-0.26942107248326175
20.87517774716906	-0.33390254984245027
20.82338444337688	-0.31637398915870146
20.76640608892523	-0.2592697880876219
21.21458525117903	-0.2963360848780756
21.213548290347276	-0.2997794906997008
21.25688035389331	-0.2626796630391402
21.26806332548009	-0.25283066370113594
21.26952562677005	-0.2645050644772869
20.747300237716047	-0.3055160093831977
21.3011063437241	-0.24738905613509604
20.758480028850634	-0.3372964342320923
20.690223358590938	-0.24243438871165224
21.30268528621678	-0.25936461270384265
21.264646365058287	-0.33914338689358065
21.267965649907214	-0.34203876420810203
21.335599975584223	-0.24064847679609286
20.646752905820538	-0.2405113336464095
21.35229701535541	-0.27603987153928733
20.662111369412646	-0.34649724498473383
21.349537643293772	-0.3402425003943407
20.589375010870977	-0.221644740492417
21.400693581382164	-0.3033620068650319
21.422832206909867	-0.34386867879074323
20.525636780531666	-0.30260821186013254
21.48788645793434	-0.2757728138231902
21.47924887139739	-0.316573171147419
21.492816040107357	-0.293771229649857
20.512374877872002	-0.3069530752003961
21.96650766229935	-0.23274002346621692
22.00959395330606	-0.23715744025888888
22.071078999104962	-0.24669420276644055
22.05771043903926	-0.25250087411567157
22.03517660821098	-0.26045127833556364
22.08897403092295	-0.24566206415402703
22.083467201230743	-0.255890146312167
22.107698908096726	-0.25295921151329565
21.871592939366394	-0.2602847974644248
22.06677174711207	-0.3107747236641921
21.89411405912494	-0.2967055265946841
21.88323797432547	-0.29422541900820376
21.939227834437506	-0.3313183670207277
21.86595101707823	-0.3011711217427674
22.072798131086603	-0.33369099532068
22.02716986028828	-0.3476009986982441
21.809488596975605	-0.2715654362684944
22.153213631643865	-0.30972146037478965
21.874981156359535	-0.332796144032922
21.864501077429146	-0.33470543405629943
22.184667475601945	-0.30649816507214556
22.16144401752339	-0.33246201289017124
22.16986281433781	-0.33434358979897605
21.763530980685584	-0.2748773251956509
22.24598418830698	-0.26529940540002933
22.24301615320844	-0.2810331971149927
21.787736433026275	-0.31913133878336225
21.700020658129088	-0.2425988432893531
21.701754443347713	-0.25118273654516043
22.242244112436566	-0.33314383725068447
21.699046196629073	-0.26653327490645085
21.70884267318148	-0.3232203078606988
22.353368643674326	-0.21016564020284156
21.71879896025595	-0.34124835223944916
21.659185757799353	-0.2567346862798318
22.32929671695679	-0.32098678905510614
21.62833506263188	-0.24742961990686124
22.383074883323317	-0.23811657047231619
21.616812694307413	-0.2418335867111616
22.408757610730763	-0.2391991187109458
21.625030402384624	-0.31714150138149044
22.377099073474355	-0.31430998308240776
22.424567562985214	-0.2509618287283768
22.407166479392945	-0.3257785234667317
21.561764878596392	-0.29784827290657045
21.539097079794555	-0.25383804784715713
21.554334201264414	-0.30022868820582926
21.56986706526934	-0.3359430275934845
22.471485820299403	-0.24014038907710206
21.56050110662875	-0.338368311327618
22.48532794622889	-0.240725601363115
22.486714906350382	-0.2452781232405593
22.463891892204813	-0.33355187635608463
22.465014823835368	-0.3461940977177429
22.477559255850526	-0.327889475024334
22.48814370528343	-0.32373301049728836
22.995015994239576	-0.23011115717784655
22.94711669429174	-0.22715287913340115
22.908284697732224	-0.24351954688773503
23.114499378120684	-0.23457907960099392
22.95831900507982	-0.2727401938070328
22.879502880579377	-0.23895849022910695
22.945835242376432	-0.27964522479658727
22.87578548943783	-0.24167915710550908
23.05230393987012	-0.29508069068585024
22.83639949693215	-0.2326781433782916
23.08301520396992	-0.29715217340900263
22.837147562887512	-0.2454272164198128
23.047352582857858	-0.3222650986648763
23.080583127067396	-0.32098383826380583
23.177809553351967	-0.260819772404299
23.143390137626596	-0.30055819545544704
23.0907875079275	-0.32937589424313296
22.90080541675968	-0.3268422252902128
22.80135902084077	-0.25056929218493773
22.88261594868056	-0.32142680844533567
22.78867484060285	-0.2536148204678832
23.08511574398841	-0.3478458832609959
23.22541237492336	-0.24494450483321353
23.238899946082704	-0.22806950464177606
23.199415622428994	-0.2900660005680663
23.263008103746174	-0.23341254458356223
23.25860757787049	-0.24385101683693727
22.789505617994045	-0.3230097837117395
22.779680862585383	-0.3233655445593413
23.289992276694857	-0.2354165528385401
23.287569253206744	-0.2417015125202878
22.70023812827225	-0.2209840590195986
22.75998641993857	-0.3170301141459665
23.20946458939449	-0.3499285432657148
22.71826969754428	-0.2793465584395231
22.72258201383758	-0.3090316778937008
23.31976097253048	-0.27616519954135665
23.320777338891492	-0.2792068257624507
23.34886210206837	-0.23213571918638976
23.370577074742492	-0.24149759163573647
23.32546774310815	-0.34394663510446655
22.63097901742831	-0.2890015826201753
22.624088167785967	-0.27868389375229374
23.38055029243986	-0.3226283930718377
23.401529712596037	-0.2827304147487593
23.38548334822204	-0.321598074988633
22.568062806074817	-0.23909665711371994
23.443721649396117	-0.2409256829588361
22.558906960421268	-0.31504435970713146
22.53914787218628	-0.2784851114299055
22.511743114706352	-0.2469791412275952
23.4602731783155	-0.33037862869731055
23.476225584730113	-0.32871279237974504
23.492064439965027	-0.3366083452399617
23.98608634951331	-0.21394761367200382
23.962964957272064	-0.21407366946522316
24.029574642152927	-0.23148575665005247
24.08269960818097	-0.2230360363201395
24.057407055867994	-0.24617287573061986
24.08095528810638	-0.23856758113943638
24.091647006669028	-0.2341492454800968
24.044039768923714	-0.2587578654326511
24.106595737844206	-0.23238929773648992
23.910488163367013	-0.2448474529301627
23.903482098699822	-0.24756745492284604
24.01378816823058	-0.28260193894548546
24.07109892620679	-0.2688229453781611
24.00574913670947	-0.28328798168556
23.853102078408067	-0.23566562185602744
24.19173002008719	-0.1904465348538168
23.99564708014705	-0.3122044972801353
24.03266768548715	-0.31359309543311664
23.97601027777474	-0.32176120236036576
24.077740847972397	-0.31352193063129663
23.885121582873637	-0.2993043453939829
24.016550102969234	-0.33287042719043736
24.106697763100684	-0.30869683778498014
23.831756117156413	-0.3118872674311519
24.267423085667605	-0.20738331587124242
24.18445558570884	-0.33165678783924735
23.788636620162613	-0.3293617075026395
23.711889767174945	-0.23251457206749745
23.75067030011336	-0.3003856628723434
23.73515847852619	-0.28094242414140497
23.763868392104296	-0.3274162304680249
24.29662930368381	-0.2419409255281164
23.72263934810998	-0.2787643497911853
23.691824655901122	-0.25030766032076346
24.265161694991065	-0.32366216612606763
23.683635765660963	-0.24234178412215182
24.288333854648606	-0.3082018156615551
23.668474910138187	-0.2329484428881615
23.66156174274129	-0.23171361629031081
24.320361832994294	-0.29469449044822793
24.36557490395718	-0.20415391858747287
24.35998716121529	-0.22332598191625622
23.682610178634842	-0.31476347545956773
23.686168532793157	-0.32081058025729237
23.65952285625706	-0.27912931366609195
24.314807906322557	-0.3219250311273835
23.662047770868625	-0.28824747698860054
24.35209245021662	-0.2779242095756976
24.33959361679714	-0.3077481985587871
23.619017701290943	-0.2291202504064257
24.371941054500702	-0.3058370762553607
24.41523651208955	-0.22204643349206055
24.40902476307191	-0.2650686911582585
24.40744376440264	-0.2706569128415369
23.603931404044683	-0.3368065314736542
24.41881670105086	-0.302644145233063
23.55084102093161	-0.2333266680885669
24.447772573289413	-0.24024971602040154
24.466841491261903	-0.2350002580517022
23.528808758281887	-0.24868043536873563
24.489140180109256	-0.2266086705807271
23.5088099603743	-0.2263081995561337
23.510331091015995	-0.23411608907484405
24.496548321457436	-0.23018378819224886
24.491352271290406	-0.3132242495709272
23.501738685985845	-0.31600754277169296
24.99968590436207	-0.22073562599582613
24.930196229453816	-0.22035582920210303
25.051995546428522	-0.23752711486170322
25.00820161751916	-0.2504935229385571
24.914518897288207	-0.22735513313717898
24.88654564265277	-0.2325651177362279
25.0933562203883	-0.25247485772058176
25.141476677789893	-0.21664576320684897
24.86661646038867	-0.22806300777357516
24.98445983967139	-0.28760140808606455
24.96836193057439	-0.2858279414612607
25.034102195716706	-0.28708301904435146
24.861400557195843	-0.2312792891212734
24.85773822187908	-0.23229996590489826
24.951859040619567	-0.28916522821352886
25.111458337831568	-0.2703849682924446
25.06104607379828	-0.30297701139719313
25.171337256886492	-0.22497323017275322
24.832407100382497	-0.23354545829357728
25.185231585950685	-0.21391492656735964
24.917325260874925	-0.30297786705428387
24.90926557621366	-0.30893091990412214
24.89915413942065	-0.3084263760993885
25.103756875457176	-0.3176266350315884
24.785388354380242	-0.21717871072382453
25.210902147501663	-0.23201225218636604
24.87347101305244	-0.33579374803692724
25.23710439045609	-0.23100812104070126
25.201376399275013	-0.2997309551820031
25.154374024033295	-0.33964549155624324
24.82949396001364	-0.3346599526501102
24.754040767426343	-0.25935546118172226
25.218269660385204	-0.2960479007972182
24.76138969547226	-0.2778637847274047
25.216879622839528	-0.3085517729434771
25.275848534865812	-0.2306652688494141
25.282515297850587	-0.22856036676819694
24.736094671557346	-0.26877042966779274
25.245602279105814	-0.2954680336327451
25.273764262645468	-0.28146705411961803
25.303315493816907	-0.23016204453667222
24.73015000976286	-0.2947636601411817
24.689581575133833	-0.24240176856140808
25.285391327055542	-0.29412027341883373
25.32316420184455	-0.225175578768081
25.333271731188017	-0.2228045093224653
24.67761178952548	-0.28538113543469373
25.344345222063264	-0.2429194693882547
24.678744796760434	-0.2946293103090486
25.357723725329485	-0.23658255010902488
24.644526592801796	-0.24721993832129935
24.648750759675625	-0.2905495777324603
24.608299376275998	-0.19558143663080227
25.363821013050295	-0.29608080418498955
24.599172876207504	-0.2063378040607676
25.37983500213503	-0.27844792318021616
25.389519455486948	-0.2609776277873162
25.371124063678803	-0.3200991453009815
24.614746239458388	-0.3214985732024488
24.627546088027795	-0.3473308724177845
24.595859321853162	-0.29946559187547706
24.589262453993825	-0.3096567027364924
25.457475638919696	-0.2597617189732693
25.452564913100744	-0.29188039749808803
25.465090438168573	-0.2714123897612429
24.547347241551826	-0.3344422642111412
24.501016673935723	-0.23183852439186614
25.49704048525033	-0.2966794506569391
25.959675292418645	-0.21563942954639104
26.004809874031984	-0.22735056012762886
26.019378064799568	-0.22723598302723344
25.960126175624957	-0.22555737856057131
26.078729290318968	-0.22765303826552724
26.08346739235778	-0.22994480702448317
26.09493498798969	-0.22495319305161393
26.04417407058906	-0.2596338643355798
26.049278660568294	-0.2615232428092994
26.118481961776514	-0.22637101216583908
26.127812267451567	-0.22398979925002743
26.10147103035575	-0.24901021800664988
26.063557428241303	-0.27881813013275625
25.965857118845467	-0.28959612339434093
25.851036592261977	-0.22521187048653304
25.8805127811792	-0.26321222642020814
26.1055694353777	-0.2778032851212131
25.997364090924528	-0.3099711582141374
25.90109602059366	-0.28591047675546205
26.17988307702817	-0.22281402058635863
25.92260576653713	-0.31453870852344845
26.16847420156126	-0.25956352722574894
26.132631683936097	-0.29696228582478185
26.129540296814902	-0.30215131563031883
25.816283384928706	-0.25759775645761335
26.18225764851933	-0.2665784046577174
25.851355180427124	-0.30207479164389445
25.799868309894133	-0.2550317930261459
26.162863469199788	-0.30352474462334733
25.818247828471957	-0.293906649650018
25.832440010801612	-0.3073084003118256
25.80158587321239	-0.2884607223459996
26.19747596937199	-0.29462617769614885
25.75203119134049	-0.22717141700905516
26.278011380507515	-0.18298675764683206
26.219348785507716	-0.29374680449327556
25.721640913844332	-0.22350738163648776
25.707010758791146	-0.22566649350669013
25.705525691849783	-0.22344106923960577
25.711622438154574	-0.24831194488699906
25.731197099885502	-0.2832233899567916
26.285719945093536	-0.25651167513983053
25.714587433226573	-0.2701117703190558
26.2428310559293	-0.32884407879207067
26.330474219048938	-0.2106851463472141
25.667475948933873	-0.2321913952124581
25.66465727999072	-0.22576255906589307
25.642101762862385	-0.22136125773428947
26.334555253443522	-0.27848693275660696
25.656454852433708	-0.26833367936816943
25.697719582175615	-0.33770424652579234
26.38479539601423	-0.19844269464958691
25.62294655672875	-0.23442311809650773
26.36348048049689	-0.2727195497284577
26.39008372901912	-0.20726987989098095
25.60454356522288	-0.233513814578546
25.63130772367527	-0.3033988514884779
26.378201545102602	-0.3033736292518354
26.421467152847924	-0.2111371907145621
25.600028927327944	-0.3064924430457894
26.421595359631286	-0.2596348882949414
25.591273035220567	-0.29193284401783137
26.441149524588564	-0.21832045970107478
25.547165185274274	-0.21900869376011156
26.443605105542012	-0.2701725196836958
26.438370708847604	-0.3000585723776166
26.443072484874897	-0.29744956560714564
26.472479700319468	-0.21729687097971634
25.54403265990673	-0.29713568884388086
26.491163652820738	-0.21831162750359207
25.536095629670417	-0.3075547479482854
26.49407922135322	-0.22318083915924014
26.48960729822435	-0.2813247343860626
26.970966055944388	-0.21881976604359155
27.086778283645838	-0.19694026145825133
26.935001445280818	-0.21786059149859113
26.926731096707417	-0.2251818388348196
27.005501922138375	-0.24596679364744428
26.911139581674984	-0.220416038347929
26.89234145010243	-0.22170914125583438
26.881951240667426	-0.22018971257984296
26.875185027844108	-0.21983480984870546
27.057672832157238	-0.26428302202518833
26.90553523184378	-0.24917531505445095
26.926538954816756	-0.263742517691559
27.127199174399102	-0.2367110915821926
27.08136195337812	-0.27004769741789186
26.890739481382617	-0.255439300901932
27.134590875352274	-0.23495933576574593
26.910413882162985	-0.2759141323931691
27.16747682608882	-0.20787282353204523
27.088306965077077	-0.27908536158181385
27.049366717464324	-0.29372850014281754
26.94793373807206	-0.29518560594439547
27.061867094824482	-0.2948284517359082
26.82281167221481	-0.2147825743891184
27.11158863720241	-0.2798867917584228
27.06242942183364	-0.3206720283195641
27.133568957395738	-0.2913060743576258
27.16534871721612	-0.28208315415892593
26.823632235221467	-0.2921311530678834
26.819481431397815	-0.28915907002094465
26.798195879951127	-0.27381295081778867
26.793280305415557	-0.2725222960599296
26.761538662674205	-0.2256285850997768
26.743592150347524	-0.22114044437087899
27.260889800781573	-0.21363413381125465
27.263832462255916	-0.21246324128181104
27.226924700188814	-0.2866280009080046
27.25471776046732	-0.24762142447546864
27.276118997089394	-0.22211963839759752
27.273250653765235	-0.24480378138058678
26.766243740190422	-0.3129885466933373
26.739906018705142	-0.28121955331391224
27.249755128511072	-0.3021948190284581
26.744789302045692	-0.2961887308865233
27.311045979304225	-0.21354545660268726
26.71668797194853	-0.27202857851058726
27.32220256887693	-0.21316002496789488
26.694882481159627	-0.25608295585172
27.322111999361084	-0.21749823680111052
27.33819235511275	-0.21372953605156844
27.31077595059217	-0.288650424191201
27.335496272260926	-0.25233270968584487
27.35519215697576	-0.22707261649480973
26.68017212431981	-0.3074994685232407
26.623811858050736	-0.20111762409506373
27.367335836070133	-0.2531456505532866
26.643632375298047	-0.2896873068235603
27.3580054504527	-0.28755047459371713
27.3695114186049	-0.2902529382960408
27.392166017467936	-0.27943247890814193
26.560849350170663	-0.21175204025821248
26.585916897167696	-0.2886467576340227
27.423476591784702	-0.2677319594640158
27.445129683060156	-0.20071989179728922
27.42985994870589	-0.27801724605083966
27.441595366371285	-0.28271787285031813
26.545343974291722	-0.24858568825067345
26.537020519672286	-0.2494868872766956
26.524750325014207	-0.21943715542985215
26.518670678256278	-0.2181633520344267
27.486295985018884	-0.21839670629496757
27.492972484638248	-0.22817424477759443
26.524982477868466	-0.2875642100316582
26.537114419870665	-0.3172784255921798
27.484350263344453	-0.2854079277233762
28.004778057018637	-0.19319262510676644
27.97218917080879	-0.22271527040851816
28.02882228812554	-0.22353134720558987
28.070161772507486	-0.21240457030325638
28.066551762532157	-0.2172516695726434
28.09085715258027	-0.21109190228165628
27.98094966655177	-0.25030532950466666
28.087030725553785	-0.22533253125227817
28.024908039165503	-0.26967720310485055
28.135380300179897	-0.20955785810732552
27.88148486340423	-0.23052767227180143
28.136664343525684	-0.21362506685152122
28.03010479451476	-0.2757939563663073
28.051569891823064	-0.27093530328396576
27.933602547592884	-0.2730332623297782
27.98806552529837	-0.2855002616132659
28.153416448997902	-0.20889896008257502
27.98131445746381	-0.28804581785509964
28.071978750095354	-0.2749621372814368
28.052428149577928	-0.2838813988818662
27.944508437916898	-0.28614251170716665
28.08387637624428	-0.285241490000658
28.072698657440537	-0.2910259582927788
27.856110965409577	-0.2518403442693248
28.179822805191566	-0.2140009595833693
27.89543316330557	-0.29561525093870844
28.144936684094915	-0.27077814765408165
27.823246684935476	-0.25091713626449064
28.177571404337716	-0.25592664791561287
28.198833447413687	-0.2587957073935948
27.778834357635464	-0.22738379049783858
28.23723084607532	-0.21088337253092299
27.76419903275623	-0.2149167795399812
27.74905742997771	-0.2184287514632607
27.77638094301201	-0.2688385900552346
27.727338919504373	-0.21403878991434674
27.782276990276053	-0.29996478743441923
27.726328873129223	-0.2238839523512952
27.755632427503357	-0.2789201190551636
27.714299941179238	-0.2133193988965674
27.727126654887186	-0.25707972949310764
27.72793496461368	-0.26702651052303894
28.279980585793815	-0.25710288804748427
28.308676087498437	-0.21334696703714084
27.685778469545475	-0.2164400072048959
27.713616928040068	-0.2747845111234505
27.698332577706704	-0.2480401467505173
28.28555228126956	-0.2785461790305663
28.298396561900717	-0.2843367665530647
27.663463054579957	-0.216135044071036
28.306655051861426	-0.2869258124027547
28.321236489646324	-0.2612327781587479
28.355509955243672	-0.20055462268006088
27.67170934913206	-0.27962934897771385
27.675313050696783	-0.29177679802356626
27.644550497147293	-0.2360397412858211
28.354713627138832	-0.25860733582429063
28.370491537936694	-0.22461963695668796
28.385793486496	-0.17758905089905208
27.615752364205633	-0.2073552906447172
28.363817270838833	-0.26892245389080016
27.615021491546006	-0.24261711744725942
28.369794644412273	-0.2806191456450938
27.60108347184878	-0.20489948183595447
28.3890563751687	-0.24820940988117354
28.380511019201716	-0.269268541290414
28.385426662874117	-0.3058162209718976
27.601349247394612	-0.28934813407271176
28.407657817231637	-0.2759035229742812
28.45461593254656	-0.223199892312917
27.585081519252338	-0.32873190345307174
28.46369377479571	-0.21686220454398944
27.540394413841508	-0.2478052587483006
27.52207204218634	-0.2468168694454435
27.532393614769475	-0.28281444202474554
28.4953950242098	-0.20934996860691818
28.998571961219263	-0.20308947817737694
29.035829392528555	-0.2003426601861063
28.987470183577663	-0.20758764378996084
29.01552936332269	-0.21187149782941817
28.940430713115934	-0.20052536124688072
28.95731955053444	-0.21235186102333337
28.964921803890004	-0.2155171272472475
28.9851547798743	-0.22046628770600146
28.955074879281057	-0.2317765295598403
29.090524909779152	-0.2139762589153423
29.0444409282764	-0.2493236317142502
29.072019374217874	-0.24086737825195925
29.103357237242392	-0.22704014810763778
28.998275084665305	-0.27449848712037483
29.10474493089081	-0.2396029951070861
28.983458122410074	-0.27443358554511577
28.97066788272391	-0.2762119721618012
28.872403329645607	-0.23088076750366965
29.092639078171242	-0.2686023810672036
28.84242573309039	-0.21431164042735668
28.918850359899597	-0.27935240110565884
28.91907786210775	-0.28130824766696116
29.006127596625525	-0.30522472384560684
29.077509623025065	-0.29379257374229995
29.192872164340944	-0.18643861234197606
28.889045862343707	-0.2855892943164917
29.19659025012915	-0.19257157052949714
28.79249750641729	-0.17437837359970637
28.902191347883544	-0.3064188266742376
28.86590897906023	-0.29528427707394067
28.817340030446495	-0.2654118690047431
29.18851766282785	-0.2702594949532695
28.791140599057858	-0.26739110236910435
28.752856561220785	-0.239684538534536
29.23034049919265	-0.27843735131234826
29.23275473581251	-0.2764122474679841
29.2742398124291	-0.2021925943040654
29.202137380868944	-0.3153512524146081
28.761203187701987	-0.29233937734114424
28.727100947145573	-0.24151495410999954
29.295108094606245	-0.1976883897122464
29.263720742140727	-0.287192441054008
28.688771651207855	-0.1940469777529328
28.71019040910585	-0.24820163080008373
29.314933301254413	-0.19803287335028785
29.292244284305244	-0.27512397263816113
29.271768544402054	-0.31402109110094545
28.691559759129735	-0.25992459490803554
28.65848399325143	-0.1875724372309039
29.311602143161114	-0.2739471974955259
28.680415902770488	-0.26538881526071295
29.344206280596037	-0.20714881368321408
29.326203196139264	-0.2561417902999874
28.67391509253475	-0.2684671622932491
28.65271195668572	-0.2398772215842244
28.675440714426536	-0.2910112896800223
29.36446776356283	-0.2030430194785141
29.34791057961296	-0.2601642239983352
28.627008474446406	-0.21539919309110778
29.379017922894192	-0.20106722377394437
29.381298667204828	-0.20940015013599905
29.381069009902042	-0.23782803387082893
29.396101718427968	-0.2246873778574457
29.4044676832742	-0.24530224402576986
28.610684683960983	-0.2840668337808534
28.581435228120547	-0.21155048743517468
29.42209781085531	-0.20315523521904683
28.616546596495848	-0.3058551625203145
28.601869787436932	-0.28105964543425876
28.573323212543517	-0.20670885685944734
29.40370091765684	-0.2773347123874332
28.57034853636431	-0.206986602997777
29.43968145855022	-0.202038434269019
28.588978825761313	-0.30070987219572204
29.45012800965621	-0.1937726499521762
28.545206965792215	-0.21275569257730056
30.038951086830167	-0.1814331818420823
30.032107768940513	-0.19093957368424208
30.04430079512448	-0.19899969309876978
30.056901448336127	-0.19574493891010009
29.898774463707923	-0.20170813591510572
30.000016822078056	-0.24845121380463292
30.050365459299606	-0.2443359463425727
29.95293715190469	-0.24722867844043428
30.084237255751894	-0.2437122659687149
29.85544493346564	-0.1996486113241669
30.03962481114088	-0.2741308837154387
29.933052131708088	-0.26850223034710874
29.948673053262503	-0.2766458316186603
29.84139002829836	-0.19978094927764767
30.165889137640395	-0.1950315262642346
30.130299475896617	-0.2434581821714862
29.849215616467937	-0.22314713822652404
30.1713732188145	-0.1948958879331712
29.81822928853609	-0.20145695545626585
30.183551376078714	-0.19965833529315435
29.966358134698076	-0.3083257202268705
29.837535486552184	-0.2354547622307016
30.17772302238531	-0.22065293664349023
29.920082135519724	-0.30119198177884576
29.8629900434249	-0.274873351708641
29.800653580578878	-0.20164149270190554
30.20286805929424	-0.19678586252237584
29.85604782638372	-0.27445489011914925
29.810934782251238	-0.2243444810234984
29.7974230453747	-0.20167315248275552
29.833377904053886	-0.25565412381340447
29.787217071687213	-0.19760735319927428
30.208894828565015	-0.20722583881859627
30.17706831693683	-0.2588555343084221
30.16643587996479	-0.27114523362052145
30.199839055554634	-0.23385115084985794
29.783235239508397	-0.21513558994117382
30.17839059144249	-0.2787753737130268
30.22030926700415	-0.22538211040213432
30.23577160224759	-0.1991022328061543
29.77213810640093	-0.22262300071255905
29.76112765869671	-0.204385532435092
29.802437339672235	-0.272938686456801
30.252957252212138	-0.19764792450366314
29.745998460351398	-0.19958221954616198
30.2064596201274	-0.2949082284024933
30.269938615468142	-0.19902447689427422
29.733706303020483	-0.23422274110455565
30.223668272225495	-0.2986634609988146
30.26147574670255	-0.26276280765864957
30.269476883997292	-0.2552032229582123
30.269629863695574	-0.27158721939344255
29.689094066107966	-0.20909276269733856
30.312614158709835	-0.21728137925175334
29.68284087861202	-0.24459698888521314
30.321235575881484	-0.250591344382615
29.71037244551836	-0.31254518034545126
29.671662288440828	-0.24899702578097826
30.34168024866937	-0.2543726640144997
29.63783263664599	-0.21068572379422534
29.664821280880314	-0.28586971419406126
29.61586385832061	-0.19852381313839645
30.39102481451518	-0.1886458491839862
29.62829390069987	-0.26546119430009196
30.382762386601055	-0.24161612253489892
29.625562462912708	-0.283230245446904
30.411179986460372	-0.19456677224827504
29.60906055394787	-0.26961291587424896
30.421201702296813	-0.22091102868159074
30.42202502325408	-0.24304338956912525
30.45349442434637	-0.17566789168022667
29.561491466833832	-0.27823949655969693
29.551434205509047	-0.27511145956051763
29.54245492862345	-0.2756668374776815
31.006278298114967	-0.192778072426468
31.029277314977683	-0.19607366726046677
31.04211868767676	-0.1914558178248159
30.983850249027864	-0.2012294546406696
30.965428973581755	-0.19664124780709713
30.940935197587812	-0.19526368101914343
31.05921610554589	-0.19528782302862335
31.08118683278084	-0.1941891647421198
31.093823436474487	-0.19551856341698287
30.931279418841832	-0.22285267882610169
31.1062716379028	-0.20030195398886944
30.99153133467762	-0.24761372896070227
31.06441540515925	-0.23518540256208173
31.141631496069426	-0.18206152268641249
31.015495653362898	-0.2680187214996407
31.067168703075925	-0.2649136582116005
30.89444018048368	-0.24374896290550804
30.835194997608802	-0.18017924638670565
31.05572976637293	-0.2755955086982662
31.12974640250356	-0.2309373347963681
31.141425454596234	-0.22909812563768348
31.175185106979587	-0.18839021604840492
30.896278652959094	-0.27475144080905456
30.908447032991713	-0.28364824633358043
30.87314801195014	-0.2619928595049493
31.16924425964086	-0.2271655106974838
31.140051885937126	-0.26020282590602245
30.83514624424007	-0.2387543914512499
31.136920724490665	-0.2715435372312502
31.191442889965185	-0.21405249839563545
30.80205988441781	-0.2083183558542267
30.820371777227972	-0.24408752487886784
30.823822645708468	-0.26297985343636976
31.21164812573015	-0.22178524823969575
31.174513273376554	-0.28119254848275976
30.79192210963517	-0.2417655043335302
30.817016761143606	-0.27429842989283393
30.76906895312308	-0.2117792516138
31.210989125483113	-0.2470555035837632
30.752928117570704	-0.18377833435338572
31.2022629587433	-0.2735939415995374
31.23056341069878	-0.24700303335765342
30.76990463976985	-0.2727842121786573
30.74381156568568	-0.253661639581108
30.767749253436417	-0.2894172498412296
31.298802661680607	-0.17757472648474898
30.692320561921143	-0.2024723238140529
31.3048864278758	-0.22077093406120657
30.68861048694065	-0.22987483063246722
31.3059910186202	-0.2523833626841794
30.663677147800154	-0.19937235997994346
31.333275709715846	-0.227658112692047
30.648866769182103	-0.1959879099973359
30.64271180333418	-0.19701148426073198
30.661321922734988	-0.25033573559801503
31.33538317326203	-0.2666452572456551
31.369731579622904	-0.19524169808657504
30.628291825017048	-0.19771291711940697
31.381728481781632	-0.1937662517125946
30.6158335749995	-0.19436647977095178
31.36133346525985	-0.266231157306659
30.60874573060001	-0.1952813602682159
31.36911253108631	-0.2687550938188022
30.59308807207473	-0.1965981088754288
31.39630695464608	-0.24370257314465837
30.58978169578071	-0.22499170604865332
30.60175465531778	-0.27194416033925617
30.592581712162957	-0.25797441504008234
30.569559338489352	-0.19314038775996167
31.431577256808634	-0.19763146259967562
30.58457366338967	-0.2718638662565791
30.565718904367028	-0.22457155261748474
30.56846312130073	-0.24767479359261224
31.435894507074796	-0.2416114130869247
31.46239114333577	-0.19826329834323103
31.96204194275776	-0.1883137360056184
31.969936171551232	-0.1929053142577749
32.05212845631679	-0.18369549117023412
31.96936601505822	-0.2068548939038567
31.937282772490793	-0.19619126116589136
31.92781187719209	-0.192166076267288
32.10084831197311	-0.17130305133570423
31.98880510840993	-0.2345168385940407
32.04504208478435	-0.22800260836204655
31.99791773812385	-0.23653420039415995
31.899741810861972	-0.19329176725441383
31.93039143770403	-0.2213646828669108
32.12176557222497	-0.17946641801479318
31.898192244569724	-0.20441231838088425
31.957850934892303	-0.24181693632678522
32.08356719909143	-0.23013749013905352
31.972228594180613	-0.2527812637790132
31.927614359624016	-0.2417492445508497
32.10266630572576	-0.22380140284607758
31.862446230723524	-0.18654041695622253
31.845592515611465	-0.188237823802768
32.023599243331695	-0.27866079711210956
31.833988995455083	-0.18261757711859483
31.873066858412134	-0.23908730588824936
32.09526294103052	-0.2660591942056305
31.851434867453634	-0.23396083900642314
32.153628999643736	-0.23282435866349194
32.1226648057612	-0.2623771731440331
31.85578689406906	-0.25209720446265166
31.834175645607495	-0.23908564192517878
32.1887505787054	-0.21334974615244026
32.14936499530948	-0.26373797495097107
31.79405057059425	-0.19324303212263713
32.17379892087811	-0.24699046984418127
31.831272130947475	-0.26926299086690575
31.7712601440803	-0.19577914552036702
32.23551971038318	-0.1821270555405008
31.798966734819977	-0.24779470035829654
31.74678418880256	-0.17244626502591653
32.22096055532155	-0.24923649541111498
32.25670941605504	-0.18517413212813882
32.23721974662419	-0.23080418817433385
31.772568200524297	-0.24923738000443088
32.25522631023676	-0.2005216490614664
31.774613061690115	-0.2679381194026813
32.260260114279255	-0.22316126506907974
31.732905091451645	-0.23926140311076013
32.29116838586817	-0.19111236594374453
32.297058300830045	-0.20232600460254627
32.28690982726625	-0.24173457385521283
31.7222181005582	-0.26669703139875156
31.70522303537211	-0.23588217542460913
32.291719345558995	-0.2649476296267097
32.32627015039887	-0.19201254853512473
31.68569668453942	-0.2386254648351468
32.333861463345485	-0.19466815414354469
32.31543841724161	-0.24758689401569928
32.32060148188751	-0.26144411604973083
31.673176729148967	-0.2581011996819699
31.64055699535043	-0.18043165931179345
32.3591426623871	-0.19347988184331882
32.354263774428446	-0.21621854217845193
31.65925446442643	-0.25249772379530344
32.368504559723505	-0.19257547268559433
32.37421845583472	-0.18858635014354475
31.635013237038365	-0.24337558387611397
31.61335606798449	-0.19729154007859484
32.38118331489407	-0.21716318407119733
32.39625135468271	-0.2508583617020955
31.610111405426892	-0.2676980730891928
32.408921328893214	-0.2309875734227797
32.4223098141444	-0.18540889142528427
31.571716414321312	-0.18730936748320098
32.42952794100623	-0.22112177699413735
32.43019973959496	-0.26460749785213494
31.547564112814005	-0.20513105700832096
0.2470916697995947	-0.4680680042501568
0.2541111485267069	-0.48134262173543685
0.23712222555379778	-0.4490295437931293
0.2582671922730953	-0.4879132575636767
0.24248606015997642	-0.4562807526356259
0.2512068257505054	-0.4721139614106754
0.2340611453325251	-0.4422482494292999
0.24588810737185252	-0.4612484180448285
0.261830681983973	-0.4936753289398986
0.2647209450387613	-0.5007521075548427
0.23078379520822498	-0.4365320276794109
0.22722894739566474	-0.42949683120258586
0.27124559419485783	-0.5136138769676684
0.26982092106876693	-0.5066411823496885
0.2748553760061448	-0.5202640793419069
0.22066438090775575	-0.41657099862647323
0.21696016639222723	-0.4105719210491392
0.2783990875456316	-0.5260908523143037
0.26369930562608307	-0.48186159297831743
0.2267834669178492	-0.42053069136422216
0.2818189242516632	-0.5333961185962426
0.27245712167904707	-0.5014084271794754
0.2346272292523335	-0.42730174021670625
0.28529200704842606	-0.5397141700528216
0.21586044365408286	-0.40365175653932805
0.21069571710198307	-0.39721385862785563
0.25290354967424294	-0.45285825859325396
0.20806659391045848	-0.3913399680843961
0.2924805031616233	-0.5535053538337517
0.2038287296714884	-0.38392259951692026
0.2924197473673136	-0.5473567698118103
0.19999876608320075	-0.3785373625410928
0.29697059293389566	-0.5585356453347218
0.19867221723058676	-0.37200753791553165
0.3017110407990033	-0.5661172990479205
0.19354596285258263	-0.36593107738061303
0.303396484697617	-0.5723866846391924
0.21595534611476216	-0.38425823078893107
0.2960582658403345	-0.5246720293302958
0.19020735897317476	-0.35988477823419973
0.3078809774666393	-0.5768609458241581
0.25066110463291374	-0.41884971350510625
0.18677594418051985	-0.35337055602715134
0.31029842643365546	-0.5862044635234218
0.3081961656579327	-0.5572243865466827
0.31436497143751224	-0.5931427192717388
0.3172361121574956	-0.5998906672730902
0.322860711062029	-0.6056313383674484
0.32498813805102283	-0.6116784715260039
0.3303775136200074	-0.6175674953005217
0.332979218627321	-0.6265506822805245
0.33965130610924027	-0.6288749965135317
0.33983951167475007	-0.6404891362933495
0.3469847601144418	-0.6451639867387617
0.34975209909502963	-0.6541454860444451
0.35319247325259	-0.6643567359385864
0.3573132328467067	-0.675497143961677
0.36550848138051684	-0.6869928976047274
0.37301652232908394	-0.6995098955500779
0.38473379795428536	-0.6576648296741726
0.3824295317831381	-0.7048976160836199
0.38771767475198526	-0.6865004548500646
0.38127741031390067	-0.7178578926901931
0.9069704725567082	-0.7825536203548955
0.9146287825536382	-0.7924209877989243
0.7358937278115198	-0.8074738433120068
0.7331109935841271	-0.8042076474410146
0.7390370377888102	-0.8483406941860921
0.7390361520290907	-0.8483408800912285
0.6572286477440659	-0.7899473880312771
0.6572300115721247	-0.789951386253632
0.6571409499709882	-0.8227046251809532
0.6545166636855013	-0.8418184317165521
0.5775745678309976	-0.6831883102770716
0.595807776304575	-0.7683286418184125
0.5664156537114453	-0.6690371466019023
0.5808651449279725	-0.7340191833617818
0.58085287173373	-0.7340105291765313
0.6259284081755461	-0.8327547359507819
0.5789245641201106	-0.7834161086644322
0.5811514808928693	-0.821350269065602
0.5375131720148035	-0.7160440924323854
0.5332066457513527	-0.7349424098192608
0.5451247022749384	-0.7789297996197881
0.5129972604981321	-0.6823326609967044
0.5122679213749592	-0.6837651643979197
0.5062545012398122	-0.7392784418536676
5.082421692233753	-0.4372816343984745
6.096176022271238	-0.8111828286743621
6.11198953090723	-0.8156890846039362
5.746786411173624	-0.7485431168249927
6.886930392669087	-0.7156986776600862
6.916047346460269	-0.7484194307650798
6.885289078672168	-0.8383642481128256
6.885777279288255	-0.8428568036219493
7.195537102861528	-0.7941244558608678
7.205195517486553	-0.8341788079659125
7.294888233568881	-0.7092020866274522
7.261754683154652	-0.38909178371476827
7.318527918715191	-0.7143253472774282
7.408389385059105	-0.6607405435664568
6.541928208447417	-0.763708441363945
6.511501216818805	-0.776768116126984
6.536611846851988	-0.8437621659465717
7.957307084936288	-0.6261895294067732
7.9246981262248575	-0.6450264141588048
8.054780788863997	-0.6719368408600732
8.06530495566103	-0.6777643334323556
8.051857084568075	-0.8081917940379982
8.119015586781606	-0.7880886871436289
8.068739345787332	-0.818978988070372
7.836442755213843	-0.7856822200509477
8.149973051359417	-0.7998578100192721
7.846884380732855	-0.8121410044050826
7.72110642097203	-0.6625886637806453
8.31080837401114	-0.5902538623063688
7.788316469681916	-0.8439716024181005
7.77239488435764	-0.8315491821787583
7.684788415545207	-0.6971222115872854
8.368657371649002	-0.6184600629767164
8.333134355369802	-0.7859215009531577
8.347235346458042	-0.7969565600057609
8.425820508538651	-0.6594440255645704
8.445610187166613	-0.6485187434453648
8.43924610110114	-0.7793131948550174
7.51773939407399	-0.6466082196215546
8.444997643573258	-0.7918412557144252
7.534660441562516	-0.8312437472919345
7.513022424895369	-0.8096334287719816
9.144832538304346	-0.6271087447486735
9.146909284278804	-0.6296696590169172
9.163988674104269	-0.5734570411821355
8.900418501905705	-0.7453895999693139
8.911628534407	-0.7562485116675111
9.00644366963688	-0.7839851198649291
9.017265196317	-0.7864438807297456
9.192786525562056	-0.5670759072478717
8.794019770032486	-0.6314953513812589
8.78293529552701	-0.646367387577091
9.184879636926574	-0.7267856801735353
8.77471294219942	-0.5937606392257899
9.194793975202478	-0.7394282468701994
8.749558028304241	-0.5878547084653694
9.252232082281502	-0.7459107303934832
8.792741530366422	-0.35348155653654306
9.314116600129989	-0.5204287496020759
8.735521546283495	-0.7878932150065034
9.29324017384116	-0.7865718334345945
8.68960533805188	-0.7660370652496984
8.630537699120106	-0.777911788719468
8.61641545771253	-0.7651892349069034
9.469165697700712	-0.7097817789380452
9.48400488316452	-0.5944603241358652
9.480251811133583	-0.7193272063456109
9.499709863423027	-0.4964658207096573
9.969657253320154	-0.5384888135436383
9.978519511650944	-0.5269337155335844
10.045132989599049	-0.6830322777464926
10.053755087168202	-0.6852594782218084
9.850778870811784	-0.6088105668860365
9.847291488862592	-0.600693801023646
9.832003665538485	-0.5175177745960056
10.189166829135974	-0.5892104076283653
10.072119903653778	-0.7865360781569632
10.207422419341562	-0.5770467726032369
9.80167786403448	-0.5194667512188883
9.764401308150317	-0.7019773075789442
9.82141745074092	-0.7881127987862637
10.245632516956016	-0.5090924103877369
9.755831629860715	-0.6958479879371748
9.78960427837935	-0.7678568315167354
10.261784723619598	-0.4969430979777404
10.325823882164157	-0.5127654932702104
10.337260766386667	-0.6704107627598596
10.341720027445891	-0.6696302013022618
9.690683032648039	-0.4288136316659055
10.311850818578062	-0.7803011616423918
10.35618561238397	-0.5269595504803324
10.32552776633087	-0.8483797354090039
9.556100682544823	-0.5471410252895945
9.550678465846591	-0.5249359161700083
9.562310175003372	-0.7859983820067684
9.505006531468899	-0.6043840493349991
9.531379871175606	-0.8088394417217686
10.927277311431855	-0.6411006699023177
10.924070980548768	-0.6428705790689898
11.094999039660737	-0.5081459312282826
11.057127229742349	-0.4776941148134673
11.031069518706467	-0.7322548694638698
10.86642636751599	-0.5736503178074549
10.862185666501052	-0.5638794830226191
11.079462570614469	-0.47959373180811155
11.037667442136163	-0.7437091747308445
11.115916788830763	-0.4861672662712738
11.175138879529495	-0.5693810260633885
11.199280817509825	-0.5586001446558198
11.217141014758	-0.6295091116399145
11.222081201167018	-0.6267743056453322
10.785677855784842	-0.7499106662189233
10.793925179350422	-0.7721554094490697
10.730853542403972	-0.5118675302379087
11.23619666401423	-0.4427075526913452
10.717146209109838	-0.5184579932348571
11.282304077388133	-0.7126574244317773
11.288310871242283	-0.7130404490542233
10.661004452558371	-0.4955206672363486
10.634078030777154	-0.6552173130219906
10.630704848292405	-0.6567760924051111
11.376229140786547	-0.42835454135493106
10.602539477045706	-0.44941033027234223
11.439569110093064	-0.4804506352779122
11.452431329449391	-0.49871717448616787
10.525949342281635	-0.571953463617439
10.524869215254157	-0.5876561773407205
10.548100813045817	-0.7677942009846686
11.482880342448379	-0.4742992849529031
10.556298716544866	-0.8313859651625944
12.059406422873048	-0.6425513698914438
12.082876154327737	-0.596944353705188
12.067525987081847	-0.6552221199359657
12.092101103911205	-0.5973840661778204
12.127519142279796	-0.5208220930408953
12.16084501019068	-0.5537954035917754
11.836766850247846	-0.5401933091117833
11.836984123466051	-0.530368012320469
11.867431012172785	-0.4534490074102052
11.800838913494438	-0.6056193192503677
11.797736619598687	-0.5944351165803061
11.835572982850383	-0.47836671096313127
11.799228834824197	-0.6657211532940812
12.180392598844566	-0.4880363368981167
11.801341914681817	-0.6752649963940736
11.855318919592436	-0.4421371460350384
11.798500793585141	-0.5052748814599445
12.126968230003758	-0.4084175627906675
12.196495255063876	-0.4599643562813479
12.190758590583918	-0.429145311176668
11.748072903412675	-0.44156859519770664
12.265031511432795	-0.4440767502000551
12.273447108569862	-0.4383263123232997
12.323373561443983	-0.6234235620145407
12.335100209426892	-0.6336496798318509
11.699891161408221	-0.4227171775410587
12.38133201401474	-0.5919422968870832
12.384768966803135	-0.5912141601651686
12.440052754668192	-0.5281238613194229
11.541123582953219	-0.6866058429647459
11.539567594717637	-0.6943656845065098
11.517735684274857	-0.579119428246816
12.479414458566248	-0.5176498204281539
11.51343145814009	-0.6020387119414389
11.513776216861332	-0.545564116683869
11.509650450812778	-0.6168359002064996
11.515071880572064	-0.4430885223054821
12.973361556665681	-0.5782950483232359
12.972792181097171	-0.5786496039840839
13.042887785073024	-0.5089535818718514
13.078841180888983	-0.5263174634611968
12.877450614949428	-0.5948007162073817
13.132722101680452	-0.5711839685165405
12.86061243389769	-0.5901887899125919
13.15158782392829	-0.5797269786554392
12.903331411405903	-0.46011050350061056
13.032560500464793	-0.4225923393469432
12.88917070103493	-0.4510568944191179
13.015768388749512	-0.4049291637936725
13.029029028258469	-0.39645697875168184
13.066532189029385	-0.3947322337147123
12.763980629565488	-0.5400151608730466
12.747653390528768	-0.5138724398452021
13.267125108372543	-0.5720636964945032
13.226252815780958	-0.45483140083293383
13.267607847553037	-0.57189621611738
13.236908676341725	-0.46742683029280074
12.679080920701601	-0.5850811461879657
12.67730707976196	-0.5853922723539398
13.269489974262234	-0.3823090748325718
13.349790450888595	-0.5213118299350478
13.35518584312522	-0.5062485180713387
12.662538208680838	-0.40827263668470554
12.604996484688586	-0.6146336608956494
12.636471565971465	-0.4259130610790964
13.331989853703544	-0.3682228294658272
12.587329727339458	-0.6059350729969797
13.412394369403586	-0.5586515260701027
13.432257395328678	-0.5617001666384072
13.40954824646612	-0.4097110467452749
12.585148873952638	-0.4074404653997439
13.422804414628905	-0.4052957295008429
12.545483514237013	-0.4737519342645573
12.53079837952515	-0.463552573539432
13.440485596655352	-0.3746753652503907
12.543768116281054	-0.392719464081378
13.46243717293884	-0.3898485652600515
13.99287460949982	-0.5356228957908205
13.966430518629444	-0.5317779701384121
13.962721565646723	-0.46475601024370405
13.967967332230284	-0.45997605429833127
13.85550477521682	-0.5596869830053833
13.855127627805311	-0.5602663515750342
14.148811550338344	-0.5546581635561606
14.149394126423335	-0.5540708002380432
13.880222985092557	-0.49821780763341433
13.861647959946342	-0.47910894963143646
14.157824616545765	-0.49421200673025695
14.185435112470193	-0.5035460708001241
14.110721245857214	-0.37205094199836464
14.163317646382847	-0.4057840116974619
14.11055396257209	-0.35955836084005155
14.174711479615578	-0.40114738781738235
14.257729342703788	-0.5227993419494389
14.263820293206965	-0.5270905732901354
13.818390549990669	-0.38677515591831896
13.820855492906652	-0.38400362145828987
13.792004344707344	-0.40855932784832344
13.782410277688774	-0.40098198042233046
13.708209349925758	-0.5489483210166943
14.203136328397195	-0.37221190245360786
13.69733707640213	-0.5362044799850272
14.22017741977646	-0.3814329147845177
14.289390845924597	-0.44237484724415066
14.310706418543125	-0.4470065574571248
13.660474191328136	-0.5153377007796794
13.654677370484332	-0.479405893254993
13.702029138981402	-0.37464157834888323
13.661321438627272	-0.37671407634151133
13.582963774481223	-0.4659277641767381
13.561715782530703	-0.5655684256138273
13.561176970599183	-0.5662038825094029
14.442363093999639	-0.5491911557073336
13.56981058486921	-0.4838424796351628
14.44349517742883	-0.5485810745878875
14.443599541997553	-0.5024617180997926
14.48859155195398	-0.4753687737066614
15.030788207550108	-0.5395548067817684
15.029603784493201	-0.5382798896139472
15.002450328584246	-0.4889682361178728
15.037298453235987	-0.4839838536189605
15.096864064834227	-0.504978411238245
15.103800359112292	-0.4992744926590323
14.964246171584247	-0.4320955510512855
14.967350698485697	-0.41742974429385976
14.821651496545698	-0.5118452104817168
14.812845861131704	-0.5085387702462159
14.905353635251387	-0.38725766196187195
14.90727092435019	-0.37991440017109035
15.019162323435332	-0.3571073950316771
14.9555654441219	-0.35742922820413137
15.238018594476532	-0.5334338521870027
14.73726953114081	-0.5438168403296034
14.735822445831742	-0.5438439120967952
14.73353303857739	-0.5141571276386114
14.728392214467297	-0.4903057253318082
15.281514133885322	-0.4892569421371464
15.323605451875085	-0.5344364514291506
15.323586260564726	-0.532767542691013
15.264040152203687	-0.3931951671403393
15.252641494629632	-0.3677514731388435
15.295501101872565	-0.40913832991411225
15.312384574038518	-0.41974972494279594
15.370230795932908	-0.48322323163252917
15.375730005601016	-0.49306428328754404
14.633162212263816	-0.4249087248443272
14.62983622282891	-0.425617334236793
15.380241726625652	-0.35780900183651243
14.609306616683503	-0.373293574506204
14.545040246577225	-0.5228282525569868
14.583532403244101	-0.37145924799886976
14.53539557250739	-0.5001080628552215
14.563933324939011	-0.38137605684644116
14.519222393254001	-0.3836208809050062
14.51575413487809	-0.37240285511054044
16.00004923948368	-0.5864927353435585
16.022977046818127	-0.517351459665153
15.913080857095286	-0.5230999318028786
15.911850361190321	-0.5224753001203533
16.096105224351167	-0.5231134828941579
15.936546113841269	-0.464951065669158
15.935091239595197	-0.4587163308430112
15.913195693743742	-0.41877291699581276
15.95770911054075	-0.398605785568081
15.970789882239304	-0.38629645658466766
15.99532504052448	-0.3780319992695246
16.20670160694502	-0.5182827559611288
16.20657985236061	-0.5174428886065594
15.787189291835633	-0.5179890143794204
16.220323561178695	-0.4523942222951147
16.232128441127138	-0.4579016391689966
16.273656003356134	-0.5274139971564138
16.230703930446072	-0.4012460665512194
15.693560114268664	-0.5400556277320103
16.25467081248737	-0.40850767551601114
15.777540228986725	-0.35208437086442074
16.335832177186397	-0.5595917644154168
15.654993762198657	-0.4785591863521374
15.639108479689542	-0.4830693915667722
15.618966662531504	-0.5266227814192154
15.617123466222203	-0.5279067099681776
16.328208714416338	-0.3759884316156521
16.33998349129034	-0.37582407938991924
15.64617016313571	-0.38780514480957207
15.63454102199295	-0.40462614045697043
15.610779948122767	-0.41526770933910906
15.565663647873784	-0.5163223816868628
15.572102699214236	-0.37513735931627473
15.515017483022053	-0.5043952667998012
16.989591204670116	-0.4976279873581502
17.009795082607837	-0.49016335220324286
17.090776724827528	-0.5065173131837062
17.090867327442485	-0.5055908236817226
17.08822583170663	-0.41766651546125977
17.097919977989843	-0.4216062775647326
16.926039027719565	-0.4063574379053365
16.796432141268486	-0.5099622794639616
16.79619449191246	-0.509899140920747
17.025068260985407	-0.37113882725722946
16.88950702409288	-0.3937547148671054
17.045440201626892	-0.35891224287108936
16.806757673453873	-0.43379997789809954
16.7606077858993	-0.5087970726742229
17.23366540398924	-0.4892072253346918
16.74927659732323	-0.5153773262505926
16.798167204869042	-0.4282498378079378
17.19664733770077	-0.413179119616971
17.260549060743912	-0.47514678335014593
17.217284746803927	-0.36610270125146593
16.690049468603416	-0.3732345831350016
17.384703677550608	-0.500517608641555
17.385984114776313	-0.5038376751802068
16.673109471673538	-0.3664049453906116
17.3789544724779	-0.40249269386688236
17.388208460316932	-0.41196408204114576
17.370593633358624	-0.3643826790361999
17.371655754165193	-0.3580170029800107
16.577284141339803	-0.4297987161901884
16.58337601949221	-0.41001847128314756
16.526496319724075	-0.4898662427050038
16.512179725576324	-0.51468499018117
17.48547194619907	-0.47830267919836306
16.501690513837637	-0.5135480831502958
16.501014109863675	-0.5136538541887761
17.4883607127202	-0.46213805771916305
16.515043772604887	-0.43969727645714995
16.50852121013317	-0.4405856838877557
17.974547785216828	-0.4943227467216691
17.974613588332307	-0.49352096758583813
18.013775796872963	-0.44558799090702683
18.000586626989403	-0.44232215134432645
17.97497681359969	-0.40983594153622427
17.952762404236708	-0.39941370225449846
18.044234964862284	-0.3706100024839136
18.032027697650264	-0.3679461750514662
17.84297210284173	-0.39385185096939185
17.851416753612096	-0.3718010450229864
18.164979788278444	-0.38032546719445137
18.15587707383174	-0.36151908672211674
17.751310262540553	-0.45210523189950835
18.26847262528141	-0.4894410462177982
17.742180118529724	-0.4659006009034488
18.24195310087517	-0.43602724523921366
18.272339146779075	-0.4900335127667352
18.235115432528143	-0.3975875769298078
17.68044727546197	-0.4988381203457846
18.288493121728145	-0.428438974500725
17.679301338336717	-0.4976184170887643
18.28470329170782	-0.4041688325314969
17.712313752893564	-0.37037384213056435
17.713802357681917	-0.36731207457782666
17.68386434515286	-0.4082910154123685
17.656140797446955	-0.3995509801245951
18.336748599243162	-0.3663579738629207
18.363114455139655	-0.3502806400888122
17.551370973626536	-0.39613531615563013
17.53643343171462	-0.3949673364247528
18.494199072550874	-0.42225370266329987
18.480870501396684	-0.36101406453822615
18.862912055494046	-0.48773718639173685
18.86081302487149	-0.4790114461671108
19.021464869473323	-0.4143594887217922
19.156636795792476	-0.48083058523234035
19.15834963747417	-0.47965692135406196
19.042295267493493	-0.39136710987782086
18.947906093353634	-0.37828437503417145
18.91270219902212	-0.3693021478391967
18.871156007803776	-0.3882073843132474
18.87416288108324	-0.3840639002591072
19.166086630779144	-0.38029738106362343
19.173310011514012	-0.37596961731994694
18.76725952152985	-0.4279551267626829
19.20718567808834	-0.3948904825350328
18.775815802341317	-0.4024624577975008
19.29491508705025	-0.40817396917185356
19.33903338221765	-0.39810565512281926
18.636064168436846	-0.38714426163510607
18.627676795536708	-0.3731326981466746
18.569318246883117	-0.48800710911771783
18.563337907459875	-0.48497381936933104
19.450308038406188	-0.4767461461941823
18.57926714372757	-0.39230816592718
18.574855348180698	-0.4010308914692664
19.45649387804298	-0.47795765151935987
19.46457400909816	-0.3685284883634692
19.47319210393523	-0.3690865403586493
18.505722324502344	-0.4087415552973671
20.043974175863664	-0.4714878266208939
20.047339123284242	-0.47144948356833066
20.06838108443857	-0.38136792428336785
20.073003691742326	-0.379680211046449
19.895362123949393	-0.389869972804586
20.118971683050336	-0.38923988444661584
20.058742249410948	-0.3590979945730393
20.04868460715262	-0.3529647724146834
19.828565530619645	-0.3998891372285011
19.751989036642016	-0.4757866447561701
19.861572332320524	-0.3582722816928393
19.746458956821726	-0.4731492062559036
20.198119205025442	-0.3815874878908372
19.77196761312423	-0.381579379024807
19.77297694708705	-0.3647558824106252
19.736240768076318	-0.36431653458197855
20.339853728481124	-0.46826785296903173
20.34467617748876	-0.4691232868009566
20.294142958711614	-0.3691168535617224
20.366804230116916	-0.37985044241607907
20.36601917037174	-0.3656422296762877
19.622568122975593	-0.37665464700399154
20.38219765962132	-0.3502056450220463
19.57605512211341	-0.3985384211719619
20.443437422657997	-0.3623416825646888
19.528290233075246	-0.38074140851183735
19.506570440274313	-0.38915455036957514
20.93671970915364	-0.4639116227778416
20.934186842371666	-0.46323443080993754
20.95862363021068	-0.3788084635337865
20.961060831406105	-0.3646947609050981
20.90504651360215	-0.370478051203061
21.10443897792578	-0.36795499573744694
21.230881784420486	-0.4608289647343906
21.233893763859356	-0.46182171535563277
21.144117001862416	-0.36926523879610784
21.21236888380335	-0.36267805919931484
21.234861983057584	-0.374201598745979
20.72373280625154	-0.3705912703022603
20.640977671289857	-0.465906230068462
20.636008454604802	-0.46632227468949494
20.659209083455714	-0.3889170640140594
20.662373540178088	-0.3570552319676659
20.616172942119718	-0.37355526059497635
20.59825008025269	-0.3661046225574002
21.489313081614867	-0.386159221705723
22.12864888177044	-0.4627220179107169
22.12028328215266	-0.4455025997470427
21.924742686429372	-0.4056773721273135
21.827996263100978	-0.45959843761834784
21.827542727686307	-0.4524881660897054
22.018887510113604	-0.3511415317460851
22.192857680109547	-0.37608079918720344
21.783273675253927	-0.36213754504943607
22.221475826383173	-0.35190753669500296
22.32955685134676	-0.38302930363159926
21.67636942546761	-0.36559323169692515
22.419739313216414	-0.44952874709428625
22.424630533997817	-0.45500305408811703
21.532012308638063	-0.458466197167796
21.527302489271396	-0.45836615315359824
22.453320274704037	-0.37188090037057664
21.521674780750935	-0.3710021680130041
23.01593089894316	-0.44966759290289493
23.02124713961289	-0.44778031327574064
22.94595689025553	-0.37483125850064714
22.928017931909153	-0.3775195985221606
22.720222028522148	-0.45298342805674374
22.719883065927863	-0.44921636896166606
22.785815515841115	-0.3583785082808742
23.207675559746644	-0.35054932076834644
23.313465085809742	-0.44931075929838415
23.321204444598887	-0.4460436308877975
22.677247478297968	-0.3773090947354347
22.676917161784722	-0.36448792698507304
23.319788981225738	-0.35462264976215024
22.573996522892386	-0.37509836871364055
23.916137177815227	-0.44249918188856574
23.921721023215998	-0.4380766997369462
24.088732994476363	-0.3501932825160885
24.216085738704912	-0.43937326581123315
24.218502613092532	-0.43843117027823775
23.823384569150516	-0.3536649101534468
23.641547771379166	-0.42644995278147324
24.34774401846255	-0.35181753072987104
23.593483946090092	-0.45937612520060933
23.575229413520088	-0.35369955641001066
25.118644510433537	-0.43370945096564484
25.12791027166231	-0.4335198627373482
24.8248701618093	-0.4343631213552586
24.819570435171823	-0.4357565761310976
25.42638721502168	-0.43370641763945317
25.428106547073167	-0.4328096728195775
24.52009909780768	-0.4371312835097165
24.515278883151524	-0.4333227966796618
26.033729972440124	-0.4325247073215869
26.029804872742286	-0.4282136972965167
25.729409585289922	-0.4315420015154292
25.727880284296496	-0.4323514029965996
26.33337704981761	-0.42906401020727447
26.338351586171008	-0.43130601237174154
26.946277624094755	-0.4305666259581453
26.942444899122545	-0.4276876064690859
27.247975005547303	-0.4281033621368349
27.250662069631225	-0.4288603159983254
26.642651916654767	-0.43124060047086366
26.637134479520302	-0.42775280891200984
27.865288525944017	-0.4281388966569344
27.85753384668714	-0.4260765418667279
28.161955738779582	-0.42575877438108467
28.174103592080904	-0.42711494571016345
27.55631125859899	-0.42801099469672377
27.553341532318573	-0.4273889320995027
28.470326131998238	-0.430836791746915
28.481902858291626	-0.4211422335994559
29.091226139130786	-0.4254941137840542
29.094037373534615	-0.4248429950702779
28.783038406306442	-0.4271176251318214
28.785015619940346	-0.423980213459906
29.402420140355613	-0.4260983409167866
29.402086471479688	-0.42338886733190817
30.004412075504028	-0.4304668554065799
30.04430824708552	-0.4180268671011784
29.711360862808483	-0.4273266847305946
29.71373309723601	-0.42207567455676565
30.33219745344644	-0.4231338253980509
30.341375887096998	-0.42423794271312887
30.97135917388794	-0.4230495445562685
30.951741229040923	-0.42395095156919427
31.263602169302445	-0.423084704913931
31.290889733514163	-0.42574549516971827
30.65338286157898	-0.423418884982377
30.643257496745353	-0.42461896188698667
31.916589768012802	-0.4191888547337782
31.90304309881198	-0.42438037618833024
32.21765699698303	-0.42495676349413175
32.23585254200448	-0.4228956565488633
31.6035581755921	-0.4284273164167235
31.57839444338576	-0.4258408728693607
0.46798948394528295	-0.8787822805593456
0.45644077135274097	-0.8549129793464687
0.4752142701238096	-0.8935027495338193
0.4801389970911723	-0.904845127335925
0.48635321929448816	-0.9152509118369221
0.49878144212598047	-0.9425256585036372
0.46910453999117935	-0.8684900014090865
0.4967362097059579	-0.9218816370643896
0.49230099759327617	-0.9021092677238072
0.4714298638302973	-0.8560632253526474
0.9923441657840929	-1.120511571591956
0.9923441661489172	-1.1205115724468417
1.0302516842460447	-1.1366610811484907
1.0153334499407458	-1.1530471035959957
1.0102036143285051	-1.0368183148669532
1.0102036148494584	-1.0368183146727572
0.9227487186140667	-1.0580807937825503
0.9227487152735003	-1.058080791681925
0.923478214035452	-1.1497334458426591
0.9234782139718638	-1.149733445774354
1.0627125583849348	-1.1840399535397128
1.062712567033615	-1.1840399607603105
1.1066014266954725	-1.1038764944790405
1.1066014283239332	-1.1038765000038686
0.9745617014343192	-1.2050148315373237
0.9745617205551917	-1.205014852349924
0.8726843132857026	-1.095000426904281
0.872684302834051	-1.095000415700546
1.0465395202675167	-0.9761234985198334
1.0465360565862805	-0.976117408113617
0.8788363371996786	-1.184024866504659
0.878836297366038	-1.1840248171872558
0.9163308725755164	-0.9717879295289833
0.9163308705791902	-0.9717879277732914
0.9168590688717319	-1.2309243893733188
0.9168590688328883	-1.2309243894246877
1.0258851580289545	-1.2607772225692677
1.0258851580373944	-1.2607772227206229
0.8409305066692625	-1.1373864188689453
0.8409305065725965	-1.1373864191524434
0.8541313640664984	-0.9969071526019578
0.854131364221068	-0.9969071512962505
0.954983021806436	-1.2780572569978181
0.9549830866761411	-1.278057337183778
1.1128631300229874	-1.2453137795849156
1.1748384928472955	-1.0384438475738316
1.1748390842450007	-1.0384368945551372
0.8222424863505653	-1.040894088117734
0.8222424862878466	-1.0408940881311468
0.84788143494684	-1.2178922594670978
0.8478815427031426	-1.217892405726844
0.8031606149124981	-1.0910411285519754
0.8031605909476619	-1.0910410991576902
0.8188592239661399	-1.1785469099118042
0.8188586520819667	-1.1785474074173379
0.9237455221512659	-0.9169433548686131
0.9237387373167933	-0.9168822897121691
0.8769564349293817	-1.2573642527521494
0.8769566654028176	-1.2573706108028446
1.1336949584106517	-1.2485240069759227
1.1336949592930163	-1.2485240073801118
1.2026947389014668	-1.1532099049395652
1.203453942386196	-1.1504943335304147
0.7898988376196394	-1.1393540149031982
0.789895875088191	-1.1393405275189867
1.2049712577018878	-1.1727734996239159
1.2049712908038663	-1.1727734489193804
0.9060786187301397	-1.2969515008353263
0.9060787502236846	-1.2969516946228032
0.9931952651817397	-1.3253994114007943
0.9931951922628932	-1.3253994183589015
1.023563873118426	-1.325109009536504
0.8022388939014866	-1.2151168286791787
0.8250053578730416	-1.2482944336538881
1.0774088880305575	-1.3169626788119764
1.077408920836587	-1.3169627147217147
0.7795008863263571	-1.1820094296265564
0.8477985974298027	-1.2815362732861368
0.7609988711211566	-1.1002876532111587
0.7655496372199928	-1.0450258552893827
0.9352435841314671	-1.336644365263837
0.7567943499824391	-1.1489768340863387
0.8706167640398855	-1.3148401221322898
0.7722317667159806	-0.9875051222391492
0.770664474526939	-0.987906173842777
0.7887363912421173	-1.2457244185527947
0.7703353693275754	-1.2176779181125608
0.8256714652113131	-0.9089386719650225
0.8256714037861658	-0.908938579194695
0.8062497726151054	-1.273796249579625
2.0315495076277337	-1.2068064737588258
2.031513250263686	-1.2068628150099854
1.9678841284463662	-0.9537590402505843
1.9678190277679486	-0.9527518342562072
1.8439246444024184	-1.1572275092140032
1.8439270289493805	-1.157243535831932
1.9577340991162675	-1.3385875110029621
1.9559813857722472	-1.3476149475394186
2.2414704185711796	-1.007734322784517
2.2419696593699516	-1.008219240390553
2.2227075478392826	-1.2597535991852997
2.2227130357752953	-1.2598796986831955
1.6611623378698541	-1.1125275913264165
1.6610663794667837	-1.1124910281709557
1.726251368768884	-1.3085526909162501
1.726251290387571	-1.3085527554042164
1.6978807715940973	-1.3121537555348117
1.6613981707769891	-0.9329852405577033
1.6614045148031928	-0.9312480443385577
1.6663457145540406	-1.3316261762327721
1.5839935567039294	-1.2381272253834246
1.5839934089910546	-1.2381272759249986
2.4162774024895315	-1.3144592757521874
2.4165684051328036	-1.3145903471303035
2.472426454521105	-1.0722868408648094
2.4731997002195842	-1.0714777759733318
2.9140564454651874	-1.0797748659807855
2.913731026211018	-1.080830569351982
3.1199308889587427	-1.1903945412785288
3.121634274487644	-1.1914687591494737
3.032038587368565	-1.263537418979371
3.0239183946467363	-1.2717427882352
2.871749040078425	-1.2340143814495255
2.867311959502067	-1.2308427285787156
3.1933142286924068	-1.0942156634540718
3.1937862540946225	-1.0938724741032793
2.6730928000427348	-1.0950240696179288
2.6716338840014204	-1.0938677389481672
3.3283181165587443	-1.2393161461816915
2.694874470472525	-1.2963195233066456
3.365777143098875	-1.1445899520910456
3.365851967546453	-1.1459259853049302
3.3479682144379974	-1.2346361386322413
2.654237107768484	-1.3079841955911777
2.619835594052762	-1.3028836806436936
2.6039286916561357	-1.298523459753073
3.455547291949718	-1.1467287929115617
3.4556632584442575	-1.1465109959657018
4.027969184519258	-1.0963566166712504
3.954829386831591	-1.0845447518447475
3.9230717015142798	-1.0416779988725522
3.9220793251123838	-1.0407833919981302
3.938815599534637	-1.1937055388288584
3.95000829150123	-1.2014257191384172
3.932055243469783	-1.2307117476335445
3.931861282061771	-1.23061464334852
4.206990687770331	-1.0219674404340462
4.206832098562175	-1.020252061055996
4.1739687946278075	-1.2640277117495269
4.174180703207827	-1.2640689962329772
4.229762952868718	-1.2046883576445055
4.238289502072752	-1.192462992898695
3.692536071963045	-1.1935191140231876
3.692343984334102	-1.1935015623537302
3.655281373821174	-1.216116136417219
3.6342385948048173	-1.0808882960577975
3.633110507391044	-1.0801614739584902
3.64521113237278	-1.2248361645797794
4.428736752791311	-1.0458665343227378
4.439012381875616	-1.0431705860273535
4.418055135547808	-1.2961638642963187
4.418214799908604	-1.2962972306409581
4.4854648642205035	-1.0088877019039801
4.485817261896693	-1.0066341813549688
5.034899264088215	-0.9827629585060962
5.036960532646314	-0.9810780287414762
5.055038320964265	-1.2162063995467292
5.0910891946905465	-1.22649399274223
4.811913569584193	-0.996610793113641
5.167159799748247	-0.9610825309806117
5.180945735980892	-0.9592961377642962
4.792660112581902	-1.1977868579405604
4.801121751853344	-1.2192942746928996
4.784718967562788	-0.9630723359406724
4.761499547099551	-0.994204247887112
4.760270428346795	-0.9961996703230207
5.273774345001644	-1.2682714037471103
5.312698288077397	-0.9684572019387633
5.314684681517646	-0.9673473336807668
4.663711444781739	-1.3279835727185474
4.663805705714991	-1.3281941900048861
5.3903872690821615	-1.2174935112610143
5.432253116494912	-1.2195264492042444
4.520537123007426	-1.1906376713758915
4.515454382822702	-1.1969674831653332
5.92325362544962	-1.110186330050841
5.914926829626325	-1.1169687196072446
6.173501271911148	-1.0744547224269256
6.177861239625567	-1.0708804112528265
5.8779019529193635	-0.9440943265880632
5.877858469240244	-0.9424656184609081
5.887374708353499	-0.9030799948213541
6.1632874806845015	-0.9358872961280875
6.162846475995222	-0.9348920971916312
5.866289445915298	-0.8972491878732233
6.227072572724473	-0.8789337295335728
6.23187516564579	-0.8697794625187364
5.673326570654441	-1.1557253656653843
5.656745605503356	-1.1632933162240202
5.647520630801922	-0.8558951190505609
5.595673370304534	-0.9540744565332984
5.593789687687062	-0.9550881882202951
6.43613814467415	-1.0377227403482574
6.438296935484364	-1.035628882266411
6.447170646717474	-0.9293520431764777
6.447861872189728	-0.9306767311839425
5.549820388678839	-0.9156295968380943
5.535977017977682	-0.9261967444777224
6.9955539291575874	-0.9722882011341011
6.993096704967062	-0.9714533697121304
6.99096960798157	-0.930804324011166
6.989494234250989	-0.9245338799920395
6.70749917155347	-1.0025533622567406
6.705617541710023	-1.0039196095097593
7.243923599212294	-0.904119580229332
7.292088517029244	-0.9701531250529909
7.292332620420474	-0.9706758967026974
7.2456768336101405	-0.8924948163573807
6.727407146821287	-0.9290041554976055
6.726544957265739	-0.9268220738700819
6.560669879118077	-0.8591281701858315
8.138671863980665	-0.9862435373475619
8.138727277742094	-0.9862458138360106
7.85871162407384	-0.9811273413501598
7.858621393979779	-0.9810759891748937
8.418294928236888	-0.991250911557979
8.418338679393038	-0.991243618580729
7.5773840035353	-0.9757938230480784
7.577253850712725	-0.9756622237598443
7.514447712533274	-0.8722890224947993
7.5004887773960265	-0.8522714556074593
8.977477598438636	-1.001425075449783
8.977520300433042	-1.0014066421380627
9.25719339393956	-1.0067303332925668
9.25725624843225	-1.0067367775179399
8.697893811976188	-0.9962627613859952
8.697845690826897	-0.9962868064900687
10.097020207843387	-1.0239942851793682
10.097063531050633	-1.0239162264162234
9.817007712800685	-1.0180359499656773
9.817009526924611	-1.017962749644958
9.999401439558984	-0.8769001530415192
10.248843287053258	-0.9244006916738541
10.377084917933978	-1.0301403655541375
10.377146272521964	-1.0301279582850453
9.537098139745886	-1.0122736038643767
9.537026028924346	-1.0122534798059468
10.937381989531154	-1.042949977800545
10.937383788769107	-1.04293158344445
11.217537722532752	-1.0495821044508553
11.217684123823176	-1.049542346513891
10.657221357625104	-1.0364811614180605
10.657206948599216	-1.0364548018126913
11.497871254960813	-1.0563330855346738
11.4979023252605	-1.056310884845898
12.058545511569719	-1.070219908487124
12.058585400753673	-1.070175552316711
11.778223656947512	-1.0631891668511326
11.778187063212329	-1.0632213417997367
12.338958512289393	-1.077299436978949
12.338978258246431	-1.0772739292275177
12.89995772209082	-1.0916896110376957
12.899872744392255	-1.0917335453731183
13.180466612020957	-1.0990429431598365
13.180467784127698	-1.0990170947347457
12.619487801214557	-1.084438154421657
12.619346247187543	-1.0844842190104462
13.46106148571205	-1.1064048967382534
13.461094384466678	-1.1064136272925833
14.022509693843888	-1.1212955857892783
14.022482727699956	-1.1213564684855828
13.74178234557127	-1.1138223429897398
13.741722542190232	-1.113863871806843
14.303226749339773	-1.1289456415457617
14.303404115039339	-1.128757555309009
14.86523110886533	-1.14394945256113
14.86517773061527	-1.144087281188887
15.146249844955394	-1.1516147800851468
15.146325216936901	-1.1516872302389995
14.584258161655415	-1.136348158102045
14.584173580284437	-1.1364869142267093
15.427339317399236	-1.1593977629341712
15.427605288895428	-1.1592247323802884
15.99017860312123	-1.1745202210896823
15.990179555440205	-1.174870654850243
16.271652727487147	-1.1823193884930197
16.271784696990984	-1.182514351391468
15.709279672081191	-1.1664406652106725
15.708253951281593	-1.1675449374564189
17.11618121538875	-1.2066960130454563
17.11819618463882	-1.2046170322194127
16.835207915016206	-1.1975905023628666
16.83522020451833	-1.1982176323733345
17.399121328828958	-1.2136717113714695
17.399533398973208	-1.213146442461001
16.5534327152054	-1.1899884970430865
16.553356818669826	-1.190318947659919
17.964141702784968	-1.2286002132922975
17.964179110313548	-1.2292815024898864
18.246714872344125	-1.2367000838464568
18.247024761890138	-1.236730962092666
17.681681796592105	-1.2208620560295733
17.681612280425508	-1.2214835427892077
19.096235617132315	-1.2598189879232917
19.09637476860686	-1.2600808314390668
18.813046792594726	-1.2519437360364691
18.81279264489638	-1.2524196593009638
19.379808571256103	-1.2679965753557856
19.38009468365088	-1.267388962452839
18.530110092534827	-1.2441581001242181
18.529472539496027	-1.2448393662512893
19.949338433961127	-1.2820184679365727
19.946698067769777	-1.284516784898073
20.234530574276995	-1.2875661706781756
20.230257613278717	-1.2941421995681552
19.66392484446856	-1.2755784228043368
19.663800268736164	-1.2753479738052238
21.087394297344268	-1.3143838753789967
21.085942333383088	-1.3151106478750418
20.80186858891983	-1.3060585885437828
20.801938960652315	-1.3069874454251902
21.369191396853964	-1.3235337535222793
21.37035299711832	-1.3249118023230535
20.51704030716972	-1.2977232891800812
20.517056828795706	-1.2995397766774144
21.954882535930302	-1.330230262865484
21.956053532552602	-1.3326926578764002
22.241351144458037	-1.3395073581136583
22.23864487257464	-1.3422732208122417
21.724570046986525	-1.3102935242215636
21.60019348439909	-1.3453895367099318
22.52681867122973	-1.3487241964346541
22.52712212917176	-1.349939753424167
0.9867083605853221	-1.6075608265507015
0.9867083464843676	-1.6075608124739522
1.0086421306891262	-1.5849938816425253
1.0086382145775155	-1.5849878266476527
1.0270580567130705	-1.613460166594684
1.0270580598885233	-1.613460168885985
1.001794742302949	-1.6318667780302383
1.0018156318673357	-1.631900446538551
0.9716346424873302	-1.5832786826745855
0.9716205433855969	-1.583255975937991
0.966147703821807	-1.6212260928192412
0.966147715927061	-1.6212261277370326
0.99023636146855	-1.5565501751329318
0.990236331928429	-1.5565501478923498
0.9536171665859658	-1.6003625064323557
0.9534813462726832	-1.6001364189244716
0.9787567015473785	-1.642222087197622
0.9788371467540632	-1.6423560018777223
1.053889887011498	-1.5830327828880641
1.0538898881480814	-1.5830327836694549
1.016918310503074	-1.6562359354289495
1.0169183264443777	-1.656235950250863
1.0309193938786894	-1.5493603196858152
1.0309182289148138	-1.5493586108217503
0.9565625530131278	-1.5590027068206158
0.9565625385392844	-1.5590026880048802
0.9474630270769633	-1.6291039379808039
0.9474253777729569	-1.6290392802238265
1.045487730966221	-1.6419542687690885
1.0454927769281752	-1.6419620756239917
0.941079827774583	-1.5794894512332038
0.9410798024457013	-1.5794892888612506
0.9583726682491536	-1.6477620480790294
0.9583726951237158	-1.6477622040606934
0.991481916215651	-1.6634131091448197
0.9914819817401954	-1.6634135654668025
0.9365489758219148	-1.610438933588708
0.9365489385155088	-1.610438942875265
0.9693165920242002	-1.6664799878823635
0.9693544687655516	-1.6665448342214033
0.9257046381649732	-1.5918943433905846
0.9256670337044464	-1.5918301300315056
0.9321004529148876	-1.6356264691975935
0.9320587117150796	-1.6355535472658127
0.9718478316686296	-1.5281403585008202
0.9718449475639146	-1.5281359073444485
0.9310235282088616	-1.562747647682237
0.9417950428417003	-1.6525753544297592
0.9417950300747174	-1.6525754036207794
1.0768759903864897	-1.6167420449303245
1.0768776241537035	-1.6167444406064844
0.9224063167094826	-1.6186789772460448
0.922387831670579	-1.6186867904332911
1.0041674047361746	-1.684539951820816
1.007964013428042	-1.5157247389594863
1.0079640110045058	-1.5157247377094962
1.0042292356159916	-1.684643073217136
0.9515304985961366	-1.6695962522867263
0.9515767571430513	-1.669677273196671
1.0320313989579732	-1.6805913448624086
1.0320640353869934	-1.680643940115596
0.9127929241728431	-1.6018732488947895
0.912755755007658	-1.6018082328886596
0.9803338502149703	-1.6853242976686311
0.9803339007887723	-1.6853244413758088
0.9415177515430301	-1.534774380371455
0.9415078561571718	-1.5347584382639339
0.9252728659292211	-1.5531765913450466
0.9148542455864628	-1.5733396165893223
0.9148537614153472	-1.5733397040032773
0.9209325538987843	-1.6440220382643846
0.9298251220569949	-1.6598503702780796
0.9121398675401873	-1.6283713594610643
0.9112579113450187	-1.628807903974386
0.9613562225378633	-1.6867756428805802
1.0639370647555701	-1.6704850414962016
1.0639370669896153	-1.670485046445814
0.9386740346789763	-1.6756143882055705
0.9033434890114517	-1.6127043510607664
0.9031826973705541	-1.585073638090405
1.922224005501894	-1.6913056263510804
1.9222239657348352	-1.691305597191963
2.016254317743075	-1.4544435134207125
2.01625454919367	-1.454443516035761
2.0267383252760323	-1.7688585323288084
2.0267383258252862	-1.7688585330830802
2.1632458185414225	-1.5295712217751094
2.163245949624763	-1.5295714670184477
1.8180135136756235	-1.614399249281792
1.8180135128328148	-1.6143992493848183
1.8704802736420127	-1.3807142189959674
1.8704802707290444	-1.3807141026288041
2.131500461219363	-1.8469798104448176
2.1315005273675127	-1.8469798609670882
1.7141783758247033	-1.5382304946585552
1.7141783536215827	-1.5382304794384607
2.1997921656474526	-1.3735168767188675
2.311201999518341	-1.605939255000614
2.31120205059453	-1.6059389954301417
2.2115873495723575	-1.3702071891217849
1.7133261874423638	-1.786995524110768
1.7133261873538908	-1.7869955242788929
2.280417215964464	-1.8254018162527537
2.360622824468428	-1.64181867278809
1.6401986734130025	-1.71814329639191
1.640198596782973	-1.7181432236170364
1.6108102272951348	-1.4629052050576798
1.6108102265494104	-1.4629052055845544
1.567198363988986	-1.6496264811460513
1.5671983640994842	-1.6496264821933906
2.40976790278603	-1.3976787899106289
2.408712315879667	-1.3773179966543476
2.459927230739966	-1.6834037712218246
2.459927308186545	-1.683403675269948
1.5464043981442825	-1.8353429722871926
1.508027432221701	-1.388546103309545
1.5080242464838611	-1.3885499732276056
3.011510794573708	-1.48920097673657
3.01151358169082	-1.4891981722361305
3.2126063945012917	-1.550033944345839
3.2126072832803874	-1.5500333187312922
2.8116519977426364	-1.4295953218368909
2.8116600048534997	-1.4295825785495513
2.7591082157570725	-1.8411294773791953
2.759108149078646	-1.841129456124191
3.414727100979699	-1.611936382822825
3.4147274221816497	-1.6119362539509616
2.609269164251389	-1.7618378620471573
2.6092691420005716	-1.7618378943834476
2.6134164664965502	-1.3715689153589603
2.6133990706420147	-1.3714757625754928
4.025765233786361	-1.8030268830253167
4.025765254685625	-1.8030269112175121
3.82142890202182	-1.7385175167072366
3.8214288380894774	-1.7385175051259685
3.6177122340152597	-1.6747946260551954
3.6177121783405393	-1.674794642241056
4.910685670411647	-1.3601168474844547
4.910655937858297	-1.3598550024881952
5.158668909094636	-1.392279173029565
5.158613043374167	-1.3918197525129323
5.256210094965439	-1.5140022273008598
5.2460982894073345	-1.769550917472421
5.407205810603121	-1.4246699755518042
5.407456340528331	-1.4247800675920403
5.9073469416070665	-1.4907458203420105
5.907339453302724	-1.4907341331511281
6.158169181646052	-1.5243185000632098
6.158168206724437	-1.5243138377368421
5.657069430271439	-1.4575544043161888
5.657027939093382	-1.4575244128295772
6.4094657019619135	-1.558247753642847
6.409466152220275	-1.5582461875949292
6.913274694296016	-1.6271050897187278
6.9132738488149466	-1.6271052595583768
7.165700077922573	-1.6620012008487826
7.165700176429362	-1.6620014239528118
6.661183037457236	-1.592514938431898
6.661182878828217	-1.592515525791224
7.418425399515415	-1.6971880667071995
7.418426431482805	-1.697188542250805
7.92466046061836	-1.7683748789926252
7.924661362530665	-1.7683754047633462
8.178122011161225	-1.8043457298841106
8.178120570612883	-1.8043471682626777
7.671421734241254	-1.732651123879649
7.6714213735281716	-1.7326510868437912
8.431780325079773	-1.8405536339615973
8.431785624941545	-1.840549872335319
23.103774967649755	-1.3682290253310418
23.10125888108919	-1.3613393889559688
22.81371444892936	-1.3584003564526217
22.815089101026178	-1.3563888685326884
23.39032991616516	-1.3711604807918707
23.392392375117684	-1.373140704081028
23.970604308549678	-1.3867941505377548
23.972177377873617	-1.3853481805973369
24.26238437347381	-1.3933811354398746
24.262593489833606	-1.3923706196426042
23.681491441432804	-1.3792349729093596
23.68056580873533	-1.3791106107260522
25.139989134974318	-1.4137912938241226
25.14037969299308	-1.4124068912304428
24.84758417511945	-1.408201814622116
24.84602935398369	-1.4048599759023055
25.434263406169066	-1.420599596517653
25.434358834333985	-1.4187357474130204
24.554918599350692	-1.3993916308483176
24.553839463788673	-1.399707415085486
26.02583583614678	-1.4345326644659684
26.024104680059207	-1.4306105628239925
25.728775033071642	-1.4275577255731629
25.729682055208986	-1.4247848080176526
26.31644900665267	-1.433624359594147
26.32659405246711	-1.444632405488268
26.916815932721725	-1.4520707414763678
26.917930901090404	-1.4512697880709982
27.21619197469352	-1.4576462322669295
27.217186261409815	-1.4578649274501307
26.619564674753846	-1.4455908644422497
26.618412928331086	-1.4454400881899891
28.118923985124958	-1.4741471397820822
28.122390315035688	-1.4773474352763498
27.82458472492142	-1.4757986098208378
27.812027648494503	-1.4635754874483988
28.423153261480607	-1.480793617967229
28.425043146096876	-1.4818915574035758
27.5174817539316	-1.463517742208869
27.51647315570621	-1.4638590173058803
29.035063761577454	-1.493082448928364
29.03352617215637	-1.4913720168339775
28.72988682841705	-1.4869224193036366
28.727401104982945	-1.4868118444462495
29.339236380161747	-1.4951293350459707
29.34284126168133	-1.4993702932028148
29.959167240953303	-1.5087738260698609
29.958594647711763	-1.5069707057566708
30.26915553746796	-1.5122774119585507
30.27005959380322	-1.5131121721886462
29.65021828596303	-1.5024337115086013
29.648959843172406	-1.5039090484406012
30.89737386480367	-1.5231912549998545
30.892188391925902	-1.5204152429465276
31.201123065745648	-1.5247607653490973
31.219219632608656	-1.5287459194681279
30.58283388261388	-1.5172805072118425
30.58041720781987	-1.5175888121412533
31.845974464089903	-1.5340960026891666
31.84276827170988	-1.5357905393940576
32.16409259278912	-1.5406824985637935
32.163180418480096	-1.53744714817361
31.5294936837771	-1.5298383417611234
31.523618426352563	-1.531952337592877
32.48353967858019	-1.5465828417979492
32.48462817104359	-1.5394832402514969
1.0971273829654076	-2.056289248764167
1.0971275057042083	-2.056288515160231
1.0882810865991743	-2.039713486589726
1.0880341683377814	-2.0392495750045714
1.1058432510554506	-2.072619972103278
1.106088041182057	-2.0730793219571466
1.0790734934643667	-2.022460357403307
1.0790735824226108	-2.022459834769878
1.1146541448117488	-2.0891303607261418
1.1146542684848786	-2.089129750184643
1.0996728179923	-2.0401260484899555
1.0994135963228848	-2.039644685622049
1.1103092988790886	-2.059849932157262
1.110309315375646	-2.0598497646605747
1.0700307617368388	-2.0055164779727956
1.0697521132213077	-2.0049936308002874
1.0888589104274227	-2.0200727822428477
1.0888589221720726	-2.0200725585952974
1.1210201834903604	-2.0797121370810996
1.1212777852510563	-2.0801895464041174
1.1230338011862961	-2.104830944446497
1.1233166620426465	-2.1053622278556823
1.0783907392207848	-2.0006607321052083
1.0781376567489331	-2.000191586226566
1.109396515042475	-2.0350492015766655
1.1094085501193882	-2.035040341621762
1.060627545925547	-1.9878970874370625
1.060627626044335	-1.987896644375042
1.1195079426601686	-2.0535849047295405
1.1198150281564991	-2.054147627028687
1.0995114781764626	-2.0169286707233494
1.0992064721805885	-2.0163698971861095
1.1320534949570233	-2.100171892623885
1.1320536860341848	-2.10017377510996
1.130140635333519	-2.0730759044638027
1.131509189822772	-2.120711488895594
1.1315089810996828	-2.120713373509735
1.130384077381767	-2.0730266839699354
1.0895647671171205	-1.9986953701497672
1.0677663028609679	-1.980959397629519
1.0514215485235172	-1.970647142383116
1.0511736096978137	-1.9701823752354126
1.1406684552952195	-2.092374378215052
1.1409728222655702	-2.0929357375866307
1.0801763486232288	-1.9814659073272363
1.0700974871425035	-1.9750062366885794
1.0798651362072094	-1.9809225021548518
1.139482467539127	-2.1356528850477696
1.1428803177416953	-2.120249664004603
1.1397915321986416	-2.13623191023601
1.1431470829477983	-2.1207441014510735
1.0325573431194548	-1.954220598145638
1.0574865644745397	-1.961892773263336
1.0323234943041133	-1.953856490919645
1.0318198088146264	-1.9529224844492055
1.0315717094700028	-1.9522097263029243
1.1516950547690565	-2.1125894830427043
1.0306095912513162	-1.9505840351848733
1.0419211852467132	-1.9528305763938472
1.0708138820298148	-1.9642424646028558
1.138970079976274	-2.032364596427166
1.0289767816385034	-1.9475159870870313
1.1475372178188146	-2.150746393355306
1.1475393313461963	-2.1507483015072157
1.135709793740522	-2.0210242237237597
1.126196285140996	-2.005440420430788
1.0272260868501304	-1.944214560019745
1.0605498880429598	-1.952771653063173
1.1540196263093128	-2.14090612807858
1.0250716462152125	-1.9401332741866164
1.1233600796011982	-1.992566957975586
1.1135291732874213	-1.9820959310381385
1.1642894626804816	-2.1074766281659914
1.1627638019060687	-2.132861538892139
1.050881117810942	-1.941252209552497
1.0222313451442298	-1.9347515951355254
1.155046204007061	-2.164816610777955
1.1553423139503525	-2.1653702818745693
1.0333443526842707	-1.9345661630045599
1.170602674100161	-2.1149534834208197
2.006775480426751	-2.065094650395023
2.006775480565555	-2.0650946500195952
2.080313032308416	-2.1351619314719934
2.0803133050925156	-2.135162191658093
1.9332983304072209	-1.995221914146361
1.9332981400278093	-1.9952217327325337
1.8617333562666922	-2.1883597876149583
1.861733355692711	-2.1883597875884697
1.9143985208115204	-2.2475402496824213
1.9143993343750527	-2.2475411655868176
2.1539040144994233	-2.2054057997373917
2.1539040151828743	-2.2054057991530605
1.8090953827159721	-2.1292650726768487
1.809094804057222	-2.129264422863939
1.9670900045547954	-2.3068016285469914
1.9670899923277858	-2.306801627836338
1.859890188621523	-1.9255644631729887
1.8598901889388841	-1.9255644624148625
1.756486299529787	-2.0702622312296057
1.756486298180389	-2.0702622315506423
2.248936720178625	-1.977778268779658
2.2275417360781375	-2.2758096644577757
2.2275421443847163	-2.2758100539648485
2.2364662616419047	-1.9256023815089733
2.2364662600582355	-1.925602379190909
1.7666843202774882	-2.296458191506476
1.7666843172345406	-2.296458189735804
1.70390974324944	-2.0113599797199972
1.7039093199038529	-2.0113595064411043
1.727768848564534	-2.2472491711311458
1.7277668764526013	-2.2472466744659183
1.8056176442887624	-2.3457120738740413
1.8056204114437835	-2.3457155739252498
1.7865619672657047	-1.856146574297546
1.7865618427926104	-1.8561464568490003
1.688869818769599	-2.198084587148636
1.6888698123079666	-2.1980845844992865
1.6499911949034658	-2.1489709453701837
1.6499897456486659	-2.148969116980948
2.3416004334169616	-2.0046683940575156
2.341600543885157	-2.0046684786012032
1.6513678133551206	-1.9525657635664184
1.6513677825851572	-1.952565765009525
1.6111302671554084	-2.0999064155800626
2.30122186325697	-2.3463601797650013
2.3012218638289155	-2.3463601793124016
1.599501665524056	-2.0849404921167607
1.6722753366640708	-2.348804792835705
1.6425727866807867	-2.30781504653487
1.6128917879558644	-2.2668621874593042
1.5722896988228505	-2.050896122191171
1.5832264231648456	-2.225933291593682
1.5590342316732844	-2.052401079209722
3.0599206794832003	-2.001904704540763
3.0599207768814494	-2.0019047576525106
2.9093502308845913	-1.9211803277481865
2.9093502255953787	-1.9211803295281924
3.2107603182117543	-2.0832278775213053
3.2107603244166376	-2.083227880086387
2.7633361244533448	-2.3244690682257927
2.763335851378956	-2.324468858717102
3.3618214504793817	-2.1650844845237067
3.361821610538792	-2.1650845754398316
2.6577593938415576	-2.244063256943632
2.6577593939470385	-2.244063258686892
2.5522675695559545	-2.1639390033691694
2.5522673907787143	-2.1639388679499243
4.230626448354473	-1.8682534947117344
4.2306265785086845	-1.8682535130758535
3.6644637524451356	-2.3301778697765716
3.6644634964793035	-2.330177728498345
4.435932545667367	-1.9341348003220127
4.435932582094551	-1.9341347858307847
3.513066218800683	-2.2474177476266113
3.5130662177359864	-2.2474177496582506
5.053896101158121	-2.1351639754596508
5.0538964581790005	-2.1351641028825346
4.8476196951094535	-2.0676393612194786
4.847619670900487	-2.0676393603038954
5.260405629814204	-2.203145411431481
5.260405649431057	-2.2031454010232507
4.641616013004523	-2.0006140017387963
4.641615748398003	-2.000613927187809
5.4671139045384916	-2.271544753838939
5.467114424884123	-2.271544987708486
5.673993664359553	-2.3403274965705654
5.6739936510599875	-2.3403275163174837
8.939645495127765	-1.9136150815097404
8.939642582429748	-1.9136147788594726
9.193815271034412	-1.950449841236689
9.1938161462463	-1.9504500372485196
8.685628480022643	-1.8769793170852709
8.68562920374555	-1.8769777089836768
9.44813043823287	-1.9874729151352015
9.448135083938137	-1.987473454763664
9.957169311683362	-2.0620464701291428
9.95716342648364	-2.062046182725379
10.211867513455985	-2.099580300322851
10.211868500207533	-2.0995772378652444
9.702594068567425	-2.0246685958227557
9.702577293703069	-2.0246813861208857
10.466681094528733	-2.1372655387496846
10.466688797520632	-2.137263398615949
10.976660873497154	-2.213062988741943
10.976633998489527	-2.213070797587323
11.231782762781503	-2.2511733259861364
11.23179077877305	-2.251167613546717
10.7216140751197	-2.175095261177685
10.721611152595788	-2.1750969648407756
11.487023730071142	-2.2893989664942516
11.487033977497068	-2.2894029471451747
11.742374668076458	-2.327753431417792
11.742370845817993	-2.327752320166984
