-5.000000000000000000e-01 5.000000000000000000e-01
-4.989999999999999991e-01 5.010000000000000009e-01
-4.979999999999999982e-01 5.020000000000000018e-01
-4.969999999999999973e-01 5.030000000000000027e-01
-4.959999999999999964e-01 5.040000000000000036e-01
-4.949999999999999956e-01 5.050000000000000044e-01
-4.939999999999999947e-01 5.060000000000000053e-01
-4.929999999999999938e-01 5.070000000000000062e-01
-4.919999999999999929e-01 5.080000000000000071e-01
-4.909999999999999920e-01 5.090000000000000080e-01
-4.899999999999999911e-01 5.100000000000000089e-01
-4.889999999999999902e-01 5.110000000000000098e-01
-4.879999999999999893e-01 5.120000000000000107e-01
-4.869999999999999885e-01 5.130000000000000115e-01
-4.859999999999999876e-01 5.140000000000000124e-01
-4.849999999999999867e-01 5.150000000000000133e-01
-4.839999999999999858e-01 5.160000000000000142e-01
-4.829999999999999849e-01 5.170000000000000151e-01
-4.819999999999999840e-01 5.180000000000000160e-01
-4.809999999999999831e-01 5.190000000000000169e-01
-4.799999999999999822e-01 5.200000000000000178e-01
-4.789999999999999813e-01 5.210000000000000187e-01
-4.779999999999999805e-01 5.220000000000000195e-01
-4.769999999999999796e-01 5.230000000000000204e-01
-4.759999999999999787e-01 5.240000000000000213e-01
-4.749999999999999778e-01 5.250000000000000222e-01
-4.739999999999999769e-01 5.260000000000000231e-01
-4.729999999999999760e-01 5.270000000000000240e-01
-4.719999999999999751e-01 5.280000000000000249e-01
-4.709999999999999742e-01 5.290000000000000258e-01
-4.699999999999999734e-01 5.300000000000000266e-01
-4.689999999999999725e-01 5.310000000000000275e-01
-4.679999999999999716e-01 5.320000000000000284e-01
-4.669999999999999707e-01 5.330000000000000293e-01
-4.659999999999999698e-01 5.340000000000000302e-01
-4.649999999999999689e-01 5.350000000000000311e-01
-4.639999999999999680e-01 5.360000000000000320e-01
-4.629999999999999671e-01 5.370000000000000329e-01
-4.619999999999999662e-01 5.380000000000000338e-01
-4.609999999999999654e-01 5.390000000000000346e-01
-4.599999999999999645e-01 5.400000000000000355e-01
-4.589999999999999636e-01 5.410000000000000364e-01
-4.579999999999999627e-01 5.420000000000000373e-01
-4.569999999999999618e-01 5.430000000000000382e-01
-4.559999999999999609e-01 5.440000000000000391e-01
-4.549999999999999600e-01 5.450000000000000400e-01
-4.539999999999999591e-01 5.460000000000000409e-01
-4.529999999999999583e-01 5.470000000000000417e-01
-4.519999999999999574e-01 5.480000000000000426e-01
-4.509999999999999565e-01 5.490000000000000435e-01
-4.499999999999999556e-01 5.500000000000000444e-01
-4.489999999999999547e-01 5.510000000000000453e-01
-4.479999999999999538e-01 5.520000000000000462e-01
-4.469999999999999529e-01 5.530000000000000471e-01
-4.459999999999999520e-01 5.540000000000000480e-01
-4.449999999999999512e-01 5.550000000000000488e-01
-4.439999999999999503e-01 5.560000000000000497e-01
-4.429999999999999494e-01 5.570000000000000506e-01
-4.419999999999999485e-01 5.580000000000000515e-01
-4.409999999999999476e-01 5.590000000000000524e-01
-4.399999999999999467e-01 5.600000000000000533e-01
-4.389999999999999458e-01 5.610000000000000542e-01
-4.379999999999999449e-01 5.620000000000000551e-01
-4.369999999999999440e-01 5.630000000000000560e-01
-4.359999999999999432e-01 5.640000000000000568e-01
-4.349999999999999423e-01 5.650000000000000577e-01
-4.339999999999999414e-01 5.660000000000000586e-01
-4.329999999999999405e-01 5.670000000000000595e-01
-4.319999999999999396e-01 5.680000000000000604e-01
-4.309999999999999387e-01 5.690000000000000613e-01
-4.299999999999999378e-01 5.700000000000000622e-01
-4.289999999999999369e-01 5.710000000000000631e-01
-4.279999999999999361e-01 5.720000000000000639e-01
-4.269999999999999352e-01 5.730000000000000648e-01
-4.259999999999999343e-01 5.740000000000000657e-01
-4.249999999999999334e-01 5.750000000000000666e-01
-4.239999999999999325e-01 5.760000000000000675e-01
-4.229999999999999316e-01 5.770000000000000684e-01
-4.219999999999999307e-01 5.780000000000000693e-01
-4.209999999999999298e-01 5.790000000000000702e-01
-4.199999999999999289e-01 5.800000000000000711e-01
-4.189999999999999281e-01 5.810000000000000719e-01
-4.179999999999999272e-01 5.820000000000000728e-01
-4.169999999999999263e-01 5.830000000000000737e-01
-4.159999999999999254e-01 5.840000000000000746e-01
-4.149999999999999245e-01 5.850000000000000755e-01
-4.139999999999999236e-01 5.860000000000000764e-01
-4.129999999999999227e-01 5.870000000000000773e-01
-4.119999999999999218e-01 5.880000000000000782e-01
-4.109999999999999210e-01 5.890000000000000790e-01
-4.099999999999999201e-01 5.900000000000000799e-01
-4.089999999999999192e-01 5.910000000000000808e-01
-4.079999999999999183e-01 5.920000000000000817e-01
-4.069999999999999174e-01 5.930000000000000826e-01
-4.059999999999999165e-01 5.940000000000000835e-01
-4.049999999999999156e-01 5.950000000000000844e-01
-4.039999999999999147e-01 5.960000000000000853e-01
-4.029999999999999138e-01 5.970000000000000862e-01
-4.019999999999999130e-01 5.980000000000000870e-01
-4.009999999999999121e-01 5.990000000000000879e-01
-3.999999999999999112e-01 6.000000000000000888e-01
-3.989999999999999103e-01 6.010000000000000897e-01
-3.979999999999999094e-01 6.020000000000000906e-01
-3.969999999999999085e-01 6.030000000000000915e-01
-3.959999999999999076e-01 6.040000000000000924e-01
-3.949999999999999067e-01 6.050000000000000933e-01
-3.939999999999999059e-01 6.060000000000000941e-01
-3.929999999999999050e-01 6.070000000000000950e-01
-3.919999999999999041e-01 6.080000000000000959e-01
-3.909999999999999032e-01 6.090000000000000968e-01
-3.899999999999999023e-01 6.100000000000000977e-01
-3.889999999999999014e-01 6.110000000000000986e-01
-3.879999999999999005e-01 6.120000000000000995e-01
-3.869999999999998996e-01 6.130000000000001004e-01
-3.859999999999998987e-01 6.140000000000001013e-01
-3.849999999999998979e-01 6.150000000000001021e-01
-3.839999999999998970e-01 6.160000000000001030e-01
-3.829999999999998961e-01 6.170000000000001039e-01
-3.819999999999998952e-01 6.180000000000001048e-01
-3.809999999999998943e-01 6.190000000000001057e-01
-3.799999999999998934e-01 6.200000000000001066e-01
-3.789999999999998925e-01 6.210000000000001075e-01
-3.779999999999998916e-01 6.220000000000001084e-01
-3.769999999999998908e-01 6.230000000000001092e-01
-3.759999999999998899e-01 6.240000000000001101e-01
-3.749999999999998890e-01 6.250000000000001110e-01
-3.739999999999998881e-01 6.260000000000001119e-01
-3.729999999999998872e-01 6.270000000000001128e-01
-3.719999999999998863e-01 6.280000000000001137e-01
-3.709999999999998854e-01 6.290000000000001146e-01
-3.699999999999998845e-01 6.300000000000001155e-01
-3.689999999999998836e-01 6.310000000000001164e-01
-3.679999999999998828e-01 6.320000000000001172e-01
-3.669999999999998819e-01 6.330000000000001181e-01
-3.659999999999998810e-01 6.340000000000001190e-01
-3.649999999999998801e-01 6.350000000000001199e-01
-3.639999999999998792e-01 6.360000000000001208e-01
-3.629999999999998783e-01 6.370000000000001217e-01
-3.619999999999998774e-01 6.380000000000001226e-01
-3.609999999999998765e-01 6.390000000000001235e-01
-3.599999999999998757e-01 6.400000000000001243e-01
-3.589999999999998748e-01 6.410000000000001252e-01
-3.579999999999998739e-01 6.420000000000001261e-01
-3.569999999999998730e-01 6.430000000000001270e-01
-3.559999999999998721e-01 6.440000000000001279e-01
-3.549999999999998712e-01 6.450000000000001288e-01
-3.539999999999998703e-01 6.460000000000001297e-01
-3.529999999999998694e-01 6.470000000000001306e-01
-3.519999999999998685e-01 6.480000000000001315e-01
-3.509999999999998677e-01 6.490000000000001323e-01
-3.499999999999998668e-01 6.500000000000001332e-01
-3.489999999999998659e-01 6.510000000000001341e-01
-3.479999999999998650e-01 6.520000000000001350e-01
-3.469999999999998641e-01 6.530000000000001359e-01
-3.459999999999998632e-01 6.540000000000001368e-01
-3.449999999999998623e-01 6.550000000000001377e-01
-3.439999999999998614e-01 6.560000000000001386e-01
-3.429999999999998606e-01 6.570000000000001394e-01
-3.419999999999998597e-01 6.580000000000001403e-01
-3.409999999999998588e-01 6.590000000000001412e-01
-3.399999999999998579e-01 6.600000000000001421e-01
-3.389999999999998570e-01 6.610000000000001430e-01
-3.379999999999998561e-01 6.620000000000001439e-01
-3.369999999999998552e-01 6.630000000000001448e-01
-3.359999999999998543e-01 6.640000000000001457e-01
-3.349999999999998535e-01 6.650000000000001465e-01
-3.339999999999998526e-01 6.660000000000001474e-01
-3.329999999999998517e-01 6.670000000000001483e-01
-3.319999999999998508e-01 6.680000000000001492e-01
-3.309999999999998499e-01 6.690000000000001501e-01
-3.299999999999998490e-01 6.700000000000001510e-01
-3.289999999999998481e-01 6.710000000000001519e-01
-3.279999999999998472e-01 6.720000000000001528e-01
-3.269999999999998463e-01 6.730000000000001537e-01
-3.259999999999998455e-01 6.740000000000001545e-01
-3.249999999999998446e-01 6.750000000000001554e-01
-3.239999999999998437e-01 6.760000000000001563e-01
-3.229999999999998428e-01 6.770000000000001572e-01
-3.219999999999998419e-01 6.780000000000001581e-01
-3.209999999999998410e-01 6.790000000000001590e-01
-3.199999999999998401e-01 6.800000000000001599e-01
-3.189999999999998392e-01 6.810000000000001608e-01
-3.179999999999998384e-01 6.820000000000001616e-01
-3.169999999999998375e-01 6.830000000000001625e-01
-3.159999999999998366e-01 6.840000000000001634e-01
-3.149999999999998357e-01 6.850000000000001643e-01
-3.139999999999998348e-01 6.860000000000001652e-01
-3.129999999999998339e-01 6.870000000000001661e-01
-3.119999999999998330e-01 6.880000000000001670e-01
-3.109999999999998321e-01 6.890000000000001679e-01
-3.099999999999998312e-01 6.900000000000001688e-01
-3.089999999999998304e-01 6.910000000000001696e-01
-3.079999999999998295e-01 6.920000000000001705e-01
-3.069999999999998286e-01 6.930000000000001714e-01
-3.059999999999998277e-01 6.940000000000001723e-01
-3.049999999999998268e-01 6.950000000000001732e-01
-3.039999999999998259e-01 6.960000000000001741e-01
-3.029999999999998250e-01 6.970000000000001750e-01
-3.019999999999998241e-01 6.980000000000001759e-01
-3.009999999999998233e-01 6.990000000000001767e-01
-2.999999999999998224e-01 7.000000000000001776e-01
-2.989999999999998215e-01 7.010000000000001785e-01
-2.979999999999998206e-01 7.020000000000001794e-01
-2.969999999999998197e-01 7.030000000000001803e-01
-2.959999999999998188e-01 7.040000000000001812e-01
-2.949999999999998179e-01 7.050000000000001821e-01
-2.939999999999998170e-01 7.060000000000001830e-01
-2.929999999999998161e-01 7.070000000000001839e-01
-2.919999999999998153e-01 7.080000000000001847e-01
-2.909999999999998144e-01 7.090000000000001856e-01
-2.899999999999998135e-01 7.100000000000001865e-01
-2.889999999999998126e-01 7.110000000000001874e-01
-2.879999999999998117e-01 7.120000000000001883e-01
-2.869999999999998108e-01 7.130000000000001892e-01
-2.859999999999998099e-01 7.140000000000001901e-01
-2.849999999999998090e-01 7.150000000000001910e-01
-2.839999999999998082e-01 7.160000000000001918e-01
-2.829999999999998073e-01 7.170000000000001927e-01
-2.819999999999998064e-01 7.180000000000001936e-01
-2.809999999999998055e-01 7.190000000000001945e-01
-2.799999999999998046e-01 7.200000000000001954e-01
-2.789999999999998037e-01 7.210000000000001963e-01
-2.779999999999998028e-01 7.220000000000001972e-01
-2.769999999999998019e-01 7.230000000000001981e-01
-2.759999999999998010e-01 7.240000000000001990e-01
-2.749999999999998002e-01 7.250000000000001998e-01
-2.739999999999997993e-01 7.260000000000002007e-01
-2.729999999999997984e-01 7.270000000000002016e-01
-2.719999999999997975e-01 7.280000000000002025e-01
-2.709999999999997966e-01 7.290000000000002034e-01
-2.699999999999997957e-01 7.300000000000002043e-01
-2.689999999999997948e-01 7.310000000000002052e-01
-2.679999999999997939e-01 7.320000000000002061e-01
-2.669999999999997931e-01 7.330000000000002069e-01
-2.659999999999997922e-01 7.340000000000002078e-01
-2.649999999999997913e-01 7.350000000000002087e-01
-2.639999999999997904e-01 7.360000000000002096e-01
-2.629999999999997895e-01 7.370000000000002105e-01
-2.619999999999997886e-01 7.380000000000002114e-01
-2.609999999999997877e-01 7.390000000000002123e-01
-2.599999999999997868e-01 7.400000000000002132e-01
-2.589999999999997859e-01 7.410000000000002141e-01
-2.579999999999997851e-01 7.420000000000002149e-01
-2.569999999999997842e-01 7.430000000000002158e-01
-2.559999999999997833e-01 7.440000000000002167e-01
-2.549999999999997824e-01 7.450000000000002176e-01
-2.539999999999997815e-01 7.460000000000002185e-01
-2.529999999999997806e-01 7.470000000000002194e-01
-2.519999999999997797e-01 7.480000000000002203e-01
-2.509999999999997788e-01 7.490000000000002212e-01
-2.499999999999997780e-01 7.500000000000002220e-01
-2.489999999999997771e-01 7.510000000000002229e-01
-2.479999999999997762e-01 7.520000000000002238e-01
-2.469999999999997753e-01 7.530000000000002247e-01
-2.459999999999997744e-01 7.540000000000002256e-01
-2.449999999999997735e-01 7.550000000000002265e-01
-2.439999999999997726e-01 7.560000000000002274e-01
-2.429999999999997717e-01 7.570000000000002283e-01
-2.419999999999997708e-01 7.580000000000002292e-01
-2.409999999999997700e-01 7.590000000000002300e-01
-2.399999999999997691e-01 7.600000000000002309e-01
-2.389999999999997682e-01 7.610000000000002318e-01
-2.379999999999997673e-01 7.620000000000002327e-01
-2.369999999999997664e-01 7.630000000000002336e-01
-2.359999999999997655e-01 7.640000000000002345e-01
-2.349999999999997646e-01 7.650000000000002354e-01
-2.339999999999997637e-01 7.660000000000002363e-01
-2.329999999999997629e-01 7.670000000000002371e-01
-2.319999999999997620e-01 7.680000000000002380e-01
-2.309999999999997611e-01 7.690000000000002389e-01
-2.299999999999997602e-01 7.700000000000002398e-01
-2.289999999999997593e-01 7.710000000000002407e-01
-2.279999999999997584e-01 7.720000000000002416e-01
-2.269999999999997575e-01 7.730000000000002425e-01
-2.259999999999997566e-01 7.740000000000002434e-01
-2.249999999999997558e-01 7.750000000000002442e-01
-2.239999999999997549e-01 7.760000000000002451e-01
-2.229999999999997540e-01 7.770000000000002460e-01
-2.219999999999997531e-01 7.780000000000002469e-01
-2.209999999999997522e-01 7.790000000000002478e-01
-2.199999999999997513e-01 7.800000000000002487e-01
-2.189999999999997504e-01 7.810000000000002496e-01
-2.179999999999997495e-01 7.820000000000002505e-01
-2.169999999999997486e-01 7.830000000000002514e-01
-2.159999999999997478e-01 7.840000000000002522e-01
-2.149999999999997469e-01 7.850000000000002531e-01
-2.139999999999997460e-01 7.860000000000002540e-01
-2.129999999999997451e-01 7.870000000000002549e-01
-2.119999999999997442e-01 7.880000000000002558e-01
-2.109999999999997433e-01 7.890000000000002567e-01
-2.099999999999997424e-01 7.900000000000002576e-01
-2.089999999999997415e-01 7.910000000000002585e-01
-2.079999999999997407e-01 7.920000000000002593e-01
-2.069999999999997398e-01 7.930000000000002602e-01
-2.059999999999997389e-01 7.940000000000002611e-01
-2.049999999999997380e-01 7.950000000000002620e-01
-2.039999999999997371e-01 7.960000000000002629e-01
-2.029999999999997362e-01 7.970000000000002638e-01
-2.019999999999997353e-01 7.980000000000002647e-01
-2.009999999999997344e-01 7.990000000000002656e-01
-1.999999999999997335e-01 8.000000000000002665e-01
-1.989999999999997327e-01 8.010000000000002673e-01
-1.979999999999997318e-01 8.020000000000002682e-01
-1.969999999999997309e-01 8.030000000000002691e-01
-1.959999999999997300e-01 8.040000000000002700e-01
-1.949999999999997291e-01 8.050000000000002709e-01
-1.939999999999997282e-01 8.060000000000002718e-01
-1.929999999999997273e-01 8.070000000000002727e-01
-1.919999999999997264e-01 8.080000000000002736e-01
-1.909999999999997256e-01 8.090000000000002744e-01
-1.899999999999997247e-01 8.100000000000002753e-01
-1.889999999999997238e-01 8.110000000000002762e-01
-1.879999999999997229e-01 8.120000000000002771e-01
-1.869999999999997220e-01 8.130000000000002780e-01
-1.859999999999997211e-01 8.140000000000002789e-01
-1.849999999999997202e-01 8.150000000000002798e-01
-1.839999999999997193e-01 8.160000000000002807e-01
-1.829999999999997184e-01 8.170000000000002816e-01
-1.819999999999997176e-01 8.180000000000002824e-01
-1.809999999999997167e-01 8.190000000000002833e-01
-1.799999999999997158e-01 8.200000000000002842e-01
-1.789999999999997149e-01 8.210000000000002851e-01
-1.779999999999997140e-01 8.220000000000002860e-01
-1.769999999999997131e-01 8.230000000000002869e-01
-1.759999999999997122e-01 8.240000000000002878e-01
-1.749999999999997113e-01 8.250000000000002887e-01
-1.739999999999997105e-01 8.260000000000002895e-01
-1.729999999999997096e-01 8.270000000000002904e-01
-1.719999999999997087e-01 8.280000000000002913e-01
-1.709999999999997078e-01 8.290000000000002922e-01
-1.699999999999997069e-01 8.300000000000002931e-01
-1.689999999999997060e-01 8.310000000000002940e-01
-1.679999999999997051e-01 8.320000000000002949e-01
-1.669999999999997042e-01 8.330000000000002958e-01
-1.659999999999997033e-01 8.340000000000002967e-01
-1.649999999999997025e-01 8.350000000000002975e-01
-1.639999999999997016e-01 8.360000000000002984e-01
-1.629999999999997007e-01 8.370000000000002993e-01
-1.619999999999996998e-01 8.380000000000003002e-01
-1.609999999999996989e-01 8.390000000000003011e-01
-1.599999999999996980e-01 8.400000000000003020e-01
-1.589999999999996971e-01 8.410000000000003029e-01
-1.579999999999996962e-01 8.420000000000003038e-01
-1.569999999999996954e-01 8.430000000000003046e-01
-1.559999999999996945e-01 8.440000000000003055e-01
-1.549999999999996936e-01 8.450000000000003064e-01
-1.539999999999996927e-01 8.460000000000003073e-01
-1.529999999999996918e-01 8.470000000000003082e-01
-1.519999999999996909e-01 8.480000000000003091e-01
-1.509999999999996900e-01 8.490000000000003100e-01
-1.499999999999996891e-01 8.500000000000003109e-01
-1.489999999999996882e-01 8.510000000000003118e-01
-1.479999999999996874e-01 8.520000000000003126e-01
-1.469999999999996865e-01 8.530000000000003135e-01
-1.459999999999996856e-01 8.540000000000003144e-01
-1.449999999999996847e-01 8.550000000000003153e-01
-1.439999999999996838e-01 8.560000000000003162e-01
-1.429999999999996829e-01 8.570000000000003171e-01
-1.419999999999996820e-01 8.580000000000003180e-01
-1.409999999999996811e-01 8.590000000000003189e-01
-1.399999999999996803e-01 8.600000000000003197e-01
-1.389999999999996794e-01 8.610000000000003206e-01
-1.379999999999996785e-01 8.620000000000003215e-01
-1.369999999999996776e-01 8.630000000000003224e-01
-1.359999999999996767e-01 8.640000000000003233e-01
-1.349999999999996758e-01 8.650000000000003242e-01
-1.339999999999996749e-01 8.660000000000003251e-01
-1.329999999999996740e-01 8.670000000000003260e-01
-1.319999999999996732e-01 8.680000000000003268e-01
-1.309999999999996723e-01 8.690000000000003277e-01
-1.299999999999996714e-01 8.700000000000003286e-01
-1.289999999999996705e-01 8.710000000000003295e-01
-1.279999999999996696e-01 8.720000000000003304e-01
-1.269999999999996687e-01 8.730000000000003313e-01
-1.259999999999996678e-01 8.740000000000003322e-01
-1.249999999999996669e-01 8.750000000000003331e-01
-1.239999999999996660e-01 8.760000000000003340e-01
-1.229999999999996652e-01 8.770000000000003348e-01
-1.219999999999996643e-01 8.780000000000003357e-01
-1.209999999999996634e-01 8.790000000000003366e-01
-1.199999999999996625e-01 8.800000000000003375e-01
-1.189999999999996616e-01 8.810000000000003384e-01
-1.179999999999996607e-01 8.820000000000003393e-01
-1.169999999999996598e-01 8.830000000000003402e-01
-1.159999999999996589e-01 8.840000000000003411e-01
-1.149999999999996581e-01 8.850000000000003419e-01
-1.139999999999996572e-01 8.860000000000003428e-01
-1.129999999999996563e-01 8.870000000000003437e-01
-1.119999999999996554e-01 8.880000000000003446e-01
-1.109999999999996545e-01 8.890000000000003455e-01
-1.099999999999996536e-01 8.900000000000003464e-01
-1.089999999999996527e-01 8.910000000000003473e-01
-1.079999999999996518e-01 8.920000000000003482e-01
-1.069999999999996509e-01 8.930000000000003491e-01
-1.059999999999996501e-01 8.940000000000003499e-01
-1.049999999999996492e-01 8.950000000000003508e-01
-1.039999999999996483e-01 8.960000000000003517e-01
-1.029999999999996474e-01 8.970000000000003526e-01
-1.019999999999996465e-01 8.980000000000003535e-01
-1.009999999999996456e-01 8.990000000000003544e-01
-9.999999999999964473e-02 9.000000000000003553e-01
-9.899999999999964384e-02 9.010000000000003562e-01
-9.799999999999964295e-02 9.020000000000003570e-01
-9.699999999999964206e-02 9.030000000000003579e-01
-9.599999999999964118e-02 9.040000000000003588e-01
-9.499999999999964029e-02 9.050000000000003597e-01
-9.399999999999963940e-02 9.060000000000003606e-01
-9.299999999999963851e-02 9.070000000000003615e-01
-9.199999999999963762e-02 9.080000000000003624e-01
-9.099999999999963674e-02 9.090000000000003633e-01
-8.999999999999963585e-02 9.100000000000003642e-01
-8.899999999999963496e-02 9.110000000000003650e-01
-8.799999999999963407e-02 9.120000000000003659e-01
-8.699999999999963318e-02 9.130000000000003668e-01
-8.599999999999963229e-02 9.140000000000003677e-01
-8.499999999999963141e-02 9.150000000000003686e-01
-8.399999999999963052e-02 9.160000000000003695e-01
-8.299999999999962963e-02 9.170000000000003704e-01
-8.199999999999962874e-02 9.180000000000003713e-01
-8.099999999999962785e-02 9.190000000000003721e-01
-7.999999999999962697e-02 9.200000000000003730e-01
-7.899999999999962608e-02 9.210000000000003739e-01
-7.799999999999962519e-02 9.220000000000003748e-01
-7.699999999999962430e-02 9.230000000000003757e-01
-7.599999999999962341e-02 9.240000000000003766e-01
-7.499999999999962252e-02 9.250000000000003775e-01
-7.399999999999962164e-02 9.260000000000003784e-01
-7.299999999999962075e-02 9.270000000000003793e-01
-7.199999999999961986e-02 9.280000000000003801e-01
-7.099999999999961897e-02 9.290000000000003810e-01
-6.999999999999961808e-02 9.300000000000003819e-01
-6.899999999999961720e-02 9.310000000000003828e-01
-6.799999999999961631e-02 9.320000000000003837e-01
-6.699999999999961542e-02 9.330000000000003846e-01
-6.599999999999961453e-02 9.340000000000003855e-01
-6.499999999999961364e-02 9.350000000000003864e-01
-6.399999999999961275e-02 9.360000000000003872e-01
-6.299999999999961187e-02 9.370000000000003881e-01
-6.199999999999961098e-02 9.380000000000003890e-01
-6.099999999999961009e-02 9.390000000000003899e-01
-5.999999999999960920e-02 9.400000000000003908e-01
-5.899999999999960831e-02 9.410000000000003917e-01
-5.799999999999960743e-02 9.420000000000003926e-01
-5.699999999999960654e-02 9.430000000000003935e-01
-5.599999999999960565e-02 9.440000000000003944e-01
-5.499999999999960476e-02 9.450000000000003952e-01
-5.399999999999960387e-02 9.460000000000003961e-01
-5.299999999999960298e-02 9.470000000000003970e-01
-5.199999999999960210e-02 9.480000000000003979e-01
-5.099999999999960121e-02 9.490000000000003988e-01
-4.999999999999960032e-02 9.500000000000003997e-01
-4.899999999999959943e-02 9.510000000000004006e-01
-4.799999999999959854e-02 9.520000000000004015e-01
-4.699999999999959766e-02 9.530000000000004023e-01
-4.599999999999959677e-02 9.540000000000004032e-01
-4.499999999999959588e-02 9.550000000000004041e-01
-4.399999999999959499e-02 9.560000000000004050e-01
-4.299999999999959410e-02 9.570000000000004059e-01
-4.199999999999959321e-02 9.580000000000004068e-01
-4.099999999999959233e-02 9.590000000000004077e-01
-3.999999999999959144e-02 9.600000000000004086e-01
-3.899999999999959055e-02 9.610000000000004095e-01
-3.799999999999958966e-02 9.620000000000004103e-01
-3.699999999999958877e-02 9.630000000000004112e-01
-3.599999999999958789e-02 9.640000000000004121e-01
-3.499999999999958700e-02 9.650000000000004130e-01
-3.399999999999958611e-02 9.660000000000004139e-01
-3.299999999999958522e-02 9.670000000000004148e-01
-3.199999999999958433e-02 9.680000000000004157e-01
-3.099999999999958344e-02 9.690000000000004166e-01
-2.999999999999958256e-02 9.700000000000004174e-01
-2.899999999999958167e-02 9.710000000000004183e-01
-2.799999999999958078e-02 9.720000000000004192e-01
-2.699999999999957989e-02 9.730000000000004201e-01
-2.599999999999957900e-02 9.740000000000004210e-01
-2.499999999999957812e-02 9.750000000000004219e-01
-2.399999999999957723e-02 9.760000000000004228e-01
-2.299999999999957634e-02 9.770000000000004237e-01
-2.199999999999957545e-02 9.780000000000004245e-01
-2.099999999999957456e-02 9.790000000000004254e-01
-1.999999999999957367e-02 9.800000000000004263e-01
-1.899999999999957279e-02 9.810000000000004272e-01
-1.799999999999957190e-02 9.820000000000004281e-01
-1.699999999999957101e-02 9.830000000000004290e-01
-1.599999999999957012e-02 9.840000000000004299e-01
-1.499999999999956923e-02 9.850000000000004308e-01
-1.399999999999956835e-02 9.860000000000004317e-01
-1.299999999999956746e-02 9.870000000000004325e-01
-1.199999999999956657e-02 9.880000000000004334e-01
-1.099999999999956568e-02 9.890000000000004343e-01
-9.999999999999564793e-03 9.900000000000004352e-01
-8.999999999999563904e-03 9.910000000000004361e-01
-7.999999999999563016e-03 9.920000000000004370e-01
-6.999999999999562128e-03 9.930000000000004379e-01
-5.999999999999561240e-03 9.940000000000004388e-01
-4.999999999999560352e-03 9.950000000000004396e-01
-3.999999999999559464e-03 9.960000000000004405e-01
-2.999999999999558575e-03 9.970000000000004414e-01
-1.999999999999557687e-03 9.980000000000004423e-01
-9.999999999995567990e-04 9.990000000000004432e-01
4.440892098500626162e-16 9.999999999999991118e-01
1.000000000000333955e-03 9.980005010018776490e-01
2.000000000000445866e-03 9.960020080301034140e-01
3.000000000000557776e-03 9.940045271526672943e-01
4.000000000000447642e-03 9.920080644833478845e-01
5.000000000000337508e-03 9.900126261821101670e-01
6.000000000000449418e-03 9.880182184555091895e-01
7.000000000000561329e-03 9.860248475570977389e-01
8.000000000000451195e-03 9.840325197878361241e-01
9.000000000000341061e-03 9.820412414965059567e-01
1.000000000000045297e-02 9.800510190801283716e-01
1.100000000000056488e-02 9.780618589843884658e-01
1.200000000000045475e-02 9.760737677040595139e-01
1.300000000000034461e-02 9.740867517834326250e-01
1.400000000000045652e-02 9.721008178167520608e-01
1.500000000000056843e-02 9.701159724486541069e-01
1.600000000000045830e-02 9.681322223746083866e-01
1.700000000000034817e-02 9.661495743413639481e-01
1.800000000000046008e-02 9.641680351474001265e-01
1.900000000000057199e-02 9.621876116433830672e-01
2.000000000000046185e-02 9.602083107326233602e-01
2.100000000000035172e-02 9.582301393715387805e-01
2.200000000000046363e-02 9.562531045701228027e-01
2.300000000000057554e-02 9.542772133924176670e-01
2.400000000000046541e-02 9.523024729569897762e-01
2.500000000000035527e-02 9.503288904374098678e-01
2.600000000000046718e-02 9.483564730627394024e-01
2.700000000000057909e-02 9.463852281180205051e-01
2.800000000000046896e-02 9.444151629447709029e-01
2.900000000000035882e-02 9.424462849414807497e-01
3.000000000000047073e-02 9.404786015641176666e-01
3.100000000000058265e-02 9.385121203266358902e-01
3.200000000000047251e-02 9.365468488014885295e-01
3.300000000000036238e-02 9.345827946201442638e-01
3.400000000000047429e-02 9.326199654736103684e-01
3.500000000000058620e-02 9.306583691129617364e-01
3.600000000000047606e-02 9.286980133498715650e-01
3.700000000000036593e-02 9.267389060571475934e-01
3.800000000000047784e-02 9.247810551692753345e-01
3.900000000000058975e-02 9.228244686829656374e-01
4.000000000000047962e-02 9.208691546577061349e-01
4.100000000000036948e-02 9.189151212163170213e-01
4.200000000000048139e-02 9.169623765455147124e-01
4.300000000000059330e-02 9.150109288964792809e-01
4.400000000000048317e-02 9.130607865854267757e-01
4.500000000000037303e-02 9.111119579941856506e-01
4.600000000000048495e-02 9.091644515707806296e-01
4.700000000000059686e-02 9.072182758300220140e-01
4.800000000000048672e-02 9.052734393540983193e-01
4.900000000000037659e-02 9.033299507931742411e-01
5.000000000000048850e-02 9.013878188659963930e-01
5.100000000000060041e-02 8.994470523605032630e-01
5.200000000000049027e-02 8.975076601344404992e-01
5.300000000000038014e-02 8.955696511159803030e-01
5.400000000000049205e-02 8.936330343043492608e-01
5.500000000000060396e-02 8.916978187704609482e-01
5.600000000000049383e-02 8.897640136575530878e-01
5.700000000000038369e-02 8.878316281818297018e-01
5.800000000000049560e-02 8.859006716331115916e-01
5.900000000000060751e-02 8.839711533754921469e-01
6.000000000000049738e-02 8.820430828479969287e-01
6.100000000000038725e-02 8.801164695652494707e-01
6.200000000000049916e-02 8.781913231181450730e-01
6.300000000000061107e-02 8.762676531745297037e-01
6.400000000000050093e-02 8.743454694798836746e-01
6.500000000000039080e-02 8.724247818580114222e-01
6.600000000000050271e-02 8.705056002117380620e-01
6.700000000000061462e-02 8.685879345236139359e-01
6.800000000000050449e-02 8.666717948566218244e-01
6.900000000000039435e-02 8.647571913548904865e-01
7.000000000000050626e-02 8.628441342444175266e-01
7.100000000000061817e-02 8.609326338337965900e-01
7.200000000000050804e-02 8.590227005149505546e-01
7.300000000000039790e-02 8.571143447638702728e-01
7.400000000000050981e-02 8.552075771413618632e-01
7.500000000000062172e-02 8.533024082937994415e-01
7.600000000000051159e-02 8.513988489538838467e-01
7.700000000000040146e-02 8.494969099414068081e-01
7.800000000000051337e-02 8.475966021640237713e-01
7.900000000000062528e-02 8.456979366180326085e-01
8.000000000000051514e-02 8.438009243891584354e-01
8.100000000000040501e-02 8.419055766533434237e-01
8.200000000000051692e-02 8.400119046775458287e-01
8.300000000000062883e-02 8.381199198205456780e-01
8.400000000000051870e-02 8.362296335337551234e-01
8.500000000000040856e-02 8.343410573620350101e-01
8.600000000000052047e-02 8.324542029445213265e-01
8.700000000000063238e-02 8.305690820154564280e-01
8.800000000000052225e-02 8.286857064050268118e-01
8.900000000000041211e-02 8.268040880402072190e-01
9.000000000000052403e-02 8.249242389456127311e-01
9.100000000000063594e-02 8.230461712443586375e-01
9.200000000000052580e-02 8.211698971589243001e-01
9.300000000000041567e-02 8.192954290120254557e-01
9.400000000000052758e-02 8.174227792274927351e-01
9.500000000000063949e-02 8.155519603311600640e-01
9.600000000000052935e-02 8.136829849517552837e-01
9.700000000000041922e-02 8.118158658217999868e-01
9.800000000000053113e-02 8.099506157785166804e-01
9.900000000000064304e-02 8.080872477647436103e-01
1.000000000000005329e-01 8.062257748298539139e-01
1.010000000000004228e-01 8.043662101306834344e-01
1.020000000000005347e-01 8.025085669324648618e-01
1.030000000000006466e-01 8.006528586097710898e-01
1.040000000000005365e-01 7.987990986474624577e-01
1.050000000000004263e-01 7.969473006416413208e-01
1.060000000000005382e-01 7.950974783006159452e-01
1.070000000000006501e-01 7.932496454458697333e-01
1.080000000000005400e-01 7.914038160130379973e-01
1.090000000000004299e-01 7.895600040528893970e-01
1.100000000000005418e-01 7.877182237323181457e-01
1.110000000000006537e-01 7.858784893353412127e-01
1.120000000000005436e-01 7.840408152641024087e-01
1.130000000000004334e-01 7.822052160398821341e-01
1.140000000000005453e-01 7.803717063041165636e-01
1.150000000000006573e-01 7.785403008194232699e-01
1.160000000000005471e-01 7.767110144706320662e-01
1.170000000000004370e-01 7.748838622658228426e-01
1.180000000000005489e-01 7.730588593373718398e-01
1.190000000000006608e-01 7.712360209430042524e-01
1.200000000000005507e-01 7.694153624668527147e-01
1.210000000000004405e-01 7.675968994205218943e-01
1.220000000000005524e-01 7.657806474441610778e-01
1.230000000000006644e-01 7.639666223075444185e-01
1.240000000000005542e-01 7.621548399111551797e-01
1.250000000000004441e-01 7.603453162872766402e-01
1.260000000000005560e-01 7.585380676010917700e-01
1.270000000000006679e-01 7.567331101517880132e-01
1.280000000000005578e-01 7.549304603736680663e-01
1.290000000000004476e-01 7.531301348372662074e-01
1.300000000000005596e-01 7.513321502504723970e-01
1.310000000000006715e-01 7.495365234596631510e-01
1.320000000000005613e-01 7.477432714508359668e-01
1.330000000000004512e-01 7.459524113507501886e-01
1.340000000000005631e-01 7.441639604280756437e-01
1.350000000000006750e-01 7.423779360945462757e-01
1.360000000000005649e-01 7.405943559061185510e-01
1.370000000000004547e-01 7.388132375641348615e-01
1.380000000000005667e-01 7.370345989164949208e-01
1.390000000000006786e-01 7.352584579588311575e-01
1.400000000000005684e-01 7.334848328356888825e-01
1.410000000000004583e-01 7.317137418417114514e-01
1.420000000000005702e-01 7.299452034228313124e-01
1.430000000000006821e-01 7.281792361774663824e-01
1.440000000000005720e-01 7.264158588577196429e-01
1.450000000000004619e-01 7.246550903705837321e-01
1.460000000000005738e-01 7.228969497791497556e-01
1.470000000000006857e-01 7.211414563038227588e-01
1.480000000000005755e-01 7.193886293235378648e-01
1.490000000000004654e-01 7.176384883769814094e-01
1.500000000000005773e-01 7.158910531638166264e-01
1.510000000000006892e-01 7.141463435459137754e-01
1.520000000000005791e-01 7.124043795485809349e-01
1.530000000000004690e-01 7.106651813617991253e-01
1.540000000000005809e-01 7.089287693414610958e-01
1.550000000000006928e-01 7.071951640106133308e-01
1.560000000000005826e-01 7.054643860606987227e-01
1.570000000000004725e-01 7.037364563528016870e-01
1.580000000000005844e-01 7.020113959188971631e-01
1.590000000000006963e-01 7.002892259631003924e-01
1.600000000000005862e-01 6.985699678629182507e-01
1.610000000000004761e-01 6.968536431705002476e-01
1.620000000000005880e-01 6.951402736138934113e-01
1.630000000000006999e-01 6.934298810982970629e-01
1.640000000000005898e-01 6.917224877073164802e-01
1.650000000000004796e-01 6.900181157042174496e-01
1.660000000000005915e-01 6.883167875331812624e-01
1.670000000000007034e-01 6.866185258205594888e-01
1.680000000000005933e-01 6.849233533761267534e-01
1.690000000000004832e-01 6.832312931943317347e-01
1.700000000000005951e-01 6.815423684555484973e-01
1.710000000000007070e-01 6.798566025273258262e-01
1.720000000000005969e-01 6.781740189656328965e-01
1.730000000000004867e-01 6.764946415161017246e-01
1.740000000000005986e-01 6.748184941152685079e-01
1.750000000000007105e-01 6.731456008918118572e-01
1.760000000000006004e-01 6.714759861677844777e-01
1.770000000000004903e-01 6.698096744598415198e-01
1.780000000000006022e-01 6.681466904804652662e-01
1.790000000000007141e-01 6.664870591391841570e-01
1.800000000000006040e-01 6.648308055437854858e-01
1.810000000000004938e-01 6.631779550015206581e-01
1.820000000000006057e-01 6.615285330203064529e-01
1.830000000000007176e-01 6.598825653099181787e-01
1.840000000000006075e-01 6.582400777831737271e-01
1.850000000000004974e-01 6.566010965571097424e-01
1.860000000000006093e-01 6.549656479541493548e-01
1.870000000000007212e-01 6.533337585032618078e-01
1.880000000000006111e-01 6.517054549411096520e-01
1.890000000000005009e-01 6.500807642131852804e-01
1.900000000000006128e-01 6.484597134749380265e-01
1.910000000000007248e-01 6.468423300928893838e-01
1.920000000000006146e-01 6.452286416457337914e-01
1.930000000000005045e-01 6.436186759254263201e-01
1.940000000000006164e-01 6.420124609382583669e-01
1.950000000000007283e-01 6.404100249059180294e-01
1.960000000000006182e-01 6.388113962665340484e-01
1.970000000000005080e-01 6.372166036757037633e-01
1.980000000000006199e-01 6.356256760075058576e-01
1.990000000000007319e-01 6.340386423554943418e-01
2.000000000000006217e-01 6.324555320336748832e-01
2.010000000000005116e-01 6.308763745774594867e-01
2.020000000000006235e-01 6.293011997446046335e-01
2.030000000000007354e-01 6.277300375161272150e-01
2.040000000000006253e-01 6.261629180971983732e-01
2.050000000000005151e-01 6.245998719180135828e-01
2.060000000000006271e-01 6.230409296346418602e-01
2.070000000000007390e-01 6.214861221298497718e-01
2.080000000000006288e-01 6.199354805138989066e-01
2.090000000000005187e-01 6.183890361253172596e-01
2.100000000000006306e-01 6.168468205316444131e-01
2.110000000000007425e-01 6.153088655301486298e-01
2.120000000000006324e-01 6.137752031485133042e-01
2.130000000000005222e-01 6.122458656454929926e-01
2.140000000000006342e-01 6.107208855115393575e-01
2.150000000000007461e-01 6.092002954693953587e-01
2.160000000000006359e-01 6.076841284746532512e-01
2.170000000000005258e-01 6.061724177162789440e-01
2.180000000000006377e-01 6.046651966171021630e-01
2.190000000000007496e-01 6.031624988342683125e-01
2.200000000000006395e-01 6.016643582596520323e-01
2.210000000000005294e-01 6.001708090202313439e-01
2.220000000000006413e-01 5.986818854784223820e-01
2.230000000000007532e-01 5.971976222323718275e-01
2.240000000000006430e-01 5.957180541162059306e-01
2.250000000000005329e-01 5.942432162002349028e-01
2.260000000000006448e-01 5.927731437911124557e-01
2.270000000000007567e-01 5.913078724319494883e-01
2.280000000000006466e-01 5.898474379023773695e-01
2.290000000000005365e-01 5.883918762185615936e-01
2.300000000000006484e-01 5.869412236331665866e-01
2.310000000000007603e-01 5.854955166352674434e-01
2.320000000000006501e-01 5.840547919502064866e-01
2.330000000000005400e-01 5.826190865393950924e-01
2.340000000000006519e-01 5.811884376000601149e-01
2.350000000000007638e-01 5.797628825649316919e-01
2.360000000000006537e-01 5.783424591018706540e-01
2.370000000000005436e-01 5.769272051134346491e-01
2.380000000000006555e-01 5.755171587363828722e-01
2.390000000000007674e-01 5.741123583411166242e-01
2.400000000000006573e-01 5.727128425310532567e-01
2.410000000000005471e-01 5.713186501419318386e-01
2.420000000000006590e-01 5.699298202410529868e-01
2.430000000000007709e-01 5.685463921264461984e-01
2.440000000000006608e-01 5.671684053259657965e-01
2.450000000000005507e-01 5.657958995963112692e-01
2.460000000000006626e-01 5.644289149219757773e-01
2.470000000000007745e-01 5.630674915141157255e-01
2.480000000000006644e-01 5.617116698093417293e-01
2.490000000000005542e-01 5.603614904684288689e-01
2.500000000000006661e-01 5.590169943749465631e-01
2.510000000000007780e-01 5.576782226338041770e-01
2.520000000000006679e-01 5.563452165697113649e-01
2.530000000000005578e-01 5.550180177255502612e-01
2.540000000000006697e-01 5.536966678606608516e-01
2.550000000000007816e-01 5.523812089490363064e-01
2.560000000000006715e-01 5.510716831774239433e-01
2.570000000000005613e-01 5.497681329433338204e-01
2.580000000000006732e-01 5.484706008529527388e-01
2.590000000000007851e-01 5.471791297189604331e-01
2.600000000000006750e-01 5.458937625582463982e-01
2.610000000000005649e-01 5.446145425895265735e-01
2.620000000000006768e-01 5.433415132308583306e-01
2.630000000000007887e-01 5.420747180970524326e-01
2.640000000000006786e-01 5.408142009969774122e-01
2.650000000000005684e-01 5.395600059307577023e-01
2.660000000000006803e-01 5.383121770868638523e-01
2.670000000000007923e-01 5.370707588390928322e-01
2.680000000000006821e-01 5.358357957434339847e-01
2.690000000000005720e-01 5.346073325348233984e-01
2.700000000000006839e-01 5.333854141237825974e-01
2.710000000000007958e-01 5.321700855929417662e-01
2.720000000000006857e-01 5.309613921934429603e-01
2.730000000000005755e-01 5.297593793412244123e-01
2.740000000000006875e-01 5.285640926131845996e-01
2.750000000000007994e-01 5.273755777432237446e-01
2.760000000000006892e-01 5.261938806181606365e-01
2.770000000000005791e-01 5.250190472735244418e-01
2.780000000000006910e-01 5.238511238892202826e-01
2.790000000000008029e-01 5.226901567850680275e-01
2.800000000000006928e-01 5.215361924162110752e-01
2.810000000000005826e-01 5.203892773683940209e-01
2.820000000000006946e-01 5.192494583531109820e-01
2.830000000000008065e-01 5.181167822026218062e-01
2.840000000000006963e-01 5.169912958648329449e-01
2.850000000000005862e-01 5.158730463980448766e-01
2.860000000000006981e-01 5.147620809655653051e-01
2.870000000000008100e-01 5.136584468301861328e-01
2.880000000000006999e-01 5.125621913485223224e-01
2.890000000000005898e-01 5.114733619652145347e-01
2.900000000000007017e-01 5.103920062069930985e-01
2.910000000000008136e-01 5.093181716766044254e-01
2.920000000000007034e-01 5.082519060465973126e-01
2.930000000000005933e-01 5.071932570529692486e-01
2.940000000000007052e-01 5.061422724886741609e-01
2.950000000000008171e-01 5.050990001969902776e-01
2.960000000000007070e-01 5.040634880647468785e-01
2.970000000000005969e-01 5.030357840154111582e-01
2.980000000000007088e-01 5.020159360020349792e-01
2.990000000000008207e-01 5.010039920000629587e-01
3.000000000000007105e-01 4.999999999999992784e-01
3.010000000000006004e-01 4.990040079999352174e-01
3.020000000000007123e-01 4.980160639979390180e-01
3.030000000000008242e-01 4.970362159843075278e-01
3.040000000000007141e-01 4.960645119336791753e-01
3.050000000000006040e-01 4.951009997970105547e-01
3.060000000000007159e-01 4.941457274934180077e-01
3.070000000000008278e-01 4.931987429018845903e-01
3.080000000000007176e-01 4.922600938528323700e-01
3.090000000000006075e-01 4.913298281195631612e-01
3.100000000000007194e-01 4.904079934095684767e-01
3.110000000000008313e-01 4.894946373557112484e-01
3.120000000000007212e-01 4.885898075072784286e-01
3.130000000000006111e-01 4.876935513209083584e-01
3.140000000000007230e-01 4.868059161513954014e-01
3.150000000000008349e-01 4.859269492423725079e-01
3.160000000000007248e-01 4.850566977168745408e-01
3.170000000000006146e-01 4.841952085677836415e-01
3.180000000000007265e-01 4.833425286481621286e-01
3.190000000000008384e-01 4.824987046614729880e-01
3.200000000000007283e-01 4.816637831516912271e-01
3.210000000000006182e-01 4.808378104933092034e-01
3.220000000000007301e-01 4.800208328812400893e-01
3.230000000000008420e-01 4.792128963206221393e-01
3.240000000000007319e-01 4.784140466165259231e-01
3.250000000000006217e-01 4.776243293635695220e-01
3.260000000000007336e-01 4.768437899354456833e-01
3.270000000000008455e-01 4.760724734743643771e-01
3.280000000000007354e-01 4.753104248804138066e-01
3.290000000000006253e-01 4.745576888008448679e-01
3.300000000000007372e-01 4.738143096192847792e-01
3.310000000000008491e-01 4.730803314448819852e-01
3.320000000000007390e-01 4.723557981013882801e-01
3.330000000000006288e-01 4.716407531161822542e-01
3.340000000000007407e-01 4.709352397092401721e-01
3.350000000000008527e-01 4.702393007820586668e-01
3.360000000000007425e-01 4.695529789065335247e-01
3.370000000000006324e-01 4.688763163138010559e-01
3.380000000000007443e-01 4.682093548830474905e-01
3.390000000000008562e-01 4.675521361302923951e-01
3.400000000000007461e-01 4.669047011971496075e-01
3.410000000000006359e-01 4.662670908395740721e-01
3.420000000000007478e-01 4.656393454165998480e-01
3.430000000000008598e-01 4.650215048790749539e-01
3.440000000000007496e-01 4.644136087583992656e-01
3.450000000000006395e-01 4.638156961552720725e-01
3.460000000000007514e-01 4.632278057284553996e-01
3.470000000000008633e-01 4.626499756835609767e-01
3.480000000000007532e-01 4.620822437618649636e-01
3.490000000000006430e-01 4.615246472291589797e-01
3.500000000000007550e-01 4.609772228646439873e-01
3.510000000000008669e-01 4.604400069498735260e-01
3.520000000000007567e-01 4.599130352577535108e-01
3.530000000000006466e-01 4.593963430416046489e-01
3.540000000000007585e-01 4.588899650242960759e-01
3.550000000000008704e-01 4.583939353874564859e-01
3.560000000000007603e-01 4.579082877607694724e-01
3.570000000000006501e-01 4.574330552113606285e-01
3.580000000000007621e-01 4.569682702332840130e-01
3.590000000000008740e-01 4.565139647371147524e-01
3.600000000000007638e-01 4.560701700396548319e-01
3.610000000000006537e-01 4.556369168537595105e-01
3.620000000000007656e-01 4.552142352782914680e-01
3.630000000000008775e-01 4.548021547882107884e-01
3.640000000000007674e-01 4.544007042248061068e-01
3.650000000000006573e-01 4.540099117860751932e-01
3.660000000000007692e-01 4.536298050172626883e-01
3.670000000000008811e-01 4.532604108015608757e-01
3.680000000000007709e-01 4.529017553509808724e-01
3.690000000000006608e-01 4.525538641974011234e-01
3.700000000000007727e-01 4.522167621838002471e-01
3.710000000000008846e-01 4.518904734556812297e-01
3.720000000000007745e-01 4.515750214526925710e-01
3.730000000000006644e-01 4.512704289004541569e-01
3.740000000000007763e-01 4.509767178025932410e-01
3.750000000000008882e-01 4.506939094329984186e-01
3.760000000000007780e-01 4.504220243282957004e-01
3.770000000000006679e-01 4.501610822805541812e-01
3.780000000000007798e-01 4.499111023302267975e-01
3.790000000000008917e-01 4.496721027593326148e-01
3.800000000000007816e-01 4.494441010848844731e-01
3.810000000000006715e-01 4.492271140525690432e-01
3.820000000000007834e-01 4.490211576306843422e-01
3.830000000000008953e-01 4.488262470043389296e-01
3.840000000000007851e-01 4.486423965699183336e-01
3.850000000000006750e-01 4.484696199298229824e-01
3.860000000000007869e-01 4.483079298874824703e-01
3.870000000000008988e-01 4.481573384426499329e-01
3.880000000000007887e-01 4.480178567869810835e-01
3.890000000000006786e-01 4.478894952999008527e-01
3.900000000000007905e-01 4.477722635447621280e-01
3.910000000000009024e-01 4.476661702652992569e-01
3.920000000000007923e-01 4.475712233823795905e-01
3.930000000000006821e-01 4.474874299910556741e-01
3.940000000000007940e-01 4.474147963579210296e-01
3.950000000000009059e-01 4.473533279187715261e-01
3.960000000000007958e-01 4.473030292765743932e-01
3.970000000000006857e-01 4.472639041997464315e-01
3.980000000000007976e-01 4.472359556207438636e-01
3.990000000000009095e-01 4.472191856349635453e-01
4.000000000000007994e-01 4.472135954999579277e-01
4.010000000000006892e-01 4.472191856349636008e-01
4.020000000000008011e-01 4.472359556207439191e-01
4.030000000000009130e-01 4.472639041997465426e-01
4.040000000000008029e-01 4.473030292765744487e-01
4.050000000000006928e-01 4.473533279187716372e-01
4.060000000000008047e-01 4.474147963579211407e-01
4.070000000000009166e-01 4.474874299910557851e-01
4.080000000000008065e-01 4.475712233823797015e-01
4.090000000000006963e-01 4.476661702652994235e-01
4.100000000000008082e-01 4.477722635447622945e-01
4.110000000000009202e-01 4.478894952999010748e-01
4.120000000000008100e-01 4.480178567869813056e-01
4.130000000000006999e-01 4.481573384426501550e-01
4.140000000000008118e-01 4.483079298874826923e-01
4.150000000000009237e-01 4.484696199298232600e-01
4.160000000000008136e-01 4.486423965699186112e-01
4.170000000000007034e-01 4.488262470043392072e-01
4.180000000000008153e-01 4.490211576306846197e-01
4.190000000000009273e-01 4.492271140525693762e-01
4.200000000000008171e-01 4.494441010848848062e-01
4.210000000000007070e-01 4.496721027593330033e-01
4.220000000000008189e-01 4.499111023302271861e-01
4.230000000000009308e-01 4.501610822805545697e-01
4.240000000000008207e-01 4.504220243282961444e-01
4.250000000000007105e-01 4.506939094329988627e-01
4.260000000000008225e-01 4.509767178025936851e-01
4.270000000000009344e-01 4.512704289004546010e-01
4.280000000000008242e-01 4.515750214526931261e-01
4.290000000000007141e-01 4.518904734556817848e-01
4.300000000000008260e-01 4.522167621838008023e-01
4.310000000000009379e-01 4.525538641974016785e-01
4.320000000000008278e-01 4.529017553509814831e-01
4.330000000000007176e-01 4.532604108015614308e-01
4.340000000000008296e-01 4.536298050172632990e-01
4.350000000000009415e-01 4.540099117860758038e-01
4.360000000000008313e-01 4.544007042248067174e-01
4.370000000000007212e-01 4.548021547882115101e-01
4.380000000000008331e-01 4.552142352782921342e-01
4.390000000000009450e-01 4.556369168537601766e-01
4.400000000000008349e-01 4.560701700396555536e-01
4.410000000000007248e-01 4.565139647371154186e-01
4.420000000000008367e-01 4.569682702332847346e-01
4.430000000000009486e-01 4.574330552113614057e-01
4.440000000000008384e-01 4.579082877607702495e-01
4.450000000000007283e-01 4.583939353874572631e-01
4.460000000000008402e-01 4.588899650242968531e-01
4.470000000000009521e-01 4.593963430416054816e-01
4.480000000000008420e-01 4.599130352577543435e-01
4.490000000000007319e-01 4.604400069498743586e-01
4.500000000000008438e-01 4.609772228646448200e-01
4.510000000000009557e-01 4.615246472291599233e-01
4.520000000000008455e-01 4.620822437618658518e-01
4.530000000000007354e-01 4.626499756835618649e-01
4.540000000000008473e-01 4.632278057284562878e-01
4.550000000000009592e-01 4.638156961552730162e-01
4.560000000000008491e-01 4.644136087584002648e-01
4.570000000000007390e-01 4.650215048790758976e-01
4.580000000000008509e-01 4.656393454166007917e-01
4.590000000000009628e-01 4.662670908395750713e-01
4.600000000000008527e-01 4.669047011971506067e-01
4.610000000000007425e-01 4.675521361302934498e-01
4.620000000000008544e-01 4.682093548830486007e-01
4.630000000000009663e-01 4.688763163138021106e-01
4.640000000000008562e-01 4.695529789065346349e-01
4.650000000000007461e-01 4.702393007820597770e-01
4.660000000000008580e-01 4.709352397092412823e-01
4.670000000000009699e-01 4.716407531161833644e-01
4.680000000000008598e-01 4.723557981013894458e-01
4.690000000000007496e-01 4.730803314448832064e-01
4.700000000000008615e-01 4.738143096192860004e-01
4.710000000000009734e-01 4.745576888008460892e-01
4.720000000000008633e-01 4.753104248804149723e-01
4.730000000000007532e-01 4.760724734743655984e-01
4.740000000000008651e-01 4.768437899354469045e-01
4.750000000000009770e-01 4.776243293635707987e-01
4.760000000000008669e-01 4.784140466165271999e-01
4.770000000000007567e-01 4.792128963206234160e-01
4.780000000000008686e-01 4.800208328812414216e-01
4.790000000000009805e-01 4.808378104933104802e-01
4.800000000000008704e-01 4.816637831516925594e-01
4.810000000000007603e-01 4.824987046614743202e-01
4.820000000000008722e-01 4.833425286481634608e-01
4.830000000000009841e-01 4.841952085677850293e-01
4.840000000000008740e-01 4.850566977168759286e-01
4.850000000000007638e-01 4.859269492423738956e-01
4.860000000000008757e-01 4.868059161513967892e-01
4.870000000000009877e-01 4.876935513209098016e-01
4.880000000000008775e-01 4.885898075072798163e-01
4.890000000000007674e-01 4.894946373557126917e-01
4.900000000000008793e-01 4.904079934095699200e-01
4.910000000000009912e-01 4.913298281195646044e-01
4.920000000000008811e-01 4.922600938528338688e-01
4.930000000000007709e-01 4.931987429018860891e-01
4.940000000000008828e-01 4.941457274934195620e-01
4.950000000000009948e-01 4.951009997970120535e-01
4.960000000000008846e-01 4.960645119336807296e-01
4.970000000000007745e-01 4.970362159843090821e-01
4.980000000000008864e-01 4.980160639979406278e-01
4.990000000000009983e-01 4.990040079999367717e-01
5.000000000000008882e-01 5.000000000000008882e-01
5.010000000000007780e-01 5.010039920000646241e-01
5.020000000000008900e-01 5.020159360020366446e-01
5.030000000000010019e-01 5.030357840154128235e-01
5.040000000000008917e-01 5.040634880647485438e-01
5.050000000000007816e-01 5.050990001969919430e-01
5.060000000000008935e-01 5.061422724886758262e-01
5.070000000000010054e-01 5.071932570529709139e-01
5.080000000000008953e-01 5.082519060465990890e-01
5.090000000000007851e-01 5.093181716766060907e-01
5.100000000000008971e-01 5.103920062069947639e-01
5.110000000000010090e-01 5.114733619652163110e-01
5.120000000000008988e-01 5.125621913485240988e-01
5.130000000000007887e-01 5.136584468301877981e-01
5.140000000000009006e-01 5.147620809655670815e-01
5.150000000000010125e-01 5.158730463980466530e-01
5.160000000000009024e-01 5.169912958648347212e-01
5.170000000000007923e-01 5.181167822026235825e-01
5.180000000000009042e-01 5.192494583531128693e-01
5.190000000000010161e-01 5.203892773683957973e-01
5.200000000000009059e-01 5.215361924162129625e-01
5.210000000000007958e-01 5.226901567850699148e-01
5.220000000000009077e-01 5.238511238892220589e-01
5.230000000000010196e-01 5.250190472735263292e-01
5.240000000000009095e-01 5.261938806181625239e-01
5.250000000000007994e-01 5.273755777432256320e-01
5.260000000000009113e-01 5.285640926131864870e-01
5.270000000000010232e-01 5.297593793412262997e-01
5.280000000000009130e-01 5.309613921934448477e-01
5.290000000000008029e-01 5.321700855929437646e-01
5.300000000000009148e-01 5.333854141237845958e-01
5.310000000000010267e-01 5.346073325348253968e-01
5.320000000000009166e-01 5.358357957434359831e-01
5.330000000000008065e-01 5.370707588390947196e-01
5.340000000000009184e-01 5.383121770868658507e-01
5.350000000000010303e-01 5.395600059307597007e-01
5.360000000000009202e-01 5.408142009969794106e-01
5.370000000000008100e-01 5.420747180970545420e-01
5.380000000000009219e-01 5.433415132308604401e-01
5.390000000000010338e-01 5.446145425895285719e-01
5.400000000000009237e-01 5.458937625582483966e-01
5.410000000000008136e-01 5.471791297189624315e-01
5.420000000000009255e-01 5.484706008529548482e-01
5.430000000000010374e-01 5.497681329433359299e-01
5.440000000000009273e-01 5.510716831774259417e-01
5.450000000000008171e-01 5.523812089490384158e-01
5.460000000000009290e-01 5.536966678606629610e-01
5.470000000000010409e-01 5.550180177255523706e-01
5.480000000000009308e-01 5.563452165697134744e-01
5.490000000000008207e-01 5.576782226338062864e-01
5.500000000000009326e-01 5.590169943749486725e-01
5.510000000000010445e-01 5.603614904684310893e-01
5.520000000000009344e-01 5.617116698093439497e-01
5.530000000000008242e-01 5.630674915141179460e-01
5.540000000000009361e-01 5.644289149219779977e-01
5.550000000000010481e-01 5.657958995963134896e-01
5.560000000000009379e-01 5.671684053259679059e-01
5.570000000000008278e-01 5.685463921264484188e-01
5.580000000000009397e-01 5.699298202410552072e-01
5.590000000000010516e-01 5.713186501419340591e-01
5.600000000000009415e-01 5.727128425310554771e-01
5.610000000000008313e-01 5.741123583411188447e-01
5.620000000000009432e-01 5.755171587363850927e-01
5.630000000000010552e-01 5.769272051134369805e-01
5.640000000000009450e-01 5.783424591018728744e-01
5.650000000000008349e-01 5.797628825649339124e-01
5.660000000000009468e-01 5.811884376000623353e-01
5.670000000000010587e-01 5.826190865393973128e-01
5.680000000000009486e-01 5.840547919502087071e-01
5.690000000000008384e-01 5.854955166352697749e-01
5.700000000000009504e-01 5.869412236331689181e-01
5.710000000000010623e-01 5.883918762185639251e-01
5.720000000000009521e-01 5.898474379023797010e-01
5.730000000000008420e-01 5.913078724319518198e-01
5.740000000000009539e-01 5.927731437911147871e-01
5.750000000000010658e-01 5.942432162002372342e-01
5.760000000000009557e-01 5.957180541162082621e-01
5.770000000000008455e-01 5.971976222323741590e-01
5.780000000000009575e-01 5.986818854784247135e-01
5.790000000000010694e-01 6.001708090202337864e-01
5.800000000000009592e-01 6.016643582596543638e-01
5.810000000000008491e-01 6.031624988342706439e-01
5.820000000000009610e-01 6.046651966171046055e-01
5.830000000000010729e-01 6.061724177162813865e-01
5.840000000000009628e-01 6.076841284746555827e-01
5.850000000000008527e-01 6.092002954693978012e-01
5.860000000000009646e-01 6.107208855115418000e-01
5.870000000000010765e-01 6.122458656454954351e-01
5.880000000000009663e-01 6.137752031485157467e-01
5.890000000000008562e-01 6.153088655301511833e-01
5.900000000000009681e-01 6.168468205316469666e-01
5.910000000000010800e-01 6.183890361253198131e-01
5.920000000000009699e-01 6.199354805139014601e-01
5.930000000000008598e-01 6.214861221298523253e-01
5.940000000000009717e-01 6.230409296346443027e-01
5.950000000000010836e-01 6.245998719180161363e-01
5.960000000000009734e-01 6.261629180972009268e-01
5.970000000000008633e-01 6.277300375161297685e-01
5.980000000000009752e-01 6.293011997446071870e-01
5.990000000000010871e-01 6.308763745774620402e-01
6.000000000000009770e-01 6.324555320336774367e-01
6.010000000000008669e-01 6.340386423554968953e-01
6.020000000000009788e-01 6.356256760075084111e-01
6.030000000000010907e-01 6.372166036757063168e-01
6.040000000000009805e-01 6.388113962665366019e-01
6.050000000000008704e-01 6.404100249059205829e-01
6.060000000000009823e-01 6.420124609382609204e-01
6.070000000000010942e-01 6.436186759254288736e-01
6.080000000000009841e-01 6.452286416457363449e-01
6.090000000000008740e-01 6.468423300928919373e-01
6.100000000000009859e-01 6.484597134749405800e-01
6.110000000000010978e-01 6.500807642131878339e-01
6.120000000000009877e-01 6.517054549411122055e-01
6.130000000000008775e-01 6.533337585032644723e-01
6.140000000000009894e-01 6.549656479541520193e-01
6.150000000000011013e-01 6.566010965571122959e-01
6.160000000000009912e-01 6.582400777831763916e-01
6.170000000000008811e-01 6.598825653099208433e-01
6.180000000000009930e-01 6.615285330203091174e-01
6.190000000000011049e-01 6.631779550015233227e-01
6.200000000000009948e-01 6.648308055437880393e-01
6.210000000000008846e-01 6.664870591391868215e-01
6.220000000000009965e-01 6.681466904804679308e-01
6.230000000000011084e-01 6.698096744598441843e-01
6.240000000000009983e-01 6.714759861677871422e-01
6.250000000000008882e-01 6.731456008918145217e-01
6.260000000000010001e-01 6.748184941152711724e-01
6.270000000000011120e-01 6.764946415161043891e-01
6.280000000000010019e-01 6.781740189656355611e-01
6.290000000000008917e-01 6.798566025273286018e-01
6.300000000000010036e-01 6.815423684555511619e-01
6.310000000000011156e-01 6.832312931943343992e-01
6.320000000000010054e-01 6.849233533761294179e-01
6.330000000000008953e-01 6.866185258205622644e-01
6.340000000000010072e-01 6.883167875331840380e-01
6.350000000000011191e-01 6.900181157042202251e-01
6.360000000000010090e-01 6.917224877073192557e-01
6.370000000000008988e-01 6.934298810982997274e-01
6.380000000000010107e-01 6.951402736138961869e-01
6.390000000000011227e-01 6.968536431705029122e-01
6.400000000000010125e-01 6.985699678629209153e-01
6.410000000000009024e-01 7.002892259631031679e-01
6.420000000000010143e-01 7.020113959188999386e-01
6.430000000000011262e-01 7.037364563528044625e-01
6.440000000000010161e-01 7.054643860607014982e-01
6.450000000000009059e-01 7.071951640106161063e-01
6.460000000000010179e-01 7.089287693414638714e-01
6.470000000000011298e-01 7.106651813618019009e-01
6.480000000000010196e-01 7.124043795485837105e-01
6.490000000000009095e-01 7.141463435459165510e-01
6.500000000000010214e-01 7.158910531638195129e-01
6.510000000000011333e-01 7.176384883769841849e-01
6.520000000000010232e-01 7.193886293235406404e-01
6.530000000000009130e-01 7.211414563038255343e-01
6.540000000000010250e-01 7.228969497791525312e-01
6.550000000000011369e-01 7.246550903705865077e-01
6.560000000000010267e-01 7.264158588577225295e-01
6.570000000000009166e-01 7.281792361774690470e-01
6.580000000000010285e-01 7.299452034228340880e-01
6.590000000000011404e-01 7.317137418417143380e-01
6.600000000000010303e-01 7.334848328356917690e-01
6.610000000000009202e-01 7.352584579588339331e-01
6.620000000000010321e-01 7.370345989164976963e-01
6.630000000000011440e-01 7.388132375641377481e-01
6.640000000000010338e-01 7.405943559061213266e-01
6.650000000000009237e-01 7.423779360945490513e-01
6.660000000000010356e-01 7.441639604280784193e-01
6.670000000000011475e-01 7.459524113507530751e-01
6.680000000000010374e-01 7.477432714508387424e-01
6.690000000000009273e-01 7.495365234596660375e-01
6.700000000000010392e-01 7.513321502504752836e-01
6.710000000000011511e-01 7.531301348372690940e-01
6.720000000000010409e-01 7.549304603736710639e-01
6.730000000000009308e-01 7.567331101517908998e-01
6.740000000000010427e-01 7.585380676010946566e-01
6.750000000000011546e-01 7.603453162872795268e-01
6.760000000000010445e-01 7.621548399111579553e-01
6.770000000000009344e-01 7.639666223075473050e-01
6.780000000000010463e-01 7.657806474441639644e-01
6.790000000000011582e-01 7.675968994205247808e-01
6.800000000000010481e-01 7.694153624668557123e-01
6.810000000000009379e-01 7.712360209430072500e-01
6.820000000000010498e-01 7.730588593373747264e-01
6.830000000000011617e-01 7.748838622658257291e-01
6.840000000000010516e-01 7.767110144706349528e-01
6.850000000000009415e-01 7.785403008194262675e-01
6.860000000000010534e-01 7.803717063041195612e-01
6.870000000000011653e-01 7.822052160398851317e-01
6.880000000000010552e-01 7.840408152641054063e-01
6.890000000000009450e-01 7.858784893353442103e-01
6.900000000000010569e-01 7.877182237323210323e-01
6.910000000000011688e-01 7.895600040528923946e-01
6.920000000000010587e-01 7.914038160130408839e-01
6.930000000000009486e-01 7.932496454458727309e-01
6.940000000000010605e-01 7.950974783006188318e-01
6.950000000000011724e-01 7.969473006416443184e-01
6.960000000000010623e-01 7.987990986474653443e-01
6.970000000000009521e-01 8.006528586097740874e-01
6.980000000000010640e-01 8.025085669324677484e-01
6.990000000000011759e-01 8.043662101306863210e-01
7.000000000000010658e-01 8.062257748298570226e-01
7.010000000000009557e-01 8.080872477647464969e-01
7.020000000000010676e-01 8.099506157785196780e-01
7.030000000000011795e-01 8.118158658218029844e-01
7.040000000000010694e-01 8.136829849517582813e-01
7.050000000000009592e-01 8.155519603311630616e-01
7.060000000000010711e-01 8.174227792274958437e-01
7.070000000000011831e-01 8.192954290120283423e-01
7.080000000000010729e-01 8.211698971589274088e-01
7.090000000000009628e-01 8.230461712443615241e-01
7.100000000000010747e-01 8.249242389456157287e-01
7.110000000000011866e-01 8.268040880402102166e-01
7.120000000000010765e-01 8.286857064050298094e-01
7.130000000000009663e-01 8.305690820154594256e-01
7.140000000000010782e-01 8.324542029445243241e-01
7.150000000000011902e-01 8.343410573620381188e-01
7.160000000000010800e-01 8.362296335337581210e-01
7.170000000000009699e-01 8.381199198205487866e-01
7.180000000000010818e-01 8.400119046775488263e-01
7.190000000000011937e-01 8.419055766533464213e-01
7.200000000000010836e-01 8.438009243891615441e-01
7.210000000000009734e-01 8.456979366180357172e-01
7.220000000000010854e-01 8.475966021640267689e-01
7.230000000000011973e-01 8.494969099414099167e-01
7.240000000000010871e-01 8.513988489538869553e-01
7.250000000000009770e-01 8.533024082938024391e-01
7.260000000000010889e-01 8.552075771413648608e-01
7.270000000000012008e-01 8.571143447638733814e-01
7.280000000000010907e-01 8.590227005149535522e-01
7.290000000000009805e-01 8.609326338337995876e-01
7.300000000000010925e-01 8.628441342444205242e-01
7.310000000000012044e-01 8.647571913548935951e-01
7.320000000000010942e-01 8.666717948566248220e-01
7.330000000000009841e-01 8.685879345236170446e-01
7.340000000000010960e-01 8.705056002117411706e-01
7.350000000000012079e-01 8.724247818580144198e-01
7.360000000000010978e-01 8.743454694798867832e-01
7.370000000000009877e-01 8.762676531745328123e-01
7.380000000000010996e-01 8.781913231181481816e-01
7.390000000000012115e-01 8.801164695652525793e-01
7.400000000000011013e-01 8.820430828480000374e-01
7.410000000000009912e-01 8.839711533754952555e-01
7.420000000000011031e-01 8.859006716331147002e-01
7.430000000000012150e-01 8.878316281818328104e-01
7.440000000000011049e-01 8.897640136575561964e-01
7.450000000000009948e-01 8.916978187704640568e-01
7.460000000000011067e-01 8.936330343043523694e-01
7.470000000000012186e-01 8.955696511159834117e-01
7.480000000000011084e-01 8.975076601344436078e-01
7.490000000000009983e-01 8.994470523605063716e-01
7.500000000000011102e-01 9.013878188659995017e-01
7.510000000000012221e-01 9.033299507931773498e-01
7.520000000000011120e-01 9.052734393541014279e-01
7.530000000000010019e-01 9.072182758300251226e-01
7.540000000000011138e-01 9.091644515707837382e-01
7.550000000000012257e-01 9.111119579941887592e-01
7.560000000000011156e-01 9.130607865854298844e-01
7.570000000000010054e-01 9.150109288964823895e-01
7.580000000000011173e-01 9.169623765455178210e-01
7.590000000000012292e-01 9.189151212163201299e-01
7.600000000000011191e-01 9.208691546577092435e-01
7.610000000000010090e-01 9.228244686829687460e-01
7.620000000000011209e-01 9.247810551692784431e-01
7.630000000000012328e-01 9.267389060571508130e-01
7.640000000000011227e-01 9.286980133498747847e-01
7.650000000000010125e-01 9.306583691129649560e-01
7.660000000000011244e-01 9.326199654736135880e-01
7.670000000000012363e-01 9.345827946201473724e-01
7.680000000000011262e-01 9.365468488014916382e-01
7.690000000000010161e-01 9.385121203266389989e-01
7.700000000000011280e-01 9.404786015641207753e-01
7.710000000000012399e-01 9.424462849414838583e-01
7.720000000000011298e-01 9.444151629447741225e-01
7.730000000000010196e-01 9.463852281180237247e-01
7.740000000000011315e-01 9.483564730627425110e-01
7.750000000000012434e-01 9.503288904374130874e-01
7.760000000000011333e-01 9.523024729569928848e-01
7.770000000000010232e-01 9.542772133924207756e-01
7.780000000000011351e-01 9.562531045701260224e-01
7.790000000000012470e-01 9.582301393715420001e-01
7.800000000000011369e-01 9.602083107326265798e-01
7.810000000000010267e-01 9.621876116433862869e-01
7.820000000000011386e-01 9.641680351474033461e-01
7.830000000000012506e-01 9.661495743413670567e-01
7.840000000000011404e-01 9.681322223746116062e-01
7.850000000000010303e-01 9.701159724486573266e-01
7.860000000000011422e-01 9.721008178167552805e-01
7.870000000000012541e-01 9.740867517834357336e-01
7.880000000000011440e-01 9.760737677040626226e-01
7.890000000000010338e-01 9.780618589843916855e-01
7.900000000000011458e-01 9.800510190801315913e-01
7.910000000000012577e-01 9.820412414965091763e-01
7.920000000000011475e-01 9.840325197878393437e-01
7.930000000000010374e-01 9.860248475571008475e-01
7.940000000000011493e-01 9.880182184555122982e-01
7.950000000000012612e-01 9.900126261821133866e-01
7.960000000000011511e-01 9.920080644833511041e-01
7.970000000000010409e-01 9.940045271526705140e-01
7.980000000000011529e-01 9.960020080301066336e-01
7.990000000000012648e-01 9.980005010018807576e-01
8.000000000000011546e-01 1.000000000000002220e+00
8.010000000000010445e-01 1.002000499001873823e+00
8.020000000000011564e-01 1.004001992029898593e+00
8.030000000000012683e-01 1.006004473151091538e+00
8.040000000000011582e-01 1.008007936476694955e+00
8.050000000000010481e-01 1.010012376161799397e+00
8.060000000000011600e-01 1.012017786404964648e+00
8.070000000000012719e-01 1.014024161447844907e+00
8.080000000000011617e-01 1.016031495574819754e+00
8.090000000000010516e-01 1.018039783112626884e+00
8.100000000000011635e-01 1.020049018429999288e+00
8.110000000000012754e-01 1.022059195937302434e+00
8.120000000000011653e-01 1.024070310086179880e+00
8.130000000000010552e-01 1.026082355369199561e+00
8.140000000000011671e-01 1.028095326319502734e+00
8.150000000000012790e-01 1.030109217510456698e+00
8.160000000000011688e-01 1.032124023555311298e+00
8.170000000000010587e-01 1.034139739106860079e+00
8.180000000000011706e-01 1.036156358857100779e+00
8.190000000000012825e-01 1.038173877536901601e+00
8.200000000000011724e-01 1.040192289915669921e+00
8.210000000000010623e-01 1.042211590801025656e+00
8.220000000000011742e-01 1.044231775038475307e+00
8.230000000000012861e-01 1.046252837511089107e+00
8.240000000000011759e-01 1.048274773139182603e+00
8.250000000000010658e-01 1.050297576880002470e+00
8.260000000000011777e-01 1.052321243727410982e+00
8.270000000000012896e-01 1.054345768711576703e+00
8.280000000000011795e-01 1.056371146898666957e+00
8.290000000000010694e-01 1.058397373390544960e+00
8.300000000000011813e-01 1.060424443324466726e+00
8.310000000000012932e-01 1.062452351872781975e+00
8.320000000000011831e-01 1.064481094242638592e+00
8.330000000000010729e-01 1.066510665675690639e+00
8.340000000000011848e-01 1.068541061447806584e+00
8.350000000000012967e-01 1.070572276868780870e+00
8.360000000000011866e-01 1.072604307282049474e+00
8.370000000000010765e-01 1.074637148064408132e+00
8.380000000000011884e-01 1.076670794625732119e+00
8.390000000000013003e-01 1.078705242408696918e+00
8.400000000000011902e-01 1.080740486888506213e+00
8.410000000000010800e-01 1.082776523572618332e+00
8.420000000000011919e-01 1.084813348000477573e+00
8.430000000000013038e-01 1.086850955743245306e+00
8.440000000000011937e-01 1.088889342403536187e+00
8.450000000000010836e-01 1.090928503615156586e+00
8.460000000000011955e-01 1.092968435042844799e+00
8.470000000000013074e-01 1.095009132382011696e+00
8.480000000000011973e-01 1.097050591358486704e+00
8.490000000000010871e-01 1.099092807728266896e+00
8.500000000000011990e-01 1.101135777277264527e+00
8.510000000000013110e-01 1.103179495821059009e+00
8.520000000000012008e-01 1.105223959204651552e+00
8.530000000000010907e-01 1.107269163302222914e+00
8.540000000000012026e-01 1.109315104016890929e+00
8.550000000000013145e-01 1.111361777280470475e+00
8.560000000000012044e-01 1.113409179053238107e+00
8.570000000000010942e-01 1.115457305323697579e+00
8.580000000000012061e-01 1.117506152108347806e+00
8.590000000000013181e-01 1.119555715451449052e+00
8.600000000000012079e-01 1.121605991424798665e+00
8.610000000000010978e-01 1.123656976127503482e+00
8.620000000000012097e-01 1.125708665685756227e+00
8.630000000000013216e-01 1.127761056252611471e+00
8.640000000000012115e-01 1.129814144007768029e+00
8.650000000000011013e-01 1.131867925157350241e+00
8.660000000000012133e-01 1.133922395933692595e+00
8.670000000000013252e-01 1.135977552595123452e+00
8.680000000000012150e-01 1.138033391425754992e+00
8.690000000000011049e-01 1.140089908735273827e+00
8.700000000000012168e-01 1.142147100858731612e+00
8.710000000000013287e-01 1.144204964156337656e+00
8.720000000000012186e-01 1.146263495013256417e+00
8.730000000000011084e-01 1.148322689839404553e+00
8.740000000000012204e-01 1.150382545069250417e+00
8.750000000000013323e-01 1.152443057161613549e+00
8.760000000000012221e-01 1.154504222599469720e+00
8.770000000000011120e-01 1.156566037889754650e+00
8.780000000000012239e-01 1.158628499563171488e+00
8.790000000000013358e-01 1.160691604173996971e+00
8.800000000000012257e-01 1.162755348299893132e+00
8.810000000000011156e-01 1.164819728541719668e+00
8.820000000000012275e-01 1.166884741523345870e+00
8.830000000000013394e-01 1.168950383891466327e+00
8.840000000000012292e-01 1.171016652315416851e+00
8.850000000000011191e-01 1.173083543486995284e+00
8.860000000000012310e-01 1.175151054120280314e+00
8.870000000000013429e-01 1.177219180951451616e+00
8.880000000000012328e-01 1.179287920738615103e+00
8.890000000000011227e-01 1.181357270261628178e+00
8.900000000000012346e-01 1.183427226321925652e+00
8.910000000000013465e-01 1.185497785742346544e+00
8.920000000000012363e-01 1.187568945366965112e+00
8.930000000000011262e-01 1.189640702060922983e+00
8.940000000000012381e-01 1.191713052710259735e+00
8.950000000000013500e-01 1.193785994221747693e+00
8.960000000000012399e-01 1.195859523522728063e+00
8.970000000000011298e-01 1.197933637560948394e+00
8.980000000000012417e-01 1.200008333304400931e+00
8.990000000000013536e-01 1.202083607741161630e+00
9.000000000000012434e-01 1.204159457879232065e+00
9.010000000000011333e-01 1.206235880746384437e+00
9.020000000000012452e-01 1.208312873390003261e+00
9.030000000000013571e-01 1.210390432876931932e+00
9.040000000000012470e-01 1.212468556293319510e+00
9.050000000000011369e-01 1.214547240744470180e+00
9.060000000000012488e-01 1.216626483354692700e+00
9.070000000000013607e-01 1.218706281267150526e+00
9.080000000000012506e-01 1.220786631643714593e+00
9.090000000000011404e-01 1.222867531664818541e+00
9.100000000000012523e-01 1.224948978529312615e+00
9.110000000000013642e-01 1.227030969454319331e+00
9.120000000000012541e-01 1.229113501675092035e+00
9.130000000000011440e-01 1.231196572444873905e+00
9.140000000000012559e-01 1.233280179034758728e+00
9.150000000000013678e-01 1.235364318733549682e+00
9.160000000000012577e-01 1.237448988847623665e+00
9.170000000000011475e-01 1.239534186700796736e+00
9.180000000000012594e-01 1.241619909634186891e+00
9.190000000000013713e-01 1.243706155006079950e+00
9.200000000000012612e-01 1.245792920191797659e+00
9.210000000000011511e-01 1.247880202583567799e+00
9.220000000000012630e-01 1.249967999590392065e+00
9.230000000000013749e-01 1.252056308637917059e+00
9.240000000000012648e-01 1.254145127168306173e+00
9.250000000000011546e-01 1.256234452640113686e+00
9.260000000000012665e-01 1.258324282528159310e+00
9.270000000000013785e-01 1.260414614323400739e+00
9.280000000000012683e-01 1.262505445532813075e+00
9.290000000000011582e-01 1.264596773679264929e+00
9.300000000000012701e-01 1.266688596301398295e+00
9.310000000000013820e-01 1.268780910953505536e+00
9.320000000000012719e-01 1.270873715205412147e+00
9.330000000000011617e-01 1.272967006642358401e+00
9.340000000000012736e-01 1.275060782864882336e+00
9.350000000000013856e-01 1.277155041488701848e+00
9.360000000000012754e-01 1.279249780144599669e+00
9.370000000000011653e-01 1.281344996478312348e+00
9.380000000000012772e-01 1.283440688150413456e+00
9.390000000000013891e-01 1.285536852836202115e+00
9.400000000000012790e-01 1.287633488225592426e+00
9.410000000000011688e-01 1.289730592023003108e+00
9.420000000000012808e-01 1.291828161947248699e+00
9.430000000000013927e-01 1.293926195731428752e+00
9.440000000000012825e-01 1.296024691122822370e+00
9.450000000000011724e-01 1.298123645882782062e+00
9.460000000000012843e-01 1.300223057786627168e+00
9.470000000000013962e-01 1.302322924623538825e+00
9.480000000000012861e-01 1.304423244196456055e+00
9.490000000000011759e-01 1.306524014321974292e+00
9.500000000000012879e-01 1.308625232830242791e+00
9.510000000000013998e-01 1.310726897564861826e+00
9.520000000000012896e-01 1.312829006382783659e+00
9.530000000000011795e-01 1.314931557154214170e+00
9.540000000000012914e-01 1.317034547762512942e+00
9.550000000000014033e-01 1.319137976104094889e+00
9.560000000000012932e-01 1.321241840088334119e+00
9.570000000000011831e-01 1.323346137637468889e+00
9.580000000000012950e-01 1.325450866686505025e+00
9.590000000000014069e-01 1.327556025183121102e+00
9.600000000000012967e-01 1.329661611087575634e+00
9.610000000000011866e-01 1.331767622372614479e+00
9.620000000000012985e-01 1.333874057023378468e+00
9.630000000000014104e-01 1.335980913037311257e+00
9.640000000000013003e-01 1.338088188424069180e+00
9.650000000000011902e-01 1.340195881205432871e+00
9.660000000000013021e-01 1.342303989415217114e+00
9.670000000000014140e-01 1.344412511099182028e+00
9.680000000000013038e-01 1.346521444314945581e+00
9.690000000000011937e-01 1.348630787131899433e+00
9.700000000000013056e-01 1.350740537631120119e+00
9.710000000000014175e-01 1.352850693905283785e+00
9.720000000000013074e-01 1.354961254058582920e+00
9.730000000000011973e-01 1.357072216206641979e+00
9.740000000000013092e-01 1.359183578476435006e+00
9.750000000000014211e-01 1.361295339006201255e+00
9.760000000000013110e-01 1.363407495945363923e+00
9.770000000000012008e-01 1.365520047454451324e+00
9.780000000000013127e-01 1.367632991705014289e+00
9.790000000000014246e-01 1.369746326879546006e+00
9.800000000000013145e-01 1.371860051171404082e+00
9.810000000000012044e-01 1.373974162784732611e+00
9.820000000000013163e-01 1.376088659934383562e+00
9.830000000000014282e-01 1.378203540845839070e+00
9.840000000000013181e-01 1.380318803755135271e+00
9.850000000000012079e-01 1.382434446908788139e+00
9.860000000000013198e-01 1.384550468563716885e+00
9.870000000000014317e-01 1.386666866987168012e+00
9.880000000000013216e-01 1.388783640456643598e+00
9.890000000000012115e-01 1.390900787259827354e+00
9.900000000000013234e-01 1.393018305694511572e+00
9.910000000000014353e-01 1.395136194068524738e+00
9.920000000000013252e-01 1.397254450699659811e+00
9.930000000000012150e-01 1.399373073915604282e+00
9.940000000000013269e-01 1.401492062053869780e+00
9.950000000000014388e-01 1.403611413461720359e+00
9.960000000000013287e-01 1.405731126496104766e+00
9.970000000000012186e-01 1.407851199523588726e+00
9.980000000000013305e-01 1.409971630920284769e+00
9.990000000000014424e-01 1.412092419071786065e+00
