5.000000000000000000e-01 5.000000000000000000e-01
5.010000000000000009e-01 5.010000000000000009e-01
5.020000000000000018e-01 5.020000000000000018e-01
5.030000000000000027e-01 5.030000000000000027e-01
5.040000000000000036e-01 5.040000000000000036e-01
5.050000000000000044e-01 5.050000000000000044e-01
5.060000000000000053e-01 5.060000000000000053e-01
5.070000000000000062e-01 5.070000000000000062e-01
5.080000000000000071e-01 5.080000000000000071e-01
5.090000000000000080e-01 5.090000000000000080e-01
5.100000000000000089e-01 5.100000000000000089e-01
5.110000000000000098e-01 5.110000000000000098e-01
5.120000000000000107e-01 5.120000000000000107e-01
5.130000000000000115e-01 5.130000000000000115e-01
5.140000000000000124e-01 5.140000000000000124e-01
5.150000000000000133e-01 5.150000000000000133e-01
5.160000000000000142e-01 5.160000000000000142e-01
5.170000000000000151e-01 5.170000000000000151e-01
5.180000000000000160e-01 5.180000000000000160e-01
5.190000000000000169e-01 5.190000000000000169e-01
5.200000000000000178e-01 5.200000000000000178e-01
5.210000000000000187e-01 5.210000000000000187e-01
5.220000000000000195e-01 5.220000000000000195e-01
5.230000000000000204e-01 5.230000000000000204e-01
5.240000000000000213e-01 5.240000000000000213e-01
5.250000000000000222e-01 5.250000000000000222e-01
5.260000000000000231e-01 5.260000000000000231e-01
5.270000000000000240e-01 5.270000000000000240e-01
5.280000000000000249e-01 5.280000000000000249e-01
5.290000000000000258e-01 5.290000000000000258e-01
5.300000000000000266e-01 5.300000000000000266e-01
5.310000000000000275e-01 5.310000000000000275e-01
5.320000000000000284e-01 5.320000000000000284e-01
5.330000000000000293e-01 5.330000000000000293e-01
5.340000000000000302e-01 5.340000000000000302e-01
5.350000000000000311e-01 5.350000000000000311e-01
5.360000000000000320e-01 5.360000000000000320e-01
5.370000000000000329e-01 5.370000000000000329e-01
5.380000000000000338e-01 5.380000000000000338e-01
5.390000000000000346e-01 5.390000000000000346e-01
5.400000000000000355e-01 5.400000000000000355e-01
5.410000000000000364e-01 5.410000000000000364e-01
5.420000000000000373e-01 5.420000000000000373e-01
5.430000000000000382e-01 5.430000000000000382e-01
5.440000000000000391e-01 5.440000000000000391e-01
5.450000000000000400e-01 5.450000000000000400e-01
5.460000000000000409e-01 5.460000000000000409e-01
5.470000000000000417e-01 5.470000000000000417e-01
5.480000000000000426e-01 5.480000000000000426e-01
5.490000000000000435e-01 5.490000000000000435e-01
5.500000000000000444e-01 5.500000000000000444e-01
5.510000000000000453e-01 5.510000000000000453e-01
5.520000000000000462e-01 5.520000000000000462e-01
5.530000000000000471e-01 5.530000000000000471e-01
5.540000000000000480e-01 5.540000000000000480e-01
5.550000000000000488e-01 5.550000000000000488e-01
5.560000000000000497e-01 5.560000000000000497e-01
5.570000000000000506e-01 5.570000000000000506e-01
5.580000000000000515e-01 5.580000000000000515e-01
5.590000000000000524e-01 5.590000000000000524e-01
5.600000000000000533e-01 5.600000000000000533e-01
5.610000000000000542e-01 5.610000000000000542e-01
5.620000000000000551e-01 5.620000000000000551e-01
5.630000000000000560e-01 5.630000000000000560e-01
5.640000000000000568e-01 5.640000000000000568e-01
5.650000000000000577e-01 5.650000000000000577e-01
5.660000000000000586e-01 5.660000000000000586e-01
5.670000000000000595e-01 5.670000000000000595e-01
5.680000000000000604e-01 5.680000000000000604e-01
5.690000000000000613e-01 5.690000000000000613e-01
5.700000000000000622e-01 5.700000000000000622e-01
5.710000000000000631e-01 5.710000000000000631e-01
5.720000000000000639e-01 5.720000000000000639e-01
5.730000000000000648e-01 5.730000000000000648e-01
5.740000000000000657e-01 5.740000000000000657e-01
5.750000000000000666e-01 5.750000000000000666e-01
5.760000000000000675e-01 5.760000000000000675e-01
5.770000000000000684e-01 5.770000000000000684e-01
5.780000000000000693e-01 5.780000000000000693e-01
5.790000000000000702e-01 5.790000000000000702e-01
5.800000000000000711e-01 5.800000000000000711e-01
5.810000000000000719e-01 5.810000000000000719e-01
5.820000000000000728e-01 5.820000000000000728e-01
5.830000000000000737e-01 5.830000000000000737e-01
5.840000000000000746e-01 5.840000000000000746e-01
5.850000000000000755e-01 5.850000000000000755e-01
5.860000000000000764e-01 5.860000000000000764e-01
5.870000000000000773e-01 5.870000000000000773e-01
5.880000000000000782e-01 5.880000000000000782e-01
5.890000000000000790e-01 5.890000000000000790e-01
5.900000000000000799e-01 5.900000000000000799e-01
5.910000000000000808e-01 5.910000000000000808e-01
5.920000000000000817e-01 5.920000000000000817e-01
5.930000000000000826e-01 5.930000000000000826e-01
5.940000000000000835e-01 5.940000000000000835e-01
5.950000000000000844e-01 5.950000000000000844e-01
5.960000000000000853e-01 5.960000000000000853e-01
5.970000000000000862e-01 5.970000000000000862e-01
5.980000000000000870e-01 5.980000000000000870e-01
5.990000000000000879e-01 5.990000000000000879e-01
6.000000000000000888e-01 6.000000000000000888e-01
6.010000000000000897e-01 6.010000000000000897e-01
6.020000000000000906e-01 6.020000000000000906e-01
6.030000000000000915e-01 6.030000000000000915e-01
6.040000000000000924e-01 6.040000000000000924e-01
6.050000000000000933e-01 6.050000000000000933e-01
6.060000000000000941e-01 6.060000000000000941e-01
6.070000000000000950e-01 6.070000000000000950e-01
6.080000000000000959e-01 6.080000000000000959e-01
6.090000000000000968e-01 6.090000000000000968e-01
6.100000000000000977e-01 6.100000000000000977e-01
6.110000000000000986e-01 6.110000000000000986e-01
6.120000000000000995e-01 6.120000000000000995e-01
6.130000000000001004e-01 6.130000000000001004e-01
6.140000000000001013e-01 6.140000000000001013e-01
6.150000000000001021e-01 6.150000000000001021e-01
6.160000000000001030e-01 6.160000000000001030e-01
6.170000000000001039e-01 6.170000000000001039e-01
6.180000000000001048e-01 6.180000000000001048e-01
6.190000000000001057e-01 6.190000000000001057e-01
6.200000000000001066e-01 6.200000000000001066e-01
6.210000000000001075e-01 6.210000000000001075e-01
6.220000000000001084e-01 6.220000000000001084e-01
6.230000000000001092e-01 6.230000000000001092e-01
6.240000000000001101e-01 6.240000000000001101e-01
6.250000000000001110e-01 6.250000000000001110e-01
6.260000000000001119e-01 6.260000000000001119e-01
6.270000000000001128e-01 6.270000000000001128e-01
6.280000000000001137e-01 6.280000000000001137e-01
6.290000000000001146e-01 6.290000000000001146e-01
6.300000000000001155e-01 6.300000000000001155e-01
6.310000000000001164e-01 6.310000000000001164e-01
6.320000000000001172e-01 6.320000000000001172e-01
6.330000000000001181e-01 6.330000000000001181e-01
6.340000000000001190e-01 6.340000000000001190e-01
6.350000000000001199e-01 6.350000000000001199e-01
6.360000000000001208e-01 6.360000000000001208e-01
6.370000000000001217e-01 6.370000000000001217e-01
6.380000000000001226e-01 6.380000000000001226e-01
6.390000000000001235e-01 6.390000000000001235e-01
6.400000000000001243e-01 6.400000000000001243e-01
6.410000000000001252e-01 6.410000000000001252e-01
6.420000000000001261e-01 6.420000000000001261e-01
6.430000000000001270e-01 6.430000000000001270e-01
6.440000000000001279e-01 6.440000000000001279e-01
6.450000000000001288e-01 6.450000000000001288e-01
6.460000000000001297e-01 6.460000000000001297e-01
6.470000000000001306e-01 6.470000000000001306e-01
6.480000000000001315e-01 6.480000000000001315e-01
6.490000000000001323e-01 6.490000000000001323e-01
6.500000000000001332e-01 6.500000000000001332e-01
6.510000000000001341e-01 6.510000000000001341e-01
6.520000000000001350e-01 6.520000000000001350e-01
6.530000000000001359e-01 6.530000000000001359e-01
6.540000000000001368e-01 6.540000000000001368e-01
6.550000000000001377e-01 6.550000000000001377e-01
6.560000000000001386e-01 6.560000000000001386e-01
6.570000000000001394e-01 6.570000000000001394e-01
6.580000000000001403e-01 6.580000000000001403e-01
6.590000000000001412e-01 6.590000000000001412e-01
6.600000000000001421e-01 6.600000000000001421e-01
6.610000000000001430e-01 6.610000000000001430e-01
6.620000000000001439e-01 6.620000000000001439e-01
6.630000000000001448e-01 6.630000000000001448e-01
6.640000000000001457e-01 6.640000000000001457e-01
6.650000000000001465e-01 6.650000000000001465e-01
6.660000000000001474e-01 6.660000000000001474e-01
6.670000000000001483e-01 6.670000000000001483e-01
6.680000000000001492e-01 6.680000000000001492e-01
6.690000000000001501e-01 6.690000000000001501e-01
6.700000000000001510e-01 6.700000000000001510e-01
6.710000000000001519e-01 6.710000000000001519e-01
6.720000000000001528e-01 6.720000000000001528e-01
6.730000000000001537e-01 6.730000000000001537e-01
6.740000000000001545e-01 6.740000000000001545e-01
6.750000000000001554e-01 6.750000000000001554e-01
6.760000000000001563e-01 6.760000000000001563e-01
6.770000000000001572e-01 6.770000000000001572e-01
6.780000000000001581e-01 6.780000000000001581e-01
6.790000000000001590e-01 6.790000000000001590e-01
6.800000000000001599e-01 6.800000000000001599e-01
6.810000000000001608e-01 6.810000000000001608e-01
6.820000000000001616e-01 6.820000000000001616e-01
6.830000000000001625e-01 6.830000000000001625e-01
6.840000000000001634e-01 6.840000000000001634e-01
6.850000000000001643e-01 6.850000000000001643e-01
6.860000000000001652e-01 6.860000000000001652e-01
6.870000000000001661e-01 6.870000000000001661e-01
6.880000000000001670e-01 6.880000000000001670e-01
6.890000000000001679e-01 6.890000000000001679e-01
6.900000000000001688e-01 6.900000000000001688e-01
6.910000000000001696e-01 6.910000000000001696e-01
6.920000000000001705e-01 6.920000000000001705e-01
6.930000000000001714e-01 6.930000000000001714e-01
6.940000000000001723e-01 6.940000000000001723e-01
6.950000000000001732e-01 6.950000000000001732e-01
6.960000000000001741e-01 6.960000000000001741e-01
6.970000000000001750e-01 6.970000000000001750e-01
6.980000000000001759e-01 6.980000000000001759e-01
6.990000000000001767e-01 6.990000000000001767e-01
7.000000000000001776e-01 7.000000000000001776e-01
7.010000000000001785e-01 7.010000000000001785e-01
7.020000000000001794e-01 7.020000000000001794e-01
7.030000000000001803e-01 7.030000000000001803e-01
7.040000000000001812e-01 7.040000000000001812e-01
7.050000000000001821e-01 7.050000000000001821e-01
7.060000000000001830e-01 7.060000000000001830e-01
7.070000000000001839e-01 7.070000000000001839e-01
7.080000000000001847e-01 7.080000000000001847e-01
7.090000000000001856e-01 7.090000000000001856e-01
7.100000000000001865e-01 7.100000000000001865e-01
7.110000000000001874e-01 7.110000000000001874e-01
7.120000000000001883e-01 7.120000000000001883e-01
7.130000000000001892e-01 7.130000000000001892e-01
7.140000000000001901e-01 7.140000000000001901e-01
7.150000000000001910e-01 7.150000000000001910e-01
7.160000000000001918e-01 7.160000000000001918e-01
7.170000000000001927e-01 7.170000000000001927e-01
7.180000000000001936e-01 7.180000000000001936e-01
7.190000000000001945e-01 7.190000000000001945e-01
7.200000000000001954e-01 7.200000000000001954e-01
7.210000000000001963e-01 7.210000000000001963e-01
7.220000000000001972e-01 7.220000000000001972e-01
7.230000000000001981e-01 7.230000000000001981e-01
7.240000000000001990e-01 7.240000000000001990e-01
7.250000000000001998e-01 7.250000000000001998e-01
7.260000000000002007e-01 7.260000000000002007e-01
7.270000000000002016e-01 7.270000000000002016e-01
7.280000000000002025e-01 7.280000000000002025e-01
7.290000000000002034e-01 7.290000000000002034e-01
7.300000000000002043e-01 7.300000000000002043e-01
7.310000000000002052e-01 7.310000000000002052e-01
7.320000000000002061e-01 7.320000000000002061e-01
7.330000000000002069e-01 7.330000000000002069e-01
7.340000000000002078e-01 7.340000000000002078e-01
7.350000000000002087e-01 7.350000000000002087e-01
7.360000000000002096e-01 7.360000000000002096e-01
7.370000000000002105e-01 7.370000000000002105e-01
7.380000000000002114e-01 7.380000000000002114e-01
7.390000000000002123e-01 7.390000000000002123e-01
7.400000000000002132e-01 7.400000000000002132e-01
7.410000000000002141e-01 7.410000000000002141e-01
7.420000000000002149e-01 7.420000000000002149e-01
7.430000000000002158e-01 7.430000000000002158e-01
7.440000000000002167e-01 7.440000000000002167e-01
7.450000000000002176e-01 7.450000000000002176e-01
7.460000000000002185e-01 7.460000000000002185e-01
7.470000000000002194e-01 7.470000000000002194e-01
7.480000000000002203e-01 7.480000000000002203e-01
7.490000000000002212e-01 7.490000000000002212e-01
7.500000000000002220e-01 7.500000000000002220e-01
7.510000000000002229e-01 7.510000000000002229e-01
7.520000000000002238e-01 7.520000000000002238e-01
7.530000000000002247e-01 7.530000000000002247e-01
7.540000000000002256e-01 7.540000000000002256e-01
7.550000000000002265e-01 7.550000000000002265e-01
7.560000000000002274e-01 7.560000000000002274e-01
7.570000000000002283e-01 7.570000000000002283e-01
7.580000000000002292e-01 7.580000000000002292e-01
7.590000000000002300e-01 7.590000000000002300e-01
7.600000000000002309e-01 7.600000000000002309e-01
7.610000000000002318e-01 7.610000000000002318e-01
7.620000000000002327e-01 7.620000000000002327e-01
7.630000000000002336e-01 7.630000000000002336e-01
7.640000000000002345e-01 7.640000000000002345e-01
7.650000000000002354e-01 7.650000000000002354e-01
7.660000000000002363e-01 7.660000000000002363e-01
7.670000000000002371e-01 7.670000000000002371e-01
7.680000000000002380e-01 7.680000000000002380e-01
7.690000000000002389e-01 7.690000000000002389e-01
7.700000000000002398e-01 7.700000000000002398e-01
7.710000000000002407e-01 7.710000000000002407e-01
7.720000000000002416e-01 7.720000000000002416e-01
7.730000000000002425e-01 7.730000000000002425e-01
7.740000000000002434e-01 7.740000000000002434e-01
7.750000000000002442e-01 7.750000000000002442e-01
7.760000000000002451e-01 7.760000000000002451e-01
7.770000000000002460e-01 7.770000000000002460e-01
7.780000000000002469e-01 7.780000000000002469e-01
7.790000000000002478e-01 7.790000000000002478e-01
7.800000000000002487e-01 7.800000000000002487e-01
7.810000000000002496e-01 7.810000000000002496e-01
7.820000000000002505e-01 7.820000000000002505e-01
7.830000000000002514e-01 7.830000000000002514e-01
7.840000000000002522e-01 7.840000000000002522e-01
7.850000000000002531e-01 7.850000000000002531e-01
7.860000000000002540e-01 7.860000000000002540e-01
7.870000000000002549e-01 7.870000000000002549e-01
7.880000000000002558e-01 7.880000000000002558e-01
7.890000000000002567e-01 7.890000000000002567e-01
7.900000000000002576e-01 7.900000000000002576e-01
7.910000000000002585e-01 7.910000000000002585e-01
7.920000000000002593e-01 7.920000000000002593e-01
7.930000000000002602e-01 7.930000000000002602e-01
7.940000000000002611e-01 7.940000000000002611e-01
7.950000000000002620e-01 7.950000000000002620e-01
7.960000000000002629e-01 7.960000000000002629e-01
7.970000000000002638e-01 7.970000000000002638e-01
7.980000000000002647e-01 7.980000000000002647e-01
7.990000000000002656e-01 7.990000000000002656e-01
8.000000000000002665e-01 8.000000000000002665e-01
8.010000000000002673e-01 8.010000000000002673e-01
8.020000000000002682e-01 8.020000000000002682e-01
8.030000000000002691e-01 8.030000000000002691e-01
8.040000000000002700e-01 8.040000000000002700e-01
8.050000000000002709e-01 8.050000000000002709e-01
8.060000000000002718e-01 8.060000000000002718e-01
8.070000000000002727e-01 8.070000000000002727e-01
8.080000000000002736e-01 8.080000000000002736e-01
8.090000000000002744e-01 8.090000000000002744e-01
8.100000000000002753e-01 8.100000000000002753e-01
8.110000000000002762e-01 8.110000000000002762e-01
8.120000000000002771e-01 8.120000000000002771e-01
8.130000000000002780e-01 8.130000000000002780e-01
8.140000000000002789e-01 8.140000000000002789e-01
8.150000000000002798e-01 8.150000000000002798e-01
8.160000000000002807e-01 8.160000000000002807e-01
8.170000000000002816e-01 8.170000000000002816e-01
8.180000000000002824e-01 8.180000000000002824e-01
8.190000000000002833e-01 8.190000000000002833e-01
8.200000000000002842e-01 8.200000000000002842e-01
8.210000000000002851e-01 8.210000000000002851e-01
8.220000000000002860e-01 8.220000000000002860e-01
8.230000000000002869e-01 8.230000000000002869e-01
8.240000000000002878e-01 8.240000000000002878e-01
8.250000000000002887e-01 8.250000000000002887e-01
8.260000000000002895e-01 8.260000000000002895e-01
8.270000000000002904e-01 8.270000000000002904e-01
8.280000000000002913e-01 8.280000000000002913e-01
8.290000000000002922e-01 8.290000000000002922e-01
8.300000000000002931e-01 8.300000000000002931e-01
8.310000000000002940e-01 8.310000000000002940e-01
8.320000000000002949e-01 8.320000000000002949e-01
8.330000000000002958e-01 8.330000000000002958e-01
8.340000000000002967e-01 8.340000000000002967e-01
8.350000000000002975e-01 8.350000000000002975e-01
8.360000000000002984e-01 8.360000000000002984e-01
8.370000000000002993e-01 8.370000000000002993e-01
8.380000000000003002e-01 8.380000000000003002e-01
8.390000000000003011e-01 8.390000000000003011e-01
8.400000000000003020e-01 8.400000000000003020e-01
8.410000000000003029e-01 8.410000000000003029e-01
8.420000000000003038e-01 8.420000000000003038e-01
8.430000000000003046e-01 8.430000000000003046e-01
8.440000000000003055e-01 8.440000000000003055e-01
8.450000000000003064e-01 8.450000000000003064e-01
8.460000000000003073e-01 8.460000000000003073e-01
8.470000000000003082e-01 8.470000000000003082e-01
8.480000000000003091e-01 8.480000000000003091e-01
8.490000000000003100e-01 8.490000000000003100e-01
8.500000000000003109e-01 8.500000000000003109e-01
8.510000000000003118e-01 8.510000000000003118e-01
8.520000000000003126e-01 8.520000000000003126e-01
8.530000000000003135e-01 8.530000000000003135e-01
8.540000000000003144e-01 8.540000000000003144e-01
8.550000000000003153e-01 8.550000000000003153e-01
8.560000000000003162e-01 8.560000000000003162e-01
8.570000000000003171e-01 8.570000000000003171e-01
8.580000000000003180e-01 8.580000000000003180e-01
8.590000000000003189e-01 8.590000000000003189e-01
8.600000000000003197e-01 8.600000000000003197e-01
8.610000000000003206e-01 8.610000000000003206e-01
8.620000000000003215e-01 8.620000000000003215e-01
8.630000000000003224e-01 8.630000000000003224e-01
8.640000000000003233e-01 8.640000000000003233e-01
8.650000000000003242e-01 8.650000000000003242e-01
8.660000000000003251e-01 8.660000000000003251e-01
8.670000000000003260e-01 8.670000000000003260e-01
8.680000000000003268e-01 8.680000000000003268e-01
8.690000000000003277e-01 8.690000000000003277e-01
8.700000000000003286e-01 8.700000000000003286e-01
8.710000000000003295e-01 8.710000000000003295e-01
8.720000000000003304e-01 8.720000000000003304e-01
8.730000000000003313e-01 8.730000000000003313e-01
8.740000000000003322e-01 8.740000000000003322e-01
8.750000000000003331e-01 8.750000000000003331e-01
8.760000000000003340e-01 8.760000000000003340e-01
8.770000000000003348e-01 8.770000000000003348e-01
8.780000000000003357e-01 8.780000000000003357e-01
8.790000000000003366e-01 8.790000000000003366e-01
8.800000000000003375e-01 8.800000000000003375e-01
8.810000000000003384e-01 8.810000000000003384e-01
8.820000000000003393e-01 8.820000000000003393e-01
8.830000000000003402e-01 8.830000000000003402e-01
8.840000000000003411e-01 8.840000000000003411e-01
8.850000000000003419e-01 8.850000000000003419e-01
8.860000000000003428e-01 8.860000000000003428e-01
8.870000000000003437e-01 8.870000000000003437e-01
8.880000000000003446e-01 8.880000000000003446e-01
8.890000000000003455e-01 8.890000000000003455e-01
8.900000000000003464e-01 8.900000000000003464e-01
8.910000000000003473e-01 8.910000000000003473e-01
8.920000000000003482e-01 8.920000000000003482e-01
8.930000000000003491e-01 8.930000000000003491e-01
8.940000000000003499e-01 8.940000000000003499e-01
8.950000000000003508e-01 8.950000000000003508e-01
8.960000000000003517e-01 8.960000000000003517e-01
8.970000000000003526e-01 8.970000000000003526e-01
8.980000000000003535e-01 8.980000000000003535e-01
8.990000000000003544e-01 8.990000000000003544e-01
9.000000000000003553e-01 9.000000000000003553e-01
9.010000000000003562e-01 9.010000000000003562e-01
9.020000000000003570e-01 9.020000000000003570e-01
9.030000000000003579e-01 9.030000000000003579e-01
9.040000000000003588e-01 9.040000000000003588e-01
9.050000000000003597e-01 9.050000000000003597e-01
9.060000000000003606e-01 9.060000000000003606e-01
9.070000000000003615e-01 9.070000000000003615e-01
9.080000000000003624e-01 9.080000000000003624e-01
9.090000000000003633e-01 9.090000000000003633e-01
9.100000000000003642e-01 9.100000000000003642e-01
9.110000000000003650e-01 9.110000000000003650e-01
9.120000000000003659e-01 9.120000000000003659e-01
9.130000000000003668e-01 9.130000000000003668e-01
9.140000000000003677e-01 9.140000000000003677e-01
9.150000000000003686e-01 9.150000000000003686e-01
9.160000000000003695e-01 9.160000000000003695e-01
9.170000000000003704e-01 9.170000000000003704e-01
9.180000000000003713e-01 9.180000000000003713e-01
9.190000000000003721e-01 9.190000000000003721e-01
9.200000000000003730e-01 9.200000000000003730e-01
9.210000000000003739e-01 9.210000000000003739e-01
9.220000000000003748e-01 9.220000000000003748e-01
9.230000000000003757e-01 9.230000000000003757e-01
9.240000000000003766e-01 9.240000000000003766e-01
9.250000000000003775e-01 9.250000000000003775e-01
9.260000000000003784e-01 9.260000000000003784e-01
9.270000000000003793e-01 9.270000000000003793e-01
9.280000000000003801e-01 9.280000000000003801e-01
9.290000000000003810e-01 9.290000000000003810e-01
9.300000000000003819e-01 9.300000000000003819e-01
9.310000000000003828e-01 9.310000000000003828e-01
9.320000000000003837e-01 9.320000000000003837e-01
9.330000000000003846e-01 9.330000000000003846e-01
9.340000000000003855e-01 9.340000000000003855e-01
9.350000000000003864e-01 9.350000000000003864e-01
9.360000000000003872e-01 9.360000000000003872e-01
9.370000000000003881e-01 9.370000000000003881e-01
9.380000000000003890e-01 9.380000000000003890e-01
9.390000000000003899e-01 9.390000000000003899e-01
9.400000000000003908e-01 9.400000000000003908e-01
9.410000000000003917e-01 9.410000000000003917e-01
9.420000000000003926e-01 9.420000000000003926e-01
9.430000000000003935e-01 9.430000000000003935e-01
9.440000000000003944e-01 9.440000000000003944e-01
9.450000000000003952e-01 9.450000000000003952e-01
9.460000000000003961e-01 9.460000000000003961e-01
9.470000000000003970e-01 9.470000000000003970e-01
9.480000000000003979e-01 9.480000000000003979e-01
9.490000000000003988e-01 9.490000000000003988e-01
9.500000000000003997e-01 9.500000000000003997e-01
9.510000000000004006e-01 9.510000000000004006e-01
9.520000000000004015e-01 9.520000000000004015e-01
9.530000000000004023e-01 9.530000000000004023e-01
9.540000000000004032e-01 9.540000000000004032e-01
9.550000000000004041e-01 9.550000000000004041e-01
9.560000000000004050e-01 9.560000000000004050e-01
9.570000000000004059e-01 9.570000000000004059e-01
9.580000000000004068e-01 9.580000000000004068e-01
9.590000000000004077e-01 9.590000000000004077e-01
9.600000000000004086e-01 9.600000000000004086e-01
9.610000000000004095e-01 9.610000000000004095e-01
9.620000000000004103e-01 9.620000000000004103e-01
9.630000000000004112e-01 9.630000000000004112e-01
9.640000000000004121e-01 9.640000000000004121e-01
9.650000000000004130e-01 9.650000000000004130e-01
9.660000000000004139e-01 9.660000000000004139e-01
9.670000000000004148e-01 9.670000000000004148e-01
9.680000000000004157e-01 9.680000000000004157e-01
9.690000000000004166e-01 9.690000000000004166e-01
9.700000000000004174e-01 9.700000000000004174e-01
9.710000000000004183e-01 9.710000000000004183e-01
9.720000000000004192e-01 9.720000000000004192e-01
9.730000000000004201e-01 9.730000000000004201e-01
9.740000000000004210e-01 9.740000000000004210e-01
9.750000000000004219e-01 9.750000000000004219e-01
9.760000000000004228e-01 9.760000000000004228e-01
9.770000000000004237e-01 9.770000000000004237e-01
9.780000000000004245e-01 9.780000000000004245e-01
9.790000000000004254e-01 9.790000000000004254e-01
9.800000000000004263e-01 9.800000000000004263e-01
9.810000000000004272e-01 9.810000000000004272e-01
9.820000000000004281e-01 9.820000000000004281e-01
9.830000000000004290e-01 9.830000000000004290e-01
9.840000000000004299e-01 9.840000000000004299e-01
9.850000000000004308e-01 9.850000000000004308e-01
9.860000000000004317e-01 9.860000000000004317e-01
9.870000000000004325e-01 9.870000000000004325e-01
9.880000000000004334e-01 9.880000000000004334e-01
9.890000000000004343e-01 9.890000000000004343e-01
9.900000000000004352e-01 9.900000000000004352e-01
9.910000000000004361e-01 9.910000000000004361e-01
9.920000000000004370e-01 9.920000000000004370e-01
9.930000000000004379e-01 9.930000000000004379e-01
9.940000000000004388e-01 9.940000000000004388e-01
9.950000000000004396e-01 9.950000000000004396e-01
9.960000000000004405e-01 9.960000000000004405e-01
9.970000000000004414e-01 9.970000000000004414e-01
9.980000000000004423e-01 9.980000000000004423e-01
9.990000000000004432e-01 9.990000000000004432e-01
1.000000000000000444e+00 9.999999999999777955e-01
1.001000000000000334e+00 9.500005263156269253e-01
1.002000000000000446e+00 9.000022222194564714e-01
1.003000000000000558e+00 8.500052941011323471e-01
1.004000000000000448e+00 8.000099999374783444e-01
1.005000000000000338e+00 7.500166664814688078e-01
1.006000000000000449e+00 7.000257138134059476e-01
1.007000000000000561e+00 6.500376912148737585e-01
1.008000000000000451e+00 6.000533309631510548e-01
1.009000000000000341e+00 5.500736314349027323e-01
1.010000000000000453e+00 5.000999900019768019e-01
1.011000000000000565e+00 4.501344243667380063e-01
1.012000000000000455e+00 4.001799595181920743e-01
1.013000000000000345e+00 3.502413453605783822e-01
1.014000000000000457e+00 3.003264890081897565e-01
1.015000000000000568e+00 2.504495957273355500e-01
1.016000000000000458e+00 2.006389792637284231e-01
1.017000000000000348e+00 1.509602596711955569e-01
1.018000000000000460e+00 1.016070863670217456e-01
1.019000000000000572e+00 5.348831648123879290e-02
1.020000000000000462e+00 2.000000000000046185e-02
1.021000000000000352e+00 5.423098745184134345e-02
1.022000000000000464e+00 1.023914058893843765e-01
1.023000000000000576e+00 1.517530889306990816e-01
1.024000000000000465e+00 2.014348529922499187e-01
1.025000000000000355e+00 2.512468905280399456e-01
1.026000000000000467e+00 3.011245589453209193e-01
1.027000000000000579e+00 3.510398837739385769e-01
1.028000000000000469e+00 4.009788024322716860e-01
1.029000000000000359e+00 4.509334762467920310e-01
1.030000000000000471e+00 5.008991914547512581e-01
1.031000000000000583e+00 5.508729436086257092e-01
1.032000000000000473e+00 6.008527273800364776e-01
1.033000000000000362e+00 6.508371532111727475e-01
1.034000000000000474e+00 7.008252278564415239e-01
1.035000000000000586e+00 7.508162225205605722e-01
1.036000000000000476e+00 8.008095903521873504e-01
1.037000000000000366e+00 8.508049130088701784e-01
1.038000000000000478e+00 9.008018650069742339e-01
1.039000000000000590e+00 9.508001893142722372e-01
1.040000000000000480e+00 1.000799680255768376e+00
1.041000000000000369e+00 1.050800171298063024e+00
1.042000000000000481e+00 1.100801526161756749e+00
1.043000000000000593e+00 1.150803632250119612e+00
1.044000000000000483e+00 1.200806395719167474e+00
1.045000000000000373e+00 1.250809737729942084e+00
1.046000000000000485e+00 1.300813591564933924e+00
1.047000000000000597e+00 1.350817900384830184e+00
1.048000000000000487e+00 1.400822615465665555e+00
1.049000000000000377e+00 1.450827694800473022e+00
1.050000000000000488e+00 1.500833101980387774e+00
1.051000000000000600e+00 1.550838805292185318e+00
1.052000000000000490e+00 1.600844776984976292e+00
1.053000000000000380e+00 1.650850992670163109e+00
1.054000000000000492e+00 1.700857430827194205e+00
1.055000000000000604e+00 1.750864072394000992e+00
1.056000000000000494e+00 1.800870900425704857e+00
1.057000000000000384e+00 1.850877899808647919e+00
1.058000000000000496e+00 1.900885057019517488e+00
1.059000000000000608e+00 1.950892359921510000e+00
1.060000000000000497e+00 2.000899797591098928e+00
1.061000000000000387e+00 2.050907360170146632e+00
1.062000000000000499e+00 2.100915038739097795e+00
1.063000000000000611e+00 2.150922825207852718e+00
1.064000000000000501e+00 2.200930712221561780e+00
1.065000000000000391e+00 2.250938693078975650e+00
1.066000000000000503e+00 2.300946761661406992e+00
1.067000000000000615e+00 2.350954912370746275e+00
1.068000000000000504e+00 2.400963140075274449e+00
1.069000000000000394e+00 2.450971440062102324e+00
1.070000000000000506e+00 2.500979807995283632e+00
1.071000000000000618e+00 2.550988239878843267e+00
1.072000000000000508e+00 2.600996732024116298e+00
1.073000000000000398e+00 2.651005281020787585e+00
1.074000000000000510e+00 2.701013883711103514e+00
1.075000000000000622e+00 2.751022537166893489e+00
1.076000000000000512e+00 2.801031238669098311e+00
1.077000000000000401e+00 2.851039985689452827e+00
1.078000000000000513e+00 2.901048775874019992e+00
1.079000000000000625e+00 2.951057607028399588e+00
1.080000000000000515e+00 3.001066477104456620e+00
1.081000000000000405e+00 3.051075384188355777e+00
1.082000000000000517e+00 3.101084326489714105e+00
1.083000000000000629e+00 3.151093302331779089e+00
1.084000000000000519e+00 3.201102310142580620e+00
1.085000000000000409e+00 3.251111348446886762e+00
1.086000000000000520e+00 3.301120415858859403e+00
1.087000000000000632e+00 3.351129511075364498e+00
1.088000000000000522e+00 3.401138632869906697e+00
1.089000000000000412e+00 3.451147780087103545e+00
1.090000000000000524e+00 3.501156951637585113e+00
1.091000000000000636e+00 3.551166146493321740e+00
1.092000000000000526e+00 3.601175363683389197e+00
1.093000000000000416e+00 3.651184602290077574e+00
1.094000000000000528e+00 3.701193861445275957e+00
1.095000000000000639e+00 3.751203140327145746e+00
1.096000000000000529e+00 3.801212438157094198e+00
1.097000000000000419e+00 3.851221754196992642e+00
1.098000000000000531e+00 3.901231087746560355e+00
1.099000000000000643e+00 3.951240438140946054e+00
1.100000000000000533e+00 4.001249804748538530e+00
1.101000000000000423e+00 4.051259186968931836e+00
1.102000000000000535e+00 4.101268584231007708e+00
1.103000000000000647e+00 4.151277995991146774e+00
1.104000000000000536e+00 4.201287421731608518e+00
1.105000000000000426e+00 4.251296860959039137e+00
1.106000000000000538e+00 4.301306313203029141e+00
1.107000000000000650e+00 4.351315778014769542e+00
1.108000000000000540e+00 4.401325254965853695e+00
1.109000000000000430e+00 4.451334743647144876e+00
1.110000000000000542e+00 4.501344243667689149e+00
1.111000000000000654e+00 4.551353754653696626e+00
1.112000000000000544e+00 4.601363276247622203e+00
1.113000000000000433e+00 4.651372808107322676e+00
1.114000000000000545e+00 4.701382349905212976e+00
1.115000000000000657e+00 4.751391901327473910e+00
1.116000000000000547e+00 4.801401462073366488e+00
1.117000000000000437e+00 4.851411031854569345e+00
1.118000000000000549e+00 4.901420610394527699e+00
1.119000000000000661e+00 4.951430197427843183e+00
1.120000000000000551e+00 5.001439792699725828e+00
1.121000000000000441e+00 5.051449395965501132e+00
1.122000000000000552e+00 5.101459006990086920e+00
1.123000000000000664e+00 5.151468625547509284e+00
1.124000000000000554e+00 5.201478251420483367e+00
1.125000000000000444e+00 5.251487884400023454e+00
1.126000000000000556e+00 5.301497524285029073e+00
1.127000000000000668e+00 5.351507170881895981e+00
1.128000000000000558e+00 5.401516824004189310e+00
1.129000000000000448e+00 5.451526483472335372e+00
1.130000000000000560e+00 5.501536149113292140e+00
1.131000000000000671e+00 5.551545820760229510e+00
1.132000000000000561e+00 5.601555498252277054e+00
1.133000000000000451e+00 5.651565181434277108e+00
1.134000000000000563e+00 5.701574870156517427e+00
1.135000000000000675e+00 5.751584564274474509e+00
1.136000000000000565e+00 5.801594263648598648e+00
1.137000000000000455e+00 5.851603968144141632e+00
1.138000000000000567e+00 5.901613677630918708e+00
1.139000000000000679e+00 5.951623391983098976e+00
1.140000000000000568e+00 6.001633111079045513e+00
1.141000000000000458e+00 6.051642834801164383e+00
1.142000000000000570e+00 6.101652563035718124e+00
1.143000000000000682e+00 6.151662295672643666e+00
1.144000000000000572e+00 6.201672032605428875e+00
1.145000000000000462e+00 6.251681773730992653e+00
1.146000000000000574e+00 6.301691518949524173e+00
1.147000000000000686e+00 6.351701268164336334e+00
1.148000000000000576e+00 6.401711021281760949e+00
1.149000000000000465e+00 6.451720778211058160e+00
1.150000000000000577e+00 6.501730538864277875e+00
1.151000000000000689e+00 6.551740303156135425e+00
1.152000000000000579e+00 6.601750071003928966e+00
1.153000000000000469e+00 6.651759842327465755e+00
1.154000000000000581e+00 6.701769617048947580e+00
1.155000000000000693e+00 6.751779395092857072e+00
1.156000000000000583e+00 6.801789176385901747e+00
1.157000000000000473e+00 6.851798960856945619e+00
1.158000000000000584e+00 6.901808748436919494e+00
1.159000000000000696e+00 6.951818539058717938e+00
1.160000000000000586e+00 7.001828332657149545e+00
1.161000000000000476e+00 7.051838129168900515e+00
1.162000000000000588e+00 7.101847928532433407e+00
1.163000000000000700e+00 7.151857730687914305e+00
1.164000000000000590e+00 7.201867535577172852e+00
1.165000000000000480e+00 7.251877343143661392e+00
1.166000000000000592e+00 7.301887153332378588e+00
1.167000000000000703e+00 7.351896966089807250e+00
1.168000000000000593e+00 7.401906781363870813e+00
1.169000000000000483e+00 7.451916599103908467e+00
1.170000000000000595e+00 7.501926419260619205e+00
1.171000000000000707e+00 7.551936241785980108e+00
1.172000000000000597e+00 7.601946066633231247e+00
1.173000000000000487e+00 7.651955893756860583e+00
1.174000000000000599e+00 7.701965723112539131e+00
1.175000000000000711e+00 7.751975554657054346e+00
1.176000000000000600e+00 7.801985388348304795e+00
1.177000000000000490e+00 7.851995224145285945e+00
1.178000000000000602e+00 7.902005062008027103e+00
1.179000000000000714e+00 7.952014901897540788e+00
1.180000000000000604e+00 8.002024743775820070e+00
1.181000000000000494e+00 8.052034587605819027e+00
1.182000000000000606e+00 8.102044433351403896e+00
1.183000000000000718e+00 8.152054280977315770e+00
1.184000000000000608e+00 8.202064130449146617e+00
1.185000000000000497e+00 8.252073981733344610e+00
1.186000000000000609e+00 8.302083834797171491e+00
1.187000000000000721e+00 8.352093689608649285e+00
1.188000000000000611e+00 8.402103546136556744e+00
1.189000000000000501e+00 8.452113404350441783e+00
1.190000000000000613e+00 8.502123264220562859e+00
1.191000000000000725e+00 8.552133125717853446e+00
1.192000000000000615e+00 8.602142988813922031e+00
1.193000000000000504e+00 8.652152853481059225e+00
1.194000000000000616e+00 8.702162719692188020e+00
1.195000000000000728e+00 8.752172587420830041e+00
1.196000000000000618e+00 8.802182456641110875e+00
1.197000000000000508e+00 8.852192327327760069e+00
1.198000000000000620e+00 8.902202199456073828e+00
1.199000000000000732e+00 8.952212073001881265e+00
1.200000000000000622e+00 9.002221947941551505e+00
1.201000000000000512e+00 9.052231824251986581e+00
1.202000000000000624e+00 9.102241701910610772e+00
1.203000000000000735e+00 9.152251580895308436e+00
1.204000000000000625e+00 9.202261461184450653e+00
1.205000000000000515e+00 9.252271342756893446e+00
1.206000000000000627e+00 9.302281225591954694e+00
1.207000000000000739e+00 9.352291109669367941e+00
1.208000000000000629e+00 9.402300994969294834e+00
1.209000000000000519e+00 9.452310881472344661e+00
1.210000000000000631e+00 9.502320769159531721e+00
1.211000000000000743e+00 9.552330658012246900e+00
1.212000000000000632e+00 9.602340548012271881e+00
1.213000000000000522e+00 9.652350439141780925e+00
1.214000000000000634e+00 9.702360331383317771e+00
1.215000000000000746e+00 9.752370224719768999e+00
1.216000000000000636e+00 9.802380119134364023e+00
1.217000000000000526e+00 9.852390014610694635e+00
1.218000000000000638e+00 9.902399911132686583e+00
1.219000000000000750e+00 9.952409808684565817e+00
1.220000000000000639e+00 1.000241970725087270e+01
1.221000000000000529e+00 1.005242960681647979e+01
1.222000000000000641e+00 1.010243950736655627e+01
1.223000000000000753e+00 1.015244940888654490e+01
1.224000000000000643e+00 1.020245931136216910e+01
1.225000000000000533e+00 1.025246921477945961e+01
1.226000000000000645e+00 1.030247911912471181e+01
1.227000000000000757e+00 1.035248902438446272e+01
1.228000000000000647e+00 1.040249893054551933e+01
1.229000000000000536e+00 1.045250883759495331e+01
1.230000000000000648e+00 1.050251874552007969e+01
1.231000000000000760e+00 1.055252865430844444e+01
1.232000000000000650e+00 1.060253856394782090e+01
1.233000000000000540e+00 1.065254847442622932e+01
1.234000000000000652e+00 1.070255838573192264e+01
1.235000000000000764e+00 1.075256829785334745e+01
1.236000000000000654e+00 1.080257821077916169e+01
1.237000000000000544e+00 1.085258812449825605e+01
1.238000000000000655e+00 1.090259803899972724e+01
1.239000000000000767e+00 1.095260795427284606e+01
1.240000000000000657e+00 1.100261787030708049e+01
1.241000000000000547e+00 1.105262778709210814e+01
1.242000000000000659e+00 1.110263770461779664e+01
1.243000000000000771e+00 1.115264762287416822e+01
1.244000000000000661e+00 1.120265754185143159e+01
1.245000000000000551e+00 1.125266746153998021e+01
1.246000000000000663e+00 1.130267738193038696e+01
1.247000000000000774e+00 1.135268730301336504e+01
1.248000000000000664e+00 1.140269722477979286e+01
1.249000000000000554e+00 1.145270714722072292e+01
1.250000000000000666e+00 1.150271707032737467e+01
1.251000000000000778e+00 1.155272699409108839e+01
1.252000000000000668e+00 1.160273691850335709e+01
1.253000000000000558e+00 1.165274684355584078e+01
1.254000000000000670e+00 1.170275676924034691e+01
1.255000000000000782e+00 1.175276669554879483e+01
1.256000000000000671e+00 1.180277662247323889e+01
1.257000000000000561e+00 1.185278655000589509e+01
1.258000000000000673e+00 1.190279647813911090e+01
1.259000000000000785e+00 1.195280640686533147e+01
1.260000000000000675e+00 1.200281633617714050e+01
1.261000000000000565e+00 1.205282626606725493e+01
1.262000000000000677e+00 1.210283619652851428e+01
1.263000000000000789e+00 1.215284612755386462e+01
1.264000000000000679e+00 1.220285605913635507e+01
1.265000000000000568e+00 1.225286599126917331e+01
1.266000000000000680e+00 1.230287592394562246e+01
1.267000000000000792e+00 1.235288585715908738e+01
1.268000000000000682e+00 1.240289579090305949e+01
1.269000000000000572e+00 1.245290572517116168e+01
1.270000000000000684e+00 1.250291565995711451e+01
1.271000000000000796e+00 1.255292559525471674e+01
1.272000000000000686e+00 1.260293553105786657e+01
1.273000000000000576e+00 1.265294546736058301e+01
1.274000000000000687e+00 1.270295540415697566e+01
1.275000000000000799e+00 1.275296534144122163e+01
1.276000000000000689e+00 1.280297527920759926e+01
1.277000000000000579e+00 1.285298521745048816e+01
1.278000000000000691e+00 1.290299515616435677e+01
1.279000000000000803e+00 1.295300509534374633e+01
1.280000000000000693e+00 1.300301503498326916e+01
1.281000000000000583e+00 1.305302497507764592e+01
1.282000000000000695e+00 1.310303491562168254e+01
1.283000000000000806e+00 1.315304485661024003e+01
1.284000000000000696e+00 1.320305479803825222e+01
1.285000000000000586e+00 1.325306473990075773e+01
1.286000000000000698e+00 1.330307468219286982e+01
1.287000000000000810e+00 1.335308462490974613e+01
1.288000000000000700e+00 1.340309456804662425e+01
1.289000000000000590e+00 1.345310451159883058e+01
1.290000000000000702e+00 1.350311445556176082e+01
1.291000000000000814e+00 1.355312439993085505e+01
1.292000000000000703e+00 1.360313434470162797e+01
1.293000000000000593e+00 1.365314428986967243e+01
1.294000000000000705e+00 1.370315423543065059e+01
1.295000000000000817e+00 1.375316418138026542e+01
1.296000000000000707e+00 1.380317412771428387e+01
1.297000000000000597e+00 1.385318407442855104e+01
1.298000000000000709e+00 1.390319402151897599e+01
1.299000000000000821e+00 1.395320396898150328e+01
1.300000000000000711e+00 1.400321391681213257e+01
1.301000000000000600e+00 1.405322386500694876e+01
1.302000000000000712e+00 1.410323381356208650e+01
1.303000000000000824e+00 1.415324376247371774e+01
1.304000000000000714e+00 1.420325371173806062e+01
1.305000000000000604e+00 1.425326366135141853e+01
1.306000000000000716e+00 1.430327361131014108e+01
1.307000000000000828e+00 1.435328356161060270e+01
1.308000000000000718e+00 1.440329351224924004e+01
1.309000000000000608e+00 1.445330346322254833e+01
1.310000000000000719e+00 1.450331341452707612e+01
1.311000000000000831e+00 1.455332336615940214e+01
1.312000000000000721e+00 1.460333331811614421e+01
1.313000000000000611e+00 1.465334327039399120e+01
1.314000000000000723e+00 1.470335322298968173e+01
1.315000000000000835e+00 1.475336317589997037e+01
1.316000000000000725e+00 1.480337312912165437e+01
1.317000000000000615e+00 1.485338308265160556e+01
1.318000000000000727e+00 1.490339303648672775e+01
1.319000000000000838e+00 1.495340299062394962e+01
1.320000000000000728e+00 1.500341294506023537e+01
1.321000000000000618e+00 1.505342289979262382e+01
1.322000000000000730e+00 1.510343285481817510e+01
1.323000000000000842e+00 1.515344281013398131e+01
1.324000000000000732e+00 1.520345276573716831e+01
1.325000000000000622e+00 1.525346272162491523e+01
1.326000000000000734e+00 1.530347267779444564e+01
1.327000000000000846e+00 1.535348263424299908e+01
1.328000000000000735e+00 1.540349259096783996e+01
1.329000000000000625e+00 1.545350254796630196e+01
1.330000000000000737e+00 1.550351250523574542e+01
1.331000000000000849e+00 1.555352246277354844e+01
1.332000000000000739e+00 1.560353242057711576e+01
1.333000000000000629e+00 1.565354237864391429e+01
1.334000000000000741e+00 1.570355233697144115e+01
1.335000000000000853e+00 1.575356229555719700e+01
1.336000000000000743e+00 1.580357225439872337e+01
1.337000000000000632e+00 1.585358221349360974e+01
1.338000000000000744e+00 1.590359217283948112e+01
1.339000000000000856e+00 1.595360213243395897e+01
1.340000000000000746e+00 1.600361209227470383e+01
1.341000000000000636e+00 1.605362205235943307e+01
1.342000000000000748e+00 1.610363201268587119e+01
1.343000000000000860e+00 1.615364197325176931e+01
1.344000000000000750e+00 1.620365193405490345e+01
1.345000000000000639e+00 1.625366189509308867e+01
1.346000000000000751e+00 1.630367185636417204e+01
1.347000000000000863e+00 1.635368181786601482e+01
1.348000000000000753e+00 1.640369177959648184e+01
1.349000000000000643e+00 1.645370174155351251e+01
1.350000000000000755e+00 1.650371170373504981e+01
1.351000000000000867e+00 1.655372166613905094e+01
1.352000000000000757e+00 1.660373162876349440e+01
1.353000000000000647e+00 1.665374159160640843e+01
1.354000000000000759e+00 1.670375155466583550e+01
1.355000000000000870e+00 1.675376151793982871e+01
1.356000000000000760e+00 1.680377148142646249e+01
1.357000000000000650e+00 1.685378144512385390e+01
1.358000000000000762e+00 1.690379140903014488e+01
1.359000000000000874e+00 1.695380137314347380e+01
1.360000000000000764e+00 1.700381133746200391e+01
1.361000000000000654e+00 1.705382130198393753e+01
1.362000000000000766e+00 1.710383126670750542e+01
1.363000000000000878e+00 1.715384123163093477e+01
1.364000000000000767e+00 1.720385119675246699e+01
1.365000000000000657e+00 1.725386116207039322e+01
1.366000000000000769e+00 1.730387112758302237e+01
1.367000000000000881e+00 1.735388109328865980e+01
1.368000000000000771e+00 1.740389105918562507e+01
1.369000000000000661e+00 1.745390102527229104e+01
1.370000000000000773e+00 1.750391099154704477e+01
1.371000000000000885e+00 1.755392095800825558e+01
1.372000000000000774e+00 1.760393092465433895e+01
1.373000000000000664e+00 1.765394089148372458e+01
1.374000000000000776e+00 1.770395085849487415e+01
1.375000000000000888e+00 1.775396082568623868e+01
1.376000000000000778e+00 1.780397079305629049e+01
1.377000000000000668e+00 1.785398076060353745e+01
1.378000000000000780e+00 1.790399072832650162e+01
1.379000000000000892e+00 1.795400069622371575e+01
1.380000000000000782e+00 1.800401066429370189e+01
1.381000000000000671e+00 1.805402063253504608e+01
1.382000000000000783e+00 1.810403060094633787e+01
1.383000000000000895e+00 1.815404056952615974e+01
1.384000000000000785e+00 1.820405053827310837e+01
1.385000000000000675e+00 1.825406050718582662e+01
1.386000000000000787e+00 1.830407047626296446e+01
1.387000000000000899e+00 1.835408044550316475e+01
1.388000000000000789e+00 1.840409041490509168e+01
1.389000000000000679e+00 1.845410038446743783e+01
1.390000000000000790e+00 1.850411035418891714e+01
1.391000000000000902e+00 1.855412032406822931e+01
1.392000000000000792e+00 1.860413029410408825e+01
1.393000000000000682e+00 1.865414026429525052e+01
1.394000000000000794e+00 1.870415023464047621e+01
1.395000000000000906e+00 1.875416020513853255e+01
1.396000000000000796e+00 1.880417017578817607e+01
1.397000000000000686e+00 1.885418014658821662e+01
1.398000000000000798e+00 1.890419011753747469e+01
1.399000000000000909e+00 1.895420008863475303e+01
1.400000000000000799e+00 1.900421005987887568e+01
1.401000000000000689e+00 1.905422003126869512e+01
1.402000000000000801e+00 1.910423000280308514e+01
1.403000000000000913e+00 1.915423997448089111e+01
1.404000000000000803e+00 1.920424994630098681e+01
1.405000000000000693e+00 1.925425991826227801e+01
1.406000000000000805e+00 1.930426989036367402e+01
1.407000000000000917e+00 1.935427986260407707e+01
1.408000000000000806e+00 1.940428983498240711e+01
1.409000000000000696e+00 1.945429980749760546e+01
1.410000000000000808e+00 1.950430978014863115e+01
1.411000000000000920e+00 1.955431975293443614e+01
1.412000000000000810e+00 1.960432972585396882e+01
1.413000000000000700e+00 1.965433969890622734e+01
1.414000000000000812e+00 1.970434967209021337e+01
1.415000000000000924e+00 1.975435964540490730e+01
1.416000000000000814e+00 1.980436961884931080e+01
1.417000000000000703e+00 1.985437959242246109e+01
1.418000000000000815e+00 1.990438956612338828e+01
1.419000000000000927e+00 1.995439953995112958e+01
1.420000000000000817e+00 2.000440951390472222e+01
1.421000000000000707e+00 2.005441948798322827e+01
1.422000000000000819e+00 2.010442946218573113e+01
1.423000000000000931e+00 2.015443943651129999e+01
1.424000000000000821e+00 2.020444941095900404e+01
1.425000000000000711e+00 2.025445938552795511e+01
1.426000000000000822e+00 2.030446936021726145e+01
1.427000000000000934e+00 2.035447933502603490e+01
1.428000000000000824e+00 2.040448930995337662e+01
1.429000000000000714e+00 2.045449928499843395e+01
1.430000000000000826e+00 2.050450926016035424e+01
1.431000000000000938e+00 2.055451923543827419e+01
1.432000000000000828e+00 2.060452921083133404e+01
1.433000000000000718e+00 2.065453918633871311e+01
1.434000000000000830e+00 2.070454916195959427e+01
1.435000000000000941e+00 2.075455913769314265e+01
1.436000000000000831e+00 2.080456911353853755e+01
1.437000000000000721e+00 2.085457908949498673e+01
1.438000000000000833e+00 2.090458906556169794e+01
1.439000000000000945e+00 2.095459904173787535e+01
1.440000000000000835e+00 2.100460901802273028e+01
1.441000000000000725e+00 2.105461899441549178e+01
1.442000000000000837e+00 2.110462897091540313e+01
1.443000000000000949e+00 2.115463894752170049e+01
1.444000000000000838e+00 2.120464892423361292e+01
1.445000000000000728e+00 2.125465890105041211e+01
1.446000000000000840e+00 2.130466887797136977e+01
1.447000000000000952e+00 2.135467885499573626e+01
1.448000000000000842e+00 2.140468883212278328e+01
1.449000000000000732e+00 2.145469880935180385e+01
1.450000000000000844e+00 2.150470878668209096e+01
1.451000000000000956e+00 2.155471876411293053e+01
1.452000000000000846e+00 2.160472874164361912e+01
1.453000000000000735e+00 2.165473871927347105e+01
1.454000000000000847e+00 2.170474869700181131e+01
1.455000000000000959e+00 2.175475867482795422e+01
1.456000000000000849e+00 2.180476865275121057e+01
1.457000000000000739e+00 2.185477863077092664e+01
1.458000000000000851e+00 2.190478860888645585e+01
1.459000000000000963e+00 2.195479858709713028e+01
1.460000000000000853e+00 2.200480856540228558e+01
1.461000000000000743e+00 2.205481854380129647e+01
1.462000000000000854e+00 2.210482852229353767e+01
1.463000000000000966e+00 2.215483850087836259e+01
1.464000000000000856e+00 2.220484847955513175e+01
1.465000000000000746e+00 2.225485845832324472e+01
1.466000000000000858e+00 2.230486843718209400e+01
1.467000000000000970e+00 2.235487841613105431e+01
1.468000000000000860e+00 2.240488839516952169e+01
1.469000000000000750e+00 2.245489837429690283e+01
1.470000000000000862e+00 2.250490835351261509e+01
1.471000000000000973e+00 2.255491833281606162e+01
1.472000000000000863e+00 2.260492831220665266e+01
1.473000000000000753e+00 2.265493829168381623e+01
1.474000000000000865e+00 2.270494827124699455e+01
1.475000000000000977e+00 2.275495825089561208e+01
1.476000000000000867e+00 2.280496823062908618e+01
1.477000000000000757e+00 2.285497821044688038e+01
1.478000000000000869e+00 2.290498819034845113e+01
1.479000000000000981e+00 2.295499817033323708e+01
1.480000000000000870e+00 2.300500815040068403e+01
1.481000000000000760e+00 2.305501813055027327e+01
1.482000000000000872e+00 2.310502811078147190e+01
1.483000000000000984e+00 2.315503809109374345e+01
1.484000000000000874e+00 2.320504807148655857e+01
1.485000000000000764e+00 2.325505805195940212e+01
1.486000000000000876e+00 2.330506803251176962e+01
1.487000000000000988e+00 2.335507801314314591e+01
1.488000000000000878e+00 2.340508799385300520e+01
1.489000000000000767e+00 2.345509797464086077e+01
1.490000000000000879e+00 2.350510795550622589e+01
1.491000000000000991e+00 2.355511793644859608e+01
1.492000000000000881e+00 2.360512791746747041e+01
1.493000000000000771e+00 2.365513789856236926e+01
1.494000000000000883e+00 2.370514787973283433e+01
1.495000000000000995e+00 2.375515786097836823e+01
1.496000000000000885e+00 2.380516784229848781e+01
1.497000000000000774e+00 2.385517782369273831e+01
1.498000000000000886e+00 2.390518780516066499e+01
1.499000000000000998e+00 2.395519778670179178e+01
1.500000000000000888e+00 2.400520776831564973e+01
1.501000000000000778e+00 2.405521775000180540e+01
1.502000000000000890e+00 2.410522773175980760e+01
1.503000000000001002e+00 2.415523771358920868e+01
1.504000000000000892e+00 2.420524769548955035e+01
1.505000000000000782e+00 2.425525767746040273e+01
1.506000000000000894e+00 2.430526765950135015e+01
1.507000000000001005e+00 2.435527764161194142e+01
1.508000000000000895e+00 2.440528762379173600e+01
1.509000000000000785e+00 2.445529760604032887e+01
1.510000000000000897e+00 2.450530758835730794e+01
1.511000000000001009e+00 2.455531757074223975e+01
1.512000000000000899e+00 2.460532755319469800e+01
1.513000000000000789e+00 2.465533753571429187e+01
1.514000000000000901e+00 2.470534751830061282e+01
1.515000000000001013e+00 2.475535750095325227e+01
1.516000000000000902e+00 2.480536748367180166e+01
1.517000000000000792e+00 2.485537746645586665e+01
1.518000000000000904e+00 2.490538744930506709e+01
1.519000000000001016e+00 2.495539743221900153e+01
1.520000000000000906e+00 2.500540741519726140e+01
1.521000000000000796e+00 2.505541739823948788e+01
1.522000000000000908e+00 2.510542738134529728e+01
1.523000000000001020e+00 2.515543736451430945e+01
1.524000000000000909e+00 2.520544734774612650e+01
1.525000000000000799e+00 2.525545733104039314e+01
1.526000000000000911e+00 2.530546731439675057e+01
1.527000000000001023e+00 2.535547729781481863e+01
1.528000000000000913e+00 2.540548728129422074e+01
1.529000000000000803e+00 2.545549726483460162e+01
1.530000000000000915e+00 2.550550724843562733e+01
1.531000000000001027e+00 2.555551723209691772e+01
1.532000000000000917e+00 2.560552721581811753e+01
1.533000000000000806e+00 2.565553719959888568e+01
1.534000000000000918e+00 2.570554718343887401e+01
1.535000000000001030e+00 2.575555716733774148e+01
1.536000000000000920e+00 2.580556715129513279e+01
1.537000000000000810e+00 2.585557713531071400e+01
1.538000000000000922e+00 2.590558711938415826e+01
1.539000000000001034e+00 2.595559710351512450e+01
1.540000000000000924e+00 2.600560708770326812e+01
1.541000000000000814e+00 2.605561707194826937e+01
1.542000000000000925e+00 2.610562705624981561e+01
1.543000000000001037e+00 2.615563704060756933e+01
1.544000000000000927e+00 2.620564702502120014e+01
1.545000000000000817e+00 2.625565700949039893e+01
1.546000000000000929e+00 2.630566699401485309e+01
1.547000000000001041e+00 2.635567697859424641e+01
1.548000000000000931e+00 2.640568696322825204e+01
1.549000000000000821e+00 2.645569694791657156e+01
1.550000000000000933e+00 2.650570693265890654e+01
1.551000000000001044e+00 2.655571691745494789e+01
1.552000000000000934e+00 2.660572690230437232e+01
1.553000000000000824e+00 2.665573688720689205e+01
1.554000000000000936e+00 2.670574687216222287e+01
1.555000000000001048e+00 2.675575685717006280e+01
1.556000000000000938e+00 2.680576684223009565e+01
1.557000000000000828e+00 2.685577682734204785e+01
1.558000000000000940e+00 2.690578681250564586e+01
1.559000000000001052e+00 2.695579679772057347e+01
1.560000000000000941e+00 2.700580678298655357e+01
1.561000000000000831e+00 2.705581676830330196e+01
1.562000000000000943e+00 2.710582675367055572e+01
1.563000000000001055e+00 2.715583673908802353e+01
1.564000000000000945e+00 2.720584672455541408e+01
1.565000000000000835e+00 2.725585671007246802e+01
1.566000000000000947e+00 2.730586669563891533e+01
1.567000000000001059e+00 2.735587668125448246e+01
1.568000000000000949e+00 2.740588666691889230e+01
1.569000000000000838e+00 2.745589665263187840e+01
1.570000000000000950e+00 2.750590663839318850e+01
1.571000000000001062e+00 2.755591662420255972e+01
1.572000000000000952e+00 2.760592661005970783e+01
1.573000000000000842e+00 2.765593659596438769e+01
1.574000000000000954e+00 2.770594658191635773e+01
1.575000000000001066e+00 2.775595656791534438e+01
1.576000000000000956e+00 2.780596655396108829e+01
1.577000000000000846e+00 2.785597654005334789e+01
1.578000000000000957e+00 2.790598652619187803e+01
1.579000000000001069e+00 2.795599651237642647e+01
1.580000000000000959e+00 2.800600649860673741e+01
1.581000000000000849e+00 2.805601648488256927e+01
1.582000000000000961e+00 2.810602647120369113e+01
1.583000000000001073e+00 2.815603645756986140e+01
1.584000000000000963e+00 2.820604644398081362e+01
1.585000000000000853e+00 2.825605643043633108e+01
1.586000000000000965e+00 2.830606641693618997e+01
1.587000000000001076e+00 2.835607640348013803e+01
1.588000000000000966e+00 2.840608639006793368e+01
1.589000000000000856e+00 2.845609637669936021e+01
1.590000000000000968e+00 2.850610636337419734e+01
1.591000000000001080e+00 2.855611635009219995e+01
1.592000000000000970e+00 2.860612633685313710e+01
1.593000000000000860e+00 2.865613632365679564e+01
1.594000000000000972e+00 2.870614631050296239e+01
1.595000000000001084e+00 2.875615629739139933e+01
1.596000000000000973e+00 2.880616628432188264e+01
1.597000000000000863e+00 2.885617627129420271e+01
1.598000000000000975e+00 2.890618625830814636e+01
1.599000000000001087e+00 2.895619624536349690e+01
1.600000000000000977e+00 2.900620623246002694e+01
1.601000000000000867e+00 2.905621621959752687e+01
1.602000000000000979e+00 2.910622620677580485e+01
1.603000000000001091e+00 2.915623619399464417e+01
1.604000000000000981e+00 2.920624618125381033e+01
1.605000000000000870e+00 2.925625616855312217e+01
1.606000000000000982e+00 2.930626615589237716e+01
1.607000000000001094e+00 2.935627614327136214e+01
1.608000000000000984e+00 2.940628613068986041e+01
1.609000000000000874e+00 2.945629611814769078e+01
1.610000000000000986e+00 2.950630610564465073e+01
1.611000000000001098e+00 2.955631609318054487e+01
1.612000000000000988e+00 2.960632608075515648e+01
1.613000000000000878e+00 2.965633606836830083e+01
1.614000000000000989e+00 2.970634605601979672e+01
1.615000000000001101e+00 2.975635604370944165e+01
1.616000000000000991e+00 2.980636603143702601e+01
1.617000000000000881e+00 2.985637601920237572e+01
1.618000000000000993e+00 2.990638600700530603e+01
1.619000000000001105e+00 2.995639599484562865e+01
1.620000000000000995e+00 3.000640598272313753e+01
1.621000000000000885e+00 3.005641597063766213e+01
1.622000000000000997e+00 3.010642595858902482e+01
1.623000000000001108e+00 3.015643594657703375e+01
1.624000000000000998e+00 3.020644593460149352e+01
1.625000000000000888e+00 3.025645592266223360e+01
1.626000000000001000e+00 3.030646591075909413e+01
1.627000000000001112e+00 3.035647589889187614e+01
1.628000000000001002e+00 3.040648588706039490e+01
1.629000000000000892e+00 3.045649587526448698e+01
1.630000000000001004e+00 3.050650586350398541e+01
1.631000000000001116e+00 3.055651585177870544e+01
1.632000000000001005e+00 3.060652584008846944e+01
1.633000000000000895e+00 3.065653582843310687e+01
1.634000000000001007e+00 3.070654581681246498e+01
1.635000000000001119e+00 3.075655580522636257e+01
1.636000000000001009e+00 3.080656579367461845e+01
1.637000000000000899e+00 3.085657578215707986e+01
1.638000000000001011e+00 3.090658577067359047e+01
1.639000000000001123e+00 3.095659575922396911e+01
1.640000000000001013e+00 3.100660574780804879e+01
1.641000000000000902e+00 3.105661573642567674e+01
1.642000000000001014e+00 3.110662572507669310e+01
1.643000000000001126e+00 3.115663571376093444e+01
1.644000000000001016e+00 3.120664570247823377e+01
1.645000000000000906e+00 3.125665569122843124e+01
1.646000000000001018e+00 3.130666568001139538e+01
1.647000000000001130e+00 3.135667566882694501e+01
1.648000000000001020e+00 3.140668565767491316e+01
1.649000000000000909e+00 3.145669564655516837e+01
1.650000000000001021e+00 3.150670563546755787e+01
1.651000000000001133e+00 3.155671562441191824e+01
1.652000000000001023e+00 3.160672561338810027e+01
1.653000000000000913e+00 3.165673560239594764e+01
1.654000000000001025e+00 3.170674559143532178e+01
1.655000000000001137e+00 3.175675558050607350e+01
1.656000000000001027e+00 3.180676556960803936e+01
1.657000000000000917e+00 3.185677555874107725e+01
1.658000000000001029e+00 3.190678554790505927e+01
1.659000000000001140e+00 3.195679553709983267e+01
1.660000000000001030e+00 3.200680552632523046e+01
1.661000000000000920e+00 3.205681551558112830e+01
1.662000000000001032e+00 3.210682550486738762e+01
1.663000000000001144e+00 3.215683549418386633e+01
1.664000000000001034e+00 3.220684548353041521e+01
1.665000000000000924e+00 3.225685547290688504e+01
1.666000000000001036e+00 3.230686546231316925e+01
1.667000000000001148e+00 3.235687545174910440e+01
1.668000000000001037e+00 3.240688544121454129e+01
1.669000000000000927e+00 3.245689543070937333e+01
1.670000000000001039e+00 3.250690542023345841e+01
1.671000000000001151e+00 3.255691540978664733e+01
1.672000000000001041e+00 3.260692539936881928e+01
1.673000000000000931e+00 3.265693538897983217e+01
1.674000000000001043e+00 3.270694537861956519e+01
1.675000000000001155e+00 3.275695536828787624e+01
1.676000000000001044e+00 3.280696535798463032e+01
1.677000000000000934e+00 3.285697534770969952e+01
1.678000000000001046e+00 3.290698533746298438e+01
1.679000000000001158e+00 3.295699532724432146e+01
1.680000000000001048e+00 3.300700531705358287e+01
1.681000000000000938e+00 3.305701530689065493e+01
1.682000000000001050e+00 3.310702529675542394e+01
1.683000000000001162e+00 3.315703528664774780e+01
1.684000000000001052e+00 3.320704527656749150e+01
1.685000000000000941e+00 3.325705526651454846e+01
1.686000000000001053e+00 3.330706525648880501e+01
1.687000000000001165e+00 3.335707524649011901e+01
1.688000000000001055e+00 3.340708523651836970e+01
1.689000000000000945e+00 3.345709522657343626e+01
1.690000000000001057e+00 3.350710521665521924e+01
1.691000000000001169e+00 3.355711520676359072e+01
1.692000000000001059e+00 3.360712519689840150e+01
1.693000000000000949e+00 3.365713518705956631e+01
1.694000000000001060e+00 3.370714517724696435e+01
1.695000000000001172e+00 3.375715516746048195e+01
1.696000000000001062e+00 3.380716515769998409e+01
1.697000000000000952e+00 3.385717514796536420e+01
1.698000000000001064e+00 3.390718513825651570e+01
1.699000000000001176e+00 3.395719512857332489e+01
1.700000000000001066e+00 3.400720511891566389e+01
1.701000000000000956e+00 3.405721510928342610e+01
1.702000000000001068e+00 3.410722509967651206e+01
1.703000000000001180e+00 3.415723509009481518e+01
1.704000000000001069e+00 3.420724508053817914e+01
1.705000000000000959e+00 3.425725507100653999e+01
1.706000000000001071e+00 3.430726506149978405e+01
1.707000000000001183e+00 3.435727505201779053e+01
1.708000000000001073e+00 3.440728504256044573e+01
1.709000000000000963e+00 3.445729503312764308e+01
1.710000000000001075e+00 3.450730502371931152e+01
1.711000000000001187e+00 3.455731501433530184e+01
1.712000000000001076e+00 3.460732500497551456e+01
1.713000000000000966e+00 3.465733499563985731e+01
1.714000000000001078e+00 3.470734498632823062e+01
1.715000000000001190e+00 3.475735497704052790e+01
1.716000000000001080e+00 3.480736496777662836e+01
1.717000000000000970e+00 3.485737495853643964e+01
1.718000000000001082e+00 3.490738494931987645e+01
1.719000000000001194e+00 3.495739494012681803e+01
1.720000000000001084e+00 3.500740493095716488e+01
1.721000000000000973e+00 3.505741492181081043e+01
1.722000000000001085e+00 3.510742491268767651e+01
1.723000000000001197e+00 3.515743490358767076e+01
1.724000000000001087e+00 3.520744489451064396e+01
1.725000000000000977e+00 3.525745488545653927e+01
1.726000000000001089e+00 3.530746487642526432e+01
1.727000000000001201e+00 3.535747486741670542e+01
1.728000000000001091e+00 3.540748485843076310e+01
1.729000000000000981e+00 3.545749484946734498e+01
1.730000000000001092e+00 3.550750484052637290e+01
1.731000000000001204e+00 3.555751483160774029e+01
1.732000000000001094e+00 3.560752482271133346e+01
1.733000000000000984e+00 3.565753481383708134e+01
1.734000000000001096e+00 3.570754480498489869e+01
1.735000000000001208e+00 3.575755479615467181e+01
1.736000000000001098e+00 3.580756478734631543e+01
1.737000000000000988e+00 3.585757477855974429e+01
1.738000000000001100e+00 3.590758476979485891e+01
1.739000000000001211e+00 3.595759476105158114e+01
1.740000000000001101e+00 3.600760475232981150e+01
1.741000000000000991e+00 3.605761474362944341e+01
1.742000000000001103e+00 3.610762473495043423e+01
1.743000000000001215e+00 3.615763472629265607e+01
1.744000000000001105e+00 3.620764471765601655e+01
1.745000000000000995e+00 3.625765470904045884e+01
1.746000000000001107e+00 3.630766470044588345e+01
1.747000000000001219e+00 3.635767469187219803e+01
1.748000000000001108e+00 3.640768468331931729e+01
1.749000000000000998e+00 3.645769467478715598e+01
1.750000000000001110e+00 3.650770466627563593e+01
1.751000000000001222e+00 3.655771465778467189e+01
1.752000000000001112e+00 3.660772464931417147e+01
1.753000000000001002e+00 3.665773464086404232e+01
1.754000000000001114e+00 3.670774463243422758e+01
1.755000000000001226e+00 3.675775462402464200e+01
1.756000000000001116e+00 3.680776461563516477e+01
1.757000000000001005e+00 3.685777460726574617e+01
1.758000000000001117e+00 3.690778459891630803e+01
1.759000000000001229e+00 3.695779459058676508e+01
1.760000000000001119e+00 3.700780458227702496e+01
1.761000000000001009e+00 3.705781457398700951e+01
1.762000000000001121e+00 3.710782456571665477e+01
1.763000000000001233e+00 3.715783455746586839e+01
1.764000000000001123e+00 3.720784454923456508e+01
1.765000000000001013e+00 3.725785454102267380e+01
1.766000000000001124e+00 3.730786453283012349e+01
1.767000000000001236e+00 3.735787452465684311e+01
1.768000000000001126e+00 3.740788451650272606e+01
1.769000000000001016e+00 3.745789450836770840e+01
1.770000000000001128e+00 3.750790450025173328e+01
1.771000000000001240e+00 3.755791449215470834e+01
1.772000000000001130e+00 3.760792448407654831e+01
1.773000000000001020e+00 3.765793447601718213e+01
1.774000000000001132e+00 3.770794446797656718e+01
1.775000000000001243e+00 3.775795445995458977e+01
1.776000000000001133e+00 3.780796445195117883e+01
1.777000000000001023e+00 3.785797444396627753e+01
1.778000000000001135e+00 3.790798443599981482e+01
1.779000000000001247e+00 3.795799442805170543e+01
1.780000000000001137e+00 3.800800442012187830e+01
1.781000000000001027e+00 3.805801441221026238e+01
1.782000000000001139e+00 3.810802440431679372e+01
1.783000000000001251e+00 3.815803439644140127e+01
1.784000000000001140e+00 3.820804438858399266e+01
1.785000000000001030e+00 3.825805438074450393e+01
1.786000000000001142e+00 3.830806437292289246e+01
1.787000000000001254e+00 3.835807436511907298e+01
1.788000000000001144e+00 3.840808435733295312e+01
1.789000000000001034e+00 3.845809434956449024e+01
1.790000000000001146e+00 3.850810434181361330e+01
1.791000000000001258e+00 3.855811433408025124e+01
1.792000000000001148e+00 3.860812432636431879e+01
1.793000000000001037e+00 3.865813431866576622e+01
1.794000000000001149e+00 3.870814431098453667e+01
1.795000000000001261e+00 3.875815430332054490e+01
1.796000000000001151e+00 3.880816429567371273e+01
1.797000000000001041e+00 3.885817428804399754e+01
1.798000000000001153e+00 3.890818428043133537e+01
1.799000000000001265e+00 3.895819427283565517e+01
1.800000000000001155e+00 3.900820426525687168e+01
1.801000000000001044e+00 3.905821425769494226e+01
1.802000000000001156e+00 3.910822425014979586e+01
1.803000000000001268e+00 3.915823424262136854e+01
1.804000000000001158e+00 3.920824423510959633e+01
1.805000000000001048e+00 3.925825422761440109e+01
1.806000000000001160e+00 3.930826422013575439e+01
1.807000000000001272e+00 3.935827421267357096e+01
1.808000000000001162e+00 3.940828420522776554e+01
1.809000000000001052e+00 3.945829419779831682e+01
1.810000000000001164e+00 3.950830419038514663e+01
1.811000000000001275e+00 3.955831418298819102e+01
1.812000000000001165e+00 3.960832417560738605e+01
1.813000000000001055e+00 3.965833416824267488e+01
1.814000000000001167e+00 3.970834416089400065e+01
1.815000000000001279e+00 3.975835415356129943e+01
1.816000000000001169e+00 3.980836414624450015e+01
1.817000000000001059e+00 3.985837413894355308e+01
1.818000000000001171e+00 3.990838413165840137e+01
1.819000000000001283e+00 3.995839412438900240e+01
1.820000000000001172e+00 4.000840411713524247e+01
1.821000000000001062e+00 4.005841410989711449e+01
1.822000000000001174e+00 4.010842410267454738e+01
1.823000000000001286e+00 4.015843409546747722e+01
1.824000000000001176e+00 4.020844408827584715e+01
1.825000000000001066e+00 4.025845408109959322e+01
1.826000000000001178e+00 4.030846407393867281e+01
1.827000000000001290e+00 4.035847406679302907e+01
1.828000000000001180e+00 4.040848405966258383e+01
1.829000000000001069e+00 4.045849405254728737e+01
1.830000000000001181e+00 4.050850404544710415e+01
1.831000000000001293e+00 4.055851403836197733e+01
1.832000000000001183e+00 4.060852403129181454e+01
1.833000000000001073e+00 4.065853402423659446e+01
1.834000000000001185e+00 4.070854401719625315e+01
1.835000000000001297e+00 4.075855401017074087e+01
1.836000000000001187e+00 4.080856400315998656e+01
1.837000000000001076e+00 4.085857399616394048e+01
1.838000000000001188e+00 4.090858398918257421e+01
1.839000000000001300e+00 4.095859398221580960e+01
1.840000000000001190e+00 4.100860397526358980e+01
1.841000000000001080e+00 4.105861396832587218e+01
1.842000000000001192e+00 4.110862396140260699e+01
1.843000000000001304e+00 4.115863395449374451e+01
1.844000000000001194e+00 4.120864394759920657e+01
1.845000000000001084e+00 4.125865394071896475e+01
1.846000000000001195e+00 4.130866393385296931e+01
1.847000000000001307e+00 4.135867392700115630e+01
1.848000000000001197e+00 4.140868392016347599e+01
1.849000000000001087e+00 4.145869391333987153e+01
1.850000000000001199e+00 4.150870390653030739e+01
1.851000000000001311e+00 4.155871389973474095e+01
1.852000000000001201e+00 4.160872389295308693e+01
1.853000000000001091e+00 4.165873388618531692e+01
1.854000000000001203e+00 4.170874387943138828e+01
1.855000000000001315e+00 4.175875387269123706e+01
1.856000000000001204e+00 4.180876386596481353e+01
1.857000000000001094e+00 4.185877385925206795e+01
1.858000000000001206e+00 4.190878385255297900e+01
1.859000000000001318e+00 4.195879384586746852e+01
1.860000000000001208e+00 4.200880383919547967e+01
1.861000000000001098e+00 4.205881383253698402e+01
1.862000000000001210e+00 4.210882382589193895e+01
1.863000000000001322e+00 4.215883381926029472e+01
1.864000000000001211e+00 4.220884381264198026e+01
1.865000000000001101e+00 4.225885380603696717e+01
1.866000000000001213e+00 4.230886379944520570e+01
1.867000000000001325e+00 4.235887379286665322e+01
1.868000000000001215e+00 4.240888378630125288e+01
1.869000000000001105e+00 4.245889377974895496e+01
1.870000000000001217e+00 4.250890377320974522e+01
1.871000000000001329e+00 4.255891376668353843e+01
1.872000000000001219e+00 4.260892376017029903e+01
1.873000000000001108e+00 4.265893375366999152e+01
1.874000000000001220e+00 4.270894374718257325e+01
1.875000000000001332e+00 4.275895374070798738e+01
1.876000000000001222e+00 4.280896373424618417e+01
1.877000000000001112e+00 4.285897372779713521e+01
1.878000000000001224e+00 4.290898372136079075e+01
1.879000000000001336e+00 4.295899371493710817e+01
1.880000000000001226e+00 4.300900370852602350e+01
1.881000000000001116e+00 4.305901370212750834e+01
1.882000000000001227e+00 4.310902369574153425e+01
1.883000000000001339e+00 4.315903368936804441e+01
1.884000000000001229e+00 4.320904368300697485e+01
1.885000000000001119e+00 4.325905367665831136e+01
1.886000000000001231e+00 4.330906367032200421e+01
1.887000000000001343e+00 4.335907366399801077e+01
1.888000000000001233e+00 4.340908365768627419e+01
1.889000000000001123e+00 4.345909365138675895e+01
1.890000000000001235e+00 4.350910364509944372e+01
1.891000000000001346e+00 4.355911363882426457e+01
1.892000000000001236e+00 4.360912363256117885e+01
1.893000000000001126e+00 4.365913362631014394e+01
1.894000000000001238e+00 4.370914362007113141e+01
1.895000000000001350e+00 4.375915361384411284e+01
1.896000000000001240e+00 4.380916360762900297e+01
1.897000000000001130e+00 4.385917360142579469e+01
1.898000000000001242e+00 4.390918359523444536e+01
1.899000000000001354e+00 4.395919358905490526e+01
1.900000000000001243e+00 4.400920358288713174e+01
1.901000000000001133e+00 4.405921357673108218e+01
1.902000000000001245e+00 4.410922357058674947e+01
1.903000000000001357e+00 4.415923356445406256e+01
1.904000000000001247e+00 4.420924355833297170e+01
1.905000000000001137e+00 4.425925355222346269e+01
1.906000000000001249e+00 4.430926354612549289e+01
1.907000000000001361e+00 4.435927354003901968e+01
1.908000000000001251e+00 4.440928353396399331e+01
1.909000000000001140e+00 4.445929352790038536e+01
1.910000000000001252e+00 4.450930352184816741e+01
1.911000000000001364e+00 4.455931351580728972e+01
1.912000000000001254e+00 4.460932350977770255e+01
1.913000000000001144e+00 4.465933350375937749e+01
1.914000000000001256e+00 4.470934349775229322e+01
1.915000000000001368e+00 4.475935349175640710e+01
1.916000000000001258e+00 4.480936348577164807e+01
1.917000000000001148e+00 4.485937347979801615e+01
1.918000000000001259e+00 4.490938347383546159e+01
1.919000000000001371e+00 4.495939346788394886e+01
1.920000000000001261e+00 4.500940346194343533e+01
1.921000000000001151e+00 4.505941345601388548e+01
1.922000000000001263e+00 4.510942345009527799e+01
1.923000000000001375e+00 4.515943344418756311e+01
1.924000000000001265e+00 4.520944343829069112e+01
1.925000000000001155e+00 4.525945343240464780e+01
1.926000000000001267e+00 4.530946342652940473e+01
1.927000000000001378e+00 4.535947342066490506e+01
1.928000000000001268e+00 4.540948341481111328e+01
1.929000000000001158e+00 4.545949340896800095e+01
1.930000000000001270e+00 4.550950340313554676e+01
1.931000000000001382e+00 4.555951339731370098e+01
1.932000000000001272e+00 4.560952339150241386e+01
1.933000000000001162e+00 4.565953338570166409e+01
1.934000000000001274e+00 4.570954337991144456e+01
1.935000000000001386e+00 4.575955337413168422e+01
1.936000000000001275e+00 4.580956336836234755e+01
1.937000000000001165e+00 4.585957336260342032e+01
1.938000000000001277e+00 4.590958335685487413e+01
1.939000000000001389e+00 4.595959335111665212e+01
1.940000000000001279e+00 4.600960334538873298e+01
1.941000000000001169e+00 4.605961333967107407e+01
1.942000000000001281e+00 4.610962333396366120e+01
1.943000000000001393e+00 4.615963332826644461e+01
1.944000000000001283e+00 4.620964332257938878e+01
1.945000000000001172e+00 4.625965331690246529e+01
1.946000000000001284e+00 4.630966331123565283e+01
1.947000000000001396e+00 4.635967330557892296e+01
1.948000000000001286e+00 4.640968329993219754e+01
1.949000000000001176e+00 4.645969329429549077e+01
1.950000000000001288e+00 4.650970328866876713e+01
1.951000000000001400e+00 4.655971328305196977e+01
1.952000000000001290e+00 4.660972327744508448e+01
1.953000000000001180e+00 4.665973327184806863e+01
1.954000000000001291e+00 4.670974326626090800e+01
1.955000000000001403e+00 4.675975326068355287e+01
1.956000000000001293e+00 4.680976325511598191e+01
1.957000000000001183e+00 4.685977324955815249e+01
1.958000000000001295e+00 4.690978324401005040e+01
1.959000000000001407e+00 4.695979323847164011e+01
1.960000000000001297e+00 4.700980323294287189e+01
1.961000000000001187e+00 4.705981322742373862e+01
1.962000000000001299e+00 4.710982322191419769e+01
1.963000000000001410e+00 4.715983321641422776e+01
1.964000000000001300e+00 4.720984321092377911e+01
1.965000000000001190e+00 4.725985320544283041e+01
1.966000000000001302e+00 4.730986319997138168e+01
1.967000000000001414e+00 4.735987319450936894e+01
1.968000000000001304e+00 4.740988318905674959e+01
1.969000000000001194e+00 4.745989318361353071e+01
1.970000000000001306e+00 4.750990317817966258e+01
1.971000000000001418e+00 4.755991317275512387e+01
1.972000000000001307e+00 4.760992316733987906e+01
1.973000000000001197e+00 4.765993316193389262e+01
1.974000000000001309e+00 4.770994315653715034e+01
1.975000000000001421e+00 4.775995315114962381e+01
1.976000000000001311e+00 4.780996314577126327e+01
1.977000000000001201e+00 4.785997314040204742e+01
1.978000000000001313e+00 4.790998313504196915e+01
1.979000000000001425e+00 4.795999312969099293e+01
1.980000000000001315e+00 4.801000312434905481e+01
1.981000000000001204e+00 4.806001311901616901e+01
1.982000000000001316e+00 4.811002311369228579e+01
1.983000000000001428e+00 4.816003310837739804e+01
1.984000000000001318e+00 4.821004310307144181e+01
1.985000000000001208e+00 4.826005309777440999e+01
1.986000000000001320e+00 4.831006309248629549e+01
1.987000000000001432e+00 4.836007308720704856e+01
1.988000000000001322e+00 4.841008308193661946e+01
1.989000000000001211e+00 4.846009307667501531e+01
1.990000000000001323e+00 4.851010307142220768e+01
1.991000000000001435e+00 4.856011306617815393e+01
1.992000000000001325e+00 4.861012306094283275e+01
1.993000000000001215e+00 4.866013305571621572e+01
1.994000000000001327e+00 4.871014305049828863e+01
1.995000000000001439e+00 4.876015304528900884e+01
1.996000000000001329e+00 4.881016304008834794e+01
1.997000000000001219e+00 4.886017303489628461e+01
1.998000000000001330e+00 4.891018302971281173e+01
1.999000000000001442e+00 4.896019302453787247e+01
