5.000000000000000000e-01 5.000000000000000000e-01
5.010000000000000009e-01 5.010000000000000009e-01
5.020000000000000018e-01 5.020000000000000018e-01
5.030000000000000027e-01 5.030000000000000027e-01
5.040000000000000036e-01 5.040000000000000036e-01
5.050000000000000044e-01 5.050000000000000044e-01
5.060000000000000053e-01 5.060000000000000053e-01
5.070000000000000062e-01 5.070000000000000062e-01
5.080000000000000071e-01 5.080000000000000071e-01
5.090000000000000080e-01 5.090000000000000080e-01
5.100000000000000089e-01 5.100000000000000089e-01
5.110000000000000098e-01 5.110000000000000098e-01
5.120000000000000107e-01 5.120000000000000107e-01
5.130000000000000115e-01 5.130000000000000115e-01
5.140000000000000124e-01 5.140000000000000124e-01
5.150000000000000133e-01 5.150000000000000133e-01
5.160000000000000142e-01 5.160000000000000142e-01
5.170000000000000151e-01 5.170000000000000151e-01
5.180000000000000160e-01 5.180000000000000160e-01
5.190000000000000169e-01 5.190000000000000169e-01
5.200000000000000178e-01 5.200000000000000178e-01
5.210000000000000187e-01 5.210000000000000187e-01
5.220000000000000195e-01 5.220000000000000195e-01
5.230000000000000204e-01 5.230000000000000204e-01
5.240000000000000213e-01 5.240000000000000213e-01
5.250000000000000222e-01 5.250000000000000222e-01
5.260000000000000231e-01 5.260000000000000231e-01
5.270000000000000240e-01 5.270000000000000240e-01
5.280000000000000249e-01 5.280000000000000249e-01
5.290000000000000258e-01 5.290000000000000258e-01
5.300000000000000266e-01 5.300000000000000266e-01
5.310000000000000275e-01 5.310000000000000275e-01
5.320000000000000284e-01 5.320000000000000284e-01
5.330000000000000293e-01 5.330000000000000293e-01
5.340000000000000302e-01 5.340000000000000302e-01
5.350000000000000311e-01 5.350000000000000311e-01
5.360000000000000320e-01 5.360000000000000320e-01
5.370000000000000329e-01 5.370000000000000329e-01
5.380000000000000338e-01 5.380000000000000338e-01
5.390000000000000346e-01 5.390000000000000346e-01
5.400000000000000355e-01 5.400000000000000355e-01
5.410000000000000364e-01 5.410000000000000364e-01
5.420000000000000373e-01 5.420000000000000373e-01
5.430000000000000382e-01 5.430000000000000382e-01
5.440000000000000391e-01 5.440000000000000391e-01
5.450000000000000400e-01 5.450000000000000400e-01
5.460000000000000409e-01 5.460000000000000409e-01
5.470000000000000417e-01 5.470000000000000417e-01
5.480000000000000426e-01 5.480000000000000426e-01
5.490000000000000435e-01 5.490000000000000435e-01
5.500000000000000444e-01 5.500000000000000444e-01
5.510000000000000453e-01 5.510000000000000453e-01
5.520000000000000462e-01 5.520000000000000462e-01
5.530000000000000471e-01 5.530000000000000471e-01
5.540000000000000480e-01 5.540000000000000480e-01
5.550000000000000488e-01 5.550000000000000488e-01
5.560000000000000497e-01 5.560000000000000497e-01
5.570000000000000506e-01 5.570000000000000506e-01
5.580000000000000515e-01 5.580000000000000515e-01
5.590000000000000524e-01 5.590000000000000524e-01
5.600000000000000533e-01 5.600000000000000533e-01
5.610000000000000542e-01 5.610000000000000542e-01
5.620000000000000551e-01 5.620000000000000551e-01
5.630000000000000560e-01 5.630000000000000560e-01
5.640000000000000568e-01 5.640000000000000568e-01
5.650000000000000577e-01 5.650000000000000577e-01
5.660000000000000586e-01 5.660000000000000586e-01
5.670000000000000595e-01 5.670000000000000595e-01
5.680000000000000604e-01 5.680000000000000604e-01
5.690000000000000613e-01 5.690000000000000613e-01
5.700000000000000622e-01 5.700000000000000622e-01
5.710000000000000631e-01 5.710000000000000631e-01
5.720000000000000639e-01 5.720000000000000639e-01
5.730000000000000648e-01 5.730000000000000648e-01
5.740000000000000657e-01 5.740000000000000657e-01
5.750000000000000666e-01 5.750000000000000666e-01
5.760000000000000675e-01 5.760000000000000675e-01
5.770000000000000684e-01 5.770000000000000684e-01
5.780000000000000693e-01 5.780000000000000693e-01
5.790000000000000702e-01 5.790000000000000702e-01
5.800000000000000711e-01 5.800000000000000711e-01
5.810000000000000719e-01 5.810000000000000719e-01
5.820000000000000728e-01 5.820000000000000728e-01
5.830000000000000737e-01 5.830000000000000737e-01
5.840000000000000746e-01 5.840000000000000746e-01
5.850000000000000755e-01 5.850000000000000755e-01
5.860000000000000764e-01 5.860000000000000764e-01
5.870000000000000773e-01 5.870000000000000773e-01
5.880000000000000782e-01 5.880000000000000782e-01
5.890000000000000790e-01 5.890000000000000790e-01
5.900000000000000799e-01 5.900000000000000799e-01
5.910000000000000808e-01 5.910000000000000808e-01
5.920000000000000817e-01 5.920000000000000817e-01
5.930000000000000826e-01 5.930000000000000826e-01
5.940000000000000835e-01 5.940000000000000835e-01
5.950000000000000844e-01 5.950000000000000844e-01
5.960000000000000853e-01 5.960000000000000853e-01
5.970000000000000862e-01 5.970000000000000862e-01
5.980000000000000870e-01 5.980000000000000870e-01
5.990000000000000879e-01 5.990000000000000879e-01
6.000000000000000888e-01 6.000000000000000888e-01
6.010000000000000897e-01 6.010000000000000897e-01
6.020000000000000906e-01 6.020000000000000906e-01
6.030000000000000915e-01 6.030000000000000915e-01
6.040000000000000924e-01 6.040000000000000924e-01
6.050000000000000933e-01 6.050000000000000933e-01
6.060000000000000941e-01 6.060000000000000941e-01
6.070000000000000950e-01 6.070000000000000950e-01
6.080000000000000959e-01 6.080000000000000959e-01
6.090000000000000968e-01 6.090000000000000968e-01
6.100000000000000977e-01 6.100000000000000977e-01
6.110000000000000986e-01 6.110000000000000986e-01
6.120000000000000995e-01 6.120000000000000995e-01
6.130000000000001004e-01 6.130000000000001004e-01
6.140000000000001013e-01 6.140000000000001013e-01
6.150000000000001021e-01 6.150000000000001021e-01
6.160000000000001030e-01 6.160000000000001030e-01
6.170000000000001039e-01 6.170000000000001039e-01
6.180000000000001048e-01 6.180000000000001048e-01
6.190000000000001057e-01 6.190000000000001057e-01
6.200000000000001066e-01 6.200000000000001066e-01
6.210000000000001075e-01 6.210000000000001075e-01
6.220000000000001084e-01 6.220000000000001084e-01
6.230000000000001092e-01 6.230000000000001092e-01
6.240000000000001101e-01 6.240000000000001101e-01
6.250000000000001110e-01 6.250000000000001110e-01
6.260000000000001119e-01 6.260000000000001119e-01
6.270000000000001128e-01 6.270000000000001128e-01
6.280000000000001137e-01 6.280000000000001137e-01
6.290000000000001146e-01 6.290000000000001146e-01
6.300000000000001155e-01 6.300000000000001155e-01
6.310000000000001164e-01 6.310000000000001164e-01
6.320000000000001172e-01 6.320000000000001172e-01
6.330000000000001181e-01 6.330000000000001181e-01
6.340000000000001190e-01 6.340000000000001190e-01
6.350000000000001199e-01 6.350000000000001199e-01
6.360000000000001208e-01 6.360000000000001208e-01
6.370000000000001217e-01 6.370000000000001217e-01
6.380000000000001226e-01 6.380000000000001226e-01
6.390000000000001235e-01 6.390000000000001235e-01
6.400000000000001243e-01 6.400000000000001243e-01
6.410000000000001252e-01 6.410000000000001252e-01
6.420000000000001261e-01 6.420000000000001261e-01
6.430000000000001270e-01 6.430000000000001270e-01
6.440000000000001279e-01 6.440000000000001279e-01
6.450000000000001288e-01 6.450000000000001288e-01
6.460000000000001297e-01 6.460000000000001297e-01
6.470000000000001306e-01 6.470000000000001306e-01
6.480000000000001315e-01 6.480000000000001315e-01
6.490000000000001323e-01 6.490000000000001323e-01
6.500000000000001332e-01 6.500000000000001332e-01
6.510000000000001341e-01 6.510000000000001341e-01
6.520000000000001350e-01 6.520000000000001350e-01
6.530000000000001359e-01 6.530000000000001359e-01
6.540000000000001368e-01 6.540000000000001368e-01
6.550000000000001377e-01 6.550000000000001377e-01
6.560000000000001386e-01 6.560000000000001386e-01
6.570000000000001394e-01 6.570000000000001394e-01
6.580000000000001403e-01 6.580000000000001403e-01
6.590000000000001412e-01 6.590000000000001412e-01
6.600000000000001421e-01 6.600000000000001421e-01
6.610000000000001430e-01 6.610000000000001430e-01
6.620000000000001439e-01 6.620000000000001439e-01
6.630000000000001448e-01 6.630000000000001448e-01
6.640000000000001457e-01 6.640000000000001457e-01
6.650000000000001465e-01 6.650000000000001465e-01
6.660000000000001474e-01 6.660000000000001474e-01
6.670000000000001483e-01 6.670000000000001483e-01
6.680000000000001492e-01 6.680000000000001492e-01
6.690000000000001501e-01 6.690000000000001501e-01
6.700000000000001510e-01 6.700000000000001510e-01
6.710000000000001519e-01 6.710000000000001519e-01
6.720000000000001528e-01 6.720000000000001528e-01
6.730000000000001537e-01 6.730000000000001537e-01
6.740000000000001545e-01 6.740000000000001545e-01
6.750000000000001554e-01 6.750000000000001554e-01
6.760000000000001563e-01 6.760000000000001563e-01
6.770000000000001572e-01 6.770000000000001572e-01
6.780000000000001581e-01 6.780000000000001581e-01
6.790000000000001590e-01 6.790000000000001590e-01
6.800000000000001599e-01 6.800000000000001599e-01
6.810000000000001608e-01 6.810000000000001608e-01
6.820000000000001616e-01 6.820000000000001616e-01
6.830000000000001625e-01 6.830000000000001625e-01
6.840000000000001634e-01 6.840000000000001634e-01
6.850000000000001643e-01 6.850000000000001643e-01
6.860000000000001652e-01 6.860000000000001652e-01
6.870000000000001661e-01 6.870000000000001661e-01
6.880000000000001670e-01 6.880000000000001670e-01
6.890000000000001679e-01 6.890000000000001679e-01
6.900000000000001688e-01 6.900000000000001688e-01
6.910000000000001696e-01 6.910000000000001696e-01
6.920000000000001705e-01 6.920000000000001705e-01
6.930000000000001714e-01 6.930000000000001714e-01
6.940000000000001723e-01 6.940000000000001723e-01
6.950000000000001732e-01 6.950000000000001732e-01
6.960000000000001741e-01 6.960000000000001741e-01
6.970000000000001750e-01 6.970000000000001750e-01
6.980000000000001759e-01 6.980000000000001759e-01
6.990000000000001767e-01 6.990000000000001767e-01
7.000000000000001776e-01 7.000000000000001776e-01
7.010000000000001785e-01 7.010000000000001785e-01
7.020000000000001794e-01 7.020000000000001794e-01
7.030000000000001803e-01 7.030000000000001803e-01
7.040000000000001812e-01 7.040000000000001812e-01
7.050000000000001821e-01 7.050000000000001821e-01
7.060000000000001830e-01 7.060000000000001830e-01
7.070000000000001839e-01 7.070000000000001839e-01
7.080000000000001847e-01 7.080000000000001847e-01
7.090000000000001856e-01 7.090000000000001856e-01
7.100000000000001865e-01 7.100000000000001865e-01
7.110000000000001874e-01 7.110000000000001874e-01
7.120000000000001883e-01 7.120000000000001883e-01
7.130000000000001892e-01 7.130000000000001892e-01
7.140000000000001901e-01 7.140000000000001901e-01
7.150000000000001910e-01 7.150000000000001910e-01
7.160000000000001918e-01 7.160000000000001918e-01
7.170000000000001927e-01 7.170000000000001927e-01
7.180000000000001936e-01 7.180000000000001936e-01
7.190000000000001945e-01 7.190000000000001945e-01
7.200000000000001954e-01 7.200000000000001954e-01
7.210000000000001963e-01 7.210000000000001963e-01
7.220000000000001972e-01 7.220000000000001972e-01
7.230000000000001981e-01 7.230000000000001981e-01
7.240000000000001990e-01 7.240000000000001990e-01
7.250000000000001998e-01 7.250000000000001998e-01
7.260000000000002007e-01 7.260000000000002007e-01
7.270000000000002016e-01 7.270000000000002016e-01
7.280000000000002025e-01 7.280000000000002025e-01
7.290000000000002034e-01 7.290000000000002034e-01
7.300000000000002043e-01 7.300000000000002043e-01
7.310000000000002052e-01 7.310000000000002052e-01
7.320000000000002061e-01 7.320000000000002061e-01
7.330000000000002069e-01 7.330000000000002069e-01
7.340000000000002078e-01 7.340000000000002078e-01
7.350000000000002087e-01 7.350000000000002087e-01
7.360000000000002096e-01 7.360000000000002096e-01
7.370000000000002105e-01 7.370000000000002105e-01
7.380000000000002114e-01 7.380000000000002114e-01
7.390000000000002123e-01 7.390000000000002123e-01
7.400000000000002132e-01 7.400000000000002132e-01
7.410000000000002141e-01 7.410000000000002141e-01
7.420000000000002149e-01 7.420000000000002149e-01
7.430000000000002158e-01 7.430000000000002158e-01
7.440000000000002167e-01 7.440000000000002167e-01
7.450000000000002176e-01 7.450000000000002176e-01
7.460000000000002185e-01 7.460000000000002185e-01
7.470000000000002194e-01 7.470000000000002194e-01
7.480000000000002203e-01 7.480000000000002203e-01
7.490000000000002212e-01 7.490000000000002212e-01
7.500000000000002220e-01 7.500000000000002220e-01
7.510000000000002229e-01 7.510000000000002229e-01
7.520000000000002238e-01 7.520000000000002238e-01
7.530000000000002247e-01 7.530000000000002247e-01
7.540000000000002256e-01 7.540000000000002256e-01
7.550000000000002265e-01 7.550000000000002265e-01
7.560000000000002274e-01 7.560000000000002274e-01
7.570000000000002283e-01 7.570000000000002283e-01
7.580000000000002292e-01 7.580000000000002292e-01
7.590000000000002300e-01 7.590000000000002300e-01
7.600000000000002309e-01 7.600000000000002309e-01
7.610000000000002318e-01 7.610000000000002318e-01
7.620000000000002327e-01 7.620000000000002327e-01
7.630000000000002336e-01 7.630000000000002336e-01
7.640000000000002345e-01 7.640000000000002345e-01
7.650000000000002354e-01 7.650000000000002354e-01
7.660000000000002363e-01 7.660000000000002363e-01
7.670000000000002371e-01 7.670000000000002371e-01
7.680000000000002380e-01 7.680000000000002380e-01
7.690000000000002389e-01 7.690000000000002389e-01
7.700000000000002398e-01 7.700000000000002398e-01
7.710000000000002407e-01 7.710000000000002407e-01
7.720000000000002416e-01 7.720000000000002416e-01
7.730000000000002425e-01 7.730000000000002425e-01
7.740000000000002434e-01 7.740000000000002434e-01
7.750000000000002442e-01 7.750000000000002442e-01
7.760000000000002451e-01 7.760000000000002451e-01
7.770000000000002460e-01 7.770000000000002460e-01
7.780000000000002469e-01 7.780000000000002469e-01
7.790000000000002478e-01 7.790000000000002478e-01
7.800000000000002487e-01 7.800000000000002487e-01
7.810000000000002496e-01 7.810000000000002496e-01
7.820000000000002505e-01 7.820000000000002505e-01
7.830000000000002514e-01 7.830000000000002514e-01
7.840000000000002522e-01 7.840000000000002522e-01
7.850000000000002531e-01 7.850000000000002531e-01
7.860000000000002540e-01 7.860000000000002540e-01
7.870000000000002549e-01 7.870000000000002549e-01
7.880000000000002558e-01 7.880000000000002558e-01
7.890000000000002567e-01 7.890000000000002567e-01
7.900000000000002576e-01 7.900000000000002576e-01
7.910000000000002585e-01 7.910000000000002585e-01
7.920000000000002593e-01 7.920000000000002593e-01
7.930000000000002602e-01 7.930000000000002602e-01
7.940000000000002611e-01 7.940000000000002611e-01
7.950000000000002620e-01 7.950000000000002620e-01
7.960000000000002629e-01 7.960000000000002629e-01
7.970000000000002638e-01 7.970000000000002638e-01
7.980000000000002647e-01 7.980000000000002647e-01
7.990000000000002656e-01 7.990000000000002656e-01
8.000000000000002665e-01 8.000000000000002665e-01
8.010000000000002673e-01 8.010000000000002673e-01
8.020000000000002682e-01 8.020000000000002682e-01
8.030000000000002691e-01 8.030000000000002691e-01
8.040000000000002700e-01 8.040000000000002700e-01
8.050000000000002709e-01 8.050000000000002709e-01
8.060000000000002718e-01 8.060000000000002718e-01
8.070000000000002727e-01 8.070000000000002727e-01
8.080000000000002736e-01 8.080000000000002736e-01
8.090000000000002744e-01 8.090000000000002744e-01
8.100000000000002753e-01 8.100000000000002753e-01
8.110000000000002762e-01 8.110000000000002762e-01
8.120000000000002771e-01 8.120000000000002771e-01
8.130000000000002780e-01 8.130000000000002780e-01
8.140000000000002789e-01 8.140000000000002789e-01
8.150000000000002798e-01 8.150000000000002798e-01
8.160000000000002807e-01 8.160000000000002807e-01
8.170000000000002816e-01 8.170000000000002816e-01
8.180000000000002824e-01 8.180000000000002824e-01
8.190000000000002833e-01 8.190000000000002833e-01
8.200000000000002842e-01 8.200000000000002842e-01
8.210000000000002851e-01 8.210000000000002851e-01
8.220000000000002860e-01 8.220000000000002860e-01
8.230000000000002869e-01 8.230000000000002869e-01
8.240000000000002878e-01 8.240000000000002878e-01
8.250000000000002887e-01 8.250000000000002887e-01
8.260000000000002895e-01 8.260000000000002895e-01
8.270000000000002904e-01 8.270000000000002904e-01
8.280000000000002913e-01 8.280000000000002913e-01
8.290000000000002922e-01 8.290000000000002922e-01
8.300000000000002931e-01 8.300000000000002931e-01
8.310000000000002940e-01 8.310000000000002940e-01
8.320000000000002949e-01 8.320000000000002949e-01
8.330000000000002958e-01 8.330000000000002958e-01
8.340000000000002967e-01 8.340000000000002967e-01
8.350000000000002975e-01 8.350000000000002975e-01
8.360000000000002984e-01 8.360000000000002984e-01
8.370000000000002993e-01 8.370000000000002993e-01
8.380000000000003002e-01 8.380000000000003002e-01
8.390000000000003011e-01 8.390000000000003011e-01
8.400000000000003020e-01 8.400000000000003020e-01
8.410000000000003029e-01 8.410000000000003029e-01
8.420000000000003038e-01 8.420000000000003038e-01
8.430000000000003046e-01 8.430000000000003046e-01
8.440000000000003055e-01 8.440000000000003055e-01
8.450000000000003064e-01 8.450000000000003064e-01
8.460000000000003073e-01 8.460000000000003073e-01
8.470000000000003082e-01 8.470000000000003082e-01
8.480000000000003091e-01 8.480000000000003091e-01
8.490000000000003100e-01 8.490000000000003100e-01
8.500000000000003109e-01 8.500000000000003109e-01
8.510000000000003118e-01 8.510000000000003118e-01
8.520000000000003126e-01 8.520000000000003126e-01
8.530000000000003135e-01 8.530000000000003135e-01
8.540000000000003144e-01 8.540000000000003144e-01
8.550000000000003153e-01 8.550000000000003153e-01
8.560000000000003162e-01 8.560000000000003162e-01
8.570000000000003171e-01 8.570000000000003171e-01
8.580000000000003180e-01 8.580000000000003180e-01
8.590000000000003189e-01 8.590000000000003189e-01
8.600000000000003197e-01 8.600000000000003197e-01
8.610000000000003206e-01 8.610000000000003206e-01
8.620000000000003215e-01 8.620000000000003215e-01
8.630000000000003224e-01 8.630000000000003224e-01
8.640000000000003233e-01 8.640000000000003233e-01
8.650000000000003242e-01 8.650000000000003242e-01
8.660000000000003251e-01 8.660000000000003251e-01
8.670000000000003260e-01 8.670000000000003260e-01
8.680000000000003268e-01 8.680000000000003268e-01
8.690000000000003277e-01 8.690000000000003277e-01
8.700000000000003286e-01 8.700000000000003286e-01
8.710000000000003295e-01 8.710000000000003295e-01
8.720000000000003304e-01 8.720000000000003304e-01
8.730000000000003313e-01 8.730000000000003313e-01
8.740000000000003322e-01 8.740000000000003322e-01
8.750000000000003331e-01 8.750000000000003331e-01
8.760000000000003340e-01 8.760000000000003340e-01
8.770000000000003348e-01 8.770000000000003348e-01
8.780000000000003357e-01 8.780000000000003357e-01
8.790000000000003366e-01 8.790000000000003366e-01
8.800000000000003375e-01 8.800000000000003375e-01
8.810000000000003384e-01 8.810000000000003384e-01
8.820000000000003393e-01 8.820000000000003393e-01
8.830000000000003402e-01 8.830000000000003402e-01
8.840000000000003411e-01 8.840000000000003411e-01
8.850000000000003419e-01 8.850000000000003419e-01
8.860000000000003428e-01 8.860000000000003428e-01
8.870000000000003437e-01 8.870000000000003437e-01
8.880000000000003446e-01 8.880000000000003446e-01
8.890000000000003455e-01 8.890000000000003455e-01
8.900000000000003464e-01 8.900000000000003464e-01
8.910000000000003473e-01 8.910000000000003473e-01
8.920000000000003482e-01 8.920000000000003482e-01
8.930000000000003491e-01 8.930000000000003491e-01
8.940000000000003499e-01 8.940000000000003499e-01
8.950000000000003508e-01 8.950000000000003508e-01
8.960000000000003517e-01 8.960000000000003517e-01
8.970000000000003526e-01 8.970000000000003526e-01
8.980000000000003535e-01 8.980000000000003535e-01
8.990000000000003544e-01 8.990000000000003544e-01
9.000000000000003553e-01 9.000000000000003553e-01
9.010000000000003562e-01 9.010000000000003562e-01
9.020000000000003570e-01 9.020000000000003570e-01
9.030000000000003579e-01 9.030000000000003579e-01
9.040000000000003588e-01 9.040000000000003588e-01
9.050000000000003597e-01 9.050000000000003597e-01
9.060000000000003606e-01 9.060000000000003606e-01
9.070000000000003615e-01 9.070000000000003615e-01
9.080000000000003624e-01 9.080000000000003624e-01
9.090000000000003633e-01 9.090000000000003633e-01
9.100000000000003642e-01 9.100000000000003642e-01
9.110000000000003650e-01 9.110000000000003650e-01
9.120000000000003659e-01 9.120000000000003659e-01
9.130000000000003668e-01 9.130000000000003668e-01
9.140000000000003677e-01 9.140000000000003677e-01
9.150000000000003686e-01 9.150000000000003686e-01
9.160000000000003695e-01 9.160000000000003695e-01
9.170000000000003704e-01 9.170000000000003704e-01
9.180000000000003713e-01 9.180000000000003713e-01
9.190000000000003721e-01 9.190000000000003721e-01
9.200000000000003730e-01 9.200000000000003730e-01
9.210000000000003739e-01 9.210000000000003739e-01
9.220000000000003748e-01 9.220000000000003748e-01
9.230000000000003757e-01 9.230000000000003757e-01
9.240000000000003766e-01 9.240000000000003766e-01
9.250000000000003775e-01 9.250000000000003775e-01
9.260000000000003784e-01 9.260000000000003784e-01
9.270000000000003793e-01 9.270000000000003793e-01
9.280000000000003801e-01 9.280000000000003801e-01
9.290000000000003810e-01 9.290000000000003810e-01
9.300000000000003819e-01 9.300000000000003819e-01
9.310000000000003828e-01 9.310000000000003828e-01
9.320000000000003837e-01 9.320000000000003837e-01
9.330000000000003846e-01 9.330000000000003846e-01
9.340000000000003855e-01 9.340000000000003855e-01
9.350000000000003864e-01 9.350000000000003864e-01
9.360000000000003872e-01 9.360000000000003872e-01
9.370000000000003881e-01 9.370000000000003881e-01
9.380000000000003890e-01 9.380000000000003890e-01
9.390000000000003899e-01 9.390000000000003899e-01
9.400000000000003908e-01 9.400000000000003908e-01
9.410000000000003917e-01 9.410000000000003917e-01
9.420000000000003926e-01 9.420000000000003926e-01
9.430000000000003935e-01 9.430000000000003935e-01
9.440000000000003944e-01 9.440000000000003944e-01
9.450000000000003952e-01 9.450000000000003952e-01
9.460000000000003961e-01 9.460000000000003961e-01
9.470000000000003970e-01 9.470000000000003970e-01
9.480000000000003979e-01 9.480000000000003979e-01
9.490000000000003988e-01 9.490000000000003988e-01
9.500000000000003997e-01 9.500000000000003997e-01
9.510000000000004006e-01 9.510000000000004006e-01
9.520000000000004015e-01 9.520000000000004015e-01
9.530000000000004023e-01 9.530000000000004023e-01
9.540000000000004032e-01 9.540000000000004032e-01
9.550000000000004041e-01 9.550000000000004041e-01
9.560000000000004050e-01 9.560000000000004050e-01
9.570000000000004059e-01 9.570000000000004059e-01
9.580000000000004068e-01 9.580000000000004068e-01
9.590000000000004077e-01 9.590000000000004077e-01
9.600000000000004086e-01 9.600000000000004086e-01
9.610000000000004095e-01 9.610000000000004095e-01
9.620000000000004103e-01 9.620000000000004103e-01
9.630000000000004112e-01 9.630000000000004112e-01
9.640000000000004121e-01 9.640000000000004121e-01
9.650000000000004130e-01 9.650000000000004130e-01
9.660000000000004139e-01 9.660000000000004139e-01
9.670000000000004148e-01 9.670000000000004148e-01
9.680000000000004157e-01 9.680000000000004157e-01
9.690000000000004166e-01 9.690000000000004166e-01
9.700000000000004174e-01 9.700000000000004174e-01
9.710000000000004183e-01 9.710000000000004183e-01
9.720000000000004192e-01 9.720000000000004192e-01
9.730000000000004201e-01 9.730000000000004201e-01
9.740000000000004210e-01 9.740000000000004210e-01
9.750000000000004219e-01 9.750000000000004219e-01
9.760000000000004228e-01 9.760000000000004228e-01
9.770000000000004237e-01 9.770000000000004237e-01
9.780000000000004245e-01 9.780000000000004245e-01
9.790000000000004254e-01 9.790000000000004254e-01
9.800000000000004263e-01 9.800000000000004263e-01
9.810000000000004272e-01 9.810000000000004272e-01
9.820000000000004281e-01 9.820000000000004281e-01
9.830000000000004290e-01 9.830000000000004290e-01
9.840000000000004299e-01 9.840000000000004299e-01
9.850000000000004308e-01 9.850000000000004308e-01
9.860000000000004317e-01 9.860000000000004317e-01
9.870000000000004325e-01 9.870000000000004325e-01
9.880000000000004334e-01 9.880000000000004334e-01
9.890000000000004343e-01 9.890000000000004343e-01
9.900000000000004352e-01 9.900000000000004352e-01
9.910000000000004361e-01 9.910000000000004361e-01
9.920000000000004370e-01 9.920000000000004370e-01
9.930000000000004379e-01 9.930000000000004379e-01
9.940000000000004388e-01 9.940000000000004388e-01
9.950000000000004396e-01 9.950000000000004396e-01
9.960000000000004405e-01 9.960000000000004405e-01
9.970000000000004414e-01 9.970000000000004414e-01
9.980000000000004423e-01 9.980000000000004423e-01
9.990000000000004432e-01 9.990000000000004432e-01
1.000000000000000444e+00 9.999999999999866773e-01
1.001000000000000334e+00 9.700005154637705296e-01
1.002000000000000446e+00 9.400021276571531859e-01
1.003000000000000558e+00 9.100049450414924301e-01
1.004000000000000448e+00 8.800090908621207575e-01
1.005000000000000338e+00 8.500147057551314944e-01
1.006000000000000449e+00 8.200219509256919670e-01
1.007000000000000561e+00 7.900310120495102062e-01
1.008000000000000451e+00 7.600421040968582398e-01
1.009000000000000341e+00 7.300554773440064427e-01
1.010000000000000453e+00 7.000714249274719858e-01
1.011000000000000565e+00 6.700902924233250735e-01
1.012000000000000455e+00 6.401124901140287093e-01
1.013000000000000345e+00 6.101385088649849964e-01
1.014000000000000457e+00 5.801689409128897301e-01
1.015000000000000568e+00 5.502045074333554719e-01
1.016000000000000458e+00 5.202460956124377311e-01
1.017000000000000348e+00 4.902948092729411678e-01
1.018000000000000460e+00 4.603520392047669718e-01
1.019000000000000572e+00 4.304195627524209922e-01
1.020000000000000462e+00 4.004996878900018986e-01
1.021000000000000352e+00 3.705954667828415539e-01
1.022000000000000464e+00 3.407110212481987976e-01
1.023000000000000576e+00 3.108520548427970986e-01
1.024000000000000465e+00 2.810266891239908693e-01
1.025000000000000355e+00 2.512468905280116904e-01
1.026000000000000467e+00 2.215310362003343747e-01
1.027000000000000579e+00 1.919088325220947855e-01
1.028000000000000469e+00 1.624315240339618549e-01
1.029000000000000359e+00 1.331953452640039504e-01
1.030000000000000471e+00 1.044030650890921119e-01
1.031000000000000583e+00 7.655716818167707105e-02
1.032000000000000473e+00 5.122499389945201625e-02
1.033000000000000362e+00 3.448187929913053285e-02
1.034000000000000474e+00 3.944616584663965947e-02
1.035000000000000586e+00 6.103277807868325716e-02
1.036000000000000476e+00 8.772684879785845602e-02
1.037000000000000366e+00 1.160560209554094696e-01
1.038000000000000478e+00 1.450655024463226583e-01
1.039000000000000590e+00 1.744161689752588840e-01
1.040000000000000480e+00 2.039607805437256005e-01
1.041000000000000369e+00 2.336257691266208081e-01
1.042000000000000481e+00 2.633704615176264419e-01
1.043000000000000593e+00 2.931705987987376361e-01
1.044000000000000483e+00 3.230108357315731316e-01
1.045000000000000373e+00 3.528809997718889147e-01
1.046000000000000485e+00 3.827740848072281876e-01
1.047000000000000597e+00 4.126851099809814016e-01
1.048000000000000487e+00 4.426104381959523049e-01
1.049000000000000377e+00 4.725473521246422726e-01
1.050000000000000488e+00 5.024937810560591300e-01
1.051000000000000600e+00 5.324481195384384025e-01
1.052000000000000490e+00 5.624091037670145843e-01
1.053000000000000380e+00 5.923757253635681952e-01
1.054000000000000492e+00 6.223471699943837754e-01
1.055000000000000604e+00 6.523227728663346658e-01
1.056000000000000494e+00 6.823019859270674781e-01
1.057000000000000384e+00 7.122843533308985675e-01
1.058000000000000496e+00 7.422694928393743785e-01
1.059000000000000608e+00 7.722570815473485117e-01
1.060000000000000497e+00 8.022468448052780809e-01
1.061000000000000387e+00 8.322385475331092186e-01
1.062000000000000499e+00 8.622319873444883598e-01
1.063000000000000611e+00 8.922269890560544647e-01
1.064000000000000501e+00 9.222234002670002262e-01
1.065000000000000391e+00 9.522210877732242285e-01
1.066000000000000503e+00 9.822199346378740481e-01
1.067000000000000615e+00 1.012219837782305731e+00
1.068000000000000504e+00 1.042220705992752627e+00
1.069000000000000394e+00 1.072222458261355982e+00
1.070000000000000506e+00 1.102225022397891996e+00
1.071000000000000618e+00 1.132228333862053571e+00
1.072000000000000508e+00 1.162232334776500453e+00
1.073000000000000398e+00 1.192236973088835361e+00
1.074000000000000510e+00 1.222242201856913901e+00
1.075000000000000622e+00 1.252247978636837900e+00
1.076000000000000512e+00 1.282254264956852907e+00
1.077000000000000401e+00 1.312261025863387998e+00
1.078000000000000513e+00 1.342268229527929124e+00
1.079000000000000625e+00 1.372275846905443242e+00
1.080000000000000515e+00 1.402283851436663786e+00
1.081000000000000405e+00 1.432292218787784455e+00
1.082000000000000517e+00 1.462300926622166042e+00
1.083000000000000629e+00 1.492309954399573257e+00
1.084000000000000519e+00 1.522319283199174089e+00
1.085000000000000409e+00 1.552328895563062749e+00
1.086000000000000520e+00 1.582338775357555960e+00
1.087000000000000632e+00 1.612348907649973073e+00
1.088000000000000522e+00 1.642359278598946482e+00
1.089000000000000412e+00 1.672369875356537694e+00
1.090000000000000524e+00 1.702380685980680930e+00
1.091000000000000636e+00 1.732391699356720549e+00
1.092000000000000526e+00 1.762402905126990271e+00
1.093000000000000416e+00 1.792414293627465183e+00
1.094000000000000528e+00 1.822425855830644537e+00
1.095000000000000639e+00 1.852437583293988110e+00
1.096000000000000529e+00 1.882449468113303492e+00
1.097000000000000419e+00 1.912461502880528075e+00
1.098000000000000531e+00 1.942473680645393497e+00
1.099000000000000643e+00 1.972485994880591287e+00
1.100000000000000533e+00 2.002498439450094647e+00
1.101000000000000423e+00 2.032511008580286216e+00
1.102000000000000535e+00 2.062523696833582054e+00
1.103000000000000647e+00 2.092536499084324486e+00
1.104000000000000536e+00 2.122549410496742173e+00
1.105000000000000426e+00 2.152562426504758708e+00
1.106000000000000538e+00 2.182575542793438128e+00
1.107000000000000650e+00 2.212588755281940323e+00
1.108000000000000540e+00 2.242602060107872219e+00
1.109000000000000430e+00 2.272615453612876202e+00
1.110000000000000542e+00 2.302628932329322531e+00
1.111000000000000654e+00 2.332642492968026726e+00
1.112000000000000544e+00 2.362656132406931064e+00
1.113000000000000433e+00 2.392669847680632511e+00
1.114000000000000545e+00 2.422683635970672711e+00
1.115000000000000657e+00 2.452697494596530081e+00
1.116000000000000547e+00 2.482711421007298913e+00
1.117000000000000437e+00 2.512725412773959555e+00
1.118000000000000549e+00 2.542739467582175283e+00
1.119000000000000661e+00 2.572753583225587892e+00
1.120000000000000551e+00 2.602767757599607101e+00
1.121000000000000441e+00 2.632781988695620967e+00
1.122000000000000552e+00 2.662796274595577994e+00
1.123000000000000664e+00 2.692810613466923186e+00
1.124000000000000554e+00 2.722825003557902246e+00
1.125000000000000444e+00 2.752839443193168645e+00
1.126000000000000556e+00 2.782853930769650042e+00
1.127000000000000668e+00 2.812868464752682485e+00
1.128000000000000558e+00 2.842883043672407961e+00
1.129000000000000448e+00 2.872897666120405979e+00
1.130000000000000560e+00 2.902912330746503677e+00
1.131000000000000671e+00 2.932927036255780884e+00
1.132000000000000561e+00 2.962941781405787012e+00
1.133000000000000451e+00 2.992956565003923153e+00
1.134000000000000563e+00 3.022971385904951624e+00
1.135000000000000675e+00 3.052986243008658729e+00
1.136000000000000565e+00 3.083001135257673830e+00
1.137000000000000455e+00 3.113016061635417220e+00
1.138000000000000567e+00 3.143031021164141237e+00
1.139000000000000679e+00 3.173046012903079305e+00
1.140000000000000568e+00 3.203061035946725088e+00
1.141000000000000458e+00 3.233076089423212007e+00
1.142000000000000570e+00 3.263091172492750491e+00
1.143000000000000682e+00 3.293106284346154489e+00
1.144000000000000572e+00 3.323121424203472341e+00
1.145000000000000462e+00 3.353136591312690928e+00
1.146000000000000574e+00 3.383151784948483787e+00
1.147000000000000686e+00 3.413167004411026273e+00
1.148000000000000576e+00 3.443182249024892894e+00
1.149000000000000465e+00 3.473197518138019468e+00
1.150000000000000577e+00 3.503212811120689718e+00
1.151000000000000689e+00 3.533228127364569815e+00
1.152000000000000579e+00 3.563243466281825977e+00
1.153000000000000469e+00 3.593258827304276259e+00
1.154000000000000581e+00 3.623274209882564545e+00
1.155000000000000693e+00 3.653289613485379395e+00
1.156000000000000583e+00 3.683305037598722631e+00
1.157000000000000473e+00 3.713320481725231659e+00
1.158000000000000584e+00 3.743335945383493790e+00
1.159000000000000696e+00 3.773351428107400096e+00
1.160000000000000586e+00 3.803366929445558320e+00
1.161000000000000476e+00 3.833382448960723110e+00
1.162000000000000588e+00 3.863397986229238246e+00
1.163000000000000700e+00 3.893413540840500620e+00
1.164000000000000590e+00 3.923429112396468188e+00
1.165000000000000480e+00 3.953444700511203003e+00
1.166000000000000592e+00 3.983460304810397368e+00
1.167000000000000703e+00 4.013475924930927974e+00
1.168000000000000593e+00 4.043491560520455330e+00
1.169000000000000483e+00 4.073507211237034298e+00
1.170000000000000595e+00 4.103522876748726844e+00
1.171000000000000707e+00 4.133538556733222791e+00
1.172000000000000597e+00 4.163554250877505858e+00
1.173000000000000487e+00 4.193569958877533921e+00
1.174000000000000599e+00 4.223585680437909495e+00
1.175000000000000711e+00 4.253601415271555553e+00
1.176000000000000600e+00 4.283617163099447289e+00
1.177000000000000490e+00 4.313632923650334128e+00
1.178000000000000602e+00 4.343648696660464381e+00
1.179000000000000714e+00 4.373664481873316134e+00
1.180000000000000604e+00 4.403680279039358325e+00
1.181000000000000494e+00 4.433696087915829587e+00
1.182000000000000606e+00 4.463711908266500217e+00
1.183000000000000718e+00 4.493727739861438586e+00
1.184000000000000608e+00 4.523743582476814851e+00
1.185000000000000497e+00 4.553759435894712659e+00
1.186000000000000609e+00 4.583775299902926648e+00
1.187000000000000721e+00 4.613791174294758157e+00
1.188000000000000611e+00 4.643807058868850923e+00
1.189000000000000501e+00 4.673822953429038307e+00
1.190000000000000613e+00 4.703838857784158556e+00
1.191000000000000725e+00 4.733854771747883383e+00
1.192000000000000615e+00 4.763870695138583855e+00
1.193000000000000504e+00 4.793886627779190945e+00
1.194000000000000616e+00 4.823902569497042769e+00
1.195000000000000728e+00 4.853918520123737146e+00
1.196000000000000618e+00 4.883934479495009029e+00
1.197000000000000508e+00 4.913950447450620374e+00
1.198000000000000620e+00 4.943966423834226021e+00
1.199000000000000732e+00 4.973982408493240470e+00
1.200000000000000622e+00 5.003998401278740182e+00
1.201000000000000512e+00 5.034014402045364989e+00
1.202000000000000624e+00 5.064030410651202629e+00
1.203000000000000735e+00 5.094046426957671514e+00
1.204000000000000625e+00 5.124062450829438120e+00
1.205000000000000515e+00 5.154078482134333505e+00
1.206000000000000627e+00 5.184094520743251167e+00
1.207000000000000739e+00 5.214110566530041346e+00
1.208000000000000629e+00 5.244126619371447084e+00
1.209000000000000519e+00 5.274142679147025170e+00
1.210000000000000631e+00 5.304158745739063541e+00
1.211000000000000743e+00 5.334174819032484471e+00
1.212000000000000632e+00 5.364190898914784178e+00
1.213000000000000522e+00 5.394206985275979527e+00
1.214000000000000634e+00 5.424223078008519217e+00
1.215000000000000746e+00 5.454239177007206507e+00
1.216000000000000636e+00 5.484255282169148593e+00
1.217000000000000526e+00 5.514271393393706866e+00
1.218000000000000638e+00 5.544287510582419642e+00
1.219000000000000750e+00 5.574303633638936439e+00
1.220000000000000639e+00 5.604319762468966459e+00
1.221000000000000529e+00 5.634335896980244840e+00
1.222000000000000641e+00 5.664352037082460711e+00
1.223000000000000753e+00 5.694368182687194135e+00
1.224000000000000643e+00 5.724384333707881467e+00
1.225000000000000533e+00 5.754400490059775386e+00
1.226000000000000645e+00 5.784416651659889830e+00
1.227000000000000757e+00 5.814432818426941374e+00
1.228000000000000647e+00 5.844448990281310152e+00
1.229000000000000536e+00 5.874465167145022093e+00
1.230000000000000648e+00 5.904481348941686747e+00
1.231000000000000760e+00 5.934497535596443996e+00
1.232000000000000650e+00 5.964513727035946289e+00
1.233000000000000540e+00 5.994529923188322229e+00
1.234000000000000652e+00 6.024546123983136603e+00
1.235000000000000764e+00 6.054562329351336203e+00
1.236000000000000654e+00 6.084578539225230287e+00
1.237000000000000544e+00 6.114594753538471039e+00
1.238000000000000655e+00 6.144610972226007384e+00
1.239000000000000767e+00 6.174627195224039689e+00
1.240000000000000657e+00 6.204643422470001113e+00
1.241000000000000547e+00 6.234659653902545173e+00
1.242000000000000659e+00 6.264675889461500446e+00
1.243000000000000771e+00 6.294692129087830601e+00
1.244000000000000661e+00 6.324708372723619298e+00
1.245000000000000551e+00 6.354724620312055983e+00
1.246000000000000663e+00 6.384740871797403017e+00
1.247000000000000774e+00 6.414757127124946834e+00
1.248000000000000664e+00 6.444773386240997937e+00
1.249000000000000554e+00 6.474789649092873134e+00
1.250000000000000666e+00 6.504805915628863566e+00
1.251000000000000778e+00 6.534822185798195626e+00
1.252000000000000668e+00 6.564838459551023853e+00
1.253000000000000558e+00 6.594854736838425602e+00
1.254000000000000670e+00 6.624871017612363744e+00
1.255000000000000782e+00 6.654887301825652912e+00
1.256000000000000671e+00 6.684903589431957727e+00
1.257000000000000561e+00 6.714919880385783024e+00
1.258000000000000673e+00 6.744936174642445437e+00
1.259000000000000785e+00 6.774952472158038752e+00
1.260000000000000675e+00 6.804968772889430362e+00
1.261000000000000565e+00 6.834985076794259484e+00
1.262000000000000677e+00 6.865001383830908743e+00
1.263000000000000789e+00 6.895017693958465976e+00
1.264000000000000679e+00 6.925034007136735781e+00
1.265000000000000568e+00 6.955050323326225303e+00
1.266000000000000680e+00 6.985066642488121147e+00
1.267000000000000792e+00 7.015082964584262726e+00
1.268000000000000682e+00 7.045099289577137824e+00
1.269000000000000572e+00 7.075115617429884374e+00
1.270000000000000684e+00 7.105131948106262918e+00
1.271000000000000796e+00 7.135148281570631745e+00
1.272000000000000686e+00 7.165164617787947776e+00
1.273000000000000576e+00 7.195180956723760346e+00
1.274000000000000687e+00 7.225197298344197883e+00
1.275000000000000799e+00 7.255213642615933267e+00
1.276000000000000689e+00 7.285229989506185611e+00
1.277000000000000579e+00 7.315246338982730023e+00
1.278000000000000691e+00 7.345262691013869194e+00
1.279000000000000803e+00 7.375279045568402303e+00
1.280000000000000693e+00 7.405295402615637457e+00
1.281000000000000583e+00 7.435311762125396129e+00
1.282000000000000695e+00 7.465328124067977633e+00
1.283000000000000806e+00 7.495344488414148465e+00
1.284000000000000696e+00 7.525360855135142302e+00
1.285000000000000586e+00 7.555377224202659114e+00
1.286000000000000698e+00 7.585393595588849180e+00
1.287000000000000810e+00 7.615409969266288215e+00
1.288000000000000700e+00 7.645426345207985364e+00
1.289000000000000590e+00 7.675442723387379651e+00
1.290000000000000702e+00 7.705459103778328434e+00
1.291000000000000814e+00 7.735475486355081642e+00
1.292000000000000703e+00 7.765491871092282672e+00
1.293000000000000593e+00 7.795508257964984367e+00
1.294000000000000705e+00 7.825524646948621488e+00
1.295000000000000817e+00 7.855541038018984068e+00
1.296000000000000707e+00 7.885557431152240504e+00
1.297000000000000597e+00 7.915573826324929563e+00
1.298000000000000709e+00 7.945590223513941730e+00
1.299000000000000821e+00 7.975606622696506776e+00
1.300000000000000711e+00 8.005623023850194642e+00
1.301000000000000600e+00 8.035639426952924325e+00
1.302000000000000712e+00 8.065655831982935453e+00
1.303000000000000824e+00 8.095672238918792729e+00
1.304000000000000714e+00 8.125688647739362835e+00
1.305000000000000604e+00 8.155705058423844633e+00
1.306000000000000716e+00 8.185721470951742518e+00
1.307000000000000828e+00 8.215737885302841548e+00
1.308000000000000718e+00 8.245754301457226987e+00
1.309000000000000608e+00 8.275770719395280750e+00
1.310000000000000719e+00 8.305787139097676075e+00
1.311000000000000831e+00 8.335803560545343771e+00
1.312000000000000721e+00 8.365819983719488206e+00
1.313000000000000611e+00 8.395836408601605072e+00
1.314000000000000723e+00 8.425852835173444078e+00
1.315000000000000835e+00 8.455869263417003623e+00
1.316000000000000725e+00 8.485885693314537903e+00
1.317000000000000615e+00 8.515902124848565791e+00
1.318000000000000727e+00 8.545918558001847742e+00
1.319000000000000838e+00 8.575934992757375142e+00
1.320000000000000728e+00 8.605951429098377403e+00
1.321000000000000618e+00 8.635967867008325527e+00
1.322000000000000730e+00 8.665984306470924992e+00
1.323000000000000842e+00 8.696000747470094439e+00
1.324000000000000732e+00 8.726017189989965672e+00
1.325000000000000622e+00 8.756033634014908529e+00
1.326000000000000734e+00 8.786050079529504231e+00
1.327000000000000846e+00 8.816066526518527624e+00
1.328000000000000735e+00 8.846082974966964940e+00
1.329000000000000625e+00 8.876099424860017351e+00
1.330000000000000737e+00 8.906115876183083202e+00
1.331000000000000849e+00 8.936132328921749135e+00
1.332000000000000739e+00 8.966148783061788308e+00
1.333000000000000629e+00 8.996165238589181712e+00
1.334000000000000741e+00 9.026181695490093304e+00
1.335000000000000853e+00 9.056198153750859348e+00
1.336000000000000743e+00 9.086214613357997294e+00
1.337000000000000632e+00 9.116231074298212889e+00
1.338000000000000744e+00 9.146247536558389513e+00
1.339000000000000856e+00 9.176264000125568643e+00
1.340000000000000746e+00 9.206280464986955181e+00
1.341000000000000636e+00 9.236296931129938770e+00
1.342000000000000748e+00 9.266313398542077806e+00
1.343000000000000860e+00 9.296329867211063913e+00
1.344000000000000750e+00 9.326346337124759245e+00
1.345000000000000639e+00 9.356362808271191156e+00
1.346000000000000751e+00 9.386379280638536216e+00
1.347000000000000863e+00 9.416395754215116654e+00
1.348000000000000753e+00 9.446412228989396809e+00
1.349000000000000643e+00 9.476428704950002668e+00
1.350000000000000755e+00 9.506445182085700552e+00
1.351000000000000867e+00 9.536461660385391781e+00
1.352000000000000757e+00 9.566478139838110906e+00
1.353000000000000647e+00 9.596494620433045242e+00
1.354000000000000759e+00 9.626511102159517108e+00
1.355000000000000870e+00 9.656527585006969616e+00
1.356000000000000760e+00 9.686544068964970222e+00
1.357000000000000650e+00 9.716560554023237373e+00
1.358000000000000762e+00 9.746577040171613859e+00
1.359000000000000874e+00 9.776593527400049055e+00
1.360000000000000764e+00 9.806610015698616678e+00
1.361000000000000654e+00 9.836626505057532555e+00
1.362000000000000766e+00 9.866642995467122645e+00
1.363000000000000878e+00 9.896659486917821269e+00
1.364000000000000767e+00 9.926675979400176431e+00
1.365000000000000657e+00 9.956692472904865809e+00
1.366000000000000769e+00 9.986708967422675443e+00
1.367000000000000881e+00 1.001672546294449084e+01
1.368000000000000771e+00 1.004674195946130943e+01
1.369000000000000661e+00 1.007675845696424410e+01
1.370000000000000773e+00 1.010677495544451432e+01
1.371000000000000885e+00 1.013679145489343547e+01
1.372000000000000774e+00 1.016680795530241532e+01
1.373000000000000664e+00 1.019682445666298598e+01
1.374000000000000776e+00 1.022684095896677547e+01
1.375000000000000888e+00 1.025685746220549532e+01
1.376000000000000778e+00 1.028687396637095297e+01
1.377000000000000668e+00 1.031689047145506954e+01
1.378000000000000780e+00 1.034690697744985499e+01
1.379000000000000892e+00 1.037692348434739742e+01
1.380000000000000782e+00 1.040693999213988441e+01
1.381000000000000671e+00 1.043695650081959592e+01
1.382000000000000783e+00 1.046697301037890782e+01
1.383000000000000895e+00 1.049698952081026704e+01
1.384000000000000785e+00 1.052700603210620933e+01
1.385000000000000675e+00 1.055702254425936282e+01
1.386000000000000787e+00 1.058703905726244443e+01
1.387000000000000899e+00 1.061705557110824394e+01
1.388000000000000789e+00 1.064707208578961861e+01
1.389000000000000679e+00 1.067708860129953408e+01
1.390000000000000790e+00 1.070710511763102701e+01
1.391000000000000902e+00 1.073712163477719805e+01
1.392000000000000792e+00 1.076713815273123132e+01
1.393000000000000682e+00 1.079715467148639263e+01
1.394000000000000794e+00 1.082717119103602776e+01
1.395000000000000906e+00 1.085718771137353755e+01
1.396000000000000796e+00 1.088720423249240454e+01
1.397000000000000686e+00 1.091722075438618589e+01
1.398000000000000798e+00 1.094723727704851157e+01
1.399000000000000909e+00 1.097725380047307553e+01
1.400000000000000799e+00 1.100727032465363564e+01
1.401000000000000689e+00 1.103728684958402617e+01
1.402000000000000801e+00 1.106730337525815422e+01
1.403000000000000913e+00 1.109731990166998017e+01
1.404000000000000803e+00 1.112733642881352480e+01
1.405000000000000693e+00 1.115735295668289062e+01
1.406000000000000805e+00 1.118736948527224406e+01
1.407000000000000917e+00 1.121738601457579421e+01
1.408000000000000806e+00 1.124740254458781763e+01
1.409000000000000696e+00 1.127741907530266730e+01
1.410000000000000808e+00 1.130743560671474768e+01
1.411000000000000920e+00 1.133745213881851832e+01
1.412000000000000810e+00 1.136746867160849206e+01
1.413000000000000700e+00 1.139748520507925456e+01
1.414000000000000812e+00 1.142750173922544477e+01
1.415000000000000924e+00 1.145751827404174961e+01
1.416000000000000814e+00 1.148753480952291106e+01
1.417000000000000703e+00 1.151755134566373329e+01
1.418000000000000815e+00 1.154756788245908261e+01
1.419000000000000927e+00 1.157758441990386267e+01
1.420000000000000817e+00 1.160760095799302327e+01
1.421000000000000707e+00 1.163761749672158885e+01
1.422000000000000819e+00 1.166763403608463356e+01
1.423000000000000931e+00 1.169765057607726000e+01
1.424000000000000821e+00 1.172766711669463113e+01
1.425000000000000711e+00 1.175768365793197034e+01
1.426000000000000822e+00 1.178770019978454364e+01
1.427000000000000934e+00 1.181771674224765967e+01
1.428000000000000824e+00 1.184773328531667147e+01
1.429000000000000714e+00 1.187774982898699250e+01
1.430000000000000826e+00 1.190776637325407883e+01
1.431000000000000938e+00 1.193778291811342562e+01
1.432000000000000828e+00 1.196779946356056712e+01
1.433000000000000718e+00 1.199781600959109973e+01
1.434000000000000830e+00 1.202783255620066427e+01
1.435000000000000941e+00 1.205784910338492644e+01
1.436000000000000831e+00 1.208786565113960165e+01
1.437000000000000721e+00 1.211788219946045331e+01
1.438000000000000833e+00 1.214789874834329630e+01
1.439000000000000945e+00 1.217791529778396331e+01
1.440000000000000835e+00 1.220793184777833673e+01
1.441000000000000725e+00 1.223794839832234871e+01
1.442000000000000837e+00 1.226796494941196869e+01
1.443000000000000949e+00 1.229798150104319809e+01
1.444000000000000838e+00 1.232799805321207209e+01
1.445000000000000728e+00 1.235801460591467915e+01
1.446000000000000840e+00 1.238803115914714859e+01
1.447000000000000952e+00 1.241804771290562925e+01
1.448000000000000842e+00 1.244806426718631087e+01
1.449000000000000732e+00 1.247808082198542934e+01
1.450000000000000844e+00 1.250809737729925963e+01
1.451000000000000956e+00 1.253811393312410338e+01
1.452000000000000846e+00 1.256813048945628353e+01
1.453000000000000735e+00 1.259814704629218518e+01
1.454000000000000847e+00 1.262816360362822721e+01
1.455000000000000959e+00 1.265818016146083913e+01
1.456000000000000849e+00 1.268819671978648778e+01
1.457000000000000739e+00 1.271821327860169859e+01
1.458000000000000851e+00 1.274822983790301123e+01
1.459000000000000963e+00 1.277824639768699733e+01
1.460000000000000853e+00 1.280826295795025693e+01
1.461000000000000743e+00 1.283827951868943273e+01
1.462000000000000854e+00 1.286829607990120294e+01
1.463000000000000966e+00 1.289831264158226176e+01
1.464000000000000856e+00 1.292832920372933181e+01
1.465000000000000746e+00 1.295834576633918189e+01
1.466000000000000858e+00 1.298836232940860924e+01
1.467000000000000970e+00 1.301837889293443418e+01
1.468000000000000860e+00 1.304839545691349301e+01
1.469000000000000750e+00 1.307841202134267355e+01
1.470000000000000862e+00 1.310842858621889562e+01
1.471000000000000973e+00 1.313844515153908077e+01
1.472000000000000863e+00 1.316846171730018966e+01
1.473000000000000753e+00 1.319847828349922203e+01
1.474000000000000865e+00 1.322849485013320425e+01
1.475000000000000977e+00 1.325851141719916981e+01
1.476000000000000867e+00 1.328852798469419305e+01
1.477000000000000757e+00 1.331854455261537318e+01
1.478000000000000869e+00 1.334856112095984315e+01
1.479000000000000981e+00 1.337857768972474837e+01
1.480000000000000870e+00 1.340859425890725909e+01
1.481000000000000760e+00 1.343861082850458288e+01
1.482000000000000872e+00 1.346862739851395219e+01
1.483000000000000984e+00 1.349864396893261365e+01
1.484000000000000874e+00 1.352866053975783345e+01
1.485000000000000764e+00 1.355867711098692041e+01
1.486000000000000876e+00 1.358869368261720467e+01
1.487000000000000988e+00 1.361871025464602525e+01
1.488000000000000878e+00 1.364872682707074603e+01
1.489000000000000767e+00 1.367874339988877175e+01
1.490000000000000879e+00 1.370875997309751959e+01
1.491000000000000991e+00 1.373877654669442627e+01
1.492000000000000881e+00 1.376879312067694272e+01
1.493000000000000771e+00 1.379880969504256427e+01
1.494000000000000883e+00 1.382882626978879692e+01
1.495000000000000995e+00 1.385884284491316620e+01
1.496000000000000885e+00 1.388885942041321009e+01
1.497000000000000774e+00 1.391887599628650563e+01
1.498000000000000886e+00 1.394889257253064940e+01
1.499000000000000998e+00 1.397890914914325045e+01
1.500000000000000888e+00 1.400892572612192666e+01
1.501000000000000778e+00 1.403894230346434036e+01
1.502000000000000890e+00 1.406895888116817162e+01
1.503000000000001002e+00 1.409897545923110052e+01
1.504000000000000892e+00 1.412899203765083556e+01
1.505000000000000782e+00 1.415900861642511543e+01
1.506000000000000894e+00 1.418902519555169306e+01
1.507000000000001005e+00 1.421904177502833022e+01
1.508000000000000895e+00 1.424905835485281358e+01
1.509000000000000785e+00 1.427907493502295111e+01
1.510000000000000897e+00 1.430909151553657388e+01
1.511000000000001009e+00 1.433910809639152184e+01
1.512000000000000899e+00 1.436912467758564560e+01
1.513000000000000789e+00 1.439914125911683307e+01
1.514000000000000901e+00 1.442915784098298460e+01
1.515000000000001013e+00 1.445917442318201296e+01
1.516000000000000902e+00 1.448919100571183627e+01
1.517000000000000792e+00 1.451920758857041172e+01
1.518000000000000904e+00 1.454922417175571603e+01
1.519000000000001016e+00 1.457924075526571706e+01
1.520000000000000906e+00 1.460925733909840929e+01
1.521000000000000796e+00 1.463927392325181920e+01
1.522000000000000908e+00 1.466929050772397858e+01
1.523000000000001020e+00 1.469930709251292811e+01
1.524000000000000909e+00 1.472932367761672978e+01
1.525000000000000799e+00 1.475934026303346513e+01
1.526000000000000911e+00 1.478935684876123346e+01
1.527000000000001023e+00 1.481937343479814295e+01
1.528000000000000913e+00 1.484939002114231066e+01
1.529000000000000803e+00 1.487940660779188207e+01
1.530000000000000915e+00 1.490942319474502042e+01
1.531000000000001027e+00 1.493943978199989076e+01
1.532000000000000917e+00 1.496945636955466696e+01
1.533000000000000806e+00 1.499947295740756026e+01
1.534000000000000918e+00 1.502948954555678895e+01
1.535000000000001030e+00 1.505950613400057669e+01
1.536000000000000920e+00 1.508952272273715067e+01
1.537000000000000810e+00 1.511953931176478427e+01
1.538000000000000922e+00 1.514955590108174910e+01
1.539000000000001034e+00 1.517957249068632031e+01
1.540000000000000924e+00 1.520958908057679437e+01
1.541000000000000814e+00 1.523960567075148376e+01
1.542000000000000925e+00 1.526962226120871691e+01
1.543000000000001037e+00 1.529963885194683115e+01
1.544000000000000927e+00 1.532965544296416560e+01
1.545000000000000817e+00 1.535967203425908778e+01
1.546000000000000929e+00 1.538968862582998653e+01
1.547000000000001041e+00 1.541970521767523827e+01
1.548000000000000931e+00 1.544972180979323717e+01
1.549000000000000821e+00 1.547973840218240760e+01
1.550000000000000933e+00 1.550975499484117925e+01
1.551000000000001044e+00 1.553977158776797829e+01
1.552000000000000934e+00 1.556978818096125750e+01
1.553000000000000824e+00 1.559980477441947855e+01
1.554000000000000936e+00 1.562982136814112621e+01
1.555000000000001048e+00 1.565983796212467105e+01
1.556000000000000938e+00 1.568985455636861204e+01
1.557000000000000828e+00 1.571987115087146059e+01
1.558000000000000940e+00 1.574988774563174054e+01
1.559000000000001052e+00 1.577990434064798109e+01
1.560000000000000941e+00 1.580992093591871672e+01
1.561000000000000831e+00 1.583993753144250327e+01
1.562000000000000943e+00 1.586995412721791432e+01
1.563000000000001055e+00 1.589997072324351990e+01
1.564000000000000945e+00 1.592998731951789537e+01
1.565000000000000835e+00 1.596000391603964275e+01
1.566000000000000947e+00 1.599002051280738357e+01
1.567000000000001059e+00 1.602003710981972517e+01
1.568000000000000949e+00 1.605005370707527845e+01
1.569000000000000838e+00 1.608007030457270048e+01
1.570000000000000950e+00 1.611008690231064477e+01
1.571000000000001062e+00 1.614010350028775420e+01
1.572000000000000952e+00 1.617012009850269649e+01
1.573000000000000842e+00 1.620013669695416070e+01
1.574000000000000954e+00 1.623015329564082876e+01
1.575000000000001066e+00 1.626016989456140394e+01
1.576000000000000956e+00 1.629018649371458238e+01
1.577000000000000846e+00 1.632020309309907802e+01
1.578000000000000957e+00 1.635021969271364028e+01
1.579000000000001069e+00 1.638023629255698665e+01
1.580000000000000959e+00 1.641025289262785591e+01
1.581000000000000849e+00 1.644026949292501172e+01
1.582000000000000961e+00 1.647028609344722128e+01
1.583000000000001073e+00 1.650030269419324824e+01
1.584000000000000963e+00 1.653031929516187404e+01
1.585000000000000853e+00 1.656033589635188719e+01
1.586000000000000965e+00 1.659035249776209398e+01
1.587000000000001076e+00 1.662036909939129714e+01
1.588000000000000966e+00 1.665038570123830297e+01
1.589000000000000856e+00 1.668040230330194618e+01
1.590000000000000968e+00 1.671041890558106147e+01
1.591000000000001080e+00 1.674043550807448710e+01
1.592000000000000970e+00 1.677045211078106490e+01
1.593000000000000860e+00 1.680046871369965444e+01
1.594000000000000972e+00 1.683048531682912952e+01
1.595000000000001084e+00 1.686050192016836391e+01
1.596000000000000973e+00 1.689051852371622786e+01
1.597000000000000863e+00 1.692053512747161292e+01
1.598000000000000975e+00 1.695055173143343552e+01
1.599000000000001087e+00 1.698056833560058365e+01
1.600000000000000977e+00 1.701058493997196308e+01
1.601000000000000867e+00 1.704060154454650799e+01
1.602000000000000979e+00 1.707061814932315613e+01
1.603000000000001091e+00 1.710063475430082036e+01
1.604000000000000981e+00 1.713065135947845263e+01
1.605000000000000870e+00 1.716066796485500845e+01
1.606000000000000982e+00 1.719068457042944331e+01
1.607000000000001094e+00 1.722070117620072693e+01
1.608000000000000984e+00 1.725071778216781837e+01
1.609000000000000874e+00 1.728073438832970510e+01
1.610000000000000986e+00 1.731075099468538525e+01
1.611000000000001098e+00 1.734076760123383920e+01
1.612000000000000988e+00 1.737078420797405798e+01
1.613000000000000878e+00 1.740080081490506814e+01
1.614000000000000989e+00 1.743081742202588202e+01
1.615000000000001101e+00 1.746083402933551554e+01
1.616000000000000991e+00 1.749085063683298813e+01
1.617000000000000881e+00 1.752086724451734767e+01
1.618000000000000993e+00 1.755088385238763493e+01
1.619000000000001105e+00 1.758090046044289423e+01
1.620000000000000995e+00 1.761091706868216988e+01
1.621000000000000885e+00 1.764093367710453464e+01
1.622000000000000997e+00 1.767095028570905768e+01
1.623000000000001108e+00 1.770096689449480820e+01
1.624000000000000998e+00 1.773098350346085894e+01
1.625000000000000888e+00 1.776100011260630041e+01
1.626000000000001000e+00 1.779101672193023020e+01
1.627000000000001112e+00 1.782103333143174595e+01
1.628000000000001002e+00 1.785104994110993815e+01
1.629000000000000892e+00 1.788106655096392572e+01
1.630000000000001004e+00 1.791108316099283471e+01
1.631000000000001116e+00 1.794109977119578048e+01
1.632000000000001005e+00 1.797111638157187485e+01
1.633000000000000895e+00 1.800113299212027229e+01
1.634000000000001007e+00 1.803114960284011303e+01
1.635000000000001119e+00 1.806116621373053022e+01
1.636000000000001009e+00 1.809118282479067474e+01
1.637000000000000899e+00 1.812119943601970817e+01
1.638000000000001011e+00 1.815121604741679562e+01
1.639000000000001123e+00 1.818123265898110574e+01
1.640000000000001013e+00 1.821124927071180366e+01
1.641000000000000902e+00 1.824126588260806159e+01
1.642000000000001014e+00 1.827128249466908727e+01
1.643000000000001126e+00 1.830129910689406003e+01
1.644000000000001016e+00 1.833131571928215564e+01
1.645000000000000906e+00 1.836133233183259605e+01
1.646000000000001018e+00 1.839134894454458191e+01
1.647000000000001130e+00 1.842136555741732096e+01
1.648000000000001020e+00 1.845138217045002449e+01
1.649000000000000909e+00 1.848139878364191802e+01
1.650000000000001021e+00 1.851141539699223415e+01
1.651000000000001133e+00 1.854143201050019485e+01
1.652000000000001023e+00 1.857144862416502917e+01
1.653000000000000913e+00 1.860146523798598750e+01
1.654000000000001025e+00 1.863148185196231310e+01
1.655000000000001137e+00 1.866149846609326346e+01
1.656000000000001027e+00 1.869151508037807830e+01
1.657000000000000917e+00 1.872153169481602575e+01
1.658000000000001029e+00 1.875154830940637751e+01
1.659000000000001140e+00 1.878156492414839462e+01
1.660000000000001030e+00 1.881158153904134878e+01
1.661000000000000920e+00 1.884159815408451522e+01
1.662000000000001032e+00 1.887161476927719406e+01
1.663000000000001144e+00 1.890163138461866410e+01
1.664000000000001034e+00 1.893164800010821125e+01
1.665000000000000924e+00 1.896166461574513207e+01
1.666000000000001036e+00 1.899168123152874443e+01
1.667000000000001148e+00 1.902169784745834136e+01
1.668000000000001037e+00 1.905171446353322651e+01
1.669000000000000927e+00 1.908173107975272487e+01
1.670000000000001039e+00 1.911174769611615432e+01
1.671000000000001151e+00 1.914176431262283984e+01
1.672000000000001041e+00 1.917178092927209576e+01
1.673000000000000931e+00 1.920179754606325773e+01
1.674000000000001043e+00 1.923181416299567914e+01
1.675000000000001155e+00 1.926183078006868499e+01
1.676000000000001044e+00 1.929184739728160736e+01
1.677000000000000934e+00 1.932186401463381031e+01
1.678000000000001046e+00 1.935188063212465082e+01
1.679000000000001158e+00 1.938189724975347517e+01
1.680000000000001048e+00 1.941191386751963677e+01
1.681000000000000938e+00 1.944193048542251034e+01
1.682000000000001050e+00 1.947194710346146351e+01
1.683000000000001162e+00 1.950196372163586389e+01
1.684000000000001052e+00 1.953198033994508265e+01
1.685000000000000941e+00 1.956199695838850516e+01
1.686000000000001053e+00 1.959201357696551682e+01
1.687000000000001165e+00 1.962203019567550655e+01
1.688000000000001055e+00 1.965204681451785262e+01
1.689000000000000945e+00 1.968206343349195819e+01
1.690000000000001057e+00 1.971208005259721929e+01
1.691000000000001169e+00 1.974209667183304617e+01
1.692000000000001059e+00 1.977211329119882777e+01
1.693000000000000949e+00 1.980212991069397788e+01
1.694000000000001060e+00 1.983214653031792452e+01
1.695000000000001172e+00 1.986216315007007083e+01
1.696000000000001062e+00 1.989217976994982706e+01
1.697000000000000952e+00 1.992219638995663544e+01
1.698000000000001064e+00 1.995221301008991688e+01
1.699000000000001176e+00 1.998222963034909583e+01
1.700000000000001066e+00 2.001224625073360741e+01
1.701000000000000956e+00 2.004226287124288675e+01
1.702000000000001068e+00 2.007227949187638316e+01
1.703000000000001180e+00 2.010229611263353533e+01
1.704000000000001069e+00 2.013231273351378547e+01
1.705000000000000959e+00 2.016232935451658292e+01
1.706000000000001071e+00 2.019234597564139477e+01
1.707000000000001183e+00 2.022236259688767035e+01
1.708000000000001073e+00 2.025237921825485898e+01
1.709000000000000963e+00 2.028239583974243132e+01
1.710000000000001075e+00 2.031241246134986511e+01
1.711000000000001187e+00 2.034242908307661679e+01
1.712000000000001076e+00 2.037244570492215701e+01
1.713000000000000966e+00 2.040246232688596706e+01
1.714000000000001078e+00 2.043247894896753181e+01
1.715000000000001190e+00 2.046249557116632545e+01
1.716000000000001080e+00 2.049251219348182573e+01
1.717000000000000970e+00 2.052252881591353173e+01
1.718000000000001082e+00 2.055254543846093185e+01
1.719000000000001194e+00 2.058256206112352515e+01
1.720000000000001084e+00 2.061257868390079295e+01
1.721000000000000973e+00 2.064259530679224852e+01
1.722000000000001085e+00 2.067261192979739093e+01
1.723000000000001197e+00 2.070262855291572635e+01
1.724000000000001087e+00 2.073264517614675739e+01
1.725000000000000977e+00 2.076266179948999735e+01
1.726000000000001089e+00 2.079267842294497015e+01
1.727000000000001201e+00 2.082269504651118908e+01
1.728000000000001091e+00 2.085271167018815675e+01
1.729000000000000981e+00 2.088272829397541130e+01
1.730000000000001092e+00 2.091274491787248380e+01
1.731000000000001204e+00 2.094276154187889105e+01
1.732000000000001094e+00 2.097277816599416056e+01
1.733000000000000984e+00 2.100279479021783047e+01
1.734000000000001096e+00 2.103281141454944247e+01
1.735000000000001208e+00 2.106282803898853118e+01
1.736000000000001098e+00 2.109284466353463117e+01
1.737000000000000988e+00 2.112286128818728770e+01
1.738000000000001100e+00 2.115287791294606379e+01
1.739000000000001211e+00 2.118289453781049048e+01
1.740000000000001101e+00 2.121291116278011657e+01
1.741000000000000991e+00 2.124292778785450864e+01
1.742000000000001103e+00 2.127294441303322259e+01
1.743000000000001215e+00 2.130296103831581078e+01
1.744000000000001105e+00 2.133297766370183268e+01
1.745000000000000995e+00 2.136299428919085841e+01
1.746000000000001107e+00 2.139301091478246164e+01
1.747000000000001219e+00 2.142302754047619473e+01
1.748000000000001108e+00 2.145304416627163491e+01
1.749000000000000998e+00 2.148306079216835585e+01
1.750000000000001110e+00 2.151307741816594188e+01
1.751000000000001222e+00 2.154309404426396668e+01
1.752000000000001112e+00 2.157311067046200392e+01
1.753000000000001002e+00 2.160312729675963794e+01
1.754000000000001114e+00 2.163314392315646373e+01
1.755000000000001226e+00 2.166316054965206561e+01
1.756000000000001116e+00 2.169317717624602793e+01
1.757000000000001005e+00 2.172319380293793856e+01
1.758000000000001117e+00 2.175321042972741381e+01
1.759000000000001229e+00 2.178322705661403447e+01
1.760000000000001119e+00 2.181324368359739196e+01
1.761000000000001009e+00 2.184326031067709550e+01
1.762000000000001121e+00 2.187327693785276139e+01
1.763000000000001233e+00 2.190329356512398107e+01
1.764000000000001123e+00 2.193331019249036018e+01
1.765000000000001013e+00 2.196332681995151148e+01
1.766000000000001124e+00 2.199334344750705128e+01
1.767000000000001236e+00 2.202336007515659944e+01
1.768000000000001126e+00 2.205337670289975094e+01
1.769000000000001016e+00 2.208339333073613631e+01
1.770000000000001128e+00 2.211340995866538606e+01
1.771000000000001240e+00 2.214342658668711294e+01
1.772000000000001130e+00 2.217344321480092972e+01
1.773000000000001020e+00 2.220345984300647757e+01
1.774000000000001132e+00 2.223347647130339055e+01
1.775000000000001243e+00 2.226349309969128853e+01
1.776000000000001133e+00 2.229350972816979848e+01
1.777000000000001023e+00 2.232352635673856511e+01
1.778000000000001135e+00 2.235354298539722606e+01
1.779000000000001247e+00 2.238355961414541540e+01
1.780000000000001137e+00 2.241357624298276718e+01
1.781000000000001027e+00 2.244359287190893326e+01
1.782000000000001139e+00 2.247360950092355480e+01
1.783000000000001251e+00 2.250362613002628365e+01
1.784000000000001140e+00 2.253364275921675386e+01
1.785000000000001030e+00 2.256365938849462083e+01
1.786000000000001142e+00 2.259367601785954349e+01
1.787000000000001254e+00 2.262369264731117369e+01
1.788000000000001144e+00 2.265370927684915969e+01
1.789000000000001034e+00 2.268372590647315690e+01
1.790000000000001146e+00 2.271374253618283845e+01
1.791000000000001258e+00 2.274375916597785974e+01
1.792000000000001148e+00 2.277377579585786549e+01
1.793000000000001037e+00 2.280379242582253951e+01
1.794000000000001149e+00 2.283380905587155141e+01
1.795000000000001261e+00 2.286382568600455301e+01
1.796000000000001151e+00 2.289384231622122456e+01
1.797000000000001041e+00 2.292385894652122857e+01
1.798000000000001153e+00 2.295387557690425240e+01
1.799000000000001265e+00 2.298389220736996563e+01
1.800000000000001155e+00 2.301390883791803077e+01
1.801000000000001044e+00 2.304392546854813517e+01
1.802000000000001156e+00 2.307394209925996975e+01
1.803000000000001268e+00 2.310395873005320766e+01
1.804000000000001158e+00 2.313397536092751849e+01
1.805000000000001048e+00 2.316399199188260383e+01
1.806000000000001160e+00 2.319400862291815102e+01
1.807000000000001272e+00 2.322402525403384033e+01
1.808000000000001162e+00 2.325404188522936266e+01
1.809000000000001052e+00 2.328405851650440894e+01
1.810000000000001164e+00 2.331407514785868074e+01
1.811000000000001275e+00 2.334409177929185830e+01
1.812000000000001165e+00 2.337410841080364321e+01
1.813000000000001055e+00 2.340412504239373703e+01
1.814000000000001167e+00 2.343414167406183424e+01
1.815000000000001279e+00 2.346415830580764350e+01
1.816000000000001169e+00 2.349417493763085218e+01
1.817000000000001059e+00 2.352419156953117252e+01
1.818000000000001171e+00 2.355420820150831673e+01
1.819000000000001283e+00 2.358422483356198640e+01
1.820000000000001172e+00 2.361424146569187954e+01
1.821000000000001062e+00 2.364425809789771193e+01
1.822000000000001174e+00 2.367427473017920647e+01
1.823000000000001286e+00 2.370429136253606472e+01
1.824000000000001176e+00 2.373430799496799537e+01
1.825000000000001066e+00 2.376432462747472130e+01
1.826000000000001178e+00 2.379434126005596539e+01
1.827000000000001290e+00 2.382435789271143634e+01
1.828000000000001180e+00 2.385437452544085701e+01
1.829000000000001069e+00 2.388439115824394676e+01
1.830000000000001181e+00 2.391440779112043202e+01
1.831000000000001293e+00 2.394442442407003924e+01
1.832000000000001183e+00 2.397444105709248063e+01
1.833000000000001073e+00 2.400445769018749331e+01
1.834000000000001185e+00 2.403447432335481082e+01
1.835000000000001297e+00 2.406449095659415605e+01
1.836000000000001187e+00 2.409450758990524832e+01
1.837000000000001076e+00 2.412452422328783541e+01
1.838000000000001188e+00 2.415454085674165086e+01
1.839000000000001300e+00 2.418455749026642465e+01
1.840000000000001190e+00 2.421457412386188679e+01
1.841000000000001080e+00 2.424459075752778148e+01
1.842000000000001192e+00 2.427460739126385647e+01
1.843000000000001304e+00 2.430462402506983466e+01
1.844000000000001194e+00 2.433464065894546380e+01
1.845000000000001084e+00 2.436465729289048809e+01
1.846000000000001195e+00 2.439467392690465175e+01
1.847000000000001307e+00 2.442469056098770608e+01
1.848000000000001197e+00 2.445470719513938107e+01
1.849000000000001087e+00 2.448472382935943514e+01
1.850000000000001199e+00 2.451474046364761605e+01
1.851000000000001311e+00 2.454475709800367866e+01
1.852000000000001201e+00 2.457477373242736363e+01
1.853000000000001091e+00 2.460479036691842225e+01
1.854000000000001203e+00 2.463480700147662716e+01
1.855000000000001315e+00 2.466482363610171902e+01
1.856000000000001204e+00 2.469484027079344557e+01
1.857000000000001094e+00 2.472485690555157944e+01
1.858000000000001206e+00 2.475487354037587906e+01
1.859000000000001318e+00 2.478489017526609928e+01
1.860000000000001208e+00 2.481490681022199141e+01
1.861000000000001098e+00 2.484492344524333163e+01
1.862000000000001210e+00 2.487494008032987836e+01
1.863000000000001322e+00 2.490495671548139711e+01
1.864000000000001211e+00 2.493497335069764986e+01
1.865000000000001101e+00 2.496498998597839503e+01
1.866000000000001213e+00 2.499500662132342299e+01
1.867000000000001325e+00 2.502502325673249217e+01
1.868000000000001215e+00 2.505503989220535388e+01
1.869000000000001105e+00 2.508505652774180206e+01
1.870000000000001217e+00 2.511507316334160933e+01
1.871000000000001329e+00 2.514508979900453411e+01
1.872000000000001219e+00 2.517510643473035614e+01
1.873000000000001108e+00 2.520512307051885159e+01
1.874000000000001220e+00 2.523513970636980375e+01
1.875000000000001332e+00 2.526515634228298168e+01
1.876000000000001222e+00 2.529517297825816158e+01
1.877000000000001112e+00 2.532518961429512672e+01
1.878000000000001224e+00 2.535520625039366038e+01
1.879000000000001336e+00 2.538522288655354942e+01
1.880000000000001226e+00 2.541523952277455578e+01
1.881000000000001116e+00 2.544525615905648053e+01
1.882000000000001227e+00 2.547527279539910694e+01
1.883000000000001339e+00 2.550528943180222186e+01
1.884000000000001229e+00 2.553530606826560145e+01
1.885000000000001119e+00 2.556532270478903257e+01
1.886000000000001231e+00 2.559533934137232691e+01
1.887000000000001343e+00 2.562535597801525356e+01
1.888000000000001233e+00 2.565537261471760289e+01
1.889000000000001123e+00 2.568538925147917240e+01
1.890000000000001235e+00 2.571540588829975960e+01
1.891000000000001346e+00 2.574542252517915131e+01
1.892000000000001236e+00 2.577543916211713793e+01
1.893000000000001126e+00 2.580545579911352405e+01
1.894000000000001238e+00 2.583547243616810363e+01
1.895000000000001350e+00 2.586548907328067770e+01
1.896000000000001240e+00 2.589550571045102956e+01
1.897000000000001130e+00 2.592552234767897090e+01
1.898000000000001242e+00 2.595553898496430634e+01
1.899000000000001354e+00 2.598555562230682980e+01
1.900000000000001243e+00 2.601557225970633525e+01
1.901000000000001133e+00 2.604558889716263792e+01
1.902000000000001245e+00 2.607560553467554598e+01
1.903000000000001357e+00 2.610562217224485337e+01
1.904000000000001247e+00 2.613563880987036114e+01
1.905000000000001137e+00 2.616565544755188810e+01
1.906000000000001249e+00 2.619567208528924240e+01
1.907000000000001361e+00 2.622568872308222510e+01
1.908000000000001251e+00 2.625570536093064078e+01
1.909000000000001140e+00 2.628572199883430827e+01
1.910000000000001252e+00 2.631573863679303926e+01
1.911000000000001364e+00 2.634575527480664547e+01
1.912000000000001254e+00 2.637577191287492795e+01
1.913000000000001144e+00 2.640578855099771260e+01
1.914000000000001256e+00 2.643580518917481470e+01
1.915000000000001368e+00 2.646582182740604594e+01
1.916000000000001258e+00 2.649583846569121448e+01
1.917000000000001148e+00 2.652585510403013913e+01
1.918000000000001259e+00 2.655587174242265647e+01
1.919000000000001371e+00 2.658588838086856754e+01
1.920000000000001261e+00 2.661590501936768760e+01
1.921000000000001151e+00 2.664592165791984257e+01
1.922000000000001263e+00 2.667593829652486903e+01
1.923000000000001375e+00 2.670595493518256802e+01
1.924000000000001265e+00 2.673597157389276546e+01
1.925000000000001155e+00 2.676598821265528727e+01
1.926000000000001267e+00 2.679600485146996647e+01
1.927000000000001378e+00 2.682602149033662187e+01
1.928000000000001268e+00 2.685603812925506872e+01
1.929000000000001158e+00 2.688605476822514007e+01
1.930000000000001270e+00 2.691607140724667602e+01
1.931000000000001382e+00 2.694608804631949539e+01
1.932000000000001272e+00 2.697610468544340989e+01
1.933000000000001162e+00 2.700612132461827386e+01
1.934000000000001274e+00 2.703613796384391321e+01
1.935000000000001386e+00 2.706615460312015031e+01
1.936000000000001275e+00 2.709617124244681818e+01
1.937000000000001165e+00 2.712618788182375340e+01
1.938000000000001277e+00 2.715620452125079609e+01
1.939000000000001389e+00 2.718622116072776862e+01
1.940000000000001279e+00 2.721623780025450401e+01
1.941000000000001169e+00 2.724625443983084239e+01
1.942000000000001281e+00 2.727627107945662743e+01
1.943000000000001393e+00 2.730628771913169217e+01
1.944000000000001283e+00 2.733630435885586607e+01
1.945000000000001172e+00 2.736632099862898926e+01
1.946000000000001284e+00 2.739633763845091252e+01
1.947000000000001396e+00 2.742635427832146888e+01
1.948000000000001286e+00 2.745637091824049136e+01
1.949000000000001176e+00 2.748638755820782364e+01
1.950000000000001288e+00 2.751640419822332362e+01
1.951000000000001400e+00 2.754642083828682075e+01
1.952000000000001290e+00 2.757643747839814807e+01
1.953000000000001180e+00 2.760645411855716702e+01
1.954000000000001291e+00 2.763647075876372128e+01
1.955000000000001403e+00 2.766648739901764742e+01
1.956000000000001293e+00 2.769650403931879268e+01
1.957000000000001183e+00 2.772652067966700429e+01
1.958000000000001295e+00 2.775653732006213659e+01
1.959000000000001407e+00 2.778655396050403326e+01
1.960000000000001297e+00 2.781657060099253442e+01
1.961000000000001187e+00 2.784658724152749443e+01
1.962000000000001299e+00 2.787660388210877827e+01
1.963000000000001410e+00 2.790662052273622251e+01
1.964000000000001300e+00 2.793663716340966374e+01
1.965000000000001190e+00 2.796665380412898116e+01
1.966000000000001302e+00 2.799667044489401846e+01
1.967000000000001414e+00 2.802668708570462286e+01
1.968000000000001304e+00 2.805670372656064870e+01
1.969000000000001194e+00 2.808672036746195033e+01
1.970000000000001306e+00 2.811673700840839274e+01
1.971000000000001418e+00 2.814675364939982671e+01
1.972000000000001307e+00 2.817677029043609593e+01
1.973000000000001197e+00 2.820678693151706895e+01
1.974000000000001309e+00 2.823680357264260365e+01
1.975000000000001421e+00 2.826682021381256149e+01
1.976000000000001311e+00 2.829683685502678614e+01
1.977000000000001201e+00 2.832685349628514970e+01
1.978000000000001313e+00 2.835687013758751007e+01
1.979000000000001425e+00 2.838688677893372869e+01
1.980000000000001315e+00 2.841690342032365635e+01
1.981000000000001204e+00 2.844692006175716159e+01
1.982000000000001316e+00 2.847693670323411652e+01
1.983000000000001428e+00 2.850695334475437193e+01
1.984000000000001318e+00 2.853696998631778570e+01
1.985000000000001208e+00 2.856698662792423349e+01
1.986000000000001320e+00 2.859700326957358740e+01
1.987000000000001432e+00 2.862701991126569112e+01
1.988000000000001322e+00 2.865703655300042030e+01
1.989000000000001211e+00 2.868705319477764348e+01
1.990000000000001323e+00 2.871706983659722567e+01
1.991000000000001435e+00 2.874708647845903897e+01
1.992000000000001325e+00 2.877710312036293772e+01
1.993000000000001215e+00 2.880711976230879756e+01
1.994000000000001327e+00 2.883713640429649416e+01
1.995000000000001439e+00 2.886715304632589607e+01
1.996000000000001329e+00 2.889716968839685762e+01
1.997000000000001219e+00 2.892718633050926513e+01
1.998000000000001330e+00 2.895720297266299070e+01
1.999000000000001442e+00 2.898721961485789578e+01
