-5.000000000000000000e-01 5.000000000000000000e-01
-4.989999999999999991e-01 5.010000000000000009e-01
-4.979999999999999982e-01 5.020000000000000018e-01
-4.969999999999999973e-01 5.030000000000000027e-01
-4.959999999999999964e-01 5.040000000000000036e-01
-4.949999999999999956e-01 5.050000000000000044e-01
-4.939999999999999947e-01 5.060000000000000053e-01
-4.929999999999999938e-01 5.070000000000000062e-01
-4.919999999999999929e-01 5.080000000000000071e-01
-4.909999999999999920e-01 5.090000000000000080e-01
-4.899999999999999911e-01 5.100000000000000089e-01
-4.889999999999999902e-01 5.110000000000000098e-01
-4.879999999999999893e-01 5.120000000000000107e-01
-4.869999999999999885e-01 5.130000000000000115e-01
-4.859999999999999876e-01 5.140000000000000124e-01
-4.849999999999999867e-01 5.150000000000000133e-01
-4.839999999999999858e-01 5.160000000000000142e-01
-4.829999999999999849e-01 5.170000000000000151e-01
-4.819999999999999840e-01 5.180000000000000160e-01
-4.809999999999999831e-01 5.190000000000000169e-01
-4.799999999999999822e-01 5.200000000000000178e-01
-4.789999999999999813e-01 5.210000000000000187e-01
-4.779999999999999805e-01 5.220000000000000195e-01
-4.769999999999999796e-01 5.230000000000000204e-01
-4.759999999999999787e-01 5.240000000000000213e-01
-4.749999999999999778e-01 5.250000000000000222e-01
-4.739999999999999769e-01 5.260000000000000231e-01
-4.729999999999999760e-01 5.270000000000000240e-01
-4.719999999999999751e-01 5.280000000000000249e-01
-4.709999999999999742e-01 5.290000000000000258e-01
-4.699999999999999734e-01 5.300000000000000266e-01
-4.689999999999999725e-01 5.310000000000000275e-01
-4.679999999999999716e-01 5.320000000000000284e-01
-4.669999999999999707e-01 5.330000000000000293e-01
-4.659999999999999698e-01 5.340000000000000302e-01
-4.649999999999999689e-01 5.350000000000000311e-01
-4.639999999999999680e-01 5.360000000000000320e-01
-4.629999999999999671e-01 5.370000000000000329e-01
-4.619999999999999662e-01 5.380000000000000338e-01
-4.609999999999999654e-01 5.390000000000000346e-01
-4.599999999999999645e-01 5.400000000000000355e-01
-4.589999999999999636e-01 5.410000000000000364e-01
-4.579999999999999627e-01 5.420000000000000373e-01
-4.569999999999999618e-01 5.430000000000000382e-01
-4.559999999999999609e-01 5.440000000000000391e-01
-4.549999999999999600e-01 5.450000000000000400e-01
-4.539999999999999591e-01 5.460000000000000409e-01
-4.529999999999999583e-01 5.470000000000000417e-01
-4.519999999999999574e-01 5.480000000000000426e-01
-4.509999999999999565e-01 5.490000000000000435e-01
-4.499999999999999556e-01 5.500000000000000444e-01
-4.489999999999999547e-01 5.510000000000000453e-01
-4.479999999999999538e-01 5.520000000000000462e-01
-4.469999999999999529e-01 5.530000000000000471e-01
-4.459999999999999520e-01 5.540000000000000480e-01
-4.449999999999999512e-01 5.550000000000000488e-01
-4.439999999999999503e-01 5.560000000000000497e-01
-4.429999999999999494e-01 5.570000000000000506e-01
-4.419999999999999485e-01 5.580000000000000515e-01
-4.409999999999999476e-01 5.590000000000000524e-01
-4.399999999999999467e-01 5.600000000000000533e-01
-4.389999999999999458e-01 5.610000000000000542e-01
-4.379999999999999449e-01 5.620000000000000551e-01
-4.369999999999999440e-01 5.630000000000000560e-01
-4.359999999999999432e-01 5.640000000000000568e-01
-4.349999999999999423e-01 5.650000000000000577e-01
-4.339999999999999414e-01 5.660000000000000586e-01
-4.329999999999999405e-01 5.670000000000000595e-01
-4.319999999999999396e-01 5.680000000000000604e-01
-4.309999999999999387e-01 5.690000000000000613e-01
-4.299999999999999378e-01 5.700000000000000622e-01
-4.289999999999999369e-01 5.710000000000000631e-01
-4.279999999999999361e-01 5.720000000000000639e-01
-4.269999999999999352e-01 5.730000000000000648e-01
-4.259999999999999343e-01 5.740000000000000657e-01
-4.249999999999999334e-01 5.750000000000000666e-01
-4.239999999999999325e-01 5.760000000000000675e-01
-4.229999999999999316e-01 5.770000000000000684e-01
-4.219999999999999307e-01 5.780000000000000693e-01
-4.209999999999999298e-01 5.790000000000000702e-01
-4.199999999999999289e-01 5.800000000000000711e-01
-4.189999999999999281e-01 5.810000000000000719e-01
-4.179999999999999272e-01 5.820000000000000728e-01
-4.169999999999999263e-01 5.830000000000000737e-01
-4.159999999999999254e-01 5.840000000000000746e-01
-4.149999999999999245e-01 5.850000000000000755e-01
-4.139999999999999236e-01 5.860000000000000764e-01
-4.129999999999999227e-01 5.870000000000000773e-01
-4.119999999999999218e-01 5.880000000000000782e-01
-4.109999999999999210e-01 5.890000000000000790e-01
-4.099999999999999201e-01 5.900000000000000799e-01
-4.089999999999999192e-01 5.910000000000000808e-01
-4.079999999999999183e-01 5.920000000000000817e-01
-4.069999999999999174e-01 5.930000000000000826e-01
-4.059999999999999165e-01 5.940000000000000835e-01
-4.049999999999999156e-01 5.950000000000000844e-01
-4.039999999999999147e-01 5.960000000000000853e-01
-4.029999999999999138e-01 5.970000000000000862e-01
-4.019999999999999130e-01 5.980000000000000870e-01
-4.009999999999999121e-01 5.990000000000000879e-01
-3.999999999999999112e-01 6.000000000000000888e-01
-3.989999999999999103e-01 6.010000000000000897e-01
-3.979999999999999094e-01 6.020000000000000906e-01
-3.969999999999999085e-01 6.030000000000000915e-01
-3.959999999999999076e-01 6.040000000000000924e-01
-3.949999999999999067e-01 6.050000000000000933e-01
-3.939999999999999059e-01 6.060000000000000941e-01
-3.929999999999999050e-01 6.070000000000000950e-01
-3.919999999999999041e-01 6.080000000000000959e-01
-3.909999999999999032e-01 6.090000000000000968e-01
-3.899999999999999023e-01 6.100000000000000977e-01
-3.889999999999999014e-01 6.110000000000000986e-01
-3.879999999999999005e-01 6.120000000000000995e-01
-3.869999999999998996e-01 6.130000000000001004e-01
-3.859999999999998987e-01 6.140000000000001013e-01
-3.849999999999998979e-01 6.150000000000001021e-01
-3.839999999999998970e-01 6.160000000000001030e-01
-3.829999999999998961e-01 6.170000000000001039e-01
-3.819999999999998952e-01 6.180000000000001048e-01
-3.809999999999998943e-01 6.190000000000001057e-01
-3.799999999999998934e-01 6.200000000000001066e-01
-3.789999999999998925e-01 6.210000000000001075e-01
-3.779999999999998916e-01 6.220000000000001084e-01
-3.769999999999998908e-01 6.230000000000001092e-01
-3.759999999999998899e-01 6.240000000000001101e-01
-3.749999999999998890e-01 6.250000000000001110e-01
-3.739999999999998881e-01 6.260000000000001119e-01
-3.729999999999998872e-01 6.270000000000001128e-01
-3.719999999999998863e-01 6.280000000000001137e-01
-3.709999999999998854e-01 6.290000000000001146e-01
-3.699999999999998845e-01 6.300000000000001155e-01
-3.689999999999998836e-01 6.310000000000001164e-01
-3.679999999999998828e-01 6.320000000000001172e-01
-3.669999999999998819e-01 6.330000000000001181e-01
-3.659999999999998810e-01 6.340000000000001190e-01
-3.649999999999998801e-01 6.350000000000001199e-01
-3.639999999999998792e-01 6.360000000000001208e-01
-3.629999999999998783e-01 6.370000000000001217e-01
-3.619999999999998774e-01 6.380000000000001226e-01
-3.609999999999998765e-01 6.390000000000001235e-01
-3.599999999999998757e-01 6.400000000000001243e-01
-3.589999999999998748e-01 6.410000000000001252e-01
-3.579999999999998739e-01 6.420000000000001261e-01
-3.569999999999998730e-01 6.430000000000001270e-01
-3.559999999999998721e-01 6.440000000000001279e-01
-3.549999999999998712e-01 6.450000000000001288e-01
-3.539999999999998703e-01 6.460000000000001297e-01
-3.529999999999998694e-01 6.470000000000001306e-01
-3.519999999999998685e-01 6.480000000000001315e-01
-3.509999999999998677e-01 6.490000000000001323e-01
-3.499999999999998668e-01 6.500000000000001332e-01
-3.489999999999998659e-01 6.510000000000001341e-01
-3.479999999999998650e-01 6.520000000000001350e-01
-3.469999999999998641e-01 6.530000000000001359e-01
-3.459999999999998632e-01 6.540000000000001368e-01
-3.449999999999998623e-01 6.550000000000001377e-01
-3.439999999999998614e-01 6.560000000000001386e-01
-3.429999999999998606e-01 6.570000000000001394e-01
-3.419999999999998597e-01 6.580000000000001403e-01
-3.409999999999998588e-01 6.590000000000001412e-01
-3.399999999999998579e-01 6.600000000000001421e-01
-3.389999999999998570e-01 6.610000000000001430e-01
-3.379999999999998561e-01 6.620000000000001439e-01
-3.369999999999998552e-01 6.630000000000001448e-01
-3.359999999999998543e-01 6.640000000000001457e-01
-3.349999999999998535e-01 6.650000000000001465e-01
-3.339999999999998526e-01 6.660000000000001474e-01
-3.329999999999998517e-01 6.670000000000001483e-01
-3.319999999999998508e-01 6.680000000000001492e-01
-3.309999999999998499e-01 6.690000000000001501e-01
-3.299999999999998490e-01 6.700000000000001510e-01
-3.289999999999998481e-01 6.710000000000001519e-01
-3.279999999999998472e-01 6.720000000000001528e-01
-3.269999999999998463e-01 6.730000000000001537e-01
-3.259999999999998455e-01 6.740000000000001545e-01
-3.249999999999998446e-01 6.750000000000001554e-01
-3.239999999999998437e-01 6.760000000000001563e-01
-3.229999999999998428e-01 6.770000000000001572e-01
-3.219999999999998419e-01 6.780000000000001581e-01
-3.209999999999998410e-01 6.790000000000001590e-01
-3.199999999999998401e-01 6.800000000000001599e-01
-3.189999999999998392e-01 6.810000000000001608e-01
-3.179999999999998384e-01 6.820000000000001616e-01
-3.169999999999998375e-01 6.830000000000001625e-01
-3.159999999999998366e-01 6.840000000000001634e-01
-3.149999999999998357e-01 6.850000000000001643e-01
-3.139999999999998348e-01 6.860000000000001652e-01
-3.129999999999998339e-01 6.870000000000001661e-01
-3.119999999999998330e-01 6.880000000000001670e-01
-3.109999999999998321e-01 6.890000000000001679e-01
-3.099999999999998312e-01 6.900000000000001688e-01
-3.089999999999998304e-01 6.910000000000001696e-01
-3.079999999999998295e-01 6.920000000000001705e-01
-3.069999999999998286e-01 6.930000000000001714e-01
-3.059999999999998277e-01 6.940000000000001723e-01
-3.049999999999998268e-01 6.950000000000001732e-01
-3.039999999999998259e-01 6.960000000000001741e-01
-3.029999999999998250e-01 6.970000000000001750e-01
-3.019999999999998241e-01 6.980000000000001759e-01
-3.009999999999998233e-01 6.990000000000001767e-01
-2.999999999999998224e-01 7.000000000000001776e-01
-2.989999999999998215e-01 7.010000000000001785e-01
-2.979999999999998206e-01 7.020000000000001794e-01
-2.969999999999998197e-01 7.030000000000001803e-01
-2.959999999999998188e-01 7.040000000000001812e-01
-2.949999999999998179e-01 7.050000000000001821e-01
-2.939999999999998170e-01 7.060000000000001830e-01
-2.929999999999998161e-01 7.070000000000001839e-01
-2.919999999999998153e-01 7.080000000000001847e-01
-2.909999999999998144e-01 7.090000000000001856e-01
-2.899999999999998135e-01 7.100000000000001865e-01
-2.889999999999998126e-01 7.110000000000001874e-01
-2.879999999999998117e-01 7.120000000000001883e-01
-2.869999999999998108e-01 7.130000000000001892e-01
-2.859999999999998099e-01 7.140000000000001901e-01
-2.849999999999998090e-01 7.150000000000001910e-01
-2.839999999999998082e-01 7.160000000000001918e-01
-2.829999999999998073e-01 7.170000000000001927e-01
-2.819999999999998064e-01 7.180000000000001936e-01
-2.809999999999998055e-01 7.190000000000001945e-01
-2.799999999999998046e-01 7.200000000000001954e-01
-2.789999999999998037e-01 7.210000000000001963e-01
-2.779999999999998028e-01 7.220000000000001972e-01
-2.769999999999998019e-01 7.230000000000001981e-01
-2.759999999999998010e-01 7.240000000000001990e-01
-2.749999999999998002e-01 7.250000000000001998e-01
-2.739999999999997993e-01 7.260000000000002007e-01
-2.729999999999997984e-01 7.270000000000002016e-01
-2.719999999999997975e-01 7.280000000000002025e-01
-2.709999999999997966e-01 7.290000000000002034e-01
-2.699999999999997957e-01 7.300000000000002043e-01
-2.689999999999997948e-01 7.310000000000002052e-01
-2.679999999999997939e-01 7.320000000000002061e-01
-2.669999999999997931e-01 7.330000000000002069e-01
-2.659999999999997922e-01 7.340000000000002078e-01
-2.649999999999997913e-01 7.350000000000002087e-01
-2.639999999999997904e-01 7.360000000000002096e-01
-2.629999999999997895e-01 7.370000000000002105e-01
-2.619999999999997886e-01 7.380000000000002114e-01
-2.609999999999997877e-01 7.390000000000002123e-01
-2.599999999999997868e-01 7.400000000000002132e-01
-2.589999999999997859e-01 7.410000000000002141e-01
-2.579999999999997851e-01 7.420000000000002149e-01
-2.569999999999997842e-01 7.430000000000002158e-01
-2.559999999999997833e-01 7.440000000000002167e-01
-2.549999999999997824e-01 7.450000000000002176e-01
-2.539999999999997815e-01 7.460000000000002185e-01
-2.529999999999997806e-01 7.470000000000002194e-01
-2.519999999999997797e-01 7.480000000000002203e-01
-2.509999999999997788e-01 7.490000000000002212e-01
-2.499999999999997780e-01 7.500000000000002220e-01
-2.489999999999997771e-01 7.510000000000002229e-01
-2.479999999999997762e-01 7.520000000000002238e-01
-2.469999999999997753e-01 7.530000000000002247e-01
-2.459999999999997744e-01 7.540000000000002256e-01
-2.449999999999997735e-01 7.550000000000002265e-01
-2.439999999999997726e-01 7.560000000000002274e-01
-2.429999999999997717e-01 7.570000000000002283e-01
-2.419999999999997708e-01 7.580000000000002292e-01
-2.409999999999997700e-01 7.590000000000002300e-01
-2.399999999999997691e-01 7.600000000000002309e-01
-2.389999999999997682e-01 7.610000000000002318e-01
-2.379999999999997673e-01 7.620000000000002327e-01
-2.369999999999997664e-01 7.630000000000002336e-01
-2.359999999999997655e-01 7.640000000000002345e-01
-2.349999999999997646e-01 7.650000000000002354e-01
-2.339999999999997637e-01 7.660000000000002363e-01
-2.329999999999997629e-01 7.670000000000002371e-01
-2.319999999999997620e-01 7.680000000000002380e-01
-2.309999999999997611e-01 7.690000000000002389e-01
-2.299999999999997602e-01 7.700000000000002398e-01
-2.289999999999997593e-01 7.710000000000002407e-01
-2.279999999999997584e-01 7.720000000000002416e-01
-2.269999999999997575e-01 7.730000000000002425e-01
-2.259999999999997566e-01 7.740000000000002434e-01
-2.249999999999997558e-01 7.750000000000002442e-01
-2.239999999999997549e-01 7.760000000000002451e-01
-2.229999999999997540e-01 7.770000000000002460e-01
-2.219999999999997531e-01 7.780000000000002469e-01
-2.209999999999997522e-01 7.790000000000002478e-01
-2.199999999999997513e-01 7.800000000000002487e-01
-2.189999999999997504e-01 7.810000000000002496e-01
-2.179999999999997495e-01 7.820000000000002505e-01
-2.169999999999997486e-01 7.830000000000002514e-01
-2.159999999999997478e-01 7.840000000000002522e-01
-2.149999999999997469e-01 7.850000000000002531e-01
-2.139999999999997460e-01 7.860000000000002540e-01
-2.129999999999997451e-01 7.870000000000002549e-01
-2.119999999999997442e-01 7.880000000000002558e-01
-2.109999999999997433e-01 7.890000000000002567e-01
-2.099999999999997424e-01 7.900000000000002576e-01
-2.089999999999997415e-01 7.910000000000002585e-01
-2.079999999999997407e-01 7.920000000000002593e-01
-2.069999999999997398e-01 7.930000000000002602e-01
-2.059999999999997389e-01 7.940000000000002611e-01
-2.049999999999997380e-01 7.950000000000002620e-01
-2.039999999999997371e-01 7.960000000000002629e-01
-2.029999999999997362e-01 7.970000000000002638e-01
-2.019999999999997353e-01 7.980000000000002647e-01
-2.009999999999997344e-01 7.990000000000002656e-01
-1.999999999999997335e-01 8.000000000000002665e-01
-1.989999999999997327e-01 8.010000000000002673e-01
-1.979999999999997318e-01 8.020000000000002682e-01
-1.969999999999997309e-01 8.030000000000002691e-01
-1.959999999999997300e-01 8.040000000000002700e-01
-1.949999999999997291e-01 8.050000000000002709e-01
-1.939999999999997282e-01 8.060000000000002718e-01
-1.929999999999997273e-01 8.070000000000002727e-01
-1.919999999999997264e-01 8.080000000000002736e-01
-1.909999999999997256e-01 8.090000000000002744e-01
-1.899999999999997247e-01 8.100000000000002753e-01
-1.889999999999997238e-01 8.110000000000002762e-01
-1.879999999999997229e-01 8.120000000000002771e-01
-1.869999999999997220e-01 8.130000000000002780e-01
-1.859999999999997211e-01 8.140000000000002789e-01
-1.849999999999997202e-01 8.150000000000002798e-01
-1.839999999999997193e-01 8.160000000000002807e-01
-1.829999999999997184e-01 8.170000000000002816e-01
-1.819999999999997176e-01 8.180000000000002824e-01
-1.809999999999997167e-01 8.190000000000002833e-01
-1.799999999999997158e-01 8.200000000000002842e-01
-1.789999999999997149e-01 8.210000000000002851e-01
-1.779999999999997140e-01 8.220000000000002860e-01
-1.769999999999997131e-01 8.230000000000002869e-01
-1.759999999999997122e-01 8.240000000000002878e-01
-1.749999999999997113e-01 8.250000000000002887e-01
-1.739999999999997105e-01 8.260000000000002895e-01
-1.729999999999997096e-01 8.270000000000002904e-01
-1.719999999999997087e-01 8.280000000000002913e-01
-1.709999999999997078e-01 8.290000000000002922e-01
-1.699999999999997069e-01 8.300000000000002931e-01
-1.689999999999997060e-01 8.310000000000002940e-01
-1.679999999999997051e-01 8.320000000000002949e-01
-1.669999999999997042e-01 8.330000000000002958e-01
-1.659999999999997033e-01 8.340000000000002967e-01
-1.649999999999997025e-01 8.350000000000002975e-01
-1.639999999999997016e-01 8.360000000000002984e-01
-1.629999999999997007e-01 8.370000000000002993e-01
-1.619999999999996998e-01 8.380000000000003002e-01
-1.609999999999996989e-01 8.390000000000003011e-01
-1.599999999999996980e-01 8.400000000000003020e-01
-1.589999999999996971e-01 8.410000000000003029e-01
-1.579999999999996962e-01 8.420000000000003038e-01
-1.569999999999996954e-01 8.430000000000003046e-01
-1.559999999999996945e-01 8.440000000000003055e-01
-1.549999999999996936e-01 8.450000000000003064e-01
-1.539999999999996927e-01 8.460000000000003073e-01
-1.529999999999996918e-01 8.470000000000003082e-01
-1.519999999999996909e-01 8.480000000000003091e-01
-1.509999999999996900e-01 8.490000000000003100e-01
-1.499999999999996891e-01 8.500000000000003109e-01
-1.489999999999996882e-01 8.510000000000003118e-01
-1.479999999999996874e-01 8.520000000000003126e-01
-1.469999999999996865e-01 8.530000000000003135e-01
-1.459999999999996856e-01 8.540000000000003144e-01
-1.449999999999996847e-01 8.550000000000003153e-01
-1.439999999999996838e-01 8.560000000000003162e-01
-1.429999999999996829e-01 8.570000000000003171e-01
-1.419999999999996820e-01 8.580000000000003180e-01
-1.409999999999996811e-01 8.590000000000003189e-01
-1.399999999999996803e-01 8.600000000000003197e-01
-1.389999999999996794e-01 8.610000000000003206e-01
-1.379999999999996785e-01 8.620000000000003215e-01
-1.369999999999996776e-01 8.630000000000003224e-01
-1.359999999999996767e-01 8.640000000000003233e-01
-1.349999999999996758e-01 8.650000000000003242e-01
-1.339999999999996749e-01 8.660000000000003251e-01
-1.329999999999996740e-01 8.670000000000003260e-01
-1.319999999999996732e-01 8.680000000000003268e-01
-1.309999999999996723e-01 8.690000000000003277e-01
-1.299999999999996714e-01 8.700000000000003286e-01
-1.289999999999996705e-01 8.710000000000003295e-01
-1.279999999999996696e-01 8.720000000000003304e-01
-1.269999999999996687e-01 8.730000000000003313e-01
-1.259999999999996678e-01 8.740000000000003322e-01
-1.249999999999996669e-01 8.750000000000003331e-01
-1.239999999999996660e-01 8.760000000000003340e-01
-1.229999999999996652e-01 8.770000000000003348e-01
-1.219999999999996643e-01 8.780000000000003357e-01
-1.209999999999996634e-01 8.790000000000003366e-01
-1.199999999999996625e-01 8.800000000000003375e-01
-1.189999999999996616e-01 8.810000000000003384e-01
-1.179999999999996607e-01 8.820000000000003393e-01
-1.169999999999996598e-01 8.830000000000003402e-01
-1.159999999999996589e-01 8.840000000000003411e-01
-1.149999999999996581e-01 8.850000000000003419e-01
-1.139999999999996572e-01 8.860000000000003428e-01
-1.129999999999996563e-01 8.870000000000003437e-01
-1.119999999999996554e-01 8.880000000000003446e-01
-1.109999999999996545e-01 8.890000000000003455e-01
-1.099999999999996536e-01 8.900000000000003464e-01
-1.089999999999996527e-01 8.910000000000003473e-01
-1.079999999999996518e-01 8.920000000000003482e-01
-1.069999999999996509e-01 8.930000000000003491e-01
-1.059999999999996501e-01 8.940000000000003499e-01
-1.049999999999996492e-01 8.950000000000003508e-01
-1.039999999999996483e-01 8.960000000000003517e-01
-1.029999999999996474e-01 8.970000000000003526e-01
-1.019999999999996465e-01 8.980000000000003535e-01
-1.009999999999996456e-01 8.990000000000003544e-01
-9.999999999999964473e-02 9.000000000000003553e-01
-9.899999999999964384e-02 9.010000000000003562e-01
-9.799999999999964295e-02 9.020000000000003570e-01
-9.699999999999964206e-02 9.030000000000003579e-01
-9.599999999999964118e-02 9.040000000000003588e-01
-9.499999999999964029e-02 9.050000000000003597e-01
-9.399999999999963940e-02 9.060000000000003606e-01
-9.299999999999963851e-02 9.070000000000003615e-01
-9.199999999999963762e-02 9.080000000000003624e-01
-9.099999999999963674e-02 9.090000000000003633e-01
-8.999999999999963585e-02 9.100000000000003642e-01
-8.899999999999963496e-02 9.110000000000003650e-01
-8.799999999999963407e-02 9.120000000000003659e-01
-8.699999999999963318e-02 9.130000000000003668e-01
-8.599999999999963229e-02 9.140000000000003677e-01
-8.499999999999963141e-02 9.150000000000003686e-01
-8.399999999999963052e-02 9.160000000000003695e-01
-8.299999999999962963e-02 9.170000000000003704e-01
-8.199999999999962874e-02 9.180000000000003713e-01
-8.099999999999962785e-02 9.190000000000003721e-01
-7.999999999999962697e-02 9.200000000000003730e-01
-7.899999999999962608e-02 9.210000000000003739e-01
-7.799999999999962519e-02 9.220000000000003748e-01
-7.699999999999962430e-02 9.230000000000003757e-01
-7.599999999999962341e-02 9.240000000000003766e-01
-7.499999999999962252e-02 9.250000000000003775e-01
-7.399999999999962164e-02 9.260000000000003784e-01
-7.299999999999962075e-02 9.270000000000003793e-01
-7.199999999999961986e-02 9.280000000000003801e-01
-7.099999999999961897e-02 9.290000000000003810e-01
-6.999999999999961808e-02 9.300000000000003819e-01
-6.899999999999961720e-02 9.310000000000003828e-01
-6.799999999999961631e-02 9.320000000000003837e-01
-6.699999999999961542e-02 9.330000000000003846e-01
-6.599999999999961453e-02 9.340000000000003855e-01
-6.499999999999961364e-02 9.350000000000003864e-01
-6.399999999999961275e-02 9.360000000000003872e-01
-6.299999999999961187e-02 9.370000000000003881e-01
-6.199999999999961098e-02 9.380000000000003890e-01
-6.099999999999961009e-02 9.390000000000003899e-01
-5.999999999999960920e-02 9.400000000000003908e-01
-5.899999999999960831e-02 9.410000000000003917e-01
-5.799999999999960743e-02 9.420000000000003926e-01
-5.699999999999960654e-02 9.430000000000003935e-01
-5.599999999999960565e-02 9.440000000000003944e-01
-5.499999999999960476e-02 9.450000000000003952e-01
-5.399999999999960387e-02 9.460000000000003961e-01
-5.299999999999960298e-02 9.470000000000003970e-01
-5.199999999999960210e-02 9.480000000000003979e-01
-5.099999999999960121e-02 9.490000000000003988e-01
-4.999999999999960032e-02 9.500000000000003997e-01
-4.899999999999959943e-02 9.510000000000004006e-01
-4.799999999999959854e-02 9.520000000000004015e-01
-4.699999999999959766e-02 9.530000000000004023e-01
-4.599999999999959677e-02 9.540000000000004032e-01
-4.499999999999959588e-02 9.550000000000004041e-01
-4.399999999999959499e-02 9.560000000000004050e-01
-4.299999999999959410e-02 9.570000000000004059e-01
-4.199999999999959321e-02 9.580000000000004068e-01
-4.099999999999959233e-02 9.590000000000004077e-01
-3.999999999999959144e-02 9.600000000000004086e-01
-3.899999999999959055e-02 9.610000000000004095e-01
-3.799999999999958966e-02 9.620000000000004103e-01
-3.699999999999958877e-02 9.630000000000004112e-01
-3.599999999999958789e-02 9.640000000000004121e-01
-3.499999999999958700e-02 9.650000000000004130e-01
-3.399999999999958611e-02 9.660000000000004139e-01
-3.299999999999958522e-02 9.670000000000004148e-01
-3.199999999999958433e-02 9.680000000000004157e-01
-3.099999999999958344e-02 9.690000000000004166e-01
-2.999999999999958256e-02 9.700000000000004174e-01
-2.899999999999958167e-02 9.710000000000004183e-01
-2.799999999999958078e-02 9.720000000000004192e-01
-2.699999999999957989e-02 9.730000000000004201e-01
-2.599999999999957900e-02 9.740000000000004210e-01
-2.499999999999957812e-02 9.750000000000004219e-01
-2.399999999999957723e-02 9.760000000000004228e-01
-2.299999999999957634e-02 9.770000000000004237e-01
-2.199999999999957545e-02 9.780000000000004245e-01
-2.099999999999957456e-02 9.790000000000004254e-01
-1.999999999999957367e-02 9.800000000000004263e-01
-1.899999999999957279e-02 9.810000000000004272e-01
-1.799999999999957190e-02 9.820000000000004281e-01
-1.699999999999957101e-02 9.830000000000004290e-01
-1.599999999999957012e-02 9.840000000000004299e-01
-1.499999999999956923e-02 9.850000000000004308e-01
-1.399999999999956835e-02 9.860000000000004317e-01
-1.299999999999956746e-02 9.870000000000004325e-01
-1.199999999999956657e-02 9.880000000000004334e-01
-1.099999999999956568e-02 9.890000000000004343e-01
-9.999999999999564793e-03 9.900000000000004352e-01
-8.999999999999563904e-03 9.910000000000004361e-01
-7.999999999999563016e-03 9.920000000000004370e-01
-6.999999999999562128e-03 9.930000000000004379e-01
-5.999999999999561240e-03 9.940000000000004388e-01
-4.999999999999560352e-03 9.950000000000004396e-01
-3.999999999999559464e-03 9.960000000000004405e-01
-2.999999999999558575e-03 9.970000000000004414e-01
-1.999999999999557687e-03 9.980000000000004423e-01
-9.999999999995567990e-04 9.990000000000004432e-01
4.440892098500626162e-16 9.999999999999986677e-01
1.000000000000333955e-03 9.970005015043863494e-01
2.000000000000445866e-03 9.940020120703968454e-01
3.000000000000557776e-03 9.910045408574053027e-01
4.000000000000447642e-03 9.880080971328106809e-01
5.000000000000337508e-03 9.850126902735811818e-01
6.000000000000449418e-03 9.820183297678294343e-01
7.000000000000561329e-03 9.790250252164123257e-01
8.000000000000451195e-03 9.760327863345561461e-01
9.000000000000341061e-03 9.730416229535086003e-01
1.000000000000045297e-02 9.700515450222206848e-01
1.100000000000056488e-02 9.670625626090572080e-01
1.200000000000045475e-02 9.640746859035338456e-01
1.300000000000034461e-02 9.610879252180821730e-01
1.400000000000045652e-02 9.581022909898490036e-01
1.500000000000056843e-02 9.551177937825243713e-01
1.600000000000045830e-02 9.521344442881989334e-01
1.700000000000034817e-02 9.491522533292527930e-01
1.800000000000046008e-02 9.461712318602787386e-01
1.900000000000057199e-02 9.431913909700389009e-01
2.000000000000046185e-02 9.402127418834512751e-01
2.100000000000035172e-02 9.372352959636113257e-01
2.200000000000046363e-02 9.342590647138497850e-01
2.300000000000057554e-02 9.312840597798272002e-01
2.400000000000046541e-02 9.283102929516603430e-01
2.500000000000035527e-02 9.253377761660863676e-01
2.600000000000046718e-02 9.223665215086664926e-01
2.700000000000057909e-02 9.193965412160287620e-01
2.800000000000046896e-02 9.164278476781451133e-01
2.900000000000035882e-02 9.134604534406500775e-01
3.000000000000047073e-02 9.104943712072015582e-01
3.100000000000058265e-02 9.075296138418827985e-01
3.200000000000047251e-02 9.045661943716432063e-01
3.300000000000036238e-02 9.016041259887834780e-01
3.400000000000047429e-02 8.986434220534846862e-01
3.500000000000058620e-02 8.956840960963842191e-01
3.600000000000047606e-02 8.927261618211922434e-01
3.700000000000036593e-02 8.897696331073555731e-01
3.800000000000047784e-02 8.868145240127709439e-01
3.900000000000058975e-02 8.838608487765463595e-01
4.000000000000047962e-02 8.809086218218081799e-01
4.100000000000036948e-02 8.779578577585589461e-01
4.200000000000048139e-02 8.750085713865879411e-01
4.300000000000059330e-02 8.720607776984337089e-01
4.400000000000048317e-02 8.691144918823971999e-01
4.500000000000037303e-02 8.661697293256086505e-01
4.600000000000048495e-02 8.632265056171511963e-01
4.700000000000059686e-02 8.602848365512418827e-01
4.800000000000048672e-02 8.573447381304661885e-01
4.900000000000037659e-02 8.544062265690707259e-01
5.000000000000048850e-02 8.514693182963185558e-01
5.100000000000060041e-02 8.485340299599050118e-01
5.200000000000049027e-02 8.456003784294313652e-01
5.300000000000038014e-02 8.426683807999432174e-01
5.400000000000049205e-02 8.397380543955343946e-01
5.500000000000060396e-02 8.368094167730171229e-01
5.600000000000049383e-02 8.338824857256551537e-01
5.700000000000038369e-02 8.309572792869668323e-01
5.800000000000049560e-02 8.280338157345976668e-01
5.900000000000060751e-02 8.251121135942660612e-01
6.000000000000049738e-02 8.221921916437772149e-01
6.100000000000038725e-02 8.192740689171104096e-01
6.200000000000049916e-02 8.163577647085851208e-01
6.300000000000061107e-02 8.134432985771025137e-01
6.400000000000050093e-02 8.105306903504626570e-01
6.500000000000039080e-02 8.076199601297618935e-01
6.600000000000050271e-02 8.047111282938727017e-01
6.700000000000061462e-02 8.018042155040077112e-01
6.800000000000050449e-02 7.988992427083640990e-01
6.900000000000039435e-02 7.959962311468554708e-01
7.000000000000050626e-02 7.930952023559325603e-01
7.100000000000061817e-02 7.901961781734945234e-01
7.200000000000050804e-02 7.872991807438882716e-01
7.300000000000039790e-02 7.844042325230009549e-01
7.400000000000050981e-02 7.815113562834501426e-01
7.500000000000062172e-02 7.786205751198700398e-01
7.600000000000051159e-02 7.757319124542948474e-01
7.700000000000040146e-02 7.728453920416412659e-01
7.800000000000051337e-02 7.699610379752975797e-01
7.900000000000062528e-02 7.670788746928162150e-01
8.000000000000051514e-02 7.641989269817105468e-01
8.100000000000040501e-02 7.613212199853608420e-01
8.200000000000051692e-02 7.584457792090333328e-01
8.300000000000062883e-02 7.555726305260118680e-01
8.400000000000051870e-02 7.527018001838429173e-01
8.500000000000040856e-02 7.498333148106972601e-01
8.600000000000052047e-02 7.469672014218547984e-01
8.700000000000063238e-02 7.441034874263104948e-01
8.800000000000052225e-02 7.412422006335026570e-01
8.900000000000041211e-02 7.383833692601684540e-01
9.000000000000052403e-02 7.355270219373302165e-01
9.100000000000063594e-02 7.326731877174142982e-01
9.200000000000052580e-02 7.298218960815013867e-01
9.300000000000041567e-02 7.269731769467139282e-01
9.400000000000052758e-02 7.241270606737452153e-01
9.500000000000063949e-02 7.212835780745304737e-01
9.600000000000052935e-02 7.184427604200614992e-01
9.700000000000041922e-02 7.156046394483467354e-01
9.800000000000053113e-02 7.127692473725264488e-01
9.900000000000064304e-02 7.099366168891398932e-01
1.000000000000005329e-01 7.071067811865460184e-01
1.010000000000004228e-01 7.042797739535037183e-01
1.020000000000005347e-01 7.014556293879163906e-01
1.030000000000006466e-01 6.986343822057410335e-01
1.040000000000005365e-01 6.958160676500636521e-01
1.050000000000004263e-01 6.930007215003447518e-01
1.060000000000005382e-01 6.901883800818424675e-01
1.070000000000006501e-01 6.873790802752127727e-01
1.080000000000005400e-01 6.845728595262873251e-01
1.090000000000004299e-01 6.817697558560356086e-01
1.100000000000005418e-01 6.789698078707167017e-01
1.110000000000006537e-01 6.761730547722213380e-01
1.120000000000005436e-01 6.733795363686053692e-01
1.130000000000004334e-01 6.705892930848198485e-01
1.140000000000005453e-01 6.678023659736449513e-01
1.150000000000006573e-01 6.650187967268275102e-01
1.160000000000005471e-01 6.622386276864239418e-01
1.170000000000004370e-01 6.594619018563532276e-01
1.180000000000005489e-01 6.566886629141681642e-01
1.190000000000006608e-01 6.539189552230441072e-01
1.200000000000005507e-01 6.511528238439867611e-01
1.210000000000004405e-01 6.483903145482652342e-01
1.220000000000005524e-01 6.456314738300774625e-01
1.230000000000006644e-01 6.428763489194463387e-01
1.240000000000005542e-01 6.401249877953508749e-01
1.250000000000004441e-01 6.373774391990968402e-01
1.260000000000005560e-01 6.346337526479332025e-01
1.270000000000006679e-01 6.318939784489149281e-01
1.280000000000005578e-01 6.291581677130148043e-01
1.290000000000004476e-01 6.264263723694896147e-01
1.300000000000005596e-01 6.236986451805055509e-01
1.310000000000006715e-01 6.209750397560257484e-01
1.320000000000005613e-01 6.182556105689605008e-01
1.330000000000004512e-01 6.155404129705851490e-01
1.340000000000005631e-01 6.128295032062328618e-01
1.350000000000006750e-01 6.101229384312621962e-01
1.360000000000005649e-01 6.074207767273014369e-01
1.370000000000004547e-01 6.047230771187738219e-01
1.380000000000005667e-01 6.020298995897115368e-01
1.390000000000006786e-01 5.993413051008563697e-01
1.400000000000005684e-01 5.966573556070503548e-01
1.410000000000004583e-01 5.939781140749198496e-01
1.420000000000005702e-01 5.913036445008589270e-01
1.430000000000006821e-01 5.886340119293124173e-01
1.440000000000005720e-01 5.859692824713580439e-01
1.450000000000004619e-01 5.833095233235940924e-01
1.460000000000005738e-01 5.806548027873343898e-01
1.470000000000006857e-01 5.780051902881131465e-01
1.480000000000005755e-01 5.753607563954967752e-01
1.490000000000004654e-01 5.727215728432084596e-01
1.500000000000005773e-01 5.700877125495674713e-01
1.510000000000006892e-01 5.674592496382431239e-01
1.520000000000005791e-01 5.648362594593218100e-01
1.530000000000004690e-01 5.622188186106888974e-01
1.540000000000005809e-01 5.596070049597291485e-01
1.550000000000006928e-01 5.570008976653431088e-01
1.560000000000005826e-01 5.544005772002752463e-01
1.570000000000004725e-01 5.518061253737571725e-01
1.580000000000005844e-01 5.492176253544658326e-01
1.590000000000006963e-01 5.466351616937918934e-01
1.600000000000005862e-01 5.440588203494162167e-01
1.610000000000004761e-01 5.414886887091905354e-01
1.620000000000005880e-01 5.389248556153245495e-01
1.630000000000006999e-01 5.363674113888706740e-01
1.640000000000005898e-01 5.338164478545021074e-01
1.650000000000004796e-01 5.312720583655785589e-01
1.660000000000005915e-01 5.287343378294986351e-01
1.670000000000007034e-01 5.262033827333287839e-01
1.680000000000005933e-01 5.236792911696990238e-01
1.690000000000004832e-01 5.211621628629602432e-01
1.700000000000005951e-01 5.186520991955960724e-01
1.710000000000007070e-01 5.161492032348767856e-01
1.720000000000005969e-01 5.136535797597427955e-01
1.730000000000004867e-01 5.111653352879073076e-01
1.740000000000005986e-01 5.086845781031684721e-01
1.750000000000007105e-01 5.062114182829129394e-01
1.760000000000006004e-01 5.037459677257958290e-01
1.770000000000004903e-01 5.012883401795804605e-01
1.780000000000006022e-01 4.988386512691238006e-01
1.790000000000007141e-01 4.963970185244853672e-01
1.800000000000006040e-01 4.939635614091372751e-01
1.810000000000004938e-01 4.915384013482556047e-01
1.820000000000006057e-01 4.891216617570710024e-01
1.830000000000007176e-01 4.867134680692515314e-01
1.840000000000006075e-01 4.843139477652885216e-01
1.850000000000004974e-01 4.819232304008583823e-01
1.860000000000006093e-01 4.795414476351325672e-01
1.870000000000007212e-01 4.771687332589996666e-01
1.880000000000006111e-01 4.748052232231640413e-01
1.890000000000005009e-01 4.724510556660857508e-01
1.900000000000006128e-01 4.701063709417249159e-01
1.910000000000007248e-01 4.677713116470466059e-01
1.920000000000006146e-01 4.654460226492419528e-01
1.930000000000005045e-01 4.631306511126195291e-01
1.940000000000006164e-01 4.608253465251219150e-01
1.950000000000007283e-01 4.585302607244133299e-01
1.960000000000006182e-01 4.562455479234824307e-01
1.970000000000005080e-01 4.539713647357054849e-01
1.980000000000006199e-01 4.517078701993122447e-01
1.990000000000007319e-01 4.494552258011897949e-01
2.000000000000006217e-01 4.472135954999565399e-01
2.010000000000005116e-01 4.449831457482395503e-01
2.020000000000006235e-01 4.427640455140850473e-01
2.030000000000007354e-01 4.405564663014249205e-01
2.040000000000006253e-01 4.383605821695180649e-01
2.050000000000005151e-01 4.361765697512866580e-01
2.060000000000006271e-01 4.340046082704638875e-01
2.070000000000007390e-01 4.318448795574617582e-01
2.080000000000006288e-01 4.296975680638637773e-01
2.090000000000005187e-01 4.275628608754495907e-01
2.100000000000006306e-01 4.254409477236515968e-01
2.110000000000007425e-01 4.233320209953396196e-01
2.120000000000006324e-01 4.212362757408232294e-01
2.130000000000005222e-01 4.191539096799636321e-01
2.140000000000006342e-01 4.170851232062813274e-01
2.150000000000007461e-01 4.150301193889411322e-01
2.160000000000006359e-01 4.129891039724885027e-01
2.170000000000005258e-01 4.109622853742166959e-01
2.180000000000006377e-01 4.089498746790356520e-01
2.190000000000007496e-01 4.069520856317102031e-01
2.200000000000006395e-01 4.049691346263304959e-01
2.210000000000005294e-01 4.030012406928782376e-01
2.220000000000006413e-01 4.010486254807501538e-01
2.230000000000007532e-01 3.991115132390931630e-01
2.240000000000006430e-01 3.971901307938038306e-01
2.250000000000005329e-01 3.952847075210463856e-01
2.260000000000006448e-01 3.933954753171406971e-01
2.270000000000007567e-01 3.915226685646680527e-01
2.280000000000006466e-01 3.896665240946405318e-01
2.290000000000005365e-01 3.878272811445827584e-01
2.300000000000006484e-01 3.860051813123744902e-01
2.310000000000007603e-01 3.842004685056994440e-01
2.320000000000006501e-01 3.824133888869467035e-01
2.330000000000005400e-01 3.806441908134147178e-01
2.340000000000006519e-01 3.788931247726713969e-01
2.350000000000007638e-01 3.771604433129208678e-01
2.360000000000006537e-01 3.754464009682329517e-01
2.370000000000005436e-01 3.737512541784968056e-01
2.380000000000006555e-01 3.720752612039655016e-01
2.390000000000007674e-01 3.704186820342611486e-01
2.400000000000006573e-01 3.687817782917144349e-01
2.410000000000005471e-01 3.671648131289262929e-01
2.420000000000006590e-01 3.655680511204435490e-01
2.430000000000007709e-01 3.639917581484491405e-01
2.440000000000006608e-01 3.624362012823764134e-01
2.450000000000005507e-01 3.609016486523709544e-01
2.460000000000006626e-01 3.593883693165365600e-01
2.470000000000007745e-01 3.578966331219101682e-01
2.480000000000006644e-01 3.564267105591264473e-01
2.490000000000005542e-01 3.549788726107505066e-01
2.500000000000006661e-01 3.535533905932728427e-01
2.510000000000007780e-01 3.521505359927757373e-01
2.520000000000006679e-01 3.507705802942991391e-01
2.530000000000005578e-01 3.494137948049553799e-01
2.540000000000006697e-01 3.480804504708636671e-01
2.550000000000007816e-01 3.467708176879930604e-01
2.560000000000006715e-01 3.454851661070261204e-01
2.570000000000005613e-01 3.442237644323812851e-01
2.580000000000006732e-01 3.429868802155549568e-01
2.590000000000007851e-01 3.417747796429680407e-01
2.600000000000006750e-01 3.405877273185272114e-01
2.610000000000005649e-01 3.394259860411391050e-01
2.620000000000006768e-01 3.382898165774422261e-01
2.630000000000007887e-01 3.371794774300467812e-01
2.640000000000006786e-01 3.360952246015993516e-01
2.650000000000005684e-01 3.350373113550184634e-01
2.660000000000006803e-01 3.340059879702750867e-01
2.670000000000007923e-01 3.330015014981155819e-01
2.680000000000006821e-01 3.320240955111534720e-01
2.690000000000005720e-01 3.310740098527814590e-01
2.700000000000006839e-01 3.301514803843829116e-01
2.710000000000007958e-01 3.292567387313424798e-01
2.720000000000006857e-01 3.283900120283800850e-01
2.730000000000005755e-01 3.275515226647552902e-01
2.740000000000006875e-01 3.267414880299097102e-01
2.750000000000007994e-01 3.259601202601318248e-01
2.760000000000006892e-01 3.252076259868449948e-01
2.770000000000005791e-01 3.244842060871371836e-01
2.780000000000006910e-01 3.237900554371608286e-01
2.790000000000008029e-01 3.231253626690416270e-01
2.800000000000006928e-01 3.224903099319415545e-01
2.810000000000005826e-01 3.218850726579283172e-01
2.820000000000006946e-01 3.213098193333028818e-01
2.830000000000008065e-01 3.207647112760375618e-01
2.840000000000006963e-01 3.202499024199691458e-01
2.850000000000005862e-01 3.197655391063893848e-01
2.860000000000006981e-01 3.193117598836594517e-01
2.870000000000008100e-01 3.188886953154654869e-01
2.880000000000006999e-01 3.184964677983098680e-01
2.890000000000005898e-01 3.181351913888180172e-01
2.900000000000007017e-01 3.178049716414138581e-01
2.910000000000008136e-01 3.175059054568904471e-01
2.920000000000007034e-01 3.172380809423734349e-01
2.930000000000005933e-01 3.170015772831420997e-01
2.940000000000007052e-01 3.167964646267377726e-01
2.950000000000008171e-01 3.166228039797511773e-01
2.960000000000007070e-01 3.164806471176396241e-01
2.970000000000005969e-01 3.163700365078841448e-01
2.980000000000007088e-01 3.162910052467505229e-01
2.990000000000008207e-01 3.162435770098738219e-01
3.000000000000007105e-01 3.162277660168379412e-01
3.010000000000006004e-01 3.162435770098738774e-01
3.020000000000007123e-01 3.162910052467506339e-01
3.030000000000008242e-01 3.163700365078843113e-01
3.040000000000007141e-01 3.164806471176397906e-01
3.050000000000006040e-01 3.166228039797513993e-01
3.060000000000007159e-01 3.167964646267380502e-01
3.070000000000008278e-01 3.170015772831424328e-01
3.080000000000007176e-01 3.172380809423738235e-01
3.090000000000006075e-01 3.175059054568908357e-01
3.100000000000007194e-01 3.178049716414143022e-01
3.110000000000008313e-01 3.181351913888185168e-01
3.120000000000007212e-01 3.184964677983103676e-01
3.130000000000006111e-01 3.188886953154660975e-01
3.140000000000007230e-01 3.193117598836601179e-01
3.150000000000008349e-01 3.197655391063900510e-01
3.160000000000007248e-01 3.202499024199698674e-01
3.170000000000006146e-01 3.207647112760382835e-01
3.180000000000007265e-01 3.213098193333037145e-01
3.190000000000008384e-01 3.218850726579291499e-01
3.200000000000007283e-01 3.224903099319424427e-01
3.210000000000006182e-01 3.231253626690425151e-01
3.220000000000007301e-01 3.237900554371618278e-01
3.230000000000008420e-01 3.244842060871382383e-01
3.240000000000007319e-01 3.252076259868460495e-01
3.250000000000006217e-01 3.259601202601329351e-01
3.260000000000007336e-01 3.267414880299108759e-01
3.270000000000008455e-01 3.275515226647564559e-01
3.280000000000007354e-01 3.283900120283813062e-01
3.290000000000006253e-01 3.292567387313437566e-01
3.300000000000007372e-01 3.301514803843842438e-01
3.310000000000008491e-01 3.310740098527827913e-01
3.320000000000007390e-01 3.320240955111548598e-01
3.330000000000006288e-01 3.330015014981170252e-01
3.340000000000007407e-01 3.340059879702765300e-01
3.350000000000008527e-01 3.350373113550199622e-01
3.360000000000007425e-01 3.360952246016008504e-01
3.370000000000006324e-01 3.371794774300483355e-01
3.380000000000007443e-01 3.382898165774437804e-01
3.390000000000008562e-01 3.394259860411407703e-01
3.400000000000007461e-01 3.405877273185289322e-01
3.410000000000006359e-01 3.417747796429697615e-01
3.420000000000007478e-01 3.429868802155566776e-01
3.430000000000008598e-01 3.442237644323830614e-01
3.440000000000007496e-01 3.454851661070278968e-01
3.450000000000006395e-01 3.467708176879948923e-01
3.460000000000007514e-01 3.480804504708655545e-01
3.470000000000008633e-01 3.494137948049573228e-01
3.480000000000007532e-01 3.507705802943010820e-01
3.490000000000006430e-01 3.521505359927777357e-01
3.500000000000007550e-01 3.535533905932748411e-01
3.510000000000008669e-01 3.549788726107525050e-01
3.520000000000007567e-01 3.564267105591285567e-01
3.530000000000006466e-01 3.578966331219122776e-01
3.540000000000007585e-01 3.593883693165387250e-01
3.550000000000008704e-01 3.609016486523730638e-01
3.560000000000007603e-01 3.624362012823786339e-01
3.570000000000006501e-01 3.639917581484514164e-01
3.580000000000007621e-01 3.655680511204458250e-01
3.590000000000008740e-01 3.671648131289285688e-01
3.600000000000007638e-01 3.687817782917167664e-01
3.610000000000006537e-01 3.704186820342634801e-01
3.620000000000007656e-01 3.720752612039678886e-01
3.630000000000008775e-01 3.737512541784991926e-01
3.640000000000007674e-01 3.754464009682353942e-01
3.650000000000006573e-01 3.771604433129233103e-01
3.660000000000007692e-01 3.788931247726738949e-01
3.670000000000008811e-01 3.806441908134172158e-01
3.680000000000007709e-01 3.824133888869492015e-01
3.690000000000006608e-01 3.842004685057019975e-01
3.700000000000007727e-01 3.860051813123770437e-01
3.710000000000008846e-01 3.878272811445853674e-01
3.720000000000007745e-01 3.896665240946431408e-01
3.730000000000006644e-01 3.915226685646707172e-01
3.740000000000007763e-01 3.933954753171433616e-01
3.750000000000008882e-01 3.952847075210491057e-01
3.760000000000007780e-01 3.971901307938066061e-01
3.770000000000006679e-01 3.991115132390959386e-01
3.780000000000007798e-01 4.010486254807528739e-01
3.790000000000008917e-01 4.030012406928810131e-01
3.800000000000007816e-01 4.049691346263332714e-01
3.810000000000006715e-01 4.069520856317130342e-01
3.820000000000007834e-01 4.089498746790384831e-01
3.830000000000008953e-01 4.109622853742195825e-01
3.840000000000007851e-01 4.129891039724913893e-01
3.850000000000006750e-01 4.150301193889440743e-01
3.860000000000007869e-01 4.170851232062843250e-01
3.870000000000008988e-01 4.191539096799665742e-01
3.880000000000007887e-01 4.212362757408262270e-01
3.890000000000006786e-01 4.233320209953426172e-01
3.900000000000007905e-01 4.254409477236546500e-01
3.910000000000009024e-01 4.275628608754525883e-01
3.920000000000007923e-01 4.296975680638668305e-01
3.930000000000006821e-01 4.318448795574648114e-01
3.940000000000007940e-01 4.340046082704669961e-01
3.950000000000009059e-01 4.361765697512897666e-01
3.960000000000007958e-01 4.383605821695211735e-01
3.970000000000006857e-01 4.405564663014280846e-01
3.980000000000007976e-01 4.427640455140881559e-01
3.990000000000009095e-01 4.449831457482427144e-01
4.000000000000007994e-01 4.472135954999597041e-01
4.010000000000006892e-01 4.494552258011930146e-01
4.020000000000008011e-01 4.517078701993154644e-01
4.030000000000009130e-01 4.539713647357087045e-01
4.040000000000008029e-01 4.562455479234857059e-01
4.050000000000006928e-01 4.585302607244166051e-01
4.060000000000008047e-01 4.608253465251251901e-01
4.070000000000009166e-01 4.631306511126228043e-01
4.080000000000008065e-01 4.654460226492452835e-01
4.090000000000006963e-01 4.677713116470499366e-01
4.100000000000008082e-01 4.701063709417282466e-01
4.110000000000009202e-01 4.724510556660891369e-01
4.120000000000008100e-01 4.748052232231673719e-01
4.130000000000006999e-01 4.771687332590030528e-01
4.140000000000008118e-01 4.795414476351359534e-01
4.150000000000009237e-01 4.819232304008617684e-01
4.160000000000008136e-01 4.843139477652919078e-01
4.170000000000007034e-01 4.867134680692549731e-01
4.180000000000008153e-01 4.891216617570744440e-01
4.190000000000009273e-01 4.915384013482590464e-01
4.200000000000008171e-01 4.939635614091407723e-01
4.210000000000007070e-01 4.963970185244888089e-01
4.220000000000008189e-01 4.988386512691272978e-01
4.230000000000009308e-01 5.012883401795840133e-01
4.240000000000008207e-01 5.037459677257992707e-01
4.250000000000007105e-01 5.062114182829163811e-01
4.260000000000008225e-01 5.086845781031720248e-01
4.270000000000009344e-01 5.111653352879108603e-01
4.280000000000008242e-01 5.136535797597463482e-01
4.290000000000007141e-01 5.161492032348804493e-01
4.300000000000008260e-01 5.186520991955996251e-01
4.310000000000009379e-01 5.211621628629639069e-01
4.320000000000008278e-01 5.236792911697026875e-01
4.330000000000007176e-01 5.262033827333324476e-01
4.340000000000008296e-01 5.287343378295022989e-01
4.350000000000009415e-01 5.312720583655822226e-01
4.360000000000008313e-01 5.338164478545057712e-01
4.370000000000007212e-01 5.363674113888743378e-01
4.380000000000008331e-01 5.389248556153282133e-01
4.390000000000009450e-01 5.414886887091941992e-01
4.400000000000008349e-01 5.440588203494198805e-01
4.410000000000007248e-01 5.466351616937955571e-01
4.420000000000008367e-01 5.492176253544693854e-01
4.430000000000009486e-01 5.518061253737608363e-01
4.440000000000008384e-01 5.544005772002789101e-01
4.450000000000007283e-01 5.570008976653467725e-01
4.460000000000008402e-01 5.596070049597328122e-01
4.470000000000009521e-01 5.622188186106925611e-01
4.480000000000008420e-01 5.648362594593254737e-01
4.490000000000007319e-01 5.674592496382468987e-01
4.500000000000008438e-01 5.700877125495711351e-01
4.510000000000009557e-01 5.727215728432122344e-01
4.520000000000008455e-01 5.753607563955005499e-01
4.530000000000007354e-01 5.780051902881169212e-01
4.540000000000008473e-01 5.806548027873381645e-01
4.550000000000009592e-01 5.833095233235978672e-01
4.560000000000008491e-01 5.859692824713618187e-01
4.570000000000007390e-01 5.886340119293161921e-01
4.580000000000008509e-01 5.913036445008627018e-01
4.590000000000009628e-01 5.939781140749237354e-01
4.600000000000008527e-01 5.966573556070541295e-01
4.610000000000007425e-01 5.993413051008602555e-01
4.620000000000008544e-01 6.020298995897153116e-01
4.630000000000009663e-01 6.047230771187777076e-01
4.640000000000008562e-01 6.074207767273052117e-01
4.650000000000007461e-01 6.101229384312660819e-01
4.660000000000008580e-01 6.128295032062366365e-01
4.670000000000009699e-01 6.155404129705889238e-01
4.680000000000008598e-01 6.182556105689643866e-01
4.690000000000007496e-01 6.209750397560295232e-01
4.700000000000008615e-01 6.236986451805094367e-01
4.710000000000009734e-01 6.264263723694935004e-01
4.720000000000008633e-01 6.291581677130186900e-01
4.730000000000007532e-01 6.318939784489187028e-01
4.740000000000008651e-01 6.346337526479370883e-01
4.750000000000009770e-01 6.373774391991008370e-01
4.760000000000008669e-01 6.401249877953547607e-01
4.770000000000007567e-01 6.428763489194502245e-01
4.780000000000008686e-01 6.456314738300814593e-01
4.790000000000009805e-01 6.483903145482692310e-01
4.800000000000008704e-01 6.511528238439906469e-01
4.810000000000007603e-01 6.539189552230481040e-01
4.820000000000008722e-01 6.566886629141721610e-01
4.830000000000009841e-01 6.594619018563571133e-01
4.840000000000008740e-01 6.622386276864278276e-01
4.850000000000007638e-01 6.650187967268315070e-01
4.860000000000008757e-01 6.678023659736488371e-01
4.870000000000009877e-01 6.705892930848237343e-01
4.880000000000008775e-01 6.733795363686093660e-01
4.890000000000007674e-01 6.761730547722253348e-01
4.900000000000008793e-01 6.789698078707206985e-01
4.910000000000009912e-01 6.817697558560396054e-01
4.920000000000008811e-01 6.845728595262913219e-01
4.930000000000007709e-01 6.873790802752167695e-01
4.940000000000008828e-01 6.901883800818465753e-01
4.950000000000009948e-01 6.930007215003487486e-01
4.960000000000008846e-01 6.958160676500676489e-01
4.970000000000007745e-01 6.986343822057450303e-01
4.980000000000008864e-01 7.014556293879203874e-01
4.990000000000009983e-01 7.042797739535077151e-01
5.000000000000008882e-01 7.071067811865500152e-01
5.010000000000007780e-01 7.099366168891440010e-01
5.020000000000008900e-01 7.127692473725305566e-01
5.030000000000010019e-01 7.156046394483507322e-01
5.040000000000008917e-01 7.184427604200654960e-01
5.050000000000007816e-01 7.212835780745345815e-01
5.060000000000008935e-01 7.241270606737492121e-01
5.070000000000010054e-01 7.269731769467179250e-01
5.080000000000008953e-01 7.298218960815054945e-01
5.090000000000007851e-01 7.326731877174182950e-01
5.100000000000008971e-01 7.355270219373343243e-01
5.110000000000010090e-01 7.383833692601725618e-01
5.120000000000008988e-01 7.412422006335067648e-01
5.130000000000007887e-01 7.441034874263144916e-01
5.140000000000009006e-01 7.469672014218589062e-01
5.150000000000010125e-01 7.498333148107013679e-01
5.160000000000009024e-01 7.527018001838470251e-01
5.170000000000007923e-01 7.555726305260159759e-01
5.180000000000009042e-01 7.584457792090374406e-01
5.190000000000010161e-01 7.613212199853649498e-01
5.200000000000009059e-01 7.641989269817145436e-01
5.210000000000007958e-01 7.670788746928203228e-01
5.220000000000009077e-01 7.699610379753016876e-01
5.230000000000010196e-01 7.728453920416453737e-01
5.240000000000009095e-01 7.757319124542989552e-01
5.250000000000007994e-01 7.786205751198741476e-01
5.260000000000009113e-01 7.815113562834541394e-01
5.270000000000010232e-01 7.844042325230050627e-01
5.280000000000009130e-01 7.872991807438923795e-01
5.290000000000008029e-01 7.901961781734987422e-01
5.300000000000009148e-01 7.930952023559367792e-01
5.310000000000010267e-01 7.959962311468595786e-01
5.320000000000009166e-01 7.988992427083682069e-01
5.330000000000008065e-01 8.018042155040117080e-01
5.340000000000009184e-01 8.047111282938768095e-01
5.350000000000010303e-01 8.076199601297660013e-01
5.360000000000009202e-01 8.105306903504667648e-01
5.370000000000008100e-01 8.134432985771066216e-01
5.380000000000009219e-01 8.163577647085892286e-01
5.390000000000010338e-01 8.192740689171145174e-01
5.400000000000009237e-01 8.221921916437813227e-01
5.410000000000008136e-01 8.251121135942702800e-01
5.420000000000009255e-01 8.280338157346017747e-01
5.430000000000010374e-01 8.309572792869709401e-01
5.440000000000009273e-01 8.338824857256593726e-01
5.450000000000008171e-01 8.368094167730212307e-01
5.460000000000009290e-01 8.397380543955386134e-01
5.470000000000010409e-01 8.426683807999473252e-01
5.480000000000009308e-01 8.456003784294354730e-01
5.490000000000008207e-01 8.485340299599091196e-01
5.500000000000009326e-01 8.514693182963227747e-01
5.510000000000010445e-01 8.544062265690748337e-01
5.520000000000009344e-01 8.573447381304702963e-01
5.530000000000008242e-01 8.602848365512461015e-01
5.540000000000009361e-01 8.632265056171553042e-01
5.550000000000010481e-01 8.661697293256127583e-01
5.560000000000009379e-01 8.691144918824014187e-01
5.570000000000008278e-01 8.720607776984378168e-01
5.580000000000009397e-01 8.750085713865921599e-01
5.590000000000010516e-01 8.779578577585631649e-01
5.600000000000009415e-01 8.809086218218123987e-01
5.610000000000008313e-01 8.838608487765504673e-01
5.620000000000009432e-01 8.868145240127751627e-01
5.630000000000010552e-01 8.897696331073597920e-01
5.640000000000009450e-01 8.927261618211964622e-01
5.650000000000008349e-01 8.956840960963884379e-01
5.660000000000009468e-01 8.986434220534889050e-01
5.670000000000010587e-01 9.016041259887876969e-01
5.680000000000009486e-01 9.045661943716474251e-01
5.690000000000008384e-01 9.075296138418870173e-01
5.700000000000009504e-01 9.104943712072058881e-01
5.710000000000010623e-01 9.134604534406542964e-01
5.720000000000009521e-01 9.164278476781492211e-01
5.730000000000008420e-01 9.193965412160329809e-01
5.740000000000009539e-01 9.223665215086707114e-01
5.750000000000010658e-01 9.253377761660904754e-01
5.760000000000009557e-01 9.283102929516645618e-01
5.770000000000008455e-01 9.312840597798314191e-01
5.780000000000009575e-01 9.342590647138540039e-01
5.790000000000010694e-01 9.372352959636155445e-01
5.800000000000009592e-01 9.402127418834554939e-01
5.810000000000008491e-01 9.431913909700431198e-01
5.820000000000009610e-01 9.461712318602829574e-01
5.830000000000010729e-01 9.491522533292570118e-01
5.840000000000009628e-01 9.521344442882031522e-01
5.850000000000008527e-01 9.551177937825285902e-01
5.860000000000009646e-01 9.581022909898533335e-01
5.870000000000010765e-01 9.610879252180865029e-01
5.880000000000009663e-01 9.640746859035380645e-01
5.890000000000008562e-01 9.670625626090615379e-01
5.900000000000009681e-01 9.700515450222249036e-01
5.910000000000010800e-01 9.730416229535128192e-01
5.920000000000009699e-01 9.760327863345604760e-01
5.930000000000008598e-01 9.790250252164165445e-01
5.940000000000009717e-01 9.820183297678336531e-01
5.950000000000010836e-01 9.850126902735854006e-01
5.960000000000009734e-01 9.880080971328148998e-01
5.970000000000008633e-01 9.910045408574095216e-01
5.980000000000009752e-01 9.940020120704010642e-01
5.990000000000010871e-01 9.970005015043906793e-01
6.000000000000009770e-01 1.000000000000002887e+00
6.010000000000008669e-01 1.003000498504365234e+00
6.020000000000009788e-01 1.006001988069608943e+00
6.030000000000010907e-01 1.009004459851395641e+00
6.040000000000009805e-01 1.012007905107467964e+00
6.050000000000008704e-01 1.015012315196227144e+00
6.060000000000009823e-01 1.018017681575327904e+00
6.070000000000010942e-01 1.021023995800298012e+00
6.080000000000009841e-01 1.024031249523180254e+00
6.090000000000008740e-01 1.027039434491200609e+00
6.100000000000009859e-01 1.030048542545450196e+00
6.110000000000010978e-01 1.033058565619590974e+00
6.120000000000009877e-01 1.036069495738585200e+00
6.130000000000008775e-01 1.039081325017443325e+00
6.140000000000009894e-01 1.042094045659990531e+00
6.150000000000011013e-01 1.045107649957652374e+00
6.160000000000009912e-01 1.048122130288262843e+00
6.170000000000008811e-01 1.051137479114889750e+00
6.180000000000009930e-01 1.054153688984678539e+00
6.190000000000011049e-01 1.057170752527711199e+00
6.200000000000009948e-01 1.060188662455888720e+00
6.210000000000008846e-01 1.063207411561829518e+00
6.220000000000009965e-01 1.066226992717782540e+00
6.230000000000011084e-01 1.069247398874557664e+00
6.240000000000009983e-01 1.072268623060474768e+00
6.250000000000008882e-01 1.075290658380330999e+00
6.260000000000010001e-01 1.078313498014379146e+00
6.270000000000011120e-01 1.081337135217323109e+00
6.280000000000010019e-01 1.084361563317331356e+00
6.290000000000008917e-01 1.087386775715065479e+00
6.300000000000010036e-01 1.090412765882721402e+00
6.310000000000011156e-01 1.093439527363085251e+00
6.320000000000010054e-01 1.096467053768605870e+00
6.330000000000008953e-01 1.099495338780481557e+00
6.340000000000010072e-01 1.102524376147759666e+00
6.350000000000011191e-01 1.105554159686447546e+00
6.360000000000010090e-01 1.108584683278641903e+00
6.370000000000008988e-01 1.111615940871669039e+00
6.380000000000010107e-01 1.114647926477238205e+00
6.390000000000011227e-01 1.117680634170605813e+00
6.400000000000010125e-01 1.120714058089754994e+00
6.410000000000009024e-01 1.123748192434589122e+00
6.420000000000010143e-01 1.126783031466132234e+00
6.430000000000011262e-01 1.129818569505744774e+00
6.440000000000010161e-01 1.132854800934350425e+00
6.450000000000009059e-01 1.135891720191676724e+00
6.460000000000010179e-01 1.138929321775502768e+00
6.470000000000011298e-01 1.141967600240920921e+00
6.480000000000010196e-01 1.145006550199607842e+00
6.490000000000009095e-01 1.148046166319110384e+00
6.500000000000010214e-01 1.151086443322136832e+00
6.510000000000011333e-01 1.154127375985860571e+00
6.520000000000010232e-01 1.157168959141234188e+00
6.530000000000009130e-01 1.160211187672316235e+00
6.540000000000010250e-01 1.163254056515603763e+00
6.550000000000011369e-01 1.166297560659374843e+00
6.560000000000010267e-01 1.169341695143043758e+00
6.570000000000009166e-01 1.172386455056525500e+00
6.580000000000010285e-01 1.175431835539606062e+00
6.590000000000011404e-01 1.178477831781322926e+00
6.600000000000010303e-01 1.181524439019357553e+00
6.610000000000009202e-01 1.184571652539434528e+00
6.620000000000010321e-01 1.187619467674729368e+00
6.630000000000011440e-01 1.190667879805283214e+00
6.640000000000010338e-01 1.193716884357429064e+00
6.650000000000009237e-01 1.196766476803226009e+00
6.660000000000010356e-01 1.199816652659900118e+00
6.670000000000011475e-01 1.202867407489291107e+00
6.680000000000010374e-01 1.205918736897311661e+00
6.690000000000009273e-01 1.208970636533413412e+00
6.700000000000010392e-01 1.212023102090058480e+00
6.710000000000011511e-01 1.215076129302196550e+00
6.720000000000010409e-01 1.218129713946756842e+00
6.730000000000009308e-01 1.221183851842140511e+00
6.740000000000010427e-01 1.224238538847722824e+00
6.750000000000011546e-01 1.227293770863361333e+00
6.760000000000010445e-01 1.230349543828910264e+00
6.770000000000009344e-01 1.233405853723747780e+00
6.780000000000010463e-01 1.236462696566301034e+00
6.790000000000011582e-01 1.239520068413580978e+00
6.800000000000010481e-01 1.242577965360728509e+00
6.810000000000009379e-01 1.245636383540560832e+00
6.820000000000010498e-01 1.248695319123126701e+00
6.830000000000011617e-01 1.251754768315267441e+00
6.840000000000010516e-01 1.254814727360181958e+00
6.850000000000009415e-01 1.257875192537004860e+00
6.860000000000010534e-01 1.260936160160381903e+00
6.870000000000011653e-01 1.263997626580053657e+00
6.880000000000010552e-01 1.267059588180448726e+00
6.890000000000009450e-01 1.270122041380279176e+00
6.900000000000010569e-01 1.273184982632141971e+00
6.910000000000011688e-01 1.276248408422125724e+00
6.920000000000010587e-01 1.279312315269421685e+00
6.930000000000009486e-01 1.282376699725945368e+00
6.940000000000010605e-01 1.285441558375956861e+00
6.950000000000011724e-01 1.288506887835687564e+00
6.960000000000010623e-01 1.291572684752975153e+00
6.970000000000009521e-01 1.294638945806902530e+00
6.980000000000010640e-01 1.297705667707438115e+00
6.990000000000011759e-01 1.300772847195085458e+00
7.000000000000010658e-01 1.303840481040533072e+00
7.010000000000009557e-01 1.306908566044314934e+00
7.020000000000010676e-01 1.309977099036471415e+00
7.030000000000011795e-01 1.313046076876211332e+00
7.040000000000010694e-01 1.316115496451587541e+00
7.050000000000009592e-01 1.319185354679170086e+00
7.060000000000010711e-01 1.322255648503725567e+00
7.070000000000011831e-01 1.325326374897900283e+00
7.080000000000010729e-01 1.328397530861906040e+00
7.090000000000009628e-01 1.331469113423217054e+00
7.100000000000010747e-01 1.334541119636262652e+00
7.110000000000011866e-01 1.337613546582124613e+00
7.120000000000010765e-01 1.340686391368245634e+00
7.130000000000009663e-01 1.343759651128135335e+00
7.140000000000010782e-01 1.346833323021081386e+00
7.150000000000011902e-01 1.349907404231864394e+00
7.160000000000010800e-01 1.352981891970476136e+00
7.170000000000009699e-01 1.356056783471845772e+00
7.180000000000010818e-01 1.359132075995563183e+00
7.190000000000011937e-01 1.362207766825608068e+00
7.200000000000010836e-01 1.365283853270084391e+00
7.210000000000009734e-01 1.368360332660958134e+00
7.220000000000010854e-01 1.371437202353796625e+00
7.230000000000011973e-01 1.374514459727510518e+00
7.240000000000010871e-01 1.377592102184100442e+00
7.250000000000009770e-01 1.380670127148410531e+00
7.260000000000010889e-01 1.383748532067878845e+00
7.270000000000012008e-01 1.386827314412292012e+00
7.280000000000010907e-01 1.389906471673547195e+00
7.290000000000009805e-01 1.392986001365415172e+00
7.300000000000010925e-01 1.396065901023303857e+00
7.310000000000012044e-01 1.399146168204026708e+00
7.320000000000010942e-01 1.402226800485574021e+00
7.330000000000009841e-01 1.405307795466889331e+00
7.340000000000010960e-01 1.408389150767645592e+00
7.350000000000012079e-01 1.411470864028021799e+00
7.360000000000010978e-01 1.414552932908489380e+00
7.370000000000009877e-01 1.417635355089597482e+00
7.380000000000010996e-01 1.420718128271758474e+00
7.390000000000012115e-01 1.423801250175041444e+00
7.400000000000011013e-01 1.426884718538961039e+00
7.410000000000009912e-01 1.429968531122279174e+00
7.420000000000011031e-01 1.433052685702800755e+00
7.430000000000012150e-01 1.436137180077171616e+00
7.440000000000011049e-01 1.439222012060686007e+00
7.450000000000009948e-01 1.442307179487091418e+00
7.460000000000011067e-01 1.445392680208395619e+00
7.470000000000012186e-01 1.448478512094677484e+00
7.480000000000011084e-01 1.451564673033898911e+00
7.490000000000009983e-01 1.454651160931722753e+00
7.500000000000011102e-01 1.457737973711328738e+00
7.510000000000012221e-01 1.460825109313230286e+00
7.520000000000011120e-01 1.463912565695099754e+00
7.530000000000010019e-01 1.467000340831592808e+00
7.540000000000011138e-01 1.470088432714171667e+00
7.550000000000012257e-01 1.473176839350935241e+00
7.560000000000011156e-01 1.476265558766447050e+00
7.570000000000010054e-01 1.479354589001571796e+00
7.580000000000011173e-01 1.482443928113306830e+00
7.590000000000012292e-01 1.485533574174616733e+00
7.600000000000011191e-01 1.488623525274275217e+00
7.610000000000010090e-01 1.491713779516703919e+00
7.620000000000011209e-01 1.494804335021814756e+00
7.630000000000012328e-01 1.497895189924852932e+00
7.640000000000011227e-01 1.500986342376242400e+00
7.650000000000010125e-01 1.504077790541436643e+00
7.660000000000011244e-01 1.507169532600765915e+00
7.670000000000012363e-01 1.510261566749287132e+00
7.680000000000011262e-01 1.513353891196639545e+00
7.690000000000010161e-01 1.516446504166899301e+00
7.700000000000011280e-01 1.519539403898434671e+00
7.710000000000012399e-01 1.522632588643764606e+00
7.720000000000011298e-01 1.525726056669417519e+00
7.730000000000010196e-01 1.528819806255796054e+00
7.740000000000011315e-01 1.531913835697037873e+00
7.750000000000012434e-01 1.535008143300878869e+00
7.760000000000011333e-01 1.538102727388522384e+00
7.770000000000010232e-01 1.541197586294505539e+00
7.780000000000011351e-01 1.544292718366570005e+00
7.790000000000012470e-01 1.547388121965530772e+00
7.800000000000011369e-01 1.550483795465148029e+00
7.810000000000010267e-01 1.553579737252005266e+00
7.820000000000011386e-01 1.556675945725381593e+00
7.830000000000012506e-01 1.559772419297126733e+00
7.840000000000011404e-01 1.562869156391542225e+00
7.850000000000010303e-01 1.565966155445260632e+00
7.860000000000011422e-01 1.569063414907125642e+00
7.870000000000012541e-01 1.572160933238074154e+00
7.880000000000011440e-01 1.575258708911019268e+00
7.890000000000010338e-01 1.578356740410738146e+00
7.900000000000011458e-01 1.581455026233756556e+00
7.910000000000012577e-01 1.584553564888234511e+00
7.920000000000011475e-01 1.587652354893857476e+00
7.930000000000010374e-01 1.590751394781727113e+00
7.940000000000011493e-01 1.593850683094251153e+00
7.950000000000012612e-01 1.596950218385035480e+00
7.960000000000011511e-01 1.600049999218777996e+00
7.970000000000010409e-01 1.603150024171166033e+00
7.980000000000011529e-01 1.606250291828770882e+00
7.990000000000012648e-01 1.609350800788943214e+00
8.000000000000011546e-01 1.612451549659713601e+00
8.010000000000010445e-01 1.615552537059693039e+00
8.020000000000011564e-01 1.618653761617972142e+00
8.030000000000012683e-01 1.621755221974022998e+00
8.040000000000011582e-01 1.624856916777601024e+00
8.050000000000010481e-01 1.627958844688651929e+00
8.060000000000011600e-01 1.631061004377215795e+00
8.070000000000012719e-01 1.634163394523330037e+00
8.080000000000011617e-01 1.637266013816939925e+00
8.090000000000010516e-01 1.640368860957806207e+00
8.100000000000011635e-01 1.643471934655414524e+00
8.110000000000012754e-01 1.646575233628883694e+00
8.120000000000011653e-01 1.649678756606877128e+00
8.130000000000010552e-01 1.652782502327517777e+00
8.140000000000011671e-01 1.655886469538299099e+00
8.150000000000012790e-01 1.658990656995998014e+00
8.160000000000011688e-01 1.662095063466591194e+00
8.170000000000010587e-01 1.665199687725172240e+00
8.180000000000011706e-01 1.668304528555866417e+00
8.190000000000012825e-01 1.671409584751748945e+00
8.200000000000011724e-01 1.674514855114761946e+00
8.210000000000010623e-01 1.677620338455638516e+00
8.220000000000011742e-01 1.680726033593819446e+00
8.230000000000012861e-01 1.683831939357373519e+00
8.240000000000011759e-01 1.686938054582921565e+00
8.250000000000010658e-01 1.690044378115560297e+00
8.260000000000011777e-01 1.693150908808784161e+00
8.270000000000012896e-01 1.696257645524409607e+00
8.280000000000011795e-01 1.699364587132500048e+00
8.290000000000010694e-01 1.702471732511295244e+00
8.300000000000011813e-01 1.705579080547135806e+00
8.310000000000012932e-01 1.708686630134388817e+00
8.320000000000011831e-01 1.711794380175379660e+00
8.330000000000010729e-01 1.714902329580320961e+00
8.340000000000011848e-01 1.718010477267240654e+00
8.350000000000012967e-01 1.721118822161913808e+00
8.360000000000011866e-01 1.724227363197792684e+00
8.370000000000010765e-01 1.727336099315941453e+00
8.380000000000011884e-01 1.730445029464967810e+00
8.390000000000013003e-01 1.733554152600954801e+00
8.400000000000011902e-01 1.736663467687396434e+00
8.410000000000010800e-01 1.739772973695134617e+00
8.420000000000011919e-01 1.742882669602292101e+00
8.430000000000013038e-01 1.745992554394208751e+00
8.440000000000011937e-01 1.749102627063378712e+00
8.450000000000010836e-01 1.752212886609390230e+00
8.460000000000011955e-01 1.755323332038862150e+00
8.470000000000013074e-01 1.758433962365381076e+00
8.480000000000011973e-01 1.761544776609443197e+00
8.490000000000010871e-01 1.764655773798395000e+00
8.500000000000011990e-01 1.767766952966372429e+00
8.510000000000013110e-01 1.770878313154242267e+00
8.520000000000012008e-01 1.773989853409543516e+00
8.530000000000010907e-01 1.777101572786432548e+00
8.540000000000012026e-01 1.780213470345625160e+00
8.550000000000013145e-01 1.783325545154337499e+00
8.560000000000012044e-01 1.786437796286233226e+00
8.570000000000010942e-01 1.789550222821369108e+00
8.580000000000012061e-01 1.792662823846138842e+00
8.590000000000013181e-01 1.795775598453218436e+00
8.600000000000012079e-01 1.798888545741512468e+00
8.610000000000010978e-01 1.802001664816104576e+00
8.620000000000012097e-01 1.805114954788202608e+00
8.630000000000013216e-01 1.808228414775084447e+00
8.640000000000012115e-01 1.811342043900050713e+00
8.650000000000011013e-01 1.814455841292372806e+00
8.660000000000012133e-01 1.817569806087241613e+00
8.670000000000013252e-01 1.820683937425717769e+00
8.680000000000012150e-01 1.823798234454681477e+00
8.690000000000011049e-01 1.826912696326787433e+00
8.700000000000012168e-01 1.830027322200413087e+00
8.710000000000013287e-01 1.833142111239610017e+00
8.720000000000012186e-01 1.836257062614059521e+00
8.730000000000011084e-01 1.839372175499024209e+00
8.740000000000012204e-01 1.842487449075301820e+00
8.750000000000013323e-01 1.845602882529179256e+00
8.760000000000012221e-01 1.848718475052384624e+00
8.770000000000011120e-01 1.851834225842046822e+00
8.780000000000012239e-01 1.854950134100648684e+00
8.790000000000013358e-01 1.858066199035980359e+00
8.800000000000012257e-01 1.861182419861098447e+00
8.810000000000011156e-01 1.864298795794282704e+00
8.820000000000012275e-01 1.867415326058992520e+00
8.830000000000013394e-01 1.870532009883823177e+00
8.840000000000012292e-01 1.873648846502464105e+00
8.850000000000011191e-01 1.876765835153659578e+00
8.860000000000012310e-01 1.879882975081165863e+00
8.870000000000013429e-01 1.883000265533708140e+00
8.880000000000012328e-01 1.886117705764943642e+00
8.890000000000011227e-01 1.889235295033419915e+00
8.900000000000012346e-01 1.892353032602535734e+00
8.910000000000013465e-01 1.895470917740500694e+00
8.920000000000012363e-01 1.898588949720295460e+00
8.930000000000011262e-01 1.901707127819637133e+00
8.940000000000012381e-01 1.904825451320937946e+00
8.950000000000013500e-01 1.907943919511267072e+00
8.960000000000012399e-01 1.911062531682313770e+00
8.970000000000011298e-01 1.914181287130352738e+00
8.980000000000012417e-01 1.917300185156203929e+00
8.990000000000013536e-01 1.920419225065198132e+00
9.000000000000012434e-01 1.923538406167138337e+00
9.010000000000011333e-01 1.926657727776268425e+00
9.020000000000012452e-01 1.929777189211235200e+00
9.030000000000013571e-01 1.932896789795051751e+00
9.040000000000012470e-01 1.936016528855065033e+00
9.050000000000011369e-01 1.939136405722922341e+00
9.060000000000012488e-01 1.942256419734534889e+00
9.070000000000013607e-01 1.945376570230045843e+00
9.080000000000012506e-01 1.948496856553793677e+00
9.090000000000011404e-01 1.951617278054284421e+00
9.100000000000012523e-01 1.954737834084155690e+00
9.110000000000013642e-01 1.957858524000142486e+00
9.120000000000012541e-01 1.960979347163048336e+00
9.130000000000011440e-01 1.964100302937712428e+00
9.140000000000012559e-01 1.967221390692978078e+00
9.150000000000013678e-01 1.970342609801660094e+00
9.160000000000012577e-01 1.973463959640513687e+00
9.170000000000011475e-01 1.976585439590207605e+00
9.180000000000012594e-01 1.979707049035289934e+00
9.190000000000013713e-01 1.982828787364157908e+00
9.200000000000012612e-01 1.985950653969029478e+00
9.210000000000011511e-01 1.989072648245914232e+00
9.220000000000012630e-01 1.992194769594583192e+00
9.230000000000013749e-01 1.995317017418539729e+00
9.240000000000012648e-01 1.998439391124988695e+00
9.250000000000011546e-01 2.001561890124813115e+00
9.260000000000012665e-01 2.004684513832542425e+00
9.270000000000013785e-01 2.007807261666322507e+00
9.280000000000012683e-01 2.010930133047892809e+00
9.290000000000011582e-01 2.014053127402555710e+00
9.300000000000012701e-01 2.017176244159149867e+00
9.310000000000013820e-01 2.020299482750024467e+00
9.320000000000012719e-01 2.023422842611009020e+00
9.330000000000011617e-01 2.026546323181391163e+00
9.340000000000012736e-01 2.029669923903888673e+00
9.350000000000013856e-01 2.032793644224621499e+00
9.360000000000012754e-01 2.035917483593089106e+00
9.370000000000011653e-01 2.039041441462143389e+00
9.380000000000012772e-01 2.042165517287963361e+00
9.390000000000013891e-01 2.045289710530030725e+00
9.400000000000012790e-01 2.048414020651102785e+00
9.410000000000011688e-01 2.051538447117190689e+00
9.420000000000012808e-01 2.054662989397535444e+00
9.430000000000013927e-01 2.057787646964578609e+00
9.440000000000012825e-01 2.060912419293943643e+00
9.450000000000011724e-01 2.064037305864410587e+00
9.460000000000012843e-01 2.067162306157892537e+00
9.470000000000013962e-01 2.070287419659409878e+00
9.480000000000012861e-01 2.073412645857070302e+00
9.490000000000011759e-01 2.076537984242044832e+00
9.500000000000012879e-01 2.079663434308546499e+00
9.510000000000013998e-01 2.082788995553802813e+00
9.520000000000012896e-01 2.085914667478038886e+00
9.530000000000011795e-01 2.089040449584453452e+00
9.540000000000012914e-01 2.092166341379197103e+00
9.550000000000014033e-01 2.095292342371350092e+00
9.560000000000012932e-01 2.098418452072897900e+00
9.570000000000011831e-01 2.101544669998717030e+00
9.580000000000012950e-01 2.104670995666547917e+00
9.590000000000014069e-01 2.107797428596974498e+00
9.600000000000012967e-01 2.110923968313406007e+00
9.610000000000011866e-01 2.114050614342053880e+00
9.620000000000012985e-01 2.117177366211913991e+00
9.630000000000014104e-01 2.120304223454742232e+00
9.640000000000013003e-01 2.123431185605038074e+00
9.650000000000011902e-01 2.126558252200022814e+00
9.660000000000013021e-01 2.129685422779622250e+00
9.670000000000014140e-01 2.132812696886442261e+00
9.680000000000013038e-01 2.135940074065753702e+00
9.690000000000011937e-01 2.139067553865472426e+00
9.700000000000013056e-01 2.142195135836139741e+00
9.710000000000014175e-01 2.145322819530901981e+00
9.720000000000013074e-01 2.148450604505492745e+00
9.730000000000011973e-01 2.151578490318216463e+00
9.740000000000013092e-01 2.154706476529928416e+00
9.750000000000014211e-01 2.157834562704012971e+00
9.760000000000013110e-01 2.160962748406371148e+00
9.770000000000012008e-01 2.164091033205400194e+00
9.780000000000013127e-01 2.167219416671975374e+00
9.790000000000014246e-01 2.170347898379432205e+00
9.800000000000013145e-01 2.173476477903549142e+00
9.810000000000012044e-01 2.176605154822531585e+00
9.820000000000013163e-01 2.179733928716993230e+00
9.830000000000014282e-01 2.182862799169938750e+00
9.840000000000013181e-01 2.185991765766746475e+00
9.850000000000012079e-01 2.189120828095155069e+00
9.860000000000013198e-01 2.192249985745242657e+00
9.870000000000014317e-01 2.195379238309413505e+00
9.880000000000013216e-01 2.198508585382376257e+00
9.890000000000012115e-01 2.201638026561136829e+00
9.900000000000013234e-01 2.204767561444974433e+00
9.910000000000014353e-01 2.207897189635427804e+00
9.920000000000013252e-01 2.211026910736280104e+00
9.930000000000012150e-01 2.214156724353544270e+00
9.940000000000013269e-01 2.217286630095445688e+00
9.950000000000014388e-01 2.220416627572406654e+00
9.960000000000013287e-01 2.223546716397030831e+00
9.970000000000012186e-01 2.226676896184090815e+00
9.980000000000013305e-01 2.229807166550511255e+00
9.990000000000014424e-01 2.232937527115351095e+00
