5.000000000000000000e-01 5.000000000000000000e-01
5.010000000000000009e-01 5.010000000000000009e-01
5.020000000000000018e-01 5.020000000000000018e-01
5.030000000000000027e-01 5.030000000000000027e-01
5.040000000000000036e-01 5.040000000000000036e-01
5.050000000000000044e-01 5.050000000000000044e-01
5.060000000000000053e-01 5.060000000000000053e-01
5.070000000000000062e-01 5.070000000000000062e-01
5.080000000000000071e-01 5.080000000000000071e-01
5.090000000000000080e-01 5.090000000000000080e-01
5.100000000000000089e-01 5.100000000000000089e-01
5.110000000000000098e-01 5.110000000000000098e-01
5.120000000000000107e-01 5.120000000000000107e-01
5.130000000000000115e-01 5.130000000000000115e-01
5.140000000000000124e-01 5.140000000000000124e-01
5.150000000000000133e-01 5.150000000000000133e-01
5.160000000000000142e-01 5.160000000000000142e-01
5.170000000000000151e-01 5.170000000000000151e-01
5.180000000000000160e-01 5.180000000000000160e-01
5.190000000000000169e-01 5.190000000000000169e-01
5.200000000000000178e-01 5.200000000000000178e-01
5.210000000000000187e-01 5.210000000000000187e-01
5.220000000000000195e-01 5.220000000000000195e-01
5.230000000000000204e-01 5.230000000000000204e-01
5.240000000000000213e-01 5.240000000000000213e-01
5.250000000000000222e-01 5.250000000000000222e-01
5.260000000000000231e-01 5.260000000000000231e-01
5.270000000000000240e-01 5.270000000000000240e-01
5.280000000000000249e-01 5.280000000000000249e-01
5.290000000000000258e-01 5.290000000000000258e-01
5.300000000000000266e-01 5.300000000000000266e-01
5.310000000000000275e-01 5.310000000000000275e-01
5.320000000000000284e-01 5.320000000000000284e-01
5.330000000000000293e-01 5.330000000000000293e-01
5.340000000000000302e-01 5.340000000000000302e-01
5.350000000000000311e-01 5.350000000000000311e-01
5.360000000000000320e-01 5.360000000000000320e-01
5.370000000000000329e-01 5.370000000000000329e-01
5.380000000000000338e-01 5.380000000000000338e-01
5.390000000000000346e-01 5.390000000000000346e-01
5.400000000000000355e-01 5.400000000000000355e-01
5.410000000000000364e-01 5.410000000000000364e-01
5.420000000000000373e-01 5.420000000000000373e-01
5.430000000000000382e-01 5.430000000000000382e-01
5.440000000000000391e-01 5.440000000000000391e-01
5.450000000000000400e-01 5.450000000000000400e-01
5.460000000000000409e-01 5.460000000000000409e-01
5.470000000000000417e-01 5.470000000000000417e-01
5.480000000000000426e-01 5.480000000000000426e-01
5.490000000000000435e-01 5.490000000000000435e-01
5.500000000000000444e-01 5.500000000000000444e-01
5.510000000000000453e-01 5.510000000000000453e-01
5.520000000000000462e-01 5.520000000000000462e-01
5.530000000000000471e-01 5.530000000000000471e-01
5.540000000000000480e-01 5.540000000000000480e-01
5.550000000000000488e-01 5.550000000000000488e-01
5.560000000000000497e-01 5.560000000000000497e-01
5.570000000000000506e-01 5.570000000000000506e-01
5.580000000000000515e-01 5.580000000000000515e-01
5.590000000000000524e-01 5.590000000000000524e-01
5.600000000000000533e-01 5.600000000000000533e-01
5.610000000000000542e-01 5.610000000000000542e-01
5.620000000000000551e-01 5.620000000000000551e-01
5.630000000000000560e-01 5.630000000000000560e-01
5.640000000000000568e-01 5.640000000000000568e-01
5.650000000000000577e-01 5.650000000000000577e-01
5.660000000000000586e-01 5.660000000000000586e-01
5.670000000000000595e-01 5.670000000000000595e-01
5.680000000000000604e-01 5.680000000000000604e-01
5.690000000000000613e-01 5.690000000000000613e-01
5.700000000000000622e-01 5.700000000000000622e-01
5.710000000000000631e-01 5.710000000000000631e-01
5.720000000000000639e-01 5.720000000000000639e-01
5.730000000000000648e-01 5.730000000000000648e-01
5.740000000000000657e-01 5.740000000000000657e-01
5.750000000000000666e-01 5.750000000000000666e-01
5.760000000000000675e-01 5.760000000000000675e-01
5.770000000000000684e-01 5.770000000000000684e-01
5.780000000000000693e-01 5.780000000000000693e-01
5.790000000000000702e-01 5.790000000000000702e-01
5.800000000000000711e-01 5.800000000000000711e-01
5.810000000000000719e-01 5.810000000000000719e-01
5.820000000000000728e-01 5.820000000000000728e-01
5.830000000000000737e-01 5.830000000000000737e-01
5.840000000000000746e-01 5.840000000000000746e-01
5.850000000000000755e-01 5.850000000000000755e-01
5.860000000000000764e-01 5.860000000000000764e-01
5.870000000000000773e-01 5.870000000000000773e-01
5.880000000000000782e-01 5.880000000000000782e-01
5.890000000000000790e-01 5.890000000000000790e-01
5.900000000000000799e-01 5.900000000000000799e-01
5.910000000000000808e-01 5.910000000000000808e-01
5.920000000000000817e-01 5.920000000000000817e-01
5.930000000000000826e-01 5.930000000000000826e-01
5.940000000000000835e-01 5.940000000000000835e-01
5.950000000000000844e-01 5.950000000000000844e-01
5.960000000000000853e-01 5.960000000000000853e-01
5.970000000000000862e-01 5.970000000000000862e-01
5.980000000000000870e-01 5.980000000000000870e-01
5.990000000000000879e-01 5.990000000000000879e-01
6.000000000000000888e-01 6.000000000000000888e-01
6.010000000000000897e-01 6.010000000000000897e-01
6.020000000000000906e-01 6.020000000000000906e-01
6.030000000000000915e-01 6.030000000000000915e-01
6.040000000000000924e-01 6.040000000000000924e-01
6.050000000000000933e-01 6.050000000000000933e-01
6.060000000000000941e-01 6.060000000000000941e-01
6.070000000000000950e-01 6.070000000000000950e-01
6.080000000000000959e-01 6.080000000000000959e-01
6.090000000000000968e-01 6.090000000000000968e-01
6.100000000000000977e-01 6.100000000000000977e-01
6.110000000000000986e-01 6.110000000000000986e-01
6.120000000000000995e-01 6.120000000000000995e-01
6.130000000000001004e-01 6.130000000000001004e-01
6.140000000000001013e-01 6.140000000000001013e-01
6.150000000000001021e-01 6.150000000000001021e-01
6.160000000000001030e-01 6.160000000000001030e-01
6.170000000000001039e-01 6.170000000000001039e-01
6.180000000000001048e-01 6.180000000000001048e-01
6.190000000000001057e-01 6.190000000000001057e-01
6.200000000000001066e-01 6.200000000000001066e-01
6.210000000000001075e-01 6.210000000000001075e-01
6.220000000000001084e-01 6.220000000000001084e-01
6.230000000000001092e-01 6.230000000000001092e-01
6.240000000000001101e-01 6.240000000000001101e-01
6.250000000000001110e-01 6.250000000000001110e-01
6.260000000000001119e-01 6.260000000000001119e-01
6.270000000000001128e-01 6.270000000000001128e-01
6.280000000000001137e-01 6.280000000000001137e-01
6.290000000000001146e-01 6.290000000000001146e-01
6.300000000000001155e-01 6.300000000000001155e-01
6.310000000000001164e-01 6.310000000000001164e-01
6.320000000000001172e-01 6.320000000000001172e-01
6.330000000000001181e-01 6.330000000000001181e-01
6.340000000000001190e-01 6.340000000000001190e-01
6.350000000000001199e-01 6.350000000000001199e-01
6.360000000000001208e-01 6.360000000000001208e-01
6.370000000000001217e-01 6.370000000000001217e-01
6.380000000000001226e-01 6.380000000000001226e-01
6.390000000000001235e-01 6.390000000000001235e-01
6.400000000000001243e-01 6.400000000000001243e-01
6.410000000000001252e-01 6.410000000000001252e-01
6.420000000000001261e-01 6.420000000000001261e-01
6.430000000000001270e-01 6.430000000000001270e-01
6.440000000000001279e-01 6.440000000000001279e-01
6.450000000000001288e-01 6.450000000000001288e-01
6.460000000000001297e-01 6.460000000000001297e-01
6.470000000000001306e-01 6.470000000000001306e-01
6.480000000000001315e-01 6.480000000000001315e-01
6.490000000000001323e-01 6.490000000000001323e-01
6.500000000000001332e-01 6.500000000000001332e-01
6.510000000000001341e-01 6.510000000000001341e-01
6.520000000000001350e-01 6.520000000000001350e-01
6.530000000000001359e-01 6.530000000000001359e-01
6.540000000000001368e-01 6.540000000000001368e-01
6.550000000000001377e-01 6.550000000000001377e-01
6.560000000000001386e-01 6.560000000000001386e-01
6.570000000000001394e-01 6.570000000000001394e-01
6.580000000000001403e-01 6.580000000000001403e-01
6.590000000000001412e-01 6.590000000000001412e-01
6.600000000000001421e-01 6.600000000000001421e-01
6.610000000000001430e-01 6.610000000000001430e-01
6.620000000000001439e-01 6.620000000000001439e-01
6.630000000000001448e-01 6.630000000000001448e-01
6.640000000000001457e-01 6.640000000000001457e-01
6.650000000000001465e-01 6.650000000000001465e-01
6.660000000000001474e-01 6.660000000000001474e-01
6.670000000000001483e-01 6.670000000000001483e-01
6.680000000000001492e-01 6.680000000000001492e-01
6.690000000000001501e-01 6.690000000000001501e-01
6.700000000000001510e-01 6.700000000000001510e-01
6.710000000000001519e-01 6.710000000000001519e-01
6.720000000000001528e-01 6.720000000000001528e-01
6.730000000000001537e-01 6.730000000000001537e-01
6.740000000000001545e-01 6.740000000000001545e-01
6.750000000000001554e-01 6.750000000000001554e-01
6.760000000000001563e-01 6.760000000000001563e-01
6.770000000000001572e-01 6.770000000000001572e-01
6.780000000000001581e-01 6.780000000000001581e-01
6.790000000000001590e-01 6.790000000000001590e-01
6.800000000000001599e-01 6.800000000000001599e-01
6.810000000000001608e-01 6.810000000000001608e-01
6.820000000000001616e-01 6.820000000000001616e-01
6.830000000000001625e-01 6.830000000000001625e-01
6.840000000000001634e-01 6.840000000000001634e-01
6.850000000000001643e-01 6.850000000000001643e-01
6.860000000000001652e-01 6.860000000000001652e-01
6.870000000000001661e-01 6.870000000000001661e-01
6.880000000000001670e-01 6.880000000000001670e-01
6.890000000000001679e-01 6.890000000000001679e-01
6.900000000000001688e-01 6.900000000000001688e-01
6.910000000000001696e-01 6.910000000000001696e-01
6.920000000000001705e-01 6.920000000000001705e-01
6.930000000000001714e-01 6.930000000000001714e-01
6.940000000000001723e-01 6.940000000000001723e-01
6.950000000000001732e-01 6.950000000000001732e-01
6.960000000000001741e-01 6.960000000000001741e-01
6.970000000000001750e-01 6.970000000000001750e-01
6.980000000000001759e-01 6.980000000000001759e-01
6.990000000000001767e-01 6.990000000000001767e-01
7.000000000000001776e-01 7.000000000000001776e-01
7.010000000000001785e-01 7.010000000000001785e-01
7.020000000000001794e-01 7.020000000000001794e-01
7.030000000000001803e-01 7.030000000000001803e-01
7.040000000000001812e-01 7.040000000000001812e-01
7.050000000000001821e-01 7.050000000000001821e-01
7.060000000000001830e-01 7.060000000000001830e-01
7.070000000000001839e-01 7.070000000000001839e-01
7.080000000000001847e-01 7.080000000000001847e-01
7.090000000000001856e-01 7.090000000000001856e-01
7.100000000000001865e-01 7.100000000000001865e-01
7.110000000000001874e-01 7.110000000000001874e-01
7.120000000000001883e-01 7.120000000000001883e-01
7.130000000000001892e-01 7.130000000000001892e-01
7.140000000000001901e-01 7.140000000000001901e-01
7.150000000000001910e-01 7.150000000000001910e-01
7.160000000000001918e-01 7.160000000000001918e-01
7.170000000000001927e-01 7.170000000000001927e-01
7.180000000000001936e-01 7.180000000000001936e-01
7.190000000000001945e-01 7.190000000000001945e-01
7.200000000000001954e-01 7.200000000000001954e-01
7.210000000000001963e-01 7.210000000000001963e-01
7.220000000000001972e-01 7.220000000000001972e-01
7.230000000000001981e-01 7.230000000000001981e-01
7.240000000000001990e-01 7.240000000000001990e-01
7.250000000000001998e-01 7.250000000000001998e-01
7.260000000000002007e-01 7.260000000000002007e-01
7.270000000000002016e-01 7.270000000000002016e-01
7.280000000000002025e-01 7.280000000000002025e-01
7.290000000000002034e-01 7.290000000000002034e-01
7.300000000000002043e-01 7.300000000000002043e-01
7.310000000000002052e-01 7.310000000000002052e-01
7.320000000000002061e-01 7.320000000000002061e-01
7.330000000000002069e-01 7.330000000000002069e-01
7.340000000000002078e-01 7.340000000000002078e-01
7.350000000000002087e-01 7.350000000000002087e-01
7.360000000000002096e-01 7.360000000000002096e-01
7.370000000000002105e-01 7.370000000000002105e-01
7.380000000000002114e-01 7.380000000000002114e-01
7.390000000000002123e-01 7.390000000000002123e-01
7.400000000000002132e-01 7.400000000000002132e-01
7.410000000000002141e-01 7.410000000000002141e-01
7.420000000000002149e-01 7.420000000000002149e-01
7.430000000000002158e-01 7.430000000000002158e-01
7.440000000000002167e-01 7.440000000000002167e-01
7.450000000000002176e-01 7.450000000000002176e-01
7.460000000000002185e-01 7.460000000000002185e-01
7.470000000000002194e-01 7.470000000000002194e-01
7.480000000000002203e-01 7.480000000000002203e-01
7.490000000000002212e-01 7.490000000000002212e-01
7.500000000000002220e-01 7.500000000000002220e-01
7.510000000000002229e-01 7.510000000000002229e-01
7.520000000000002238e-01 7.520000000000002238e-01
7.530000000000002247e-01 7.530000000000002247e-01
7.540000000000002256e-01 7.540000000000002256e-01
7.550000000000002265e-01 7.550000000000002265e-01
7.560000000000002274e-01 7.560000000000002274e-01
7.570000000000002283e-01 7.570000000000002283e-01
7.580000000000002292e-01 7.580000000000002292e-01
7.590000000000002300e-01 7.590000000000002300e-01
7.600000000000002309e-01 7.600000000000002309e-01
7.610000000000002318e-01 7.610000000000002318e-01
7.620000000000002327e-01 7.620000000000002327e-01
7.630000000000002336e-01 7.630000000000002336e-01
7.640000000000002345e-01 7.640000000000002345e-01
7.650000000000002354e-01 7.650000000000002354e-01
7.660000000000002363e-01 7.660000000000002363e-01
7.670000000000002371e-01 7.670000000000002371e-01
7.680000000000002380e-01 7.680000000000002380e-01
7.690000000000002389e-01 7.690000000000002389e-01
7.700000000000002398e-01 7.700000000000002398e-01
7.710000000000002407e-01 7.710000000000002407e-01
7.720000000000002416e-01 7.720000000000002416e-01
7.730000000000002425e-01 7.730000000000002425e-01
7.740000000000002434e-01 7.740000000000002434e-01
7.750000000000002442e-01 7.750000000000002442e-01
7.760000000000002451e-01 7.760000000000002451e-01
7.770000000000002460e-01 7.770000000000002460e-01
7.780000000000002469e-01 7.780000000000002469e-01
7.790000000000002478e-01 7.790000000000002478e-01
7.800000000000002487e-01 7.800000000000002487e-01
7.810000000000002496e-01 7.810000000000002496e-01
7.820000000000002505e-01 7.820000000000002505e-01
7.830000000000002514e-01 7.830000000000002514e-01
7.840000000000002522e-01 7.840000000000002522e-01
7.850000000000002531e-01 7.850000000000002531e-01
7.860000000000002540e-01 7.860000000000002540e-01
7.870000000000002549e-01 7.870000000000002549e-01
7.880000000000002558e-01 7.880000000000002558e-01
7.890000000000002567e-01 7.890000000000002567e-01
7.900000000000002576e-01 7.900000000000002576e-01
7.910000000000002585e-01 7.910000000000002585e-01
7.920000000000002593e-01 7.920000000000002593e-01
7.930000000000002602e-01 7.930000000000002602e-01
7.940000000000002611e-01 7.940000000000002611e-01
7.950000000000002620e-01 7.950000000000002620e-01
7.960000000000002629e-01 7.960000000000002629e-01
7.970000000000002638e-01 7.970000000000002638e-01
7.980000000000002647e-01 7.980000000000002647e-01
7.990000000000002656e-01 7.990000000000002656e-01
8.000000000000002665e-01 8.000000000000002665e-01
8.010000000000002673e-01 8.010000000000002673e-01
8.020000000000002682e-01 8.020000000000002682e-01
8.030000000000002691e-01 8.030000000000002691e-01
8.040000000000002700e-01 8.040000000000002700e-01
8.050000000000002709e-01 8.050000000000002709e-01
8.060000000000002718e-01 8.060000000000002718e-01
8.070000000000002727e-01 8.070000000000002727e-01
8.080000000000002736e-01 8.080000000000002736e-01
8.090000000000002744e-01 8.090000000000002744e-01
8.100000000000002753e-01 8.100000000000002753e-01
8.110000000000002762e-01 8.110000000000002762e-01
8.120000000000002771e-01 8.120000000000002771e-01
8.130000000000002780e-01 8.130000000000002780e-01
8.140000000000002789e-01 8.140000000000002789e-01
8.150000000000002798e-01 8.150000000000002798e-01
8.160000000000002807e-01 8.160000000000002807e-01
8.170000000000002816e-01 8.170000000000002816e-01
8.180000000000002824e-01 8.180000000000002824e-01
8.190000000000002833e-01 8.190000000000002833e-01
8.200000000000002842e-01 8.200000000000002842e-01
8.210000000000002851e-01 8.210000000000002851e-01
8.220000000000002860e-01 8.220000000000002860e-01
8.230000000000002869e-01 8.230000000000002869e-01
8.240000000000002878e-01 8.240000000000002878e-01
8.250000000000002887e-01 8.250000000000002887e-01
8.260000000000002895e-01 8.260000000000002895e-01
8.270000000000002904e-01 8.270000000000002904e-01
8.280000000000002913e-01 8.280000000000002913e-01
8.290000000000002922e-01 8.290000000000002922e-01
8.300000000000002931e-01 8.300000000000002931e-01
8.310000000000002940e-01 8.310000000000002940e-01
8.320000000000002949e-01 8.320000000000002949e-01
8.330000000000002958e-01 8.330000000000002958e-01
8.340000000000002967e-01 8.340000000000002967e-01
8.350000000000002975e-01 8.350000000000002975e-01
8.360000000000002984e-01 8.360000000000002984e-01
8.370000000000002993e-01 8.370000000000002993e-01
8.380000000000003002e-01 8.380000000000003002e-01
8.390000000000003011e-01 8.390000000000003011e-01
8.400000000000003020e-01 8.400000000000003020e-01
8.410000000000003029e-01 8.410000000000003029e-01
8.420000000000003038e-01 8.420000000000003038e-01
8.430000000000003046e-01 8.430000000000003046e-01
8.440000000000003055e-01 8.440000000000003055e-01
8.450000000000003064e-01 8.450000000000003064e-01
8.460000000000003073e-01 8.460000000000003073e-01
8.470000000000003082e-01 8.470000000000003082e-01
8.480000000000003091e-01 8.480000000000003091e-01
8.490000000000003100e-01 8.490000000000003100e-01
8.500000000000003109e-01 8.500000000000003109e-01
8.510000000000003118e-01 8.510000000000003118e-01
8.520000000000003126e-01 8.520000000000003126e-01
8.530000000000003135e-01 8.530000000000003135e-01
8.540000000000003144e-01 8.540000000000003144e-01
8.550000000000003153e-01 8.550000000000003153e-01
8.560000000000003162e-01 8.560000000000003162e-01
8.570000000000003171e-01 8.570000000000003171e-01
8.580000000000003180e-01 8.580000000000003180e-01
8.590000000000003189e-01 8.590000000000003189e-01
8.600000000000003197e-01 8.600000000000003197e-01
8.610000000000003206e-01 8.610000000000003206e-01
8.620000000000003215e-01 8.620000000000003215e-01
8.630000000000003224e-01 8.630000000000003224e-01
8.640000000000003233e-01 8.640000000000003233e-01
8.650000000000003242e-01 8.650000000000003242e-01
8.660000000000003251e-01 8.660000000000003251e-01
8.670000000000003260e-01 8.670000000000003260e-01
8.680000000000003268e-01 8.680000000000003268e-01
8.690000000000003277e-01 8.690000000000003277e-01
8.700000000000003286e-01 8.700000000000003286e-01
8.710000000000003295e-01 8.710000000000003295e-01
8.720000000000003304e-01 8.720000000000003304e-01
8.730000000000003313e-01 8.730000000000003313e-01
8.740000000000003322e-01 8.740000000000003322e-01
8.750000000000003331e-01 8.750000000000003331e-01
8.760000000000003340e-01 8.760000000000003340e-01
8.770000000000003348e-01 8.770000000000003348e-01
8.780000000000003357e-01 8.780000000000003357e-01
8.790000000000003366e-01 8.790000000000003366e-01
8.800000000000003375e-01 8.800000000000003375e-01
8.810000000000003384e-01 8.810000000000003384e-01
8.820000000000003393e-01 8.820000000000003393e-01
8.830000000000003402e-01 8.830000000000003402e-01
8.840000000000003411e-01 8.840000000000003411e-01
8.850000000000003419e-01 8.850000000000003419e-01
8.860000000000003428e-01 8.860000000000003428e-01
8.870000000000003437e-01 8.870000000000003437e-01
8.880000000000003446e-01 8.880000000000003446e-01
8.890000000000003455e-01 8.890000000000003455e-01
8.900000000000003464e-01 8.900000000000003464e-01
8.910000000000003473e-01 8.910000000000003473e-01
8.920000000000003482e-01 8.920000000000003482e-01
8.930000000000003491e-01 8.930000000000003491e-01
8.940000000000003499e-01 8.940000000000003499e-01
8.950000000000003508e-01 8.950000000000003508e-01
8.960000000000003517e-01 8.960000000000003517e-01
8.970000000000003526e-01 8.970000000000003526e-01
8.980000000000003535e-01 8.980000000000003535e-01
8.990000000000003544e-01 8.990000000000003544e-01
9.000000000000003553e-01 9.000000000000003553e-01
9.010000000000003562e-01 9.010000000000003562e-01
9.020000000000003570e-01 9.020000000000003570e-01
9.030000000000003579e-01 9.030000000000003579e-01
9.040000000000003588e-01 9.040000000000003588e-01
9.050000000000003597e-01 9.050000000000003597e-01
9.060000000000003606e-01 9.060000000000003606e-01
9.070000000000003615e-01 9.070000000000003615e-01
9.080000000000003624e-01 9.080000000000003624e-01
9.090000000000003633e-01 9.090000000000003633e-01
9.100000000000003642e-01 9.100000000000003642e-01
9.110000000000003650e-01 9.110000000000003650e-01
9.120000000000003659e-01 9.120000000000003659e-01
9.130000000000003668e-01 9.130000000000003668e-01
9.140000000000003677e-01 9.140000000000003677e-01
9.150000000000003686e-01 9.150000000000003686e-01
9.160000000000003695e-01 9.160000000000003695e-01
9.170000000000003704e-01 9.170000000000003704e-01
9.180000000000003713e-01 9.180000000000003713e-01
9.190000000000003721e-01 9.190000000000003721e-01
9.200000000000003730e-01 9.200000000000003730e-01
9.210000000000003739e-01 9.210000000000003739e-01
9.220000000000003748e-01 9.220000000000003748e-01
9.230000000000003757e-01 9.230000000000003757e-01
9.240000000000003766e-01 9.240000000000003766e-01
9.250000000000003775e-01 9.250000000000003775e-01
9.260000000000003784e-01 9.260000000000003784e-01
9.270000000000003793e-01 9.270000000000003793e-01
9.280000000000003801e-01 9.280000000000003801e-01
9.290000000000003810e-01 9.290000000000003810e-01
9.300000000000003819e-01 9.300000000000003819e-01
9.310000000000003828e-01 9.310000000000003828e-01
9.320000000000003837e-01 9.320000000000003837e-01
9.330000000000003846e-01 9.330000000000003846e-01
9.340000000000003855e-01 9.340000000000003855e-01
9.350000000000003864e-01 9.350000000000003864e-01
9.360000000000003872e-01 9.360000000000003872e-01
9.370000000000003881e-01 9.370000000000003881e-01
9.380000000000003890e-01 9.380000000000003890e-01
9.390000000000003899e-01 9.390000000000003899e-01
9.400000000000003908e-01 9.400000000000003908e-01
9.410000000000003917e-01 9.410000000000003917e-01
9.420000000000003926e-01 9.420000000000003926e-01
9.430000000000003935e-01 9.430000000000003935e-01
9.440000000000003944e-01 9.440000000000003944e-01
9.450000000000003952e-01 9.450000000000003952e-01
9.460000000000003961e-01 9.460000000000003961e-01
9.470000000000003970e-01 9.470000000000003970e-01
9.480000000000003979e-01 9.480000000000003979e-01
9.490000000000003988e-01 9.490000000000003988e-01
9.500000000000003997e-01 9.500000000000003997e-01
9.510000000000004006e-01 9.510000000000004006e-01
9.520000000000004015e-01 9.520000000000004015e-01
9.530000000000004023e-01 9.530000000000004023e-01
9.540000000000004032e-01 9.540000000000004032e-01
9.550000000000004041e-01 9.550000000000004041e-01
9.560000000000004050e-01 9.560000000000004050e-01
9.570000000000004059e-01 9.570000000000004059e-01
9.580000000000004068e-01 9.580000000000004068e-01
9.590000000000004077e-01 9.590000000000004077e-01
9.600000000000004086e-01 9.600000000000004086e-01
9.610000000000004095e-01 9.610000000000004095e-01
9.620000000000004103e-01 9.620000000000004103e-01
9.630000000000004112e-01 9.630000000000004112e-01
9.640000000000004121e-01 9.640000000000004121e-01
9.650000000000004130e-01 9.650000000000004130e-01
9.660000000000004139e-01 9.660000000000004139e-01
9.670000000000004148e-01 9.670000000000004148e-01
9.680000000000004157e-01 9.680000000000004157e-01
9.690000000000004166e-01 9.690000000000004166e-01
9.700000000000004174e-01 9.700000000000004174e-01
9.710000000000004183e-01 9.710000000000004183e-01
9.720000000000004192e-01 9.720000000000004192e-01
9.730000000000004201e-01 9.730000000000004201e-01
9.740000000000004210e-01 9.740000000000004210e-01
9.750000000000004219e-01 9.750000000000004219e-01
9.760000000000004228e-01 9.760000000000004228e-01
9.770000000000004237e-01 9.770000000000004237e-01
9.780000000000004245e-01 9.780000000000004245e-01
9.790000000000004254e-01 9.790000000000004254e-01
9.800000000000004263e-01 9.800000000000004263e-01
9.810000000000004272e-01 9.810000000000004272e-01
9.820000000000004281e-01 9.820000000000004281e-01
9.830000000000004290e-01 9.830000000000004290e-01
9.840000000000004299e-01 9.840000000000004299e-01
9.850000000000004308e-01 9.850000000000004308e-01
9.860000000000004317e-01 9.860000000000004317e-01
9.870000000000004325e-01 9.870000000000004325e-01
9.880000000000004334e-01 9.880000000000004334e-01
9.890000000000004343e-01 9.890000000000004343e-01
9.900000000000004352e-01 9.900000000000004352e-01
9.910000000000004361e-01 9.910000000000004361e-01
9.920000000000004370e-01 9.920000000000004370e-01
9.930000000000004379e-01 9.930000000000004379e-01
9.940000000000004388e-01 9.940000000000004388e-01
9.950000000000004396e-01 9.950000000000004396e-01
9.960000000000004405e-01 9.960000000000004405e-01
9.970000000000004414e-01 9.970000000000004414e-01
9.980000000000004423e-01 9.980000000000004423e-01
9.990000000000004432e-01 9.990000000000004432e-01
1.000000000000000444e+00 9.999999999999982236e-01
1.001000000000000334e+00 9.960005020079042426e-01
1.002000000000000446e+00 9.920020161269816894e-01
1.003000000000000558e+00 9.880045546453698480e-01
1.004000000000000448e+00 9.840081300477128146e-01
1.005000000000000338e+00 9.800127550190340653e-01
1.006000000000000449e+00 9.760184424487051702e-01
1.007000000000000561e+00 9.720252054345069892e-01
1.008000000000000451e+00 9.680330572867832384e-01
1.009000000000000341e+00 9.640420115326910899e-01
1.010000000000000453e+00 9.600520819205573542e-01
1.011000000000000565e+00 9.560632824243360250e-01
1.012000000000000455e+00 9.520756272481700755e-01
1.013000000000000345e+00 9.480891308310613885e-01
1.014000000000000457e+00 9.441038078516560406e-01
1.015000000000000568e+00 9.401196732331452699e-01
1.016000000000000458e+00 9.361367421482806872e-01
1.017000000000000348e+00 9.321550300245111664e-01
1.018000000000000460e+00 9.281745525492479665e-01
1.019000000000000572e+00 9.241953256752577506e-01
1.020000000000000462e+00 9.202173656261853907e-01
1.021000000000000352e+00 9.162406889022105538e-01
1.022000000000000464e+00 9.122653122858485064e-01
1.023000000000000576e+00 9.082912528478934711e-01
1.024000000000000465e+00 9.043185279535063126e-01
1.025000000000000355e+00 9.003471552684538803e-01
1.026000000000000467e+00 8.963771527655067795e-01
1.027000000000000579e+00 8.924085387309984574e-01
1.028000000000000469e+00 8.884413317715451619e-01
1.029000000000000359e+00 8.844755508209356520e-01
1.030000000000000471e+00 8.805112151471988780e-01
1.031000000000000583e+00 8.765483443598509616e-01
1.032000000000000473e+00 8.725869584173240323e-01
1.033000000000000362e+00 8.686270776345839106e-01
1.034000000000000474e+00 8.646687226909487434e-01
1.035000000000000586e+00 8.607119146381070340e-01
1.036000000000000476e+00 8.567566749083410649e-01
1.037000000000000366e+00 8.528030253229625934e-01
1.038000000000000478e+00 8.488509881009721481e-01
1.039000000000000590e+00 8.449005858679445868e-01
1.040000000000000480e+00 8.409518416651436956e-01
1.041000000000000369e+00 8.370047789588763720e-01
1.042000000000000481e+00 8.330594216500986082e-01
1.043000000000000593e+00 8.291157940842739382e-01
1.044000000000000483e+00 8.251739210614916775e-01
1.045000000000000373e+00 8.212338278468548358e-01
1.046000000000000485e+00 8.172955401811494713e-01
1.047000000000000597e+00 8.133590842918004826e-01
1.048000000000000487e+00 8.094244869041193891e-01
1.049000000000000377e+00 8.054917752528560904e-01
1.050000000000000488e+00 8.015609770940679280e-01
1.051000000000000600e+00 7.976321207173118211e-01
1.052000000000000490e+00 7.937052349581656951e-01
1.053000000000000380e+00 7.897803492110940793e-01
1.054000000000000492e+00 7.858574934426705294e-01
1.055000000000000604e+00 7.819366982051656478e-01
1.056000000000000494e+00 7.780179946505073607e-01
1.057000000000000384e+00 7.741014145446303285e-01
1.058000000000000496e+00 7.701869902822281455e-01
1.059000000000000608e+00 7.662747549019192084e-01
1.060000000000000497e+00 7.623647421018348025e-01
1.061000000000000387e+00 7.584569862556462816e-01
1.062000000000000499e+00 7.545515224290499923e-01
1.063000000000000611e+00 7.506483863967180481e-01
1.064000000000000501e+00 7.467476146597303854e-01
1.065000000000000391e+00 7.428492444635034220e-01
1.066000000000000503e+00 7.389533138162364123e-01
1.067000000000000615e+00 7.350598615078887121e-01
1.068000000000000504e+00 7.311689271297003856e-01
1.069000000000000394e+00 7.272805510942786933e-01
1.070000000000000506e+00 7.233947746562710002e-01
1.071000000000000618e+00 7.195116399336403123e-01
1.072000000000000508e+00 7.156311899295594303e-01
1.073000000000000398e+00 7.117534685549469220e-01
1.074000000000000510e+00 7.078785206516703399e-01
1.075000000000000622e+00 7.040063920164337796e-01
1.076000000000000512e+00 7.001371294253699862e-01
1.077000000000000401e+00 6.962707806593623205e-01
1.078000000000000513e+00 6.924073945301257860e-01
1.079000000000000625e+00 6.885470209070667647e-01
1.080000000000000515e+00 6.846897107449455566e-01
1.081000000000000405e+00 6.808355161123704757e-01
1.082000000000000517e+00 6.769844902211551441e-01
1.083000000000000629e+00 6.731366874565646308e-01
1.084000000000000519e+00 6.692921634084754157e-01
1.085000000000000409e+00 6.654509749034844823e-01
1.086000000000000520e+00 6.616131800380017358e-01
1.087000000000000632e+00 6.577788382123560540e-01
1.088000000000000522e+00 6.539480101659438382e-01
1.089000000000000412e+00 6.501207580134616970e-01
1.090000000000000524e+00 6.462971452822590113e-01
1.091000000000000636e+00 6.424772369508486847e-01
1.092000000000000526e+00 6.386610994886078307e-01
1.093000000000000416e+00 6.348488008967159146e-01
1.094000000000000528e+00 6.310404107503714277e-01
1.095000000000000639e+00 6.272360002423306158e-01
1.096000000000000529e+00 6.234356422278064525e-01
1.097000000000000419e+00 6.196394112707793722e-01
1.098000000000000531e+00 6.158473836917695010e-01
1.099000000000000643e+00 6.120596376171173469e-01
1.100000000000000533e+00 6.082762530298199133e-01
1.101000000000000423e+00 6.044973118219783004e-01
1.102000000000000535e+00 6.007228978489146387e-01
1.103000000000000647e+00 5.969530969850119773e-01
1.104000000000000536e+00 5.931879971813300845e-01
1.105000000000000426e+00 5.894276885250625542e-01
1.106000000000000538e+00 5.856722633008990542e-01
1.107000000000000650e+00 5.819218160543537799e-01
1.108000000000000540e+00 5.781764436571223964e-01
1.109000000000000430e+00 5.744362453745395225e-01
1.110000000000000542e+00 5.707013229352090322e-01
1.111000000000000654e+00 5.669717806028773399e-01
1.112000000000000544e+00 5.632477252506198351e-01
1.113000000000000433e+00 5.595292664374207359e-01
1.114000000000000545e+00 5.558165164872287400e-01
1.115000000000000657e+00 5.521095905705653006e-01
1.116000000000000547e+00 5.484086067887682381e-01
1.117000000000000437e+00 5.447136862609550656e-01
1.118000000000000549e+00 5.410249532138030615e-01
1.119000000000000661e+00 5.373425350742274675e-01
1.120000000000000551e+00 5.336665625650512945e-01
1.121000000000000441e+00 5.299971698037625467e-01
1.122000000000000552e+00 5.263344944044593410e-01
1.123000000000000664e+00 5.226786775830801757e-01
1.124000000000000554e+00 5.190298642660149397e-01
1.125000000000000444e+00 5.153882032022059079e-01
1.126000000000000556e+00 5.117538470788450811e-01
1.127000000000000668e+00 5.081269526407722337e-01
1.128000000000000558e+00 5.045076808136799151e-01
1.129000000000000448e+00 5.008961968312380941e-01
1.130000000000000560e+00 4.972926703662522430e-01
1.131000000000000671e+00 4.936972756659668282e-01
1.132000000000000561e+00 4.901101916916215662e-01
1.133000000000000451e+00 4.865316022623796810e-01
1.134000000000000563e+00 4.829616962037445727e-01
1.135000000000000675e+00 4.794006675005758611e-01
1.136000000000000565e+00 4.758487154548156073e-01
1.137000000000000455e+00 4.723060448480396745e-01
1.138000000000000567e+00 4.687728661089484716e-01
1.139000000000000679e+00 4.652493954859026060e-01
1.140000000000000568e+00 4.617358552246058623e-01
1.141000000000000458e+00 4.582324737510410362e-01
1.142000000000000570e+00 4.547394858597592626e-01
1.143000000000000682e+00 4.512571329076116577e-01
1.144000000000000572e+00 4.477856630130069293e-01
1.145000000000000462e+00 4.443253312607762795e-01
1.146000000000000574e+00 4.408763999127173205e-01
1.147000000000000686e+00 4.374391386238752344e-01
1.148000000000000576e+00 4.340138246646047526e-01
1.149000000000000465e+00 4.306007431484514258e-01
1.150000000000000577e+00 4.272001872658746091e-01
1.151000000000000689e+00 4.238124585238121633e-01
1.152000000000000579e+00 4.204378669910672772e-01
1.153000000000000469e+00 4.170767315494820493e-01
1.154000000000000581e+00 4.137293801508400981e-01
1.155000000000000693e+00 4.103961500794057193e-01
1.156000000000000583e+00 4.070773882199776872e-01
1.157000000000000473e+00 4.037734513313112061e-01
1.158000000000000584e+00 4.004847063247215511e-01
1.159000000000000696e+00 3.972115305476393021e-01
1.160000000000000586e+00 3.939543120718422831e-01
1.161000000000000476e+00 3.907134499860464016e-01
1.162000000000000588e+00 3.874893546924851329e-01
1.163000000000000700e+00 3.842824482070424930e-01
1.164000000000000590e+00 3.810931644624429571e-01
1.165000000000000480e+00 3.779219496139366585e-01
1.166000000000000592e+00 3.747692623468453776e-01
1.167000000000000703e+00 3.716355741852471750e-01
1.168000000000000593e+00 3.685213698009908723e-01
1.169000000000000483e+00 3.654271473221425981e-01
1.170000000000000595e+00 3.623534186398669199e-01
1.171000000000000707e+00 3.593007097126283966e-01
1.172000000000000597e+00 3.562695608664859237e-01
1.173000000000000487e+00 3.532605270901335026e-01
1.174000000000000599e+00 3.502741783232083406e-01
1.175000000000000711e+00 3.473110997362430230e-01
1.176000000000000600e+00 3.443718920004923967e-01
1.177000000000000490e+00 3.414571715457138112e-01
1.178000000000000602e+00 3.385675708038187737e-01
1.179000000000000714e+00 3.357037384361374888e-01
1.180000000000000604e+00 3.328663395418630655e-01
1.181000000000000494e+00 3.300560558450625903e-01
1.182000000000000606e+00 3.272735858574579715e-01
1.183000000000000718e+00 3.245196450139786748e-01
1.184000000000000608e+00 3.217949657778986228e-01
1.185000000000000497e+00 3.191002977121756845e-01
1.186000000000000609e+00 3.164364075134196153e-01
1.187000000000000721e+00 3.138040790047172401e-01
1.188000000000000611e+00 3.112041130833572700e-01
1.189000000000000501e+00 3.086373276193260518e-01
1.190000000000000613e+00 3.061045573002778020e-01
1.191000000000000725e+00 3.036066534185292154e-01
1.192000000000000615e+00 3.011444835954978916e-01
1.193000000000000504e+00 2.987189314389017136e-01
1.194000000000000616e+00 2.963308961279588760e-01
1.195000000000000728e+00 2.939812919217802967e-01
1.196000000000000618e+00 2.916710475861448715e-01
1.197000000000000508e+00 2.894011057338919946e-01
1.198000000000000620e+00 2.871724220742639666e-01
1.199000000000000732e+00 2.849859645666766861e-01
1.200000000000000622e+00 2.828427124746176746e-01
1.201000000000000512e+00 2.807436553156623105e-01
1.202000000000000624e+00 2.786897917039647954e-01
1.203000000000000735e+00 2.766821280820269680e-01
1.204000000000000625e+00 2.747216773390832034e-01
1.205000000000000515e+00 2.728094573140737999e-01
1.206000000000000627e+00 2.709464891819035604e-01
1.207000000000000739e+00 2.691337957224980149e-01
1.208000000000000629e+00 2.673723994730933806e-01
1.209000000000000519e+00 2.656633207652112638e-01
1.210000000000000631e+00 2.640075756488806658e-01
1.211000000000000743e+00 2.624061737078596246e-01
1.212000000000000632e+00 2.608601157708849705e-01
1.213000000000000522e+00 2.593703915253234848e-01
1.214000000000000634e+00 2.579379770409924166e-01
1.215000000000000746e+00 2.565638322133489413e-01
1.216000000000000636e+00 2.552488981367002641e-01
1.217000000000000526e+00 2.539940944195350214e-01
1.218000000000000638e+00 2.528003164554973869e-01
1.219000000000000750e+00 2.516684326648846448e-01
1.220000000000000639e+00 2.505992817228326897e-01
1.221000000000000529e+00 2.495936697915228375e-01
1.222000000000000641e+00 2.486523677747704553e-01
1.223000000000000753e+00 2.477761086142077629e-01
1.224000000000000643e+00 2.469655846469296090e-01
1.225000000000000533e+00 2.462214450449022318e-01
1.226000000000000645e+00 2.455442933566157893e-01
1.227000000000000757e+00 2.449346851713733453e-01
1.228000000000000647e+00 2.443931259262417111e-01
1.229000000000000536e+00 2.439200688750310375e-01
1.230000000000000648e+00 2.435159132377181512e-01
1.231000000000000760e+00 2.431810025474849812e-01
1.232000000000000650e+00 2.429156232110234737e-01
1.233000000000000540e+00 2.427200032959787868e-01
1.234000000000000652e+00 2.425943115573816755e-01
1.235000000000000764e+00 2.425386567126980586e-01
1.236000000000000654e+00 2.425530869727285377e-01
1.237000000000000544e+00 2.426375898330677683e-01
1.238000000000000655e+00 2.427920921282241129e-01
1.239000000000000767e+00 2.430164603478540131e-01
1.240000000000000657e+00 2.433105012119290145e-01
1.241000000000000547e+00 2.436739624990739705e-01
1.242000000000000659e+00 2.441065341198390415e-01
1.243000000000000771e+00 2.446078494243391910e-01
1.244000000000000661e+00 2.451774867315516526e-01
1.245000000000000551e+00 2.458149710656374609e-01
1.246000000000000663e+00 2.465197760829752338e-01
1.247000000000000774e+00 2.472913261721896849e-01
1.248000000000000664e+00 2.481289987083337423e-01
1.249000000000000554e+00 2.490321264415502334e-01
1.250000000000000666e+00 2.500000000000006661e-01
1.251000000000000778e+00 2.510318704865986406e-01
1.252000000000000668e+00 2.521269521491115162e-01
1.253000000000000558e+00 2.532844251034799266e-01
1.254000000000000670e+00 2.545034380907268412e-01
1.255000000000000782e+00 2.557831112485742797e-01
1.256000000000000671e+00 2.571225388798120681e-01
1.257000000000000561e+00 2.585207922005509085e-01
1.258000000000000673e+00 2.599769220527093916e-01
1.259000000000000785e+00 2.614899615664063037e-01
1.260000000000000675e+00 2.630589287593191883e-01
1.261000000000000565e+00 2.646828290615023671e-01
1.262000000000000677e+00 2.663606577556089094e-01
1.263000000000000789e+00 2.680914023239103217e-01
1.264000000000000679e+00 2.698740446949292049e-01
1.265000000000000568e+00 2.717075633838715309e-01
1.266000000000000680e+00 2.735909355223610229e-01
1.267000000000000792e+00 2.755231387742250182e-01
1.268000000000000682e+00 2.775031531352405434e-01
1.269000000000000572e+00 2.795299626158180839e-01
1.270000000000000684e+00 2.816025568065758655e-01
1.271000000000000796e+00 2.837199323276405893e-01
1.272000000000000686e+00 2.858810941632917157e-01
1.273000000000000576e+00 2.880850568842485693e-01
1.274000000000000687e+00 2.903308457604891202e-01
1.275000000000000799e+00 2.926174977679924516e-01
1.276000000000000689e+00 2.949440624932140320e-01
1.277000000000000579e+00 2.973096029394288187e-01
1.278000000000000691e+00 2.997131962393397853e-01
1.279000000000000803e+00 3.021539342785415361e-01
1.280000000000000693e+00 3.046309242345580648e-01
1.281000000000000583e+00 3.071432890362426615e-01
1.282000000000000695e+00 3.096901677483498982e-01
1.283000000000000806e+00 3.122707158860742460e-01
1.284000000000000696e+00 3.148841056642922576e-01
1.285000000000000586e+00 3.175295261861501017e-01
1.286000000000000698e+00 3.202061835755224961e-01
1.287000000000000810e+00 3.229133010577319163e-01
1.288000000000000700e+00 3.256501189927638595e-01
1.289000000000000590e+00 3.284158948650340304e-01
1.290000000000000702e+00 3.312099032335858451e-01
1.291000000000000814e+00 3.340314356464096912e-01
1.292000000000000703e+00 3.368798005223841985e-01
1.293000000000000593e+00 3.397543230041394913e-01
1.294000000000000705e+00 3.426543447849471069e-01
1.295000000000000817e+00 3.455792239125518583e-01
1.296000000000000707e+00 3.485283345726735149e-01
1.297000000000000597e+00 3.515010668547127737e-01
1.298000000000000709e+00 3.544968265020175258e-01
1.299000000000000821e+00 3.575150346488966679e-01
1.300000000000000711e+00 3.605551275464010663e-01
1.301000000000000600e+00 3.636165562787279648e-01
1.302000000000000712e+00 3.666987864719511436e-01
1.303000000000000824e+00 3.698012979966429081e-01
1.304000000000000714e+00 3.729235846658154885e-01
1.305000000000000604e+00 3.760651539294772583e-01
1.306000000000000716e+00 3.792255265669779996e-01
1.307000000000000828e+00 3.824042363782101384e-01
1.308000000000000718e+00 3.856008298746279594e-01
1.309000000000000608e+00 3.888148659709419475e-01
1.310000000000000719e+00 3.920459156782555299e-01
1.311000000000000831e+00 3.952935617993317829e-01
1.312000000000000721e+00 3.985573986265991686e-01
1.313000000000000611e+00 4.018370316434283218e-01
1.314000000000000723e+00 4.051320772291450156e-01
1.315000000000000835e+00 4.084421623681891989e-01
1.316000000000000725e+00 4.117669243637739895e-01
1.317000000000000615e+00 4.151060105563417757e-01
1.318000000000000727e+00 4.184590780470678895e-01
1.319000000000000838e+00 4.218257934266257947e-01
1.320000000000000728e+00 4.252058325093884261e-01
1.321000000000000618e+00 4.285988800732006276e-01
1.322000000000000730e+00 4.320046296048251078e-01
1.323000000000000842e+00 4.354227830511427366e-01
1.324000000000000732e+00 4.388530505761606415e-01
1.325000000000000622e+00 4.422951503238554682e-01
1.326000000000000734e+00 4.457488081868556939e-01
1.327000000000000846e+00 4.492137575809568295e-01
1.328000000000000735e+00 4.526897392254460306e-01
1.329000000000000625e+00 4.561765009291929851e-01
1.330000000000000737e+00 4.596737973824507328e-01
1.331000000000000849e+00 4.631813899543058555e-01
1.332000000000000739e+00 4.666990464957073703e-01
1.333000000000000629e+00 4.702265411479897295e-01
1.334000000000000741e+00 4.737636541567983861e-01
1.335000000000000853e+00 4.773101716913257797e-01
1.336000000000000743e+00 4.808658856687616501e-01
1.337000000000000632e+00 4.844305935838509880e-01
1.338000000000000744e+00 4.880040983434489887e-01
1.339000000000000856e+00 4.915862081059669264e-01
1.340000000000000746e+00 4.951767361256005917e-01
1.341000000000000636e+00 4.987755006012246639e-01
1.342000000000000748e+00 5.023823245298372209e-01
1.343000000000000860e+00 5.059970355644419771e-01
1.344000000000000750e+00 5.096194658762582819e-01
1.345000000000000639e+00 5.132494520211419164e-01
1.346000000000000751e+00 5.168868348100992272e-01
1.347000000000000863e+00 5.205314591837877369e-01
1.348000000000000753e+00 5.241831740908924342e-01
1.349000000000000643e+00 5.278418323702683823e-01
1.350000000000000755e+00 5.315072906367352967e-01
1.351000000000000867e+00 5.351794091704233924e-01
1.352000000000000757e+00 5.388580518095679173e-01
1.353000000000000647e+00 5.425430858466473438e-01
1.354000000000000759e+00 5.462343819277609702e-01
1.355000000000000870e+00 5.499318139551516715e-01
1.356000000000000760e+00 5.536352589927804324e-01
1.357000000000000650e+00 5.573445971748561822e-01
1.358000000000000762e+00 5.610597116172245657e-01
1.359000000000000874e+00 5.647804883315319380e-01
1.360000000000000764e+00 5.685068161420786526e-01
1.361000000000000654e+00 5.722385866052749348e-01
1.362000000000000766e+00 5.759756939316131863e-01
1.363000000000000878e+00 5.797180349100792274e-01
1.364000000000000767e+00 5.834655088349296470e-01
1.365000000000000657e+00 5.872180174347538806e-01
1.366000000000000769e+00 5.909754648037458535e-01
1.367000000000000881e+00 5.947377573351164681e-01
1.368000000000000771e+00 5.985048036565817631e-01
1.369000000000000661e+00 6.022765145678544707e-01
1.370000000000000773e+00 6.060528029800732464e-01
1.371000000000000885e+00 6.098335838571077305e-01
1.372000000000000774e+00 6.136187741586820454e-01
1.373000000000000664e+00 6.174082927852549973e-01
1.374000000000000776e+00 6.212020605245959226e-01
1.375000000000000888e+00 6.250000000000033307e-01
1.376000000000000778e+00 6.288020356201177163e-01
1.377000000000000668e+00 6.326080935302703656e-01
1.378000000000000780e+00 6.364181015653183060e-01
1.379000000000000892e+00 6.402319892039168847e-01
1.380000000000000782e+00 6.440496875241876751e-01
1.381000000000000671e+00 6.478711291607330836e-01
1.382000000000000783e+00 6.516962482629494735e-01
1.383000000000000895e+00 6.555249804546006143e-01
1.384000000000000785e+00 6.593572627946127085e-01
1.385000000000000675e+00 6.631930337390490315e-01
1.386000000000000787e+00 6.670322331042212172e-01
1.387000000000000899e+00 6.708748020309039939e-01
1.388000000000000789e+00 6.747206829496218417e-01
1.389000000000000679e+00 6.785698195469671568e-01
1.390000000000000790e+00 6.824221567329157301e-01
1.391000000000000902e+00 6.862776406091085635e-01
1.392000000000000792e+00 6.901362184380733789e-01
1.393000000000000682e+00 6.939978386133516253e-01
1.394000000000000794e+00 6.978624506304980102e-01
1.395000000000000906e+00 7.017300050589293514e-01
1.396000000000000796e+00 7.056004535145965484e-01
1.397000000000000686e+00 7.094737486334528054e-01
1.398000000000000798e+00 7.133498440456859102e-01
1.399000000000000909e+00 7.172286943506965828e-01
1.400000000000000799e+00 7.211102550928009114e-01
1.401000000000000689e+00 7.249944827376301193e-01
1.402000000000000801e+00 7.288813346492036827e-01
1.403000000000000913e+00 7.327707690676568131e-01
1.404000000000000803e+00 7.366627450876042094e-01
1.405000000000000693e+00 7.405572226371193167e-01
1.406000000000000805e+00 7.444541624573031147e-01
1.407000000000000917e+00 7.483535260824294433e-01
1.408000000000000806e+00 7.522552758206516588e-01
1.409000000000000696e+00 7.561593747352498562e-01
1.410000000000000808e+00 7.600657866263976770e-01
1.411000000000000920e+00 7.639744760134369317e-01
1.412000000000000810e+00 7.678854081176467172e-01
1.413000000000000700e+00 7.717985488454900400e-01
1.414000000000000812e+00 7.757138647723172964e-01
1.415000000000000924e+00 7.796313231265182830e-01
1.416000000000000814e+00 7.835508917741113022e-01
1.417000000000000703e+00 7.874725392037517091e-01
1.418000000000000815e+00 7.913962345121469122e-01
1.419000000000000927e+00 7.953219473898641700e-01
1.420000000000000817e+00 7.992496481075266335e-01
1.421000000000000707e+00 8.031793075023810902e-01
1.422000000000000819e+00 8.071108969652219800e-01
1.423000000000000931e+00 8.110443884276654636e-01
1.424000000000000821e+00 8.149797543497662167e-01
1.425000000000000711e+00 8.189169677079627396e-01
1.426000000000000822e+00 8.228560019833393024e-01
1.427000000000000934e+00 8.267968311501961987e-01
1.428000000000000824e+00 8.307394296649253107e-01
1.429000000000000714e+00 8.346837724551764426e-01
1.430000000000000826e+00 8.386298349093034288e-01
1.431000000000000938e+00 8.425775928660851344e-01
1.432000000000000828e+00 8.465270226047161284e-01
1.433000000000000718e+00 8.504781008350567051e-01
1.434000000000000830e+00 8.544308046881301522e-01
1.435000000000000941e+00 8.583851117068646008e-01
1.436000000000000831e+00 8.623409998370746843e-01
1.437000000000000721e+00 8.662984474186739003e-01
1.438000000000000833e+00 8.702574331771063543e-01
1.439000000000000945e+00 8.742179362149958832e-01
1.440000000000000835e+00 8.781799360040092317e-01
1.441000000000000725e+00 8.821434123769247293e-01
1.442000000000000837e+00 8.861083455198951464e-01
1.443000000000000949e+00 8.900747159649052831e-01
1.444000000000000838e+00 8.940425045824196282e-01
1.445000000000000728e+00 8.980116925742143152e-01
1.446000000000000840e+00 9.019822614663804972e-01
1.447000000000000952e+00 9.059541931025028028e-01
1.448000000000000842e+00 9.099274696370068805e-01
1.449000000000000732e+00 9.139020735286714769e-01
1.450000000000000844e+00 9.178779875342942818e-01
1.451000000000000956e+00 9.218551947025124260e-01
1.452000000000000846e+00 9.258336783677758586e-01
1.453000000000000735e+00 9.298134221444673830e-01
1.454000000000000847e+00 9.337944099211593629e-01
1.455000000000000959e+00 9.377766258550098710e-01
1.456000000000000849e+00 9.417600543662947299e-01
1.457000000000000739e+00 9.457446801330714470e-01
1.458000000000000851e+00 9.497304880859656073e-01
1.459000000000000963e+00 9.537174634030810561e-01
1.460000000000000853e+00 9.577055915050336488e-01
1.461000000000000743e+00 9.616948580501019084e-01
1.462000000000000854e+00 9.656852489294877051e-01
1.463000000000000966e+00 9.696767502626880697e-01
1.464000000000000856e+00 9.736693483929781401e-01
1.465000000000000746e+00 9.776630298829990240e-01
1.466000000000000858e+00 9.816577815104440274e-01
1.467000000000000970e+00 9.856535902638450253e-01
1.468000000000000860e+00 9.896504433384581967e-01
1.469000000000000750e+00 9.936483281322451289e-01
1.470000000000000862e+00 9.976472322419417393e-01
1.471000000000000973e+00 1.001647143459216238e+00
1.472000000000000863e+00 1.005648049766918684e+00
1.473000000000000753e+00 1.009649939335414359e+00
1.474000000000000865e+00 1.013652800518997754e+00
1.475000000000000977e+00 1.017656621852385035e+00
1.476000000000000867e+00 1.021661392047290340e+00
1.477000000000000757e+00 1.025667099989078457e+00
1.478000000000000869e+00 1.029673734733486778e+00
1.479000000000000981e+00 1.033681285503422531e+00
1.480000000000000870e+00 1.037689741685831279e+00
1.481000000000000760e+00 1.041699092828637596e+00
1.482000000000000872e+00 1.045709328637746793e+00
1.483000000000000984e+00 1.049720438974114822e+00
1.484000000000000874e+00 1.053732413850882343e+00
1.485000000000000764e+00 1.057745243430574966e+00
1.486000000000000876e+00 1.061758918022357667e+00
1.487000000000000988e+00 1.065773428079349605e+00
1.488000000000000878e+00 1.069788764196001107e+00
1.489000000000000767e+00 1.073804917105526613e+00
1.490000000000000879e+00 1.077821877677386686e+00
1.491000000000000991e+00 1.081839636914828873e+00
1.492000000000000881e+00 1.085858185952478738e+00
1.493000000000000771e+00 1.089877516053986195e+00
1.494000000000000883e+00 1.093897618609716016e+00
1.495000000000000995e+00 1.097918485134487865e+00
1.496000000000000885e+00 1.101940107265366731e+00
1.497000000000000774e+00 1.105962476759499546e+00
1.498000000000000886e+00 1.109985585491995552e+00
1.499000000000000998e+00 1.114009425453846402e+00
1.500000000000000888e+00 1.118033988749898455e+00
1.501000000000000778e+00 1.122059267596862364e+00
1.502000000000000890e+00 1.126085254321362639e+00
1.503000000000001002e+00 1.130111941358027172e+00
1.504000000000000892e+00 1.134139321247618293e+00
1.505000000000000782e+00 1.138167386635202671e+00
1.506000000000000894e+00 1.142196130268356535e+00
1.507000000000001005e+00 1.146225544995403300e+00
1.508000000000000895e+00 1.150255623763695612e+00
1.509000000000000785e+00 1.154286359617927360e+00
1.510000000000000897e+00 1.158317745698479895e+00
1.511000000000001009e+00 1.162349775239798211e+00
1.512000000000000899e+00 1.166382441568805772e+00
1.513000000000000789e+00 1.170415738103349090e+00
1.514000000000000901e+00 1.174449658350671388e+00
1.515000000000001013e+00 1.178484195905914245e+00
1.516000000000000902e+00 1.182519344450655874e+00
1.517000000000000792e+00 1.186555097751472942e+00
1.518000000000000904e+00 1.190591449658533696e+00
1.519000000000001016e+00 1.194628394104212621e+00
1.520000000000000906e+00 1.198665925101739305e+00
1.521000000000000796e+00 1.202704036743873051e+00
1.522000000000000908e+00 1.206742723201598144e+00
1.523000000000001020e+00 1.210781978722845764e+00
1.524000000000000909e+00 1.214821797631244760e+00
1.525000000000000799e+00 1.218862174324893743e+00
1.526000000000000911e+00 1.222903103275156944e+00
1.527000000000001023e+00 1.226944579025479154e+00
1.528000000000000913e+00 1.230986596190230209e+00
1.529000000000000803e+00 1.235029149453569897e+00
1.530000000000000915e+00 1.239072233568329517e+00
1.531000000000001027e+00 1.243115843354918537e+00
1.532000000000000917e+00 1.247159973700250335e+00
1.533000000000000806e+00 1.251204619556692821e+00
1.534000000000000918e+00 1.255249775941031265e+00
1.535000000000001030e+00 1.259295437933454220e+00
1.536000000000000920e+00 1.263341600676558762e+00
1.537000000000000810e+00 1.267388259374375048e+00
1.538000000000000922e+00 1.271435409291407748e+00
1.539000000000001034e+00 1.275483045751691247e+00
1.540000000000000924e+00 1.279531164137868826e+00
1.541000000000000814e+00 1.283579759890287608e+00
1.542000000000000925e+00 1.287628828506107048e+00
1.543000000000001037e+00 1.291678365538422524e+00
1.544000000000000927e+00 1.295728366595410241e+00
1.545000000000000817e+00 1.299778827339485687e+00
1.546000000000000929e+00 1.303829743486476067e+00
1.547000000000001041e+00 1.307881110804805180e+00
1.548000000000000931e+00 1.311932925114698723e+00
1.549000000000000821e+00 1.315985182287402910e+00
1.550000000000000933e+00 1.320037878244412433e+00
1.551000000000001044e+00 1.324091008956714832e+00
1.552000000000000934e+00 1.328144570444049988e+00
1.553000000000000824e+00 1.332198558774182473e+00
1.554000000000000936e+00 1.336252970062184797e+00
1.555000000000001048e+00 1.340307800469732191e+00
1.556000000000000938e+00 1.344363046204413603e+00
1.557000000000000828e+00 1.348418703519054906e+00
1.558000000000000940e+00 1.352474768711050768e+00
1.559000000000001052e+00 1.356531238121706950e+00
1.560000000000000941e+00 1.360588108135599716e+00
1.561000000000000831e+00 1.364645375179943665e+00
1.562000000000000943e+00 1.368703035723969785e+00
1.563000000000001055e+00 1.372761086278312170e+00
1.564000000000000945e+00 1.376819523394410050e+00
1.565000000000000835e+00 1.380878343663919372e+00
1.566000000000000947e+00 1.384937543718131270e+00
1.567000000000001059e+00 1.388997120227400739e+00
1.568000000000000949e+00 1.393057069900587752e+00
1.569000000000000838e+00 1.397117389484509031e+00
1.570000000000000950e+00 1.401178075763395148e+00
1.571000000000001062e+00 1.405239125558355617e+00
1.572000000000000952e+00 1.409300535726858650e+00
1.573000000000000842e+00 1.413362303162218003e+00
1.574000000000000954e+00 1.417424424793086057e+00
1.575000000000001066e+00 1.421486897582954212e+00
1.576000000000000956e+00 1.425549718529666388e+00
1.577000000000000846e+00 1.429612884664939632e+00
1.578000000000000957e+00 1.433676393053889608e+00
1.579000000000001069e+00 1.437740240794564528e+00
1.580000000000000959e+00 1.441804425017488844e+00
1.581000000000000849e+00 1.445868942885215391e+00
1.582000000000000961e+00 1.449933791591882182e+00
1.583000000000001073e+00 1.453998968362774535e+00
1.584000000000000963e+00 1.458064470453899864e+00
1.585000000000000853e+00 1.462130295151567561e+00
1.586000000000000965e+00 1.466196439771974003e+00
1.587000000000001076e+00 1.470262901660792432e+00
1.588000000000000966e+00 1.474329678192775051e+00
1.589000000000000856e+00 1.478396766771359783e+00
1.590000000000000968e+00 1.482464164828280584e+00
1.591000000000001080e+00 1.486531869823184415e+00
1.592000000000000970e+00 1.490599879243256876e+00
1.593000000000000860e+00 1.494668190602854274e+00
1.594000000000000972e+00 1.498736801443139255e+00
1.595000000000001084e+00 1.502805709331719752e+00
1.596000000000000973e+00 1.506874911862299049e+00
1.597000000000000863e+00 1.510944406654331829e+00
1.598000000000000975e+00 1.515014191352679118e+00
1.599000000000001087e+00 1.519084263627272779e+00
1.600000000000000977e+00 1.523154621172785772e+00
1.601000000000000867e+00 1.527225261708308190e+00
1.602000000000000979e+00 1.531296182977026854e+00
1.603000000000001091e+00 1.535367382745906006e+00
1.604000000000000981e+00 1.539438858805380450e+00
1.605000000000000870e+00 1.543510608969051123e+00
1.606000000000000982e+00 1.547582631073382231e+00
1.607000000000001094e+00 1.551654922977404150e+00
1.608000000000000984e+00 1.555727482562422548e+00
1.609000000000000874e+00 1.559800307731733726e+00
1.610000000000000986e+00 1.563873396410339955e+00
1.611000000000001098e+00 1.567946746544669478e+00
1.612000000000000988e+00 1.572020356102303396e+00
1.613000000000000878e+00 1.576094223071708100e+00
1.614000000000000989e+00 1.580168345461967716e+00
1.615000000000001101e+00 1.584242721302520085e+00
1.616000000000000991e+00 1.588317348642900528e+00
1.617000000000000881e+00 1.592392225552489826e+00
1.618000000000000993e+00 1.596467350120262418e+00
1.619000000000001105e+00 1.600542720454538381e+00
1.620000000000000995e+00 1.604618334682740954e+00
1.621000000000000885e+00 1.608694190951161396e+00
1.622000000000000997e+00 1.612770287424719839e+00
1.623000000000001108e+00 1.616846622286732149e+00
1.624000000000000998e+00 1.620923193738683432e+00
1.625000000000000888e+00 1.625000000000003553e+00
1.626000000000001000e+00 1.629077039307844865e+00
1.627000000000001112e+00 1.633154309916859948e+00
1.628000000000001002e+00 1.637231810098989326e+00
1.629000000000000892e+00 1.641309538143250979e+00
1.630000000000001004e+00 1.645387492355528281e+00
1.631000000000001116e+00 1.649465671058362615e+00
1.632000000000001005e+00 1.653544072590753089e+00
1.633000000000000895e+00 1.657622695307955807e+00
1.634000000000001007e+00 1.661701537581287136e+00
1.635000000000001119e+00 1.665780597797925866e+00
1.636000000000001009e+00 1.669859874360724250e+00
1.637000000000000899e+00 1.673939365688020597e+00
1.638000000000001011e+00 1.678019070213450759e+00
1.639000000000001123e+00 1.682098986385764272e+00
1.640000000000001013e+00 1.686179112668643398e+00
1.641000000000000902e+00 1.690259447540528370e+00
1.642000000000001014e+00 1.694339989494438425e+00
1.643000000000001126e+00 1.698420737037797501e+00
1.644000000000001016e+00 1.702501688692265036e+00
1.645000000000000906e+00 1.706582842993568994e+00
1.646000000000001018e+00 1.710664198491338661e+00
1.647000000000001130e+00 1.714745753748938784e+00
1.648000000000001020e+00 1.718827507343309469e+00
1.649000000000000909e+00 1.722909457864809868e+00
1.650000000000001021e+00 1.726991603917058526e+00
1.651000000000001133e+00 1.731073944116777508e+00
1.652000000000001023e+00 1.735156477093640737e+00
1.653000000000000913e+00 1.739239201490126563e+00
1.654000000000001025e+00 1.743322115961366103e+00
1.655000000000001137e+00 1.747405219174996027e+00
1.656000000000001027e+00 1.751488509811016225e+00
1.657000000000000917e+00 1.755571986561648590e+00
1.658000000000001029e+00 1.759655648131194683e+00
1.659000000000001140e+00 1.763739493235896294e+00
1.660000000000001030e+00 1.767823520603800214e+00
1.661000000000000920e+00 1.771907728974625007e+00
1.662000000000001032e+00 1.775992117099626899e+00
1.663000000000001144e+00 1.780076683741466326e+00
1.664000000000001034e+00 1.784161427674080924e+00
1.665000000000000924e+00 1.788246347682559634e+00
1.666000000000001036e+00 1.792331442563014132e+00
1.667000000000001148e+00 1.796416711122454712e+00
1.668000000000001037e+00 1.800502152178667936e+00
1.669000000000000927e+00 1.804587764560098506e+00
1.670000000000001039e+00 1.808673547105727808e+00
1.671000000000001151e+00 1.812759498664954450e+00
1.672000000000001041e+00 1.816845618097480353e+00
1.673000000000000931e+00 1.820931904273197732e+00
1.674000000000001043e+00 1.825018356072074077e+00
1.675000000000001155e+00 1.829104972384039351e+00
1.676000000000001044e+00 1.833191752108877415e+00
1.677000000000000934e+00 1.837278694156118997e+00
1.678000000000001046e+00 1.841365797444933339e+00
1.679000000000001158e+00 1.845453060904020282e+00
1.680000000000001048e+00 1.849540483471507013e+00
1.681000000000000938e+00 1.853628064094848149e+00
1.682000000000001050e+00 1.857715801730721150e+00
1.683000000000001162e+00 1.861803695344924847e+00
1.684000000000001052e+00 1.865891743912281742e+00
1.685000000000000941e+00 1.869979946416542305e+00
1.686000000000001053e+00 1.874068301850286389e+00
1.687000000000001165e+00 1.878156809214826417e+00
1.688000000000001055e+00 1.882245467520115012e+00
1.689000000000000945e+00 1.886334275784653736e+00
1.690000000000001057e+00 1.890423233035400497e+00
1.691000000000001169e+00 1.894512338307676069e+00
1.692000000000001059e+00 1.898601590645077053e+00
1.693000000000000949e+00 1.902690989099389940e+00
1.694000000000001060e+00 1.906780532730501854e+00
1.695000000000001172e+00 1.910870220606312841e+00
1.696000000000001062e+00 1.914960051802652163e+00
1.697000000000000952e+00 1.919050025403198134e+00
1.698000000000001064e+00 1.923140140499390860e+00
1.699000000000001176e+00 1.927230396190351192e+00
1.700000000000001066e+00 1.931320791582801011e+00
1.701000000000000956e+00 1.935411325790984183e+00
1.702000000000001068e+00 1.939501997936588173e+00
1.703000000000001180e+00 1.943592807148662782e+00
1.704000000000001069e+00 1.947683752563546200e+00
1.705000000000000959e+00 1.951774833324790848e+00
1.706000000000001071e+00 1.955866048583086547e+00
1.707000000000001183e+00 1.959957397496185028e+00
1.708000000000001073e+00 1.964048879228828426e+00
1.709000000000000963e+00 1.968140492952679343e+00
1.710000000000001075e+00 1.972232237846247571e+00
1.711000000000001187e+00 1.976324113094818147e+00
1.712000000000001076e+00 1.980416117890383632e+00
1.713000000000000966e+00 1.984508251431577053e+00
1.714000000000001078e+00 1.988600512923603292e+00
1.715000000000001190e+00 1.992692901578168252e+00
1.716000000000001080e+00 1.996785416613417130e+00
1.717000000000000970e+00 2.000878057253868914e+00
1.718000000000001082e+00 2.004970822730350211e+00
1.719000000000001194e+00 2.009063712279931302e+00
1.720000000000001084e+00 2.013156725145863746e+00
1.721000000000000973e+00 2.017249860577518206e+00
1.722000000000001085e+00 2.021343117830324498e+00
1.723000000000001197e+00 2.025436496165708089e+00
1.724000000000001087e+00 2.029529994851029251e+00
1.725000000000000977e+00 2.033623613159528443e+00
1.726000000000001089e+00 2.037717350370265912e+00
1.727000000000001201e+00 2.041811205768060411e+00
1.728000000000001091e+00 2.045905178643433242e+00
1.729000000000000981e+00 2.049999268292556298e+00
1.730000000000001092e+00 2.054093474017192555e+00
1.731000000000001204e+00 2.058187795124638342e+00
1.732000000000001094e+00 2.062282230927672710e+00
1.733000000000000984e+00 2.066376780744503261e+00
1.734000000000001096e+00 2.070471443898712405e+00
1.735000000000001208e+00 2.074566219719201854e+00
1.736000000000001098e+00 2.078661107540144215e+00
1.737000000000000988e+00 2.082756106700930143e+00
1.738000000000001100e+00 2.086851216546119492e+00
1.739000000000001211e+00 2.090946436425386246e+00
1.740000000000001101e+00 2.095041765693471447e+00
1.741000000000000991e+00 2.099137203710137900e+00
1.742000000000001103e+00 2.103232749840116877e+00
1.743000000000001215e+00 2.107328403453059718e+00
1.744000000000001105e+00 2.111424163923492525e+00
1.745000000000000995e+00 2.115520030630770876e+00
1.746000000000001107e+00 2.119616002959030965e+00
1.747000000000001219e+00 2.123712080297143423e+00
1.748000000000001108e+00 2.127808262038668463e+00
1.749000000000000998e+00 2.131904547581813691e+00
1.750000000000001110e+00 2.136000936329387478e+00
1.751000000000001222e+00 2.140097427688753662e+00
1.752000000000001112e+00 2.144194021071791578e+00
1.753000000000001002e+00 2.148290715894852543e+00
1.754000000000001114e+00 2.152387511578716328e+00
1.755000000000001226e+00 2.156484407548550308e+00
1.756000000000001116e+00 2.160581403233865938e+00
1.757000000000001005e+00 2.164678498068481449e+00
1.758000000000001117e+00 2.168775691490482327e+00
1.759000000000001229e+00 2.172872982942174236e+00
1.760000000000001119e+00 2.176970371870049270e+00
1.761000000000001009e+00 2.181067857724747316e+00
1.762000000000001121e+00 2.185165439961015643e+00
1.763000000000001233e+00 2.189263118037670264e+00
1.764000000000001123e+00 2.193360891417556857e+00
1.765000000000001013e+00 2.197458759567518793e+00
1.766000000000001124e+00 2.201556721958355833e+00
1.767000000000001236e+00 2.205654778064786381e+00
1.768000000000001126e+00 2.209752927365415065e+00
1.769000000000001016e+00 2.213851169342694991e+00
1.770000000000001128e+00 2.217949503482894880e+00
1.771000000000001240e+00 2.222047929276059097e+00
1.772000000000001130e+00 2.226146446215976127e+00
1.773000000000001020e+00 2.230245053800146593e+00
1.774000000000001132e+00 2.234343751529746402e+00
1.775000000000001243e+00 2.238442538909592550e+00
1.776000000000001133e+00 2.242541415448112030e+00
1.777000000000001023e+00 2.246640380657308977e+00
1.778000000000001135e+00 2.250739434052734023e+00
1.779000000000001247e+00 2.254838575153446101e+00
1.780000000000001137e+00 2.258937803481986251e+00
1.781000000000001027e+00 2.263037118564346084e+00
1.782000000000001139e+00 2.267136519929936256e+00
1.783000000000001251e+00 2.271236007111551380e+00
1.784000000000001140e+00 2.275335579645345607e+00
1.785000000000001030e+00 2.279435237070801090e+00
1.786000000000001142e+00 2.283534978930697790e+00
1.787000000000001254e+00 2.287634804771081498e+00
1.788000000000001144e+00 2.291734714141238083e+00
1.789000000000001034e+00 2.295834706593664620e+00
1.790000000000001146e+00 2.299934781684041862e+00
1.791000000000001258e+00 2.304034938971200486e+00
1.792000000000001148e+00 2.308135178017098443e+00
1.793000000000001037e+00 2.312235498386792543e+00
1.794000000000001149e+00 2.316335899648412688e+00
1.795000000000001261e+00 2.320436381373129464e+00
1.796000000000001151e+00 2.324536943135131484e+00
1.797000000000001041e+00 2.328637584511600078e+00
1.798000000000001153e+00 2.332738305082681762e+00
1.799000000000001265e+00 2.336839104431459369e+00
1.800000000000001155e+00 2.340939982143929843e+00
1.801000000000001044e+00 2.345040937808979820e+00
1.802000000000001156e+00 2.349141971018359420e+00
1.803000000000001268e+00 2.353243081366653833e+00
1.804000000000001158e+00 2.357344268451263325e+00
1.805000000000001048e+00 2.361445531872378378e+00
1.806000000000001160e+00 2.365546871232954818e+00
1.807000000000001272e+00 2.369648286138688942e+00
1.808000000000001162e+00 2.373749776197993100e+00
1.809000000000001052e+00 2.377851341021978371e+00
1.810000000000001164e+00 2.381952980224425698e+00
1.811000000000001275e+00 2.386054693421763240e+00
1.812000000000001165e+00 2.390156480233045944e+00
1.813000000000001055e+00 2.394258340279933339e+00
1.814000000000001167e+00 2.398360273186666891e+00
1.815000000000001279e+00 2.402462278580045574e+00
1.816000000000001169e+00 2.406564356089407219e+00
1.817000000000001059e+00 2.410666505346606758e+00
1.818000000000001171e+00 2.414768725985994458e+00
1.819000000000001283e+00 2.418871017644393717e+00
1.820000000000001172e+00 2.422973379961080642e+00
1.821000000000001062e+00 2.427075812577765390e+00
1.822000000000001174e+00 2.431178315138571300e+00
1.823000000000001286e+00 2.435280887290011353e+00
1.824000000000001176e+00 2.439383528680970414e+00
1.825000000000001066e+00 2.443486238962687906e+00
1.826000000000001178e+00 2.447589017788734722e+00
1.827000000000001290e+00 2.451691864814994570e+00
1.828000000000001180e+00 2.455794779699644437e+00
1.829000000000001069e+00 2.459897762103136820e+00
1.830000000000001181e+00 2.464000811688182857e+00
1.831000000000001293e+00 2.468103928119727009e+00
1.832000000000001183e+00 2.472207111064933294e+00
1.833000000000001073e+00 2.476310360193168858e+00
1.834000000000001185e+00 2.480413675175982657e+00
1.835000000000001297e+00 2.484517055687085918e+00
1.836000000000001187e+00 2.488620501402337926e+00
1.837000000000001076e+00 2.492724011999728262e+00
1.838000000000001188e+00 2.496827587159358597e+00
1.839000000000001300e+00 2.500931226563422705e+00
1.840000000000001190e+00 2.505034929896193141e+00
1.841000000000001080e+00 2.509138696844003036e+00
1.842000000000001192e+00 2.513242527095231438e+00
1.843000000000001304e+00 2.517346420340281110e+00
1.844000000000001194e+00 2.521450376271566540e+00
1.845000000000001084e+00 2.525554394583498397e+00
1.846000000000001195e+00 2.529658474972466653e+00
1.847000000000001307e+00 2.533762617136819717e+00
1.848000000000001197e+00 2.537866820776855548e+00
1.849000000000001087e+00 2.541971085594803448e+00
1.850000000000001199e+00 2.546075411294807633e+00
1.851000000000001311e+00 2.550179797582913022e+00
1.852000000000001201e+00 2.554284244167047468e+00
1.853000000000001091e+00 2.558388750757011554e+00
1.854000000000001203e+00 2.562493317064461262e+00
1.855000000000001315e+00 2.566597942802890220e+00
1.856000000000001204e+00 2.570702627687618147e+00
1.857000000000001094e+00 2.574807371435778425e+00
1.858000000000001206e+00 2.578912173766300331e+00
1.859000000000001318e+00 2.583017034399894829e+00
1.860000000000001208e+00 2.587121953059040802e+00
1.861000000000001098e+00 2.591226929467973950e+00
1.862000000000001210e+00 2.595331963352670357e+00
1.863000000000001322e+00 2.599437054440831840e+00
1.864000000000001211e+00 2.603542202461873956e+00
1.865000000000001101e+00 2.607647407146914009e+00
1.866000000000001213e+00 2.611752668228755958e+00
1.867000000000001325e+00 2.615857985441875755e+00
1.868000000000001215e+00 2.619963358522409802e+00
1.869000000000001105e+00 2.624068787208144737e+00
1.870000000000001217e+00 2.628174271238501003e+00
1.871000000000001329e+00 2.632279810354519967e+00
1.872000000000001219e+00 2.636385404298853263e+00
1.873000000000001108e+00 2.640491052815749029e+00
1.874000000000001220e+00 2.644596755651043907e+00
1.875000000000001332e+00 2.648702512552141730e+00
1.876000000000001222e+00 2.652808323268009083e+00
1.877000000000001112e+00 2.656914187549161976e+00
1.878000000000001224e+00 2.661020105147652970e+00
1.879000000000001336e+00 2.665126075817057849e+00
1.880000000000001226e+00 2.669232099312464523e+00
1.881000000000001116e+00 2.673338175390465921e+00
1.882000000000001227e+00 2.677444303809143111e+00
1.883000000000001339e+00 2.681550484328055539e+00
1.884000000000001229e+00 2.685656716708229474e+00
1.885000000000001119e+00 2.689763000712149132e+00
1.886000000000001231e+00 2.693869336103744239e+00
1.887000000000001343e+00 2.697975722648376706e+00
1.888000000000001233e+00 2.702082160112831755e+00
1.889000000000001123e+00 2.706188648265309915e+00
1.890000000000001235e+00 2.710295186875412377e+00
1.891000000000001346e+00 2.714401775714131659e+00
1.892000000000001236e+00 2.718508414553839181e+00
1.893000000000001126e+00 2.722615103168280370e+00
1.894000000000001238e+00 2.726721841332560459e+00
1.895000000000001350e+00 2.730828628823132487e+00
1.896000000000001240e+00 2.734935465417790645e+00
1.897000000000001130e+00 2.739042350895660061e+00
1.898000000000001242e+00 2.743149285037186580e+00
1.899000000000001354e+00 2.747256267624123449e+00
1.900000000000001243e+00 2.751363298439525984e+00
1.901000000000001133e+00 2.755470377267740911e+00
1.902000000000001245e+00 2.759577503894396600e+00
1.903000000000001357e+00 2.763684678106391956e+00
1.904000000000001247e+00 2.767791899691887547e+00
1.905000000000001137e+00 2.771899168440299821e+00
1.906000000000001249e+00 2.776006484142288233e+00
1.907000000000001361e+00 2.780113846589745474e+00
1.908000000000001251e+00 2.784221255575789922e+00
1.909000000000001140e+00 2.788328710894758533e+00
1.910000000000001252e+00 2.792436212342195745e+00
1.911000000000001364e+00 2.796543759714843258e+00
1.912000000000001254e+00 2.800651352810632932e+00
1.913000000000001144e+00 2.804758991428680126e+00
1.914000000000001256e+00 2.808866675369272148e+00
1.915000000000001368e+00 2.812974404433860265e+00
1.916000000000001258e+00 2.817082178425050820e+00
1.917000000000001148e+00 2.821189997146599016e+00
1.918000000000001259e+00 2.825297860403400030e+00
1.919000000000001371e+00 2.829405768001477917e+00
1.920000000000001261e+00 2.833513719747978943e+00
1.921000000000001151e+00 2.837621715451167592e+00
1.922000000000001263e+00 2.841729754920412798e+00
1.923000000000001375e+00 2.845837837966181727e+00
1.924000000000001265e+00 2.849945964400032228e+00
1.925000000000001155e+00 2.854054134034606616e+00
1.926000000000001267e+00 2.858162346683621902e+00
1.927000000000001378e+00 2.862270602161862687e+00
1.928000000000001268e+00 2.866378900285171394e+00
1.929000000000001158e+00 2.870487240870446488e+00
1.930000000000001270e+00 2.874595623735628713e+00
1.931000000000001382e+00 2.878704048699697982e+00
1.932000000000001272e+00 2.882812515582660939e+00
1.933000000000001162e+00 2.886921024205550967e+00
1.934000000000001274e+00 2.891029574390416190e+00
1.935000000000001386e+00 2.895138165960311039e+00
1.936000000000001275e+00 2.899246798739291808e+00
1.937000000000001165e+00 2.903355472552409999e+00
1.938000000000001277e+00 2.907464187225705210e+00
1.939000000000001389e+00 2.911572942586194923e+00
1.940000000000001279e+00 2.915681738461869621e+00
1.941000000000001169e+00 2.919790574681688788e+00
1.942000000000001281e+00 2.923899451075572031e+00
1.943000000000001393e+00 2.928008367474388418e+00
1.944000000000001283e+00 2.932117323709955148e+00
1.945000000000001172e+00 2.936226319615030889e+00
1.946000000000001284e+00 2.940335355023306008e+00
1.947000000000001396e+00 2.944444429769397686e+00
1.948000000000001286e+00 2.948553543688842815e+00
1.949000000000001176e+00 2.952662696618092664e+00
1.950000000000001288e+00 2.956771888394509329e+00
1.951000000000001400e+00 2.960881118856350191e+00
1.952000000000001290e+00 2.964990387842771913e+00
1.953000000000001180e+00 2.969099695193819333e+00
1.954000000000001291e+00 2.973209040750419696e+00
1.955000000000001403e+00 2.977318424354377768e+00
1.956000000000001293e+00 2.981427845848366509e+00
1.957000000000001183e+00 2.985537305075927073e+00
1.958000000000001295e+00 2.989646801881458593e+00
1.959000000000001407e+00 2.993756336110211080e+00
1.960000000000001297e+00 2.997865907608282754e+00
1.961000000000001187e+00 3.001975516222613827e+00
1.962000000000001299e+00 3.006085161800981176e+00
1.963000000000001410e+00 3.010194844191989461e+00
1.964000000000001300e+00 3.014304563245066682e+00
1.965000000000001190e+00 3.018414318810462849e+00
1.966000000000001302e+00 3.022524110739239767e+00
1.967000000000001414e+00 3.026633938883266151e+00
1.968000000000001304e+00 3.030743803095212741e+00
1.969000000000001194e+00 3.034853703228547417e+00
1.970000000000001306e+00 3.038963639137532091e+00
1.971000000000001418e+00 3.043073610677210716e+00
1.972000000000001307e+00 3.047183617703408398e+00
1.973000000000001197e+00 3.051293660072728731e+00
1.974000000000001309e+00 3.055403737642544915e+00
1.975000000000001421e+00 3.059513850270993096e+00
1.976000000000001311e+00 3.063623997816969702e+00
1.977000000000001201e+00 3.067734180140129219e+00
1.978000000000001313e+00 3.071844397100874424e+00
1.979000000000001425e+00 3.075954648560351945e+00
1.980000000000001315e+00 3.080064934380447816e+00
1.981000000000001204e+00 3.084175254423787038e+00
1.982000000000001316e+00 3.088285608553722028e+00
1.983000000000001428e+00 3.092395996634330846e+00
1.984000000000001318e+00 3.096506418530411420e+00
1.985000000000001208e+00 3.100616874107478438e+00
1.986000000000001320e+00 3.104727363231759352e+00
1.987000000000001432e+00 3.108837885770185494e+00
1.988000000000001322e+00 3.112948441590389415e+00
1.989000000000001211e+00 3.117059030560703103e+00
1.990000000000001323e+00 3.121169652550151330e+00
1.991000000000001435e+00 3.125280307428445425e+00
1.992000000000001325e+00 3.129390995065978398e+00
1.993000000000001215e+00 3.133501715333826265e+00
1.994000000000001327e+00 3.137612468103738284e+00
1.995000000000001439e+00 3.141723253248133840e+00
1.996000000000001329e+00 3.145834070640095792e+00
1.997000000000001219e+00 3.149944920153371797e+00
1.998000000000001330e+00 3.154055801662366765e+00
1.999000000000001442e+00 3.158166715042136197e+00
