-5.000000000000000000e-01 5.000000000000000000e-01
-4.989999999999999991e-01 5.010000000000000009e-01
-4.979999999999999982e-01 5.020000000000000018e-01
-4.969999999999999973e-01 5.030000000000000027e-01
-4.959999999999999964e-01 5.040000000000000036e-01
-4.949999999999999956e-01 5.050000000000000044e-01
-4.939999999999999947e-01 5.060000000000000053e-01
-4.929999999999999938e-01 5.070000000000000062e-01
-4.919999999999999929e-01 5.080000000000000071e-01
-4.909999999999999920e-01 5.090000000000000080e-01
-4.899999999999999911e-01 5.100000000000000089e-01
-4.889999999999999902e-01 5.110000000000000098e-01
-4.879999999999999893e-01 5.120000000000000107e-01
-4.869999999999999885e-01 5.130000000000000115e-01
-4.859999999999999876e-01 5.140000000000000124e-01
-4.849999999999999867e-01 5.150000000000000133e-01
-4.839999999999999858e-01 5.160000000000000142e-01
-4.829999999999999849e-01 5.170000000000000151e-01
-4.819999999999999840e-01 5.180000000000000160e-01
-4.809999999999999831e-01 5.190000000000000169e-01
-4.799999999999999822e-01 5.200000000000000178e-01
-4.789999999999999813e-01 5.210000000000000187e-01
-4.779999999999999805e-01 5.220000000000000195e-01
-4.769999999999999796e-01 5.230000000000000204e-01
-4.759999999999999787e-01 5.240000000000000213e-01
-4.749999999999999778e-01 5.250000000000000222e-01
-4.739999999999999769e-01 5.260000000000000231e-01
-4.729999999999999760e-01 5.270000000000000240e-01
-4.719999999999999751e-01 5.280000000000000249e-01
-4.709999999999999742e-01 5.290000000000000258e-01
-4.699999999999999734e-01 5.300000000000000266e-01
-4.689999999999999725e-01 5.310000000000000275e-01
-4.679999999999999716e-01 5.320000000000000284e-01
-4.669999999999999707e-01 5.330000000000000293e-01
-4.659999999999999698e-01 5.340000000000000302e-01
-4.649999999999999689e-01 5.350000000000000311e-01
-4.639999999999999680e-01 5.360000000000000320e-01
-4.629999999999999671e-01 5.370000000000000329e-01
-4.619999999999999662e-01 5.380000000000000338e-01
-4.609999999999999654e-01 5.390000000000000346e-01
-4.599999999999999645e-01 5.400000000000000355e-01
-4.589999999999999636e-01 5.410000000000000364e-01
-4.579999999999999627e-01 5.420000000000000373e-01
-4.569999999999999618e-01 5.430000000000000382e-01
-4.559999999999999609e-01 5.440000000000000391e-01
-4.549999999999999600e-01 5.450000000000000400e-01
-4.539999999999999591e-01 5.460000000000000409e-01
-4.529999999999999583e-01 5.470000000000000417e-01
-4.519999999999999574e-01 5.480000000000000426e-01
-4.509999999999999565e-01 5.490000000000000435e-01
-4.499999999999999556e-01 5.500000000000000444e-01
-4.489999999999999547e-01 5.510000000000000453e-01
-4.479999999999999538e-01 5.520000000000000462e-01
-4.469999999999999529e-01 5.530000000000000471e-01
-4.459999999999999520e-01 5.540000000000000480e-01
-4.449999999999999512e-01 5.550000000000000488e-01
-4.439999999999999503e-01 5.560000000000000497e-01
-4.429999999999999494e-01 5.570000000000000506e-01
-4.419999999999999485e-01 5.580000000000000515e-01
-4.409999999999999476e-01 5.590000000000000524e-01
-4.399999999999999467e-01 5.600000000000000533e-01
-4.389999999999999458e-01 5.610000000000000542e-01
-4.379999999999999449e-01 5.620000000000000551e-01
-4.369999999999999440e-01 5.630000000000000560e-01
-4.359999999999999432e-01 5.640000000000000568e-01
-4.349999999999999423e-01 5.650000000000000577e-01
-4.339999999999999414e-01 5.660000000000000586e-01
-4.329999999999999405e-01 5.670000000000000595e-01
-4.319999999999999396e-01 5.680000000000000604e-01
-4.309999999999999387e-01 5.690000000000000613e-01
-4.299999999999999378e-01 5.700000000000000622e-01
-4.289999999999999369e-01 5.710000000000000631e-01
-4.279999999999999361e-01 5.720000000000000639e-01
-4.269999999999999352e-01 5.730000000000000648e-01
-4.259999999999999343e-01 5.740000000000000657e-01
-4.249999999999999334e-01 5.750000000000000666e-01
-4.239999999999999325e-01 5.760000000000000675e-01
-4.229999999999999316e-01 5.770000000000000684e-01
-4.219999999999999307e-01 5.780000000000000693e-01
-4.209999999999999298e-01 5.790000000000000702e-01
-4.199999999999999289e-01 5.800000000000000711e-01
-4.189999999999999281e-01 5.810000000000000719e-01
-4.179999999999999272e-01 5.820000000000000728e-01
-4.169999999999999263e-01 5.830000000000000737e-01
-4.159999999999999254e-01 5.840000000000000746e-01
-4.149999999999999245e-01 5.850000000000000755e-01
-4.139999999999999236e-01 5.860000000000000764e-01
-4.129999999999999227e-01 5.870000000000000773e-01
-4.119999999999999218e-01 5.880000000000000782e-01
-4.109999999999999210e-01 5.890000000000000790e-01
-4.099999999999999201e-01 5.900000000000000799e-01
-4.089999999999999192e-01 5.910000000000000808e-01
-4.079999999999999183e-01 5.920000000000000817e-01
-4.069999999999999174e-01 5.930000000000000826e-01
-4.059999999999999165e-01 5.940000000000000835e-01
-4.049999999999999156e-01 5.950000000000000844e-01
-4.039999999999999147e-01 5.960000000000000853e-01
-4.029999999999999138e-01 5.970000000000000862e-01
-4.019999999999999130e-01 5.980000000000000870e-01
-4.009999999999999121e-01 5.990000000000000879e-01
-3.999999999999999112e-01 6.000000000000000888e-01
-3.989999999999999103e-01 6.010000000000000897e-01
-3.979999999999999094e-01 6.020000000000000906e-01
-3.969999999999999085e-01 6.030000000000000915e-01
-3.959999999999999076e-01 6.040000000000000924e-01
-3.949999999999999067e-01 6.050000000000000933e-01
-3.939999999999999059e-01 6.060000000000000941e-01
-3.929999999999999050e-01 6.070000000000000950e-01
-3.919999999999999041e-01 6.080000000000000959e-01
-3.909999999999999032e-01 6.090000000000000968e-01
-3.899999999999999023e-01 6.100000000000000977e-01
-3.889999999999999014e-01 6.110000000000000986e-01
-3.879999999999999005e-01 6.120000000000000995e-01
-3.869999999999998996e-01 6.130000000000001004e-01
-3.859999999999998987e-01 6.140000000000001013e-01
-3.849999999999998979e-01 6.150000000000001021e-01
-3.839999999999998970e-01 6.160000000000001030e-01
-3.829999999999998961e-01 6.170000000000001039e-01
-3.819999999999998952e-01 6.180000000000001048e-01
-3.809999999999998943e-01 6.190000000000001057e-01
-3.799999999999998934e-01 6.200000000000001066e-01
-3.789999999999998925e-01 6.210000000000001075e-01
-3.779999999999998916e-01 6.220000000000001084e-01
-3.769999999999998908e-01 6.230000000000001092e-01
-3.759999999999998899e-01 6.240000000000001101e-01
-3.749999999999998890e-01 6.250000000000001110e-01
-3.739999999999998881e-01 6.260000000000001119e-01
-3.729999999999998872e-01 6.270000000000001128e-01
-3.719999999999998863e-01 6.280000000000001137e-01
-3.709999999999998854e-01 6.290000000000001146e-01
-3.699999999999998845e-01 6.300000000000001155e-01
-3.689999999999998836e-01 6.310000000000001164e-01
-3.679999999999998828e-01 6.320000000000001172e-01
-3.669999999999998819e-01 6.330000000000001181e-01
-3.659999999999998810e-01 6.340000000000001190e-01
-3.649999999999998801e-01 6.350000000000001199e-01
-3.639999999999998792e-01 6.360000000000001208e-01
-3.629999999999998783e-01 6.370000000000001217e-01
-3.619999999999998774e-01 6.380000000000001226e-01
-3.609999999999998765e-01 6.390000000000001235e-01
-3.599999999999998757e-01 6.400000000000001243e-01
-3.589999999999998748e-01 6.410000000000001252e-01
-3.579999999999998739e-01 6.420000000000001261e-01
-3.569999999999998730e-01 6.430000000000001270e-01
-3.559999999999998721e-01 6.440000000000001279e-01
-3.549999999999998712e-01 6.450000000000001288e-01
-3.539999999999998703e-01 6.460000000000001297e-01
-3.529999999999998694e-01 6.470000000000001306e-01
-3.519999999999998685e-01 6.480000000000001315e-01
-3.509999999999998677e-01 6.490000000000001323e-01
-3.499999999999998668e-01 6.500000000000001332e-01
-3.489999999999998659e-01 6.510000000000001341e-01
-3.479999999999998650e-01 6.520000000000001350e-01
-3.469999999999998641e-01 6.530000000000001359e-01
-3.459999999999998632e-01 6.540000000000001368e-01
-3.449999999999998623e-01 6.550000000000001377e-01
-3.439999999999998614e-01 6.560000000000001386e-01
-3.429999999999998606e-01 6.570000000000001394e-01
-3.419999999999998597e-01 6.580000000000001403e-01
-3.409999999999998588e-01 6.590000000000001412e-01
-3.399999999999998579e-01 6.600000000000001421e-01
-3.389999999999998570e-01 6.610000000000001430e-01
-3.379999999999998561e-01 6.620000000000001439e-01
-3.369999999999998552e-01 6.630000000000001448e-01
-3.359999999999998543e-01 6.640000000000001457e-01
-3.349999999999998535e-01 6.650000000000001465e-01
-3.339999999999998526e-01 6.660000000000001474e-01
-3.329999999999998517e-01 6.670000000000001483e-01
-3.319999999999998508e-01 6.680000000000001492e-01
-3.309999999999998499e-01 6.690000000000001501e-01
-3.299999999999998490e-01 6.700000000000001510e-01
-3.289999999999998481e-01 6.710000000000001519e-01
-3.279999999999998472e-01 6.720000000000001528e-01
-3.269999999999998463e-01 6.730000000000001537e-01
-3.259999999999998455e-01 6.740000000000001545e-01
-3.249999999999998446e-01 6.750000000000001554e-01
-3.239999999999998437e-01 6.760000000000001563e-01
-3.229999999999998428e-01 6.770000000000001572e-01
-3.219999999999998419e-01 6.780000000000001581e-01
-3.209999999999998410e-01 6.790000000000001590e-01
-3.199999999999998401e-01 6.800000000000001599e-01
-3.189999999999998392e-01 6.810000000000001608e-01
-3.179999999999998384e-01 6.820000000000001616e-01
-3.169999999999998375e-01 6.830000000000001625e-01
-3.159999999999998366e-01 6.840000000000001634e-01
-3.149999999999998357e-01 6.850000000000001643e-01
-3.139999999999998348e-01 6.860000000000001652e-01
-3.129999999999998339e-01 6.870000000000001661e-01
-3.119999999999998330e-01 6.880000000000001670e-01
-3.109999999999998321e-01 6.890000000000001679e-01
-3.099999999999998312e-01 6.900000000000001688e-01
-3.089999999999998304e-01 6.910000000000001696e-01
-3.079999999999998295e-01 6.920000000000001705e-01
-3.069999999999998286e-01 6.930000000000001714e-01
-3.059999999999998277e-01 6.940000000000001723e-01
-3.049999999999998268e-01 6.950000000000001732e-01
-3.039999999999998259e-01 6.960000000000001741e-01
-3.029999999999998250e-01 6.970000000000001750e-01
-3.019999999999998241e-01 6.980000000000001759e-01
-3.009999999999998233e-01 6.990000000000001767e-01
-2.999999999999998224e-01 7.000000000000001776e-01
-2.989999999999998215e-01 7.010000000000001785e-01
-2.979999999999998206e-01 7.020000000000001794e-01
-2.969999999999998197e-01 7.030000000000001803e-01
-2.959999999999998188e-01 7.040000000000001812e-01
-2.949999999999998179e-01 7.050000000000001821e-01
-2.939999999999998170e-01 7.060000000000001830e-01
-2.929999999999998161e-01 7.070000000000001839e-01
-2.919999999999998153e-01 7.080000000000001847e-01
-2.909999999999998144e-01 7.090000000000001856e-01
-2.899999999999998135e-01 7.100000000000001865e-01
-2.889999999999998126e-01 7.110000000000001874e-01
-2.879999999999998117e-01 7.120000000000001883e-01
-2.869999999999998108e-01 7.130000000000001892e-01
-2.859999999999998099e-01 7.140000000000001901e-01
-2.849999999999998090e-01 7.150000000000001910e-01
-2.839999999999998082e-01 7.160000000000001918e-01
-2.829999999999998073e-01 7.170000000000001927e-01
-2.819999999999998064e-01 7.180000000000001936e-01
-2.809999999999998055e-01 7.190000000000001945e-01
-2.799999999999998046e-01 7.200000000000001954e-01
-2.789999999999998037e-01 7.210000000000001963e-01
-2.779999999999998028e-01 7.220000000000001972e-01
-2.769999999999998019e-01 7.230000000000001981e-01
-2.759999999999998010e-01 7.240000000000001990e-01
-2.749999999999998002e-01 7.250000000000001998e-01
-2.739999999999997993e-01 7.260000000000002007e-01
-2.729999999999997984e-01 7.270000000000002016e-01
-2.719999999999997975e-01 7.280000000000002025e-01
-2.709999999999997966e-01 7.290000000000002034e-01
-2.699999999999997957e-01 7.300000000000002043e-01
-2.689999999999997948e-01 7.310000000000002052e-01
-2.679999999999997939e-01 7.320000000000002061e-01
-2.669999999999997931e-01 7.330000000000002069e-01
-2.659999999999997922e-01 7.340000000000002078e-01
-2.649999999999997913e-01 7.350000000000002087e-01
-2.639999999999997904e-01 7.360000000000002096e-01
-2.629999999999997895e-01 7.370000000000002105e-01
-2.619999999999997886e-01 7.380000000000002114e-01
-2.609999999999997877e-01 7.390000000000002123e-01
-2.599999999999997868e-01 7.400000000000002132e-01
-2.589999999999997859e-01 7.410000000000002141e-01
-2.579999999999997851e-01 7.420000000000002149e-01
-2.569999999999997842e-01 7.430000000000002158e-01
-2.559999999999997833e-01 7.440000000000002167e-01
-2.549999999999997824e-01 7.450000000000002176e-01
-2.539999999999997815e-01 7.460000000000002185e-01
-2.529999999999997806e-01 7.470000000000002194e-01
-2.519999999999997797e-01 7.480000000000002203e-01
-2.509999999999997788e-01 7.490000000000002212e-01
-2.499999999999997780e-01 7.500000000000002220e-01
-2.489999999999997771e-01 7.510000000000002229e-01
-2.479999999999997762e-01 7.520000000000002238e-01
-2.469999999999997753e-01 7.530000000000002247e-01
-2.459999999999997744e-01 7.540000000000002256e-01
-2.449999999999997735e-01 7.550000000000002265e-01
-2.439999999999997726e-01 7.560000000000002274e-01
-2.429999999999997717e-01 7.570000000000002283e-01
-2.419999999999997708e-01 7.580000000000002292e-01
-2.409999999999997700e-01 7.590000000000002300e-01
-2.399999999999997691e-01 7.600000000000002309e-01
-2.389999999999997682e-01 7.610000000000002318e-01
-2.379999999999997673e-01 7.620000000000002327e-01
-2.369999999999997664e-01 7.630000000000002336e-01
-2.359999999999997655e-01 7.640000000000002345e-01
-2.349999999999997646e-01 7.650000000000002354e-01
-2.339999999999997637e-01 7.660000000000002363e-01
-2.329999999999997629e-01 7.670000000000002371e-01
-2.319999999999997620e-01 7.680000000000002380e-01
-2.309999999999997611e-01 7.690000000000002389e-01
-2.299999999999997602e-01 7.700000000000002398e-01
-2.289999999999997593e-01 7.710000000000002407e-01
-2.279999999999997584e-01 7.720000000000002416e-01
-2.269999999999997575e-01 7.730000000000002425e-01
-2.259999999999997566e-01 7.740000000000002434e-01
-2.249999999999997558e-01 7.750000000000002442e-01
-2.239999999999997549e-01 7.760000000000002451e-01
-2.229999999999997540e-01 7.770000000000002460e-01
-2.219999999999997531e-01 7.780000000000002469e-01
-2.209999999999997522e-01 7.790000000000002478e-01
-2.199999999999997513e-01 7.800000000000002487e-01
-2.189999999999997504e-01 7.810000000000002496e-01
-2.179999999999997495e-01 7.820000000000002505e-01
-2.169999999999997486e-01 7.830000000000002514e-01
-2.159999999999997478e-01 7.840000000000002522e-01
-2.149999999999997469e-01 7.850000000000002531e-01
-2.139999999999997460e-01 7.860000000000002540e-01
-2.129999999999997451e-01 7.870000000000002549e-01
-2.119999999999997442e-01 7.880000000000002558e-01
-2.109999999999997433e-01 7.890000000000002567e-01
-2.099999999999997424e-01 7.900000000000002576e-01
-2.089999999999997415e-01 7.910000000000002585e-01
-2.079999999999997407e-01 7.920000000000002593e-01
-2.069999999999997398e-01 7.930000000000002602e-01
-2.059999999999997389e-01 7.940000000000002611e-01
-2.049999999999997380e-01 7.950000000000002620e-01
-2.039999999999997371e-01 7.960000000000002629e-01
-2.029999999999997362e-01 7.970000000000002638e-01
-2.019999999999997353e-01 7.980000000000002647e-01
-2.009999999999997344e-01 7.990000000000002656e-01
-1.999999999999997335e-01 8.000000000000002665e-01
-1.989999999999997327e-01 8.010000000000002673e-01
-1.979999999999997318e-01 8.020000000000002682e-01
-1.969999999999997309e-01 8.030000000000002691e-01
-1.959999999999997300e-01 8.040000000000002700e-01
-1.949999999999997291e-01 8.050000000000002709e-01
-1.939999999999997282e-01 8.060000000000002718e-01
-1.929999999999997273e-01 8.070000000000002727e-01
-1.919999999999997264e-01 8.080000000000002736e-01
-1.909999999999997256e-01 8.090000000000002744e-01
-1.899999999999997247e-01 8.100000000000002753e-01
-1.889999999999997238e-01 8.110000000000002762e-01
-1.879999999999997229e-01 8.120000000000002771e-01
-1.869999999999997220e-01 8.130000000000002780e-01
-1.859999999999997211e-01 8.140000000000002789e-01
-1.849999999999997202e-01 8.150000000000002798e-01
-1.839999999999997193e-01 8.160000000000002807e-01
-1.829999999999997184e-01 8.170000000000002816e-01
-1.819999999999997176e-01 8.180000000000002824e-01
-1.809999999999997167e-01 8.190000000000002833e-01
-1.799999999999997158e-01 8.200000000000002842e-01
-1.789999999999997149e-01 8.210000000000002851e-01
-1.779999999999997140e-01 8.220000000000002860e-01
-1.769999999999997131e-01 8.230000000000002869e-01
-1.759999999999997122e-01 8.240000000000002878e-01
-1.749999999999997113e-01 8.250000000000002887e-01
-1.739999999999997105e-01 8.260000000000002895e-01
-1.729999999999997096e-01 8.270000000000002904e-01
-1.719999999999997087e-01 8.280000000000002913e-01
-1.709999999999997078e-01 8.290000000000002922e-01
-1.699999999999997069e-01 8.300000000000002931e-01
-1.689999999999997060e-01 8.310000000000002940e-01
-1.679999999999997051e-01 8.320000000000002949e-01
-1.669999999999997042e-01 8.330000000000002958e-01
-1.659999999999997033e-01 8.340000000000002967e-01
-1.649999999999997025e-01 8.350000000000002975e-01
-1.639999999999997016e-01 8.360000000000002984e-01
-1.629999999999997007e-01 8.370000000000002993e-01
-1.619999999999996998e-01 8.380000000000003002e-01
-1.609999999999996989e-01 8.390000000000003011e-01
-1.599999999999996980e-01 8.400000000000003020e-01
-1.589999999999996971e-01 8.410000000000003029e-01
-1.579999999999996962e-01 8.420000000000003038e-01
-1.569999999999996954e-01 8.430000000000003046e-01
-1.559999999999996945e-01 8.440000000000003055e-01
-1.549999999999996936e-01 8.450000000000003064e-01
-1.539999999999996927e-01 8.460000000000003073e-01
-1.529999999999996918e-01 8.470000000000003082e-01
-1.519999999999996909e-01 8.480000000000003091e-01
-1.509999999999996900e-01 8.490000000000003100e-01
-1.499999999999996891e-01 8.500000000000003109e-01
-1.489999999999996882e-01 8.510000000000003118e-01
-1.479999999999996874e-01 8.520000000000003126e-01
-1.469999999999996865e-01 8.530000000000003135e-01
-1.459999999999996856e-01 8.540000000000003144e-01
-1.449999999999996847e-01 8.550000000000003153e-01
-1.439999999999996838e-01 8.560000000000003162e-01
-1.429999999999996829e-01 8.570000000000003171e-01
-1.419999999999996820e-01 8.580000000000003180e-01
-1.409999999999996811e-01 8.590000000000003189e-01
-1.399999999999996803e-01 8.600000000000003197e-01
-1.389999999999996794e-01 8.610000000000003206e-01
-1.379999999999996785e-01 8.620000000000003215e-01
-1.369999999999996776e-01 8.630000000000003224e-01
-1.359999999999996767e-01 8.640000000000003233e-01
-1.349999999999996758e-01 8.650000000000003242e-01
-1.339999999999996749e-01 8.660000000000003251e-01
-1.329999999999996740e-01 8.670000000000003260e-01
-1.319999999999996732e-01 8.680000000000003268e-01
-1.309999999999996723e-01 8.690000000000003277e-01
-1.299999999999996714e-01 8.700000000000003286e-01
-1.289999999999996705e-01 8.710000000000003295e-01
-1.279999999999996696e-01 8.720000000000003304e-01
-1.269999999999996687e-01 8.730000000000003313e-01
-1.259999999999996678e-01 8.740000000000003322e-01
-1.249999999999996669e-01 8.750000000000003331e-01
-1.239999999999996660e-01 8.760000000000003340e-01
-1.229999999999996652e-01 8.770000000000003348e-01
-1.219999999999996643e-01 8.780000000000003357e-01
-1.209999999999996634e-01 8.790000000000003366e-01
-1.199999999999996625e-01 8.800000000000003375e-01
-1.189999999999996616e-01 8.810000000000003384e-01
-1.179999999999996607e-01 8.820000000000003393e-01
-1.169999999999996598e-01 8.830000000000003402e-01
-1.159999999999996589e-01 8.840000000000003411e-01
-1.149999999999996581e-01 8.850000000000003419e-01
-1.139999999999996572e-01 8.860000000000003428e-01
-1.129999999999996563e-01 8.870000000000003437e-01
-1.119999999999996554e-01 8.880000000000003446e-01
-1.109999999999996545e-01 8.890000000000003455e-01
-1.099999999999996536e-01 8.900000000000003464e-01
-1.089999999999996527e-01 8.910000000000003473e-01
-1.079999999999996518e-01 8.920000000000003482e-01
-1.069999999999996509e-01 8.930000000000003491e-01
-1.059999999999996501e-01 8.940000000000003499e-01
-1.049999999999996492e-01 8.950000000000003508e-01
-1.039999999999996483e-01 8.960000000000003517e-01
-1.029999999999996474e-01 8.970000000000003526e-01
-1.019999999999996465e-01 8.980000000000003535e-01
-1.009999999999996456e-01 8.990000000000003544e-01
-9.999999999999964473e-02 9.000000000000003553e-01
-9.899999999999964384e-02 9.010000000000003562e-01
-9.799999999999964295e-02 9.020000000000003570e-01
-9.699999999999964206e-02 9.030000000000003579e-01
-9.599999999999964118e-02 9.040000000000003588e-01
-9.499999999999964029e-02 9.050000000000003597e-01
-9.399999999999963940e-02 9.060000000000003606e-01
-9.299999999999963851e-02 9.070000000000003615e-01
-9.199999999999963762e-02 9.080000000000003624e-01
-9.099999999999963674e-02 9.090000000000003633e-01
-8.999999999999963585e-02 9.100000000000003642e-01
-8.899999999999963496e-02 9.110000000000003650e-01
-8.799999999999963407e-02 9.120000000000003659e-01
-8.699999999999963318e-02 9.130000000000003668e-01
-8.599999999999963229e-02 9.140000000000003677e-01
-8.499999999999963141e-02 9.150000000000003686e-01
-8.399999999999963052e-02 9.160000000000003695e-01
-8.299999999999962963e-02 9.170000000000003704e-01
-8.199999999999962874e-02 9.180000000000003713e-01
-8.099999999999962785e-02 9.190000000000003721e-01
-7.999999999999962697e-02 9.200000000000003730e-01
-7.899999999999962608e-02 9.210000000000003739e-01
-7.799999999999962519e-02 9.220000000000003748e-01
-7.699999999999962430e-02 9.230000000000003757e-01
-7.599999999999962341e-02 9.240000000000003766e-01
-7.499999999999962252e-02 9.250000000000003775e-01
-7.399999999999962164e-02 9.260000000000003784e-01
-7.299999999999962075e-02 9.270000000000003793e-01
-7.199999999999961986e-02 9.280000000000003801e-01
-7.099999999999961897e-02 9.290000000000003810e-01
-6.999999999999961808e-02 9.300000000000003819e-01
-6.899999999999961720e-02 9.310000000000003828e-01
-6.799999999999961631e-02 9.320000000000003837e-01
-6.699999999999961542e-02 9.330000000000003846e-01
-6.599999999999961453e-02 9.340000000000003855e-01
-6.499999999999961364e-02 9.350000000000003864e-01
-6.399999999999961275e-02 9.360000000000003872e-01
-6.299999999999961187e-02 9.370000000000003881e-01
-6.199999999999961098e-02 9.380000000000003890e-01
-6.099999999999961009e-02 9.390000000000003899e-01
-5.999999999999960920e-02 9.400000000000003908e-01
-5.899999999999960831e-02 9.410000000000003917e-01
-5.799999999999960743e-02 9.420000000000003926e-01
-5.699999999999960654e-02 9.430000000000003935e-01
-5.599999999999960565e-02 9.440000000000003944e-01
-5.499999999999960476e-02 9.450000000000003952e-01
-5.399999999999960387e-02 9.460000000000003961e-01
-5.299999999999960298e-02 9.470000000000003970e-01
-5.199999999999960210e-02 9.480000000000003979e-01
-5.099999999999960121e-02 9.490000000000003988e-01
-4.999999999999960032e-02 9.500000000000003997e-01
-4.899999999999959943e-02 9.510000000000004006e-01
-4.799999999999959854e-02 9.520000000000004015e-01
-4.699999999999959766e-02 9.530000000000004023e-01
-4.599999999999959677e-02 9.540000000000004032e-01
-4.499999999999959588e-02 9.550000000000004041e-01
-4.399999999999959499e-02 9.560000000000004050e-01
-4.299999999999959410e-02 9.570000000000004059e-01
-4.199999999999959321e-02 9.580000000000004068e-01
-4.099999999999959233e-02 9.590000000000004077e-01
-3.999999999999959144e-02 9.600000000000004086e-01
-3.899999999999959055e-02 9.610000000000004095e-01
-3.799999999999958966e-02 9.620000000000004103e-01
-3.699999999999958877e-02 9.630000000000004112e-01
-3.599999999999958789e-02 9.640000000000004121e-01
-3.499999999999958700e-02 9.650000000000004130e-01
-3.399999999999958611e-02 9.660000000000004139e-01
-3.299999999999958522e-02 9.670000000000004148e-01
-3.199999999999958433e-02 9.680000000000004157e-01
-3.099999999999958344e-02 9.690000000000004166e-01
-2.999999999999958256e-02 9.700000000000004174e-01
-2.899999999999958167e-02 9.710000000000004183e-01
-2.799999999999958078e-02 9.720000000000004192e-01
-2.699999999999957989e-02 9.730000000000004201e-01
-2.599999999999957900e-02 9.740000000000004210e-01
-2.499999999999957812e-02 9.750000000000004219e-01
-2.399999999999957723e-02 9.760000000000004228e-01
-2.299999999999957634e-02 9.770000000000004237e-01
-2.199999999999957545e-02 9.780000000000004245e-01
-2.099999999999957456e-02 9.790000000000004254e-01
-1.999999999999957367e-02 9.800000000000004263e-01
-1.899999999999957279e-02 9.810000000000004272e-01
-1.799999999999957190e-02 9.820000000000004281e-01
-1.699999999999957101e-02 9.830000000000004290e-01
-1.599999999999957012e-02 9.840000000000004299e-01
-1.499999999999956923e-02 9.850000000000004308e-01
-1.399999999999956835e-02 9.860000000000004317e-01
-1.299999999999956746e-02 9.870000000000004325e-01
-1.199999999999956657e-02 9.880000000000004334e-01
-1.099999999999956568e-02 9.890000000000004343e-01
-9.999999999999564793e-03 9.900000000000004352e-01
-8.999999999999563904e-03 9.910000000000004361e-01
-7.999999999999563016e-03 9.920000000000004370e-01
-6.999999999999562128e-03 9.930000000000004379e-01
-5.999999999999561240e-03 9.940000000000004388e-01
-4.999999999999560352e-03 9.950000000000004396e-01
-3.999999999999559464e-03 9.960000000000004405e-01
-2.999999999999558575e-03 9.970000000000004414e-01
-1.999999999999557687e-03 9.980000000000004423e-01
-9.999999999995567990e-04 9.990000000000004432e-01
4.440892098500626162e-16 9.999999999999995559e-01
1.000000000000333955e-03 9.990005005003748106e-01
2.000000000000445866e-03 9.980020040060035846e-01
3.000000000000557776e-03 9.970045135304046457e-01
4.000000000000447642e-03 9.960080320961267608e-01
5.000000000000337508e-03 9.950125627347623514e-01
6.000000000000449418e-03 9.940181084869627037e-01
7.000000000000561329e-03 9.930246724024529570e-01
8.000000000000451195e-03 9.920322575400454257e-01
9.000000000000341061e-03 9.910408669676540327e-01
1.000000000000045297e-02 9.900505037623076321e-01
1.100000000000056488e-02 9.890611710101649967e-01
1.200000000000045475e-02 9.880728718065278082e-01
1.300000000000034461e-02 9.870856092558534245e-01
1.400000000000045652e-02 9.860993864717689794e-01
1.500000000000056843e-02 9.851142065770845946e-01
1.600000000000045830e-02 9.841300727038063689e-01
1.700000000000034817e-02 9.831469879931481470e-01
1.800000000000046008e-02 9.821649555955450639e-01
1.900000000000057199e-02 9.811839786706664235e-01
2.000000000000046185e-02 9.802040603874272451e-01
2.100000000000035172e-02 9.792252039240000316e-01
2.200000000000046363e-02 9.782474124678272043e-01
2.300000000000057554e-02 9.772706892156333147e-01
2.400000000000046541e-02 9.762950373734361476e-01
2.500000000000035527e-02 9.753204601565577114e-01
2.600000000000046718e-02 9.743469607896353413e-01
2.700000000000057909e-02 9.733745425066339108e-01
2.800000000000046896e-02 9.724032085508557133e-01
2.900000000000035882e-02 9.714329621749507870e-01
3.000000000000047073e-02 9.704638066409272401e-01
3.100000000000058265e-02 9.694957452201629078e-01
3.200000000000047251e-02 9.685287811934135682e-01
3.300000000000036238e-02 9.675629178508233785e-01
3.400000000000047429e-02 9.665981584919346448e-01
3.500000000000058620e-02 9.656345064256967037e-01
3.600000000000047606e-02 9.646719649704759147e-01
3.700000000000036593e-02 9.637105374540632097e-01
3.800000000000047784e-02 9.627502272136835293e-01
3.900000000000058975e-02 9.617910375960044833e-01
4.000000000000047962e-02 9.608329719571446770e-01
4.100000000000036948e-02 9.598760336626804834e-01
4.200000000000048139e-02 9.589202260876548145e-01
4.300000000000059330e-02 9.579655526165848922e-01
4.400000000000048317e-02 9.570120166434689102e-01
4.500000000000037303e-02 9.560596215717926949e-01
4.600000000000048495e-02 9.551083708145370332e-01
4.700000000000059686e-02 9.541582677941846669e-01
4.800000000000048672e-02 9.532093159427257323e-01
4.900000000000037659e-02 9.522615187016638671e-01
5.000000000000048850e-02 9.513148795220219833e-01
5.100000000000060041e-02 9.503694018643481511e-01
5.200000000000049027e-02 9.494250891987209284e-01
5.300000000000038014e-02 9.484819450047530243e-01
5.400000000000049205e-02 9.475399727715971832e-01
5.500000000000060396e-02 9.465991759979505149e-01
5.600000000000049383e-02 9.456595581920583804e-01
5.700000000000038369e-02 9.447211228717178333e-01
5.800000000000049560e-02 9.437838735642811727e-01
5.900000000000060751e-02 9.428478138066603842e-01
6.000000000000049738e-02 9.419129471453289160e-01
6.100000000000038725e-02 9.409792771363242325e-01
6.200000000000049916e-02 9.400468073452508122e-01
6.300000000000061107e-02 9.391155413472821456e-01
6.400000000000050093e-02 9.381854827271626229e-01
6.500000000000039080e-02 9.372566350792077561e-01
6.600000000000050271e-02 9.363290020073068431e-01
6.700000000000061462e-02 9.354025871249228574e-01
6.800000000000050449e-02 9.344773940550938907e-01
6.900000000000039435e-02 9.335534264304315988e-01
7.000000000000050626e-02 9.326306878931226452e-01
7.100000000000061817e-02 9.317091820949275904e-01
7.200000000000050804e-02 9.307889126971803373e-01
7.300000000000039790e-02 9.298698833707861322e-01
7.400000000000050981e-02 9.289520977962206771e-01
7.500000000000062172e-02 9.280355596635286863e-01
7.600000000000051159e-02 9.271202726723211107e-01
7.700000000000040146e-02 9.262062405317723623e-01
7.800000000000051337e-02 9.252934669606174278e-01
7.900000000000062528e-02 9.243819556871493148e-01
8.000000000000051514e-02 9.234717104492151662e-01
8.100000000000040501e-02 9.225627349942112643e-01
8.200000000000051692e-02 9.216550330790794776e-01
8.300000000000062883e-02 9.207486084703028206e-01
8.400000000000051870e-02 9.198434649438995692e-01
8.500000000000040856e-02 9.189396062854181535e-01
8.600000000000052047e-02 9.180370362899304970e-01
8.700000000000063238e-02 9.171357587620270202e-01
8.800000000000052225e-02 9.162357775158090911e-01
8.900000000000041211e-02 9.153370963748815869e-01
9.000000000000052403e-02 9.144397191723461216e-01
9.100000000000063594e-02 9.135436497507926079e-01
9.200000000000052580e-02 9.126488919622919305e-01
9.300000000000041567e-02 9.117554496683851761e-01
9.400000000000052758e-02 9.108633267400764177e-01
9.500000000000063949e-02 9.099725270578221670e-01
9.600000000000052935e-02 9.090830545115221595e-01
9.700000000000041922e-02 9.081949130005074755e-01
9.800000000000053113e-02 9.073081064335307699e-01
9.900000000000064304e-02 9.064226387287549480e-01
1.000000000000005329e-01 9.055385138137411749e-01
1.010000000000004228e-01 9.046557356254363302e-01
1.020000000000005347e-01 9.037743081101604625e-01
1.030000000000006466e-01 9.028942352235941327e-01
1.040000000000005365e-01 9.020155209307648692e-01
1.050000000000004263e-01 9.011381692060320692e-01
1.060000000000005382e-01 9.002621840330733427e-01
1.070000000000006501e-01 8.993875694048695246e-01
1.080000000000005400e-01 8.985143293236892426e-01
1.090000000000004299e-01 8.976424678010723746e-01
1.100000000000005418e-01 8.967719888578139509e-01
1.110000000000006537e-01 8.959028965239475006e-01
1.120000000000005436e-01 8.950351948387276213e-01
1.130000000000004334e-01 8.941688878506114380e-01
1.140000000000005453e-01 8.933039796172405067e-01
1.150000000000006573e-01 8.924404742054222739e-01
1.160000000000005471e-01 8.915783756911106472e-01
1.170000000000004370e-01 8.907176881593850126e-01
1.180000000000005489e-01 8.898584157044305831e-01
1.190000000000006608e-01 8.890005624295177489e-01
1.200000000000005507e-01 8.881441324469802057e-01
1.210000000000004405e-01 8.872891298781921954e-01
1.220000000000005524e-01 8.864355588535464125e-01
1.230000000000006644e-01 8.855834235124316889e-01
1.240000000000005542e-01 8.847327280032083463e-01
1.250000000000004441e-01 8.838834764831839941e-01
1.260000000000005560e-01 8.830356731185887709e-01
1.270000000000006679e-01 8.821893220845505867e-01
1.280000000000005578e-01 8.813444275650690329e-01
1.290000000000004476e-01 8.805009937529879593e-01
1.300000000000005596e-01 8.796590248499694953e-01
1.310000000000006715e-01 8.788185250664661829e-01
1.320000000000005613e-01 8.779794986216928887e-01
1.330000000000004512e-01 8.771419497435972712e-01
1.340000000000005631e-01 8.763058826688311376e-01
1.350000000000006750e-01 8.754713016427203565e-01
1.360000000000005649e-01 8.746382109192344378e-01
1.370000000000004547e-01 8.738066147609546697e-01
1.380000000000005667e-01 8.729765174390426985e-01
1.390000000000006786e-01 8.721479232332087772e-01
1.400000000000005684e-01 8.713208364316781251e-01
1.410000000000004583e-01 8.704952613311570664e-01
1.420000000000005702e-01 8.696712022367989459e-01
1.430000000000006821e-01 8.688486634621699345e-01
1.440000000000005720e-01 8.680276493292129469e-01
1.450000000000004619e-01 8.672081641682113373e-01
1.460000000000005738e-01 8.663902123177519288e-01
1.470000000000006857e-01 8.655737981246884871e-01
1.480000000000005755e-01 8.647589259441033072e-01
1.490000000000004654e-01 8.639456001392676887e-01
1.500000000000005773e-01 8.631338250816029678e-01
1.510000000000006892e-01 8.623236051506412148e-01
1.520000000000005791e-01 8.615149447339838229e-01
1.530000000000004690e-01 8.607078482272595421e-01
1.540000000000005809e-01 8.599023200340834006e-01
1.550000000000006928e-01 8.590983645660135171e-01
1.560000000000005826e-01 8.582959862425078024e-01
1.570000000000004725e-01 8.574951894908795502e-01
1.580000000000005844e-01 8.566959787462523623e-01
1.590000000000006963e-01 8.558983584515156284e-01
1.600000000000005862e-01 8.551023330572775638e-01
1.610000000000004761e-01 8.543079070218180249e-01
1.620000000000005880e-01 8.535150848110414357e-01
1.630000000000006999e-01 8.527238708984280491e-01
1.640000000000005898e-01 8.519342697649855412e-01
1.650000000000004796e-01 8.511462858991980518e-01
1.660000000000005915e-01 8.503599237969762248e-01
1.670000000000007034e-01 8.495751879616064706e-01
1.680000000000005933e-01 8.487920829036986747e-01
1.690000000000004832e-01 8.480106131411324633e-01
1.700000000000005951e-01 8.472307831990049110e-01
1.710000000000007070e-01 8.464525976095761406e-01
1.720000000000005969e-01 8.456760609122143668e-01
1.730000000000004867e-01 8.449011776533391638e-01
1.740000000000005986e-01 8.441279523863660650e-01
1.750000000000007105e-01 8.433563896716494979e-01
1.760000000000006004e-01 8.425864940764237199e-01
1.770000000000004903e-01 8.418182701747446428e-01
1.780000000000006022e-01 8.410517225474299918e-01
1.790000000000007141e-01 8.402868557819996864e-01
1.800000000000006040e-01 8.395236744726137790e-01
1.810000000000004938e-01 8.387621832200110594e-01
1.820000000000006057e-01 8.380023866314457726e-01
1.830000000000007176e-01 8.372442893206254455e-01
1.840000000000006075e-01 8.364878959076450515e-01
1.850000000000004974e-01 8.357332110189228391e-01
1.860000000000006093e-01 8.349802392871338297e-01
1.870000000000007212e-01 8.342289853511438702e-01
1.880000000000006111e-01 8.334794538559419097e-01
1.890000000000005009e-01 8.327316494525708324e-01
1.900000000000006128e-01 8.319855767980591787e-01
1.910000000000007248e-01 8.312412405553510908e-01
1.920000000000006146e-01 8.304986453932355905e-01
1.930000000000005045e-01 8.297577959862741936e-01
1.940000000000006164e-01 8.290186970147290779e-01
1.950000000000007283e-01 8.282813531644903637e-01
1.960000000000006182e-01 8.275457691270007299e-01
1.970000000000005080e-01 8.268119495991814727e-01
1.980000000000006199e-01 8.260798992833557897e-01
1.990000000000007319e-01 8.253496228871732843e-01
2.000000000000006217e-01 8.246211251235316952e-01
2.010000000000005116e-01 8.238944107104984038e-01
2.020000000000006235e-01 8.231694843712314968e-01
2.030000000000007354e-01 8.224463508339003859e-01
2.040000000000006253e-01 8.217250148316036507e-01
2.050000000000005151e-01 8.210054811022879928e-01
2.060000000000006271e-01 8.202877543886653022e-01
2.070000000000007390e-01 8.195718394381295013e-01
2.080000000000006288e-01 8.188577410026720571e-01
2.090000000000005187e-01 8.181454638387963829e-01
2.100000000000006306e-01 8.174350127074317962e-01
2.110000000000007425e-01 8.167263923738470321e-01
2.120000000000006324e-01 8.160196076075618699e-01
2.130000000000005222e-01 8.153146631822583146e-01
2.140000000000006342e-01 8.146115638756912247e-01
2.150000000000007461e-01 8.139103144695974956e-01
2.160000000000006359e-01 8.132109197496054653e-01
2.170000000000005258e-01 8.125133845051412118e-01
2.180000000000006377e-01 8.118177135293361824e-01
2.190000000000007496e-01 8.111239116189332687e-01
2.200000000000006395e-01 8.104319835741918832e-01
2.210000000000005294e-01 8.097419341987911467e-01
2.220000000000006413e-01 8.090537682997337443e-01
2.230000000000007532e-01 8.083674906872487798e-01
2.240000000000006430e-01 8.076831061746923002e-01
2.250000000000005329e-01 8.070006195784482639e-01
2.260000000000006448e-01 8.063200357178279543e-01
2.270000000000007567e-01 8.056413594149689494e-01
2.280000000000006466e-01 8.049645954947330928e-01
2.290000000000005365e-01 8.042897487846027982e-01
2.300000000000006484e-01 8.036168241145771329e-01
2.310000000000007603e-01 8.029458263170680121e-01
2.320000000000006501e-01 8.022767602267931730e-01
2.330000000000005400e-01 8.016096306806695937e-01
2.340000000000006519e-01 8.009444425177062454e-01
2.350000000000007638e-01 8.002812005788959571e-01
2.360000000000006537e-01 7.996199097071053918e-01
2.370000000000005436e-01 7.989605747469642472e-01
2.380000000000006555e-01 7.983032005447550095e-01
2.390000000000007674e-01 7.976477919483004886e-01
2.400000000000006573e-01 7.969943538068505751e-01
2.410000000000005471e-01 7.963428909709682202e-01
2.420000000000006590e-01 7.956934082924147500e-01
2.430000000000007709e-01 7.950459106240338469e-01
2.440000000000006608e-01 7.944004028196356426e-01
2.450000000000005507e-01 7.937568897338778129e-01
2.460000000000006626e-01 7.931153762221480052e-01
2.470000000000007745e-01 7.924758671404443788e-01
2.480000000000006644e-01 7.918383673452552562e-01
2.490000000000005542e-01 7.912028816934374431e-01
2.500000000000006661e-01 7.905694150420944366e-01
2.510000000000007780e-01 7.899379722484539679e-01
2.520000000000006679e-01 7.893085581697434350e-01
2.530000000000005578e-01 7.886811776630652249e-01
2.540000000000006697e-01 7.880558355852708141e-01
2.550000000000007816e-01 7.874325367928348696e-01
2.560000000000006715e-01 7.868112861417274617e-01
2.570000000000005613e-01 7.861920884872852788e-01
2.580000000000006732e-01 7.855749486840828411e-01
2.590000000000007851e-01 7.849598715858022713e-01
2.600000000000006750e-01 7.843468620451026219e-01
2.610000000000005649e-01 7.837359249134873140e-01
2.620000000000006768e-01 7.831270650411715772e-01
2.630000000000007887e-01 7.825202872769493334e-01
2.640000000000006786e-01 7.819155964680583049e-01
2.650000000000005684e-01 7.813129974600444561e-01
2.660000000000006803e-01 7.807124950966261023e-01
2.670000000000007923e-01 7.801140942195566863e-01
2.680000000000006821e-01 7.795177996684868882e-01
2.690000000000005720e-01 7.789236162808260699e-01
2.700000000000006839e-01 7.783315488916013880e-01
2.710000000000007958e-01 7.777416023333194595e-01
2.720000000000006857e-01 7.771537814358232543e-01
2.730000000000005755e-01 7.765680910261504311e-01
2.740000000000006875e-01 7.759845359283903399e-01
2.750000000000007994e-01 7.754031209635406929e-01
2.760000000000006892e-01 7.748238509493621251e-01
2.770000000000005791e-01 7.742467307002331989e-01
2.780000000000006910e-01 7.736717650270037439e-01
2.790000000000008029e-01 7.730989587368484184e-01
2.800000000000006928e-01 7.725283166331181617e-01
2.810000000000005826e-01 7.719598435151918681e-01
2.820000000000006946e-01 7.713935441783262847e-01
2.830000000000008065e-01 7.708294234135067979e-01
2.840000000000006963e-01 7.702674860072956653e-01
2.850000000000005862e-01 7.697077367416800264e-01
2.860000000000006981e-01 7.691501803939198023e-01
2.870000000000008100e-01 7.685948217363940405e-01
2.880000000000006999e-01 7.680416655364469269e-01
2.890000000000005898e-01 7.674907165562326883e-01
2.900000000000007017e-01 7.669419795525600492e-01
2.910000000000008136e-01 7.663954592767361351e-01
2.920000000000007034e-01 7.658511604744092649e-01
2.930000000000005933e-01 7.653090878854108547e-01
2.940000000000007052e-01 7.647692462435968785e-01
2.950000000000008171e-01 7.642316402766894390e-01
2.960000000000007070e-01 7.636962747061160073e-01
2.970000000000005969e-01 7.631631542468487739e-01
2.980000000000007088e-01 7.626322836072437772e-01
2.990000000000008207e-01 7.621036674888786999e-01
3.000000000000007105e-01 7.615773105863904435e-01
3.010000000000006004e-01 7.610532175873113703e-01
3.020000000000007123e-01 7.605313931719054343e-01
3.030000000000008242e-01 7.600118420130039798e-01
3.040000000000007141e-01 7.594945687758402064e-01
3.050000000000006040e-01 7.589795781178828582e-01
3.060000000000007159e-01 7.584668746886705781e-01
3.070000000000008278e-01 7.579564631296440425e-01
3.080000000000007176e-01 7.574483480739788721e-01
3.090000000000006075e-01 7.569425341464168788e-01
3.100000000000007194e-01 7.564390259630973112e-01
3.110000000000008313e-01 7.559378281313876569e-01
3.120000000000007212e-01 7.554389452497133339e-01
3.130000000000006111e-01 7.549423819073873831e-01
3.140000000000007230e-01 7.544481426844389382e-01
3.150000000000008349e-01 7.539562321514421406e-01
3.160000000000007248e-01 7.534666548693441657e-01
3.170000000000006146e-01 7.529794153892916952e-01
3.180000000000007265e-01 7.524945182524583887e-01
3.190000000000008384e-01 7.520119679898714660e-01
3.200000000000007283e-01 7.515317691222370700e-01
3.210000000000006182e-01 7.510539261597661831e-01
3.220000000000007301e-01 7.505784436019991013e-01
3.230000000000008420e-01 7.501053259376309068e-01
3.240000000000007319e-01 7.496345776443342768e-01
3.250000000000006217e-01 7.491662031885846229e-01
3.260000000000007336e-01 7.487002070254819008e-01
3.270000000000008455e-01 7.482365935985751948e-01
3.280000000000007354e-01 7.477753673396840828e-01
3.290000000000006253e-01 7.473165326687210008e-01
3.300000000000007372e-01 7.468600939935132743e-01
3.310000000000008491e-01 7.464060557096247051e-01
3.320000000000007390e-01 7.459544222001767144e-01
3.330000000000006288e-01 7.455051978356687092e-01
3.340000000000007407e-01 7.450583869737992249e-01
3.350000000000008527e-01 7.446139939592858470e-01
3.360000000000007425e-01 7.441720231236857996e-01
3.370000000000006324e-01 7.437324787852145347e-01
3.380000000000007443e-01 7.432953652485663198e-01
3.390000000000008562e-01 7.428606868047329392e-01
3.400000000000007461e-01 7.424284477308230601e-01
3.410000000000006359e-01 7.419986522898809334e-01
3.420000000000007478e-01 7.415713047307045391e-01
3.430000000000008598e-01 7.411464092876652865e-01
3.440000000000007496e-01 7.407239701805251597e-01
3.450000000000006395e-01 7.403039916142554189e-01
3.460000000000007514e-01 7.398864777788546343e-01
3.470000000000008633e-01 7.394714328491666100e-01
3.480000000000007532e-01 7.390588609846983070e-01
3.490000000000006430e-01 7.386487663294372119e-01
3.500000000000007550e-01 7.382411530116697040e-01
3.510000000000008669e-01 7.378360251437980910e-01
3.520000000000007567e-01 7.374333868221586430e-01
3.530000000000006466e-01 7.370332421268389611e-01
3.540000000000007585e-01 7.366355951214953457e-01
3.550000000000008704e-01 7.362404498531709418e-01
3.560000000000007603e-01 7.358478103521132185e-01
3.570000000000006501e-01 7.354576806315912263e-01
3.580000000000007621e-01 7.350700646877137423e-01
3.590000000000008740e-01 7.346849664992468609e-01
3.600000000000007638e-01 7.343023900274324722e-01
3.610000000000006537e-01 7.339223392158052972e-01
3.620000000000007656e-01 7.335448179900118104e-01
3.630000000000008775e-01 7.331698302576282744e-01
3.640000000000007674e-01 7.327973799079794404e-01
3.650000000000006573e-01 7.324274708119566935e-01
3.660000000000007692e-01 7.320601068218371976e-01
3.670000000000008811e-01 7.316952917711029292e-01
3.680000000000007709e-01 7.313330294742604876e-01
3.690000000000006608e-01 7.309733237266594630e-01
3.700000000000007727e-01 7.306161783043129132e-01
3.710000000000008846e-01 7.302615969637179516e-01
3.720000000000007745e-01 7.299095834416750028e-01
3.730000000000006644e-01 7.295601414551097230e-01
3.740000000000007763e-01 7.292132747008926996e-01
3.750000000000008882e-01 7.288689868556622597e-01
3.760000000000007780e-01 7.285272815756453912e-01
3.770000000000006679e-01 7.281881624964797739e-01
3.780000000000007798e-01 7.278516332330371430e-01
3.790000000000008917e-01 7.275176973792456536e-01
3.800000000000007816e-01 7.271863585079134662e-01
3.810000000000006715e-01 7.268576201705528872e-01
3.820000000000007834e-01 7.265314858972043988e-01
3.830000000000008953e-01 7.262079591962619096e-01
3.840000000000007851e-01 7.258870435542982280e-01
3.850000000000006750e-01 7.255687424358905346e-01
3.860000000000007869e-01 7.252530592834474099e-01
3.870000000000008988e-01 7.249399975170356392e-01
3.880000000000007887e-01 7.246295605342081281e-01
3.890000000000006786e-01 7.243217517098321512e-01
3.900000000000007905e-01 7.240165743959178224e-01
3.910000000000009024e-01 7.237140319214486750e-01
3.920000000000007923e-01 7.234141275922109093e-01
3.930000000000006821e-01 7.231168646906250830e-01
3.940000000000007940e-01 7.228222464755769128e-01
3.950000000000009059e-01 7.225302761822507414e-01
3.960000000000007958e-01 7.222409570219621155e-01
3.970000000000006857e-01 7.219542921819910308e-01
3.980000000000007976e-01 7.216702848254178404e-01
3.990000000000009095e-01 7.213889380909577209e-01
4.000000000000007994e-01 7.211102550927976917e-01
4.010000000000006892e-01 7.208342389204328571e-01
4.020000000000008011e-01 7.205608926385054236e-01
4.030000000000009130e-01 7.202902192866426079e-01
4.040000000000008029e-01 7.200222218792970974e-01
4.050000000000006928e-01 7.197569034055871784e-01
4.060000000000008047e-01 7.194942668291386401e-01
4.070000000000009166e-01 7.192343150879271230e-01
4.080000000000008065e-01 7.189770510941220216e-01
4.090000000000006963e-01 7.187224777339301651e-01
4.100000000000008082e-01 7.184705978674420512e-01
4.110000000000009202e-01 7.182214143284783026e-01
4.120000000000008100e-01 7.179749299244366778e-01
4.130000000000006999e-01 7.177311474361410815e-01
4.140000000000008118e-01 7.174900696176914616e-01
4.150000000000009237e-01 7.172516991963139299e-01
4.160000000000008136e-01 7.170160388722135458e-01
4.170000000000007034e-01 7.167830913184265462e-01
4.180000000000008153e-01 7.165528591806745728e-01
4.190000000000009273e-01 7.163253450772210096e-01
4.200000000000008171e-01 7.161005515987260983e-01
4.210000000000007070e-01 7.158784813081056075e-01
4.220000000000008189e-01 7.156591367403896120e-01
4.230000000000009308e-01 7.154425204025824936e-01
4.240000000000008207e-01 7.152286347735246075e-01
4.250000000000007105e-01 7.150174823037543925e-01
4.260000000000008225e-01 7.148090654153734791e-01
4.270000000000009344e-01 7.146033865019111309e-01
4.280000000000008242e-01 7.144004479281907960e-01
4.290000000000007141e-01 7.142002520301989898e-01
4.300000000000008260e-01 7.140028011149535114e-01
4.310000000000009379e-01 7.138080974603746576e-01
4.320000000000008278e-01 7.136161433151577693e-01
4.330000000000007176e-01 7.134269408986457783e-01
4.340000000000008296e-01 7.132404924007047509e-01
4.350000000000009415e-01 7.130567999816002089e-01
4.360000000000008313e-01 7.128758657718745617e-01
4.370000000000007212e-01 7.126976918722269794e-01
4.380000000000008331e-01 7.125222803533934890e-01
4.390000000000009450e-01 7.123496332560295130e-01
4.400000000000008349e-01 7.121797525905940729e-01
4.410000000000007248e-01 7.120126403372343260e-01
4.420000000000008367e-01 7.118482984456729890e-01
4.430000000000009486e-01 7.116867288350962051e-01
4.440000000000008384e-01 7.115279333940445206e-01
4.450000000000007283e-01 7.113719139803031943e-01
4.460000000000008402e-01 7.112186724207961719e-01
4.470000000000009521e-01 7.110682105114809470e-01
4.480000000000008420e-01 7.109205300172445341e-01
4.490000000000007319e-01 7.107756326718015494e-01
4.500000000000008438e-01 7.106335201775946242e-01
4.510000000000009557e-01 7.104941942056950399e-01
4.520000000000008455e-01 7.103576563957059165e-01
4.530000000000007354e-01 7.102239083556676214e-01
4.540000000000008473e-01 7.100929516619636228e-01
4.550000000000009592e-01 7.099647878592287853e-01
4.560000000000008491e-01 7.098394184602598855e-01
4.570000000000007390e-01 7.097168449459262396e-01
4.580000000000008509e-01 7.095970687650843267e-01
4.590000000000009628e-01 7.094800913344925242e-01
4.600000000000008527e-01 7.093659140387278406e-01
4.610000000000007425e-01 7.092545382301053136e-01
4.620000000000008544e-01 7.091459652285979631e-01
4.630000000000009663e-01 7.090401963217599635e-01
4.640000000000008562e-01 7.089372327646502603e-01
4.650000000000007461e-01 7.088370757797590738e-01
4.660000000000008580e-01 7.087397265569356231e-01
4.670000000000009699e-01 7.086451862533180712e-01
4.680000000000008598e-01 7.085534559932651355e-01
4.690000000000007496e-01 7.084645368682894739e-01
4.700000000000008615e-01 7.083784299369934034e-01
4.710000000000009734e-01 7.082951362250060612e-01
4.720000000000008633e-01 7.082146567249225644e-01
4.730000000000007532e-01 7.081369923962452795e-01
4.740000000000008651e-01 7.080621441653267567e-01
4.750000000000009770e-01 7.079901129253146630e-01
4.760000000000008669e-01 7.079208995360992684e-01
4.770000000000007567e-01 7.078545048242611548e-01
4.780000000000008686e-01 7.077909295830231429e-01
4.790000000000009805e-01 7.077301745722023307e-01
4.800000000000008704e-01 7.076722405181652409e-01
4.810000000000007603e-01 7.076171281137842994e-01
4.820000000000008722e-01 7.075648380183967578e-01
4.830000000000009841e-01 7.075153708577645029e-01
4.840000000000008740e-01 7.074687272240377522e-01
4.850000000000007638e-01 7.074249076757193055e-01
4.860000000000008757e-01 7.073839127376306823e-01
4.870000000000009877e-01 7.073457429008814801e-01
4.880000000000008775e-01 7.073103986228393980e-01
4.890000000000007674e-01 7.072778803271031478e-01
4.900000000000008793e-01 7.072481884034769184e-01
4.910000000000009912e-01 7.072213232079473944e-01
4.920000000000008811e-01 7.071972850626619955e-01
4.930000000000007709e-01 7.071760742559096702e-01
4.940000000000008828e-01 7.071576910421041307e-01
4.950000000000009948e-01 7.071421356417675330e-01
4.960000000000008846e-01 7.071294082415183757e-01
4.970000000000007745e-01 7.071195089940596201e-01
4.980000000000008864e-01 7.071124380181698088e-01
4.990000000000009983e-01 7.071081953986956270e-01
5.000000000000008882e-01 7.071067811865475727e-01
5.010000000000007780e-01 7.071081953986957380e-01
5.020000000000008900e-01 7.071124380181698088e-01
5.030000000000010019e-01 7.071195089940596201e-01
5.040000000000008917e-01 7.071294082415183757e-01
5.050000000000007816e-01 7.071421356417675330e-01
5.060000000000008935e-01 7.071576910421041307e-01
5.070000000000010054e-01 7.071760742559097812e-01
5.080000000000008953e-01 7.071972850626619955e-01
5.090000000000007851e-01 7.072213232079473944e-01
5.100000000000008971e-01 7.072481884034770294e-01
5.110000000000010090e-01 7.072778803271031478e-01
5.120000000000008988e-01 7.073103986228395090e-01
5.130000000000007887e-01 7.073457429008815911e-01
5.140000000000009006e-01 7.073839127376307934e-01
5.150000000000010125e-01 7.074249076757193055e-01
5.160000000000009024e-01 7.074687272240378633e-01
5.170000000000007923e-01 7.075153708577645029e-01
5.180000000000009042e-01 7.075648380183967578e-01
5.190000000000010161e-01 7.076171281137845215e-01
5.200000000000009059e-01 7.076722405181653519e-01
5.210000000000007958e-01 7.077301745722023307e-01
5.220000000000009077e-01 7.077909295830231429e-01
5.230000000000010196e-01 7.078545048242612658e-01
5.240000000000009095e-01 7.079208995360993795e-01
5.250000000000007994e-01 7.079901129253148850e-01
5.260000000000009113e-01 7.080621441653268677e-01
5.270000000000010232e-01 7.081369923962453905e-01
5.280000000000009130e-01 7.082146567249226754e-01
5.290000000000008029e-01 7.082951362250061722e-01
5.300000000000009148e-01 7.083784299369936255e-01
5.310000000000010267e-01 7.084645368682895850e-01
5.320000000000009166e-01 7.085534559932653575e-01
5.330000000000008065e-01 7.086451862533182933e-01
5.340000000000009184e-01 7.087397265569357341e-01
5.350000000000010303e-01 7.088370757797592958e-01
5.360000000000009202e-01 7.089372327646504823e-01
5.370000000000008100e-01 7.090401963217600745e-01
5.380000000000009219e-01 7.091459652285981852e-01
5.390000000000010338e-01 7.092545382301055357e-01
5.400000000000009237e-01 7.093659140387280626e-01
5.410000000000008136e-01 7.094800913344926352e-01
5.420000000000009255e-01 7.095970687650845488e-01
5.430000000000010374e-01 7.097168449459264616e-01
5.440000000000009273e-01 7.098394184602601076e-01
5.450000000000008171e-01 7.099647878592290073e-01
5.460000000000009290e-01 7.100929516619638449e-01
5.470000000000010409e-01 7.102239083556678434e-01
5.480000000000009308e-01 7.103576563957061385e-01
5.490000000000008207e-01 7.104941942056952620e-01
5.500000000000009326e-01 7.106335201775949573e-01
5.510000000000010445e-01 7.107756326718018824e-01
5.520000000000009344e-01 7.109205300172447561e-01
5.530000000000008242e-01 7.110682105114811691e-01
5.540000000000009361e-01 7.112186724207965050e-01
5.550000000000010481e-01 7.113719139803034164e-01
5.560000000000009379e-01 7.115279333940447426e-01
5.570000000000008278e-01 7.116867288350965381e-01
5.580000000000009397e-01 7.118482984456732110e-01
5.590000000000010516e-01 7.120126403372346591e-01
5.600000000000009415e-01 7.121797525905944060e-01
5.610000000000008313e-01 7.123496332560298461e-01
5.620000000000009432e-01 7.125222803533937110e-01
5.630000000000010552e-01 7.126976918722273124e-01
5.640000000000009450e-01 7.128758657718748948e-01
5.650000000000008349e-01 7.130567999816004310e-01
5.660000000000009468e-01 7.132404924007050839e-01
5.670000000000010587e-01 7.134269408986461114e-01
5.680000000000009486e-01 7.136161433151581024e-01
5.690000000000008384e-01 7.138080974603749906e-01
5.700000000000009504e-01 7.140028011149537335e-01
5.710000000000010623e-01 7.142002520301993229e-01
5.720000000000009521e-01 7.144004479281912401e-01
5.730000000000008420e-01 7.146033865019114639e-01
5.740000000000009539e-01 7.148090654153739232e-01
5.750000000000010658e-01 7.150174823037548366e-01
5.760000000000009557e-01 7.152286347735249405e-01
5.770000000000008455e-01 7.154425204025829377e-01
5.780000000000009575e-01 7.156591367403900561e-01
5.790000000000010694e-01 7.158784813081060516e-01
5.800000000000009592e-01 7.161005515987264314e-01
5.810000000000008491e-01 7.163253450772213426e-01
5.820000000000009610e-01 7.165528591806750169e-01
5.830000000000010729e-01 7.167830913184269903e-01
5.840000000000009628e-01 7.170160388722139899e-01
5.850000000000008527e-01 7.172516991963143740e-01
5.860000000000009646e-01 7.174900696176919057e-01
5.870000000000010765e-01 7.177311474361416366e-01
5.880000000000009663e-01 7.179749299244371219e-01
5.890000000000008562e-01 7.182214143284787466e-01
5.900000000000009681e-01 7.184705978674424953e-01
5.910000000000010800e-01 7.187224777339306092e-01
5.920000000000009699e-01 7.189770510941224657e-01
5.930000000000008598e-01 7.192343150879276781e-01
5.940000000000009717e-01 7.194942668291390842e-01
5.950000000000010836e-01 7.197569034055876225e-01
5.960000000000009734e-01 7.200222218792975415e-01
5.970000000000008633e-01 7.202902192866430520e-01
5.980000000000009752e-01 7.205608926385058677e-01
5.990000000000010871e-01 7.208342389204334122e-01
6.000000000000009770e-01 7.211102550927981358e-01
6.010000000000008669e-01 7.213889380909582760e-01
6.020000000000009788e-01 7.216702848254182845e-01
6.030000000000010907e-01 7.219542921819915859e-01
6.040000000000009805e-01 7.222409570219625596e-01
6.050000000000008704e-01 7.225302761822512965e-01
6.060000000000009823e-01 7.228222464755773569e-01
6.070000000000010942e-01 7.231168646906256381e-01
6.080000000000009841e-01 7.234141275922114644e-01
6.090000000000008740e-01 7.237140319214492301e-01
6.100000000000009859e-01 7.240165743959183775e-01
6.110000000000010978e-01 7.243217517098327063e-01
6.120000000000009877e-01 7.246295605342086832e-01
6.130000000000008775e-01 7.249399975170361943e-01
6.140000000000009894e-01 7.252530592834479650e-01
6.150000000000011013e-01 7.255687424358910897e-01
6.160000000000009912e-01 7.258870435542987831e-01
6.170000000000008811e-01 7.262079591962624647e-01
6.180000000000009930e-01 7.265314858972048428e-01
6.190000000000011049e-01 7.268576201705534423e-01
6.200000000000009948e-01 7.271863585079140213e-01
6.210000000000008846e-01 7.275176973792462087e-01
6.220000000000009965e-01 7.278516332330376981e-01
6.230000000000011084e-01 7.281881624964804400e-01
6.240000000000009983e-01 7.285272815756459464e-01
6.250000000000008882e-01 7.288689868556628149e-01
6.260000000000010001e-01 7.292132747008932547e-01
6.270000000000011120e-01 7.295601414551102781e-01
6.280000000000010019e-01 7.299095834416756690e-01
6.290000000000008917e-01 7.302615969637185067e-01
6.300000000000010036e-01 7.306161783043135793e-01
6.310000000000011156e-01 7.309733237266601291e-01
6.320000000000010054e-01 7.313330294742611537e-01
6.330000000000008953e-01 7.316952917711035953e-01
6.340000000000010072e-01 7.320601068218377527e-01
6.350000000000011191e-01 7.324274708119573596e-01
6.360000000000010090e-01 7.327973799079801065e-01
6.370000000000008988e-01 7.331698302576290516e-01
6.380000000000010107e-01 7.335448179900124765e-01
6.390000000000011227e-01 7.339223392158059633e-01
6.400000000000010125e-01 7.343023900274331384e-01
6.410000000000009024e-01 7.346849664992475271e-01
6.420000000000010143e-01 7.350700646877144084e-01
6.430000000000011262e-01 7.354576806315918924e-01
6.440000000000010161e-01 7.358478103521138847e-01
6.450000000000009059e-01 7.362404498531716079e-01
6.460000000000010179e-01 7.366355951214960118e-01
6.470000000000011298e-01 7.370332421268396272e-01
6.480000000000010196e-01 7.374333868221594201e-01
6.490000000000009095e-01 7.378360251437987571e-01
6.500000000000010214e-01 7.382411530116704812e-01
6.510000000000011333e-01 7.386487663294379891e-01
6.520000000000010232e-01 7.390588609846989732e-01
6.530000000000009130e-01 7.394714328491672761e-01
6.540000000000010250e-01 7.398864777788553004e-01
6.550000000000011369e-01 7.403039916142561960e-01
6.560000000000010267e-01 7.407239701805259369e-01
6.570000000000009166e-01 7.411464092876660636e-01
6.580000000000010285e-01 7.415713047307053163e-01
6.590000000000011404e-01 7.419986522898815995e-01
6.600000000000010303e-01 7.424284477308238372e-01
6.610000000000009202e-01 7.428606868047337164e-01
6.620000000000010321e-01 7.432953652485669860e-01
6.630000000000011440e-01 7.437324787852153118e-01
6.640000000000010338e-01 7.441720231236865768e-01
6.650000000000009237e-01 7.446139939592866241e-01
6.660000000000010356e-01 7.450583869738000020e-01
6.670000000000011475e-01 7.455051978356694864e-01
6.680000000000010374e-01 7.459544222001774916e-01
6.690000000000009273e-01 7.464060557096254822e-01
6.700000000000010392e-01 7.468600939935141625e-01
6.710000000000011511e-01 7.473165326687218890e-01
6.720000000000010409e-01 7.477753673396849710e-01
6.730000000000009308e-01 7.482365935985760830e-01
6.740000000000010427e-01 7.487002070254827890e-01
6.750000000000011546e-01 7.491662031885854001e-01
6.760000000000010445e-01 7.496345776443350539e-01
6.770000000000009344e-01 7.501053259376316840e-01
6.780000000000010463e-01 7.505784436019999895e-01
6.790000000000011582e-01 7.510539261597670713e-01
6.800000000000010481e-01 7.515317691222379581e-01
6.810000000000009379e-01 7.520119679898723541e-01
6.820000000000010498e-01 7.524945182524592768e-01
6.830000000000011617e-01 7.529794153892925834e-01
6.840000000000010516e-01 7.534666548693450538e-01
6.850000000000009415e-01 7.539562321514430288e-01
6.860000000000010534e-01 7.544481426844398264e-01
6.870000000000011653e-01 7.549423819073882713e-01
6.880000000000010552e-01 7.554389452497142221e-01
6.890000000000009450e-01 7.559378281313885450e-01
6.900000000000010569e-01 7.564390259630981994e-01
6.910000000000011688e-01 7.569425341464177670e-01
6.920000000000010587e-01 7.574483480739797603e-01
6.930000000000009486e-01 7.579564631296449306e-01
6.940000000000010605e-01 7.584668746886714663e-01
6.950000000000011724e-01 7.589795781178838574e-01
6.960000000000010623e-01 7.594945687758410946e-01
6.970000000000009521e-01 7.600118420130048680e-01
6.980000000000010640e-01 7.605313931719063225e-01
6.990000000000011759e-01 7.610532175873122585e-01
7.000000000000010658e-01 7.615773105863913317e-01
7.010000000000009557e-01 7.621036674888795881e-01
7.020000000000010676e-01 7.626322836072446654e-01
7.030000000000011795e-01 7.631631542468497731e-01
7.040000000000010694e-01 7.636962747061170065e-01
7.050000000000009592e-01 7.642316402766904382e-01
7.060000000000010711e-01 7.647692462435979888e-01
7.070000000000011831e-01 7.653090878854117429e-01
7.080000000000010729e-01 7.658511604744102641e-01
7.090000000000009628e-01 7.663954592767371343e-01
7.100000000000010747e-01 7.669419795525610484e-01
7.110000000000011866e-01 7.674907165562336875e-01
7.120000000000010765e-01 7.680416655364478151e-01
7.130000000000009663e-01 7.685948217363950397e-01
7.140000000000010782e-01 7.691501803939208015e-01
7.150000000000011902e-01 7.697077367416811366e-01
7.160000000000010800e-01 7.702674860072966645e-01
7.170000000000009699e-01 7.708294234135077971e-01
7.180000000000010818e-01 7.713935441783272839e-01
7.190000000000011937e-01 7.719598435151928673e-01
7.200000000000010836e-01 7.725283166331191609e-01
7.210000000000009734e-01 7.730989587368494176e-01
7.220000000000010854e-01 7.736717650270048541e-01
7.230000000000011973e-01 7.742467307002341981e-01
7.240000000000010871e-01 7.748238509493632353e-01
7.250000000000009770e-01 7.754031209635416921e-01
7.260000000000010889e-01 7.759845359283914501e-01
7.270000000000012008e-01 7.765680910261514303e-01
7.280000000000010907e-01 7.771537814358242535e-01
7.290000000000009805e-01 7.777416023333205697e-01
7.300000000000010925e-01 7.783315488916024982e-01
7.310000000000012044e-01 7.789236162808270691e-01
7.320000000000010942e-01 7.795177996684881094e-01
7.330000000000009841e-01 7.801140942195576855e-01
7.340000000000010960e-01 7.807124950966271015e-01
7.350000000000012079e-01 7.813129974600455663e-01
7.360000000000010978e-01 7.819155964680594151e-01
7.370000000000009877e-01 7.825202872769503326e-01
7.380000000000010996e-01 7.831270650411726875e-01
7.390000000000012115e-01 7.837359249134884243e-01
7.400000000000011013e-01 7.843468620451038431e-01
7.410000000000009912e-01 7.849598715858033815e-01
7.420000000000011031e-01 7.855749486840838403e-01
7.430000000000012150e-01 7.861920884872863891e-01
7.440000000000011049e-01 7.868112861417285719e-01
7.450000000000009948e-01 7.874325367928359798e-01
7.460000000000011067e-01 7.880558355852719243e-01
7.470000000000012186e-01 7.886811776630663351e-01
7.480000000000011084e-01 7.893085581697446562e-01
7.490000000000009983e-01 7.899379722484550781e-01
7.500000000000011102e-01 7.905694150420955468e-01
7.510000000000012221e-01 7.912028816934385533e-01
7.520000000000011120e-01 7.918383673452563665e-01
7.530000000000010019e-01 7.924758671404454891e-01
7.540000000000011138e-01 7.931153762221491155e-01
7.550000000000012257e-01 7.937568897338789231e-01
7.560000000000011156e-01 7.944004028196367528e-01
7.570000000000010054e-01 7.950459106240349572e-01
7.580000000000011173e-01 7.956934082924158602e-01
7.590000000000012292e-01 7.963428909709693304e-01
7.600000000000011191e-01 7.969943538068517963e-01
7.610000000000010090e-01 7.976477919483015988e-01
7.620000000000011209e-01 7.983032005447561197e-01
7.630000000000012328e-01 7.989605747469653574e-01
7.640000000000011227e-01 7.996199097071065021e-01
7.650000000000010125e-01 8.002812005788971783e-01
7.660000000000011244e-01 8.009444425177074667e-01
7.670000000000012363e-01 8.016096306806707039e-01
7.680000000000011262e-01 8.022767602267942832e-01
7.690000000000010161e-01 8.029458263170692334e-01
7.700000000000011280e-01 8.036168241145784652e-01
7.710000000000012399e-01 8.042897487846039084e-01
7.720000000000011298e-01 8.049645954947343141e-01
7.730000000000010196e-01 8.056413594149701707e-01
7.740000000000011315e-01 8.063200357178291755e-01
7.750000000000012434e-01 8.070006195784494851e-01
7.760000000000011333e-01 8.076831061746935214e-01
7.770000000000010232e-01 8.083674906872498900e-01
7.780000000000011351e-01 8.090537682997349656e-01
7.790000000000012470e-01 8.097419341987923680e-01
7.800000000000011369e-01 8.104319835741931044e-01
7.810000000000010267e-01 8.111239116189344900e-01
7.820000000000011386e-01 8.118177135293374036e-01
7.830000000000012506e-01 8.125133845051424331e-01
7.840000000000011404e-01 8.132109197496067976e-01
7.850000000000010303e-01 8.139103144695988279e-01
7.860000000000011422e-01 8.146115638756924460e-01
7.870000000000012541e-01 8.153146631822595358e-01
7.880000000000011440e-01 8.160196076075632021e-01
7.890000000000010338e-01 8.167263923738483644e-01
7.900000000000011458e-01 8.174350127074331285e-01
7.910000000000012577e-01 8.181454638387977152e-01
7.920000000000011475e-01 8.188577410026733894e-01
7.930000000000010374e-01 8.195718394381308336e-01
7.940000000000011493e-01 8.202877543886665235e-01
7.950000000000012612e-01 8.210054811022893251e-01
7.960000000000011511e-01 8.217250148316049829e-01
7.970000000000010409e-01 8.224463508339017181e-01
7.980000000000011529e-01 8.231694843712328291e-01
7.990000000000012648e-01 8.238944107104996251e-01
8.000000000000011546e-01 8.246211251235329165e-01
8.010000000000010445e-01 8.253496228871745055e-01
8.020000000000011564e-01 8.260798992833571219e-01
8.030000000000012683e-01 8.268119495991826939e-01
8.040000000000011582e-01 8.275457691270020621e-01
8.050000000000010481e-01 8.282813531644915850e-01
8.060000000000011600e-01 8.290186970147304102e-01
8.070000000000012719e-01 8.297577959862755259e-01
8.080000000000011617e-01 8.304986453932369228e-01
8.090000000000010516e-01 8.312412405553524231e-01
8.100000000000011635e-01 8.319855767980605110e-01
8.110000000000012754e-01 8.327316494525721646e-01
8.120000000000011653e-01 8.334794538559432420e-01
8.130000000000010552e-01 8.342289853511452025e-01
8.140000000000011671e-01 8.349802392871351620e-01
8.150000000000012790e-01 8.357332110189241714e-01
8.160000000000011688e-01 8.364878959076463838e-01
8.170000000000010587e-01 8.372442893206267778e-01
8.180000000000011706e-01 8.380023866314472158e-01
8.190000000000012825e-01 8.387621832200123917e-01
8.200000000000011724e-01 8.395236744726152223e-01
8.210000000000010623e-01 8.402868557820010187e-01
8.220000000000011742e-01 8.410517225474314351e-01
8.230000000000012861e-01 8.418182701747459751e-01
8.240000000000011759e-01 8.425864940764250521e-01
8.250000000000010658e-01 8.433563896716508301e-01
8.260000000000011777e-01 8.441279523863675083e-01
8.270000000000012896e-01 8.449011776533404960e-01
8.280000000000011795e-01 8.456760609122156991e-01
8.290000000000010694e-01 8.464525976095775839e-01
8.300000000000011813e-01 8.472307831990062432e-01
8.310000000000012932e-01 8.480106131411337955e-01
8.320000000000011831e-01 8.487920829037000070e-01
8.330000000000010729e-01 8.495751879616079139e-01
8.340000000000011848e-01 8.503599237969775571e-01
8.350000000000012967e-01 8.511462858991993841e-01
8.360000000000011866e-01 8.519342697649869844e-01
8.370000000000010765e-01 8.527238708984294924e-01
8.380000000000011884e-01 8.535150848110427679e-01
8.390000000000013003e-01 8.543079070218194682e-01
8.400000000000011902e-01 8.551023330572790071e-01
8.410000000000010800e-01 8.558983584515169607e-01
8.420000000000011919e-01 8.566959787462536946e-01
8.430000000000013038e-01 8.574951894908808825e-01
8.440000000000011937e-01 8.582959862425092457e-01
8.450000000000010836e-01 8.590983645660149604e-01
8.460000000000011955e-01 8.599023200340848438e-01
8.470000000000013074e-01 8.607078482272610964e-01
8.480000000000011973e-01 8.615149447339852662e-01
8.490000000000010871e-01 8.623236051506426580e-01
8.500000000000011990e-01 8.631338250816044111e-01
8.510000000000013110e-01 8.639456001392690210e-01
8.520000000000012008e-01 8.647589259441047504e-01
8.530000000000010907e-01 8.655737981246899304e-01
8.540000000000012026e-01 8.663902123177533721e-01
8.550000000000013145e-01 8.672081641682127806e-01
8.560000000000012044e-01 8.680276493292145013e-01
8.570000000000010942e-01 8.688486634621713778e-01
8.580000000000012061e-01 8.696712022368003892e-01
8.590000000000013181e-01 8.704952613311585097e-01
8.600000000000012079e-01 8.713208364316795684e-01
8.610000000000010978e-01 8.721479232332102205e-01
8.620000000000012097e-01 8.729765174390441418e-01
8.630000000000013216e-01 8.738066147609561130e-01
8.640000000000012115e-01 8.746382109192358811e-01
8.650000000000011013e-01 8.754713016427217998e-01
8.660000000000012133e-01 8.763058826688325809e-01
8.670000000000013252e-01 8.771419497435987145e-01
8.680000000000012150e-01 8.779794986216943320e-01
8.690000000000011049e-01 8.788185250664676262e-01
8.700000000000012168e-01 8.796590248499709386e-01
8.710000000000013287e-01 8.805009937529895137e-01
8.720000000000012186e-01 8.813444275650704762e-01
8.730000000000011084e-01 8.821893220845521411e-01
8.740000000000012204e-01 8.830356731185902142e-01
8.750000000000013323e-01 8.838834764831855484e-01
8.760000000000012221e-01 8.847327280032100116e-01
8.770000000000011120e-01 8.855834235124332432e-01
8.780000000000012239e-01 8.864355588535478558e-01
8.790000000000013358e-01 8.872891298781936387e-01
8.800000000000012257e-01 8.881441324469817600e-01
8.810000000000011156e-01 8.890005624295193032e-01
8.820000000000012275e-01 8.898584157044321374e-01
8.830000000000013394e-01 8.907176881593864559e-01
8.840000000000012292e-01 8.915783756911120905e-01
8.850000000000011191e-01 8.924404742054238282e-01
8.860000000000012310e-01 8.933039796172420610e-01
8.870000000000013429e-01 8.941688878506129923e-01
8.880000000000012328e-01 8.950351948387291756e-01
8.890000000000011227e-01 8.959028965239490550e-01
8.900000000000012346e-01 8.967719888578155052e-01
8.910000000000013465e-01 8.976424678010739289e-01
8.920000000000012363e-01 8.985143293236907969e-01
8.930000000000011262e-01 8.993875694048710789e-01
8.940000000000012381e-01 9.002621840330748970e-01
8.950000000000013500e-01 9.011381692060336235e-01
8.960000000000012399e-01 9.020155209307664235e-01
8.970000000000011298e-01 9.028942352235956870e-01
8.980000000000012417e-01 9.037743081101620168e-01
8.990000000000013536e-01 9.046557356254378846e-01
9.000000000000012434e-01 9.055385138137427292e-01
9.010000000000011333e-01 9.064226387287565023e-01
9.020000000000012452e-01 9.073081064335323243e-01
9.030000000000013571e-01 9.081949130005090298e-01
9.040000000000012470e-01 9.090830545115237138e-01
9.050000000000011369e-01 9.099725270578238323e-01
9.060000000000012488e-01 9.108633267400779721e-01
9.070000000000013607e-01 9.117554496683868415e-01
9.080000000000012506e-01 9.126488919622934848e-01
9.090000000000011404e-01 9.135436497507942732e-01
9.100000000000012523e-01 9.144397191723476759e-01
9.110000000000013642e-01 9.153370963748831413e-01
9.120000000000012541e-01 9.162357775158106454e-01
9.130000000000011440e-01 9.171357587620285745e-01
9.140000000000012559e-01 9.180370362899320513e-01
9.150000000000013678e-01 9.189396062854197078e-01
9.160000000000012577e-01 9.198434649439012345e-01
9.170000000000011475e-01 9.207486084703043749e-01
9.180000000000012594e-01 9.216550330790811429e-01
9.190000000000013713e-01 9.225627349942129296e-01
9.200000000000012612e-01 9.234717104492168316e-01
9.210000000000011511e-01 9.243819556871509802e-01
9.220000000000012630e-01 9.252934669606189821e-01
9.230000000000013749e-01 9.262062405317739167e-01
9.240000000000012648e-01 9.271202726723227761e-01
9.250000000000011546e-01 9.280355596635303517e-01
9.260000000000012665e-01 9.289520977962223425e-01
9.270000000000013785e-01 9.298698833707876865e-01
9.280000000000012683e-01 9.307889126971818916e-01
9.290000000000011582e-01 9.317091820949292558e-01
9.300000000000012701e-01 9.326306878931243105e-01
9.310000000000013820e-01 9.335534264304332641e-01
9.320000000000012719e-01 9.344773940550955560e-01
9.330000000000011617e-01 9.354025871249245228e-01
9.340000000000012736e-01 9.363290020073083975e-01
9.350000000000013856e-01 9.372566350792094214e-01
9.360000000000012754e-01 9.381854827271642883e-01
9.370000000000011653e-01 9.391155413472838109e-01
9.380000000000012772e-01 9.400468073452524775e-01
9.390000000000013891e-01 9.409792771363258979e-01
9.400000000000012790e-01 9.419129471453304703e-01
9.410000000000011688e-01 9.428478138066620495e-01
9.420000000000012808e-01 9.437838735642828381e-01
9.430000000000013927e-01 9.447211228717194986e-01
9.440000000000012825e-01 9.456595581920600457e-01
9.450000000000011724e-01 9.465991759979521802e-01
9.460000000000012843e-01 9.475399727715988485e-01
9.470000000000013962e-01 9.484819450047546896e-01
9.480000000000012861e-01 9.494250891987225938e-01
9.490000000000011759e-01 9.503694018643498165e-01
9.500000000000012879e-01 9.513148795220236487e-01
9.510000000000013998e-01 9.522615187016655325e-01
9.520000000000012896e-01 9.532093159427273976e-01
9.530000000000011795e-01 9.541582677941863322e-01
9.540000000000012914e-01 9.551083708145386986e-01
9.550000000000014033e-01 9.560596215717943602e-01
9.560000000000012932e-01 9.570120166434705755e-01
9.570000000000011831e-01 9.579655526165865576e-01
9.580000000000012950e-01 9.589202260876565909e-01
9.590000000000014069e-01 9.598760336626821488e-01
9.600000000000012967e-01 9.608329719571463423e-01
9.610000000000011866e-01 9.617910375960061486e-01
9.620000000000012985e-01 9.627502272136851946e-01
9.630000000000014104e-01 9.637105374540648750e-01
9.640000000000013003e-01 9.646719649704775801e-01
9.650000000000011902e-01 9.656345064256984800e-01
9.660000000000013021e-01 9.665981584919363101e-01
9.670000000000014140e-01 9.675629178508251549e-01
9.680000000000013038e-01 9.685287811934152336e-01
9.690000000000011937e-01 9.694957452201645731e-01
9.700000000000013056e-01 9.704638066409290165e-01
9.710000000000014175e-01 9.714329621749524524e-01
9.720000000000013074e-01 9.724032085508574896e-01
9.730000000000011973e-01 9.733745425066356871e-01
9.740000000000013092e-01 9.743469607896370066e-01
9.750000000000014211e-01 9.753204601565593768e-01
9.760000000000013110e-01 9.762950373734378129e-01
9.770000000000012008e-01 9.772706892156349801e-01
9.780000000000013127e-01 9.782474124678288696e-01
9.790000000000014246e-01 9.792252039240016970e-01
9.800000000000013145e-01 9.802040603874290214e-01
9.810000000000012044e-01 9.811839786706681998e-01
9.820000000000013163e-01 9.821649555955468403e-01
9.830000000000014282e-01 9.831469879931498124e-01
9.840000000000013181e-01 9.841300727038080343e-01
9.850000000000012079e-01 9.851142065770863709e-01
9.860000000000013198e-01 9.860993864717706447e-01
9.870000000000014317e-01 9.870856092558552008e-01
9.880000000000013216e-01 9.880728718065295846e-01
9.890000000000012115e-01 9.890611710101667731e-01
9.900000000000013234e-01 9.900505037623094085e-01
9.910000000000014353e-01 9.910408669676558091e-01
9.920000000000013252e-01 9.920322575400472020e-01
9.930000000000012150e-01 9.930246724024546223e-01
9.940000000000013269e-01 9.940181084869644801e-01
9.950000000000014388e-01 9.950125627347641277e-01
9.960000000000013287e-01 9.960080320961285372e-01
9.970000000000012186e-01 9.970045135304064221e-01
9.980000000000013305e-01 9.980020040060053610e-01
9.990000000000014424e-01 9.990005005003765870e-01
