5.000000000000000000e-01 5.000000000000000000e-01
5.010000000000000009e-01 5.010000000000000009e-01
5.020000000000000018e-01 5.020000000000000018e-01
5.030000000000000027e-01 5.030000000000000027e-01
5.040000000000000036e-01 5.040000000000000036e-01
5.050000000000000044e-01 5.050000000000000044e-01
5.060000000000000053e-01 5.060000000000000053e-01
5.070000000000000062e-01 5.070000000000000062e-01
5.080000000000000071e-01 5.080000000000000071e-01
5.090000000000000080e-01 5.090000000000000080e-01
5.100000000000000089e-01 5.100000000000000089e-01
5.110000000000000098e-01 5.110000000000000098e-01
5.120000000000000107e-01 5.120000000000000107e-01
5.130000000000000115e-01 5.130000000000000115e-01
5.140000000000000124e-01 5.140000000000000124e-01
5.150000000000000133e-01 5.150000000000000133e-01
5.160000000000000142e-01 5.160000000000000142e-01
5.170000000000000151e-01 5.170000000000000151e-01
5.180000000000000160e-01 5.180000000000000160e-01
5.190000000000000169e-01 5.190000000000000169e-01
5.200000000000000178e-01 5.200000000000000178e-01
5.210000000000000187e-01 5.210000000000000187e-01
5.220000000000000195e-01 5.220000000000000195e-01
5.230000000000000204e-01 5.230000000000000204e-01
5.240000000000000213e-01 5.240000000000000213e-01
5.250000000000000222e-01 5.250000000000000222e-01
5.260000000000000231e-01 5.260000000000000231e-01
5.270000000000000240e-01 5.270000000000000240e-01
5.280000000000000249e-01 5.280000000000000249e-01
5.290000000000000258e-01 5.290000000000000258e-01
5.300000000000000266e-01 5.300000000000000266e-01
5.310000000000000275e-01 5.310000000000000275e-01
5.320000000000000284e-01 5.320000000000000284e-01
5.330000000000000293e-01 5.330000000000000293e-01
5.340000000000000302e-01 5.340000000000000302e-01
5.350000000000000311e-01 5.350000000000000311e-01
5.360000000000000320e-01 5.360000000000000320e-01
5.370000000000000329e-01 5.370000000000000329e-01
5.380000000000000338e-01 5.380000000000000338e-01
5.390000000000000346e-01 5.390000000000000346e-01
5.400000000000000355e-01 5.400000000000000355e-01
5.410000000000000364e-01 5.410000000000000364e-01
5.420000000000000373e-01 5.420000000000000373e-01
5.430000000000000382e-01 5.430000000000000382e-01
5.440000000000000391e-01 5.440000000000000391e-01
5.450000000000000400e-01 5.450000000000000400e-01
5.460000000000000409e-01 5.460000000000000409e-01
5.470000000000000417e-01 5.470000000000000417e-01
5.480000000000000426e-01 5.480000000000000426e-01
5.490000000000000435e-01 5.490000000000000435e-01
5.500000000000000444e-01 5.500000000000000444e-01
5.510000000000000453e-01 5.510000000000000453e-01
5.520000000000000462e-01 5.520000000000000462e-01
5.530000000000000471e-01 5.530000000000000471e-01
5.540000000000000480e-01 5.540000000000000480e-01
5.550000000000000488e-01 5.550000000000000488e-01
5.560000000000000497e-01 5.560000000000000497e-01
5.570000000000000506e-01 5.570000000000000506e-01
5.580000000000000515e-01 5.580000000000000515e-01
5.590000000000000524e-01 5.590000000000000524e-01
5.600000000000000533e-01 5.600000000000000533e-01
5.610000000000000542e-01 5.610000000000000542e-01
5.620000000000000551e-01 5.620000000000000551e-01
5.630000000000000560e-01 5.630000000000000560e-01
5.640000000000000568e-01 5.640000000000000568e-01
5.650000000000000577e-01 5.650000000000000577e-01
5.660000000000000586e-01 5.660000000000000586e-01
5.670000000000000595e-01 5.670000000000000595e-01
5.680000000000000604e-01 5.680000000000000604e-01
5.690000000000000613e-01 5.690000000000000613e-01
5.700000000000000622e-01 5.700000000000000622e-01
5.710000000000000631e-01 5.710000000000000631e-01
5.720000000000000639e-01 5.720000000000000639e-01
5.730000000000000648e-01 5.730000000000000648e-01
5.740000000000000657e-01 5.740000000000000657e-01
5.750000000000000666e-01 5.750000000000000666e-01
5.760000000000000675e-01 5.760000000000000675e-01
5.770000000000000684e-01 5.770000000000000684e-01
5.780000000000000693e-01 5.780000000000000693e-01
5.790000000000000702e-01 5.790000000000000702e-01
5.800000000000000711e-01 5.800000000000000711e-01
5.810000000000000719e-01 5.810000000000000719e-01
5.820000000000000728e-01 5.820000000000000728e-01
5.830000000000000737e-01 5.830000000000000737e-01
5.840000000000000746e-01 5.840000000000000746e-01
5.850000000000000755e-01 5.850000000000000755e-01
5.860000000000000764e-01 5.860000000000000764e-01
5.870000000000000773e-01 5.870000000000000773e-01
5.880000000000000782e-01 5.880000000000000782e-01
5.890000000000000790e-01 5.890000000000000790e-01
5.900000000000000799e-01 5.900000000000000799e-01
5.910000000000000808e-01 5.910000000000000808e-01
5.920000000000000817e-01 5.920000000000000817e-01
5.930000000000000826e-01 5.930000000000000826e-01
5.940000000000000835e-01 5.940000000000000835e-01
5.950000000000000844e-01 5.950000000000000844e-01
5.960000000000000853e-01 5.960000000000000853e-01
5.970000000000000862e-01 5.970000000000000862e-01
5.980000000000000870e-01 5.980000000000000870e-01
5.990000000000000879e-01 5.990000000000000879e-01
6.000000000000000888e-01 6.000000000000000888e-01
6.010000000000000897e-01 6.010000000000000897e-01
6.020000000000000906e-01 6.020000000000000906e-01
6.030000000000000915e-01 6.030000000000000915e-01
6.040000000000000924e-01 6.040000000000000924e-01
6.050000000000000933e-01 6.050000000000000933e-01
6.060000000000000941e-01 6.060000000000000941e-01
6.070000000000000950e-01 6.070000000000000950e-01
6.080000000000000959e-01 6.080000000000000959e-01
6.090000000000000968e-01 6.090000000000000968e-01
6.100000000000000977e-01 6.100000000000000977e-01
6.110000000000000986e-01 6.110000000000000986e-01
6.120000000000000995e-01 6.120000000000000995e-01
6.130000000000001004e-01 6.130000000000001004e-01
6.140000000000001013e-01 6.140000000000001013e-01
6.150000000000001021e-01 6.150000000000001021e-01
6.160000000000001030e-01 6.160000000000001030e-01
6.170000000000001039e-01 6.170000000000001039e-01
6.180000000000001048e-01 6.180000000000001048e-01
6.190000000000001057e-01 6.190000000000001057e-01
6.200000000000001066e-01 6.200000000000001066e-01
6.210000000000001075e-01 6.210000000000001075e-01
6.220000000000001084e-01 6.220000000000001084e-01
6.230000000000001092e-01 6.230000000000001092e-01
6.240000000000001101e-01 6.240000000000001101e-01
6.250000000000001110e-01 6.250000000000001110e-01
6.260000000000001119e-01 6.260000000000001119e-01
6.270000000000001128e-01 6.270000000000001128e-01
6.280000000000001137e-01 6.280000000000001137e-01
6.290000000000001146e-01 6.290000000000001146e-01
6.300000000000001155e-01 6.300000000000001155e-01
6.310000000000001164e-01 6.310000000000001164e-01
6.320000000000001172e-01 6.320000000000001172e-01
6.330000000000001181e-01 6.330000000000001181e-01
6.340000000000001190e-01 6.340000000000001190e-01
6.350000000000001199e-01 6.350000000000001199e-01
6.360000000000001208e-01 6.360000000000001208e-01
6.370000000000001217e-01 6.370000000000001217e-01
6.380000000000001226e-01 6.380000000000001226e-01
6.390000000000001235e-01 6.390000000000001235e-01
6.400000000000001243e-01 6.400000000000001243e-01
6.410000000000001252e-01 6.410000000000001252e-01
6.420000000000001261e-01 6.420000000000001261e-01
6.430000000000001270e-01 6.430000000000001270e-01
6.440000000000001279e-01 6.440000000000001279e-01
6.450000000000001288e-01 6.450000000000001288e-01
6.460000000000001297e-01 6.460000000000001297e-01
6.470000000000001306e-01 6.470000000000001306e-01
6.480000000000001315e-01 6.480000000000001315e-01
6.490000000000001323e-01 6.490000000000001323e-01
6.500000000000001332e-01 6.500000000000001332e-01
6.510000000000001341e-01 6.510000000000001341e-01
6.520000000000001350e-01 6.520000000000001350e-01
6.530000000000001359e-01 6.530000000000001359e-01
6.540000000000001368e-01 6.540000000000001368e-01
6.550000000000001377e-01 6.550000000000001377e-01
6.560000000000001386e-01 6.560000000000001386e-01
6.570000000000001394e-01 6.570000000000001394e-01
6.580000000000001403e-01 6.580000000000001403e-01
6.590000000000001412e-01 6.590000000000001412e-01
6.600000000000001421e-01 6.600000000000001421e-01
6.610000000000001430e-01 6.610000000000001430e-01
6.620000000000001439e-01 6.620000000000001439e-01
6.630000000000001448e-01 6.630000000000001448e-01
6.640000000000001457e-01 6.640000000000001457e-01
6.650000000000001465e-01 6.650000000000001465e-01
6.660000000000001474e-01 6.660000000000001474e-01
6.670000000000001483e-01 6.670000000000001483e-01
6.680000000000001492e-01 6.680000000000001492e-01
6.690000000000001501e-01 6.690000000000001501e-01
6.700000000000001510e-01 6.700000000000001510e-01
6.710000000000001519e-01 6.710000000000001519e-01
6.720000000000001528e-01 6.720000000000001528e-01
6.730000000000001537e-01 6.730000000000001537e-01
6.740000000000001545e-01 6.740000000000001545e-01
6.750000000000001554e-01 6.750000000000001554e-01
6.760000000000001563e-01 6.760000000000001563e-01
6.770000000000001572e-01 6.770000000000001572e-01
6.780000000000001581e-01 6.780000000000001581e-01
6.790000000000001590e-01 6.790000000000001590e-01
6.800000000000001599e-01 6.800000000000001599e-01
6.810000000000001608e-01 6.810000000000001608e-01
6.820000000000001616e-01 6.820000000000001616e-01
6.830000000000001625e-01 6.830000000000001625e-01
6.840000000000001634e-01 6.840000000000001634e-01
6.850000000000001643e-01 6.850000000000001643e-01
6.860000000000001652e-01 6.860000000000001652e-01
6.870000000000001661e-01 6.870000000000001661e-01
6.880000000000001670e-01 6.880000000000001670e-01
6.890000000000001679e-01 6.890000000000001679e-01
6.900000000000001688e-01 6.900000000000001688e-01
6.910000000000001696e-01 6.910000000000001696e-01
6.920000000000001705e-01 6.920000000000001705e-01
6.930000000000001714e-01 6.930000000000001714e-01
6.940000000000001723e-01 6.940000000000001723e-01
6.950000000000001732e-01 6.950000000000001732e-01
6.960000000000001741e-01 6.960000000000001741e-01
6.970000000000001750e-01 6.970000000000001750e-01
6.980000000000001759e-01 6.980000000000001759e-01
6.990000000000001767e-01 6.990000000000001767e-01
7.000000000000001776e-01 7.000000000000001776e-01
7.010000000000001785e-01 7.010000000000001785e-01
7.020000000000001794e-01 7.020000000000001794e-01
7.030000000000001803e-01 7.030000000000001803e-01
7.040000000000001812e-01 7.040000000000001812e-01
7.050000000000001821e-01 7.050000000000001821e-01
7.060000000000001830e-01 7.060000000000001830e-01
7.070000000000001839e-01 7.070000000000001839e-01
7.080000000000001847e-01 7.080000000000001847e-01
7.090000000000001856e-01 7.090000000000001856e-01
7.100000000000001865e-01 7.100000000000001865e-01
7.110000000000001874e-01 7.110000000000001874e-01
7.120000000000001883e-01 7.120000000000001883e-01
7.130000000000001892e-01 7.130000000000001892e-01
7.140000000000001901e-01 7.140000000000001901e-01
7.150000000000001910e-01 7.150000000000001910e-01
7.160000000000001918e-01 7.160000000000001918e-01
7.170000000000001927e-01 7.170000000000001927e-01
7.180000000000001936e-01 7.180000000000001936e-01
7.190000000000001945e-01 7.190000000000001945e-01
7.200000000000001954e-01 7.200000000000001954e-01
7.210000000000001963e-01 7.210000000000001963e-01
7.220000000000001972e-01 7.220000000000001972e-01
7.230000000000001981e-01 7.230000000000001981e-01
7.240000000000001990e-01 7.240000000000001990e-01
7.250000000000001998e-01 7.250000000000001998e-01
7.260000000000002007e-01 7.260000000000002007e-01
7.270000000000002016e-01 7.270000000000002016e-01
7.280000000000002025e-01 7.280000000000002025e-01
7.290000000000002034e-01 7.290000000000002034e-01
7.300000000000002043e-01 7.300000000000002043e-01
7.310000000000002052e-01 7.310000000000002052e-01
7.320000000000002061e-01 7.320000000000002061e-01
7.330000000000002069e-01 7.330000000000002069e-01
7.340000000000002078e-01 7.340000000000002078e-01
7.350000000000002087e-01 7.350000000000002087e-01
7.360000000000002096e-01 7.360000000000002096e-01
7.370000000000002105e-01 7.370000000000002105e-01
7.380000000000002114e-01 7.380000000000002114e-01
7.390000000000002123e-01 7.390000000000002123e-01
7.400000000000002132e-01 7.400000000000002132e-01
7.410000000000002141e-01 7.410000000000002141e-01
7.420000000000002149e-01 7.420000000000002149e-01
7.430000000000002158e-01 7.430000000000002158e-01
7.440000000000002167e-01 7.440000000000002167e-01
7.450000000000002176e-01 7.450000000000002176e-01
7.460000000000002185e-01 7.460000000000002185e-01
7.470000000000002194e-01 7.470000000000002194e-01
7.480000000000002203e-01 7.480000000000002203e-01
7.490000000000002212e-01 7.490000000000002212e-01
7.500000000000002220e-01 7.500000000000002220e-01
7.510000000000002229e-01 7.510000000000002229e-01
7.520000000000002238e-01 7.520000000000002238e-01
7.530000000000002247e-01 7.530000000000002247e-01
7.540000000000002256e-01 7.540000000000002256e-01
7.550000000000002265e-01 7.550000000000002265e-01
7.560000000000002274e-01 7.560000000000002274e-01
7.570000000000002283e-01 7.570000000000002283e-01
7.580000000000002292e-01 7.580000000000002292e-01
7.590000000000002300e-01 7.590000000000002300e-01
7.600000000000002309e-01 7.600000000000002309e-01
7.610000000000002318e-01 7.610000000000002318e-01
7.620000000000002327e-01 7.620000000000002327e-01
7.630000000000002336e-01 7.630000000000002336e-01
7.640000000000002345e-01 7.640000000000002345e-01
7.650000000000002354e-01 7.650000000000002354e-01
7.660000000000002363e-01 7.660000000000002363e-01
7.670000000000002371e-01 7.670000000000002371e-01
7.680000000000002380e-01 7.680000000000002380e-01
7.690000000000002389e-01 7.690000000000002389e-01
7.700000000000002398e-01 7.700000000000002398e-01
7.710000000000002407e-01 7.710000000000002407e-01
7.720000000000002416e-01 7.720000000000002416e-01
7.730000000000002425e-01 7.730000000000002425e-01
7.740000000000002434e-01 7.740000000000002434e-01
7.750000000000002442e-01 7.750000000000002442e-01
7.760000000000002451e-01 7.760000000000002451e-01
7.770000000000002460e-01 7.770000000000002460e-01
7.780000000000002469e-01 7.780000000000002469e-01
7.790000000000002478e-01 7.790000000000002478e-01
7.800000000000002487e-01 7.800000000000002487e-01
7.810000000000002496e-01 7.810000000000002496e-01
7.820000000000002505e-01 7.820000000000002505e-01
7.830000000000002514e-01 7.830000000000002514e-01
7.840000000000002522e-01 7.840000000000002522e-01
7.850000000000002531e-01 7.850000000000002531e-01
7.860000000000002540e-01 7.860000000000002540e-01
7.870000000000002549e-01 7.870000000000002549e-01
7.880000000000002558e-01 7.880000000000002558e-01
7.890000000000002567e-01 7.890000000000002567e-01
7.900000000000002576e-01 7.900000000000002576e-01
7.910000000000002585e-01 7.910000000000002585e-01
7.920000000000002593e-01 7.920000000000002593e-01
7.930000000000002602e-01 7.930000000000002602e-01
7.940000000000002611e-01 7.940000000000002611e-01
7.950000000000002620e-01 7.950000000000002620e-01
7.960000000000002629e-01 7.960000000000002629e-01
7.970000000000002638e-01 7.970000000000002638e-01
7.980000000000002647e-01 7.980000000000002647e-01
7.990000000000002656e-01 7.990000000000002656e-01
8.000000000000002665e-01 8.000000000000002665e-01
8.010000000000002673e-01 8.010000000000002673e-01
8.020000000000002682e-01 8.020000000000002682e-01
8.030000000000002691e-01 8.030000000000002691e-01
8.040000000000002700e-01 8.040000000000002700e-01
8.050000000000002709e-01 8.050000000000002709e-01
8.060000000000002718e-01 8.060000000000002718e-01
8.070000000000002727e-01 8.070000000000002727e-01
8.080000000000002736e-01 8.080000000000002736e-01
8.090000000000002744e-01 8.090000000000002744e-01
8.100000000000002753e-01 8.100000000000002753e-01
8.110000000000002762e-01 8.110000000000002762e-01
8.120000000000002771e-01 8.120000000000002771e-01
8.130000000000002780e-01 8.130000000000002780e-01
8.140000000000002789e-01 8.140000000000002789e-01
8.150000000000002798e-01 8.150000000000002798e-01
8.160000000000002807e-01 8.160000000000002807e-01
8.170000000000002816e-01 8.170000000000002816e-01
8.180000000000002824e-01 8.180000000000002824e-01
8.190000000000002833e-01 8.190000000000002833e-01
8.200000000000002842e-01 8.200000000000002842e-01
8.210000000000002851e-01 8.210000000000002851e-01
8.220000000000002860e-01 8.220000000000002860e-01
8.230000000000002869e-01 8.230000000000002869e-01
8.240000000000002878e-01 8.240000000000002878e-01
8.250000000000002887e-01 8.250000000000002887e-01
8.260000000000002895e-01 8.260000000000002895e-01
8.270000000000002904e-01 8.270000000000002904e-01
8.280000000000002913e-01 8.280000000000002913e-01
8.290000000000002922e-01 8.290000000000002922e-01
8.300000000000002931e-01 8.300000000000002931e-01
8.310000000000002940e-01 8.310000000000002940e-01
8.320000000000002949e-01 8.320000000000002949e-01
8.330000000000002958e-01 8.330000000000002958e-01
8.340000000000002967e-01 8.340000000000002967e-01
8.350000000000002975e-01 8.350000000000002975e-01
8.360000000000002984e-01 8.360000000000002984e-01
8.370000000000002993e-01 8.370000000000002993e-01
8.380000000000003002e-01 8.380000000000003002e-01
8.390000000000003011e-01 8.390000000000003011e-01
8.400000000000003020e-01 8.400000000000003020e-01
8.410000000000003029e-01 8.410000000000003029e-01
8.420000000000003038e-01 8.420000000000003038e-01
8.430000000000003046e-01 8.430000000000003046e-01
8.440000000000003055e-01 8.440000000000003055e-01
8.450000000000003064e-01 8.450000000000003064e-01
8.460000000000003073e-01 8.460000000000003073e-01
8.470000000000003082e-01 8.470000000000003082e-01
8.480000000000003091e-01 8.480000000000003091e-01
8.490000000000003100e-01 8.490000000000003100e-01
8.500000000000003109e-01 8.500000000000003109e-01
8.510000000000003118e-01 8.510000000000003118e-01
8.520000000000003126e-01 8.520000000000003126e-01
8.530000000000003135e-01 8.530000000000003135e-01
8.540000000000003144e-01 8.540000000000003144e-01
8.550000000000003153e-01 8.550000000000003153e-01
8.560000000000003162e-01 8.560000000000003162e-01
8.570000000000003171e-01 8.570000000000003171e-01
8.580000000000003180e-01 8.580000000000003180e-01
8.590000000000003189e-01 8.590000000000003189e-01
8.600000000000003197e-01 8.600000000000003197e-01
8.610000000000003206e-01 8.610000000000003206e-01
8.620000000000003215e-01 8.620000000000003215e-01
8.630000000000003224e-01 8.630000000000003224e-01
8.640000000000003233e-01 8.640000000000003233e-01
8.650000000000003242e-01 8.650000000000003242e-01
8.660000000000003251e-01 8.660000000000003251e-01
8.670000000000003260e-01 8.670000000000003260e-01
8.680000000000003268e-01 8.680000000000003268e-01
8.690000000000003277e-01 8.690000000000003277e-01
8.700000000000003286e-01 8.700000000000003286e-01
8.710000000000003295e-01 8.710000000000003295e-01
8.720000000000003304e-01 8.720000000000003304e-01
8.730000000000003313e-01 8.730000000000003313e-01
8.740000000000003322e-01 8.740000000000003322e-01
8.750000000000003331e-01 8.750000000000003331e-01
8.760000000000003340e-01 8.760000000000003340e-01
8.770000000000003348e-01 8.770000000000003348e-01
8.780000000000003357e-01 8.780000000000003357e-01
8.790000000000003366e-01 8.790000000000003366e-01
8.800000000000003375e-01 8.800000000000003375e-01
8.810000000000003384e-01 8.810000000000003384e-01
8.820000000000003393e-01 8.820000000000003393e-01
8.830000000000003402e-01 8.830000000000003402e-01
8.840000000000003411e-01 8.840000000000003411e-01
8.850000000000003419e-01 8.850000000000003419e-01
8.860000000000003428e-01 8.860000000000003428e-01
8.870000000000003437e-01 8.870000000000003437e-01
8.880000000000003446e-01 8.880000000000003446e-01
8.890000000000003455e-01 8.890000000000003455e-01
8.900000000000003464e-01 8.900000000000003464e-01
8.910000000000003473e-01 8.910000000000003473e-01
8.920000000000003482e-01 8.920000000000003482e-01
8.930000000000003491e-01 8.930000000000003491e-01
8.940000000000003499e-01 8.940000000000003499e-01
8.950000000000003508e-01 8.950000000000003508e-01
8.960000000000003517e-01 8.960000000000003517e-01
8.970000000000003526e-01 8.970000000000003526e-01
8.980000000000003535e-01 8.980000000000003535e-01
8.990000000000003544e-01 8.990000000000003544e-01
9.000000000000003553e-01 9.000000000000003553e-01
9.010000000000003562e-01 9.010000000000003562e-01
9.020000000000003570e-01 9.020000000000003570e-01
9.030000000000003579e-01 9.030000000000003579e-01
9.040000000000003588e-01 9.040000000000003588e-01
9.050000000000003597e-01 9.050000000000003597e-01
9.060000000000003606e-01 9.060000000000003606e-01
9.070000000000003615e-01 9.070000000000003615e-01
9.080000000000003624e-01 9.080000000000003624e-01
9.090000000000003633e-01 9.090000000000003633e-01
9.100000000000003642e-01 9.100000000000003642e-01
9.110000000000003650e-01 9.110000000000003650e-01
9.120000000000003659e-01 9.120000000000003659e-01
9.130000000000003668e-01 9.130000000000003668e-01
9.140000000000003677e-01 9.140000000000003677e-01
9.150000000000003686e-01 9.150000000000003686e-01
9.160000000000003695e-01 9.160000000000003695e-01
9.170000000000003704e-01 9.170000000000003704e-01
9.180000000000003713e-01 9.180000000000003713e-01
9.190000000000003721e-01 9.190000000000003721e-01
9.200000000000003730e-01 9.200000000000003730e-01
9.210000000000003739e-01 9.210000000000003739e-01
9.220000000000003748e-01 9.220000000000003748e-01
9.230000000000003757e-01 9.230000000000003757e-01
9.240000000000003766e-01 9.240000000000003766e-01
9.250000000000003775e-01 9.250000000000003775e-01
9.260000000000003784e-01 9.260000000000003784e-01
9.270000000000003793e-01 9.270000000000003793e-01
9.280000000000003801e-01 9.280000000000003801e-01
9.290000000000003810e-01 9.290000000000003810e-01
9.300000000000003819e-01 9.300000000000003819e-01
9.310000000000003828e-01 9.310000000000003828e-01
9.320000000000003837e-01 9.320000000000003837e-01
9.330000000000003846e-01 9.330000000000003846e-01
9.340000000000003855e-01 9.340000000000003855e-01
9.350000000000003864e-01 9.350000000000003864e-01
9.360000000000003872e-01 9.360000000000003872e-01
9.370000000000003881e-01 9.370000000000003881e-01
9.380000000000003890e-01 9.380000000000003890e-01
9.390000000000003899e-01 9.390000000000003899e-01
9.400000000000003908e-01 9.400000000000003908e-01
9.410000000000003917e-01 9.410000000000003917e-01
9.420000000000003926e-01 9.420000000000003926e-01
9.430000000000003935e-01 9.430000000000003935e-01
9.440000000000003944e-01 9.440000000000003944e-01
9.450000000000003952e-01 9.450000000000003952e-01
9.460000000000003961e-01 9.460000000000003961e-01
9.470000000000003970e-01 9.470000000000003970e-01
9.480000000000003979e-01 9.480000000000003979e-01
9.490000000000003988e-01 9.490000000000003988e-01
9.500000000000003997e-01 9.500000000000003997e-01
9.510000000000004006e-01 9.510000000000004006e-01
9.520000000000004015e-01 9.520000000000004015e-01
9.530000000000004023e-01 9.530000000000004023e-01
9.540000000000004032e-01 9.540000000000004032e-01
9.550000000000004041e-01 9.550000000000004041e-01
9.560000000000004050e-01 9.560000000000004050e-01
9.570000000000004059e-01 9.570000000000004059e-01
9.580000000000004068e-01 9.580000000000004068e-01
9.590000000000004077e-01 9.590000000000004077e-01
9.600000000000004086e-01 9.600000000000004086e-01
9.610000000000004095e-01 9.610000000000004095e-01
9.620000000000004103e-01 9.620000000000004103e-01
9.630000000000004112e-01 9.630000000000004112e-01
9.640000000000004121e-01 9.640000000000004121e-01
9.650000000000004130e-01 9.650000000000004130e-01
9.660000000000004139e-01 9.660000000000004139e-01
9.670000000000004148e-01 9.670000000000004148e-01
9.680000000000004157e-01 9.680000000000004157e-01
9.690000000000004166e-01 9.690000000000004166e-01
9.700000000000004174e-01 9.700000000000004174e-01
9.710000000000004183e-01 9.710000000000004183e-01
9.720000000000004192e-01 9.720000000000004192e-01
9.730000000000004201e-01 9.730000000000004201e-01
9.740000000000004210e-01 9.740000000000004210e-01
9.750000000000004219e-01 9.750000000000004219e-01
9.760000000000004228e-01 9.760000000000004228e-01
9.770000000000004237e-01 9.770000000000004237e-01
9.780000000000004245e-01 9.780000000000004245e-01
9.790000000000004254e-01 9.790000000000004254e-01
9.800000000000004263e-01 9.800000000000004263e-01
9.810000000000004272e-01 9.810000000000004272e-01
9.820000000000004281e-01 9.820000000000004281e-01
9.830000000000004290e-01 9.830000000000004290e-01
9.840000000000004299e-01 9.840000000000004299e-01
9.850000000000004308e-01 9.850000000000004308e-01
9.860000000000004317e-01 9.860000000000004317e-01
9.870000000000004325e-01 9.870000000000004325e-01
9.880000000000004334e-01 9.880000000000004334e-01
9.890000000000004343e-01 9.890000000000004343e-01
9.900000000000004352e-01 9.900000000000004352e-01
9.910000000000004361e-01 9.910000000000004361e-01
9.920000000000004370e-01 9.920000000000004370e-01
9.930000000000004379e-01 9.930000000000004379e-01
9.940000000000004388e-01 9.940000000000004388e-01
9.950000000000004396e-01 9.950000000000004396e-01
9.960000000000004405e-01 9.960000000000004405e-01
9.970000000000004414e-01 9.970000000000004414e-01
9.980000000000004423e-01 9.980000000000004423e-01
9.990000000000004432e-01 9.990000000000004432e-01
1.000000000000000444e+00 9.999999999999977796e-01
1.001000000000000334e+00 9.950000050251239792e-01
1.002000000000000446e+00 9.900000202020178275e-01
1.003000000000000558e+00 9.850000456852753272e-01
1.004000000000000448e+00 9.800000816326474018e-01
1.005000000000000338e+00 9.750001282051181661e-01
1.006000000000000449e+00 9.700001855669903028e-01
1.007000000000000561e+00 9.650002538859741019e-01
1.008000000000000451e+00 9.600003333332731703e-01
1.009000000000000341e+00 9.550004240836738045e-01
1.010000000000000453e+00 9.500005263156413582e-01
1.011000000000000565e+00 9.450006402114206061e-01
1.012000000000000455e+00 9.400007659571324448e-01
1.013000000000000345e+00 9.350009037428770320e-01
1.014000000000000457e+00 9.300010537628415896e-01
1.015000000000000568e+00 9.250012162154137574e-01
1.016000000000000458e+00 9.200013913032935031e-01
1.017000000000000348e+00 9.150015792336081422e-01
1.018000000000000460e+00 9.100017802180365711e-01
1.019000000000000572e+00 9.050019944729374988e-01
1.020000000000000462e+00 9.000022222194764554e-01
1.021000000000000352e+00 8.950024636837581316e-01
1.022000000000000464e+00 8.900027190969677093e-01
1.023000000000000576e+00 8.850029886955156355e-01
1.024000000000000465e+00 8.800032727211848371e-01
1.025000000000000355e+00 8.750035714212810456e-01
1.026000000000000467e+00 8.700038850487944453e-01
1.027000000000000579e+00 8.650042138625655408e-01
1.028000000000000469e+00 8.600045581274532447e-01
1.029000000000000359e+00 8.550049181145081834e-01
1.030000000000000471e+00 8.500052941011578822e-01
1.031000000000000583e+00 8.450056863713966138e-01
1.032000000000000473e+00 8.400060952159787986e-01
1.033000000000000362e+00 8.350065209326194005e-01
1.034000000000000474e+00 8.300069638262055349e-01
1.035000000000000586e+00 8.250074242090159604e-01
1.036000000000000476e+00 8.200079024009440110e-01
1.037000000000000366e+00 8.150083987297290777e-01
1.038000000000000478e+00 8.100089135312006361e-01
1.039000000000000590e+00 8.050094471495320425e-01
1.040000000000000480e+00 8.000099999374983284e-01
1.041000000000000369e+00 7.950105722567448741e-01
1.042000000000000481e+00 7.900111644780699605e-01
1.043000000000000593e+00 7.850117769817185343e-01
1.044000000000000483e+00 7.800124101576821900e-01
1.045000000000000373e+00 7.750130644060119200e-01
1.046000000000000485e+00 7.700137401371460744e-01
1.047000000000000597e+00 7.650144377722524203e-01
1.048000000000000487e+00 7.600151577435784178e-01
1.049000000000000377e+00 7.550159004948154839e-01
1.050000000000000488e+00 7.500166664814832407e-01
1.051000000000000600e+00 7.450174561713273080e-01
1.052000000000000490e+00 7.400182700447309747e-01
1.053000000000000380e+00 7.350191085951420789e-01
1.054000000000000492e+00 7.300199723295223153e-01
1.055000000000000604e+00 7.250208617688153057e-01
1.056000000000000494e+00 7.200217774484299893e-01
1.057000000000000384e+00 7.150227199187429994e-01
1.058000000000000496e+00 7.100236897456284613e-01
1.059000000000000608e+00 7.050246875110088851e-01
1.060000000000000497e+00 7.000257138134259316e-01
1.061000000000000387e+00 6.950267692686357135e-01
1.062000000000000499e+00 6.900278545102339622e-01
1.063000000000000611e+00 6.850289701903093942e-01
1.064000000000000501e+00 6.800301169801206136e-01
1.065000000000000391e+00 6.750312955708034357e-01
1.066000000000000503e+00 6.700325066741139590e-01
1.067000000000000615e+00 6.650337510232062765e-01
1.068000000000000504e+00 6.600350293734391638e-01
1.069000000000000394e+00 6.550363425032212916e-01
1.070000000000000506e+00 6.500376912148992936e-01
1.071000000000000618e+00 6.450390763356868007e-01
1.072000000000000508e+00 6.400404987186332217e-01
1.073000000000000398e+00 6.350419592436372662e-01
1.074000000000000510e+00 6.300434588185142015e-01
1.075000000000000622e+00 6.250449983801135145e-01
1.076000000000000512e+00 6.200465788954865332e-01
1.077000000000000401e+00 6.150482013631106692e-01
1.078000000000000513e+00 6.100498668141784986e-01
1.079000000000000625e+00 6.050515763139504566e-01
1.080000000000000515e+00 6.000533309631710388e-01
1.081000000000000405e+00 5.950551318995556116e-01
1.082000000000000517e+00 5.900569802993579360e-01
1.083000000000000629e+00 5.850588773790176278e-01
1.084000000000000519e+00 5.800608243968876643e-01
1.085000000000000409e+00 5.750628226550535960e-01
1.086000000000000520e+00 5.700648735012507906e-01
1.087000000000000632e+00 5.650669783308845950e-01
1.088000000000000522e+00 5.600691385891540808e-01
1.089000000000000412e+00 5.550713557732894765e-01
1.090000000000000524e+00 5.500736314349171652e-01
1.091000000000000636e+00 5.450759671825539110e-01
1.092000000000000526e+00 5.400783646842346464e-01
1.093000000000000416e+00 5.350808256702885846e-01
1.094000000000000528e+00 5.300833519362754265e-01
1.095000000000000639e+00 5.250859453460896553e-01
1.096000000000000529e+00 5.200886078352392472e-01
1.097000000000000419e+00 5.150913414143144520e-01
1.098000000000000531e+00 5.100941481726655180e-01
1.099000000000000643e+00 5.050970302822981317e-01
1.100000000000000533e+00 5.000999900019967859e-01
1.101000000000000423e+00 4.951030296816995580e-01
1.102000000000000535e+00 4.901061517671425616e-01
1.103000000000000647e+00 4.851093588047924454e-01
1.104000000000000536e+00 4.801126534470815388e-01
1.105000000000000426e+00 4.751160384579729001e-01
1.106000000000000538e+00 4.701195167188844115e-01
1.107000000000000650e+00 4.651230912349944568e-01
1.108000000000000540e+00 4.601267651419524984e-01
1.109000000000000430e+00 4.551305417130320774e-01
1.110000000000000542e+00 4.501344243667635414e-01
1.111000000000000654e+00 4.451384166750799731e-01
1.112000000000000544e+00 4.401425223720126234e-01
1.113000000000000433e+00 4.351467453629845328e-01
1.114000000000000545e+00 4.301510897347554652e-01
1.115000000000000657e+00 4.251555597660663377e-01
1.116000000000000547e+00 4.201601599390376585e-01
1.117000000000000437e+00 4.151648949513893627e-01
1.118000000000000549e+00 4.101697697295569323e-01
1.119000000000000661e+00 4.051747894427753516e-01
1.120000000000000551e+00 4.001799595182120028e-01
1.121000000000000441e+00 3.951852856572449224e-01
1.122000000000000552e+00 3.901907738529934444e-01
1.123000000000000664e+00 3.851964304092100888e-01
1.124000000000000554e+00 3.802022619606541531e-01
1.125000000000000444e+00 3.752082754950886168e-01
1.126000000000000556e+00 3.702144783770590641e-01
1.127000000000000668e+00 3.652208783736186626e-01
1.128000000000000558e+00 3.602274836821837689e-01
1.129000000000000448e+00 3.552343029607338276e-01
1.130000000000000560e+00 3.502413453605928151e-01
1.131000000000000671e+00 3.452486205620490245e-01
1.132000000000000561e+00 3.402561388130978526e-01
1.133000000000000451e+00 3.352639109716381016e-01
1.134000000000000563e+00 3.302719485514901132e-01
1.135000000000000675e+00 3.252802637726392998e-01
1.136000000000000565e+00 3.202888696161610427e-01
1.137000000000000455e+00 3.152977798843477064e-01
1.138000000000000567e+00 3.103070092666265212e-01
1.139000000000000679e+00 3.053165734119225871e-01
1.140000000000000568e+00 3.003264890082096850e-01
1.141000000000000458e+00 2.953367738701001000e-01
1.142000000000000570e+00 2.903474470354412418e-01
1.143000000000000682e+00 2.853585288720105195e-01
1.144000000000000572e+00 2.803700411955571403e-01
1.145000000000000462e+00 2.753820074006265162e-01
1.146000000000000574e+00 2.703944526058152387e-01
1.147000000000000686e+00 2.654074038153385606e-01
1.148000000000000576e+00 2.604208900990827025e-01
1.149000000000000465e+00 2.554349427936569716e-01
1.150000000000000577e+00 2.504495957273609741e-01
1.151000000000000689e+00 2.454648854724404694e-01
1.152000000000000579e+00 2.404808516285623365e-01
1.153000000000000469e+00 2.354975371421087760e-01
1.154000000000000581e+00 2.305149886666779391e-01
1.155000000000000693e+00 2.255332569711137880e-01
1.156000000000000583e+00 2.205523974025191125e-01
1.157000000000000473e+00 2.155724704130816960e-01
1.158000000000000584e+00 2.105935421611944136e-01
1.159000000000000696e+00 2.056156851993509171e-01
1.160000000000000586e+00 2.006389792637483238e-01
1.161000000000000476e+00 1.956635121835419711e-01
1.162000000000000588e+00 1.906893809313955634e-01
1.163000000000000700e+00 1.857166928415394380e-01
1.164000000000000590e+00 1.807455670272412052e-01
1.165000000000000480e+00 1.757761360367190440e-01
1.166000000000000592e+00 1.708085477954748022e-01
1.167000000000000703e+00 1.658429678943272034e-01
1.168000000000000593e+00 1.608795822968193123e-01
1.169000000000000483e+00 1.559186005581093271e-01
1.170000000000000595e+00 1.509602596712098510e-01
1.171000000000000707e+00 1.460048286872697165e-01
1.172000000000000597e+00 1.410526142969323604e-01
1.173000000000000487e+00 1.361039676129955633e-01
1.174000000000000599e+00 1.311592924653042780e-01
1.175000000000000711e+00 1.262190556136398578e-01
1.176000000000000600e+00 1.212837994127792945e-01
1.177000000000000490e+00 1.163541576395078214e-01
1.178000000000000602e+00 1.114308754340525703e-01
1.179000000000000714e+00 1.065148346475703472e-01
1.180000000000000604e+00 1.016070863670413410e-01
1.181000000000000494e+00 9.670889307607409557e-02
1.182000000000000606e+00 9.182178390773866605e-02
1.183000000000000718e+00 8.694762791473607810e-02
1.184000000000000608e+00 8.208873247894327152e-02
1.185000000000000497e+00 7.724797731979543558e-02
1.186000000000000609e+00 7.242899971696127592e-02
1.187000000000000721e+00 6.763645466757947644e-02
1.188000000000000611e+00 6.287638666462661008e-02
1.189000000000000501e+00 5.815677088697176339e-02
1.190000000000000613e+00 5.348831648126248228e-02
1.191000000000000725e+00 4.888568297569009791e-02
1.192000000000000615e+00 4.436935879635580532e-02
1.193000000000000504e+00 3.996861268545388868e-02
1.194000000000000616e+00 3.572618087621202282e-02
1.195000000000000728e+00 3.170567772497255576e-02
1.196000000000000618e+00 2.800285699709725504e-02
1.197000000000000508e+00 2.476065427245261255e-02
1.198000000000000620e+00 2.218197466412628882e-02
1.199000000000000732e+00 2.051852821232474228e-02
1.200000000000000622e+00 2.000000000000006287e-02
1.201000000000000512e+00 2.071255657807668377e-02
1.202000000000000624e+00 2.253974267821318850e-02
1.203000000000000735e+00 2.524064183019349150e-02
1.204000000000000625e+00 2.856851413707278686e-02
1.205000000000000515e+00 3.233032632065644535e-02
1.206000000000000627e+00 3.639175730849213836e-02
1.207000000000000739e+00 4.066312826136550540e-02
1.208000000000000629e+00 4.508480897154000522e-02
1.209000000000000519e+00 4.961663027655380254e-02
1.210000000000000631e+00 5.423098745182792363e-02
1.211000000000000743e+00 5.890848835270186962e-02
1.212000000000000632e+00 6.363521037916337886e-02
1.213000000000000522e+00 6.840095028579896985e-02
1.214000000000000634e+00 7.319808740671061853e-02
1.215000000000000746e+00 7.802083055185046745e-02
1.216000000000000636e+00 8.286470901415457502e-02
1.217000000000000526e+00 8.772622184957271085e-02
1.218000000000000638e+00 9.260259175638971274e-02
1.219000000000000750e+00 9.749158938083180015e-02
1.220000000000000639e+00 1.023914058893647672e-01
1.221000000000000529e+00 1.073005591784150919e-01
1.222000000000000641e+00 1.122178238962095870e-01
1.223000000000000753e+00 1.171421785694668899e-01
1.224000000000000643e+00 1.220727651853630025e-01
1.225000000000000533e+00 1.270088579588080080e-01
1.226000000000000645e+00 1.319498389540542105e-01
1.227000000000000757e+00 1.368951788778590417e-01
1.228000000000000647e+00 1.418444218148916525e-01
1.229000000000000536e+00 1.467971729973052974e-01
1.230000000000000648e+00 1.517530889306737407e-01
1.231000000000000760e+00 1.567118693654095396e-01
1.232000000000000650e+00 1.616732507250381312e-01
1.233000000000000540e+00 1.666370006931260639e-01
1.234000000000000652e+00 1.716029137281797901e-01
1.235000000000000764e+00 1.765708073266963885e-01
1.236000000000000654e+00 1.815405188931693559e-01
1.237000000000000544e+00 1.865119031054077448e-01
1.238000000000000655e+00 1.914848296863259358e-01
1.239000000000000767e+00 1.964591815110749706e-01
1.240000000000000657e+00 2.014348529922300179e-01
1.241000000000000547e+00 2.064117486966309534e-01
1.242000000000000659e+00 2.113897821560951906e-01
1.243000000000000771e+00 2.163688748410955154e-01
1.244000000000000661e+00 2.213489552719900555e-01
1.245000000000000551e+00 2.263299582468066562e-01
1.246000000000000663e+00 2.313118241681594855e-01
1.247000000000000774e+00 2.362944984547922511e-01
1.248000000000000664e+00 2.412779310256153442e-01
1.249000000000000554e+00 2.462620758460412340e-01
1.250000000000000666e+00 2.512468905280255682e-01
1.251000000000000778e+00 2.562323359765546482e-01
1.252000000000000668e+00 2.612183760764195117e-01
1.253000000000000558e+00 2.662049774140248237e-01
1.254000000000000670e+00 2.711921090297463310e-01
1.255000000000000782e+00 2.761797421970014210e-01
1.256000000000000671e+00 2.811678502247401124e-01
1.257000000000000561e+00 2.861564082805094222e-01
1.258000000000000673e+00 2.911453932316325766e-01
1.259000000000000785e+00 2.961347835023814268e-01
1.260000000000000675e+00 3.011245589453009353e-01
1.261000000000000565e+00 3.061147007250741847e-01
1.262000000000000677e+00 3.111051912135220365e-01
1.263000000000000789e+00 3.160960138945166920e-01
1.264000000000000679e+00 3.210871532777389015e-01
1.265000000000000568e+00 3.260785948203313578e-01
1.266000000000000680e+00 3.310703248556147171e-01
1.267000000000000792e+00 3.360623305281367768e-01
1.268000000000000682e+00 3.410545997344154312e-01
1.269000000000000572e+00 3.460471210687960375e-01
1.270000000000000684e+00 3.510398837739130418e-01
1.271000000000000796e+00 3.560328776953089469e-01
1.272000000000000686e+00 3.610260932398134393e-01
1.273000000000000576e+00 3.660195213373216849e-01
1.274000000000000687e+00 3.710131534056475000e-01
1.275000000000000799e+00 3.760069813181705078e-01
1.276000000000000689e+00 3.810009973740260403e-01
1.277000000000000579e+00 3.859951942706051353e-01
1.278000000000000691e+00 3.909895650781523013e-01
1.279000000000000803e+00 3.959841032162821350e-01
1.280000000000000693e+00 4.009788024322517574e-01
1.281000000000000583e+00 4.059736567808339691e-01
1.282000000000000695e+00 4.109686606056511260e-01
1.283000000000000806e+00 4.159638085218512749e-01
1.284000000000000696e+00 4.209590954000197449e-01
1.285000000000000586e+00 4.259545163512208910e-01
1.286000000000000698e+00 4.309500667130741203e-01
1.287000000000000810e+00 4.359457420367854885e-01
1.288000000000000700e+00 4.409415380750639768e-01
1.289000000000000590e+00 4.459374507708481761e-01
1.290000000000000702e+00 4.509334762467775981e-01
1.291000000000000814e+00 4.559296107953548227e-01
1.292000000000000703e+00 4.609258508697502421e-01
1.293000000000000593e+00 4.659221930751987206e-01
1.294000000000000705e+00 4.709186341609379323e-01
1.295000000000000817e+00 4.759151710126541812e-01
1.296000000000000707e+00 4.809118006454025651e-01
1.297000000000000597e+00 4.859085201969635115e-01
1.298000000000000709e+00 4.909053269216004933e-01
1.299000000000000821e+00 4.959022181841941102e-01
1.300000000000000711e+00 5.008991914547312740e-01
1.301000000000000600e+00 5.058962443031209677e-01
1.302000000000000712e+00 5.108933743943090411e-01
1.303000000000000824e+00 5.158905794836772252e-01
1.304000000000000714e+00 5.208878574127100425e-01
1.305000000000000604e+00 5.258852061049095195e-01
1.306000000000000716e+00 5.308826235619356071e-01
1.307000000000000828e+00 5.358801078599618739e-01
1.308000000000000718e+00 5.408776571462384775e-01
1.309000000000000608e+00 5.458752696358420975e-01
1.310000000000000719e+00 5.508729436086001741e-01
1.311000000000000831e+00 5.558706774061792366e-01
1.312000000000000721e+00 5.608684694293342154e-01
1.313000000000000611e+00 5.658663181353025262e-01
1.314000000000000723e+00 5.708642220353313812e-01
1.315000000000000835e+00 5.758621796923329983e-01
1.316000000000000725e+00 5.808601897186655982e-01
1.317000000000000615e+00 5.858582507740277556e-01
1.318000000000000727e+00 5.908563615634550015e-01
1.319000000000000838e+00 5.958545208354174560e-01
1.320000000000000728e+00 6.008527273800164936e-01
1.321000000000000618e+00 6.058509800272702250e-01
1.322000000000000730e+00 6.108492776454798046e-01
1.323000000000000842e+00 6.158476191396741184e-01
1.324000000000000732e+00 6.208460034501346314e-01
1.325000000000000622e+00 6.258444295509898447e-01
1.326000000000000734e+00 6.308428964488739243e-01
1.327000000000000846e+00 6.358414031816467249e-01
1.328000000000000735e+00 6.408399488171790948e-01
1.329000000000000625e+00 6.458385324521943582e-01
1.330000000000000737e+00 6.508371532111583146e-01
1.331000000000000849e+00 6.558358102452210847e-01
1.332000000000000739e+00 6.608345027312094722e-01
1.333000000000000629e+00 6.658332298706667318e-01
1.334000000000000741e+00 6.708319908889296412e-01
1.335000000000000853e+00 6.758307850342464285e-01
1.336000000000000743e+00 6.808296115769385537e-01
1.337000000000000632e+00 6.858284698085990172e-01
1.338000000000000744e+00 6.908273590413201992e-01
1.339000000000000856e+00 6.958262786069565609e-01
1.340000000000000746e+00 7.008252278564216509e-01
1.341000000000000636e+00 7.058242061590155325e-01
1.342000000000000748e+00 7.108232129017771905e-01
1.343000000000000860e+00 7.158222474888623621e-01
1.344000000000000750e+00 7.208213093409526762e-01
1.345000000000000639e+00 7.258203978946889956e-01
1.346000000000000751e+00 7.308195126021236332e-01
1.347000000000000863e+00 7.358186529301947720e-01
1.348000000000000753e+00 7.408178183602265321e-01
1.349000000000000643e+00 7.458170083874493539e-01
1.350000000000000755e+00 7.508162225205351481e-01
1.351000000000000867e+00 7.558154602811498757e-01
1.352000000000000757e+00 7.608147212035304419e-01
1.353000000000000647e+00 7.658140048340752459e-01
1.354000000000000759e+00 7.708133107309484977e-01
1.355000000000000870e+00 7.758126384636994111e-01
1.356000000000000760e+00 7.808119876128990500e-01
1.357000000000000650e+00 7.858113577697927177e-01
1.358000000000000762e+00 7.908107485359604505e-01
1.359000000000000874e+00 7.958101595229901681e-01
1.360000000000000764e+00 8.008095903521673664e-01
1.361000000000000654e+00 8.058090406541771333e-01
1.362000000000000766e+00 8.108085100688116054e-01
1.363000000000000878e+00 8.158079982446894141e-01
1.364000000000000767e+00 8.208075048389885664e-01
1.365000000000000657e+00 8.258070295171902053e-01
1.366000000000000769e+00 8.308065719528261450e-01
1.367000000000000881e+00 8.358061318272362872e-01
1.368000000000000771e+00 8.408057088293385828e-01
1.369000000000000661e+00 8.458053026554075426e-01
1.370000000000000773e+00 8.508049130088557455e-01
1.371000000000000885e+00 8.558045396000231175e-01
1.372000000000000774e+00 8.608041821459784249e-01
1.373000000000000664e+00 8.658038403703264274e-01
1.374000000000000776e+00 8.708035140030193633e-01
1.375000000000000888e+00 8.758032027801724295e-01
1.376000000000000778e+00 8.808029064438915867e-01
1.377000000000000668e+00 8.858026247421069144e-01
1.378000000000000780e+00 8.908023574284067436e-01
1.379000000000000892e+00 8.958021042618776741e-01
1.380000000000000782e+00 9.008018650069542499e-01
1.381000000000000671e+00 9.058016394332735199e-01
1.382000000000000783e+00 9.108014273155302654e-01
1.383000000000000895e+00 9.158012284333365560e-01
1.384000000000000785e+00 9.208010425710905222e-01
1.385000000000000675e+00 9.258008695178494563e-01
1.386000000000000787e+00 9.308007090672026917e-01
1.387000000000000899e+00 9.358005610171477029e-01
1.388000000000000789e+00 9.408004251699759735e-01
1.389000000000000679e+00 9.458003013321609753e-01
1.390000000000000790e+00 9.508001893142468131e-01
1.391000000000000902e+00 9.558000889307389780e-01
1.392000000000000792e+00 9.608000000000039842e-01
1.393000000000000682e+00 9.657999223441710024e-01
1.394000000000000794e+00 9.707998557890332725e-01
1.395000000000000906e+00 9.757998001639520691e-01
1.396000000000000796e+00 9.807997553017678838e-01
1.397000000000000686e+00 9.857997210387142717e-01
1.398000000000000798e+00 9.907996972143299219e-01
1.399000000000000909e+00 9.957996836713742805e-01
1.400000000000000799e+00 1.000799680255748392e+00
1.401000000000000689e+00 1.005799686816419181e+00
1.402000000000000801e+00 1.010799703205342404e+00
1.403000000000000913e+00 1.015799729277385266e+00
1.404000000000000803e+00 1.020799764890259143e+00
1.405000000000000693e+00 1.025799809904450743e+00
1.406000000000000805e+00 1.030799864183153502e+00
1.407000000000000917e+00 1.035799927592201186e+00
1.408000000000000806e+00 1.040800000000003944e+00
1.409000000000000696e+00 1.045800081277491245e+00
1.410000000000000808e+00 1.050800171298048813e+00
1.411000000000000920e+00 1.055800269937458236e+00
1.412000000000000810e+00 1.060800377073843448e+00
1.413000000000000700e+00 1.065800492587617221e+00
1.414000000000000812e+00 1.070800616361425206e+00
1.415000000000000924e+00 1.075800748280093977e+00
1.416000000000000814e+00 1.080800888230579071e+00
1.417000000000000703e+00 1.085801036101922135e+00
1.418000000000000815e+00 1.090801191785198521e+00
1.419000000000000927e+00 1.095801355173468661e+00
1.420000000000000817e+00 1.100801526161736765e+00
1.421000000000000707e+00 1.105801704646908190e+00
1.422000000000000819e+00 1.110801890527743252e+00
1.423000000000000931e+00 1.115802083704816594e+00
1.424000000000000821e+00 1.120802284080474776e+00
1.425000000000000711e+00 1.125802491558802743e+00
1.426000000000000822e+00 1.130802706045581418e+00
1.427000000000000934e+00 1.135802927448248179e+00
1.428000000000000824e+00 1.140803155675863989e+00
1.429000000000000714e+00 1.145803390639078323e+00
1.430000000000000826e+00 1.150803632250093855e+00
1.431000000000000938e+00 1.155803880422630714e+00
1.432000000000000828e+00 1.160804135071894727e+00
1.433000000000000718e+00 1.165804396114549002e+00
1.434000000000000830e+00 1.170804663468680618e+00
1.435000000000000941e+00 1.175804937053766208e+00
1.436000000000000831e+00 1.180805216790648204e+00
1.437000000000000721e+00 1.185805502601505301e+00
1.438000000000000833e+00 1.190805794409822926e+00
1.439000000000000945e+00 1.195806092140365040e+00
1.440000000000000835e+00 1.200806395719147490e+00
1.441000000000000725e+00 1.205806705073416252e+00
1.442000000000000837e+00 1.210807020131619005e+00
1.443000000000000949e+00 1.215807340823377158e+00
1.444000000000000838e+00 1.220807667079466752e+00
1.445000000000000728e+00 1.225807998831794476e+00
1.446000000000000840e+00 1.230808336013373694e+00
1.447000000000000952e+00 1.235808678558300011e+00
1.448000000000000842e+00 1.240809026401730408e+00
1.449000000000000732e+00 1.245809379479866141e+00
1.450000000000000844e+00 1.250809737729927873e+00
1.451000000000000956e+00 1.255810101090133690e+00
1.452000000000000846e+00 1.260810469499682895e+00
1.453000000000000735e+00 1.265810842898736244e+00
1.454000000000000847e+00 1.270811221228397070e+00
1.455000000000000959e+00 1.275811604430690194e+00
1.456000000000000849e+00 1.280811992448544601e+00
1.457000000000000739e+00 1.285812385225779897e+00
1.458000000000000851e+00 1.290812782707086326e+00
1.459000000000000963e+00 1.295813184838004561e+00
1.460000000000000853e+00 1.300813591564914162e+00
1.461000000000000743e+00 1.305814002835016918e+00
1.462000000000000854e+00 1.310814418596320863e+00
1.463000000000000966e+00 1.315814838797622288e+00
1.464000000000000856e+00 1.320815263388491978e+00
1.465000000000000746e+00 1.325815692319264105e+00
1.466000000000000858e+00 1.330816125541020023e+00
1.467000000000000970e+00 1.335816563005569613e+00
1.468000000000000860e+00 1.340817004665443291e+00
1.469000000000000750e+00 1.345817450473878241e+00
1.470000000000000862e+00 1.350817900384804204e+00
1.471000000000000973e+00 1.355818354352828825e+00
1.472000000000000863e+00 1.360818812333225880e+00
1.473000000000000753e+00 1.365819274281927065e+00
1.474000000000000865e+00 1.370819740155507338e+00
1.475000000000000977e+00 1.375820209911169156e+00
1.476000000000000867e+00 1.380820683506736923e+00
1.477000000000000757e+00 1.385821160900644777e+00
1.478000000000000869e+00 1.390821642051924378e+00
1.479000000000000981e+00 1.395822126920193806e+00
1.480000000000000870e+00 1.400822615465645793e+00
1.481000000000000760e+00 1.405823107649042170e+00
1.482000000000000872e+00 1.410823603431702322e+00
1.483000000000000984e+00 1.415824102775487425e+00
1.484000000000000874e+00 1.420824605642798000e+00
1.485000000000000764e+00 1.425825111996562811e+00
1.486000000000000876e+00 1.430825621800228875e+00
1.487000000000000988e+00 1.435826135017751470e+00
1.488000000000000878e+00 1.440826651613584142e+00
1.489000000000000767e+00 1.445827171552676038e+00
1.490000000000000879e+00 1.450827694800458811e+00
1.491000000000000991e+00 1.455828221322836624e+00
1.492000000000000881e+00 1.460828751086181487e+00
1.493000000000000771e+00 1.465829284057325488e+00
1.494000000000000883e+00 1.470829820203551686e+00
1.495000000000000995e+00 1.475830359492585675e+00
1.496000000000000885e+00 1.480830901892587148e+00
1.497000000000000774e+00 1.485831447372147895e+00
1.498000000000000886e+00 1.490831995900280482e+00
1.499000000000000998e+00 1.495832547446409366e+00
1.500000000000000888e+00 1.500833101980367790e+00
1.501000000000000778e+00 1.505833659472390673e+00
1.502000000000000890e+00 1.510834219893106845e+00
1.503000000000001002e+00 1.515834783213531711e+00
1.504000000000000892e+00 1.520835349405060821e+00
1.505000000000000782e+00 1.525835918439467198e+00
1.506000000000000894e+00 1.530836490288892460e+00
1.507000000000001005e+00 1.535837064925838824e+00
1.508000000000000895e+00 1.540837642323166223e+00
1.509000000000000785e+00 1.545838222454087196e+00
1.510000000000000897e+00 1.550838805292159561e+00
1.511000000000001009e+00 1.555839390811280198e+00
1.512000000000000899e+00 1.560839978985678611e+00
1.513000000000000789e+00 1.565840569789917147e+00
1.514000000000000901e+00 1.570841163198881452e+00
1.515000000000001013e+00 1.575841759187773361e+00
1.516000000000000902e+00 1.580842357732109349e+00
1.517000000000000792e+00 1.585842958807716530e+00
1.518000000000000904e+00 1.590843562390725330e+00
1.519000000000001016e+00 1.595844168457564605e+00
1.520000000000000906e+00 1.600844776984956308e+00
1.521000000000000796e+00 1.605845387949914826e+00
1.522000000000000908e+00 1.610846001329740762e+00
1.523000000000001020e+00 1.615846617102012051e+00
1.524000000000000909e+00 1.620847235244584850e+00
1.525000000000000799e+00 1.625847855735589098e+00
1.526000000000000911e+00 1.630848478553422742e+00
1.527000000000001023e+00 1.635849103676747074e+00
1.528000000000000913e+00 1.640849731084481400e+00
1.529000000000000803e+00 1.645850360755805042e+00
1.530000000000000915e+00 1.650850992670148898e+00
1.531000000000001027e+00 1.655851626807189891e+00
1.532000000000000917e+00 1.660852263146850527e+00
1.533000000000000806e+00 1.665852901669296005e+00
1.534000000000000918e+00 1.670853542354928889e+00
1.535000000000001030e+00 1.675854185184384448e+00
1.536000000000000920e+00 1.680854830138526657e+00
1.537000000000000810e+00 1.685855477198449970e+00
1.538000000000000922e+00 1.690856126345472443e+00
1.539000000000001034e+00 1.695856777561129292e+00
1.540000000000000924e+00 1.700857430827174221e+00
1.541000000000000814e+00 1.705858086125576101e+00
1.542000000000000925e+00 1.710858743438515184e+00
1.543000000000001037e+00 1.715859402748377116e+00
1.544000000000000927e+00 1.720860064037752046e+00
1.545000000000000817e+00 1.725860727289433960e+00
1.546000000000000929e+00 1.730861392486416683e+00
1.547000000000001041e+00 1.735862059611885888e+00
1.548000000000000931e+00 1.740862728649222424e+00
1.549000000000000821e+00 1.745863399581998987e+00
1.550000000000000933e+00 1.750864072393975235e+00
1.551000000000001044e+00 1.755864747069095344e+00
1.552000000000000934e+00 1.760865423591484014e+00
1.553000000000000824e+00 1.765866101945448907e+00
1.554000000000000936e+00 1.770866782115475102e+00
1.555000000000001048e+00 1.775867464086219094e+00
1.556000000000000938e+00 1.780868147842511240e+00
1.557000000000000828e+00 1.785868833369353315e+00
1.558000000000000940e+00 1.790869520651913849e+00
1.559000000000001052e+00 1.795870209675526352e+00
1.560000000000000941e+00 1.800870900425684873e+00
1.561000000000000831e+00 1.805871592888047772e+00
1.562000000000000943e+00 1.810872287048431728e+00
1.563000000000001055e+00 1.815872982892806631e+00
1.564000000000000945e+00 1.820873680407297579e+00
1.565000000000000835e+00 1.825874379578183104e+00
1.566000000000000947e+00 1.830875080391891840e+00
1.567000000000001059e+00 1.835875782834998748e+00
1.568000000000000949e+00 1.840876486894223341e+00
1.569000000000000838e+00 1.845877192556432123e+00
1.570000000000000950e+00 1.850877899808633709e+00
1.571000000000001062e+00 1.855878608637973270e+00
1.572000000000000952e+00 1.860879319031736090e+00
1.573000000000000842e+00 1.865880030977344450e+00
1.574000000000000954e+00 1.870880744462355416e+00
1.575000000000001066e+00 1.875881459474457280e+00
1.576000000000000956e+00 1.880882176001468231e+00
1.577000000000000846e+00 1.885882894031338353e+00
1.578000000000000957e+00 1.890883613552145404e+00
1.579000000000001069e+00 1.895884334552089712e+00
1.580000000000000959e+00 1.900885057019497504e+00
1.581000000000000849e+00 1.905885780942818242e+00
1.582000000000000961e+00 1.910886506310622623e+00
1.583000000000001073e+00 1.915887233111599697e+00
1.584000000000000963e+00 1.920887961334553751e+00
1.585000000000000853e+00 1.925888690968410089e+00
1.586000000000000965e+00 1.930889422002207700e+00
1.587000000000001076e+00 1.935890154425095711e+00
1.588000000000000966e+00 1.940890888226336930e+00
1.589000000000000856e+00 1.945891623395305414e+00
1.590000000000000968e+00 1.950892359921484243e+00
1.591000000000001080e+00 1.955893097794463076e+00
1.592000000000000970e+00 1.960893837003935936e+00
1.593000000000000860e+00 1.965894577539705423e+00
1.594000000000000972e+00 1.970895319391676948e+00
1.595000000000001084e+00 1.975896062549855170e+00
1.596000000000000973e+00 1.980896807004347560e+00
1.597000000000000863e+00 1.985897552745361727e+00
1.598000000000000975e+00 1.990898299763204538e+00
1.599000000000001087e+00 1.995899048048277891e+00
1.600000000000000977e+00 2.000899797591078499e+00
1.601000000000000867e+00 2.005900548382201887e+00
1.602000000000000979e+00 2.010901300412335058e+00
1.603000000000001091e+00 2.015902053672256500e+00
1.604000000000000981e+00 2.020902808152836183e+00
1.605000000000000870e+00 2.025903563845036004e+00
1.606000000000000982e+00 2.030904320739905788e+00
1.607000000000001094e+00 2.035905078828583736e+00
1.608000000000000984e+00 2.040905838102292424e+00
1.609000000000000874e+00 2.045906598552343247e+00
1.610000000000000986e+00 2.050907360170132421e+00
1.611000000000001098e+00 2.055908122947137873e+00
1.612000000000000988e+00 2.060908886874919688e+00
1.613000000000000878e+00 2.065909651945122771e+00
1.614000000000000989e+00 2.070910418149471521e+00
1.615000000000001101e+00 2.075911185479769827e+00
1.616000000000000991e+00 2.080911953927897518e+00
1.617000000000000881e+00 2.085912723485817022e+00
1.618000000000000993e+00 2.090913494145566265e+00
1.619000000000001105e+00 2.095914265899257334e+00
1.620000000000000995e+00 2.100915038739077811e+00
1.621000000000000885e+00 2.105915812657291220e+00
1.622000000000000997e+00 2.110916587646233911e+00
1.623000000000001108e+00 2.115917363698314180e+00
1.624000000000000998e+00 2.120918140806010044e+00
1.625000000000000888e+00 2.125918918961872794e+00
1.626000000000001000e+00 2.130919698158525666e+00
1.627000000000001112e+00 2.135920478388655841e+00
1.628000000000001002e+00 2.140921259645020669e+00
1.629000000000000892e+00 2.145922041920446777e+00
1.630000000000001004e+00 2.150922825207826961e+00
1.631000000000001116e+00 2.155923609500119742e+00
1.632000000000001005e+00 2.160924394790345815e+00
1.633000000000000895e+00 2.165925181071594707e+00
1.634000000000001007e+00 2.170925968337018563e+00
1.635000000000001119e+00 2.175926756579831256e+00
1.636000000000001009e+00 2.180927545793307942e+00
1.637000000000000899e+00 2.185928335970788172e+00
1.638000000000001011e+00 2.190929127105671892e+00
1.639000000000001123e+00 2.195929919191417223e+00
1.640000000000001013e+00 2.200930712221541796e+00
1.641000000000000902e+00 2.205931506189623192e+00
1.642000000000001014e+00 2.210932301089298946e+00
1.643000000000001126e+00 2.215933096914260325e+00
1.644000000000001016e+00 2.220933893658256331e+00
1.645000000000000906e+00 2.225934691315093250e+00
1.646000000000001018e+00 2.230935489878634215e+00
1.647000000000001130e+00 2.235936289342794758e+00
1.648000000000001020e+00 2.240937089701543261e+00
1.649000000000000909e+00 2.245937890948905835e+00
1.650000000000001021e+00 2.250938693078961439e+00
1.651000000000001133e+00 2.255939496085838325e+00
1.652000000000001023e+00 2.260940299963717148e+00
1.653000000000000913e+00 2.265941104706832743e+00
1.654000000000001025e+00 2.270941910309469236e+00
1.655000000000001137e+00 2.275942716765961826e+00
1.656000000000001027e+00 2.280943524070691009e+00
1.657000000000000917e+00 2.285944332218092345e+00
1.658000000000001029e+00 2.290945141202648916e+00
1.659000000000001140e+00 2.295945951018887765e+00
1.660000000000001030e+00 2.300946761661387008e+00
1.661000000000000920e+00 2.305947573124770944e+00
1.662000000000001032e+00 2.310948385403711836e+00
1.663000000000001144e+00 2.315949198492925909e+00
1.664000000000001034e+00 2.320950012387174244e+00
1.665000000000000924e+00 2.325950827081264993e+00
1.666000000000001036e+00 2.330951642570052496e+00
1.667000000000001148e+00 2.335952458848430169e+00
1.668000000000001037e+00 2.340953275911338061e+00
1.669000000000000927e+00 2.345954093753759295e+00
1.670000000000001039e+00 2.350954912370720962e+00
1.671000000000001151e+00 2.355955731757290117e+00
1.672000000000001041e+00 2.360956551908574230e+00
1.673000000000000931e+00 2.365957372819726512e+00
1.674000000000001043e+00 2.370958194485939252e+00
1.675000000000001155e+00 2.375959016902443821e+00
1.676000000000001044e+00 2.380959840064511557e+00
1.677000000000000934e+00 2.385960663967455986e+00
1.678000000000001046e+00 2.390961488606628382e+00
1.679000000000001158e+00 2.395962313977419100e+00
1.680000000000001048e+00 2.400963140075254465e+00
1.681000000000000938e+00 2.405963966895602102e+00
1.682000000000001050e+00 2.410964794433968272e+00
1.683000000000001162e+00 2.415965622685891656e+00
1.684000000000001052e+00 2.420966451646950013e+00
1.685000000000000941e+00 2.425967281312759738e+00
1.686000000000001053e+00 2.430968111678971422e+00
1.687000000000001165e+00 2.435968942741271626e+00
1.688000000000001055e+00 2.440969774495379774e+00
1.689000000000000945e+00 2.445970606937054814e+00
1.690000000000001057e+00 2.450971440062088558e+00
1.691000000000001169e+00 2.455972273866304789e+00
1.692000000000001059e+00 2.460973108345563709e+00
1.693000000000000949e+00 2.465973943495758824e+00
1.694000000000001060e+00 2.470974779312816949e+00
1.695000000000001172e+00 2.475975615792697759e+00
1.696000000000001062e+00 2.480976452931391130e+00
1.697000000000000952e+00 2.485977290724922018e+00
1.698000000000001064e+00 2.490978129169348687e+00
1.699000000000001176e+00 2.495978968260756492e+00
1.700000000000001066e+00 2.500979807995263648e+00
1.701000000000000956e+00 2.505980648369022123e+00
1.702000000000001068e+00 2.510981489378212306e+00
1.703000000000001180e+00 2.515982331019045670e+00
1.704000000000001069e+00 2.520983173287760781e+00
1.705000000000000959e+00 2.525984016180629510e+00
1.706000000000001071e+00 2.530984859693954814e+00
1.707000000000001183e+00 2.535985703824063187e+00
1.708000000000001073e+00 2.540986548567313097e+00
1.709000000000000963e+00 2.545987393920092767e+00
1.710000000000001075e+00 2.550988239878817510e+00
1.711000000000001187e+00 2.555989086439930613e+00
1.712000000000001076e+00 2.560989933599901569e+00
1.713000000000000966e+00 2.565990781355230066e+00
1.714000000000001078e+00 2.570991629702443770e+00
1.715000000000001190e+00 2.575992478638093885e+00
1.716000000000001080e+00 2.580993328158759148e+00
1.717000000000000970e+00 2.585994178261046716e+00
1.718000000000001082e+00 2.590995028941589506e+00
1.719000000000001194e+00 2.595995880197045302e+00
1.720000000000001084e+00 2.600996732024096314e+00
1.721000000000000973e+00 2.605997584419453172e+00
1.722000000000001085e+00 2.610998437379852266e+00
1.723000000000001197e+00 2.615999290902050411e+00
1.724000000000001087e+00 2.621000144982832403e+00
1.725000000000000977e+00 2.626000999619007459e+00
1.726000000000001089e+00 2.631001854807409224e+00
1.727000000000001201e+00 2.636002710544894878e+00
1.728000000000001091e+00 2.641003566828342475e+00
1.729000000000000981e+00 2.646004423654659377e+00
1.730000000000001092e+00 2.651005281020773374e+00
1.731000000000001204e+00 2.656006138923634463e+00
1.732000000000001094e+00 2.661006997360215287e+00
1.733000000000000984e+00 2.666007856327513803e+00
1.734000000000001096e+00 2.671008715822550172e+00
1.735000000000001208e+00 2.676009575842364541e+00
1.736000000000001098e+00 2.681010436384019258e+00
1.737000000000000988e+00 2.686011297444600654e+00
1.738000000000001100e+00 2.691012159021216821e+00
1.739000000000001211e+00 2.696013021110994501e+00
1.740000000000001101e+00 2.701013883711083530e+00
1.741000000000000991e+00 2.706014746818654615e+00
1.742000000000001103e+00 2.711015610430900669e+00
1.743000000000001215e+00 2.716016474545033699e+00
1.744000000000001105e+00 2.721017339158284365e+00
1.745000000000000995e+00 2.726018204267907752e+00
1.746000000000001107e+00 2.731019069871177596e+00
1.747000000000001219e+00 2.736019935965385841e+00
1.748000000000001108e+00 2.741020802547844859e+00
1.749000000000000998e+00 2.746021669615887895e+00
1.750000000000001110e+00 2.751022537166867732e+00
1.751000000000001222e+00 2.756023405198154919e+00
1.752000000000001112e+00 2.761024273707138210e+00
1.753000000000001002e+00 2.766025142691228123e+00
1.754000000000001114e+00 2.771026012147852935e+00
1.755000000000001226e+00 2.776026882074457358e+00
1.756000000000001116e+00 2.781027752468506087e+00
1.757000000000001005e+00 2.786028623327482467e+00
1.758000000000001117e+00 2.791029494648888498e+00
1.759000000000001229e+00 2.796030366430242164e+00
1.760000000000001119e+00 2.801031238669078327e+00
1.761000000000001009e+00 2.806032111362952275e+00
1.762000000000001121e+00 2.811032984509437060e+00
1.763000000000001233e+00 2.816033858106119059e+00
1.764000000000001123e+00 2.821034732150604185e+00
1.765000000000001013e+00 2.826035606640515674e+00
1.766000000000001124e+00 2.831036481573494523e+00
1.767000000000001236e+00 2.836037356947195498e+00
1.768000000000001126e+00 2.841038232759290683e+00
1.769000000000001016e+00 2.846039109007469037e+00
1.770000000000001128e+00 2.851039985689438172e+00
1.771000000000001240e+00 2.856040862802918134e+00
1.772000000000001130e+00 2.861041740345644069e+00
1.773000000000001020e+00 2.866042618315371548e+00
1.774000000000001132e+00 2.871043496709869025e+00
1.775000000000001243e+00 2.876044375526920938e+00
1.776000000000001133e+00 2.881045254764324604e+00
1.777000000000001023e+00 2.886046134419896880e+00
1.778000000000001135e+00 2.891047014491468836e+00
1.779000000000001247e+00 2.896047894976883086e+00
1.780000000000001137e+00 2.901048775874000007e+00
1.781000000000001027e+00 2.906049657180694190e+00
1.782000000000001139e+00 2.911050538894856210e+00
1.783000000000001251e+00 2.916051421014389078e+00
1.784000000000001140e+00 2.921052303537208683e+00
1.785000000000001030e+00 2.926053186461249123e+00
1.786000000000001142e+00 2.931054069784458260e+00
1.787000000000001254e+00 2.936054953504793730e+00
1.788000000000001144e+00 2.941055837620230040e+00
1.789000000000001034e+00 2.946056722128756356e+00
1.790000000000001146e+00 2.951057607028373830e+00
1.791000000000001258e+00 2.956058492317098274e+00
1.792000000000001148e+00 2.961059377992956598e+00
1.793000000000001037e+00 2.966060264053990814e+00
1.794000000000001149e+00 2.971061150498258474e+00
1.795000000000001261e+00 2.976062037323825571e+00
1.796000000000001151e+00 2.981062924528771862e+00
1.797000000000001041e+00 2.986063812111193094e+00
1.798000000000001153e+00 2.991064700069196558e+00
1.799000000000001265e+00 2.996065588400901092e+00
1.800000000000001155e+00 3.001066477104436192e+00
1.801000000000001044e+00 3.006067366177949118e+00
1.802000000000001156e+00 3.011068255619596012e+00
1.803000000000001268e+00 3.016069145427544118e+00
1.804000000000001158e+00 3.021070035599975334e+00
1.805000000000001048e+00 3.026070926135082217e+00
1.806000000000001160e+00 3.031071817031070204e+00
1.807000000000001272e+00 3.036072708286156718e+00
1.808000000000001162e+00 3.041073599898568514e+00
1.809000000000001052e+00 3.046074491866545220e+00
1.810000000000001164e+00 3.051075384188341566e+00
1.811000000000001275e+00 3.056076276862218943e+00
1.812000000000001165e+00 3.061077169886449401e+00
1.813000000000001055e+00 3.066078063259321418e+00
1.814000000000001167e+00 3.071078956979131913e+00
1.815000000000001279e+00 3.076079851044188906e+00
1.816000000000001169e+00 3.081080745452808411e+00
1.817000000000001059e+00 3.086081640203322873e+00
1.818000000000001171e+00 3.091082535294073619e+00
1.819000000000001283e+00 3.096083430723409524e+00
1.820000000000001172e+00 3.101084326489693677e+00
1.821000000000001062e+00 3.106085222591298489e+00
1.822000000000001174e+00 3.111086119026607033e+00
1.823000000000001286e+00 3.116087015794013482e+00
1.824000000000001176e+00 3.121087912891920002e+00
1.825000000000001066e+00 3.126088810318739863e+00
1.826000000000001178e+00 3.131089708072900102e+00
1.827000000000001290e+00 3.136090606152833082e+00
1.828000000000001180e+00 3.141091504556980940e+00
1.829000000000001069e+00 3.146092403283799133e+00
1.830000000000001181e+00 3.151093302331753332e+00
1.831000000000001293e+00 3.156094201699315871e+00
1.832000000000001183e+00 3.161095101384967077e+00
1.833000000000001073e+00 3.166096001387202818e+00
1.834000000000001185e+00 3.171096901704525184e+00
1.835000000000001297e+00 3.176097802335444253e+00
1.836000000000001187e+00 3.181098703278481654e+00
1.837000000000001076e+00 3.186099604532167895e+00
1.838000000000001188e+00 3.191100506095042810e+00
1.839000000000001300e+00 3.196101407965655117e+00
1.840000000000001190e+00 3.201102310142561080e+00
1.841000000000001080e+00 3.206103212624327625e+00
1.842000000000001192e+00 3.211104115409532778e+00
1.843000000000001304e+00 3.216105018496759893e+00
1.844000000000001194e+00 3.221105921884599876e+00
1.845000000000001084e+00 3.226106825571656955e+00
1.846000000000001195e+00 3.231107729556542907e+00
1.847000000000001307e+00 3.236108633837875725e+00
1.848000000000001197e+00 3.241109538414281399e+00
1.849000000000001087e+00 3.246110443284398794e+00
1.850000000000001199e+00 3.251111348446872551e+00
1.851000000000001311e+00 3.256112253900353526e+00
1.852000000000001201e+00 3.261113159643504122e+00
1.853000000000001091e+00 3.266114065674993849e+00
1.854000000000001203e+00 3.271114971993500209e+00
1.855000000000001315e+00 3.276115878597709585e+00
1.856000000000001204e+00 3.281116785486314136e+00
1.857000000000001094e+00 3.286117692658014899e+00
1.858000000000001206e+00 3.291118600111524461e+00
1.859000000000001318e+00 3.296119507845558516e+00
1.860000000000001208e+00 3.301120415858839863e+00
1.861000000000001098e+00 3.306121324150103735e+00
1.862000000000001210e+00 3.311122232718091585e+00
1.863000000000001322e+00 3.316123141561549748e+00
1.864000000000001211e+00 3.321124050679232997e+00
1.865000000000001101e+00 3.326124960069906322e+00
1.866000000000001213e+00 3.331125869732340483e+00
1.867000000000001325e+00 3.336126779665311570e+00
1.868000000000001215e+00 3.341127689867605444e+00
1.869000000000001105e+00 3.346128600338014625e+00
1.870000000000001217e+00 3.351129511075338741e+00
1.871000000000001329e+00 3.356130422078385855e+00
1.872000000000001219e+00 3.361131333345968031e+00
1.873000000000001108e+00 3.366132244876905766e+00
1.874000000000001220e+00 3.371133156670030218e+00
1.875000000000001332e+00 3.376134068724174320e+00
1.876000000000001222e+00 3.381134981038178111e+00
1.877000000000001112e+00 3.386135893610892289e+00
1.878000000000001224e+00 3.391136806441173324e+00
1.879000000000001336e+00 3.396137719527882126e+00
1.880000000000001226e+00 3.401138632869886269e+00
1.881000000000001116e+00 3.406139546466063095e+00
1.882000000000001227e+00 3.411140460315295275e+00
1.883000000000001339e+00 3.416141374416469034e+00
1.884000000000001229e+00 3.421142288768481254e+00
1.885000000000001119e+00 3.426143203370232815e+00
1.886000000000001231e+00 3.431144118220632588e+00
1.887000000000001343e+00 3.436145033318594777e+00
1.888000000000001233e+00 3.441145948663038912e+00
1.889000000000001123e+00 3.446146864252891628e+00
1.890000000000001235e+00 3.451147780087089334e+00
1.891000000000001346e+00 3.456148696164568879e+00
1.892000000000001236e+00 3.461149612484274218e+00
1.893000000000001126e+00 3.466150529045159079e+00
1.894000000000001238e+00 3.471151445846182071e+00
1.895000000000001350e+00 3.476152362886305802e+00
1.896000000000001240e+00 3.481153280164497321e+00
1.897000000000001130e+00 3.486154197679735223e+00
1.898000000000001242e+00 3.491155115431000766e+00
1.899000000000001354e+00 3.496156033417279207e+00
1.900000000000001243e+00 3.501156951637564685e+00
1.901000000000001133e+00 3.506157870090855333e+00
1.902000000000001245e+00 3.511158788776155948e+00
1.903000000000001357e+00 3.516159707692477543e+00
1.904000000000001247e+00 3.521160626838833352e+00
1.905000000000001137e+00 3.526161546214245490e+00
1.906000000000001249e+00 3.531162465817743623e+00
1.907000000000001361e+00 3.536163385648356972e+00
1.908000000000001251e+00 3.541164305705122750e+00
1.909000000000001140e+00 3.546165225987085723e+00
1.910000000000001252e+00 3.551166146493295983e+00
1.911000000000001364e+00 3.556167067222805400e+00
1.912000000000001254e+00 3.561167988174672061e+00
1.913000000000001144e+00 3.566168909347962934e+00
1.914000000000001256e+00 3.571169830741748097e+00
1.915000000000001368e+00 3.576170752355100735e+00
1.916000000000001258e+00 3.581171674187101139e+00
1.917000000000001148e+00 3.586172596236835375e+00
1.918000000000001259e+00 3.591173518503393502e+00
1.919000000000001371e+00 3.596174440985871801e+00
1.920000000000001261e+00 3.601175363683369657e+00
1.921000000000001151e+00 3.606176286594991343e+00
1.922000000000001263e+00 3.611177209719850900e+00
1.923000000000001375e+00 3.616178133057061039e+00
1.924000000000001265e+00 3.621179056605741131e+00
1.925000000000001155e+00 3.626179980365017652e+00
1.926000000000001267e+00 3.631180904334021964e+00
1.927000000000001378e+00 3.636181828511886760e+00
1.928000000000001268e+00 3.641182752897750508e+00
1.929000000000001158e+00 3.646183677490759667e+00
1.930000000000001270e+00 3.651184602290063363e+00
1.931000000000001382e+00 3.656185527294812498e+00
1.932000000000001272e+00 3.661186452504166855e+00
1.933000000000001162e+00 3.666187377917288881e+00
1.934000000000001274e+00 3.671188303533345909e+00
1.935000000000001386e+00 3.676189229351510157e+00
1.936000000000001275e+00 3.681190155370956951e+00
1.937000000000001165e+00 3.686191081590866503e+00
1.938000000000001277e+00 3.691192008010427017e+00
1.939000000000001389e+00 3.696192934628826254e+00
1.940000000000001279e+00 3.701193861445256417e+00
1.941000000000001169e+00 3.706194788458917255e+00
1.942000000000001281e+00 3.711195715669014294e+00
1.943000000000001393e+00 3.716196643074751282e+00
1.944000000000001283e+00 3.721197570675339072e+00
1.945000000000001172e+00 3.726198498469994735e+00
1.946000000000001284e+00 3.731199426457938451e+00
1.947000000000001396e+00 3.736200354638392618e+00
1.948000000000001286e+00 3.741201283010584966e+00
1.949000000000001176e+00 3.746202211573748997e+00
1.950000000000001288e+00 3.751203140327119989e+00
1.951000000000001400e+00 3.756204069269939438e+00
1.952000000000001290e+00 3.761204998401450172e+00
1.953000000000001180e+00 3.766205927720899904e+00
1.954000000000001291e+00 3.771206857227544340e+00
1.955000000000001403e+00 3.776207786920637410e+00
1.956000000000001293e+00 3.781208716799437486e+00
1.957000000000001183e+00 3.786209646863210931e+00
1.958000000000001295e+00 3.791210577111227664e+00
1.959000000000001407e+00 3.796211507542757158e+00
1.960000000000001297e+00 3.801212438157073770e+00
1.961000000000001187e+00 3.806213368953459408e+00
1.962000000000001299e+00 3.811214299931197758e+00
1.963000000000001410e+00 3.816215231089573834e+00
1.964000000000001300e+00 3.821216162427879315e+00
1.965000000000001190e+00 3.826217093945408543e+00
1.966000000000001302e+00 3.831218025641460301e+00
1.967000000000001414e+00 3.836218957515336481e+00
1.968000000000001304e+00 3.841219889566341195e+00
1.969000000000001194e+00 3.846220821793783440e+00
1.970000000000001306e+00 3.851221754196978431e+00
1.971000000000001418e+00 3.856222686775240938e+00
1.972000000000001307e+00 3.861223619527888840e+00
1.973000000000001197e+00 3.866224552454247121e+00
1.974000000000001309e+00 3.871225485553644319e+00
1.975000000000001421e+00 3.876226418825408970e+00
1.976000000000001311e+00 3.881227352268873165e+00
1.977000000000001201e+00 3.886228285883376543e+00
1.978000000000001313e+00 3.891229219668259631e+00
1.979000000000001425e+00 3.896230153622864734e+00
1.980000000000001315e+00 3.901231087746539927e+00
1.981000000000001204e+00 3.906232022038635954e+00
1.982000000000001316e+00 3.911232956498506663e+00
1.983000000000001428e+00 3.916233891125510347e+00
1.984000000000001318e+00 3.921234825919005740e+00
1.985000000000001208e+00 3.926235760878356462e+00
1.986000000000001320e+00 3.931236696002932796e+00
1.987000000000001432e+00 3.936237631292102357e+00
1.988000000000001322e+00 3.941238566745237204e+00
1.989000000000001211e+00 3.946239502361716056e+00
1.990000000000001323e+00 3.951240438140920297e+00
1.991000000000001435e+00 3.956241374082230422e+00
1.992000000000001325e+00 3.961242310185031812e+00
1.993000000000001215e+00 3.966243246448715620e+00
1.994000000000001327e+00 3.971244182872674333e+00
1.995000000000001439e+00 3.976245119456300881e+00
1.996000000000001329e+00 3.981246056198995298e+00
1.997000000000001219e+00 3.986246993100158065e+00
1.998000000000001330e+00 3.991247930159194102e+00
1.999000000000001442e+00 3.996248867375511438e+00
