5.000000000000000000e-01 5.000000000000000000e-01
5.010000000000000009e-01 5.010000000000000009e-01
5.020000000000000018e-01 5.020000000000000018e-01
5.030000000000000027e-01 5.030000000000000027e-01
5.040000000000000036e-01 5.040000000000000036e-01
5.050000000000000044e-01 5.050000000000000044e-01
5.060000000000000053e-01 5.060000000000000053e-01
5.070000000000000062e-01 5.070000000000000062e-01
5.080000000000000071e-01 5.080000000000000071e-01
5.090000000000000080e-01 5.090000000000000080e-01
5.100000000000000089e-01 5.100000000000000089e-01
5.110000000000000098e-01 5.110000000000000098e-01
5.120000000000000107e-01 5.120000000000000107e-01
5.130000000000000115e-01 5.130000000000000115e-01
5.140000000000000124e-01 5.140000000000000124e-01
5.150000000000000133e-01 5.150000000000000133e-01
5.160000000000000142e-01 5.160000000000000142e-01
5.170000000000000151e-01 5.170000000000000151e-01
5.180000000000000160e-01 5.180000000000000160e-01
5.190000000000000169e-01 5.190000000000000169e-01
5.200000000000000178e-01 5.200000000000000178e-01
5.210000000000000187e-01 5.210000000000000187e-01
5.220000000000000195e-01 5.220000000000000195e-01
5.230000000000000204e-01 5.230000000000000204e-01
5.240000000000000213e-01 5.240000000000000213e-01
5.250000000000000222e-01 5.250000000000000222e-01
5.260000000000000231e-01 5.260000000000000231e-01
5.270000000000000240e-01 5.270000000000000240e-01
5.280000000000000249e-01 5.280000000000000249e-01
5.290000000000000258e-01 5.290000000000000258e-01
5.300000000000000266e-01 5.300000000000000266e-01
5.310000000000000275e-01 5.310000000000000275e-01
5.320000000000000284e-01 5.320000000000000284e-01
5.330000000000000293e-01 5.330000000000000293e-01
5.340000000000000302e-01 5.340000000000000302e-01
5.350000000000000311e-01 5.350000000000000311e-01
5.360000000000000320e-01 5.360000000000000320e-01
5.370000000000000329e-01 5.370000000000000329e-01
5.380000000000000338e-01 5.380000000000000338e-01
5.390000000000000346e-01 5.390000000000000346e-01
5.400000000000000355e-01 5.400000000000000355e-01
5.410000000000000364e-01 5.410000000000000364e-01
5.420000000000000373e-01 5.420000000000000373e-01
5.430000000000000382e-01 5.430000000000000382e-01
5.440000000000000391e-01 5.440000000000000391e-01
5.450000000000000400e-01 5.450000000000000400e-01
5.460000000000000409e-01 5.460000000000000409e-01
5.470000000000000417e-01 5.470000000000000417e-01
5.480000000000000426e-01 5.480000000000000426e-01
5.490000000000000435e-01 5.490000000000000435e-01
5.500000000000000444e-01 5.500000000000000444e-01
5.510000000000000453e-01 5.510000000000000453e-01
5.520000000000000462e-01 5.520000000000000462e-01
5.530000000000000471e-01 5.530000000000000471e-01
5.540000000000000480e-01 5.540000000000000480e-01
5.550000000000000488e-01 5.550000000000000488e-01
5.560000000000000497e-01 5.560000000000000497e-01
5.570000000000000506e-01 5.570000000000000506e-01
5.580000000000000515e-01 5.580000000000000515e-01
5.590000000000000524e-01 5.590000000000000524e-01
5.600000000000000533e-01 5.600000000000000533e-01
5.610000000000000542e-01 5.610000000000000542e-01
5.620000000000000551e-01 5.620000000000000551e-01
5.630000000000000560e-01 5.630000000000000560e-01
5.640000000000000568e-01 5.640000000000000568e-01
5.650000000000000577e-01 5.650000000000000577e-01
5.660000000000000586e-01 5.660000000000000586e-01
5.670000000000000595e-01 5.670000000000000595e-01
5.680000000000000604e-01 5.680000000000000604e-01
5.690000000000000613e-01 5.690000000000000613e-01
5.700000000000000622e-01 5.700000000000000622e-01
5.710000000000000631e-01 5.710000000000000631e-01
5.720000000000000639e-01 5.720000000000000639e-01
5.730000000000000648e-01 5.730000000000000648e-01
5.740000000000000657e-01 5.740000000000000657e-01
5.750000000000000666e-01 5.750000000000000666e-01
5.760000000000000675e-01 5.760000000000000675e-01
5.770000000000000684e-01 5.770000000000000684e-01
5.780000000000000693e-01 5.780000000000000693e-01
5.790000000000000702e-01 5.790000000000000702e-01
5.800000000000000711e-01 5.800000000000000711e-01
5.810000000000000719e-01 5.810000000000000719e-01
5.820000000000000728e-01 5.820000000000000728e-01
5.830000000000000737e-01 5.830000000000000737e-01
5.840000000000000746e-01 5.840000000000000746e-01
5.850000000000000755e-01 5.850000000000000755e-01
5.860000000000000764e-01 5.860000000000000764e-01
5.870000000000000773e-01 5.870000000000000773e-01
5.880000000000000782e-01 5.880000000000000782e-01
5.890000000000000790e-01 5.890000000000000790e-01
5.900000000000000799e-01 5.900000000000000799e-01
5.910000000000000808e-01 5.910000000000000808e-01
5.920000000000000817e-01 5.920000000000000817e-01
5.930000000000000826e-01 5.930000000000000826e-01
5.940000000000000835e-01 5.940000000000000835e-01
5.950000000000000844e-01 5.950000000000000844e-01
5.960000000000000853e-01 5.960000000000000853e-01
5.970000000000000862e-01 5.970000000000000862e-01
5.980000000000000870e-01 5.980000000000000870e-01
5.990000000000000879e-01 5.990000000000000879e-01
6.000000000000000888e-01 6.000000000000000888e-01
6.010000000000000897e-01 6.010000000000000897e-01
6.020000000000000906e-01 6.020000000000000906e-01
6.030000000000000915e-01 6.030000000000000915e-01
6.040000000000000924e-01 6.040000000000000924e-01
6.050000000000000933e-01 6.050000000000000933e-01
6.060000000000000941e-01 6.060000000000000941e-01
6.070000000000000950e-01 6.070000000000000950e-01
6.080000000000000959e-01 6.080000000000000959e-01
6.090000000000000968e-01 6.090000000000000968e-01
6.100000000000000977e-01 6.100000000000000977e-01
6.110000000000000986e-01 6.110000000000000986e-01
6.120000000000000995e-01 6.120000000000000995e-01
6.130000000000001004e-01 6.130000000000001004e-01
6.140000000000001013e-01 6.140000000000001013e-01
6.150000000000001021e-01 6.150000000000001021e-01
6.160000000000001030e-01 6.160000000000001030e-01
6.170000000000001039e-01 6.170000000000001039e-01
6.180000000000001048e-01 6.180000000000001048e-01
6.190000000000001057e-01 6.190000000000001057e-01
6.200000000000001066e-01 6.200000000000001066e-01
6.210000000000001075e-01 6.210000000000001075e-01
6.220000000000001084e-01 6.220000000000001084e-01
6.230000000000001092e-01 6.230000000000001092e-01
6.240000000000001101e-01 6.240000000000001101e-01
6.250000000000001110e-01 6.250000000000001110e-01
6.260000000000001119e-01 6.260000000000001119e-01
6.270000000000001128e-01 6.270000000000001128e-01
6.280000000000001137e-01 6.280000000000001137e-01
6.290000000000001146e-01 6.290000000000001146e-01
6.300000000000001155e-01 6.300000000000001155e-01
6.310000000000001164e-01 6.310000000000001164e-01
6.320000000000001172e-01 6.320000000000001172e-01
6.330000000000001181e-01 6.330000000000001181e-01
6.340000000000001190e-01 6.340000000000001190e-01
6.350000000000001199e-01 6.350000000000001199e-01
6.360000000000001208e-01 6.360000000000001208e-01
6.370000000000001217e-01 6.370000000000001217e-01
6.380000000000001226e-01 6.380000000000001226e-01
6.390000000000001235e-01 6.390000000000001235e-01
6.400000000000001243e-01 6.400000000000001243e-01
6.410000000000001252e-01 6.410000000000001252e-01
6.420000000000001261e-01 6.420000000000001261e-01
6.430000000000001270e-01 6.430000000000001270e-01
6.440000000000001279e-01 6.440000000000001279e-01
6.450000000000001288e-01 6.450000000000001288e-01
6.460000000000001297e-01 6.460000000000001297e-01
6.470000000000001306e-01 6.470000000000001306e-01
6.480000000000001315e-01 6.480000000000001315e-01
6.490000000000001323e-01 6.490000000000001323e-01
6.500000000000001332e-01 6.500000000000001332e-01
6.510000000000001341e-01 6.510000000000001341e-01
6.520000000000001350e-01 6.520000000000001350e-01
6.530000000000001359e-01 6.530000000000001359e-01
6.540000000000001368e-01 6.540000000000001368e-01
6.550000000000001377e-01 6.550000000000001377e-01
6.560000000000001386e-01 6.560000000000001386e-01
6.570000000000001394e-01 6.570000000000001394e-01
6.580000000000001403e-01 6.580000000000001403e-01
6.590000000000001412e-01 6.590000000000001412e-01
6.600000000000001421e-01 6.600000000000001421e-01
6.610000000000001430e-01 6.610000000000001430e-01
6.620000000000001439e-01 6.620000000000001439e-01
6.630000000000001448e-01 6.630000000000001448e-01
6.640000000000001457e-01 6.640000000000001457e-01
6.650000000000001465e-01 6.650000000000001465e-01
6.660000000000001474e-01 6.660000000000001474e-01
6.670000000000001483e-01 6.670000000000001483e-01
6.680000000000001492e-01 6.680000000000001492e-01
6.690000000000001501e-01 6.690000000000001501e-01
6.700000000000001510e-01 6.700000000000001510e-01
6.710000000000001519e-01 6.710000000000001519e-01
6.720000000000001528e-01 6.720000000000001528e-01
6.730000000000001537e-01 6.730000000000001537e-01
6.740000000000001545e-01 6.740000000000001545e-01
6.750000000000001554e-01 6.750000000000001554e-01
6.760000000000001563e-01 6.760000000000001563e-01
6.770000000000001572e-01 6.770000000000001572e-01
6.780000000000001581e-01 6.780000000000001581e-01
6.790000000000001590e-01 6.790000000000001590e-01
6.800000000000001599e-01 6.800000000000001599e-01
6.810000000000001608e-01 6.810000000000001608e-01
6.820000000000001616e-01 6.820000000000001616e-01
6.830000000000001625e-01 6.830000000000001625e-01
6.840000000000001634e-01 6.840000000000001634e-01
6.850000000000001643e-01 6.850000000000001643e-01
6.860000000000001652e-01 6.860000000000001652e-01
6.870000000000001661e-01 6.870000000000001661e-01
6.880000000000001670e-01 6.880000000000001670e-01
6.890000000000001679e-01 6.890000000000001679e-01
6.900000000000001688e-01 6.900000000000001688e-01
6.910000000000001696e-01 6.910000000000001696e-01
6.920000000000001705e-01 6.920000000000001705e-01
6.930000000000001714e-01 6.930000000000001714e-01
6.940000000000001723e-01 6.940000000000001723e-01
6.950000000000001732e-01 6.950000000000001732e-01
6.960000000000001741e-01 6.960000000000001741e-01
6.970000000000001750e-01 6.970000000000001750e-01
6.980000000000001759e-01 6.980000000000001759e-01
6.990000000000001767e-01 6.990000000000001767e-01
7.000000000000001776e-01 7.000000000000001776e-01
7.010000000000001785e-01 7.010000000000001785e-01
7.020000000000001794e-01 7.020000000000001794e-01
7.030000000000001803e-01 7.030000000000001803e-01
7.040000000000001812e-01 7.040000000000001812e-01
7.050000000000001821e-01 7.050000000000001821e-01
7.060000000000001830e-01 7.060000000000001830e-01
7.070000000000001839e-01 7.070000000000001839e-01
7.080000000000001847e-01 7.080000000000001847e-01
7.090000000000001856e-01 7.090000000000001856e-01
7.100000000000001865e-01 7.100000000000001865e-01
7.110000000000001874e-01 7.110000000000001874e-01
7.120000000000001883e-01 7.120000000000001883e-01
7.130000000000001892e-01 7.130000000000001892e-01
7.140000000000001901e-01 7.140000000000001901e-01
7.150000000000001910e-01 7.150000000000001910e-01
7.160000000000001918e-01 7.160000000000001918e-01
7.170000000000001927e-01 7.170000000000001927e-01
7.180000000000001936e-01 7.180000000000001936e-01
7.190000000000001945e-01 7.190000000000001945e-01
7.200000000000001954e-01 7.200000000000001954e-01
7.210000000000001963e-01 7.210000000000001963e-01
7.220000000000001972e-01 7.220000000000001972e-01
7.230000000000001981e-01 7.230000000000001981e-01
7.240000000000001990e-01 7.240000000000001990e-01
7.250000000000001998e-01 7.250000000000001998e-01
7.260000000000002007e-01 7.260000000000002007e-01
7.270000000000002016e-01 7.270000000000002016e-01
7.280000000000002025e-01 7.280000000000002025e-01
7.290000000000002034e-01 7.290000000000002034e-01
7.300000000000002043e-01 7.300000000000002043e-01
7.310000000000002052e-01 7.310000000000002052e-01
7.320000000000002061e-01 7.320000000000002061e-01
7.330000000000002069e-01 7.330000000000002069e-01
7.340000000000002078e-01 7.340000000000002078e-01
7.350000000000002087e-01 7.350000000000002087e-01
7.360000000000002096e-01 7.360000000000002096e-01
7.370000000000002105e-01 7.370000000000002105e-01
7.380000000000002114e-01 7.380000000000002114e-01
7.390000000000002123e-01 7.390000000000002123e-01
7.400000000000002132e-01 7.400000000000002132e-01
7.410000000000002141e-01 7.410000000000002141e-01
7.420000000000002149e-01 7.420000000000002149e-01
7.430000000000002158e-01 7.430000000000002158e-01
7.440000000000002167e-01 7.440000000000002167e-01
7.450000000000002176e-01 7.450000000000002176e-01
7.460000000000002185e-01 7.460000000000002185e-01
7.470000000000002194e-01 7.470000000000002194e-01
7.480000000000002203e-01 7.480000000000002203e-01
7.490000000000002212e-01 7.490000000000002212e-01
7.500000000000002220e-01 7.500000000000002220e-01
7.510000000000002229e-01 7.510000000000002229e-01
7.520000000000002238e-01 7.520000000000002238e-01
7.530000000000002247e-01 7.530000000000002247e-01
7.540000000000002256e-01 7.540000000000002256e-01
7.550000000000002265e-01 7.550000000000002265e-01
7.560000000000002274e-01 7.560000000000002274e-01
7.570000000000002283e-01 7.570000000000002283e-01
7.580000000000002292e-01 7.580000000000002292e-01
7.590000000000002300e-01 7.590000000000002300e-01
7.600000000000002309e-01 7.600000000000002309e-01
7.610000000000002318e-01 7.610000000000002318e-01
7.620000000000002327e-01 7.620000000000002327e-01
7.630000000000002336e-01 7.630000000000002336e-01
7.640000000000002345e-01 7.640000000000002345e-01
7.650000000000002354e-01 7.650000000000002354e-01
7.660000000000002363e-01 7.660000000000002363e-01
7.670000000000002371e-01 7.670000000000002371e-01
7.680000000000002380e-01 7.680000000000002380e-01
7.690000000000002389e-01 7.690000000000002389e-01
7.700000000000002398e-01 7.700000000000002398e-01
7.710000000000002407e-01 7.710000000000002407e-01
7.720000000000002416e-01 7.720000000000002416e-01
7.730000000000002425e-01 7.730000000000002425e-01
7.740000000000002434e-01 7.740000000000002434e-01
7.750000000000002442e-01 7.750000000000002442e-01
7.760000000000002451e-01 7.760000000000002451e-01
7.770000000000002460e-01 7.770000000000002460e-01
7.780000000000002469e-01 7.780000000000002469e-01
7.790000000000002478e-01 7.790000000000002478e-01
7.800000000000002487e-01 7.800000000000002487e-01
7.810000000000002496e-01 7.810000000000002496e-01
7.820000000000002505e-01 7.820000000000002505e-01
7.830000000000002514e-01 7.830000000000002514e-01
7.840000000000002522e-01 7.840000000000002522e-01
7.850000000000002531e-01 7.850000000000002531e-01
7.860000000000002540e-01 7.860000000000002540e-01
7.870000000000002549e-01 7.870000000000002549e-01
7.880000000000002558e-01 7.880000000000002558e-01
7.890000000000002567e-01 7.890000000000002567e-01
7.900000000000002576e-01 7.900000000000002576e-01
7.910000000000002585e-01 7.910000000000002585e-01
7.920000000000002593e-01 7.920000000000002593e-01
7.930000000000002602e-01 7.930000000000002602e-01
7.940000000000002611e-01 7.940000000000002611e-01
7.950000000000002620e-01 7.950000000000002620e-01
7.960000000000002629e-01 7.960000000000002629e-01
7.970000000000002638e-01 7.970000000000002638e-01
7.980000000000002647e-01 7.980000000000002647e-01
7.990000000000002656e-01 7.990000000000002656e-01
8.000000000000002665e-01 8.000000000000002665e-01
8.010000000000002673e-01 8.010000000000002673e-01
8.020000000000002682e-01 8.020000000000002682e-01
8.030000000000002691e-01 8.030000000000002691e-01
8.040000000000002700e-01 8.040000000000002700e-01
8.050000000000002709e-01 8.050000000000002709e-01
8.060000000000002718e-01 8.060000000000002718e-01
8.070000000000002727e-01 8.070000000000002727e-01
8.080000000000002736e-01 8.080000000000002736e-01
8.090000000000002744e-01 8.090000000000002744e-01
8.100000000000002753e-01 8.100000000000002753e-01
8.110000000000002762e-01 8.110000000000002762e-01
8.120000000000002771e-01 8.120000000000002771e-01
8.130000000000002780e-01 8.130000000000002780e-01
8.140000000000002789e-01 8.140000000000002789e-01
8.150000000000002798e-01 8.150000000000002798e-01
8.160000000000002807e-01 8.160000000000002807e-01
8.170000000000002816e-01 8.170000000000002816e-01
8.180000000000002824e-01 8.180000000000002824e-01
8.190000000000002833e-01 8.190000000000002833e-01
8.200000000000002842e-01 8.200000000000002842e-01
8.210000000000002851e-01 8.210000000000002851e-01
8.220000000000002860e-01 8.220000000000002860e-01
8.230000000000002869e-01 8.230000000000002869e-01
8.240000000000002878e-01 8.240000000000002878e-01
8.250000000000002887e-01 8.250000000000002887e-01
8.260000000000002895e-01 8.260000000000002895e-01
8.270000000000002904e-01 8.270000000000002904e-01
8.280000000000002913e-01 8.280000000000002913e-01
8.290000000000002922e-01 8.290000000000002922e-01
8.300000000000002931e-01 8.300000000000002931e-01
8.310000000000002940e-01 8.310000000000002940e-01
8.320000000000002949e-01 8.320000000000002949e-01
8.330000000000002958e-01 8.330000000000002958e-01
8.340000000000002967e-01 8.340000000000002967e-01
8.350000000000002975e-01 8.350000000000002975e-01
8.360000000000002984e-01 8.360000000000002984e-01
8.370000000000002993e-01 8.370000000000002993e-01
8.380000000000003002e-01 8.380000000000003002e-01
8.390000000000003011e-01 8.390000000000003011e-01
8.400000000000003020e-01 8.400000000000003020e-01
8.410000000000003029e-01 8.410000000000003029e-01
8.420000000000003038e-01 8.420000000000003038e-01
8.430000000000003046e-01 8.430000000000003046e-01
8.440000000000003055e-01 8.440000000000003055e-01
8.450000000000003064e-01 8.450000000000003064e-01
8.460000000000003073e-01 8.460000000000003073e-01
8.470000000000003082e-01 8.470000000000003082e-01
8.480000000000003091e-01 8.480000000000003091e-01
8.490000000000003100e-01 8.490000000000003100e-01
8.500000000000003109e-01 8.500000000000003109e-01
8.510000000000003118e-01 8.510000000000003118e-01
8.520000000000003126e-01 8.520000000000003126e-01
8.530000000000003135e-01 8.530000000000003135e-01
8.540000000000003144e-01 8.540000000000003144e-01
8.550000000000003153e-01 8.550000000000003153e-01
8.560000000000003162e-01 8.560000000000003162e-01
8.570000000000003171e-01 8.570000000000003171e-01
8.580000000000003180e-01 8.580000000000003180e-01
8.590000000000003189e-01 8.590000000000003189e-01
8.600000000000003197e-01 8.600000000000003197e-01
8.610000000000003206e-01 8.610000000000003206e-01
8.620000000000003215e-01 8.620000000000003215e-01
8.630000000000003224e-01 8.630000000000003224e-01
8.640000000000003233e-01 8.640000000000003233e-01
8.650000000000003242e-01 8.650000000000003242e-01
8.660000000000003251e-01 8.660000000000003251e-01
8.670000000000003260e-01 8.670000000000003260e-01
8.680000000000003268e-01 8.680000000000003268e-01
8.690000000000003277e-01 8.690000000000003277e-01
8.700000000000003286e-01 8.700000000000003286e-01
8.710000000000003295e-01 8.710000000000003295e-01
8.720000000000003304e-01 8.720000000000003304e-01
8.730000000000003313e-01 8.730000000000003313e-01
8.740000000000003322e-01 8.740000000000003322e-01
8.750000000000003331e-01 8.750000000000003331e-01
8.760000000000003340e-01 8.760000000000003340e-01
8.770000000000003348e-01 8.770000000000003348e-01
8.780000000000003357e-01 8.780000000000003357e-01
8.790000000000003366e-01 8.790000000000003366e-01
8.800000000000003375e-01 8.800000000000003375e-01
8.810000000000003384e-01 8.810000000000003384e-01
8.820000000000003393e-01 8.820000000000003393e-01
8.830000000000003402e-01 8.830000000000003402e-01
8.840000000000003411e-01 8.840000000000003411e-01
8.850000000000003419e-01 8.850000000000003419e-01
8.860000000000003428e-01 8.860000000000003428e-01
8.870000000000003437e-01 8.870000000000003437e-01
8.880000000000003446e-01 8.880000000000003446e-01
8.890000000000003455e-01 8.890000000000003455e-01
8.900000000000003464e-01 8.900000000000003464e-01
8.910000000000003473e-01 8.910000000000003473e-01
8.920000000000003482e-01 8.920000000000003482e-01
8.930000000000003491e-01 8.930000000000003491e-01
8.940000000000003499e-01 8.940000000000003499e-01
8.950000000000003508e-01 8.950000000000003508e-01
8.960000000000003517e-01 8.960000000000003517e-01
8.970000000000003526e-01 8.970000000000003526e-01
8.980000000000003535e-01 8.980000000000003535e-01
8.990000000000003544e-01 8.990000000000003544e-01
9.000000000000003553e-01 9.000000000000003553e-01
9.010000000000003562e-01 9.010000000000003562e-01
9.020000000000003570e-01 9.020000000000003570e-01
9.030000000000003579e-01 9.030000000000003579e-01
9.040000000000003588e-01 9.040000000000003588e-01
9.050000000000003597e-01 9.050000000000003597e-01
9.060000000000003606e-01 9.060000000000003606e-01
9.070000000000003615e-01 9.070000000000003615e-01
9.080000000000003624e-01 9.080000000000003624e-01
9.090000000000003633e-01 9.090000000000003633e-01
9.100000000000003642e-01 9.100000000000003642e-01
9.110000000000003650e-01 9.110000000000003650e-01
9.120000000000003659e-01 9.120000000000003659e-01
9.130000000000003668e-01 9.130000000000003668e-01
9.140000000000003677e-01 9.140000000000003677e-01
9.150000000000003686e-01 9.150000000000003686e-01
9.160000000000003695e-01 9.160000000000003695e-01
9.170000000000003704e-01 9.170000000000003704e-01
9.180000000000003713e-01 9.180000000000003713e-01
9.190000000000003721e-01 9.190000000000003721e-01
9.200000000000003730e-01 9.200000000000003730e-01
9.210000000000003739e-01 9.210000000000003739e-01
9.220000000000003748e-01 9.220000000000003748e-01
9.230000000000003757e-01 9.230000000000003757e-01
9.240000000000003766e-01 9.240000000000003766e-01
9.250000000000003775e-01 9.250000000000003775e-01
9.260000000000003784e-01 9.260000000000003784e-01
9.270000000000003793e-01 9.270000000000003793e-01
9.280000000000003801e-01 9.280000000000003801e-01
9.290000000000003810e-01 9.290000000000003810e-01
9.300000000000003819e-01 9.300000000000003819e-01
9.310000000000003828e-01 9.310000000000003828e-01
9.320000000000003837e-01 9.320000000000003837e-01
9.330000000000003846e-01 9.330000000000003846e-01
9.340000000000003855e-01 9.340000000000003855e-01
9.350000000000003864e-01 9.350000000000003864e-01
9.360000000000003872e-01 9.360000000000003872e-01
9.370000000000003881e-01 9.370000000000003881e-01
9.380000000000003890e-01 9.380000000000003890e-01
9.390000000000003899e-01 9.390000000000003899e-01
9.400000000000003908e-01 9.400000000000003908e-01
9.410000000000003917e-01 9.410000000000003917e-01
9.420000000000003926e-01 9.420000000000003926e-01
9.430000000000003935e-01 9.430000000000003935e-01
9.440000000000003944e-01 9.440000000000003944e-01
9.450000000000003952e-01 9.450000000000003952e-01
9.460000000000003961e-01 9.460000000000003961e-01
9.470000000000003970e-01 9.470000000000003970e-01
9.480000000000003979e-01 9.480000000000003979e-01
9.490000000000003988e-01 9.490000000000003988e-01
9.500000000000003997e-01 9.500000000000003997e-01
9.510000000000004006e-01 9.510000000000004006e-01
9.520000000000004015e-01 9.520000000000004015e-01
9.530000000000004023e-01 9.530000000000004023e-01
9.540000000000004032e-01 9.540000000000004032e-01
9.550000000000004041e-01 9.550000000000004041e-01
9.560000000000004050e-01 9.560000000000004050e-01
9.570000000000004059e-01 9.570000000000004059e-01
9.580000000000004068e-01 9.580000000000004068e-01
9.590000000000004077e-01 9.590000000000004077e-01
9.600000000000004086e-01 9.600000000000004086e-01
9.610000000000004095e-01 9.610000000000004095e-01
9.620000000000004103e-01 9.620000000000004103e-01
9.630000000000004112e-01 9.630000000000004112e-01
9.640000000000004121e-01 9.640000000000004121e-01
9.650000000000004130e-01 9.650000000000004130e-01
9.660000000000004139e-01 9.660000000000004139e-01
9.670000000000004148e-01 9.670000000000004148e-01
9.680000000000004157e-01 9.680000000000004157e-01
9.690000000000004166e-01 9.690000000000004166e-01
9.700000000000004174e-01 9.700000000000004174e-01
9.710000000000004183e-01 9.710000000000004183e-01
9.720000000000004192e-01 9.720000000000004192e-01
9.730000000000004201e-01 9.730000000000004201e-01
9.740000000000004210e-01 9.740000000000004210e-01
9.750000000000004219e-01 9.750000000000004219e-01
9.760000000000004228e-01 9.760000000000004228e-01
9.770000000000004237e-01 9.770000000000004237e-01
9.780000000000004245e-01 9.780000000000004245e-01
9.790000000000004254e-01 9.790000000000004254e-01
9.800000000000004263e-01 9.800000000000004263e-01
9.810000000000004272e-01 9.810000000000004272e-01
9.820000000000004281e-01 9.820000000000004281e-01
9.830000000000004290e-01 9.830000000000004290e-01
9.840000000000004299e-01 9.840000000000004299e-01
9.850000000000004308e-01 9.850000000000004308e-01
9.860000000000004317e-01 9.860000000000004317e-01
9.870000000000004325e-01 9.870000000000004325e-01
9.880000000000004334e-01 9.880000000000004334e-01
9.890000000000004343e-01 9.890000000000004343e-01
9.900000000000004352e-01 9.900000000000004352e-01
9.910000000000004361e-01 9.910000000000004361e-01
9.920000000000004370e-01 9.920000000000004370e-01
9.930000000000004379e-01 9.930000000000004379e-01
9.940000000000004388e-01 9.940000000000004388e-01
9.950000000000004396e-01 9.950000000000004396e-01
9.960000000000004405e-01 9.960000000000004405e-01
9.970000000000004414e-01 9.970000000000004414e-01
9.980000000000004423e-01 9.980000000000004423e-01
9.990000000000004432e-01 9.990000000000004432e-01
1.000000000000000444e+00 9.999999999999955591e-01
1.001000000000000334e+00 9.900005050503728476e-01
1.002000000000000446e+00 9.800020408141970618e-01
1.003000000000000558e+00 9.700046391641584664e-01
1.004000000000000448e+00 9.600083332971601768e-01
1.005000000000000338e+00 9.500131578036136171e-01
1.006000000000000449e+00 9.400191487411262425e-01
1.007000000000000561e+00 9.300263437129022703e-01
1.008000000000000451e+00 9.200347819511996983e-01
1.009000000000000341e+00 9.100445044062371869e-01
1.010000000000000453e+00 9.000555538409792389e-01
1.011000000000000565e+00 8.900679749322463197e-01
1.012000000000000455e+00 8.800818143786360848e-01
1.013000000000000345e+00 8.700971210158059410e-01
1.014000000000000457e+00 8.601139459397180165e-01
1.015000000000000568e+00 8.501323426384802540e-01
1.016000000000000458e+00 8.401523671334815146e-01
1.017000000000000348e+00 8.301740781306016226e-01
1.018000000000000460e+00 8.201975371823500005e-01
1.019000000000000572e+00 8.102228088618529389e-01
1.020000000000000462e+00 8.002499609496976918e-01
1.021000000000000352e+00 7.902790646347620518e-01
1.022000000000000464e+00 7.803101947302705232e-01
1.023000000000000576e+00 7.703434299064224611e-01
1.024000000000000465e+00 7.603788529410802077e-01
1.025000000000000355e+00 7.504165509901781217e-01
1.026000000000000467e+00 7.404566158796834774e-01
1.027000000000000579e+00 7.304991444211221818e-01
1.028000000000000469e+00 7.205442387528980808e-01
1.029000000000000359e+00 7.105920067098946413e-01
1.030000000000000471e+00 7.006425622241296836e-01
1.031000000000000583e+00 6.906960257595174957e-01
1.032000000000000473e+00 6.807525247841491600e-01
1.033000000000000362e+00 6.708121942839107010e-01
1.034000000000000474e+00 6.608751773217040881e-01
1.035000000000000586e+00 6.509416256470256235e-01
1.036000000000000476e+00 6.410117003612288977e-01
1.037000000000000366e+00 6.310855726444675184e-01
1.038000000000000478e+00 6.211634245510549990e-01
1.039000000000000590e+00 6.112454498808091996e-01
1.040000000000000480e+00 6.013318551349116081e-01
1.041000000000000369e+00 5.914228605659369586e-01
1.042000000000000481e+00 5.815187013329790044e-01
1.043000000000000593e+00 5.716196287742342230e-01
1.044000000000000483e+00 5.617259118110847771e-01
1.045000000000000373e+00 5.518378384996772690e-01
1.046000000000000485e+00 5.419557177482260402e-01
1.047000000000000597e+00 5.320798812208499262e-01
1.048000000000000487e+00 5.222106854517580832e-01
1.049000000000000377e+00 5.123485141971196866e-01
1.050000000000000488e+00 5.024937810560397011e-01
1.051000000000000600e+00 4.926469323968171721e-01
1.052000000000000490e+00 4.828084506302632306e-01
1.053000000000000380e+00 4.729788578784430708e-01
1.054000000000000492e+00 4.631587200949535132e-01
1.055000000000000604e+00 4.533486517019705841e-01
1.056000000000000494e+00 4.435493208201267690e-01
1.057000000000000384e+00 4.337614551801447504e-01
1.058000000000000496e+00 4.239858488204481524e-01
1.059000000000000608e+00 4.142233696932068332e-01
1.060000000000000497e+00 4.044749683231288473e-01
1.061000000000000387e+00 3.947416876895535331e-01
1.062000000000000499e+00 3.850246745339787613e-01
1.063000000000000611e+00 3.753251923332559525e-01
1.064000000000000501e+00 3.656446362248412241e-01
1.065000000000000391e+00 3.559845502265475137e-01
1.066000000000000503e+00 3.463466471614770059e-01
1.067000000000000615e+00 3.367328317821058903e-01
1.068000000000000504e+00 3.271452276894725730e-01
1.069000000000000394e+00 3.175862087685761281e-01
1.070000000000000506e+00 3.080584360149824508e-01
1.071000000000000618e+00 2.985649008172201468e-01
1.072000000000000508e+00 2.891089759934776238e-01
1.073000000000000398e+00 2.796944761699771687e-01
1.074000000000000510e+00 2.703257294450482351e-01
1.075000000000000622e+00 2.610076627227579937e-01
1.076000000000000512e+00 2.517459036409482875e-01
1.077000000000000401e+00 2.425469026806943429e-01
1.078000000000000513e+00 2.334180798481510499e-01
1.079000000000000625e+00 2.243680012835998772e-01
1.080000000000000515e+00 2.154065922853755644e-01
1.081000000000000405e+00 2.065453945262361035e-01
1.082000000000000517e+00 1.977978766316722259e-01
1.083000000000000629e+00 1.891798086477464724e-01
1.084000000000000519e+00 1.807097119692199216e-01
1.085000000000000409e+00 1.724093964956633085e-01
1.086000000000000520e+00 1.643045951883227995e-01
1.087000000000000632e+00 1.564257012130630120e-01
1.088000000000000522e+00 1.488086019019022876e-01
1.089000000000000412e+00 1.414955829699258427e-01
1.090000000000000524e+00 1.345362404707335646e-01
1.091000000000000636e+00 1.279882807135050704e-01
1.092000000000000526e+00 1.219180052330223196e-01
1.093000000000000416e+00 1.164001718211768593e-01
1.094000000000000528e+00 1.115168148756028044e-01
1.095000000000000639e+00 1.073545527679170275e-01
1.096000000000000529e+00 1.039999999999984548e-01
1.097000000000000419e+00 1.015332457867856725e-01
1.098000000000000531e+00 1.000199980003993599e-01
1.099000000000000643e+00 9.950376877284597410e-02
1.100000000000000533e+00 1.000000000000005329e-01
1.101000000000000423e+00 1.014938421777408645e-01
1.102000000000000535e+00 1.039422916814918274e-01
1.103000000000000647e+00 1.072800074571237244e-01
1.104000000000000536e+00 1.114271062174753829e-01
1.105000000000000426e+00 1.162970334961322960e-01
1.106000000000000538e+00 1.218031198286840255e-01
1.107000000000000650e+00 1.278632081562207923e-01
1.108000000000000540e+00 1.344023809312951956e-01
1.109000000000000430e+00 1.413541651314204062e-01
1.110000000000000542e+00 1.486606874731890848e-01
1.111000000000000654e+00 1.562721984231411065e-01
1.112000000000000544e+00 1.641462762294698674e-01
1.113000000000000433e+00 1.722469157924205740e-01
1.114000000000000545e+00 1.805436235373646392e-01
1.115000000000000657e+00 1.890105817143636069e-01
1.116000000000000547e+00 1.976259092325747813e-01
1.117000000000000437e+00 2.063710250980054506e-01
1.118000000000000549e+00 2.152301094178091789e-01
1.119000000000000661e+00 2.241896518575348107e-01
1.120000000000000551e+00 2.332380757938170290e-01
1.121000000000000441e+00 2.423654265773110550e-01
1.122000000000000552e+00 2.515631133532946206e-01
1.123000000000000664e+00 2.608236952425971866e-01
1.124000000000000554e+00 2.701407040784539193e-01
1.125000000000000444e+00 2.795084971874778890e-01
1.126000000000000556e+00 2.889221348391345368e-01
1.127000000000000668e+00 2.983772779552822385e-01
1.128000000000000558e+00 3.078701024783070395e-01
1.129000000000000448e+00 3.173972274611149280e-01
1.130000000000000560e+00 3.269556544854416713e-01
1.131000000000000671e+00 3.365427164566250906e-01
1.132000000000000561e+00 3.461560341811243391e-01
1.133000000000000451e+00 3.557934794231101261e-01
1.134000000000000563e+00 3.654531433713547606e-01
1.135000000000000675e+00 3.751333096380604082e-01
1.136000000000000565e+00 3.848324310657876834e-01
1.137000000000000455e+00 3.945491097442794803e-01
1.138000000000000567e+00 4.042820797413663181e-01
1.139000000000000679e+00 4.140301921357976145e-01
1.140000000000000568e+00 4.237924020083473353e-01
1.141000000000000458e+00 4.335677571037817590e-01
1.142000000000000570e+00 4.433553879226065919e-01
1.143000000000000682e+00 4.531544990397933237e-01
1.144000000000000572e+00 4.629643614793747530e-01
1.145000000000000462e+00 4.727843060001085673e-01
1.146000000000000574e+00 4.826137171693376526e-01
1.147000000000000686e+00 4.924520281205130856e-01
1.148000000000000576e+00 5.022987159051929273e-01
1.149000000000000465e+00 5.121532973632061392e-01
1.150000000000000577e+00 5.220153254455331959e-01
1.151000000000000689e+00 5.318843859336418456e-01
1.152000000000000579e+00 5.417600945067901907e-01
1.153000000000000469e+00 5.516420941153830082e-01
1.154000000000000581e+00 5.615300526240839529e-01
1.155000000000000693e+00 5.714236606931916151e-01
1.156000000000000583e+00 5.813226298708891182e-01
1.157000000000000473e+00 5.912266908724652659e-01
1.158000000000000584e+00 6.011355920256319374e-01
1.159000000000000696e+00 6.110490978636728965e-01
1.160000000000000586e+00 6.209669878504067153e-01
1.161000000000000476e+00 6.308890552228703097e-01
1.162000000000000588e+00 6.408151059393087934e-01
1.163000000000000700e+00 6.507449577215400627e-01
1.164000000000000590e+00 6.606784391820333946e-01
1.165000000000000480e+00 6.706153890271281393e-01
1.166000000000000592e+00 6.805556553287968047e-01
1.167000000000000703e+00 6.904990948582117039e-01
1.168000000000000593e+00 7.004455724751269541e-01
1.169000000000000483e+00 7.103949605677160051e-01
1.170000000000000595e+00 7.203471385380860736e-01
1.171000000000000707e+00 7.303019923292077831e-01
1.172000000000000597e+00 7.402594139894532743e-01
1.173000000000000487e+00 7.502193012713064268e-01
1.174000000000000599e+00 7.601815572611644312e-01
1.175000000000000711e+00 7.701460900374752505e-01
1.176000000000000600e+00 7.801128123547320659e-01
1.177000000000000490e+00 7.900816413510743930e-01
1.178000000000000602e+00 8.000524982774628313e-01
1.179000000000000714e+00 8.100253082466075671e-01
1.180000000000000604e+00 8.200000000000060574e-01
1.181000000000000494e+00 8.299765056915816563e-01
1.182000000000000606e+00 8.399547606865563898e-01
1.183000000000000718e+00 8.499347033743310798e-01
1.184000000000000608e+00 8.599162749942638184e-01
1.185000000000000497e+00 8.698994194733139507e-01
1.186000000000000609e+00 8.798840832746155360e-01
1.187000000000000721e+00 8.898702152561421830e-01
1.188000000000000611e+00 8.998577665386964242e-01
1.189000000000000501e+00 9.098466903825112029e-01
1.190000000000000613e+00 9.198369420718062184e-01
1.191000000000000725e+00 9.298284788067170403e-01
1.192000000000000615e+00 9.398212596020647513e-01
1.193000000000000504e+00 9.498152451924581907e-01
1.194000000000000616e+00 9.598103979432666133e-01
1.195000000000000728e+00 9.698066817670489836e-01
1.196000000000000618e+00 9.798040620450663152e-01
1.197000000000000508e+00 9.898025055535119021e-01
1.198000000000000620e+00 9.998019803941240458e-01
1.199000000000000732e+00 1.009802455928888509e+00
1.200000000000000622e+00 1.019803902718563249e+00
1.201000000000000512e+00 1.029806292464757966e+00
1.202000000000000624e+00 1.039809597955324127e+00
1.203000000000000735e+00 1.049813793012844609e+00
1.204000000000000625e+00 1.059818852446026805e+00
1.205000000000000515e+00 1.069824752003808888e+00
1.206000000000000627e+00 1.079831468331986288e+00
1.207000000000000739e+00 1.089838978932216484e+00
1.208000000000000629e+00 1.099847262123252234e+00
1.209000000000000519e+00 1.109856297004261583e+00
1.210000000000000631e+00 1.119866063420092317e+00
1.211000000000000743e+00 1.129876541928372280e+00
1.212000000000000632e+00 1.139887713768340749e+00
1.213000000000000522e+00 1.149899560831298073e+00
1.214000000000000634e+00 1.159912065632569655e+00
1.215000000000000746e+00 1.169925211284899902e+00
1.216000000000000636e+00 1.179938981473201087e+00
1.217000000000000526e+00 1.189953360430572760e+00
1.218000000000000638e+00 1.199968332915504643e+00
1.219000000000000750e+00 1.209983884190206194e+00
1.220000000000000639e+00 1.220000000000006413e+00
1.221000000000000529e+00 1.230016666553755744e+00
1.222000000000000641e+00 1.240033870505163227e+00
1.223000000000000753e+00 1.250051598935027597e+00
1.224000000000000643e+00 1.260069839334318820e+00
1.225000000000000533e+00 1.270088579588058986e+00
1.226000000000000645e+00 1.280107807959945498e+00
1.227000000000000757e+00 1.290127513077687693e+00
1.228000000000000647e+00 1.300147683919029573e+00
1.229000000000000536e+00 1.310168309798406705e+00
1.230000000000000648e+00 1.320189380354203967e+00
1.231000000000000760e+00 1.330210885536583065e+00
1.232000000000000650e+00 1.340232815595864047e+00
1.233000000000000540e+00 1.350255161071423071e+00
1.234000000000000652e+00 1.360277912781067577e+00
1.235000000000000764e+00 1.370301061810878407e+00
1.236000000000000654e+00 1.380324599505499572e+00
1.237000000000000544e+00 1.390348517458847466e+00
1.238000000000000655e+00 1.400372807505207984e+00
1.239000000000000767e+00 1.410397461710712896e+00
1.240000000000000657e+00 1.420422472365183042e+00
1.241000000000000547e+00 1.430447831974314132e+00
1.242000000000000659e+00 1.440473533252179861e+00
1.243000000000000771e+00 1.450499569114042320e+00
1.244000000000000661e+00 1.460525932669467952e+00
1.245000000000000551e+00 1.470552617215724167e+00
1.246000000000000663e+00 1.480579616231433748e+00
1.247000000000000774e+00 1.490606923370485060e+00
1.248000000000000664e+00 1.500634532456194048e+00
1.249000000000000554e+00 1.510662437475697839e+00
1.250000000000000666e+00 1.520690632574561718e+00
1.251000000000000778e+00 1.530719112051595054e+00
1.252000000000000668e+00 1.540747870353881277e+00
1.253000000000000558e+00 1.550776902071996144e+00
1.254000000000000670e+00 1.560806201935403870e+00
1.255000000000000782e+00 1.570835764808028667e+00
1.256000000000000671e+00 1.580865585684001484e+00
1.257000000000000561e+00 1.590895659683568830e+00
1.258000000000000673e+00 1.600925982049145713e+00
1.259000000000000785e+00 1.610956548141515121e+00
1.260000000000000675e+00 1.620987353436177170e+00
1.261000000000000565e+00 1.631018393519833465e+00
1.262000000000000677e+00 1.641049664086989823e+00
1.263000000000000789e+00 1.651081160936683334e+00
1.264000000000000679e+00 1.661112879969336209e+00
1.265000000000000568e+00 1.671144817183723097e+00
1.266000000000000680e+00 1.681176968674036543e+00
1.267000000000000792e+00 1.691209330627059471e+00
1.268000000000000682e+00 1.701241899319442252e+00
1.269000000000000572e+00 1.711274671115078361e+00
1.270000000000000684e+00 1.721307642462561960e+00
1.271000000000000796e+00 1.731340809892733867e+00
1.272000000000000686e+00 1.741374170016319001e+00
1.273000000000000576e+00 1.751407719521648199e+00
1.274000000000000687e+00 1.761441455172445991e+00
1.275000000000000799e+00 1.771475373805695419e+00
1.276000000000000689e+00 1.781509472329581678e+00
1.277000000000000579e+00 1.791543747721506596e+00
1.278000000000000691e+00 1.801578197026158845e+00
1.279000000000000803e+00 1.811612817353649874e+00
1.280000000000000693e+00 1.821647605877718901e+00
1.281000000000000583e+00 1.831682559833996304e+00
1.282000000000000695e+00 1.841717676518316305e+00
1.283000000000000806e+00 1.851752953285083825e+00
1.284000000000000696e+00 1.861788387545702417e+00
1.285000000000000586e+00 1.871823976767052145e+00
1.286000000000000698e+00 1.881859718470010323e+00
1.287000000000000810e+00 1.891895610228014224e+00
1.288000000000000700e+00 1.901931649665683066e+00
1.289000000000000590e+00 1.911967834457479309e+00
1.290000000000000702e+00 1.922004162326405474e+00
1.291000000000000814e+00 1.932040631042740708e+00
1.292000000000000703e+00 1.942077238422825314e+00
1.293000000000000593e+00 1.952113982327882136e+00
1.294000000000000705e+00 1.962150860662866592e+00
1.295000000000000817e+00 1.972187871375349566e+00
1.296000000000000707e+00 1.982225012454445823e+00
1.297000000000000597e+00 1.992262281929772394e+00
1.298000000000000709e+00 2.002299677870430283e+00
1.299000000000000821e+00 2.012337198384016812e+00
1.300000000000000711e+00 2.022374841615675489e+00
1.301000000000000600e+00 2.032412605747175416e+00
1.302000000000000712e+00 2.042450488996007341e+00
1.303000000000000824e+00 2.052488489614505696e+00
1.304000000000000714e+00 2.062526605889007492e+00
1.305000000000000604e+00 2.072564836139035194e+00
1.306000000000000716e+00 2.082603178716490255e+00
1.307000000000000828e+00 2.092641632004876850e+00
1.308000000000000718e+00 2.102680194418549586e+00
1.309000000000000608e+00 2.112718864401987862e+00
1.310000000000000719e+00 2.122757640429079107e+00
1.311000000000000831e+00 2.132796521002422452e+00
1.312000000000000721e+00 2.142835504652662593e+00
1.313000000000000611e+00 2.152874589937840977e+00
1.314000000000000723e+00 2.162913775442754982e+00
1.315000000000000835e+00 2.172953059778337082e+00
1.316000000000000725e+00 2.182992441581058429e+00
1.317000000000000615e+00 2.193031919512351102e+00
1.318000000000000727e+00 2.203071492258032116e+00
1.319000000000000838e+00 2.213111158527749200e+00
1.320000000000000728e+00 2.223150917054447895e+00
1.321000000000000618e+00 2.233190766593850185e+00
1.322000000000000730e+00 2.243230705923943358e+00
1.323000000000000842e+00 2.253270733844479068e+00
1.324000000000000732e+00 2.263310849176496387e+00
1.325000000000000622e+00 2.273351050761854619e+00
1.326000000000000734e+00 2.283391337462773674e+00
1.327000000000000846e+00 2.293431708161382865e+00
1.328000000000000735e+00 2.303472161759293702e+00
1.329000000000000625e+00 2.313512697177179778e+00
1.330000000000000737e+00 2.323553313354361993e+00
1.331000000000000849e+00 2.333594009248403989e+00
1.332000000000000739e+00 2.343634783834724455e+00
1.333000000000000629e+00 2.353675636106222324e+00
1.334000000000000741e+00 2.363716565072901066e+00
1.335000000000000853e+00 2.373757569761503650e+00
1.336000000000000743e+00 2.383798649215163046e+00
1.337000000000000632e+00 2.393839802493063829e+00
1.338000000000000744e+00 2.403881028670103781e+00
1.339000000000000856e+00 2.413922326836561716e+00
1.340000000000000746e+00 2.423963696097785281e+00
1.341000000000000636e+00 2.434005135573881873e+00
1.342000000000000748e+00 2.444046644399413992e+00
1.343000000000000860e+00 2.454088221723099039e+00
1.344000000000000750e+00 2.464129866707523320e+00
1.345000000000000639e+00 2.474171578528868487e+00
1.346000000000000751e+00 2.484213356376629100e+00
1.347000000000000863e+00 2.494255199453344396e+00
1.348000000000000753e+00 2.504297106974337606e+00
1.349000000000000643e+00 2.514339078167467711e+00
1.350000000000000755e+00 2.524381112272875427e+00
1.351000000000000867e+00 2.534423208542733619e+00
1.352000000000000757e+00 2.544465366241018156e+00
1.353000000000000647e+00 2.554507584643277873e+00
1.354000000000000759e+00 2.564549863036404087e+00
1.355000000000000870e+00 2.574592200718405888e+00
1.356000000000000760e+00 2.584634596998198308e+00
1.357000000000000650e+00 2.594677051195395823e+00
1.358000000000000762e+00 2.604719562640100960e+00
1.359000000000000874e+00 2.614762130672701357e+00
1.360000000000000764e+00 2.624804754643674354e+00
1.361000000000000654e+00 2.634847433913401371e+00
1.362000000000000766e+00 2.644890167851973395e+00
1.363000000000000878e+00 2.654932955839007125e+00
1.364000000000000767e+00 2.664975797263465118e+00
1.365000000000000657e+00 2.675018691523488368e+00
1.366000000000000769e+00 2.685061638026219111e+00
1.367000000000000881e+00 2.695104636187628078e+00
1.368000000000000771e+00 2.705147685432357729e+00
1.369000000000000661e+00 2.715190785193562828e+00
1.370000000000000773e+00 2.725233934912752343e+00
1.371000000000000885e+00 2.735277134039629132e+00
1.372000000000000774e+00 2.745320382031948281e+00
1.373000000000000664e+00 2.755363678355370105e+00
1.374000000000000776e+00 2.765407022483316712e+00
1.375000000000000888e+00 2.775450413896823676e+00
1.376000000000000778e+00 2.785493852084409472e+00
1.377000000000000668e+00 2.795537336541945805e+00
1.378000000000000780e+00 2.805580866772519943e+00
1.379000000000000892e+00 2.815624442286302376e+00
1.380000000000000782e+00 2.825668062600426023e+00
1.381000000000000671e+00 2.835711727238866775e+00
1.382000000000000783e+00 2.845755435732319594e+00
1.383000000000000895e+00 2.855799187618073720e+00
1.384000000000000785e+00 2.865842982439903874e+00
1.385000000000000675e+00 2.875886819747960566e+00
1.386000000000000787e+00 2.885930699098653740e+00
1.387000000000000899e+00 2.895974620054542648e+00
1.388000000000000789e+00 2.906018582184230592e+00
1.389000000000000679e+00 2.916062585062268564e+00
1.390000000000000790e+00 2.926106628269046439e+00
1.391000000000000902e+00 2.936150711390689949e+00
1.392000000000000792e+00 2.946194834018966979e+00
1.393000000000000682e+00 2.956238995751196086e+00
1.394000000000000794e+00 2.966283196190149241e+00
1.395000000000000906e+00 2.976327434943953243e+00
1.396000000000000796e+00 2.986371711626007119e+00
1.397000000000000686e+00 2.996416025854894638e+00
1.398000000000000798e+00 3.006460377254296823e+00
1.399000000000000909e+00 3.016504765452900028e+00
1.400000000000000799e+00 3.026549190084319108e+00
1.401000000000000689e+00 3.036593650787020149e+00
1.402000000000000801e+00 3.046638147204234759e+00
1.403000000000000913e+00 3.056682678983877910e+00
1.404000000000000803e+00 3.066727245778478217e+00
1.405000000000000693e+00 3.076771847245102887e+00
1.406000000000000805e+00 3.086816483045282666e+00
1.407000000000000917e+00 3.096861152844934573e+00
1.408000000000000806e+00 3.106905856314293057e+00
1.409000000000000696e+00 3.116950593127847835e+00
1.410000000000000808e+00 3.126995362964271052e+00
1.411000000000000920e+00 3.137040165506342237e+00
1.412000000000000810e+00 3.147085000440892344e+00
1.413000000000000700e+00 3.157129867458740247e+00
1.414000000000000812e+00 3.167174766254626572e+00
1.415000000000000924e+00 3.177219696527147530e+00
1.416000000000000814e+00 3.187264657978695848e+00
1.417000000000000703e+00 3.197309650315409257e+00
1.418000000000000815e+00 3.207354673247106991e+00
1.419000000000000927e+00 3.217399726487223610e+00
1.420000000000000817e+00 3.227444809752763710e+00
1.421000000000000707e+00 3.237489922764246408e+00
1.422000000000000819e+00 3.247535065245647168e+00
1.423000000000000931e+00 3.257580236924343176e+00
1.424000000000000821e+00 3.267625437531060495e+00
1.425000000000000711e+00 3.277670666799830546e+00
1.426000000000000822e+00 3.287715924467936368e+00
1.427000000000000934e+00 3.297761210275853561e+00
1.428000000000000824e+00 3.307806523967212531e+00
1.429000000000000714e+00 3.317851865288751423e+00
1.430000000000000826e+00 3.327897233990264603e+00
1.431000000000000938e+00 3.337942629824554253e+00
1.432000000000000828e+00 3.347988052547388627e+00
1.433000000000000718e+00 3.358033501917461194e+00
1.434000000000000830e+00 3.368078977696345344e+00
1.435000000000000941e+00 3.378124479648443312e+00
1.436000000000000831e+00 3.388170007540952433e+00
1.437000000000000721e+00 3.398215561143826058e+00
1.438000000000000833e+00 3.408261140229729147e+00
1.439000000000000945e+00 3.418306744573995193e+00
1.440000000000000835e+00 3.428352373954587584e+00
1.441000000000000725e+00 3.438398028152070740e+00
1.442000000000000837e+00 3.448443706949565257e+00
1.443000000000000949e+00 3.458489410132705277e+00
1.444000000000000838e+00 3.468535137489608733e+00
1.445000000000000728e+00 3.478580888810845373e+00
1.446000000000000840e+00 3.488626663889395907e+00
1.447000000000000952e+00 3.498672462520615145e+00
1.448000000000000842e+00 3.508718284502199580e+00
1.449000000000000732e+00 3.518764129634160298e+00
1.450000000000000844e+00 3.528809997718786562e+00
1.451000000000000956e+00 3.538855888560604512e+00
1.452000000000000846e+00 3.548901801966357628e+00
1.453000000000000735e+00 3.558947737744971640e+00
1.454000000000000847e+00 3.568993695707524783e+00
1.455000000000000959e+00 3.579039675667212705e+00
1.456000000000000849e+00 3.589085677439319610e+00
1.457000000000000739e+00 3.599131700841197823e+00
1.458000000000000851e+00 3.609177745692232708e+00
1.459000000000000963e+00 3.619223811813808034e+00
1.460000000000000853e+00 3.629269899029288649e+00
1.461000000000000743e+00 3.639316007163990729e+00
1.462000000000000854e+00 3.649362136045155580e+00
1.463000000000000966e+00 3.659408285501915881e+00
1.464000000000000856e+00 3.669454455365274370e+00
1.465000000000000746e+00 3.679500645468085196e+00
1.466000000000000858e+00 3.689546855645021495e+00
1.467000000000000970e+00 3.699593085732547415e+00
1.468000000000000860e+00 3.709639335568899021e+00
1.469000000000000750e+00 3.719685604994063866e+00
1.470000000000000862e+00 3.729731893849752566e+00
1.471000000000000973e+00 3.739778201979373051e+00
1.472000000000000863e+00 3.749824529228009684e+00
1.473000000000000753e+00 3.759870875442407723e+00
1.474000000000000865e+00 3.769917240470945341e+00
1.475000000000000977e+00 3.779963624163607427e+00
1.476000000000000867e+00 3.790010026371970930e+00
1.477000000000000757e+00 3.800056446949184430e+00
1.478000000000000869e+00 3.810102885749945489e+00
1.479000000000000981e+00 3.820149342630478007e+00
1.480000000000000870e+00 3.830195817448510898e+00
1.481000000000000760e+00 3.840242310063266995e+00
1.482000000000000872e+00 3.850288820335439510e+00
1.483000000000000984e+00 3.860335348127164501e+00
1.484000000000000874e+00 3.870381893302011989e+00
1.485000000000000764e+00 3.880428455724968195e+00
1.486000000000000876e+00 3.890475035262412007e+00
1.487000000000000988e+00 3.900521631782097653e+00
1.488000000000000878e+00 3.910568245153134725e+00
1.489000000000000767e+00 3.920614875245981068e+00
1.490000000000000879e+00 3.930661521932418356e+00
1.491000000000000991e+00 3.940708185085528115e+00
1.492000000000000881e+00 3.950754864579688164e+00
1.493000000000000771e+00 3.960801560290550860e+00
1.494000000000000883e+00 3.970848272095027554e+00
1.495000000000000995e+00 3.980894999871269935e+00
1.496000000000000885e+00 3.990941743498653604e+00
1.497000000000000774e+00 4.000988502857770079e+00
1.498000000000000886e+00 4.011035277830409917e+00
1.499000000000000998e+00 4.021082068299536516e+00
1.500000000000000888e+00 4.031128874149283448e+00
1.501000000000000778e+00 4.041175695264938916e+00
1.502000000000000890e+00 4.051222531532928883e+00
1.503000000000001002e+00 4.061269382840798414e+00
1.504000000000000892e+00 4.071316249077203686e+00
1.505000000000000782e+00 4.081363130131900441e+00
1.506000000000000894e+00 4.091410025895727109e+00
1.507000000000001005e+00 4.101456936260587050e+00
1.508000000000000895e+00 4.111503861119441439e+00
1.509000000000000785e+00 4.121550800366296841e+00
1.510000000000000897e+00 4.131597753896193659e+00
1.511000000000001009e+00 4.141644721605183932e+00
1.512000000000000899e+00 4.151691703390326893e+00
1.513000000000000789e+00 4.161738699149679199e+00
1.514000000000000901e+00 4.171785708782280722e+00
1.515000000000001013e+00 4.181832732188135893e+00
1.516000000000000902e+00 4.191879769268206601e+00
1.517000000000000792e+00 4.201926819924410417e+00
1.518000000000000904e+00 4.211973884059594830e+00
1.519000000000001016e+00 4.222020961577533704e+00
1.520000000000000906e+00 4.232068052382910395e+00
1.521000000000000796e+00 4.242115156381315089e+00
1.522000000000000908e+00 4.252162273479233257e+00
1.523000000000001020e+00 4.262209403584024336e+00
1.524000000000000909e+00 4.272256546603922622e+00
1.525000000000000799e+00 4.282303702448025717e+00
1.526000000000000911e+00 4.292350871026281212e+00
1.527000000000001023e+00 4.302398052249476024e+00
1.528000000000000913e+00 4.312445246029226631e+00
1.529000000000000803e+00 4.322492452277975516e+00
1.530000000000000915e+00 4.332539670908978735e+00
1.531000000000001027e+00 4.342586901836288149e+00
1.532000000000000917e+00 4.352634144974750541e+00
1.533000000000000806e+00 4.362681400240003171e+00
1.534000000000000918e+00 4.372728667548454240e+00
1.535000000000001030e+00 4.382775946817278445e+00
1.536000000000000920e+00 4.392823237964405436e+00
1.537000000000000810e+00 4.402870540908518926e+00
1.538000000000000922e+00 4.412917855569043368e+00
1.539000000000001034e+00 4.422965181866130635e+00
1.540000000000000924e+00 4.433012519720656464e+00
1.541000000000000814e+00 4.443059869054216904e+00
1.542000000000000925e+00 4.453107229789114108e+00
1.543000000000001037e+00 4.463154601848348335e+00
1.544000000000000927e+00 4.473201985155609073e+00
1.545000000000000817e+00 4.483249379635275034e+00
1.546000000000000929e+00 4.493296785212399946e+00
1.547000000000001041e+00 4.503344201812703673e+00
1.548000000000000931e+00 4.513391629362566881e+00
1.549000000000000821e+00 4.523439067789028378e+00
1.550000000000000933e+00 4.533486517019773565e+00
1.551000000000001044e+00 4.543533976983125555e+00
1.552000000000000934e+00 4.553581447608034516e+00
1.553000000000000824e+00 4.563628928824086550e+00
1.554000000000000936e+00 4.573676420561481493e+00
1.555000000000001048e+00 4.583723922751031132e+00
1.556000000000000938e+00 4.593771435324148555e+00
1.557000000000000828e+00 4.603818958212852586e+00
1.558000000000000940e+00 4.613866491349753574e+00
1.559000000000001052e+00 4.623914034668042738e+00
1.560000000000000941e+00 4.633961588101490392e+00
1.561000000000000831e+00 4.644009151584445050e+00
1.562000000000000943e+00 4.654056725051821886e+00
1.563000000000001055e+00 4.664104308439092073e+00
1.564000000000000945e+00 4.674151901682281007e+00
1.565000000000000835e+00 4.684199504717970086e+00
1.566000000000000947e+00 4.694247117483279830e+00
1.567000000000001059e+00 4.704294739915867218e+00
1.568000000000000949e+00 4.714342371953917699e+00
1.569000000000000838e+00 4.724390013536147848e+00
1.570000000000000950e+00 4.734437664601794715e+00
1.571000000000001062e+00 4.744485325090604277e+00
1.572000000000000952e+00 4.754532994942835877e+00
1.573000000000000842e+00 4.764580674099251567e+00
1.574000000000000954e+00 4.774628362501116108e+00
1.575000000000001066e+00 4.784676060090180982e+00
1.576000000000000956e+00 4.794723766808687948e+00
1.577000000000000846e+00 4.804771482599362820e+00
1.578000000000000957e+00 4.814819207405413692e+00
1.579000000000001069e+00 4.824866941170513179e+00
1.580000000000000959e+00 4.834914683838805516e+00
1.581000000000000849e+00 4.844962435354899455e+00
1.582000000000000961e+00 4.855010195663865602e+00
1.583000000000001073e+00 4.865057964711222205e+00
1.584000000000000963e+00 4.875105742442936041e+00
1.585000000000000853e+00 4.885153528805424195e+00
1.586000000000000965e+00 4.895201323745541622e+00
1.587000000000001076e+00 4.905249127210574933e+00
1.588000000000000966e+00 4.915296939148244171e+00
1.589000000000000856e+00 4.925344759506697478e+00
1.590000000000000968e+00 4.935392588234505773e+00
1.591000000000001080e+00 4.945440425280655639e+00
1.592000000000000970e+00 4.955488270594543110e+00
1.593000000000000860e+00 4.965536124125982553e+00
1.594000000000000972e+00 4.975583985825191569e+00
1.595000000000001084e+00 4.985631855642783883e+00
1.596000000000000973e+00 4.995679733529772903e+00
1.597000000000000863e+00 5.005727619437566389e+00
1.598000000000000975e+00 5.015775513317964673e+00
1.599000000000001087e+00 5.025823415123148230e+00
1.600000000000000977e+00 5.035871324805678562e+00
1.601000000000000867e+00 5.045919242318498199e+00
1.602000000000000979e+00 5.055967167614926261e+00
1.603000000000001091e+00 5.066015100648646019e+00
1.604000000000000981e+00 5.076063041373708451e+00
1.605000000000000870e+00 5.086110989744530464e+00
1.606000000000000982e+00 5.096158945715890454e+00
1.607000000000001094e+00 5.106206909242917646e+00
1.608000000000000984e+00 5.116254880281092987e+00
1.609000000000000874e+00 5.126302858786250916e+00
1.610000000000000986e+00 5.136350844714573149e+00
1.611000000000001098e+00 5.146398838022575362e+00
1.612000000000000988e+00 5.156446838667116950e+00
1.613000000000000878e+00 5.166494846605393931e+00
1.614000000000000989e+00 5.176542861794935391e+00
1.615000000000001101e+00 5.186590884193596374e+00
1.616000000000000991e+00 5.196638913759556111e+00
1.617000000000000881e+00 5.206686950451322460e+00
1.618000000000000993e+00 5.216734994227722133e+00
1.619000000000001105e+00 5.226783045047891818e+00
1.620000000000000995e+00 5.236831102871287058e+00
1.621000000000000885e+00 5.246879167657675147e+00
1.622000000000000997e+00 5.256927239367128912e+00
1.623000000000001108e+00 5.266975317960025826e+00
1.624000000000000998e+00 5.277023403397042678e+00
1.625000000000000888e+00 5.287071495639159124e+00
1.626000000000001000e+00 5.297119594647652363e+00
1.627000000000001112e+00 5.307167700384087361e+00
1.628000000000001002e+00 5.317215812810319520e+00
1.629000000000000892e+00 5.327263931888497339e+00
1.630000000000001004e+00 5.337312057581053537e+00
1.631000000000001116e+00 5.347360189850700607e+00
1.632000000000001005e+00 5.357408328660427266e+00
1.633000000000000895e+00 5.367456473973505560e+00
1.634000000000001007e+00 5.377504625753483758e+00
1.635000000000001119e+00 5.387552783964173919e+00
1.636000000000001009e+00 5.397600948569661661e+00
1.637000000000000899e+00 5.407649119534300830e+00
1.638000000000001011e+00 5.417697296822710840e+00
1.639000000000001123e+00 5.427745480399769562e+00
1.640000000000001013e+00 5.437793670230612442e+00
1.641000000000000902e+00 5.447841866280637824e+00
1.642000000000001014e+00 5.457890068515498960e+00
1.643000000000001126e+00 5.467938276901096017e+00
1.644000000000001016e+00 5.477986491403580516e+00
1.645000000000000906e+00 5.488034711989357106e+00
1.646000000000001018e+00 5.498082938625072025e+00
1.647000000000001130e+00 5.508131171277615756e+00
1.648000000000001020e+00 5.518179409914116818e+00
1.649000000000000909e+00 5.528227654501947086e+00
1.650000000000001021e+00 5.538275905008716471e+00
1.651000000000001133e+00 5.548324161402263144e+00
1.652000000000001023e+00 5.558372423650659755e+00
1.653000000000000913e+00 5.568420691722214322e+00
1.654000000000001025e+00 5.578468965585459571e+00
1.655000000000001137e+00 5.588517245209155604e+00
1.656000000000001027e+00 5.598565530562281012e+00
1.657000000000000917e+00 5.608613821614045314e+00
1.658000000000001029e+00 5.618662118333876521e+00
1.659000000000001140e+00 5.628710420691414917e+00
1.660000000000001030e+00 5.638758728656521946e+00
1.661000000000000920e+00 5.648807042199273987e+00
1.662000000000001032e+00 5.658855361289958807e+00
1.663000000000001144e+00 5.668903685899076450e+00
1.664000000000001034e+00 5.678952015997328573e+00
1.665000000000000924e+00 5.689000351555631774e+00
1.666000000000001036e+00 5.699048692545109596e+00
1.667000000000001148e+00 5.709097038937079205e+00
1.668000000000001037e+00 5.719145390703065601e+00
1.669000000000000927e+00 5.729193747814792737e+00
1.670000000000001039e+00 5.739242110244184403e+00
1.671000000000001151e+00 5.749290477963358015e+00
1.672000000000001041e+00 5.759338850944621946e+00
1.673000000000000931e+00 5.769387229160485298e+00
1.674000000000001043e+00 5.779435612583648130e+00
1.675000000000001155e+00 5.789484001186990803e+00
1.676000000000001044e+00 5.799532394943589075e+00
1.677000000000000934e+00 5.809580793826703449e+00
1.678000000000001046e+00 5.819629197809780941e+00
1.679000000000001158e+00 5.829677606866449757e+00
1.680000000000001048e+00 5.839726020970514853e+00
1.681000000000000938e+00 5.849774440095969474e+00
1.682000000000001050e+00 5.859822864216983618e+00
1.683000000000001162e+00 5.869871293307898696e+00
1.684000000000001052e+00 5.879919727343232871e+00
1.685000000000000941e+00 5.889968166297684604e+00
1.686000000000001053e+00 5.900016610146120222e+00
1.687000000000001165e+00 5.910065058863577470e+00
1.688000000000001055e+00 5.920113512425257518e+00
1.689000000000000945e+00 5.930161970806540062e+00
1.690000000000001057e+00 5.940210433982969107e+00
1.691000000000001169e+00 5.950258901930245869e+00
1.692000000000001059e+00 5.960307374624242094e+00
1.693000000000000949e+00 5.970355852040992062e+00
1.694000000000001060e+00 5.980404334156689927e+00
1.695000000000001172e+00 5.990452820947690604e+00
1.696000000000001062e+00 6.000501312390501774e+00
1.697000000000000952e+00 6.010549808461794541e+00
1.698000000000001064e+00 6.020598309138398108e+00
1.699000000000001176e+00 6.030646814397286448e+00
1.700000000000001066e+00 6.040695324215593409e+00
1.701000000000000956e+00 6.050743838570602939e+00
1.702000000000001068e+00 6.060792357439753530e+00
1.703000000000001180e+00 6.070840880800627559e+00
1.704000000000001069e+00 6.080889408630955728e+00
1.705000000000000959e+00 6.090937940908618842e+00
1.706000000000001071e+00 6.100986477611644254e+00
1.707000000000001183e+00 6.111035018718199652e+00
1.708000000000001073e+00 6.121083564206596606e+00
1.709000000000000963e+00 6.131132114055292348e+00
1.710000000000001075e+00 6.141180668242885332e+00
1.711000000000001187e+00 6.151229226748109902e+00
1.712000000000001076e+00 6.161277789549837181e+00
1.713000000000000966e+00 6.171326356627083953e+00
1.714000000000001078e+00 6.181374927959000232e+00
1.715000000000001190e+00 6.191423503524868366e+00
1.716000000000001080e+00 6.201472083304103045e+00
1.717000000000000970e+00 6.211520667276260177e+00
1.718000000000001082e+00 6.221569255421025346e+00
1.719000000000001194e+00 6.231617847718211145e+00
1.720000000000001084e+00 6.241666444147758952e+00
1.721000000000000973e+00 6.251715044689746925e+00
1.722000000000001085e+00 6.261763649324377567e+00
1.723000000000001197e+00 6.271812258031975951e+00
1.724000000000001087e+00 6.281860870792995932e+00
1.725000000000000977e+00 6.291909487588019267e+00
1.726000000000001089e+00 6.301958108397748504e+00
1.727000000000001201e+00 6.312006733203011422e+00
1.728000000000001091e+00 6.322055361984750377e+00
1.729000000000000981e+00 6.332103994724038287e+00
1.730000000000001092e+00 6.342152631402065310e+00
1.731000000000001204e+00 6.352201272000136179e+00
1.732000000000001094e+00 6.362249916499676416e+00
1.733000000000000984e+00 6.372298564882229677e+00
1.734000000000001096e+00 6.382347217129457739e+00
1.735000000000001208e+00 6.392395873223134295e+00
1.736000000000001098e+00 6.402444533145144057e+00
1.737000000000000988e+00 6.412493196877492529e+00
1.738000000000001100e+00 6.422541864402298017e+00
1.739000000000001211e+00 6.432590535701783629e+00
1.740000000000001101e+00 6.442639210758285273e+00
1.741000000000000991e+00 6.452687889554253431e+00
1.742000000000001103e+00 6.462736572072246943e+00
1.743000000000001215e+00 6.472785258294929456e+00
1.744000000000001105e+00 6.482833948205070307e+00
1.745000000000000995e+00 6.492882641785551634e+00
1.746000000000001107e+00 6.502931339019362156e+00
1.747000000000001219e+00 6.512980039889586514e+00
1.748000000000001108e+00 6.523028744379419486e+00
1.749000000000000998e+00 6.533077452472160651e+00
1.750000000000001110e+00 6.543126164151210844e+00
1.751000000000001222e+00 6.553174879400073038e+00
1.752000000000001112e+00 6.563223598202345244e+00
1.753000000000001002e+00 6.573272320541735603e+00
1.754000000000001114e+00 6.583321046402047294e+00
1.755000000000001226e+00 6.593369775767180307e+00
1.756000000000001116e+00 6.603418508621133221e+00
1.757000000000001005e+00 6.613467244948003199e+00
1.758000000000001117e+00 6.623515984731986883e+00
1.759000000000001229e+00 6.633564727957372398e+00
1.760000000000001119e+00 6.643613474608539349e+00
1.761000000000001009e+00 6.653662224669969483e+00
1.762000000000001121e+00 6.663710978126238693e+00
1.763000000000001233e+00 6.673759734962008139e+00
1.764000000000001123e+00 6.683808495162032237e+00
1.765000000000001013e+00 6.693857258711163105e+00
1.766000000000001124e+00 6.703906025594343454e+00
1.767000000000001236e+00 6.713954795796600372e+00
1.768000000000001126e+00 6.724003569303049765e+00
1.769000000000001016e+00 6.734052346098902575e+00
1.770000000000001128e+00 6.744101126169458560e+00
1.771000000000001240e+00 6.754149909500097415e+00
1.772000000000001130e+00 6.764198696076287654e+00
1.773000000000001020e+00 6.774247485883590159e+00
1.774000000000001132e+00 6.784296278907647526e+00
1.775000000000001243e+00 6.794345075134185841e+00
1.776000000000001133e+00 6.804393874549014676e+00
1.777000000000001023e+00 6.814442677138031534e+00
1.778000000000001135e+00 6.824491482887216520e+00
1.779000000000001247e+00 6.834540291782627897e+00
1.780000000000001137e+00 6.844589103810407416e+00
1.781000000000001027e+00 6.854637918956780318e+00
1.782000000000001139e+00 6.864686737208053557e+00
1.783000000000001251e+00 6.874735558550610470e+00
1.784000000000001140e+00 6.884784382970911665e+00
1.785000000000001030e+00 6.894833210455503014e+00
1.786000000000001142e+00 6.904882040991009440e+00
1.787000000000001254e+00 6.914930874564125141e+00
1.788000000000001144e+00 6.924979711161626028e+00
1.789000000000001034e+00 6.935028550770367950e+00
1.790000000000001146e+00 6.945077393377279584e+00
1.791000000000001258e+00 6.955126238969367769e+00
1.792000000000001148e+00 6.965175087533705067e+00
1.793000000000001037e+00 6.975223939057451084e+00
1.794000000000001149e+00 6.985272793527835589e+00
1.795000000000001261e+00 6.995321650932155855e+00
1.796000000000001151e+00 7.005370511257784649e+00
1.797000000000001041e+00 7.015419374492172899e+00
1.798000000000001153e+00 7.025468240622838145e+00
1.799000000000001265e+00 7.035517109637370758e+00
1.800000000000001155e+00 7.045565981523425059e+00
1.801000000000001044e+00 7.055614856268739743e+00
1.802000000000001156e+00 7.065663733861113016e+00
1.803000000000001268e+00 7.075712614288413249e+00
1.804000000000001158e+00 7.085761497538578979e+00
1.805000000000001048e+00 7.095810383599618021e+00
1.806000000000001160e+00 7.105859272459605691e+00
1.807000000000001272e+00 7.115908164106685696e+00
1.808000000000001162e+00 7.125957058529063026e+00
1.809000000000001052e+00 7.136005955715013727e+00
1.810000000000001164e+00 7.146054855652884896e+00
1.811000000000001275e+00 7.156103758331079590e+00
1.812000000000001165e+00 7.166152663738065698e+00
1.813000000000001055e+00 7.176201571862383055e+00
1.814000000000001167e+00 7.186250482692637220e+00
1.815000000000001279e+00 7.196299396217487931e+00
1.816000000000001169e+00 7.206348312425659763e+00
1.817000000000001059e+00 7.216397231305948345e+00
1.818000000000001171e+00 7.226446152847205262e+00
1.819000000000001283e+00 7.236495077038342494e+00
1.820000000000001172e+00 7.246544003868338635e+00
1.821000000000001062e+00 7.256592933326229122e+00
1.822000000000001174e+00 7.266641865401113343e+00
1.823000000000001286e+00 7.276690800082149302e+00
1.824000000000001176e+00 7.286739737358551849e+00
1.825000000000001066e+00 7.296788677219599784e+00
1.826000000000001178e+00 7.306837619654632299e+00
1.827000000000001290e+00 7.316886564653042768e+00
1.828000000000001180e+00 7.326935512204278744e+00
1.829000000000001069e+00 7.336984462297855281e+00
1.830000000000001181e+00 7.347033414923343386e+00
1.831000000000001293e+00 7.357082370070365585e+00
1.832000000000001183e+00 7.367131327728599466e+00
1.833000000000001073e+00 7.377180287887788346e+00
1.834000000000001185e+00 7.387229250537726166e+00
1.835000000000001297e+00 7.397278215668259271e+00
1.836000000000001187e+00 7.407327183269291737e+00
1.837000000000001076e+00 7.417376153330783595e+00
1.838000000000001188e+00 7.427425125842748166e+00
1.839000000000001300e+00 7.437474100795255616e+00
1.840000000000001190e+00 7.447523078178421407e+00
1.841000000000001080e+00 7.457572057982421398e+00
1.842000000000001192e+00 7.467621040197485627e+00
1.843000000000001304e+00 7.477670024813892979e+00
1.844000000000001194e+00 7.487719011821970305e+00
1.845000000000001084e+00 7.497768001212103961e+00
1.846000000000001195e+00 7.507816992974733594e+00
1.847000000000001307e+00 7.517865987100342373e+00
1.848000000000001197e+00 7.527914983579461428e+00
1.849000000000001087e+00 7.537963982402685836e+00
1.850000000000001199e+00 7.548012983560652422e+00
1.851000000000001311e+00 7.558061987044045971e+00
1.852000000000001201e+00 7.568110992843602780e+00
1.853000000000001091e+00 7.578160000950110664e+00
1.854000000000001203e+00 7.588209011354403621e+00
1.855000000000001315e+00 7.598258024047367165e+00
1.856000000000001204e+00 7.608307039019928553e+00
1.857000000000001094e+00 7.618356056263068332e+00
1.858000000000001206e+00 7.628405075767816790e+00
1.859000000000001318e+00 7.638454097525245956e+00
1.860000000000001208e+00 7.648503121526472270e+00
1.861000000000001098e+00 7.658552147762667239e+00
1.862000000000001210e+00 7.668601176225047666e+00
1.863000000000001322e+00 7.678650206904870323e+00
1.864000000000001211e+00 7.688699239793437279e+00
1.865000000000001101e+00 7.698748274882103892e+00
1.866000000000001213e+00 7.708797312162267268e+00
1.867000000000001325e+00 7.718846351625364477e+00
1.868000000000001215e+00 7.728895393262881441e+00
1.869000000000001105e+00 7.738944437066348492e+00
1.870000000000001217e+00 7.748993483027340368e+00
1.871000000000001329e+00 7.759042531137473553e+00
1.872000000000001219e+00 7.769091581388406276e+00
1.873000000000001108e+00 7.779140633771842062e+00
1.874000000000001220e+00 7.789189688279532398e+00
1.875000000000001332e+00 7.799238744903262521e+00
1.876000000000001222e+00 7.809287803634861191e+00
1.877000000000001112e+00 7.819336864466204240e+00
1.878000000000001224e+00 7.829385927389209243e+00
1.879000000000001336e+00 7.839434992395830193e+00
1.880000000000001226e+00 7.849484059478061049e+00
1.881000000000001116e+00 7.859533128627945509e+00
1.882000000000001227e+00 7.869582199837561909e+00
1.883000000000001339e+00 7.879631273099027666e+00
1.884000000000001229e+00 7.889680348404502830e+00
1.885000000000001119e+00 7.899729425746187417e+00
1.886000000000001231e+00 7.909778505116321412e+00
1.887000000000001343e+00 7.919827586507184769e+00
1.888000000000001233e+00 7.929876669911090303e+00
1.889000000000001123e+00 7.939925755320397016e+00
1.890000000000001235e+00 7.949974842727504765e+00
1.891000000000001346e+00 7.960023932124841828e+00
1.892000000000001236e+00 7.970073023504879117e+00
1.893000000000001126e+00 7.980122116860127512e+00
1.894000000000001238e+00 7.990171212183140526e+00
1.895000000000001350e+00 8.000220309466497426e+00
1.896000000000001240e+00 8.010269408702818339e+00
1.897000000000001130e+00 8.020318509884765135e+00
1.898000000000001242e+00 8.030367613005036986e+00
1.899000000000001354e+00 8.040416718056359713e+00
1.900000000000001243e+00 8.050465825031505318e+00
1.901000000000001133e+00 8.060514933923279557e+00
1.902000000000001245e+00 8.070564044724518382e+00
1.903000000000001357e+00 8.080613157428105708e+00
1.904000000000001247e+00 8.090662272026944990e+00
1.905000000000001137e+00 8.100711388513985867e+00
1.906000000000001249e+00 8.110760506882213505e+00
1.907000000000001361e+00 8.120809627124639718e+00
1.908000000000001251e+00 8.130858749234315397e+00
1.909000000000001140e+00 8.140907873204325185e+00
1.910000000000001252e+00 8.150956999027794581e+00
1.911000000000001364e+00 8.161006126697873952e+00
1.912000000000001254e+00 8.171055256207743867e+00
1.913000000000001144e+00 8.181104387550631074e+00
1.914000000000001256e+00 8.191153520719788972e+00
1.915000000000001368e+00 8.201202655708504707e+00
1.916000000000001258e+00 8.211251792510092073e+00
1.917000000000001148e+00 8.221300931117909272e+00
1.918000000000001259e+00 8.231350071525339374e+00
1.919000000000001371e+00 8.241399213725799200e+00
1.920000000000001261e+00 8.251448357712737547e+00
1.921000000000001151e+00 8.261497503479631632e+00
1.922000000000001263e+00 8.271546651020003083e+00
1.923000000000001375e+00 8.281595800327389512e+00
1.924000000000001265e+00 8.291644951395362284e+00
1.925000000000001155e+00 8.301694104217535397e+00
1.926000000000001267e+00 8.311743258787545940e+00
1.927000000000001378e+00 8.321792415099059426e+00
1.928000000000001268e+00 8.331841573145771562e+00
1.929000000000001158e+00 8.341890732921415363e+00
1.930000000000001270e+00 8.351939894419752264e+00
1.931000000000001382e+00 8.361989057634565015e+00
1.932000000000001272e+00 8.372038222559678999e+00
1.933000000000001162e+00 8.382087389188937365e+00
1.934000000000001274e+00 8.392136557516220563e+00
1.935000000000001386e+00 8.402185727535439241e+00
1.936000000000001275e+00 8.412234899240523589e+00
1.937000000000001165e+00 8.422284072625441098e+00
1.938000000000001277e+00 8.432333247684191235e+00
1.939000000000001389e+00 8.442382424410793007e+00
1.940000000000001279e+00 8.452431602799292065e+00
1.941000000000001169e+00 8.462480782843774918e+00
1.942000000000001281e+00 8.472529964538349390e+00
1.943000000000001393e+00 8.482579147877149950e+00
1.944000000000001283e+00 8.492628332854334161e+00
1.945000000000001172e+00 8.502677519464100442e+00
1.946000000000001284e+00 8.512726707700666751e+00
1.947000000000001396e+00 8.522775897558272362e+00
1.948000000000001286e+00 8.532825089031195631e+00
1.949000000000001176e+00 8.542874282113732676e+00
1.950000000000001288e+00 8.552923476800211589e+00
1.951000000000001400e+00 8.562972673084987107e+00
1.952000000000001290e+00 8.573021870962433510e+00
1.953000000000001180e+00 8.583071070426960603e+00
1.954000000000001291e+00 8.593120271473001281e+00
1.955000000000001403e+00 8.603169474095013314e+00
1.956000000000001293e+00 8.613218678287474006e+00
1.957000000000001183e+00 8.623267884044897968e+00
1.958000000000001295e+00 8.633317091361826456e+00
1.959000000000001407e+00 8.643366300232811383e+00
1.960000000000001297e+00 8.653415510652438414e+00
1.961000000000001187e+00 8.663464722615323410e+00
1.962000000000001299e+00 8.673513936116101775e+00
1.963000000000001410e+00 8.683563151149430226e+00
1.964000000000001300e+00 8.693612367709997457e+00
1.965000000000001190e+00 8.703661585792511701e+00
1.966000000000001302e+00 8.713710805391707837e+00
1.967000000000001414e+00 8.723760026502349163e+00
1.968000000000001304e+00 8.733809249119209639e+00
1.969000000000001194e+00 8.743858473237098750e+00
1.970000000000001306e+00 8.753907698850852626e+00
1.971000000000001418e+00 8.763956925955321609e+00
1.972000000000001307e+00 8.774006154545380909e+00
1.973000000000001197e+00 8.784055384615934159e+00
1.974000000000001309e+00 8.794104616161909860e+00
1.975000000000001421e+00 8.804153849178254276e+00
1.976000000000001311e+00 8.814203083659929661e+00
1.977000000000001201e+00 8.824252319601939121e+00
1.978000000000001313e+00 8.834301556999298199e+00
1.979000000000001425e+00 8.844350795847043756e+00
1.980000000000001315e+00 8.854400036140237518e+00
1.981000000000001204e+00 8.864449277873964306e+00
1.982000000000001316e+00 8.874498521043328481e+00
1.983000000000001428e+00 8.884547765643462824e+00
1.984000000000001318e+00 8.894597011669514330e+00
1.985000000000001208e+00 8.904646259116653084e+00
1.986000000000001320e+00 8.914695507980081146e+00
1.987000000000001432e+00 8.924744758255009458e+00
1.988000000000001322e+00 8.934794009936672055e+00
1.989000000000001211e+00 8.944843263020331392e+00
1.990000000000001323e+00 8.954892517501269467e+00
1.991000000000001435e+00 8.964941773374786038e+00
1.992000000000001325e+00 8.974991030636198630e+00
1.993000000000001215e+00 8.985040289280856740e+00
1.994000000000001327e+00 8.995089549304122301e+00
1.995000000000001439e+00 9.005138810701378560e+00
1.996000000000001329e+00 9.015188073468031860e+00
1.997000000000001219e+00 9.025237337599508081e+00
1.998000000000001330e+00 9.035286603091250868e+00
1.999000000000001442e+00 9.045335869938732287e+00
