-5.000000000000000000e-01 5.000000000000000000e-01
-4.989999999999999991e-01 5.010000000000000009e-01
-4.979999999999999982e-01 5.020000000000000018e-01
-4.969999999999999973e-01 5.030000000000000027e-01
-4.959999999999999964e-01 5.040000000000000036e-01
-4.949999999999999956e-01 5.050000000000000044e-01
-4.939999999999999947e-01 5.060000000000000053e-01
-4.929999999999999938e-01 5.070000000000000062e-01
-4.919999999999999929e-01 5.080000000000000071e-01
-4.909999999999999920e-01 5.090000000000000080e-01
-4.899999999999999911e-01 5.100000000000000089e-01
-4.889999999999999902e-01 5.110000000000000098e-01
-4.879999999999999893e-01 5.120000000000000107e-01
-4.869999999999999885e-01 5.130000000000000115e-01
-4.859999999999999876e-01 5.140000000000000124e-01
-4.849999999999999867e-01 5.150000000000000133e-01
-4.839999999999999858e-01 5.160000000000000142e-01
-4.829999999999999849e-01 5.170000000000000151e-01
-4.819999999999999840e-01 5.180000000000000160e-01
-4.809999999999999831e-01 5.190000000000000169e-01
-4.799999999999999822e-01 5.200000000000000178e-01
-4.789999999999999813e-01 5.210000000000000187e-01
-4.779999999999999805e-01 5.220000000000000195e-01
-4.769999999999999796e-01 5.230000000000000204e-01
-4.759999999999999787e-01 5.240000000000000213e-01
-4.749999999999999778e-01 5.250000000000000222e-01
-4.739999999999999769e-01 5.260000000000000231e-01
-4.729999999999999760e-01 5.270000000000000240e-01
-4.719999999999999751e-01 5.280000000000000249e-01
-4.709999999999999742e-01 5.290000000000000258e-01
-4.699999999999999734e-01 5.300000000000000266e-01
-4.689999999999999725e-01 5.310000000000000275e-01
-4.679999999999999716e-01 5.320000000000000284e-01
-4.669999999999999707e-01 5.330000000000000293e-01
-4.659999999999999698e-01 5.340000000000000302e-01
-4.649999999999999689e-01 5.350000000000000311e-01
-4.639999999999999680e-01 5.360000000000000320e-01
-4.629999999999999671e-01 5.370000000000000329e-01
-4.619999999999999662e-01 5.380000000000000338e-01
-4.609999999999999654e-01 5.390000000000000346e-01
-4.599999999999999645e-01 5.400000000000000355e-01
-4.589999999999999636e-01 5.410000000000000364e-01
-4.579999999999999627e-01 5.420000000000000373e-01
-4.569999999999999618e-01 5.430000000000000382e-01
-4.559999999999999609e-01 5.440000000000000391e-01
-4.549999999999999600e-01 5.450000000000000400e-01
-4.539999999999999591e-01 5.460000000000000409e-01
-4.529999999999999583e-01 5.470000000000000417e-01
-4.519999999999999574e-01 5.480000000000000426e-01
-4.509999999999999565e-01 5.490000000000000435e-01
-4.499999999999999556e-01 5.500000000000000444e-01
-4.489999999999999547e-01 5.510000000000000453e-01
-4.479999999999999538e-01 5.520000000000000462e-01
-4.469999999999999529e-01 5.530000000000000471e-01
-4.459999999999999520e-01 5.540000000000000480e-01
-4.449999999999999512e-01 5.550000000000000488e-01
-4.439999999999999503e-01 5.560000000000000497e-01
-4.429999999999999494e-01 5.570000000000000506e-01
-4.419999999999999485e-01 5.580000000000000515e-01
-4.409999999999999476e-01 5.590000000000000524e-01
-4.399999999999999467e-01 5.600000000000000533e-01
-4.389999999999999458e-01 5.610000000000000542e-01
-4.379999999999999449e-01 5.620000000000000551e-01
-4.369999999999999440e-01 5.630000000000000560e-01
-4.359999999999999432e-01 5.640000000000000568e-01
-4.349999999999999423e-01 5.650000000000000577e-01
-4.339999999999999414e-01 5.660000000000000586e-01
-4.329999999999999405e-01 5.670000000000000595e-01
-4.319999999999999396e-01 5.680000000000000604e-01
-4.309999999999999387e-01 5.690000000000000613e-01
-4.299999999999999378e-01 5.700000000000000622e-01
-4.289999999999999369e-01 5.710000000000000631e-01
-4.279999999999999361e-01 5.720000000000000639e-01
-4.269999999999999352e-01 5.730000000000000648e-01
-4.259999999999999343e-01 5.740000000000000657e-01
-4.249999999999999334e-01 5.750000000000000666e-01
-4.239999999999999325e-01 5.760000000000000675e-01
-4.229999999999999316e-01 5.770000000000000684e-01
-4.219999999999999307e-01 5.780000000000000693e-01
-4.209999999999999298e-01 5.790000000000000702e-01
-4.199999999999999289e-01 5.800000000000000711e-01
-4.189999999999999281e-01 5.810000000000000719e-01
-4.179999999999999272e-01 5.820000000000000728e-01
-4.169999999999999263e-01 5.830000000000000737e-01
-4.159999999999999254e-01 5.840000000000000746e-01
-4.149999999999999245e-01 5.850000000000000755e-01
-4.139999999999999236e-01 5.860000000000000764e-01
-4.129999999999999227e-01 5.870000000000000773e-01
-4.119999999999999218e-01 5.880000000000000782e-01
-4.109999999999999210e-01 5.890000000000000790e-01
-4.099999999999999201e-01 5.900000000000000799e-01
-4.089999999999999192e-01 5.910000000000000808e-01
-4.079999999999999183e-01 5.920000000000000817e-01
-4.069999999999999174e-01 5.930000000000000826e-01
-4.059999999999999165e-01 5.940000000000000835e-01
-4.049999999999999156e-01 5.950000000000000844e-01
-4.039999999999999147e-01 5.960000000000000853e-01
-4.029999999999999138e-01 5.970000000000000862e-01
-4.019999999999999130e-01 5.980000000000000870e-01
-4.009999999999999121e-01 5.990000000000000879e-01
-3.999999999999999112e-01 6.000000000000000888e-01
-3.989999999999999103e-01 6.010000000000000897e-01
-3.979999999999999094e-01 6.020000000000000906e-01
-3.969999999999999085e-01 6.030000000000000915e-01
-3.959999999999999076e-01 6.040000000000000924e-01
-3.949999999999999067e-01 6.050000000000000933e-01
-3.939999999999999059e-01 6.060000000000000941e-01
-3.929999999999999050e-01 6.070000000000000950e-01
-3.919999999999999041e-01 6.080000000000000959e-01
-3.909999999999999032e-01 6.090000000000000968e-01
-3.899999999999999023e-01 6.100000000000000977e-01
-3.889999999999999014e-01 6.110000000000000986e-01
-3.879999999999999005e-01 6.120000000000000995e-01
-3.869999999999998996e-01 6.130000000000001004e-01
-3.859999999999998987e-01 6.140000000000001013e-01
-3.849999999999998979e-01 6.150000000000001021e-01
-3.839999999999998970e-01 6.160000000000001030e-01
-3.829999999999998961e-01 6.170000000000001039e-01
-3.819999999999998952e-01 6.180000000000001048e-01
-3.809999999999998943e-01 6.190000000000001057e-01
-3.799999999999998934e-01 6.200000000000001066e-01
-3.789999999999998925e-01 6.210000000000001075e-01
-3.779999999999998916e-01 6.220000000000001084e-01
-3.769999999999998908e-01 6.230000000000001092e-01
-3.759999999999998899e-01 6.240000000000001101e-01
-3.749999999999998890e-01 6.250000000000001110e-01
-3.739999999999998881e-01 6.260000000000001119e-01
-3.729999999999998872e-01 6.270000000000001128e-01
-3.719999999999998863e-01 6.280000000000001137e-01
-3.709999999999998854e-01 6.290000000000001146e-01
-3.699999999999998845e-01 6.300000000000001155e-01
-3.689999999999998836e-01 6.310000000000001164e-01
-3.679999999999998828e-01 6.320000000000001172e-01
-3.669999999999998819e-01 6.330000000000001181e-01
-3.659999999999998810e-01 6.340000000000001190e-01
-3.649999999999998801e-01 6.350000000000001199e-01
-3.639999999999998792e-01 6.360000000000001208e-01
-3.629999999999998783e-01 6.370000000000001217e-01
-3.619999999999998774e-01 6.380000000000001226e-01
-3.609999999999998765e-01 6.390000000000001235e-01
-3.599999999999998757e-01 6.400000000000001243e-01
-3.589999999999998748e-01 6.410000000000001252e-01
-3.579999999999998739e-01 6.420000000000001261e-01
-3.569999999999998730e-01 6.430000000000001270e-01
-3.559999999999998721e-01 6.440000000000001279e-01
-3.549999999999998712e-01 6.450000000000001288e-01
-3.539999999999998703e-01 6.460000000000001297e-01
-3.529999999999998694e-01 6.470000000000001306e-01
-3.519999999999998685e-01 6.480000000000001315e-01
-3.509999999999998677e-01 6.490000000000001323e-01
-3.499999999999998668e-01 6.500000000000001332e-01
-3.489999999999998659e-01 6.510000000000001341e-01
-3.479999999999998650e-01 6.520000000000001350e-01
-3.469999999999998641e-01 6.530000000000001359e-01
-3.459999999999998632e-01 6.540000000000001368e-01
-3.449999999999998623e-01 6.550000000000001377e-01
-3.439999999999998614e-01 6.560000000000001386e-01
-3.429999999999998606e-01 6.570000000000001394e-01
-3.419999999999998597e-01 6.580000000000001403e-01
-3.409999999999998588e-01 6.590000000000001412e-01
-3.399999999999998579e-01 6.600000000000001421e-01
-3.389999999999998570e-01 6.610000000000001430e-01
-3.379999999999998561e-01 6.620000000000001439e-01
-3.369999999999998552e-01 6.630000000000001448e-01
-3.359999999999998543e-01 6.640000000000001457e-01
-3.349999999999998535e-01 6.650000000000001465e-01
-3.339999999999998526e-01 6.660000000000001474e-01
-3.329999999999998517e-01 6.670000000000001483e-01
-3.319999999999998508e-01 6.680000000000001492e-01
-3.309999999999998499e-01 6.690000000000001501e-01
-3.299999999999998490e-01 6.700000000000001510e-01
-3.289999999999998481e-01 6.710000000000001519e-01
-3.279999999999998472e-01 6.720000000000001528e-01
-3.269999999999998463e-01 6.730000000000001537e-01
-3.259999999999998455e-01 6.740000000000001545e-01
-3.249999999999998446e-01 6.750000000000001554e-01
-3.239999999999998437e-01 6.760000000000001563e-01
-3.229999999999998428e-01 6.770000000000001572e-01
-3.219999999999998419e-01 6.780000000000001581e-01
-3.209999999999998410e-01 6.790000000000001590e-01
-3.199999999999998401e-01 6.800000000000001599e-01
-3.189999999999998392e-01 6.810000000000001608e-01
-3.179999999999998384e-01 6.820000000000001616e-01
-3.169999999999998375e-01 6.830000000000001625e-01
-3.159999999999998366e-01 6.840000000000001634e-01
-3.149999999999998357e-01 6.850000000000001643e-01
-3.139999999999998348e-01 6.860000000000001652e-01
-3.129999999999998339e-01 6.870000000000001661e-01
-3.119999999999998330e-01 6.880000000000001670e-01
-3.109999999999998321e-01 6.890000000000001679e-01
-3.099999999999998312e-01 6.900000000000001688e-01
-3.089999999999998304e-01 6.910000000000001696e-01
-3.079999999999998295e-01 6.920000000000001705e-01
-3.069999999999998286e-01 6.930000000000001714e-01
-3.059999999999998277e-01 6.940000000000001723e-01
-3.049999999999998268e-01 6.950000000000001732e-01
-3.039999999999998259e-01 6.960000000000001741e-01
-3.029999999999998250e-01 6.970000000000001750e-01
-3.019999999999998241e-01 6.980000000000001759e-01
-3.009999999999998233e-01 6.990000000000001767e-01
-2.999999999999998224e-01 7.000000000000001776e-01
-2.989999999999998215e-01 7.010000000000001785e-01
-2.979999999999998206e-01 7.020000000000001794e-01
-2.969999999999998197e-01 7.030000000000001803e-01
-2.959999999999998188e-01 7.040000000000001812e-01
-2.949999999999998179e-01 7.050000000000001821e-01
-2.939999999999998170e-01 7.060000000000001830e-01
-2.929999999999998161e-01 7.070000000000001839e-01
-2.919999999999998153e-01 7.080000000000001847e-01
-2.909999999999998144e-01 7.090000000000001856e-01
-2.899999999999998135e-01 7.100000000000001865e-01
-2.889999999999998126e-01 7.110000000000001874e-01
-2.879999999999998117e-01 7.120000000000001883e-01
-2.869999999999998108e-01 7.130000000000001892e-01
-2.859999999999998099e-01 7.140000000000001901e-01
-2.849999999999998090e-01 7.150000000000001910e-01
-2.839999999999998082e-01 7.160000000000001918e-01
-2.829999999999998073e-01 7.170000000000001927e-01
-2.819999999999998064e-01 7.180000000000001936e-01
-2.809999999999998055e-01 7.190000000000001945e-01
-2.799999999999998046e-01 7.200000000000001954e-01
-2.789999999999998037e-01 7.210000000000001963e-01
-2.779999999999998028e-01 7.220000000000001972e-01
-2.769999999999998019e-01 7.230000000000001981e-01
-2.759999999999998010e-01 7.240000000000001990e-01
-2.749999999999998002e-01 7.250000000000001998e-01
-2.739999999999997993e-01 7.260000000000002007e-01
-2.729999999999997984e-01 7.270000000000002016e-01
-2.719999999999997975e-01 7.280000000000002025e-01
-2.709999999999997966e-01 7.290000000000002034e-01
-2.699999999999997957e-01 7.300000000000002043e-01
-2.689999999999997948e-01 7.310000000000002052e-01
-2.679999999999997939e-01 7.320000000000002061e-01
-2.669999999999997931e-01 7.330000000000002069e-01
-2.659999999999997922e-01 7.340000000000002078e-01
-2.649999999999997913e-01 7.350000000000002087e-01
-2.639999999999997904e-01 7.360000000000002096e-01
-2.629999999999997895e-01 7.370000000000002105e-01
-2.619999999999997886e-01 7.380000000000002114e-01
-2.609999999999997877e-01 7.390000000000002123e-01
-2.599999999999997868e-01 7.400000000000002132e-01
-2.589999999999997859e-01 7.410000000000002141e-01
-2.579999999999997851e-01 7.420000000000002149e-01
-2.569999999999997842e-01 7.430000000000002158e-01
-2.559999999999997833e-01 7.440000000000002167e-01
-2.549999999999997824e-01 7.450000000000002176e-01
-2.539999999999997815e-01 7.460000000000002185e-01
-2.529999999999997806e-01 7.470000000000002194e-01
-2.519999999999997797e-01 7.480000000000002203e-01
-2.509999999999997788e-01 7.490000000000002212e-01
-2.499999999999997780e-01 7.500000000000002220e-01
-2.489999999999997771e-01 7.510000000000002229e-01
-2.479999999999997762e-01 7.520000000000002238e-01
-2.469999999999997753e-01 7.530000000000002247e-01
-2.459999999999997744e-01 7.540000000000002256e-01
-2.449999999999997735e-01 7.550000000000002265e-01
-2.439999999999997726e-01 7.560000000000002274e-01
-2.429999999999997717e-01 7.570000000000002283e-01
-2.419999999999997708e-01 7.580000000000002292e-01
-2.409999999999997700e-01 7.590000000000002300e-01
-2.399999999999997691e-01 7.600000000000002309e-01
-2.389999999999997682e-01 7.610000000000002318e-01
-2.379999999999997673e-01 7.620000000000002327e-01
-2.369999999999997664e-01 7.630000000000002336e-01
-2.359999999999997655e-01 7.640000000000002345e-01
-2.349999999999997646e-01 7.650000000000002354e-01
-2.339999999999997637e-01 7.660000000000002363e-01
-2.329999999999997629e-01 7.670000000000002371e-01
-2.319999999999997620e-01 7.680000000000002380e-01
-2.309999999999997611e-01 7.690000000000002389e-01
-2.299999999999997602e-01 7.700000000000002398e-01
-2.289999999999997593e-01 7.710000000000002407e-01
-2.279999999999997584e-01 7.720000000000002416e-01
-2.269999999999997575e-01 7.730000000000002425e-01
-2.259999999999997566e-01 7.740000000000002434e-01
-2.249999999999997558e-01 7.750000000000002442e-01
-2.239999999999997549e-01 7.760000000000002451e-01
-2.229999999999997540e-01 7.770000000000002460e-01
-2.219999999999997531e-01 7.780000000000002469e-01
-2.209999999999997522e-01 7.790000000000002478e-01
-2.199999999999997513e-01 7.800000000000002487e-01
-2.189999999999997504e-01 7.810000000000002496e-01
-2.179999999999997495e-01 7.820000000000002505e-01
-2.169999999999997486e-01 7.830000000000002514e-01
-2.159999999999997478e-01 7.840000000000002522e-01
-2.149999999999997469e-01 7.850000000000002531e-01
-2.139999999999997460e-01 7.860000000000002540e-01
-2.129999999999997451e-01 7.870000000000002549e-01
-2.119999999999997442e-01 7.880000000000002558e-01
-2.109999999999997433e-01 7.890000000000002567e-01
-2.099999999999997424e-01 7.900000000000002576e-01
-2.089999999999997415e-01 7.910000000000002585e-01
-2.079999999999997407e-01 7.920000000000002593e-01
-2.069999999999997398e-01 7.930000000000002602e-01
-2.059999999999997389e-01 7.940000000000002611e-01
-2.049999999999997380e-01 7.950000000000002620e-01
-2.039999999999997371e-01 7.960000000000002629e-01
-2.029999999999997362e-01 7.970000000000002638e-01
-2.019999999999997353e-01 7.980000000000002647e-01
-2.009999999999997344e-01 7.990000000000002656e-01
-1.999999999999997335e-01 8.000000000000002665e-01
-1.989999999999997327e-01 8.010000000000002673e-01
-1.979999999999997318e-01 8.020000000000002682e-01
-1.969999999999997309e-01 8.030000000000002691e-01
-1.959999999999997300e-01 8.040000000000002700e-01
-1.949999999999997291e-01 8.050000000000002709e-01
-1.939999999999997282e-01 8.060000000000002718e-01
-1.929999999999997273e-01 8.070000000000002727e-01
-1.919999999999997264e-01 8.080000000000002736e-01
-1.909999999999997256e-01 8.090000000000002744e-01
-1.899999999999997247e-01 8.100000000000002753e-01
-1.889999999999997238e-01 8.110000000000002762e-01
-1.879999999999997229e-01 8.120000000000002771e-01
-1.869999999999997220e-01 8.130000000000002780e-01
-1.859999999999997211e-01 8.140000000000002789e-01
-1.849999999999997202e-01 8.150000000000002798e-01
-1.839999999999997193e-01 8.160000000000002807e-01
-1.829999999999997184e-01 8.170000000000002816e-01
-1.819999999999997176e-01 8.180000000000002824e-01
-1.809999999999997167e-01 8.190000000000002833e-01
-1.799999999999997158e-01 8.200000000000002842e-01
-1.789999999999997149e-01 8.210000000000002851e-01
-1.779999999999997140e-01 8.220000000000002860e-01
-1.769999999999997131e-01 8.230000000000002869e-01
-1.759999999999997122e-01 8.240000000000002878e-01
-1.749999999999997113e-01 8.250000000000002887e-01
-1.739999999999997105e-01 8.260000000000002895e-01
-1.729999999999997096e-01 8.270000000000002904e-01
-1.719999999999997087e-01 8.280000000000002913e-01
-1.709999999999997078e-01 8.290000000000002922e-01
-1.699999999999997069e-01 8.300000000000002931e-01
-1.689999999999997060e-01 8.310000000000002940e-01
-1.679999999999997051e-01 8.320000000000002949e-01
-1.669999999999997042e-01 8.330000000000002958e-01
-1.659999999999997033e-01 8.340000000000002967e-01
-1.649999999999997025e-01 8.350000000000002975e-01
-1.639999999999997016e-01 8.360000000000002984e-01
-1.629999999999997007e-01 8.370000000000002993e-01
-1.619999999999996998e-01 8.380000000000003002e-01
-1.609999999999996989e-01 8.390000000000003011e-01
-1.599999999999996980e-01 8.400000000000003020e-01
-1.589999999999996971e-01 8.410000000000003029e-01
-1.579999999999996962e-01 8.420000000000003038e-01
-1.569999999999996954e-01 8.430000000000003046e-01
-1.559999999999996945e-01 8.440000000000003055e-01
-1.549999999999996936e-01 8.450000000000003064e-01
-1.539999999999996927e-01 8.460000000000003073e-01
-1.529999999999996918e-01 8.470000000000003082e-01
-1.519999999999996909e-01 8.480000000000003091e-01
-1.509999999999996900e-01 8.490000000000003100e-01
-1.499999999999996891e-01 8.500000000000003109e-01
-1.489999999999996882e-01 8.510000000000003118e-01
-1.479999999999996874e-01 8.520000000000003126e-01
-1.469999999999996865e-01 8.530000000000003135e-01
-1.459999999999996856e-01 8.540000000000003144e-01
-1.449999999999996847e-01 8.550000000000003153e-01
-1.439999999999996838e-01 8.560000000000003162e-01
-1.429999999999996829e-01 8.570000000000003171e-01
-1.419999999999996820e-01 8.580000000000003180e-01
-1.409999999999996811e-01 8.590000000000003189e-01
-1.399999999999996803e-01 8.600000000000003197e-01
-1.389999999999996794e-01 8.610000000000003206e-01
-1.379999999999996785e-01 8.620000000000003215e-01
-1.369999999999996776e-01 8.630000000000003224e-01
-1.359999999999996767e-01 8.640000000000003233e-01
-1.349999999999996758e-01 8.650000000000003242e-01
-1.339999999999996749e-01 8.660000000000003251e-01
-1.329999999999996740e-01 8.670000000000003260e-01
-1.319999999999996732e-01 8.680000000000003268e-01
-1.309999999999996723e-01 8.690000000000003277e-01
-1.299999999999996714e-01 8.700000000000003286e-01
-1.289999999999996705e-01 8.710000000000003295e-01
-1.279999999999996696e-01 8.720000000000003304e-01
-1.269999999999996687e-01 8.730000000000003313e-01
-1.259999999999996678e-01 8.740000000000003322e-01
-1.249999999999996669e-01 8.750000000000003331e-01
-1.239999999999996660e-01 8.760000000000003340e-01
-1.229999999999996652e-01 8.770000000000003348e-01
-1.219999999999996643e-01 8.780000000000003357e-01
-1.209999999999996634e-01 8.790000000000003366e-01
-1.199999999999996625e-01 8.800000000000003375e-01
-1.189999999999996616e-01 8.810000000000003384e-01
-1.179999999999996607e-01 8.820000000000003393e-01
-1.169999999999996598e-01 8.830000000000003402e-01
-1.159999999999996589e-01 8.840000000000003411e-01
-1.149999999999996581e-01 8.850000000000003419e-01
-1.139999999999996572e-01 8.860000000000003428e-01
-1.129999999999996563e-01 8.870000000000003437e-01
-1.119999999999996554e-01 8.880000000000003446e-01
-1.109999999999996545e-01 8.890000000000003455e-01
-1.099999999999996536e-01 8.900000000000003464e-01
-1.089999999999996527e-01 8.910000000000003473e-01
-1.079999999999996518e-01 8.920000000000003482e-01
-1.069999999999996509e-01 8.930000000000003491e-01
-1.059999999999996501e-01 8.940000000000003499e-01
-1.049999999999996492e-01 8.950000000000003508e-01
-1.039999999999996483e-01 8.960000000000003517e-01
-1.029999999999996474e-01 8.970000000000003526e-01
-1.019999999999996465e-01 8.980000000000003535e-01
-1.009999999999996456e-01 8.990000000000003544e-01
-9.999999999999964473e-02 9.000000000000003553e-01
-9.899999999999964384e-02 9.010000000000003562e-01
-9.799999999999964295e-02 9.020000000000003570e-01
-9.699999999999964206e-02 9.030000000000003579e-01
-9.599999999999964118e-02 9.040000000000003588e-01
-9.499999999999964029e-02 9.050000000000003597e-01
-9.399999999999963940e-02 9.060000000000003606e-01
-9.299999999999963851e-02 9.070000000000003615e-01
-9.199999999999963762e-02 9.080000000000003624e-01
-9.099999999999963674e-02 9.090000000000003633e-01
-8.999999999999963585e-02 9.100000000000003642e-01
-8.899999999999963496e-02 9.110000000000003650e-01
-8.799999999999963407e-02 9.120000000000003659e-01
-8.699999999999963318e-02 9.130000000000003668e-01
-8.599999999999963229e-02 9.140000000000003677e-01
-8.499999999999963141e-02 9.150000000000003686e-01
-8.399999999999963052e-02 9.160000000000003695e-01
-8.299999999999962963e-02 9.170000000000003704e-01
-8.199999999999962874e-02 9.180000000000003713e-01
-8.099999999999962785e-02 9.190000000000003721e-01
-7.999999999999962697e-02 9.200000000000003730e-01
-7.899999999999962608e-02 9.210000000000003739e-01
-7.799999999999962519e-02 9.220000000000003748e-01
-7.699999999999962430e-02 9.230000000000003757e-01
-7.599999999999962341e-02 9.240000000000003766e-01
-7.499999999999962252e-02 9.250000000000003775e-01
-7.399999999999962164e-02 9.260000000000003784e-01
-7.299999999999962075e-02 9.270000000000003793e-01
-7.199999999999961986e-02 9.280000000000003801e-01
-7.099999999999961897e-02 9.290000000000003810e-01
-6.999999999999961808e-02 9.300000000000003819e-01
-6.899999999999961720e-02 9.310000000000003828e-01
-6.799999999999961631e-02 9.320000000000003837e-01
-6.699999999999961542e-02 9.330000000000003846e-01
-6.599999999999961453e-02 9.340000000000003855e-01
-6.499999999999961364e-02 9.350000000000003864e-01
-6.399999999999961275e-02 9.360000000000003872e-01
-6.299999999999961187e-02 9.370000000000003881e-01
-6.199999999999961098e-02 9.380000000000003890e-01
-6.099999999999961009e-02 9.390000000000003899e-01
-5.999999999999960920e-02 9.400000000000003908e-01
-5.899999999999960831e-02 9.410000000000003917e-01
-5.799999999999960743e-02 9.420000000000003926e-01
-5.699999999999960654e-02 9.430000000000003935e-01
-5.599999999999960565e-02 9.440000000000003944e-01
-5.499999999999960476e-02 9.450000000000003952e-01
-5.399999999999960387e-02 9.460000000000003961e-01
-5.299999999999960298e-02 9.470000000000003970e-01
-5.199999999999960210e-02 9.480000000000003979e-01
-5.099999999999960121e-02 9.490000000000003988e-01
-4.999999999999960032e-02 9.500000000000003997e-01
-4.899999999999959943e-02 9.510000000000004006e-01
-4.799999999999959854e-02 9.520000000000004015e-01
-4.699999999999959766e-02 9.530000000000004023e-01
-4.599999999999959677e-02 9.540000000000004032e-01
-4.499999999999959588e-02 9.550000000000004041e-01
-4.399999999999959499e-02 9.560000000000004050e-01
-4.299999999999959410e-02 9.570000000000004059e-01
-4.199999999999959321e-02 9.580000000000004068e-01
-4.099999999999959233e-02 9.590000000000004077e-01
-3.999999999999959144e-02 9.600000000000004086e-01
-3.899999999999959055e-02 9.610000000000004095e-01
-3.799999999999958966e-02 9.620000000000004103e-01
-3.699999999999958877e-02 9.630000000000004112e-01
-3.599999999999958789e-02 9.640000000000004121e-01
-3.499999999999958700e-02 9.650000000000004130e-01
-3.399999999999958611e-02 9.660000000000004139e-01
-3.299999999999958522e-02 9.670000000000004148e-01
-3.199999999999958433e-02 9.680000000000004157e-01
-3.099999999999958344e-02 9.690000000000004166e-01
-2.999999999999958256e-02 9.700000000000004174e-01
-2.899999999999958167e-02 9.710000000000004183e-01
-2.799999999999958078e-02 9.720000000000004192e-01
-2.699999999999957989e-02 9.730000000000004201e-01
-2.599999999999957900e-02 9.740000000000004210e-01
-2.499999999999957812e-02 9.750000000000004219e-01
-2.399999999999957723e-02 9.760000000000004228e-01
-2.299999999999957634e-02 9.770000000000004237e-01
-2.199999999999957545e-02 9.780000000000004245e-01
-2.099999999999957456e-02 9.790000000000004254e-01
-1.999999999999957367e-02 9.800000000000004263e-01
-1.899999999999957279e-02 9.810000000000004272e-01
-1.799999999999957190e-02 9.820000000000004281e-01
-1.699999999999957101e-02 9.830000000000004290e-01
-1.599999999999957012e-02 9.840000000000004299e-01
-1.499999999999956923e-02 9.850000000000004308e-01
-1.399999999999956835e-02 9.860000000000004317e-01
-1.299999999999956746e-02 9.870000000000004325e-01
-1.199999999999956657e-02 9.880000000000004334e-01
-1.099999999999956568e-02 9.890000000000004343e-01
-9.999999999999564793e-03 9.900000000000004352e-01
-8.999999999999563904e-03 9.910000000000004361e-01
-7.999999999999563016e-03 9.920000000000004370e-01
-6.999999999999562128e-03 9.930000000000004379e-01
-5.999999999999561240e-03 9.940000000000004388e-01
-4.999999999999560352e-03 9.950000000000004396e-01
-3.999999999999559464e-03 9.960000000000004405e-01
-2.999999999999558575e-03 9.970000000000004414e-01
-1.999999999999557687e-03 9.980000000000004423e-01
-9.999999999995567990e-04 9.990000000000004432e-01
4.440892098500626162e-16 9.999999999999977796e-01
1.000000000000333955e-03 9.950005025124342151e-01
2.000000000000445866e-03 9.900020201999567560e-01
3.000000000000557776e-03 9.850045685173214327e-01
4.000000000000447642e-03 9.800081632313046853e-01
5.000000000000337508e-03 9.750128204285298805e-01
6.000000000000449418e-03 9.700185565235315277e-01
7.000000000000561329e-03 9.650253882670624117e-01
8.000000000000451195e-03 9.600333327546475282e-01
9.000000000000341061e-03 9.550424074353959236e-01
1.000000000000045297e-02 9.500526301210874269e-01
1.100000000000056488e-02 9.450640189955359372e-01
1.200000000000045475e-02 9.400765926242370396e-01
1.300000000000034461e-02 9.350903699643134948e-01
1.400000000000045652e-02 9.301053703747741430e-01
1.500000000000056843e-02 9.251216136270921098e-01
1.600000000000045830e-02 9.201391199161111922e-01
1.700000000000034817e-02 9.151579098712947502e-01
1.800000000000046008e-02 9.101780045683348641e-01
1.900000000000057199e-02 9.051994255411317525e-01
2.000000000000046185e-02 9.002221947941496660e-01
2.100000000000035172e-02 8.952463348151707967e-01
2.200000000000046363e-02 8.902718685884642991e-01
2.300000000000057554e-02 8.852988196083823036e-01
2.400000000000046541e-02 8.803272118933935797e-01
2.500000000000035527e-02 8.753570700005780525e-01
2.600000000000046718e-02 8.703884190406004917e-01
2.700000000000057909e-02 8.654212846931804703e-01
2.800000000000046896e-02 8.604556932230712496e-01
2.900000000000035882e-02 8.554916714965710156e-01
3.000000000000047073e-02 8.505292469985944459e-01
3.100000000000058265e-02 8.455684478503174839e-01
3.200000000000047251e-02 8.406093028274169709e-01
3.300000000000036238e-02 8.356518413789303379e-01
3.400000000000047429e-02 8.306960936467656653e-01
3.500000000000058620e-02 8.257420904858824295e-01
3.600000000000047606e-02 8.207898634851651387e-01
3.700000000000036593e-02 8.158394449890229438e-01
3.800000000000047784e-02 8.108908681197465329e-01
3.900000000000058975e-02 8.059441668006508408e-01
4.000000000000047962e-02 8.009993757800289993e-01
4.100000000000036948e-02 7.960565306559560517e-01
4.200000000000048139e-02 7.911156679019801796e-01
4.300000000000059330e-02 7.861768248937355263e-01
4.400000000000048317e-02 7.812400399365078130e-01
4.500000000000037303e-02 7.763053522937976014e-01
4.600000000000048495e-02 7.713728022169282772e-01
4.700000000000059686e-02 7.664424309757357223e-01
4.800000000000048672e-02 7.615142808903824223e-01
4.900000000000037659e-02 7.565883953643468551e-01
5.000000000000048850e-02 7.516648189186430074e-01
5.100000000000060041e-02 7.467435972273184230e-01
5.200000000000049027e-02 7.418247771542795244e-01
5.300000000000038014e-02 7.369084067915070424e-01
5.400000000000049205e-02 7.319945354987265063e-01
5.500000000000060396e-02 7.270832139445908560e-01
5.600000000000049383e-02 7.221744941494379066e-01
5.700000000000038369e-02 7.172684295296966051e-01
5.800000000000049560e-02 7.123650749440181285e-01
5.900000000000060751e-02 7.074644867412044347e-01
6.000000000000049738e-02 7.025667228100094253e-01
6.100000000000038725e-02 6.976718426309014287e-01
6.200000000000049916e-02 6.927799073298795962e-01
6.300000000000061107e-02 6.878909797344313626e-01
6.400000000000050093e-02 6.830051244317253412e-01
6.500000000000039080e-02 6.781224078291451240e-01
6.600000000000050271e-02 6.732428982172754539e-01
6.700000000000061462e-02 6.683666658354499024e-01
6.800000000000050449e-02 6.634937829399735199e-01
6.900000000000039435e-02 6.586243238751492424e-01
7.000000000000050626e-02 6.537583651472436141e-01
7.100000000000061817e-02 6.488959855015256073e-01
7.200000000000050804e-02 6.440372660025169838e-01
7.300000000000039790e-02 6.391822901176138494e-01
7.400000000000050981e-02 6.343311438042411599e-01
7.500000000000062172e-02 6.294839156007056014e-01
7.600000000000051159e-02 6.246406967209204852e-01
7.700000000000040146e-02 6.198015811531926156e-01
7.800000000000051337e-02 6.149666657632728572e-01
7.900000000000062528e-02 6.101360504018724651e-01
8.000000000000051514e-02 6.053098380168597803e-01
8.100000000000040501e-02 6.004881347703696637e-01
8.200000000000051692e-02 5.956710501610742448e-01
8.300000000000062883e-02 5.908586971518625663e-01
8.400000000000051870e-02 5.860511923031955783e-01
8.500000000000040856e-02 5.812486559124224739e-01
8.600000000000052047e-02 5.764512121593614591e-01
8.700000000000063238e-02 5.716589892584533761e-01
8.800000000000052225e-02 5.668721196178174715e-01
8.900000000000041211e-02 5.620907400055598080e-01
9.000000000000052403e-02 5.573149917237084638e-01
9.100000000000063594e-02 5.525450207901584365e-01
9.200000000000052580e-02 5.477809781290303714e-01
9.300000000000041567e-02 5.430230197698785455e-01
9.400000000000052758e-02 5.382713070562068491e-01
9.500000000000063949e-02 5.335260068637673880e-01
9.600000000000052935e-02 5.287872918291411928e-01
9.700000000000041922e-02 5.240553405891384964e-01
9.800000000000053113e-02 5.193303380315821283e-01
9.900000000000064304e-02 5.146124755580618881e-01
1.000000000000005329e-01 5.099019513592759623e-01
1.010000000000004228e-01 5.051989707036208532e-01
1.020000000000005347e-01 5.005037462397234904e-01
1.030000000000006466e-01 4.958164983136372217e-01
1.040000000000005365e-01 4.911374553014640210e-01
1.050000000000004263e-01 4.864668539582096551e-01
1.060000000000005382e-01 4.818049397837236847e-01
1.070000000000006501e-01 4.771519674066084238e-01
1.080000000000005400e-01 4.725082009870280042e-01
1.090000000000004299e-01 4.678739146394017001e-01
1.100000000000005418e-01 4.632493928760162971e-01
1.110000000000006537e-01 4.586349310726312578e-01
1.120000000000005436e-01 4.540308359572042263e-01
1.130000000000004334e-01 4.494374261229233669e-01
1.140000000000005453e-01 4.448550325667877114e-01
1.150000000000006573e-01 4.402839992550233172e-01
1.160000000000005471e-01 4.357246837166765530e-01
1.170000000000004370e-01 4.311774576667921077e-01
1.180000000000005489e-01 4.266427076606347790e-01
1.190000000000006608e-01 4.221208357804640543e-01
1.200000000000005507e-01 4.176122603564195179e-01
1.210000000000004405e-01 4.131174167231373984e-01
1.220000000000005524e-01 4.086367580137620914e-01
1.230000000000006644e-01 4.041707559930550198e-01
1.240000000000005542e-01 3.997199019313374402e-01
1.250000000000004441e-01 3.952847075210454419e-01
1.260000000000005560e-01 3.908657058376931448e-01
1.270000000000006679e-01 3.864634523470463212e-01
1.280000000000005578e-01 3.820785259603032835e-01
1.290000000000004476e-01 3.777115301390712165e-01
1.300000000000005596e-01 3.733630940518869457e-01
1.310000000000006715e-01 3.690338737839629069e-01
1.320000000000005613e-01 3.647245536017533762e-01
1.330000000000004512e-01 3.604358472738229402e-01
1.340000000000005631e-01 3.561684994493453105e-01
1.350000000000006750e-01 3.519232870953526437e-01
1.360000000000005649e-01 3.477010209936093332e-01
1.370000000000004547e-01 3.435025472976855343e-01
1.380000000000005667e-01 3.393287491504343723e-01
1.390000000000006786e-01 3.351805483616227543e-01
1.400000000000005684e-01 3.310589071449346332e-01
1.410000000000004583e-01 3.269648299129415125e-01
1.420000000000005702e-01 3.228993651278963539e-01
1.430000000000006821e-01 3.188636072053351311e-01
1.440000000000005720e-01 3.148586984664685229e-01
1.450000000000004619e-01 3.108858311341944347e-01
1.460000000000005738e-01 3.069462493662344915e-01
1.470000000000006857e-01 3.030412513173716405e-01
1.480000000000005755e-01 2.991721912210402179e-01
1.490000000000004654e-01 2.953404814785791643e-01
1.500000000000005773e-01 2.915475947422628278e-01
1.510000000000006892e-01 2.877950659757712581e-01
1.520000000000005791e-01 2.840844944730331334e-01
1.530000000000004690e-01 2.804175458133799648e-01
1.540000000000005809e-01 2.767959537276490356e-01
1.550000000000006928e-01 2.732215218462825668e-01
1.560000000000005826e-01 2.696961252965991429e-01
1.570000000000004725e-01 2.662217121122902319e-01
1.580000000000005844e-01 2.628003044138247368e-01
1.590000000000006963e-01 2.594339993138886635e-01
1.600000000000005862e-01 2.561249694973120605e-01
1.610000000000004761e-01 2.528754634202362017e-01
1.620000000000005880e-01 2.496878050686478223e-01
1.630000000000006999e-01 2.465643932119942761e-01
1.640000000000005898e-01 2.435077000835890182e-01
1.650000000000004796e-01 2.405202694161124588e-01
1.660000000000005915e-01 2.376047137579538615e-01
1.670000000000007034e-01 2.347637109946915934e-01
1.680000000000005933e-01 2.319999999999983742e-01
1.690000000000004832e-01 2.293163753420139339e-01
1.700000000000005951e-01 2.267156809750911495e-01
1.710000000000007070e-01 2.242008028531548569e-01
1.720000000000005969e-01 2.217746604100643559e-01
1.730000000000004867e-01 2.194401968646572110e-01
1.740000000000005986e-01 2.172003683238116212e-01
1.750000000000007105e-01 2.150581316760641903e-01
1.760000000000006004e-01 2.130164312911083657e-01
1.770000000000004903e-01 2.110781845667609735e-01
1.780000000000006022e-01 2.092462663944079926e-01
1.790000000000007141e-01 2.075234926460122753e-01
1.800000000000006040e-01 2.059126028197390545e-01
1.810000000000004938e-01 2.044162420161365623e-01
1.820000000000006057e-01 2.030369424513669141e-01
1.830000000000007176e-01 2.017771047467964152e-01
1.840000000000006075e-01 2.006389792637505720e-01
1.850000000000004974e-01 1.996246477767708027e-01
1.860000000000006093e-01 1.987360057966341409e-01
1.870000000000007212e-01 1.979747458642131808e-01
1.880000000000006111e-01 1.973423421367037911e-01
1.890000000000005009e-01 1.968400365779277017e-01
1.900000000000006128e-01 1.964688270438848250e-01
1.910000000000007248e-01 1.962294575235837280e-01
1.920000000000006146e-01 1.961224107541001960e-01
1.930000000000005045e-01 1.961479033790573534e-01
1.940000000000006164e-01 1.963058837630702602e-01
1.950000000000007283e-01 1.965960325133752629e-01
1.960000000000006182e-01 1.970177656963963131e-01
1.970000000000005080e-01 1.975702406740451611e-01
1.980000000000006199e-01 1.982523644247406736e-01
1.990000000000007319e-01 1.990628041598938580e-01
2.000000000000006217e-01 2.000000000000006217e-01
2.010000000000005116e-01 2.010621794371090509e-01
2.020000000000006235e-01 2.022473732833144078e-01
2.030000000000007354e-01 2.035534327885442640e-01
2.040000000000006253e-01 2.049780476051042410e-01
2.050000000000005151e-01 2.065187642806346480e-01
2.060000000000006271e-01 2.081730049742291644e-01
2.070000000000007390e-01 2.099380861111212471e-01
2.080000000000006288e-01 2.118112367179808275e-01
2.090000000000005187e-01 2.137896162118273768e-01
2.100000000000006306e-01 2.158703314492303738e-01
2.110000000000007425e-01 2.180504528773116735e-01
2.120000000000006324e-01 2.203270296627280467e-01
2.130000000000005222e-01 2.226971037081545979e-01
2.140000000000006342e-01 2.251577224969215085e-01
2.150000000000007461e-01 2.277059507347159450e-01
2.160000000000006359e-01 2.303388807822092099e-01
2.170000000000005258e-01 2.330536418938796150e-01
2.180000000000006377e-01 2.358474082961287410e-01
2.190000000000007496e-01 2.387174061521301072e-01
2.200000000000006395e-01 2.416609194718933595e-01
2.210000000000005294e-01 2.446752950340528032e-01
2.220000000000006413e-01 2.477579463912328028e-01
2.230000000000007532e-01 2.509063570338567750e-01
2.240000000000006430e-01 2.541180827882995596e-01
2.250000000000005329e-01 2.573907535246767742e-01
2.260000000000006448e-01 2.607220742476576980e-01
2.270000000000007567e-01 2.641098256407765077e-01
2.280000000000006466e-01 2.675518641310525303e-01
2.290000000000005365e-01 2.710461215365403964e-01
2.300000000000006484e-01 2.745906043549219411e-01
2.310000000000007603e-01 2.781833927465863776e-01
2.320000000000006501e-01 2.818226392609389785e-01
2.330000000000005400e-01 2.855065673500368773e-01
2.340000000000006519e-01 2.892334697091631934e-01
2.350000000000007638e-01 2.930017064796751614e-01
2.360000000000006537e-01 2.968097033454288325e-01
2.370000000000005436e-01 3.006559495503144941e-01
2.380000000000006555e-01 3.045389958609596159e-01
2.390000000000007674e-01 3.084574524954808994e-01
2.400000000000006573e-01 3.124099870362687659e-01
2.410000000000005471e-01 3.163953223421632766e-01
2.420000000000006590e-01 3.204122344730327421e-01
2.430000000000007709e-01 3.244595506376750649e-01
2.440000000000006608e-01 3.285361471740998462e-01
2.450000000000005507e-01 3.326409475696002205e-01
2.460000000000006626e-01 3.367729205265795334e-01
2.470000000000007745e-01 3.409310780788430972e-01
2.480000000000006644e-01 3.451144737619706304e-01
2.490000000000005542e-01 3.493222008404298640e-01
2.500000000000006661e-01 3.535533905932765619e-01
2.510000000000007780e-01 3.578072106595986401e-01
2.520000000000006679e-01 3.620828634442702643e-01
2.530000000000005578e-01 3.663795845840782661e-01
2.540000000000006697e-01 3.706966414738635529e-01
2.550000000000007816e-01 3.750333318519869508e-01
2.560000000000006715e-01 3.793889824441429859e-01
2.570000000000005613e-01 3.837629476643125148e-01
2.580000000000006732e-01 3.881546083714610407e-01
2.590000000000007851e-01 3.925633706804580458e-01
2.600000000000006750e-01 3.969886648255871453e-01
2.610000000000005649e-01 4.014299440749307113e-01
2.620000000000006768e-01 4.058866836938635481e-01
2.630000000000007887e-01 4.103583799558659928e-01
2.640000000000006786e-01 4.148445491988565492e-01
2.650000000000005684e-01 4.193447269252376652e-01
2.660000000000006803e-01 4.238584669438639763e-01
2.670000000000007923e-01 4.283853405521751423e-01
2.680000000000006821e-01 4.329249357567691026e-01
2.690000000000005720e-01 4.374768565307223800e-01
2.700000000000006839e-01 4.420407221060100311e-01
2.710000000000007958e-01 4.466161662994335146e-01
2.720000000000006857e-01 4.512028368705175430e-01
2.730000000000005755e-01 4.558003949098798357e-01
2.740000000000006875e-01 4.604085142566359257e-01
2.750000000000007994e-01 4.650268809434605632e-01
2.760000000000006892e-01 4.696551926679859434e-01
2.770000000000005791e-01 4.742931582892616071e-01
2.780000000000006910e-01 4.789404973480558270e-01
2.790000000000008029e-01 4.835969396098404038e-01
2.800000000000006928e-01 4.882622246293513713e-01
2.810000000000005826e-01 4.929361013356626797e-01
2.820000000000006946e-01 4.976183276367573960e-01
2.830000000000008065e-01 5.023086700426380169e-01
2.840000000000006963e-01 5.070069033060627950e-01
2.850000000000005862e-01 5.117128100800318879e-01
2.860000000000006981e-01 5.164261805911890546e-01
2.870000000000008100e-01 5.211468123283533593e-01
2.880000000000006999e-01 5.258745097454367023e-01
2.890000000000005898e-01 5.306090839780289725e-01
2.900000000000007017e-01 5.353503525729702561e-01
2.910000000000008136e-01 5.400981392302737216e-01
2.920000000000007034e-01 5.448522735567904451e-01
2.930000000000005933e-01 5.496125908310354191e-01
2.940000000000007052e-01 5.543789317786199655e-01
2.950000000000008171e-01 5.591511423577746331e-01
2.960000000000007070e-01 5.639290735544708610e-01
2.970000000000005969e-01 5.687125811866686753e-01
2.980000000000007088e-01 5.735015257172415559e-01
2.990000000000008207e-01 5.782957720751592534e-01
3.000000000000007105e-01 5.830951894845334271e-01
3.010000000000006004e-01 5.878996513011411906e-01
3.020000000000007123e-01 5.927090348560616340e-01
3.030000000000008242e-01 5.975232213060884812e-01
3.040000000000007141e-01 6.023420954905975844e-01
3.050000000000006040e-01 6.071655457945580592e-01
3.060000000000007159e-01 6.119934640173898543e-01
3.070000000000008278e-01 6.168257452473955293e-01
3.080000000000007176e-01 6.216622877415070025e-01
3.090000000000006075e-01 6.265029928100931400e-01
3.100000000000007194e-01 6.313477647065873777e-01
3.110000000000008313e-01 6.361965105217138872e-01
3.120000000000007212e-01 6.410491400821035635e-01
3.130000000000006111e-01 6.459055658530926669e-01
3.140000000000007230e-01 6.507657028455053894e-01
3.150000000000008349e-01 6.556294685262441524e-01
3.160000000000007248e-01 6.604967827325161078e-01
3.170000000000006146e-01 6.653675675895271979e-01
3.180000000000007265e-01 6.702417474314806833e-01
3.190000000000008384e-01 6.751192487257384744e-01
3.200000000000007283e-01 6.800000000000034905e-01
3.210000000000006182e-01 6.848839317723873776e-01
3.220000000000007301e-01 6.897709764842276936e-01
3.230000000000008420e-01 6.946610684355397636e-01
3.240000000000007319e-01 6.995541437229895187e-01
3.250000000000006217e-01 7.044501401802716334e-01
3.260000000000007336e-01 7.093489973207863786e-01
3.270000000000008455e-01 7.142506562825167160e-01
3.280000000000007354e-01 7.191550597750148155e-01
3.290000000000006253e-01 7.240621520284045154e-01
3.300000000000007372e-01 7.289718787443074666e-01
3.310000000000008491e-01 7.338841870486146890e-01
3.320000000000007390e-01 7.387990254460311546e-01
3.330000000000006288e-01 7.437163437763113505e-01
3.340000000000007407e-01 7.486360931721134371e-01
3.350000000000008527e-01 7.535582260184054970e-01
3.360000000000007425e-01 7.584826959133645907e-01
3.370000000000006324e-01 7.634094576307033364e-01
3.380000000000007443e-01 7.683384670833588448e-01
3.390000000000008562e-01 7.732696812884923832e-01
3.400000000000007461e-01 7.782030583337524732e-01
3.410000000000006359e-01 7.831385573447426918e-01
3.420000000000007478e-01 7.880761384536432157e-01
3.430000000000008598e-01 7.930157627689419231e-01
3.440000000000007496e-01 7.979573923462367491e-01
3.450000000000006395e-01 8.029009901600602239e-01
3.460000000000007514e-01 8.078465200766825616e-01
3.470000000000008633e-01 8.127939468278581048e-01
3.480000000000007532e-01 8.177432359854810429e-01
3.490000000000006430e-01 8.226943539371138758e-01
3.500000000000007550e-01 8.276472678623461032e-01
3.510000000000008669e-01 8.326019457099576027e-01
3.520000000000007567e-01 8.375583561758584983e-01
3.530000000000006466e-01 8.425164686817732118e-01
3.540000000000007585e-01 8.474762533546331689e-01
3.550000000000008704e-01 8.524376810066571775e-01
3.560000000000007603e-01 8.574007231160972742e-01
3.570000000000006501e-01 8.623653518086202840e-01
3.580000000000007621e-01 8.673315398392973385e-01
3.590000000000008740e-01 8.722992605751810347e-01
3.600000000000007638e-01 8.772684879784561351e-01
3.610000000000006537e-01 8.822391965901343891e-01
3.620000000000007656e-01 8.872113615142711573e-01
3.630000000000008775e-01 8.921849584026889657e-01
3.640000000000007674e-01 8.971599634401921097e-01
3.650000000000006573e-01 9.021363533302523274e-01
3.660000000000007692e-01 9.071141052811421135e-01
3.670000000000008811e-01 9.120931969925046845e-01
3.680000000000007709e-01 9.170736066423497146e-01
3.690000000000006608e-01 9.220553128744534144e-01
3.700000000000007727e-01 9.270382947861469658e-01
3.710000000000008846e-01 9.320225319164812117e-01
3.720000000000007745e-01 9.370080042347596061e-01
3.730000000000006644e-01 9.419946921294228837e-01
3.740000000000007763e-01 9.469825763972679056e-01
3.750000000000008882e-01 9.519716382329930227e-01
3.760000000000007780e-01 9.569618592190638484e-01
3.770000000000006679e-01 9.619532213158842326e-01
3.780000000000007798e-01 9.669457068522552268e-01
3.790000000000008917e-01 9.719392985161205978e-01
3.800000000000007816e-01 9.769339793455890097e-01
3.810000000000006715e-01 9.819297327202219927e-01
3.820000000000007834e-01 9.869265423525743763e-01
3.830000000000008953e-01 9.919243922799806379e-01
3.840000000000007851e-01 9.969232668565860545e-01
3.850000000000006750e-01 1.001923150745608337e+00
3.860000000000007869e-01 1.006924028911818203e+00
3.870000000000008988e-01 1.011925886614236880e+00
3.880000000000007887e-01 1.016928709399045339e+00
3.890000000000006786e-01 1.021932483092697685e+00
3.900000000000007905e-01 1.026937193795223413e+00
3.910000000000009024e-01 1.031942827873719493e+00
3.920000000000007923e-01 1.036949371956031429e+00
3.930000000000006821e-01 1.041956812924608178e+00
3.940000000000007940e-01 1.046965137910526922e+00
3.950000000000009059e-01 1.051974334287680835e+00
3.960000000000007958e-01 1.056984389667136259e+00
3.970000000000006857e-01 1.061995291891638882e+00
3.980000000000007976e-01 1.067007029030272447e+00
3.990000000000009095e-01 1.072019589373258475e+00
4.000000000000007994e-01 1.077032961426904745e+00
4.010000000000006892e-01 1.082047133908688563e+00
4.020000000000008011e-01 1.087062095742469259e+00
4.030000000000009130e-01 1.092077836053827244e+00
4.040000000000008029e-01 1.097094344165536528e+00
4.050000000000006928e-01 1.102111609593151798e+00
4.060000000000008047e-01 1.107129622040711414e+00
4.070000000000009166e-01 1.112148371396555202e+00
4.080000000000008065e-01 1.117167847729251928e+00
4.090000000000006963e-01 1.122188041283637805e+00
4.100000000000008082e-01 1.127208942476952469e+00
4.110000000000009202e-01 1.132230541895072884e+00
4.120000000000008100e-01 1.137252830288854044e+00
4.130000000000006999e-01 1.142275798570558942e+00
4.140000000000008118e-01 1.147299437810377798e+00
4.150000000000009237e-01 1.152323739233038102e+00
4.160000000000008136e-01 1.157348694214500595e+00
4.170000000000007034e-01 1.162374294278744058e+00
4.180000000000008153e-01 1.167400531094623828e+00
4.190000000000009273e-01 1.172427396472809802e+00
4.200000000000008171e-01 1.177454882362806154e+00
4.210000000000007070e-01 1.182482980850045218e+00
4.220000000000008189e-01 1.187511684153048419e+00
4.230000000000009308e-01 1.192540984620659161e+00
4.240000000000008207e-01 1.197570874729345647e+00
4.250000000000007105e-01 1.202601347080572758e+00
4.260000000000008225e-01 1.207632394398233444e+00
4.270000000000009344e-01 1.212664009526138953e+00
4.280000000000008242e-01 1.217696185425580557e+00
4.290000000000007141e-01 1.222728915172945907e+00
4.300000000000008260e-01 1.227762191957387783e+00
4.310000000000009379e-01 1.232796009078554578e+00
4.320000000000008278e-01 1.237830359944370739e+00
4.330000000000007176e-01 1.242865238068878053e+00
4.340000000000008296e-01 1.247900637070119778e+00
4.350000000000009415e-01 1.252936550668074300e+00
4.360000000000008313e-01 1.257972972682644963e+00
4.370000000000007212e-01 1.263009897031693640e+00
4.380000000000008331e-01 1.268047317729117829e+00
4.390000000000009450e-01 1.273085228882973041e+00
4.400000000000008349e-01 1.278123624693640714e+00
4.410000000000007248e-01 1.283162499452041194e+00
4.420000000000008367e-01 1.288201847537881584e+00
4.430000000000009486e-01 1.293241663417944665e+00
4.440000000000008384e-01 1.298281941644422233e+00
4.450000000000007283e-01 1.303322676853283957e+00
4.460000000000008402e-01 1.308363863762680657e+00
4.470000000000009521e-01 1.313405497171384884e+00
4.480000000000008420e-01 1.318447571957266362e+00
4.490000000000007319e-01 1.323490083075808288e+00
4.500000000000008438e-01 1.328533025558646719e+00
4.510000000000009557e-01 1.333576394512145269e+00
4.520000000000008455e-01 1.338620185116006445e+00
4.530000000000007354e-01 1.343664392621911396e+00
4.540000000000008473e-01 1.348709012352186765e+00
4.550000000000009592e-01 1.353754039698501943e+00
4.560000000000008491e-01 1.358799470120595654e+00
4.570000000000007390e-01 1.363845299145035161e+00
4.580000000000008509e-01 1.368891522363993696e+00
4.590000000000009628e-01 1.373938135434057184e+00
4.600000000000008527e-01 1.378985134075060293e+00
4.610000000000007425e-01 1.384032514068947117e+00
4.620000000000008544e-01 1.389080271258652521e+00
4.630000000000009663e-01 1.394128401547007234e+00
4.640000000000008562e-01 1.399176900895670261e+00
4.650000000000007461e-01 1.404225765324084385e+00
4.660000000000008580e-01 1.409274990908450320e+00
4.670000000000009699e-01 1.414324573780719518e+00
4.680000000000008598e-01 1.419374510127616951e+00
4.690000000000007496e-01 1.424424796189679876e+00
4.700000000000008615e-01 1.429475428260315262e+00
4.710000000000009734e-01 1.434526402684876967e+00
4.720000000000008633e-01 1.439577715859762908e+00
4.730000000000007532e-01 1.444629364231535762e+00
4.740000000000008651e-01 1.449681344296053664e+00
4.750000000000009770e-01 1.454733652597620441e+00
4.760000000000008669e-01 1.459786285728158495e+00
4.770000000000007567e-01 1.464839240326395453e+00
4.780000000000008686e-01 1.469892513077065921e+00
4.790000000000009805e-01 1.474946100710129215e+00
4.800000000000008704e-01 1.480000000000004423e+00
4.810000000000007603e-01 1.485054207764824774e+00
4.820000000000008722e-01 1.490108720865700453e+00
4.830000000000009841e-01 1.495163536205994737e+00
4.840000000000008740e-01 1.500218650730623660e+00
4.850000000000007638e-01 1.505274061425364351e+00
4.860000000000008757e-01 1.510329765316175132e+00
4.870000000000009877e-01 1.515385759468530713e+00
4.880000000000008775e-01 1.520442040986769605e+00
4.890000000000007674e-01 1.525498607013461738e+00
4.900000000000008793e-01 1.530555454728777187e+00
4.910000000000009912e-01 1.535612581349871331e+00
4.920000000000008811e-01 1.540669984130285330e+00
4.930000000000007709e-01 1.545727660359357047e+00
4.940000000000008828e-01 1.550785607361640839e+00
4.950000000000009948e-01 1.555843822496337792e+00
4.960000000000008846e-01 1.560902303156739501e+00
4.970000000000007745e-01 1.565961046769686504e+00
4.980000000000008864e-01 1.571020050795028933e+00
4.990000000000009983e-01 1.576079312725097603e+00
5.000000000000008882e-01 1.581138830084194202e+00
5.010000000000007780e-01 1.586198600428083916e+00
5.020000000000008900e-01 1.591258621343499158e+00
5.030000000000010019e-01 1.596318890447649963e+00
5.040000000000008917e-01 1.601379405387747257e+00
5.050000000000007816e-01 1.606440163840537450e+00
5.060000000000008935e-01 1.611501163511840362e+00
5.070000000000010054e-01 1.616562402136093368e+00
5.080000000000008953e-01 1.621623877475912856e+00
5.090000000000007851e-01 1.626685587321659687e+00
5.100000000000008971e-01 1.631747529491009763e+00
5.110000000000010090e-01 1.636809701828534802e+00
5.120000000000008988e-01 1.641872102205289119e+00
5.130000000000007887e-01 1.646934728518411273e+00
5.140000000000009006e-01 1.651997578690724167e+00
5.150000000000010125e-01 1.657060650670341806e+00
5.160000000000009024e-01 1.662123942430291601e+00
5.170000000000007923e-01 1.667187451968138223e+00
5.180000000000009042e-01 1.672251177305614789e+00
5.190000000000010161e-01 1.677315116488257596e+00
5.200000000000009059e-01 1.682379267585051963e+00
5.210000000000007958e-01 1.687443628688085617e+00
5.220000000000009077e-01 1.692508197912204082e+00
5.230000000000010196e-01 1.697572973394668949e+00
5.240000000000009095e-01 1.702637953294832363e+00
5.250000000000007994e-01 1.707703135793810612e+00
5.260000000000009113e-01 1.712768519094163944e+00
5.270000000000010232e-01 1.717834101419580595e+00
5.280000000000009130e-01 1.722899881014569035e+00
5.290000000000008029e-01 1.727965856144158208e+00
5.300000000000009148e-01 1.733032025093597994e+00
5.310000000000010267e-01 1.738098386168061005e+00
5.320000000000009166e-01 1.743164937692362138e+00
5.330000000000008065e-01 1.748231678010673251e+00
5.340000000000009184e-01 1.753298605486246275e+00
5.350000000000010303e-01 1.758365718501136543e+00
5.360000000000009202e-01 1.763433015455936337e+00
5.370000000000008100e-01 1.768500494769513542e+00
5.380000000000009219e-01 1.773568154878750969e+00
5.390000000000010338e-01 1.778635994238286777e+00
5.400000000000009237e-01 1.783704011320268679e+00
5.410000000000008136e-01 1.788772204614107464e+00
5.420000000000009255e-01 1.793840572626234309e+00
5.430000000000010374e-01 1.798909113879858745e+00
5.440000000000009273e-01 1.803977826914737070e+00
5.450000000000008171e-01 1.809046710286944304e+00
5.460000000000009290e-01 1.814115762568645263e+00
5.470000000000010409e-01 1.819184982347869628e+00
5.480000000000009308e-01 1.824254368228295453e+00
5.490000000000008207e-01 1.829323918829034223e+00
5.500000000000009326e-01 1.834393632784418582e+00
5.510000000000010445e-01 1.839463508743791165e+00
5.520000000000009344e-01 1.844533545371299876e+00
5.530000000000008242e-01 1.849603741345701158e+00
5.540000000000009361e-01 1.854674095360157482e+00
5.550000000000010481e-01 1.859744606122039512e+00
5.560000000000009379e-01 1.864815272352738251e+00
5.570000000000008278e-01 1.869886092787476528e+00
5.580000000000009397e-01 1.874957066175120923e+00
5.590000000000010516e-01 1.880028191277997918e+00
5.600000000000009415e-01 1.885099466871713370e+00
5.610000000000008313e-01 1.890170891744980874e+00
5.620000000000009432e-01 1.895242464699442797e+00
5.630000000000010552e-01 1.900314184549497076e+00
5.640000000000009450e-01 1.905386050122131580e+00
5.650000000000008349e-01 1.910458060256758461e+00
5.660000000000009468e-01 1.915530213805049176e+00
5.670000000000010587e-01 1.920602509630772170e+00
5.680000000000009486e-01 1.925674946609634564e+00
5.690000000000008384e-01 1.930747523629129603e+00
5.700000000000009504e-01 1.935820239588381675e+00
5.710000000000010623e-01 1.940893093397990654e+00
5.720000000000009521e-01 1.945966083979887573e+00
5.730000000000008420e-01 1.951039210267188961e+00
5.740000000000009539e-01 1.956112471204050740e+00
5.750000000000010658e-01 1.961185865745524115e+00
5.760000000000009557e-01 1.966259392857417243e+00
5.770000000000008455e-01 1.971333051516160451e+00
5.780000000000009575e-01 1.976406840708668566e+00
5.790000000000010694e-01 1.981480759432203254e+00
5.800000000000009592e-01 1.986554806694247555e+00
5.810000000000008491e-01 1.991628981512374219e+00
5.820000000000009610e-01 1.996703282914118471e+00
5.830000000000010729e-01 2.001777709936850780e+00
5.840000000000009628e-01 2.006852261627651401e+00
5.850000000000008527e-01 2.011926937043196251e+00
5.860000000000009646e-01 2.017001735249630556e+00
5.870000000000010765e-01 2.022076655322448957e+00
5.880000000000009663e-01 2.027151696346383147e+00
5.890000000000008562e-01 2.032226857415288190e+00
5.900000000000009681e-01 2.037302137632025278e+00
5.910000000000010800e-01 2.042377536108352043e+00
5.920000000000009699e-01 2.047453051964811088e+00
5.930000000000008598e-01 2.052528684330627851e+00
5.940000000000009717e-01 2.057604432343598244e+00
5.950000000000010836e-01 2.062680295149983412e+00
5.960000000000009734e-01 2.067756271904408916e+00
5.970000000000008633e-01 2.072832361769763931e+00
5.980000000000009752e-01 2.077908563917098661e+00
5.990000000000010871e-01 2.082984877525524414e+00
6.000000000000009770e-01 2.088061301782115020e+00
6.010000000000008669e-01 2.093137835881817566e+00
6.020000000000009788e-01 2.098214479027352031e+00
6.030000000000010907e-01 2.103291230429115810e+00
6.040000000000009805e-01 2.108368089305095783e+00
6.050000000000008704e-01 2.113445054880779050e+00
6.060000000000009823e-01 2.118522126389059235e+00
6.070000000000010942e-01 2.123599303070149436e+00
6.080000000000009841e-01 2.128676584171494302e+00
6.090000000000008740e-01 2.133753968947689650e+00
6.100000000000009859e-01 2.138831456660394092e+00
6.110000000000010978e-01 2.143909046578241107e+00
6.120000000000009877e-01 2.148986737976765760e+00
6.130000000000008775e-01 2.154064530138319444e+00
6.140000000000009894e-01 2.159142422351990387e+00
6.150000000000011013e-01 2.164220413913523711e+00
6.160000000000009912e-01 2.169298504125244165e+00
6.170000000000008811e-01 2.174376692295982849e+00
6.180000000000009930e-01 2.179454977740999944e+00
6.190000000000011049e-01 2.184533359781906547e+00
6.200000000000009948e-01 2.189611837746594958e+00
6.210000000000008846e-01 2.194690410969168948e+00
6.220000000000009965e-01 2.199769078789867383e+00
6.230000000000011084e-01 2.204847840554994942e+00
6.240000000000009983e-01 2.209926695616852843e+00
6.250000000000008882e-01 2.215005643333673113e+00
6.260000000000010001e-01 2.220084683069549758e+00
6.270000000000011120e-01 2.225163814194367262e+00
6.280000000000010019e-01 2.230243036083741082e+00
6.290000000000008917e-01 2.235322348118951030e+00
6.300000000000010036e-01 2.240401749686877331e+00
6.310000000000011156e-01 2.245481240179936666e+00
6.320000000000010054e-01 2.250560818996016899e+00
6.330000000000008953e-01 2.255640485538424667e+00
6.340000000000010072e-01 2.260720239215817884e+00
6.350000000000011191e-01 2.265800079442144010e+00
6.360000000000010090e-01 2.270880005636586763e+00
6.370000000000008988e-01 2.275960017223505716e+00
6.380000000000010107e-01 2.281040113632380351e+00
6.390000000000011227e-01 2.286120294297748767e+00
6.400000000000010125e-01 2.291200558659154840e+00
6.410000000000009024e-01 2.296280906161095370e+00
6.420000000000010143e-01 2.301361336252963241e+00
6.430000000000011262e-01 2.306441848388991467e+00
6.440000000000010161e-01 2.311522442028202562e+00
6.450000000000009059e-01 2.316603116634357917e+00
6.460000000000010179e-01 2.321683871675905397e+00
6.470000000000011298e-01 2.326764706625924717e+00
6.480000000000010196e-01 2.331845620962079035e+00
6.490000000000009095e-01 2.336926614166568328e+00
6.500000000000010214e-01 2.342007685726079202e+00
6.510000000000011333e-01 2.347088835131731166e+00
6.520000000000010232e-01 2.352170061879035323e+00
6.530000000000009130e-01 2.357251365467845527e+00
6.540000000000010250e-01 2.362332745402311751e+00
6.550000000000011369e-01 2.367414201190832568e+00
6.560000000000010267e-01 2.372495732346008968e+00
6.570000000000009166e-01 2.377577338384604833e+00
6.580000000000010285e-01 2.382659018827500308e+00
6.590000000000011404e-01 2.387740773199642508e+00
6.600000000000010303e-01 2.392822601030010432e+00
6.610000000000009202e-01 2.397904501851569226e+00
6.620000000000010321e-01 2.402986475201228433e+00
6.630000000000011440e-01 2.408068520619799369e+00
6.640000000000010338e-01 2.413150637651952479e+00
6.650000000000009237e-01 2.418232825846184486e+00
6.660000000000010356e-01 2.423315084754771753e+00
6.670000000000011475e-01 2.428397413933730320e+00
6.680000000000010374e-01 2.433479812942779485e+00
6.690000000000009273e-01 2.438562281345305838e+00
6.700000000000010392e-01 2.443644818708321509e+00
6.710000000000011511e-01 2.448727424602425540e+00
6.720000000000010409e-01 2.453810098601769685e+00
6.730000000000009308e-01 2.458892840284021553e+00
6.740000000000010427e-01 2.463975649230329967e+00
6.750000000000011546e-01 2.469058525025283668e+00
6.760000000000010445e-01 2.474141467256879778e+00
6.770000000000009344e-01 2.479224475516491832e+00
6.780000000000010463e-01 2.484307549398831139e+00
6.790000000000011582e-01 2.489390688501913473e+00
6.800000000000010481e-01 2.494473892427023998e+00
6.810000000000009379e-01 2.499557160778689724e+00
6.820000000000010498e-01 2.504640493164643100e+00
6.830000000000011617e-01 2.509723889195787372e+00
6.840000000000010516e-01 2.514807348486167271e+00
6.850000000000009415e-01 2.519890870652938375e+00
6.860000000000010534e-01 2.524974455316335575e+00
6.870000000000011653e-01 2.530058102099639328e+00
6.880000000000010552e-01 2.535141810629146342e+00
6.890000000000009450e-01 2.540225580534142935e+00
6.900000000000010569e-01 2.545309411446873504e+00
6.910000000000011688e-01 2.550393303002505441e+00
6.920000000000010587e-01 2.555477254839108703e+00
6.930000000000009486e-01 2.560561266597623398e+00
6.940000000000010605e-01 2.565645337921830915e+00
6.950000000000011724e-01 2.570729468458326838e+00
6.960000000000010623e-01 2.575813657856489414e+00
6.970000000000009521e-01 2.580897905768460454e+00
6.980000000000010640e-01 2.585982211849112922e+00
6.990000000000011759e-01 2.591066575756020729e+00
7.000000000000010658e-01 2.596150997149439199e+00
7.010000000000009557e-01 2.601235475692276644e+00
7.020000000000010676e-01 2.606320011050068164e+00
7.030000000000011795e-01 2.611404602890948112e+00
7.040000000000010694e-01 2.616489250885626561e+00
7.050000000000009592e-01 2.621573954707367538e+00
7.060000000000010711e-01 2.626658714031960162e+00
7.070000000000011831e-01 2.631743528537693777e+00
7.080000000000010729e-01 2.636828397905337518e+00
7.090000000000009628e-01 2.641913321818115001e+00
7.100000000000010747e-01 2.646998299961680789e+00
7.110000000000011866e-01 2.652083332024095963e+00
7.120000000000010765e-01 2.657168417695805029e+00
7.130000000000009663e-01 2.662253556669617272e+00
7.140000000000010782e-01 2.667338748640680546e+00
7.150000000000011902e-01 2.672423993306457302e+00
7.160000000000010800e-01 2.677509290366707706e+00
7.170000000000009699e-01 2.682594639523464775e+00
7.180000000000010818e-01 2.687680040481014831e+00
7.190000000000011937e-01 2.692765492945873529e+00
7.200000000000010836e-01 2.697850996626764974e+00
7.210000000000009734e-01 2.702936551234606188e+00
7.220000000000010854e-01 2.708022156482481790e+00
7.230000000000011973e-01 2.713107812085622683e+00
7.240000000000010871e-01 2.718193517761388289e+00
7.250000000000009770e-01 2.723279273229249231e+00
7.260000000000010889e-01 2.728365078210764239e+00
7.270000000000012008e-01 2.733450932429560609e+00
7.280000000000010907e-01 2.738536835611314224e+00
7.290000000000009805e-01 2.743622787483736225e+00
7.300000000000010925e-01 2.748708787776549922e+00
7.310000000000012044e-01 2.753794836221470366e+00
7.320000000000010942e-01 2.758880932552187915e+00
7.330000000000009841e-01 2.763967076504354470e+00
7.340000000000010960e-01 2.769053267815559494e+00
7.350000000000012079e-01 2.774139506225314911e+00
7.360000000000010978e-01 2.779225791475034235e+00
7.370000000000009877e-01 2.784312123308022358e+00
7.380000000000010996e-01 2.789398501469453340e+00
7.390000000000012115e-01 2.794484925706351763e+00
7.400000000000011013e-01 2.799571395767578963e+00
7.410000000000009912e-01 2.804657911403818371e+00
7.420000000000011031e-01 2.809744472367555090e+00
7.430000000000012150e-01 2.814831078413060794e+00
7.440000000000011049e-01 2.819917729296376407e+00
7.450000000000009948e-01 2.825004424775301004e+00
7.460000000000011067e-01 2.830091164609372267e+00
7.470000000000012186e-01 2.835177948559849170e+00
7.480000000000011084e-01 2.840264776389699986e+00
7.490000000000009983e-01 2.845351647863586741e+00
7.500000000000011102e-01 2.850438562747850124e+00
7.510000000000012221e-01 2.855525520810492601e+00
7.520000000000011120e-01 2.860612521821162879e+00
7.530000000000010019e-01 2.865699565551146133e+00
7.540000000000011138e-01 2.870786651773348463e+00
7.550000000000012257e-01 2.875873780262276469e+00
7.560000000000011156e-01 2.880960950794028363e+00
7.570000000000010054e-01 2.886048163146282430e+00
7.580000000000011173e-01 2.891135417098277482e+00
7.590000000000012292e-01 2.896222712430802648e+00
7.600000000000011191e-01 2.901310048926180052e+00
7.610000000000010090e-01 2.906397426368257264e+00
7.620000000000011209e-01 2.911484844542391315e+00
7.630000000000012328e-01 2.916572303235432706e+00
7.640000000000011227e-01 2.921659802235714309e+00
7.650000000000010125e-01 2.926747341333042041e+00
7.660000000000011244e-01 2.931834920318678428e+00
7.670000000000012363e-01 2.936922538985329734e+00
7.680000000000011262e-01 2.942010197127133520e+00
7.690000000000010161e-01 2.947097894539648433e+00
7.700000000000011280e-01 2.952185631019843992e+00
7.710000000000012399e-01 2.957273406366079715e+00
7.720000000000011298e-01 2.962361220378101567e+00
7.730000000000010196e-01 2.967449072857027303e+00
7.740000000000011315e-01 2.972536963605336258e+00
7.750000000000012434e-01 2.977624892426854686e+00
7.760000000000011333e-01 2.982712859126743776e+00
7.770000000000010232e-01 2.987800863511494320e+00
7.780000000000011351e-01 2.992888905388911613e+00
7.790000000000012470e-01 2.997976984568099912e+00
7.800000000000011369e-01 3.003065100859459324e+00
7.810000000000010267e-01 3.008153254074670713e+00
7.820000000000011386e-01 3.013241444026686811e+00
7.830000000000012506e-01 3.018329670529718456e+00
7.840000000000011404e-01 3.023417933399223934e+00
7.850000000000010303e-01 3.028506232451904978e+00
7.860000000000011422e-01 3.033594567505690343e+00
7.870000000000012541e-01 3.038682938379725140e+00
7.880000000000011440e-01 3.043771344894362407e+00
7.890000000000010338e-01 3.048859786871155997e+00
7.900000000000011458e-01 3.053948264132847701e+00
7.910000000000012577e-01 3.059036776503355259e+00
7.920000000000011475e-01 3.064125323807763923e+00
7.930000000000010374e-01 3.069213905872321568e+00
7.940000000000011493e-01 3.074302522524424042e+00
7.950000000000012612e-01 3.079391173592604503e+00
7.960000000000011511e-01 3.084479858906528094e+00
7.970000000000010409e-01 3.089568578296981727e+00
7.980000000000011529e-01 3.094657331595864314e+00
7.990000000000012648e-01 3.099746118636176551e+00
8.000000000000011546e-01 3.104834939252010262e+00
8.010000000000010445e-01 3.109923793278547954e+00
8.020000000000011564e-01 3.115012680552045055e+00
8.030000000000012683e-01 3.120101600909822803e+00
8.040000000000011582e-01 3.125190554190262038e+00
8.050000000000010481e-01 3.130279540232794755e+00
8.060000000000011600e-01 3.135368558877893008e+00
8.070000000000012719e-01 3.140457609967063579e+00
8.080000000000011617e-01 3.145546693342834654e+00
8.090000000000010516e-01 3.150635808848752717e+00
8.100000000000011635e-01 3.155724956329375441e+00
8.110000000000012754e-01 3.160814135630256150e+00
8.120000000000011653e-01 3.165903346597940260e+00
8.130000000000010552e-01 3.170992589079960844e+00
8.140000000000011671e-01 3.176081862924826638e+00
8.150000000000012790e-01 3.181171167982012715e+00
8.160000000000011688e-01 3.186260504101953384e+00
8.170000000000010587e-01 3.191349871136042626e+00
8.180000000000011706e-01 3.196439268936614564e+00
8.190000000000012825e-01 3.201528697356942121e+00
8.200000000000011724e-01 3.206618156251229923e+00
8.210000000000010623e-01 3.211707645474605854e+00
8.220000000000011742e-01 3.216797164883113513e+00
8.230000000000012861e-01 3.221886714333705992e+00
8.240000000000011759e-01 3.226976293684235220e+00
8.250000000000010658e-01 3.232065902793449297e+00
8.260000000000011777e-01 3.237155541520987612e+00
8.270000000000012896e-01 3.242245209727364852e+00
8.280000000000011795e-01 3.247334907273969229e+00
8.290000000000010694e-01 3.252424634023059369e+00
8.300000000000011813e-01 3.257514389837754543e+00
8.310000000000012932e-01 3.262604174582023120e+00
8.320000000000011831e-01 3.267693988120680348e+00
8.330000000000010729e-01 3.272783830319386578e+00
8.340000000000011848e-01 3.277873701044633048e+00
8.350000000000012967e-01 3.282963600163736118e+00
8.360000000000011866e-01 3.288053527544835930e+00
8.370000000000010765e-01 3.293143483056886200e+00
8.380000000000011884e-01 3.298233466569647998e+00
8.390000000000013003e-01 3.303323477953687082e+00
8.400000000000011902e-01 3.308413517080361022e+00
8.410000000000010800e-01 3.313503583821818754e+00
8.420000000000011919e-01 3.318593678050996587e+00
8.430000000000013038e-01 3.323683799641603542e+00
8.440000000000011937e-01 3.328773948468120469e+00
8.450000000000010836e-01 3.333864124405797380e+00
8.460000000000011955e-01 3.338954327330645011e+00
8.470000000000013074e-01 3.344044557119424166e+00
8.480000000000011973e-01 3.349134813649644382e+00
8.490000000000010871e-01 3.354225096799563044e+00
8.500000000000011990e-01 3.359315406448171171e+00
8.510000000000013110e-01 3.364405742475191197e+00
8.520000000000012008e-01 3.369496104761072530e+00
8.530000000000010907e-01 3.374586493186986225e+00
8.540000000000012026e-01 3.379676907634816985e+00
8.550000000000013145e-01 3.384767347987161834e+00
8.560000000000012044e-01 3.389857814127318569e+00
8.570000000000010942e-01 3.394948305939287536e+00
8.580000000000012061e-01 3.400038823307763636e+00
8.590000000000013181e-01 3.405129366118128331e+00
8.600000000000012079e-01 3.410219934256446539e+00
8.610000000000010978e-01 3.415310527609463964e+00
8.620000000000012097e-01 3.420401146064601772e+00
8.630000000000013216e-01 3.425491789509945040e+00
8.640000000000012115e-01 3.430582457834243648e+00
8.650000000000011013e-01 3.435673150926909614e+00
8.660000000000012133e-01 3.440763868678006876e+00
8.670000000000013252e-01 3.445854610978246857e+00
8.680000000000012150e-01 3.450945377718987128e+00
8.690000000000011049e-01 3.456036168792225194e+00
8.700000000000012168e-01 3.461126984090592718e+00
8.710000000000013287e-01 3.466217823507352414e+00
8.720000000000012186e-01 3.471308686936390497e+00
8.730000000000011084e-01 3.476399574272215354e+00
8.740000000000012204e-01 3.481490485409955316e+00
8.750000000000013323e-01 3.486581420245345342e+00
8.760000000000012221e-01 3.491672378674729682e+00
8.770000000000011120e-01 3.496763360595056991e+00
8.780000000000012239e-01 3.501854365903876776e+00
8.790000000000013358e-01 3.506945394499327850e+00
8.800000000000012257e-01 3.512036446280141000e+00
8.810000000000011156e-01 3.517127521145634983e+00
8.820000000000012275e-01 3.522218618995709871e+00
8.830000000000013394e-01 3.527309739730839944e+00
8.840000000000012292e-01 3.532400883252075463e+00
8.850000000000011191e-01 3.537492049461036459e+00
8.860000000000012310e-01 3.542583238259906064e+00
8.870000000000013429e-01 3.547674449551430964e+00
8.880000000000012328e-01 3.552765683238911176e+00
8.890000000000011227e-01 3.557856939226202275e+00
8.900000000000012346e-01 3.562948217417710950e+00
8.910000000000013465e-01 3.568039517718386122e+00
8.920000000000012363e-01 3.573130840033715394e+00
8.930000000000011262e-01 3.578222184269729933e+00
8.940000000000012381e-01 3.583313550332993813e+00
8.950000000000013500e-01 3.588404938130596467e+00
8.960000000000012399e-01 3.593496347570154903e+00
8.970000000000011298e-01 3.598587778559811934e+00
8.980000000000012417e-01 3.603679231008226846e+00
8.990000000000013536e-01 3.608770704824573183e+00
9.000000000000012434e-01 3.613862199918536522e+00
9.010000000000011333e-01 3.618953716200311366e+00
9.020000000000012452e-01 3.624045253580595816e+00
9.030000000000013571e-01 3.629136811970588905e+00
9.040000000000012470e-01 3.634228391281985715e+00
9.050000000000011369e-01 3.639319991426975598e+00
9.060000000000012488e-01 3.644411612318242177e+00
9.070000000000013607e-01 3.649503253868950026e+00
9.080000000000012506e-01 3.654594915992748660e+00
9.090000000000011404e-01 3.659686598603771213e+00
9.100000000000012523e-01 3.664778301616626432e+00
9.110000000000013642e-01 3.669870024946394693e+00
9.120000000000012541e-01 3.674961768508625326e+00
9.130000000000011440e-01 3.680053532219340173e+00
9.140000000000012559e-01 3.685145315995021598e+00
9.150000000000013678e-01 3.690237119752611150e+00
9.160000000000012577e-01 3.695328943409510014e+00
9.170000000000011475e-01 3.700420786883573676e+00
9.180000000000012594e-01 3.705512650093107929e+00
9.190000000000013713e-01 3.710604532956867541e+00
9.200000000000012612e-01 3.715696435394050479e+00
9.210000000000011511e-01 3.720788357324297468e+00
9.220000000000012630e-01 3.725880298667691992e+00
9.230000000000013749e-01 3.730972259344748299e+00
9.240000000000012648e-01 3.736064239276413623e+00
9.250000000000011546e-01 3.741156238384069521e+00
9.260000000000012665e-01 3.746248256589523873e+00
9.270000000000013785e-01 3.751340293815005555e+00
9.280000000000012683e-01 3.756432349983165331e+00
9.290000000000011582e-01 3.761524425017075846e+00
9.300000000000012701e-01 3.766616518840224526e+00
9.310000000000013820e-01 3.771708631376507803e+00
9.320000000000012719e-01 3.776800762550236445e+00
9.330000000000011617e-01 3.781892912286127562e+00
9.340000000000012736e-01 3.786985080509302382e+00
9.350000000000013856e-01 3.792077267145285369e+00
9.360000000000012754e-01 3.797169472119996669e+00
9.370000000000011653e-01 3.802261695359756111e+00
9.380000000000012772e-01 3.807353936791279203e+00
9.390000000000013891e-01 3.812446196341668703e+00
9.400000000000012790e-01 3.817538473938415944e+00
9.410000000000011688e-01 3.822630769509401727e+00
9.420000000000012808e-01 3.827723082982890990e+00
9.430000000000013927e-01 3.832815414287525257e+00
9.440000000000012825e-01 3.837907763352325308e+00
9.450000000000011724e-01 3.843000130106691170e+00
9.460000000000012843e-01 3.848092514480395465e+00
9.470000000000013962e-01 3.853184916403578519e+00
9.480000000000012861e-01 3.858277335806752362e+00
9.490000000000011759e-01 3.863369772620794507e+00
9.500000000000012879e-01 3.868462226776946178e+00
9.510000000000013998e-01 3.873554698206810532e+00
9.520000000000012896e-01 3.878647186842347327e+00
9.530000000000011795e-01 3.883739692615874262e+00
9.540000000000012914e-01 3.888832215460066966e+00
9.550000000000014033e-01 3.893924755307947461e+00
9.560000000000012932e-01 3.899017312092888599e+00
9.570000000000011831e-01 3.904109885748612285e+00
9.580000000000012950e-01 3.909202476209188593e+00
9.590000000000014069e-01 3.914295083409023768e+00
9.600000000000012967e-01 3.919387707282866895e+00
9.610000000000011866e-01 3.924480347765809451e+00
9.620000000000012985e-01 3.929573004793275537e+00
9.630000000000014104e-01 3.934665678301023206e+00
9.640000000000013003e-01 3.939758368225144469e+00
9.650000000000011902e-01 3.944851074502059074e+00
9.660000000000013021e-01 3.949943797068516727e+00
9.670000000000014140e-01 3.955036535861591318e+00
9.680000000000013038e-01 3.960129290818679149e+00
9.690000000000011937e-01 3.965222061877499371e+00
9.700000000000013056e-01 3.970314848976092659e+00
9.710000000000014175e-01 3.975407652052813212e+00
9.720000000000013074e-01 3.980500471046329647e+00
9.730000000000011973e-01 3.985593305895628546e+00
9.740000000000013092e-01 3.990686156540006913e+00
9.750000000000014211e-01 3.995779022919067280e+00
9.760000000000013110e-01 4.000871904972720827e+00
9.770000000000012008e-01 4.005964802641187816e+00
9.780000000000013127e-01 4.011057715864987827e+00
9.790000000000014246e-01 4.016150644584943308e+00
9.800000000000013145e-01 4.021243588742176023e+00
9.810000000000012044e-01 4.026336548278106164e+00
9.820000000000013163e-01 4.031429523134448800e+00
9.830000000000014282e-01 4.036522513253215649e+00
9.840000000000013181e-01 4.041615518576706201e+00
9.850000000000012079e-01 4.046708539047512154e+00
9.860000000000013198e-01 4.051801574608517420e+00
9.870000000000014317e-01 4.056894625202885685e+00
9.880000000000013216e-01 4.061987690774069293e+00
9.890000000000012115e-01 4.067080771265803918e+00
9.900000000000013234e-01 4.072173866622108562e+00
9.910000000000014353e-01 4.077266976787276676e+00
9.920000000000013252e-01 4.082360101705881483e+00
9.930000000000012150e-01 4.087453241322774211e+00
9.940000000000013269e-01 4.092546395583079644e+00
9.950000000000014388e-01 4.097639564432193460e+00
9.960000000000013287e-01 4.102732747815784009e+00
9.970000000000012186e-01 4.107825945679789648e+00
9.980000000000013305e-01 4.112919157970413409e+00
9.990000000000014424e-01 4.118012384634128331e+00
