4.954024388190177319e+01 -3.941657012023460638e-01
5.194880493515361763e+01 -3.462163984254376103e-01
4.717091203417434997e+01 -4.286130923161062256e-01
5.439513216045506994e+01 -3.128093402235414544e-01
4.479925429499689216e+01 -4.291585150151524530e-01
5.685111423383398943e+01 -3.034485298174844914e-01
4.238461418606521391e+01 -4.154305431936737847e-01
5.928514667139285166e+01 -3.128538296622940251e-01
3.993076956195815796e+01 -4.194457757821261623e-01
6.167955514749807833e+01 -3.232635605780629362e-01
3.746873477270521846e+01 -4.583767386797799048e-01
6.405137455454155315e+01 -3.131146607579422536e-01
3.503634728996878778e+01 -5.332734139841956988e-01
6.644221607438012711e+01 -2.828070478642485952e-01
3.266335865365541480e+01 -6.166320138128398298e-01
6.887152742571285557e+01 -2.533165492797646579e-01
3.032630421623631634e+01 -6.534736227924682339e-01
7.132411131397225290e+01 -2.393699396114099542e-01
2.794759917316615727e+01 -6.414670838194123093e-01
7.377037569994739385e+01 -2.426072806891852451e-01
2.550025828045778553e+01 -6.410326587777319673e-01
7.618496735677436504e+01 -2.542678463779601827e-01
2.301439996633684970e+01 -6.979772239847674697e-01
7.856641514474252119e+01 -2.572319397155267140e-01
2.053477825079782804e+01 -8.424480552416069301e-01
8.094618746233570050e+01 -2.412150859614277110e-01
1.814954417648002405e+01 -1.097035236183219187e+00
8.335719261989379447e+01 -2.167630921071603822e-01
1.599997030198998260e+01 -1.296967963039290961e+00
8.580047762099806619e+01 -1.999104149874231240e-01
1.377997134366618326e+01 -1.210480829048367291e+00
8.825233465455552562e+01 -1.971962590305365026e-01
1.129324973724803982e+01 -1.165115726435469679e+00
9.068416130510773598e+01 -2.057979038171540154e-01
8.635777737245284413e+00 -1.284967779239396535e+00
6.815778838908045145e+00 -4.127150492536348914e+00
9.308086626317985690e+01 -2.145448724207961178e-01
5.726866875868815043e+00 -1.405540048792536023e+00
9.545819656662840202e+01 -2.099616387337217560e-01
2.855437556837401303e+00 -1.383232174163421924e+00
1.984549449735901305e+00 -4.900907966445008590e+00
9.785239907117102121e+01 -1.922055797777497688e-01
9.677209344506323418e-01 -8.738898809710777371e+00
9.428475798688964460e-01 -8.404585328540608913e+00
9.882401292176723473e-01 -9.076087740885517618e+00
9.151027442126959954e-01 -8.078243639633750917e+00
8.852730310775456246e-01 -7.761866070569871212e+00
1.002183551421509833e+00 -9.404796446519142705e+00
8.535160459056356785e-01 -7.455904996054766087e+00
1.007229038765515838e+00 -9.701360224067080651e+00
8.192245302226623949e-01 -7.160098648820396150e+00
1.004012943130042856e+00 -9.921683725481203808e+00
7.802544983469488216e-01 -6.874102296981970284e+00
7.286830249521614178e-01 -6.599626619101349512e+00
6.981779913803265458e-01 -5.667894222094740364e+00
6.901182987476843778e-01 -5.411229592991625204e+00
6.966746267280541360e-01 -5.928194651673262427e+00
6.770945994875248175e-01 -5.157445509687177854e+00
6.588398405780253597e-01 -4.905894868750256599e+00
1.337589980630603748e+00 -1.317853974293120523e+01
1.297103829383630114e+00 -1.294497852985955788e+01
6.625057863362258104e-01 -6.183821935324411712e+00
1.401184253756731835e+00 -1.359186296374762115e+01
6.730907239143704146e-01 -3.380684037941254161e+00
6.384579449791871752e-01 -4.660026709405092227e+00
1.473915780755376659e+00 -1.412800281315949924e+01
6.214539988849310248e-01 -4.412649897319015579e+00
6.260812440037071269e-01 -3.644853805100178867e+00
1.549116085500486406e+00 -1.474795233292930696e+01
5.650018622956309855e-01 -4.165289187538306237e+00
5.614614081611151164e-01 -3.962830375581764653e+00
5.578371891244273684e-01 -3.060127893622706097e+00
1.623334227526228801e+00 -1.542471567279715572e+01
4.978441600765890485e-01 -2.646442368427301961e+00
1.693976554605434615e+00 -1.613463152101919107e+01
4.630021659502290277e-01 -2.237409632157248751e+00
4.258083480862637771e-01 -1.836912004442289081e+00
1.758587552472711479e+00 -1.685166937735110793e+01
3.799168565936028585e-01 -1.459911312452211174e+00
1.814841194387938117e+00 -1.754432443355105420e+01
2.944787890002658060e-01 -1.110597987810025167e+00
1.860822605636975879e+00 -1.817483643767276291e+01
5.690917441697962431e-02 -3.072108716471081635e+00
1.895347106867497189e+00 -1.870105861846328565e+01
1.464514887750496541e-01 -7.370090822148176457e-01
1.918075236297816843e+00 -1.908124079194787015e+01
1.929267003439612438e+00 -1.928108897622281148e+01
2.680737496675078546e-03 -5.623715526699157863e-03
-1.895584658732758498e-01 -3.555378920572058732e-01
1.002813572447563928e+02 -1.745554249919614165e-01
-2.160494813073015052e-01 6.574985118656009320e-01
-1.769109924515603893e-01 1.157405246361656204e+00
-2.072114038447594453e-01 1.719287576100199111e+00
-2.693505170015271233e-01 2.290175681554372566e+00
-3.568241650290744360e-01 2.840545799700985086e+00
-3.495445886964319016e-01 3.314928733630125635e+00
-4.793164218901466711e-01 3.875408746508533397e+00
-5.508310665549629448e-01 4.326423247862946297e+00
-1.064630425218112464e+00 9.540727636434249703e-01
-4.798477423008833398e-01 5.000158456537530327e+00
