5.141418403060263387e+01 -1.386460154798589528e+00
4.855209158904981592e+01 -1.390728704265935978e+00
5.426880055364916444e+01 -1.379273979239599601e+00
4.568975030147660732e+01 -1.386831836788826156e+00
4.847787108344705587e+01 -1.188869397364346447e+01
5.711780229660254804e+01 -1.377476065576820119e+00
4.283470821525960304e+01 -1.379569646289660056e+00
5.996913211451364845e+01 -1.383039945016286243e+00
3.998559187940319504e+01 -1.377367150977430565e+00
6.282829184346789475e+01 -1.389722494147477505e+00
3.713457587410543681e+01 -1.382644649946456639e+00
6.418583212136547900e+01 -1.188869582343884801e+01
6.569174921031091685e+01 -1.389497600512710207e+00
3.427582258862853593e+01 -1.389497590095043478e+00
3.276990815949906732e+01 -1.188869389585896386e+01
6.855050253609203992e+01 -1.382644678444024500e+00
3.141236524369731953e+01 -1.389722489485120338e+00
7.140151861465207617e+01 -1.377367198091142164e+00
2.855320553319367605e+01 -1.383039938387030432e+00
7.425063505383681672e+01 -1.379569694450194284e+00
2.570187573239789458e+01 -1.377476058185235441e+00
7.710567725191373256e+01 -1.386831867101979032e+00
2.285287400187948137e+01 -1.379273974148204740e+00
7.996801864866608867e+01 -1.390728735938793648e+00
1.999825748566978234e+01 -1.386460152653782973e+00
7.989378680712809455e+01 -1.188870848910393008e+01
8.283011124840301420e+01 -1.386460251644013209e+00
1.713616504727744427e+01 -1.390728703612125639e+00
1.706194490756300297e+01 -1.188869390800049963e+01
8.568472806096116301e+01 -1.379274173827738537e+00
1.427382376167022215e+01 -1.386831836245324912e+00
8.853373023749240645e+01 -1.377476300741446558e+00
1.141878167712400227e+01 -1.379569645655798205e+00
9.138506055063174927e+01 -1.383040114442384727e+00
8.569665342442320366e+00 -1.377367150518109540e+00
9.424422073273777301e+01 -1.389722584920305870e+00
5.718649337747343964e+00 -1.382644649742452714e+00
9.560172589209886951e+01 -1.188876423423361928e+01
9.710767859141063241e+01 -1.389497815249975510e+00
2.859896052507743036e+00 -1.389497590037636066e+00
1.353981639453927244e+00 -1.188869390852915231e+01
9.996643276476237361e+01 -1.382645242097324090e+00
-3.561292341252908500e-03 -1.389722489456419297e+00
1.975308805413078517e-12 1.927347170749271754e-13
2.771116669464390725e-13 -3.375077994860475883e-14
1.918465386552270502e-13 2.664535259100375697e-14
4.263256414560601115e-13 2.667199794359476073e-12
1.278976924368180335e-13 -1.110223024625156540e-13
4.263256414560601115e-14 5.595524044110788964e-14
-7.105427357601001859e-15 3.463895836830488406e-14
-1.492139745096210390e-13 2.842170943040400743e-14
-4.334310688136611134e-13 -8.517631044924200978e-13
-7.176481631177011877e-13 4.609645998243649956e-13
1.028174502220320221e+02 -1.377368033657191404e+00
-2.862721002776297041e+00 -1.383039938379227340e+00
1.056665683720468110e+02 -1.379570431134270692e+00
-5.714050803514112431e+00 -1.377476058178458640e+00
1.085216121887947338e+02 -1.386832220380344705e+00
-8.563052534019860218e+00 -1.379273974142544823e+00
1.113839549942053111e+02 -1.390729061376933196e+00
-1.141766905022632983e+01 -1.386460152653411271e+00
1.113096343250041116e+02 -1.188895502707245910e+01
1.142460495757637062e+02 -1.386461415871191427e+00
-1.427976148861837657e+01 -1.390728703608373973e+00
-1.435398162859863191e+01 -1.188869390815078475e+01
1.171006698681760128e+02 -1.379276432529802143e+00
-1.714210277422789375e+01 -1.386831836240057569e+00
1.199496768544437231e+02 -1.377478786326987059e+00
-1.999714485877591130e+01 -1.379569645654502796e+00
1.228010121265258192e+02 -1.383041594767667970e+00
-2.284626119345752215e+01 -1.377367150521260353e+00
1.256601763211707947e+02 -1.389723061120822667e+00
-2.569727719817007028e+01 -1.382644649757909683e+00
1.270174927657454731e+02 -1.188950935175634704e+01
1.285236382628628462e+02 -1.389499421867493201e+00
-2.855603048345476225e+01 -1.389497590065908117e+00
-3.006194490103355577e+01 -1.188869389817722322e+01
1.313823995829780245e+02 -1.382649923378615142e+00
-3.141948782835292775e+01 -1.389722489488901314e+00
1.342334283108341992e+02 -1.377374693499680003e+00
-3.427864753889294036e+01 -1.383039938424952986e+00
1.370825595082923201e+02 -1.379575637844992375e+00
-3.712997733988648008e+01 -1.377476058374794032e+00
1.399376144196261293e+02 -1.386833773742564446e+00
-3.997897907098310100e+01 -1.379273974608206554e+00
1.427999657526843578e+02 -1.390730101477687164e+00
-4.283359558837214820e+01 -1.386460153297808695e+00
1.427252836499568502e+02 -1.189094693467554187e+01
1.456620725733557435e+02 -1.386468478143446870e+00
-4.569568802842961475e+01 -1.390728704154021500e+00
-4.576990804008663360e+01 -1.188869371154559218e+01
-4.657591569658657704e+01 6.997545981376132929e+00
1.485167150283299975e+02 -1.379290742853089835e+00
-4.855802931599428973e+01 -1.386831836918197780e+00
1.513657516789581905e+02 -1.377493547791721173e+00
-5.141307140372438766e+01 -1.379569647795890752e+00
1.542171152157911251e+02 -1.383048333743742475e+00
-5.426218774518710575e+01 -1.377367155594434678e+00
1.570762992143866086e+02 -1.389722349952963398e+00
-5.711320376236974994e+01 -1.382644657229457064e+00
