5.140756711752227659e+01 -1.384558734094948118e+00
4.855113435168225777e+01 -1.383873433270053965e+00
5.426436683959418161e+01 -1.384442079775793921e+00
4.569558094014343652e+01 -1.383190426999637790e+00
5.712058752189781785e+01 -1.383660801252496242e+00
4.284039117674124242e+01 -1.383305251369344457e+00
5.997596615117537056e+01 -1.383130130315548545e+00
3.998462873921562988e+01 -1.384084583997811979e+00
5.247738285410446224e+01 -1.738860094315563032e+01
6.283122094409007019e+01 -1.383467237933931671e+00
3.712802090241531516e+01 -1.384619053118327781e+00
6.568721322400843121e+01 -1.384280495398899191e+00
3.427128660222982148e+01 -1.384280484997195249e+00
3.676942217846158201e+01 -1.738859436921361024e+01
6.854394756415749157e+01 -1.384619081557331377e+00
3.141529434442545110e+01 -1.383467233227355653e+00
7.140055547457536989e+01 -1.384084631608604621e+00
2.856003956983958503e+01 -1.383130123803844480e+00
6.818535483012490772e+01 -1.738864651096506009e+01
7.425631801596458104e+01 -1.383305299141354361e+00
2.570466095761662118e+01 -1.383660793819534440e+00
7.711150788992962646e+01 -1.383190456799705537e+00
2.284844028786204717e+01 -1.384442074653695176e+00
7.996706141131640777e+01 -1.383873465528637325e+00
1.999164057259007521e+01 -1.384558731970025214e+00
2.106145953098720014e+01 -1.738859424715856150e+01
8.282349433517106263e+01 -1.384558830211732872e+00
1.713520780990825187e+01 -1.383873432606433251e+00
8.568029434572912351e+01 -1.384442275872741490e+00
1.427965440034395783e+01 -1.383190426463481781e+00
8.389342903553716724e+01 -1.738883059981006696e+01
8.853651546582828757e+01 -1.383661037452619702e+00
1.142446463859850070e+01 -1.383305250738718239e+00
9.139189458743013006e+01 -1.383130295748377758e+00
8.568702202253732025e+00 -1.384084583532378510e+00
9.424714983008664149e+01 -1.383467329982981386e+00
5.712094366060455286e+00 -1.384619052925541993e+00
5.353496255728344977e+00 -1.738859427164096516e+01
9.710314260698851285e+01 -1.384280710104343726e+00
2.855360066104942973e+00 -1.384280484934560462e+00
9.995987778797893952e+01 -1.384619645002251875e+00
-6.321915970062264023e-04 -1.383467233213024894e+00
5.471179065352771431e-13 2.424727085781341884e-13
4.760636329592671245e-13 -1.598721155460225418e-13
4.405364961712621152e-13 -3.756994715331529733e-13
3.410605131648480892e-13 -1.154631945610162802e-14
1.563194018672220409e-13 -6.394884621840901673e-14
7.105427357601001859e-15 2.238209617644315585e-13
-5.684341886080801487e-14 -8.881784197001252323e-15
-2.131628207280300558e-13 -1.243449787580175325e-14
-1.158184659288963303e-12 -2.016165012719284277e-13
-1.222133505507372320e-12 1.797673121473053470e-12
9.960194463675190946e+01 -1.738938867540686317e+01
1.028164870855765116e+02 -1.384085476436970996e+00
-2.855886966111697234e+00 -1.383130123772558395e+00
1.056722513455560772e+02 -1.383306027209343370e+00
-5.711265578311959246e+00 -1.383660793815555401e+00
1.085274428148218391e+02 -1.383190801444457385e+00
-8.567486248037383234e+00 -1.384442074647662224e+00
1.113829977560201598e+02 -1.383873800898445694e+00
-1.142428596330846347e+01 -1.384558731971314849e+00
-1.035446701300431727e+01 -1.738859427069546371e+01
1.142394326599231391e+02 -1.384559986392720266e+00
-1.428071872598860637e+01 -1.383873432604459275e+00
1.153118778107787392e+02 -1.739080213556709964e+01
1.170962361411459938e+02 -1.384444555044727299e+00
-1.713627213555453466e+01 -1.383190426463344558e+00
1.199524621211626823e+02 -1.383663531390485701e+00
-1.999146189729913203e+01 -1.383305250740759718e+00
1.228078461617243278e+02 -1.383131727880853035e+00
-2.284722433364480310e+01 -1.384084583538443436e+00
1.256631053809725813e+02 -1.383467821578810764e+00
-2.570383216985835872e+01 -1.384619052928587113e+00
-2.606243023756728405e+01 -1.738859433587795777e+01
1.285191022964226306e+02 -1.384282321278502259e+00
-2.856056646985365433e+01 -1.384280484961071700e+00
1.313758445647526969e+02 -1.384624328313436514e+00
-3.141655872762780177e+01 -1.383467233225276427e+00
1.310256592273383660e+02 -1.739397391195482356e+01
1.342324652159962568e+02 -1.384092216116387331e+00
-3.427181350224648781e+01 -1.383130123840465409e+00
1.370882425753340215e+02 -1.383311150902431841e+00
-3.712719211465856972e+01 -1.383660794005201478e+00
1.399434449364747479e+02 -1.383192286145159322e+00
-3.998341278500126350e+01 -1.384442075108990977e+00
-4.177039474886977644e+01 -1.738859510793849594e+01
1.427990085044489206e+02 -1.383874926563431806e+00
-4.284021250145953275e+01 -1.384558732596994357e+00
1.456554556482232954e+02 -1.384566997594395055e+00
-4.569664526579762764e+01 -1.383873433143223863e+00
1.467488423298290172e+02 -1.740050951994795270e+01
1.485122812308764537e+02 -1.384459012510468323e+00
-4.855219867733232775e+01 -1.383190427137562573e+00
1.513685372176417161e+02 -1.383678331961063712e+00
-5.140738844224696891e+01 -1.383305252861381174e+00
1.542239492132328849e+02 -1.383138135025701043e+00
-5.426315088537978681e+01 -1.384084588660417836e+00
1.570792280065554394e+02 -1.383467234294810222e+00
-5.711975873413666704e+01 -1.384619060383698752e+00
-5.747837097239012394e+01 -1.738859155440166404e+01
