5.140790555833969933e+01 -1.383879477244136513e+00
4.855189204215437826e+01 -1.383899614906390241e+00
5.426388895556375047e+01 -1.383852749278818628e+00
4.569587201195766113e+01 -1.383889611930337438e+00
5.711985385009083416e+01 -1.383850679189065680e+00
4.283987669471324011e+01 -1.383861164912279840e+00
5.997583348726242036e+01 -1.383875686810595695e+00
3.998390841803331597e+01 -1.383847533446174172e+00
6.283184388523771702e+01 -1.383898538693770330e+00
3.712793790126605131e+01 -1.383864651582002114e+00
6.568786510386934197e+01 -1.383892519538663990e+00
3.427193848209117277e+01 -1.383892509126498194e+00
6.854386456301963904e+01 -1.383864679995684632e+00
3.141591728557584062e+01 -1.383898533999174507e+00
4.801984230677039278e+01 -2.576480161487271658e+01
7.139983515333548780e+01 -1.383847581059461707e+00
2.855990690591393388e+01 -1.383875680295236332e+00
7.425580353396827604e+01 -1.383861212762741211e+00
2.570392728581566999e+01 -1.383850671748306560e+00
6.372727209498179946e+01 -2.576383033560402325e+01
3.231181256465058027e+01 -2.576497317066984749e+01
7.711179896181000970e+01 -1.383889641669084014e+00
2.284796240383430543e+01 -1.383852744161491177e+00
7.996781910172597918e+01 -1.383899647156410229e+00
1.999197901340506078e+01 -1.383879475118704239e+00
8.282383277606957961e+01 -1.383879573359666715e+00
1.713596550038126765e+01 -1.383899614242927179e+00
8.567981646155541853e+01 -1.383852945216209385e+00
1.427994547215710952e+01 -1.383889611394854224e+00
7.943089419410273422e+01 -2.576136217117576166e+01
8.853578179384980729e+01 -1.383850915704092799e+00
1.142395015656999391e+01 -1.383861164281628309e+00
1.660382873840028850e+01 -2.576496691628254254e+01
9.139176192395515841e+01 -1.383875852323039890e+00
8.567981881074430817e+00 -1.383847532982750206e+00
9.424777277116425012e+01 -1.383898630364247317e+00
5.712011364907837674e+00 -1.383864651381528255e+00
9.710379448684429349e+01 -1.383892734485504317e+00
2.856011945965050813e+00 -1.383892509075336896e+00
9.512096716781070427e+01 -2.575868483797253106e+01
9.995979478684208175e+01 -1.383865243018257196e+00
-9.250445273778495903e-06 -1.383898533981257284e+00
2.557953848736360669e-12 -3.472777621027489658e-13
6.323830348264891654e-13 3.987921104453562293e-13
4.618527782440651208e-13 2.486899575160350651e-14
2.700062395888380706e-13 2.220446049250313081e-13
1.492139745096210390e-13 -2.033928581113286782e-13
-8.526512829121202230e-14 7.993605777301127091e-14
-1.705302565824240446e-13 -3.126388037344440818e-13
-3.907985046680551022e-13 8.792966355031239800e-14
-3.339550858072470874e-13 1.869615573468763614e-12
-2.728484105318784714e-12 -1.709743457922741072e-12
1.028157667630777183e+02 -1.383848426095657835e+00
-2.856019630029294376e+00 -1.383875680274790909e+00
8.958675005602714236e-01 -2.576496689771622428e+01
-3.760319501825307498e+00 3.651373973369427262e-01
1.056717368643825523e+02 -1.383861942026118896e+00
-5.711999250099268011e+00 -1.383850671715693981e+00
1.085277338878044304e+02 -1.383889985238151432e+00
-8.567964132074756378e+00 -1.383852744147329172e+00
1.113837554454867700e+02 -1.383899981727513495e+00
-1.142394752249735745e+01 -1.383879475113035884e+00
1.107735096164964830e+02 -2.576419298679949677e+01
1.142397711024651699e+02 -1.383880729973709922e+00
-1.427996103551704721e+01 -1.383899614237229958e+00
1.170957582548226554e+02 -1.383855222399125395e+00
-1.713598106374101349e+01 -1.383889611389290231e+00
-1.481209516896790035e+01 -2.576496543208893542e+01
1.199517284483005568e+02 -1.383853413635651730e+00
-1.999197637932897464e+01 -1.383861164278731515e+00
1.228077135041657328e+02 -1.383877286280094321e+00
-2.284794465482804071e+01 -1.383847532985498230e+00
1.256637283204599100e+02 -1.383899118858844091e+00
-2.570391517100721046e+01 -1.383864651392884504e+00
1.285197541751354038e+02 -1.383894348103625216e+00
-2.855991458999093879e+01 -1.383892509092621292e+00
1.263339361854458929e+02 -2.580122101904066767e+01
1.313757615634716842e+02 -1.383869922660365681e+00
-3.141593578647319873e+01 -1.383898533999316172e+00
-3.052006366885990474e+01 -2.576498106676224964e+01
1.342317448832994273e+02 -1.383855168918892264e+00
-3.427194616617367728e+01 -1.383875680330027613e+00
1.370877281015450535e+02 -1.383867078450837340e+00
-3.712792578646600816e+01 -1.383850671934773402e+00
1.399437360165593986e+02 -1.383891459235363719e+00
-3.998389066903222044e+01 -1.383852744613322194e+00
1.427997661867857175e+02 -1.383901104354126943e+00
-4.283987406064490244e+01 -1.383879475743202025e+00
1.416754956613186209e+02 -2.590463500484815285e+01
1.456557940946318013e+02 -1.383887740474918804e+00
-4.569588757531207079e+01 -1.383899614784729781e+00
-4.622816447532059669e+01 -2.576493031056928729e+01
1.485118033304196103e+02 -1.383869670786408435e+00
-4.855190760549773188e+01 -1.383889612051874440e+00
1.513678035337347296e+02 -1.383868241655606290e+00
-5.140790292424459551e+01 -1.383861166437712953e+00
1.542238165978810116e+02 -1.383883701378322062e+00
-5.426387120655533636e+01 -1.383847538080117179e+00
1.570798509347696381e+02 -1.383898499943730709e+00
-5.711984173528742303e+01 -1.383864658867475228e+00
