5.140787986333346282e+01 -1.383873828993052779e+00
4.855188650486675783e+01 -1.383873892227971858e+00
5.426387314462665046e+01 -1.383873772238250588e+00
4.569589311174970447e+01 -1.383873887864518704e+00
5.711986640218191980e+01 -1.383873793478307856e+00
4.283989976531297827e+01 -1.383873825817374392e+00
5.997585972603297222e+01 -1.383873872556202755e+00
3.998390648735227870e+01 -1.383873781728833574e+00
6.283185313466567123e+01 -1.383873918488067289e+00
3.712791321972778746e+01 -1.383873803148134130e+00
6.568784655216109059e+01 -1.383873880100861875e+00
3.427191989973177044e+01 -1.383873857122340567e+00
6.854383990386406822e+01 -1.383873810664296489e+00
3.141592653347800024e+01 -1.383873877798606156e+00
7.139983321368963232e+01 -1.383873802373292605e+00
2.855993317978686719e+01 -1.383873847971641702e+00
7.425582657826112154e+01 -1.383873870788567384e+00
2.570393987251249612e+01 -1.383873812859119479e+00
7.711182004892269504e+01 -1.383873938815805893e+00
2.284794658223081498e+01 -1.383873815534479412e+00
7.996781357755220654e+01 -1.383873943537367701e+00
1.999195326165358821e+01 -1.383873840756555840e+00
8.282380710243930366e+01 -1.383873921365103676e+00
1.713595991315622058e+01 -1.383873835776492367e+00
4.821689005993030008e+01 -4.006002985810687278e+01
8.567980065578257154e+01 -1.383873948448238966e+00
1.427996660374184756e+01 -1.383873776335077022e+00
6.403013534914281024e+01 -3.952506590436104261e+01
8.853579433107699970e+01 -1.383874017840981185e+00
1.142397346823901927e+01 -1.383873722912075444e+00
3.278287532535424731e+01 -4.002992983961289752e+01
9.139178814645680404e+01 -1.383874046030992400e+00
8.567981020707797768e+00 -1.383874178722280135e+00
7.943085777224891331e+01 -3.810200868287439135e+01
9.424778202105065361e+01 -1.383874027284158092e+00
5.711994827921984097e+00 -1.383883846380203231e+00
9.710377595002800888e+01 -1.383874101376150190e+00
2.856576036899618032e+00 -1.384407228536298273e+00
1.764471356707063165e+01 -3.976719345719796195e+01
4.391063310041829482e-01 -1.086711321467431546e+00
9.649100704123725336e-03 -2.156953386592493249e+00
9.995977013913038434e+01 -1.383874363215913839e+00
3.460596431636986381e-07 6.032345183371035091e-07
2.756905814749188721e-12 -5.240252676230738871e-13
-3.574029960873303935e-12 0.000000000000000000e+00
-3.460590320969458844e-07 -6.032338726313923871e-07
-4.527129562463727552e-02 -2.733637938860056238e-03
-4.961241156460047819e-01 7.600232059619393965e-01
-1.151806638872784561e+00 -2.843595818663261721e+00
-9.563384370874530305e-01 1.337952718691344245e+00
-1.499233110795771040e+00 1.792206318883411420e+00
-2.163452284762463762e+00 -2.983171031096330861e+00
-2.080099911078306718e+00 2.051234155081831823e+00
-2.887653234786888845e+00 -2.854786536781463102e+00
1.028157648191700986e+02 -1.383874633628000783e+00
-2.615780330209659610e+00 2.149936500496994363e+00
-2.855993165967745995e+00 1.383875425895527478e+00
-3.387875941733206275e+00 -2.642237968498066802e+00
-3.066421808793108994e+00 2.148875062429437044e+00
-3.738383537126807710e+00 -2.419460420339419660e+00
-3.425140182443143999e+00 2.088334748004243124e+00
-3.990400347131327408e+00 -2.212250913425231502e+00
9.416285659380608308e+01 -3.627148213329941484e+01
-3.706190692685929378e+00 1.995260061013872210e+00
-4.176296390954924220e+00 -2.027628923521802129e+00
-3.926393678230169826e+00 1.888574303103333740e+00
-4.316603564297857076e+00 -1.865658483575309390e+00
-4.099828344907969324e+00 1.779525808222479633e+00
-4.424677861063464945e+00 -1.724108796641503183e+00
-4.509479794066734826e+00 -1.600220811677744770e+00
-4.237535624520738509e+00 1.674060406650880850e+00
-4.577489271812119398e+00 -1.491596539854632475e+00
-4.347942508300135955e+00 1.574987493956488294e+00
-4.631474989152103205e+00 -1.396282159313206872e+00
-4.677483888324132977e+00 -1.310766491673900358e+00
-4.437449266333459263e+00 1.483400395274965256e+00
-4.707571112926551393e+00 -1.234219593634023227e+00
-4.511079886587175736e+00 1.398898415558241126e+00
-4.763593729082671757e+00 -1.174255872444278204e+00
-4.779242643063881246e+00 -1.053746618499300958e+00
-4.571947232636809133e+00 1.320895353472337774e+00
-4.615550567449950847e+00 1.252580344190792339e+00
-4.667909993236662558e+00 1.095613440980113040e+00
-4.874922042256265797e+00 -1.077298869874941278e+00
-4.674230505784009893e+00 1.194420060191468735e+00
-4.891183045100490290e+00 -9.773854269488779778e-01
-4.746934427380729460e+00 9.048946587103392503e-01
-4.920178328542050394e+00 -8.223552610295987719e-01
-4.759624643166169733e+00 1.041823670054740525e+00
-4.927313290952596958e+00 -6.774708800908380013e-01
-4.821915647708017616e+00 7.788104219855247479e-01
-4.973249058155786884e+00 -5.677060278812859906e-01
-4.914587747856998590e+00 2.988409130917917267e-01
-5.011973880601054532e+00 -7.946626609141071995e-01
-4.898575219833837480e+00 5.529123290349993169e-01
-4.888615670685609871e+00 6.691986466639496811e-01
-4.947519874816258323e+00 1.534620666435939640e-01
-4.999985422791134226e+00 -7.844963314518338393e-06
-5.054339968195435517e+00 -2.263824205995135230e-01
-5.061233213243568230e+00 -2.687234329326271265e-01
