4.790849535589382668e+01 -5.275989462041946076e+00
4.861554292541874389e+01 -1.439111349264147854e+00
5.148469267546311556e+01 -1.324558541238492815e+00
4.566158621838527409e+01 -1.430377196618865643e+00
5.423459578485739030e+01 -1.270092725232832453e+00
5.695240876789189599e+01 -1.346336004333134273e+00
4.280694832327229449e+01 -1.369903161931607549e+00
5.979229853071118583e+01 -1.718161908561715023e+00
3.998681918939253421e+01 -1.360737294094141792e+00
6.077562762346128267e+01 -2.718244207171898630e+00
3.714315049689373893e+01 -1.382421053353958484e+00
6.313402638413488432e+01 -1.385450269001538448e+00
3.607372669577353719e+01 -8.501373619965935546e+00
3.427428911538559930e+01 -1.392942604618362168e+00
6.581414219804511845e+01 -1.166185725541986518e+00
4.256853778740251926e+01 -1.953409561922065407e+01
4.063568432426312427e+01 -1.841044769295552896e+01
4.451453059047180716e+01 -2.068484636821017730e+01
3.871370241787453637e+01 -1.730428577956448066e+01
4.647089585747766449e+01 -2.187903121888179570e+01
3.679651148377175929e+01 -1.621019970397650667e+01
3.487494941925557157e+01 -1.512981792219941113e+01
4.841861675295097456e+01 -2.315362037275149021e+01
6.843949031195454324e+01 -1.126070043261774511e+00
3.141109511987540159e+01 -1.385905604336008956e+00
3.294473567749049892e+01 -1.407559794434467904e+01
5.018163497607348944e+01 -2.464766663042998829e+01
3.101851590347088106e+01 -1.305718906294687720e+01
7.101954338656091181e+01 -1.244998674434318886e+00
5.365223796784086119e+01 -2.614616246730411930e+01
2.855858847240867604e+01 -1.381538209077177282e+00
2.911026723376893344e+01 -1.204954254429046046e+01
5.598267320402569425e+01 -2.707338034242017244e+01
2.724962623074225831e+01 -1.091510777775708974e+01
7.337667963937272475e+01 -1.598516602271060627e+00
2.601760950923424076e+01 -9.890004311790441704e+00
2.570494831542463388e+01 -1.383160966543746095e+00
5.834211787834135521e+01 -2.814987186332875169e+01
7.523349072116020864e+01 -1.569721464967647417e+00
2.426542372932313540e+01 -9.484614863632110371e+00
6.075484421789051481e+01 -2.930826645374190420e+01
2.284825678510772207e+01 -1.384244210876042214e+00
2.242015036259438432e+01 -8.717878551356127659e+00
7.757766260694063476e+01 -1.168890264688072556e+00
6.323324070767967697e+01 -3.053438519368299708e+01
2.064565126288695041e+01 -7.938130581623063620e+00
1.999184275383866805e+01 -1.383987193557636886e+00
8.011889932093814082e+01 -9.963057333094251788e-01
6.578187272956441234e+01 -3.182510588700648313e+01
1.888328629554276716e+01 -7.169064352303958110e+00
1.712111182270616894e+01 -6.404238595695583847e+00
8.266707763073657134e+01 -9.683839298249319327e-01
1.713592564352906322e+01 -1.383848214067024518e+00
6.839633359887953645e+01 -3.317957924066514863e+01
1.535817337662847848e+01 -5.640272231137310577e+00
8.516360262238167422e+01 -1.062555662120559408e+00
1.427996785828478465e+01 -1.383861592334395318e+00
7.105757680359386086e+01 -3.459428237031500686e+01
1.359479565309672466e+01 -4.876185266829312859e+00
8.748169868934593296e+01 -1.236794077883120568e+00
1.183235443262280739e+01 -4.111991129067764206e+00
1.142418905945226726e+01 -1.383886495821458951e+00
7.371967770473841597e+01 -3.605604686269325043e+01
8.961886645263261642e+01 -1.199135708843270365e+00
1.006619920008738234e+01 -3.351482662772600207e+00
8.561510306318488972e+00 -1.390289980658252489e+00
8.300295558530578433e+00 -2.560844380354217797e+00
7.628562729320100289e+01 -3.752725486041625658e+01
9.195131133373823218e+01 -9.818984212308068393e-01
6.597615101820707650e+00 -1.893607525295359473e+00
7.856440012819292917e+01 -3.891196211214796108e+01
5.725948784293514393e+00 -1.211220464001418584e+00
9.443201051014327163e+01 -8.517692878525195965e-01
4.575476606662306267e+00 -1.238607752130258977e+00
8.022388468241504711e+01 -3.999367807988101475e+01
3.361852321753637796e+00 -8.229002915657552819e-01
9.693836577292336187e+01 -8.265268031269119575e-01
2.308363575147524216e+00 -5.687956484902203513e-01
1.122710796256377819e+00 -2.902893138813418261e-01
9.940428396437664560e+01 -8.915993966653248393e-01
1.679477676930218877e-07 -5.601048345127424000e-07
1.160742613137699664e-10 -8.574279064532674965e-10
1.726618847897043452e-12 7.203126983768015634e-13
1.989519660128280520e-13 2.309263891220325604e-14
-1.662670001678634435e-12 1.619149259113328299e-12
-1.679480803318256221e-07 5.601020731660355523e-07
-1.122710796256285448e+00 2.902893138816349250e-01
1.017487496767476216e+02 -9.984910336984320622e-01
-2.308363575147168945e+00 5.687956484904459487e-01
-3.361852321753573847e+00 8.229002915655909689e-01
1.039844018969508852e+02 -9.855685097391972960e-01
-4.575476606662931545e+00 1.238607752128825013e+00
-5.725948784292114624e+00 1.211220464006712128e+00
1.063168727468329848e+02 -8.468598935825779606e-01
-6.597615101822071892e+00 1.893607525289443316e+00
-8.300295558526833872e+00 2.560844380354776462e+00
-8.561510306321402197e+00 1.390289980657934521e+00
1.087664979094318198e+02 -7.420833615308826126e-01
-1.006619920008295566e+01 3.351482662769109666e+00
1.112514840927333069e+02 -7.145055117408016798e-01
