5.140788281328960352e+01 -1.383874957419791940e+00
4.855188670549766528e+01 -1.383877046738715588e+00
5.426387539586418995e+01 -1.383871560230436781e+00
4.569589032407364471e+01 -1.383875383451066199e+00
5.711986532721766707e+01 -1.383870828342185000e+00
4.283989724350568906e+01 -1.383871911012934941e+00
5.997585658436277356e+01 -1.383873617571393488e+00
3.998390718032733560e+01 -1.383870688911855051e+00
6.283185159755792881e+01 -1.383876668169443214e+00
3.712791632383940765e+01 -1.383873145923945280e+00
6.568784841295283172e+01 -1.383876419760333043e+00
3.427192179117414383e+01 -1.383876409348173464e+00
6.854384298559207878e+01 -1.383873174337575840e+00
3.141592499789648585e+01 -1.383876663474529867e+00
7.139983391563001192e+01 -1.383870736527073042e+00
2.855993000301428353e+01 -1.383873611056191777e+00
7.425582408276272872e+01 -1.383871958862044504e+00
2.570393876294219382e+01 -1.383870820901120791e+00
4.837109878683900632e+01 -3.102159023359678969e+01
7.711181727392357743e+01 -1.383875413188210945e+00
2.284794884413528138e+01 -1.383871555112777596e+00
6.407751225382608595e+01 -3.100975793686507131e+01
7.996781376506959305e+01 -1.383877078990315646e+00
1.999195626835536288e+01 -1.383874955294320142e+00
3.266143191015473235e+01 -3.102315695995801548e+01
8.282381003101912142e+01 -1.383875053532644728e+00
1.713596016372454756e+01 -1.383877046075037143e+00
8.567980290185350611e+01 -1.383871756172529111e+00
1.427996378427327073e+01 -1.383875382915685126e+00
8.853579327098545093e+01 -1.383871064861438960e+00
1.142397070536259918e+01 -1.383871910381719861e+00
7.975229349490223285e+01 -3.097408443053598148e+01
9.139178502105929169e+01 -1.383873783058940266e+00
8.567980643367512528e+00 -1.383870688447159214e+00
1.695322159719398059e+01 -3.102289326157789517e+01
9.424778048348166237e+01 -1.383876759864866468e+00
5.711989787477349978e+00 -1.383873145721016495e+00
9.710377779588301905e+01 -1.383876634687680962e+00
2.855995255056242854e+00 -1.383876409293909315e+00
9.995977320949117484e+01 -1.383873737240091550e+00
-1.538150392832449143e-06 -1.383876663462837442e+00
1.776356839400250465e-12 8.748557434046233539e-13
2.415845301584340632e-13 -9.299228054260311183e-13
3.197442310920450836e-13 -3.375077994860475883e-14
3.907985046680551022e-13 1.197264509755768813e-12
2.344791028008330613e-13 -2.930988785010413267e-13
1.918465386552270502e-13 -5.240252676230738871e-14
1.207922650792170316e-13 -5.329070518200751394e-15
-4.973799150320701301e-14 2.540190280342358164e-13
-1.705302565824240446e-13 -7.105427357601001859e-15
-1.328714915871387348e-12 1.243449787580175325e-14
9.531271099044376172e+01 -3.090704016437417678e+01
1.028157655256152623e+02 -1.383871581679759100e+00
-2.855996532934653942e+00 -1.383873611054297736e+00
1.245315044903065882e+00 -3.102291484430310575e+01
1.056717574130109654e+02 -1.383872688311296617e+00
-5.711987772965123611e+00 -1.383870820887966424e+00
1.085277521999980905e+02 -1.383875756841191240e+00
-8.567977691764419035e+00 -1.383871555107421436e+00
1.113837501083414878e+02 -1.383877413640735465e+00
-1.142397026753855016e+01 -1.383874955295348652e+00
1.142397483571850785e+02 -1.383876209656737188e+00
-1.427996637216963904e+01 -1.383877046074656114e+00
1.105827394518774724e+02 -3.080198897247995760e+01
1.170957446950157106e+02 -1.383874033917714463e+00
-1.713596275162187510e+01 -1.383875382916950780e+00
-1.446266587626614353e+01 -3.102286867683677585e+01
1.199517399245904841e+02 -1.383873563078403368e+00
-1.999195583053588621e+01 -1.383871910384943504e+00
1.228077366003498128e+02 -1.383875215684061022e+00
-2.284794589253755248e+01 -1.383870688454757136e+00
1.256637360324253194e+02 -1.383877246363194313e+00
-2.570393674844002874e+01 -1.383873145737854582e+00
1.285197374846050025e+02 -1.383878246824262970e+00
-2.855993128091377287e+01 -1.383876409316425971e+00
1.252996612527232401e+02 -3.051293251462189815e+01
1.313757399869519986e+02 -1.383878415601964118e+00
-3.141592807415555910e+01 -1.383876663474105317e+00
-3.017048383661334299e+01 -3.102309215121000818e+01
1.342317436464171010e+02 -1.383878323938735555e+00
-3.427192306907083719e+01 -1.383873611088485500e+00
1.370877486509752714e+02 -1.383877822756339082e+00
-3.712791430933204140e+01 -1.383870821086770064e+00
1.399437543303686482e+02 -1.383877228377436097e+00
-3.998390422872353156e+01 -1.383871555569158751e+00
1.394923027647353422e+02 -2.956223339064941769e+01
1.427997608515839829e+02 -1.383878537032888101e+00
-4.283989680568704728e+01 -1.383874955922474559e+00
1.456557713522841482e+02 -1.383883221977446176e+00
-4.569589291197260650e+01 -1.383877046612503658e+00
1.485117897720292603e+02 -1.383888482835416767e+00
-4.855188929339914239e+01 -1.383875383571955719e+00
-4.588001943662474957e+01 -3.102385257280577235e+01
1.513678150143666699e+02 -1.383888394002965150e+00
-5.140788237546965433e+01 -1.383871912516687175e+00
1.542238396889014496e+02 -1.383881624463093818e+00
-5.426387244426604184e+01 -1.383870693549453801e+00
9.531323179424239811e+01 -1.006336645724754959e+02
1.538285978570251586e+02 -2.780921764075030467e+01
1.570798586547183504e+02 -1.383876629102090305e+00
