5.140791430274607166e+01 -1.383888376561196232e+00
4.855188757837980518e+01 -1.383911266402694462e+00
5.426390068215741991e+01 -1.383848492721601708e+00
4.569585955957155932e+01 -1.383890390557712902e+00
5.711985485083977920e+01 -1.383838244398775785e+00
4.283987081410577247e+01 -1.383850162437045839e+00
5.997582259134050275e+01 -1.383869609738984430e+00
3.998391598209758513e+01 -1.383837613331550198e+00
6.283183383050268844e+01 -1.383905926652812646e+00
3.712795006821313848e+01 -1.383867410407709997e+00
6.568786764853419413e+01 -1.383904734321967478e+00
3.427194102675591125e+01 -1.383904723909893608e+00
6.854387672996723779e+01 -1.383867438821627438e+00
3.141590723084079784e+01 -1.383905921958201279e+00
4.847793188455744229e+01 -2.488853938521576836e+01
7.139984271740006250e+01 -1.383837660943785686e+00
2.855989600999220102e+01 -1.383869603223256473e+00
6.418533107613664868e+01 -2.488798773097975925e+01
7.425579765335947968e+01 -1.383850210287237648e+00
2.570392828656492767e+01 -1.383838236958108148e+00
3.276996290217759622e+01 -2.488866842313837680e+01
7.711178650942429158e+01 -1.383890420297006152e+00
2.284797413042770486e+01 -1.383848487604294242e+00
7.996781463795181821e+01 -1.383911298651032684e+00
1.999198775781172444e+01 -1.383888374436013535e+00
8.282384152047555403e+01 -1.383888472676903181e+00
1.713596103660718484e+01 -1.383911265739175889e+00
8.567982818815417545e+01 -1.383848688657971504e+00
7.988982321940926568e+01 -2.488712546794460678e+01
1.427993301977074481e+01 -1.383890390021866867e+00
1.706198514963533341e+01 -2.488866952776389851e+01
8.853578279458986344e+01 -1.383838480914587166e+00
1.142394427596345707e+01 -1.383850161805863177e+00
9.139175102802313688e+01 -1.383869775244987999e+00
8.567989445138955773e+00 -1.383837612868324740e+00
9.424776271645845327e+01 -1.383906018327180298e+00
5.712023531857852277e+00 -1.383867410206559345e+00
9.710379703146968211e+01 -1.383904949275045482e+00
2.856014490632105662e+00 -1.383904723846673068e+00
9.558486248591523804e+01 -2.488857184814921553e+01
9.995980695389357606e+01 -1.383868001727242891e+00
-1.930519915305239920e-05 -1.383905921948662687e+00
9.805489753489382565e-13 -8.641976023682218511e-13
2.060573933704290539e-13 -7.549516567451064475e-14
2.842170943040400743e-13 1.707967101083340822e-12
1.492139745096210390e-13 3.943512183468556032e-13
8.526512829121202230e-14 2.486899575160350651e-14
-7.105427357601001859e-15 1.687538997430237941e-14
-1.350031197944190353e-13 3.552713678800500929e-15
-3.623767952376510948e-13 -8.171241461241152138e-14
-4.121147867408581078e-13 1.687538997430237941e-13
-6.608047442568931729e-13 -1.261213355974177830e-13
1.354022991377973995e+00 -2.488866900687499850e+01
1.028157743273233820e+02 -1.383838505978369771e+00
-2.856030525956107624e+00 -1.383869603210755361e+00
1.056717309837257233e+02 -1.383850939787941936e+00
-5.711998249351132984e+00 -1.383838236943024658e+00
1.085277214353741613e+02 -1.383890763990387462e+00
-8.567952405475196542e+00 -1.383848487599205868e+00
1.113837509815146802e+02 -1.383911633401578190e+00
-1.142393877809125513e+01 -1.383888374434980140e+00
1.142397798465045469e+02 -1.383889628987145404e+00
-1.427996549929630987e+01 -1.383911265749469877e+00
1.112550704260859504e+02 -2.490247523382501527e+01
1.170957699815953248e+02 -1.383850966228693746e+00
-1.713599351612499788e+01 -1.383890390028685857e+00
-1.435394012230990768e+01 -2.488866820493340981e+01
1.199517294484807337e+02 -1.383840979351937062e+00
-1.999198225993774258e+01 -1.383850161808455326e+00
1.228077026069029927e+02 -1.383871208603157044e+00
-2.284793709076748769e+01 -1.383837612870880918e+00
1.256637182654624212e+02 -1.383906505316253366e+00
-2.570390300406745610e+01 -1.383867410214279836e+00
1.285197567194297221e+02 -1.383906561563882143e+00
-2.855991204533134464e+01 -1.383904723872858789e+00
1.268659482074771461e+02 -2.495612941160386100e+01
1.313757737309693141e+02 -1.383872680187327120e+00
-3.141594584120949207e+01 -1.383905921952986340e+00
-3.006190538913905641e+01 -2.488867759131729684e+01
1.342317524471143599e+02 -1.383845247273729040e+00
-3.427195706208920001e+01 -1.383869603254050062e+00
1.370877222207700470e+02 -1.383856074233900557e+00
-3.712792478570473520e+01 -1.383838237145534666e+00
1.399437235658035945e+02 -1.383892236309095303e+00
-3.998387894242912921e+01 -1.383848488061420579e+00
1.427997617223935549e+02 -1.383912755350673152e+00
-4.283986531622001337e+01 -1.383888375068702103e+00
1.423334390628793358e+02 -2.510709087474077350e+01
1.456558028415473700e+02 -1.383896640294266955e+00
-4.569589203908229536e+01 -1.383911266273472940e+00
-4.576995698285834635e+01 -2.488865509271307275e+01
1.485118150558969887e+02 -1.383865411446767890e+00
-4.855192005789143650e+01 -1.383890390689004768e+00
1.513678045364701461e+02 -1.383855809246237190e+00
-5.140790880486660797e+01 -1.383850163932662358e+00
1.542238056971436890e+02 -1.383877616462458882e+00
-5.426386364248799055e+01 -1.383837617991151792e+00
1.570798408871650054e+02 -1.383905887266818624e+00
-5.711982956836359904e+01 -1.383867417664706778e+00
1.574200623316809811e+02 -2.541919249072606490e+01
