5.140788725733195719e+01 -1.383885427750700892e+00
4.855187902722394000e+01 -1.383885438536651247e+00
5.426388676584640791e+01 -1.383871867219106377e+00
4.569587950125217901e+01 -1.383871885055741657e+00
5.711987032983784474e+01 -1.383860613653714822e+00
4.283989592965472326e+01 -1.383860613212757773e+00
5.997584937105964542e+01 -1.383864823422698009e+00
3.998391691126222014e+01 -1.383864800231608516e+00
6.283184060130806614e+01 -1.383879576470009365e+00
3.712792572303551708e+01 -1.383879551348357939e+00
6.568784649067636394e+01 -1.383887630630615373e+00
3.427191986889774000e+01 -1.383887620218639647e+00
6.854385238478849374e+01 -1.383879579762230527e+00
3.141591400164642423e+01 -1.383879571775155970e+00
7.139984364656568516e+01 -1.383864847845925450e+00
2.855992278971113052e+01 -1.383864816907429685e+00
4.997771218082500155e+01 -2.738646438435397101e+01
7.425582276891040578e+01 -1.383860661061004027e+00
2.570394376556223648e+01 -1.383860606212840239e+00
6.568308515517864521e+01 -2.738546727138645664e+01
7.711180645110202647e+01 -1.383871914793869617e+00
3.426992141477507658e+01 -2.738693392881256017e+01
2.284796021411705169e+01 -1.383871862101575090e+00
7.996780608679623015e+01 -1.383885470787637573e+00
1.999196071239757444e+01 -1.383885425625256627e+00
8.282381447506000427e+01 -1.383885523864810008e+00
1.713595248545075123e+01 -1.383885437873182855e+00
8.567981427183886467e+01 -1.383872063161996291e+00
1.427995296145169135e+01 -1.383871884519749962e+00
8.137937520667581737e+01 -2.738756516185324585e+01
1.856189985628139638e+01 -2.738696556350040723e+01
8.853579827360306354e+01 -1.383860850170607559e+00
1.142396939151029045e+01 -1.383860612582278105e+00
9.139177780774537041e+01 -1.383864988920103123e+00
8.567990374303093404e+00 -1.383864799768703691e+00
9.424776948723484793e+01 -1.383879668162456777e+00
5.711999186679847185e+00 -1.383879551146669939e+00
9.710377587360449070e+01 -1.383887845553817275e+00
2.855993332770573545e+00 -1.383887620161604826e+00
9.995978260872520593e+01 -1.383880142683973968e+00
-1.253437240222865512e-05 -1.383879571762957283e+00
6.181721801112871617e-13 1.008082506359642139e-12
4.760636329592671245e-13 -2.744471316873386968e-13
3.410605131648480892e-13 5.329070518200751394e-14
2.273736754432320595e-13 1.154631945610162802e-14
1.563194018672220409e-13 -5.240252676230738871e-14
1.492139745096210390e-13 -9.681144774731365032e-14
4.973799150320701301e-14 6.217248937900876626e-14
-7.105427357601001859e-14 -1.936228954946273006e-13
-1.065814103640150279e-13 -2.486899575160350651e-14
-1.527666881884215400e-12 9.574563364367350005e-13
9.705164883590754243e+01 -2.740896838083925857e+01
2.853940358063411509e+00 -2.738695912717139791e+01
1.028157752564953569e+02 -1.383865692941395054e+00
-2.856003746242450347e+00 -1.383864816880806536e+00
1.056717560992555036e+02 -1.383861390529330215e+00
-5.711982770360712891e+00 -1.383860606200340460e+00
1.085277413770349852e+02 -1.383872258385300924e+00
-8.567966321787288564e+00 -1.383871862097100003e+00
1.113837424303434318e+02 -1.383885805540107761e+00
-1.142396582350020395e+01 -1.383885425624080234e+00
1.142397528010974384e+02 -1.383886680156340088e+00
-1.427997405044710888e+01 -1.383885437873688229e+00
1.126684232296781829e+02 -2.749783204162738670e+01
-1.285402643129682332e+01 -2.738695750546979113e+01
1.170957560649551112e+02 -1.383874340733097341e+00
-1.713597357444429292e+01 -1.383871884520302853e+00
1.199517449276384866e+02 -1.383863348192154952e+00
-1.999195714438560856e+01 -1.383860612580366745e+00
1.228077293868900171e+02 -1.383866421742949271e+00
-2.284793616159913654e+01 -1.383864799769799703e+00
1.256637250365498915e+02 -1.383880155001248724e+00
-2.570392734923869682e+01 -1.383879551156981691e+00
1.285197355623476483e+02 -1.383889458076418499e+00
-2.855993320318764006e+01 -1.383887620181091016e+00
1.281450584103656070e+02 -2.777681856797367388e+01
1.313757493864163166e+02 -1.383884821067254300e+00
-3.141593907040338252e+01 -1.383879571776766237e+00
-2.856196497394620337e+01 -2.738697426484639053e+01
1.342317533777165863e+02 -1.383872435471692697e+00
-3.427193028237209660e+01 -1.383864816943954690e+00
1.370877473366957702e+02 -1.383866525937854863e+00
-3.712790930671377509e+01 -1.383860606407958826e+00
1.399437435064822353e+02 -1.383873731554066122e+00
-3.998389285874510790e+01 -1.383871862565193123e+00
1.427997531703059053e+02 -1.383886929122571274e+00
-4.283989236165129455e+01 -1.383885426251977968e+00
1.456557757949859422e+02 -1.383893691891287414e+00
-4.569590059025588857e+01 -1.383885438409418356e+00
1.431143070580396000e+02 -2.849829285781024524e+01
-4.427010325622703135e+01 -2.738715102887257657e+01
1.485118011387224897e+02 -1.383888787760560568e+00
-4.855190011622893564e+01 -1.383871885176460648e+00
1.513678200155784168e+02 -1.383878178752837584e+00
-5.140788368932331309e+01 -1.383860614695788804e+00
1.542238324753055849e+02 -1.383872830223634054e+00
-5.426386271334405365e+01 -1.383864804871386411e+00
1.570798476591378119e+02 -1.383879540090310556e+00
-5.711985391351073815e+01 -1.383879558596821546e+00
1.562964995675817477e+02 -2.903077721586685200e+01
