5.222243171680148066e+01 -3.700208830889610390e+00
4.975306407359315131e+01 -8.115979267794534380e+00
5.140515826748624306e+01 -1.578762924168986448e+00
4.845829746347270373e+01 -1.404236514550607051e+00
5.229395354828844233e+01 -8.204306151968546956e+00
4.732047792020525634e+01 -8.061880513462661213e+00
4.566082583956819008e+01 -1.339290958240253460e+00
5.449470515212265553e+01 -1.367158866616515311e+00
4.497326250708304229e+01 -7.971622886906617467e+00
5.486947782773431470e+01 -8.395303330739281478e+00
4.269262645616660024e+01 -7.812267193537310916e+00
4.285704882893060130e+01 -1.350145742216375844e+00
5.720916005642700952e+01 -1.154163109261868492e+00
5.742750339412744154e+01 -8.641163913517642570e+00
4.052773507928925767e+01 -7.533914302251907280e+00
5.980140476006592110e+01 -1.103349514508475515e+00
4.000967346181656126e+01 -1.387043688877411807e+00
5.999959406188946787e+01 -8.950241424580514860e+00
3.873339193980478967e+01 -7.295041655887445131e+00
6.225877229880267549e+01 -1.229478912527799839e+00
6.250451789865497432e+01 -9.557780811813062272e+00
3.713038953238975637e+01 -1.400386884920951758e+00
3.687773632392922707e+01 -7.535660332405146988e+00
6.436020179745959524e+01 -1.396524561067497672e+00
3.471260615587593179e+01 -7.732930665834971684e+00
3.426295201306970029e+01 -1.387664317959393934e+00
6.643992218222611257e+01 -1.152188790224842663e+00
6.672759322774633972e+01 -9.319208944116553539e+00
3.244965138143531647e+01 -7.794467051007790914e+00
3.141281475854139416e+01 -1.379798959437624539e+00
6.884678438082471530e+01 -9.287103853545515264e-01
3.027940987027380970e+01 -7.638560317692340007e+00
6.952179436226732889e+01 -9.085621868980590321e+00
7.133694636209503415e+01 -8.617543637382638622e-01
2.856134066279609485e+01 -1.381966862951562902e+00
2.827259502960574622e+01 -7.614981179557780422e+00
7.241384105568752716e+01 -8.983159647435456918e+00
2.619112389812918806e+01 -7.643784927187806666e+00
7.381107084069240898e+01 -9.098107900882981269e-01
2.570486868086333843e+01 -1.384124052119108939e+00
7.540335854181356012e+01 -8.929068952961724648e+00
2.409053227301636468e+01 -7.652863908565340267e+00
7.617748211733675134e+01 -1.028341457852390839e+00
2.284802856727046816e+01 -1.384218851139311202e+00
2.199210051240719466e+01 -7.653367909871786168e+00
7.839858421325163818e+01 -1.045815066940222859e+00
7.850050309090103440e+01 -8.911903567631313194e+00
1.989655830871718933e+01 -7.652431072499178200e+00
1.999187411050662533e+01 -1.383965782998088923e+00
8.069721243022739543e+01 -8.917937975057643740e-01
8.169964028519335386e+01 -8.932838783414476680e+00
1.780214210148928800e+01 -7.651914005009393449e+00
1.713592146885814316e+01 -1.383876018604383251e+00
8.313537196122028661e+01 -7.529016299909709886e-01
1.570788351943881622e+01 -7.651794435004122263e+00
8.498829193090764988e+01 -8.985503334629942884e+00
8.561732912778914795e+01 -6.894354940278955013e-01
1.427995716483868449e+01 -1.383867697936710606e+00
1.361355308219540206e+01 -7.651802416287726061e+00
8.807628381691407071e+01 -6.899854157128260113e-01
8.835185009015586388e+01 -9.067897188768149874e+00
1.151917288219802771e+01 -7.651818414297165916e+00
1.142397160243157828e+01 -1.383871323572520851e+00
9.424778833060436511e+00 -7.651824705209584465e+00
9.045917305619593662e+01 -7.168837947433157609e-01
8.567979591949857365e+00 -1.383873163664936623e+00
9.174556261786571554e+01 -9.194469007564524787e+00
7.330382846408575404e+00 -7.651826028653668565e+00
9.276527107463179789e+01 -6.901751041751760241e-01
5.711986492750284583e+00 -1.383873706846293850e+00
5.235987472011224497e+00 -7.651825671477667790e+00
9.505003358735882557e+01 -9.382880413978748280e+00
9.509058678425313360e+01 -5.845348575620192833e-01
3.141592854154751535e+00 -7.651825577135258349e+00
2.855993251891888463e+00 -1.383873852076410671e+00
9.748280850954225230e+01 -4.755518163342049576e-01
9.802122430329703207e+01 -9.629857606580728202e+00
1.047197804869313131e+00 -7.651826082522553918e+00
9.990454284861384338e+01 -4.090679482866468319e-01
-2.351896455365931615e-12 -1.383873877171046374e+00
4.760636329592671245e-13 -1.403321903126197867e-13
3.055333763768430799e-13 -1.000000000000001421e+01
1.136868377216160297e-13 -9.999999999999946709e+00
2.131628207280300558e-14 -1.000000000000015454e+01
-7.105427357601001859e-15 3.197442310920450836e-14
1.136868377216160297e-13 1.259436999134777579e-12
-1.065814103640150279e-13 -2.726707748479384463e-13
-1.278976924368180335e-13 2.753353101070388220e-13
-1.989519660128280520e-13 -1.000000000000003020e+01
-3.481659405224490911e-13 -9.999999999999833022e+00
1.002208400823399330e+02 -9.881927541262488290e+00
-1.047197804869263393e+00 -7.651826082522722672e+00
1.023068634182929770e+02 -3.839197723200218348e-01
-2.855993251892591900e+00 -1.383873852077878830e+00
-3.141592854153046233e+00 -7.651825577132612466e+00
1.046558037016432934e+02 -3.751748137919594939e-01
-5.235987472008730492e+00 -7.651825671477919144e+00
-5.711986492750313005e+00 -1.383873706845406559e+00
1.069640582544270302e+02 -3.472375643780010179e-01
-7.330382846402876851e+00 -7.651826028656905976e+00
