5.140787986333346993e+01 -1.383873828993052779e+00
4.855188650486675783e+01 -1.383873892227946545e+00
5.426387314462665046e+01 -1.383873772238245703e+00
4.569589311174969737e+01 -1.383873887864527585e+00
5.711986640218197664e+01 -1.383873793478327840e+00
4.283989976531298538e+01 -1.383873825817389935e+00
5.997585972603303617e+01 -1.383873872556245832e+00
3.998390648735230002e+01 -1.383873781728824692e+00
6.283185313466563571e+01 -1.383873918488112587e+00
3.712791321972792247e+01 -1.383873803148168768e+00
6.568784655216123269e+01 -1.383873880100850773e+00
3.427191989973172781e+01 -1.383873857122328577e+00
6.854383990386443770e+01 -1.383873810664166371e+00
3.141592653347795405e+01 -1.383873877798635466e+00
7.139983321369007285e+01 -1.383873802372867168e+00
2.855993317978688850e+01 -1.383873847971608395e+00
7.425582657826127786e+01 -1.383873870788074889e+00
2.570393987251239309e+01 -1.383873812859234942e+00
7.711182004892292241e+01 -1.383873938815310733e+00
2.284794658223050234e+01 -1.383873815534180984e+00
7.996781357755097019e+01 -1.383873943537170970e+00
1.999195326165322939e+01 -1.383873840756296492e+00
8.282380710243839417e+01 -1.383873921364495274e+00
1.713595991315661848e+01 -1.383873835777241101e+00
4.821688985344563605e+01 -4.006002991604515273e+01
8.567980065578194626e+01 -1.383873948447458702e+00
1.427996660374352444e+01 -1.383873776334413552e+00
6.403013506254904996e+01 -3.952506605357854852e+01
8.853579433107493912e+01 -1.383874017837699810e+00
1.142397346824076720e+01 -1.383873722912970283e+00
3.278287500009541588e+01 -4.002992958989560890e+01
9.139178814646146520e+01 -1.383874046035251215e+00
8.567981020706255890e+00 -1.383874178720206682e+00
7.943085718794692696e+01 -3.810200891511490795e+01
9.424778202103829017e+01 -1.383874027293223286e+00
5.711994827920925388e+00 -1.383883846380927540e+00
9.710377595001509121e+01 -1.383874101365734521e+00
2.856576036895447146e+00 -1.384407228557086977e+00
1.764471275656180893e+01 -3.976719230597159083e+01
4.391063310126668284e-01 -1.086711321468917912e+00
9.649100716821124024e-03 -2.156953386570509501e+00
9.995977013914733789e+01 -1.383874363206076374e+00
8.843057628382666735e-07 4.206446222454474082e-07
1.243449787580175325e-12 1.115552095143357292e-12
-6.259881502046482638e-12 4.089173444299376570e-12
-8.843020111726218602e-07 -4.206493553482459902e-07
-1.276049118814626127e-04 5.043262370660883676e-04
-4.961241156457703028e-01 7.600232059625637859e-01
-1.151806638898250412e+00 -2.843595818635894723e+00
-9.563384370846677029e-01 1.337952718695627041e+00
-1.499233110807089986e+00 1.792206318884119298e+00
-2.163452284800449377e+00 -2.983171031119920880e+00
-2.080099911073588714e+00 2.051234155069453280e+00
-2.887653234792132650e+00 -2.854786536847250478e+00
1.028157648191696580e+02 -1.383874633645690633e+00
-2.615780330199036996e+00 2.149936500490461810e+00
-2.855993166015707629e+00 1.383875425856241570e+00
-3.387875941669690860e+00 -2.642237968558267536e+00
-3.066421808780127378e+00 2.148875062418984072e+00
-3.738383537063498352e+00 -2.419460420352128605e+00
-3.425140182398351385e+00 2.088334748000696628e+00
-3.990400347084879229e+00 -2.212250913424057330e+00
9.416285570645543146e+01 -3.627148212650558179e+01
-3.706190692665707331e+00 1.995260061045534883e+00
-4.176296390917606516e+00 -2.027628923508308034e+00
-3.926393678230162720e+00 1.888574303130491572e+00
-4.316603564260155679e+00 -1.865658483639117460e+00
-4.099828345107717098e+00 1.779525808189204916e+00
-4.424677868583898999e+00 -1.724108795292349949e+00
-4.509479560599437775e+00 -1.600220522667528122e+00
-4.237535623206809987e+00 1.674060396810436835e+00
-4.577487143272165326e+00 -1.491606231719282860e+00
-4.347942164634432061e+00 1.574987636670414304e+00
-4.631594981914631148e+00 -1.396194440251333102e+00
-4.676142099456981782e+00 -1.310774735934098878e+00
-4.437455841928418465e+00 1.483405587675383330e+00
-4.712934211895714043e+00 -1.236327780493303496e+00
-4.750258572312986871e+00 -1.162107195860490272e+00
-4.511078611018838558e+00 1.398777822992043340e+00
-4.780688145565505920e+00 -1.095183246080186468e+00
-4.571202032237884794e+00 1.321716455159809733e+00
-4.620912338004714570e+00 1.250668860353938427e+00
-4.856349439942761137e+00 -9.900326060390325367e-01
-4.663087318662654468e+00 1.189743112730415220e+00
-4.879653927925893697e+00 -8.762470357608389548e-01
-4.699755910699799699e+00 1.115140530355533066e+00
-4.901549282691675558e+00 -1.037041903220306871e+00
-4.723681181858289335e+00 1.048785602309183496e+00
-4.923216294200351228e+00 -7.469241234792143302e-01
-4.771784639072151890e+00 9.380086234401678880e-01
-4.918796647183775406e+00 -3.567887810957186545e-01
-4.814100223646072152e+00 8.421199064828694958e-01
-4.952445836877821250e+00 -5.855934763247203634e-01
-4.858061269805205029e+00 7.225253199103152113e-01
-4.925781831999657356e+00 3.124361275657445702e-01
-4.908961585550912332e+00 5.770687198467818746e-01
-4.989421789222681980e+00 9.359747649309024808e-02
-5.061762918449105086e+00 -7.562247111587874215e-01
-4.999996748171703587e+00 -3.447775646314710229e-06
-5.045791676347718635e+00 -2.707974505027337386e-01
