5.140787991570321225e+01 -1.383873925314929476e+00
4.855188644064504189e+01 -1.383873982238475797e+00
5.426387325333674028e+01 -1.383873767201677207e+00
4.569589300161742784e+01 -1.383873869510067411e+00
5.711986644469466512e+01 -1.383873694065176796e+00
4.283989973291394904e+01 -1.383873717667651881e+00
5.997585965534561581e+01 -1.383873791553849042e+00
3.998390657109067803e+01 -1.383873703866245641e+00
6.283185303155021018e+01 -1.383873946963377399e+00
3.712791332824525625e+01 -1.383873844214274396e+00
6.568784653334611789e+01 -1.383873984936112134e+00
3.427191991156730921e+01 -1.383873974524106210e+00
6.854383998999779237e+01 -1.383873872627786383e+00
3.141592643188877432e+01 -1.383873942268579071e+00
7.139983330639350356e+01 -1.383873751481386360e+00
2.855993307399725367e+01 -1.383873785038918225e+00
7.425582657217125870e+01 -1.383873765516235643e+00
2.570393988041913858e+01 -1.383873686624482069e+00
7.711181995146665713e+01 -1.383873899246728545e+00
2.284794670160727392e+01 -1.383873762084184111e+00
7.996781350021679202e+01 -1.383874014490040771e+00
1.999195337076839962e+01 -1.383873923189395949e+00
8.282380713343252410e+01 -1.383874021428280532e+00
1.713595989887157600e+01 -1.383873981574922585e+00
4.915133998238290758e+01 -3.869026528384240038e+01
8.567980075932530326e+01 -1.383873963146474928e+00
1.427996646181733809e+01 -1.383873868973684029e+00
6.492173811345028867e+01 -3.831936706742749976e+01
3.334910920778148835e+01 -3.872005488453521593e+01
8.853579438845761729e+01 -1.383873930586616563e+00
1.142397319477044704e+01 -1.383873717039168838e+00
9.139178809204683773e+01 -1.383873957038678881e+00
8.567980034135317169e+00 -1.383873703404616240e+00
8.014895028980258473e+01 -3.745715728740791661e+01
9.424778191747662959e+01 -1.383874038642288973e+00
5.711986791890900861e+00 -1.383873844006651144e+00
1.763478780702442350e+01 -3.869891722886539753e+01
9.710377591631609562e+01 -1.383874199862578092e+00
2.855993375433889980e+00 -1.383873974465398060e+00
9.995977021388783612e+01 -1.383874435593424490e+00
-1.041293629100437101e-07 -1.383873942261348855e+00
3.979039320256561041e-13 3.756994715331529733e-13
2.629008122312370688e-13 -3.677058657558518462e-13
1.563194018672220409e-13 -1.391775583670096239e-12
1.136868377216160297e-13 2.664535259100375697e-14
4.263256414560601115e-14 -8.881784197001252323e-16
2.131628207280300558e-14 0.000000000000000000e+00
-7.815970093361102045e-14 7.904787935331114568e-14
-2.131628207280300558e-13 -1.181277298201166559e-13
-4.476419235288631171e-13 5.595524044110788964e-14
-9.023892744153272361e-13 1.348254841104790103e-12
1.028157649163088507e+02 -1.383874596618293484e+00
-2.855993461952053281e+00 -1.383873785009323232e+00
9.466364231417095709e+01 -3.613279005156496737e+01
1.056717599024752730e+02 -1.383874494963667434e+00
-5.711986655491607223e+00 -1.383873686596882369e+00
1.085277548774648011e+02 -1.383874242742307636e+00
-8.567979834299066511e+00 -1.383873762066858415e+00
1.932416640877100633e+00 -3.870194255080981094e+01
1.113837498436886619e+02 -1.383874349490264333e+00
-1.142397316513662275e+01 -1.383873923174572251e+00
1.142397454591798009e+02 -1.383875177450613947e+00
-1.427996663703422087e+01 -1.383873981570467482e+00
1.089212068746723787e+02 -3.426363617901151315e+01
1.170957425525782583e+02 -1.383876240556577653e+00
-1.713596007408081334e+01 -1.383873868973742649e+00
6.108730090622485420e+01 -7.179124065050039860e+01
1.199517410427816202e+02 -1.383876428659364333e+00
-1.999195334112674516e+01 -1.383873717035843054e+00
-1.378047412996048138e+01 -3.869993404005261084e+01
1.228077396717504826e+02 -1.383875389749647855e+00
-2.284794650177046549e+01 -1.383873703407282552e+00
1.256637374669819422e+02 -1.383874525896165775e+00
-2.570393974402927029e+01 -1.383873844027588174e+00
1.234065832721037026e+02 -3.206514067983209770e+01
1.285197356048168444e+02 -1.383875812452644460e+00
-2.855993316051764452e+01 -1.383873974496166337e+00
1.313757369915312267e+02 -1.383879114024008317e+00
-3.141592664015904290e+01 -1.383873942274949531e+00
1.342317430372973774e+02 -1.383881338960718299e+00
-3.427191999808896128e+01 -1.383873785072881724e+00
-2.947325183427270190e+01 -3.869720634010862881e+01
1.370877511404420659e+02 -1.383879629777456710e+00
-3.712791319186032979e+01 -1.383873686813596571e+00
1.399437570073532697e+02 -1.383875714753014741e+00
-3.998390637125335445e+01 -1.383873762539750807e+00
1.382027913287288925e+02 -2.983391465647695995e+01
1.427997605855763652e+02 -1.383875472455474931e+00
-4.283989970327299091e+01 -1.383873923815776230e+00
1.456557684535144688e+02 -1.383882190443771698e+00
-4.569589317682901708e+01 -1.383873982115761958e+00
1.485117876263071253e+02 -1.383890687113889406e+00
-4.855188661586100807e+01 -1.383873869648726274e+00
-4.517905130208910691e+01 -3.876584283791994068e+01
1.513678161293705102e+02 -1.383891259861274925e+00
-5.140787988608042269e+01 -1.383873719172258987e+00
1.542238427640160126e+02 -1.383881794552682010e+00
-5.426387305351549628e+01 -1.383873708532204372e+00
1.532243550047959388e+02 -2.768766111359506610e+01
1.570798600866385755e+02 -1.383873912076664769e+00
