5.140788070998307546e+01 -1.383879567941918687e+00
4.855188163787736499e+01 -1.383877048718858305e+00
5.426387871598232948e+01 -1.383875388682130669e+00
4.569588821715392157e+01 -1.383870774649117230e+00
5.711987018888888201e+01 -1.383869398705749099e+00
4.283990056050844686e+01 -1.383868079931893647e+00
5.997585730359583778e+01 -1.383868601341235127e+00
3.998391204317186265e+01 -1.383872114622094252e+00
6.283184733336780425e+01 -1.383873930069749125e+00
3.712791704708151741e+01 -1.383878161647674965e+00
6.568784415087786499e+01 -1.383879161221441834e+00
3.427191752909911315e+01 -1.383879150809347536e+00
6.854384370883427380e+01 -1.383878190061371694e+00
3.141592073370641103e+01 -1.383873925374823344e+00
7.139983877847508609e+01 -1.383872162237125281e+00
2.855993072224748275e+01 -1.383868594826103582e+00
7.425582739976528046e+01 -1.383868127780055524e+00
2.570394362461350823e+01 -1.383869391264847426e+00
5.101138354141437503e+01 -2.954846145318355966e+01
7.711181516700344218e+01 -1.383870804386486686e+00
2.284795216425299813e+01 -1.383875383564587835e+00
3.530427975057394718e+01 -2.954975503621481892e+01
6.671140285932514757e+01 -2.954747784772947128e+01
7.996780869744857512e+01 -1.383877080969135420e+00
1.999195416504904443e+01 -1.383879565816742652e+00
8.282380792771259337e+01 -1.383879664055455372e+00
1.713595509610466650e+01 -1.383877048056133763e+00
8.567980622197043772e+01 -1.383875584625519295e+00
1.427996167735344102e+01 -1.383870774111722213e+00
8.853579813265854170e+01 -1.383869635216590233e+00
1.142397402236213821e+01 -1.383868079300830445e+00
1.959614533389490632e+01 -2.954991315805315111e+01
8.238964259840331295e+01 -2.956114953061345219e+01
9.139178574030481172e+01 -1.383868766836496178e+00
8.567985506217482339e+00 -1.383872114166219802e+00
9.424777621927162841e+01 -1.383874021774606611e+00
5.711990510722174008e+00 -1.383878161434938470e+00
9.710377353379249143e+01 -1.383879376109259152e+00
2.855990992972500919e+00 -1.383879150784719236e+00
9.995977393281816603e+01 -1.383878752921757549e+00
-5.802293927104074100e-06 -1.383873925314409448e+00
3.765876499528530985e-13 -9.263700917472306173e-13
3.552713678800500929e-13 1.794120407794252969e-13
3.055333763768430799e-13 2.042810365310288034e-14
2.060573933704290539e-13 -7.283063041541026905e-14
7.105427357601001859e-14 -1.003641614261141513e-13
7.105427357601001859e-14 6.217248937900876626e-14
-1.278976924368180335e-13 -1.376676550535194110e-13
-1.634248292248230428e-13 -2.753353101070388220e-14
4.263256414560601115e-14 2.203570659276010701e-12
-1.548983163957018405e-12 -6.306066779870889150e-14
3.888187015451286754e+00 -2.954988137601570131e+01
1.028157703883623810e+02 -1.383873007593169557e+00
-2.855995813745423106e+00 -1.383868594809639418e+00
9.801820972377697672e+01 -2.964110985165389067e+01
1.056717607299430455e+02 -1.383868857125726493e+00
-5.711982911297589283e+00 -1.383869391258161219e+00
1.085277500928458210e+02 -1.383871147792486322e+00
-8.567974371665023625e+00 -1.383875383556431249e+00
1.113837450411108989e+02 -1.383877415505029074e+00
-1.142397237085899064e+01 -1.383879565823590063e+00
1.142397462538607584e+02 -1.383880820298471370e+00
-1.427997143980130090e+01 -1.383877048062755577e+00
-1.181979060499271128e+01 -2.954988794317086231e+01
1.170957480154681889e+02 -1.383877861825349331e+00
-1.713596485854259299e+01 -1.383870774119240199e+00
1.135304230796179041e+02 -2.993578174804365943e+01
1.199517447870838538e+02 -1.383872133598687881e+00
-1.999195251353246761e+01 -1.383868079304173992e+00
1.228077373194934694e+02 -1.383870199797031297e+00
-2.284794102969075880e+01 -1.383872114165257017e+00
1.256637317687494431e+02 -1.383874508507026757e+00
-2.570393602519347098e+01 -1.383878161463653722e+00
1.285197332224765603e+02 -1.383880988625010300e+00
-2.855993554298561321e+01 -1.383879150779478540e+00
-2.752767134461464593e+01 -2.954986539044737626e+01
1.313757407098692056e+02 -1.383883430399935222e+00
-3.141593233834579735e+01 -1.383873925376164937e+00
1.285690638274856497e+02 -3.085226571625213765e+01
1.342317485096122027e+02 -1.383879748683565225e+00
-3.427192234984242702e+01 -1.383868594857323053e+00
1.370877519688078792e+02 -1.383873991115607716e+00
-3.712790944766634027e+01 -1.383869391454164877e+00
1.399437522234681239e+02 -1.383872619501766543e+00
-3.998390090860857526e+01 -1.383875384016179932e+00
1.427997557791411509e+02 -1.383878538849472317e+00
-4.283989890899358954e+01 -1.383879566448522613e+00
1.411839907464471366e+02 -3.178985208090359649e+01
1.456557692502503301e+02 -1.383887827949549454e+00
-4.569589797958637689e+01 -1.383877048587537129e+00
-4.323564126109017991e+01 -2.955049130284654169e+01
1.485117930917785998e+02 -1.383892312896831456e+00
-4.855189140032666728e+01 -1.383870774793468872e+00
1.513678198685114467e+02 -1.383886966341103530e+00
-5.140787905846433148e+01 -1.383868081434892705e+00
1.542238404006185988e+02 -1.383876594846895625e+00
-5.426386758141130429e+01 -1.383872119287239855e+00
1.536188433033931346e+02 -2.908233553630951818e+01
1.570798544168471835e+02 -1.383873903287348828e+00
-5.711986258949114870e+01 -1.383878168898114769e+00
