5.247866047827058367e+01 -4.889482414193141224e+00
5.134156387613280970e+01 -1.498454169603804509e+00
4.844435980915409345e+01 -1.366277868405862073e+00
5.435933878242863670e+01 -1.466930666866374633e+00
4.566036052946500945e+01 -1.293335475987464012e+00
4.289771830285997822e+01 -1.303677227779934888e+00
5.721496874102965080e+01 -1.340159753538578080e+00
4.009729511296620075e+01 -1.396990793987366697e+00
5.998778789313374205e+01 -1.288150676467516575e+00
3.676911315683329917e+01 -4.887905413103211139e+00
6.275373273727286971e+01 -1.319337979146498530e+00
3.715202368912247266e+01 -1.517771769047449926e+00
6.557753443245955793e+01 -1.431525819160334390e+00
3.416160780992071722e+01 -1.431525810173596813e+00
6.818504003991205309e+01 -4.887905486165451840e+00
6.856795034868878247e+01 -1.517771802901826561e+00
3.133780613769641121e+01 -1.319337972968303685e+00
2.857186131316362676e+01 -1.288150670325965752e+00
7.151322185617217997e+01 -1.396990838390185008e+00
2.579904217629532326e+01 -1.340159747245477817e+00
7.431364513707416108e+01 -1.303677267480817026e+00
2.294341222999729268e+01 -1.466930661042352035e+00
7.707628747112929091e+01 -1.293335511576197305e+00
2.106273390403800860e+01 -4.889482399701621240e+00
7.986028687605714538e+01 -1.366277905352118793e+00
1.992563733157016159e+01 -1.498454167653553881e+00
8.275749107916161051e+01 -1.498454261700952195e+00
1.702843326724904927e+01 -1.366277867681923386e+00
8.389458897633656420e+01 -4.889482648018584676e+00
1.424443398977270192e+01 -1.293335475387121125e+00
8.577526632166532750e+01 -1.466930883506185612e+00
1.148179176475195362e+01 -1.303677227248118964e+00
8.863089669405667337e+01 -1.340159945458819113e+00
8.681368575935636045e+00 -1.396990793532512765e+00
9.140371628216028910e+01 -1.288150834459279803e+00
9.416966162018593423e+01 -1.319338116370726066e+00
5.736097152798770082e+00 -1.517771768807912203e+00
5.353186619108754485e+00 -4.887905411738593386e+00
9.699346383622034296e+01 -1.431526009220125406e+00
2.745681273798119548e+00 -1.431525810127494136e+00
9.960097482115304501e+01 -4.887905937653854949e+00
9.998388055167677635e+01 -1.517772476953985539e+00
-7.812039832982264898e-02 -1.319337972924801594e+00
3.836930773104541004e-13 -4.201083925181592349e-13
3.765876499528530985e-13 -6.483702463810914196e-14
4.334310688136611134e-13 6.679101716144941747e-13
1.634248292248230428e-13 -1.154631945610162802e-14
1.207922650792170316e-13 -2.637889906509371940e-13
7.815970093361102045e-14 -5.595524044110788964e-14
7.105427357601001859e-15 3.552713678800500929e-15
-5.684341886080801487e-14 1.971756091734278016e-13
-3.197442310920450836e-13 -5.062616992290713824e-14
-1.136868377216160297e-12 -6.927791673660976812e-14
-2.844065222798349168e+00 -1.288150670306511536e+00
1.029291536092427606e+02 -1.396991596017008508e+00
-5.616884359639229274e+00 -1.340159747225288633e+00
1.057295783551926576e+02 -1.303677855486878201e+00
-8.472514305933515288e+00 -1.466930661050985130e+00
1.084922222562229308e+02 -1.293335968285707072e+00
-1.035319263180578275e+01 -4.889482399653389599e+00
1.112762233347045111e+02 -1.366278330005172403e+00
-1.149028920434012235e+01 -1.498454167666344983e+00
1.141734292438658400e+02 -1.498455383931094786e+00
-1.438749326865807632e+01 -1.366277867680623981e+00
1.153105435635021223e+02 -4.889483021698149301e+00
-1.717149254613002540e+01 -1.293335475390936296e+00
1.171912085606421527e+02 -1.466933354889308649e+00
-1.993413477114876287e+01 -1.303677227246676118e+00
1.200468433982819647e+02 -1.340161883974818391e+00
-2.273455795997607254e+01 -1.396990793534272246e+00
1.228196672831390259e+02 -1.288152224113521260e+00
1.255856171481333092e+02 -1.319339140333082305e+00
-2.567982938312317742e+01 -1.517771768821608802e+00
-2.606273991684642510e+01 -4.887905411663131972e+00
1.284094237892432773e+02 -1.431527413887508704e+00
-2.867024526217079483e+01 -1.431525810143848165e+00
1.310169835170529211e+02 -4.887904051796170712e+00
1.313998472510296551e+02 -1.517778121820651194e+00
-3.149404693434863134e+01 -1.319337972964441441e+00
-3.425999175892594906e+01 -1.288150670363477523e+00
1.343451329194713537e+02 -1.396997426426788369e+00
-3.703281089597903986e+01 -1.340159747406874047e+00
1.371455684927462357e+02 -1.303681828292476030e+00
-3.988844084279480739e+01 -1.466930661548369041e+00
1.399082232222218636e+02 -1.293338513934790601e+00
-4.176911916773168798e+01 -4.889482395574618501e+00
1.426922351063788028e+02 -1.366280247466557629e+00
-4.290621574263843740e+01 -1.498454168255141994e+00
1.455894512177562206e+02 -1.498462066010538329e+00
-4.580341980834290894e+01 -1.366277868092760084e+00
1.467266842542834695e+02 -4.889472734303639712e+00
-4.858741908785439989e+01 -1.293335476157639441e+00
1.486072568064815869e+02 -1.466948894072374276e+00
-5.135006131620377801e+01 -1.303677229179054375e+00
1.514629185153836772e+02 -1.340172793320149047e+00
-5.415048451089062098e+01 -1.396990798508080278e+00
1.542357663329676711e+02 -1.288158652528758719e+00
1.570017398934407424e+02 -1.319342320154926362e+00
-5.709575594838382528e+01 -1.517771778184326958e+00
-5.747866644309470985e+01 -4.887905361568232188e+00
