4.962408536191536967e+01 -7.773371508681616859e-01
5.201073926161714667e+01 -6.680524265742722179e-01
4.731487954620256886e+01 -8.334978195565945214e-01
5.446817136007635440e+01 -5.896846598803833217e-01
4.497259351338955469e+01 -7.942745606047703077e-01
5.694570196674107621e+01 -5.643351887292693547e-01
4.253330450259102946e+01 -7.479507684702344505e-01
5.939855088219708534e+01 -5.844193222586744341e-01
4.003641703832876431e+01 -7.605179211276453799e-01
6.179138912853380106e+01 -6.192796291094397887e-01
3.753289977518486609e+01 -8.562437919584660051e-01
6.413510706473850576e+01 -6.130014759557855797e-01
3.509412841363620572e+01 -1.052299962496571872e+00
6.650189387622930326e+01 -5.519942413051053265e-01
3.285607371451320091e+01 -1.254176704004643650e+00
6.892872396731056028e+01 -4.869162851923620750e-01
3.066227713282547285e+01 -1.190750982581987305e+00
7.139151108884925634e+01 -4.536915656771363103e-01
2.823185974900850326e+01 -1.063283082697203508e+00
7.385127431675010712e+01 -4.574603509139869573e-01
2.567532579050227426e+01 -1.050996758107245022e+00
7.627266206343946919e+01 -4.843795190793489525e-01
2.305379786021063282e+01 -1.173000782053879476e+00
7.864382766814236447e+01 -4.993360372195683183e-01
2.029453706501357502e+01 -1.508996827497133264e+00
1.899374998338302589e+01 -3.082783788450968565e+00
8.100458933803807327e+01 -4.718016585701469978e-01
1.702279186100296471e+01 -1.507084920097392811e+00
8.340660158615375508e+01 -4.209556277706800742e-01
1.422196388156557845e+01 -1.359348173992218634e+00
8.585272820844417652e+01 -3.836892065408692432e-01
8.831321643788484721e+01 -3.751910834101419567e-01
1.142756193773570317e+01 -1.361228407811421182e+00
9.854423731279695176e+00 -6.642032274908154399e+00
9.075326461935406996e+01 -3.919151013263926231e-01
8.573252897821312501e+00 -1.384849677495195497e+00
9.314941614827947092e+01 -4.135838219892562506e-01
5.711711879530980696e+00 -1.384295508613773595e+00
9.551505679334610477e+01 -4.095486514918533771e-01
3.813089019035245997e+00 -7.750183978944464869e+00
2.855997080256649667e+00 -1.383868189358701262e+00
3.106015711532911894e+00 -1.446071432849399052e+01
3.227411911298233349e+00 -1.505470096108554756e+01
2.981741437790127236e+00 -1.388720203896992444e+01
3.347086880170465406e+00 -1.566953912499107560e+01
2.850459836496902710e+00 -1.333391528828242301e+01
3.464594163145001460e+00 -1.630435523351632554e+01
2.411152492425920002e+00 -1.048633388230495100e+01
2.468499037115847727e+00 -1.098705538245140190e+01
2.346946104874753303e+00 -9.992232553493991531e+00
2.510409509410322926e+00 -1.149648068632266984e+01
2.278337991548369246e+00 -9.502580091928573225e+00
3.577978682894261908e+00 -1.695537981715214926e+01
2.697220540767702346e+00 -1.280570011474334891e+01
2.205461750951023703e+00 -9.015473604547789677e+00
2.126971932847659730e+00 -8.529776113751612598e+00
3.683336452043469933e+00 -1.761289191911325958e+01
2.489292959391775639e+00 -1.200314149479855885e+01
2.041003336367985810e+00 -8.046009174499813454e+00
3.774118405715249480e+00 -1.825503724970823782e+01
9.789824581194520192e+01 -3.749977533197537127e-01
1.947091236484432386e+00 -7.566230556551360564e+00
3.841214512573237982e+00 -1.883583756468692272e+01
1.846848559634842957e+00 -7.091835987366199134e+00
3.877386358306146974e+00 -1.926866850573727064e+01
1.741899383721573713e+00 -6.621823543913778032e+00
1.633519537479394046e+00 -6.149794213219641037e+00
1.540273331549833813e+00 -5.679299166707871827e+00
1.439723901029999809e+00 -5.223995712284169812e+00
1.334273112371029413e+00 -4.766505933997989608e+00
1.228319600535002110e+00 -4.308038206090008870e+00
1.122287195742501353e+00 -3.849430616629061497e+00
1.016197009050770816e+00 -3.391126101239757773e+00
9.101466141319178860e-01 -2.933828990094209832e+00
8.046753992587767357e-01 -2.479198775251131526e+00
5.033740702254334565e+00 -2.514263075014297755e+01
5.158087617557939097e+00 -2.559298819346973630e+01
7.012827271508967897e-01 -2.031345505217635239e+00
5.362331009980842111e+00 -2.639151366571308444e+01
6.005406237481381027e-01 -1.600477299197666348e+00
4.879453472061499042e-01 -1.200010242176695385e+00
5.608106649548339817e+00 -2.742919010524561330e+01
3.393148476854435103e-01 -8.120908128517179136e-01
1.660112697277753568e-01 -4.193624672087068461e-01
5.874833637377108175e+00 -2.863078479480210703e+01
-3.744593846022326034e-05 -3.488190965139637001e-05
6.150555091873378899e+00 -2.994400824582014309e+01
1.003249790879657724e+02 -3.378489849087138452e-01
-2.923887679845975640e-01 4.252155453948294195e-01
-3.487180788241701634e-01 7.496850449264647054e-01
-4.546635785424584242e-01 1.255994310706211259e+00
6.425636576774039099e+00 -3.132294766926201746e+01
-6.311243876643217732e-01 1.785510844667098418e+00
-7.567824281895596528e-01 2.414094426518259340e+00
6.690257753162640597e+00 -3.271701650866093303e+01
-8.392958819364295664e-01 2.958874413266555869e+00
-1.069247339922064555e+00 1.875569447633624875e+00
-9.404143196167282781e-01 3.502404135799885410e+00
-1.027244819811542698e+00 4.030721987867206479e+00
6.933798348097695907e+00 -3.406486495815920534e+01
