5.222243171680145934e+01 -3.700208830889621492e+00
4.975306407359315131e+01 -8.115979267794543262e+00
5.140515826748625727e+01 -1.578762924168968240e+00
4.845829746347271083e+01 -1.404236514550600390e+00
5.229395354828844944e+01 -8.204306151968539851e+00
4.732047792020525634e+01 -8.061880513462654108e+00
4.566082583956819718e+01 -1.339290958240253904e+00
5.449470515212266264e+01 -1.367158866616509982e+00
4.497326250708299256e+01 -7.971622886906694738e+00
5.486947782773437154e+01 -8.395303330739226411e+00
4.269262645616679919e+01 -7.812267193536534649e+00
4.285704882893060841e+01 -1.350145742216354083e+00
5.720916005642698110e+01 -1.154163109261843179e+00
5.742750339412739180e+01 -8.641163913517823758e+00
4.052773507929095587e+01 -7.533914302253784001e+00
5.980140476006586425e+01 -1.103349514508485729e+00
4.000967346181663942e+01 -1.387043688877428238e+00
5.999959406188949629e+01 -8.950241424580656968e+00
3.873339193980056194e+01 -7.295041655886969956e+00
6.225877229880247654e+01 -1.229478912527834034e+00
6.250451789865481800e+01 -9.557780811813184840e+00
3.713038953238967110e+01 -1.400386884921045461e+00
3.687773632393077605e+01 -7.535660332403267603e+00
6.436020179745956682e+01 -1.396524561067513659e+00
3.471260615587678444e+01 -7.732930665834182093e+00
3.426295201306963634e+01 -1.387664317959452553e+00
6.643992218222584256e+01 -1.152188790224765835e+00
6.672759322774683710e+01 -9.319208944117271187e+00
3.244965138143791705e+01 -7.794467051009032588e+00
3.141281475854155758e+01 -1.379798959437546824e+00
6.884678438082465846e+01 -9.287103853543943188e-01
3.027940987027502828e+01 -7.638560317695560542e+00
6.952179436226974474e+01 -9.085621868980075178e+00
7.133694636209484941e+01 -8.617543637385525201e-01
2.856134066279641459e+01 -1.381966862951415909e+00
2.827259502959600468e+01 -7.614981179563207192e+00
7.241384105568518237e+01 -8.983159647432589878e+00
2.619112389812624286e+01 -7.643784927173378207e+00
7.381107084069157054e+01 -9.098107900874907727e-01
2.570486868086340237e+01 -1.384124052118981485e+00
7.540335854180911213e+01 -8.929068952957729621e+00
2.409053227303469669e+01 -7.652863908561978512e+00
7.617748211733639607e+01 -1.028341457849564211e+00
2.284802856727053921e+01 -1.384218851138618422e+00
2.199210051240881469e+01 -7.653367909891297671e+00
7.839858421325331506e+01 -1.045815066936822912e+00
7.850050309088533140e+01 -8.911903567636548118e+00
1.989655830870170661e+01 -7.652431072504265686e+00
1.999187411050862551e+01 -1.383965782998138661e+00
8.069721243022802071e+01 -8.917937975018457308e-01
8.169964028519004273e+01 -8.932838783433618701e+00
1.780214210148508869e+01 -7.651914004999676777e+00
1.713592146885976319e+01 -1.383876018604422775e+00
8.313537196122095452e+01 -7.529016299880648688e-01
1.570788351943906491e+01 -7.651794435006888051e+00
8.498829193092410605e+01 -8.985503334646535833e+00
8.561732912778927584e+01 -6.894354940262807929e-01
1.427995716483847843e+01 -1.383867697938485186e+00
1.361355308218176674e+01 -7.651802416281629604e+00
8.807628381691156960e+01 -6.899854157132070398e-01
8.835185009018951519e+01 -9.067897188765787320e+00
1.151917288220583657e+01 -7.651818414274062619e+00
1.142397160243095300e+01 -1.383871323574402457e+00
9.424778833085099450e+00 -7.651824705211660138e+00
9.045917305619346394e+01 -7.168837947431727642e-01
8.567979591948628126e+00 -1.383873163663476458e+00
9.174556261788413281e+01 -9.194469007546469896e+00
7.330382846412049958e+00 -7.651826028673934132e+00
9.276527107463050470e+01 -6.901751041726580382e-01
5.711986492749190347e+00 -1.383873706843960161e+00
5.235987472001163212e+00 -7.651825671482511027e+00
9.505003358737943131e+01 -9.382880413981521173e+00
9.509058678425623157e+01 -5.845348575596380769e-01
3.141592854152833070e+00 -7.651825577131712741e+00
2.855993251891526086e+00 -1.383873852074776423e+00
9.748280850954304810e+01 -4.755518163472594040e-01
9.802122430328418545e+01 -9.629857606554452332e+00
1.047197804870663163e+00 -7.651826082523339068e+00
9.990454284861675660e+01 -4.090679482876540263e-01
-2.415845301584340632e-12 -1.383873877170659572e+00
1.044497821567347273e-12 2.540190280342358164e-13
4.121147867408581078e-13 1.572075802869221661e-13
3.055333763768430799e-13 -9.999999999999946709e+00
1.563194018672220409e-13 -9.999999999999815259e+00
-8.526512829121202230e-14 -4.467537451091629919e-13
-4.973799150320701301e-14 -1.000000000000020250e+01
-2.273736754432320595e-13 -1.000000000000003197e+01
-2.557953848736360669e-13 1.101341240428155288e-13
-3.694822225952520967e-13 -1.000000000000010303e+01
-4.760636329592671245e-13 7.114309141798003111e-13
1.002208400823472800e+02 -9.881927541256489533e+00
-1.047197804869014703e+00 -7.651826082523210282e+00
1.023068634183117638e+02 -3.839197723279053065e-01
-2.855993251892051887e+00 -1.383873852075050870e+00
-3.141592854154197312e+00 -7.651825577135506151e+00
1.046558037016490914e+02 -3.751748137940804639e-01
-5.235987472010243948e+00 -7.651825671475098289e+00
-5.711986492750916966e+00 -1.383873706844750195e+00
1.069640582544334393e+02 -3.472375643747822593e-01
-7.330382846394343233e+00 -7.651826028655206002e+00
