5.129963644859574146e+01 -1.320878762322996725e+00
4.855673970220771452e+01 -1.291094445577792627e+00
5.409425910597691001e+01 -1.511272092228555408e+00
4.576984190208287373e+01 -1.358208283487755352e+00
5.604297609883312248e+01 -3.237372959383544746e+00
4.285574375694871918e+01 -5.771930415775425871e+00
4.287266840665370893e+01 -1.439269473071059569e+00
5.735403687608332746e+01 -1.557744295178853822e+00
3.995103168234589930e+01 -1.411571881072872348e+00
6.016134552221430454e+01 -1.260250452616421768e+00
3.710547508005637241e+01 -1.368660923046134403e+00
6.283582297639863157e+01 -1.160802977111904610e+00
6.547319042789122534e+01 -1.202368482168723940e+00
3.427724833953704575e+01 -1.367290552539395687e+00
6.805419371517670868e+01 -1.447645046784063805e+00
3.142673375187475671e+01 -1.384730840059307688e+00
3.110761709360508576e+01 -8.898727669342788360e+00
7.008449051270115149e+01 -1.908560762180314452e+00
2.856062229382630235e+01 -1.389981336788936872e+00
7.201866605683417788e+01 -1.451178589909860595e+00
2.570093488707352591e+01 -1.384787357023932852e+00
7.455892678563711229e+01 -1.128966079538062495e+00
2.284730335700828974e+01 -1.382582520118478264e+00
7.714372687173985810e+01 -1.021967246449509759e+00
2.121624063211727318e+01 -1.178050734140413525e+01
7.971176523712831852e+01 -1.045327960893188024e+00
1.999242800117094987e+01 -1.383550018222851286e+00
2.704263818924982843e+01 -2.529239425954211740e+01
2.587320908843395273e+01 -2.396666518579833038e+01
2.821471221311942301e+01 -2.664211299301764058e+01
2.470753010348367695e+01 -2.265809032220772679e+01
2.938346197280296224e+01 -2.802696703422206070e+01
2.354460511295238234e+01 -2.136187084067072206e+01
3.052557338130566578e+01 -2.946987467492237656e+01
2.238178761159608143e+01 -2.007422143117072011e+01
2.121379315456162473e+01 -1.879172722800154816e+01
3.147430985499529754e+01 -3.103116089656737131e+01
3.370263781133863290e+01 -3.302267927927460534e+01
8.220311929865783895e+01 -1.203584393368717809e+00
2.002956333206160267e+01 -1.751097987082035701e+01
3.521866192794153960e+01 -3.430070249031975038e+01
1.713608181865308921e+01 -1.384017195451729521e+00
1.880593544127208716e+01 -1.622710198384618963e+01
3.671912203943072939e+01 -3.569793432797136745e+01
1.751532516914396354e+01 -1.490125980242240011e+01
3.823906659282977927e+01 -3.716991213973481933e+01
8.442535170770287323e+01 -1.409039199450135449e+00
1.635485687126525534e+01 -1.348593526152784783e+01
3.979133361467298613e+01 -3.870909949183990761e+01
1.535941947843276978e+01 -1.231025219210537003e+01
1.427993293417942056e+01 -1.383907340177633838e+00
1.425274472874917109e+01 -1.130916782308597490e+01
4.138012770426082199e+01 -4.031429742196542776e+01
8.654556753166149008e+01 -1.250515148220731731e+00
1.306460917395470034e+01 -1.029747086679480184e+01
4.300235537756305604e+01 -4.198376761905772980e+01
1.186631853919963220e+01 -9.266852761276567207e+00
1.142396711781076846e+01 -1.383868109404373214e+00
4.464461209880974479e+01 -4.371010592451576571e+01
8.896355285802181356e+01 -1.011105330039278716e+00
1.066904871550108425e+01 -8.231236478211389596e+00
9.472646107056178266e+00 -7.194735660539445021e+00
4.627574660510686755e+01 -4.547195459311247134e+01
8.567980706707736260e+00 -1.383873281890408258e+00
9.148880308964868391e+01 -9.023625561877901546e-01
8.276529415328425898e+00 -6.158142428368375221e+00
4.783240676002780134e+01 -4.721684798378806391e+01
7.080441253128938683e+00 -5.121630818741288671e+00
4.919530956783049902e+01 -4.882507161878388047e+01
5.885026916797102103e+00 -4.084703970208389379e+00
9.401995215734304168e+01 -9.020601141257742484e-01
5.711782121993351780e+00 -1.383940069122798544e+00
5.016949399221807937e+01 -5.005122973045219226e+01
4.681999840557871551e+00 -3.048381624963314884e+00
3.534571460281291877e+00 -2.051307581158331672e+00
9.649613018729526459e+01 -9.991068921612562548e-01
2.929959485499296079e+00 -1.238411737011750446e+00
1.971068979416031652e+00 -1.026870472515798216e+00
9.881606186660857816e+01 -1.133333346670136077e+00
9.422654991318637485e-01 -4.831788021417917633e-01
1.881578839402209269e-07 8.368085016030590850e-07
2.515321284590754658e-12 -7.158718062783009373e-13
-3.979039320256561041e-13 -2.575717417130363174e-14
-1.563194018672220409e-12 3.915978652457852149e-12
-1.881592908148377319e-07 -8.368075503639715862e-07
1.010246803485115379e+02 -1.088545147107971012e+00
-9.422654991319561191e-01 4.831788021420218016e-01
-1.971068979416443767e+00 1.026870472515724941e+00
-2.929959485497363403e+00 1.238411737009180058e+00
1.033848392651633787e+02 -9.170159061784719512e-01
-3.534571460279806843e+00 2.051307581164082627e+00
-4.681999840563250359e+00 3.048381624968435233e+00
1.058660963515013833e+02 -8.081304173446186567e-01
-5.711782121986828997e+00 1.383940069121791794e+00
-5.885026916802893027e+00 4.084703970209261570e+00
-7.080441253126849688e+00 5.121630818745151359e+00
1.083747211422385135e+02 -7.867713377212144366e-01
-8.567980706703608007e+00 1.383873281895481533e+00
-8.276529415336256079e+00 6.158142428396104151e+00
-9.472646107117277836e+00 7.194735660573480018e+00
