4.950174297703921411e+01 -3.962115417172267229e-01
5.191550973194566154e+01 -3.477803702966077992e-01
4.712882629110084309e+01 -4.337383149565399165e-01
5.436529435478774275e+01 -3.155943396783920107e-01
4.475802528767301425e+01 -4.371697273605814615e-01
5.682213216480197815e+01 -3.077673801350444549e-01
4.234582495932043855e+01 -4.231768110391183058e-01
5.925493367019974045e+01 -3.180479742163040413e-01
3.989211804850148724e+01 -4.246769017772402677e-01
6.164785165392208199e+01 -3.277380625764951816e-01
3.742629672035590005e+01 -4.605220468760471420e-01
6.402051735202887528e+01 -3.157129011787507267e-01
3.498566400120891728e+01 -5.338645354934055121e-01
6.641455226863038774e+01 -2.843365750133788339e-01
3.260275473878043329e+01 -6.214845562800208612e-01
6.884693869509443687e+01 -2.551271595676602999e-01
3.026347341468952123e+01 -6.677103216123576601e-01
7.130093713079943996e+01 -2.420720563702349892e-01
2.789060984042725622e+01 -6.590368528733971942e-01
7.374680913870717802e+01 -2.461442902028077029e-01
2.544656878924982024e+01 -6.539545606381693688e-01
7.616004354217892569e+01 -2.579321440231083784e-01
2.295693174662703129e+01 -7.024129641611382979e-01
7.854100946796124560e+01 -2.599783687564061196e-01
2.046269254651713965e+01 -8.360175395138238486e-01
8.092239565580952387e+01 -2.428861807063444900e-01
1.803813911580781237e+01 -1.089558725719295573e+00
8.333593549481824425e+01 -2.181840344171774859e-01
1.586520278983935128e+01 -1.357129001879893604e+00
8.578094811887567062e+01 -2.017621202542212444e-01
1.371412000976621215e+01 -1.286713181805436701e+00
8.823307385844762507e+01 -1.996833263843589279e-01
1.124839647728575898e+01 -1.199553040070975296e+00
9.066397420032149057e+01 -2.086904394538953156e-01
8.600909672611628309e+00 -1.278763339842498681e+00
9.305968048399354586e+01 -2.171708353178036788e-01
6.486905090155495657e+00 -4.413549716336496509e+00
5.732905042018217046e+00 -1.396215968138675212e+00
9.543741148190396473e+01 -2.117872477563640388e-01
2.855215267759497522e+00 -1.383565882452332474e+00
9.783343056498637225e+01 -1.935180925370989513e-01
1.607855782397400901e+00 -4.994842087941049336e+00
3.747771195005498157e-01 -3.009596854481011885e+00
3.789214209704709901e-01 -2.673853744840364310e+00
3.183182489474702948e-01 -3.351824275006107356e+00
3.588642955138467983e-01 -2.288683723180873653e+00
2.650345507541587153e-01 -3.730061974023854532e+00
3.444091194478531293e-01 -1.883901127191931923e+00
2.360345315337895045e-01 -4.083136722716366407e+00
3.325350217449241086e-01 -1.500135796578030423e+00
2.052947492129035822e-01 -4.376173650115764424e+00
1.803530846300560597e-01 -4.643539029921949890e+00
1.627896610300894054e-01 -4.883917288910081922e+00
1.559032547401812963e-01 -5.124266467079645615e+00
1.490992332851135416e-01 -5.380620773852492711e+00
2.813277351212093436e-01 -1.142748652284310662e+00
1.311279420279660712e-01 -5.638964953192191487e+00
1.034274040767115821e-01 -5.898383297267755232e+00
9.286622899207230830e-02 -6.851831609605760320e+00
1.032681564266653140e-01 -7.141694475447907031e+00
1.079937540160074150e-01 -7.440940683447399451e+00
6.869347923565527481e-02 -6.572302104554604618e+00
1.091574120020908367e-01 -7.750110681237665666e+00
4.399472912849944350e-02 -6.150111596935184721e+00
1.073446440539598257e-01 -8.069515525289761015e+00
1.024462722009431559e-01 -8.398679850702061245e+00
1.685288422511916906e-01 -7.375846009108713019e-01
9.387709720981973760e-02 -8.735528085891814953e+00
8.066551415745237819e-02 -9.074812729275400613e+00
6.172642962955166013e-02 -9.404954058201235867e+00
3.710490238709951427e-02 -9.702053548015809881e+00
1.184805071217454042e-02 -9.922077015604021000e+00
-2.330819147181557582e-01 -3.762763424121611244e+00
-1.013172743436996370e-02 1.485284067607750558e-02
-3.114302636991084228e-02 -1.370470269543941910e-01
2.770341530501951866e-02 1.121499535282837634e+00
7.303391391788949250e-02 1.683046685249993679e+00
-1.003311002490789861e-01 5.446315707253512883e-01
1.090711446050960376e-01 2.239336952147673365e+00
1.504095876824109723e-01 2.791806589137470596e+00
1.002641961644729491e+02 -1.759535402244587488e-01
1.501992558164033653e-01 3.275997122573317100e+00
2.605894185109036698e-03 -1.297468962322548691e+01
1.973525100056860992e-02 -1.321230380097373747e+01
1.703416057219229174e-01 4.280747144804594839e+00
4.199610446320178880e-02 -1.363199096047961945e+01
5.912331760988820406e-03 3.777205862278448123e+00
6.111271565186626731e-02 -1.417540619753340003e+01
7.431764884459823861e-02 -1.480287564777769482e+01
3.787102116206142455e-03 4.706475324802180893e+00
8.085956238763003512e-02 -1.548705916755129408e+01
-5.955944398247936533e-02 5.157833463364932314e+00
8.051077926833727361e-02 -1.620403693884641783e+01
-6.135945111234519800e-02 5.574370565063711425e+00
-1.099671282220455737e-01 5.891738616390393091e+00
-4.327761714623790112e-02 6.346355519062818473e+00
7.341863703111073391e-02 -1.692753355584400055e+01
-1.299215098057757700e-01 6.100310616606263281e+00
-6.850171276143157684e-02 6.771678439057968291e+00
6.040742192913484132e-02 -1.762581198392365778e+01
