-2.000000000000000000e+00 7.071083707342776074e-03
-1.995000000000000107e+00 7.117429370156413970e-03
-1.990000000000000213e+00 7.163717017950006934e-03
-1.985000000000000320e+00 7.209938647386234835e-03
-1.980000000000000426e+00 7.256086117246462672e-03
-1.975000000000000533e+00 7.302151147629729402e-03
-1.970000000000000639e+00 7.348125319178906018e-03
-1.965000000000000746e+00 7.394000072335077563e-03
-1.960000000000000853e+00 7.439766706621311378e-03
-1.955000000000000959e+00 7.485416379956976417e-03
-1.950000000000001066e+00 7.530940108003810612e-03
-1.945000000000001172e+00 7.576328763544934973e-03
-1.940000000000001279e+00 7.621573075898066020e-03
-1.935000000000001386e+00 7.666663630364180769e-03
-1.930000000000001492e+00 7.711590867712942235e-03
-1.925000000000001599e+00 7.756345083706191711e-03
-1.920000000000001705e+00 7.800916428660823604e-03
-1.915000000000001812e+00 7.845294907052484390e-03
-1.910000000000001918e+00 7.889470377161400191e-03
-1.905000000000002025e+00 7.933432550761846530e-03
-1.900000000000002132e+00 7.977170992856630685e-03
-1.895000000000002238e+00 8.020675121458108875e-03
-1.890000000000002345e+00 8.063934207417257014e-03
-1.885000000000002451e+00 8.106937374302295579e-03
-1.880000000000002558e+00 8.149673598328422905e-03
-1.875000000000002665e+00 8.192131708340323962e-03
-1.870000000000002771e+00 8.234300385848953435e-03
-1.865000000000002878e+00 8.276168165124374657e-03
-1.860000000000002984e+00 8.317723433346208700e-03
-1.855000000000003091e+00 8.358954430813509903e-03
-1.850000000000003197e+00 8.399849251215731408e-03
-1.845000000000003304e+00 8.440395841966576163e-03
-1.840000000000003411e+00 8.480582004602532295e-03
-1.835000000000003517e+00 8.520395395247912576e-03
-1.830000000000003624e+00 8.559823525148274950e-03
-1.825000000000003730e+00 8.598853761274099367e-03
-1.820000000000003837e+00 8.637473326996618697e-03
-1.815000000000003944e+00 8.675669302837802146e-03
-1.810000000000004050e+00 8.713428627296460061e-03
-1.805000000000004157e+00 8.750738097752466804e-03
-1.800000000000004263e+00 8.787584371451108781e-03
-1.795000000000004370e+00 8.823953966569788449e-03
-1.790000000000004476e+00 8.859833263368938755e-03
-1.785000000000004583e+00 8.895208505429590476e-03
-1.780000000000004690e+00 8.930065800979505863e-03
-1.775000000000004796e+00 8.964391124310199660e-03
-1.770000000000004903e+00 8.998170317287099151e-03
-1.765000000000005009e+00 9.031389090955056764e-03
-1.760000000000005116e+00 9.064033027241550147e-03
-1.755000000000005222e+00 9.096087580759869978e-03
-1.750000000000005329e+00 9.127538080714701560e-03
-1.745000000000005436e+00 9.158369732912445549e-03
-1.740000000000005542e+00 9.188567621878756739e-03
-1.735000000000005649e+00 9.218116713085686142e-03
-1.730000000000005755e+00 9.247001855291026723e-03
-1.725000000000005862e+00 9.275207782992254957e-03
-1.720000000000005969e+00 9.302719118997715420e-03
-1.715000000000006075e+00 9.329520377117600169e-03
-1.710000000000006182e+00 9.355595964977319809e-03
-1.705000000000006288e+00 9.380930186955944647e-03
-1.700000000000006395e+00 9.405507247252366601e-03
-1.695000000000006501e+00 9.429311253081886293e-03
-1.690000000000006608e+00 9.452326218005992209e-03
-1.685000000000006715e+00 9.474536065398064116e-03
-1.680000000000006821e+00 9.495924632047764158e-03
-1.675000000000006928e+00 9.516475671907050765e-03
-1.670000000000007034e+00 9.536172859980528507e-03
-1.665000000000007141e+00 9.554999796363103717e-03
-1.660000000000007248e+00 9.572940010427853294e-03
-1.655000000000007354e+00 9.589976965166916931e-03
-1.650000000000007461e+00 9.606094061688604663e-03
-1.645000000000007567e+00 9.621274643873446719e-03
-1.640000000000007674e+00 9.635502003192375833e-03
-1.635000000000007780e+00 9.648759383689984107e-03
-1.630000000000007887e+00 9.661029987135992536e-03
-1.625000000000007994e+00 9.672296978347908261e-03
-1.620000000000008100e+00 9.682543490688061416e-03
-1.615000000000008207e+00 9.691752631738131951e-03
-1.610000000000008313e+00 9.699907489154238616e-03
-1.605000000000008420e+00 9.706991136705873935e-03
-1.600000000000008527e+00 9.712986640501767785e-03
-1.595000000000008633e+00 9.717877065405928702e-03
-1.590000000000008740e+00 9.721645481647056553e-03
-1.585000000000008846e+00 9.724274971624587843e-03
-1.580000000000008953e+00 9.725748636914598524e-03
-1.575000000000009059e+00 9.726049605478818624e-03
-1.570000000000009166e+00 9.725161039080044284e-03
-1.565000000000009273e+00 9.723066140907224084e-03
-1.560000000000009379e+00 9.719748163413506961e-03
-1.555000000000009486e+00 9.715190416370551169e-03
-1.550000000000009592e+00 9.709376275142385035e-03
-1.545000000000009699e+00 9.702289189182138063e-03
-1.540000000000009805e+00 9.693912690754986905e-03
-1.535000000000009912e+00 9.684230403890520256e-03
-1.530000000000010019e+00 9.673226053567959143e-03
-1.525000000000010125e+00 9.660883475137478291e-03
-1.520000000000010232e+00 9.647186623980884626e-03
-1.515000000000010338e+00 9.632119585415044316e-03
-1.510000000000010445e+00 9.615666584841272777e-03
-1.505000000000010552e+00 9.597811998143969750e-03
-1.500000000000010658e+00 9.578540362341812775e-03
-1.495000000000010765e+00 9.557836386494648895e-03
-1.490000000000010871e+00 9.535684962869444767e-03
-1.485000000000010978e+00 9.512071178368351754e-03
-1.480000000000011084e+00 9.486980326222227075e-03
-1.475000000000011191e+00 9.460397917952573926e-03
-1.470000000000011298e+00 9.432309695605258990e-03
-1.465000000000011404e+00 9.402701644258871366e-03
-1.460000000000011511e+00 9.371560004810923494e-03
-1.455000000000011617e+00 9.338871287044882979e-03
-1.450000000000011724e+00 9.304622282980984371e-03
-1.445000000000011831e+00 9.268800080513778586e-03
-1.440000000000011937e+00 9.231392077339306557e-03
-1.435000000000012044e+00 9.192385995174714303e-03
-1.430000000000012150e+00 9.151769894273088443e-03
-1.425000000000012257e+00 9.109532188236242611e-03
-1.420000000000012363e+00 9.065661659128096753e-03
-1.415000000000012470e+00 9.020147472891244453e-03
-1.410000000000012577e+00 8.972979195069197625e-03
-1.405000000000012683e+00 8.924146806836780535e-03
-1.400000000000012790e+00 8.873640721341020249e-03
-1.395000000000012896e+00 8.821451800354793843e-03
-1.390000000000013003e+00 8.767571371245397316e-03
-1.385000000000013110e+00 8.711991244260201134e-03
-1.380000000000013216e+00 8.654703730131262443e-03
-1.375000000000013323e+00 8.595701658000906228e-03
-1.370000000000013429e+00 8.534978393669923405e-03
-1.365000000000013536e+00 8.472527858170139647e-03
-1.360000000000013642e+00 8.408344546662822536e-03
-1.355000000000013749e+00 8.342423547664375508e-03
-1.350000000000013856e+00 8.274760562600583236e-03
-1.345000000000013962e+00 8.205351925690503034e-03
-1.340000000000014069e+00 8.134194624161060483e-03
-1.335000000000014175e+00 8.061286318793128153e-03
-1.330000000000014282e+00 7.986625364799783064e-03
-1.325000000000014388e+00 7.910210833037233796e-03
-1.320000000000014495e+00 7.832042531548817979e-03
-1.315000000000014602e+00 7.752121027442116126e-03
-1.310000000000014708e+00 7.670447669099258146e-03
-1.305000000000014815e+00 7.587024608720122423e-03
-1.300000000000014921e+00 7.501854825198038014e-03
-1.295000000000015028e+00 7.414942147327322972e-03
-1.290000000000015135e+00 7.326291277341778416e-03
-1.285000000000015241e+00 7.235907814783099253e-03
-1.280000000000015348e+00 7.143798280697830246e-03
-1.275000000000015454e+00 7.049970142161314859e-03
-1.270000000000015561e+00 6.954431837126756437e-03
-1.265000000000015667e+00 6.857192799597369021e-03
-1.260000000000015774e+00 6.758263485119176198e-03
-1.255000000000015881e+00 6.657655396591863686e-03
-1.250000000000015987e+00 6.555381110394664645e-03
-1.245000000000016094e+00 6.451454302824097091e-03
-1.240000000000016200e+00 6.345889776839900090e-03
-1.235000000000016307e+00 6.238703489115338466e-03
-1.230000000000016414e+00 6.129912577387595582e-03
-1.225000000000016520e+00 6.019535388103662392e-03
-1.220000000000016627e+00 5.907591504356800478e-03
-1.215000000000016733e+00 5.794101774108237866e-03
-1.210000000000016840e+00 5.679088338688361749e-03
-1.205000000000016946e+00 5.562574661571340930e-03
-1.200000000000017053e+00 5.444585557416612917e-03
-1.195000000000017160e+00 5.325147221370354032e-03
-1.190000000000017266e+00 5.204287258619422034e-03
-1.185000000000017373e+00 5.082034714190055216e-03
-1.180000000000017479e+00 4.958420102982976155e-03
-1.175000000000017586e+00 4.833475440036073822e-03
-1.170000000000017693e+00 4.707234271005440555e-03
-1.165000000000017799e+00 4.579731702854892422e-03
-1.160000000000017906e+00 4.451004434743725986e-03
-1.155000000000018012e+00 4.321090789101781834e-03
-1.150000000000018119e+00 4.190030742880398659e-03
-1.145000000000018225e+00 4.057865958967282229e-03
-1.140000000000018332e+00 3.924639817752639641e-03
-1.135000000000018439e+00 3.790397448833404941e-03
-1.130000000000018545e+00 3.655185762841711705e-03
-1.125000000000018652e+00 3.519053483383104228e-03
-1.120000000000018758e+00 3.382051179069358367e-03
-1.115000000000018865e+00 3.244231295630078341e-03
-1.110000000000018971e+00 3.105648188086492477e-03
-1.105000000000019078e+00 2.966358152970239009e-03
-1.100000000000019185e+00 2.826419460569081291e-03
-1.095000000000019291e+00 2.685892387180813939e-03
-1.090000000000019398e+00 2.544839247355881566e-03
-1.085000000000019504e+00 2.403324426108070788e-03
-1.080000000000019611e+00 2.261414411072453206e-03
-1.075000000000019718e+00 2.119177824588273831e-03
-1.070000000000019824e+00 1.976685455683989401e-03
-1.065000000000019931e+00 1.834010291940588308e-03
-1.060000000000020037e+00 1.691227551208498558e-03
-1.055000000000020144e+00 1.548414713152385363e-03
-1.050000000000020250e+00 1.405651550597197558e-03
-1.045000000000020357e+00 1.263020160647830873e-03
-1.040000000000020464e+00 1.120604995553741096e-03
-1.035000000000020570e+00 9.784928932888021635e-04
-1.030000000000020677e+00 8.367731078156464587e-04
-1.025000000000020783e+00 6.955373390025985404e-04
-1.020000000000020890e+00 5.548797621602116628e-04
-1.015000000000020997e+00 4.148970571632453917e-04
-1.010000000000021103e+00 2.756884371227520648e-04
-1.005000000000021210e+00 1.373556765717195494e-04
-1.000000000000021316e+00 3.139126478168058121e-09
-9.950000000000214229e-01 3.114616646923811990e-09
-9.900000000000215294e-01 3.090286531105526616e-09
-9.850000000000216360e-01 3.066134682169758648e-09
-9.800000000000217426e-01 3.042160239683594319e-09
-9.750000000000218492e-01 3.018362347977251647e-09
-9.700000000000219558e-01 2.994740156154912371e-09
-9.650000000000220624e-01 2.971292818065642411e-09
-9.600000000000221689e-01 2.948019492301985663e-09
-9.550000000000222755e-01 2.924919342207597221e-09
-9.500000000000223821e-01 2.901991535860872649e-09
-9.450000000000224887e-01 2.879235246071980052e-09
-9.400000000000225953e-01 2.856649650365850763e-09
-9.350000000000227018e-01 2.834233930995734353e-09
-9.300000000000228084e-01 2.811987274930790507e-09
-9.250000000000229150e-01 2.789908873842331356e-09
-9.200000000000230216e-01 2.767997924108743615e-09
-9.150000000000231282e-01 2.746253626808680062e-09
-9.100000000000232347e-01 2.724675187710856259e-09
-9.050000000000233413e-01 2.703261817259192741e-09
-9.000000000000234479e-01 2.682012730581574856e-09
-8.950000000000235545e-01 2.660927147479502664e-09
-8.900000000000236611e-01 2.640004292431860818e-09
-8.850000000000237677e-01 2.619243394581471499e-09
-8.800000000000238742e-01 2.598643687720740353e-09
-8.750000000000239808e-01 2.578204410300166111e-09
-8.700000000000240874e-01 2.557924805420309489e-09
-8.650000000000241940e-01 2.537804120819559192e-09
-8.600000000000243006e-01 2.517841608862526568e-09
-8.550000000000244071e-01 2.498036526539397511e-09
-8.500000000000245137e-01 2.478388135475309379e-09
-8.450000000000246203e-01 2.458895701927786740e-09
-8.400000000000247269e-01 2.439558496758167239e-09
-8.350000000000248335e-01 2.420375795436496855e-09
-8.300000000000249401e-01 2.401346878038717072e-09
-8.250000000000250466e-01 2.382471029236926900e-09
-8.200000000000251532e-01 2.363747538297200766e-09
-8.150000000000252598e-01 2.345175699074103484e-09
-8.100000000000253664e-01 2.326754810004172896e-09
-8.050000000000254730e-01 2.308484174102920518e-09
-8.000000000000255795e-01 2.290363098959796903e-09
-7.950000000000256861e-01 2.272390896736664252e-09
-7.900000000000257927e-01 2.254566884158414121e-09
-7.850000000000258993e-01 2.236890382504373836e-09
-7.800000000000260059e-01 2.219360717603871982e-09
-7.750000000000261124e-01 2.201977219831848557e-09
-7.700000000000262190e-01 2.184739224108534019e-09
-7.650000000000263256e-01 2.167646069895433745e-09
-7.600000000000264322e-01 2.150697101184498993e-09
-7.550000000000265388e-01 2.133891666495061370e-09
-7.500000000000266454e-01 2.117229118874320455e-09
-7.450000000000267519e-01 2.100708815889130724e-09
-7.400000000000268585e-01 2.084330119616177127e-09
-7.350000000000269651e-01 2.068092396639134958e-09
-7.300000000000270717e-01 2.051995018047038662e-09
-7.250000000000271783e-01 2.036037359428233072e-09
-7.200000000000272848e-01 2.020218800870944163e-09
-7.150000000000273914e-01 2.004538726957920994e-09
-7.100000000000274980e-01 1.988996526750933513e-09
-7.050000000000276046e-01 1.973591593786151098e-09
-7.000000000000277112e-01 1.958323326077048446e-09
-6.950000000000278177e-01 1.943191126110387127e-09
-6.900000000000279243e-01 1.928194400839602688e-09
-6.850000000000280309e-01 1.913332561681858237e-09
-6.800000000000281375e-01 1.898605024515669196e-09
-6.750000000000282441e-01 1.884011209678915994e-09
-6.700000000000283507e-01 1.869550541961656287e-09
-6.650000000000284572e-01 1.855222450595545934e-09
-6.600000000000285638e-01 1.841026369252891258e-09
-6.550000000000286704e-01 1.826961736043530158e-09
-6.500000000000287770e-01 1.813027993504566595e-09
-6.450000000000288836e-01 1.799224588597751940e-09
-6.400000000000289901e-01 1.785550972709645040e-09
-6.350000000000290967e-01 1.772006601647171905e-09
-6.300000000000292033e-01 1.758590935632396486e-09
-6.250000000000293099e-01 1.745303439299222492e-09
-6.200000000000294165e-01 1.732143581690616552e-09
-6.150000000000295231e-01 1.719110836253506987e-09
-6.100000000000296296e-01 1.706204680832913310e-09
-6.050000000000297362e-01 1.693424597669033932e-09
-6.000000000000298428e-01 1.680770073393616078e-09
-5.950000000000299494e-01 1.668240599024278435e-09
-5.900000000000300560e-01 1.655835669960758435e-09
-5.850000000000301625e-01 1.643554785982310986e-09
-5.800000000000302691e-01 1.631397451244734960e-09
-5.750000000000303757e-01 1.619363174276853540e-09
-5.700000000000304823e-01 1.607451467975601802e-09
-5.650000000000305889e-01 1.595661849601327709e-09
-5.600000000000306954e-01 1.583993840774215380e-09
-5.550000000000308020e-01 1.572446967469780681e-09
-5.500000000000309086e-01 1.561020760013532806e-09
-5.450000000000310152e-01 1.549714753078166825e-09
-5.400000000000311218e-01 1.538528485683878017e-09
-5.350000000000312284e-01 1.527461501197083457e-09
-5.300000000000313349e-01 1.516513347323608532e-09
-5.250000000000314415e-01 1.505683576100444916e-09
-5.200000000000315481e-01 1.494971743892959036e-09
-5.150000000000316547e-01 1.484377411395491576e-09
-5.100000000000317613e-01 1.473900143628897234e-09
-5.050000000000318678e-01 1.463539509934747426e-09
-5.000000000000319744e-01 1.453295083970000141e-09
-4.950000000000320810e-01 1.443166443703548737e-09
-4.900000000000321876e-01 1.433153171413282761e-09
-4.850000000000322942e-01 1.423254853683471991e-09
-4.800000000000324007e-01 1.413471081403743422e-09
-4.750000000000325073e-01 1.403801449768545247e-09
-4.700000000000326139e-01 1.394245558273648719e-09
-4.650000000000327205e-01 1.384803010709527595e-09
-4.600000000000328271e-01 1.375473415155367701e-09
-4.550000000000329337e-01 1.366256383976333511e-09
-4.500000000000330402e-01 1.357151533823195501e-09
-4.450000000000331468e-01 1.348158485631019485e-09
-4.400000000000332534e-01 1.339276864615259421e-09
-4.350000000000333600e-01 1.330506300267401900e-09
-4.300000000000334666e-01 1.321846426351542023e-09
-4.250000000000335731e-01 1.313296880900404462e-09
-4.200000000000336797e-01 1.304857306211214586e-09
-4.150000000000337863e-01 1.296527348844152253e-09
-4.100000000000338929e-01 1.288306659622688678e-09
-4.050000000000339995e-01 1.280194893631773257e-09
-4.000000000000341061e-01 1.272191710213277246e-09
-3.950000000000342126e-01 1.264296772961844831e-09
-3.900000000000343192e-01 1.256509749722248218e-09
-3.850000000000344258e-01 1.248830312586806623e-09
-3.800000000000345324e-01 1.241258137892150755e-09
-3.750000000000346390e-01 1.233792906216253649e-09
-3.700000000000347455e-01 1.226434302376816014e-09
-3.650000000000348521e-01 1.219182015430489920e-09
-3.600000000000349587e-01 1.212035738671250907e-09
-3.550000000000350653e-01 1.204995169627074582e-09
-3.500000000000351719e-01 1.198060010055965737e-09
-3.450000000000352784e-01 1.191229965942857044e-09
-3.400000000000353850e-01 1.184504747497343197e-09
-3.350000000000354916e-01 1.177884069151669625e-09
-3.300000000000355982e-01 1.171367649559148855e-09
-3.250000000000357048e-01 1.164955211592530964e-09
-3.200000000000358114e-01 1.158646482341324963e-09
-3.150000000000359179e-01 1.152441193108611258e-09
-3.100000000000360245e-01 1.146339079408417828e-09
-3.050000000000361311e-01 1.140339880963449413e-09
-3.000000000000362377e-01 1.134443341702913266e-09
-2.950000000000363443e-01 1.128649209761122876e-09
-2.900000000000364508e-01 1.122957237477075688e-09
-2.850000000000365574e-01 1.117367181393624890e-09
-2.800000000000366640e-01 1.111878802254950516e-09
-2.750000000000367706e-01 1.106491865003019113e-09
-2.700000000000368772e-01 1.101206138774534130e-09
-2.650000000000369837e-01 1.096021396898772433e-09
-2.600000000000370903e-01 1.090937416895846391e-09
-2.550000000000371969e-01 1.085953980475326420e-09
-2.500000000000373035e-01 1.081070873535257254e-09
-2.450000000000374101e-01 1.076287886161019334e-09
-2.400000000000375167e-01 1.071604812623394239e-09
-2.350000000000376232e-01 1.067021451375907363e-09
-2.300000000000377298e-01 1.062537605052233059e-09
-2.250000000000378364e-01 1.058153080464535306e-09
-2.200000000000379430e-01 1.053867688602749928e-09
-2.150000000000380496e-01 1.049681244633870528e-09
-2.100000000000381561e-01 1.045593567900477761e-09
-2.050000000000382627e-01 1.041604481919155700e-09
-2.000000000000383693e-01 1.037713814379918595e-09
-1.950000000000384759e-01 1.033921397146050816e-09
-1.900000000000385825e-01 1.030227066252480408e-09
-1.850000000000386891e-01 1.026630661902271436e-09
-1.800000000000387956e-01 1.023132028463125003e-09
-1.750000000000389022e-01 1.019731014465862829e-09
-1.700000000000390088e-01 1.016427472604774455e-09
-1.650000000000391154e-01 1.013221259738130718e-09
-1.600000000000392220e-01 1.010112236887616303e-09
-1.550000000000393285e-01 1.007100269236757481e-09
-1.500000000000394351e-01 1.004185226129079565e-09
-1.450000000000395417e-01 1.001366981066457097e-09
-1.400000000000396483e-01 9.986454117077074311e-10
-1.350000000000397549e-01 9.960203998675435301e-10
-1.300000000000398614e-01 9.934918315161068088e-10
-1.250000000000399680e-01 9.910595967788403715e-10
-1.200000000000400746e-01 9.887235899361870903e-10
-1.150000000000401812e-01 9.864837094228319081e-10
-1.100000000000402878e-01 9.843398578262970787e-10
-1.050000000000403944e-01 9.822919418847160170e-10
-1.000000000000405009e-01 9.803398724845397344e-10
-9.500000000004060752e-02 9.784835646596949752e-10
-9.000000000004071410e-02 9.767229375925342339e-10
-8.500000000004082068e-02 9.750579146150041475e-10
-8.000000000004092726e-02 9.734884232084387006e-10
-7.500000000004103384e-02 9.720143950020382471e-10
-7.000000000004114042e-02 9.706357657711731693e-10
-6.500000000004124701e-02 9.693524754363201238e-10
-6.000000000004135359e-02 9.681644680625295439e-10
-5.500000000004146017e-02 9.670716918589866134e-10
-5.000000000004156675e-02 9.660740991786748114e-10
-4.500000000004167333e-02 9.651716465185140507e-10
-4.000000000004177991e-02 9.643642945200226297e-10
-3.500000000004188649e-02 9.636520079700356384e-10
-3.000000000004199308e-02 9.630347558008263473e-10
-2.500000000004209966e-02 9.625125110891059393e-10
-2.000000000004220624e-02 9.620852510540285567e-10
-1.500000000004231282e-02 9.617529570553330400e-10
-1.000000000004241940e-02 9.615156145930740944e-10
-5.000000000042525983e-03 9.613732133092553509e-10
-4.263256414560601115e-14 9.613257469900888100e-10
4.999999999957260854e-03 9.613732135671187739e-10
9.999999999957154273e-03 9.615156151163988012e-10
1.499999999995704769e-02 9.617529578563271823e-10
1.999999999995694111e-02 9.620852521453415873e-10
2.499999999995683453e-02 9.625125124804894905e-10
2.999999999995672795e-02 9.630347574976479941e-10
3.499999999995662137e-02 9.636520099736986926e-10
3.999999999995651478e-02 9.643642968297979316e-10
4.499999999995640820e-02 9.651716491338382904e-10
4.999999999995630162e-02 9.660741021007844170e-10
5.499999999995619504e-02 9.670716950912860536e-10
5.999999999995608846e-02 9.681644716098648563e-10
6.499999999995598188e-02 9.693524793037056773e-10
6.999999999995587530e-02 9.706357699624973332e-10
7.499999999995576871e-02 9.720143995191526651e-10
7.999999999995566213e-02 9.734884280508704322e-10
8.499999999995555555e-02 9.750579197802933643e-10
8.999999999995544897e-02 9.767229430768515033e-10
9.499999999995534239e-02 9.784835704581440084e-10
9.999999999995523581e-02 9.803398785909315661e-10
1.049999999999551292e-01 9.822919482915853421e-10
1.099999999999550226e-01 9.843398645261339244e-10
1.149999999999549161e-01 9.864837164100643859e-10
1.199999999999548095e-01 9.887235972082455635e-10
1.249999999999547029e-01 9.910596043355575428e-10
1.299999999999545963e-01 9.934918393582616757e-10
1.349999999999544897e-01 9.960204079954564182e-10
1.399999999999543832e-01 9.986454201202333157e-10
1.449999999999542766e-01 1.001366989760860698e-09
1.499999999999541700e-01 1.004185235102063121e-09
1.549999999999540634e-01 1.007100278485908313e-09
1.599999999999539568e-01 1.010112246412174024e-09
1.649999999999538502e-01 1.013221269538805464e-09
1.699999999999537437e-01 1.016427482682925903e-09
1.749999999999536371e-01 1.019731024822327880e-09
1.799999999999535305e-01 1.023132039097042975e-09
1.849999999999534239e-01 1.026630672810462853e-09
1.899999999999533173e-01 1.030227077429915393e-09
1.949999999999532108e-01 1.033921408587399843e-09
1.999999999999531042e-01 1.037713826081367535e-09
2.049999999999529976e-01 1.041604493879384166e-09
2.099999999999528910e-01 1.045593580120436596e-09
2.149999999999527844e-01 1.049681257115910993e-09
2.199999999999526779e-01 1.053867701349872208e-09
2.249999999999525713e-01 1.058153093479903367e-09
2.299999999999524647e-01 1.062537618338561707e-09
2.349999999999523581e-01 1.067021464934694622e-09
2.399999999999522515e-01 1.071604826454646726e-09
2.449999999999521449e-01 1.076287900263959501e-09
2.499999999999520384e-01 1.081070887909501288e-09
2.549999999999519318e-01 1.085953995121462653e-09
2.599999999999518252e-01 1.090937431814948711e-09
2.649999999999517186e-01 1.096021412091410767e-09
2.699999999999516120e-01 1.101206154240254149e-09
2.749999999999515055e-01 1.106491880740742587e-09
2.799999999999513989e-01 1.111878818264042791e-09
2.849999999999512923e-01 1.117367197675075894e-09
2.899999999999511857e-01 1.122957254034267143e-09
2.949999999999510791e-01 1.128649226599765637e-09
2.999999999999509726e-01 1.134443358830083035e-09
3.049999999999508660e-01 1.140339898386291169e-09
3.099999999999507594e-01 1.146339097133505589e-09
3.149999999999506528e-01 1.152441211142406546e-09
3.199999999999505462e-01 1.158646500691035210e-09
3.249999999999504396e-01 1.164955230266228211e-09
3.299999999999503331e-01 1.171367668564794302e-09
3.349999999999502265e-01 1.177884088495657999e-09
3.399999999999501199e-01 1.184504767183464019e-09
3.449999999999500133e-01 1.191229985972219770e-09
3.499999999999499067e-01 1.198060030427702655e-09
3.549999999999498002e-01 1.204995190339242230e-09
3.599999999999496936e-01 1.212035759721645883e-09
3.649999999999495870e-01 1.219182036817319724e-09
3.699999999999494804e-01 1.226434324099018340e-09
3.749999999999493738e-01 1.233792928273344182e-09
3.799999999999492672e-01 1.241258160283812064e-09
3.849999999999491607e-01 1.248830335312475812e-09
3.899999999999490541e-01 1.256509772780736628e-09
3.949999999999489475e-01 1.264296796350979665e-09
3.999999999999488409e-01 1.272191733929764465e-09
4.049999999999487343e-01 1.280194917671498671e-09
4.099999999999486278e-01 1.288306683981307315e-09
4.149999999999485212e-01 1.296527373517728180e-09
4.199999999999484146e-01 1.304857331196711843e-09
4.249999999999483080e-01 1.313296906195710224e-09
4.299999999999482014e-01 1.321846451955029224e-09
4.349999999999480949e-01 1.330506326177365102e-09
4.399999999999479883e-01 1.339276890829534099e-09
4.449999999999478817e-01 1.348158512146883386e-09
4.499999999999477751e-01 1.357151560637662092e-09
4.549999999999476685e-01 1.366256411087043464e-09
4.599999999999475619e-01 1.375473442561983940e-09
4.649999999999474554e-01 1.384803038415202506e-09
4.699999999999473488e-01 1.394245586286057711e-09
4.749999999999472422e-01 1.403801478099820164e-09
4.799999999999471356e-01 1.413471110069108110e-09
4.849999999999470290e-01 1.423254882699387551e-09
4.899999999999469225e-01 1.433153200795731563e-09
4.949999999999468159e-01 1.443166473466496691e-09
4.999999999999467093e-01 1.453295114124475220e-09
5.049999999999466027e-01 1.463539540488713932e-09
5.099999999999464961e-01 1.473900174587335414e-09
5.149999999999463896e-01 1.484377442760420577e-09
5.199999999999462830e-01 1.494971775663875520e-09
5.249999999999461764e-01 1.505683608275483176e-09
5.299999999999460698e-01 1.516513379901040589e-09
5.349999999999459632e-01 1.527461534176218200e-09
5.399999999999458566e-01 1.538528519064607500e-09
5.449999999999457501e-01 1.549714786859636778e-09
5.499999999999456435e-01 1.561020794193316693e-09
5.549999999999455369e-01 1.572447002044361331e-09
5.599999999999454303e-01 1.583993875740483421e-09
5.649999999999453237e-01 1.595661884957962754e-09
5.699999999999452172e-01 1.607451503723426689e-09
5.749999999999451106e-01 1.619363210418415571e-09
5.799999999999450040e-01 1.631397487783499608e-09
5.849999999999448974e-01 1.643554822921600209e-09
5.899999999999447908e-01 1.655835707303323022e-09
5.949999999999446842e-01 1.668240636772488258e-09
5.999999999999445777e-01 1.680770111549229311e-09
6.049999999999444711e-01 1.693424636232932348e-09
6.099999999999443645e-01 1.706204719805433778e-09
6.149999999999442579e-01 1.719110875634614766e-09
6.199999999999441513e-01 1.732143621479567801e-09
6.249999999999440448e-01 1.745303479494760516e-09
6.299999999999439382e-01 1.758590976233970382e-09
6.349999999999438316e-01 1.772006642655810687e-09
6.399999999999437250e-01 1.785551014127677427e-09
6.449999999999436184e-01 1.799224630428179564e-09
6.499999999999435119e-01 1.813028035750773451e-09
6.549999999999434053e-01 1.826961778709517941e-09
6.599999999999432987e-01 1.841026412343164172e-09
6.649999999999431921e-01 1.855222494113833737e-09
6.699999999999430855e-01 1.869550585909726250e-09
6.749999999999429789e-01 1.884011254056771632e-09
6.799999999999428724e-01 1.898605069323018928e-09
6.849999999999427658e-01 1.913332606920011904e-09
6.899999999999426592e-01 1.928194446513378617e-09
6.949999999999425526e-01 1.943191172228194022e-09
6.999999999999424460e-01 1.958323372648262401e-09
7.049999999999423395e-01 1.973591640818920667e-09
7.099999999999422329e-01 1.988996574251043585e-09
7.149999999999421263e-01 2.004538774928542152e-09
7.199999999999420197e-01 2.020218849314062467e-09
7.249999999999419131e-01 2.036037408347037717e-09
7.299999999999418065e-01 2.051995067447233473e-09
7.349999999999417000e-01 2.068092446528500808e-09
7.399999999999415934e-01 2.084330170003884968e-09
7.449999999999414868e-01 2.100708866784864773e-09
7.499999999999413802e-01 2.117229170286625901e-09
7.549999999999412736e-01 2.133891718430349691e-09
7.599999999999411671e-01 2.150697153647700185e-09
7.649999999999410605e-01 2.167646122890976119e-09
7.699999999999409539e-01 2.184739277639460772e-09
7.749999999999408473e-01 2.201977273899650269e-09
7.799999999999407407e-01 2.219360772209434151e-09
7.849999999999406342e-01 2.236890437648415280e-09
7.899999999999405276e-01 2.254566939842786485e-09
7.949999999999404210e-01 2.272390952964156376e-09
7.999999999999403144e-01 2.290363155732485836e-09
8.049999999999402078e-01 2.308484231421611107e-09
8.099999999999401012e-01 2.326754867868853561e-09
8.149999999999399947e-01 2.345175757484824683e-09
8.199999999999398881e-01 2.363747597252866071e-09
8.249999999999397815e-01 2.382471088734807442e-09
8.299999999999396749e-01 2.401346938075871397e-09
8.349999999999395683e-01 2.420375856009316387e-09
8.399999999999394618e-01 2.439558557863794484e-09
8.449999999999393552e-01 2.458895763563514335e-09
8.499999999999392486e-01 2.478388197637166443e-09
8.549999999999391420e-01 2.498036589224064982e-09
8.599999999999390354e-01 2.517841672068356289e-09
8.649999999999389289e-01 2.537804184545207822e-09
8.699999999999388223e-01 2.557924869663984940e-09
8.749999999999387157e-01 2.578204475059323562e-09
8.799999999999386091e-01 2.598643752993630732e-09
8.849999999999385025e-01 2.619243460366538465e-09
8.899999999999383959e-01 2.640004358727826790e-09
8.949999999999382894e-01 2.660927214285760492e-09
8.999999999999381828e-01 2.682012797899038988e-09
9.049999999999380762e-01 2.703261885088586547e-09
9.099999999999379696e-01 2.724675256052784820e-09
9.149999999999378630e-01 2.746253695664882113e-09
9.199999999999377565e-01 2.767997993480711803e-09
9.249999999999376499e-01 2.789908943733311538e-09
9.299999999999375433e-01 2.811987345346156048e-09
9.349999999999374367e-01 2.834234001939394922e-09
9.399999999999373301e-01 2.856649721842089915e-09
9.449999999999372235e-01 2.879235318084359627e-09
9.499999999999371170e-01 2.901991608410106090e-09
9.549999999999370104e-01 2.924919415290879145e-09
9.599999999999369038e-01 2.948019565916469741e-09
9.649999999999367972e-01 2.971292892209285921e-09
9.699999999999366906e-01 2.994740230824509162e-09
9.749999999999365841e-01 3.018362423165842647e-09
9.799999999999364775e-01 3.042160315385373133e-09
9.849999999999363709e-01 3.066134758384975500e-09
9.899999999999362643e-01 3.090286607833713735e-09
9.949999999999361577e-01 3.114616724165394960e-09
9.999999999999360512e-01 3.139125972594847934e-09
1.004999999999935945e+00 1.373556765694849003e-04
1.009999999999935838e+00 2.756884371205392623e-04
1.014999999999935731e+00 4.148970571610557370e-04
1.019999999999935625e+00 5.548797621580459690e-04
1.024999999999935518e+00 6.955373390004574580e-04
1.029999999999935412e+00 8.367731078135311803e-04
1.034999999999935305e+00 9.784928932867135564e-04
1.039999999999935199e+00 1.120604995551680244e-03
1.044999999999935092e+00 1.263020160645798211e-03
1.049999999999934985e+00 1.405651550595193953e-03
1.054999999999934879e+00 1.548414713150411898e-03
1.059999999999934772e+00 1.691227551206556101e-03
1.064999999999934666e+00 1.834010291938677076e-03
1.069999999999934559e+00 1.976685455682111129e-03
1.074999999999934452e+00 2.119177824586428085e-03
1.079999999999934346e+00 2.261414411070641721e-03
1.084999999999934239e+00 2.403324426106293564e-03
1.089999999999934133e+00 2.544839247354139036e-03
1.094999999999934026e+00 2.685892387179108706e-03
1.099999999999933920e+00 2.826419460567413354e-03
1.104999999999933813e+00 2.966358152968571072e-03
1.109999999999933706e+00 3.105648188084825841e-03
1.114999999999933600e+00 3.244231295628412573e-03
1.119999999999933493e+00 3.382051179067696502e-03
1.124999999999933387e+00 3.519053483381445833e-03
1.129999999999933280e+00 3.655185762840057646e-03
1.134999999999933173e+00 3.790397448831754352e-03
1.139999999999933067e+00 3.924639817750994256e-03
1.144999999999932960e+00 4.057865958965642915e-03
1.149999999999932854e+00 4.190030742878763682e-03
1.154999999999932747e+00 4.321090789100152929e-03
1.159999999999932641e+00 4.451004434742104887e-03
1.164999999999932534e+00 4.579731702853277395e-03
1.169999999999932427e+00 4.707234271003832467e-03
1.174999999999932321e+00 4.833475440034474407e-03
1.179999999999932214e+00 4.958420102981383679e-03
1.184999999999932108e+00 5.082034714188473148e-03
1.189999999999932001e+00 5.204287258617846905e-03
1.194999999999931894e+00 5.325147221368786710e-03
1.199999999999931788e+00 5.444585557415053401e-03
1.204999999999931681e+00 5.562574661569810903e-03
1.209999999999931575e+00 5.679088338686861213e-03
1.214999999999931468e+00 5.794101774106766821e-03
1.219999999999931362e+00 5.907591504355359791e-03
1.224999999999931255e+00 6.019535388102252062e-03
1.229999999999931148e+00 6.129912577386214742e-03
1.234999999999931042e+00 6.238703489113986249e-03
1.239999999999930935e+00 6.345889776838579098e-03
1.244999999999930829e+00 6.451454302822806457e-03
1.249999999999930722e+00 6.555381110393403502e-03
1.254999999999930616e+00 6.657655396590632900e-03
1.259999999999930509e+00 6.758263485117976636e-03
1.264999999999930402e+00 6.857192799596199817e-03
1.269999999999930296e+00 6.954431837125618458e-03
1.274999999999930189e+00 7.049970142160208106e-03
1.279999999999930083e+00 7.143798280696752982e-03
1.284999999999929976e+00 7.235907814782053214e-03
1.289999999999929869e+00 7.326291277340764470e-03
1.294999999999929763e+00 7.414942147326340251e-03
1.299999999999929656e+00 7.501854825197086518e-03
1.304999999999929550e+00 7.587024608719187407e-03
1.309999999999929443e+00 7.670447669098338743e-03
1.314999999999929337e+00 7.752121027441211468e-03
1.319999999999929230e+00 7.832042531547931535e-03
1.324999999999929123e+00 7.910210833036361230e-03
1.329999999999929017e+00 7.986625364798926111e-03
1.334999999999928910e+00 8.061286318792288547e-03
1.339999999999928804e+00 8.134194624160234754e-03
1.344999999999928697e+00 8.205351925689691184e-03
1.349999999999928590e+00 8.274760562599786998e-03
1.354999999999928484e+00 8.342423547663593147e-03
1.359999999999928377e+00 8.408344546662052318e-03
1.364999999999928271e+00 8.472527858169385043e-03
1.369999999999928164e+00 8.534978393669184413e-03
1.374999999999928058e+00 8.595701658000182849e-03
1.379999999999927951e+00 8.654703730130552941e-03
1.384999999999927844e+00 8.711991244259505510e-03
1.389999999999927738e+00 8.767571371244717304e-03
1.394999999999927631e+00 8.821451800354125974e-03
1.399999999999927525e+00 8.873640721340366258e-03
1.404999999999927418e+00 8.924146806836157769e-03
1.409999999999927311e+00 8.972979195068606084e-03
1.414999999999927205e+00 9.020147472890684137e-03
1.419999999999927098e+00 9.065661659127565927e-03
1.424999999999926992e+00 9.109532188235744746e-03
1.429999999999926885e+00 9.151769894272621803e-03
1.434999999999926779e+00 9.192385995174278887e-03
1.439999999999926672e+00 9.231392077338900631e-03
1.444999999999926565e+00 9.268800080513400416e-03
1.449999999999926459e+00 9.304622282980639161e-03
1.454999999999926352e+00 9.338871287044565525e-03
1.459999999999926246e+00 9.371560004810639000e-03
1.464999999999926139e+00 9.402701644258614627e-03
1.469999999999926033e+00 9.432309695605030006e-03
1.474999999999925926e+00 9.460397917952372698e-03
1.479999999999925819e+00 9.486980326222051868e-03
1.484999999999925713e+00 9.512071178368209506e-03
1.489999999999925606e+00 9.535684962869326806e-03
1.494999999999925500e+00 9.557836386494562159e-03
1.499999999999925393e+00 9.578540362341750325e-03
1.504999999999925286e+00 9.597811998143922912e-03
1.509999999999925180e+00 9.615666584841238082e-03
1.514999999999925073e+00 9.632119585415023499e-03
1.519999999999924967e+00 9.647186623980879422e-03
1.524999999999924860e+00 9.660883475137481760e-03
1.529999999999924754e+00 9.673226053567974755e-03
1.534999999999924647e+00 9.684230403890548011e-03
1.539999999999924540e+00 9.693912690755026804e-03
1.544999999999924434e+00 9.702289189182188370e-03
1.549999999999924327e+00 9.709376275142445750e-03
1.554999999999924221e+00 9.715190416370625762e-03
1.559999999999924114e+00 9.719748163413593697e-03
1.564999999999924007e+00 9.723066140907317759e-03
1.569999999999923901e+00 9.725161039080150102e-03
1.574999999999923794e+00 9.726049605478934851e-03
1.579999999999923688e+00 9.725748636914723425e-03
1.584999999999923581e+00 9.724274971624724886e-03
1.589999999999923475e+00 9.721645481647202269e-03
1.594999999999923368e+00 9.717877065406083092e-03
1.599999999999923261e+00 9.712986640501932584e-03
1.604999999999923155e+00 9.706991136706050877e-03
1.609999999999923048e+00 9.699907489154425966e-03
1.614999999999922942e+00 9.691752631738334914e-03
1.619999999999922835e+00 9.682543490688276522e-03
1.624999999999922728e+00 9.672296978348130306e-03
1.629999999999922622e+00 9.661029987136228458e-03
1.634999999999922515e+00 9.648759383690230437e-03
1.639999999999922409e+00 9.635502003192632572e-03
1.644999999999922302e+00 9.621274643873717336e-03
1.649999999999922196e+00 9.606094061688883953e-03
1.654999999999922089e+00 9.589976965167206630e-03
1.659999999999921982e+00 9.572940010428149932e-03
1.664999999999921876e+00 9.554999796363414233e-03
1.669999999999921769e+00 9.536172859980847696e-03
1.674999999999921663e+00 9.516475671907378628e-03
1.679999999999921556e+00 9.495924632048105898e-03
1.684999999999921450e+00 9.474536065398412796e-03
1.689999999999921343e+00 9.452326218006351297e-03
1.694999999999921236e+00 9.429311253082250585e-03
1.699999999999921130e+00 9.405507247252743036e-03
1.704999999999921023e+00 9.380930186956329755e-03
1.709999999999920917e+00 9.355595964977715326e-03
1.714999999999920810e+00 9.329520377118004359e-03
1.719999999999920703e+00 9.302719118998128284e-03
1.724999999999920597e+00 9.275207782992678229e-03
1.729999999999920490e+00 9.247001855291456934e-03
1.734999999999920384e+00 9.218116713086128497e-03
1.739999999999920277e+00 9.188567621879204297e-03
1.744999999999920171e+00 9.158369732912903516e-03
1.749999999999920064e+00 9.127538080715166466e-03
1.754999999999919957e+00 9.096087580760347027e-03
1.759999999999919851e+00 9.064033027242032400e-03
1.764999999999919744e+00 9.031389090955545956e-03
1.769999999999919638e+00 8.998170317287595282e-03
1.774999999999919531e+00 8.964391124310706199e-03
1.779999999999919424e+00 8.930065800980017607e-03
1.784999999999919318e+00 8.895208505430110893e-03
1.789999999999919211e+00 8.859833263369466111e-03
1.794999999999919105e+00 8.823953966570317539e-03
1.799999999999918998e+00 8.787584371451646545e-03
1.804999999999918892e+00 8.750738097753008038e-03
1.809999999999918785e+00 8.713428627297006498e-03
1.814999999999918678e+00 8.675669302838346850e-03
1.819999999999918572e+00 8.637473326997166870e-03
1.824999999999918465e+00 8.598853761274647539e-03
1.829999999999918359e+00 8.559823525148826592e-03
1.834999999999918252e+00 8.520395395248465953e-03
1.839999999999918145e+00 8.480582004603087407e-03
1.844999999999918039e+00 8.440395841967134744e-03
1.849999999999917932e+00 8.399849251216289989e-03
1.854999999999917826e+00 8.358954430814070219e-03
1.859999999999917719e+00 8.317723433346767281e-03
1.864999999999917613e+00 8.276168165124934972e-03
1.869999999999917506e+00 8.234300385849515486e-03
1.874999999999917399e+00 8.192131708340887747e-03
1.879999999999917293e+00 8.149673598328984955e-03
1.884999999999917186e+00 8.106937374302859364e-03
1.889999999999917080e+00 8.063934207417820799e-03
1.894999999999916973e+00 8.020675121458672660e-03
1.899999999999916866e+00 7.977170992857192736e-03
1.904999999999916760e+00 7.933432550762413785e-03
1.909999999999916653e+00 7.889470377161967446e-03
1.914999999999916547e+00 7.845294907053055114e-03
1.919999999999916440e+00 7.800916428661396063e-03
1.924999999999916334e+00 7.756345083706765037e-03
1.929999999999916227e+00 7.711590867713519031e-03
1.934999999999916120e+00 7.666663630364759299e-03
1.939999999999916014e+00 7.621573075898645418e-03
1.944999999999915907e+00 7.576328763545516105e-03
1.949999999999915801e+00 7.530940108004392612e-03
1.954999999999915694e+00 7.485416379957560151e-03
1.959999999999915588e+00 7.439766706621897714e-03
1.964999999999915481e+00 7.394000072335664767e-03
1.969999999999915374e+00 7.348125319179494956e-03
1.974999999999915268e+00 7.302151147630317474e-03
1.979999999999915161e+00 7.256086117247052478e-03
1.984999999999915055e+00 7.209938647386825508e-03
1.989999999999914948e+00 7.163717017950597607e-03
1.994999999999914841e+00 7.117429370157005511e-03
