-2.000000000000000000e+00 1.696792946104509022e-16
-1.995000000000000107e+00 1.753167990501379989e-16
-1.990000000000000213e+00 1.810572317709087022e-16
-1.985000000000000320e+00 1.869036030127176379e-16
-1.980000000000000426e+00 1.928589916340601870e-16
-1.975000000000000533e+00 1.989265470515539885e-16
-1.970000000000000639e+00 2.051094912286133763e-16
-1.965000000000000746e+00 2.114111207144347762e-16
-1.960000000000000853e+00 2.178348087345395377e-16
-1.955000000000000959e+00 2.243840073341529675e-16
-1.950000000000001066e+00 2.310622495757327481e-16
-1.945000000000001172e+00 2.378731517919911078e-16
-1.940000000000001279e+00 2.448204158957911750e-16
-1.935000000000001386e+00 2.519078317483340649e-16
-1.930000000000001492e+00 2.591392795870855876e-16
-1.925000000000001599e+00 2.665187325149339962e-16
-1.920000000000001705e+00 2.740502590521041826e-16
-1.915000000000001812e+00 2.817380257523937187e-16
-1.910000000000001918e+00 2.895862998853380948e-16
-1.905000000000002025e+00 2.975994521859494881e-16
-1.900000000000002132e+00 3.057819596737217092e-16
-1.895000000000002238e+00 3.112699144787887461e-16
-1.890000000000002345e+00 3.169375662547738639e-16
-1.885000000000002451e+00 3.227893150542013413e-16
-1.880000000000002558e+00 3.288296782640572148e-16
-1.875000000000002665e+00 3.350632932078734512e-16
-1.870000000000002771e+00 3.414949198263328190e-16
-1.865000000000002878e+00 3.481294434380751293e-16
-1.860000000000002984e+00 3.549718775824337801e-16
-1.855000000000003091e+00 3.620273669458831150e-16
-1.850000000000003197e+00 3.693011903740266031e-16
-1.845000000000003304e+00 3.767987639710104808e-16
-1.840000000000003411e+00 3.845256442882997037e-16
-1.835000000000003517e+00 3.924875316048085277e-16
-1.830000000000003624e+00 4.006902733004333558e-16
-1.825000000000003730e+00 4.091398673250956359e-16
-1.820000000000003837e+00 4.178424657654569320e-16
-1.815000000000003944e+00 4.268043785115329233e-16
-1.810000000000004050e+00 4.360320770254903816e-16
-1.805000000000004157e+00 4.455321982149789169e-16
-1.800000000000004263e+00 4.553115484134088430e-16
-1.795000000000004370e+00 4.647432368558776600e-16
-1.790000000000004476e+00 4.744964375984644050e-16
-1.785000000000004583e+00 4.845771229390902377e-16
-1.780000000000004690e+00 4.949914478838154600e-16
-1.775000000000004796e+00 5.057457539668244935e-16
-1.770000000000004903e+00 5.168465732011927545e-16
-1.765000000000005009e+00 5.283006321628572281e-16
-1.760000000000005116e+00 5.401148562102759504e-16
-1.755000000000005222e+00 5.522963738423477882e-16
-1.750000000000005329e+00 5.648525211972360895e-16
-1.745000000000005436e+00 5.777908466948181667e-16
-1.740000000000005542e+00 5.911191158255674813e-16
-1.735000000000005649e+00 6.048453160887475741e-16
-1.730000000000005755e+00 6.189776620828964808e-16
-1.725000000000005862e+00 6.335246007516440725e-16
-1.720000000000005969e+00 6.484948167880112557e-16
-1.715000000000006075e+00 6.638972382004129377e-16
-1.710000000000006182e+00 6.797410420436895102e-16
-1.705000000000006288e+00 6.960356603185710817e-16
-1.700000000000006395e+00 7.127907860430850863e-16
-1.695000000000006501e+00 7.287619333393833838e-16
-1.690000000000006608e+00 7.451815085076242975e-16
-1.685000000000006715e+00 7.620558331104803866e-16
-1.680000000000006821e+00 7.793914976349091737e-16
-1.675000000000006928e+00 7.971953653825203916e-16
-1.670000000000007034e+00 8.154745765328310699e-16
-1.665000000000007141e+00 8.342365523816633234e-16
-1.660000000000007248e+00 8.534889997570763714e-16
-1.655000000000007354e+00 8.732399156153529030e-16
-1.650000000000007461e+00 8.934975918197156057e-16
-1.645000000000007567e+00 9.142706201045679019e-16
-1.640000000000007674e+00 9.355678972282124891e-16
-1.635000000000007780e+00 9.573986303171406093e-16
-1.630000000000007887e+00 9.797723424051214465e-16
-1.625000000000007994e+00 1.002698878170487108e-15
-1.620000000000008100e+00 1.026188409875136046e-15
-1.615000000000008207e+00 1.050251443508950922e-15
-1.610000000000008313e+00 1.074898825143469923e-15
-1.605000000000008420e+00 1.100141747498804329e-15
-1.600000000000008527e+00 1.125991756727965360e-15
-1.595000000000008633e+00 1.162701475486358456e-15
-1.590000000000008740e+00 1.200060070919705523e-15
-1.585000000000008846e+00 1.238089928314042510e-15
-1.580000000000008953e+00 1.276813856879524640e-15
-1.575000000000009059e+00 1.316255102616287474e-15
-1.570000000000009166e+00 1.356437361422218285e-15
-1.565000000000009273e+00 1.397384792450711935e-15
-1.560000000000009379e+00 1.439122031726677714e-15
-1.555000000000009486e+00 1.481674206029218645e-15
-1.550000000000009592e+00 1.525066947049619890e-15
-1.545000000000009699e+00 1.569326405833428449e-15
-1.540000000000009805e+00 1.614479267515639651e-15
-1.535000000000009912e+00 1.660552766358174947e-15
-1.530000000000010019e+00 1.707574701099054817e-15
-1.525000000000010125e+00 1.755573450622885772e-15
-1.520000000000010232e+00 1.804577989962483152e-15
-1.515000000000010338e+00 1.854617906641695405e-15
-1.510000000000010445e+00 1.905723417369714798e-15
-1.505000000000010552e+00 1.957925385097401335e-15
-1.500000000000010658e+00 2.011255336446384278e-15
-1.495000000000010765e+00 2.047418340420904181e-15
-1.490000000000010871e+00 2.084874260263286583e-15
-1.485000000000010978e+00 2.123649689262808066e-15
-1.480000000000011084e+00 2.163772179091289880e-15
-1.475000000000011191e+00 2.205270254848412875e-15
-1.470000000000011298e+00 2.248173430784091629e-15
-1.465000000000011404e+00 2.292512226707392642e-15
-1.460000000000011511e+00 2.338318185091836457e-15
-1.455000000000011617e+00 2.385623888887411474e-15
-1.450000000000011724e+00 2.434462980050009814e-15
-1.445000000000011831e+00 2.484870178799461434e-15
-1.440000000000011937e+00 2.536881303617797442e-15
-1.435000000000012044e+00 2.590533291999826007e-15
-1.430000000000012150e+00 2.645864221968566096e-15
-1.425000000000012257e+00 2.702913334368563157e-15
-1.420000000000012363e+00 2.761721055950599523e-15
-1.415000000000012470e+00 2.822329023261789200e-15
-1.410000000000012577e+00 2.884780107355563010e-15
-1.405000000000012683e+00 2.949118439336541129e-15
-1.400000000000012790e+00 3.015389436755831200e-15
-1.395000000000012896e+00 3.117295722515749184e-15
-1.390000000000013003e+00 3.221213902974429057e-15
-1.385000000000013110e+00 3.327199256666464564e-15
-1.380000000000013216e+00 3.435308297740099396e-15
-1.375000000000013323e+00 3.545598812539566979e-15
-1.370000000000013429e+00 3.658129897003946673e-15
-1.365000000000013536e+00 3.772961994905267384e-15
-1.360000000000013642e+00 3.890156936949208883e-15
-1.355000000000013749e+00 4.009777980762272957e-15
-1.350000000000013856e+00 4.131889851789847496e-15
-1.345000000000013962e+00 4.256558785130173990e-15
-1.340000000000014069e+00 4.383852568329791310e-15
-1.335000000000014175e+00 4.513840585166652282e-15
-1.330000000000014282e+00 4.646593860447702754e-15
-1.325000000000014388e+00 4.782185105848392101e-15
-1.320000000000014495e+00 4.920688766822187555e-15
-1.315000000000014602e+00 5.062181070608886584e-15
-1.310000000000014708e+00 5.206740075371219663e-15
-1.305000000000014815e+00 5.354445720489865313e-15
-1.300000000000014921e+00 5.505379878047882788e-15
-1.295000000000015028e+00 5.661813975657411896e-15
-1.290000000000015135e+00 5.821432713802310271e-15
-1.285000000000015241e+00 5.984342877653635794e-15
-1.280000000000015348e+00 6.150653317600776645e-15
-1.275000000000015454e+00 6.320475017505130175e-15
-1.270000000000015561e+00 6.493921164358831416e-15
-1.265000000000015667e+00 6.671107219393447368e-15
-1.260000000000015774e+00 6.852150990684651339e-15
-1.255000000000015881e+00 7.037172707299797976e-15
-1.250000000000015987e+00 7.226295095036396461e-15
-1.245000000000016094e+00 7.419643453800578184e-15
-1.240000000000016200e+00 7.617345736675593213e-15
-1.235000000000016307e+00 7.819532630731717989e-15
-1.230000000000016414e+00 8.026337639629822101e-15
-1.225000000000016520e+00 8.237897168072295047e-15
-1.220000000000016627e+00 8.454350608155998680e-15
-1.215000000000016733e+00 8.675840427683320729e-15
-1.210000000000016840e+00 8.902512260488586488e-15
-1.205000000000016946e+00 9.134514998838396881e-15
-1.200000000000017053e+00 9.372000887965862081e-15
-1.195000000000017160e+00 9.555083479211161984e-15
-1.190000000000017266e+00 9.744084910965383784e-15
-1.185000000000017373e+00 9.939123982781531190e-15
-1.180000000000017479e+00 1.014032320252910392e-14
-1.175000000000017586e+00 1.034780885522192927e-14
-1.170000000000017693e+00 1.056171107432672142e-14
-1.165000000000017799e+00 1.078216391559422224e-14
-1.160000000000017906e+00 1.100930543345590876e-14
-1.155000000000018012e+00 1.124327776003063261e-14
-1.150000000000018119e+00 1.148422718678707185e-14
-1.145000000000018225e+00 1.173230424890921617e-14
-1.140000000000018332e+00 1.198766381241370821e-14
-1.135000000000018439e+00 1.225046516406936554e-14
-1.130000000000018545e+00 1.252087210417069092e-14
-1.125000000000018652e+00 1.279905304221896143e-14
-1.120000000000018758e+00 1.308518109556592562e-14
-1.115000000000018865e+00 1.337943419107693851e-14
-1.110000000000018971e+00 1.368199516987209759e-14
-1.105000000000019078e+00 1.399305189520559541e-14
-1.100000000000019185e+00 1.431279736354539242e-14
-1.095000000000019291e+00 1.469965583371928380e-14
-1.090000000000019398e+00 1.509516467329580217e-14
-1.085000000000019504e+00 1.549958389016374326e-14
-1.080000000000019611e+00 1.591317899060142336e-14
-1.075000000000019718e+00 1.633622114035002234e-14
-1.070000000000019824e+00 1.676898732871605161e-14
-1.065000000000019931e+00 1.721176053579461580e-14
-1.060000000000020037e+00 1.766482990290770852e-14
-1.055000000000020144e+00 1.812849090635317127e-14
-1.050000000000020250e+00 1.860304553456269894e-14
-1.045000000000020357e+00 1.908880246876871122e-14
-1.040000000000020464e+00 1.958607726728249670e-14
-1.035000000000020570e+00 2.009519255348828000e-14
-1.030000000000020677e+00 2.061647820765978063e-14
-1.025000000000020783e+00 2.115027156270874496e-14
-1.020000000000020890e+00 2.169691760397695507e-14
-1.015000000000020997e+00 2.225676917318572081e-14
-1.010000000000021103e+00 2.283018717665984306e-14
-1.005000000000021210e+00 2.341754079794519143e-14
-1.000000000000021316e+00 2.401920771494205312e-14
-9.950000000000214229e-01 2.401163453004540764e-14
-9.900000000000215294e-01 2.400540975425616783e-14
-9.850000000000216360e-01 2.400034832330481196e-14
-9.800000000000217426e-01 2.399627591584878381e-14
-9.750000000000218492e-01 2.399303272568371166e-14
-9.700000000000219558e-01 2.399047567339356452e-14
-9.650000000000220624e-01 2.398847929567253605e-14
-9.600000000000221689e-01 2.398693560132283773e-14
-9.550000000000222755e-01 2.398575318915909944e-14
-9.500000000000223821e-01 2.398485589383203755e-14
-9.450000000000224887e-01 2.398418117194357868e-14
-9.400000000000225953e-01 2.398367838177519218e-14
-9.350000000000227018e-01 2.398330706368397111e-14
-9.300000000000228084e-01 2.398303529845713812e-14
-9.250000000000229150e-01 2.398283819954527154e-14
-9.200000000000230216e-01 2.398269657491674087e-14
-9.150000000000231282e-01 2.398259577494518325e-14
-9.100000000000232347e-01 2.398252472670530723e-14
-9.050000000000233413e-01 2.398247514293473774e-14
-9.000000000000234479e-01 2.398244088528787496e-14
-8.950000000000235545e-01 2.398241745713671829e-14
-8.900000000000236611e-01 2.398240160194138893e-14
-8.850000000000237677e-01 2.398239098760484100e-14
-8.800000000000238742e-01 2.398238396183751805e-14
-8.750000000000239808e-01 2.398237936612984359e-14
-8.700000000000240874e-01 2.398237639686305405e-14
-8.650000000000241940e-01 2.398237450297244132e-14
-8.600000000000243006e-01 2.398237331119314841e-14
-8.550000000000244071e-01 2.398237257190357143e-14
-8.500000000000245137e-01 2.398237212032183755e-14
-8.450000000000246203e-01 2.398237184908695632e-14
-8.400000000000247269e-01 2.398237168917768482e-14
-8.350000000000248335e-01 2.398237159683546056e-14
-8.300000000000249401e-01 2.398237154473279758e-14
-8.250000000000250466e-01 2.398237151608827677e-14
-8.200000000000251532e-01 2.398237150079188201e-14
-8.150000000000252598e-01 2.398237149288390169e-14
-8.100000000000253664e-01 2.398237148893660896e-14
-8.050000000000254730e-01 2.398237148703307813e-14
-8.000000000000255795e-01 2.398237148613602653e-14
-7.950000000000256861e-01 2.398237148570645705e-14
-7.900000000000257927e-01 2.398237148547855198e-14
-7.850000000000258993e-01 2.398237148533037235e-14
-7.800000000000260059e-01 2.398237148521183496e-14
-7.750000000000261124e-01 2.398237148510616546e-14
-7.700000000000262190e-01 2.398237148501015793e-14
-7.650000000000263256e-01 2.398237148492489154e-14
-7.600000000000264322e-01 2.398237148485178622e-14
-7.550000000000265388e-01 2.398237148479131530e-14
-7.500000000000266454e-01 2.398237148474292026e-14
-7.450000000000267519e-01 2.398237148470530421e-14
-7.400000000000268585e-01 2.398237148467682633e-14
-7.350000000000269651e-01 2.398237148465579215e-14
-7.300000000000270717e-01 2.398237148464058606e-14
-7.250000000000271783e-01 2.398237148462981022e-14
-7.200000000000272848e-01 2.398237148462231605e-14
-7.150000000000273914e-01 2.398237148461718530e-14
-7.100000000000274980e-01 2.398237148461372062e-14
-7.050000000000276046e-01 2.398237148461141714e-14
-7.000000000000277112e-01 2.398237148460993724e-14
-6.950000000000278177e-01 2.398237148460904741e-14
-6.900000000000279243e-01 2.398237148460852991e-14
-6.850000000000280309e-01 2.398237148460811339e-14
-6.800000000000281375e-01 2.398237148460767794e-14
-6.750000000000282441e-01 2.398237148460727720e-14
-6.700000000000283507e-01 2.398237148460688593e-14
-6.650000000000284572e-01 2.398237148460644101e-14
-6.600000000000285638e-01 2.398237148460596769e-14
-6.550000000000286704e-01 2.398237148460547544e-14
-6.500000000000287770e-01 2.398237148460493902e-14
-6.450000000000288836e-01 2.398237148460440259e-14
-6.400000000000289901e-01 2.398237148460388826e-14
-6.350000000000290967e-01 2.398237148460335814e-14
-6.300000000000292033e-01 2.398237148460277754e-14
-6.250000000000293099e-01 2.398237148460223480e-14
-6.200000000000294165e-01 2.398237148460176149e-14
-6.150000000000295231e-01 2.398237148460133550e-14
-6.100000000000296296e-01 2.398237148460097894e-14
-6.050000000000297362e-01 2.398237148460064130e-14
-6.000000000000298428e-01 2.398237148460032892e-14
-5.950000000000299494e-01 2.398237148460005439e-14
-5.900000000000300560e-01 2.398237148459975147e-14
-5.850000000000301625e-01 2.398237148459947379e-14
-5.800000000000302691e-01 2.398237148459927184e-14
-5.750000000000303757e-01 2.398237148459913616e-14
-5.700000000000304823e-01 2.398237148459901941e-14
-5.650000000000305889e-01 2.398237148459889950e-14
-5.600000000000306954e-01 2.398237148459878275e-14
-5.550000000000308020e-01 2.398237148459866915e-14
-5.500000000000309086e-01 2.398237148459856818e-14
-5.450000000000310152e-01 2.398237148459846089e-14
-5.400000000000311218e-01 2.398237148459833467e-14
-5.350000000000312284e-01 2.398237148459820846e-14
-5.300000000000313349e-01 2.398237148459810748e-14
-5.250000000000314415e-01 2.398237148459801598e-14
-5.200000000000315481e-01 2.398237148459790553e-14
-5.150000000000316547e-01 2.398237148459779194e-14
-5.100000000000317613e-01 2.398237148459769412e-14
-5.050000000000318678e-01 2.398237148459765310e-14
-5.000000000000319744e-01 2.398237148459767203e-14
-4.950000000000320810e-01 2.398237148459768781e-14
-4.900000000000321876e-01 2.398237148459769096e-14
-4.850000000000322942e-01 2.398237148459769412e-14
-4.800000000000324007e-01 2.398237148459770043e-14
-4.750000000000325073e-01 2.398237148459770990e-14
-4.700000000000326139e-01 2.398237148459772252e-14
-4.650000000000327205e-01 2.398237148459773830e-14
-4.600000000000328271e-01 2.398237148459773830e-14
-4.550000000000329337e-01 2.398237148459772883e-14
-4.500000000000330402e-01 2.398237148459772252e-14
-4.450000000000331468e-01 2.398237148459772567e-14
-4.400000000000332534e-01 2.398237148459772567e-14
-4.350000000000333600e-01 2.398237148459772567e-14
-4.300000000000334666e-01 2.398237148459772883e-14
-4.250000000000335731e-01 2.398237148459773199e-14
-4.200000000000336797e-01 2.398237148459773199e-14
-4.150000000000337863e-01 2.398237148459772252e-14
-4.100000000000338929e-01 2.398237148459768150e-14
-4.050000000000339995e-01 2.398237148459763417e-14
-4.000000000000341061e-01 2.398237148459760577e-14
-3.950000000000342126e-01 2.398237148459758999e-14
-3.900000000000343192e-01 2.398237148459756790e-14
-3.850000000000344258e-01 2.398237148459754266e-14
-3.800000000000345324e-01 2.398237148459752373e-14
-3.750000000000346390e-01 2.398237148459750479e-14
-3.700000000000347455e-01 2.398237148459748902e-14
-3.650000000000348521e-01 2.398237148459747008e-14
-3.600000000000349587e-01 2.398237148459745115e-14
-3.550000000000350653e-01 2.398237148459743537e-14
-3.500000000000351719e-01 2.398237148459741644e-14
-3.450000000000352784e-01 2.398237148459739751e-14
-3.400000000000353850e-01 2.398237148459737858e-14
-3.350000000000354916e-01 2.398237148459735964e-14
-3.300000000000355982e-01 2.398237148459734071e-14
-3.250000000000357048e-01 2.398237148459732493e-14
-3.200000000000358114e-01 2.398237148459730916e-14
-3.150000000000359179e-01 2.398237148459729653e-14
-3.100000000000360245e-01 2.398237148459728076e-14
-3.050000000000361311e-01 2.398237148459727129e-14
-3.000000000000362377e-01 2.398237148459725867e-14
-2.950000000000363443e-01 2.398237148459724920e-14
-2.900000000000364508e-01 2.398237148459723974e-14
-2.850000000000365574e-01 2.398237148459723343e-14
-2.800000000000366640e-01 2.398237148459722396e-14
-2.750000000000367706e-01 2.398237148459721449e-14
-2.700000000000368772e-01 2.398237148459720818e-14
-2.650000000000369837e-01 2.398237148459720187e-14
-2.600000000000370903e-01 2.398237148459719556e-14
-2.550000000000371969e-01 2.398237148459719240e-14
-2.500000000000373035e-01 2.398237148459718925e-14
-2.450000000000374101e-01 2.398237148459717978e-14
-2.400000000000375167e-01 2.398237148459717978e-14
-2.350000000000376232e-01 2.398237148459717663e-14
-2.300000000000377298e-01 2.398237148459717663e-14
-2.250000000000378364e-01 2.398237148459717663e-14
-2.200000000000379430e-01 2.398237148459718294e-14
-2.150000000000380496e-01 2.398237148459718925e-14
-2.100000000000381561e-01 2.398237148459719872e-14
-2.050000000000382627e-01 2.398237148459720187e-14
-2.000000000000383693e-01 2.398237148459720818e-14
-1.950000000000384759e-01 2.398237148459721449e-14
-1.900000000000385825e-01 2.398237148459722396e-14
-1.850000000000386891e-01 2.398237148459723027e-14
-1.800000000000387956e-01 2.398237148459723658e-14
-1.750000000000389022e-01 2.398237148459723974e-14
-1.700000000000390088e-01 2.398237148459724289e-14
-1.650000000000391154e-01 2.398237148459724605e-14
-1.600000000000392220e-01 2.398237148459724920e-14
-1.550000000000393285e-01 2.398237148459725236e-14
-1.500000000000394351e-01 2.398237148459725236e-14
-1.450000000000395417e-01 2.398237148459725236e-14
-1.400000000000396483e-01 2.398237148459725236e-14
-1.350000000000397549e-01 2.398237148459725236e-14
-1.300000000000398614e-01 2.398237148459724920e-14
-1.250000000000399680e-01 2.398237148459724605e-14
-1.200000000000400746e-01 2.398237148459723658e-14
-1.150000000000401812e-01 2.398237148459722396e-14
-1.100000000000402878e-01 2.398237148459721134e-14
-1.050000000000403944e-01 2.398237148459719556e-14
-1.000000000000405009e-01 2.398237148459717663e-14
-9.500000000004060752e-02 2.398237148459715769e-14
-9.000000000004071410e-02 2.398237148459714192e-14
-8.500000000004082068e-02 2.398237148459712614e-14
-8.000000000004092726e-02 2.398237148459711036e-14
-7.500000000004103384e-02 2.398237148459709459e-14
-7.000000000004114042e-02 2.398237148459708196e-14
-6.500000000004124701e-02 2.398237148459706303e-14
-6.000000000004135359e-02 2.398237148459704725e-14
-5.500000000004146017e-02 2.398237148459703148e-14
-5.000000000004156675e-02 2.398237148459701570e-14
-4.500000000004167333e-02 2.398237148459700308e-14
-4.000000000004177991e-02 2.398237148459699046e-14
-3.500000000004188649e-02 2.398237148459698099e-14
-3.000000000004199308e-02 2.398237148459697468e-14
-2.500000000004209966e-02 2.398237148459696837e-14
-2.000000000004220624e-02 2.398237148459695890e-14
-1.500000000004231282e-02 2.398237148459694944e-14
-1.000000000004241940e-02 2.398237148459694312e-14
-5.000000000042525983e-03 2.398237148459693366e-14
-4.263256414560601115e-14 2.398237148459692104e-14
4.999999999957260854e-03 2.398237148459691157e-14
9.999999999957154273e-03 2.398237148459691473e-14
1.499999999995704769e-02 2.398237148459692419e-14
1.999999999995694111e-02 2.398237148459693997e-14
2.499999999995683453e-02 2.398237148459695575e-14
2.999999999995672795e-02 2.398237148459696837e-14
3.499999999995662137e-02 2.398237148459698730e-14
3.999999999995651478e-02 2.398237148459700623e-14
4.499999999995640820e-02 2.398237148459702201e-14
4.999999999995630162e-02 2.398237148459703148e-14
5.499999999995619504e-02 2.398237148459704094e-14
5.999999999995608846e-02 2.398237148459705041e-14
6.499999999995598188e-02 2.398237148459706303e-14
6.999999999995587530e-02 2.398237148459708196e-14
7.499999999995576871e-02 2.398237148459710090e-14
7.999999999995566213e-02 2.398237148459711983e-14
8.499999999995555555e-02 2.398237148459713876e-14
8.999999999995544897e-02 2.398237148459715454e-14
9.499999999995534239e-02 2.398237148459716716e-14
9.999999999995523581e-02 2.398237148459717663e-14
1.049999999999551292e-01 2.398237148459718294e-14
1.099999999999550226e-01 2.398237148459719240e-14
1.149999999999549161e-01 2.398237148459719556e-14
1.199999999999548095e-01 2.398237148459720187e-14
1.249999999999547029e-01 2.398237148459720503e-14
1.299999999999545963e-01 2.398237148459720818e-14
1.349999999999544897e-01 2.398237148459721449e-14
1.399999999999543832e-01 2.398237148459721765e-14
1.449999999999542766e-01 2.398237148459722396e-14
1.499999999999541700e-01 2.398237148459722080e-14
1.549999999999540634e-01 2.398237148459722080e-14
1.599999999999539568e-01 2.398237148459722396e-14
1.649999999999538502e-01 2.398237148459722396e-14
1.699999999999537437e-01 2.398237148459722080e-14
1.749999999999536371e-01 2.398237148459721449e-14
1.799999999999535305e-01 2.398237148459720818e-14
1.849999999999534239e-01 2.398237148459720187e-14
1.899999999999533173e-01 2.398237148459719556e-14
1.949999999999532108e-01 2.398237148459719240e-14
1.999999999999531042e-01 2.398237148459718925e-14
2.049999999999529976e-01 2.398237148459718609e-14
2.099999999999528910e-01 2.398237148459717663e-14
2.149999999999527844e-01 2.398237148459717032e-14
2.199999999999526779e-01 2.398237148459716085e-14
2.249999999999525713e-01 2.398237148459715454e-14
2.299999999999524647e-01 2.398237148459714823e-14
2.349999999999523581e-01 2.398237148459714507e-14
2.399999999999522515e-01 2.398237148459713876e-14
2.449999999999521449e-01 2.398237148459713561e-14
2.499999999999520384e-01 2.398237148459713245e-14
2.549999999999519318e-01 2.398237148459712614e-14
2.599999999999518252e-01 2.398237148459712298e-14
2.649999999999517186e-01 2.398237148459711983e-14
2.699999999999516120e-01 2.398237148459711983e-14
2.749999999999515055e-01 2.398237148459711983e-14
2.799999999999513989e-01 2.398237148459711983e-14
2.849999999999512923e-01 2.398237148459711983e-14
2.899999999999511857e-01 2.398237148459711983e-14
2.949999999999510791e-01 2.398237148459712614e-14
2.999999999999509726e-01 2.398237148459712930e-14
3.049999999999508660e-01 2.398237148459713245e-14
3.099999999999507594e-01 2.398237148459713561e-14
3.149999999999506528e-01 2.398237148459713876e-14
3.199999999999505462e-01 2.398237148459714507e-14
3.249999999999504396e-01 2.398237148459714507e-14
3.299999999999503331e-01 2.398237148459714823e-14
3.349999999999502265e-01 2.398237148459715138e-14
3.399999999999501199e-01 2.398237148459715769e-14
3.449999999999500133e-01 2.398237148459715769e-14
3.499999999999499067e-01 2.398237148459715769e-14
3.549999999999498002e-01 2.398237148459716085e-14
3.599999999999496936e-01 2.398237148459716401e-14
3.649999999999495870e-01 2.398237148459717032e-14
3.699999999999494804e-01 2.398237148459718925e-14
3.749999999999493738e-01 2.398237148459722396e-14
3.799999999999492672e-01 2.398237148459726813e-14
3.849999999999491607e-01 2.398237148459730284e-14
3.899999999999490541e-01 2.398237148459734071e-14
3.949999999999489475e-01 2.398237148459737542e-14
3.999999999999488409e-01 2.398237148459741013e-14
4.049999999999487343e-01 2.398237148459743222e-14
4.099999999999486278e-01 2.398237148459744168e-14
4.149999999999485212e-01 2.398237148459744168e-14
4.199999999999484146e-01 2.398237148459743222e-14
4.249999999999483080e-01 2.398237148459742275e-14
4.299999999999482014e-01 2.398237148459741960e-14
4.349999999999480949e-01 2.398237148459741960e-14
4.399999999999479883e-01 2.398237148459741960e-14
4.449999999999478817e-01 2.398237148459742275e-14
4.499999999999477751e-01 2.398237148459742591e-14
4.549999999999476685e-01 2.398237148459741644e-14
4.599999999999475619e-01 2.398237148459739435e-14
4.649999999999474554e-01 2.398237148459736911e-14
4.699999999999473488e-01 2.398237148459735333e-14
4.749999999999472422e-01 2.398237148459733755e-14
4.799999999999471356e-01 2.398237148459731547e-14
4.849999999999470290e-01 2.398237148459729653e-14
4.899999999999469225e-01 2.398237148459726813e-14
4.949999999999468159e-01 2.398237148459722396e-14
4.999999999999467093e-01 2.398237148459723027e-14
5.049999999999466027e-01 2.398237148459731547e-14
5.099999999999464961e-01 2.398237148459742275e-14
5.149999999999463896e-01 2.398237148459752373e-14
5.199999999999462830e-01 2.398237148459760892e-14
5.249999999999461764e-01 2.398237148459769412e-14
5.299999999999460698e-01 2.398237148459777301e-14
5.349999999999459632e-01 2.398237148459786767e-14
5.399999999999458566e-01 2.398237148459798442e-14
5.449999999999457501e-01 2.398237148459809802e-14
5.499999999999456435e-01 2.398237148459820530e-14
5.549999999999455369e-01 2.398237148459830312e-14
5.599999999999454303e-01 2.398237148459839463e-14
5.649999999999453237e-01 2.398237148459849560e-14
5.699999999999452172e-01 2.398237148459858395e-14
5.749999999999451106e-01 2.398237148459867231e-14
5.799999999999450040e-01 2.398237148459882692e-14
5.849999999999448974e-01 2.398237148459905412e-14
5.899999999999447908e-01 2.398237148459930340e-14
5.949999999999446842e-01 2.398237148459954005e-14
5.999999999999445777e-01 2.398237148459978933e-14
6.049999999999444711e-01 2.398237148460007964e-14
6.099999999999443645e-01 2.398237148460043620e-14
6.149999999999442579e-01 2.398237148460083063e-14
6.199999999999441513e-01 2.398237148460125030e-14
6.249999999999440448e-01 2.398237148460169207e-14
6.299999999999439382e-01 2.398237148460213383e-14
6.349999999999438316e-01 2.398237148460258190e-14
6.399999999999437250e-01 2.398237148460306468e-14
6.449999999999436184e-01 2.398237148460357902e-14
6.499999999999435119e-01 2.398237148460413754e-14
6.549999999999434053e-01 2.398237148460470552e-14
6.599999999999432987e-01 2.398237148460522301e-14
6.649999999999431921e-01 2.398237148460571841e-14
6.699999999999430855e-01 2.398237148460621697e-14
6.749999999999429789e-01 2.398237148460669345e-14
6.799999999999428724e-01 2.398237148460713836e-14
6.849999999999427658e-01 2.398237148460754857e-14
6.899999999999426592e-01 2.398237148460798087e-14
6.949999999999425526e-01 2.398237148460864035e-14
6.999999999999424460e-01 2.398237148460969427e-14
7.049999999999423395e-01 2.398237148461128146e-14
7.099999999999422329e-01 2.398237148461367013e-14
7.149999999999421263e-01 2.398237148461727680e-14
7.199999999999420197e-01 2.398237148462264737e-14
7.249999999999419131e-01 2.398237148463050127e-14
7.299999999999418065e-01 2.398237148464180722e-14
7.349999999999417000e-01 2.398237148465778954e-14
7.399999999999415934e-01 2.398237148467989343e-14
7.449999999999414868e-01 2.398237148470979757e-14
7.499999999999413802e-01 2.398237148474934474e-14
7.549999999999412736e-01 2.398237148480035249e-14
7.599999999999411671e-01 2.398237148486424706e-14
7.649999999999410605e-01 2.398237148494170689e-14
7.699999999999409539e-01 2.398237148503240065e-14
7.749999999999408473e-01 2.398237148513505039e-14
7.799999999999407407e-01 2.398237148524875680e-14
7.849999999999406342e-01 2.398237148537709185e-14
7.899999999999405276e-01 2.398237148553773864e-14
7.949999999999404210e-01 2.398237148578305545e-14
7.999999999999403144e-01 2.398237148624044331e-14
8.049999999999402078e-01 2.398237148718757496e-14
8.099999999999401012e-01 2.398237148918735313e-14
8.149999999999399947e-01 2.398237149332251151e-14
8.199999999999398881e-01 2.398237150159268311e-14
8.249999999999397815e-01 2.398237151757148989e-14
8.299999999999396749e-01 2.398237154747272923e-14
8.349999999999395683e-01 2.398237160184982966e-14
8.399999999999394618e-01 2.398237169825987197e-14
8.449999999999393552e-01 2.398237186537110275e-14
8.499999999999392486e-01 2.398237214919494501e-14
8.549999999999391420e-01 2.398237262239749774e-14
8.599999999999390354e-01 2.398237339802144950e-14
8.649999999999389289e-01 2.398237464945995449e-14
8.699999999999388223e-01 2.398237663918535323e-14
8.749999999999387157e-01 2.398237975953690380e-14
8.799999999999386091e-01 2.398238458982785850e-14
8.849999999999385025e-01 2.398239197527352492e-14
8.899999999999383959e-01 2.398240313497345285e-14
8.949999999999382894e-01 2.398241980840359219e-14
8.999999999999381828e-01 2.398244445217986175e-14
9.049999999999380762e-01 2.398248050076027008e-14
9.099999999999379696e-01 2.398253270632553238e-14
9.149999999999378630e-01 2.398260757482146250e-14
9.199999999999377565e-01 2.398271391704850813e-14
9.249999999999376499e-01 2.398286353490785979e-14
9.299999999999375433e-01 2.398307206275790333e-14
9.349999999999374367e-01 2.398335998200506993e-14
9.399999999999373301e-01 2.398375382217514370e-14
9.449999999999372235e-01 2.398428755136932244e-14
9.499999999999371170e-01 2.398500414396296019e-14
9.549999999999370104e-01 2.398595730049691557e-14
9.599999999999369038e-01 2.398721328953800098e-14
9.649999999999367972e-01 2.398885287388939071e-14
9.699999999999366906e-01 2.399097324644246178e-14
9.749999999999365841e-01 2.399368981279427197e-14
9.799999999999364775e-01 2.399713753494941245e-14
9.849999999999363709e-01 2.400147145149202670e-14
9.899999999999362643e-01 2.400686598120218248e-14
9.949999999999361577e-01 2.401351272755278967e-14
9.999999999999360512e-01 2.402161668244773505e-14
1.004999999999935945e+00 2.339485775231103083e-14
1.009999999999935838e+00 2.278280595983006187e-14
1.014999999999935731e+00 2.218502467756313380e-14
1.019999999999935625e+00 2.160108594219619277e-14
1.024999999999935518e+00 2.103057017605380343e-14
1.029999999999935412e+00 2.047306591407812564e-14
1.034999999999935305e+00 1.992816953610509220e-14
1.039999999999935199e+00 1.939548500426160021e-14
1.044999999999935092e+00 1.887462360531156136e-14
1.049999999999934985e+00 1.836520369778125025e-14
1.054999999999934879e+00 1.786685046369777241e-14
1.059999999999934772e+00 1.737919566477749987e-14
1.064999999999934666e+00 1.690187740290409884e-14
1.069999999999934559e+00 1.643453988473878748e-14
1.074999999999934452e+00 1.597683319030798307e-14
1.079999999999934346e+00 1.552841304541624923e-14
1.084999999999934239e+00 1.508894059773513310e-14
1.089999999999934133e+00 1.465808219642069406e-14
1.094999999999934026e+00 1.423550917511515733e-14
1.099999999999933920e+00 1.382089763819028114e-14
1.104999999999933813e+00 1.347416970187440318e-14
1.109999999999933706e+00 1.313573172376549643e-14
1.114999999999933600e+00 1.280539333176851314e-14
1.119999999999933493e+00 1.248296888200942080e-14
1.124999999999933387e+00 1.216827735811796826e-14
1.129999999999933280e+00 1.186114227344361656e-14
1.134999999999933173e+00 1.156139157614194678e-14
1.139999999999933067e+00 1.126885755707151118e-14
1.144999999999932960e+00 1.098337676044291423e-14
1.149999999999932854e+00 1.070478989716354192e-14
1.154999999999932747e+00 1.043294176082311005e-14
1.159999999999932641e+00 1.016768114626681376e-14
1.164999999999932534e+00 9.908860770704579509e-15
1.169999999999932427e+00 9.656337197306368128e-15
1.174999999999932321e+00 9.409970761235067459e-15
1.179999999999932214e+00 9.169625498070206302e-15
1.184999999999932108e+00 8.935169074576913946e-15
1.189999999999932001e+00 8.706472721776242556e-15
1.194999999999931894e+00 8.483411170274376982e-15
1.199999999999931788e+00 8.265862587809510861e-15
1.204999999999931681e+00 8.093120648189581513e-15
1.209999999999931575e+00 7.925832853402533720e-15
1.214999999999931468e+00 7.763871894797276287e-15
1.219999999999931362e+00 7.607114200752140124e-15
1.224999999999931255e+00 7.455439856667366720e-15
1.229999999999931148e+00 7.308732527258571368e-15
1.234999999999931042e+00 7.166879381102965918e-15
1.239999999999930935e+00 7.029771017392258220e-15
1.244999999999930829e+00 6.897301394847444580e-15
1.249999999999930722e+00 6.769367762752204154e-15
1.254999999999930616e+00 6.645870594062847390e-15
1.259999999999930509e+00 6.526713520554185104e-15
1.264999999999930402e+00 6.411803269961909833e-15
1.269999999999930296e+00 6.301049605083426158e-15
1.274999999999930189e+00 6.194365264800216813e-15
1.279999999999930083e+00 6.091665906986189835e-15
1.284999999999929976e+00 5.992870053267499621e-15
1.289999999999929869e+00 5.897899035600626098e-15
1.294999999999929763e+00 5.806676944636618005e-15
1.299999999999929656e+00 5.719130579840511455e-15
1.304999999999929550e+00 5.560249477374273786e-15
1.309999999999929443e+00 5.404857807444003527e-15
1.314999999999929337e+00 5.252859753434197059e-15
1.319999999999929230e+00 5.104161745808865013e-15
1.324999999999929123e+00 4.958672402298307724e-15
1.329999999999929017e+00 4.816302469379991750e-15
1.334999999999928910e+00 4.676964765015757600e-15
1.339999999999928804e+00 4.540574122607359225e-15
1.344999999999928697e+00 4.407047336133013485e-15
1.349999999999928590e+00 4.276303106428484238e-15
1.354999999999928484e+00 4.148261988576832330e-15
1.359999999999928377e+00 4.022846340371741383e-15
1.364999999999928271e+00 3.899980271819914602e-15
1.369999999999928164e+00 3.779589595648839301e-15
1.374999999999928058e+00 3.661601778786684452e-15
1.379999999999927951e+00 3.545945894781842403e-15
1.384999999999927844e+00 3.432552577130199820e-15
1.389999999999927738e+00 3.321353973478760133e-15
1.394999999999927631e+00 3.212283700674896469e-15
1.399999999999927525e+00 3.105276800631003949e-15
1.404999999999927418e+00 3.025359284153775150e-15
1.409999999999927311e+00 2.947235349917212787e-15
1.414999999999927205e+00 2.870862208850259162e-15
1.419999999999927098e+00 2.796198200101211137e-15
1.424999999999926992e+00 2.723202763986916870e-15
1.429999999999926885e+00 2.651836415597685168e-15
1.434999999999926779e+00 2.582060719041765000e-15
1.439999999999926672e+00 2.513838262314032114e-15
1.444999999999926565e+00 2.447132632773817473e-15
1.449999999999926459e+00 2.381908393217172360e-15
1.454999999999926352e+00 2.318131058529189223e-15
1.459999999999926246e+00 2.255767072902309699e-15
1.464999999999926139e+00 2.194783787606844354e-15
1.469999999999926033e+00 2.135149439300258385e-15
1.474999999999925926e+00 2.076833128862044571e-15
1.479999999999925819e+00 2.019804800741274575e-15
1.484999999999925713e+00 1.964035222804223353e-15
1.489999999999925606e+00 1.909495966669688302e-15
1.494999999999925500e+00 1.856159388519918938e-15
1.499999999999925393e+00 1.803998610375264664e-15
1.504999999999925286e+00 1.764214774854454033e-15
1.509999999999925180e+00 1.725604100219336195e-15
1.514999999999925073e+00 1.688142149705035502e-15
1.519999999999924967e+00 1.651805271189006830e-15
1.524999999999924860e+00 1.616570582955354428e-15
1.529999999999924754e+00 1.582415959956464859e-15
1.534999999999924647e+00 1.549320020563078753e-15
1.539999999999924540e+00 1.517262113794437265e-15
1.544999999999924434e+00 1.486222307020437944e-15
1.549999999999924327e+00 1.456181374128076456e-15
1.554999999999924221e+00 1.427120784144748622e-15
1.559999999999924114e+00 1.399022690311294878e-15
1.564999999999924007e+00 1.371869919597974749e-15
1.569999999999923901e+00 1.345645962656859885e-15
1.574999999999923794e+00 1.320334964204414049e-15
1.579999999999923688e+00 1.295921713828336304e-15
1.584999999999923581e+00 1.272391637213006934e-15
1.589999999999923475e+00 1.249730787778180904e-15
1.594999999999923368e+00 1.227925838725825334e-15
1.599999999999923261e+00 1.206964075490293667e-15
1.604999999999923155e+00 1.175757518453444557e-15
1.609999999999923048e+00 1.145325008159039375e-15
1.614999999999922942e+00 1.115645704992471386e-15
1.619999999999922835e+00 1.086699245197509496e-15
1.624999999999922728e+00 1.058465727982330660e-15
1.629999999999922622e+00 1.030925702922342674e-15
1.634999999999922515e+00 1.004060157652184049e-15
1.639999999999922409e+00 9.778505058393075855e-16
1.644999999999922302e+00 9.522785754317155931e-16
1.649999999999922196e+00 9.273265971725983136e-16
1.654999999999922089e+00 9.029771933747852568e-16
1.659999999999921982e+00 8.792133669480838486e-16
1.664999999999921876e+00 8.560184906727431732e-16
1.669999999999921769e+00 8.333762967124264380e-16
1.674999999999921663e+00 8.112708663602290219e-16
1.679999999999921556e+00 7.896866200114301373e-16
1.684999999999921450e+00 7.686083073567949134e-16
1.689999999999921343e+00 7.480209977904040477e-16
1.694999999999921236e+00 7.279100710260963432e-16
1.699999999999921130e+00 7.082612079167653480e-16
1.704999999999921023e+00 6.902758844198928893e-16
1.709999999999920917e+00 6.726732100370845057e-16
1.714999999999920810e+00 6.554439036787864141e-16
1.719999999999920703e+00 6.385789082771360799e-16
1.724999999999920597e+00 6.220693847951343822e-16
1.729999999999920490e+00 6.059067063562518923e-16
1.734999999999920384e+00 5.900824524905852094e-16
1.739999999999920277e+00 5.745884034937966405e-16
1.744999999999920171e+00 5.594165348951143943e-16
1.749999999999920064e+00 5.445590120307533855e-16
1.754999999999919957e+00 5.300081847191608233e-16
1.759999999999919851e+00 5.157565820345664917e-16
1.764999999999919744e+00 5.017969071753692951e-16
1.769999999999919638e+00 4.881220324239418383e-16
1.774999999999919531e+00 4.747249941944981123e-16
1.779999999999919424e+00 4.615989881657176782e-16
1.784999999999919318e+00 4.487373644948634228e-16
1.789999999999919211e+00 4.361336231101869547e-16
1.794999999999919105e+00 4.237814090784550058e-16
1.799999999999918998e+00 4.116745080444766471e-16
1.804999999999918892e+00 4.037210887514117475e-16
1.809999999999918785e+00 3.960006476142359410e-16
1.814999999999918678e+00 3.885082244333439064e-16
1.819999999999918572e+00 3.812389931622493633e-16
1.824999999999918465e+00 3.741882584464571115e-16
1.829999999999918359e+00 3.673514522394137808e-16
1.834999999999918252e+00 3.607241304934694920e-16
1.839999999999918145e+00 3.543019699238960234e-16
1.844999999999918039e+00 3.480807648440623527e-16
1.849999999999917932e+00 3.420564240699208970e-16
1.854999999999917826e+00 3.362249678920056535e-16
1.859999999999917719e+00 3.305825251131934329e-16
1.864999999999917613e+00 3.251253301505280442e-16
1.869999999999917506e+00 3.198497201994530885e-16
1.874999999999917399e+00 3.147521324588432504e-16
1.879999999999917293e+00 3.098291014152704141e-16
1.884999999999917186e+00 3.050772561849814140e-16
1.889999999999917080e+00 3.004933179121088965e-16
1.894999999999916973e+00 2.960740972216749816e-16
1.899999999999916866e+00 2.918164917259893197e-16
1.904999999999916760e+00 2.843497745573083850e-16
1.909999999999916653e+00 2.770544766730504921e-16
1.914999999999916547e+00 2.699259261217354805e-16
1.919999999999916440e+00 2.629595611740736341e-16
1.924999999999916334e+00 2.561509274815344541e-16
1.929999999999916227e+00 2.494956753055614764e-16
1.934999999999916120e+00 2.429895568158464378e-16
1.939999999999916014e+00 2.366284234560763917e-16
1.944999999999915907e+00 2.304082233755919763e-16
1.949999999999915801e+00 2.243249989254447872e-16
1.954999999999915694e+00 2.183748842173768838e-16
1.959999999999915588e+00 2.125541027442798251e-16
1.964999999999915481e+00 2.068589650607303451e-16
1.969999999999915374e+00 2.012858665222336233e-16
1.974999999999915268e+00 1.958312850818390281e-16
1.979999999999915161e+00 1.904917791428275516e-16
1.984999999999915055e+00 1.852639854662020524e-16
1.989999999999914948e+00 1.801446171317440621e-16
1.994999999999914841e+00 1.751304615514314568e-16
