-2.000000000000000000e+00 7.472670906418536944e-22
-1.995000000000000107e+00 -4.667299232952880479e-22
-1.990000000000000213e+00 1.894609651700013143e-21
-1.985000000000000320e+00 -3.753950729478349940e-22
-1.980000000000000426e+00 -1.681003266926737315e-21
-1.975000000000000533e+00 -3.421019892727014589e-22
-1.970000000000000639e+00 1.395380527503530856e-21
-1.965000000000000746e+00 1.371004212242126327e-21
-1.960000000000000853e+00 -2.745490529053050756e-22
-1.955000000000000959e+00 -1.683519172515815527e-21
-1.950000000000001066e+00 -1.297051794240971022e-21
-1.945000000000001172e+00 6.048597740195619808e-22
-1.940000000000001279e+00 2.067690019137319842e-21
-1.935000000000001386e+00 1.270653101093922726e-21
-1.930000000000001492e+00 -1.367372932757792451e-21
-1.925000000000001599e+00 -2.802801177257141554e-21
-1.920000000000001705e+00 -1.688910659392881065e-22
-1.915000000000001812e+00 4.159486650821166992e-21
-1.910000000000001918e+00 9.979399943346672128e-22
-1.905000000000002025e+00 -1.006293411849934389e-20
-1.900000000000002132e+00 3.730053353340742057e-20
-1.895000000000002238e+00 -1.093136121559002003e-20
-1.890000000000002345e+00 2.228255202255447624e-21
-1.885000000000002451e+00 4.289853279136778991e-21
-1.880000000000002558e+00 -1.071539558489301598e-21
-1.875000000000002665e+00 -3.222454045410693950e-21
-1.870000000000002771e+00 -7.881770563692260467e-22
-1.865000000000002878e+00 2.064775593515488562e-21
-1.860000000000002984e+00 2.122532402695000511e-21
-1.855000000000003091e+00 -1.618120780863354683e-22
-1.850000000000003197e+00 -2.054395509212272764e-21
-1.845000000000003304e+00 -1.555119114830503041e-21
-1.840000000000003411e+00 7.088352940146450771e-22
-1.835000000000003517e+00 2.146794444995535145e-21
-1.830000000000003624e+00 8.844877821510977885e-22
-1.825000000000003730e+00 -1.797305844777966487e-21
-1.820000000000003837e+00 -2.051742702223173975e-21
-1.815000000000003944e+00 1.714954238576763648e-21
-1.810000000000004050e+00 3.214246496645920330e-21
-1.805000000000004157e+00 -6.157053756009018435e-21
-1.800000000000004263e+00 4.932067369645336153e-21
-1.795000000000004370e+00 7.527385905776559665e-22
-1.790000000000004476e+00 -1.403960231042688602e-20
-1.785000000000004583e+00 4.009142207975869967e-21
-1.780000000000004690e+00 1.266154354430382991e-20
-1.775000000000004796e+00 1.788707951400253752e-21
-1.770000000000004903e+00 -1.094565604896500907e-20
-1.765000000000005009e+00 -1.000744553582833105e-20
-1.760000000000005116e+00 2.671628055836918130e-21
-1.755000000000005222e+00 1.291210245093320791e-20
-1.750000000000005329e+00 9.438783138819222126e-21
-1.745000000000005436e+00 -5.064811302624742880e-21
-1.740000000000005542e+00 -1.572296932107070752e-20
-1.735000000000005649e+00 -9.209212241822447574e-21
-1.730000000000005755e+00 1.075616959344065557e-20
-1.725000000000005862e+00 2.108925374459500606e-20
-1.720000000000005969e+00 7.482872711529021350e-22
-1.715000000000006075e+00 -3.156145845042511484e-20
-1.710000000000006182e+00 -6.801837352664268779e-21
-1.705000000000006288e+00 7.596563851986381654e-20
-1.700000000000006395e+00 -2.851967233974103629e-19
-1.695000000000006501e+00 8.419637250905937681e-20
-1.690000000000006608e+00 -1.906502294943184737e-20
-1.685000000000006715e+00 -3.242240019852301670e-20
-1.680000000000006821e+00 9.938218105486837012e-21
-1.675000000000006928e+00 2.495946805136981587e-20
-1.670000000000007034e+00 4.545291474937110826e-21
-1.665000000000007141e+00 -1.718967985601501827e-20
-1.660000000000007248e+00 -1.588238477633315276e-20
-1.655000000000007354e+00 3.018099256200963468e-21
-1.650000000000007461e+00 1.701486472367260261e-20
-1.645000000000007567e+00 1.119426329581799476e-20
-1.640000000000007674e+00 -7.565981404061241655e-21
-1.635000000000007780e+00 -1.764269175263056599e-20
-1.630000000000007887e+00 -5.308426409923943748e-21
-1.625000000000007994e+00 1.645248328186905567e-20
-1.620000000000008100e+00 1.564774552123873088e-20
-1.615000000000008207e+00 -1.677692165115672266e-20
-1.610000000000008313e+00 -2.400564609794281630e-20
-1.605000000000008420e+00 5.256647611160352857e-20
-1.600000000000008527e+00 -1.220283223589905454e-19
-1.595000000000008633e+00 2.331714868282451115e-20
-1.590000000000008740e+00 4.053773806077825042e-20
-1.585000000000008846e+00 -2.333417895906599571e-20
-1.580000000000008953e+00 -3.824483250349396374e-20
-1.575000000000009059e+00 2.308935521475925475e-21
-1.570000000000009166e+00 3.740929130620873920e-20
-1.565000000000009273e+00 2.709531814350077897e-20
-1.560000000000009379e+00 -1.416314646615828576e-20
-1.555000000000009486e+00 -4.143978672493386782e-20
-1.550000000000009592e+00 -2.518012113433584676e-20
-1.545000000000009699e+00 2.060059323325617693e-20
-1.540000000000009805e+00 4.909938343047732951e-20
-1.535000000000009912e+00 2.389926123020569884e-20
-1.530000000000010019e+00 -3.757180278892219962e-20
-1.525000000000010125e+00 -6.327912533700520662e-20
-1.520000000000010232e+00 4.489160171219790571e-21
-1.515000000000010338e+00 9.858263176711487147e-20
-1.510000000000010445e+00 9.305336773970209274e-21
-1.505000000000010552e+00 -2.360283363618642747e-19
-1.500000000000010658e+00 9.537552588291867916e-19
-1.495000000000010765e+00 -2.978013106714325561e-19
-1.490000000000010871e+00 9.207032327214514154e-20
-1.485000000000010978e+00 1.124543098996667244e-19
-1.480000000000011084e+00 -5.461117868045911192e-20
-1.475000000000011191e+00 -9.570227285508407229e-20
-1.470000000000011298e+00 -2.918726128123370990e-21
-1.465000000000011404e+00 7.767944570119133706e-20
-1.460000000000011511e+00 5.549141627348165095e-20
-1.455000000000011617e+00 -3.184897991171367567e-20
-1.450000000000011724e+00 -8.055450050546726705e-20
-1.445000000000011831e+00 -2.975306062602209822e-20
-1.440000000000011937e+00 7.582680829063534024e-20
-1.435000000000012044e+00 1.174679032486532803e-19
-1.430000000000012150e+00 9.498766588942818144e-21
-1.425000000000012257e+00 -1.956226707383354295e-19
-1.420000000000012363e+00 -3.021328439621228043e-19
-1.415000000000012470e+00 -1.166947535302427178e-19
-1.410000000000012577e+00 3.480789018753353964e-19
-1.405000000000012683e+00 9.763347246110621387e-19
-1.400000000000012790e+00 2.749259392704344124e-18
-1.395000000000012896e+00 -8.311568934925750984e-18
-1.390000000000013003e+00 -9.570345330399197084e-18
-1.385000000000013110e+00 9.815219125990246229e-18
-1.380000000000013216e+00 1.294830697230973609e-17
-1.375000000000013323e+00 -2.271177285335439432e-18
-1.370000000000013429e+00 -1.430408755698832865e-17
-1.365000000000013536e+00 -8.084596538516778003e-18
-1.360000000000013642e+00 9.926740489419109581e-18
-1.355000000000013749e+00 1.859572026871017686e-17
-1.350000000000013856e+00 2.090184013589084324e-18
-1.345000000000013962e+00 -3.191042808990957532e-17
-1.340000000000014069e+00 -4.926036933656594437e-17
-1.335000000000014175e+00 -8.245651247975516637e-18
-1.330000000000014282e+00 1.034321294259820565e-16
-1.325000000000014388e+00 2.291760534355814698e-16
-1.320000000000014495e+00 2.283725868400613790e-16
-1.315000000000014602e+00 -7.882699112056321247e-17
-1.310000000000014708e+00 -7.671790743594307880e-16
-1.305000000000014815e+00 -1.525338748036689172e-15
-1.300000000000014921e+00 -1.212165258437639677e-15
-1.295000000000015028e+00 2.374577721965175536e-14
-1.290000000000015135e+00 2.587932053780766574e-14
-1.285000000000015241e+00 -2.829479460575703113e-14
-1.280000000000015348e+00 -2.688831985846344636e-14
-1.275000000000015454e+00 2.391948252976183723e-14
-1.270000000000015561e+00 5.141891394417480341e-14
-1.265000000000015667e+00 1.202703042493782912e-14
-1.260000000000015774e+00 -7.552667107875257193e-14
-1.255000000000015881e+00 -1.641257813814298476e-13
-1.250000000000015987e+00 -2.334858520892728136e-13
-1.245000000000016094e+00 -3.110673802056831733e-13
-1.240000000000016200e+00 -4.231604157327666532e-13
-1.235000000000016307e+00 -4.797350421582844787e-13
-1.230000000000016414e+00 -1.439906003386026461e-13
-1.225000000000016520e+00 1.217721083067100128e-12
-1.220000000000016627e+00 4.378595152913443582e-12
-1.215000000000016733e+00 9.752596964623695475e-12
-1.210000000000016840e+00 1.644806517300971686e-11
-1.205000000000016946e+00 2.084137438940253135e-11
-1.200000000000017053e+00 1.476884756676437236e-11
-1.195000000000017160e+00 -2.133530015342287687e-09
-1.190000000000017266e+00 -1.346266816306494268e-09
-1.185000000000017373e+00 3.443990847232099481e-09
-1.180000000000017479e+00 2.339743060996168247e-09
-1.175000000000017586e+00 -2.223409861122183901e-09
-1.170000000000017693e+00 -3.006124695564517561e-09
-1.165000000000017799e+00 3.617609266652404751e-09
-1.160000000000017906e+00 1.789269601107622222e-08
-1.155000000000018012e+00 4.470823070853520505e-08
-1.150000000000018119e+00 1.060167027646588806e-07
-1.145000000000018225e+00 2.573962162150205844e-07
-1.140000000000018332e+00 6.151852424343159224e-07
-1.135000000000018439e+00 1.408672852995112885e-06
-1.130000000000018545e+00 3.079094750004851061e-06
-1.125000000000018652e+00 6.451507623887276539e-06
-1.120000000000018758e+00 1.300483233088170852e-05
-1.115000000000018865e+00 2.525731100102821295e-05
-1.110000000000018971e+00 4.726715536861382809e-05
-1.105000000000019078e+00 8.521911426749154475e-05
-1.100000000000019185e+00 1.480248982598757603e-04
-1.095000000000019291e+00 2.492918305450018686e-04
-1.090000000000019398e+00 3.993727731330429893e-04
-1.085000000000019504e+00 6.133596440843683663e-04
-1.080000000000019611e+00 9.120097872216512309e-04
-1.075000000000019718e+00 1.297451488950746024e-03
-1.070000000000019824e+00 1.751333921694213673e-03
-1.065000000000019931e+00 2.232866161360541266e-03
-1.060000000000020037e+00 2.672387626822309795e-03
-1.055000000000020144e+00 2.967691406614647066e-03
-1.050000000000020250e+00 2.996071595658665078e-03
-1.045000000000020357e+00 2.655775086425163443e-03
-1.040000000000020464e+00 1.946996368249968379e-03
-1.035000000000020570e+00 1.095549909156256921e-03
-1.030000000000020677e+00 7.126777501983972123e-04
-1.025000000000020783e+00 1.972889156680196834e-03
-1.020000000000020890e+00 6.779073667282845342e-03
-1.015000000000020997e+00 1.787116778483121768e-02
-1.010000000000021103e+00 3.882217798479366960e-02
-1.005000000000021210e+00 7.385415780331852642e-02
-1.000000000000021316e+00 1.273975936293230138e-01
-9.950000000000214229e-01 1.591805621681059713e-01
-9.900000000000215294e-01 1.954662440719587280e-01
-9.850000000000216360e-01 2.362280698019787184e-01
-9.800000000000217426e-01 2.813056870721485914e-01
-9.750000000000218492e-01 3.303937335580990897e-01
-9.700000000000219558e-01 3.830354638757623720e-01
-9.650000000000220624e-01 4.386220603530144868e-01
-9.600000000000221689e-01 4.963982300293581784e-01
-9.550000000000222755e-01 5.554744055016104243e-01
-9.500000000000223821e-01 6.148455383511900463e-01
-9.450000000000224887e-01 6.734161189096006250e-01
-9.400000000000225953e-01 7.300306962778783104e-01
-9.350000000000227018e-01 7.835088309263255058e-01
-9.300000000000228084e-01 8.326831122158967480e-01
-9.250000000000229150e-01 8.764386366307230780e-01
-9.200000000000230216e-01 9.137521879532810587e-01
-9.150000000000231282e-01 9.437293017726879896e-01
-9.100000000000232347e-01 9.656374412256895079e-01
-9.050000000000233413e-01 9.789336594600164254e-01
-9.000000000000234479e-01 9.832853705238527864e-01
-8.950000000000235545e-01 9.785831808606760829e-01
-8.900000000000236611e-01 9.649451288999183474e-01
-8.850000000000237677e-01 9.427121162336329352e-01
-8.800000000000238742e-01 9.124347634251500638e-01
-8.750000000000239808e-01 8.748523584765058869e-01
-8.700000000000240874e-01 8.308649593286245860e-01
-8.650000000000241940e-01 7.815000394764465286e-01
-8.600000000000243006e-01 7.278753086223075375e-01
-8.550000000000244071e-01 6.711594851400506379e-01
-8.500000000000245137e-01 6.125328377807586211e-01
-8.450000000000246203e-01 5.531492515081178896e-01
-8.400000000000247269e-01 4.941014144792674201e-01
-8.350000000000248335e-01 4.363904839103359135e-01
-8.300000000000249401e-01 3.809012865961300953e-01
-8.250000000000250466e-01 3.283837671096968558e-01
-8.200000000000251532e-01 2.794410365692955867e-01
-8.150000000000252598e-01 2.345240204053886945e-01
-8.100000000000253664e-01 1.939323759318998530e-01
-8.050000000000254730e-01 1.578210675567907617e-01
-8.000000000000255795e-01 1.262117626531439329e-01
-7.950000000000256861e-01 9.900805299700833617e-02
-7.900000000000257927e-01 7.601341866448499407e-02
-7.850000000000258993e-01 5.695083184770746709e-02
-7.800000000000260059e-01 4.148294132795327799e-02
-7.750000000000261124e-01 2.923187496332032079e-02
-7.700000000000262190e-01 1.979783566387198143e-02
-7.650000000000263256e-01 1.277583272708995507e-02
-7.600000000000264322e-01 7.770071598615205938e-03
-7.550000000000265388e-01 4.405708317313431974e-03
-7.500000000000266454e-01 2.337848822828793825e-03
-7.450000000000267519e-01 1.257828780557347604e-03
-7.400000000000268585e-01 8.969399154862123637e-04
-7.350000000000269651e-01 1.027869940592560051e-03
-7.300000000000270717e-01 1.464193425556150133e-03
-7.250000000000271783e-01 2.058291034300014938e-03
-7.200000000000272848e-01 2.698086980595444401e-03
-7.150000000000273914e-01 3.302983213924646447e-03
-7.100000000000274980e-01 3.819338547754989183e-03
-7.050000000000276046e-01 4.215796880811280636e-03
-7.000000000000277112e-01 4.478716014100389033e-03
-6.950000000000278177e-01 4.607892125066692830e-03
-6.900000000000279243e-01 4.612718870655772331e-03
-6.850000000000280309e-01 4.508867682506761780e-03
-6.800000000000281375e-01 4.315529526707734091e-03
-6.750000000000282441e-01 4.053219776049797607e-03
-6.700000000000283507e-01 3.742117614362543143e-03
-6.650000000000284572e-01 3.400889587972073195e-03
-6.600000000000285638e-01 3.045933008944830787e-03
-6.550000000000286704e-01 2.690967967641875753e-03
-6.500000000000287770e-01 2.346905548596195639e-03
-6.450000000000288836e-01 2.021923173444591278e-03
-6.400000000000289901e-01 1.721684531949156834e-03
-6.350000000000290967e-01 1.449650115109641681e-03
-6.300000000000292033e-01 1.207433896360607644e-03
-6.250000000000293099e-01 9.951713719706393926e-04
-6.200000000000294165e-01 8.118733276948474509e-04
-6.150000000000295231e-01 6.557479012297388757e-04
-6.100000000000296296e-01 5.244804940144997922e-04
-6.050000000000297362e-01 4.154667380593142631e-04
-6.000000000000298428e-01 3.259980503457899064e-04
-5.950000000000299494e-01 2.534024030348160355e-04
-5.900000000000300560e-01 1.951449534315955424e-04
-5.850000000000301625e-01 1.488942952609561480e-04
-5.800000000000302691e-01 1.125605032654654000e-04
-5.750000000000303757e-01 8.431103029416786294e-05
-5.700000000000304823e-01 6.257004548415213562e-05
-5.650000000000305889e-01 4.600611462097524065e-05
-5.600000000000306954e-01 3.351233246086406228e-05
-5.550000000000308020e-01 2.418220736241671705e-05
-5.500000000000309086e-01 1.728383133579683721e-05
-5.450000000000310152e-01 1.223418199296742217e-05
-5.400000000000311218e-01 8.574817425579343901e-06
-5.350000000000312284e-01 5.949747577765219810e-06
-5.300000000000313349e-01 4.085893218024186061e-06
-5.250000000000314415e-01 2.776266711539914945e-06
-5.200000000000315481e-01 1.865814388032768832e-06
-5.150000000000316547e-01 1.239733853672832203e-06
-5.100000000000317613e-01 8.140066661043548799e-07
-5.050000000000318678e-01 5.278540733726766129e-07
-5.000000000000319744e-01 3.378194233229201557e-07
-4.950000000000320810e-01 2.131957910586808626e-07
-4.900000000000321876e-01 1.325437660409079033e-07
-4.850000000000322942e-01 8.107646825888632396e-08
-4.800000000000324007e-01 4.872263225818140025e-08
-4.750000000000325073e-01 2.871126839180790530e-08
-4.700000000000326139e-01 1.655130371614193299e-08
-4.650000000000327205e-01 9.305839644558860612e-09
-4.600000000000328271e-01 5.082938029617291178e-09
-4.550000000000329337e-01 2.683241626353720810e-09
-4.500000000000330402e-01 1.359554476856779666e-09
-4.450000000000331468e-01 6.551900866692617000e-10
-4.400000000000332534e-01 2.969245677026226706e-10
-4.350000000000333600e-01 1.252382565384956128e-10
-4.300000000000334666e-01 4.962822372875951213e-11
-4.250000000000335731e-01 2.050548599015140084e-11
-4.200000000000336797e-01 1.187772593632819506e-11
-4.150000000000337863e-01 1.091872040518779647e-11
-4.100000000000338929e-01 1.184799155470623801e-11
-4.050000000000339995e-01 1.245008748678589805e-11
-4.000000000000341061e-01 1.217038400072645236e-11
-3.950000000000342126e-01 1.112493708345653920e-11
-3.900000000000343192e-01 9.621855944701250676e-12
-3.850000000000344258e-01 7.955675882420002274e-12
-3.800000000000345324e-01 6.338779350314981133e-12
-3.750000000000346390e-01 4.895986226678810980e-12
-3.700000000000347455e-01 3.682625584480370215e-12
-3.650000000000348521e-01 2.707048582435544143e-12
-3.600000000000349587e-01 1.950242249727772017e-12
-3.550000000000350653e-01 1.380238934784914113e-12
-3.500000000000351719e-01 9.615913462396885503e-13
-3.450000000000352784e-01 6.608120076122726996e-13
-3.400000000000353850e-01 4.488348391080074378e-13
-3.350000000000354916e-01 3.019463558508631479e-13
-3.300000000000355982e-01 2.018193667529948132e-13
-3.250000000000357048e-01 1.346762353257071526e-13
-3.200000000000358114e-01 9.029648968557917000e-14
-3.150000000000359179e-01 6.131132062519214205e-14
-3.100000000000360245e-01 4.265850296978116478e-14
-3.050000000000361311e-01 3.086997541668585649e-14
-3.000000000000362377e-01 2.339820547071745603e-14
-2.950000000000363443e-01 1.855342497743779786e-14
-2.900000000000364508e-01 1.541915729479366235e-14
-2.850000000000365574e-01 1.337217825727925010e-14
-2.800000000000366640e-01 1.189963586499482052e-14
-2.750000000000367706e-01 1.074486200429803021e-14
-2.700000000000368772e-01 9.864351373011892228e-15
-2.650000000000369837e-01 9.242830313342222509e-15
-2.600000000000370903e-01 8.798875899021517301e-15
-2.550000000000371969e-01 8.378864576496375857e-15
-2.500000000000373035e-01 7.883945005648081538e-15
-2.450000000000374101e-01 7.356096430419863734e-15
-2.400000000000375167e-01 6.838808910413164113e-15
-2.350000000000376232e-01 6.283743091483931830e-15
-2.300000000000377298e-01 5.655884323477774480e-15
-2.250000000000378364e-01 5.025653051406968302e-15
-2.200000000000379430e-01 4.483331765264254105e-15
-2.150000000000380496e-01 4.019070479597019833e-15
-2.100000000000381561e-01 3.562477394351174461e-15
-2.050000000000382627e-01 3.075093793470364929e-15
-2.000000000000383693e-01 2.593537465950597110e-15
-1.950000000000384759e-01 2.231370360122447919e-15
-1.900000000000385825e-01 2.051123388848194318e-15
-1.850000000000386891e-01 1.929023662196481100e-15
-1.800000000000387956e-01 1.692312940717330888e-15
-1.750000000000389022e-01 1.336768972470437057e-15
-1.700000000000390088e-01 1.039014977175757053e-15
-1.650000000000391154e-01 9.204043632554951759e-16
-1.600000000000392220e-01 9.065987633324210211e-16
-1.550000000000393285e-01 8.976354443980791708e-16
-1.500000000000394351e-01 8.672149294087909008e-16
-1.450000000000395417e-01 8.121280210169150772e-16
-1.400000000000396483e-01 7.633868409969040784e-16
-1.350000000000397549e-01 8.016720323388764395e-16
-1.300000000000398614e-01 9.874575998804212241e-16
-1.250000000000399680e-01 1.285478786920487353e-15
-1.200000000000400746e-01 1.570553217393468144e-15
-1.150000000000401812e-01 1.786516598242313683e-15
-1.100000000000402878e-01 2.025981278544152076e-15
-1.050000000000403944e-01 2.358285960827982337e-15
-1.000000000000405009e-01 2.707413365304977703e-15
-9.500000000004060752e-02 2.947512524866635949e-15
-9.000000000004071410e-02 3.068465753811952124e-15
-8.500000000004082068e-02 3.218867656040611081e-15
-8.000000000004092726e-02 3.550497323066545798e-15
-7.500000000004103384e-02 4.069223124597902326e-15
-7.000000000004114042e-02 4.680927199058444643e-15
-6.500000000004124701e-02 5.292846693667967157e-15
-6.000000000004135359e-02 5.860949398278142279e-15
-5.500000000004146017e-02 6.405858872605235751e-15
-5.000000000004156675e-02 6.947685211855822071e-15
-4.500000000004167333e-02 7.391853689186176109e-15
-4.000000000004177991e-02 7.613282927259100413e-15
-3.500000000004188649e-02 7.698951264695150983e-15
-3.000000000004199308e-02 7.904566025054876815e-15
-2.500000000004209966e-02 8.352755030356866252e-15
-2.000000000004220624e-02 8.941657025421657173e-15
-1.500000000004231282e-02 9.530406711860589172e-15
-1.000000000004241940e-02 1.007008209618909752e-14
-5.000000000042525983e-03 1.054566419827184350e-14
-4.263256414560601115e-14 1.092557397335357928e-14
4.999999999957260854e-03 1.119957946731799179e-14
9.999999999957154273e-03 1.142529176903577571e-14
1.499999999995704769e-02 1.171164477646536382e-14
1.999999999995694111e-02 1.209079806208478929e-14
2.499999999995683453e-02 1.241874812660387693e-14
2.999999999995672795e-02 1.249758998587095570e-14
3.499999999995662137e-02 1.229591035737493891e-14
3.999999999995651478e-02 1.196810972353130546e-14
4.499999999995640820e-02 1.169332858569446393e-14
4.999999999995630162e-02 1.157263456735787333e-14
5.499999999995619504e-02 1.157857497331526744e-14
5.999999999995608846e-02 1.156050129479123010e-14
6.499999999995598188e-02 1.137698692200957510e-14
6.999999999995587530e-02 1.099347827963372481e-14
7.499999999995576871e-02 1.044686383343692065e-14
7.999999999995566213e-02 9.789707307148678792e-15
8.499999999995555555e-02 9.131718179353816758e-15
8.999999999995544897e-02 8.642334433360474239e-15
9.499999999995534239e-02 8.349695707747877803e-15
9.999999999995523581e-02 8.088533857966574353e-15
1.049999999999551292e-01 7.759633906604264138e-15
1.099999999999550226e-01 7.415917995118226958e-15
1.149999999999549161e-01 7.099006592468420694e-15
1.199999999999548095e-01 6.804823044529679006e-15
1.249999999999547029e-01 6.527489033439056539e-15
1.299999999999545963e-01 6.214599544885693791e-15
1.349999999999544897e-01 5.809790770490583864e-15
1.399999999999543832e-01 5.397212062221661490e-15
1.449999999999542766e-01 5.180569925696921239e-15
1.499999999999541700e-01 5.241686692950620607e-15
1.549999999999540634e-01 5.404575022057530740e-15
1.599999999999539568e-01 5.489041944017227020e-15
1.649999999999538502e-01 5.557586895575873406e-15
1.699999999999537437e-01 5.731262939737472841e-15
1.749999999999536371e-01 5.949359067499760061e-15
1.799999999999535305e-01 6.148175564116007653e-15
1.849999999999534239e-01 6.406437169770871941e-15
1.899999999999533173e-01 6.717055970608365851e-15
1.949999999999532108e-01 6.945900252718002376e-15
1.999999999999531042e-01 7.047420154919964157e-15
2.049999999999529976e-01 7.173532404507299561e-15
2.099999999999528910e-01 7.537416514429474447e-15
2.149999999999527844e-01 8.156144806997989787e-15
2.199999999999526779e-01 8.849799366198972798e-15
2.249999999999525713e-01 9.469344916188409549e-15
2.299999999999524647e-01 9.991768496213826315e-15
2.349999999999523581e-01 1.044323662030792898e-14
2.399999999999522515e-01 1.082258086229713523e-14
2.449999999999521449e-01 1.104818818374354623e-14
2.499999999999520384e-01 1.112046221704717338e-14
2.549999999999519318e-01 1.123466943508467406e-14
2.599999999999518252e-01 1.145245508167086659e-14
2.649999999999517186e-01 1.166386466976671896e-14
2.699999999999516120e-01 1.185767552810983075e-14
2.749999999999515055e-01 1.205926607655388710e-14
2.799999999999513989e-01 1.236142871500157735e-14
2.849999999999512923e-01 1.306344726676037328e-14
2.899999999999511857e-01 1.454091549238839753e-14
2.949999999999510791e-01 1.716919720743168535e-14
2.999999999999509726e-01 2.154467537042509003e-14
3.049999999999508660e-01 2.869171740669112018e-14
3.099999999999507594e-01 4.021951164388126265e-14
3.149999999999506528e-01 5.848480312715158608e-14
3.199999999999505462e-01 8.691690449801345490e-14
3.249999999999504396e-01 1.306302434972955748e-13
3.299999999999503331e-01 1.970462091650134679e-13
3.349999999999502265e-01 2.963907118209406766e-13
3.399999999999501199e-01 4.425199809165970446e-13
3.449999999999500133e-01 6.539247926718986572e-13
3.499999999999499067e-01 9.542370073252393451e-13
3.549999999999498002e-01 1.372420154516908399e-12
3.599999999999496936e-01 1.942079903179480410e-12
3.649999999999495870e-01 2.698738108347462842e-12
3.699999999999494804e-01 3.674291009391499148e-12
3.749999999999493738e-01 4.887626027311931011e-12
3.799999999999492672e-01 6.330372897880807975e-12
3.849999999999491607e-01 7.947303988085696131e-12
3.899999999999490541e-01 9.613508767085343643e-12
3.949999999999489475e-01 1.111645788374516594e-11
3.999999999999488409e-01 1.216181179779308261e-11
4.049999999999487343e-01 1.244173459604310477e-11
4.099999999999486278e-01 1.184015899769898481e-11
4.149999999999485212e-01 1.091147178544250735e-11
4.199999999999484146e-01 1.187098887276658957e-11
4.249999999999483080e-01 2.049933167518642241e-11
4.299999999999482014e-01 4.962291832753025119e-11
4.349999999999480949e-01 1.252339849664288069e-10
4.399999999999479883e-01 2.969213669050276858e-10
4.449999999999478817e-01 6.551878894605616064e-10
4.499999999999477751e-01 1.359553283476253258e-09
4.549999999999476685e-01 2.683241621016810641e-09
4.599999999999475619e-01 5.082939284796001385e-09
4.649999999999474554e-01 9.305842016430839419e-09
4.699999999999473488e-01 1.655130692107072608e-08
4.749999999999472422e-01 2.871127226319247502e-08
4.799999999999471356e-01 4.872263691454968081e-08
4.849999999999470290e-01 8.107647381270311161e-08
4.899999999999469225e-01 1.325437724656161476e-07
4.949999999999468159e-01 2.131957983186680162e-07
4.999999999999467093e-01 3.378194314776254585e-07
5.049999999999466027e-01 5.278540825444062229e-07
5.099999999999464961e-01 8.140066761809764578e-07
5.149999999999463896e-01 1.239733864178174636e-06
5.199999999999462830e-01 1.865814398465531341e-06
5.249999999999461764e-01 2.776266721794321115e-06
5.299999999999460698e-01 4.085893228233509750e-06
5.349999999999459632e-01 5.949747587893262217e-06
5.399999999999458566e-01 8.574817435626794511e-06
5.449999999999457501e-01 1.223418200284710266e-05
5.499999999999456435e-01 1.728383134538738131e-05
5.549999999999455369e-01 2.418220737195202782e-05
5.599999999999454303e-01 3.351233247069129110e-05
5.649999999999453237e-01 4.600611463098992125e-05
5.699999999999452172e-01 6.257004549397174114e-05
5.749999999999451106e-01 8.431103030376490887e-05
5.799999999999450040e-01 1.125605032749060769e-04
5.849999999999448974e-01 1.488942952699905608e-04
5.899999999999447908e-01 1.951449534398887133e-04
5.949999999999446842e-01 2.534024030422687328e-04
5.999999999999445777e-01 3.259980503524803012e-04
6.049999999999444711e-01 4.154667380651079684e-04
6.099999999999443645e-01 5.244804940189662715e-04
6.149999999999442579e-01 6.557479012328324298e-04
6.199999999999441513e-01 8.118733276974424888e-04
6.249999999999440448e-01 9.951713719733093488e-04
6.299999999999439382e-01 1.207433896363164410e-03
6.349999999999438316e-01 1.449650115111643552e-03
6.399999999999437250e-01 1.721684531950416460e-03
6.449999999999436184e-01 2.021923173444768653e-03
6.499999999999435119e-01 2.346905548595015593e-03
6.549999999999434053e-01 2.690967967639807095e-03
6.599999999999432987e-01 3.045933008942282479e-03
6.649999999999431921e-01 3.400889587969269448e-03
6.699999999999430855e-01 3.742117614359541638e-03
6.749999999999429789e-01 4.053219776047015978e-03
6.799999999999428724e-01 4.315529526706014113e-03
6.849999999999427658e-01 4.508867682506425244e-03
6.899999999999426592e-01 4.612718870656793216e-03
6.949999999999425526e-01 4.607892125069311395e-03
6.999999999999424460e-01 4.478716014104897579e-03
7.049999999999423395e-01 4.215796880817523039e-03
7.099999999999422329e-01 3.819338547762430713e-03
7.149999999999421263e-01 3.302983213933425449e-03
7.199999999999420197e-01 2.698086980605538757e-03
7.249999999999419131e-01 2.058291034310659635e-03
7.299999999999418065e-01 1.464193425565653165e-03
7.349999999999417000e-01 1.027869940598610332e-03
7.399999999999415934e-01 8.969399154859065103e-04
7.449999999999414868e-01 1.257828780547296183e-03
7.499999999999413802e-01 2.337848822804294759e-03
7.549999999999412736e-01 4.405708317269021318e-03
7.599999999999411671e-01 7.770071598545275765e-03
7.649999999999410605e-01 1.277583272698849977e-02
7.699999999999409539e-01 1.979783566373263456e-02
7.749999999999408473e-01 2.923187496313621458e-02
7.799999999999407407e-01 4.148294132771728621e-02
7.849999999999406342e-01 5.695083184741264737e-02
7.899999999999405276e-01 7.601341866412457404e-02
7.949999999999404210e-01 9.900805299657701453e-02
7.999999999999403144e-01 1.262117626526376712e-01
8.049999999999402078e-01 1.578210675562063958e-01
8.099999999999401012e-01 1.939323759312371054e-01
8.149999999999399947e-01 2.345240204046488974e-01
8.199999999999398881e-01 2.794410365684806830e-01
8.249999999999397815e-01 3.283837671088121191e-01
8.299999999999396749e-01 3.809012865951851290e-01
8.349999999999395683e-01 4.363904839093427634e-01
8.399999999999394618e-01 4.941014144782402417e-01
8.449999999999393552e-01 5.531492515070716154e-01
8.499999999999392486e-01 6.125328377797117918e-01
8.549999999999391420e-01 6.711594851390232375e-01
8.599999999999390354e-01 7.278753086213192169e-01
8.649999999999389289e-01 7.815000394755167168e-01
8.699999999999388223e-01 8.308649593277727119e-01
8.749999999999387157e-01 8.748523584757510463e-01
8.799999999999386091e-01 9.124347634245106864e-01
8.849999999999385025e-01 9.427121162331227877e-01
8.899999999999383959e-01 9.649451288995488651e-01
8.949999999999382894e-01 9.785831808604547044e-01
8.999999999999381828e-01 9.832853705237838415e-01
9.049999999999380762e-01 9.789336594601008024e-01
9.099999999999379696e-01 9.656374412259242090e-01
9.149999999999378630e-01 9.437293017730667977e-01
9.199999999999377565e-01 9.137521879537933156e-01
9.249999999999376499e-01 8.764386366313561272e-01
9.299999999999375433e-01 8.326831122166343802e-01
9.349999999999374367e-01 7.835088309271496243e-01
9.399999999999373301e-01 7.300306962787687093e-01
9.449999999999372235e-01 6.734161189105369871e-01
9.499999999999371170e-01 6.148455383521534978e-01
9.549999999999370104e-01 5.554744055025822025e-01
9.599999999999369038e-01 4.963982300303205197e-01
9.649999999999367972e-01 4.386220603539523477e-01
9.699999999999366906e-01 3.830354638766600428e-01
9.749999999999365841e-01 3.303937335589451907e-01
9.799999999999364775e-01 2.813056870729337411e-01
9.849999999999363709e-01 2.362280698026968662e-01
9.899999999999362643e-01 1.954662440726066819e-01
9.949999999999361577e-01 1.591805621686820937e-01
9.999999999999360512e-01 1.273975936299762413e-01
1.004999999999935945e+00 7.385415780406197339e-02
1.009999999999935838e+00 3.882217798525769425e-02
1.014999999999935731e+00 1.787116778509194315e-02
1.019999999999935625e+00 6.779073667408017784e-03
1.024999999999935518e+00 1.972889156723972581e-03
1.029999999999935412e+00 7.126777502002452349e-04
1.034999999999935305e+00 1.095549909141987520e-03
1.039999999999935199e+00 1.946996368234402055e-03
1.044999999999935092e+00 2.655775086414953728e-03
1.049999999999934985e+00 2.996071595655350455e-03
1.054999999999934879e+00 2.967691406617085220e-03
1.059999999999934772e+00 2.672387626828395205e-03
1.064999999999934666e+00 2.232866161368340582e-03
1.069999999999934559e+00 1.751333921702266910e-03
1.074999999999934452e+00 1.297451488958098866e-03
1.079999999999934346e+00 9.120097872275963451e-04
1.084999999999934239e+00 6.133596440885694329e-04
1.089999999999934133e+00 3.993727731357878639e-04
1.094999999999934026e+00 2.492918305472170562e-04
1.099999999999933920e+00 1.480248982617553602e-04
1.104999999999933813e+00 8.521911426892480582e-05
1.109999999999933706e+00 4.726715536937965429e-05
1.114999999999933600e+00 2.525731100140512228e-05
1.119999999999933493e+00 1.300483233108247565e-05
1.124999999999933387e+00 6.451507624007513713e-06
1.129999999999933280e+00 3.079094750073932527e-06
1.134999999999933173e+00 1.408672853026317367e-06
1.139999999999933067e+00 6.151852424446697355e-07
1.144999999999932960e+00 2.573962162223057030e-07
1.149999999999932854e+00 1.060167027778894293e-07
1.154999999999932747e+00 4.470823072494649487e-08
1.159999999999932641e+00 1.789269602214662851e-08
1.164999999999932534e+00 3.617609268295916675e-09
1.169999999999932427e+00 -3.006124697280214228e-09
1.174999999999932321e+00 -2.223409854686506977e-09
1.179999999999932214e+00 2.339743079485216654e-09
1.184999999999932108e+00 3.443990864303233760e-09
1.189999999999932001e+00 -1.346266822084974541e-09
1.194999999999931894e+00 -2.133530037510325267e-09
1.199999999999931788e+00 1.476887925883408411e-11
1.204999999999931681e+00 2.084136083722324997e-11
1.209999999999931575e+00 1.644806155904427910e-11
1.214999999999931468e+00 9.752597987112694806e-12
1.219999999999931362e+00 4.378594043047839111e-12
1.224999999999931255e+00 1.217718476135214023e-12
1.229999999999931148e+00 -1.439918037347304161e-13
1.234999999999931042e+00 -4.797340268932364030e-13
1.239999999999930935e+00 -4.231587465424120720e-13
1.244999999999930829e+00 -3.110669341695708295e-13
1.249999999999930722e+00 -2.334869898987310573e-13
1.254999999999930616e+00 -1.641272230980518308e-13
1.259999999999930509e+00 -7.552688719961387447e-14
1.264999999999930402e+00 1.202824961049795881e-14
1.269999999999930296e+00 5.142015583504673023e-14
1.274999999999930189e+00 2.391915169527916472e-14
1.279999999999930083e+00 -2.688993713197076682e-14
1.284999999999929976e+00 -2.829522163926387484e-14
1.289999999999929869e+00 2.588143133418535393e-14
1.294999999999929763e+00 2.374604455854996516e-14
1.299999999999929656e+00 -1.217019012835114210e-15
1.304999999999929550e+00 -1.522672342285024085e-15
1.309999999999929443e+00 -7.676144203103939447e-16
1.314999999999929337e+00 -7.991343203823056772e-17
1.319999999999929230e+00 2.284046699197360861e-16
1.324999999999929123e+00 2.298754261267239522e-16
1.329999999999929017e+00 1.037985841618147175e-16
1.334999999999928910e+00 -8.529853226061262083e-18
1.339999999999928804e+00 -4.977354443540311255e-17
1.344999999999928697e+00 -3.209661536833898246e-17
1.349999999999928590e+00 2.377408528898579441e-18
1.354999999999928484e+00 1.902208170227120730e-17
1.359999999999928377e+00 1.004308843289409452e-17
1.364999999999928271e+00 -8.392740573752762589e-18
1.369999999999928164e+00 -1.468443028384411548e-17
1.374999999999928058e+00 -2.253101321370148664e-18
1.379999999999927951e+00 1.337801285323727481e-17
1.384999999999927844e+00 1.002559212668506565e-17
1.389999999999927738e+00 -1.008207417691198506e-17
1.394999999999927631e+00 -8.553076453596678852e-18
1.399999999999927525e+00 4.435082411093624607e-18
1.404999999999927418e+00 1.723226809672163190e-19
1.409999999999927311e+00 4.669559869361774147e-19
1.414999999999927205e+00 2.293841227278160246e-19
1.419999999999927098e+00 -2.958993826806449873e-19
1.424999999999926992e+00 -4.166761857001984735e-19
1.429999999999926885e+00 -1.254314995164872984e-19
1.434999999999926779e+00 1.914547766585190006e-19
1.439999999999926672e+00 2.443545755391509092e-19
1.444999999999926565e+00 5.265424539808376742e-20
1.449999999999926459e+00 -1.546102000065593020e-19
1.454999999999926352e+00 -1.762863467268103455e-19
1.459999999999926246e+00 -1.099822207711327124e-20
1.464999999999926139e+00 1.563321171150890723e-19
1.469999999999926033e+00 1.364826058105145192e-19
1.474999999999925926e+00 -5.756581135643491238e-20
1.479999999999925819e+00 -1.794553772108177980e-19
1.484999999999925713e+00 -1.599350675458615712e-20
1.489999999999925606e+00 1.988416116676748497e-19
1.494999999999925500e+00 -9.756231475241139392e-20
1.499999999999925393e+00 3.834256961327490887e-19
1.504999999999925286e+00 -8.974114263524933410e-20
1.509999999999925180e+00 -1.552506091285522711e-21
1.514999999999925073e+00 5.179522502063506249e-20
1.519999999999924967e+00 1.578482816766514297e-20
1.524999999999924860e+00 -2.924655085178515068e-20
1.529999999999924754e+00 -3.249007479507926598e-20
1.534999999999924647e+00 -1.460596138161943322e-21
1.539999999999924540e+00 2.760253369923041770e-20
1.544999999999924434e+00 2.765166436126858864e-20
1.549999999999924327e+00 7.004800215771472015e-22
1.554999999999924221e+00 -2.725793838165412661e-20
1.559999999999924114e+00 -2.884071327585833036e-20
1.564999999999924007e+00 4.564902450845602005e-22
1.569999999999923901e+00 3.370818255917294645e-20
1.574999999999923794e+00 3.101511251373060187e-20
1.579999999999923688e+00 -1.837417078332189784e-20
1.584999999999923581e+00 -5.763110291490892091e-20
1.589999999999923475e+00 1.079281146675725180e-20
1.594999999999923368e+00 1.260732056356799345e-19
1.599999999999923261e+00 -4.665341076098402018e-19
1.604999999999923155e+00 1.416253866799715740e-19
1.609999999999923048e+00 -1.713695223463261935e-20
1.614999999999922942e+00 -5.751306389156516317e-20
1.619999999999922835e+00 3.672339529215662068e-21
1.624999999999922728e+00 3.892812470262882856e-20
1.629999999999922622e+00 1.789662216803513019e-20
1.634999999999922515e+00 -1.835990456553979175e-20
1.639999999999922409e+00 -2.822527193737566747e-20
1.644999999999922302e+00 -7.245177040783762261e-21
1.649999999999922196e+00 1.860085773873512460e-20
1.654999999999922089e+00 2.272049105069028127e-20
1.659999999999921982e+00 2.506879391988323699e-21
1.664999999999921876e+00 -1.957094571704216782e-20
1.669999999999921769e+00 -1.833006206235058669e-20
1.674999999999921663e+00 6.334153861801478303e-21
1.679999999999921556e+00 2.315542932217967316e-20
1.684999999999921450e+00 2.797401505871593650e-21
1.689999999999921343e+00 -2.642265941545227478e-20
1.694999999999921236e+00 1.206500297367484775e-20
1.699999999999921130e+00 -3.316616101280460451e-20
1.704999999999921023e+00 1.829813738211249946e-21
1.709999999999920917e+00 2.616210077485643224e-21
1.714999999999920810e+00 -1.928773353547215336e-21
1.719999999999920703e+00 -2.091089340650354182e-21
1.724999999999920597e+00 6.370806136102133209e-22
1.729999999999920490e+00 2.262104707974054600e-21
1.734999999999920384e+00 1.186007353990074519e-21
1.739999999999920277e+00 -1.161106203899909444e-21
1.744999999999920171e+00 -2.300062176133170585e-21
1.749999999999920064e+00 -1.061316452345730102e-21
1.754999999999919957e+00 1.410682890207231610e-21
1.759999999999919851e+00 2.623039495140754363e-21
1.764999999999919744e+00 1.001770843370611649e-21
1.769999999999919638e+00 -2.200452825976841279e-21
1.774999999999919531e+00 -3.265167998612542997e-21
1.779999999999919424e+00 4.072482780457146950e-22
1.784999999999919318e+00 5.144640250469371289e-21
1.789999999999919211e+00 6.603074611297456105e-22
1.794999999999919105e+00 -1.181023215542678314e-20
1.799999999999918998e+00 4.109067511798311536e-20
1.804999999999918892e+00 -1.171814373082194149e-20
1.809999999999918785e+00 1.090092360666518841e-21
1.814999999999918678e+00 4.869868088679998226e-21
1.819999999999918572e+00 -6.485092491736263775e-23
1.824999999999918465e+00 -3.225977772961407829e-21
1.829999999999918359e+00 -1.705851810442938976e-21
1.834999999999918252e+00 1.353422614981205016e-21
1.839999999999918145e+00 2.420143396842699685e-21
1.844999999999918039e+00 8.501845780596538142e-22
1.849999999999917932e+00 -1.386625990573607540e-21
1.854999999999917826e+00 -2.004349327063032477e-21
1.859999999999917719e+00 -5.041714350873238176e-22
1.864999999999917613e+00 1.474106825376428860e-21
1.869999999999917506e+00 1.742030071844510727e-21
1.874999999999917399e+00 -1.413916830997777200e-22
1.879999999999917293e+00 -1.937057911217120054e-21
1.884999999999917186e+00 -8.218448980175223021e-22
1.889999999999917080e+00 2.112903709682908341e-21
1.894999999999916973e+00 4.133990810578807057e-22
1.899999999999916866e+00 -2.671065746897833804e-21
1.904999999999916760e+00 1.499525520214132917e-21
1.909999999999916653e+00 -5.109859209961648000e-22
1.914999999999916547e+00 -5.041239879151967492e-22
1.919999999999916440e+00 2.857288547861169494e-22
1.924999999999916334e+00 4.235764898327469320e-22
1.929999999999916227e+00 -2.746177590297239880e-23
1.934999999999916120e+00 -3.678735802252902352e-22
1.939999999999916014e+00 -2.296277882631793665e-22
1.944999999999915907e+00 1.658605328151071330e-22
1.949999999999915801e+00 3.566797134325777809e-22
1.954999999999915694e+00 1.320731452016613538e-22
1.959999999999915588e+00 -2.621432762093839150e-22
1.964999999999915481e+00 -3.629081615861245637e-22
1.969999999999915374e+00 1.173537764411568522e-23
1.974999999999915268e+00 4.476813977826428226e-22
1.979999999999915161e+00 2.534195746702238643e-22
1.984999999999915055e+00 -5.398808435171480544e-22
1.989999999999914948e+00 -4.230403223545395225e-22
1.994999999999914841e+00 1.468627006421982258e-21
