-2.000000000000000000e+00 7.348479487472608521e-16
-1.995000000000000107e+00 7.547927657247998572e-16
-1.990000000000000213e+00 7.752027023261362999e-16
-1.985000000000000320e+00 7.960899377086837808e-16
-1.980000000000000426e+00 8.174669517606474188e-16
-1.975000000000000533e+00 8.393465329165554910e-16
-1.970000000000000639e+00 8.617417861706333456e-16
-1.965000000000000746e+00 8.846661412930067647e-16
-1.960000000000000853e+00 9.081333612538350603e-16
-1.955000000000000959e+00 9.321575508606212075e-16
-1.950000000000001066e+00 9.567531656140608048e-16
-1.945000000000001172e+00 9.819350207879464640e-16
-1.940000000000001279e+00 1.007718300738764140e-15
-1.935000000000001386e+00 1.034118568450785246e-15
-1.930000000000001492e+00 1.061151775322572691e-15
-1.925000000000001599e+00 1.088834271201013715e-15
-1.920000000000001705e+00 1.117182814669097530e-15
-1.915000000000001812e+00 1.146214583593852976e-15
-1.910000000000001918e+00 1.175947185941013855e-15
-1.905000000000002025e+00 1.206398670863121197e-15
-1.900000000000002132e+00 1.237587540067988282e-15
-1.895000000000002238e+00 1.266664265410740919e-15
-1.890000000000002345e+00 1.296517840294467189e-15
-1.885000000000002451e+00 1.327167781760953919e-15
-1.880000000000002558e+00 1.358634106874853568e-15
-1.875000000000002665e+00 1.390937345013573695e-15
-1.870000000000002771e+00 1.424098550480931489e-15
-1.865000000000002878e+00 1.458139315452468320e-15
-1.860000000000002984e+00 1.493081783260517794e-15
-1.855000000000003091e+00 1.528948662027326546e-15
-1.850000000000003197e+00 1.565763238654766379e-15
-1.845000000000003304e+00 1.603549393179365735e-15
-1.840000000000003411e+00 1.642331613501645989e-15
-1.835000000000003517e+00 1.682135010498962280e-15
-1.830000000000003624e+00 1.722985333531289764e-15
-1.825000000000003730e+00 1.764908986349655322e-15
-1.820000000000003837e+00 1.807933043417138779e-15
-1.815000000000003944e+00 1.852085266652655856e-15
-1.810000000000004050e+00 1.897394122607971294e-15
-1.805000000000004157e+00 1.943888800088677371e-15
-1.800000000000004263e+00 1.991599228230142438e-15
-1.795000000000004370e+00 2.039922224425938639e-15
-1.790000000000004476e+00 2.089551271065507691e-15
-1.785000000000004583e+00 2.140517264148526831e-15
-1.780000000000004690e+00 2.192851913329326094e-15
-1.775000000000004796e+00 2.246587761709360702e-15
-1.770000000000004903e+00 2.301758206164806850e-15
-1.765000000000005009e+00 2.358397518221954335e-15
-1.760000000000005116e+00 2.416540865493351105e-15
-1.755000000000005222e+00 2.476224333688050400e-15
-1.750000000000005329e+00 2.537484949209638152e-15
-1.745000000000005436e+00 2.600360702356060679e-15
-1.740000000000005542e+00 2.664890571135671864e-15
-1.735000000000005649e+00 2.731114545714271631e-15
-1.730000000000005755e+00 2.799073653508289741e-15
-1.725000000000005862e+00 2.868809984939692542e-15
-1.720000000000005969e+00 2.940366719868544900e-15
-1.715000000000006075e+00 3.013788154719617877e-15
-1.710000000000006182e+00 3.089119730319825946e-15
-1.705000000000006288e+00 3.166408060463742599e-15
-1.700000000000006395e+00 3.245700961224828523e-15
-1.695000000000006501e+00 3.325793034870408491e-15
-1.690000000000006608e+00 3.407956765366919376e-15
-1.685000000000006715e+00 3.492239566514269195e-15
-1.680000000000006821e+00 3.578690161291590669e-15
-1.675000000000006928e+00 3.667358612081781004e-15
-1.670000000000007034e+00 3.758296351735599126e-15
-1.665000000000007141e+00 3.851556215494413547e-15
-1.660000000000007248e+00 3.947192473791341734e-15
-1.655000000000007354e+00 4.045260865950997486e-15
-1.650000000000007461e+00 4.145818634808739328e-15
-1.645000000000007567e+00 4.248924562270871398e-15
-1.640000000000007674e+00 4.354639005837843918e-15
-1.635000000000007780e+00 4.463023936113185067e-15
-1.630000000000007887e+00 4.574142975321487708e-15
-1.625000000000007994e+00 4.688061436859437880e-15
-1.620000000000008100e+00 4.804846365904579534e-15
-1.615000000000008207e+00 4.924566581107158484e-15
-1.610000000000008313e+00 5.047292717391096099e-15
-1.605000000000008420e+00 5.173097269890891943e-15
-1.600000000000008527e+00 5.302054639051966877e-15
-1.595000000000008633e+00 5.444481892986102918e-15
-1.590000000000008740e+00 5.590234275739902759e-15
-1.585000000000008846e+00 5.739401922244996953e-15
-1.580000000000008953e+00 5.892077106447582456e-15
-1.575000000000009059e+00 6.048354297591992398e-15
-1.570000000000009166e+00 6.208330217845324658e-15
-1.565000000000009273e+00 6.372103901298994802e-15
-1.560000000000009379e+00 6.539776754384012965e-15
-1.555000000000009486e+00 6.711452617737661455e-15
-1.550000000000009592e+00 6.887237829560218590e-15
-1.545000000000009699e+00 7.067241290501223878e-15
-1.540000000000009805e+00 7.251574530115859595e-15
-1.535000000000009912e+00 7.440351774932959419e-15
-1.530000000000010019e+00 7.633690018177186597e-15
-1.525000000000010125e+00 7.831709091188955160e-15
-1.520000000000010232e+00 8.034531736586835229e-15
-1.515000000000010338e+00 8.242283683218172679e-15
-1.510000000000010445e+00 8.455093722944837497e-15
-1.505000000000010552e+00 8.673093789312241871e-15
-1.500000000000010658e+00 8.896419038150860819e-15
-1.495000000000010765e+00 9.106880791059672159e-15
-1.490000000000010871e+00 9.323047853672987153e-15
-1.485000000000010978e+00 9.545058519561856403e-15
-1.480000000000011084e+00 9.773054868385982333e-15
-1.475000000000011191e+00 1.000718285252271931e-14
-1.470000000000011298e+00 1.024759238618535906e-14
-1.465000000000011404e+00 1.049443743708592164e-14
-1.460000000000011511e+00 1.074787612069942985e-14
-1.455000000000011617e+00 1.100807079718815626e-14
-1.450000000000011724e+00 1.127518817104605366e-14
-1.445000000000011831e+00 1.154939939352519652e-14
-1.440000000000011937e+00 1.183088016790788037e-14
-1.435000000000012044e+00 1.211981085768977100e-14
-1.430000000000012150e+00 1.241637659774122759e-14
-1.425000000000012257e+00 1.272076740851595768e-14
-1.420000000000012363e+00 1.303317831337788308e-14
-1.415000000000012470e+00 1.335380945911915165e-14
-1.410000000000012577e+00 1.368286623974418631e-14
-1.405000000000012683e+00 1.402055942359668990e-14
-1.400000000000012790e+00 1.436710528390866076e-14
-1.395000000000012896e+00 1.475638162449542157e-14
-1.390000000000013003e+00 1.515494466735406117e-14
-1.385000000000013110e+00 1.556303385364968399e-14
-1.380000000000013216e+00 1.598089452226022692e-14
-1.375000000000013323e+00 1.640877806438040451e-14
-1.370000000000013429e+00 1.684694208192989811e-14
-1.365000000000013536e+00 1.729565054986416922e-14
-1.360000000000013642e+00 1.775517398248877038e-14
-1.355000000000013749e+00 1.822578960388053534e-14
-1.350000000000013856e+00 1.870778152252170608e-14
-1.345000000000013962e+00 1.920144091025536109e-14
-1.340000000000014069e+00 1.970706618567369911e-14
-1.335000000000014175e+00 2.022496320205302688e-14
-1.330000000000014282e+00 2.075544543995253038e-14
-1.325000000000014388e+00 2.129883420459646516e-14
-1.320000000000014495e+00 2.185545882816276481e-14
-1.315000000000014602e+00 2.242565687710384687e-14
-1.310000000000014708e+00 2.300977436462868630e-14
-1.305000000000014815e+00 2.360816596847855901e-14
-1.300000000000014921e+00 2.422119525413182710e-14
-1.295000000000015028e+00 2.485142247369812685e-14
-1.290000000000015135e+00 2.549682846378579878e-14
-1.285000000000015241e+00 2.615782364241210280e-14
-1.280000000000015348e+00 2.683482817931470014e-14
-1.275000000000015454e+00 2.752827225879009792e-14
-1.270000000000015561e+00 2.823859634886301482e-14
-1.265000000000015667e+00 2.896625147695638038e-14
-1.260000000000015774e+00 2.971169951223582003e-14
-1.255000000000015881e+00 3.047541345480660888e-14
-1.250000000000015987e+00 3.125787773194550081e-14
-1.245000000000016094e+00 3.205958850155442147e-14
-1.240000000000016200e+00 3.288105396302727639e-14
-1.235000000000016307e+00 3.372279467572618098e-14
-1.230000000000016414e+00 3.458534388526789927e-14
-1.225000000000016520e+00 3.546924785782649792e-14
-1.220000000000016627e+00 3.637506622266308114e-14
-1.215000000000016733e+00 3.730337232309877316e-14
-1.210000000000016840e+00 3.825475357615223350e-14
-1.205000000000016946e+00 3.922981184106904183e-14
-1.200000000000017053e+00 4.022916379697495984e-14
-1.195000000000017160e+00 4.119339918630271082e-14
-1.190000000000017266e+00 4.218332839337082017e-14
-1.185000000000017373e+00 4.319957082366429662e-14
-1.180000000000017479e+00 4.424276226388415613e-14
-1.175000000000017586e+00 4.531355527159118640e-14
-1.170000000000017693e+00 4.641261957545201463e-14
-1.165000000000017799e+00 4.754064248633483360e-14
-1.160000000000017906e+00 4.869832931950852817e-14
-1.155000000000018012e+00 4.988640382820584151e-14
-1.150000000000018119e+00 5.110560864881796098e-14
-1.145000000000018225e+00 5.235670575799492098e-14
-1.140000000000018332e+00 5.364047694193386888e-14
-1.135000000000018439e+00 5.495772427814402445e-14
-1.130000000000018545e+00 5.630927062998534838e-14
-1.125000000000018652e+00 5.769596015428554646e-14
-1.120000000000018758e+00 5.911865882234781720e-14
-1.115000000000018865e+00 6.057825495467018209e-14
-1.110000000000018971e+00 6.207565976970590265e-14
-1.105000000000019078e+00 6.361180794700222533e-14
-1.100000000000019185e+00 6.518765820506487496e-14
-1.095000000000019291e+00 6.686241990910475641e-14
-1.090000000000019398e+00 6.857843540813634351e-14
-1.085000000000019504e+00 7.033679006969678593e-14
-1.080000000000019611e+00 7.213859565379170214e-14
-1.075000000000019718e+00 7.398499100290459357e-14
-1.070000000000019824e+00 7.587714274842563489e-14
-1.065000000000019931e+00 7.781624603393025550e-14
-1.060000000000020037e+00 7.980352525574907249e-14
-1.055000000000020144e+00 8.184023482128190543e-14
-1.050000000000020250e+00 8.392765992551886490e-14
-1.045000000000020357e+00 8.606711734624323242e-14
-1.040000000000020464e+00 8.825995625840292823e-14
-1.035000000000020570e+00 9.050755906814844561e-14
-1.030000000000020677e+00 9.281134226704830724e-14
-1.025000000000020783e+00 9.517275730700496380e-14
-1.020000000000020890e+00 9.759329149640735822e-14
-1.015000000000020997e+00 1.000744689180696825e-13
-1.010000000000021103e+00 1.026178513695188794e-13
-1.005000000000021210e+00 1.052250393262086511e-13
-1.000000000000021316e+00 1.078976729282501808e-13
-9.950000000000214229e-01 1.077589694265033684e-13
-9.900000000000215294e-01 1.068822103987748431e-13
-9.850000000000216360e-01 1.052885646563879147e-13
-9.800000000000217426e-01 1.030144325190886808e-13
-9.750000000000218492e-01 1.001122897309101988e-13
-9.700000000000219558e-01 9.665005405660637403e-14
-9.650000000000220624e-01 9.270853038021019640e-14
-9.600000000000221689e-01 8.837779150828890353e-14
-9.550000000000222755e-01 8.375344713069999011e-14
-9.500000000000223821e-01 7.893302631743766196e-14
-9.450000000000224887e-01 7.401232428275081125e-14
-9.400000000000225953e-01 6.908192843170483793e-14
-9.350000000000227018e-01 6.422450464182268501e-14
-9.300000000000228084e-01 5.951315044950719803e-14
-9.250000000000229150e-01 5.501055972868859359e-14
-9.200000000000230216e-01 5.076858792239086351e-14
-9.150000000000231282e-01 4.682807841797695965e-14
-9.100000000000232347e-01 4.321899706133032096e-14
-9.050000000000233413e-01 3.996081595843723412e-14
-9.000000000000234479e-01 3.706297527329652140e-14
-8.950000000000235545e-01 3.452537160508940800e-14
-8.900000000000236611e-01 3.233903702211909886e-14
-8.850000000000237677e-01 3.048721693335653273e-14
-8.800000000000238742e-01 2.894687387922430384e-14
-8.750000000000239808e-01 2.769042060546480858e-14
-8.700000000000240874e-01 2.668741555215747235e-14
-8.650000000000241940e-01 2.590605871393417060e-14
-8.600000000000243006e-01 2.531446700670728539e-14
-8.550000000000244071e-01 2.488175687342473669e-14
-8.500000000000245137e-01 2.457892516562917465e-14
-8.450000000000246203e-01 2.437949052090016876e-14
-8.400000000000247269e-01 2.425988390302810665e-14
-8.350000000000248335e-01 2.419962379805066029e-14
-8.300000000000249401e-01 2.418133259664807711e-14
-8.250000000000250466e-01 2.419064287804676466e-14
-8.200000000000251532e-01 2.421602708464395681e-14
-8.150000000000252598e-01 2.424857233637712698e-14
-8.100000000000253664e-01 2.428171256735516496e-14
-8.050000000000254730e-01 2.431092421210639613e-14
-8.000000000000255795e-01 2.433339439245560564e-14
-7.950000000000256861e-01 2.434768025791727429e-14
-7.900000000000257927e-01 2.435338467699052214e-14
-7.850000000000258993e-01 2.435086896756828084e-14
-7.800000000000260059e-01 2.434101055436921004e-14
-7.750000000000261124e-01 2.432500212886234371e-14
-7.700000000000262190e-01 2.430418612399548752e-14
-7.650000000000263256e-01 2.427992282482859847e-14
-7.600000000000264322e-01 2.425349466020512232e-14
-7.550000000000265388e-01 2.422604689277574737e-14
-7.500000000000266454e-01 2.419855774912854192e-14
-7.450000000000267519e-01 2.417182671070468034e-14
-7.400000000000268585e-01 2.414647250820719292e-14
-7.350000000000269651e-01 2.412293839405931588e-14
-7.300000000000270717e-01 2.410150533851352720e-14
-7.250000000000271783e-01 2.408231285201099432e-14
-7.200000000000272848e-01 2.406538517754624779e-14
-7.150000000000273914e-01 2.405065950033916631e-14
-7.100000000000274980e-01 2.403801252944471512e-14
-7.050000000000276046e-01 2.402728251510511468e-14
-7.000000000000277112e-01 2.401828571620671266e-14
-6.950000000000278177e-01 2.401082836814616189e-14
-6.900000000000279243e-01 2.400471581175457818e-14
-6.850000000000280309e-01 2.399975971744187965e-14
-6.800000000000281375e-01 2.399578354861543763e-14
-6.750000000000282441e-01 2.399262624321216688e-14
-6.700000000000283507e-01 2.399014426734979476e-14
-6.650000000000284572e-01 2.398821232147118824e-14
-6.600000000000285638e-01 2.398672301146184648e-14
-6.550000000000286704e-01 2.398558580029841039e-14
-6.500000000000287770e-01 2.398472552588058606e-14
-6.450000000000288836e-01 2.398408070026796628e-14
-6.400000000000289901e-01 2.398360173031182010e-14
-6.350000000000290967e-01 2.398324915336822418e-14
-6.300000000000292033e-01 2.398299196172439006e-14
-6.250000000000293099e-01 2.398280607361079664e-14
-6.200000000000294165e-01 2.398267298645690610e-14
-6.150000000000295231e-01 2.398257862565351244e-14
-6.100000000000296296e-01 2.398251238655106190e-14
-6.050000000000297362e-01 2.398246635664555522e-14
-6.000000000000298428e-01 2.398243469516601127e-14
-5.950000000000299494e-01 2.398241314126323468e-14
-5.900000000000300560e-01 2.398239862396856004e-14
-5.850000000000301625e-01 2.398238895474544304e-14
-5.800000000000302691e-01 2.398238258983264882e-14
-5.750000000000303757e-01 2.398237845121029101e-14
-5.700000000000304823e-01 2.398237579433101891e-14
-5.650000000000305889e-01 2.398237411122996913e-14
-5.600000000000306954e-01 2.398237305983770082e-14
-5.550000000000308020e-01 2.398237241282688266e-14
-5.500000000000309086e-01 2.398237202110540048e-14
-5.450000000000310152e-01 2.398237178818094642e-14
-5.400000000000311218e-01 2.398237165244508674e-14
-5.350000000000312284e-01 2.398237157512056847e-14
-5.300000000000313349e-01 2.398237153218385074e-14
-5.250000000000314415e-01 2.398237150902078041e-14
-5.200000000000315481e-01 2.398237149692723035e-14
-5.150000000000316547e-01 2.398237149084233598e-14
-5.100000000000317613e-01 2.398237148790208099e-14
-5.050000000000318678e-01 2.398237148653521223e-14
-5.000000000000319744e-01 2.398237148591146938e-14
-4.950000000000320810e-01 2.398237148561279718e-14
-4.900000000000321876e-01 2.398237148544216341e-14
-4.850000000000322942e-01 2.398237148531545341e-14
-4.800000000000324007e-01 2.398237148520253271e-14
-4.750000000000325073e-01 2.398237148509653505e-14
-4.700000000000326139e-01 2.398237148499876994e-14
-4.650000000000327205e-01 2.398237148491205204e-14
-4.600000000000328271e-01 2.398237148483821465e-14
-4.550000000000329337e-01 2.398237148477764907e-14
-4.500000000000330402e-01 2.398237148472959797e-14
-4.450000000000331468e-01 2.398237148469255622e-14
-4.400000000000332534e-01 2.398237148466469681e-14
-4.350000000000333600e-01 2.398237148464417696e-14
-4.300000000000334666e-01 2.398237148462935900e-14
-4.250000000000335731e-01 2.398237148461887661e-14
-4.200000000000336797e-01 2.398237148461161278e-14
-4.150000000000337863e-01 2.398237148460666189e-14
-4.100000000000338929e-01 2.398237148460335183e-14
-4.050000000000339995e-01 2.398237148460119982e-14
-4.000000000000341061e-01 2.398237148459983982e-14
-3.950000000000342126e-01 2.398237148459902887e-14
-3.900000000000343192e-01 2.398237148459864391e-14
-3.850000000000344258e-01 2.398237148459847983e-14
-3.800000000000345324e-01 2.398237148459833152e-14
-3.750000000000346390e-01 2.398237148459817375e-14
-3.700000000000347455e-01 2.398237148459800020e-14
-3.650000000000348521e-01 2.398237148459788029e-14
-3.600000000000349587e-01 2.398237148459785505e-14
-3.550000000000350653e-01 2.398237148459785189e-14
-3.500000000000351719e-01 2.398237148459786767e-14
-3.450000000000352784e-01 2.398237148459789291e-14
-3.400000000000353850e-01 2.398237148459791185e-14
-3.350000000000354916e-01 2.398237148459792762e-14
-3.300000000000355982e-01 2.398237148459794340e-14
-3.250000000000357048e-01 2.398237148459794656e-14
-3.200000000000358114e-01 2.398237148459789607e-14
-3.150000000000359179e-01 2.398237148459782349e-14
-3.100000000000360245e-01 2.398237148459776354e-14
-3.050000000000361311e-01 2.398237148459772883e-14
-3.000000000000362377e-01 2.398237148459770990e-14
-2.950000000000363443e-01 2.398237148459769412e-14
-2.900000000000364508e-01 2.398237148459766572e-14
-2.850000000000365574e-01 2.398237148459763417e-14
-2.800000000000366640e-01 2.398237148459761839e-14
-2.750000000000367706e-01 2.398237148459759946e-14
-2.700000000000368772e-01 2.398237148459757106e-14
-2.650000000000369837e-01 2.398237148459754581e-14
-2.600000000000370903e-01 2.398237148459752373e-14
-2.550000000000371969e-01 2.398237148459749848e-14
-2.500000000000373035e-01 2.398237148459746062e-14
-2.450000000000374101e-01 2.398237148459742591e-14
-2.400000000000375167e-01 2.398237148459740697e-14
-2.350000000000376232e-01 2.398237148459738489e-14
-2.300000000000377298e-01 2.398237148459734071e-14
-2.250000000000378364e-01 2.398237148459728076e-14
-2.200000000000379430e-01 2.398237148459723027e-14
-2.150000000000380496e-01 2.398237148459718294e-14
-2.100000000000381561e-01 2.398237148459713245e-14
-2.050000000000382627e-01 2.398237148459709459e-14
-2.000000000000383693e-01 2.398237148459706303e-14
-1.950000000000384759e-01 2.398237148459702832e-14
-1.900000000000385825e-01 2.398237148459699361e-14
-1.850000000000386891e-01 2.398237148459696521e-14
-1.800000000000387956e-01 2.398237148459693050e-14
-1.750000000000389022e-01 2.398237148459689264e-14
-1.700000000000390088e-01 2.398237148459686108e-14
-1.650000000000391154e-01 2.398237148459683899e-14
-1.600000000000392220e-01 2.398237148459682006e-14
-1.550000000000393285e-01 2.398237148459680113e-14
-1.500000000000394351e-01 2.398237148459678851e-14
-1.450000000000395417e-01 2.398237148459676326e-14
-1.400000000000396483e-01 2.398237148459674749e-14
-1.350000000000397549e-01 2.398237148459675064e-14
-1.300000000000398614e-01 2.398237148459676326e-14
-1.250000000000399680e-01 2.398237148459677589e-14
-1.200000000000400746e-01 2.398237148459678220e-14
-1.150000000000401812e-01 2.398237148459678535e-14
-1.100000000000402878e-01 2.398237148459678851e-14
-1.050000000000403944e-01 2.398237148459678851e-14
-1.000000000000405009e-01 2.398237148459679797e-14
-9.500000000004060752e-02 2.398237148459680113e-14
-9.000000000004071410e-02 2.398237148459681691e-14
-8.500000000004082068e-02 2.398237148459683899e-14
-8.000000000004092726e-02 2.398237148459686108e-14
-7.500000000004103384e-02 2.398237148459688317e-14
-7.000000000004114042e-02 2.398237148459691473e-14
-6.500000000004124701e-02 2.398237148459693997e-14
-6.000000000004135359e-02 2.398237148459696206e-14
-5.500000000004146017e-02 2.398237148459698730e-14
-5.000000000004156675e-02 2.398237148459700939e-14
-4.500000000004167333e-02 2.398237148459702517e-14
-4.000000000004177991e-02 2.398237148459702832e-14
-3.500000000004188649e-02 2.398237148459702832e-14
-3.000000000004199308e-02 2.398237148459702832e-14
-2.500000000004209966e-02 2.398237148459703148e-14
-2.000000000004220624e-02 2.398237148459703463e-14
-1.500000000004231282e-02 2.398237148459703148e-14
-1.000000000004241940e-02 2.398237148459702832e-14
-5.000000000042525983e-03 2.398237148459702517e-14
-4.263256414560601115e-14 2.398237148459702201e-14
4.999999999957260854e-03 2.398237148459702201e-14
9.999999999957154273e-03 2.398237148459702201e-14
1.499999999995704769e-02 2.398237148459701885e-14
1.999999999995694111e-02 2.398237148459702201e-14
2.499999999995683453e-02 2.398237148459702832e-14
2.999999999995672795e-02 2.398237148459702517e-14
3.499999999995662137e-02 2.398237148459701254e-14
3.999999999995651478e-02 2.398237148459699361e-14
4.499999999995640820e-02 2.398237148459697152e-14
4.999999999995630162e-02 2.398237148459694628e-14
5.499999999995619504e-02 2.398237148459692104e-14
5.999999999995608846e-02 2.398237148459688948e-14
6.499999999995598188e-02 2.398237148459685162e-14
6.999999999995587530e-02 2.398237148459681691e-14
7.499999999995576871e-02 2.398237148459678535e-14
7.999999999995566213e-02 2.398237148459675695e-14
8.499999999995555555e-02 2.398237148459672540e-14
8.999999999995544897e-02 2.398237148459668753e-14
9.499999999995534239e-02 2.398237148459664967e-14
9.999999999995523581e-02 2.398237148459661180e-14
1.049999999999551292e-01 2.398237148459657078e-14
1.099999999999550226e-01 2.398237148459653923e-14
1.149999999999549161e-01 2.398237148459652345e-14
1.199999999999548095e-01 2.398237148459651398e-14
1.249999999999547029e-01 2.398237148459651083e-14
1.299999999999545963e-01 2.398237148459652029e-14
1.349999999999544897e-01 2.398237148459652661e-14
1.399999999999543832e-01 2.398237148459653292e-14
1.449999999999542766e-01 2.398237148459655500e-14
1.499999999999541700e-01 2.398237148459658340e-14
1.549999999999540634e-01 2.398237148459660865e-14
1.599999999999539568e-01 2.398237148459663389e-14
1.649999999999538502e-01 2.398237148459665282e-14
1.699999999999537437e-01 2.398237148459667807e-14
1.749999999999536371e-01 2.398237148459672855e-14
1.799999999999535305e-01 2.398237148459679166e-14
1.849999999999534239e-01 2.398237148459684531e-14
1.899999999999533173e-01 2.398237148459689264e-14
1.949999999999532108e-01 2.398237148459693681e-14
1.999999999999531042e-01 2.398237148459698099e-14
2.049999999999529976e-01 2.398237148459702832e-14
2.099999999999528910e-01 2.398237148459707565e-14
2.149999999999527844e-01 2.398237148459711667e-14
2.199999999999526779e-01 2.398237148459715138e-14
2.249999999999525713e-01 2.398237148459716401e-14
2.299999999999524647e-01 2.398237148459716716e-14
2.349999999999523581e-01 2.398237148459718925e-14
2.399999999999522515e-01 2.398237148459722080e-14
2.449999999999521449e-01 2.398237148459723974e-14
2.499999999999520384e-01 2.398237148459724605e-14
2.549999999999519318e-01 2.398237148459725551e-14
2.599999999999518252e-01 2.398237148459727445e-14
2.649999999999517186e-01 2.398237148459729653e-14
2.699999999999516120e-01 2.398237148459731547e-14
2.749999999999515055e-01 2.398237148459731862e-14
2.799999999999513989e-01 2.398237148459730916e-14
2.849999999999512923e-01 2.398237148459732493e-14
2.899999999999511857e-01 2.398237148459735333e-14
2.949999999999510791e-01 2.398237148459737542e-14
2.999999999999509726e-01 2.398237148459741013e-14
3.049999999999508660e-01 2.398237148459745746e-14
3.099999999999507594e-01 2.398237148459751110e-14
3.149999999999506528e-01 2.398237148459757421e-14
3.199999999999505462e-01 2.398237148459761523e-14
3.249999999999504396e-01 2.398237148459761523e-14
3.299999999999503331e-01 2.398237148459761208e-14
3.349999999999502265e-01 2.398237148459760892e-14
3.399999999999501199e-01 2.398237148459763732e-14
3.449999999999500133e-01 2.398237148459767519e-14
3.499999999999499067e-01 2.398237148459768150e-14
3.549999999999498002e-01 2.398237148459769728e-14
3.599999999999496936e-01 2.398237148459772252e-14
3.649999999999495870e-01 2.398237148459779825e-14
3.699999999999494804e-01 2.398237148459796233e-14
3.749999999999493738e-01 2.398237148459813904e-14
3.799999999999492672e-01 2.398237148459830312e-14
3.849999999999491607e-01 2.398237148459844196e-14
3.899999999999490541e-01 2.398237148459864075e-14
3.949999999999489475e-01 2.398237148459910145e-14
3.999999999999488409e-01 2.398237148459998497e-14
4.049999999999487343e-01 2.398237148460143963e-14
4.099999999999486278e-01 2.398237148460370524e-14
4.149999999999485212e-01 2.398237148460716045e-14
4.199999999999484146e-01 2.398237148461235431e-14
4.249999999999483080e-01 2.398237148461999680e-14
4.299999999999482014e-01 2.398237148463098405e-14
4.349999999999480949e-01 2.398237148464648359e-14
4.399999999999479883e-01 2.398237148466798163e-14
4.449999999999478817e-01 2.398237148469718526e-14
4.499999999999477751e-01 2.398237148473604770e-14
4.549999999999476685e-01 2.398237148478656951e-14
4.599999999999475619e-01 2.398237148485041044e-14
4.649999999999474554e-01 2.398237148492851083e-14
4.699999999999473488e-01 2.398237148502062454e-14
4.749999999999472422e-01 2.398237148512496559e-14
4.799999999999471356e-01 2.398237148523883293e-14
4.849999999999470290e-01 2.398237148536112846e-14
4.899999999999469225e-01 2.398237148549919805e-14
4.949999999999468159e-01 2.398237148568458668e-14
4.999999999999467093e-01 2.398237148600520184e-14
5.049999999999466027e-01 2.398237148666687627e-14
5.099999999999464961e-01 2.398237148810620979e-14
5.149999999999463896e-01 2.398237149119035932e-14
5.199999999999462830e-01 2.398237149755964120e-14
5.249999999999461764e-01 2.398237151020080589e-14
5.299999999999460698e-01 2.398237153438655233e-14
5.349999999999459632e-01 2.398237157918682773e-14
5.399999999999458566e-01 2.398237165985851438e-14
5.449999999999457501e-01 2.398237180156182282e-14
5.499999999999456435e-01 2.398237204504417983e-14
5.549999999999455369e-01 2.398237245518862176e-14
5.599999999999454303e-01 2.398237313367361111e-14
5.649999999999453237e-01 2.398237423748377753e-14
5.699999999999452172e-01 2.398237600568801583e-14
5.749999999999451106e-01 2.398237879773019162e-14
5.799999999999450040e-01 2.398238314737046237e-14
5.849999999999448974e-01 2.398238983744945928e-14
5.899999999999447908e-01 2.398240000225991863e-14
5.949999999999446842e-01 2.398241526685099168e-14
5.999999999999445777e-01 2.398243793545717924e-14
6.049999999999444711e-01 2.398247124315629476e-14
6.099999999999443645e-01 2.398251968573002678e-14
6.149999999999442579e-01 2.398258944421907106e-14
6.199999999999441513e-01 2.398268892352519950e-14
6.249999999999440448e-01 2.398282942638712686e-14
6.299999999999439382e-01 2.398302598338723962e-14
6.349999999999438316e-01 2.398329835810457090e-14
6.399999999999437250e-01 2.398367224450067301e-14
6.449999999999436184e-01 2.398418066474153746e-14
6.499999999999435119e-01 2.398486555497568533e-14
6.549999999999434053e-01 2.398577950499959839e-14
6.599999999999432987e-01 2.398698761591543930e-14
6.649999999999431921e-01 2.398856945555702427e-14
6.699999999999430855e-01 2.399062107874599429e-14
6.749999999999429789e-01 2.399325698450175255e-14
6.799999999999428724e-01 2.399661171368924187e-14
6.849999999999427658e-01 2.400084063819447291e-14
6.899999999999426592e-01 2.400611946006502243e-14
6.949999999999425526e-01 2.401264206983141023e-14
6.999999999999424460e-01 2.402061667944721442e-14
7.049999999999423395e-01 2.403026041734682731e-14
7.099999999999422329e-01 2.404179252992744537e-14
7.149999999999421263e-01 2.405542558087302654e-14
7.199999999999420197e-01 2.407135270869139933e-14
7.249999999999419131e-01 2.408972832427148279e-14
7.299999999999418065e-01 2.411064126901223001e-14
7.349999999999417000e-01 2.413408340562988618e-14
7.399999999999415934e-01 2.415991991905001894e-14
7.449999999999414868e-01 2.418786664102912717e-14
7.499999999999413802e-01 2.421747474922896596e-14
7.549999999999412736e-01 2.424811937804587654e-14
7.599999999999411671e-01 2.427899057461591113e-14
7.649999999999410605e-01 2.430909081438562547e-14
7.699999999999409539e-01 2.433724674644119818e-14
7.749999999999408473e-01 2.436214119104852954e-14
7.799999999999407407e-01 2.438236861859387642e-14
7.849999999999406342e-01 2.439651841602673261e-14
7.899999999999405276e-01 2.440329418114603091e-14
7.949999999999404210e-01 2.440167825076920058e-14
7.999999999999403144e-01 2.439114633149387321e-14
8.049999999999402078e-01 2.437193199170625135e-14
8.099999999999401012e-01 2.434533839560573078e-14
8.149999999999399947e-01 2.431409041897835389e-14
8.199999999999398881e-01 2.428270952190034047e-14
8.249999999999397815e-01 2.425788425966431254e-14
8.299999999999396749e-01 2.424881421090186811e-14
8.349999999999395683e-01 2.426752081227261696e-14
8.399999999999394618e-01 2.432912287123006201e-14
8.449999999999393552e-01 2.445205514717734215e-14
8.499999999999392486e-01 2.465818331186143688e-14
8.549999999999391420e-01 2.497276407405410371e-14
8.599999999999390354e-01 2.542421444434405407e-14
8.649999999999389289e-01 2.604366633837138216e-14
8.699999999999388223e-01 2.686428720526674449e-14
8.749999999999387157e-01 2.792036673694466236e-14
8.799999999999386091e-01 2.924621224388699732e-14
8.849999999999385025e-01 3.087492742630083226e-14
8.899999999999383959e-01 3.283713094384953808e-14
8.949999999999382894e-01 3.515960596101818606e-14
8.999999999999381828e-01 3.786381228010574269e-14
9.049999999999380762e-01 4.096421078962766766e-14
9.099999999999379696e-01 4.446648654306270860e-14
9.149999999999378630e-01 4.836594842598123847e-14
9.199999999999377565e-01 5.264645487126269266e-14
9.249999999999376499e-01 5.728003316219074587e-14
9.299999999999375433e-01 6.222701361540597222e-14
9.349999999999374367e-01 6.743625573654021677e-14
9.399999999999373301e-01 7.284510251536502397e-14
9.449999999999372235e-01 7.837905153181212235e-14
9.499999999999371170e-01 8.395162246230473559e-14
9.549999999999370104e-01 8.946531112251272518e-14
9.599999999999369038e-01 9.481454042031073719e-14
9.649999999999367972e-01 9.989083485239850677e-14
9.699999999999366906e-01 1.045891503955598371e-13
9.749999999999365841e-01 1.088132217365058602e-13
9.799999999999364775e-01 1.124780606349833365e-13
9.849999999999363709e-01 1.155095902298326837e-13
9.899999999999362643e-01 1.178435596585425502e-13
9.949999999999361577e-01 1.194264601047041910e-13
9.999999999999360512e-01 1.202194386109523535e-13
1.004999999999935945e+00 1.172175469947532273e-13
1.009999999999935838e+00 1.142890047511385494e-13
1.014999999999935731e+00 1.114319273707618345e-13
1.019999999999935625e+00 1.086444747567015269e-13
1.024999999999935518e+00 1.059248500633775039e-13
1.029999999999935412e+00 1.032712985626930239e-13
1.034999999999935305e+00 1.006821065367276875e-13
1.039999999999935199e+00 9.815560019628092955e-14
1.044999999999935092e+00 9.569014462458190259e-14
1.049999999999934985e+00 9.328414274549694997e-14
1.054999999999934879e+00 9.093603431558200920e-14
1.059999999999934772e+00 8.864429493934142233e-14
1.064999999999934666e+00 8.640743510707007972e-14
1.069999999999934559e+00 8.422399925466980811e-14
1.074999999999934452e+00 8.209256484484431835e-14
1.079999999999934346e+00 8.001174146909161888e-14
1.084999999999934239e+00 7.798016996992475409e-14
1.089999999999934133e+00 7.599652158276539558e-14
1.094999999999934026e+00 7.405949709696698231e-14
1.099999999999933920e+00 7.216782603543632311e-14
1.104999999999933813e+00 7.038050730411658460e-14
1.109999999999933706e+00 6.863704684446370938e-14
1.114999999999933600e+00 6.693637609959425645e-14
1.119999999999933493e+00 6.527745292330557804e-14
1.124999999999933387e+00 6.365926094401656495e-14
1.129999999999933280e+00 6.208080894485958049e-14
1.134999999999933173e+00 6.054113025953370911e-14
1.139999999999933067e+00 5.903928218354194126e-14
1.144999999999932960e+00 5.757434540044285516e-14
1.149999999999932854e+00 5.614542342275763023e-14
1.154999999999932747e+00 5.475164204718295207e-14
1.159999999999932641e+00 5.339214882376748122e-14
1.164999999999932534e+00 5.206611253872030534e-14
1.169999999999932427e+00 5.077272271052709625e-14
1.174999999999932321e+00 4.951118909905846528e-14
1.179999999999932214e+00 4.828074122736279802e-14
1.184999999999932108e+00 4.708062791584432530e-14
1.189999999999932001e+00 4.591011682853429921e-14
1.194999999999931894e+00 4.476849403117117083e-14
1.199999999999931788e+00 4.365506356081269000e-14
1.204999999999931681e+00 4.260855913592350609e-14
1.209999999999931575e+00 4.158908212849493124e-14
1.214999999999931468e+00 4.059597258387677920e-14
1.219999999999931362e+00 3.962858743552497447e-14
1.224999999999931255e+00 3.868630010029264600e-14
1.229999999999931148e+00 3.776850008403930691e-14
1.234999999999931042e+00 3.687459259731168021e-14
1.239999999999930935e+00 3.600399818085719602e-14
1.244999999999930829e+00 3.515615234073688475e-14
1.249999999999930722e+00 3.433050519281094755e-14
1.254999999999930616e+00 3.352652111637581377e-14
1.259999999999930509e+00 3.274367841673723175e-14
1.264999999999930402e+00 3.198146899650977049e-14
1.269999999999930296e+00 3.123939803543840462e-14
1.274999999999930189e+00 3.051698367854340863e-14
1.279999999999930083e+00 2.981375673239454479e-14
1.284999999999929976e+00 2.912926036932649292e-14
1.289999999999929869e+00 2.846304983941118094e-14
1.294999999999929763e+00 2.781469219000909355e-14
1.299999999999929656e+00 2.718376599272490808e-14
1.304999999999929550e+00 2.649492115363679550e-14
1.309999999999929443e+00 2.582265059836370993e-14
1.314999999999929337e+00 2.516653544416095782e-14
1.319999999999929230e+00 2.452616703189451382e-14
1.324999999999929123e+00 2.390114666928654284e-14
1.329999999999929017e+00 2.329108538031754296e-14
1.334999999999928910e+00 2.269560366062716648e-14
1.339999999999928804e+00 2.211433123875882472e-14
1.344999999999928697e+00 2.154690684309645445e-14
1.349999999999928590e+00 2.099297797434551224e-14
1.354999999999928484e+00 2.045220068341382908e-14
1.359999999999928377e+00 1.992423935455120423e-14
1.364999999999928271e+00 1.940876649360995912e-14
1.369999999999928164e+00 1.890546252129190930e-14
1.374999999999928058e+00 1.841401557125023902e-14
1.379999999999927951e+00 1.793412129291797143e-14
1.384999999999927844e+00 1.746548265893758055e-14
1.389999999999927738e+00 1.700780977706915277e-14
1.394999999999927631e+00 1.656081970645748129e-14
1.399999999999927525e+00 1.612423627814108336e-14
1.404999999999927418e+00 1.572287950686788033e-14
1.409999999999927311e+00 1.533125268131390257e-14
1.414999999999927205e+00 1.494911706289561805e-14
1.419999999999927098e+00 1.457623987925956371e-14
1.424999999999926992e+00 1.421239417778062329e-14
1.429999999999926885e+00 1.385735868266527490e-14
1.434999999999926779e+00 1.351091765557085631e-14
1.439999999999926672e+00 1.317286075965442203e-14
1.444999999999926565e+00 1.284298292696696211e-14
1.449999999999926459e+00 1.252108422911057230e-14
1.454999999999926352e+00 1.220696975107845695e-14
1.459999999999926246e+00 1.190044946819929525e-14
1.464999999999926139e+00 1.160133812610965004e-14
1.469999999999926033e+00 1.130945512367977724e-14
1.474999999999925926e+00 1.102462439881999075e-14
1.479999999999925819e+00 1.074667431709668654e-14
1.484999999999925713e+00 1.047543756308852073e-14
1.489999999999925606e+00 1.021075103441521378e-14
1.494999999999925500e+00 9.952455738372777943e-15
1.499999999999925393e+00 9.700396691110915160e-15
1.504999999999925286e+00 9.465650092322916381e-15
1.509999999999925180e+00 9.236890302197023418e-15
1.514999999999925073e+00 9.013974034581292433e-15
1.519999999999924967e+00 8.796761722367936667e-15
1.524999999999924860e+00 8.585117430807009271e-15
1.529999999999924754e+00 8.378908773106195560e-15
1.534999999999924647e+00 8.178006828263712727e-15
1.539999999999924540e+00 7.982286061082848562e-15
1.544999999999924434e+00 7.791624244318062297e-15
1.549999999999924327e+00 7.605902382903973265e-15
1.554999999999924221e+00 7.425004640219803181e-15
1.559999999999924114e+00 7.248818266343235704e-15
1.564999999999924007e+00 7.077233528248822055e-15
1.569999999999923901e+00 6.910143641907362370e-15
1.574999999999923794e+00 6.747444706243867776e-15
1.579999999999923688e+00 6.589035638912924697e-15
1.584999999999923581e+00 6.434818113851381692e-15
1.589999999999923475e+00 6.284696500569481432e-15
1.594999999999923368e+00 6.138577805142582713e-15
1.599999999999923261e+00 5.996371612866796810e-15
1.604999999999923155e+00 5.846914162408992888e-15
1.609999999999923048e+00 5.701150383655162440e-15
1.614999999999922942e+00 5.558987351193547847e-15
1.619999999999922835e+00 5.420334395275456285e-15
1.624999999999922728e+00 5.285103044977736054e-15
1.629999999999922622e+00 5.153206972747046905e-15
1.634999999999922515e+00 5.024561940291466935e-15
1.639999999999922409e+00 4.899085745785754050e-15
1.644999999999922302e+00 4.776698172357328616e-15
1.649999999999922196e+00 4.657320937820873851e-15
1.654999999999922089e+00 4.540877645630244811e-15
1.659999999999921982e+00 4.427293737017093985e-15
1.664999999999921876e+00 4.316496444286409520e-15
1.669999999999921769e+00 4.208414745239871319e-15
1.674999999999921663e+00 4.102979318698603137e-15
1.679999999999921556e+00 4.000122501097645862e-15
1.684999999999921450e+00 3.899778244125085371e-15
1.689999999999921343e+00 3.801882073379477539e-15
1.694999999999921236e+00 3.706371048019806210e-15
1.699999999999921130e+00 3.613183721382859947e-15
1.704999999999921023e+00 3.523475605492537748e-15
1.709999999999920917e+00 3.435920980770428232e-15
1.714999999999920810e+00 3.350466843880883626e-15
1.719999999999920703e+00 3.267061495016050567e-15
1.724999999999920597e+00 3.185654505251945196e-15
1.729999999999920490e+00 3.106196684683019982e-15
1.734999999999920384e+00 3.028640051315107486e-15
1.739999999999920277e+00 2.952937800697122908e-15
1.744999999999920171e+00 2.879044276272337147e-15
1.749999999999920064e+00 2.806914940430522403e-15
1.754999999999919957e+00 2.736506346242658107e-15
1.759999999999919851e+00 2.667776109860352731e-15
1.764999999999919744e+00 2.600682883562514546e-15
1.769999999999919638e+00 2.535186329432222445e-15
1.774999999999919531e+00 2.471247093647140430e-15
1.779999999999919424e+00 2.408826781367186199e-15
1.784999999999919318e+00 2.347887932203551154e-15
1.789999999999919211e+00 2.288393996253508031e-15
1.794999999999919105e+00 2.230309310685813457e-15
1.799999999999918998e+00 2.173599076861847644e-15
1.804999999999918892e+00 2.122143584989815364e-15
1.809999999999918785e+00 2.071995141273221335e-15
1.814999999999918678e+00 2.023122266629697502e-15
1.819999999999918572e+00 1.975494270883543640e-15
1.824999999999918465e+00 1.929081233138679889e-15
1.829999999999918359e+00 1.883853982627808982e-15
1.834999999999918252e+00 1.839784080025874386e-15
1.839999999999918145e+00 1.796843799216253607e-15
1.844999999999918039e+00 1.755006109498400826e-15
1.849999999999917932e+00 1.714244658225954547e-15
1.854999999999917826e+00 1.674533753864597756e-15
1.859999999999917719e+00 1.635848349459223867e-15
1.864999999999917613e+00 1.598164026500220353e-15
1.869999999999917506e+00 1.561456979178950697e-15
1.874999999999917399e+00 1.525703999022752988e-15
1.879999999999917293e+00 1.490882459900022560e-15
1.884999999999917186e+00 1.456970303386176790e-15
1.889999999999917080e+00 1.423946024481548110e-15
1.894999999999916973e+00 1.391788657672451824e-15
1.899999999999916866e+00 1.360477763326919479e-15
1.904999999999916760e+00 1.326625705391017256e-15
1.909999999999916653e+00 1.293596523125270078e-15
1.914999999999916547e+00 1.261369460062749470e-15
1.919999999999916440e+00 1.229924267086819799e-15
1.924999999999916334e+00 1.199241189784579364e-15
1.929999999999916227e+00 1.169300956113037490e-15
1.934999999999916120e+00 1.140084764370460115e-15
1.939999999999916014e+00 1.111574271465475242e-15
1.944999999999915907e+00 1.083751581476686104e-15
1.949999999999915801e+00 1.056599234495729532e-15
1.954999999999915694e+00 1.030100195746907980e-15
1.959999999999915588e+00 1.004237844976664230e-15
1.964999999999915481e+00 9.789959661063554000e-16
1.969999999999915374e+00 9.543587371419449307e-16
1.974999999999915268e+00 9.303107203343746621e-16
1.979999999999915161e+00 9.068368525845543858e-16
1.984999999999915055e+00 8.839224360870314237e-16
1.989999999999914948e+00 8.615531292065760234e-16
1.994999999999914841e+00 8.397149375820415242e-16
