-2.000000000000000000e+00 8.583984245510867944e-04
-1.995000000000000107e+00 8.801288840381041008e-04
-1.990000000000000213e+00 9.024094527282695453e-04
-1.985000000000000320e+00 9.252540567023101936e-04
-1.980000000000000426e+00 9.486769745813641462e-04
-1.975000000000000533e+00 9.726928464515869266e-04
-1.970000000000000639e+00 9.973166830146804485e-04
-1.965000000000000746e+00 1.022563874970069476e-03
-1.960000000000000853e+00 1.048450202634593166e-03
-1.955000000000000959e+00 1.074991845805713195e-03
-1.950000000000001066e+00 1.102205393874414619e-03
-1.945000000000001172e+00 1.130107856194116894e-03
-1.940000000000001279e+00 1.158716672712071551e-03
-1.935000000000001386e+00 1.188049724869899180e-03
-1.930000000000001492e+00 1.218125346780069528e-03
-1.925000000000001599e+00 1.248962336685321929e-03
-1.920000000000001705e+00 1.280579968708175096e-03
-1.915000000000001812e+00 1.312998004897885382e-03
-1.910000000000001918e+00 1.346236707582367485e-03
-1.905000000000002025e+00 1.380316852032811631e-03
-1.900000000000002132e+00 1.415259739448902375e-03
-1.895000000000002238e+00 1.451087210272761652e-03
-1.890000000000002345e+00 1.487821657839935368e-03
-1.885000000000002451e+00 1.525486042375962708e-03
-1.880000000000002558e+00 1.564103905347258598e-03
-1.875000000000002665e+00 1.603699384175298007e-03
-1.870000000000002771e+00 1.644297227323290476e-03
-1.865000000000002878e+00 1.685922809764775054e-03
-1.860000000000002984e+00 1.728602148843806077e-03
-1.855000000000003091e+00 1.772361920536637660e-03
-1.850000000000003197e+00 1.817229476125079750e-03
-1.845000000000003304e+00 1.863232859291937557e-03
-1.840000000000003411e+00 1.910400823649227846e-03
-1.835000000000003517e+00 1.958762850710120580e-03
-1.830000000000003624e+00 2.008349168315847789e-03
-1.825000000000003730e+00 2.059190769529083490e-03
-1.820000000000003837e+00 2.111319432005621336e-03
-1.815000000000003944e+00 2.164767737856440610e-03
-1.810000000000004050e+00 2.219569094012587875e-03
-1.805000000000004157e+00 2.275757753105595027e-03
-1.800000000000004263e+00 2.333368834876496656e-03
-1.795000000000004370e+00 2.392438348126794956e-03
-1.790000000000004476e+00 2.453003213225143312e-03
-1.785000000000004583e+00 2.515101285183787665e-03
-1.780000000000004690e+00 2.578771377319162995e-03
-1.775000000000004796e+00 2.644053285511493295e-03
-1.770000000000004903e+00 2.710987813078504470e-03
-1.765000000000005009e+00 2.779616796278827108e-03
-1.760000000000005116e+00 2.849983130461029076e-03
-1.755000000000005222e+00 2.922130796874589098e-03
-1.750000000000005329e+00 2.996104890159622964e-03
-1.745000000000005436e+00 3.071951646532494491e-03
-1.740000000000005542e+00 3.149718472684957717e-03
-1.735000000000005649e+00 3.229453975414883164e-03
-1.730000000000005755e+00 3.311207992007088059e-03
-1.725000000000005862e+00 3.395031621383261863e-03
-1.720000000000005969e+00 3.480977256040455013e-03
-1.715000000000006075e+00 3.569098614798096262e-03
-1.710000000000006182e+00 3.659450776374000534e-03
-1.705000000000006288e+00 3.752090213810366573e-03
-1.700000000000006395e+00 3.847074829771267128e-03
-1.695000000000006501e+00 3.944463992733683935e-03
-1.690000000000006608e+00 4.044318574094749041e-03
-1.685000000000006715e+00 4.146700986218362743e-03
-1.680000000000006821e+00 4.251675221444932602e-03
-1.675000000000006928e+00 4.359306892088672322e-03
-1.670000000000007034e+00 4.469663271447446573e-03
-1.665000000000007141e+00 4.582813335850758479e-03
-1.660000000000007248e+00 4.698827807772204199e-03
-1.655000000000007354e+00 4.817779200033329642e-03
-1.650000000000007461e+00 4.939741861126493994e-03
-1.645000000000007567e+00 5.064792021685099281e-03
-1.640000000000007674e+00 5.193007842130225281e-03
-1.635000000000007780e+00 5.324469461523428926e-03
-1.630000000000007887e+00 5.459259047656267981e-03
-1.625000000000007994e+00 5.597460848407852067e-03
-1.620000000000008100e+00 5.739161244402495206e-03
-1.615000000000008207e+00 5.884448803000440903e-03
-1.610000000000008313e+00 6.033414333655317749e-03
-1.605000000000008420e+00 6.186150944673024336e-03
-1.600000000000008527e+00 6.342754101407460481e-03
-1.595000000000008633e+00 6.503321685929433320e-03
-1.590000000000008740e+00 6.667954058206184906e-03
-1.585000000000008846e+00 6.836754118829634075e-03
-1.580000000000008953e+00 7.009827373332579853e-03
-1.575000000000009059e+00 7.187281998133095498e-03
-1.570000000000009166e+00 7.369228908148320670e-03
-1.565000000000009273e+00 7.555781826119889640e-03
-1.560000000000009379e+00 7.747057353694347150e-03
-1.555000000000009486e+00 7.943175044302972984e-03
-1.550000000000009592e+00 8.144257477886570826e-03
-1.545000000000009699e+00 8.350430337511923623e-03
-1.540000000000009805e+00 8.561822487927783429e-03
-1.535000000000009912e+00 8.778566056109559507e-03
-1.530000000000010019e+00 9.000796513842982197e-03
-1.525000000000010125e+00 9.228652762398327145e-03
-1.520000000000010232e+00 9.462277219348313659e-03
-1.515000000000010338e+00 9.701815907583639237e-03
-1.510000000000010445e+00 9.947418546582107238e-03
-1.505000000000010552e+00 1.019923864598812867e-02
-1.500000000000010658e+00 1.045743360156129072e-02
-1.495000000000010765e+00 1.072216479355376888e-02
-1.490000000000010871e+00 1.099359768757827635e-02
-1.485000000000010978e+00 1.127190193802948479e-02
-1.480000000000011084e+00 1.155725149412350009e-02
-1.475000000000011191e+00 1.184982470862179331e-02
-1.470000000000011298e+00 1.214980444930749241e-02
-1.465000000000011404e+00 1.245737821328369091e-02
-1.460000000000011511e+00 1.277273824416525448e-02
-1.455000000000011617e+00 1.309608165223732565e-02
-1.450000000000011724e+00 1.342761053765566780e-02
-1.445000000000011831e+00 1.376753211676584772e-02
-1.440000000000011937e+00 1.411605885162019354e-02
-1.435000000000012044e+00 1.447340858277349970e-02
-1.430000000000012150e+00 1.483980466544045085e-02
-1.425000000000012257e+00 1.521547610909993603e-02
-1.420000000000012363e+00 1.560065772063336589e-02
-1.415000000000012470e+00 1.599559025108668667e-02
-1.410000000000012577e+00 1.640052054614756297e-02
-1.405000000000012683e+00 1.681570170043201681e-02
-1.400000000000012790e+00 1.724139321567678615e-02
-1.395000000000012896e+00 1.767786116293631679e-02
-1.390000000000013003e+00 1.812537834888585872e-02
-1.385000000000013110e+00 1.858422448633457666e-02
-1.380000000000013216e+00 1.905468636905508287e-02
-1.375000000000013323e+00 1.953705805103890872e-02
-1.370000000000013429e+00 2.003164103028982207e-02
-1.365000000000013536e+00 2.053874443726989157e-02
-1.360000000000013642e+00 2.105868522811611687e-02
-1.355000000000013749e+00 2.159178838274825735e-02
-1.350000000000013856e+00 2.213838710799196849e-02
-1.345000000000013962e+00 2.269882304584380436e-02
-1.340000000000014069e+00 2.327344648700866922e-02
-1.335000000000014175e+00 2.386261658984285133e-02
-1.330000000000014282e+00 2.446670160483976203e-02
-1.325000000000014388e+00 2.508607910479839984e-02
-1.320000000000014495e+00 2.572113622081868139e-02
-1.315000000000014602e+00 2.637226988427100044e-02
-1.310000000000014708e+00 2.703988707489118209e-02
-1.305000000000014815e+00 2.772440507515616659e-02
-1.300000000000014921e+00 2.842625173109910794e-02
-1.295000000000015028e+00 2.914586571972697590e-02
-1.290000000000015135e+00 2.988369682320805160e-02
-1.285000000000015241e+00 3.064020621000048891e-02
-1.280000000000015348e+00 3.141586672309750611e-02
-1.275000000000015454e+00 3.221116317556968478e-02
-1.270000000000015561e+00 3.302659265358890567e-02
-1.265000000000015667e+00 3.386266482712339820e-02
-1.260000000000015774e+00 3.471990226849807487e-02
-1.255000000000015881e+00 3.559884077901929317e-02
-1.250000000000015987e+00 3.650002972386796884e-02
-1.245000000000016094e+00 3.742403237547082401e-02
-1.240000000000016200e+00 3.837142626556393904e-02
-1.235000000000016307e+00 3.934280354616891129e-02
-1.230000000000016414e+00 4.033877135970714151e-02
-1.225000000000016520e+00 4.135995221848359077e-02
-1.220000000000016627e+00 4.240698439377726253e-02
-1.215000000000016733e+00 4.348052231478150009e-02
-1.210000000000016840e+00 4.458123697764354576e-02
-1.205000000000016946e+00 4.570981636485896976e-02
-1.200000000000017053e+00 4.686696587528325214e-02
-1.195000000000017160e+00 4.805340876502874059e-02
-1.190000000000017266e+00 4.926988659952346444e-02
-1.185000000000017373e+00 5.051715971701377372e-02
-1.180000000000017479e+00 5.179600770380026614e-02
-1.175000000000017586e+00 5.310722988150472224e-02
-1.170000000000017693e+00 5.445164580667210402e-02
-1.165000000000017799e+00 5.583009578302006864e-02
-1.160000000000017906e+00 5.724344138665623388e-02
-1.155000000000018012e+00 5.869256600459116929e-02
-1.150000000000018119e+00 6.017837538688405180e-02
-1.145000000000018225e+00 6.170179821276605692e-02
-1.140000000000018332e+00 6.326378667109491816e-02
-1.135000000000018439e+00 6.486531705550421800e-02
-1.130000000000018545e+00 6.650739037461834979e-02
-1.125000000000018652e+00 6.819103297771592076e-02
-1.120000000000018758e+00 6.991729719623095141e-02
-1.115000000000018865e+00 7.168726200149473649e-02
-1.110000000000018971e+00 7.350203367912773456e-02
-1.105000000000019078e+00 7.536274652050441170e-02
-1.100000000000019185e+00 7.727056353172200021e-02
-1.095000000000019291e+00 7.922667716051709497e-02
-1.090000000000019398e+00 8.123231004158458501e-02
-1.085000000000019504e+00 8.328871576076407601e-02
-1.080000000000019611e+00 8.539717963857172689e-02
-1.075000000000019718e+00 8.755901953356752532e-02
-1.070000000000019824e+00 8.977558666605969795e-02
-1.065000000000019931e+00 9.204826646266135726e-02
-1.060000000000020037e+00 9.437847942222749031e-02
-1.055000000000020144e+00 9.676768200371263506e-02
-1.050000000000020250e+00 9.921736753650536866e-02
-1.045000000000020357e+00 1.017290671538077229e-01
-1.040000000000020464e+00 1.043043507496432404e-01
-1.035000000000020570e+00 1.069448279600919705e-01
-1.030000000000020677e+00 1.096521491693652206e-01
-1.025000000000020783e+00 1.124280065413496010e-01
-1.020000000000020890e+00 1.152741350772644169e-01
-1.015000000000020997e+00 1.181923137000939067e-01
-1.010000000000021103e+00 1.211843663664721460e-01
-1.005000000000021210e+00 1.242521632067152271e-01
-1.000000000000021316e+00 1.273976216937136585e-01
-9.950000000000214229e-01 1.591805891404732554e-01
-9.900000000000215294e-01 1.954662676064299331e-01
-9.850000000000216360e-01 2.362280883901204109e-01
-9.800000000000217426e-01 2.813057000204882141e-01
-9.750000000000218492e-01 3.303937408833172995e-01
-9.700000000000219558e-01 3.830354661469805855e-01
-9.650000000000220624e-01 4.386220585100884528e-01
-9.600000000000221689e-01 4.963982252024904396e-01
-9.550000000000222755e-01 5.554743988518201503e-01
-9.500000000000223821e-01 6.148455309443827677e-01
-9.450000000000224887e-01 6.734161116302637140e-01
-9.400000000000225953e-01 7.300306897825207253e-01
-9.350000000000227018e-01 7.835088256322615408e-01
-9.300000000000228084e-01 8.326831083180324944e-01
-9.250000000000229150e-01 8.764386341376239065e-01
-9.200000000000230216e-01 9.137521867337813353e-01
-9.150000000000231282e-01 9.437293016052941130e-01
-9.100000000000232347e-01 9.656374418446899144e-01
-9.050000000000233413e-01 9.789336605941376668e-01
-9.000000000000234479e-01 9.832853719252188096e-01
-8.950000000000235545e-01 9.785831823235174864e-01
-8.900000000000236611e-01 9.649451302697704680e-01
-8.850000000000237677e-01 9.427121174086233735e-01
-8.800000000000238742e-01 9.124347643514293393e-01
-8.750000000000239808e-01 8.748523591399517407e-01
-8.700000000000240874e-01 8.308649597447762547e-01
-8.650000000000241940e-01 7.815000396802588289e-01
-8.600000000000243006e-01 7.278753086588866106e-01
-8.550000000000244071e-01 6.711594850570783422e-01
-8.500000000000245137e-01 6.125328376229230987e-01
-8.450000000000246203e-01 5.531492513135407574e-01
-8.400000000000247269e-01 4.941014142777109264e-01
-8.350000000000248335e-01 4.363904837228325118e-01
-8.300000000000249401e-01 3.809012864356364214e-01
-8.250000000000250466e-01 3.283837669823750360e-01
-8.200000000000251532e-01 2.794410364760910870e-01
-8.150000000000252598e-01 2.345240203436379511e-01
-8.100000000000253664e-01 1.939323758967861910e-01
-8.050000000000254730e-01 1.578210675425442133e-01
-8.000000000000255795e-01 1.262117626539379645e-01
-7.950000000000256861e-01 9.900805300756124194e-02
-7.900000000000257927e-01 7.601341868040269178e-02
-7.850000000000258993e-01 5.695083186561435834e-02
-7.800000000000260059e-01 4.148294134547207690e-02
-7.750000000000261124e-01 2.923187497895789189e-02
-7.700000000000262190e-01 1.979783567685372905e-02
-7.650000000000263256e-01 1.277583273717916405e-02
-7.600000000000264322e-01 7.770071605941283183e-03
-7.550000000000265388e-01 4.405708322224125353e-03
-7.500000000000266454e-01 2.337848825775201700e-03
-7.450000000000267519e-01 1.257828782010735362e-03
-7.400000000000268585e-01 8.969399158833552942e-04
-7.350000000000269651e-01 1.027869940304922082e-03
-7.300000000000270717e-01 1.464193424877961941e-03
-7.250000000000271783e-01 2.058291033449056746e-03
-7.200000000000272848e-01 2.698086979720832387e-03
-7.150000000000273914e-01 3.302983213118032991e-03
-7.100000000000274980e-01 3.819338547064926159e-03
-7.050000000000276046e-01 4.215796880256231574e-03
-7.000000000000277112e-01 4.478716013677992540e-03
-6.950000000000278177e-01 4.607892124762177737e-03
-6.900000000000279243e-01 4.612718870449267379e-03
-6.850000000000280309e-01 4.508867682377582127e-03
-6.800000000000281375e-01 4.315529526636069195e-03
-6.750000000000282441e-01 4.053219776018400847e-03
-6.700000000000283507e-01 3.742117614357726683e-03
-6.650000000000284572e-01 3.400889587983273437e-03
-6.600000000000285638e-01 3.045933008964339488e-03
-6.550000000000286704e-01 2.690967967664770200e-03
-6.500000000000287770e-01 2.346905548619617008e-03
-6.450000000000288836e-01 2.021923173466886377e-03
-6.400000000000289901e-01 1.721684531969226066e-03
-6.350000000000290967e-01 1.449650115127072399e-03
-6.300000000000292033e-01 1.207433896375482030e-03
-6.250000000000293099e-01 9.951713719830652168e-04
-6.200000000000294165e-01 8.118733277048672137e-04
-6.150000000000295231e-01 6.557479012379439009e-04
-6.100000000000296296e-01 5.244804940217908350e-04
-6.050000000000297362e-01 4.154667380660194030e-04
-6.000000000000298428e-01 3.259980503518982472e-04
-5.950000000000299494e-01 2.534024030406796719e-04
-5.900000000000300560e-01 1.951449534377445679e-04
-5.850000000000301625e-01 1.488942952674651829e-04
-5.800000000000302691e-01 1.125605032721870062e-04
-5.750000000000303757e-01 8.431103030117907313e-05
-5.700000000000304823e-01 6.257004549118643931e-05
-5.650000000000305889e-01 4.600611462772207492e-05
-5.600000000000306954e-01 3.351233246728062824e-05
-5.550000000000308020e-01 2.418220736863619538e-05
-5.500000000000309086e-01 1.728383134207822348e-05
-5.450000000000310152e-01 1.223418199948208979e-05
-5.400000000000311218e-01 8.574817432386542816e-06
-5.350000000000312284e-01 5.949747584871926187e-06
-5.300000000000313349e-01 4.085893225249692197e-06
-5.250000000000314415e-01 2.776266718711302452e-06
-5.200000000000315481e-01 1.865814395232324843e-06
-5.150000000000316547e-01 1.239733860810054212e-06
-5.100000000000317613e-01 8.140066729272771619e-07
-5.050000000000318678e-01 5.278540799726783521e-07
-5.000000000000319744e-01 3.378194297435361985e-07
-4.950000000000320810e-01 2.131957970897529381e-07
-4.900000000000321876e-01 1.325437716994646824e-07
-4.850000000000322942e-01 8.107647372922863670e-08
-4.800000000000324007e-01 4.872263758683394739e-08
-4.750000000000325073e-01 2.871127370752029702e-08
-4.700000000000326139e-01 1.655130920282145656e-08
-4.650000000000327205e-01 9.305845131893440094e-09
-4.600000000000328271e-01 5.082943238623449229e-09
-4.550000000000329337e-01 2.683246540719033062e-09
-4.500000000000330402e-01 1.359559293314053783e-09
-4.450000000000331468e-01 6.551950100445468538e-10
-4.400000000000332534e-01 2.969296380532703154e-10
-4.350000000000333600e-01 1.252434018768605283e-10
-4.300000000000334666e-01 4.963327064671013487e-11
-4.250000000000335731e-01 2.051033063138184854e-11
-4.200000000000336797e-01 1.188240284312827417e-11
-4.150000000000337863e-01 1.092338595650313005e-11
-4.100000000000338929e-01 1.185281742287663393e-11
-4.050000000000339995e-01 1.245501437293976447e-11
-4.000000000000341061e-01 1.217523763791185151e-11
-3.950000000000342126e-01 1.112967733148570989e-11
-3.900000000000343192e-01 9.626470006638511628e-12
-3.850000000000344258e-01 7.960059491517850514e-12
-3.800000000000345324e-01 6.342885504881838296e-12
-3.750000000000346390e-01 4.899868971774563506e-12
-3.700000000000347455e-01 3.686381027246486507e-12
-3.650000000000348521e-01 2.710894582129025200e-12
-3.600000000000349587e-01 1.954415807978267742e-12
-3.550000000000350653e-01 1.384722674409271379e-12
-3.500000000000351719e-01 9.661786083163095213e-13
-3.450000000000352784e-01 6.654042706193751855e-13
-3.400000000000353850e-01 4.534940585184182159e-13
-3.350000000000354916e-01 3.067261822228496362e-13
-3.300000000000355982e-01 2.066907679335053758e-13
-3.250000000000357048e-01 1.396150165442094946e-13
-3.200000000000358114e-01 9.533483045784006153e-14
-3.150000000000359179e-01 6.660784319536015035e-14
-3.100000000000360245e-01 4.834681423628447423e-14
-3.050000000000361311e-01 3.682710746688655952e-14
-3.000000000000362377e-01 2.943811734286374187e-14
-2.950000000000363443e-01 2.461117936178681512e-14
-2.900000000000364508e-01 2.147338005083354303e-14
-2.850000000000365574e-01 1.938274676354142009e-14
-2.800000000000366640e-01 1.779076015674557757e-14
-2.750000000000367706e-01 1.645059125310350928e-14
-2.700000000000368772e-01 1.542462106527298608e-14
-2.650000000000369837e-01 1.481195262300455103e-14
-2.600000000000370903e-01 1.450070349606991479e-14
-2.550000000000371969e-01 1.416370682207968321e-14
-2.500000000000373035e-01 1.356686029088805038e-14
-2.450000000000374101e-01 1.282090966888319657e-14
-2.400000000000375167e-01 1.214532305507347702e-14
-2.350000000000376232e-01 1.161179016579380318e-14
-2.300000000000377298e-01 1.118143241019285943e-14
-2.250000000000378364e-01 1.077034510122855192e-14
-2.200000000000379430e-01 1.030121059374489695e-14
-2.150000000000380496e-01 9.716436565033468606e-15
-2.100000000000381561e-01 9.013066949346700995e-15
-2.050000000000382627e-01 8.299209471632412267e-15
-2.000000000000383693e-01 7.769028522614727804e-15
-1.950000000000384759e-01 7.544910144452619415e-15
-1.900000000000385825e-01 7.503292216054403404e-15
-1.850000000000386891e-01 7.354361460640853628e-15
-1.800000000000387956e-01 6.930565781340018393e-15
-1.750000000000389022e-01 6.334242091214597081e-15
-1.700000000000390088e-01 5.836891344838467936e-15
-1.650000000000391154e-01 5.667040424037931868e-15
-1.600000000000392220e-01 5.752486404474744437e-15
-1.550000000000393285e-01 5.743418132780580167e-15
-1.500000000000394351e-01 5.423460372051830280e-15
-1.450000000000395417e-01 4.963630137483968898e-15
-1.400000000000396483e-01 4.691148416519636408e-15
-1.350000000000397549e-01 4.739751103164713875e-15
-1.300000000000398614e-01 5.048084851816544413e-15
-1.250000000000399680e-01 5.531476595114766961e-15
-1.200000000000400746e-01 6.062571869783124664e-15
-1.150000000000401812e-01 6.498410930020942334e-15
-1.100000000000402878e-01 6.851395372523123592e-15
-1.050000000000403944e-01 7.204268236294673132e-15
-1.000000000000405009e-01 7.464120975540149736e-15
-9.500000000004060752e-02 7.475099648991659438e-15
-9.000000000004071410e-02 7.328720699785728387e-15
-8.500000000004082068e-02 7.298483368074596824e-15
-8.000000000004092726e-02 7.540019538061823860e-15
-7.500000000004103384e-02 7.999408518784950507e-15
-7.000000000004114042e-02 8.534622394018239915e-15
-6.500000000004124701e-02 9.042264155005800071e-15
-6.000000000004135359e-02 9.478519910647649339e-15
-5.500000000004146017e-02 9.851141196702921089e-15
-5.000000000004156675e-02 1.017490657904872617e-14
-4.500000000004167333e-02 1.042875842730630720e-14
-4.000000000004177991e-02 1.061305554013583608e-14
-3.500000000004188649e-02 1.085187606772624635e-14
-3.000000000004199308e-02 1.132759806477046520e-14
-2.500000000004209966e-02 1.202836547298204359e-14
-2.000000000004220624e-02 1.273623617382446428e-14
-1.500000000004231282e-02 1.331552309541325830e-14
-1.000000000004241940e-02 1.382816015303149092e-14
-5.000000000042525983e-03 1.434493507427904507e-14
-4.263256414560601115e-14 1.480998562216909127e-14
4.999999999957260854e-03 1.514231663619543598e-14
9.999999999957154273e-03 1.534343382495923505e-14
1.499999999995704769e-02 1.544890358301286015e-14
1.999999999995694111e-02 1.546603957071748244e-14
2.499999999995683453e-02 1.538295436605575506e-14
2.999999999995672795e-02 1.517224257349180930e-14
3.499999999995662137e-02 1.481858869080107592e-14
3.999999999995651478e-02 1.439418511161766479e-14
4.499999999995640820e-02 1.404576251348807158e-14
4.999999999995630162e-02 1.386033650473946030e-14
5.499999999995619504e-02 1.380867739507078514e-14
5.999999999995608846e-02 1.381863055518978985e-14
6.499999999995598188e-02 1.383562807753902920e-14
6.999999999995587530e-02 1.379657352445295753e-14
7.499999999995576871e-02 1.358132671704545238e-14
7.999999999995566213e-02 1.310306160616369218e-14
8.499999999995555555e-02 1.246281699351999576e-14
8.999999999995544897e-02 1.186838384644463534e-14
9.499999999995534239e-02 1.140015614121277676e-14
9.999999999995523581e-02 1.098758124918746609e-14
1.049999999999551292e-01 1.057900385794011558e-14
1.099999999999550226e-01 1.021287881048101644e-14
1.149999999999549161e-01 9.922614577713031977e-15
1.199999999999548095e-01 9.696341574112080857e-15
1.249999999999547029e-01 9.507400778670923684e-15
1.299999999999545963e-01 9.291893667305452046e-15
1.349999999999544897e-01 8.990034367251234557e-15
1.399999999999543832e-01 8.658385023748502914e-15
1.449999999999542766e-01 8.450050806495449110e-15
1.499999999999541700e-01 8.449013887957316170e-15
1.549999999999540634e-01 8.599120940001408728e-15
1.599999999999539568e-01 8.853058638031408438e-15
1.649999999999538502e-01 9.276717925663134794e-15
1.699999999999537437e-01 9.867671037091728072e-15
1.749999999999536371e-01 1.043344314073218560e-14
1.799999999999535305e-01 1.077918173148763374e-14
1.849999999999534239e-01 1.089478246080596997e-14
1.899999999999533173e-01 1.092286241304614667e-14
1.949999999999532108e-01 1.100582369036918331e-14
1.999999999999531042e-01 1.111786835697185294e-14
2.049999999999529976e-01 1.116546048021780737e-14
2.099999999999528910e-01 1.127900376194068280e-14
2.149999999999527844e-01 1.161326469515036521e-14
2.199999999999526779e-01 1.209942372032355585e-14
2.249999999999525713e-01 1.269116547028132429e-14
2.299999999999524647e-01 1.341345530855191574e-14
2.349999999999523581e-01 1.409263008965404305e-14
2.399999999999522515e-01 1.446038545310296298e-14
2.449999999999521449e-01 1.455237724834256667e-14
2.499999999999520384e-01 1.469446046963351895e-14
2.549999999999519318e-01 1.501742107552873558e-14
2.599999999999518252e-01 1.530723861557255137e-14
2.649999999999517186e-01 1.539808826933879062e-14
2.699999999999516120e-01 1.537038993341104331e-14
2.749999999999515055e-01 1.535103774298270978e-14
2.799999999999513989e-01 1.548701111672595013e-14
2.849999999999512923e-01 1.608281143338571178e-14
2.899999999999511857e-01 1.748277805616151645e-14
2.949999999999510791e-01 1.995625480660638500e-14
2.999999999999509726e-01 2.396881456910466953e-14
3.049999999999508660e-01 3.062308019962465425e-14
3.099999999999507594e-01 4.175827070090328587e-14
3.149999999999506528e-01 5.986245143875554079e-14
3.199999999999505462e-01 8.831980927881304106e-14
3.249999999999504396e-01 1.321349534356522331e-13
3.299999999999503331e-01 1.986201361051159217e-13
3.349999999999502265e-01 2.979636277933931160e-13
3.399999999999501199e-01 4.440405746877648884e-13
3.449999999999500133e-01 6.552877984540906855e-13
3.499999999999499067e-01 9.553189846800068283e-13
3.549999999999498002e-01 1.373194720824730763e-12
3.599999999999496936e-01 1.942624466771500712e-12
3.649999999999495870e-01 2.699122290311767466e-12
3.699999999999494804e-01 3.674561475728120977e-12
3.749999999999493738e-01 4.887876837052268866e-12
3.799999999999492672e-01 6.330723953855541510e-12
3.849999999999491607e-01 7.947739296991593609e-12
3.899999999999490541e-01 9.613910863654756929e-12
3.949999999999489475e-01 1.111687634541075602e-11
3.999999999999488409e-01 1.216240067923518124e-11
4.049999999999487343e-01 1.244248556673349350e-11
4.099999999999486278e-01 1.184088759954707810e-11
4.149999999999485212e-01 1.091203798621129953e-11
4.199999999999484146e-01 1.187135590273239170e-11
4.249999999999483080e-01 2.049948710409869111e-11
4.299999999999482014e-01 4.962291395305428939e-11
4.349999999999480949e-01 1.252339858691745398e-10
4.399999999999479883e-01 2.969214013100663988e-10
4.449999999999478817e-01 6.551876840570297303e-10
4.499999999999477751e-01 1.359552508404040971e-09
4.549999999999476685e-01 2.683240278582778984e-09
4.599999999999475619e-01 5.082937647193760719e-09
4.649999999999474554e-01 9.305840307392838511e-09
4.699999999999473488e-01 1.655130527755409358e-08
4.749999999999472422e-01 2.871127080970765777e-08
4.799999999999471356e-01 4.872263568034768777e-08
4.849999999999470290e-01 8.107647269797213794e-08
4.899999999999469225e-01 1.325437714426185377e-07
4.949999999999468159e-01 2.131957975128827941e-07
4.999999999999467093e-01 3.378194309232337125e-07
5.049999999999466027e-01 5.278540819588949099e-07
5.099999999999464961e-01 8.140066753890360157e-07
5.149999999999463896e-01 1.239733863544423950e-06
5.199999999999462830e-01 1.865814398387789387e-06
5.249999999999461764e-01 2.776266722137187771e-06
5.299999999999460698e-01 4.085893228597399339e-06
5.349999999999459632e-01 5.949747588100938602e-06
5.399999999999458566e-01 8.574817435733830676e-06
5.449999999999457501e-01 1.223418200289159730e-05
5.499999999999456435e-01 1.728383134523855084e-05
5.549999999999455369e-01 2.418220737147902768e-05
5.599999999999454303e-01 3.351233246984601321e-05
5.649999999999453237e-01 4.600611462981327052e-05
5.699999999999452172e-01 6.257004549261234135e-05
5.749999999999451106e-01 8.431103030216992550e-05
5.799999999999450040e-01 1.125605032731845129e-04
5.849999999999448974e-01 1.488942952685908287e-04
5.899999999999447908e-01 1.951449534390556394e-04
5.949999999999446842e-01 2.534024030417961833e-04
5.999999999999445777e-01 3.259980503521612747e-04
6.049999999999444711e-01 4.154667380653679059e-04
6.099999999999443645e-01 5.244804940205023691e-04
6.149999999999442579e-01 6.557479012362233805e-04
6.199999999999441513e-01 8.118733277025075561e-04
6.249999999999440448e-01 9.951713719795389577e-04
6.299999999999439382e-01 1.207433896370727153e-03
6.349999999999438316e-01 1.449650115121485288e-03
6.399999999999437250e-01 1.721684531963075387e-03
6.449999999999436184e-01 2.021923173460034653e-03
6.499999999999435119e-01 2.346905548611888381e-03
6.549999999999434053e-01 2.690967967655884946e-03
6.599999999999432987e-01 3.045933008954241229e-03
6.649999999999431921e-01 3.400889587972251871e-03
6.699999999999430855e-01 3.742117614346055464e-03
6.749999999999429789e-01 4.053219776007019326e-03
6.799999999999428724e-01 4.315529526626097137e-03
6.849999999999427658e-01 4.508867682369406375e-03
6.899999999999426592e-01 4.612718870442509764e-03
6.949999999999425526e-01 4.607892124756340392e-03
6.999999999999424460e-01 4.478716013673452769e-03
7.049999999999423395e-01 4.215796880253728368e-03
7.099999999999422329e-01 3.819338547064645567e-03
7.149999999999421263e-01 3.302983213119339238e-03
7.199999999999420197e-01 2.698086979723238448e-03
7.249999999999419131e-01 2.058291033451960673e-03
7.299999999999418065e-01 1.464193424879634865e-03
7.349999999999417000e-01 1.027869940302778397e-03
7.399999999999415934e-01 8.969399158740752826e-04
7.449999999999414868e-01 1.257828781990958647e-03
7.499999999999413802e-01 2.337848825740390137e-03
7.549999999999412736e-01 4.405708322168977627e-03
7.599999999999411671e-01 7.770071605860642827e-03
7.649999999999410605e-01 1.277583273706790409e-02
7.699999999999409539e-01 1.979783567670528183e-02
7.749999999999408473e-01 2.923187497876476859e-02
7.799999999999407407e-01 4.148294134522710619e-02
7.849999999999406342e-01 5.695083186531098990e-02
7.899999999999405276e-01 7.601341868003455571e-02
7.949999999999404210e-01 9.900805300712241241e-02
7.999999999999403144e-01 1.262117626534238479e-01
8.049999999999402078e-01 1.578210675419521591e-01
8.099999999999401012e-01 1.939323758961158939e-01
8.149999999999399947e-01 2.345240203428903547e-01
8.199999999999398881e-01 2.794410364752696330e-01
8.249999999999397815e-01 3.283837669814844151e-01
8.299999999999396749e-01 3.809012864346857374e-01
8.349999999999395683e-01 4.363904837218350874e-01
8.399999999999394618e-01 4.941014142766809725e-01
8.449999999999393552e-01 5.531492513124931509e-01
8.499999999999392486e-01 6.125328376218749371e-01
8.549999999999391420e-01 6.711594850560497205e-01
8.599999999999390354e-01 7.278753086578976239e-01
8.649999999999389289e-01 7.815000396793290172e-01
8.699999999999388223e-01 8.308649597439248247e-01
8.749999999999387157e-01 8.748523591391976773e-01
8.799999999999386091e-01 9.124347643507890737e-01
8.849999999999385025e-01 9.427121174081102284e-01
8.899999999999383959e-01 9.649451302693961008e-01
8.949999999999382894e-01 9.785831823232910009e-01
8.999999999999381828e-01 9.832853719251455349e-01
9.049999999999380762e-01 9.789336605942182690e-01
9.099999999999379696e-01 9.656374418449203967e-01
9.149999999999378630e-01 9.437293016056674810e-01
9.199999999999377565e-01 9.137521867342874859e-01
9.249999999999376499e-01 8.764386341382504053e-01
9.299999999999375433e-01 8.326831083187624660e-01
9.349999999999374367e-01 7.835088256330775547e-01
9.399999999999373301e-01 7.300306897834032416e-01
9.449999999999372235e-01 6.734161116311935258e-01
9.499999999999371170e-01 6.148455309453412232e-01
9.549999999999370104e-01 5.554743988527885978e-01
9.599999999999369038e-01 4.963982252034507270e-01
9.649999999999367972e-01 4.386220585110232051e-01
9.699999999999366906e-01 3.830354661478753142e-01
9.749999999999365841e-01 3.303937408841600698e-01
9.799999999999364775e-01 2.813057000212692560e-01
9.849999999999363709e-01 2.362280883908336737e-01
9.899999999999362643e-01 1.954662676070712812e-01
9.949999999999361577e-01 1.591805891410407181e-01
9.999999999999360512e-01 1.273976216940949091e-01
1.004999999999935945e+00 1.242521632067581511e-01
1.009999999999935838e+00 1.211843663665140014e-01
1.014999999999935731e+00 1.181923137001347213e-01
1.019999999999935625e+00 1.152741350773042045e-01
1.024999999999935518e+00 1.124280065413884033e-01
1.029999999999935412e+00 1.096521491694030653e-01
1.034999999999935305e+00 1.069448279601288992e-01
1.039999999999935199e+00 1.043043507496792671e-01
1.044999999999935092e+00 1.017290671538428476e-01
1.049999999999934985e+00 9.921736753653960517e-02
1.054999999999934879e+00 9.676768200374603890e-02
1.059999999999934772e+00 9.437847942226006148e-02
1.064999999999934666e+00 9.204826646269312351e-02
1.069999999999934559e+00 8.977558666609065929e-02
1.074999999999934452e+00 8.755901953359772338e-02
1.079999999999934346e+00 8.539717963860116168e-02
1.084999999999934239e+00 8.328871576079276140e-02
1.089999999999934133e+00 8.123231004161260427e-02
1.094999999999934026e+00 7.922667716054442033e-02
1.099999999999933920e+00 7.727056353174861780e-02
1.104999999999933813e+00 7.536274652053039091e-02
1.109999999999933706e+00 7.350203367915306152e-02
1.114999999999933600e+00 7.168726200151943895e-02
1.119999999999933493e+00 6.991729719625505712e-02
1.124999999999933387e+00 6.819103297773942973e-02
1.129999999999933280e+00 6.650739037464128978e-02
1.134999999999933173e+00 6.486531705552656124e-02
1.139999999999933067e+00 6.326378667111673404e-02
1.144999999999932960e+00 6.170179821278731769e-02
1.149999999999932854e+00 6.017837538690479909e-02
1.154999999999932747e+00 5.869256600461138923e-02
1.159999999999932641e+00 5.724344138667596116e-02
1.164999999999932534e+00 5.583009578303932408e-02
1.169999999999932427e+00 5.445164580669086679e-02
1.174999999999932321e+00 5.310722988152303398e-02
1.179999999999932214e+00 5.179600770381812685e-02
1.184999999999932108e+00 5.051715971703119035e-02
1.189999999999932001e+00 4.926988659954045086e-02
1.194999999999931894e+00 4.805340876504531761e-02
1.199999999999931788e+00 4.686696587529941282e-02
1.204999999999931681e+00 4.570981636487473493e-02
1.209999999999931575e+00 4.458123697765892235e-02
1.214999999999931468e+00 4.348052231479650892e-02
1.219999999999931362e+00 4.240698439379188972e-02
1.224999999999931255e+00 4.135995221849787101e-02
1.229999999999931148e+00 4.033877135972106093e-02
1.234999999999931042e+00 3.934280354618249070e-02
1.239999999999930935e+00 3.837142626557717151e-02
1.244999999999930829e+00 3.742403237548375117e-02
1.249999999999930722e+00 3.650002972388057682e-02
1.254999999999930616e+00 3.559884077903158889e-02
1.259999999999930509e+00 3.471990226851006528e-02
1.264999999999930402e+00 3.386266482713508330e-02
1.269999999999930296e+00 3.302659265360030627e-02
1.274999999999930189e+00 3.221116317558080783e-02
1.279999999999930083e+00 3.141586672310835854e-02
1.284999999999929976e+00 3.064020621001108113e-02
1.289999999999929869e+00 2.988369682321838361e-02
1.294999999999929763e+00 2.914586571973705464e-02
1.299999999999929656e+00 2.842625173110893688e-02
1.304999999999929550e+00 2.772440507516574920e-02
1.309999999999929443e+00 2.703988707490053225e-02
1.314999999999929337e+00 2.637226988428011815e-02
1.319999999999929230e+00 2.572113622082758053e-02
1.324999999999929123e+00 2.508607910480707692e-02
1.329999999999929017e+00 2.446670160484822748e-02
1.334999999999928910e+00 2.386261658985110515e-02
1.339999999999928804e+00 2.327344648701671834e-02
1.344999999999928697e+00 2.269882304585165919e-02
1.349999999999928590e+00 2.213838710799963250e-02
1.354999999999928484e+00 2.159178838275573400e-02
1.359999999999928377e+00 2.105868522812340618e-02
1.364999999999928271e+00 2.053874443727700741e-02
1.369999999999928164e+00 2.003164103029676443e-02
1.374999999999928058e+00 1.953705805104567761e-02
1.379999999999927951e+00 1.905468636906168522e-02
1.384999999999927844e+00 1.858422448634101942e-02
1.389999999999927738e+00 1.812537834889214189e-02
1.394999999999927631e+00 1.767786116294245077e-02
1.399999999999927525e+00 1.724139321568276748e-02
1.404999999999927418e+00 1.681570170043784895e-02
1.409999999999927311e+00 1.640052054615325286e-02
1.414999999999927205e+00 1.599559025109223084e-02
1.419999999999927098e+00 1.560065772063877303e-02
1.424999999999926992e+00 1.521547610910520786e-02
1.429999999999926885e+00 1.483980466544559604e-02
1.434999999999926779e+00 1.447340858277851305e-02
1.439999999999926672e+00 1.411605885162508373e-02
1.444999999999926565e+00 1.376753211677061300e-02
1.449999999999926459e+00 1.342761053766031859e-02
1.454999999999926352e+00 1.309608165224185848e-02
1.459999999999926246e+00 1.277273824416967282e-02
1.464999999999926139e+00 1.245737821328799996e-02
1.469999999999926033e+00 1.214980444931169565e-02
1.474999999999925926e+00 1.184982470862589246e-02
1.479999999999925819e+00 1.155725149412749689e-02
1.484999999999925713e+00 1.127190193803337750e-02
1.489999999999925606e+00 1.099359768758207366e-02
1.494999999999925500e+00 1.072216479355747078e-02
1.499999999999925393e+00 1.045743360156490068e-02
1.504999999999925286e+00 1.019923864599165016e-02
1.509999999999925180e+00 9.947418546585543725e-03
1.514999999999925073e+00 9.701815907586988988e-03
1.519999999999924967e+00 9.462277219351581878e-03
1.524999999999924860e+00 9.228652762401515566e-03
1.529999999999924754e+00 9.000796513846090821e-03
1.534999999999924647e+00 8.778566056112595273e-03
1.539999999999924540e+00 8.561822487930737663e-03
1.544999999999924434e+00 8.350430337514804999e-03
1.549999999999924327e+00 8.144257477889384547e-03
1.554999999999924221e+00 7.943175044305715582e-03
1.559999999999924114e+00 7.747057353697022961e-03
1.564999999999924007e+00 7.555781826122498664e-03
1.569999999999923901e+00 7.369228908150865509e-03
1.574999999999923794e+00 7.187281998135577887e-03
1.579999999999923688e+00 7.009827373335000660e-03
1.584999999999923581e+00 6.836754118831996768e-03
1.589999999999923475e+00 6.667954058208490353e-03
1.594999999999923368e+00 6.503321685931681521e-03
1.599999999999923261e+00 6.342754101409651436e-03
1.604999999999923155e+00 6.186150944675163250e-03
1.609999999999923048e+00 6.033414333657402887e-03
1.614999999999922942e+00 5.884448803002474866e-03
1.619999999999922835e+00 5.739161244404479729e-03
1.624999999999922728e+00 5.597460848409786284e-03
1.629999999999922622e+00 5.459259047658156228e-03
1.634999999999922515e+00 5.324469461525269467e-03
1.639999999999922409e+00 5.193007842132019852e-03
1.644999999999922302e+00 5.064792021686852219e-03
1.649999999999922196e+00 4.939741861128201829e-03
1.654999999999922089e+00 4.817779200034995844e-03
1.659999999999921982e+00 4.698827807773829635e-03
1.664999999999921876e+00 4.582813335852344884e-03
1.669999999999921769e+00 4.469663271448993946e-03
1.674999999999921663e+00 4.359306892090182399e-03
1.679999999999921556e+00 4.251675221446405382e-03
1.684999999999921450e+00 4.146700986219799961e-03
1.689999999999921343e+00 4.044318574096151565e-03
1.694999999999921236e+00 3.944463992735050897e-03
1.699999999999921130e+00 3.847074829772601130e-03
1.704999999999921023e+00 3.752090213811667616e-03
1.709999999999920917e+00 3.659450776375269485e-03
1.714999999999920810e+00 3.569098614799332686e-03
1.719999999999920703e+00 3.480977256041662381e-03
1.724999999999920597e+00 3.395031621384439306e-03
1.729999999999920490e+00 3.311207992008236879e-03
1.734999999999920384e+00 3.229453975416003361e-03
1.739999999999920277e+00 3.149718472686050159e-03
1.744999999999920171e+00 3.071951646533560478e-03
1.749999999999920064e+00 2.996104890160662063e-03
1.754999999999919957e+00 2.922130796875602610e-03
1.759999999999919851e+00 2.849983130462018302e-03
1.764999999999919744e+00 2.779616796279792048e-03
1.769999999999919638e+00 2.710987813079444690e-03
1.774999999999919531e+00 2.644053285512410964e-03
1.779999999999919424e+00 2.578771377320057678e-03
1.784999999999919318e+00 2.515101285184660231e-03
1.789999999999919211e+00 2.453003213225994628e-03
1.794999999999919105e+00 2.392438348127624587e-03
1.799999999999918998e+00 2.333368834877305904e-03
1.804999999999918892e+00 2.275757753106384760e-03
1.809999999999918785e+00 2.219569094013357658e-03
1.814999999999918678e+00 2.164767737857192179e-03
1.819999999999918572e+00 2.111319432006354257e-03
1.824999999999918465e+00 2.059190769529798629e-03
1.829999999999918359e+00 2.008349168316544715e-03
1.834999999999918252e+00 1.958762850710801025e-03
1.839999999999918145e+00 1.910400823649891378e-03
1.844999999999918039e+00 1.863232859292584392e-03
1.849999999999917932e+00 1.817229476125711190e-03
1.854999999999917826e+00 1.772361920537253270e-03
1.859999999999917719e+00 1.728602148844406725e-03
1.864999999999917613e+00 1.685922809765361173e-03
1.869999999999917506e+00 1.644297227323862068e-03
1.874999999999917399e+00 1.603699384175855938e-03
1.879999999999917293e+00 1.564103905347802217e-03
1.884999999999917186e+00 1.525486042376493533e-03
1.889999999999917080e+00 1.487821657840452750e-03
1.894999999999916973e+00 1.451087210273266457e-03
1.899999999999916866e+00 1.415259739449394819e-03
1.904999999999916760e+00 1.380316852033291715e-03
1.909999999999916653e+00 1.346236707582836294e-03
1.914999999999916547e+00 1.312998004898342482e-03
1.919999999999916440e+00 1.280579968708621137e-03
1.924999999999916334e+00 1.248962336685756260e-03
1.929999999999916227e+00 1.218125346780493667e-03
1.934999999999916120e+00 1.188049724870312695e-03
1.939999999999916014e+00 1.158716672712474874e-03
1.944999999999915907e+00 1.130107856194510242e-03
1.949999999999915801e+00 1.102205393874798210e-03
1.954999999999915694e+00 1.074991845806087245e-03
1.959999999999915588e+00 1.048450202634958325e-03
1.964999999999915481e+00 1.022563874970425528e-03
1.969999999999915374e+00 9.973166830150276101e-04
1.974999999999915268e+00 9.726928464519258482e-04
1.979999999999915161e+00 9.486769745816947194e-04
1.984999999999915055e+00 9.252540567026322016e-04
1.989999999999914948e+00 9.024094527285836387e-04
1.994999999999914841e+00 8.801288840384104964e-04
