-2.000000000000000000e+00 7.215425089972436756e-03
-1.995000000000000107e+00 7.276096900715654098e-03
-1.990000000000000213e+00 7.336941157817769739e-03
-1.985000000000000320e+00 7.397950906559535265e-03
-1.980000000000000426e+00 7.459119004608229762e-03
-1.975000000000000533e+00 7.520438119464651662e-03
-1.970000000000000639e+00 7.581900725906215270e-03
-1.965000000000000746e+00 7.643499103427025404e-03
-1.960000000000000853e+00 7.705225333675968374e-03
-1.955000000000000959e+00 7.767071297893808970e-03
-1.950000000000001066e+00 7.829028674350353365e-03
-1.945000000000001172e+00 7.891088935782775149e-03
-1.940000000000001279e+00 7.953243346836221667e-03
-1.935000000000001386e+00 8.015482961507860299e-03
-1.930000000000001492e+00 8.077798620595615445e-03
-1.925000000000001599e+00 8.140180949152767131e-03
-1.920000000000001705e+00 8.202620353949788626e-03
-1.915000000000001812e+00 8.265107020944668578e-03
-1.910000000000001918e+00 8.327630912763150581e-03
-1.905000000000002025e+00 8.390181766190298734e-03
-1.900000000000002132e+00 8.452749089674816904e-03
-1.895000000000002238e+00 8.515322160847658625e-03
-1.890000000000002345e+00 8.577890024056507995e-03
-1.885000000000002451e+00 8.640441487917675453e-03
-1.880000000000002558e+00 8.702965122887122359e-03
-1.875000000000002665e+00 8.765449258852246739e-03
-1.870000000000002771e+00 8.827881982746269007e-03
-1.865000000000002878e+00 8.890251136186978417e-03
-1.860000000000002984e+00 8.952544313141661686e-03
-1.855000000000003091e+00 9.014748857620208736e-03
-1.850000000000003197e+00 9.076851861398312418e-03
-1.845000000000003304e+00 9.138840161772791848e-03
-1.840000000000003411e+00 9.200700339351140095e-03
-1.835000000000003517e+00 9.262418715877414332e-03
-1.830000000000003624e+00 9.323981352096695832e-03
-1.825000000000003730e+00 9.385374045660355852e-03
-1.820000000000003837e+00 9.446582329074495327e-03
-1.815000000000003944e+00 9.507591467693846457e-03
-1.810000000000004050e+00 9.568386457763753891e-03
-1.805000000000004157e+00 9.628952024512599933e-03
-1.800000000000004263e+00 9.689272620297300145e-03
-1.795000000000004370e+00 9.749332422804610210e-03
-1.790000000000004476e+00 9.809115333310797560e-03
-1.785000000000004583e+00 9.868604975002697940e-03
-1.780000000000004690e+00 9.927784691362769379e-03
-1.775000000000004796e+00 9.986637544621292106e-03
-1.770000000000004903e+00 1.004514631427860794e-02
-1.765000000000005009e+00 1.010329349570054588e-02
-1.760000000000005116e+00 1.016106129879015309e-02
-1.755000000000005222e+00 1.021843164673903043e-02
-1.750000000000005329e+00 1.027538617486154458e-02
-1.745000000000005436e+00 1.033190622951537900e-02
-1.740000000000005542e+00 1.038797286711185680e-02
-1.735000000000005649e+00 1.044356685321964906e-02
-1.730000000000005755e+00 1.049866866176549923e-02
-1.725000000000005862e+00 1.055325847433574542e-02
-1.720000000000005969e+00 1.060731617958243084e-02
-1.715000000000006075e+00 1.066082137273792474e-02
-1.710000000000006182e+00 1.071375335524215981e-02
-1.705000000000006288e+00 1.076609113448642914e-02
-1.700000000000006395e+00 1.081781342367810379e-02
-1.695000000000006501e+00 1.086889864183046214e-02
-1.690000000000006608e+00 1.091932491388206833e-02
-1.685000000000006715e+00 1.096907007095019801e-02
-1.680000000000006821e+00 1.101811165072282862e-02
-1.675000000000006928e+00 1.106642689799401669e-02
-1.670000000000007034e+00 1.111399276534731119e-02
-1.665000000000007141e+00 1.116078591399220776e-02
-1.660000000000007248e+00 1.120678271475861014e-02
-1.655000000000007354e+00 1.125195924925438164e-02
-1.650000000000007461e+00 1.129629131119125676e-02
-1.645000000000007567e+00 1.133975440788440904e-02
-1.640000000000007674e+00 1.138232376193111343e-02
-1.635000000000007780e+00 1.142397431307407875e-02
-1.630000000000007887e+00 1.146468072025509308e-02
-1.625000000000007994e+00 1.150441736386478668e-02
-1.620000000000008100e+00 1.154315834819439647e-02
-1.615000000000008207e+00 1.158087750409556027e-02
-1.610000000000008313e+00 1.161754839185424881e-02
-1.605000000000008420e+00 1.165314430428519149e-02
-1.600000000000008527e+00 1.168763827005302354e-02
-1.595000000000008633e+00 1.172100305722681597e-02
-1.590000000000008740e+00 1.175321117707451950e-02
-1.585000000000008846e+00 1.178423488810414164e-02
-1.580000000000008953e+00 1.181404620035850575e-02
-1.575000000000009059e+00 1.184261687997064001e-02
-1.570000000000009166e+00 1.186991845398691764e-02
-1.565000000000009273e+00 1.189592221546528251e-02
-1.560000000000009379e+00 1.192059922885589478e-02
-1.555000000000009486e+00 1.194392033567183951e-02
-1.550000000000009592e+00 1.196585616045750533e-02
-1.545000000000009699e+00 1.198637711706251018e-02
-1.540000000000009805e+00 1.200545341522912639e-02
-1.535000000000009912e+00 1.202305506750129399e-02
-1.530000000000010019e+00 1.203915189646347604e-02
-1.525000000000010125e+00 1.205371354231772781e-02
-1.520000000000010232e+00 1.206670947080756839e-02
-1.515000000000010338e+00 1.207810898149723824e-02
-1.510000000000010445e+00 1.208788121641519997e-02
-1.505000000000010552e+00 1.209599516907090139e-02
-1.500000000000010658e+00 1.210241969385382650e-02
-1.495000000000010765e+00 1.210712351582412388e-02
-1.490000000000010871e+00 1.211007524090424413e-02
-1.485000000000010978e+00 1.211124336648112393e-02
-1.480000000000011084e+00 1.211059629242860862e-02
-1.475000000000011191e+00 1.210810233256000290e-02
-1.470000000000011298e+00 1.210372972652070007e-02
-1.465000000000011404e+00 1.209744665213114377e-02
-1.460000000000011511e+00 1.208922123819033793e-02
-1.455000000000011617e+00 1.207902157775040362e-02
-1.450000000000011724e+00 1.206681574187282516e-02
-1.445000000000011831e+00 1.205257179387710445e-02
-1.440000000000011937e+00 1.203625780409278354e-02
-1.435000000000012044e+00 1.201784186512588892e-02
-1.430000000000012150e+00 1.199729210765102666e-02
-1.425000000000012257e+00 1.197457671674050962e-02
-1.420000000000012363e+00 1.194966394874205119e-02
-1.415000000000012470e+00 1.192252214871669137e-02
-1.410000000000012577e+00 1.189311976844879826e-02
-1.405000000000012683e+00 1.186142538504014916e-02
-1.400000000000012790e+00 1.182740772010018766e-02
-1.395000000000012896e+00 1.179103565954477129e-02
-1.390000000000013003e+00 1.175227827401580279e-02
-1.385000000000013110e+00 1.171110483993439456e-02
-1.380000000000013216e+00 1.166748486120018982e-02
-1.375000000000013323e+00 1.162138809154981967e-02
-1.370000000000013429e+00 1.157278455758740249e-02
-1.365000000000013536e+00 1.152164458250031637e-02
-1.360000000000013642e+00 1.146793881047349778e-02
-1.355000000000013749e+00 1.141163823181570551e-02
-1.350000000000013856e+00 1.135271420881132920e-02
-1.345000000000013962e+00 1.129113850231139304e-02
-1.340000000000014069e+00 1.122688329907763072e-02
-1.335000000000014175e+00 1.115992123989359430e-02
-1.330000000000014282e+00 1.109022544845682419e-02
-1.325000000000014388e+00 1.101776956106628909e-02
-1.320000000000014495e+00 1.094252775711951516e-02
-1.315000000000014602e+00 1.086447479043366887e-02
-1.310000000000014708e+00 1.078358602140530240e-02
-1.305000000000014815e+00 1.069983745002329838e-02
-1.300000000000014921e+00 1.061320574974982008e-02
-1.295000000000015028e+00 1.052366830228414901e-02
-1.290000000000015135e+00 1.043120323322425762e-02
-1.285000000000015241e+00 1.033578944864124195e-02
-1.280000000000015348e+00 1.023740667258173261e-02
-1.275000000000015454e+00 1.013603548551339668e-02
-1.270000000000015561e+00 1.003165736372888493e-02
-1.265000000000015667e+00 9.924254719723489548e-03
-1.260000000000015774e+00 9.813810943561963873e-03
-1.255000000000015881e+00 9.700310445249892694e-03
-1.250000000000015987e+00 9.583738698125118111e-03
-1.245000000000016094e+00 9.464082283284776242e-03
-1.240000000000016200e+00 9.341328935063439309e-03
-1.235000000000016307e+00 9.215467587577982553e-03
-1.230000000000016414e+00 9.086488422354745131e-03
-1.225000000000016520e+00 8.954382917054568014e-03
-1.220000000000016627e+00 8.819143895311343934e-03
-1.215000000000016733e+00 8.680765577699551400e-03
-1.210000000000016840e+00 8.539243633846409567e-03
-1.205000000000016946e+00 8.394575235704091268e-03
-1.200000000000017053e+00 8.246759111997518238e-03
-1.195000000000017160e+00 8.095795603863078713e-03
-1.190000000000017266e+00 7.941686721693588455e-03
-1.185000000000017373e+00 7.784436203204792015e-03
-1.180000000000017479e+00 7.624049572738518868e-03
-1.175000000000017586e+00 7.460534201817510189e-03
-1.170000000000017693e+00 7.293899370966846173e-03
-1.165000000000017799e+00 7.124156332816733786e-03
-1.160000000000017906e+00 6.951318376501251783e-03
-1.155000000000018012e+00 6.775400893367529258e-03
-1.150000000000018119e+00 6.596421444009572914e-03
-1.145000000000018225e+00 6.414399826640815143e-03
-1.140000000000018332e+00 6.229358146819178287e-03
-1.135000000000018439e+00 6.041320888538263996e-03
-1.130000000000018545e+00 5.850314986697992964e-03
-1.125000000000018652e+00 5.656369900967687242e-03
-1.120000000000018758e+00 5.459517691054419086e-03
-1.115000000000018865e+00 5.259793093388946336e-03
-1.110000000000018971e+00 5.057233599241380863e-03
-1.105000000000019078e+00 4.851879534278268243e-03
-1.100000000000019185e+00 4.643774139572373442e-03
-1.095000000000019291e+00 4.432963654076111683e-03
-1.090000000000019398e+00 4.219497398569119553e-03
-1.085000000000019504e+00 4.003427861089727674e-03
-1.080000000000019611e+00 3.784810783860169912e-03
-1.075000000000019718e+00 3.563705251714260024e-03
-1.070000000000019824e+00 3.340173782036044963e-03
-1.065000000000019931e+00 3.114282416217253272e-03
-1.060000000000020037e+00 2.886100812640787078e-03
-1.055000000000020144e+00 2.655702341196822767e-03
-1.050000000000020250e+00 2.423164179337438783e-03
-1.045000000000020357e+00 2.188567409674961693e-03
-1.040000000000020464e+00 1.951997119128477285e-03
-1.035000000000020570e+00 1.713542499622177154e-03
-1.030000000000020677e+00 1.473296950338384616e-03
-1.025000000000020783e+00 1.231358181527252319e-03
-1.020000000000020890e+00 9.878283198742059557e-04
-1.015000000000020997e+00 7.428140154253011799e-04
-1.010000000000021103e+00 4.964265500696392591e-04
-1.005000000000021210e+00 2.487819475769920802e-04
-1.000000000000021316e+00 1.085187692208578130e-09
-9.950000000000214229e-01 1.074980205590936100e-09
-9.900000000000215294e-01 1.064858094907161461e-09
-9.850000000000216360e-01 1.054819778097448749e-09
-9.800000000000217426e-01 1.044864739051706776e-09
-9.750000000000218492e-01 1.034992464745245825e-09
-9.700000000000219558e-01 1.025202445226940485e-09
-9.650000000000220624e-01 1.015494173631639018e-09
-9.600000000000221689e-01 1.005867146167604272e-09
-9.550000000000222755e-01 9.963208621224793122e-10
-9.500000000000223821e-01 9.868548238371123200e-10
-9.450000000000224887e-01 9.774685366988237597e-10
-9.400000000000225953e-01 9.681615091554312239e-10
-9.350000000000227018e-01 9.589332526848356576e-10
-9.300000000000228084e-01 9.497832817922736708e-10
-9.250000000000229150e-01 9.407111140181017214e-10
-9.200000000000230216e-01 9.317162699222937168e-10
-9.150000000000231282e-01 9.227982730596004700e-10
-9.100000000000232347e-01 9.139566499907935654e-10
-9.050000000000233413e-01 9.051909302703457445e-10
-9.000000000000234479e-01 8.965006464390048920e-10
-8.950000000000235545e-01 8.878853340120475539e-10
-8.900000000000236611e-01 8.793445314765860513e-10
-8.850000000000237677e-01 8.708777803010918105e-10
-8.800000000000238742e-01 8.624846249169538886e-10
-8.750000000000239808e-01 8.541646127090982280e-10
-8.700000000000240874e-01 8.459172940068970450e-10
-8.650000000000241940e-01 8.377422220831673208e-10
-8.600000000000243006e-01 8.296389531478262232e-10
-8.550000000000244071e-01 8.216070463327363299e-10
-8.500000000000245137e-01 8.136460636943929323e-10
-8.450000000000246203e-01 8.057555702063559525e-10
-8.400000000000247269e-01 7.979351337523788648e-10
-8.350000000000248335e-01 7.901843251234600031e-10
-8.300000000000249401e-01 7.825027180028540488e-10
-8.250000000000250466e-01 7.748898889653918807e-10
-8.200000000000251532e-01 7.673454174702247544e-10
-8.150000000000252598e-01 7.598688858595221125e-10
-8.100000000000253664e-01 7.524598793545389615e-10
-8.050000000000254730e-01 7.451179860372093453e-10
-8.000000000000255795e-01 7.378427968485444066e-10
-7.950000000000256861e-01 7.306339055941191794e-10
-7.900000000000257927e-01 7.234909089357237516e-10
-7.850000000000258993e-01 7.164134063786909611e-10
-7.800000000000260059e-01 7.094010002574988008e-10
-7.750000000000261124e-01 7.024532957346680968e-10
-7.700000000000262190e-01 6.955699008028182587e-10
-7.650000000000263256e-01 6.887504262782026570e-10
-7.600000000000264322e-01 6.819944857937952536e-10
-7.550000000000265388e-01 6.753016957921586511e-10
-7.500000000000266454e-01 6.686716755162511174e-10
-7.450000000000267519e-01 6.621040470053667834e-10
-7.400000000000268585e-01 6.555984350921704071e-10
-7.350000000000269651e-01 6.491544673967692806e-10
-7.300000000000270717e-01 6.427717743233972694e-10
-7.250000000000271783e-01 6.364499890570625603e-10
-7.200000000000272848e-01 6.301887475534450970e-10
-7.150000000000273914e-01 6.239876885305803134e-10
-7.100000000000274980e-01 6.178464534704270546e-10
-7.050000000000276046e-01 6.117646866167374828e-10
-7.000000000000277112e-01 6.057420349604235295e-10
-6.950000000000278177e-01 5.997781482286520690e-10
-6.900000000000279243e-01 5.938726788866677150e-10
-6.850000000000280309e-01 5.880252821377296444e-10
-6.800000000000281375e-01 5.822356159160769433e-10
-6.750000000000282441e-01 5.765033408808539992e-10
-6.700000000000283507e-01 5.708281204107111831e-10
-6.650000000000284572e-01 5.652096205972789116e-10
-6.600000000000285638e-01 5.596475102406885667e-10
-6.550000000000286704e-01 5.541414608448641845e-10
-6.500000000000287770e-01 5.486911466103154369e-10
-6.450000000000288836e-01 5.432962444286225081e-10
-6.400000000000289901e-01 5.379564338798622193e-10
-6.350000000000290967e-01 5.326713972300652748e-10
-6.300000000000292033e-01 5.274408194284104660e-10
-6.250000000000293099e-01 5.222643881027471423e-10
-6.200000000000294165e-01 5.171417935522035254e-10
-6.150000000000295231e-01 5.120727287385180632e-10
-6.100000000000296296e-01 5.070568892802461667e-10
-6.050000000000297362e-01 5.020939734494225369e-10
-6.000000000000298428e-01 4.971836821680294130e-10
-5.950000000000299494e-01 4.923257190063563773e-10
-5.900000000000300560e-01 4.875197901804856223e-10
-5.850000000000301625e-01 4.827656045455167212e-10
-5.800000000000302691e-01 4.780628735878526518e-10
-5.750000000000303757e-01 4.734113114197562244e-10
-5.700000000000304823e-01 4.688106347761574744e-10
-5.650000000000305889e-01 4.642605630127654163e-10
-5.600000000000306954e-01 4.597608181052106186e-10
-5.550000000000308020e-01 4.553111246467394388e-10
-5.500000000000309086e-01 4.509112098423205673e-10
-5.450000000000310152e-01 4.465608035023751543e-10
-5.400000000000311218e-01 4.422596380375443749e-10
-5.350000000000312284e-01 4.380074484503976157e-10
-5.300000000000313349e-01 4.338039723274535942e-10
-5.250000000000314415e-01 4.296489498383869888e-10
-5.200000000000315481e-01 4.255421237359289707e-10
-5.150000000000316547e-01 4.214832393505126053e-10
-5.100000000000317613e-01 4.174720445852971536e-10
-5.050000000000318678e-01 4.135082899144809861e-10
-5.000000000000319744e-01 4.095917283810992141e-10
-4.950000000000320810e-01 4.057221155924743518e-10
-4.900000000000321876e-01 4.018992097150691327e-10
-4.850000000000322942e-01 3.981227714700659537e-10
-4.800000000000324007e-01 3.943925641286944930e-10
-4.750000000000325073e-01 3.907083535072638705e-10
-4.700000000000326139e-01 3.870699079650057229e-10
-4.650000000000327205e-01 3.834769984046360656e-10
-4.600000000000328271e-01 3.799293982703242026e-10
-4.550000000000329337e-01 3.764268835411495213e-10
-4.500000000000330402e-01 3.729692327241845046e-10
-4.450000000000331468e-01 3.695562268505752906e-10
-4.400000000000332534e-01 3.661876494739993945e-10
-4.350000000000333600e-01 3.628632866687153718e-10
-4.300000000000334666e-01 3.595829270256015537e-10
-4.250000000000335731e-01 3.563463616478021819e-10
-4.200000000000336797e-01 3.531533841477445437e-10
-4.150000000000337863e-01 3.500037906444884266e-10
-4.100000000000338929e-01 3.468973797596669885e-10
-4.050000000000339995e-01 3.438339526126746338e-10
-4.000000000000341061e-01 3.408133128178419852e-10
-3.950000000000342126e-01 3.378352664846262387e-10
-3.900000000000343192e-01 3.348996222174287181e-10
-3.850000000000344258e-01 3.320061911114783080e-10
-3.800000000000345324e-01 3.291547867466942383e-10
-3.750000000000346390e-01 3.263452251831445012e-10
-3.700000000000347455e-01 3.235773249577109688e-10
-3.650000000000348521e-01 3.208509070806335362e-10
-3.600000000000349587e-01 3.181657950331074718e-10
-3.550000000000350653e-01 3.155218147664181349e-10
-3.500000000000351719e-01 3.129187947002938002e-10
-3.450000000000352784e-01 3.103565657187266903e-10
-3.400000000000353850e-01 3.078349611652635255e-10
-3.350000000000354916e-01 3.053538168408617825e-10
-3.300000000000355982e-01 3.029129710036545163e-10
-3.250000000000357048e-01 3.005122643674473214e-10
-3.200000000000358114e-01 2.981515400981215953e-10
-3.150000000000359179e-01 2.958306438100139691e-10
-3.100000000000360245e-01 2.935494235637817680e-10
-3.050000000000361311e-01 2.913077298646902299e-10
-3.000000000000362377e-01 2.891054156596993314e-10
-2.950000000000363443e-01 2.869423363341189267e-10
-2.900000000000364508e-01 2.848183497095617351e-10
-2.850000000000365574e-01 2.827333160424967049e-10
-2.800000000000366640e-01 2.806870980213587411e-10
-2.750000000000367706e-01 2.786795607623767166e-10
-2.700000000000368772e-01 2.767105718062918401e-10
-2.650000000000369837e-01 2.747800011170670987e-10
-2.600000000000370903e-01 2.728877210814946063e-10
-2.550000000000371969e-01 2.710336065082990945e-10
-2.500000000000373035e-01 2.692175346266883302e-10
-2.450000000000374101e-01 2.674393850846741978e-10
-2.400000000000375167e-01 2.656990399464550342e-10
-2.350000000000376232e-01 2.639963836886648300e-10
-2.300000000000377298e-01 2.623313031975170266e-10
-2.250000000000378364e-01 2.607036877684827431e-10
-2.200000000000379430e-01 2.591134291068488644e-10
-2.150000000000380496e-01 2.575604213265152176e-10
-2.100000000000381561e-01 2.560445609467823189e-10
-2.050000000000382627e-01 2.545657468887285818e-10
-2.000000000000383693e-01 2.531238804726972898e-10
-1.950000000000384759e-01 2.517188654174185451e-10
-1.900000000000385825e-01 2.503506078398890681e-10
-1.850000000000386891e-01 2.490190162544631782e-10
-1.800000000000387956e-01 2.477240015706389478e-10
-1.750000000000389022e-01 2.464654770903764317e-10
-1.700000000000390088e-01 2.452433585060227872e-10
-1.650000000000391154e-01 2.440575638993518662e-10
-1.600000000000392220e-01 2.429080137415654558e-10
-1.550000000000393285e-01 2.417946308934539064e-10
-1.500000000000394351e-01 2.407173406046964405e-10
-1.450000000000395417e-01 2.396760705119443682e-10
-1.400000000000396483e-01 2.386707506363612588e-10
-1.350000000000397549e-01 2.377013133816696059e-10
-1.300000000000398614e-01 2.367676935330782322e-10
-1.250000000000399680e-01 2.358698282564363423e-10
-1.200000000000400746e-01 2.350076570967684310e-10
-1.150000000000401812e-01 2.341811219761893743e-10
-1.100000000000402878e-01 2.333901671919863527e-10
-1.050000000000403944e-01 2.326347394157671397e-10
-1.000000000000405009e-01 2.319147876939541869e-10
-9.500000000004060752e-02 2.312302634488003759e-10
-9.000000000004071410e-02 2.305811204787065526e-10
-8.500000000004082068e-02 2.299673149576648602e-10
-8.000000000004092726e-02 2.293888054345790036e-10
-7.500000000004103384e-02 2.288455528325971022e-10
-7.000000000004114042e-02 2.283375204476988402e-10
-6.500000000004124701e-02 2.278646739464326614e-10
-6.000000000004135359e-02 2.274269813640693219e-10
-5.500000000004146017e-02 2.270244131042252642e-10
-5.000000000004156675e-02 2.266569419394473302e-10
-4.500000000004167333e-02 2.263245430116913633e-10
-4.000000000004177991e-02 2.260271938324152138e-10
-3.500000000004188649e-02 2.257648742824241087e-10
-3.000000000004199308e-02 2.255375666113396783e-10
-2.500000000004209966e-02 2.253452554366562992e-10
-2.000000000004220624e-02 2.251879277428288684e-10
-1.500000000004231282e-02 2.250655728807779687e-10
-1.000000000004241940e-02 2.249781825676197168e-10
-5.000000000042525983e-03 2.249257508863366745e-10
-4.263256414560601115e-14 2.249082742856578556e-10
4.999999999957260854e-03 2.249257515805093846e-10
9.999999999957154273e-03 2.249781839527055801e-10
1.499999999995704769e-02 2.250655749512538227e-10
1.999999999995694111e-02 2.251879304922978152e-10
2.499999999995683453e-02 2.253452588591678858e-10
2.999999999995672795e-02 2.255375707025367309e-10
3.499999999995662137e-02 2.257648790403922211e-10
3.999999999995651478e-02 2.260271992580636385e-10
4.499999999995640820e-02 2.263245491086467185e-10
4.999999999995630162e-02 2.266569487134235471e-10
5.499999999995619504e-02 2.270244205617760946e-10
5.999999999995608846e-02 2.274269895110178072e-10
6.499999999995598188e-02 2.278646827867993130e-10
6.999999999995587530e-02 2.283375299838845239e-10
7.499999999995576871e-02 2.288455630668525508e-10
7.999999999995566213e-02 2.293888163709593406e-10
8.499999999995555555e-02 2.299673266033122216e-10
8.999999999995544897e-02 2.305811328436493917e-10
9.499999999995534239e-02 2.312302765442145491e-10
9.999999999995523581e-02 2.319148015294140770e-10
1.049999999999551292e-01 2.326347539961382233e-10
1.099999999999550226e-01 2.333901825147197760e-10
1.149999999999549161e-01 2.341811380302829630e-10
1.199999999999548095e-01 2.350076738647495458e-10
1.249999999999547029e-01 2.358698457193282708e-10
1.299999999999545963e-01 2.367677116760987915e-10
1.349999999999544897e-01 2.377013321975839126e-10
1.399999999999543832e-01 2.386707701251781016e-10
1.449999999999542766e-01 2.396760906783231521e-10
1.499999999999541700e-01 2.407173614553603345e-10
1.549999999999540634e-01 2.417946524357268710e-10
1.599999999999539568e-01 2.429080359827418797e-10
1.649999999999538502e-01 2.440575868462443574e-10
1.699999999999537437e-01 2.452433821645008641e-10
1.749999999999536371e-01 2.464655014651663976e-10
1.799999999999535305e-01 2.477240266656613804e-10
1.849999999999534239e-01 2.490190420736885442e-10
1.899999999999533173e-01 2.503506343882987528e-10
1.949999999999532108e-01 2.517188927013854063e-10
1.999999999999531042e-01 2.531239084993139877e-10
2.049999999999529976e-01 2.545657756643822948e-10
2.099999999999528910e-01 2.560445904758617573e-10
2.149999999999527844e-01 2.575604516108910502e-10
2.199999999999526779e-01 2.591134601461441038e-10
2.249999999999525713e-01 2.607037195609489878e-10
2.299999999999524647e-01 2.623313357411241687e-10
2.349999999999523581e-01 2.639964169817185968e-10
2.399999999999522515e-01 2.656990739877566859e-10
2.449999999999521449e-01 2.674394198740306911e-10
2.499999999999520384e-01 2.692175701655648088e-10
2.549999999999519318e-01 2.710336427993346780e-10
2.599999999999518252e-01 2.728877581266625342e-10
2.649999999999517186e-01 2.747800389155498063e-10
2.699999999999516120e-01 2.767106103531478538e-10
2.749999999999515055e-01 2.786796000488120727e-10
2.799999999999513989e-01 2.806871380367917314e-10
2.849999999999512923e-01 2.827333567772797152e-10
2.899999999999511857e-01 2.848183911565877846e-10
2.949999999999510791e-01 2.869423784885147326e-10
2.999999999999509726e-01 2.891054585175732674e-10
3.049999999999508660e-01 2.913077734228491721e-10
3.099999999999507594e-01 2.935494678211729738e-10
3.149999999999506528e-01 2.958306887692216543e-10
3.199999999999505462e-01 2.981515857648664892e-10
3.249999999999504396e-01 3.005123107485485976e-10
3.299999999999503331e-01 3.029130181053996781e-10
3.349999999999502265e-01 3.053538646680623844e-10
3.399999999999501199e-01 3.078350097200455250e-10
3.449999999999500133e-01 3.103566149996376100e-10
3.499999999999499067e-01 3.129188447034327081e-10
3.549999999999498002e-01 3.155218654884065667e-10
3.599999999999496936e-01 3.181658464732375679e-10
3.649999999999495870e-01 3.208509592401744500e-10
3.699999999999494804e-01 3.235773778375094232e-10
3.749999999999493738e-01 3.263452787821838911e-10
3.799999999999492672e-01 3.291548410625987976e-10
3.849999999999491607e-01 3.320062461419217980e-10
3.899999999999490541e-01 3.348996779617574594e-10
3.949999999999489475e-01 3.378353229456173868e-10
3.999999999999488409e-01 3.408133700021802452e-10
4.049999999999487343e-01 3.438340105291126621e-10
4.099999999999486278e-01 3.468974384172043551e-10
4.149999999999485212e-01 3.500038500527613721e-10
4.199999999999484146e-01 3.531534443175158252e-10
4.249999999999483080e-01 3.563464225893184476e-10
4.299999999999482014e-01 3.595829887464972670e-10
4.349999999999480949e-01 3.628633491733983714e-10
4.399999999999479883e-01 3.661877127639242775e-10
4.449999999999478817e-01 3.695562909246133173e-10
4.499999999999477751e-01 3.729692975794504691e-10
4.549999999999476685e-01 3.764269491746257653e-10
4.599999999999475619e-01 3.799294646806341425e-10
4.649999999999474554e-01 3.834770655927075912e-10
4.699999999999473488e-01 3.870699759332911146e-10
4.749999999999472422e-01 3.907084222584125361e-10
4.799999999999471356e-01 3.943926336647304917e-10
4.849999999999470290e-01 3.981228417928886990e-10
4.899999999999469225e-01 4.018992808277125163e-10
4.949999999999468159e-01 4.057221874991625783e-10
4.999999999999467093e-01 4.095918010859995160e-10
5.049999999999466027e-01 4.135083634209943682e-10
5.099999999999464961e-01 4.174721188966108979e-10
5.149999999999463896e-01 4.214833144701020595e-10
5.199999999999462830e-01 4.255421996662048493e-10
5.249999999999461764e-01 4.296490265785169928e-10
5.299999999999460698e-01 4.338040498724406740e-10
5.349999999999459632e-01 4.380075267902320070e-10
5.399999999999458566e-01 4.422597171564999784e-10
5.449999999999457501e-01 4.465608833818300664e-10
5.499999999999456435e-01 4.509112904661819376e-10
5.549999999999455369e-01 4.553112060055607094e-10
5.599999999999454303e-01 4.597609001982095870e-10
5.649999999999453237e-01 4.642606458475430968e-10
5.699999999999452172e-01 4.688107183659142738e-10
5.749999999999451106e-01 4.734113957792919547e-10
5.799999999999450040e-01 4.780629587294186851e-10
5.849999999999448974e-01 4.827656904750767194e-10
5.899999999999447908e-01 4.875198768964014577e-10
5.949999999999446842e-01 4.923258065032625429e-10
5.999999999999445777e-01 4.971837704441776626e-10
6.049999999999444711e-01 5.020940625103197219e-10
6.099999999999443645e-01 5.070569791350580688e-10
6.149999999999442579e-01 5.120728193954029578e-10
6.199999999999441513e-01 5.171418850183474409e-10
6.249999999999440448e-01 5.222644803855128132e-10
6.299999999999439382e-01 5.274409125338007420e-10
6.349999999999438316e-01 5.326714911599889786e-10
6.399999999999437250e-01 5.379565286319622997e-10
6.449999999999436184e-01 5.432963399987631656e-10
6.499999999999435119e-01 5.486912429930661272e-10
6.549999999999434053e-01 5.541415580316498365e-10
6.599999999999432987e-01 5.596476082195487690e-10
6.649999999999431921e-01 5.652097193548682425e-10
6.699999999999430855e-01 5.708282199344135873e-10
6.749999999999429789e-01 5.765034411591833500e-10
6.799999999999428724e-01 5.822357169372336127e-10
6.849999999999427658e-01 5.880253838884432773e-10
6.899999999999426592e-01 5.938727813525673923e-10
6.949999999999425526e-01 5.997782513959526191e-10
6.999999999999424460e-01 6.057421388146152739e-10
7.049999999999423395e-01 6.117647911380485301e-10
7.099999999999422329e-01 6.178465586365903230e-10
7.149999999999421263e-01 6.239877943273924915e-10
7.199999999999420197e-01 6.301888539766680215e-10
7.249999999999419131e-01 6.364500961048575121e-10
7.299999999999418065e-01 6.427718819946467275e-10
7.349999999999417000e-01 6.491545756956675676e-10
7.399999999999415934e-01 6.555985440241403124e-10
7.449999999999414868e-01 6.621041565690892641e-10
7.499999999999413802e-01 6.686717857075344357e-10
7.549999999999412736e-01 6.753018066092157867e-10
7.599999999999411671e-01 6.819945972342901451e-10
7.649999999999410605e-01 6.887505383376654271e-10
7.699999999999409539e-01 6.955700134776476733e-10
7.749999999999408473e-01 7.024534090213097607e-10
7.799999999999407407e-01 7.094011141520238130e-10
7.849999999999406342e-01 7.164135208777856360e-10
7.899999999999405276e-01 7.234910240327527565e-10
7.949999999999404210e-01 7.306340212815675785e-10
7.999999999999403144e-01 7.378429131260128784e-10
8.049999999999402078e-01 7.451181029117427803e-10
8.099999999999401012e-01 7.524599968389550403e-10
8.149999999999399947e-01 7.598690039676011471e-10
8.199999999999398881e-01 7.673455362150767303e-10
8.249999999999397815e-01 7.748900083628079860e-10
8.299999999999396749e-01 7.825028380712426710e-10
8.349999999999395683e-01 7.901844458804813450e-10
8.399999999999394618e-01 7.979352552116809928e-10
8.449999999999393552e-01 8.057556923781727453e-10
8.499999999999392486e-01 8.136461865878866558e-10
8.549999999999391420e-01 8.216071699549339869e-10
8.599999999999390354e-01 8.296390775034822409e-10
8.649999999999389289e-01 8.377423471722309312e-10
8.699999999999388223e-01 8.459174198259926272e-10
8.749999999999387157e-01 8.541647392539151372e-10
8.799999999999386091e-01 8.624847521859258583e-10
8.849999999999385025e-01 8.708779082980674019e-10
8.899999999999383959e-01 8.793446602118211665e-10
8.949999999999382894e-01 8.878854635015517568e-10
8.999999999999381828e-01 8.965007767021715354e-10
9.049999999999380762e-01 9.051910613262841481e-10
9.099999999999379696e-01 9.139567818564244325e-10
9.149999999999378630e-01 9.227984057494030802e-10
9.199999999999377565e-01 9.317164034532787292e-10
9.249999999999376499e-01 9.407112484078941834e-10
9.299999999999375433e-01 9.497834170543599352e-10
9.349999999999374367e-01 9.589333888320182056e-10
9.399999999999373301e-01 9.681616461932451344e-10
9.449999999999372235e-01 9.774686746263591341e-10
9.499999999999371170e-01 9.868549626506544971e-10
9.549999999999370104e-01 9.963210018123910173e-10
9.599999999999369038e-01 1.005867286718739208e-09
9.649999999999367972e-01 1.015494315025723731e-09
9.699999999999366906e-01 1.025202587448289149e-09
9.749999999999365841e-01 1.034992607778091964e-09
9.799999999999364775e-01 1.044864882883169326e-09
9.849999999999363709e-01 1.054819922718764352e-09
9.899999999999362643e-01 1.064858240316987811e-09
9.949999999999361577e-01 1.074980351798207367e-09
9.999999999999360512e-01 1.085186776366397380e-09
1.004999999999935945e+00 2.487819475729615586e-04
1.009999999999935838e+00 4.964265500656828969e-04
1.014999999999935731e+00 7.428140154214194109e-04
1.019999999999935625e+00 9.878283198703984545e-04
1.024999999999935518e+00 1.231358181523519628e-03
1.029999999999935412e+00 1.473296950334727169e-03
1.034999999999935305e+00 1.713542499618593866e-03
1.039999999999935199e+00 1.951997119124969024e-03
1.044999999999935092e+00 2.188567409671528675e-03
1.049999999999934985e+00 2.423164179334080792e-03
1.054999999999934879e+00 2.655702341193540237e-03
1.059999999999934772e+00 2.886100812637580008e-03
1.064999999999934666e+00 3.114282416214122096e-03
1.069999999999934559e+00 3.340173782032989681e-03
1.074999999999934452e+00 3.563705251711280202e-03
1.079999999999934346e+00 3.784810783857265985e-03
1.084999999999934239e+00 4.003427861086900942e-03
1.089999999999934133e+00 4.219497398566368282e-03
1.094999999999934026e+00 4.432963654073435872e-03
1.099999999999933920e+00 4.643774139569773092e-03
1.104999999999933813e+00 4.851879534275704321e-03
1.109999999999933706e+00 5.057233599238854238e-03
1.114999999999933600e+00 5.259793093386454406e-03
1.119999999999933493e+00 5.459517691051963585e-03
1.124999999999933387e+00 5.656369900965269037e-03
1.129999999999933280e+00 5.850314986695609454e-03
1.134999999999933173e+00 6.041320888535917782e-03
1.139999999999933067e+00 6.229358146816866768e-03
1.144999999999932960e+00 6.414399826638540920e-03
1.149999999999932854e+00 6.596421444007333386e-03
1.154999999999932747e+00 6.775400893365322690e-03
1.159999999999932641e+00 6.951318376499080777e-03
1.164999999999932534e+00 7.124156332814596607e-03
1.169999999999932427e+00 7.293899370964743688e-03
1.174999999999932321e+00 7.460534201815442398e-03
1.179999999999932214e+00 7.624049572736484905e-03
1.184999999999932108e+00 7.784436203202790144e-03
1.189999999999932001e+00 7.941686721691619544e-03
1.194999999999931894e+00 8.095795603861141027e-03
1.199999999999931788e+00 8.246759111995615246e-03
1.204999999999931681e+00 8.394575235702238583e-03
1.209999999999931575e+00 8.539243633844605455e-03
1.214999999999931468e+00 8.680765577697795859e-03
1.219999999999931362e+00 8.819143895309638700e-03
1.224999999999931255e+00 8.954382917052911353e-03
1.229999999999931148e+00 9.086488422353137043e-03
1.234999999999931042e+00 9.215467587576423036e-03
1.239999999999930935e+00 9.341328935061926630e-03
1.244999999999930829e+00 9.464082283283313871e-03
1.249999999999930722e+00 9.583738698123699107e-03
1.254999999999930616e+00 9.700310445248518793e-03
1.259999999999930509e+00 9.813810943560636810e-03
1.264999999999930402e+00 9.924254719722209322e-03
1.269999999999930296e+00 1.003165736372765154e-02
1.274999999999930189e+00 1.013603548551220840e-02
1.279999999999930083e+00 1.023740667258058942e-02
1.284999999999929976e+00 1.033578944864014214e-02
1.289999999999929869e+00 1.043120323322320117e-02
1.294999999999929763e+00 1.052366830228313593e-02
1.299999999999929656e+00 1.061320574974885383e-02
1.304999999999929550e+00 1.069983745002236510e-02
1.309999999999929443e+00 1.078358602140440034e-02
1.314999999999929337e+00 1.086447479043279631e-02
1.319999999999929230e+00 1.094252775711867555e-02
1.324999999999929123e+00 1.101776956106548071e-02
1.329999999999929017e+00 1.109022544845604183e-02
1.334999999999928910e+00 1.115992123989284664e-02
1.339999999999928804e+00 1.122688329907690907e-02
1.344999999999928697e+00 1.129113850231070262e-02
1.349999999999928590e+00 1.135271420881066480e-02
1.354999999999928484e+00 1.141163823181507060e-02
1.359999999999928377e+00 1.146793881047288542e-02
1.364999999999928271e+00 1.152164458249973177e-02
1.369999999999928164e+00 1.157278455758684391e-02
1.374999999999928058e+00 1.162138809154928884e-02
1.379999999999927951e+00 1.166748486119968502e-02
1.384999999999927844e+00 1.171110483993391058e-02
1.389999999999927738e+00 1.175227827401534482e-02
1.394999999999927631e+00 1.179103565954433934e-02
1.399999999999927525e+00 1.182740772009978000e-02
1.404999999999927418e+00 1.186142538503977793e-02
1.409999999999927311e+00 1.189311976844846866e-02
1.414999999999927205e+00 1.192252214871639994e-02
1.419999999999927098e+00 1.194966394874179966e-02
1.424999999999926992e+00 1.197457671674029278e-02
1.429999999999926885e+00 1.199729210765084798e-02
1.434999999999926779e+00 1.201784186512575014e-02
1.439999999999926672e+00 1.203625780409267945e-02
1.444999999999926565e+00 1.205257179387703853e-02
1.449999999999926459e+00 1.206681574187279393e-02
1.454999999999926352e+00 1.207902157775040709e-02
1.459999999999926246e+00 1.208922123819037610e-02
1.464999999999926139e+00 1.209744665213121489e-02
1.469999999999926033e+00 1.210372972652080416e-02
1.474999999999925926e+00 1.210810233256013994e-02
1.479999999999925819e+00 1.211059629242877862e-02
1.484999999999925713e+00 1.211124336648132689e-02
1.489999999999925606e+00 1.211007524090447832e-02
1.494999999999925500e+00 1.210712351582439276e-02
1.499999999999925393e+00 1.210241969385412661e-02
1.504999999999925286e+00 1.209599516907121711e-02
1.509999999999925180e+00 1.208788121641552783e-02
1.514999999999925073e+00 1.207810898149757825e-02
1.519999999999924967e+00 1.206670947080792228e-02
1.524999999999924860e+00 1.205371354231809383e-02
1.529999999999924754e+00 1.203915189646385248e-02
1.534999999999924647e+00 1.202305506750168604e-02
1.539999999999924540e+00 1.200545341522953231e-02
1.544999999999924434e+00 1.198637711706292651e-02
1.549999999999924327e+00 1.196585616045792860e-02
1.554999999999924221e+00 1.194392033567228013e-02
1.559999999999924114e+00 1.192059922885634060e-02
1.564999999999924007e+00 1.189592221546573701e-02
1.569999999999923901e+00 1.186991845398738428e-02
1.574999999999923794e+00 1.184261687997111706e-02
1.579999999999923688e+00 1.181404620035898974e-02
1.584999999999923581e+00 1.178423488810463778e-02
1.589999999999923475e+00 1.175321117707502257e-02
1.594999999999923368e+00 1.172100305722732771e-02
1.599999999999923261e+00 1.168763827005354396e-02
1.604999999999923155e+00 1.165314430428572232e-02
1.609999999999923048e+00 1.161754839185479352e-02
1.614999999999922942e+00 1.158087750409611365e-02
1.619999999999922835e+00 1.154315834819496546e-02
1.624999999999922728e+00 1.150441736386536434e-02
1.629999999999922622e+00 1.146468072025568115e-02
1.634999999999922515e+00 1.142397431307467549e-02
1.639999999999922409e+00 1.138232376193172232e-02
1.644999999999922302e+00 1.133975440788502834e-02
1.649999999999922196e+00 1.129629131119188473e-02
1.654999999999922089e+00 1.125195924925502002e-02
1.659999999999921982e+00 1.120678271475926066e-02
1.664999999999921876e+00 1.116078591399286522e-02
1.669999999999921769e+00 1.111399276534797385e-02
1.674999999999921663e+00 1.106642689799469149e-02
1.679999999999921556e+00 1.101811165072351384e-02
1.684999999999921450e+00 1.096907007095088843e-02
1.689999999999921343e+00 1.091932491388276569e-02
1.694999999999921236e+00 1.086889864183116818e-02
1.699999999999921130e+00 1.081781342367881850e-02
1.704999999999921023e+00 1.076609113448714905e-02
1.709999999999920917e+00 1.071375335524288840e-02
1.714999999999920810e+00 1.066082137273866200e-02
1.719999999999920703e+00 1.060731617958317330e-02
1.724999999999920597e+00 1.055325847433649655e-02
1.729999999999920490e+00 1.049866866176625557e-02
1.734999999999920384e+00 1.044356685322041060e-02
1.739999999999920277e+00 1.038797286711262528e-02
1.744999999999920171e+00 1.033190622951615442e-02
1.749999999999920064e+00 1.027538617486232868e-02
1.754999999999919957e+00 1.021843164673981799e-02
1.759999999999919851e+00 1.016106129879094933e-02
1.764999999999919744e+00 1.010329349570134386e-02
1.769999999999919638e+00 1.004514631427941285e-02
1.774999999999919531e+00 9.986637544622100487e-03
1.779999999999919424e+00 9.927784691363582964e-03
1.784999999999919318e+00 9.868604975003514995e-03
1.789999999999919211e+00 9.809115333311623289e-03
1.794999999999919105e+00 9.749332422805437673e-03
1.799999999999918998e+00 9.689272620298129343e-03
1.804999999999918892e+00 9.628952024513429131e-03
1.809999999999918785e+00 9.568386457764579620e-03
1.814999999999918678e+00 9.507591467694668716e-03
1.819999999999918572e+00 9.446582329075315851e-03
1.824999999999918465e+00 9.385374045661176376e-03
1.829999999999918359e+00 9.323981352097511152e-03
1.834999999999918252e+00 9.262418715878226183e-03
1.839999999999918145e+00 9.200700339351951945e-03
1.844999999999918039e+00 9.138840161773598494e-03
1.849999999999917932e+00 9.076851861399117330e-03
1.854999999999917826e+00 9.014748857621010178e-03
1.859999999999917719e+00 8.952544313142457924e-03
1.864999999999917613e+00 8.890251136187772921e-03
1.869999999999917506e+00 8.827881982747060041e-03
1.874999999999917399e+00 8.765449258853030834e-03
1.879999999999917293e+00 8.702965122887902985e-03
1.884999999999917186e+00 8.640441487918452609e-03
1.889999999999917080e+00 8.577890024057281682e-03
1.894999999999916973e+00 8.515322160848428842e-03
1.899999999999916866e+00 8.452749089675580182e-03
1.904999999999916760e+00 8.390181766191063747e-03
1.909999999999916653e+00 8.327630912763917329e-03
1.914999999999916547e+00 8.265107020945435326e-03
1.919999999999916440e+00 8.202620353950555374e-03
1.924999999999916334e+00 8.140180949153539083e-03
1.929999999999916227e+00 8.077798620596383927e-03
1.934999999999916120e+00 8.015482961508628781e-03
1.939999999999916014e+00 7.953243346836991884e-03
1.944999999999915907e+00 7.891088935783545366e-03
1.949999999999915801e+00 7.829028674351123582e-03
1.954999999999915694e+00 7.767071297894577453e-03
1.959999999999915588e+00 7.705225333676738592e-03
1.964999999999915481e+00 7.643499103427794754e-03
1.969999999999915374e+00 7.581900725906986355e-03
1.974999999999915268e+00 7.520438119465421012e-03
1.979999999999915161e+00 7.459119004608999112e-03
1.984999999999915055e+00 7.397950906560303748e-03
1.989999999999914948e+00 7.336941157818537354e-03
1.994999999999914841e+00 7.276096900716419978e-03
