-2.000000000000000000e+00 7.186817465188091898e-03
-1.995000000000000107e+00 7.240396299875339475e-03
-1.990000000000000213e+00 7.294022111839045669e-03
-1.985000000000000320e+00 7.347687172383442905e-03
-1.980000000000000426e+00 7.401383587943117029e-03
-1.975000000000000533e+00 7.455103298466424569e-03
-1.970000000000000639e+00 7.508838075813697652e-03
-1.965000000000000746e+00 7.562579522171371943e-03
-1.960000000000000853e+00 7.616319068483158247e-03
-1.955000000000000959e+00 7.670047972899469470e-03
-1.950000000000001066e+00 7.723757319246273879e-03
-1.945000000000001172e+00 7.777438015514620204e-03
-1.940000000000001279e+00 7.831080792372128660e-03
-1.935000000000001386e+00 7.884676201697740291e-03
-1.930000000000001492e+00 7.938214615141022182e-03
-1.925000000000001599e+00 7.991686222707473572e-03
-1.920000000000001705e+00 8.045081031371201577e-03
-1.915000000000001812e+00 8.098388863716382904e-03
-1.910000000000001918e+00 8.151599356609053743e-03
-1.905000000000002025e+00 8.204701959900681518e-03
-1.900000000000002132e+00 8.257685935165117938e-03
-1.895000000000002238e+00 8.310540354470480687e-03
-1.890000000000002345e+00 8.363254099187642995e-03
-1.885000000000002451e+00 8.415815858836965188e-03
-1.880000000000002558e+00 8.468214129974961299e-03
-1.875000000000002665e+00 8.520437215122703134e-03
-1.870000000000002771e+00 8.572473221737680893e-03
-1.865000000000002878e+00 8.624310061231042421e-03
-1.860000000000002984e+00 8.675935448031951019e-03
-1.855000000000003091e+00 8.727336898701146956e-03
-1.850000000000003197e+00 8.778501731095489022e-03
-1.845000000000003304e+00 8.829417063585618536e-03
-1.840000000000003411e+00 8.880069814328758054e-03
-1.835000000000003517e+00 8.930446700598646675e-03
-1.830000000000003624e+00 8.980534238174906966e-03
-1.825000000000003730e+00 9.030318740793893961e-03
-1.820000000000003837e+00 9.079786319663307390e-03
-1.815000000000003944e+00 9.128922883042881256e-03
-1.810000000000004050e+00 9.177714135893395506e-03
-1.805000000000004157e+00 9.226145579596460936e-03
-1.800000000000004263e+00 9.274202511747459132e-03
-1.795000000000004370e+00 9.321870026024152781e-03
-1.790000000000004476e+00 9.369133012133386285e-03
-1.785000000000004583e+00 9.415976155838666137e-03
-1.780000000000004690e+00 9.462383939070973318e-03
-1.775000000000004796e+00 9.508340640125749824e-03
-1.770000000000004903e+00 9.553830333948585066e-03
-1.765000000000005009e+00 9.598836892512528640e-03
-1.760000000000005116e+00 9.643343985289832762e-03
-1.755000000000005222e+00 9.687335079820960648e-03
-1.750000000000005329e+00 9.730793442383924366e-03
-1.745000000000005436e+00 9.773702138766840464e-03
-1.740000000000005542e+00 9.816044035146865784e-03
-1.735000000000005649e+00 9.857801799078578717e-03
-1.730000000000005755e+00 9.898957900595002982e-03
-1.725000000000005862e+00 9.939494613424524824e-03
-1.720000000000005969e+00 9.979394016326919789e-03
-1.715000000000006075e+00 1.001863799455198628e-02
-1.710000000000006182e+00 1.005720824142406628e-02
-1.705000000000006288e+00 1.009508626005597466e-02
-1.700000000000006395e+00 1.013225336519588994e-02
-1.695000000000006501e+00 1.016869068521077980e-02
-1.690000000000006608e+00 1.020437916421002185e-02
-1.685000000000006715e+00 1.023929956431289708e-02
-1.680000000000006821e+00 1.027343246806385231e-02
-1.675000000000006928e+00 1.030675828099917798e-02
-1.670000000000007034e+00 1.033925723436922815e-02
-1.665000000000007141e+00 1.037090938801997139e-02
-1.660000000000007248e+00 1.040169463343797521e-02
-1.655000000000007354e+00 1.043159269696295084e-02
-1.650000000000007461e+00 1.046058314317194204e-02
-1.645000000000007567e+00 1.048864537843940785e-02
-1.640000000000007674e+00 1.051575865467751364e-02
-1.635000000000007780e+00 1.054190207326095342e-02
-1.630000000000007887e+00 1.056705458914068869e-02
-1.625000000000007994e+00 1.059119501515114886e-02
-1.620000000000008100e+00 1.061430202651539659e-02
-1.615000000000008207e+00 1.063635416555283771e-02
-1.610000000000008313e+00 1.065732984659420977e-02
-1.605000000000008420e+00 1.067720736110855037e-02
-1.600000000000008527e+00 1.069596488304696592e-02
-1.595000000000008633e+00 1.071358047440801320e-02
-1.590000000000008740e+00 1.073003209102971200e-02
-1.585000000000008846e+00 1.074529758861310705e-02
-1.580000000000008953e+00 1.075935472898249118e-02
-1.575000000000009059e+00 1.077218118658735367e-02
-1.570000000000009166e+00 1.078375455525132538e-02
-1.565000000000009273e+00 1.079405235517325035e-02
-1.560000000000009379e+00 1.080305204018582217e-02
-1.555000000000009486e+00 1.081073100527708310e-02
-1.550000000000009592e+00 1.081706659438019281e-02
-1.545000000000009699e+00 1.082203610843705636e-02
-1.540000000000009805e+00 1.082561681374128934e-02
-1.535000000000009912e+00 1.082778595056615306e-02
-1.530000000000010019e+00 1.082852074208315828e-02
-1.525000000000010125e+00 1.082779840357702382e-02
-1.520000000000010232e+00 1.082559615196282410e-02
-1.515000000000010338e+00 1.082189121561112286e-02
-1.510000000000010445e+00 1.081666084448705718e-02
-1.505000000000010552e+00 1.080988232060922476e-02
-1.500000000000010658e+00 1.080153296883449611e-02
-1.495000000000010765e+00 1.079159016797470380e-02
-1.490000000000010871e+00 1.078003136225137021e-02
-1.485000000000010978e+00 1.076683407309462701e-02
-1.480000000000011084e+00 1.075197591129251236e-02
-1.475000000000011191e+00 1.073543458949684920e-02
-1.470000000000011298e+00 1.071718793509210746e-02
-1.465000000000011404e+00 1.069721390343343452e-02
-1.460000000000011511e+00 1.067549059146035394e-02
-1.455000000000011617e+00 1.065199625169245025e-02
-1.450000000000011724e+00 1.062670930661350870e-02
-1.445000000000011831e+00 1.059960836345058381e-02
-1.440000000000011937e+00 1.057067222935454374e-02
-1.435000000000012044e+00 1.053987992698850011e-02
-1.430000000000012150e+00 1.050721071053084890e-02
-1.425000000000012257e+00 1.047264408209935653e-02
-1.420000000000012363e+00 1.043615980860296277e-02
-1.415000000000012470e+00 1.039773793902793245e-02
-1.410000000000012577e+00 1.035735882216490440e-02
-1.405000000000012683e+00 1.031500312478354081e-02
-1.400000000000012790e+00 1.027065185026145369e-02
-1.395000000000012896e+00 1.022428635767394858e-02
-1.390000000000013003e+00 1.017588838135131783e-02
-1.385000000000013110e+00 1.012544005091032054e-02
-1.380000000000013216e+00 1.007292391176642897e-02
-1.375000000000013323e+00 1.001832294613354095e-02
-1.370000000000013429e+00 9.961620594517672095e-03
-1.365000000000013536e+00 9.902800777711271915e-03
-1.360000000000013642e+00 9.841847919294710589e-03
-1.355000000000013749e+00 9.778746968651401764e-03
-1.350000000000013856e+00 9.713483424503122077e-03
-1.345000000000013962e+00 9.646043358971923345e-03
-1.340000000000014069e+00 9.576413442174995169e-03
-1.335000000000014175e+00 9.504580967358922453e-03
-1.330000000000014282e+00 9.430533876579473562e-03
-1.325000000000014388e+00 9.354260786933268207e-03
-1.320000000000014495e+00 9.275751017347347999e-03
-1.315000000000014602e+00 9.194994615932761128e-03
-1.310000000000014708e+00 9.111982387908165032e-03
-1.305000000000014815e+00 9.026705924099221942e-03
-1.300000000000014921e+00 8.939157630019657630e-03
-1.295000000000015028e+00 8.849330755539629861e-03
-1.290000000000015135e+00 8.757219425146886560e-03
-1.285000000000015241e+00 8.662818668806223157e-03
-1.280000000000015348e+00 8.566124453422483201e-03
-1.275000000000015454e+00 8.467133714912276898e-03
-1.270000000000015561e+00 8.365844390889316459e-03
-1.265000000000015667e+00 8.262255453968367705e-03
-1.260000000000015774e+00 8.156366945692312617e-03
-1.255000000000015881e+00 8.048180011086881677e-03
-1.250000000000015987e+00 7.937696933847342498e-03
-1.245000000000016094e+00 7.824921172161214411e-03
-1.240000000000016200e+00 7.709857395170865296e-03
-1.235000000000016307e+00 7.592511520079650057e-03
-1.230000000000016414e+00 7.472890749905008144e-03
-1.225000000000016520e+00 7.351003611881648699e-03
-1.220000000000016627e+00 7.226859996517753272e-03
-1.215000000000016733e+00 7.100471197306773043e-03
-1.210000000000016840e+00 6.971849951097210119e-03
-1.205000000000016946e+00 6.841010479122349233e-03
-1.200000000000017053e+00 6.707968528691710987e-03
-1.195000000000017160e+00 6.572741415545595330e-03
-1.190000000000017266e+00 6.435348066873700611e-03
-1.185000000000017373e+00 6.295809064998558920e-03
-1.180000000000017479e+00 6.154146691724102572e-03
-1.175000000000017586e+00 6.010384973349164849e-03
-1.170000000000017693e+00 5.864549726345534217e-03
-1.165000000000017799e+00 5.716668603699516862e-03
-1.160000000000017906e+00 5.566771141915715163e-03
-1.155000000000018012e+00 5.414888808681134723e-03
-1.150000000000018119e+00 5.261055051187293712e-03
-1.145000000000018225e+00 5.105305345107518170e-03
-1.140000000000018332e+00 4.947677244226065738e-03
-1.135000000000018439e+00 4.788210430715183347e-03
-1.130000000000018545e+00 4.626946766055632827e-03
-1.125000000000018652e+00 4.463930342595634655e-03
-1.120000000000018758e+00 4.299207535742606730e-03
-1.115000000000018865e+00 4.132827056781354300e-03
-1.110000000000018971e+00 3.964840006311838930e-03
-1.105000000000019078e+00 3.795299928298827806e-03
-1.100000000000019185e+00 3.624262864725165227e-03
-1.095000000000019291e+00 3.451787410839581103e-03
-1.090000000000019398e+00 3.277934770989304226e-03
-1.085000000000019504e+00 3.102768815026637865e-03
-1.080000000000019611e+00 2.926356135278438374e-03
-1.075000000000019718e+00 2.748766104066028941e-03
-1.070000000000019824e+00 2.570070931762491635e-03
-1.065000000000019931e+00 2.390345725373359785e-03
-1.060000000000020037e+00 2.209668547625742632e-03
-1.055000000000020144e+00 2.028120476550004329e-03
-1.050000000000020250e+00 1.845785665537121251e-03
-1.045000000000020357e+00 1.662751403853776665e-03
-1.040000000000020464e+00 1.479108177596263679e-03
-1.035000000000020570e+00 1.294949731063106202e-03
-1.030000000000020677e+00 1.110373128525226705e-03
-1.025000000000020783e+00 9.254788163712985563e-04
-1.020000000000020890e+00 7.403706856047353796e-04
-1.015000000000020997e+00 5.551561346675131523e-04
-1.010000000000021103e+00 3.699461325647577397e-04
-1.005000000000021210e+00 1.848552822626999123e-04
-1.000000000000021316e+00 1.884331238673488490e-09
-9.950000000000214229e-01 1.868207675581137173e-09
-9.900000000000215294e-01 1.852209599131255044e-09
-9.850000000000216360e-01 1.836335541743399643e-09
-9.800000000000217426e-01 1.820584827122536582e-09
-9.750000000000218492e-01 1.804956782853006800e-09
-9.700000000000219558e-01 1.789450740423363494e-09
-9.650000000000220624e-01 1.774066035150497110e-09
-9.600000000000221689e-01 1.758802006217443292e-09
-9.550000000000222755e-01 1.743657996691442095e-09
-9.500000000000223821e-01 1.728633353445538422e-09
-9.450000000000224887e-01 1.713727427203323611e-09
-9.400000000000225953e-01 1.698939572525716255e-09
-9.350000000000227018e-01 1.684269147804578855e-09
-9.300000000000228084e-01 1.669715515249074708e-09
-9.250000000000229150e-01 1.655278040884760915e-09
-9.200000000000230216e-01 1.640956094548131460e-09
-9.150000000000231282e-01 1.626749049884697536e-09
-9.100000000000232347e-01 1.612656284325243325e-09
-9.050000000000233413e-01 1.598677179093011301e-09
-9.000000000000234479e-01 1.584811119202157473e-09
-8.950000000000235545e-01 1.571057493435414195e-09
-8.900000000000236611e-01 1.557415694345681046e-09
-8.850000000000237677e-01 1.543885118252399913e-09
-8.800000000000238742e-01 1.530465165229937453e-09
-8.750000000000239808e-01 1.517155239111071858e-09
-8.700000000000240874e-01 1.503954747474115932e-09
-8.650000000000241940e-01 1.490863101636502101e-09
-8.600000000000243006e-01 1.477879716653499034e-09
-8.550000000000244071e-01 1.465004011312718554e-09
-8.500000000000245137e-01 1.452235408120823251e-09
-8.450000000000246203e-01 1.439573333296132110e-09
-8.400000000000247269e-01 1.427017216770587547e-09
-8.350000000000248335e-01 1.414566492190153285e-09
-8.300000000000249401e-01 1.402220596903886261e-09
-8.250000000000250466e-01 1.389978971940465374e-09
-8.200000000000251532e-01 1.377841062008678495e-09
-8.150000000000252598e-01 1.365806315505055891e-09
-8.100000000000253664e-01 1.353874184506546367e-09
-8.050000000000254730e-01 1.342044124758245425e-09
-8.000000000000255795e-01 1.330315595664787620e-09
-7.950000000000256861e-01 1.318688060287904312e-09
-7.900000000000257927e-01 1.307160985341399159e-09
-7.850000000000258993e-01 1.295733841183771325e-09
-7.800000000000260059e-01 1.284406101813850241e-09
-7.750000000000261124e-01 1.273177244872339533e-09
-7.700000000000262190e-01 1.262046751636314210e-09
-7.650000000000263256e-01 1.251014107005413565e-09
-7.600000000000264322e-01 1.240078799493995165e-09
-7.550000000000265388e-01 1.229240321227268607e-09
-7.500000000000266454e-01 1.218498167942067276e-09
-7.450000000000267519e-01 1.207851838985677682e-09
-7.400000000000268585e-01 1.197300837305188057e-09
-7.350000000000269651e-01 1.186844669437523520e-09
-7.300000000000270717e-01 1.176482845507893458e-09
-7.250000000000271783e-01 1.166214879223522532e-09
-7.200000000000272848e-01 1.156040287862706042e-09
-7.150000000000273914e-01 1.145958592270787143e-09
-7.100000000000274980e-01 1.135969316864400483e-09
-7.050000000000276046e-01 1.126071989627965380e-09
-7.000000000000277112e-01 1.116266142101302919e-09
-6.950000000000278177e-01 1.106551309374270037e-09
-6.900000000000279243e-01 1.096927030084879133e-09
-6.850000000000280309e-01 1.087392846415442784e-09
-6.800000000000281375e-01 1.077948304085834504e-09
-6.750000000000282441e-01 1.068592952345371197e-09
-6.700000000000283507e-01 1.059326343967685889e-09
-6.650000000000284572e-01 1.050148035248638055e-09
-6.600000000000285638e-01 1.041057586003565935e-09
-6.550000000000286704e-01 1.032054559561876152e-09
-6.500000000000287770e-01 1.023138522759114564e-09
-6.450000000000288836e-01 1.014309045931770954e-09
-6.400000000000289901e-01 1.005565702913959133e-09
-6.350000000000290967e-01 9.969080710316581178e-10
-6.300000000000292033e-01 9.883357310993849948e-10
-6.250000000000293099e-01 9.798482674187854102e-10
-6.200000000000294165e-01 9.714452677726300978e-10
-6.150000000000295231e-01 9.631263234178249962e-10
-6.100000000000296296e-01 9.548910290821633241e-10
-6.050000000000297362e-01 9.467389829606719238e-10
-6.000000000000298428e-01 9.386697867095430639e-10
-5.950000000000299494e-01 9.306830454406139397e-10
-5.900000000000300560e-01 9.227783677191917045e-10
-5.850000000000301625e-01 9.149553655623427576e-10
-5.800000000000302691e-01 9.072136544333606629e-10
-5.750000000000303757e-01 8.995528532348800776e-10
-5.700000000000304823e-01 8.919725843041557223e-10
-5.650000000000305889e-01 8.844724734097547954e-10
-5.600000000000306954e-01 8.770521497469993120e-10
-5.550000000000308020e-01 8.697112459329575247e-10
-5.500000000000309086e-01 8.624493980031314794e-10
-5.450000000000310152e-01 8.552662454084878498e-10
-5.400000000000311218e-01 8.481614310118233066e-10
-5.350000000000312284e-01 8.411346010831922759e-10
-5.300000000000313349e-01 8.341854052948151261e-10
-5.250000000000314415e-01 8.273134967172465636e-10
-5.200000000000315481e-01 8.205185318168654498e-10
-5.150000000000316547e-01 8.138001704533933631e-10
-5.100000000000317613e-01 8.071580758753123280e-10
-5.050000000000318678e-01 8.005919147142853785e-10
-5.000000000000319744e-01 7.941013569829518120e-10
-4.950000000000320810e-01 7.876860760746057258e-10
-4.900000000000321876e-01 7.813457487593143689e-10
-4.850000000000322942e-01 7.750800551760015065e-10
-4.800000000000324007e-01 7.688886788250805494e-10
-4.750000000000325073e-01 7.627713065652931732e-10
-4.700000000000326139e-01 7.567276286130139695e-10
-4.650000000000327205e-01 7.507573385406250362e-10
-4.600000000000328271e-01 7.448601332733598694e-10
-4.550000000000329337e-01 7.390357130851970327e-10
-4.500000000000330402e-01 7.332837815945656418e-10
-4.450000000000331468e-01 7.276040457608311911e-10
-4.400000000000332534e-01 7.219962158814168619e-10
-4.350000000000333600e-01 7.164600055891296611e-10
-4.300000000000334666e-01 7.109951318495843738e-10
-4.250000000000335731e-01 7.056013149575696556e-10
-4.200000000000336797e-01 7.002782785319963372e-10
-4.150000000000337863e-01 6.950257495119400888e-10
-4.100000000000338929e-01 6.898434581548454047e-10
-4.050000000000339995e-01 6.847311380336856845e-10
-4.000000000000341061e-01 6.796885260317080524e-10
-3.950000000000342126e-01 6.747153623385906887e-10
-3.900000000000343192e-01 6.698113904501313971e-10
-3.850000000000344258e-01 6.649763571682418137e-10
-3.800000000000345324e-01 6.602100125984691744e-10
-3.750000000000346390e-01 6.555121101459077678e-10
-3.700000000000347455e-01 6.508824065110274633e-10
-3.650000000000348521e-01 6.463206616861479572e-10
-3.600000000000349587e-01 6.418266389526264619e-10
-3.550000000000350653e-01 6.374001048779293832e-10
-3.500000000000351719e-01 6.330408293121297276e-10
-3.450000000000352784e-01 6.287485853848203741e-10
-3.400000000000353850e-01 6.245231495033249861e-10
-3.350000000000354916e-01 6.203643013518061040e-10
-3.300000000000355982e-01 6.162718238901707852e-10
-3.250000000000357048e-01 6.122455033516918390e-10
-3.200000000000358114e-01 6.082851292390517329e-10
-3.150000000000359179e-01 6.043904943198377661e-10
-3.100000000000360245e-01 6.005613946229005104e-10
-3.050000000000361311e-01 5.967976294360781334e-10
-3.000000000000362377e-01 5.930990013051509452e-10
-2.950000000000363443e-01 5.894653160335430964e-10
-2.900000000000364508e-01 5.858963826813822808e-10
-2.850000000000365574e-01 5.823920135627926831e-10
-2.800000000000366640e-01 5.789520242420821936e-10
-2.750000000000367706e-01 5.755762335303118831e-10
-2.700000000000368772e-01 5.722644634829922018e-10
-2.650000000000369837e-01 5.690165393988709526e-10
-2.600000000000370903e-01 5.658322898192755793e-10
-2.550000000000371969e-01 5.627115465270553061e-10
-2.500000000000373035e-01 5.596541445445983853e-10
-2.450000000000374101e-01 5.566599221312841747e-10
-2.400000000000375167e-01 5.537287207804556562e-10
-2.350000000000376232e-01 5.508603852158355723e-10
-2.300000000000377298e-01 5.480547633886105117e-10
-2.250000000000378364e-01 5.453117064762907433e-10
-2.200000000000379430e-01 5.426310688821367740e-10
-2.150000000000380496e-01 5.400127082338183852e-10
-2.100000000000381561e-01 5.374564853819706856e-10
-2.050000000000382627e-01 5.349622643993604168e-10
-2.000000000000383693e-01 5.325299125799258030e-10
-1.950000000000384759e-01 5.301593004369237702e-10
-1.900000000000385825e-01 5.278503017005011369e-10
-1.850000000000386891e-01 5.256027933154742549e-10
-1.800000000000387956e-01 5.234166554398067894e-10
-1.750000000000389022e-01 5.212917714440601618e-10
-1.700000000000390088e-01 5.192280279116808909e-10
-1.650000000000391154e-01 5.172253146389175652e-10
-1.600000000000392220e-01 5.152835246328672483e-10
-1.550000000000393285e-01 5.134025541078852059e-10
-1.500000000000394351e-01 5.115823024823761677e-10
-1.450000000000395417e-01 5.098226723775236755e-10
-1.400000000000396483e-01 5.081235696175172471e-10
-1.350000000000397549e-01 5.064849032297144006e-10
-1.300000000000398614e-01 5.049065854438368415e-10
-1.250000000000399680e-01 5.033885316906271213e-10
-1.200000000000400746e-01 5.019306606006494327e-10
-1.150000000000401812e-01 5.005328940031981445e-10
-1.100000000000402878e-01 4.991951569249726585e-10
-1.050000000000403944e-01 4.979173775888404639e-10
-1.000000000000405009e-01 4.966994874134217899e-10
-9.500000000004060752e-02 4.955414210133456173e-10
-9.000000000004071410e-02 4.944431161988765173e-10
-8.500000000004082068e-02 4.934045139742117963e-10
-8.000000000004092726e-02 4.924255585355443429e-10
-7.500000000004103384e-02 4.915061972702927289e-10
-7.000000000004114042e-02 4.906463807573016975e-10
-6.500000000004124701e-02 4.898460627668911741e-10
-6.000000000004135359e-02 4.891052002603914934e-10
-5.500000000004146017e-02 4.884237533895663383e-10
-5.000000000004156675e-02 4.878016854960582181e-10
-4.500000000004167333e-02 4.872389631106805059e-10
-4.000000000004177991e-02 4.867355559527445265e-10
-3.500000000004188649e-02 4.862914369298732344e-10
-3.000000000004199308e-02 4.859065821382671524e-10
-2.500000000004209966e-02 4.855809708628314469e-10
-2.000000000004220624e-02 4.853145855766838592e-10
-1.500000000004231282e-02 4.851074119402086173e-10
-1.000000000004241940e-02 4.849594388002305999e-10
-5.000000000042525983e-03 4.848706581896823957e-10
-4.263256414560601115e-14 4.848410653278006557e-10
4.999999999957260854e-03 4.848706586208107921e-10
9.999999999957154273e-03 4.849594396628377037e-10
1.499999999995704769e-02 4.851074132362651864e-10
1.999999999995694111e-02 4.853145873108813517e-10
2.499999999995683453e-02 4.855809730422623163e-10
2.999999999995672795e-02 4.859065847706988313e-10
3.499999999995662137e-02 4.862914400215404933e-10
3.999999999995651478e-02 4.867355595067928231e-10
4.499999999995640820e-02 4.872389671272004165e-10
4.999999999995630162e-02 4.878016899739179529e-10
5.499999999995619504e-02 4.884237583289771384e-10
5.999999999995608846e-02 4.891052056643534396e-10
6.499999999995598188e-02 4.898460686404761243e-10
6.999999999995587530e-02 4.906463871056430312e-10
7.499999999995576871e-02 4.915062040970922860e-10
7.999999999995566213e-02 4.924255658429872246e-10
8.499999999995555555e-02 4.934045217638388332e-10
8.999999999995544897e-02 4.944431244726101804e-10
9.499999999995534239e-02 4.955414297740459872e-10
9.999999999995523581e-02 4.966994966645180471e-10
1.049999999999551292e-01 4.979173873332380803e-10
1.099999999999550226e-01 4.991951671642490675e-10
1.149999999999549161e-01 5.005329047376613675e-10
1.199999999999548095e-01 5.019306718295962628e-10
1.249999999999547029e-01 5.033885434120640532e-10
1.299999999999545963e-01 5.049065976540708240e-10
1.349999999999544897e-01 5.064849159236158800e-10
1.399999999999543832e-01 5.081235827895292239e-10
1.449999999999542766e-01 5.098226860229236722e-10
1.499999999999541700e-01 5.115823165984297321e-10
1.549999999999540634e-01 5.134025686947341993e-10
1.599999999999539568e-01 5.152835396940437321e-10
1.649999999999538502e-01 5.172253301814449230e-10
1.699999999999537437e-01 5.192280439458895748e-10
1.749999999999536371e-01 5.212917879831944706e-10
1.799999999999535305e-01 5.234166724992599340e-10
1.849999999999534239e-01 5.256028109114318851e-10
1.899999999999533173e-01 5.278503198480366549e-10
1.949999999999532108e-01 5.301593191480034808e-10
1.999999999999531042e-01 5.325299318621404325e-10
2.049999999999529976e-01 5.349622842559575798e-10
2.099999999999528910e-01 5.374565058128956847e-10
2.149999999999527844e-01 5.400127292368202551e-10
2.199999999999526779e-01 5.426310904532690361e-10
2.249999999999525713e-01 5.453117286098795589e-10
2.299999999999524647e-01 5.480547860768761438e-10
2.349999999999523581e-01 5.508604084481044960e-10
2.399999999999522515e-01 5.537287445425132894e-10
2.449999999999521449e-01 5.566599464060420001e-10
2.499999999999520384e-01 5.596541693143333345e-10
2.549999999999519318e-01 5.627115717762004602e-10
2.599999999999518252e-01 5.658323155366223309e-10
2.649999999999517186e-01 5.690165655785200563e-10
2.699999999999516120e-01 5.722644901239073038e-10
2.749999999999515055e-01 5.755762606347349530e-10
2.799999999999513989e-01 5.789520518132135932e-10
2.849999999999512923e-01 5.823920416024901567e-10
2.899999999999511857e-01 5.858964111893296385e-10
2.949999999999510791e-01 5.894653450089642361e-10
2.999999999999509726e-01 5.930990307499141576e-10
3.049999999999508660e-01 5.967976593562916305e-10
3.099999999999507594e-01 6.005614250276707234e-10
3.149999999999506528e-01 6.043905252189178783e-10
3.199999999999505462e-01 6.082851606413585445e-10
3.249999999999504396e-01 6.122455352644389854e-10
3.299999999999503331e-01 6.162718563177127517e-10
3.349999999999502265e-01 6.203643342947445613e-10
3.399999999999501199e-01 6.245231829590103712e-10
3.449999999999500133e-01 6.287486193488816579e-10
3.499999999999499067e-01 6.330408637794697198e-10
3.549999999999498002e-01 6.374001398426813052e-10
3.599999999999496936e-01 6.418266744080547888e-10
3.649999999999495870e-01 6.463206976251983895e-10
3.699999999999494804e-01 6.508824429271842992e-10
3.749999999999493738e-01 6.555121470338120143e-10
3.799999999999492672e-01 6.602100499543237622e-10
3.849999999999491607e-01 6.649763949903658085e-10
3.899999999999490541e-01 6.698114287394709901e-10
3.949999999999489475e-01 6.747154010979979987e-10
3.999999999999488409e-01 6.796885652631711045e-10
4.049999999999487343e-01 6.847311777355017275e-10
4.099999999999486278e-01 6.898434983222272342e-10
4.149999999999485212e-01 6.950257901406047704e-10
4.199999999999484146e-01 7.002783196204772795e-10
4.249999999999483080e-01 7.056013565070906725e-10
4.299999999999482014e-01 7.109951738641483991e-10
4.349999999999480949e-01 7.164600480758115705e-10
4.399999999999479883e-01 7.219962588484305589e-10
4.449999999999478817e-01 7.276040892147889507e-10
4.499999999999477751e-01 7.332838255402350229e-10
4.549999999999476685e-01 7.390357575267440270e-10
4.599999999999475619e-01 7.448601782145519744e-10
4.649999999999474554e-01 7.507573839845091717e-10
4.699999999999473488e-01 7.567276745619466697e-10
4.749999999999472422e-01 7.627713530207806305e-10
4.799999999999471356e-01 7.688887257874771074e-10
4.849999999999470290e-01 7.750801026443712103e-10
4.899999999999469225e-01 7.813457967318878792e-10
4.949999999999468159e-01 7.876861245509075171e-10
4.999999999999467093e-01 7.941014059664434284e-10
5.049999999999466027e-01 8.005919642126066602e-10
5.099999999999464961e-01 8.071581258976907848e-10
5.149999999999463896e-01 8.138002210075062652e-10
5.199999999999462830e-01 8.205185829078077127e-10
5.249999999999461764e-01 8.273135483488649907e-10
5.299999999999460698e-01 8.341854574710828727e-10
5.349999999999459632e-01 8.411346538081862051e-10
5.399999999999458566e-01 8.481614842891719495e-10
5.449999999999457501e-01 8.552662992414589835e-10
5.499999999999456435e-01 8.624494523949826444e-10
5.549999999999455369e-01 8.697113008866303822e-10
5.599999999999454303e-01 8.770522052641759336e-10
5.649999999999453237e-01 8.844725294900139395e-10
5.699999999999452172e-01 8.919726409450816079e-10
5.749999999999451106e-01 8.995529104331467149e-10
5.799999999999450040e-01 9.072137121861257558e-10
5.849999999999448974e-01 9.149554238683408233e-10
5.899999999999447908e-01 9.227784265792861127e-10
5.949999999999446842e-01 9.306831048577974298e-10
5.999999999999445777e-01 9.386698466883639920e-10
6.049999999999444711e-01 9.467390435063357374e-10
6.099999999999443645e-01 9.548910901999978936e-10
6.149999999999442579e-01 9.631263851137169524e-10
6.199999999999441513e-01 9.714453300536677582e-10
6.249999999999440448e-01 9.798483302926288808e-10
6.299999999999439382e-01 9.883357945729586045e-10
6.349999999999438316e-01 9.969081351101065165e-10
6.399999999999437250e-01 1.005565767599673700e-09
6.449999999999436184e-01 1.014309111224310801e-09
6.499999999999435119e-01 1.023138588655752478e-09
6.549999999999434053e-01 1.032054626057676552e-09
6.599999999999432987e-01 1.041057653091804464e-09
6.649999999999431921e-01 1.050148102922327932e-09
6.699999999999430855e-01 1.059326412220957853e-09
6.749999999999429789e-01 1.068593021173547956e-09
6.799999999999428724e-01 1.077948373485046919e-09
6.849999999999427658e-01 1.087392916382378619e-09
6.899999999999426592e-01 1.096927100616931320e-09
6.949999999999425526e-01 1.106551380469589829e-09
6.999999999999424460e-01 1.116266213758683872e-09
7.049999999999423395e-01 1.126072061847887259e-09
7.099999999999422329e-01 1.135969389649620902e-09
7.149999999999421263e-01 1.145958665626249125e-09
7.199999999999420197e-01 1.156040361796056666e-09
7.249999999999419131e-01 1.166214953744240047e-09
7.299999999999418065e-01 1.176482920625689998e-09
7.349999999999417000e-01 1.186844745160534820e-09
7.399999999999415934e-01 1.197300913638533538e-09
7.449999999999414868e-01 1.207851915930737082e-09
7.499999999999413802e-01 1.218498245495997988e-09
7.549999999999412736e-01 1.229240399384455729e-09
7.599999999999411671e-01 1.240078878248642850e-09
7.649999999999410605e-01 1.251014186353407622e-09
7.699999999999409539e-01 1.262046831576602052e-09
7.749999999999408473e-01 1.273177325407315022e-09
7.799999999999407407e-01 1.284406182946884343e-09
7.849999999999406342e-01 1.295733922918346472e-09
7.899999999999405276e-01 1.307161067682693707e-09
7.949999999999404210e-01 1.318688143242314849e-09
7.999999999999403144e-01 1.330315679239280249e-09
8.049999999999402078e-01 1.342044208961045835e-09
8.099999999999401012e-01 1.353874269346170383e-09
8.149999999999399947e-01 1.365806400988413780e-09
8.199999999999398881e-01 1.377841148139654078e-09
8.249999999999397815e-01 1.389979058720300454e-09
8.299999999999396749e-01 1.402220684332215224e-09
8.349999999999395683e-01 1.414566580267369251e-09
8.399999999999394618e-01 1.427017305497976573e-09
8.449999999999393552e-01 1.439573422674777182e-09
8.499999999999392486e-01 1.452235498151908893e-09
8.549999999999391420e-01 1.465004101998783796e-09
8.599999999999390354e-01 1.477879808000485722e-09
8.649999999999389289e-01 1.490863193655032680e-09
8.699999999999388223e-01 1.503954840177608514e-09
8.749999999999387157e-01 1.517155332512139291e-09
8.799999999999386091e-01 1.530465259340522779e-09
8.849999999999385025e-01 1.543885213079718215e-09
8.899999999999383959e-01 1.557415789892289966e-09
8.949999999999382894e-01 1.571057589703333915e-09
8.999999999999381828e-01 1.584811216191856591e-09
9.049999999999380762e-01 1.598677276802457848e-09
9.099999999999379696e-01 1.612656382752515759e-09
9.149999999999378630e-01 1.626749149028390271e-09
9.199999999999377565e-01 1.640956194406467506e-09
9.249999999999376499e-01 1.655278141454162302e-09
9.299999999999375433e-01 1.669715616528745068e-09
9.349999999999374367e-01 1.684269249797559730e-09
9.399999999999373301e-01 1.698939675235790344e-09
9.449999999999372235e-01 1.713727530634586904e-09
9.499999999999371170e-01 1.728633457599719313e-09
9.549999999999370104e-01 1.743658101569332403e-09
9.599999999999369038e-01 1.758802111820870880e-09
9.649999999999367972e-01 1.774066141478894944e-09
9.699999999999366906e-01 1.789450847472464357e-09
9.749999999999365841e-01 1.804956890614768429e-09
9.799999999999364775e-01 1.820584935586875024e-09
9.849999999999363709e-01 1.836335650899704239e-09
9.899999999999362643e-01 1.852209708966491703e-09
9.949999999999361577e-01 1.868207786092078649e-09
9.999999999999360512e-01 1.884330562451191194e-09
1.004999999999935945e+00 1.848552822597017951e-04
1.009999999999935838e+00 3.699461325618008493e-04
1.014999999999935731e+00 5.551561346645981663e-04
1.019999999999935625e+00 7.403706856018630027e-04
1.024999999999935518e+00 9.254788163684696560e-04
1.029999999999935412e+00 1.110373128522441823e-03
1.034999999999935305e+00 1.294949731060365556e-03
1.039999999999935199e+00 1.479108177593568569e-03
1.044999999999935092e+00 1.662751403851128610e-03
1.049999999999934985e+00 1.845785665534519816e-03
1.054999999999934879e+00 2.028120476547451249e-03
1.059999999999934772e+00 2.209668547623236390e-03
1.064999999999934666e+00 2.390345725370902983e-03
1.069999999999934559e+00 2.570070931760082972e-03
1.074999999999934452e+00 2.748766104063669717e-03
1.079999999999934346e+00 2.926356135276129890e-03
1.084999999999934239e+00 3.102768815024379689e-03
1.089999999999934133e+00 3.277934770987098092e-03
1.094999999999934026e+00 3.451787410837427444e-03
1.099999999999933920e+00 3.624262864723063176e-03
1.104999999999933813e+00 3.795299928296742235e-03
1.109999999999933706e+00 3.964840006309770272e-03
1.114999999999933600e+00 4.132827056779303856e-03
1.119999999999933493e+00 4.299207535740571899e-03
1.124999999999933387e+00 4.463930342593618907e-03
1.129999999999933280e+00 4.626946766053634426e-03
1.134999999999933173e+00 4.788210430713204027e-03
1.139999999999933067e+00 4.947677244224104633e-03
1.144999999999932960e+00 5.105305345105575279e-03
1.149999999999932854e+00 5.261055051185369903e-03
1.154999999999932747e+00 5.414888808679231731e-03
1.159999999999932641e+00 5.566771141913831253e-03
1.164999999999932534e+00 5.716668603697652035e-03
1.169999999999932427e+00 5.864549726343689338e-03
1.174999999999932321e+00 6.010384973347340787e-03
1.179999999999932214e+00 6.154146691722297592e-03
1.184999999999932108e+00 6.295809064996773889e-03
1.189999999999932001e+00 6.435348066871934662e-03
1.194999999999931894e+00 6.572741415543849330e-03
1.199999999999931788e+00 6.707968528689984937e-03
1.204999999999931681e+00 6.841010479120662215e-03
1.209999999999931575e+00 6.971849951095560396e-03
1.214999999999931468e+00 7.100471197305162352e-03
1.219999999999931362e+00 7.226859996516179878e-03
1.224999999999931255e+00 7.351003611880112601e-03
1.229999999999931148e+00 7.472890749903507608e-03
1.234999999999931042e+00 7.592511520078189420e-03
1.239999999999930935e+00 7.709857395169441088e-03
1.244999999999930829e+00 7.824921172159830102e-03
1.249999999999930722e+00 7.937696933845992883e-03
1.254999999999930616e+00 8.048180011085570226e-03
1.259999999999930509e+00 8.156366945691037595e-03
1.264999999999930402e+00 8.262255453967132582e-03
1.269999999999930296e+00 8.365844390888117765e-03
1.274999999999930189e+00 8.467133714911114634e-03
1.279999999999930083e+00 8.566124453421362570e-03
1.284999999999929976e+00 8.662818668805133751e-03
1.289999999999929869e+00 8.757219425145835318e-03
1.294999999999929763e+00 8.849330755538613313e-03
1.299999999999929656e+00 8.939157630018679246e-03
1.304999999999929550e+00 9.026705924098269579e-03
1.309999999999929443e+00 9.111982387907236955e-03
1.314999999999929337e+00 9.194994615931853868e-03
1.319999999999929230e+00 9.275751017346463290e-03
1.324999999999929123e+00 9.354260786932406049e-03
1.329999999999929017e+00 9.430533876578630487e-03
1.334999999999928910e+00 9.504580967358100194e-03
1.339999999999928804e+00 9.576413442174198931e-03
1.344999999999928697e+00 9.646043358971146189e-03
1.349999999999928590e+00 9.713483424502367472e-03
1.354999999999928484e+00 9.778746968650666241e-03
1.359999999999928377e+00 9.841847919293995883e-03
1.364999999999928271e+00 9.902800777710576291e-03
1.369999999999928164e+00 9.961620594516995553e-03
1.374999999999928058e+00 1.001832294613288349e-02
1.379999999999927951e+00 1.007292391176579233e-02
1.384999999999927844e+00 1.012544005090970298e-02
1.389999999999927738e+00 1.017588838135071935e-02
1.394999999999927631e+00 1.022428635767336919e-02
1.399999999999927525e+00 1.027065185026088991e-02
1.404999999999927418e+00 1.031500312478301346e-02
1.409999999999927311e+00 1.035735882216441521e-02
1.414999999999927205e+00 1.039773793902747795e-02
1.419999999999927098e+00 1.043615980860254297e-02
1.424999999999926992e+00 1.047264408209896622e-02
1.429999999999926885e+00 1.050721071053049675e-02
1.434999999999926779e+00 1.053987992698818266e-02
1.439999999999926672e+00 1.057067222935425925e-02
1.444999999999926565e+00 1.059960836345033575e-02
1.449999999999926459e+00 1.062670930661329012e-02
1.454999999999926352e+00 1.065199625169226463e-02
1.459999999999926246e+00 1.067549059146020128e-02
1.464999999999926139e+00 1.069721390343331135e-02
1.469999999999926033e+00 1.071718793509201552e-02
1.474999999999925926e+00 1.073543458949679195e-02
1.479999999999925819e+00 1.075197591129248634e-02
1.484999999999925713e+00 1.076683407309463221e-02
1.489999999999925606e+00 1.078003136225140317e-02
1.494999999999925500e+00 1.079159016797476625e-02
1.499999999999925393e+00 1.080153296883458978e-02
1.504999999999925286e+00 1.080988232060933231e-02
1.509999999999925180e+00 1.081666084448718035e-02
1.514999999999925073e+00 1.082189121561125816e-02
1.519999999999924967e+00 1.082559615196297675e-02
1.524999999999924860e+00 1.082779840357719209e-02
1.529999999999924754e+00 1.082852074208333695e-02
1.534999999999924647e+00 1.082778595056634562e-02
1.539999999999924540e+00 1.082561681374149230e-02
1.544999999999924434e+00 1.082203610843727321e-02
1.549999999999924327e+00 1.081706659438041833e-02
1.554999999999924221e+00 1.081073100527732249e-02
1.559999999999924114e+00 1.080305204018607371e-02
1.564999999999924007e+00 1.079405235517351229e-02
1.569999999999923901e+00 1.078375455525159773e-02
1.574999999999923794e+00 1.077218118658763643e-02
1.579999999999923688e+00 1.075935472898278608e-02
1.584999999999923581e+00 1.074529758861341236e-02
1.589999999999923475e+00 1.073003209103002599e-02
1.594999999999923368e+00 1.071358047440833759e-02
1.599999999999923261e+00 1.069596488304729899e-02
1.604999999999923155e+00 1.067720736110889558e-02
1.609999999999923048e+00 1.065732984659456886e-02
1.614999999999922942e+00 1.063635416555320720e-02
1.619999999999922835e+00 1.061430202651577823e-02
1.624999999999922728e+00 1.059119501515153917e-02
1.629999999999922622e+00 1.056705458914109115e-02
1.634999999999922515e+00 1.054190207326136629e-02
1.639999999999922409e+00 1.051575865467793691e-02
1.644999999999922302e+00 1.048864537843983979e-02
1.649999999999922196e+00 1.046058314317238613e-02
1.654999999999922089e+00 1.043159269696340534e-02
1.659999999999921982e+00 1.040169463343843664e-02
1.664999999999921876e+00 1.037090938802043977e-02
1.669999999999921769e+00 1.033925723436970867e-02
1.674999999999921663e+00 1.030675828099966718e-02
1.679999999999921556e+00 1.027343246806434844e-02
1.684999999999921450e+00 1.023929956431340188e-02
1.689999999999921343e+00 1.020437916421053359e-02
1.694999999999921236e+00 1.016869068521130369e-02
1.699999999999921130e+00 1.013225336519641903e-02
1.704999999999921023e+00 1.009508626005651416e-02
1.709999999999920917e+00 1.005720824142461271e-02
1.714999999999920810e+00 1.001863799455254139e-02
1.719999999999920703e+00 9.979394016327487044e-03
1.724999999999920597e+00 9.939494613425100752e-03
1.729999999999920490e+00 9.898957900595591053e-03
1.734999999999920384e+00 9.857801799079170257e-03
1.739999999999920277e+00 9.816044035147465999e-03
1.744999999999920171e+00 9.773702138767447617e-03
1.749999999999920064e+00 9.730793442384543662e-03
1.754999999999919957e+00 9.687335079821586883e-03
1.759999999999919851e+00 9.643343985290462467e-03
1.764999999999919744e+00 9.598836892513167018e-03
1.769999999999919638e+00 9.553830333949230383e-03
1.774999999999919531e+00 9.508340640126403814e-03
1.779999999999919424e+00 9.462383939071635983e-03
1.784999999999919318e+00 9.415976155839332271e-03
1.789999999999919211e+00 9.369133012134061092e-03
1.794999999999919105e+00 9.321870026024832792e-03
1.799999999999918998e+00 9.274202511748147817e-03
1.804999999999918892e+00 9.226145579597151355e-03
1.809999999999918785e+00 9.177714135894085926e-03
1.814999999999918678e+00 9.128922883043568207e-03
1.819999999999918572e+00 9.079786319663996075e-03
1.824999999999918465e+00 9.030318740794580912e-03
1.829999999999918359e+00 8.980534238175595652e-03
1.834999999999918252e+00 8.930446700599335361e-03
1.839999999999918145e+00 8.880069814329445005e-03
1.844999999999918039e+00 8.829417063586307221e-03
1.849999999999917932e+00 8.778501731096172503e-03
1.854999999999917826e+00 8.727336898701830437e-03
1.859999999999917719e+00 8.675935448032634500e-03
1.864999999999917613e+00 8.624310061231722432e-03
1.869999999999917506e+00 8.572473221738362639e-03
1.874999999999917399e+00 8.520437215123383146e-03
1.879999999999917293e+00 8.468214129975637841e-03
1.884999999999917186e+00 8.415815858837641730e-03
1.889999999999917080e+00 8.363254099188317803e-03
1.894999999999916973e+00 8.310540354471150290e-03
1.899999999999916866e+00 8.257685935165789276e-03
1.904999999999916760e+00 8.204701959901352856e-03
1.909999999999916653e+00 8.151599356609726815e-03
1.914999999999916547e+00 8.098388863717059447e-03
1.919999999999916440e+00 8.045081031371879854e-03
1.924999999999916334e+00 7.991686222708150114e-03
1.929999999999916227e+00 7.938214615141698724e-03
1.934999999999916120e+00 7.884676201698420303e-03
1.939999999999916014e+00 7.831080792372808672e-03
1.944999999999915907e+00 7.777438015515299348e-03
1.949999999999915801e+00 7.723757319246954758e-03
1.954999999999915694e+00 7.670047972900152083e-03
1.959999999999915588e+00 7.616319068483839126e-03
1.964999999999915481e+00 7.562579522172053689e-03
1.969999999999915374e+00 7.508838075814378531e-03
1.974999999999915268e+00 7.455103298467107183e-03
1.979999999999915161e+00 7.401383587943799643e-03
1.984999999999915055e+00 7.347687172384125519e-03
1.989999999999914948e+00 7.294022111839729150e-03
1.994999999999914841e+00 7.240396299876022089e-03
