-2.000000000000000000e+00 -5.784614290934608522e-43
-1.995000000000000107e+00 1.514260495078723755e-43
-1.990000000000000213e+00 1.730479878360613970e-44
-1.985000000000000320e+00 -7.078475480356951263e-44
-1.980000000000000426e+00 -2.565430607672845923e-44
-1.975000000000000533e+00 3.723977294624404632e-44
-1.970000000000000639e+00 4.392180583057664631e-44
-1.965000000000000746e+00 3.170888927806688733e-45
-1.960000000000000853e+00 -3.592336363974168388e-44
-1.955000000000000959e+00 -3.669138514081539789e-44
-1.950000000000001066e+00 -1.574322432796618324e-45
-1.945000000000001172e+00 3.523897849906444262e-44
-1.940000000000001279e+00 3.792166470661476331e-44
-1.935000000000001386e+00 4.273585373369477552e-46
-1.930000000000001492e+00 -4.296318506571165905e-44
-1.925000000000001599e+00 -4.130417427806805259e-44
-1.920000000000001705e+00 2.043580148048065389e-44
-1.915000000000001812e+00 7.377974915424032517e-44
-1.910000000000001918e+00 -3.171162809699625028e-45
-1.905000000000002025e+00 -1.561033430139604811e-43
-1.900000000000002132e+00 4.563079069605533500e-43
-1.895000000000002238e+00 -1.246444004363361506e-43
-1.890000000000002345e+00 -4.282312741843111061e-44
-1.885000000000002451e+00 7.090350407558711949e-44
-1.880000000000002558e+00 4.925313967749744793e-44
-1.875000000000002665e+00 -3.109393296871655478e-44
-1.870000000000002771e+00 -6.454925452707875699e-44
-1.865000000000002878e+00 -2.393715818980886907e-44
-1.860000000000002984e+00 4.076534185943335403e-44
-1.855000000000003091e+00 6.308648318318950593e-44
-1.850000000000003197e+00 2.070331835827852606e-44
-1.845000000000003304e+00 -4.625279880397051505e-44
-1.840000000000003411e+00 -6.963107825711313351e-44
-1.835000000000003517e+00 -1.656886928158852152e-44
-1.830000000000003624e+00 6.632962140659942025e-44
-1.825000000000003730e+00 7.745850801337141264e-44
-1.820000000000003837e+00 -3.075711475410246643e-44
-1.815000000000003944e+00 -1.235182945340163985e-43
-1.810000000000004050e+00 5.748889832794895133e-44
-1.805000000000004157e+00 2.277077144391515198e-43
-1.800000000000004263e+00 -2.433382569613596643e-42
-1.795000000000004370e+00 9.257453245013727806e-43
-1.790000000000004476e+00 -1.357401230900183436e-42
-1.785000000000004583e+00 -4.212135706981057580e-44
-1.780000000000004690e+00 1.123322864476528459e-42
-1.775000000000004796e+00 4.334523297428244282e-43
-1.770000000000004903e+00 -8.058625569971079099e-43
-1.765000000000005009e+00 -9.880665448852572522e-43
-1.760000000000005116e+00 1.684401877863856893e-44
-1.755000000000005222e+00 1.041296968733091673e-42
-1.750000000000005329e+00 9.424828263496525950e-43
-1.745000000000005436e+00 -2.533565986021139224e-43
-1.740000000000005542e+00 -1.314766392100392193e-42
-1.735000000000005649e+00 -9.430572850317159769e-43
-1.730000000000005755e+00 7.591802063289215780e-43
-1.725000000000005862e+00 1.860634712827817558e-42
-1.720000000000005969e+00 3.057305996634253783e-43
-1.715000000000006075e+00 -2.674935776708419684e-42
-1.710000000000006182e+00 -1.053970889026449040e-42
-1.705000000000006288e+00 6.727664847736123783e-42
-1.700000000000006395e+00 -1.894388322990777029e-41
-1.695000000000006501e+00 5.495318179228649091e-42
-1.690000000000006608e+00 4.473460810847464583e-42
-1.685000000000006715e+00 -4.289117325025983004e-42
-1.680000000000006821e+00 -4.820989522998410363e-42
-1.675000000000006928e+00 1.272798150150314146e-42
-1.670000000000007034e+00 5.388515971519217782e-42
-1.665000000000007141e+00 3.126202192165438553e-42
-1.660000000000007248e+00 -2.629765554537216728e-42
-1.655000000000007354e+00 -5.737024212187989191e-42
-1.650000000000007461e+00 -2.860506336448643400e-42
-1.645000000000007567e+00 3.400132963454445906e-42
-1.640000000000007674e+00 6.626440255314608346e-42
-1.635000000000007780e+00 2.558778797612945405e-42
-1.630000000000007887e+00 -5.584863305041141697e-42
-1.625000000000007994e+00 -7.995692891309799261e-42
-1.620000000000008100e+00 1.737003389533609686e-42
-1.615000000000008207e+00 1.252975694336551581e-41
-1.610000000000008313e+00 -2.707174832307971119e-42
-1.605000000000008420e+00 -2.724099550270982490e-41
-1.600000000000008527e+00 1.934093930643343986e-40
-1.595000000000008633e+00 -7.231136437130256363e-41
-1.590000000000008740e+00 7.255754155861721467e-41
-1.585000000000008846e+00 1.445519245678048631e-41
-1.580000000000008953e+00 -5.655203099652390029e-41
-1.575000000000009059e+00 -3.045227001180466115e-41
-1.570000000000009166e+00 3.517751047583998882e-41
-1.565000000000009273e+00 5.272647618317058070e-41
-1.560000000000009379e+00 6.206051480883836157e-42
-1.555000000000009486e+00 -4.883435476591372824e-41
-1.550000000000009592e+00 -5.062869082981411120e-41
-1.545000000000009699e+00 6.416054842716726338e-42
-1.540000000000009805e+00 6.353850476675754984e-41
-1.535000000000009912e+00 5.159913816079156822e-41
-1.530000000000010019e+00 -3.247731083452672456e-41
-1.525000000000010125e+00 -9.631665735377293791e-41
-1.520000000000010232e+00 -2.919167305172145431e-41
-1.515000000000010338e+00 1.271274014840191554e-40
-1.510000000000010445e+00 8.282265701792662497e-41
-1.505000000000010552e+00 -2.885429348020130780e-40
-1.500000000000010658e+00 7.911034084891016210e-40
-1.495000000000010765e+00 -2.281443968249887427e-39
-1.490000000000010871e+00 -2.143687068207675992e-39
-1.485000000000010978e+00 3.562851074999668156e-39
-1.480000000000011084e+00 3.182356551141504085e-39
-1.475000000000011191e+00 -1.973340613079259173e-39
-1.470000000000011298e+00 -4.701285940154144191e-39
-1.465000000000011404e+00 -1.881637847131393774e-39
-1.460000000000011511e+00 3.168340074855375846e-39
-1.455000000000011617e+00 4.991754928436735955e-39
-1.450000000000011724e+00 1.544563045936433895e-39
-1.445000000000011831e+00 -3.859033953306068020e-39
-1.440000000000011937e+00 -5.670893894034508029e-39
-1.435000000000012044e+00 -1.597986922507993027e-39
-1.430000000000012150e+00 5.087448789560515638e-39
-1.425000000000012257e+00 1.137312584872946843e-38
-1.420000000000012363e+00 2.731376724714832205e-38
-1.415000000000012470e+00 8.093663658934073253e-38
-1.410000000000012577e+00 1.769155244432503722e-37
-1.405000000000012683e+00 1.354227417890359594e-37
-1.400000000000012790e+00 -8.116025356016409620e-37
-1.395000000000012896e+00 1.703297338172818022e-35
-1.390000000000013003e+00 2.250254905439026133e-35
-1.385000000000013110e+00 -2.792292340616837223e-35
-1.380000000000013216e+00 -3.021888609926746949e-35
-1.375000000000013323e+00 1.248013563180372772e-35
-1.370000000000013429e+00 3.967272671588900405e-35
-1.365000000000013536e+00 1.982375114261615972e-35
-1.360000000000013642e+00 -2.333086563560464411e-35
-1.355000000000013749e+00 -4.290894412496944969e-35
-1.350000000000013856e+00 -1.687267641974718731e-35
-1.345000000000013962e+00 3.045469768223375101e-35
-1.340000000000014069e+00 5.028715318673182866e-35
-1.335000000000014175e+00 1.707072103319112112e-35
-1.330000000000014282e+00 -4.334916753010891827e-35
-1.325000000000014388e+00 -9.524978612660431735e-35
-1.320000000000014495e+00 -2.203604560308399313e-34
-1.315000000000014602e+00 -7.581765034266253494e-34
-1.310000000000014708e+00 -2.226584346229820365e-33
-1.305000000000014815e+00 -4.543348708911680578e-33
-1.300000000000014921e+00 -4.719298588027647434e-33
-1.295000000000015028e+00 -1.687162993147498720e-31
-1.290000000000015135e+00 -2.725131038648591009e-31
-1.285000000000015241e+00 2.916453574952443876e-31
-1.280000000000015348e+00 3.470753189608251257e-31
-1.275000000000015454e+00 -1.149637845306089960e-31
-1.270000000000015561e+00 -4.329456384014253313e-31
-1.265000000000015667e+00 -2.354382359176670513e-31
-1.260000000000015774e+00 2.389593094495382020e-31
-1.255000000000015881e+00 4.747668553747460866e-31
-1.250000000000015987e+00 2.113660251949780809e-31
-1.245000000000016094e+00 -2.955527931290922244e-31
-1.240000000000016200e+00 -4.838871623561091570e-31
-1.235000000000016307e+00 1.213696094348250135e-32
-1.230000000000016414e+00 1.065608719922857472e-30
-1.225000000000016520e+00 2.557567349522414613e-30
-1.220000000000016627e+00 5.956740793373680213e-30
-1.215000000000016733e+00 1.638160175033920768e-29
-1.210000000000016840e+00 4.292812619522610035e-29
-1.205000000000016946e+00 9.251535266639432382e-29
-1.200000000000017053e+00 1.488875683167945414e-28
-1.195000000000017160e+00 6.139625357206818336e-27
-1.190000000000017266e+00 8.009309878019793105e-27
-1.185000000000017373e+00 -1.045799115482345667e-26
-1.180000000000017479e+00 -1.082881244118876056e-26
-1.175000000000017586e+00 5.078536553579653297e-27
-1.170000000000017693e+00 1.470266926189705921e-26
-1.165000000000017799e+00 6.880037888443193748e-27
-1.160000000000017906e+00 -9.078743174215267350e-27
-1.155000000000018012e+00 -1.589006662826866038e-26
-1.150000000000018119e+00 -6.000598909813925553e-27
-1.145000000000018225e+00 1.107674774166361027e-26
-1.140000000000018332e+00 1.746454315036946817e-26
-1.135000000000018439e+00 4.940018524468341305e-27
-1.130000000000018545e+00 -1.272955654191596807e-26
-1.125000000000018652e+00 -5.706594029586476115e-27
-1.120000000000018758e+00 5.491294033206811384e-26
-1.115000000000018865e+00 2.198382829443459928e-25
-1.110000000000018971e+00 7.490627840264502257e-25
-1.105000000000019078e+00 2.700367478181636729e-24
-1.100000000000019185e+00 9.310138335908840502e-24
-1.095000000000019291e+00 6.244502512266440075e-23
-1.090000000000019398e+00 1.130826818444708261e-22
-1.085000000000019504e+00 -1.152731173125939546e-22
-1.080000000000019611e+00 -1.405607254709826176e-22
-1.075000000000019718e+00 4.516581227178640884e-23
-1.070000000000019824e+00 1.742433771657157808e-22
-1.065000000000019931e+00 9.531335713235469667e-23
-1.060000000000020037e+00 -9.588472495483912537e-23
-1.055000000000020144e+00 -1.913021471798609468e-22
-1.050000000000020250e+00 -8.502596429822637087e-23
-1.045000000000020357e+00 1.227673119705557365e-22
-1.040000000000020464e+00 2.140559881286671646e-22
-1.035000000000020570e+00 6.752675811854980207e-23
-1.030000000000020677e+00 -1.796942230260203326e-22
-1.025000000000020783e+00 -2.076486458273185722e-22
-1.020000000000020890e+00 1.649741595340443560e-22
-1.015000000000020997e+00 8.358053244613736368e-22
-1.010000000000021103e+00 2.631766863346579919e-21
-1.005000000000021210e+00 1.222271927371293112e-20
-1.000000000000021316e+00 5.471497483884853310e-20
-9.950000000000214229e-01 1.101976812554203802e-19
-9.900000000000215294e-01 2.192709391830342058e-19
-9.850000000000216360e-01 4.313067183228985173e-19
-9.800000000000217426e-01 8.390325501776869343e-19
-9.750000000000218492e-01 1.614779683005304242e-18
-9.700000000000219558e-01 3.075514788123351887e-18
-9.650000000000220624e-01 5.798283164505509474e-18
-9.600000000000221689e-01 1.082298284129057125e-17
-9.550000000000222755e-01 2.000476665071962765e-17
-9.500000000000223821e-01 3.661995561745773126e-17
-9.450000000000224887e-01 6.639660376867221367e-17
-9.400000000000225953e-01 1.192481424456343484e-16
-9.350000000000227018e-01 2.121572157618326212e-16
-9.300000000000228084e-01 3.739179724768720675e-16
-9.250000000000229150e-01 6.528427351259312647e-16
-9.200000000000230216e-01 1.129133593459386810e-15
-9.150000000000231282e-01 1.934490909378140394e-15
-9.100000000000232347e-01 3.282779009714189629e-15
-9.050000000000233413e-01 5.517310516687778575e-15
-9.000000000000234479e-01 9.182662756675142484e-15
-8.950000000000235545e-01 1.513199048897241154e-14
-8.900000000000236611e-01 2.468454549144850242e-14
-8.850000000000237677e-01 3.985235306670768216e-14
-8.800000000000238742e-01 6.365915110496301587e-14
-8.750000000000239808e-01 1.005775463146658731e-13
-8.700000000000240874e-01 1.571096256262897333e-13
-8.650000000000241940e-01 2.425281577902850452e-13
-8.600000000000243006e-01 3.697740082072705235e-13
-8.550000000000244071e-01 5.564615869847521463e-13
-8.500000000000245137e-01 8.258658877406390205e-13
-8.450000000000246203e-01 1.207636826544465835e-12
-8.400000000000247269e-01 1.737793157529792209e-12
-8.350000000000248335e-01 2.457277982976942338e-12
-8.300000000000249401e-01 3.408016529756965318e-12
-8.250000000000250466e-01 4.625050947220318228e-12
-8.200000000000251532e-01 6.123066951910035499e-12
-8.150000000000252598e-01 7.875762654793210617e-12
-8.100000000000253664e-01 9.787613760077769077e-12
-8.050000000000254730e-01 1.166071848024647739e-11
-8.000000000000255795e-01 1.316641496745703762e-11
-7.950000000000256861e-01 1.384538567639102917e-11
-7.900000000000257927e-01 1.318611819860213921e-11
-7.850000000000258993e-01 1.087802762273895682e-11
-7.800000000000260059e-01 7.414905637829261770e-12
-7.750000000000261124e-01 5.355830976513323263e-12
-7.700000000000262190e-01 1.176274768702451980e-11
-7.650000000000263256e-01 4.266805186548137460e-11
-7.600000000000264322e-01 1.309408516073186641e-10
-7.550000000000265388e-01 3.396997343265635020e-10
-7.500000000000266454e-01 7.845761169849514594e-10
-7.450000000000267519e-01 1.669817465615864202e-09
-7.400000000000268585e-01 3.345633198068874422e-09
-7.350000000000269651e-01 6.397583446387990135e-09
-7.300000000000270717e-01 1.178351116627498735e-08
-7.250000000000271783e-01 2.103990828178691958e-08
-7.200000000000272848e-01 3.658813974317511194e-08
-7.150000000000273914e-01 6.218213358271287492e-08
-7.100000000000274980e-01 1.035535177565370029e-07
-7.050000000000276046e-01 1.693282672735332579e-07
-7.000000000000277112e-01 2.723111515297459733e-07
-6.950000000000278177e-01 4.312608826022655007e-07
-6.900000000000279243e-01 6.733097632845632854e-07
-6.850000000000280309e-01 1.037216193996485532e-06
-6.800000000000281375e-01 1.577675231608468647e-06
-6.750000000000282441e-01 2.370949068634573095e-06
-6.700000000000283507e-01 3.522112031524011255e-06
-6.650000000000284572e-01 5.174228019141458358e-06
-6.600000000000285638e-01 7.519784781541424458e-06
-6.550000000000286704e-01 1.081468944632478888e-05
-6.500000000000287770e-01 1.539507133813455478e-05
-6.450000000000288836e-01 2.169702739610969227e-05
-6.400000000000289901e-01 3.027926673938626109e-05
-6.350000000000290967e-01 4.184834783342004260e-05
-6.300000000000292033e-01 5.728583873229185530e-05
-6.250000000000293099e-01 7.767625539944175478e-05
-6.200000000000294165e-01 1.043340382883017902e-04
-6.150000000000295231e-01 1.388271156479697476e-04
-6.100000000000296296e-01 1.829937893280365543e-04
-6.050000000000297362e-01 2.389487991527119179e-04
-6.000000000000298428e-01 3.090735318574583433e-04
-5.950000000000299494e-01 3.959845236398398176e-04
-5.900000000000300560e-01 5.024737750124238372e-04
-5.850000000000301625e-01 6.314140973428213673e-04
-5.800000000000302691e-01 7.856229159511888454e-04
-5.750000000000303757e-01 9.676788621824028653e-04
-5.700000000000304823e-01 1.179687306771495152e-03
-5.650000000000305889e-01 1.422993926292181414e-03
-5.600000000000306954e-01 1.697849635621262844e-03
-5.550000000000308020e-01 2.003035891348491342e-03
-5.500000000000309086e-01 2.335466517500318657e-03
-5.450000000000310152e-01 2.689790748058493251e-03
-5.400000000000311218e-01 3.058031885332262913e-03
-5.350000000000312284e-01 3.429306413996299503e-03
-5.300000000000313349e-01 3.789678947621732703e-03
-5.250000000000314415e-01 4.122218152124154829e-03
-5.200000000000315481e-01 4.407326705074062975e-03
-5.150000000000316547e-01 4.623423141555392177e-03
-5.100000000000317613e-01 4.748053710678109586e-03
-5.050000000000318678e-01 4.759506691420114892e-03
-5.000000000000319744e-01 4.638988647810361916e-03
-4.950000000000320810e-01 4.373400731090988473e-03
-4.900000000000321876e-01 3.958722650614458598e-03
-4.850000000000322942e-01 3.403972200811663205e-03
-4.800000000000324007e-01 2.735659854117670781e-03
-4.750000000000325073e-01 2.002602393974848433e-03
-4.700000000000326139e-01 1.280899322713144025e-03
-4.650000000000327205e-01 6.788142833294888000e-04
-4.600000000000328271e-01 3.412453565139151809e-04
-4.550000000000329337e-01 4.534179709189326132e-04
-4.500000000000330402e-01 1.243397920310032644e-03
-4.450000000000331468e-01 2.983005351592425691e-03
-4.400000000000332534e-01 5.986718952575255902e-03
-4.350000000000333600e-01 1.060819742176611312e-02
-4.300000000000334666e-01 1.723411569867861967e-02
-4.250000000000335731e-01 2.627511745631314413e-02
-4.200000000000336797e-01 3.815382167080331316e-02
-4.150000000000337863e-01 5.328998561352456947e-02
-4.100000000000338929e-01 7.208311242236829786e-02
-4.050000000000339995e-01 9.489298880848903717e-02
-4.000000000000341061e-01 1.220188353573327528e-01
-3.950000000000342126e-01 1.536779344394989810e-01
-3.900000000000343192e-01 1.899847542196905215e-01
-3.850000000000344258e-01 2.309316970843508510e-01
-3.800000000000345324e-01 2.763726538237912811e-01
-3.750000000000346390e-01 3.260105305344240811e-01
-3.700000000000347455e-01 3.793898266440433042e-01
-3.650000000000348521e-01 4.358951776237913744e-01
-3.600000000000349587e-01 4.947565381366903492e-01
-3.550000000000350653e-01 5.550613795467230771e-01
-3.500000000000351719e-01 6.157739243192502654e-01
-3.450000000000352784e-01 6.757610581555173468e-01
-3.400000000000353850e-01 7.338241717078324289e-01
-3.350000000000354916e-01 7.887358126093527710e-01
-3.300000000000355982e-01 8.392797009195857028e-01
-3.250000000000357048e-01 8.842924009839100430e-01
-3.200000000000358114e-01 9.227047706977897779e-01
-3.150000000000359179e-01 9.535812405783578027e-01
-3.100000000000360245e-01 9.761550185521723488e-01
-3.050000000000361311e-01 9.898574730687370593e-01
-3.000000000000362377e-01 9.943402102316455382e-01
-2.950000000000363443e-01 9.894887156693694674e-01
-2.900000000000364508e-01 9.754268577103578641e-01
-2.850000000000365574e-01 9.525120187231777003e-01
-2.800000000000366640e-01 9.213211065687917367e-01
-2.750000000000367706e-01 8.826281672219852270e-01
-2.700000000000368772e-01 8.373747431771049188e-01
-2.650000000000369837e-01 7.866344740692167159e-01
-2.600000000000370903e-01 7.315736951150315637e-01
-2.550000000000371969e-01 6.734099413563099379e-01
-2.500000000000373035e-01 6.133703047634854189e-01
-2.450000000000374101e-01 5.526515184333415931e-01
-2.400000000000375167e-01 4.923834663448232729e-01
-2.350000000000376232e-01 4.335975539787054189e-01
-2.300000000000377298e-01 3.772010452957421101e-01
-2.250000000000378364e-01 3.239580992524824232e-01
-2.200000000000379430e-01 2.744778498325919358e-01
-2.150000000000380496e-01 2.292094926244799824e-01
-2.100000000000381561e-01 1.884439911537499346e-01
-2.050000000000382627e-01 1.523217165864060585e-01
-2.000000000000383693e-01 1.208450992984468342e-01
-1.950000000000384759e-01 9.389520890323174718e-02
-1.900000000000385825e-01 7.125109372526157447e-02
-1.850000000000386891e-01 5.261069912522111508e-02
-1.800000000000387956e-01 3.761223954252423257e-02
-1.750000000000389022e-01 2.585501093470857215e-02
-1.700000000000390088e-01 1.691878520236660480e-02
-1.650000000000391154e-01 1.038111160655299549e-02
-1.600000000000392220e-01 5.832047387901281334e-03
-1.550000000000393285e-01 2.886036986036840096e-03
-1.500000000000394351e-01 1.190844430268867774e-03
-1.450000000000395417e-01 4.336070360015874779e-04
-1.400000000000396483e-01 3.442136702785708797e-04
-1.350000000000397549e-01 6.963135813526756882e-04
-1.300000000000398614e-01 1.306330886038492220e-03
-1.250000000000399680e-01 2.030896445934058693e-03
-1.200000000000400746e-01 2.763116161384179814e-03
-1.150000000000401812e-01 3.428077210983790195e-03
-1.100000000000402878e-01 3.977956869674208890e-03
-1.050000000000403944e-01 4.387047991615055514e-03
-1.000000000000405009e-01 4.646956658767905507e-03
-9.500000000004060752e-02 4.762165984786181916e-03
-9.000000000004071410e-02 4.746099967922710015e-03
-8.500000000004082068e-02 4.617766015176237582e-03
-8.000000000004092726e-02 4.399006727719236877e-03
-7.500000000004103384e-02 4.112352190721472144e-03
-7.000000000004114042e-02 3.779433918842991721e-03
-6.500000000004124701e-02 3.419900605476883498e-03
-6.000000000004135359e-02 3.050763172734233340e-03
-5.500000000004146017e-02 2.686091187464124345e-03
-5.000000000004156675e-02 2.336983133594064573e-03
-4.500000000004167333e-02 2.011737867073392673e-03
-4.000000000004177991e-02 1.716162418577012053e-03
-3.500000000004188649e-02 1.453960870847522367e-03
-3.000000000004199308e-02 1.227159230698775206e-03
-2.500000000004209966e-02 1.036531170482806298e-03
-2.000000000004220624e-02 8.819985918142829581e-04
-1.500000000004231282e-02 7.629887502432689114e-04
-1.000000000004241940e-02 6.787359603136706781e-04
-5.000000000042525983e-03 6.285206369675404867e-04
-4.263256414560601115e-14 6.118417249380248783e-04
4.999999999957260854e-03 6.285206369660608760e-04
9.999999999957154273e-03 6.787359603107977592e-04
1.499999999995704769e-02 7.629887502387759776e-04
1.999999999995694111e-02 8.819985918084860543e-04
2.499999999995683453e-02 1.036531170476363535e-03
2.999999999995672795e-02 1.227159230691855611e-03
3.499999999995662137e-02 1.453960870839900643e-03
3.999999999995651478e-02 1.716162418568552891e-03
4.499999999995640820e-02 2.011737867063940165e-03
4.999999999995630162e-02 2.336983133583728223e-03
5.499999999995619504e-02 2.686091187453156122e-03
5.999999999995608846e-02 3.050763172723058251e-03
6.499999999995598188e-02 3.419900605465789941e-03
6.999999999995587530e-02 3.779433918831959748e-03
7.499999999995576871e-02 4.112352190710767165e-03
7.999999999995566213e-02 4.399006727709528497e-03
8.499999999995555555e-02 4.617766015168059228e-03
8.999999999995544897e-02 4.746099967916722617e-03
9.499999999995534239e-02 4.762165984782942320e-03
9.999999999995523581e-02 4.646956658767769331e-03
1.049999999999551292e-01 4.387047991618088678e-03
1.099999999999550226e-01 3.977956869680115623e-03
1.149999999999549161e-01 3.428077210992380545e-03
1.199999999999548095e-01 2.763116161395535314e-03
1.249999999999547029e-01 2.030896445947123763e-03
1.299999999999545963e-01 1.306330886051266073e-03
1.349999999999544897e-01 6.963135813630169169e-04
1.399999999999543832e-01 3.442136702840263682e-04
1.449999999999542766e-01 4.336070359985499229e-04
1.499999999999541700e-01 1.190844430252838496e-03
1.549999999999540634e-01 2.886036986002933191e-03
1.599999999999539568e-01 5.832047387843233149e-03
1.649999999999538502e-01 1.038111160646374743e-02
1.699999999999537437e-01 1.691878520223939406e-02
1.749999999999536371e-01 2.585501093453684840e-02
1.799999999999535305e-01 3.761223954230136224e-02
1.849999999999534239e-01 5.261069912494001355e-02
1.899999999999533173e-01 7.125109372491515713e-02
1.949999999999532108e-01 9.389520890281376209e-02
1.999999999999531042e-01 1.208450992979527017e-01
2.049999999999529976e-01 1.523217165858322952e-01
2.099999999999528910e-01 1.884439911530956802e-01
2.149999999999527844e-01 2.292094926237465413e-01
2.199999999999526779e-01 2.744778498317819171e-01
2.249999999999525713e-01 3.239580992516016278e-01
2.299999999999524647e-01 3.772010452947994197e-01
2.349999999999523581e-01 4.335975539777136012e-01
2.399999999999522515e-01 4.923834663437984815e-01
2.449999999999521449e-01 5.526515184322998708e-01
2.499999999999520384e-01 6.133703047624431415e-01
2.549999999999519318e-01 6.734099413552879776e-01
2.599999999999518252e-01 7.315736951140507927e-01
2.649999999999517186e-01 7.866344740682982284e-01
2.699999999999516120e-01 8.373747431762686988e-01
2.749999999999515055e-01 8.826281672212497043e-01
2.799999999999513989e-01 9.213211065681777834e-01
2.849999999999512923e-01 9.525120187226996382e-01
2.899999999999511857e-01 9.754268577100208004e-01
2.949999999999510791e-01 9.894887156691812846e-01
2.999999999999509726e-01 9.943402102316187818e-01
3.049999999999508660e-01 9.898574730688737278e-01
3.099999999999507594e-01 9.761550185524600076e-01
3.149999999999506528e-01 9.535812405787882362e-01
3.199999999999505462e-01 9.227047706983591002e-01
3.249999999999504396e-01 8.842924009846048206e-01
3.299999999999503331e-01 8.392797009203842862e-01
3.349999999999502265e-01 7.887358126102352873e-01
3.399999999999501199e-01 7.338241717087802263e-01
3.449999999999500133e-01 6.757610581565093311e-01
3.499999999999499067e-01 6.157739243202655643e-01
3.549999999999498002e-01 5.550613795477428170e-01
3.599999999999496936e-01 4.947565381376983207e-01
3.649999999999495870e-01 4.358951776247696475e-01
3.699999999999494804e-01 3.793898266449751144e-01
3.749999999999493738e-01 3.260105305352962723e-01
3.799999999999492672e-01 2.763726538245949715e-01
3.849999999999491607e-01 2.309316970850802953e-01
3.899999999999490541e-01 1.899847542203429163e-01
3.949999999999489475e-01 1.536779344400736047e-01
3.999999999999488409e-01 1.220188353578303131e-01
4.049999999999487343e-01 9.489298880891200438e-02
4.099999999999486278e-01 7.208311242272058550e-02
4.149999999999485212e-01 5.328998561381183274e-02
4.199999999999484146e-01 3.815382167103195665e-02
4.249999999999483080e-01 2.627511745648987776e-02
4.299999999999482014e-01 1.723411569881074662e-02
4.349999999999480949e-01 1.060819742186076310e-02
4.399999999999479883e-01 5.986718952639198676e-03
4.449999999999478817e-01 2.983005351631889783e-03
4.499999999999477751e-01 1.243397920330748712e-03
4.549999999999476685e-01 4.534179709259137910e-04
4.599999999999475619e-01 3.412453565114172875e-04
4.649999999999474554e-01 6.788142833210167358e-04
4.699999999999473488e-01 1.280899322701495356e-03
4.749999999999472422e-01 2.002602393962157196e-03
4.799999999999471356e-01 2.735659854105497793e-03
4.849999999999470290e-01 3.403972200801061877e-03
4.899999999999469225e-01 3.958722650606068608e-03
4.949999999999468159e-01 4.373400731085110363e-03
4.999999999999467093e-01 4.638988647807029513e-03
5.049999999999466027e-01 4.759506691419172070e-03
5.099999999999464961e-01 4.748053710679262310e-03
5.149999999999463896e-01 4.623423141558291767e-03
5.199999999999462830e-01 4.407326705078332130e-03
5.249999999999461764e-01 4.122218152129413643e-03
5.299999999999460698e-01 3.789678947627616885e-03
5.349999999999459632e-01 3.429306414002506343e-03
5.399999999999458566e-01 3.058031885338542612e-03
5.449999999999457501e-01 2.689790748064632437e-03
5.499999999999456435e-01 2.335466517506152966e-03
5.549999999999455369e-01 2.003035891353908016e-03
5.599999999999454303e-01 1.697849635626186857e-03
5.649999999999453237e-01 1.422993926296572866e-03
5.699999999999452172e-01 1.179687306775349708e-03
5.749999999999451106e-01 9.676788621857390638e-04
5.799999999999450040e-01 7.856229159540357434e-04
5.849999999999448974e-01 6.314140973452169120e-04
5.899999999999447908e-01 5.024737750144135651e-04
5.949999999999446842e-01 3.959845236414743066e-04
5.999999999999445777e-01 3.090735318587847563e-04
6.049999999999444711e-01 2.389487991537756015e-04
6.099999999999443645e-01 1.829937893288804973e-04
6.149999999999442579e-01 1.388271156486329541e-04
6.199999999999441513e-01 1.043340382888172877e-04
6.249999999999440448e-01 7.767625539983775962e-05
6.299999999999439382e-01 5.728583873259303312e-05
6.349999999999438316e-01 4.184834783364689158e-05
6.399999999999437250e-01 3.027926673955531870e-05
6.449999999999436184e-01 2.169702739623441957e-05
6.499999999999435119e-01 1.539507133822568536e-05
6.549999999999434053e-01 1.081468944639066941e-05
6.599999999999432987e-01 7.519784781588516949e-06
6.649999999999431921e-01 5.174228019174786564e-06
6.699999999999430855e-01 3.522112031547351672e-06
6.749999999999429789e-01 2.370949068650739142e-06
6.799999999999428724e-01 1.577675231619539579e-06
6.849999999999427658e-01 1.037216194003982620e-06
6.899999999999426592e-01 6.733097632895817439e-07
6.949999999999425526e-01 4.312608826055824817e-07
6.999999999999424460e-01 2.723111515319085543e-07
7.049999999999423395e-01 1.693282672749233713e-07
7.099999999999422329e-01 1.035535177574183804e-07
7.149999999999421263e-01 6.218213358326258607e-08
7.199999999999420197e-01 3.658813974351194651e-08
7.249999999999419131e-01 2.103990828198937038e-08
7.299999999999418065e-01 1.178351116639412782e-08
7.349999999999417000e-01 6.397583446456354132e-09
7.399999999999415934e-01 3.345633198106977669e-09
7.449999999999414868e-01 1.669817465636375179e-09
7.499999999999413802e-01 7.845761169955213801e-10
7.549999999999412736e-01 3.396997343316979155e-10
7.599999999999411671e-01 1.309408516096101354e-10
7.649999999999410605e-01 4.266805186636963087e-11
7.699999999999409539e-01 1.176274768727847394e-11
7.749999999999408473e-01 5.355830976520679031e-12
7.799999999999407407e-01 7.414905637770200751e-12
7.849999999999406342e-01 1.087802762268616104e-11
7.899999999999405276e-01 1.318611819857675996e-11
7.949999999999404210e-01 1.384538567639227802e-11
7.999999999999403144e-01 1.316641496747685925e-11
8.049999999999402078e-01 1.166071848027623489e-11
8.099999999999401012e-01 9.787613760110649507e-12
8.149999999999399947e-01 7.875762654824740416e-12
8.199999999999398881e-01 6.123066951937774322e-12
8.249999999999397815e-01 4.625050947243341153e-12
8.299999999999396749e-01 3.408016529775275171e-12
8.349999999999395683e-01 2.457277982991004812e-12
8.399999999999394618e-01 1.737793157540285851e-12
8.449999999999393552e-01 1.207636826552107360e-12
8.499999999999392486e-01 8.258658877460823375e-13
8.549999999999391420e-01 5.564615869885523101e-13
8.599999999999390354e-01 3.697740082098786364e-13
8.649999999999389289e-01 2.425281577920495693e-13
8.699999999999388223e-01 1.571096256274658807e-13
8.749999999999387157e-01 1.005775463154382626e-13
8.799999999999386091e-01 6.365915110546360807e-14
8.849999999999385025e-01 3.985235306702820581e-14
8.899999999999383959e-01 2.468454549165160886e-14
8.949999999999382894e-01 1.513199048909974000e-14
8.999999999999381828e-01 9.182662756753990709e-15
9.049999999999380762e-01 5.517310516736074217e-15
9.099999999999379696e-01 3.282779009743458735e-15
9.149999999999378630e-01 1.934490909395677561e-15
9.199999999999377565e-01 1.129133593469802930e-15
9.249999999999376499e-01 6.528427351320660388e-16
9.299999999999375433e-01 3.739179724804467906e-16
9.349999999999374367e-01 2.121572157638946790e-16
9.399999999999373301e-01 1.192481424468118219e-16
9.449999999999372235e-01 6.639660376933860392e-17
9.499999999999371170e-01 3.661995561783138632e-17
9.549999999999370104e-01 2.000476665092702103e-17
9.599999999999369038e-01 1.082298284140456011e-17
9.649999999999367972e-01 5.798283164567559855e-18
9.699999999999366906e-01 3.075514788156795660e-18
9.749999999999365841e-01 1.614779683023147983e-18
9.799999999999364775e-01 8.390325501871046355e-19
9.849999999999363709e-01 4.313067183278165720e-19
9.899999999999362643e-01 2.192709391855759518e-19
9.949999999999361577e-01 1.101976812567215625e-19
9.999999999999360512e-01 5.471497483967190426e-20
1.004999999999935945e+00 1.222271927404291213e-20
1.009999999999935838e+00 2.631766863408844256e-21
1.014999999999935731e+00 8.358053244760526460e-22
1.019999999999935625e+00 1.649741595431305512e-22
1.024999999999935518e+00 -2.076486458245695611e-22
1.029999999999935412e+00 -1.796942230295005012e-22
1.034999999999935305e+00 6.752675811421486102e-23
1.039999999999935199e+00 2.140559881280345135e-22
1.044999999999935092e+00 1.227673119735797192e-22
1.049999999999934985e+00 -8.502596429509146850e-23
1.054999999999934879e+00 -1.913021471798424210e-22
1.059999999999934772e+00 -9.588472495785053031e-23
1.064999999999934666e+00 9.531335712952626919e-23
1.069999999999934559e+00 1.742433771662846260e-22
1.074999999999934452e+00 4.516581227536047590e-23
1.079999999999934346e+00 -1.405607254688507410e-22
1.084999999999934239e+00 -1.152731173154317860e-22
1.089999999999934133e+00 1.130826818413182914e-22
1.094999999999934026e+00 6.244502512827763313e-23
1.099999999999933920e+00 9.310138322989553676e-24
1.104999999999933813e+00 2.700367478379070923e-24
1.109999999999933706e+00 7.490627840838409823e-25
1.114999999999933600e+00 2.198382829683381998e-25
1.119999999999933493e+00 5.491294033540444002e-26
1.124999999999933387e+00 -5.706594036381682941e-27
1.129999999999933280e+00 -1.272955654625740506e-26
1.134999999999933173e+00 4.940018527376427085e-27
1.139999999999933067e+00 1.746454315635292670e-26
1.144999999999932960e+00 1.107674774420986994e-26
1.149999999999932854e+00 -6.000598912823937255e-27
1.154999999999932747e+00 -1.589006663318949899e-26
1.159999999999932641e+00 -9.078743175731655063e-27
1.164999999999932534e+00 6.880037891884562515e-27
1.169999999999932427e+00 1.470266926635734854e-26
1.174999999999932321e+00 5.078536553703479115e-27
1.179999999999932214e+00 -1.082881244548624852e-26
1.184999999999932108e+00 -1.045799115672634555e-26
1.189999999999932001e+00 8.009309882638309261e-27
1.194999999999931894e+00 6.139625357270679879e-27
1.199999999999931788e+00 1.488875668565641450e-28
1.204999999999931681e+00 9.251535371896617920e-29
1.209999999999931575e+00 4.292812576317645742e-29
1.214999999999931468e+00 1.638160130157938885e-29
1.219999999999931362e+00 5.956740917290417934e-30
1.224999999999931255e+00 2.557567660707939571e-30
1.229999999999931148e+00 1.065608786274357799e-30
1.234999999999931042e+00 1.213676388725730138e-32
1.239999999999930935e+00 -4.838873559500395673e-31
1.244999999999930829e+00 -2.955527733609824077e-31
1.249999999999930722e+00 2.113662147341856989e-31
1.254999999999930616e+00 4.747669950346464100e-31
1.259999999999930509e+00 2.389592427011639627e-31
1.264999999999930402e+00 -2.354384312511660471e-31
1.269999999999930296e+00 -4.329457199028275367e-31
1.274999999999930189e+00 -1.149636262060754165e-31
1.279999999999930083e+00 3.470755054947765278e-31
1.284999999999929976e+00 2.916452257337208194e-31
1.289999999999929869e+00 -2.725133664137669849e-31
1.294999999999929763e+00 -1.687158762600395118e-31
1.299999999999929656e+00 -4.720532524951405177e-33
1.304999999999929550e+00 -4.543100092020204095e-33
1.309999999999929443e+00 -2.226595675187778454e-33
1.314999999999929337e+00 -7.582815406202633801e-34
1.319999999999929230e+00 -2.203587281436265362e-34
1.324999999999929123e+00 -9.517870730544310913e-35
1.329999999999929017e+00 -4.331348975153861466e-35
1.334999999999928910e+00 1.703843595913764828e-35
1.339999999999928804e+00 5.023384008180728014e-35
1.344999999999928697e+00 3.043899944961964401e-35
1.349999999999928590e+00 -1.683918826609199666e-35
1.354999999999928484e+00 -4.286555044272615602e-35
1.359999999999928377e+00 -2.332400587864185216e-35
1.364999999999928271e+00 1.978834320465713545e-35
1.369999999999928164e+00 3.963727394587145595e-35
1.374999999999928058e+00 1.248949823377745588e-35
1.379999999999927951e+00 -3.017648074585939257e-35
1.384999999999927844e+00 -2.791527672350943437e-35
1.389999999999927738e+00 2.245606257732791859e-35
1.394999999999927631e+00 1.705254497021244921e-35
1.399999999999927525e+00 -8.808157740395849315e-37
1.404999999999927418e+00 1.438035450465442011e-37
1.409999999999927311e+00 1.767201233430820413e-37
1.414999999999927205e+00 7.665123956712294359e-38
1.419999999999927098e+00 2.737117375038088633e-38
1.424999999999926992e+00 1.435421620067605294e-38
1.429999999999926885e+00 6.582064388228841293e-39
1.434999999999926779e+00 -2.981394662007478064e-39
1.439999999999926672e+00 -7.931694786811251572e-39
1.444999999999926565e+00 -4.500493115561830055e-39
1.449999999999926459e+00 2.992707298835135333e-39
1.454999999999926352e+00 6.828189132557989113e-39
1.459999999999926246e+00 3.419055267770611677e-39
1.464999999999926139e+00 -3.413400181744650828e-39
1.469999999999926033e+00 -6.173114522970242976e-39
1.474999999999925926e+00 -1.507776388251060244e-39
1.479999999999925819e+00 4.970810528590916843e-39
1.484999999999925713e+00 3.753900401168256233e-39
1.489999999999925606e+00 -4.105567743585346182e-39
1.494999999999925500e+00 -1.054185137028063282e-39
1.499999999999925393e+00 -3.813550882047062780e-39
1.504999999999925286e+00 5.855401290049644785e-40
1.509999999999925180e+00 9.778531680902887565e-42
1.514999999999925073e+00 -2.647982274284611720e-40
1.519999999999924967e+00 -1.271958290799936349e-41
1.524999999999924860e+00 1.723190517275595810e-40
1.529999999999924754e+00 9.573396404894624663e-41
1.534999999999924647e+00 -7.453731109997633193e-41
1.539999999999924540e+00 -1.352720179541809209e-40
1.544999999999924434e+00 -4.671274060601553748e-41
1.549999999999924327e+00 7.908563436628623425e-41
1.554999999999924221e+00 1.118340108510648511e-40
1.559999999999924114e+00 2.539085716480159931e-41
1.564999999999924007e+00 -8.412508965674307748e-41
1.569999999999923901e+00 -9.388624737778594983e-41
1.574999999999923794e+00 1.327757590693421648e-41
1.579999999999923688e+00 1.042961181200799348e-40
1.584999999999923581e+00 3.184733031238991094e-41
1.589999999999923475e+00 -1.087235719291361089e-40
1.594999999999923368e+00 2.469120781791015163e-41
1.599999999999923261e+00 -1.183785191860535629e-40
1.604999999999923155e+00 1.192319841714302764e-41
1.609999999999923048e+00 -2.757169813310883908e-43
1.614999999999922942e+00 -7.185912748988054719e-42
1.619999999999922835e+00 -2.984684500688845362e-43
1.624999999999922728e+00 4.865810085375957482e-42
1.629999999999922622e+00 2.860280124156977153e-42
1.634999999999922515e+00 -1.911591573593248495e-42
1.639999999999922409e+00 -3.821085086346150147e-42
1.644999999999922302e+00 -1.539471191209028908e-42
1.649999999999922196e+00 2.023915043265855717e-42
1.654999999999922089e+00 3.208198234907618150e-42
1.659999999999921982e+00 1.010967241364650977e-42
1.664999999999921876e+00 -2.157455530373379467e-42
1.669999999999921769e+00 -2.823489948026471288e-42
1.674999999999921663e+00 -6.215903660903598470e-44
1.679999999999921556e+00 2.866418435457155950e-42
1.684999999999921450e+00 1.545932897391887737e-42
1.689999999999921343e+00 -2.754766573191390335e-42
1.694999999999921236e+00 -8.702123988271494225e-43
1.699999999999921130e+00 7.139969864940615145e-43
1.704999999999921023e+00 -3.406008148369003560e-43
1.709999999999920917e+00 -9.985266214828875102e-44
1.714999999999920810e+00 1.374533342953864145e-44
1.719999999999920703e+00 7.866391364032626720e-46
1.724999999999920597e+00 1.814245426806351768e-45
1.729999999999920490e+00 2.656653895016122523e-44
1.734999999999920384e+00 2.684536023439014974e-44
1.739999999999920277e+00 -9.219513633023544014e-45
1.744999999999920171e+00 -4.280928301452214296e-44
1.749999999999920064e+00 -3.189459635883121434e-44
1.754999999999919957e+00 1.936141727787948818e-44
1.759999999999919851e+00 5.757896536626683281e-44
1.764999999999919744e+00 3.079511834475467046e-44
1.769999999999919638e+00 -4.635384636478416249e-44
1.774999999999919531e+00 -7.971135618282471001e-44
1.779999999999919424e+00 1.328437275195216963e-44
1.784999999999919318e+00 1.384954287407088650e-43
1.789999999999919211e+00 -1.130703362906392939e-44
1.794999999999919105e+00 -3.738740822525641421e-43
1.799999999999918998e+00 1.600774138509459961e-42
1.804999999999918892e+00 -5.115583009994316661e-43
1.809999999999918785e+00 8.555452221903843526e-44
1.814999999999918678e+00 2.023891508234493365e-43
1.819999999999918572e+00 -3.065861035847798875e-44
1.824999999999918465e+00 -1.421338846416129594e-43
1.829999999999918359e+00 -4.907896454379850966e-44
1.834999999999918252e+00 7.936570972176784494e-44
1.839999999999918145e+00 9.706949824053562074e-44
1.844999999999918039e+00 8.007961957519691236e-45
1.849999999999917932e+00 -7.931253642355752226e-44
1.854999999999917826e+00 -7.385685404735713197e-44
1.859999999999917719e+00 1.281695037785130096e-44
1.864999999999917613e+00 8.215072642069527400e-44
1.869999999999917506e+00 5.003562644059419339e-44
1.874999999999917399e+00 -5.134628030054377175e-44
1.879999999999917293e+00 -8.195804867992945619e-44
1.884999999999917186e+00 3.421305834726899937e-44
1.889999999999917080e+00 9.819368702257450191e-44
1.894999999999916973e+00 -1.548024197498957904e-43
1.899999999999916866e+00 5.626521702757377293e-43
1.904999999999916760e+00 -1.512361890143518400e-43
1.909999999999916653e+00 -7.379178572457632665e-45
1.914999999999916547e+00 7.475415355676696218e-44
1.919999999999916440e+00 2.215018546574962125e-44
1.924999999999916334e+00 -4.177477716722061934e-44
1.929999999999916227e+00 -4.456218075961826723e-44
1.934999999999916120e+00 -2.107922155040249741e-46
1.939999999999916014e+00 3.888858546534280356e-44
1.944999999999915907e+00 3.671428787010772176e-44
1.949999999999915801e+00 -1.126733164875172728e-45
1.954999999999915694e+00 -3.776102960197993330e-44
1.959999999999915588e+00 -3.747904529482971139e-44
1.964999999999915481e+00 2.777563913757702071e-45
1.969999999999915374e+00 4.531502880755240381e-44
1.974999999999915268e+00 3.901159011823621093e-44
1.979999999999915161e+00 -2.594701930350456643e-44
1.984999999999915055e+00 -7.344496600382787877e-44
1.989999999999914948e+00 1.676955710734558213e-44
1.994999999999914841e+00 1.567101470872641633e-43
