-2.000000000000000000e+00 1.205023950579054950e-17
-1.995000000000000107e+00 -6.772084308574217158e-18
-1.990000000000000213e+00 4.165109604236286967e-18
-1.985000000000000320e+00 1.893509069739355614e-18
-1.980000000000000426e+00 -2.773626681240932974e-18
-1.975000000000000533e+00 -2.099729692913611248e-18
-1.970000000000000639e+00 1.437168530499896653e-18
-1.965000000000000746e+00 2.799247770505100992e-18
-1.960000000000000853e+00 6.280099071279986031e-19
-1.955000000000000959e+00 -2.316402415428749738e-18
-1.950000000000001066e+00 -2.643303097487691539e-18
-1.945000000000001172e+00 1.410422192913005292e-19
-1.940000000000001279e+00 3.056388382204773595e-18
-1.935000000000001386e+00 2.526900033590595611e-18
-1.930000000000001492e+00 -1.524739131639210176e-18
-1.925000000000001599e+00 -4.284540371886166419e-18
-1.920000000000001705e+00 -5.558040020630216177e-19
-1.915000000000001812e+00 6.069200213495216156e-18
-1.910000000000001918e+00 9.950687699545490297e-20
-1.905000000000002025e+00 -1.631510198988378886e-17
-1.900000000000002132e+00 8.895636452900272878e-17
-1.895000000000002238e+00 -3.470315976978908846e-17
-1.890000000000002345e+00 9.532824709505397460e-18
-1.885000000000002451e+00 1.550121907539851216e-17
-1.880000000000002558e+00 -3.076889475952620600e-18
-1.875000000000002665e+00 -1.172309579859736218e-17
-1.870000000000002771e+00 -4.395708484553380992e-18
-1.865000000000002878e+00 6.202162124550027478e-18
-1.860000000000002984e+00 8.432197062878697996e-18
-1.855000000000003091e+00 1.657491953580613921e-18
-1.850000000000003197e+00 -6.157429976701595656e-18
-1.845000000000003304e+00 -7.120027314181732534e-18
-1.840000000000003411e+00 -5.163211731891869368e-19
-1.835000000000003517e+00 6.767320614081626140e-18
-1.830000000000003624e+00 6.653951696955618633e-18
-1.825000000000003730e+00 -1.705598937192816907e-18
-1.820000000000003837e+00 -9.046569393252659196e-18
-1.815000000000003944e+00 -4.392575339476818748e-18
-1.810000000000004050e+00 8.034593337207111878e-18
-1.805000000000004157e+00 3.719086597685106728e-18
-1.800000000000004263e+00 -6.315589548272142382e-18
-1.795000000000004370e+00 8.592384378530468729e-18
-1.790000000000004476e+00 -2.364130409702666068e-17
-1.785000000000004583e+00 -1.175516630643840054e-17
-1.780000000000004690e+00 1.581228457941418598e-17
-1.775000000000004796e+00 2.290641513395977721e-17
-1.770000000000004903e+00 4.360304269991069299e-18
-1.765000000000005009e+00 -1.932034712317737681e-17
-1.760000000000005116e+00 -2.463273563615509990e-17
-1.755000000000005222e+00 -4.915017024692284476e-18
-1.750000000000005329e+00 2.413266555576672379e-17
-1.745000000000005436e+00 3.534801772128558823e-17
-1.740000000000005542e+00 1.109821777518047881e-17
-1.735000000000005649e+00 -3.785554815418644905e-17
-1.730000000000005755e+00 -6.958593773533000681e-17
-1.725000000000005862e+00 -3.428776120731690684e-17
-1.720000000000005969e+00 7.774632958847745968e-17
-1.715000000000006075e+00 1.851211864408758878e-16
-1.710000000000006182e+00 1.137937574066508696e-16
-1.705000000000006288e+00 -2.595503297499339397e-16
-1.700000000000006395e+00 -5.670159173797487427e-16
-1.695000000000006501e+00 1.647292850120520661e-16
-1.690000000000006608e+00 1.099879751365947054e-15
-1.685000000000006715e+00 3.741218622736426376e-16
-1.680000000000006821e+00 -7.970413170436250235e-16
-1.675000000000006928e+00 -1.050293687297929414e-15
-1.670000000000007034e+00 -1.868874410826369791e-16
-1.665000000000007141e+00 9.281663579815843164e-16
-1.660000000000007248e+00 1.225691626797925141e-15
-1.655000000000007354e+00 3.165111777036491509e-16
-1.650000000000007461e+00 -1.151470385324096287e-15
-1.645000000000007567e+00 -1.875776599996297189e-15
-1.640000000000007674e+00 -8.440538127587437962e-16
-1.635000000000007780e+00 1.671362707764641053e-15
-1.630000000000007887e+00 3.755419624073998645e-15
-1.625000000000007994e+00 2.722751472568584404e-15
-1.620000000000008100e+00 -2.650491238676917339e-15
-1.615000000000008207e+00 -9.349511886137158376e-15
-1.610000000000008313e+00 -9.139654292476846673e-15
-1.605000000000008420e+00 6.060789794136427319e-15
-1.600000000000008527e+00 2.488318046097073327e-14
-1.595000000000008633e+00 3.214263919929572446e-14
-1.590000000000008740e+00 -2.959153940408826586e-14
-1.585000000000008846e+00 -6.478776027034226012e-14
-1.580000000000008953e+00 -5.377136071679520723e-15
-1.575000000000009059e+00 7.051647920292670090e-14
-1.570000000000009166e+00 6.742827237613773208e-14
-1.565000000000009273e+00 -2.164877973922662282e-14
-1.560000000000009379e+00 -1.143995399989704462e-13
-1.555000000000009486e+00 -1.172156205979181306e-13
-1.550000000000009592e+00 -1.240880122776683948e-14
-1.545000000000009699e+00 1.110890025145365193e-13
-1.540000000000009805e+00 1.141241654608175013e-13
-1.535000000000009912e+00 -6.823580823087918258e-14
-1.530000000000010019e+00 -3.008575708652095780e-13
-1.525000000000010125e+00 -2.168997758754514390e-13
-1.520000000000010232e+00 6.302631316609720176e-13
-1.515000000000010338e+00 2.400208069090652428e-12
-1.510000000000010445e+00 4.478754098891948776e-12
-1.505000000000010552e+00 5.177717119946465085e-12
-1.500000000000010658e+00 2.240284431441344643e-12
-1.495000000000010765e+00 -1.932857430191434833e-10
-1.490000000000010871e+00 -1.275540193546934068e-10
-1.485000000000010978e+00 2.831105824448495184e-10
-1.480000000000011084e+00 1.780030741629812668e-10
-1.475000000000011191e+00 -2.059568816149151409e-10
-1.470000000000011298e+00 -2.001561235741605143e-10
-1.465000000000011404e+00 5.640909808372133675e-10
-1.460000000000011511e+00 2.199290073033760442e-09
-1.455000000000011617e+00 5.318645790287134340e-09
-1.450000000000011724e+00 1.223959772998734189e-08
-1.445000000000011831e+00 2.866352591743541935e-08
-1.440000000000011937e+00 6.645851581071180454e-08
-1.435000000000012044e+00 1.488720070467343647e-07
-1.430000000000012150e+00 3.201038071210981368e-07
-1.425000000000012257e+00 6.614784971548801517e-07
-1.420000000000012363e+00 1.316270857988853426e-06
-1.415000000000012470e+00 2.524359767213773522e-06
-1.410000000000012577e+00 4.666116227549190528e-06
-1.405000000000012683e+00 8.312070950376647892e-06
-1.400000000000012790e+00 1.427075740137115435e-05
-1.395000000000012896e+00 2.374935121695563364e-05
-1.390000000000013003e+00 3.765328231589850321e-05
-1.385000000000013110e+00 5.726786978542842011e-05
-1.380000000000013216e+00 8.428402587935018473e-05
-1.375000000000013323e+00 1.187063402324447278e-04
-1.370000000000013429e+00 1.587025640963327273e-04
-1.365000000000013536e+00 2.004659931603101897e-04
-1.360000000000013642e+00 2.377550963000966435e-04
-1.355000000000013749e+00 2.617698874532414484e-04
-1.350000000000013856e+00 2.624976421479578454e-04
-1.345000000000013962e+00 2.326872724084779397e-04
-1.340000000000014069e+00 1.752676472204799563e-04
-1.335000000000014175e+00 1.143860338609703551e-04
-1.330000000000014282e+00 1.093842915738369148e-04
-1.325000000000014388e+00 2.700281267014915400e-04
-1.320000000000014495e+00 7.702342708602232055e-04
-1.315000000000014602e+00 1.856477524468337073e-03
-1.310000000000014708e+00 3.846079870297710278e-03
-1.305000000000014815e+00 7.109762959116964175e-03
-1.300000000000014921e+00 1.203225885532435181e-02
-1.295000000000015028e+00 1.895389826522177884e-02
-1.290000000000015135e+00 2.810791851111929876e-02
-1.285000000000015241e+00 3.953180258553101040e-02
-1.280000000000015348e+00 5.300286937807443394e-02
-1.275000000000015454e+00 6.801146129031888921e-02
-1.270000000000015561e+00 8.375312558816488950e-02
-1.265000000000015667e+00 9.917341958451254824e-02
-1.260000000000015774e+00 1.130697647611523388e-01
-1.255000000000015881e+00 1.242355878256290597e-01
-1.250000000000015987e+00 1.316214022428527919e-01
-1.245000000000016094e+00 1.344840867690135777e-01
-1.240000000000016200e+00 1.324979927334715701e-01
-1.235000000000016307e+00 1.258082440492945819e-01
-1.230000000000016414e+00 1.150162679715647368e-01
-1.225000000000016520e+00 1.010987952510418592e-01
-1.220000000000016627e+00 8.527288033580619764e-02
-1.215000000000016733e+00 6.882950044167585046e-02
-1.210000000000016840e+00 5.296558143006516867e-02
-1.205000000000016946e+00 3.864745328607874231e-02
-1.200000000000017053e+00 2.653634336658481502e-02
-1.195000000000017160e+00 1.695583166207897258e-02
-1.190000000000017266e+00 9.912507139487032257e-03
-1.185000000000017373e+00 5.165188912116301136e-03
-1.180000000000017479e+00 2.310458933622922938e-03
-1.175000000000017586e+00 8.735619926113196571e-04
-1.170000000000017693e+00 3.871021372259724554e-04
-1.165000000000017799e+00 4.470194771522259850e-04
-1.160000000000017906e+00 7.431781270305072530e-04
-1.155000000000018012e+00 1.067128129777719474e-03
-1.150000000000018119e+00 1.302620754138642369e-03
-1.145000000000018225e+00 1.405656821398941839e-03
-1.140000000000018332e+00 1.380630905017558169e-03
-1.135000000000018439e+00 1.257899587419328280e-03
-1.130000000000018545e+00 1.076248673767306189e-03
-1.125000000000018652e+00 8.716615766470466563e-04
-1.120000000000018758e+00 6.718982216812345500e-04
-1.115000000000018865e+00 4.950800055909662309e-04
-1.110000000000018971e+00 3.501407885688052847e-04
-1.105000000000019078e+00 2.380458454671192090e-04
-1.100000000000019185e+00 1.554993586718780017e-04
-1.095000000000019291e+00 9.791454122530755669e-05
-1.090000000000019398e+00 5.944844437972027451e-05
-1.085000000000019504e+00 3.484776234509795131e-05
-1.080000000000019611e+00 1.976428538897359127e-05
-1.075000000000019718e+00 1.087209390417173801e-05
-1.070000000000019824e+00 5.801055357050598339e-06
-1.065000000000019931e+00 2.975721926306331443e-06
-1.060000000000020037e+00 1.421555203071638124e-06
-1.055000000000020144e+00 5.784748195660263544e-07
-1.050000000000020250e+00 1.445301070027860523e-07
-1.045000000000020357e+00 -4.048234509714978769e-08
-1.040000000000020464e+00 -7.089724552069990367e-08
-1.035000000000020570e+00 -1.606104058573528065e-08
-1.030000000000020677e+00 6.490718922330605949e-08
-1.025000000000020783e+00 1.244037345656325298e-07
-1.020000000000020890e+00 1.340850013854876089e-07
-1.015000000000020997e+00 9.111565273205652460e-08
-1.010000000000021103e+00 1.725577457810700750e-08
-1.005000000000021210e+00 -5.244839398708967013e-08
-1.000000000000021316e+00 -9.254696410364259731e-08
-9.950000000000214229e-01 -1.000565403573812457e-07
-9.900000000000215294e-01 -9.753647075290425862e-08
-9.850000000000216360e-01 -8.569021061857139521e-08
-9.800000000000217426e-01 -6.609325540841619909e-08
-9.750000000000218492e-01 -4.096529316288337099e-08
-9.700000000000219558e-01 -1.289737030416372134e-08
-9.650000000000220624e-01 1.542855545532488929e-08
-9.600000000000221689e-01 4.149409946521872066e-08
-9.550000000000222755e-01 6.314770283027978206e-08
-9.500000000000223821e-01 7.874248681708120779e-08
-9.450000000000224887e-01 8.720636864995294935e-08
-9.400000000000225953e-01 8.805256121168063743e-08
-9.350000000000227018e-01 8.134596028040049624e-08
-9.300000000000228084e-01 6.764413626944651130e-08
-9.250000000000229150e-01 4.793041177911463116e-08
-9.200000000000230216e-01 2.355140324253312060e-08
-9.150000000000231282e-01 -3.836253529658699149e-09
-9.100000000000232347e-01 -3.231367663297161792e-08
-9.050000000000233413e-01 -5.975285372798503597e-08
-9.000000000000234479e-01 -8.389007206252860933e-08
-8.950000000000235545e-01 -1.024344783271915984e-07
-8.900000000000236611e-01 -1.132216849896182234e-07
-8.850000000000237677e-01 -1.144131745730971876e-07
-8.800000000000238742e-01 -1.047302121493769207e-07
-8.750000000000239808e-01 -8.369817590339307595e-08
-8.700000000000240874e-01 -5.186618884126136044e-08
-8.650000000000241940e-01 -1.096021641916440799e-08
-8.600000000000243006e-01 3.607253630790615680e-08
-8.550000000000244071e-01 8.516282372283414682e-08
-8.500000000000245137e-01 1.313821283821901258e-07
-8.450000000000246203e-01 1.693676757631962968e-07
-8.400000000000247269e-01 1.938832323071960174e-07
-8.350000000000248335e-01 2.004637652296200528e-07
-8.300000000000249401e-01 1.860703247787450802e-07
-8.250000000000250466e-01 1.496675373521405030e-07
-8.200000000000251532e-01 9.263316837556597190e-08
-8.150000000000252598e-01 1.891931486986404177e-08
-8.100000000000253664e-01 -6.509185877290013322e-08
-8.050000000000254730e-01 -1.510601187224295918e-07
-8.000000000000255795e-01 -2.294666587268055700e-07
-7.950000000000256861e-01 -2.906359920723925510e-07
-7.900000000000257927e-01 -3.258942091176392017e-07
-7.850000000000258993e-01 -3.287269807355538389e-07
-7.800000000000260059e-01 -2.957859590515756601e-07
-7.750000000000261124e-01 -2.275971042401935860e-07
-7.700000000000262190e-01 -1.288501762537448615e-07
-7.650000000000263256e-01 -8.193469775975217578e-09
-7.600000000000264322e-01 1.224828048017888968e-07
-7.550000000000265388e-01 2.492244265250223797e-07
-7.500000000000266454e-01 3.575370743217617549e-07
-7.450000000000267519e-01 4.340864713928199480e-07
-7.400000000000268585e-01 4.683696495108111616e-07
-7.350000000000269651e-01 4.541422915613679239e-07
-7.300000000000270717e-01 3.904056442274242048e-07
-7.250000000000271783e-01 2.818026737920994234e-07
-7.200000000000272848e-01 1.383421643053184471e-07
-7.150000000000273914e-01 -2.554699530888275897e-08
-7.100000000000274980e-01 -1.925418241671709797e-07
-7.050000000000276046e-01 -3.443629055829729645e-07
-7.000000000000277112e-01 -4.638952258801440555e-07
-6.950000000000278177e-01 -5.372322115220468140e-07
-6.900000000000279243e-01 -5.553850089272445809e-07
-6.850000000000280309e-01 -5.154353732758720259e-07
-6.800000000000281375e-01 -4.209770991698543655e-07
-6.750000000000282441e-01 -2.817793556537684197e-07
-6.700000000000283507e-01 -1.127039730057234505e-07
-6.650000000000284572e-01 6.799556147244497900e-08
-6.600000000000285638e-01 2.407858934227467377e-07
-6.550000000000286704e-01 3.871159727719835928e-07
-6.500000000000287770e-01 4.915503702507413895e-07
-6.450000000000288836e-01 5.435122471387492106e-07
-6.400000000000289901e-01 5.384262510138863017e-07
-6.350000000000290967e-01 4.781301602216220996e-07
-6.300000000000292033e-01 3.705185816252030117e-07
-6.250000000000293099e-01 2.284795269193151056e-07
-6.200000000000294165e-01 6.827216506245117719e-08
-6.150000000000295231e-01 -9.243995153565867955e-08
-6.100000000000296296e-01 -2.366495462153593832e-07
-6.050000000000297362e-01 -3.499067410305599144e-07
-6.000000000000298428e-01 -4.218371927312930971e-07
-5.950000000000299494e-01 -4.471112593971505605e-07
-5.900000000000300560e-01 -4.257744089981861711e-07
-5.850000000000301625e-01 -3.629330678576453598e-07
-5.800000000000302691e-01 -2.678704205416631345e-07
-5.750000000000303757e-01 -1.527329383612114120e-07
-5.700000000000304823e-01 -3.097273467577526330e-08
-5.650000000000305889e-01 8.425123969719195655e-08
-5.600000000000306954e-01 1.815192627559751020e-07
-5.550000000000308020e-01 2.522833573285077869e-07
-5.500000000000309086e-01 2.915764317862502251e-07
-5.450000000000310152e-01 2.982490874257026498e-07
-5.400000000000311218e-01 2.747471630488864809e-07
-5.350000000000312284e-01 2.264981133073176159e-07
-5.300000000000313349e-01 1.610158080039135659e-07
-5.250000000000314415e-01 8.685715328400962504e-08
-5.200000000000315481e-01 1.256867188621587010e-08
-5.150000000000316547e-01 -5.425189082565961900e-08
-5.100000000000317613e-01 -1.076812340966723054e-07
-5.050000000000318678e-01 -1.439223567065299849e-07
-5.000000000000319744e-01 -1.614616498582584540e-07
-4.950000000000320810e-01 -1.609483774447778848e-07
-4.900000000000321876e-01 -1.448451048951163121e-07
-4.850000000000322942e-01 -1.169191428942693164e-07
-4.800000000000324007e-01 -8.165515108959720371e-08
-4.750000000000325073e-01 -4.366787567346967020e-08
-4.700000000000326139e-01 -7.183203145635667641e-09
-4.650000000000327205e-01 2.436202322982263461e-08
-4.600000000000328271e-01 4.857243451839814553e-08
-4.550000000000329337e-01 6.419174571934702993e-08
-4.500000000000330402e-01 7.105801124244924510e-08
-4.450000000000331468e-01 6.994402596719561421e-08
-4.400000000000332534e-01 6.231968667728449136e-08
-4.350000000000333600e-01 5.007644637810078493e-08
-4.300000000000334666e-01 3.525185793806439305e-08
-4.250000000000335731e-01 1.978577757687711016e-08
-4.200000000000336797e-01 5.330610285104486961e-09
-4.150000000000337863e-01 -6.872344676764159227e-09
-4.100000000000338929e-01 -1.604835452426284983e-08
-4.050000000000339995e-01 -2.188284561526366794e-08
-4.000000000000341061e-01 -2.446555450141004593e-08
-3.950000000000342126e-01 -2.420111232877562879e-08
-3.900000000000343192e-01 -2.170280377751759773e-08
-3.850000000000344258e-01 -1.768491412712260042e-08
-3.800000000000345324e-01 -1.286615085564005339e-08
-3.750000000000346390e-01 -7.892782084259403067e-09
-3.700000000000347455e-01 -3.286037041392477503e-09
-3.650000000000348521e-01 5.854757522443992046e-10
-3.600000000000349587e-01 3.510653652116601741e-09
-3.550000000000350653e-01 5.422544430097503768e-09
-3.500000000000351719e-01 6.372339079211935907e-09
-3.450000000000352784e-01 6.496513183189277608e-09
-3.400000000000353850e-01 5.982386916146453372e-09
-3.350000000000354916e-01 5.036335214434872983e-09
-3.300000000000355982e-01 3.857577576137729323e-09
-3.250000000000357048e-01 2.619133050695715115e-09
-3.200000000000358114e-01 1.456315237228023763e-09
-3.150000000000359179e-01 4.621808379259615767e-10
-3.100000000000360245e-01 -3.113095654485869316e-10
-3.050000000000361311e-01 -8.480037035905280045e-10
-3.000000000000362377e-01 -1.159796725303176436e-09
-2.950000000000363443e-01 -1.277906690572911418e-09
-2.900000000000364508e-01 -1.244410652215129138e-09
-2.850000000000365574e-01 -1.104910305574677399e-09
-2.800000000000366640e-01 -9.028327709794702582e-10
-2.750000000000367706e-01 -6.755473894747076003e-10
-2.700000000000368772e-01 -4.522223274366856244e-10
-2.650000000000369837e-01 -2.531676219893614237e-10
-2.600000000000370903e-01 -9.031341325624404438e-11
-2.550000000000371969e-01 3.155682310179901787e-11
-2.500000000000373035e-01 1.131742549051317695e-10
-2.450000000000374101e-01 1.590512421358559781e-10
-2.400000000000375167e-01 1.758673902567433315e-10
-2.350000000000376232e-01 1.711164750862160920e-10
-2.300000000000377298e-01 1.520833225837734614e-10
-2.250000000000378364e-01 1.251611872097481662e-10
-2.200000000000379430e-01 9.547833308874576845e-11
-2.150000000000380496e-01 6.677735560921459775e-11
-2.100000000000381561e-01 4.148010530462704918e-11
-2.050000000000382627e-01 2.087154578265196940e-11
-2.000000000000383693e-01 5.343837566254832288e-12
-1.950000000000384759e-01 -5.345843205686818242e-12
-1.900000000000385825e-01 -1.183646554688389896e-11
-1.850000000000386891e-01 -1.496296040481336935e-11
-1.800000000000387956e-01 -1.560349944901594142e-11
-1.750000000000389022e-01 -1.457475740132342527e-11
-1.700000000000390088e-01 -1.257003874260694212e-11
-1.650000000000391154e-01 -1.013205310711511440e-11
-1.600000000000392220e-01 -7.651128003788042102e-12
-1.550000000000393285e-01 -5.380103132219934353e-12
-1.500000000000394351e-01 -3.458412958064764686e-12
-1.450000000000395417e-01 -1.939445247523338715e-12
-1.400000000000396483e-01 -8.169337258844421331e-13
-1.350000000000397549e-01 -4.781107710139948854e-14
-1.300000000000398614e-01 4.296042571295132062e-13
-1.250000000000399680e-01 6.822568556923768349e-13
-1.200000000000400746e-01 7.734729268490001021e-13
-1.150000000000401812e-01 7.578457194764711704e-13
-1.100000000000402878e-01 6.790467740863481918e-13
-1.050000000000403944e-01 5.697141076349285980e-13
-1.000000000000405009e-01 4.525593391991902981e-13
-9.500000000004060752e-02 3.419954408493076130e-13
-9.000000000004071410e-02 2.459352005728748950e-13
-8.500000000004082068e-02 1.675928849453336812e-13
-8.000000000004092726e-02 1.070891412169222319e-13
-7.500000000004103384e-02 6.271749943291260119e-14
-7.000000000004114042e-02 3.188487320136616073e-14
-6.500000000004124701e-02 1.176613295171259219e-14
-6.000000000004135359e-02 -3.128458226384743834e-16
-5.500000000004146017e-02 -6.680122336090726954e-15
-5.000000000004156675e-02 -9.210020090229270295e-15
-4.500000000004167333e-02 -9.307311099849633612e-15
-4.000000000004177991e-02 -7.999098302940465284e-15
-3.500000000004188649e-02 -6.036624731746390331e-15
-3.000000000004199308e-02 -3.925914069432303335e-15
-2.500000000004209966e-02 -1.956518139656905882e-15
-2.000000000004220624e-02 -2.873244598385027570e-16
-1.500000000004231282e-02 9.887296353364523924e-16
-1.000000000004241940e-02 1.840683564528591626e-15
-5.000000000042525983e-03 2.275763305572518881e-15
-4.263256414560601115e-14 2.284613181888058193e-15
4.999999999957260854e-03 1.851229150887827907e-15
9.999999999957154273e-03 1.027406894478579144e-15
1.499999999995704769e-02 -5.830169734702434794e-17
1.999999999995694111e-02 -1.304518477664245005e-15
2.499999999995683453e-02 -2.723798005056591865e-15
2.999999999995672795e-02 -4.388224515561518407e-15
3.499999999995662137e-02 -6.283251382474033695e-15
3.999999999995651478e-02 -8.193632342688816772e-15
4.499999999995640820e-02 -9.649094802083000527e-15
4.999999999995630162e-02 -9.881060010249667840e-15
5.499999999995619504e-02 -7.775797391381010205e-15
5.999999999995608846e-02 -1.837491857583735087e-15
6.499999999995598188e-02 9.841895322801789484e-15
6.999999999995587530e-02 2.959105524504459129e-14
7.499999999995576871e-02 6.009422624213404759e-14
7.999999999995566213e-02 1.041894846941706747e-13
8.499999999995555555e-02 1.644699367719401204e-13
8.999999999995544897e-02 2.426355223029437922e-13
9.499999999995534239e-02 3.385425232831231591e-13
9.999999999995523581e-02 4.489208370420293116e-13
1.049999999999551292e-01 5.658170406852999868e-13
1.099999999999550226e-01 6.748734478468948123e-13
1.149999999999549161e-01 7.535124558309159820e-13
1.199999999999548095e-01 7.691885552049871001e-13
1.249999999999547029e-01 6.782177105704743009e-13
1.299999999999545963e-01 4.259527062020620609e-13
1.349999999999544897e-01 -5.095698268497539491e-14
1.399999999999543832e-01 -8.194723880678840331e-13
1.449999999999542766e-01 -1.941333612223027209e-12
1.499999999999541700e-01 -3.459673771544818616e-12
1.549999999999540634e-01 -5.380740953540018482e-12
1.599999999999539568e-01 -7.651043986259469360e-12
1.649999999999538502e-01 -1.013108280870940212e-11
1.699999999999537437e-01 -1.256808749531277398e-11
1.749999999999536371e-01 -1.457188531551192470e-11
1.799999999999535305e-01 -1.559987570639696805e-11
1.849999999999534239e-01 -1.495875799293033896e-11
1.899999999999533173e-01 -1.183180113517097684e-11
1.949999999999532108e-01 -5.340773490762889521e-12
1.999999999999531042e-01 5.349313939055146206e-12
2.049999999999529976e-01 2.087748718341345850e-11
2.099999999999528910e-01 4.148656908383987369e-11
2.149999999999527844e-01 6.678428654917764878e-11
2.199999999999526779e-01 9.548553051203896722e-11
2.249999999999525713e-01 1.251684214208566539e-10
2.299999999999524647e-01 1.520904766361260652e-10
2.349999999999523581e-01 1.711235717150554527e-10
2.399999999999522515e-01 1.758745029637569562e-10
2.449999999999521449e-01 1.590583829623235467e-10
2.499999999999520384e-01 1.131813382697761039e-10
2.549999999999519318e-01 3.156372130997879497e-11
2.599999999999518252e-01 -9.030679866124766078e-11
2.649999999999517186e-01 -2.531613188502478683e-10
2.699999999999516120e-01 -4.522162692152019463e-10
2.749999999999515055e-01 -6.755414413358821410e-10
2.799999999999513989e-01 -9.028268439776776386e-10
2.849999999999512923e-01 -1.104904475621225833e-09
2.899999999999511857e-01 -1.244405166141175598e-09
2.949999999999510791e-01 -1.277901840146576021e-09
2.999999999999509726e-01 -1.159792665107617402e-09
3.049999999999508660e-01 -8.480003692811841443e-10
3.099999999999507594e-01 -3.113067965118289843e-10
3.149999999999506528e-01 4.621831027232534282e-10
3.199999999999505462e-01 1.456316911352115715e-09
3.249999999999504396e-01 2.619134009805847587e-09
3.299999999999503331e-01 3.857577759878350456e-09
3.349999999999502265e-01 5.036334606163329710e-09
3.399999999999501199e-01 5.982385451088641500e-09
3.449999999999500133e-01 6.496510714265515229e-09
3.499999999999499067e-01 6.372335446830304419e-09
3.549999999999498002e-01 5.422539581916920720e-09
3.599999999999496936e-01 3.510647726370699247e-09
3.649999999999495870e-01 5.854690562186028655e-10
3.699999999999494804e-01 -3.286044131831273187e-09
3.749999999999493738e-01 -7.892789211762002645e-09
3.799999999999492672e-01 -1.286615770970498241e-08
3.849999999999491607e-01 -1.768492041792978198e-08
3.899999999999490541e-01 -2.170280918051118263e-08
3.949999999999489475e-01 -2.420111645013995004e-08
3.999999999999488409e-01 -2.446555690946011878e-08
4.049999999999487343e-01 -2.188284592914942490e-08
4.099999999999486278e-01 -1.604835247371832528e-08
4.149999999999485212e-01 -6.872340064227627599e-09
4.199999999999484146e-01 5.330617686195193132e-09
4.249999999999483080e-01 1.978578809693686374e-08
4.299999999999482014e-01 3.525187196509347033e-08
4.349999999999480949e-01 5.007646418734801804e-08
4.399999999999479883e-01 6.231970824774558740e-08
4.449999999999478817e-01 6.994405091334841754e-08
4.499999999999477751e-01 7.105803896629933433e-08
4.549999999999476685e-01 6.419177571649687289e-08
4.599999999999475619e-01 4.857246659522870935e-08
4.649999999999474554e-01 2.436205750435433516e-08
4.699999999999473488e-01 -7.183166401684790523e-09
4.749999999999472422e-01 -4.366783626615116393e-08
4.799999999999471356e-01 -8.165510916600307603e-08
4.849999999999470290e-01 -1.169190991199922008e-07
4.899999999999469225e-01 -1.448450603787631208e-07
4.949999999999468159e-01 -1.609483333973237895e-07
4.999999999999467093e-01 -1.614616071685602156e-07
5.049999999999466027e-01 -1.439223157473257752e-07
5.099999999999464961e-01 -1.076811949117559512e-07
5.149999999999463896e-01 -5.425185352056057961e-08
5.199999999999462830e-01 1.256870681073927838e-08
5.249999999999461764e-01 8.685718484789018486e-08
5.299999999999460698e-01 1.610158350328725027e-07
5.349999999999459632e-01 2.264981348985706974e-07
5.399999999999458566e-01 2.747471787941250746e-07
5.449999999999457501e-01 2.982490973205537101e-07
5.499999999999456435e-01 2.915764362257369372e-07
5.549999999999455369e-01 2.522833571736758816e-07
5.599999999999454303e-01 1.815192589025140108e-07
5.649999999999453237e-01 8.425123255895023817e-08
5.699999999999452172e-01 -3.097274487803375087e-08
5.749999999999451106e-01 -1.527329510442919115e-07
5.799999999999450040e-01 -2.678704348172163438e-07
5.849999999999448974e-01 -3.629330828637646449e-07
5.899999999999447908e-01 -4.257744238955066152e-07
5.949999999999446842e-01 -4.471112733729131870e-07
5.999999999999445777e-01 -4.218372054612586172e-07
6.049999999999444711e-01 -3.499067529037303795e-07
6.099999999999443645e-01 -2.366495577969465384e-07
6.149999999999442579e-01 -9.243996298015016407e-08
6.199999999999441513e-01 6.827215392590393371e-08
6.249999999999440448e-01 2.284795163292511659e-07
6.299999999999439382e-01 3.705185719752707340e-07
6.349999999999438316e-01 4.781301518957650017e-07
6.399999999999437250e-01 5.384262441500223645e-07
6.449999999999436184e-01 5.435122417093329226e-07
6.499999999999435119e-01 4.915503659903210953e-07
6.549999999999434053e-01 3.871159692364464186e-07
6.599999999999432987e-01 2.407858902229462658e-07
6.649999999999431921e-01 6.799555831096626294e-08
6.699999999999430855e-01 -1.127039763187358050e-07
6.749999999999429789e-01 -2.817793592043455637e-07
6.799999999999428724e-01 -4.209771030721485472e-07
6.849999999999427658e-01 -5.154353776726220612e-07
6.899999999999426592e-01 -5.553850138020661525e-07
6.949999999999425526e-01 -5.372322166785698387e-07
6.999999999999424460e-01 -4.638952311940804243e-07
7.049999999999423395e-01 -3.443629109629158580e-07
7.099999999999422329e-01 -1.925418292859291463e-07
7.149999999999421263e-01 -2.554699988801952830e-08
7.199999999999420197e-01 1.383421602261647654e-07
7.249999999999419131e-01 2.818026703481953853e-07
7.299999999999418065e-01 3.904056417206069040e-07
7.349999999999417000e-01 4.541422899828136594e-07
7.399999999999415934e-01 4.683696489118236073e-07
7.449999999999414868e-01 4.340864719998649032e-07
7.499999999999413802e-01 3.575370759204607922e-07
7.549999999999412736e-01 2.492244287732236340e-07
7.599999999999411671e-01 1.224828077125575072e-07
7.649999999999410605e-01 -8.193466364169104184e-09
7.699999999999409539e-01 -1.288501727302348670e-07
7.749999999999408473e-01 -2.275971006538726045e-07
7.799999999999407407e-01 -2.957859551036996179e-07
7.849999999999406342e-01 -3.287269761355692594e-07
7.899999999999405276e-01 -3.258942038205168075e-07
7.949999999999404210e-01 -2.906359863196686575e-07
7.999999999999403144e-01 -2.294666528464825951e-07
8.049999999999402078e-01 -1.510601128233951562e-07
8.099999999999401012e-01 -6.509185286588843396e-08
8.149999999999399947e-01 1.891932070483875200e-08
8.199999999999398881e-01 9.263317414773087299e-08
8.249999999999397815e-01 1.496675431250302923e-07
8.299999999999396749e-01 1.860703305309196199e-07
8.349999999999395683e-01 2.004637708235446711e-07
8.399999999999394618e-01 1.938832374339514721e-07
8.449999999999393552e-01 1.693676799447738643e-07
8.499999999999392486e-01 1.313821313229885953e-07
8.549999999999391420e-01 8.516282550188411424e-08
8.599999999999390354e-01 3.607253700140344372e-08
8.649999999999389289e-01 -1.096021676966808582e-08
8.699999999999388223e-01 -5.186618994141421549e-08
8.749999999999387157e-01 -8.369817730819062799e-08
8.799999999999386091e-01 -1.047302135148486653e-07
8.849999999999385025e-01 -1.144131757071967211e-07
8.899999999999383959e-01 -1.132216857783833374e-07
8.949999999999382894e-01 -1.024344788312017322e-07
8.999999999999381828e-01 -8.389007249062816647e-08
9.049999999999380762e-01 -5.975285424004260473e-08
9.099999999999379696e-01 -3.231367710846073617e-08
9.149999999999378630e-01 -3.836253746154401990e-09
9.199999999999377565e-01 2.355140340293006213e-08
9.249999999999376499e-01 4.793041241245681608e-08
9.299999999999375433e-01 6.764413747603503173e-08
9.349999999999374367e-01 8.134596201899835386e-08
9.399999999999373301e-01 8.805256343545880842e-08
9.449999999999372235e-01 8.720637129217852529e-08
9.499999999999371170e-01 7.874248963486440733e-08
9.549999999999370104e-01 6.314770574545309610e-08
9.599999999999369038e-01 4.149410238951252152e-08
9.649999999999367972e-01 1.542855822422201903e-08
9.699999999999366906e-01 -1.289736747144088059e-08
9.749999999999365841e-01 -4.096529002094019269e-08
9.799999999999364775e-01 -6.609325213816381482e-08
9.849999999999363709e-01 -8.569020728922708087e-08
9.899999999999362643e-01 -9.753646720653211697e-08
9.949999999999361577e-01 -1.000565368301087574e-07
9.999999999999360512e-01 -9.254696085210977352e-08
1.004999999999935945e+00 -5.244839068060115020e-08
1.009999999999935838e+00 1.725577755691300996e-08
1.014999999999935731e+00 9.111565476498672439e-08
1.019999999999935625e+00 1.340850017891277132e-07
1.024999999999935518e+00 1.244037328253593998e-07
1.029999999999935412e+00 6.490718514340706819e-08
1.034999999999935305e+00 -1.606104685214982246e-08
1.039999999999935199e+00 -7.089725353699745540e-08
1.044999999999935092e+00 -4.048235425413129671e-08
1.049999999999934985e+00 1.445300973775508467e-07
1.054999999999934879e+00 5.784748101316388155e-07
1.059999999999934772e+00 1.421555194438200811e-06
1.064999999999934666e+00 2.975721919026907848e-06
1.069999999999934559e+00 5.801055351614141831e-06
1.074999999999934452e+00 1.087209390096973663e-05
1.079999999999934346e+00 1.976428538822880875e-05
1.084999999999934239e+00 3.484776234677820718e-05
1.089999999999934133e+00 5.944844438351484659e-05
1.094999999999934026e+00 9.791454123081645569e-05
1.099999999999933920e+00 1.554993586792597108e-04
1.104999999999933813e+00 2.380458454715463860e-04
1.109999999999933706e+00 3.501407885702515562e-04
1.114999999999933600e+00 4.950800055885202708e-04
1.119999999999933493e+00 6.718982216744195804e-04
1.124999999999933387e+00 8.716615766360403779e-04
1.129999999999933280e+00 1.076248673752778096e-03
1.134999999999933173e+00 1.257899587402246458e-03
1.139999999999933067e+00 1.380630904999087267e-03
1.144999999999932960e+00 1.405656821380378563e-03
1.149999999999932854e+00 1.302620754121292098e-03
1.154999999999932747e+00 1.067128129762590950e-03
1.159999999999932641e+00 7.431781270177992109e-04
1.164999999999932534e+00 4.470194771406437785e-04
1.169999999999932427e+00 3.871021372121086538e-04
1.174999999999932321e+00 8.735619925893090519e-04
1.179999999999932214e+00 2.310458933584744277e-03
1.184999999999932108e+00 5.165188912052833675e-03
1.189999999999932001e+00 9.912507139389882538e-03
1.194999999999931894e+00 1.695583166194238045e-02
1.199999999999931788e+00 2.653634336640635707e-02
1.204999999999931681e+00 3.864745328585573320e-02
1.209999999999931575e+00 5.296558142980501566e-02
1.214999999999931468e+00 6.882950044139234114e-02
1.219999999999931362e+00 8.527288033551806701e-02
1.224999999999931255e+00 1.010987952507707982e-01
1.229999999999931148e+00 1.150162679713329500e-01
1.234999999999931042e+00 1.258082440491219978e-01
1.239999999999930935e+00 1.324979927333732321e-01
1.244999999999930829e+00 1.344840867689973685e-01
1.249999999999930722e+00 1.316214022429186004e-01
1.254999999999930616e+00 1.242355878257686980e-01
1.259999999999930509e+00 1.130697647613509160e-01
1.264999999999930402e+00 9.917341958475094088e-02
1.269999999999930296e+00 8.375312558842236410e-02
1.274999999999930189e+00 6.801146129057610012e-02
1.279999999999930083e+00 5.300286937831542866e-02
1.284999999999929976e+00 3.953180258574415934e-02
1.289999999999929869e+00 2.810791851129733343e-02
1.294999999999929763e+00 1.895389826536143796e-02
1.299999999999929656e+00 1.203225885542764245e-02
1.304999999999929550e+00 7.109762959190591911e-03
1.309999999999929443e+00 3.846079870348341652e-03
1.314999999999929337e+00 1.856477524501627500e-03
1.319999999999929230e+00 7.702342708811154562e-04
1.324999999999929123e+00 2.700281267140526185e-04
1.329999999999929017e+00 1.093842915811567024e-04
1.334999999999928910e+00 1.143860338652006139e-04
1.339999999999928804e+00 1.752676472229956306e-04
1.344999999999928697e+00 2.326872724100928860e-04
1.349999999999928590e+00 2.624976421491311690e-04
1.354999999999928484e+00 2.617698874542151704e-04
1.359999999999928377e+00 2.377550963009927366e-04
1.364999999999928271e+00 2.004659931611638634e-04
1.369999999999928164e+00 1.587025640971247912e-04
1.374999999999928058e+00 1.187063402331392541e-04
1.379999999999927951e+00 8.428402587994144083e-05
1.384999999999927844e+00 5.726786978596051943e-05
1.389999999999927738e+00 3.765328231641275385e-05
1.394999999999927631e+00 2.374935121727719106e-05
1.399999999999927525e+00 1.427075740073251861e-05
1.404999999999927418e+00 8.312070949928750422e-06
1.409999999999927311e+00 4.666116227401656870e-06
1.414999999999927205e+00 2.524359767244194287e-06
1.419999999999927098e+00 1.316270858051696494e-06
1.424999999999926992e+00 6.614784971785662634e-07
1.429999999999926885e+00 3.201038071093822947e-07
1.434999999999926779e+00 1.488720070357095427e-07
1.439999999999926672e+00 6.645851582548722228e-08
1.444999999999926565e+00 2.866352595316984681e-08
1.449999999999926459e+00 1.223959776056366295e-08
1.454999999999926352e+00 5.318645792086570637e-09
1.459999999999926246e+00 2.199290044865744302e-09
1.464999999999926139e+00 5.640909453040205504e-10
1.469999999999926033e+00 -2.001561393022541586e-10
1.474999999999925926e+00 -2.059568716797083088e-10
1.479999999999925819e+00 1.780030866862397284e-10
1.484999999999925713e+00 2.831105754538809760e-10
1.489999999999925606e+00 -1.275540168354375099e-10
1.494999999999925500e+00 -1.932856830746699894e-10
1.499999999999925393e+00 2.240096488691175735e-12
1.504999999999925286e+00 5.177702398059037871e-12
1.509999999999925180e+00 4.478886629640658308e-12
1.514999999999925073e+00 2.400248205620038118e-12
1.519999999999924967e+00 6.301963630856745709e-13
1.524999999999924860e+00 -2.169684670144351832e-13
1.529999999999924754e+00 -3.008583000532666353e-13
1.534999999999924647e+00 -6.818386323413852185e-14
1.539999999999924540e+00 1.141687105727609544e-13
1.544999999999924434e+00 1.110850367202278676e-13
1.549999999999924327e+00 -1.245133265486880360e-14
1.554999999999924221e+00 -1.172518224977498932e-13
1.559999999999924114e+00 -1.143936139794617964e-13
1.564999999999924007e+00 -2.160804600286083294e-14
1.569999999999923901e+00 6.745917435368030356e-14
1.574999999999923794e+00 7.050083435817525489e-14
1.579999999999923688e+00 -5.421467309719045422e-15
1.584999999999923581e+00 -6.479830327622576286e-14
1.589999999999923475e+00 -2.955229255606145255e-14
1.594999999999923368e+00 3.213793203513445346e-14
1.599999999999923261e+00 2.499502089123706906e-14
1.604999999999923155e+00 6.017552777011807931e-15
1.609999999999923048e+00 -9.138625598128922078e-15
1.614999999999922942e+00 -9.336575034289195357e-15
1.619999999999922835e+00 -2.648936198971029459e-15
1.624999999999922728e+00 2.719089172673147006e-15
1.629999999999922622e+00 3.755671812661191712e-15
1.634999999999922515e+00 1.674539944496140538e-15
1.639999999999922409e+00 -8.440215729393613757e-16
1.644999999999922302e+00 -1.880509061566439950e-15
1.649999999999922196e+00 -1.155622690269394560e-15
1.654999999999922089e+00 3.190546942109310035e-16
1.659999999999921982e+00 1.233757703287992936e-15
1.664999999999921876e+00 9.323454446122739635e-16
1.669999999999921769e+00 -1.946209560674086974e-16
1.674999999999921663e+00 -1.063531792132053403e-15
1.679999999999921556e+00 -7.948238250902222853e-16
1.684999999999921450e+00 4.005754928018064146e-16
1.689999999999921343e+00 1.107918937787556227e-15
1.694999999999921236e+00 9.488704095127769232e-17
1.699999999999921130e+00 -4.584474051177800477e-16
1.704999999999921023e+00 -2.404032244619485771e-16
1.709999999999920917e+00 8.574330452022597507e-17
1.714999999999920810e+00 1.684548643374448149e-16
1.719999999999920703e+00 8.483624638677645028e-17
1.724999999999920597e+00 -1.967356930786468827e-17
1.729999999999920490e+00 -6.393624232993452686e-17
1.734999999999920384e+00 -4.415362473808106555e-17
1.739999999999920277e+00 1.145889053289433259e-18
1.744999999999920171e+00 3.147020879176489313e-17
1.749999999999920064e+00 2.921504097707685205e-17
1.754999999999919957e+00 3.695392934974582256e-18
1.759999999999919851e+00 -2.098810200087861448e-17
1.764999999999919744e+00 -2.451518688457528264e-17
1.769999999999919638e+00 -4.715751648045495809e-18
1.774999999999919531e+00 2.030163144640385556e-17
1.779999999999919424e+00 2.494765865337667388e-17
1.784999999999919318e+00 -8.708952329063064460e-19
1.789999999999919211e+00 -3.214607070715525434e-17
1.794999999999919105e+00 -1.555580867585542578e-17
1.799999999999918998e+00 6.490244175351512096e-17
1.804999999999918892e+00 -1.216197052926054756e-17
1.809999999999918785e+00 1.639258024906123639e-18
1.814999999999918678e+00 1.636025070811771485e-18
1.819999999999918572e+00 -4.511928006563124023e-18
1.824999999999918465e+00 -3.785327247515412071e-18
1.829999999999918359e+00 1.949618532605578181e-18
1.834999999999918252e+00 5.031714346229547600e-18
1.839999999999918145e+00 2.261252365164038500e-18
1.844999999999918039e+00 -2.894317120210412137e-18
1.849999999999917932e+00 -4.788910439494736298e-18
1.854999999999917826e+00 -1.341786710122515764e-18
1.859999999999917719e+00 3.880780410540660080e-18
1.864999999999917613e+00 4.927898958106769998e-18
1.869999999999917506e+00 -3.105875150153676394e-19
1.874999999999917399e+00 -6.298532405092527714e-18
1.879999999999917293e+00 -3.902719536062294566e-18
1.884999999999917186e+00 7.053301586582745312e-18
1.889999999999917080e+00 7.591798920232211459e-18
1.894999999999916973e+00 -1.727457032776294674e-17
1.899999999999916866e+00 3.955577234641193623e-17
1.904999999999916760e+00 -6.093316008368585895e-18
1.909999999999916653e+00 -3.701850791115342643e-18
1.914999999999916547e+00 3.619559554685250153e-18
1.919999999999916440e+00 3.184345335013176193e-18
1.924999999999916334e+00 -1.378443520351967580e-18
1.929999999999916227e+00 -3.692485803297818411e-18
1.934999999999916120e+00 -1.666522262482573536e-18
1.939999999999916014e+00 2.097681413384476413e-18
1.944999999999915907e+00 3.676098143170539258e-18
1.949999999999915801e+00 1.468434622664058896e-18
1.954999999999915694e+00 -2.463282954820797001e-18
1.959999999999915588e+00 -4.144057478379662314e-18
1.964999999999915481e+00 -1.317792700298101495e-18
1.969999999999915374e+00 3.716035919264168028e-18
1.974999999999915268e+00 4.999882916535465253e-18
1.979999999999915161e+00 -1.158482042323307354e-18
1.984999999999915055e+00 -8.198206306076313475e-18
1.989999999999914948e+00 2.286905400217330911e-19
1.994999999999914841e+00 1.926209133734766853e-17
