-2.000000000000000000e+00 6.954505149913594274e-03
-1.995000000000000107e+00 7.027647685987081956e-03
-1.990000000000000213e+00 7.101268052004009596e-03
-1.985000000000000320e+00 7.175362743180658739e-03
-1.980000000000000426e+00 7.249928049541664275e-03
-1.975000000000000533e+00 7.324960051377028651e-03
-1.970000000000000639e+00 7.400454614636941923e-03
-1.965000000000000746e+00 7.476407386264304414e-03
-1.960000000000000853e+00 7.552813789464871315e-03
-1.955000000000000959e+00 7.629669018914908216e-03
-1.950000000000001066e+00 7.706968035906349747e-03
-1.945000000000001172e+00 7.784705563429433588e-03
-1.940000000000001279e+00 7.862876081192786415e-03
-1.935000000000001386e+00 7.941473820581065879e-03
-1.930000000000001492e+00 8.020492759550197637e-03
-1.925000000000001599e+00 8.099926617460328007e-03
-1.920000000000001705e+00 8.179768849846631024e-03
-1.915000000000001812e+00 8.260012643128181523e-03
-1.910000000000001918e+00 8.340650909255054729e-03
-1.905000000000002025e+00 8.421676280293999284e-03
-1.900000000000002132e+00 8.503081102952905757e-03
-1.895000000000002238e+00 8.584857433044441877e-03
-1.890000000000002345e+00 8.666997029889260407e-03
-1.885000000000002451e+00 8.749491350659199460e-03
-1.880000000000002558e+00 8.832331544660910680e-03
-1.875000000000002665e+00 8.915508447560553662e-03
-1.870000000000002771e+00 8.999012575549969473e-03
-1.865000000000002878e+00 9.082834119455159005e-03
-1.860000000000002984e+00 9.166962938787560564e-03
-1.855000000000003091e+00 9.251388555739026992e-03
-1.850000000000003197e+00 9.336100149121170227e-03
-1.845000000000003304e+00 9.421086548250027365e-03
-1.840000000000003411e+00 9.506336226776903459e-03
-1.835000000000003517e+00 9.591837296466411075e-03
-1.830000000000003624e+00 9.677577500922728351e-03
-1.825000000000003730e+00 9.763544209265206594e-03
-1.820000000000003837e+00 9.849724409754505305e-03
-1.815000000000003944e+00 9.936104703370507094e-03
-1.810000000000004050e+00 1.002267129734337077e-02
-1.805000000000004157e+00 1.010940999863908785e-02
-1.800000000000004263e+00 1.019630620740105340e-02
-1.795000000000004370e+00 1.028334491034923852e-02
-1.790000000000004476e+00 1.037051067413855866e-02
-1.785000000000004583e+00 1.045778763867828177e-02
-1.780000000000004690e+00 1.054515951041416766e-02
-1.775000000000004796e+00 1.063260955557537510e-02
-1.770000000000004903e+00 1.072012059338809872e-02
-1.765000000000005009e+00 1.080767498925806237e-02
-1.760000000000005116e+00 1.089525464792406341e-02
-1.755000000000005222e+00 1.098284100658493759e-02
-1.750000000000005329e+00 1.107041502800229331e-02
-1.745000000000005436e+00 1.115795719358161561e-02
-1.740000000000005542e+00 1.124544749643434198e-02
-1.735000000000005649e+00 1.133286543442372542e-02
-1.730000000000005755e+00 1.142019000319726210e-02
-1.725000000000005862e+00 1.150739968920883732e-02
-1.720000000000005969e+00 1.159447246273359426e-02
-1.715000000000006075e+00 1.168138577087881810e-02
-1.710000000000006182e+00 1.176811653059430841e-02
-1.705000000000006288e+00 1.185464112168563115e-02
-1.700000000000006395e+00 1.194093537983404937e-02
-1.695000000000006501e+00 1.202697458962688135e-02
-1.690000000000006608e+00 1.211273347760225341e-02
-1.685000000000006715e+00 1.219818620531243000e-02
-1.680000000000006821e+00 1.228330636240987893e-02
-1.675000000000006928e+00 1.236806695976062909e-02
-1.670000000000007034e+00 1.245244042258945687e-02
-1.665000000000007141e+00 1.253639858366167696e-02
-1.660000000000007248e+00 1.261991267650650929e-02
-1.655000000000007354e+00 1.270295332868711692e-02
-1.650000000000007461e+00 1.278549055512266490e-02
-1.645000000000007567e+00 1.286749375146783829e-02
-1.640000000000007674e+00 1.294893168755557704e-02
-1.635000000000007780e+00 1.302977250090885455e-02
-1.630000000000007887e+00 1.310998369032766522e-02
-1.625000000000007994e+00 1.318953210955742771e-02
-1.620000000000008100e+00 1.326838396104541677e-02
-1.615000000000008207e+00 1.334650478979188676e-02
-1.610000000000008313e+00 1.342385947730289665e-02
-1.605000000000008420e+00 1.350041223565196825e-02
-1.600000000000008527e+00 1.357612660165810267e-02
-1.595000000000008633e+00 1.365096543118768380e-02
-1.590000000000008740e+00 1.372489089358832834e-02
-1.585000000000008846e+00 1.379786446626276621e-02
-1.580000000000008953e+00 1.386984692939120453e-02
-1.575000000000009059e+00 1.394079836081089062e-02
-1.570000000000009166e+00 1.401067813106179893e-02
-1.565000000000009273e+00 1.407944489860778192e-02
-1.560000000000009379e+00 1.414705660524260937e-02
-1.555000000000009486e+00 1.421347047169086927e-02
-1.550000000000009592e+00 1.427864299341365800e-02
-1.545000000000009699e+00 1.434252993662977343e-02
-1.540000000000009805e+00 1.440508633456288878e-02
-1.535000000000009912e+00 1.446626648392601057e-02
-1.530000000000010019e+00 1.452602394165443574e-02
-1.525000000000010125e+00 1.458431152189916015e-02
-1.520000000000010232e+00 1.464108129329258837e-02
-1.515000000000010338e+00 1.469628457649922552e-02
-1.510000000000010445e+00 1.474987194206395409e-02
-1.505000000000010552e+00 1.480179320857123206e-02
-1.500000000000010658e+00 1.485199744112862714e-02
-1.495000000000010765e+00 1.490043295018870888e-02
-1.490000000000010871e+00 1.494704729072361335e-02
-1.485000000000010978e+00 1.499178726176701205e-02
-1.480000000000011084e+00 1.503459890633860284e-02
-1.475000000000011191e+00 1.507542751176673725e-02
-1.470000000000011298e+00 1.511421761042516625e-02
-1.465000000000011404e+00 1.515091298090035822e-02
-1.460000000000011511e+00 1.518545664960624028e-02
-1.455000000000011617e+00 1.521779089286379692e-02
-1.450000000000011724e+00 1.524785723946318373e-02
-1.445000000000011831e+00 1.527559647372693161e-02
-1.440000000000011937e+00 1.530094863909270235e-02
-1.435000000000012044e+00 1.532385304223517208e-02
-1.430000000000012150e+00 1.534424825774665171e-02
-1.425000000000012257e+00 1.536207213339687086e-02
-1.420000000000012363e+00 1.537726179599275059e-02
-1.415000000000012470e+00 1.538975365785957665e-02
-1.410000000000012577e+00 1.539948342396546890e-02
-1.405000000000012683e+00 1.540638609971180240e-02
-1.400000000000012790e+00 1.541039599941250796e-02
-1.395000000000012896e+00 1.541144675548608914e-02
-1.390000000000013003e+00 1.540947132838454969e-02
-1.385000000000013110e+00 1.540440201728420985e-02
-1.380000000000013216e+00 1.539617047156385636e-02
-1.375000000000013323e+00 1.538470770309649169e-02
-1.370000000000013429e+00 1.536994409938141452e-02
-1.365000000000013536e+00 1.535180943754421018e-02
-1.360000000000013642e+00 1.533023289923264761e-02
-1.355000000000013749e+00 1.530514308643760382e-02
-1.350000000000013856e+00 1.527646803826827014e-02
-1.345000000000013962e+00 1.524413524871211928e-02
-1.340000000000014069e+00 1.520807168541053918e-02
-1.335000000000014175e+00 1.516820380948197093e-02
-1.330000000000014282e+00 1.512445759642487390e-02
-1.325000000000014388e+00 1.507675855813403985e-02
-1.320000000000014495e+00 1.502503176606413346e-02
-1.315000000000014602e+00 1.496920187557538619e-02
-1.310000000000014708e+00 1.490919315149713542e-02
-1.305000000000014815e+00 1.484492949494575602e-02
-1.300000000000014921e+00 1.477633447143421666e-02
-1.295000000000015028e+00 1.470333134031168686e-02
-1.290000000000015135e+00 1.462584308557207668e-02
-1.285000000000015241e+00 1.454379244807164906e-02
-1.280000000000015348e+00 1.445710195919657111e-02
-1.275000000000015454e+00 1.436569397602219245e-02
-1.270000000000015561e+00 1.426949071800686329e-02
-1.265000000000015667e+00 1.416841430526396932e-02
-1.260000000000015774e+00 1.406238679845690093e-02
-1.255000000000015881e+00 1.395133024036268078e-02
-1.250000000000015987e+00 1.383516669915084256e-02
-1.245000000000016094e+00 1.371381831342535426e-02
-1.240000000000016200e+00 1.358720733907835612e-02
-1.235000000000016307e+00 1.345525619800540078e-02
-1.230000000000016414e+00 1.331788752873322434e-02
-1.225000000000016520e+00 1.317502423901195305e-02
-1.220000000000016627e+00 1.302658956042481581e-02
-1.215000000000016733e+00 1.287250710506960931e-02
-1.210000000000016840e+00 1.271270092436728796e-02
-1.205000000000016946e+00 1.254709557005408496e-02
-1.200000000000017053e+00 1.237561615741504008e-02
-1.195000000000017160e+00 1.219818843081770139e-02
-1.190000000000017266e+00 1.201473883160609005e-02
-1.185000000000017373e+00 1.182519456841639276e-02
-1.180000000000017479e+00 1.162948368997688761e-02
-1.175000000000017586e+00 1.142753516045602255e-02
-1.170000000000017693e+00 1.121927893742373679e-02
-1.165000000000017799e+00 1.100464605249256052e-02
-1.160000000000017906e+00 1.078356869470627026e-02
-1.155000000000018012e+00 1.055598029674516616e-02
-1.150000000000018119e+00 1.032181562401858314e-02
-1.145000000000018225e+00 1.008101086671639446e-02
-1.140000000000018332e+00 9.833503734892888246e-03
-1.135000000000018439e+00 9.579233556657622273e-03
-1.130000000000018545e+00 9.318141379549471984e-03
-1.125000000000018652e+00 9.050170075171365403e-03
-1.120000000000018758e+00 8.775264447164874207e-03
-1.115000000000018865e+00 8.493371342605082752e-03
-1.110000000000018971e+00 8.204439766897910630e-03
-1.105000000000019078e+00 7.908421002263382737e-03
-1.100000000000019185e+00 7.605268729890037396e-03
-1.095000000000019291e+00 7.294939155847147104e-03
-1.090000000000019398e+00 6.977391140843047616e-03
-1.085000000000019504e+00 6.652586333919274439e-03
-1.080000000000019611e+00 6.320489310172332578e-03
-1.075000000000019718e+00 5.981067712595893385e-03
-1.070000000000019824e+00 5.634292398138325206e-03
-1.065000000000019931e+00 5.280137588072005873e-03
-1.060000000000020037e+00 4.918581022772432372e-03
-1.055000000000020144e+00 4.549604121007053831e-03
-1.050000000000020250e+00 4.173192143835231967e-03
-1.045000000000020357e+00 3.789334363222679036e-03
-1.040000000000020464e+00 3.398024235475276354e-03
-1.035000000000020570e+00 2.999259579599071208e-03
-1.030000000000020677e+00 2.593042760694969084e-03
-1.025000000000020783e+00 2.179380878498393681e-03
-1.020000000000020890e+00 1.758285961176043110e-03
-1.015000000000020997e+00 1.329775164493640985e-03
-1.010000000000021103e+00 8.938709764703967877e-04
-1.005000000000021210e+00 4.506014276377689641e-04
-1.000000000000021316e+00 3.070218900147887313e-10
-9.950000000000214229e-01 3.034746351205426592e-10
-9.900000000000215294e-01 2.999638086910864912e-10
-9.850000000000216360e-01 2.964872033408290144e-10
-9.800000000000217426e-01 2.930445637490853867e-10
-9.750000000000218492e-01 2.896356462196659556e-10
-9.700000000000219558e-01 2.862602115638650364e-10
-9.650000000000220624e-01 2.829180158158164839e-10
-9.600000000000221689e-01 2.796088027725427976e-10
-9.550000000000222755e-01 2.763323022606797805e-10
-9.500000000000223821e-01 2.730882349962055993e-10
-9.450000000000224887e-01 2.698763212768184140e-10
-9.400000000000225953e-01 2.666962893887189407e-10
-9.350000000000227018e-01 2.635478804711270781e-10
-9.300000000000228084e-01 2.604308477147662796e-10
-9.250000000000229150e-01 2.573449492846110777e-10
-9.200000000000230216e-01 2.542899374297369921e-10
-9.150000000000231282e-01 2.512655497807902926e-10
-9.100000000000232347e-01 2.482715095285381398e-10
-9.050000000000233413e-01 2.453075362538819216e-10
-9.000000000000234479e-01 2.423733612803146369e-10
-8.950000000000235545e-01 2.394687373413482185e-10
-8.900000000000236611e-01 2.365934364779336361e-10
-8.850000000000237677e-01 2.337472389173997697e-10
-8.800000000000238742e-01 2.309299217881059160e-10
-8.750000000000239808e-01 2.281412550634235378e-10
-8.700000000000240874e-01 2.253810056510439329e-10
-8.650000000000241940e-01 2.226489449108728722e-10
-8.600000000000243006e-01 2.199448539516549534e-10
-8.550000000000244071e-01 2.172685240204107502e-10
-8.500000000000245137e-01 2.146197532381341677e-10
-8.450000000000246203e-01 2.119983431724602540e-10
-8.400000000000247269e-01 2.094040982172834115e-10
-8.350000000000248335e-01 2.068368282051753115e-10
-8.300000000000249401e-01 2.042963523430632029e-10
-8.250000000000250466e-01 2.017825022384323140e-10
-8.200000000000251532e-01 1.992951230543346332e-10
-8.150000000000252598e-01 1.968340728721563147e-10
-8.100000000000253664e-01 1.943992202702978711e-10
-8.050000000000254730e-01 1.919904400521922754e-10
-8.000000000000255795e-01 1.896076078959916739e-10
-7.950000000000256861e-01 1.872505953722797568e-10
-7.900000000000257927e-01 1.849192661502405780e-10
-7.850000000000258993e-01 1.826134732751349395e-10
-7.800000000000260059e-01 1.803330573516472089e-10
-7.750000000000261124e-01 1.780778457605962282e-10
-7.700000000000262190e-01 1.758476527813506519e-10
-7.650000000000263256e-01 1.736422802130058888e-10
-7.600000000000264322e-01 1.714615184781293731e-10
-7.550000000000265388e-01 1.693051483509461077e-10
-7.500000000000266454e-01 1.671729423703357734e-10
-7.450000000000267519e-01 1.650646640082076744e-10
-7.400000000000268585e-01 1.629800640189742312e-10
-7.350000000000269651e-01 1.609188765334739761e-10
-7.300000000000270717e-01 1.588808187747100054e-10
-7.250000000000271783e-01 1.568655956818428273e-10
-7.200000000000272848e-01 1.548729067445546151e-10
-7.150000000000273914e-01 1.529024512427751926e-10
-7.100000000000274980e-01 1.509539307448793857e-10
-7.050000000000276046e-01 1.490270509238438965e-10
-7.000000000000277112e-01 1.471215252360536427e-10
-6.950000000000278177e-01 1.452370806994019667e-10
-6.900000000000279243e-01 1.433734636187459945e-10
-6.850000000000280309e-01 1.415304427479147230e-10
-6.800000000000281375e-01 1.397078087977402233e-10
-6.750000000000282441e-01 1.379053711479480140e-10
-6.700000000000283507e-01 1.361229541408441754e-10
-6.650000000000284572e-01 1.343603955649377759e-10
-6.600000000000285638e-01 1.326175481959832916e-10
-6.550000000000286704e-01 1.308942823995470315e-10
-6.500000000000287770e-01 1.291904864146705053e-10
-6.450000000000288836e-01 1.275060626879215470e-10
-6.400000000000289901e-01 1.258409218366399498e-10
-6.350000000000290967e-01 1.241949772226880685e-10
-6.300000000000292033e-01 1.225681417036499019e-10
-6.250000000000293099e-01 1.209603259344443943e-10
-6.200000000000294165e-01 1.193714368976876000e-10
-6.150000000000295231e-01 1.178013762492259408e-10
-6.100000000000296296e-01 1.162500390160663185e-10
-6.050000000000297362e-01 1.147173131612634735e-10
-6.000000000000298428e-01 1.132030799481790361e-10
-5.950000000000299494e-01 1.117072146889546242e-10
-5.900000000000300560e-01 1.102295875190609180e-10
-5.850000000000301625e-01 1.087700640223860804e-10
-5.800000000000302691e-01 1.073285056751936865e-10
-5.750000000000303757e-01 1.059047702132468692e-10
-5.700000000000304823e-01 1.044987121160128118e-10
-5.650000000000305889e-01 1.031101833491973092e-10
-5.600000000000306954e-01 1.017390343374147012e-10
-5.550000000000308020e-01 1.003851149968511361e-10
-5.500000000000309086e-01 9.904827565415892317e-11
-5.450000000000310152e-01 9.772836778134581326e-11
-5.400000000000311218e-01 9.642524456783005239e-11
-5.350000000000312284e-01 9.513876136599144777e-11
-5.300000000000313349e-01 9.386877603082324320e-11
-5.250000000000314415e-01 9.261514916722608668e-11
-5.200000000000315481e-01 9.137774428770317705e-11
-5.150000000000316547e-01 9.015642786955051046e-11
-5.100000000000317613e-01 8.895106930266696656e-11
-5.050000000000318678e-01 8.776154074619580454e-11
-5.000000000000319744e-01 8.658771694045672396e-11
-4.950000000000320810e-01 8.542947501778462546e-11
-4.900000000000321876e-01 8.428669432586095715e-11
-4.850000000000322942e-01 8.315925625221630996e-11
-4.800000000000324007e-01 8.204704404500949825e-11
-4.750000000000325073e-01 8.094994264568079223e-11
-4.700000000000326139e-01 7.986783854882571278e-11
-4.650000000000327205e-01 7.880061968824715386e-11
-4.600000000000328271e-01 7.774817533975353095e-11
-4.550000000000329337e-01 7.671039603848651194e-11
-4.500000000000330402e-01 7.568717351889409695e-11
-4.450000000000331468e-01 7.467840068512230864e-11
-4.400000000000332534e-01 7.368397160969477935e-11
-4.350000000000333600e-01 7.270378154737435941e-11
-4.300000000000334666e-01 7.173772694667325787e-11
-4.250000000000335731e-01 7.078570545074236501e-11
-4.200000000000336797e-01 6.984761589416572072e-11
-4.150000000000337863e-01 6.892335830432993779e-11
-4.100000000000338929e-01 6.801283390839613255e-11
-4.050000000000339995e-01 6.711594514310249329e-11
-4.000000000000341061e-01 6.623259566626573554e-11
-3.950000000000342126e-01 6.536269036905548012e-11
-3.900000000000343192e-01 6.450613538485346086e-11
-3.850000000000344258e-01 6.366283809199799358e-11
-3.800000000000345324e-01 6.283270711414648797e-11
-3.750000000000346390e-01 6.201565232230425022e-11
-3.700000000000347455e-01 6.121158483735123547e-11
-3.650000000000348521e-01 6.042041703063109083e-11
-3.600000000000349587e-01 5.964206252255191481e-11
-3.550000000000350653e-01 5.887643618005352072e-11
-3.500000000000351719e-01 5.812345411305421771e-11
-3.450000000000352784e-01 5.738303366980467951e-11
-3.400000000000353850e-01 5.665509343252020453e-11
-3.350000000000354916e-01 5.593955321549454378e-11
-3.300000000000355982e-01 5.523633406505516848e-11
-3.250000000000357048e-01 5.454535825772985655e-11
-3.200000000000358114e-01 5.386654929501748295e-11
-3.150000000000359179e-01 5.319983189693401406e-11
-3.100000000000360245e-01 5.254513199683184315e-11
-3.050000000000361311e-01 5.190237673827926448e-11
-3.000000000000362377e-01 5.127149447402159905e-11
-2.950000000000363443e-01 5.065241476635219159e-11
-2.900000000000364508e-01 5.004506838691466916e-11
-2.850000000000365574e-01 4.944938731457207860e-11
-2.800000000000366640e-01 4.886530473205445931e-11
-2.750000000000367706e-01 4.829275502225677693e-11
-2.700000000000368772e-01 4.773167376479204242e-11
-2.650000000000369837e-01 4.718199773427570066e-11
-2.600000000000370903e-01 4.664366490071436658e-11
-2.550000000000371969e-01 4.611661442954647329e-11
-2.500000000000373035e-01 4.560078667885358134e-11
-2.450000000000374101e-01 4.509612319452915277e-11
-2.400000000000375167e-01 4.460256670668177593e-11
-2.350000000000376232e-01 4.412006112922312615e-11
-2.300000000000377298e-01 4.364855156081701333e-11
-2.250000000000378364e-01 4.318798428384771968e-11
-2.200000000000379430e-01 4.273830676072727806e-11
-2.150000000000380496e-01 4.229946763005573188e-11
-2.100000000000381561e-01 4.187141670515210114e-11
-2.050000000000382627e-01 4.145410497494026052e-11
-2.000000000000383693e-01 4.104748460503892431e-11
-1.950000000000384759e-01 4.065150893694923232e-11
-1.900000000000385825e-01 4.026613248497109159e-11
-1.850000000000386891e-01 3.989131093218823559e-11
-1.800000000000387956e-01 3.952700112762074541e-11
-1.750000000000389022e-01 3.917316108574599591e-11
-1.700000000000390088e-01 3.882974998676988690e-11
-1.650000000000391154e-01 3.849672817474824492e-11
-1.600000000000392220e-01 3.817405715385782839e-11
-1.550000000000393285e-01 3.786169958630926693e-11
-1.500000000000394351e-01 3.755961929340474747e-11
-1.450000000000395417e-01 3.726778125730637131e-11
-1.400000000000396483e-01 3.698615162093813324e-11
-1.350000000000397549e-01 3.671469768635344824e-11
-1.300000000000398614e-01 3.645338791327619232e-11
-1.250000000000399680e-01 3.620219191812010575e-11
-1.200000000000400746e-01 3.596108047257667943e-11
-1.150000000000401812e-01 3.573002550179167402e-11
-1.100000000000402878e-01 3.550900008325322758e-11
-1.050000000000403944e-01 3.529797844677765787e-11
-1.000000000000405009e-01 3.509693597452470698e-11
-9.500000000004060752e-02 3.490584919971797048e-11
-9.000000000004071410e-02 3.472469580398653280e-11
-8.500000000004082068e-02 3.455345461489006870e-11
-8.000000000004092726e-02 3.439210560551403528e-11
-7.500000000004103384e-02 3.424062989608207319e-11
-7.000000000004114042e-02 3.409900975521038077e-11
-6.500000000004124701e-02 3.396722859887748648e-11
-6.000000000004135359e-02 3.384527098791111260e-11
-5.500000000004146017e-02 3.373312262612593322e-11
-5.000000000004156675e-02 3.363077036018371606e-11
-4.500000000004167333e-02 3.353820218092790086e-11
-4.000000000004177991e-02 3.345540722528469950e-11
-3.500000000004188649e-02 3.338237577736961170e-11
-3.000000000004199308e-02 3.331909926773980875e-11
-2.500000000004209966e-02 3.326557027126619209e-11
-2.000000000004220624e-02 3.322178250540227868e-11
-1.500000000004231282e-02 3.318773083001288421e-11
-1.000000000004241940e-02 3.316341124804810080e-11
-5.000000000042525983e-03 3.314882090544267821e-11
-4.263256414560601115e-14 3.314395808974166973e-11
4.999999999957260854e-03 3.314882222872905075e-11
9.999999999957154273e-03 3.316341389050249455e-11
1.499999999995704769e-02 3.318773478475663321e-11
1.999999999995694111e-02 3.322178776386632816e-11
2.499999999995683453e-02 3.326557682315100606e-11
2.999999999995672795e-02 3.331910710088663354e-11
3.499999999995662137e-02 3.338238487872934355e-11
3.999999999995651478e-02 3.345541758282405125e-11
4.499999999995640820e-02 3.353821378538531892e-11
4.999999999995630162e-02 3.363078320577280710e-11
5.499999999995619504e-02 3.373313671003358522e-11
5.999999999995608846e-02 3.384528630909272568e-11
6.499999999995598188e-02 3.396724515677676230e-11
6.999999999995587530e-02 3.409902754872015747e-11
7.499999999995576871e-02 3.424064892269835874e-11
7.999999999995566213e-02 3.439212586038843976e-11
8.499999999995555555e-02 3.455347608971001502e-11
8.999999999995544897e-02 3.472471848640829549e-11
9.499999999995534239e-02 3.490587307427007323e-11
9.999999999995523581e-02 3.509696102476636642e-11
1.049999999999551292e-01 3.529800465747324756e-11
1.099999999999550226e-01 3.550902744159624034e-11
1.149999999999549161e-01 3.573005399748390509e-11
1.199999999999548095e-01 3.596111009718579150e-11
1.249999999999547029e-01 3.620222266471784725e-11
1.299999999999545963e-01 3.645341977714888099e-11
1.349999999999544897e-01 3.671473066618939536e-11
1.399999999999543832e-01 3.698618571918397750e-11
1.449999999999542766e-01 3.726781647948728500e-11
1.499999999999541700e-01 3.755965564690124959e-11
1.549999999999540634e-01 3.786173707806741928e-11
1.599999999999539568e-01 3.817409578659420842e-11
1.649999999999538502e-01 3.849676794372797387e-11
1.699999999999537437e-01 3.882979088027644900e-11
1.749999999999536371e-01 3.917320308920222632e-11
1.799999999999535305e-01 3.952704422771758597e-11
1.849999999999534239e-01 3.989135511812021948e-11
1.899999999999533173e-01 4.026617774754896600e-11
1.949999999999532108e-01 4.065155526802281252e-11
1.999999999999531042e-01 4.104753199830113261e-11
2.049999999999529976e-01 4.145415342757299596e-11
2.099999999999528910e-01 4.187146621937516108e-11
2.149999999999527844e-01 4.229951821389227064e-11
2.199999999999526779e-01 4.273835842761513550e-11
2.249999999999525713e-01 4.318803705094278327e-11
2.299999999999524647e-01 4.364860544625377690e-11
2.349999999999523581e-01 4.412011614952480031e-11
2.399999999999522515e-01 4.460262287597097037e-11
2.449999999999521449e-01 4.509618052570479272e-11
2.499999999999520384e-01 4.560084518457947887e-11
2.549999999999519318e-01 4.611667412091852606e-11
2.599999999999518252e-01 4.664372578413656811e-11
2.649999999999517186e-01 4.718205980912621148e-11
2.699999999999516120e-01 4.773173702392303975e-11
2.749999999999515055e-01 4.829281945534328897e-11
2.799999999999513989e-01 4.886537033005170550e-11
2.849999999999512923e-01 4.944945407309583369e-11
2.899999999999511857e-01 5.004513630747762028e-11
2.949999999999510791e-01 5.065248385600206621e-11
2.999999999999509726e-01 5.127156474439525803e-11
3.049999999999508660e-01 5.190244820440479594e-11
3.099999999999507594e-01 5.254520467567000395e-11
3.149999999999506528e-01 5.319990580601147537e-11
3.199999999999505462e-01 5.386662445166254769e-11
3.249999999999504396e-01 5.454543467905145675e-11
3.299999999999503331e-01 5.523641176782937354e-11
3.349999999999502265e-01 5.593963221444635121e-11
3.399999999999501199e-01 5.665517373707737952e-11
3.449999999999500133e-01 5.738311528163810104e-11
3.499999999999499067e-01 5.812353702605624264e-11
3.549999999999498002e-01 5.887652038217694842e-11
3.599999999999496936e-01 5.964214799828281134e-11
3.649999999999495870e-01 6.042050376326946803e-11
3.699999999999494804e-01 6.121167281043944325e-11
3.749999999999493738e-01 6.201574152034995827e-11
3.799999999999492672e-01 6.283279752379128515e-11
3.849999999999491607e-01 6.366292970407227262e-11
3.899999999999490541e-01 6.450622819686877812e-11
3.949999999999489475e-01 6.536278438770699671e-11
3.999999999999488409e-01 6.623269090841378341e-11
4.049999999999487343e-01 6.711604163365154198e-11
4.099999999999486278e-01 6.801293167735613959e-11
4.149999999999485212e-01 6.892345738744099930e-11
4.199999999999484146e-01 6.984771633746427642e-11
4.249999999999483080e-01 7.078580731602046103e-11
4.299999999999482014e-01 7.173783031592442279e-11
4.349999999999480949e-01 7.270388652498409487e-11
4.399999999999479883e-01 7.368407832070362293e-11
4.449999999999478817e-01 7.467850926903088438e-11
4.499999999999477751e-01 7.568728412115287439e-11
4.549999999999476685e-01 7.671050880601675241e-11
4.599999999999475619e-01 7.774829042595973060e-11
4.649999999999474554e-01 7.880073726310979747e-11
4.699999999999473488e-01 7.986795880288547963e-11
4.749999999999472422e-01 8.095006577992588539e-11
4.799999999999471356e-01 8.204717024494941310e-11
4.849999999999470290e-01 8.315938565295627833e-11
4.899999999999469225e-01 8.428682698628345613e-11
4.949999999999468159e-01 8.542961092352809355e-11
4.999999999999467093e-01 8.658785603731632582e-11
5.049999999999466027e-01 8.776168298046413764e-11
5.099999999999464961e-01 8.895121463264152644e-11
5.149999999999463896e-01 9.015657622247458424e-11
5.199999999999462830e-01 9.137789546983003679e-11
5.249999999999461764e-01 9.261530276665185351e-11
5.299999999999460698e-01 9.386893135249155841e-11
5.349999999999459632e-01 9.513891741498443738e-11
5.399999999999458566e-01 9.642540008324673697e-11
5.449999999999457501e-01 9.772852132856279618e-11
5.499999999999456435e-01 9.904842578601760939e-11
5.549999999999455369e-01 1.003852604750240724e-10
5.599999999999454303e-01 1.017391743784068805e-10
5.649999999999453237e-01 1.031103178688004655e-10
5.699999999999452172e-01 1.044988420140149516e-10
5.749999999999451106e-01 1.059048978106595994e-10
5.799999999999450040e-01 1.073286354104086850e-10
5.849999999999448974e-01 1.087702034266759001e-10
5.899999999999447908e-01 1.102297483564995026e-10
5.949999999999446842e-01 1.117074139356613891e-10
5.999999999999445777e-01 1.132033399781445794e-10
6.049999999999444711e-01 1.147176603220433704e-10
6.099999999999443645e-01 1.162505002286488807e-10
6.149999999999442579e-01 1.178019746173193709e-10
6.199999999999441513e-01 1.193721888343914757e-10
6.249999999999440448e-01 1.209612424117373389e-10
6.299999999999439382e-01 1.225692339901610811e-10
6.349999999999438316e-01 1.241962642284199905e-10
6.399999999999437250e-01 1.258424347757893009e-10
6.449999999999436184e-01 1.275078446657390263e-10
6.499999999999435119e-01 1.291925880432579948e-10
6.549999999999434053e-01 1.308967565353759494e-10
6.599999999999432987e-01 1.326204460688538830e-10
6.649999999999431921e-01 1.343637644661430455e-10
6.699999999999430855e-01 1.361268357993414495e-10
6.749999999999429789e-01 1.379098005435524064e-10
6.799999999999428724e-01 1.397128140865799193e-10
6.849999999999427658e-01 1.415360468188314798e-10
6.899999999999426592e-01 1.433796865005491543e-10
6.949999999999425526e-01 1.452439406048056228e-10
6.999999999999424460e-01 1.471290358441610849e-10
7.049999999999423395e-01 1.490352145816534507e-10
7.099999999999422329e-01 1.509627308101993706e-10
7.149999999999421263e-01 1.529118486357933776e-10
7.199999999999420197e-01 1.548828432007805215e-10
7.249999999999419131e-01 1.568760009074486650e-10
7.299999999999418065e-01 1.588916160561913701e-10
7.349999999999417000e-01 1.609299843290133351e-10
7.399999999999415934e-01 1.629913963939136203e-10
7.449999999999414868e-01 1.650761345247137671e-10
7.499999999999413802e-01 1.671844723666297454e-10
7.549999999999412736e-01 1.693166757244300364e-10
7.599999999999411671e-01 1.714730022019229992e-10
7.649999999999410605e-01 1.736536990664616993e-10
7.699999999999409539e-01 1.758590001232623628e-10
7.749999999999408473e-01 1.780891225867746550e-10
7.799999999999407407e-01 1.803442643514291053e-10
7.849999999999406342e-01 1.826246020054382657e-10
7.899999999999405276e-01 1.849302909024461909e-10
7.949999999999404210e-01 1.872614694562701081e-10
7.999999999999403144e-01 1.896182686718880722e-10
8.049999999999402078e-01 1.920008244589648271e-10
8.099999999999401012e-01 1.944092870498015326e-10
8.149999999999399947e-01 1.968438221504052539e-10
8.199999999999398881e-01 1.993046030046744240e-10
8.249999999999397815e-01 2.017917983372974215e-10
8.299999999999396749e-01 2.043055637588376783e-10
8.349999999999395683e-01 2.068460416943073830e-10
8.399999999999394618e-01 2.094133693883620765e-10
8.449999999999393552e-01 2.120076901129158123e-10
8.499999999999392486e-01 2.146291617246725783e-10
8.549999999999391420e-01 2.172779590481295713e-10
8.599999999999390354e-01 2.199542706704424202e-10
8.649999999999389289e-01 2.226582941631202954e-10
8.699999999999388223e-01 2.253902340721922163e-10
8.749999999999387157e-01 2.281503037768949677e-10
8.799999999999386091e-01 2.309387283555399037e-10
8.849999999999385025e-01 2.337557449301305822e-10
8.899999999999383959e-01 2.366015997749483329e-10
8.949999999999382894e-01 2.394765443291493878e-10
8.999999999999381828e-01 2.423808325747186366e-10
9.049999999999380762e-01 2.453147204245607260e-10
9.099999999999379696e-01 2.482784660229981810e-10
9.149999999999378630e-01 2.512723293369511910e-10
9.199999999999377565e-01 2.542965702927580508e-10
9.249999999999376499e-01 2.573514461624835688e-10
9.299999999999375433e-01 2.604372098393015152e-10
9.349999999999374367e-01 2.635541104002832366e-10
9.399999999999373301e-01 2.667023962243088745e-10
9.449999999999372235e-01 2.698823197754789846e-10
9.499999999999371170e-01 2.730941417449648212e-10
9.549999999999370104e-01 2.763381317689408800e-10
9.599999999999369038e-01 2.796145646503573172e-10
9.649999999999367972e-01 2.829237142964671689e-10
9.699999999999366906e-01 2.862658496710317753e-10
9.749999999999365841e-01 2.896412352318799898e-10
9.799999999999364775e-01 2.930501344915496736e-10
9.849999999999363709e-01 2.964928132705756029e-10
9.899999999999362643e-01 2.999695407762608396e-10
9.949999999999361577e-01 3.034805887183371102e-10
9.999999999999360512e-01 3.070262290531400337e-10
1.004999999999935945e+00 4.506014276362950996e-04
1.009999999999935838e+00 8.938709764689232486e-04
1.014999999999935731e+00 1.329775164492171457e-03
1.019999999999935625e+00 1.758285961174581606e-03
1.024999999999935518e+00 2.179380878496942585e-03
1.029999999999935412e+00 2.593042760693530999e-03
1.034999999999935305e+00 2.999259579597649602e-03
1.039999999999935199e+00 3.398024235473873830e-03
1.044999999999935092e+00 3.789334363221298629e-03
1.049999999999934985e+00 4.173192143833875413e-03
1.054999999999934879e+00 4.549604121005724165e-03
1.059999999999934772e+00 4.918581022771133064e-03
1.064999999999934666e+00 5.280137588070738658e-03
1.069999999999934559e+00 5.634292398137092685e-03
1.074999999999934452e+00 5.981067712594694691e-03
1.079999999999934346e+00 6.320489310171174650e-03
1.084999999999934239e+00 6.652586333918156410e-03
1.089999999999934133e+00 6.977391140841971220e-03
1.094999999999934026e+00 7.294939155846115811e-03
1.099999999999933920e+00 7.605268729889050339e-03
1.104999999999933813e+00 7.908421002262397415e-03
1.109999999999933706e+00 8.204439766896925307e-03
1.114999999999933600e+00 8.493371342604095695e-03
1.119999999999933493e+00 8.775264447163892353e-03
1.124999999999933387e+00 9.050170075170387018e-03
1.129999999999933280e+00 9.318141379548497069e-03
1.134999999999933173e+00 9.579233556656656032e-03
1.139999999999933067e+00 9.833503734891927209e-03
1.144999999999932960e+00 1.008101086671544036e-02
1.149999999999932854e+00 1.032181562401763772e-02
1.154999999999932747e+00 1.055598029674423115e-02
1.159999999999932641e+00 1.078356869470534739e-02
1.164999999999932534e+00 1.100464605249164979e-02
1.169999999999932427e+00 1.121927893742283126e-02
1.174999999999932321e+00 1.142753516045513090e-02
1.179999999999932214e+00 1.162948368997601158e-02
1.184999999999932108e+00 1.182519456841552366e-02
1.189999999999932001e+00 1.201473883160523656e-02
1.194999999999931894e+00 1.219818843081686005e-02
1.199999999999931788e+00 1.237561615741421435e-02
1.204999999999931681e+00 1.254709557005329219e-02
1.209999999999931575e+00 1.271270092436652989e-02
1.214999999999931468e+00 1.287250710506888593e-02
1.219999999999931362e+00 1.302658956042412712e-02
1.224999999999931255e+00 1.317502423901129906e-02
1.229999999999931148e+00 1.331788752873260678e-02
1.234999999999931042e+00 1.345525619800481965e-02
1.239999999999930935e+00 1.358720733907781315e-02
1.244999999999930829e+00 1.371381831342484772e-02
1.249999999999930722e+00 1.383516669915036724e-02
1.254999999999930616e+00 1.395133024036224537e-02
1.259999999999930509e+00 1.406238679845650194e-02
1.264999999999930402e+00 1.416841430526360676e-02
1.269999999999930296e+00 1.426949071800653716e-02
1.274999999999930189e+00 1.436569397602190448e-02
1.279999999999930083e+00 1.445710195919631957e-02
1.284999999999929976e+00 1.454379244807143742e-02
1.289999999999929869e+00 1.462584308557189627e-02
1.294999999999929763e+00 1.470333134031154461e-02
1.299999999999929656e+00 1.477633447143411258e-02
1.304999999999929550e+00 1.484492949494567275e-02
1.309999999999929443e+00 1.490919315149707991e-02
1.314999999999929337e+00 1.496920187557535149e-02
1.319999999999929230e+00 1.502503176606412652e-02
1.324999999999929123e+00 1.507675855813405373e-02
1.329999999999929017e+00 1.512445759642490860e-02
1.334999999999928910e+00 1.516820380948202991e-02
1.339999999999928804e+00 1.520807168541062071e-02
1.344999999999928697e+00 1.524413524871222163e-02
1.349999999999928590e+00 1.527646803826839504e-02
1.354999999999928484e+00 1.530514308643775127e-02
1.359999999999928377e+00 1.533023289923281240e-02
1.364999999999928271e+00 1.535180943754439406e-02
1.369999999999928164e+00 1.536994409938162269e-02
1.374999999999928058e+00 1.538470770309671547e-02
1.379999999999927951e+00 1.539617047156410096e-02
1.384999999999927844e+00 1.540440201728447180e-02
1.389999999999927738e+00 1.540947132838483245e-02
1.394999999999927631e+00 1.541144675548638751e-02
1.399999999999927525e+00 1.541039599941282541e-02
1.404999999999927418e+00 1.540638609971215107e-02
1.409999999999927311e+00 1.539948342396584881e-02
1.414999999999927205e+00 1.538975365785998084e-02
1.419999999999927098e+00 1.537726179599318600e-02
1.424999999999926992e+00 1.536207213339733403e-02
1.429999999999926885e+00 1.534424825774714091e-02
1.434999999999926779e+00 1.532385304223569250e-02
1.439999999999926672e+00 1.530094863909324532e-02
1.444999999999926565e+00 1.527559647372750233e-02
1.449999999999926459e+00 1.524785723946377874e-02
1.454999999999926352e+00 1.521779089286441795e-02
1.459999999999926246e+00 1.518545664960689254e-02
1.464999999999926139e+00 1.515091298090103303e-02
1.469999999999926033e+00 1.511421761042586534e-02
1.474999999999925926e+00 1.507542751176745889e-02
1.479999999999925819e+00 1.503459890633934877e-02
1.484999999999925713e+00 1.499178726176778227e-02
1.489999999999925606e+00 1.494704729072440438e-02
1.494999999999925500e+00 1.490043295018952073e-02
1.499999999999925393e+00 1.485199744112946155e-02
1.504999999999925286e+00 1.480179320857207860e-02
1.509999999999925180e+00 1.474987194206481278e-02
1.514999999999925073e+00 1.469628457650009636e-02
1.519999999999924967e+00 1.464108129329347134e-02
1.524999999999924860e+00 1.458431152190005180e-02
1.529999999999924754e+00 1.452602394165533779e-02
1.534999999999924647e+00 1.446626648392692303e-02
1.539999999999924540e+00 1.440508633456381686e-02
1.544999999999924434e+00 1.434252993663070672e-02
1.549999999999924327e+00 1.427864299341460169e-02
1.554999999999924221e+00 1.421347047169182164e-02
1.559999999999924114e+00 1.414705660524357214e-02
1.564999999999924007e+00 1.407944489860874990e-02
1.569999999999923901e+00 1.401067813106277732e-02
1.574999999999923794e+00 1.394079836081187594e-02
1.579999999999923688e+00 1.386984692939219853e-02
1.584999999999923581e+00 1.379786446626376714e-02
1.589999999999923475e+00 1.372489089358933448e-02
1.594999999999923368e+00 1.365096543118869687e-02
1.599999999999923261e+00 1.357612660165912269e-02
1.604999999999923155e+00 1.350041223565299521e-02
1.609999999999923048e+00 1.342385947730392708e-02
1.614999999999922942e+00 1.334650478979292412e-02
1.619999999999922835e+00 1.326838396104646108e-02
1.624999999999922728e+00 1.318953210955847548e-02
1.629999999999922622e+00 1.310998369032871994e-02
1.634999999999922515e+00 1.302977250090991447e-02
1.639999999999922409e+00 1.294893168755664042e-02
1.644999999999922302e+00 1.286749375146890688e-02
1.649999999999922196e+00 1.278549055512373696e-02
1.654999999999922089e+00 1.270295332868818898e-02
1.659999999999921982e+00 1.261991267650758655e-02
1.664999999999921876e+00 1.253639858366275943e-02
1.669999999999921769e+00 1.245244042259053933e-02
1.674999999999921663e+00 1.236806695976171849e-02
1.679999999999921556e+00 1.228330636241097007e-02
1.684999999999921450e+00 1.219818620531352288e-02
1.689999999999921343e+00 1.211273347760334976e-02
1.694999999999921236e+00 1.202697458962797769e-02
1.699999999999921130e+00 1.194093537983514919e-02
1.704999999999921023e+00 1.185464112168672923e-02
1.709999999999920917e+00 1.176811653059540823e-02
1.714999999999920810e+00 1.168138577087992312e-02
1.719999999999920703e+00 1.159447246273469581e-02
1.724999999999920597e+00 1.150739968920994408e-02
1.729999999999920490e+00 1.142019000319836886e-02
1.734999999999920384e+00 1.133286543442482870e-02
1.739999999999920277e+00 1.124544749643544873e-02
1.744999999999920171e+00 1.115795719358272063e-02
1.749999999999920064e+00 1.107041502800339659e-02
1.754999999999919957e+00 1.098284100658604434e-02
1.759999999999919851e+00 1.089525464792516496e-02
1.764999999999919744e+00 1.080767498925916392e-02
1.769999999999919638e+00 1.072012059338920027e-02
1.774999999999919531e+00 1.063260955557647491e-02
1.779999999999919424e+00 1.054515951041526921e-02
1.784999999999919318e+00 1.045778763867937985e-02
1.789999999999919211e+00 1.037051067413965848e-02
1.794999999999919105e+00 1.028334491035033139e-02
1.799999999999918998e+00 1.019630620740214454e-02
1.804999999999918892e+00 1.010940999864017725e-02
1.809999999999918785e+00 1.002267129734445497e-02
1.814999999999918678e+00 9.936104703371589561e-03
1.819999999999918572e+00 9.849724409755579099e-03
1.824999999999918465e+00 9.763544209266278653e-03
1.829999999999918359e+00 9.677577500923795206e-03
1.834999999999918252e+00 9.591837296467474461e-03
1.839999999999918145e+00 9.506336226777959905e-03
1.844999999999918039e+00 9.421086548251080342e-03
1.849999999999917932e+00 9.336100149122219735e-03
1.854999999999917826e+00 9.251388555740069561e-03
1.859999999999917719e+00 9.166962938788597928e-03
1.864999999999917613e+00 9.082834119456189431e-03
1.869999999999917506e+00 8.999012575550996429e-03
1.874999999999917399e+00 8.915508447561573679e-03
1.879999999999917293e+00 8.832331544661923758e-03
1.884999999999917186e+00 8.749491350660207334e-03
1.889999999999917080e+00 8.666997029890261342e-03
1.894999999999916973e+00 8.584857433045437608e-03
1.899999999999916866e+00 8.503081102953894549e-03
1.904999999999916760e+00 8.421676280294986341e-03
1.909999999999916653e+00 8.340650909256040052e-03
1.914999999999916547e+00 8.260012643129161641e-03
1.919999999999916440e+00 8.179768849847607673e-03
1.924999999999916334e+00 8.099926617461299452e-03
1.929999999999916227e+00 8.020492759551165612e-03
1.934999999999916120e+00 7.941473820582028650e-03
1.939999999999916014e+00 7.862876081193742248e-03
1.944999999999915907e+00 7.784705563430388553e-03
1.949999999999915801e+00 7.706968035907300375e-03
1.954999999999915694e+00 7.629669018915852773e-03
1.959999999999915588e+00 7.552813789465811535e-03
1.964999999999915481e+00 7.476407386265241165e-03
1.969999999999915374e+00 7.400454614637872602e-03
1.974999999999915268e+00 7.324960051377954126e-03
1.979999999999915161e+00 7.249928049542585413e-03
1.984999999999915055e+00 7.175362743181576408e-03
1.989999999999914948e+00 7.101268052004923795e-03
1.994999999999914841e+00 7.027647685987990084e-03
