-2.000000000000000000e+00 1.367981798796073654e-07
-1.995000000000000107e+00 8.896525047309221007e-08
-1.990000000000000213e+00 5.586065483592639510e-08
-1.985000000000000320e+00 3.390058963312538912e-08
-1.980000000000000426e+00 1.991184118604200767e-08
-1.975000000000000533e+00 1.133516455145021033e-08
-1.970000000000000639e+00 6.255502403728252842e-09
-1.965000000000000746e+00 3.333531877956837278e-09
-1.960000000000000853e+00 1.691642641942697296e-09
-1.955000000000000959e+00 7.900137237541355025e-10
-1.950000000000001066e+00 3.146040653394918729e-10
-1.945000000000001172e+00 8.823643923127992204e-11
-1.940000000000001279e+00 8.170291244063857312e-12
-1.935000000000001386e+00 8.260294490330308226e-12
-1.930000000000001492e+00 4.061795599493240121e-11
-1.925000000000001599e+00 7.026754371971081635e-11
-1.920000000000001705e+00 7.624893594614212950e-11
-1.915000000000001812e+00 5.360277373977213261e-11
-1.910000000000001918e+00 1.231155766678286127e-11
-1.905000000000002025e+00 -2.880189091691020784e-11
-1.900000000000002132e+00 -5.336584879736198548e-11
-1.895000000000002238e+00 -5.453767704571493445e-11
-1.890000000000002345e+00 -3.427800558573810322e-11
-1.885000000000002451e+00 -3.646883616889896354e-12
-1.880000000000002558e+00 2.369400581012544672e-11
-1.875000000000002665e+00 3.850882823857327391e-11
-1.870000000000002771e+00 3.779843096012460857e-11
-1.865000000000002878e+00 2.396131056527793476e-11
-1.860000000000002984e+00 2.870496849691925442e-12
-1.855000000000003091e+00 -1.826232785876263903e-11
-1.850000000000003197e+00 -3.280597736021684420e-11
-1.845000000000003304e+00 -3.622576209812547961e-11
-1.840000000000003411e+00 -2.710816225386032708e-11
-1.835000000000003517e+00 -7.613285806910651513e-12
-1.830000000000003624e+00 1.675553117555067133e-11
-1.825000000000003730e+00 3.818852825391295976e-11
-1.820000000000003837e+00 4.847842803426364407e-11
-1.815000000000003944e+00 4.168465200796379973e-11
-1.810000000000004050e+00 1.707500769886060500e-11
-1.805000000000004157e+00 -1.872647709023474021e-11
-1.800000000000004263e+00 -5.233672790635441286e-11
-1.795000000000004370e+00 -6.861222097269145159e-11
-1.790000000000004476e+00 -5.969605983250799600e-11
-1.785000000000004583e+00 -2.539353693436052879e-11
-1.780000000000004690e+00 2.407811752534665389e-11
-1.775000000000004796e+00 6.778547135491754100e-11
-1.770000000000004903e+00 8.572949178123440765e-11
-1.765000000000005009e+00 6.926844800870803345e-11
-1.760000000000005116e+00 2.482919604444464471e-11
-1.755000000000005222e+00 -2.948326155725164869e-11
-1.750000000000005329e+00 -7.186376012140819074e-11
-1.745000000000005436e+00 -8.572824472930794829e-11
-1.740000000000005542e+00 -6.616289862976078909e-11
-1.735000000000005649e+00 -2.165811385889212483e-11
-1.730000000000005755e+00 2.941501371144956989e-11
-1.725000000000005862e+00 6.631431700487932436e-11
-1.720000000000005969e+00 7.463964619195189086e-11
-1.715000000000006075e+00 5.267306966923047304e-11
-1.710000000000006182e+00 1.210913620390361038e-11
-1.705000000000006288e+00 -2.817428699343843602e-11
-1.700000000000006395e+00 -5.280293435667471135e-11
-1.695000000000006501e+00 -5.427336785799428155e-11
-1.690000000000006608e+00 -3.452093079502114987e-11
-1.685000000000006715e+00 -4.273366618238980361e-12
-1.680000000000006821e+00 2.310509628337139944e-11
-1.675000000000006928e+00 3.832156098623623110e-11
-1.670000000000007034e+00 3.808773424329516814e-11
-1.665000000000007141e+00 2.451083219659469466e-11
-1.660000000000007248e+00 3.335707472559289186e-12
-1.655000000000007354e+00 -1.814877204711545358e-11
-1.650000000000007461e+00 -3.309555000903531713e-11
-1.645000000000007567e+00 -3.673925077366553657e-11
-1.640000000000007674e+00 -2.754016172186372678e-11
-1.635000000000007780e+00 -7.700449686498584566e-12
-1.630000000000007887e+00 1.708443862832610603e-11
-1.625000000000007994e+00 3.875767278661004411e-11
-1.620000000000008100e+00 4.894543938067292535e-11
-1.615000000000008207e+00 4.173611793855938057e-11
-1.610000000000008313e+00 1.664493775714509472e-11
-1.605000000000008420e+00 -1.936833267974554937e-11
-1.600000000000008527e+00 -5.280281768914350897e-11
-1.595000000000008633e+00 -6.864681405229279391e-11
-1.590000000000008740e+00 -5.925185364723208998e-11
-1.585000000000008846e+00 -2.470763103149285364e-11
-1.580000000000008953e+00 2.458783007561817321e-11
-1.575000000000009059e+00 6.782141667589037199e-11
-1.570000000000009166e+00 8.528611673482592686e-11
-1.565000000000009273e+00 6.860504172930492826e-11
-1.560000000000009379e+00 2.430662767834998502e-11
-1.555000000000009486e+00 -2.959533724341128167e-11
-1.550000000000009592e+00 -7.151580842133555948e-11
-1.545000000000009699e+00 -8.510588932305394309e-11
-1.540000000000009805e+00 -6.559034104725037853e-11
-1.535000000000009912e+00 -2.143671665874523985e-11
-1.530000000000010019e+00 2.916078597068529495e-11
-1.525000000000010125e+00 6.571149709547534789e-11
-1.520000000000010232e+00 7.401673041936906051e-11
-1.515000000000010338e+00 5.239022647605003651e-11
-1.510000000000010445e+00 1.233793788027804786e-11
-1.505000000000010552e+00 -2.758738012003241611e-11
-1.500000000000010658e+00 -5.220847689250587565e-11
-1.495000000000010765e+00 -5.398940743996897257e-11
-1.490000000000010871e+00 -3.472966331984960956e-11
-1.485000000000010978e+00 -4.850760992603147796e-12
-1.480000000000011084e+00 2.255507733085350011e-11
-1.475000000000011191e+00 3.814153090653108072e-11
-1.470000000000011298e+00 3.835238316047115942e-11
-1.465000000000011404e+00 2.502292512374996440e-11
-1.460000000000011511e+00 3.775149633830589560e-12
-1.455000000000011617e+00 -1.803460007848906555e-11
-1.450000000000011724e+00 -3.336063072528996215e-11
-1.445000000000011831e+00 -3.722118827980353179e-11
-1.440000000000011937e+00 -2.795391221725922127e-11
-1.435000000000012044e+00 -7.794194941257193237e-12
-1.430000000000012150e+00 1.738639126879271321e-11
-1.425000000000012257e+00 3.929752832154530916e-11
-1.420000000000012363e+00 4.940105042037182114e-11
-1.415000000000012470e+00 4.180223806517224847e-11
-1.410000000000012577e+00 1.624449363513767886e-11
-1.405000000000012683e+00 -1.998776622518551707e-11
-1.400000000000012790e+00 -5.326645026380274770e-11
-1.395000000000012896e+00 -6.869651855973864389e-11
-1.390000000000013003e+00 -5.882669093745087824e-11
-1.385000000000013110e+00 -2.403657963085854298e-11
-1.380000000000013216e+00 2.509293815706542666e-11
-1.375000000000013323e+00 6.786764484270622808e-11
-1.370000000000013429e+00 8.486637605113283057e-11
-1.365000000000013536e+00 6.796807629293451078e-11
-1.360000000000013642e+00 2.379829020762676325e-11
-1.355000000000013749e+00 -2.971407098814224738e-11
-1.350000000000013856e+00 -7.118787000364395039e-11
-1.345000000000013962e+00 -8.449365655232441922e-11
-1.340000000000014069e+00 -6.499613749085288647e-11
-1.335000000000014175e+00 -2.117271648009292020e-11
-1.330000000000014282e+00 2.889527356127949820e-11
-1.325000000000014388e+00 6.489895457599825681e-11
-1.320000000000014495e+00 7.282261578761683940e-11
-1.315000000000014602e+00 5.112476451482219217e-11
-1.310000000000014708e+00 1.144114612808830604e-11
-1.305000000000014815e+00 -2.747326688596424301e-11
-1.300000000000014921e+00 -5.007777272415108261e-11
-1.295000000000015028e+00 -4.892131472769908992e-11
-1.290000000000015135e+00 -2.393207439336346244e-11
-1.285000000000015241e+00 8.768203874029433156e-12
-1.280000000000015348e+00 3.269004662984608539e-11
-1.275000000000015454e+00 3.651350491800753035e-11
-1.270000000000015561e+00 1.313158027519325273e-11
-1.265000000000015667e+00 -3.653911242205876342e-11
-1.260000000000015774e+00 -9.669509973514210720e-11
-1.255000000000015881e+00 -1.336821430731859681e-10
-1.250000000000015987e+00 -1.033281556797739204e-10
-1.245000000000016094e+00 2.942896082824473784e-11
-1.240000000000016200e+00 2.629180565779802755e-10
-1.235000000000016307e+00 5.336645921247061208e-10
-1.230000000000016414e+00 7.086759071423446760e-10
-1.225000000000016520e+00 6.101958942194944354e-10
-1.220000000000016627e+00 8.246598095768288797e-11
-1.215000000000016733e+00 -9.033833135903957475e-10
-1.210000000000016840e+00 -2.133380914214359127e-09
-1.205000000000016946e+00 -3.085698459396830206e-09
-1.200000000000017053e+00 -3.027162719639201019e-09
-1.195000000000017160e+00 -9.687382303452125386e-10
-1.190000000000017266e+00 2.384872841957580917e-09
-1.185000000000017373e+00 6.283017512202786474e-09
-1.180000000000017479e+00 1.048532755804604896e-08
-1.175000000000017586e+00 1.193826806491183571e-08
-1.170000000000017693e+00 7.149918120199275624e-09
-1.165000000000017799e+00 -4.620067054517577475e-09
-1.160000000000017906e+00 -1.984620736331316781e-08
-1.155000000000018012e+00 -3.162479338588011688e-08
-1.150000000000018119e+00 -3.249143732710715701e-08
-1.145000000000018225e+00 -1.800476702427017394e-08
-1.140000000000018332e+00 1.031402425043309608e-08
-1.135000000000018439e+00 4.395773364940059936e-08
-1.130000000000018545e+00 6.913529300458723342e-08
-1.125000000000018652e+00 7.128300037420573967e-08
-1.120000000000018758e+00 4.153949663328802598e-08
-1.115000000000018865e+00 -1.673190578498392924e-08
-1.110000000000018971e+00 -8.444254723050385185e-08
-1.105000000000019078e+00 -1.305419297225702560e-07
-1.100000000000019185e+00 -1.284217341560549924e-07
-1.095000000000019291e+00 -6.954350320025227455e-08
-1.090000000000019398e+00 3.027698467194325171e-08
-1.085000000000019504e+00 1.355477327537551887e-07
-1.080000000000019611e+00 1.988791203292770194e-07
-1.075000000000019718e+00 1.849285319223298820e-07
-1.070000000000019824e+00 9.121815603765287772e-08
-1.065000000000019931e+00 -4.851328024600941921e-08
-1.060000000000020037e+00 -1.783993221786519656e-07
-1.055000000000020144e+00 -2.441387009202172923e-07
-1.050000000000020250e+00 -2.158895573733992189e-07
-1.045000000000020357e+00 -1.013311552151772876e-07
-1.040000000000020464e+00 5.614569914026539893e-08
-1.035000000000020570e+00 1.938464592896437351e-07
-1.030000000000020677e+00 2.551863810497228443e-07
-1.025000000000020783e+00 2.144996012898449901e-07
-1.020000000000020890e+00 9.022677783909676761e-08
-1.015000000000020997e+00 -6.202225734293281990e-08
-1.010000000000021103e+00 -1.772914977844170413e-07
-1.005000000000021210e+00 -2.164664916099457868e-07
-1.000000000000021316e+00 -1.731763263248534470e-07
-9.950000000000214229e-01 -1.232772943761999232e-07
-9.900000000000215294e-01 -6.598621172401701940e-08
-9.850000000000216360e-01 -7.723452257249505326e-09
-9.800000000000217426e-01 4.562228702823966023e-08
-9.750000000000218492e-01 8.925990190178866894e-08
-9.700000000000219558e-01 1.198808249293657773e-07
-9.650000000000220624e-01 1.358398335068522143e-07
-9.600000000000221689e-01 1.371354067970023710e-07
-9.550000000000222755e-01 1.252165597989239546e-07
-9.500000000000223821e-01 1.026601400268108815e-07
-9.450000000000224887e-01 7.277197897260066924e-08
-9.400000000000225953e-01 3.916678079713774882e-08
-9.350000000000227018e-01 5.376043012750368863e-09
-9.300000000000228084e-01 -2.547765960347019365e-08
-9.250000000000229150e-01 -5.091580875197711903e-08
-9.200000000000230216e-01 -6.923916128345578120e-08
-9.150000000000231282e-01 -7.956721829578435225e-08
-9.100000000000232347e-01 -8.179655926054148761e-08
-9.050000000000233413e-01 -7.649908083784241610e-08
-9.000000000000234479e-01 -6.478335435217912604e-08
-8.950000000000235545e-01 -4.814070342960398233e-08
-8.900000000000236611e-01 -2.829320087933199919e-08
-8.850000000000237677e-01 -7.054896415940495219e-09
-8.800000000000238742e-01 1.378842441143819105e-08
-8.750000000000239808e-01 3.258060389330205075e-08
-8.700000000000240874e-01 4.788033533078314792e-08
-8.650000000000241940e-01 5.853385680847698059e-08
-8.600000000000243006e-01 6.373755076016591369e-08
-8.550000000000244071e-01 6.309024679246307145e-08
-8.500000000000245137e-01 5.663180500906216846e-08
-8.450000000000246203e-01 4.486174075230862226e-08
-8.400000000000247269e-01 2.873013590142509173e-08
-8.350000000000248335e-01 9.593497374120633804e-09
-8.300000000000249401e-01 -1.086919104824900102e-08
-8.250000000000250466e-01 -3.078043074434970377e-08
-8.200000000000251532e-01 -4.822251510147288147e-08
-8.150000000000252598e-01 -6.141826116008779264e-08
-8.100000000000253664e-01 -6.891673851280658097e-08
-8.050000000000254730e-01 -6.976289344928216673e-08
-8.000000000000255795e-01 -6.362899204400005716e-08
-7.950000000000256861e-01 -5.088801376452904601e-08
-7.900000000000257927e-01 -3.261451006162007249e-08
-7.850000000000258993e-01 -1.050647708310894191e-08
-7.800000000000260059e-01 1.326850443989759480e-08
-7.750000000000261124e-01 3.628954472117389949e-08
-7.700000000000262190e-01 5.613883838884770488e-08
-7.650000000000263256e-01 7.066934513931850000e-08
-7.600000000000264322e-01 7.825190803140123385e-08
-7.550000000000265388e-01 7.797105548128412544e-08
-7.500000000000266454e-01 6.974396922685614820e-08
-7.450000000000267519e-01 5.434590886102638766e-08
-7.400000000000268585e-01 3.333666923297493616e-08
-7.350000000000269651e-01 8.894937588474131059e-09
-7.300000000000270717e-01 -1.642093060529303905e-08
-7.250000000000271783e-01 -3.995776455576247408e-08
-7.200000000000272848e-01 -5.926418179153838128e-08
-7.150000000000273914e-01 -7.236346223039221311e-08
-7.100000000000274980e-01 -7.797015668099873955e-08
-7.050000000000276046e-01 -7.562498738407610138e-08
-7.000000000000277112e-01 -6.573288197493931842e-08
-6.950000000000278177e-01 -4.950107480910076522e-08
-6.900000000000279243e-01 -2.878650469950635273e-08
-6.850000000000280309e-01 -5.872630568305141740e-09
-6.800000000000281375e-01 1.679610695020344722e-08
-6.750000000000282441e-01 3.688960647449117605e-08
-6.700000000000283507e-01 5.244450663444107663e-08
-6.650000000000284572e-01 6.206492131290716410e-08
-6.600000000000285638e-01 6.505015134884814563e-08
-6.550000000000286704e-01 6.143774716542057753e-08
-6.500000000000287770e-01 5.196102830669975794e-08
-6.450000000000288836e-01 3.793048163797081695e-08
-6.400000000000289901e-01 2.105706969558912748e-08
-6.350000000000290967e-01 3.241384792305514355e-09
-6.300000000000292033e-01 -1.364480834276418139e-08
-6.250000000000293099e-01 -2.795891633916956680e-08
-6.200000000000294165e-01 -3.844794074852800700e-08
-6.150000000000295231e-01 -4.435348944448259764e-08
-6.100000000000296296e-01 -4.545362893224420213e-08
-6.050000000000297362e-01 -4.204192475911662739e-08
-6.000000000000298428e-01 -3.485141521766663123e-08
-5.950000000000299494e-01 -2.493709174481542600e-08
-5.900000000000300560e-01 -1.353411786410289109e-08
-5.850000000000301625e-01 -1.910238212946620312e-09
-5.800000000000302691e-01 8.770319765095063786e-09
-5.750000000000303757e-01 1.755729569130037898e-08
-5.700000000000304823e-01 2.378959082934681158e-08
-5.650000000000305889e-01 2.713083061278767508e-08
-5.600000000000306954e-01 2.756609155826883692e-08
-5.550000000000308020e-01 2.536505074394956883e-08
-5.500000000000309086e-01 2.102007549910895264e-08
-5.450000000000310152e-01 1.516955130245261079e-08
-5.400000000000311218e-01 8.517000266185466550e-09
-5.350000000000312284e-01 1.755436558584608637e-09
-5.300000000000313349e-01 -4.495729041369546405e-09
-5.250000000000314415e-01 -9.736651567956984698e-09
-5.200000000000315481e-01 -1.361415742286998807e-08
-5.150000000000316547e-01 -1.593084051550644617e-08
-5.100000000000317613e-01 -1.663895788591243500e-08
-5.050000000000318678e-01 -1.582310059129484498e-08
-5.000000000000319744e-01 -1.367595259358707314e-08
-4.950000000000320810e-01 -1.047106000403544283e-08
-4.900000000000321876e-01 -6.535623850946030549e-09
-4.850000000000322942e-01 -2.225169806703682634e-09
-4.800000000000324007e-01 2.099186069302902363e-09
-4.750000000000325073e-01 6.091031335553262294e-09
-4.700000000000326139e-01 9.437128073823086874e-09
-4.650000000000327205e-01 1.187467449130980022e-08
-4.600000000000328271e-01 1.320755704140215746e-08
-4.550000000000329337e-01 1.332111174893222797e-08
-4.500000000000330402e-01 1.219416623484365807e-08
-4.450000000000331468e-01 9.906538126432002895e-09
-4.400000000000332534e-01 6.639911297889579442e-09
-4.350000000000333600e-01 2.670223438505643556e-09
-4.300000000000334666e-01 -1.649590140018018569e-09
-4.250000000000335731e-01 -5.916509012091482140e-09
-4.200000000000336797e-01 -9.712596292596729590e-09
-4.150000000000337863e-01 -1.264556843922788012e-08
-4.100000000000338929e-01 -1.439067133381944716e-08
-4.050000000000339995e-01 -1.472898443903666222e-08
-4.000000000000341061e-01 -1.357713091821833051e-08
-3.950000000000342126e-01 -1.100395671487916594e-08
-3.900000000000343192e-01 -7.231031999678690599e-09
-3.850000000000344258e-01 -2.615685309552927992e-09
-3.800000000000345324e-01 2.382532642174174153e-09
-3.750000000000346390e-01 7.248843297476252698e-09
-3.700000000000347455e-01 1.146865752848537888e-08
-3.650000000000348521e-01 1.458504106376321362e-08
-3.600000000000349587e-01 1.625131321474968413e-08
-3.550000000000350653e-01 1.627222973817905767e-08
-3.500000000000351719e-01 1.462844996595383482e-08
-3.450000000000352784e-01 1.148097164180887088e-08
-3.400000000000353850e-01 7.154677348612733670e-09
-3.350000000000354916e-01 2.102746238442677197e-09
-3.300000000000355982e-01 -3.143907589516195264e-09
-3.250000000000357048e-01 -8.036128159388311634e-09
-3.200000000000358114e-01 -1.206779855544448996e-08
-3.150000000000359179e-01 -1.483158675627338064e-08
-3.100000000000360245e-01 -1.606259213773289612e-08
-3.050000000000361311e-01 -1.566491307947556326e-08
-3.000000000000362377e-01 -1.371834437755478967e-08
-2.950000000000363443e-01 -1.046490587371311452e-08
-2.900000000000364508e-01 -6.277368202660776626e-09
-2.850000000000365574e-01 -1.614058526133942045e-09
-2.800000000000366640e-01 3.034263931447828449e-09
-2.750000000000367706e-01 7.198947564722793632e-09
-2.700000000000368772e-01 1.048300602548977297e-08
-2.650000000000369837e-01 1.260020398629282400e-08
-2.600000000000370903e-01 1.339972332732832395e-08
-2.550000000000371969e-01 1.287440802269269197e-08
-2.500000000000373035e-01 1.115266433570950901e-08
-2.450000000000374101e-01 8.476030417172200720e-09
-2.400000000000375167e-01 5.165988098587187175e-09
-2.350000000000376232e-01 1.584596851298594893e-09
-2.300000000000377298e-01 -1.906102890669862146e-09
-2.250000000000378364e-01 -4.981240453910318290e-09
-2.200000000000379430e-01 -7.382965544392183240e-09
-2.150000000000380496e-01 -8.940366792387377854e-09
-2.100000000000381561e-01 -9.578255688148184559e-09
-2.050000000000382627e-01 -9.315046593296932969e-09
-2.000000000000383693e-01 -8.251214828378556319e-09
-1.950000000000384759e-01 -6.550740396151869130e-09
-1.900000000000385825e-01 -4.418458994398904632e-09
-1.850000000000386891e-01 -2.076323818194201629e-09
-1.800000000000387956e-01 2.587276223512257786e-10
-1.750000000000389022e-01 2.393216460394395251e-09
-1.700000000000390088e-01 4.170575124470460047e-09
-1.650000000000391154e-01 5.479136173413097612e-09
-1.600000000000392220e-01 6.254927234249783391e-09
-1.550000000000393285e-01 6.480105599698193759e-09
-1.500000000000394351e-01 6.178193293466421660e-09
-1.450000000000395417e-01 5.407352703425287065e-09
-1.400000000000396483e-01 4.252805124073617702e-09
-1.350000000000397549e-01 2.819203975413675061e-09
-1.300000000000398614e-01 1.223414682448463691e-09
-1.250000000000399680e-01 -4.121890662969108110e-10
-1.200000000000400746e-01 -1.966053667642911063e-09
-1.150000000000401812e-01 -3.323650096812698798e-09
-1.100000000000402878e-01 -4.383761061672783710e-09
-1.050000000000403944e-01 -5.064876054238751775e-09
-1.000000000000405009e-01 -5.311451293189896770e-09
-9.500000000004060752e-02 -5.099505558016671085e-09
-9.000000000004071410e-02 -4.440794678595264605e-09
-8.500000000004082068e-02 -3.384704004191351605e-09
-8.000000000004092726e-02 -2.017064769232008309e-09
-7.500000000004103384e-02 -4.553507525804788588e-10
-7.000000000004114042e-02 1.159875644446747969e-09
-6.500000000004124701e-02 2.676878759064217006e-09
-6.000000000004135359e-02 3.947090117593456955e-09
-5.500000000004146017e-02 4.840455538525814881e-09
-5.000000000004156675e-02 5.260042440330909548e-09
-4.500000000004167333e-02 5.154056968900009256e-09
-4.000000000004177991e-02 4.523578727783867887e-09
-3.500000000004188649e-02 3.424739113768414706e-09
-3.000000000004199308e-02 1.964703649941689943e-09
-2.500000000004209966e-02 2.915886765735798673e-10
-2.000000000004220624e-02 -1.420757684185055135e-09
-1.500000000004231282e-02 -2.991466814739370886e-09
-1.000000000004241940e-02 -4.252689456110261129e-09
-5.000000000042525983e-03 -5.068555726569298109e-09
-4.263256414560601115e-14 -5.350721212146292689e-09
4.999999999957260854e-03 -5.068555759087944301e-09
9.999999999957154273e-03 -4.252689515378322773e-09
1.499999999995704769e-02 -2.991466892195639899e-09
1.999999999995694111e-02 -1.420757772787202399e-09
2.499999999995683453e-02 2.915885790377015596e-10
2.999999999995672795e-02 1.964703540266948658e-09
3.499999999995662137e-02 3.424738985708493255e-09
3.999999999995651478e-02 4.523578576147044497e-09
4.499999999995640820e-02 5.154056793392818031e-09
4.999999999995630162e-02 5.260042247398119780e-09
5.499999999995619504e-02 4.840455340377772119e-09
5.999999999995608846e-02 3.947089928895556473e-09
6.499999999995598188e-02 2.676878592852653203e-09
6.999999999995587530e-02 1.159875509184581881e-09
7.499999999995576871e-02 -4.553508534891562323e-10
7.999999999995566213e-02 -2.017064835428576122e-09
8.499999999995555555e-02 -3.384704035128227874e-09
8.999999999995544897e-02 -4.440794670970687604e-09
9.499999999995534239e-02 -5.099505505306240912e-09
9.999999999995523581e-02 -5.311451187472210932e-09
1.049999999999551292e-01 -5.064875889211006678e-09
1.099999999999550226e-01 -4.383760835063131939e-09
1.149999999999549161e-01 -3.323649810749730013e-09
1.199999999999548095e-01 -1.966053326820671754e-09
1.249999999999547029e-01 -4.121886751685623916e-10
1.299999999999545963e-01 1.223415121686948911e-09
1.349999999999544897e-01 2.819204462938588863e-09
1.399999999999543832e-01 4.252805660783704022e-09
1.449999999999542766e-01 5.407353288610135070e-09
1.499999999999541700e-01 6.178193923006997808e-09
1.549999999999540634e-01 6.480106265507880293e-09
1.599999999999539568e-01 6.254927925096962307e-09
1.649999999999538502e-01 5.479136876904082916e-09
1.699999999999537437e-01 4.170575829603532043e-09
1.749999999999536371e-01 2.393217159675802997e-09
1.799999999999535305e-01 2.587283123962028173e-10
1.849999999999534239e-01 -2.076323138058114568e-09
1.899999999999533173e-01 -4.418458324972294769e-09
1.949999999999532108e-01 -6.550739741259467004e-09
1.999999999999531042e-01 -8.251214196449444040e-09
2.049999999999529976e-01 -9.315045997154694705e-09
2.099999999999528910e-01 -9.578255143589382589e-09
2.149999999999527844e-01 -8.940366316585143616e-09
2.199999999999526779e-01 -7.382965154866255049e-09
2.249999999999525713e-01 -4.981240168081291071e-09
2.299999999999524647e-01 -1.906102725408391377e-09
2.349999999999523581e-01 1.584596880725212865e-09
2.399999999999522515e-01 5.165987980188800212e-09
2.449999999999521449e-01 8.476030143909920570e-09
2.499999999999520384e-01 1.115266390637840235e-08
2.549999999999519318e-01 1.287440744162394763e-08
2.599999999999518252e-01 1.339972260319693243e-08
2.649999999999517186e-01 1.260020313076220730e-08
2.699999999999516120e-01 1.048300505230958034e-08
2.749999999999515055e-01 7.198946489379014959e-09
2.799999999999513989e-01 3.034262771030295596e-09
2.849999999999512923e-01 -1.614059753235008488e-09
2.899999999999511857e-01 -6.277369477370091290e-09
2.949999999999510791e-01 -1.046490717703822548e-08
2.999999999999509726e-01 -1.371834569119836997e-08
3.049999999999508660e-01 -1.566491438601534128e-08
3.099999999999507594e-01 -1.606259342016382352e-08
3.149999999999506528e-01 -1.483158799680138630e-08
3.199999999999505462e-01 -1.206779973372393349e-08
3.249999999999504396e-01 -8.036129250915793793e-09
3.299999999999503331e-01 -3.143908565265890870e-09
3.349999999999502265e-01 2.102745410234685230e-09
3.399999999999501199e-01 7.154676698448059174e-09
3.449999999999500133e-01 1.148097119385194316e-08
3.499999999999499067e-01 1.462844973397168715e-08
3.549999999999498002e-01 1.627222972460604952e-08
3.599999999999496936e-01 1.625131341384665443e-08
3.649999999999495870e-01 1.458504146804624246e-08
3.699999999999494804e-01 1.146865813612941467e-08
3.749999999999493738e-01 7.248844117940870880e-09
3.799999999999492672e-01 2.382533697870739064e-09
3.849999999999491607e-01 -2.615683986442941798e-09
3.899999999999490541e-01 -7.231030374512829202e-09
3.949999999999489475e-01 -1.100395475974558400e-08
3.999999999999488409e-01 -1.357712861977629302e-08
4.049999999999487343e-01 -1.472898180193557937e-08
4.099999999999486278e-01 -1.439066837830320288e-08
4.149999999999485212e-01 -1.264556519401070274e-08
4.199999999999484146e-01 -9.712592786046556519e-09
4.249999999999483080e-01 -5.916505265354636496e-09
4.299999999999482014e-01 -1.649586164739909874e-09
4.349999999999480949e-01 2.670227637461368249e-09
4.399999999999479883e-01 6.639915716755184201e-09
4.449999999999478817e-01 9.906542757216407669e-09
4.499999999999477751e-01 1.219417106314866181e-08
4.549999999999476685e-01 1.332111675530676461e-08
4.599999999999475619e-01 1.320756220385543850e-08
4.649999999999474554e-01 1.187467978566195497e-08
4.699999999999473488e-01 9.437133470299419954e-09
4.749999999999472422e-01 6.091036792975208252e-09
4.799999999999471356e-01 2.099191530328552477e-09
4.849999999999470290e-01 -2.225164415946171906e-09
4.899999999999469225e-01 -6.535618615854549074e-09
4.949999999999468159e-01 -1.047105501314315308e-08
4.999999999999467093e-01 -1.367594793028648304e-08
5.049999999999466027e-01 -1.582309632861075272e-08
5.099999999999464961e-01 -1.663895408518399538e-08
5.149999999999463896e-01 -1.593083722752529174e-08
5.199999999999462830e-01 -1.361415468917578419e-08
5.249999999999461764e-01 -9.736649421261061843e-09
5.299999999999460698e-01 -4.495727505987277383e-09
5.349999999999459632e-01 1.755437464868356550e-09
5.399999999999458566e-01 8.517000528806236865e-09
5.449999999999457501e-01 1.516955090749803851e-08
5.499999999999456435e-01 2.102007443455753094e-08
5.549999999999455369e-01 2.536504900600936943e-08
5.599999999999454303e-01 2.756608916070609736e-08
5.649999999999453237e-01 2.713082759473446057e-08
5.699999999999452172e-01 2.378958725747026304e-08
5.749999999999451106e-01 1.755729165506642581e-08
5.799999999999450040e-01 8.770315367328918222e-09
5.849999999999448974e-01 -1.910242865966999009e-09
5.899999999999447908e-01 -1.353412266928846637e-08
5.949999999999446842e-01 -2.493709660433631693e-08
5.999999999999445777e-01 -3.485142003774204815e-08
6.049999999999444711e-01 -4.204192944819721449e-08
6.099999999999443645e-01 -4.545363340100436619e-08
6.149999999999442579e-01 -4.435349360845784106e-08
6.199999999999441513e-01 -3.844794453234026560e-08
6.249999999999440448e-01 -2.795891968019869073e-08
6.299999999999439382e-01 -1.364481119217308813e-08
6.349999999999438316e-01 3.241382472225671992e-09
6.399999999999437250e-01 2.105706793687830710e-08
6.449999999999436184e-01 3.793048047238417041e-08
6.499999999999435119e-01 5.196102776723976013e-08
6.549999999999434053e-01 6.143774728120595801e-08
6.599999999999432987e-01 6.505015213343312563e-08
6.649999999999431921e-01 6.206492275012302285e-08
6.699999999999430855e-01 5.244450866853162553e-08
6.749999999999429789e-01 3.688960901052894302e-08
6.799999999999428724e-01 1.679610986626410438e-08
6.849999999999427658e-01 -5.872627401922730270e-09
6.899999999999426592e-01 -2.878650140311581550e-08
6.949999999999425526e-01 -4.950107148717309121e-08
6.999999999999424460e-01 -6.573287872352404693e-08
7.049999999999423395e-01 -7.562498430756120886e-08
7.099999999999422329e-01 -7.797015390786089965e-08
7.149999999999421263e-01 -7.236345991717198188e-08
7.199999999999420197e-01 -5.926418011017920521e-08
7.249999999999419131e-01 -3.995776366884854884e-08
7.299999999999418065e-01 -1.642093064124901857e-08
7.349999999999417000e-01 8.894936547444370936e-09
7.399999999999415934e-01 3.333666714480658783e-08
7.449999999999414868e-01 5.434590570540317729e-08
7.499999999999413802e-01 6.974396498802894734e-08
7.549999999999412736e-01 7.797105014450753971e-08
7.599999999999411671e-01 7.825190159613456506e-08
7.649999999999410605e-01 7.066933764091430934e-08
7.699999999999409539e-01 5.613882991422500614e-08
7.749999999999408473e-01 3.628953540676166236e-08
7.799999999999407407e-01 1.326849445009957241e-08
7.849999999999406342e-01 -1.050648758736272983e-08
7.899999999999405276e-01 -3.261452094860879790e-08
7.949999999999404210e-01 -5.088802493921955292e-08
7.999999999999403144e-01 -6.362900343533446706e-08
8.049999999999402078e-01 -6.976290498703081407e-08
8.099999999999401012e-01 -6.891675010938538550e-08
8.149999999999399947e-01 -6.141827270887795121e-08
8.199999999999398881e-01 -4.822252649219834748e-08
8.249999999999397815e-01 -3.078044188476471145e-08
8.299999999999396749e-01 -1.086920187685389605e-08
8.349999999999395683e-01 9.593486894264582720e-09
8.399999999999394618e-01 2.873012580547258416e-08
8.449999999999393552e-01 4.486173109943201837e-08
8.499999999999392486e-01 5.663179589511959462e-08
8.549999999999391420e-01 6.309023834096973230e-08
8.599999999999390354e-01 6.373754309522901048e-08
8.649999999999389289e-01 5.853385002264095087e-08
8.699999999999388223e-01 4.788032946246174979e-08
8.749999999999387157e-01 3.258059892283549730e-08
8.799999999999386091e-01 1.378842027568916255e-08
8.849999999999385025e-01 -7.054899798487307151e-09
8.899999999999383959e-01 -2.829320358477558136e-08
8.949999999999382894e-01 -4.814070551655256351e-08
8.999999999999381828e-01 -6.478335586595460035e-08
9.049999999999380762e-01 -7.649908182803191208e-08
9.099999999999379696e-01 -8.179655980336984428e-08
9.149999999999378630e-01 -7.956721851133610552e-08
9.199999999999377565e-01 -6.923916134064988102e-08
9.249999999999376499e-01 -5.091580885963944693e-08
9.299999999999375433e-01 -2.547765999075189151e-08
9.349999999999374367e-01 5.376042121148721755e-09
9.399999999999373301e-01 3.916677920579007075e-08
9.449999999999372235e-01 7.277197653644799203e-08
9.499999999999371170e-01 1.026601366656465701e-07
9.549999999999370104e-01 1.252165555023340831e-07
9.599999999999369038e-01 1.371354016173717846e-07
9.649999999999367972e-01 1.358398275410138254e-07
9.699999999999366906e-01 1.198808182942561636e-07
9.749999999999365841e-01 8.925989471289537293e-08
9.799999999999364775e-01 4.562227938851960285e-08
9.849999999999363709e-01 -7.723460255667427347e-09
9.899999999999362643e-01 -6.598621998928476526e-08
9.949999999999361577e-01 -1.232773028053856968e-07
9.999999999999360512e-01 -1.731763347999208248e-07
1.004999999999935945e+00 -2.164664998535894962e-07
1.009999999999935838e+00 -1.772915055342021083e-07
1.014999999999935731e+00 -6.202226451902844069e-08
1.019999999999935625e+00 9.022677146118164089e-08
1.024999999999935518e+00 2.144995960252234619e-07
1.029999999999935412e+00 2.551863771317149308e-07
1.034999999999935305e+00 1.938464567332890888e-07
1.039999999999935199e+00 5.614569770826179051e-08
1.044999999999935092e+00 -1.013311559419128687e-07
1.049999999999934985e+00 -2.158895578586817850e-07
1.054999999999934879e+00 -2.441387015246600564e-07
1.059999999999934772e+00 -1.783993230537718372e-07
1.064999999999934666e+00 -4.851328130478415231e-08
1.069999999999934559e+00 9.121815506780359419e-08
1.074999999999934452e+00 1.849285313890264770e-07
1.079999999999934346e+00 1.988791205361879514e-07
1.084999999999934239e+00 1.355477338889853259e-07
1.089999999999934133e+00 3.027698681676655016e-08
1.094999999999934026e+00 -6.954350001582141408e-08
1.099999999999933920e+00 -1.284217300099079397e-07
1.104999999999933813e+00 -1.305419271184394574e-07
1.109999999999933706e+00 -8.444254637856563092e-08
1.114999999999933600e+00 -1.673190710005331911e-08
1.119999999999933493e+00 4.153949246216777510e-08
1.124999999999933387e+00 7.128299279949959028e-08
1.129999999999933280e+00 6.913528194391107360e-08
1.134999999999933173e+00 4.395771955228065082e-08
1.139999999999933067e+00 1.031400795544643075e-08
1.144999999999932960e+00 -1.800478451983475932e-08
1.149999999999932854e+00 -3.249145507197539288e-08
1.154999999999932747e+00 -3.162481059069216948e-08
1.159999999999932641e+00 -1.984622342226132245e-08
1.164999999999932534e+00 -4.620081510212068781e-09
1.169999999999932427e+00 7.149905615673613479e-09
1.174999999999932321e+00 1.193825775418824642e-08
1.179999999999932214e+00 1.048531954589981397e-08
1.184999999999932108e+00 6.283011734962696402e-09
1.189999999999932001e+00 2.384869094596553882e-09
1.194999999999931894e+00 -9.687401988905234979e-10
1.199999999999931788e+00 -3.027163187984680380e-09
1.204999999999931681e+00 -3.085698426228600733e-09
1.209999999999931575e+00 -2.133380648326188170e-09
1.214999999999931468e+00 -9.033830336472529309e-10
1.219999999999931362e+00 8.246612818348446816e-11
1.224999999999931255e+00 6.101958352322199741e-10
1.229999999999931148e+00 7.086756252707387254e-10
1.234999999999931042e+00 5.336641037168722446e-10
1.239999999999930935e+00 2.629173902206737066e-10
1.244999999999930829e+00 2.942814569909118166e-11
1.249999999999930722e+00 -1.033290916419393229e-10
1.254999999999930616e+00 -1.336831689025244530e-10
1.259999999999930509e+00 -9.669617686168366226e-11
1.264999999999930402e+00 -3.654019479059241024e-11
1.269999999999930296e+00 1.313053965072059276e-11
1.274999999999930189e+00 3.651254379788768446e-11
1.279999999999930083e+00 3.268918647559064125e-11
1.284999999999929976e+00 8.767452812744417507e-12
1.289999999999929869e+00 -2.393270863313838178e-11
1.294999999999929763e+00 -4.892182082432270480e-11
1.299999999999929656e+00 -5.007819569201616779e-11
1.304999999999929550e+00 -2.747371403446586151e-11
1.309999999999929443e+00 1.144068931184724928e-11
1.314999999999929337e+00 5.112433359900644721e-11
1.319999999999929230e+00 7.282220262831794537e-11
1.324999999999929123e+00 6.489852819362029229e-11
1.329999999999929017e+00 2.889480940258052624e-11
1.334999999999928910e+00 -2.117322469360303752e-11
1.339999999999928804e+00 -6.499668255460090250e-11
1.344999999999928697e+00 -8.449422877465488437e-11
1.349999999999928590e+00 -7.118846453816015916e-11
1.354999999999928484e+00 -2.971468704670309354e-11
1.359999999999928377e+00 2.379765655128830536e-11
1.364999999999928271e+00 6.796743987602892399e-11
1.369999999999928164e+00 8.486576455917226923e-11
1.374999999999928058e+00 6.786709167111774040e-11
1.379999999999927951e+00 2.509246879068123295e-11
1.384999999999927844e+00 -2.403695901366583881e-11
1.389999999999927738e+00 -5.882699121469183943e-11
1.394999999999927631e+00 -6.869674600524123749e-11
1.399999999999927525e+00 -5.326658000707624964e-11
1.404999999999927418e+00 -1.998787660410185528e-11
1.409999999999927311e+00 1.624439089614132051e-11
1.414999999999927205e+00 4.180211981528613888e-11
1.419999999999927098e+00 4.940091919292647428e-11
1.424999999999926992e+00 3.929739960760589415e-11
1.429999999999926885e+00 1.738627634008888833e-11
1.434999999999926779e+00 -7.794295390910757866e-12
1.439999999999926672e+00 -2.795400407772440635e-11
1.444999999999926565e+00 -3.722127603508729716e-11
1.449999999999926459e+00 -3.336071168686699771e-11
1.454999999999926352e+00 -1.803466397316823084e-11
1.459999999999926246e+00 3.775116266794783170e-12
1.464999999999926139e+00 2.502293291016636754e-11
1.469999999999926033e+00 3.835243612600187596e-11
1.474999999999925926e+00 3.814162743669043560e-11
1.479999999999925819e+00 2.255521534973217426e-11
1.484999999999925713e+00 -4.850578384021598487e-12
1.489999999999925606e+00 -3.472942702675278974e-11
1.494999999999925500e+00 -5.398910871352518982e-11
1.499999999999925393e+00 -5.220811228448764194e-11
1.504999999999925286e+00 -2.758701725902580442e-11
1.509999999999925180e+00 1.233829061914287856e-11
1.514999999999925073e+00 5.239056481918465375e-11
1.519999999999924967e+00 7.401705839097482776e-11
1.524999999999924860e+00 6.571182046301736155e-11
1.529999999999924754e+00 2.916110732899417528e-11
1.534999999999924647e+00 -2.143639837446961091e-11
1.539999999999924540e+00 -6.559002822150568774e-11
1.544999999999924434e+00 -8.510558312376841807e-11
1.549999999999924327e+00 -7.151550787682622220e-11
1.554999999999924221e+00 -2.959504025610899178e-11
1.559999999999924114e+00 2.430692235345750524e-11
1.564999999999924007e+00 6.860533309259455593e-11
1.569999999999923901e+00 8.528640195303280207e-11
1.574999999999923794e+00 6.782169339752081683e-11
1.579999999999923688e+00 2.458809931748363255e-11
1.584999999999923581e+00 -2.470736372287488292e-11
1.589999999999923475e+00 -5.925158042663143856e-11
1.594999999999923368e+00 -6.864652839595210383e-11
1.599999999999923261e+00 -5.280250891019988529e-11
1.604999999999923155e+00 -1.936804676430765116e-11
1.609999999999923048e+00 1.664520049936553034e-11
1.614999999999922942e+00 4.173635712900329491e-11
1.619999999999922835e+00 4.894565862518454538e-11
1.624999999999922728e+00 3.875787632705080524e-11
1.629999999999922622e+00 1.708462875144105744e-11
1.634999999999922515e+00 -7.700272661722557041e-12
1.639999999999922409e+00 -2.753999790091840775e-11
1.644999999999922302e+00 -3.673909922306250389e-11
1.649999999999922196e+00 -3.309540842348947989e-11
1.654999999999922089e+00 -1.814863761702876209e-11
1.659999999999921982e+00 3.335836729933029896e-12
1.664999999999921876e+00 2.451095666988216741e-11
1.669999999999921769e+00 3.808785321713316842e-11
1.674999999999921663e+00 3.832167424417273741e-11
1.679999999999921556e+00 2.310520568843203402e-11
1.684999999999921450e+00 -4.273257260855703422e-12
1.689999999999921343e+00 -3.452081860592550985e-11
1.694999999999921236e+00 -5.427325452536049018e-11
1.699999999999921130e+00 -5.280282206365266785e-11
1.704999999999921023e+00 -2.817418233931372511e-11
1.709999999999920917e+00 1.210923645991350698e-11
1.714999999999920810e+00 5.267316341680945513e-11
1.719999999999920703e+00 7.463973190559610035e-11
1.724999999999920597e+00 6.631439493788682583e-11
1.729999999999920490e+00 2.941508514573180141e-11
1.734999999999920384e+00 -2.165804765980752999e-11
1.739999999999920277e+00 -6.616283700192153765e-11
1.744999999999920171e+00 -8.572818757833613803e-11
1.749999999999920064e+00 -7.186370749839109081e-11
1.754999999999919957e+00 -2.948321319281303940e-11
1.759999999999919851e+00 2.482924094546002514e-11
1.764999999999919744e+00 6.926849058749885633e-11
1.769999999999919638e+00 8.572953307031380886e-11
1.774999999999919531e+00 6.778551186309001513e-11
1.779999999999919424e+00 2.407815725080718297e-11
1.784999999999919318e+00 -2.539349784738371533e-11
1.789999999999919211e+00 -5.969602012835490925e-11
1.794999999999919105e+00 -6.861217841754733135e-11
1.799999999999918998e+00 -5.233668368264534889e-11
1.804999999999918892e+00 -1.872643720573053717e-11
1.809999999999918785e+00 1.707504557972737709e-11
1.814999999999918678e+00 4.168468882547220370e-11
1.819999999999918572e+00 4.847846319459891292e-11
1.824999999999918465e+00 3.818856087656250207e-11
1.829999999999918359e+00 1.675556087578327809e-11
1.834999999999918252e+00 -7.613258901580308351e-12
1.839999999999918145e+00 -2.710813789600811850e-11
1.844999999999918039e+00 -3.622574026576831989e-11
1.849999999999917932e+00 -3.280595829064737004e-11
1.854999999999917826e+00 -1.826231177949927221e-11
1.859999999999917719e+00 2.870510075069539815e-12
1.864999999999917613e+00 2.396132159746709627e-11
1.869999999999917506e+00 3.779844078041490875e-11
1.874999999999917399e+00 3.850883764956538523e-11
1.879999999999917293e+00 2.369401497574981295e-11
1.884999999999917186e+00 -3.646875126859460738e-12
1.889999999999917080e+00 -3.427799801336408306e-11
1.894999999999916973e+00 -5.453766957352243848e-11
1.899999999999916866e+00 -5.336584111890441052e-11
1.904999999999916760e+00 -2.880188271318658172e-11
1.909999999999916653e+00 1.231156545402772942e-11
1.914999999999916547e+00 5.360278163010071883e-11
1.919999999999916440e+00 7.624894396617400579e-11
1.924999999999916334e+00 7.026755154775073789e-11
1.929999999999916227e+00 4.061796346431071887e-11
1.934999999999916120e+00 8.260301802299019752e-12
1.939999999999916014e+00 8.170298835787289591e-12
1.944999999999915907e+00 8.823644749125171672e-11
1.949999999999915801e+00 3.146040743875610431e-10
1.954999999999915694e+00 7.900137334099543795e-10
1.959999999999915588e+00 1.691642651877815774e-09
1.964999999999915481e+00 3.333531887920272838e-09
1.969999999999915374e+00 6.255502413693653369e-09
1.974999999999915268e+00 1.133516456156786503e-08
1.979999999999915161e+00 1.991184119638780705e-08
1.984999999999915055e+00 3.390058964339085272e-08
1.989999999999914948e+00 5.586065484534164938e-08
1.994999999999914841e+00 8.896525048094222026e-08
