-2.000000000000000000e+00 -5.825803393387990057e-16
-1.995000000000000107e+00 1.262273144870652967e-14
-1.990000000000000213e+00 1.083266561823946694e-14
-1.985000000000000320e+00 -8.541581663062430554e-15
-1.980000000000000426e+00 -1.616344706686152016e-14
-1.975000000000000533e+00 -5.318230286765509743e-15
-1.970000000000000639e+00 1.057033803034353479e-14
-1.965000000000000746e+00 1.599040157911476886e-14
-1.960000000000000853e+00 6.431290406318404645e-15
-1.955000000000000959e+00 -9.819872429787244524e-15
-1.950000000000001066e+00 -1.899328610625505615e-14
-1.945000000000001172e+00 -1.219678002240326490e-14
-1.940000000000001279e+00 7.559919709099456940e-15
-1.935000000000001386e+00 2.585837306228614020e-14
-1.930000000000001492e+00 2.540541717298884160e-14
-1.925000000000001599e+00 -9.286373689009776425e-16
-1.920000000000001705e+00 -3.950977419994570419e-14
-1.915000000000001812e+00 -5.641503310853234697e-14
-1.910000000000001918e+00 -1.654714336925645235e-14
-1.905000000000002025e+00 7.594157078769978790e-14
-1.900000000000002132e+00 1.230217207548024182e-13
-1.895000000000002238e+00 2.926906295647706338e-14
-1.890000000000002345e+00 -1.906413572626923579e-13
-1.885000000000002451e+00 -1.927923885925832280e-13
-1.880000000000002558e+00 4.197008402977565651e-14
-1.875000000000002665e+00 2.511999913481742369e-13
-1.870000000000002771e+00 2.182642033149849426e-13
-1.865000000000002878e+00 -3.568507553402577064e-14
-1.860000000000002984e+00 -2.902409394978947954e-13
-1.855000000000003091e+00 -3.119677463262622902e-13
-1.850000000000003197e+00 -4.295373262365535054e-14
-1.845000000000003304e+00 3.323800532144070199e-13
-1.840000000000003411e+00 4.925768421270350885e-13
-1.835000000000003517e+00 2.122416504506161612e-13
-1.830000000000003624e+00 -4.055446325240584805e-13
-1.825000000000003730e+00 -8.682172214046507067e-13
-1.820000000000003837e+00 -5.436978370150079715e-13
-1.815000000000003944e+00 7.750731723838169112e-13
-1.810000000000004050e+00 2.259737233369970649e-12
-1.805000000000004157e+00 2.098960405052370313e-12
-1.800000000000004263e+00 -4.383678472540860586e-13
-1.795000000000004370e+00 -2.122982510294020684e-11
-1.790000000000004476e+00 -1.499342965040079370e-11
-1.785000000000004583e+00 2.557808182597850038e-11
-1.780000000000004690e+00 1.860037413501473484e-11
-1.775000000000004796e+00 -1.515038556695686519e-11
-1.770000000000004903e+00 -1.081791151640338651e-11
-1.765000000000005009e+00 7.311034607820682447e-11
-1.760000000000005116e+00 2.576362396177796420e-10
-1.755000000000005222e+00 6.142114013668001810e-10
-1.750000000000005329e+00 1.383404096526460224e-09
-1.745000000000005436e+00 3.147177369881650257e-09
-1.740000000000005542e+00 7.113306352221428888e-09
-1.735000000000005649e+00 1.563106188785377685e-08
-1.730000000000005755e+00 3.310754266520598347e-08
-1.725000000000005862e+00 6.751562815755877672e-08
-1.720000000000005969e+00 1.326591292892712955e-07
-1.715000000000006075e+00 2.512700122132661043e-07
-1.710000000000006182e+00 4.588382422969074150e-07
-1.705000000000006288e+00 8.077985197445900777e-07
-1.700000000000006395e+00 1.371301634615198020e-06
-1.695000000000006501e+00 2.256186691716121672e-06
-1.690000000000006608e+00 3.541364567211464308e-06
-1.685000000000006715e+00 5.335628405532681039e-06
-1.680000000000006821e+00 7.775331103944083203e-06
-1.675000000000006928e+00 1.084482953272021761e-05
-1.670000000000007034e+00 1.436467961780391298e-05
-1.665000000000007141e+00 1.798318252193627258e-05
-1.660000000000007248e+00 2.114580810809158737e-05
-1.655000000000007354e+00 2.310228466714744244e-05
-1.650000000000007461e+00 2.304988599870516042e-05
-1.645000000000007567e+00 2.051081080847330806e-05
-1.640000000000007674e+00 1.600867748628322622e-05
-1.635000000000007780e+00 1.205119211423235797e-05
-1.630000000000007887e+00 1.435013148329772277e-05
-1.625000000000007994e+00 3.312305842765042113e-05
-1.620000000000008100e+00 8.423079637746765862e-05
-1.615000000000008207e+00 1.898177761419130841e-04
-1.610000000000008313e+00 3.780460730227682710e-04
-1.605000000000008420e+00 6.814554188845799903e-04
-1.600000000000008527e+00 1.133447844227786303e-03
-1.595000000000008633e+00 1.763168323000660577e-03
-1.590000000000008740e+00 2.590041826982660694e-03
-1.585000000000008846e+00 3.616198252513066601e-03
-1.580000000000008953e+00 4.821005207598270774e-03
-1.575000000000009059e+00 6.158856401267341282e-03
-1.570000000000009166e+00 7.558664326969784242e-03
-1.565000000000009273e+00 8.927858690718281504e-03
-1.560000000000009379e+00 1.016123804668009681e-02
-1.555000000000009486e+00 1.115340893596883202e-02
-1.550000000000009592e+00 1.181265613419048982e-02
-1.545000000000009699e+00 1.207380105556013494e-02
-1.540000000000009805e+00 1.190780459183521899e-02
-1.535000000000009912e+00 1.132643733861532671e-02
-1.530000000000010019e+00 1.038115593544188670e-02
-1.525000000000010125e+00 9.156270775302594034e-03
-1.520000000000010232e+00 7.757449279310240330e-03
-1.515000000000010338e+00 6.297451939190651382e-03
-1.510000000000010445e+00 4.881627059486939174e-03
-1.505000000000010552e+00 3.595976238773063681e-03
-1.500000000000010658e+00 2.500427770376007722e-03
-1.495000000000010765e+00 1.625704446033819422e-03
-1.490000000000010871e+00 9.747619964375097475e-04
-1.485000000000010978e+00 5.285050551758067091e-04
-1.480000000000011084e+00 2.530240435274803078e-04
-1.475000000000011191e+00 1.074101782047365473e-04
-1.470000000000011298e+00 5.068152722029390273e-05
-1.465000000000011404e+00 4.683500744039629577e-05
-1.460000000000011511e+00 6.773209517148010700e-05
-1.455000000000011617e+00 9.399365917772601372e-05
-1.450000000000011724e+00 1.143555034650815404e-04
-1.445000000000011831e+00 1.240547046190331392e-04
-1.440000000000011937e+00 1.228114250731529328e-04
-1.435000000000012044e+00 1.128753590377847384e-04
-1.430000000000012150e+00 9.745410155781496567e-05
-1.425000000000012257e+00 7.966630291993797295e-05
-1.420000000000012363e+00 6.199926001771749494e-05
-1.415000000000012470e+00 4.613238293177020097e-05
-1.410000000000012577e+00 3.294853851709373478e-05
-1.405000000000012683e+00 2.262839283460000775e-05
-1.400000000000012790e+00 1.494233044387789339e-05
-1.395000000000012896e+00 9.513914991667960378e-06
-1.390000000000013003e+00 5.843546176405291544e-06
-1.385000000000013110e+00 3.466514186579650243e-06
-1.380000000000013216e+00 1.989724989030851161e-06
-1.375000000000013323e+00 1.107237559074057725e-06
-1.370000000000013429e+00 5.974496027921737253e-07
-1.365000000000013536e+00 3.104774825018830450e-07
-1.360000000000013642e+00 1.517040377318887657e-07
-1.355000000000013749e+00 6.539216836448246749e-08
-1.350000000000013856e+00 2.063363831527791360e-08
-1.345000000000013962e+00 6.727916922890610358e-10
-1.340000000000014069e+00 -4.235026785307338185e-09
-1.335000000000014175e+00 -8.493647849620800416e-10
-1.330000000000014282e+00 5.399619226997529689e-09
-1.325000000000014388e+00 1.025714540494568690e-08
-1.320000000000014495e+00 1.115485226261761753e-08
-1.315000000000014602e+00 7.688026886786651034e-09
-1.310000000000014708e+00 1.555176309085846829e-09
-1.305000000000014815e+00 -4.340461464162486179e-09
-1.300000000000014921e+00 -7.764758727157255587e-09
-1.295000000000015028e+00 -7.880061793821544747e-09
-1.290000000000015135e+00 -5.032930389504928878e-09
-1.285000000000015241e+00 -7.628925012720240873e-10
-1.280000000000015348e+00 3.146873258854009045e-09
-1.275000000000015454e+00 5.461331665537524785e-09
-1.270000000000015561e+00 5.686416435268575035e-09
-1.265000000000015667e+00 3.993724398803976962e-09
-1.260000000000015774e+00 1.045358220490877439e-09
-1.255000000000015881e+00 -2.212888126793383422e-09
-1.250000000000015987e+00 -4.772125676797505252e-09
-1.245000000000016094e+00 -5.790129365890898031e-09
-1.240000000000016200e+00 -4.814538493239585761e-09
-1.235000000000016307e+00 -1.961022325660497757e-09
-1.230000000000016414e+00 2.013770113653841681e-09
-1.225000000000016520e+00 5.812606256128902822e-09
-1.220000000000016627e+00 7.921031829379005714e-09
-1.215000000000016733e+00 7.145643174990136622e-09
-1.210000000000016840e+00 3.249671413444354307e-09
-1.205000000000016946e+00 -2.605836794054291913e-09
-1.200000000000017053e+00 -8.158351361713001214e-09
-1.195000000000017160e+00 -1.093179255796056198e-08
-1.190000000000017266e+00 -9.601051129794121692e-09
-1.185000000000017373e+00 -4.155438492506843605e-09
-1.180000000000017479e+00 3.683375821847737176e-09
-1.175000000000017586e+00 1.054293579711164401e-08
-1.170000000000017693e+00 1.328503618570461450e-08
-1.165000000000017799e+00 1.062810378137250235e-08
-1.160000000000017906e+00 3.673844057992068791e-09
-1.155000000000018012e+00 -4.687454229660560236e-09
-1.150000000000018119e+00 -1.106733729038034518e-08
-1.145000000000018225e+00 -1.297539920656714595e-08
-1.140000000000018332e+00 -9.784642910274516193e-09
-1.135000000000018439e+00 -2.930887729842020930e-09
-1.130000000000018545e+00 4.708396403220838321e-09
-1.125000000000018652e+00 1.002035697436319562e-08
-1.120000000000018758e+00 1.098228460236997675e-08
-1.115000000000018865e+00 7.539223151249992037e-09
-1.110000000000018971e+00 1.563533857985132068e-09
-1.105000000000019078e+00 -4.208975248345115389e-09
-1.100000000000019185e+00 -7.669975928300903486e-09
-1.095000000000019291e+00 -7.828760059962461324e-09
-1.090000000000019398e+00 -5.056148302552958166e-09
-1.085000000000019504e+00 -8.487608966997567206e-10
-1.080000000000019611e+00 3.053618313052701537e-09
-1.075000000000019718e+00 5.416348857469478011e-09
-1.070000000000019824e+00 5.711560505488369655e-09
-1.065000000000019931e+00 4.069205023029825683e-09
-1.060000000000020037e+00 1.125335880865305174e-09
-1.055000000000020144e+00 -2.173706678912912652e-09
-1.050000000000020250e+00 -4.794894852347423257e-09
-1.045000000000020357e+00 -5.861612554224240547e-09
-1.040000000000020464e+00 -4.894073558523727425e-09
-1.035000000000020570e+00 -2.001474829756477124e-09
-1.030000000000020677e+00 2.040188816398004675e-09
-1.025000000000020783e+00 5.895882796205056005e-09
-1.020000000000020890e+00 8.013510171986758483e-09
-1.015000000000020997e+00 7.186002085256222383e-09
-1.010000000000021103e+00 3.204078868133478213e-09
-1.005000000000021210e+00 -2.710097382135116830e-09
-1.000000000000021316e+00 -8.255913416973249994e-09
-9.950000000000214229e-01 -1.033138640929014727e-08
-9.900000000000215294e-01 -1.149728488124088057e-08
-9.850000000000216360e-01 -1.153344017138830020e-08
-9.800000000000217426e-01 -1.032788421559397355e-08
-9.750000000000218492e-01 -7.900825581643482207e-09
-9.700000000000219558e-01 -4.414681706649171851e-09
-9.650000000000220624e-01 -1.675721225079318770e-10
-9.600000000000221689e-01 4.430396057165494559e-09
-9.550000000000222755e-01 8.896534332895147180e-09
-9.500000000000223821e-01 1.272698892678376927e-08
-9.450000000000224887e-01 1.545463617847175594e-08
-9.400000000000225953e-01 1.670667147025454363e-08
-9.350000000000227018e-01 1.625465865760085033e-08
-9.300000000000228084e-01 1.405028539756152952e-08
-9.250000000000229150e-01 1.024147201705826129e-08
-9.200000000000230216e-01 5.165677296773745244e-09
-9.150000000000231282e-01 -6.800146424977168401e-10
-9.100000000000232347e-01 -6.689494448362978132e-09
-9.050000000000233413e-01 -1.221361419381593370e-08
-9.000000000000234479e-01 -1.663405334610355403e-08
-8.950000000000235545e-01 -1.943623599823336250e-08
-8.900000000000236611e-01 -2.027225325967179605e-08
-8.850000000000237677e-01 -1.900570376844431675e-08
-8.800000000000238742e-01 -1.573241641803648656e-08
-8.750000000000239808e-01 -1.077392258915985717e-08
-8.700000000000240874e-01 -4.643934411014870074e-09
-8.650000000000241940e-01 2.008482947947275401e-09
-8.600000000000243006e-01 8.472345385488319485e-09
-8.550000000000244071e-01 1.405591395824387733e-08
-8.500000000000245137e-01 1.816567633512140363e-08
-8.450000000000246203e-01 2.037348937857267737e-08
-8.400000000000247269e-01 2.046374965513440692e-08
-8.350000000000248335e-01 1.845504426792928258e-08
-8.300000000000249401e-01 1.459402861309335659e-08
-8.250000000000250466e-01 9.322827773345194855e-09
-8.200000000000251532e-01 3.224577000270316337e-09
-8.150000000000252598e-01 -3.045646692926237095e-09
-8.100000000000253664e-01 -8.835643048038873926e-09
-8.050000000000254730e-01 -1.356741644744328852e-08
-8.000000000000255795e-01 -1.679663098018722070e-08
-7.950000000000256861e-01 -1.825374579163738688e-08
-7.900000000000257927e-01 -1.786308065990354159e-08
-7.850000000000258993e-01 -1.573910467446807593e-08
-7.800000000000260059e-01 -1.216217953914025028e-08
-7.750000000000261124e-01 -7.538407924003306078e-09
-7.700000000000262190e-01 -2.349818926532781936e-09
-7.650000000000263256e-01 2.898306298872821403e-09
-7.600000000000264322e-01 7.726612341530820290e-09
-7.550000000000265388e-01 1.172230500904505154e-08
-7.500000000000266454e-01 1.456809031593187495e-08
-7.450000000000267519e-01 1.605837439314204489e-08
-7.400000000000268585e-01 1.610363854988230831e-08
-7.350000000000269651e-01 1.472538226545974567e-08
-7.300000000000270717e-01 1.204480850223761934e-08
-7.250000000000271783e-01 8.268432546549291729e-09
-7.200000000000272848e-01 3.673101936830531773e-09
-7.150000000000273914e-01 -1.408269858943709108e-09
-7.100000000000274980e-01 -6.600325948794687054e-09
-7.050000000000276046e-01 -1.149953332131159433e-08
-7.000000000000277112e-01 -1.569113447893905140e-08
-6.950000000000278177e-01 -1.877088227996103383e-08
-6.900000000000279243e-01 -2.037293674122930673e-08
-6.850000000000280309e-01 -2.020387522321882419e-08
-6.800000000000281375e-01 -1.808086298637289846e-08
-6.750000000000282441e-01 -1.397000462160078127e-08
-6.700000000000283507e-01 -8.019171551884692776e-09
-6.650000000000284572e-01 -5.785971318378770165e-10
-6.600000000000285638e-01 7.797410720146773443e-09
-6.550000000000286704e-01 1.637297872723866906e-08
-6.500000000000287770e-01 2.428018468890238345e-08
-6.450000000000288836e-01 3.059479785726043514e-08
-6.400000000000289901e-01 3.443331154761873618e-08
-6.350000000000290967e-01 3.506220034030286249e-08
-6.300000000000292033e-01 3.200688091242187061e-08
-6.250000000000293099e-01 2.514573398740395524e-08
-6.200000000000294165e-01 1.477427773872318287e-08
-6.150000000000295231e-01 1.626470009775369915e-09
-6.100000000000296296e-01 -1.315583645309205287e-08
-6.050000000000297362e-01 -2.810837650804486933e-08
-6.000000000000298428e-01 -4.158089530470596446e-08
-5.950000000000299494e-01 -5.191310787559528940e-08
-5.900000000000300560e-01 -5.763209983928119087e-08
-5.850000000000301625e-01 -5.764813048062415907e-08
-5.800000000000302691e-01 -5.142349541009847806e-08
-5.750000000000303757e-01 -3.909003840963486772e-08
-5.700000000000304823e-01 -2.149526127433067033e-08
-5.650000000000305889e-01 -1.644835292448118816e-10
-5.600000000000306954e-01 2.282360622076075434e-08
-5.550000000000308020e-01 4.503955144122952483e-08
-5.500000000000309086e-01 6.396452174952652474e-08
-5.450000000000310152e-01 7.728196842896286222e-08
-5.400000000000311218e-01 8.316496484411718755e-08
-5.350000000000312284e-01 8.052279594883747650e-08
-5.300000000000313349e-01 6.917323349326466539e-08
-5.250000000000314415e-01 4.991445619022867026e-08
-5.200000000000315481e-01 2.448200842698368027e-08
-5.150000000000316547e-01 -4.609793750358801189e-09
-5.100000000000317613e-01 -3.432777251891804083e-08
-5.050000000000318678e-01 -6.145321223316168987e-08
-5.000000000000319744e-01 -8.295010629616944977e-08
-4.950000000000320810e-01 -9.632389350244966588e-08
-4.900000000000321876e-01 -9.992594547832114966e-08
-4.850000000000322942e-01 -9.316464224832532328e-08
-4.800000000000324007e-01 -7.659476044903278023e-08
-4.750000000000325073e-01 -5.187177192773814655e-08
-4.700000000000326139e-01 -2.157459154339450385e-08
-4.650000000000327205e-01 1.108292938883808574e-08
-4.600000000000328271e-01 4.261716396940813759e-08
-4.550000000000329337e-01 6.967203947170143769e-08
-4.500000000000330402e-01 8.939995432005461359e-08
-4.450000000000331468e-01 9.977996759522799543e-08
-4.400000000000332534e-01 9.983526388741096293e-08
-4.350000000000333600e-01 8.972510513045593965e-08
-4.300000000000334666e-01 7.070274203185387673e-08
-4.250000000000335731e-01 4.494781932836929418e-08
-4.200000000000336797e-01 1.529733544165788004e-08
-4.150000000000337863e-01 -1.508887181032674692e-08
-4.100000000000338929e-01 -4.308537025050536574e-08
-4.050000000000339995e-01 -6.593748974664911768e-08
-4.000000000000341061e-01 -8.153808223417441282e-08
-3.950000000000342126e-01 -8.861574281743595645e-08
-3.900000000000343192e-01 -8.681856922226960102e-08
-3.850000000000344258e-01 -7.669180735434757535e-08
-3.800000000000345324e-01 -5.956115821003429035e-08
-3.750000000000346390e-01 -3.734424388381756466e-08
-3.700000000000347455e-01 -1.231939425851384259e-08
-3.650000000000348521e-01 1.311713532691271270e-08
-3.600000000000349587e-01 3.667705767320451472e-08
-3.550000000000350653e-01 5.636702228489494409e-08
-3.500000000000351719e-01 7.062342861540581950e-08
-3.450000000000352784e-01 7.839135933159260247e-08
-3.400000000000353850e-01 7.915242335058470561e-08
-3.350000000000354916e-01 7.291241389532852985e-08
-3.300000000000355982e-01 6.016251437504051805e-08
-3.250000000000357048e-01 4.182709809381120118e-08
-3.200000000000358114e-01 1.920743147913794721e-08
-3.150000000000359179e-01 -6.075130977465070800e-09
-3.100000000000360245e-01 -3.213911244614591513e-08
-3.050000000000361311e-01 -5.691385584918173027e-08
-3.000000000000362377e-01 -7.823191908703981459e-08
-2.950000000000363443e-01 -9.395258684665249844e-08
-2.900000000000364508e-01 -1.021215687897358940e-07
-2.850000000000365574e-01 -1.011640467477912848e-07
-2.800000000000366640e-01 -9.009822886069377260e-08
-2.750000000000367706e-01 -6.874627464325575956e-08
-2.700000000000368772e-01 -3.791099947411732604e-08
-2.650000000000369837e-01 5.177547414799390438e-10
-2.600000000000370903e-01 4.356210042980837533e-08
-2.550000000000371969e-01 8.728781672612075567e-08
-2.500000000000373035e-01 1.270820832104750970e-07
-2.450000000000374101e-01 1.580712014979193722e-07
-2.400000000000375167e-01 1.756500057463973660e-07
-2.350000000000376232e-01 1.760725801964497073e-07
-2.300000000000377298e-01 1.570355599605476632e-07
-2.250000000000378364e-01 1.181741681847506547e-07
-2.200000000000379430e-01 6.139007370321163243e-08
-2.150000000000380496e-01 -9.059194564088914310e-09
-2.100000000000381561e-01 -8.675707302713560112e-08
-2.050000000000382627e-01 -1.636262303983252103e-07
-2.000000000000383693e-01 -2.307041823567043122e-07
-1.950000000000384759e-01 -2.791310173177860843e-07
-1.900000000000385825e-01 -3.012467235302173184e-07
-1.850000000000386891e-01 -2.916680276370201346e-07
-1.800000000000387956e-01 -2.482018450117022712e-07
-1.750000000000389022e-01 -1.724579020537902020e-07
-1.700000000000390088e-01 -7.004806078144457779e-08
-1.650000000000391154e-01 4.969707528514378733e-08
-1.600000000000392220e-01 1.745067297578806237e-07
-1.550000000000393285e-01 2.903918228290122552e-07
-1.500000000000394351e-01 3.831947932274517999e-07
-1.450000000000395417e-01 4.402982577936315654e-07
-1.400000000000396483e-01 4.522876059267717055e-07
-1.350000000000397549e-01 4.143512714503710769e-07
-1.300000000000398614e-01 3.272190713438853242e-07
-1.250000000000399680e-01 1.974835965123247153e-07
-1.200000000000400746e-01 3.721824226665435662e-08
-1.150000000000401812e-01 -1.371094824607630685e-07
-1.100000000000402878e-01 -3.063395888937634008e-07
-1.050000000000403944e-01 -4.507610748719893165e-07
-1.000000000000405009e-01 -5.524504488656755444e-07
-9.500000000004060752e-02 -5.975247030810405455e-07
-9.000000000004071410e-02 -5.780210771467438255e-07
-8.500000000004082068e-02 -4.931482810133316667e-07
-8.000000000004092726e-02 -3.497211958417936031e-07
-7.500000000004103384e-02 -1.616862202224027808e-07
-7.000000000004114042e-02 5.124395267799939316e-08
-6.500000000004124701e-02 2.657133102967455569e-07
-6.000000000004135359e-02 4.573689569064796220e-07
-5.500000000004146017e-02 6.037216696200069166e-07
-5.000000000004156675e-02 6.868734382991698529e-07
-4.500000000004167333e-02 6.957705273298953995e-07
-4.000000000004177991e-02 6.276903425035289538e-07
-3.500000000004188649e-02 4.887589493513379801e-07
-3.000000000004199308e-02 2.934129136121233515e-07
-2.500000000004209966e-02 6.284965679796204544e-08
-2.000000000004220624e-02 -1.773619547966283083e-07
-1.500000000004231282e-02 -4.002311623117473637e-07
-1.000000000004241940e-02 -5.805014074198210925e-07
-5.000000000042525983e-03 -6.976293734356369156e-07
-4.263256414560601115e-14 -7.382217573308326692e-07
4.999999999957260854e-03 -6.976293727965935438e-07
9.999999999957154273e-03 -5.805014065403088786e-07
1.499999999995704769e-02 -4.002311618069734313e-07
1.999999999995694111e-02 -1.773619552790719906e-07
2.499999999995683453e-02 6.284965485196079885e-08
2.999999999995672795e-02 2.934129098823896864e-07
3.499999999995662137e-02 4.887589435876175872e-07
3.999999999995651478e-02 6.276903343602528782e-07
4.499999999995640820e-02 6.957705162208262092e-07
4.999999999995630162e-02 6.868734234053504607e-07
5.499999999995619504e-02 6.037216500845913925e-07
5.999999999995608846e-02 4.573689321019373602e-07
6.499999999995598188e-02 2.657132800163485846e-07
6.999999999995587530e-02 5.124391718173093421e-08
7.499999999995576871e-02 -1.616862603060353063e-07
7.999999999995566213e-02 -3.497212397143930194e-07
8.499999999995555555e-02 -4.931483279162212038e-07
8.999999999995544897e-02 -5.780211264788464577e-07
9.499999999995534239e-02 -5.975247543726444222e-07
9.999999999995523581e-02 -5.524505016337411751e-07
1.049999999999551292e-01 -4.507611284548752314e-07
1.099999999999550226e-01 -3.063396423937963645e-07
1.149999999999549161e-01 -1.371095348511472694e-07
1.199999999999548095e-01 3.721819194643225119e-08
1.249999999999547029e-01 1.974835489941808326e-07
1.299999999999545963e-01 3.272190270646264487e-07
1.349999999999544897e-01 4.143512305883151670e-07
1.399999999999543832e-01 4.522875685120271296e-07
1.449999999999542766e-01 4.402982238282897539e-07
1.499999999999541700e-01 3.831947627662876205e-07
1.549999999999540634e-01 2.903917960019359452e-07
1.599999999999539568e-01 1.745067067176424254e-07
1.649999999999538502e-01 4.969705610890265172e-08
1.699999999999537437e-01 -7.004807614294492686e-08
1.749999999999536371e-01 -1.724579137364816185e-07
1.799999999999535305e-01 -2.482018531779083228e-07
1.849999999999534239e-01 -2.916680324707609259e-07
1.899999999999533173e-01 -3.012467252786848569e-07
1.949999999999532108e-01 -2.791310163221263833e-07
1.999999999999531042e-01 -2.307041790417002921e-07
2.049999999999529976e-01 -1.636262252345113759e-07
2.099999999999528910e-01 -8.675706648828242771e-08
2.149999999999527844e-01 -9.059187088549229931e-09
2.199999999999526779e-01 6.139008173437935047e-08
2.249999999999525713e-01 1.181741764295738972e-07
2.299999999999524647e-01 1.570355680609052410e-07
2.349999999999523581e-01 1.760725877315669000e-07
2.399999999999522515e-01 1.756500122483144368e-07
2.449999999999521449e-01 1.580712065413759922e-07
2.499999999999520384e-01 1.270820865255997134e-07
2.549999999999519318e-01 8.728781825658743773e-08
2.599999999999518252e-01 4.356210031455879613e-08
2.649999999999517186e-01 5.177532651120038350e-10
2.699999999999516120e-01 -3.791100192922965786e-08
2.749999999999515055e-01 -6.874627765641825216e-08
2.799999999999513989e-01 -9.009823205378403618e-08
2.849999999999512923e-01 -1.011640498662306025e-07
2.899999999999511857e-01 -1.021215717506419992e-07
2.949999999999510791e-01 -9.395258972120122560e-08
2.999999999999509726e-01 -7.823192200045928074e-08
3.049999999999508660e-01 -5.691385883971078122e-08
3.099999999999507594e-01 -3.213911537856679860e-08
3.149999999999506528e-01 -6.075133574598431721e-09
3.199999999999505462e-01 1.920742952199254952e-08
3.249999999999504396e-01 4.182709699940361179e-08
3.299999999999503331e-01 6.016251423554934559e-08
3.349999999999502265e-01 7.291241468522459171e-08
3.399999999999501199e-01 7.915242497045567555e-08
3.449999999999500133e-01 7.839136165029079430e-08
3.499999999999499067e-01 7.062343149608346530e-08
3.549999999999498002e-01 5.636702559644134921e-08
3.599999999999496936e-01 3.667706129842355206e-08
3.649999999999495870e-01 1.311713918226957941e-08
3.699999999999494804e-01 -1.231939020058317025e-08
3.749999999999493738e-01 -3.734423959436131857e-08
3.799999999999492672e-01 -5.956115362218542319e-08
3.849999999999491607e-01 -7.669180239392147914e-08
3.899999999999490541e-01 -8.681856385993669455e-08
3.949999999999489475e-01 -8.861573711486287202e-08
3.999999999999488409e-01 -8.153807633464021454e-08
4.049999999999487343e-01 -6.593748382514580966e-08
4.099999999999486278e-01 -4.308536447387721644e-08
4.149999999999485212e-01 -1.508886631839431543e-08
4.199999999999484146e-01 1.529734053468106153e-08
4.249999999999483080e-01 4.494782390614688666e-08
4.299999999999482014e-01 7.070274594842804131e-08
4.349999999999480949e-01 8.972510821311092107e-08
4.399999999999479883e-01 9.983526595868527222e-08
4.449999999999478817e-01 9.977996849763619807e-08
4.499999999999477751e-01 8.939995394224240990e-08
4.549999999999476685e-01 6.967203776615419687e-08
4.599999999999475619e-01 4.261716095064600944e-08
4.649999999999474554e-01 1.108292511250457203e-08
4.699999999999473488e-01 -2.157459700873450139e-08
4.749999999999472422e-01 -5.187177851738394842e-08
4.799999999999471356e-01 -7.659476810829396712e-08
4.849999999999470290e-01 -9.316465093734925309e-08
4.899999999999469225e-01 -9.992595515975164449e-08
4.949999999999468159e-01 -9.632390411141469575e-08
4.999999999999467093e-01 -8.295011772598868252e-08
5.049999999999466027e-01 -6.145322433813247514e-08
5.099999999999464961e-01 -3.432778511290948760e-08
5.149999999999463896e-01 -4.609806617716742108e-09
5.199999999999462830e-01 2.448199549541437274e-08
5.249999999999461764e-01 4.991444336377071195e-08
5.299999999999460698e-01 6.917322088687378786e-08
5.349999999999459632e-01 8.052278361918829029e-08
5.399999999999458566e-01 8.316495279799854262e-08
5.449999999999457501e-01 7.728195664606535694e-08
5.499999999999456435e-01 6.396451020854376002e-08
5.549999999999455369e-01 4.503954014448495174e-08
5.599999999999454303e-01 2.282359521789372960e-08
5.649999999999453237e-01 -1.644941368410991431e-10
5.699999999999452172e-01 -2.149527137113787384e-08
5.749999999999451106e-01 -3.909004792833626469e-08
5.799999999999450040e-01 -5.142350437341483063e-08
5.849999999999448974e-01 -5.764813900530800716e-08
5.899999999999447908e-01 -5.763210810571076153e-08
5.949999999999446842e-01 -5.191311606685333959e-08
5.999999999999445777e-01 -4.158090355379055029e-08
6.049999999999444711e-01 -2.810838489496460873e-08
6.099999999999443645e-01 -1.315584502661019586e-08
6.149999999999442579e-01 1.626461216596771795e-09
6.199999999999441513e-01 1.477426868328818067e-08
6.249999999999440448e-01 2.514572459930181046e-08
6.299999999999439382e-01 3.200687111466851981e-08
6.349999999999438316e-01 3.506219007138517823e-08
6.399999999999437250e-01 3.443330075431859792e-08
6.449999999999436184e-01 3.059478649560717143e-08
6.499999999999435119e-01 2.428017273627880841e-08
6.549999999999434053e-01 1.637296617678080156e-08
6.599999999999432987e-01 7.797397575726257165e-09
6.649999999999431921e-01 -5.786108507327637283e-10
6.699999999999430855e-01 -8.019185823178194886e-09
6.749999999999429789e-01 -1.397001943759504940e-08
6.799999999999428724e-01 -1.808087833646323064e-08
6.849999999999427658e-01 -2.020389105893444328e-08
6.899999999999426592e-01 -2.037295296537762565e-08
6.949999999999425526e-01 -1.877089875859883673e-08
6.999999999999424460e-01 -1.569115105093371885e-08
7.049999999999423395e-01 -1.149954981103192667e-08
7.099999999999422329e-01 -6.600342193951916188e-09
7.149999999999421263e-01 -1.408285726523978107e-09
7.199999999999420197e-01 3.673086557311548196e-09
7.249999999999419131e-01 8.268417741089315942e-09
7.299999999999418065e-01 1.204479433336622948e-08
7.349999999999417000e-01 1.472536880130973754e-08
7.399999999999415934e-01 1.610362587461636943e-08
7.449999999999414868e-01 1.605836258257115266e-08
7.499999999999413802e-01 1.456807943262428359e-08
7.549999999999412736e-01 1.172229510761995847e-08
7.599999999999411671e-01 7.726603448742717355e-09
7.649999999999410605e-01 2.898298404376541191e-09
7.699999999999409539e-01 -2.349825857199362182e-09
7.749999999999408473e-01 -7.538413948967802512e-09
7.799999999999407407e-01 -1.216218474010227623e-08
7.849999999999406342e-01 -1.573910913753106661e-08
7.899999999999405276e-01 -1.786308445960423246e-08
7.949999999999404210e-01 -1.825374899084847928e-08
7.999999999999403144e-01 -1.679663363385822346e-08
8.049999999999402078e-01 -1.356741860057320912e-08
8.099999999999401012e-01 -8.835644737699876163e-09
8.149999999999399947e-01 -3.045647962653974806e-09
8.199999999999398881e-01 3.224576102021883819e-09
8.249999999999397815e-01 9.322827212977194595e-09
8.299999999999396749e-01 1.459402836449315042e-08
8.349999999999395683e-01 1.845504430202088632e-08
8.399999999999394618e-01 2.046374996192467476e-08
8.449999999999393552e-01 2.037348995538741379e-08
8.499999999999392486e-01 1.816567714421377318e-08
8.549999999999391420e-01 1.405591494182655272e-08
8.599999999999390354e-01 8.472346489629662438e-09
8.649999999999389289e-01 2.008484110221604564e-09
8.699999999999388223e-01 -4.643933225955091587e-09
8.749999999999387157e-01 -1.077392135222889934e-08
8.799999999999386091e-01 -1.573241508944188303e-08
8.849999999999385025e-01 -1.900570233880356298e-08
8.899999999999383959e-01 -2.027225174015416958e-08
8.949999999999382894e-01 -1.943623445262378606e-08
8.999999999999381828e-01 -1.663405190260985766e-08
9.049999999999380762e-01 -1.221361298095662488e-08
9.099999999999379696e-01 -6.689493562271893287e-09
9.149999999999378630e-01 -6.800141517679031290e-10
9.199999999999377565e-01 5.165677372243574343e-09
9.249999999999376499e-01 1.024147169906033474e-08
9.299999999999375433e-01 1.405028469698791925e-08
9.349999999999374367e-01 1.625465754220389369e-08
9.399999999999373301e-01 1.670666986624894748e-08
9.449999999999372235e-01 1.545463399155049650e-08
9.499999999999371170e-01 1.272698607165062049e-08
9.549999999999370104e-01 8.896530762309892101e-09
9.599999999999369038e-01 4.430391788381314198e-09
9.649999999999367972e-01 -1.675770220594513878e-10
9.699999999999366906e-01 -4.414687164133623712e-09
9.749999999999365841e-01 -7.900831521326928036e-09
9.799999999999364775e-01 -1.032789056273296711e-08
9.849999999999363709e-01 -1.153344689788289570e-08
9.899999999999362643e-01 -1.149729198871095904e-08
9.949999999999361577e-01 -1.033139387235803582e-08
9.999999999999360512e-01 -8.255921197984803704e-09
1.004999999999935945e+00 -2.710105706421165835e-09
1.009999999999935838e+00 3.204070245798502091e-09
1.014999999999935731e+00 7.185993241777122558e-09
1.019999999999935625e+00 8.013501178189746632e-09
1.024999999999935518e+00 5.895873747806586455e-09
1.029999999999935412e+00 2.040179819195810361e-09
1.034999999999935305e+00 -2.001483679261512437e-09
1.039999999999935199e+00 -4.894082182612890582e-09
1.044999999999935092e+00 -5.861620893097138649e-09
1.049999999999934985e+00 -4.794902857807420038e-09
1.054999999999934879e+00 -2.173714307612212780e-09
1.059999999999934772e+00 1.125328672013797827e-09
1.064999999999934666e+00 4.069198279539806917e-09
1.069999999999934559e+00 5.711554278330553306e-09
1.074999999999934452e+00 5.416343209089311743e-09
1.079999999999934346e+00 3.053613327839693248e-09
1.084999999999934239e+00 -8.487650981067838028e-10
1.089999999999934133e+00 -5.056151547359935033e-09
1.094999999999934026e+00 -7.828762107065605162e-09
1.099999999999933920e+00 -7.669976447127115834e-09
1.104999999999933813e+00 -4.208976311070620259e-09
1.109999999999933706e+00 1.563532277244880479e-09
1.114999999999933600e+00 7.539221036787042759e-09
1.119999999999933493e+00 1.098228194108754254e-08
1.124999999999933387e+00 1.002035378478817998e-08
1.129999999999933280e+00 4.708392738519356130e-09
1.134999999999933173e+00 -2.930891793873244588e-09
1.139999999999933067e+00 -9.784647287087831080e-09
1.144999999999932960e+00 -1.297540380094565444e-08
1.149999999999932854e+00 -1.106734198993306861e-08
1.154999999999932747e+00 -4.687458892622878964e-09
1.159999999999932641e+00 3.673839608209830527e-09
1.164999999999932534e+00 1.062809974628133889e-08
1.169999999999932427e+00 1.328503276468341460e-08
1.174999999999932321e+00 1.054293315111767143e-08
1.179999999999932214e+00 3.683374044658933164e-09
1.184999999999932108e+00 -4.155439376169502362e-09
1.189999999999932001e+00 -9.601051130697935625e-09
1.194999999999931894e+00 -1.093179167768319282e-08
1.199999999999931788e+00 -8.158349626643292248e-09
1.204999999999931681e+00 -2.605834852182366514e-09
1.209999999999931575e+00 3.249673410582939509e-09
1.214999999999931468e+00 7.145645128862572528e-09
1.219999999999931362e+00 7.921033747150882518e-09
1.224999999999931255e+00 5.812608154529499255e-09
1.229999999999931148e+00 2.013771953966692481e-09
1.234999999999931042e+00 -1.961020633505797849e-09
1.239999999999930935e+00 -4.814537044492225432e-09
1.244999999999930829e+00 -5.790128214691779425e-09
1.249999999999930722e+00 -4.772124818889414307e-09
1.254999999999930616e+00 -2.212887517156293997e-09
1.259999999999930509e+00 1.045358629882734838e-09
1.264999999999930402e+00 3.993724626146475187e-09
1.269999999999930296e+00 5.686416462491706071e-09
1.274999999999930189e+00 5.461331463791511057e-09
1.279999999999930083e+00 3.146872829235519578e-09
1.284999999999929976e+00 -7.628931060191326469e-10
1.289999999999929869e+00 -5.032931093945012118e-09
1.294999999999929763e+00 -7.880062567891077233e-09
1.299999999999929656e+00 -7.764759573015799931e-09
1.304999999999929550e+00 -4.340462276936082422e-09
1.309999999999929443e+00 1.555175541605094126e-09
1.314999999999929337e+00 7.688026133319447984e-09
1.319999999999929230e+00 1.115485147038754646e-08
1.324999999999929123e+00 1.025714455200867847e-08
1.329999999999929017e+00 5.399618338784401491e-09
1.334999999999928910e+00 -8.493656556749331764e-10
1.339999999999928804e+00 -4.235027591210076130e-09
1.344999999999928697e+00 6.727909709094369923e-10
1.349999999999928590e+00 2.063363767022023732e-08
1.354999999999928484e+00 6.539216777766836485e-08
1.359999999999928377e+00 1.517040371981637500e-07
1.364999999999928271e+00 3.104774820410099302e-07
1.369999999999928164e+00 5.974496024411593545e-07
1.374999999999928058e+00 1.107237558863854005e-06
1.379999999999927951e+00 1.989724988965143427e-06
1.384999999999927844e+00 3.466514186639043346e-06
1.389999999999927738e+00 5.843546176586300791e-06
1.394999999999927631e+00 9.513914992017866301e-06
1.399999999999927525e+00 1.494233044438624360e-05
1.404999999999927418e+00 2.262839283516165836e-05
1.409999999999927311e+00 3.294853851774125420e-05
1.414999999999927205e+00 4.613238293255019634e-05
1.419999999999927098e+00 6.199926001864619542e-05
1.424999999999926992e+00 7.966630292102141618e-05
1.429999999999926885e+00 9.745410155907361597e-05
1.434999999999926779e+00 1.128753590392629532e-04
1.439999999999926672e+00 1.228114250749099638e-04
1.444999999999926565e+00 1.240547046211200658e-04
1.449999999999926459e+00 1.143555034675133517e-04
1.454999999999926352e+00 9.399365918045154891e-05
1.459999999999926246e+00 6.773209517435797259e-05
1.464999999999926139e+00 4.683500744317354062e-05
1.469999999999926033e+00 5.068152722258820327e-05
1.474999999999925926e+00 1.074101782060280354e-04
1.479999999999925819e+00 2.530240435271131428e-04
1.484999999999925713e+00 5.285050551730173822e-04
1.489999999999925606e+00 9.747619964315020749e-04
1.494999999999925500e+00 1.625704446023917621e-03
1.499999999999925393e+00 2.500427770361912227e-03
1.504999999999925286e+00 3.595976238755298378e-03
1.509999999999925180e+00 4.881627059466170197e-03
1.514999999999925073e+00 6.297451939168065282e-03
1.519999999999924967e+00 7.757449279287489431e-03
1.524999999999924860e+00 9.156270775281577859e-03
1.529999999999924754e+00 1.038115593542448221e-02
1.534999999999924647e+00 1.132643733860316804e-02
1.539999999999924540e+00 1.190780459182949613e-02
1.544999999999924434e+00 1.207380105556147935e-02
1.549999999999924327e+00 1.181265613419888068e-02
1.554999999999924221e+00 1.115340893598357717e-02
1.559999999999924114e+00 1.016123804669993684e-02
1.564999999999924007e+00 8.927858690741538941e-03
1.569999999999923901e+00 7.558664326994608135e-03
1.574999999999923794e+00 6.158856401291976958e-03
1.579999999999923688e+00 4.821005207621297493e-03
1.584999999999923581e+00 3.616198252533537640e-03
1.589999999999923475e+00 2.590041827000079920e-03
1.594999999999923368e+00 1.763168323014853867e-03
1.599999999999923261e+00 1.133447844238789221e-03
1.604999999999923155e+00 6.814554188927253843e-04
1.609999999999923048e+00 3.780460730285303177e-04
1.614999999999922942e+00 1.898177761459300802e-04
1.619999999999922835e+00 8.423079638027385844e-05
1.624999999999922728e+00 3.312305842961124820e-05
1.629999999999922622e+00 1.435013148464165235e-05
1.634999999999922515e+00 1.205119211510609448e-05
1.639999999999922409e+00 1.600867748679743959e-05
1.644999999999922302e+00 2.051081080872570354e-05
1.649999999999922196e+00 2.304988599878453418e-05
1.654999999999922089e+00 2.310228466712699506e-05
1.659999999999921982e+00 2.114580810802185962e-05
1.664999999999921876e+00 1.798318252184432885e-05
1.669999999999921769e+00 1.436467961769949246e-05
1.674999999999921663e+00 1.084482953260875654e-05
1.679999999999921556e+00 7.775331103837939810e-06
1.684999999999921450e+00 5.335628405453985749e-06
1.689999999999921343e+00 3.541364567178293227e-06
1.694999999999921236e+00 2.256186691710405894e-06
1.699999999999921130e+00 1.371301634541040497e-06
1.704999999999921023e+00 8.077985196734483098e-07
1.709999999999920917e+00 4.588382422508167524e-07
1.714999999999920810e+00 2.512700121940973252e-07
1.719999999999920703e+00 1.326591292913485379e-07
1.724999999999920597e+00 6.751562817069451073e-08
1.729999999999920490e+00 3.310754267813947513e-08
1.734999999999920384e+00 1.563106189287957405e-08
1.739999999999920277e+00 7.113306348286921970e-09
1.744999999999920171e+00 3.147177362044947338e-09
1.749999999999920064e+00 1.383404091938342897e-09
1.754999999999919957e+00 6.142114040894873977e-10
1.759999999999919851e+00 2.576362474750444620e-10
1.764999999999919744e+00 7.311035187328147780e-11
1.769999999999919638e+00 -1.081791449345198907e-11
1.774999999999919531e+00 -1.515039694774874921e-11
1.779999999999919424e+00 1.860036393368041554e-11
1.784999999999919318e+00 2.557808435794140370e-11
1.789999999999919211e+00 -1.499341601292310638e-11
1.794999999999919105e+00 -2.122982110945457175e-11
1.799999999999918998e+00 -4.383639232759371014e-13
1.804999999999918892e+00 2.098948236908736155e-12
1.809999999999918785e+00 2.259733700496816692e-12
1.814999999999918678e+00 7.750797808578212115e-13
1.819999999999918572e+00 -5.436905240810968299e-13
1.824999999999918465e+00 -8.682161345837151777e-13
1.829999999999918359e+00 -4.055493087646771531e-13
1.834999999999918252e+00 2.122364360790155625e-13
1.839999999999918145e+00 4.925757575734335263e-13
1.844999999999918039e+00 3.323836102905727237e-13
1.849999999999917932e+00 -4.294905329691774947e-14
1.854999999999917826e+00 -3.119663228121741061e-13
1.859999999999917719e+00 -2.902442637263791879e-13
1.864999999999917613e+00 -3.569020521046241435e-14
1.869999999999917506e+00 2.182625228210585812e-13
1.874999999999917399e+00 2.512044938290556757e-13
1.879999999999917293e+00 4.197697333804292484e-14
1.884999999999917186e+00 -1.927918963374685776e-13
1.889999999999917080e+00 -1.906514733795095023e-13
1.894999999999916973e+00 2.926042648803532959e-14
1.899999999999916866e+00 1.230334729864347038e-13
1.904999999999916760e+00 7.595126171657162391e-14
1.909999999999916653e+00 -1.656174727886745632e-14
1.914999999999916547e+00 -5.642360255695096658e-14
1.919999999999916440e+00 -3.950452398494091837e-14
1.924999999999916334e+00 -9.198809925525342800e-16
1.929999999999916227e+00 2.540772373544063515e-14
1.934999999999916120e+00 2.585350453864405707e-14
1.939999999999916014e+00 7.553966120740985594e-15
1.944999999999915907e+00 -1.219799919059317760e-14
1.949999999999915801e+00 -1.898919161898980063e-14
1.954999999999915694e+00 -9.814855191641991471e-15
1.959999999999915588e+00 6.432247848671926573e-15
1.964999999999915481e+00 1.598638670934355297e-14
1.969999999999915374e+00 1.056556402697700269e-14
1.974999999999915268e+00 -5.318315013021185134e-15
1.979999999999915161e+00 -1.615827548732925497e-14
1.984999999999915055e+00 -8.537707019239006582e-15
1.989999999999914948e+00 1.082874779019828600e-14
1.994999999999914841e+00 1.261784624012419708e-14
