-2.000000000000000000e+00 1.694310940422296267e-16
-1.995000000000000107e+00 1.750623152546435913e-16
-1.990000000000000213e+00 1.807963056874847837e-16
-1.985000000000000320e+00 1.866360715540681901e-16
-1.980000000000000426e+00 1.925846875843147696e-16
-1.975000000000000533e+00 1.986452989617521005e-16
-1.970000000000000639e+00 2.048211233095434461e-16
-1.965000000000000746e+00 2.111154527267603325e-16
-1.960000000000000853e+00 2.175316558761433398e-16
-1.955000000000000959e+00 2.240731801246301423e-16
-1.950000000000001066e+00 2.307435537379590041e-16
-1.945000000000001172e+00 2.375463881306934005e-16
-1.940000000000001279e+00 2.444853801730441815e-16
-1.935000000000001386e+00 2.515643145559047892e-16
-1.930000000000001492e+00 2.587870662155462004e-16
-1.925000000000001599e+00 2.661576028194618530e-16
-1.920000000000001705e+00 2.736799873148837742e-16
-1.915000000000001812e+00 2.813583805415359486e-16
-1.910000000000001918e+00 2.891970439102276442e-16
-1.905000000000002025e+00 2.972003421489305837e-16
-1.900000000000002132e+00 3.053727461180291110e-16
-1.895000000000002238e+00 3.108503416326291922e-16
-1.890000000000002345e+00 3.165073718714601539e-16
-1.885000000000002451e+00 3.223482302482400070e-16
-1.880000000000002558e+00 3.283774273430859941e-16
-1.875000000000002665e+00 3.345995935003446317e-16
-1.870000000000002771e+00 3.410194815048345264e-16
-1.865000000000002878e+00 3.476419693381796265e-16
-1.860000000000002984e+00 3.544720630169598710e-16
-1.855000000000003091e+00 3.615148995144572336e-16
-1.850000000000003197e+00 3.687757497678217928e-16
-1.845000000000003304e+00 3.762600217725433080e-16
-1.840000000000003411e+00 3.839732637661586417e-16
-1.835000000000003517e+00 3.919211675031855221e-16
-1.830000000000003624e+00 4.001095716233283599e-16
-1.825000000000003730e+00 4.085444651150571015e-16
-1.820000000000003837e+00 4.172319908767214857e-16
-1.815000000000003944e+00 4.261784493774223335e-16
-1.810000000000004050e+00 4.353903024199202697e-16
-1.805000000000004157e+00 4.448741770079292810e-16
-1.800000000000004263e+00 4.546368693202047350e-16
-1.795000000000004370e+00 4.640514781801231813e-16
-1.790000000000004476e+00 4.737871669684686486e-16
-1.785000000000004583e+00 4.838498970376206997e-16
-1.780000000000004690e+00 4.942458121710103510e-16
-1.775000000000004796e+00 5.049812423960906959e-16
-1.770000000000004903e+00 5.160627079279118331e-16
-1.765000000000005009e+00 5.274969232457164797e-16
-1.760000000000005116e+00 5.392908013050390093e-16
-1.755000000000005222e+00 5.514514578878735898e-16
-1.750000000000005329e+00 5.639862160935489743e-16
-1.745000000000005436e+00 5.769026109730279679e-16
-1.740000000000005542e+00 5.902083943094330105e-16
-1.735000000000005649e+00 6.039115395476749514e-16
-1.730000000000005755e+00 6.180202468761505410e-16
-1.725000000000005862e+00 6.325429484635542329e-16
-1.720000000000005969e+00 6.474883138539414012e-16
-1.715000000000006075e+00 6.628652555232656652e-16
-1.710000000000006182e+00 6.786829346006969310e-16
-1.705000000000006288e+00 6.949507667581374966e-16
-1.700000000000006395e+00 7.116784282714188423e-16
-1.695000000000006501e+00 7.276214160966667587e-16
-1.690000000000006608e+00 7.440121189334535947e-16
-1.685000000000006715e+00 7.608568402983047724e-16
-1.680000000000006821e+00 7.781621521751906777e-16
-1.675000000000006928e+00 7.959348988943279240e-16
-1.670000000000007034e+00 8.141822011835779579e-16
-1.665000000000007141e+00 8.329114603946861350e-16
-1.660000000000007248e+00 8.521303629067472711e-16
-1.655000000000007354e+00 8.718468847094134474e-16
-1.650000000000007461e+00 8.920692961685026288e-16
-1.645000000000007567e+00 9.128061669768044087e-16
-1.640000000000007674e+00 9.340663712930213902e-16
-1.635000000000007780e+00 9.558590930719335054e-16
-1.630000000000007887e+00 9.781938315890044207e-16
-1.625000000000007994e+00 1.001080407162814633e-15
-1.620000000000008100e+00 1.024528967078843032e-15
-1.615000000000008207e+00 1.048549991718270250e-15
-1.610000000000008313e+00 1.073154300895645564e-15
-1.605000000000008420e+00 1.098353060409391230e-15
-1.600000000000008527e+00 1.124157788809307265e-15
-1.595000000000008633e+00 1.160821080448804465e-15
-1.590000000000008740e+00 1.198132073455146106e-15
-1.585000000000008846e+00 1.236113123361300142e-15
-1.580000000000008953e+00 1.274787008871153750e-15
-1.575000000000009059e+00 1.314176944706303087e-15
-1.570000000000009166e+00 1.354306594694276496e-15
-1.565000000000009273e+00 1.395200085106246603e-15
-1.560000000000009379e+00 1.436882018252479451e-15
-1.555000000000009486e+00 1.479377486343947466e-15
-1.550000000000009592e+00 1.522712085628707612e-15
-1.545000000000009699e+00 1.566911930811829875e-15
-1.540000000000009805e+00 1.612003669767869291e-15
-1.535000000000009912e+00 1.658014498555052231e-15
-1.530000000000010019e+00 1.704972176740575613e-15
-1.525000000000010125e+00 1.752905043046605887e-15
-1.520000000000010232e+00 1.801842031326804225e-15
-1.515000000000010338e+00 1.851812686883406515e-15
-1.510000000000010445e+00 1.902847183135149643e-15
-1.505000000000010552e+00 1.954976338646532744e-15
-1.500000000000010658e+00 2.008231634529182565e-15
-1.495000000000010765e+00 2.044318093125240114e-15
-1.490000000000010871e+00 2.081695529833680018e-15
-1.485000000000010978e+00 2.120390488889262584e-15
-1.480000000000011084e+00 2.160430471667476232e-15
-1.475000000000011191e+00 2.201843951698408436e-15
-1.470000000000011298e+00 2.244660390356894481e-15
-1.465000000000011404e+00 2.288910253238374504e-15
-1.460000000000011511e+00 2.334625027230325476e-15
-1.455000000000011617e+00 2.381837238289522139e-15
-1.450000000000011724e+00 2.430580469935853439e-15
-1.445000000000011831e+00 2.480889382473827253e-15
-1.440000000000011937e+00 2.532799732953399093e-15
-1.435000000000012044e+00 2.586348395882131680e-15
-1.430000000000012150e+00 2.641573384701270435e-15
-1.425000000000012257e+00 2.698513874038696699e-15
-1.420000000000012363e+00 2.757210222752241478e-15
-1.415000000000012470e+00 2.817703997777350165e-15
-1.410000000000012577e+00 2.880037998793557666e-15
-1.405000000000012683e+00 2.944256283724749667e-15
-1.400000000000012790e+00 3.010404195088720230e-15
-1.395000000000012896e+00 3.112184278854994069e-15
-1.390000000000013003e+00 3.215973062501349656e-15
-1.385000000000013110e+00 3.321825743685163087e-15
-1.380000000000013216e+00 3.429798753630038579e-15
-1.375000000000013323e+00 3.539949793656327995e-15
-1.370000000000013429e+00 3.652337872526835165e-15
-1.365000000000013536e+00 3.767023344630439584e-15
-1.360000000000013642e+00 3.884067949026923110e-15
-1.355000000000013749e+00 4.003534849376863496e-15
-1.350000000000013856e+00 4.125488674780968974e-15
-1.345000000000013962e+00 4.249995561553819370e-15
-1.340000000000014069e+00 4.377123195957572846e-15
-1.335000000000014175e+00 4.506940857921777961e-15
-1.330000000000014282e+00 4.639519465776043690e-15
-1.325000000000014388e+00 4.774931622022984262e-15
-1.320000000000014495e+00 4.913251660179515960e-15
-1.315000000000014602e+00 5.054555692715207786e-15
-1.310000000000014708e+00 5.198921660117118409e-15
-1.305000000000014815e+00 5.346429381111296458e-15
-1.300000000000014921e+00 5.497160604071783128e-15
-1.295000000000015028e+00 5.653386629769985478e-15
-1.290000000000015135e+00 5.812792028638041077e-15
-1.285000000000015241e+00 5.975483452503020144e-15
-1.280000000000015348e+00 6.141569615034694294e-15
-1.275000000000015454e+00 6.311161359913781779e-15
-1.270000000000015561e+00 6.484371730403032761e-15
-1.265000000000015667e+00 6.661316040366118098e-15
-1.260000000000015774e+00 6.842111946780171039e-15
-1.255000000000015881e+00 7.026879523788925349e-15
-1.250000000000015987e+00 7.215741338344368451e-15
-1.245000000000016094e+00 7.408822527485902558e-15
-1.240000000000016200e+00 7.606250877307079660e-15
-1.235000000000016307e+00 7.808156903661088492e-15
-1.230000000000016414e+00 8.014673934657344670e-15
-1.225000000000016520e+00 8.225938195002677433e-15
-1.220000000000016627e+00 8.442088892241774748e-15
-1.215000000000016733e+00 8.663268304952894323e-15
-1.210000000000016840e+00 8.889621872955991912e-15
-1.205000000000016946e+00 9.121298289591809881e-15
-1.200000000000017053e+00 9.358449596131757954e-15
-1.195000000000017160e+00 9.541189134791017426e-15
-1.190000000000017266e+00 9.729838829541637662e-15
-1.185000000000017373e+00 9.924517260089546256e-15
-1.180000000000017479e+00 1.012534670889170264e-14
-1.175000000000017586e+00 1.033245322984306589e-14
-1.170000000000017693e+00 1.054596671944066159e-14
-1.165000000000017799e+00 1.076602099046664867e-14
-1.160000000000017906e+00 1.099275384823311121e-14
-1.155000000000018012e+00 1.122630716943305406e-14
-1.150000000000018119e+00 1.146682698364314500e-14
-1.145000000000018225e+00 1.171446355752555081e-14
-1.140000000000018332e+00 1.196937148177742945e-14
-1.135000000000018439e+00 1.223170976087835418e-14
-1.130000000000018545e+00 1.250164190568741872e-14
-1.125000000000018652e+00 1.277933602894337902e-14
-1.120000000000018758e+00 1.306496494372288616e-14
-1.115000000000018865e+00 1.335870626491345523e-14
-1.110000000000018971e+00 1.366074251375956822e-14
-1.105000000000019078e+00 1.397126122554211343e-14
-1.100000000000019185e+00 1.429045506045306963e-14
-1.095000000000019291e+00 1.467674793253138570e-14
-1.090000000000019398e+00 1.507167685582837117e-14
-1.085000000000019504e+00 1.547550147576627468e-14
-1.080000000000019611e+00 1.588848692698095843e-14
-1.075000000000019718e+00 1.631090399416302264e-14
-1.070000000000019824e+00 1.674302927592199653e-14
-1.065000000000019931e+00 1.718514535176549797e-14
-1.060000000000020037e+00 1.763754095228711017e-14
-1.055000000000020144e+00 1.810051113265863257e-14
-1.050000000000020250e+00 1.857435744952484661e-14
-1.045000000000020357e+00 1.905938814140051151e-14
-1.040000000000020464e+00 1.955591831267182966e-14
-1.035000000000020570e+00 2.006427012130675096e-14
-1.030000000000020677e+00 2.058477297038065977e-14
-1.025000000000020783e+00 2.111776370352666060e-14
-1.020000000000020890e+00 2.166358680442168571e-14
-1.015000000000020997e+00 2.222259460042253168e-14
-1.010000000000021103e+00 2.279514747046828608e-14
-1.005000000000021210e+00 2.338161405736826237e-14
-1.000000000000021316e+00 2.398237148459736595e-14
-9.950000000000214229e-01 2.398237148459994711e-14
-9.900000000000215294e-01 2.398237148459993448e-14
-9.850000000000216360e-01 2.398237148459992502e-14
-9.800000000000217426e-01 2.398237148459991555e-14
-9.750000000000218492e-01 2.398237148459990293e-14
-9.700000000000219558e-01 2.398237148459989031e-14
-9.650000000000220624e-01 2.398237148459987769e-14
-9.600000000000221689e-01 2.398237148459986507e-14
-9.550000000000222755e-01 2.398237148459985560e-14
-9.500000000000223821e-01 2.398237148459984613e-14
-9.450000000000224887e-01 2.398237148459983351e-14
-9.400000000000225953e-01 2.398237148459982089e-14
-9.350000000000227018e-01 2.398237148459981142e-14
-9.300000000000228084e-01 2.398237148459980196e-14
-9.250000000000229150e-01 2.398237148459978933e-14
-9.200000000000230216e-01 2.398237148459977356e-14
-9.150000000000231282e-01 2.398237148459975778e-14
-9.100000000000232347e-01 2.398237148459974516e-14
-9.050000000000233413e-01 2.398237148459973254e-14
-9.000000000000234479e-01 2.398237148459971676e-14
-8.950000000000235545e-01 2.398237148459970098e-14
-8.900000000000236611e-01 2.398237148459968520e-14
-8.850000000000237677e-01 2.398237148459966943e-14
-8.800000000000238742e-01 2.398237148459965365e-14
-8.750000000000239808e-01 2.398237148459963787e-14
-8.700000000000240874e-01 2.398237148459961894e-14
-8.650000000000241940e-01 2.398237148459960632e-14
-8.600000000000243006e-01 2.398237148459959054e-14
-8.550000000000244071e-01 2.398237148459957476e-14
-8.500000000000245137e-01 2.398237148459956214e-14
-8.450000000000246203e-01 2.398237148459955268e-14
-8.400000000000247269e-01 2.398237148459953690e-14
-8.350000000000248335e-01 2.398237148459950850e-14
-8.300000000000249401e-01 2.398237148459948641e-14
-8.250000000000250466e-01 2.398237148459950534e-14
-8.200000000000251532e-01 2.398237148459956214e-14
-8.150000000000252598e-01 2.398237148459963156e-14
-8.100000000000253664e-01 2.398237148459972307e-14
-8.050000000000254730e-01 2.398237148459983982e-14
-8.000000000000255795e-01 2.398237148459996288e-14
-7.950000000000256861e-01 2.398237148460007964e-14
-7.900000000000257927e-01 2.398237148460016483e-14
-7.850000000000258993e-01 2.398237148460023110e-14
-7.800000000000260059e-01 2.398237148460031629e-14
-7.750000000000261124e-01 2.398237148460042673e-14
-7.700000000000262190e-01 2.398237148460054033e-14
-7.650000000000263256e-01 2.398237148460064130e-14
-7.600000000000264322e-01 2.398237148460075490e-14
-7.550000000000265388e-01 2.398237148460087481e-14
-7.500000000000266454e-01 2.398237148460099471e-14
-7.450000000000267519e-01 2.398237148460113040e-14
-7.400000000000268585e-01 2.398237148460127239e-14
-7.350000000000269651e-01 2.398237148460140492e-14
-7.300000000000270717e-01 2.398237148460153745e-14
-7.250000000000271783e-01 2.398237148460166998e-14
-7.200000000000272848e-01 2.398237148460179620e-14
-7.150000000000273914e-01 2.398237148460192873e-14
-7.100000000000274980e-01 2.398237148460207072e-14
-7.050000000000276046e-01 2.398237148460221272e-14
-7.000000000000277112e-01 2.398237148460235471e-14
-6.950000000000278177e-01 2.398237148460249986e-14
-6.900000000000279243e-01 2.398237148460263870e-14
-6.850000000000280309e-01 2.398237148460278069e-14
-6.800000000000281375e-01 2.398237148460292269e-14
-6.750000000000282441e-01 2.398237148460306153e-14
-6.700000000000283507e-01 2.398237148460319090e-14
-6.650000000000284572e-01 2.398237148460332659e-14
-6.600000000000285638e-01 2.398237148460346543e-14
-6.550000000000286704e-01 2.398237148460360427e-14
-6.500000000000287770e-01 2.398237148460373364e-14
-6.450000000000288836e-01 2.398237148460386932e-14
-6.400000000000289901e-01 2.398237148460398923e-14
-6.350000000000290967e-01 2.398237148460409651e-14
-6.300000000000292033e-01 2.398237148460421642e-14
-6.250000000000293099e-01 2.398237148460434264e-14
-6.200000000000294165e-01 2.398237148460444677e-14
-6.150000000000295231e-01 2.398237148460452881e-14
-6.100000000000296296e-01 2.398237148460459823e-14
-6.050000000000297362e-01 2.398237148460467081e-14
-6.000000000000298428e-01 2.398237148460473707e-14
-5.950000000000299494e-01 2.398237148460480018e-14
-5.900000000000300560e-01 2.398237148460484751e-14
-5.850000000000301625e-01 2.398237148460488222e-14
-5.800000000000302691e-01 2.398237148460492640e-14
-5.750000000000303757e-01 2.398237148460497688e-14
-5.700000000000304823e-01 2.398237148460504315e-14
-5.650000000000305889e-01 2.398237148460512834e-14
-5.600000000000306954e-01 2.398237148460520408e-14
-5.550000000000308020e-01 2.398237148460526403e-14
-5.500000000000309086e-01 2.398237148460532083e-14
-5.450000000000310152e-01 2.398237148460537447e-14
-5.400000000000311218e-01 2.398237148460543127e-14
-5.350000000000312284e-01 2.398237148460547544e-14
-5.300000000000313349e-01 2.398237148460552909e-14
-5.250000000000314415e-01 2.398237148460559220e-14
-5.200000000000315481e-01 2.398237148460565530e-14
-5.150000000000316547e-01 2.398237148460571210e-14
-5.100000000000317613e-01 2.398237148460575943e-14
-5.050000000000318678e-01 2.398237148460580045e-14
-5.000000000000319744e-01 2.398237148460582254e-14
-4.950000000000320810e-01 2.398237148460589196e-14
-4.900000000000321876e-01 2.398237148460594560e-14
-4.850000000000322942e-01 2.398237148460587303e-14
-4.800000000000324007e-01 2.398237148460574997e-14
-4.750000000000325073e-01 2.398237148460563006e-14
-4.700000000000326139e-01 2.398237148460551015e-14
-4.650000000000327205e-01 2.398237148460537763e-14
-4.600000000000328271e-01 2.398237148460524510e-14
-4.550000000000329337e-01 2.398237148460511572e-14
-4.500000000000330402e-01 2.398237148460498004e-14
-4.450000000000331468e-01 2.398237148460484436e-14
-4.400000000000332534e-01 2.398237148460471498e-14
-4.350000000000333600e-01 2.398237148460459192e-14
-4.300000000000334666e-01 2.398237148460447201e-14
-4.250000000000335731e-01 2.398237148460433633e-14
-4.200000000000336797e-01 2.398237148460419433e-14
-4.150000000000337863e-01 2.398237148460405865e-14
-4.100000000000338929e-01 2.398237148460392928e-14
-4.050000000000339995e-01 2.398237148460379675e-14
-4.000000000000341061e-01 2.398237148460366106e-14
-3.950000000000342126e-01 2.398237148460352538e-14
-3.900000000000343192e-01 2.398237148460338023e-14
-3.850000000000344258e-01 2.398237148460322246e-14
-3.800000000000345324e-01 2.398237148460309939e-14
-3.750000000000346390e-01 2.398237148460304891e-14
-3.700000000000347455e-01 2.398237148460303629e-14
-3.650000000000348521e-01 2.398237148460299842e-14
-3.600000000000349587e-01 2.398237148460292900e-14
-3.550000000000350653e-01 2.398237148460287536e-14
-3.500000000000351719e-01 2.398237148460284696e-14
-3.450000000000352784e-01 2.398237148460281856e-14
-3.400000000000353850e-01 2.398237148460280278e-14
-3.350000000000354916e-01 2.398237148460281225e-14
-3.300000000000355982e-01 2.398237148460281540e-14
-3.250000000000357048e-01 2.398237148460280594e-14
-3.200000000000358114e-01 2.398237148460279647e-14
-3.150000000000359179e-01 2.398237148460277123e-14
-3.100000000000360245e-01 2.398237148460273336e-14
-3.050000000000361311e-01 2.398237148460270181e-14
-3.000000000000362377e-01 2.398237148460268919e-14
-2.950000000000363443e-01 2.398237148460268288e-14
-2.900000000000364508e-01 2.398237148460267341e-14
-2.850000000000365574e-01 2.398237148460266079e-14
-2.800000000000366640e-01 2.398237148460264501e-14
-2.750000000000367706e-01 2.398237148460263554e-14
-2.700000000000368772e-01 2.398237148460262923e-14
-2.650000000000369837e-01 2.398237148460261977e-14
-2.600000000000370903e-01 2.398237148460260083e-14
-2.550000000000371969e-01 2.398237148460256612e-14
-2.500000000000373035e-01 2.398237148460253457e-14
-2.450000000000374101e-01 2.398237148460250302e-14
-2.400000000000375167e-01 2.398237148460247146e-14
-2.350000000000376232e-01 2.398237148460243044e-14
-2.300000000000377298e-01 2.398237148460238626e-14
-2.250000000000378364e-01 2.398237148460234840e-14
-2.200000000000379430e-01 2.398237148460231369e-14
-2.150000000000380496e-01 2.398237148460227582e-14
-2.100000000000381561e-01 2.398237148460224111e-14
-2.050000000000382627e-01 2.398237148460220956e-14
-2.000000000000383693e-01 2.398237148460218116e-14
-1.950000000000384759e-01 2.398237148460215276e-14
-1.900000000000385825e-01 2.398237148460211805e-14
-1.850000000000386891e-01 2.398237148460208965e-14
-1.800000000000387956e-01 2.398237148460206441e-14
-1.750000000000389022e-01 2.398237148460203917e-14
-1.700000000000390088e-01 2.398237148460201077e-14
-1.650000000000391154e-01 2.398237148460197606e-14
-1.600000000000392220e-01 2.398237148460193819e-14
-1.550000000000393285e-01 2.398237148460189086e-14
-1.500000000000394351e-01 2.398237148460184668e-14
-1.450000000000395417e-01 2.398237148460180882e-14
-1.400000000000396483e-01 2.398237148460177726e-14
-1.350000000000397549e-01 2.398237148460174571e-14
-1.300000000000398614e-01 2.398237148460170153e-14
-1.250000000000399680e-01 2.398237148460165420e-14
-1.200000000000400746e-01 2.398237148460161634e-14
-1.150000000000401812e-01 2.398237148460157532e-14
-1.100000000000402878e-01 2.398237148460153429e-14
-1.050000000000403944e-01 2.398237148460149958e-14
-1.000000000000405009e-01 2.398237148460147119e-14
-9.500000000004060752e-02 2.398237148460145225e-14
-9.000000000004071410e-02 2.398237148460144594e-14
-8.500000000004082068e-02 2.398237148460143963e-14
-8.000000000004092726e-02 2.398237148460143017e-14
-7.500000000004103384e-02 2.398237148460141754e-14
-7.000000000004114042e-02 2.398237148460140492e-14
-6.500000000004124701e-02 2.398237148460139861e-14
-6.000000000004135359e-02 2.398237148460139230e-14
-5.500000000004146017e-02 2.398237148460138599e-14
-5.000000000004156675e-02 2.398237148460138283e-14
-4.500000000004167333e-02 2.398237148460138283e-14
-4.000000000004177991e-02 2.398237148460138914e-14
-3.500000000004188649e-02 2.398237148460139230e-14
-3.000000000004199308e-02 2.398237148460138914e-14
-2.500000000004209966e-02 2.398237148460138914e-14
-2.000000000004220624e-02 2.398237148460139546e-14
-1.500000000004231282e-02 2.398237148460140177e-14
-1.000000000004241940e-02 2.398237148460139546e-14
-5.000000000042525983e-03 2.398237148460138914e-14
-4.263256414560601115e-14 2.398237148460138914e-14
4.999999999957260854e-03 2.398237148460138914e-14
9.999999999957154273e-03 2.398237148460138283e-14
1.499999999995704769e-02 2.398237148460137968e-14
1.999999999995694111e-02 2.398237148460138283e-14
2.499999999995683453e-02 2.398237148460138283e-14
2.999999999995672795e-02 2.398237148460137968e-14
3.499999999995662137e-02 2.398237148460137968e-14
3.999999999995651478e-02 2.398237148460137652e-14
4.499999999995640820e-02 2.398237148460137652e-14
4.999999999995630162e-02 2.398237148460138283e-14
5.499999999995619504e-02 2.398237148460139230e-14
5.999999999995608846e-02 2.398237148460140177e-14
6.499999999995598188e-02 2.398237148460141439e-14
6.999999999995587530e-02 2.398237148460142701e-14
7.499999999995576871e-02 2.398237148460143963e-14
7.999999999995566213e-02 2.398237148460144910e-14
8.499999999995555555e-02 2.398237148460145856e-14
8.999999999995544897e-02 2.398237148460146172e-14
9.499999999995534239e-02 2.398237148460146172e-14
9.999999999995523581e-02 2.398237148460146172e-14
1.049999999999551292e-01 2.398237148460146172e-14
1.099999999999550226e-01 2.398237148460146172e-14
1.149999999999549161e-01 2.398237148460146487e-14
1.199999999999548095e-01 2.398237148460147750e-14
1.249999999999547029e-01 2.398237148460149327e-14
1.299999999999545963e-01 2.398237148460151536e-14
1.349999999999544897e-01 2.398237148460153745e-14
1.399999999999543832e-01 2.398237148460156269e-14
1.449999999999542766e-01 2.398237148460159109e-14
1.499999999999541700e-01 2.398237148460161949e-14
1.549999999999540634e-01 2.398237148460165105e-14
1.599999999999539568e-01 2.398237148460167629e-14
1.649999999999538502e-01 2.398237148460169522e-14
1.699999999999537437e-01 2.398237148460171100e-14
1.749999999999536371e-01 2.398237148460173624e-14
1.799999999999535305e-01 2.398237148460176149e-14
1.849999999999534239e-01 2.398237148460177726e-14
1.899999999999533173e-01 2.398237148460179304e-14
1.949999999999532108e-01 2.398237148460182144e-14
1.999999999999531042e-01 2.398237148460184668e-14
2.049999999999529976e-01 2.398237148460187193e-14
2.099999999999528910e-01 2.398237148460189717e-14
2.149999999999527844e-01 2.398237148460192557e-14
2.199999999999526779e-01 2.398237148460194766e-14
2.249999999999525713e-01 2.398237148460196659e-14
2.299999999999524647e-01 2.398237148460199183e-14
2.349999999999523581e-01 2.398237148460201392e-14
2.399999999999522515e-01 2.398237148460203285e-14
2.449999999999521449e-01 2.398237148460204232e-14
2.499999999999520384e-01 2.398237148460204863e-14
2.549999999999519318e-01 2.398237148460206441e-14
2.599999999999518252e-01 2.398237148460206756e-14
2.649999999999517186e-01 2.398237148460207388e-14
2.699999999999516120e-01 2.398237148460208650e-14
2.749999999999515055e-01 2.398237148460209596e-14
2.799999999999513989e-01 2.398237148460209912e-14
2.849999999999512923e-01 2.398237148460209912e-14
2.899999999999511857e-01 2.398237148460210227e-14
2.949999999999510791e-01 2.398237148460210543e-14
2.999999999999509726e-01 2.398237148460210543e-14
3.049999999999508660e-01 2.398237148460210859e-14
3.099999999999507594e-01 2.398237148460211174e-14
3.149999999999506528e-01 2.398237148460210543e-14
3.199999999999505462e-01 2.398237148460209912e-14
3.249999999999504396e-01 2.398237148460210859e-14
3.299999999999503331e-01 2.398237148460212752e-14
3.349999999999502265e-01 2.398237148460214961e-14
3.399999999999501199e-01 2.398237148460216854e-14
3.449999999999500133e-01 2.398237148460218432e-14
3.499999999999499067e-01 2.398237148460218116e-14
3.549999999999498002e-01 2.398237148460220325e-14
3.599999999999496936e-01 2.398237148460232631e-14
3.649999999999495870e-01 2.398237148460251879e-14
3.699999999999494804e-01 2.398237148460274599e-14
3.749999999999493738e-01 2.398237148460297002e-14
3.799999999999492672e-01 2.398237148460317513e-14
3.849999999999491607e-01 2.398237148460336761e-14
3.899999999999490541e-01 2.398237148460355693e-14
3.949999999999489475e-01 2.398237148460375573e-14
3.999999999999488409e-01 2.398237148460395452e-14
4.049999999999487343e-01 2.398237148460411229e-14
4.099999999999486278e-01 2.398237148460423535e-14
4.149999999999485212e-01 2.398237148460437104e-14
4.199999999999484146e-01 2.398237148460451619e-14
4.249999999999483080e-01 2.398237148460466449e-14
4.299999999999482014e-01 2.398237148460481280e-14
4.349999999999480949e-01 2.398237148460496426e-14
4.399999999999479883e-01 2.398237148460509995e-14
4.449999999999478817e-01 2.398237148460523563e-14
4.499999999999477751e-01 2.398237148460537763e-14
4.549999999999476685e-01 2.398237148460551962e-14
4.599999999999475619e-01 2.398237148460566793e-14
4.649999999999474554e-01 2.398237148460582570e-14
4.699999999999473488e-01 2.398237148460597716e-14
4.749999999999472422e-01 2.398237148460613178e-14
4.799999999999471356e-01 2.398237148460628324e-14
4.849999999999470290e-01 2.398237148460642208e-14
4.899999999999469225e-01 2.398237148460652936e-14
4.949999999999468159e-01 2.398237148460651674e-14
4.999999999999467093e-01 2.398237148460637475e-14
5.049999999999466027e-01 2.398237148460624853e-14
5.099999999999464961e-01 2.398237148460615702e-14
5.149999999999463896e-01 2.398237148460606236e-14
5.199999999999462830e-01 2.398237148460595192e-14
5.249999999999461764e-01 2.398237148460583832e-14
5.299999999999460698e-01 2.398237148460572472e-14
5.349999999999459632e-01 2.398237148460560797e-14
5.399999999999458566e-01 2.398237148460549438e-14
5.449999999999457501e-01 2.398237148460537763e-14
5.499999999999456435e-01 2.398237148460526087e-14
5.549999999999455369e-01 2.398237148460514412e-14
5.599999999999454303e-01 2.398237148460503684e-14
5.649999999999453237e-01 2.398237148460492640e-14
5.699999999999452172e-01 2.398237148460481280e-14
5.749999999999451106e-01 2.398237148460469920e-14
5.799999999999450040e-01 2.398237148460458561e-14
5.849999999999448974e-01 2.398237148460447832e-14
5.899999999999447908e-01 2.398237148460437104e-14
5.949999999999446842e-01 2.398237148460426375e-14
5.999999999999445777e-01 2.398237148460415016e-14
6.049999999999444711e-01 2.398237148460403025e-14
6.099999999999443645e-01 2.398237148460390719e-14
6.149999999999442579e-01 2.398237148460378413e-14
6.199999999999441513e-01 2.398237148460366422e-14
6.249999999999440448e-01 2.398237148460354431e-14
6.299999999999439382e-01 2.398237148460342756e-14
6.349999999999438316e-01 2.398237148460331081e-14
6.399999999999437250e-01 2.398237148460320037e-14
6.449999999999436184e-01 2.398237148460309624e-14
6.499999999999435119e-01 2.398237148460297633e-14
6.549999999999434053e-01 2.398237148460285327e-14
6.599999999999432987e-01 2.398237148460272074e-14
6.649999999999431921e-01 2.398237148460257559e-14
6.699999999999430855e-01 2.398237148460242729e-14
6.749999999999429789e-01 2.398237148460227582e-14
6.799999999999428724e-01 2.398237148460212121e-14
6.849999999999427658e-01 2.398237148460196975e-14
6.899999999999426592e-01 2.398237148460182775e-14
6.949999999999425526e-01 2.398237148460168260e-14
6.999999999999424460e-01 2.398237148460153745e-14
7.049999999999423395e-01 2.398237148460139230e-14
7.099999999999422329e-01 2.398237148460125346e-14
7.149999999999421263e-01 2.398237148460111462e-14
7.199999999999420197e-01 2.398237148460097894e-14
7.249999999999419131e-01 2.398237148460084010e-14
7.299999999999418065e-01 2.398237148460069495e-14
7.349999999999417000e-01 2.398237148460054980e-14
7.399999999999415934e-01 2.398237148460040465e-14
7.449999999999414868e-01 2.398237148460025003e-14
7.499999999999413802e-01 2.398237148460009226e-14
7.549999999999412736e-01 2.398237148459993448e-14
7.599999999999411671e-01 2.398237148459976725e-14
7.649999999999410605e-01 2.398237148459961578e-14
7.699999999999409539e-01 2.398237148459951166e-14
7.749999999999408473e-01 2.398237148459940437e-14
7.799999999999407407e-01 2.398237148459929077e-14
7.849999999999406342e-01 2.398237148459919611e-14
7.899999999999405276e-01 2.398237148459908883e-14
7.949999999999404210e-01 2.398237148459899732e-14
7.999999999999403144e-01 2.398237148459897207e-14
8.049999999999402078e-01 2.398237148459896576e-14
8.099999999999401012e-01 2.398237148459895630e-14
8.149999999999399947e-01 2.398237148459894683e-14
8.199999999999398881e-01 2.398237148459894052e-14
8.249999999999397815e-01 2.398237148459893421e-14
8.299999999999396749e-01 2.398237148459893421e-14
8.349999999999395683e-01 2.398237148459894368e-14
8.399999999999394618e-01 2.398237148459894999e-14
8.449999999999393552e-01 2.398237148459895630e-14
8.499999999999392486e-01 2.398237148459896576e-14
8.549999999999391420e-01 2.398237148459896892e-14
8.599999999999390354e-01 2.398237148459897207e-14
8.649999999999389289e-01 2.398237148459897523e-14
8.699999999999388223e-01 2.398237148459898154e-14
8.749999999999387157e-01 2.398237148459898785e-14
8.799999999999386091e-01 2.398237148459899416e-14
8.849999999999385025e-01 2.398237148459900047e-14
8.899999999999383959e-01 2.398237148459900994e-14
8.949999999999382894e-01 2.398237148459901941e-14
8.999999999999381828e-01 2.398237148459903203e-14
9.049999999999380762e-01 2.398237148459904149e-14
9.099999999999379696e-01 2.398237148459905096e-14
9.149999999999378630e-01 2.398237148459905727e-14
9.199999999999377565e-01 2.398237148459906674e-14
9.249999999999376499e-01 2.398237148459907620e-14
9.299999999999375433e-01 2.398237148459908567e-14
9.349999999999374367e-01 2.398237148459909514e-14
9.399999999999373301e-01 2.398237148459910776e-14
9.449999999999372235e-01 2.398237148459911722e-14
9.499999999999371170e-01 2.398237148459912669e-14
9.549999999999370104e-01 2.398237148459913931e-14
9.599999999999369038e-01 2.398237148459914878e-14
9.649999999999367972e-01 2.398237148459915825e-14
9.699999999999366906e-01 2.398237148459916456e-14
9.749999999999365841e-01 2.398237148459917087e-14
9.799999999999364775e-01 2.398237148459918033e-14
9.849999999999363709e-01 2.398237148459918980e-14
9.899999999999362643e-01 2.398237148459919927e-14
9.949999999999361577e-01 2.398237148459920873e-14
9.999999999999360512e-01 2.398237148459921504e-14
1.004999999999935945e+00 2.335658152184973160e-14
1.009999999999935838e+00 2.274547477286607990e-14
1.014999999999935731e+00 2.214861520088937978e-14
1.019999999999935625e+00 2.156557541870452444e-14
1.024999999999935518e+00 2.099593641051106196e-14
1.029999999999935412e+00 2.043928725925343285e-14
1.034999999999935305e+00 1.989522487923959546e-14
1.039999999999935199e+00 1.936335375387231258e-14
1.044999999999935092e+00 1.884328567832102962e-14
1.049999999999934985e+00 1.833463950696496038e-14
1.054999999999934879e+00 1.783704090544153005e-14
1.059999999999934772e+00 1.735012210713699817e-14
1.064999999999934666e+00 1.687352167395939090e-14
1.069999999999934559e+00 1.640688426123623862e-14
1.074999999999934452e+00 1.594986038658262530e-14
1.079999999999934346e+00 1.550210620258771587e-14
1.084999999999934239e+00 1.506328327317029777e-14
1.089999999999934133e+00 1.463305835345649491e-14
1.094999999999934026e+00 1.421110317303513478e-14
1.099999999999933920e+00 1.379709422244865537e-14
1.104999999999933813e+00 1.345095399456146419e-14
1.109999999999933706e+00 1.311308921430843444e-14
1.114999999999933600e+00 1.278330986786184682e-14
1.119999999999933493e+00 1.246143066076932487e-14
1.124999999999933387e+00 1.214727091745504292e-14
1.129999999999933280e+00 1.184065448364862882e-14
1.134999999999933173e+00 1.154140963167934050e-14
1.139999999999933067e+00 1.124936896857553119e-14
1.144999999999932960e+00 1.096436934691134020e-14
1.149999999999932854e+00 1.068625177834417556e-14
1.154999999999932747e+00 1.041486134978822116e-14
1.159999999999932641e+00 1.015004714217093639e-14
1.164999999999932534e+00 9.891662151721127152e-15
1.169999999999932427e+00 9.639563213738601360e-15
1.174999999999932321e+00 9.393610928797222042e-15
1.179999999999932214e+00 9.153669591334452465e-15
1.184999999999932108e+00 8.919607120582126814e-15
1.189999999999932001e+00 8.691294993794596828e-15
1.194999999999931894e+00 8.468608181731805770e-15
1.199999999999931788e+00 8.251425086356295805e-15
1.204999999999931681e+00 8.079039609917338125e-15
1.209999999999931575e+00 7.912099477203956888e-15
1.214999999999931468e+00 7.750477596865195454e-15
1.219999999999931362e+00 7.594050609214315344e-15
1.224999999999931255e+00 7.442698806353840172e-15
1.229999999999931148e+00 7.296306054598136455e-15
1.234999999999931042e+00 7.154759719145693199e-15
1.239999999999930935e+00 7.017950590954894304e-15
1.244999999999930829e+00 6.885772815778680806e-15
1.249999999999930722e+00 6.758123825314834738e-15
1.254999999999930616e+00 6.634904270429953466e-15
1.259999999999930509e+00 6.516017956416511870e-15
1.264999999999930402e+00 6.401371780243701024e-15
1.269999999999930296e+00 6.290875669764032148e-15
1.274999999999930189e+00 6.184442524838875463e-15
1.279999999999930083e+00 6.081988160347414723e-15
1.284999999999929976e+00 5.983431251044597831e-15
1.289999999999929869e+00 5.888693278234953746e-15
1.294999999999929763e+00 5.797698478230149338e-15
1.299999999999929656e+00 5.710373792559466944e-15
1.304999999999929550e+00 5.551708895941545566e-15
1.309999999999929443e+00 5.396528093718178040e-15
1.314999999999929337e+00 5.244735701073041033e-15
1.319999999999929230e+00 5.096238277015190612e-15
1.324999999999929123e+00 4.950944564646188694e-15
1.329999999999929017e+00 4.808765432719331607e-15
1.334999999999928910e+00 4.669613818453295279e-15
1.339999999999928804e+00 4.533404671562196843e-15
1.344999999999928697e+00 4.400054899464861298e-15
1.349999999999928590e+00 4.269483313636806056e-15
1.354999999999928484e+00 4.141610577069129851e-15
1.359999999999928377e+00 4.016359152799297972e-15
1.364999999999928271e+00 3.893653253479321391e-15
1.369999999999928164e+00 3.773418791947672243e-15
1.374999999999928058e+00 3.655583332771753829e-15
1.379999999999927951e+00 3.540076044728472154e-15
1.384999999999927844e+00 3.426827654191026435e-15
1.389999999999927738e+00 3.315770399390583420e-15
1.394999999999927631e+00 3.206837985522152781e-15
1.399999999999927525e+00 3.099965540664448248e-15
1.404999999999927418e+00 3.020179159663033188e-15
1.409999999999927311e+00 2.942183123155849732e-15
1.414999999999927205e+00 2.865934722012085533e-15
1.419999999999927098e+00 2.791392373346550058e-15
1.424999999999926992e+00 2.718515593517603599e-15
1.429999999999926885e+00 2.647264971779597075e-15
1.434999999999926779e+00 2.577602144573701859e-15
1.439999999999926672e+00 2.509489770441812319e-15
1.444999999999926565e+00 2.442891505548464880e-15
1.449999999999926459e+00 2.377771979796110635e-15
1.454999999999926352e+00 2.314096773519380718e-15
1.459999999999926246e+00 2.251832394744294398e-15
1.464999999999926139e+00 2.190946256998688083e-15
1.469999999999926033e+00 2.131406657660410396e-15
1.474999999999925926e+00 2.073182756830142107e-15
1.479999999999925819e+00 2.016244556715967879e-15
1.484999999999925713e+00 1.960562881517100143e-15
1.489999999999925606e+00 1.906109357794411411e-15
1.494999999999925500e+00 1.852856395315694793e-15
1.499999999999925393e+00 1.800777168363821785e-15
1.504999999999925286e+00 1.761072870529666765e-15
1.509999999999925180e+00 1.722539769788723548e-15
1.514999999999925073e+00 1.685153477862326125e-15
1.519999999999924967e+00 1.648890389917010242e-15
1.524999999999924860e+00 1.613727670358388108e-15
1.529999999999924754e+00 1.579643239121610063e-15
1.534999999999924647e+00 1.546615758449554681e-15
1.539999999999924540e+00 1.514624620150391306e-15
1.544999999999924434e+00 1.483649933326485203e-15
1.549999999999924327e+00 1.453672512566920011e-15
1.554999999999924221e+00 1.424673866596243307e-15
1.559999999999924114e+00 1.396636187372317584e-15
1.564999999999924007e+00 1.369542339626502107e-15
1.569999999999923901e+00 1.343375850839640579e-15
1.574999999999923794e+00 1.318120901647664235e-15
1.579999999999923688e+00 1.293762316670883247e-15
1.584999999999923581e+00 1.270285555761333200e-15
1.589999999999923475e+00 1.247676705662821042e-15
1.594999999999923368e+00 1.225922472078590266e-15
1.599999999999923261e+00 1.205010172141814550e-15
1.604999999999923155e+00 1.173851857150523964e-15
1.609999999999923048e+00 1.143466397801328772e-15
1.614999999999922942e+00 1.113832983887993714e-15
1.619999999999922835e+00 1.084931280336565559e-15
1.624999999999922728e+00 1.056741414329330803e-15
1.629999999999922622e+00 1.029243962725122180e-15
1.634999999999922515e+00 1.002419939768374106e-15
1.639999999999922409e+00 9.762507850793372145e-16
1.644999999999922302e+00 9.507183519180347247e-16
1.649999999999922196e+00 9.258048957147218664e-16
1.654999999999922089e+00 9.014930628597659543e-16
1.659999999999921982e+00 8.777658797460369944e-16
1.664999999999921876e+00 8.546067420570479868e-16
1.669999999999921769e+00 8.319994042942415670e-16
1.674999999999921663e+00 8.099279695369719773e-16
1.679999999999921556e+00 7.883768794288706933e-16
1.684999999999921450e+00 7.673309043844338116e-16
1.689999999999921343e+00 7.467751340098003607e-16
1.694999999999921236e+00 7.266949677318312060e-16
1.699999999999921130e+00 7.070761056297246407e-16
1.704999999999921023e+00 6.891200424125685107e-16
1.709999999999920917e+00 6.715459058705959511e-16
1.714999999999920810e+00 6.543444327513331447e-16
1.719999999999920703e+00 6.375065833835968910e-16
1.724999999999920597e+00 6.210235356975444733e-16
1.729999999999920490e+00 6.048866793648797628e-16
1.734999999999920384e+00 5.890876100553561544e-16
1.739999999999920277e+00 5.736181238058038066e-16
1.744999999999920171e+00 5.584702114979681135e-16
1.749999999999920064e+00 5.436360534415244381e-16
1.754999999999919957e+00 5.291080140586861984e-16
1.759999999999919851e+00 5.148786366668806901e-16
1.764999999999919744e+00 5.009406383560376321e-16
1.769999999999919638e+00 4.872869049570784144e-16
1.774999999999919531e+00 4.739104860982504315e-16
1.779999999999919424e+00 4.608045903460111320e-16
1.784999999999919318e+00 4.479625804272007353e-16
1.789999999999919211e+00 4.353779685293044841e-16
1.794999999999919105e+00 4.230444116756412036e-16
1.799999999999918998e+00 4.109557071723633467e-16
1.804999999999918892e+00 4.030200351360549714e-16
1.809999999999918785e+00 3.953169030743049365e-16
1.814999999999918678e+00 3.878413616062434303e-16
1.819999999999918572e+00 3.805885952370043293e-16
1.824999999999918465e+00 3.735539189031918674e-16
1.829999999999918359e+00 3.667327745952643503e-16
1.834999999999918252e+00 3.601207280547687385e-16
1.839999999999918145e+00 3.537134655444770231e-16
1.844999999999918039e+00 3.475067906895306330e-16
1.849999999999917932e+00 3.414966213877456103e-16
1.854999999999917826e+00 3.356789867872872448e-16
1.859999999999917719e+00 3.300500243299682740e-16
1.864999999999917613e+00 3.246059768584719813e-16
1.869999999999917506e+00 3.193431897858524127e-16
1.874999999999917399e+00 3.142581083257006091e-16
1.879999999999917293e+00 3.093472747814206309e-16
1.884999999999917186e+00 3.046073258930936607e-16
1.889999999999917080e+00 3.000349902404529933e-16
1.894999999999916973e+00 2.956270857005364054e-16
1.899999999999916866e+00 2.913805169586159716e-16
1.904999999999916760e+00 2.839245640452782330e-16
1.909999999999916653e+00 2.766397646459518179e-16
1.914999999999916547e+00 2.695214533710514593e-16
1.919999999999916440e+00 2.625650748911682999e-16
1.924999999999916334e+00 2.557661810996394236e-16
1.929999999999916227e+00 2.491204283456631948e-16
1.934999999999916120e+00 2.426235747363799254e-16
1.939999999999916014e+00 2.362714775063282143e-16
1.944999999999915907e+00 2.300600904527238900e-16
1.949999999999915801e+00 2.239854614350474371e-16
1.954999999999915694e+00 2.180437299374658946e-16
1.959999999999915588e+00 2.122311246926501464e-16
1.964999999999915481e+00 2.065439613655859225e-16
1.969999999999915374e+00 2.009786402960107730e-16
1.974999999999915268e+00 1.955316442981452942e-16
1.979999999999915161e+00 1.901995365164189603e-16
1.984999999999915055e+00 1.849789583359237952e-16
1.989999999999914948e+00 1.798666273463613444e-16
1.994999999999914841e+00 1.748593353582789708e-16
