-2.000000000000000000e+00 2.964529847079513218e-05
-1.995000000000000107e+00 3.039577277151183661e-05
-1.990000000000000213e+00 3.116524541967705028e-05
-1.985000000000000320e+00 3.195419736074433734e-05
-1.980000000000000426e+00 3.276312171535946202e-05
-1.975000000000000533e+00 3.359252408757675538e-05
-1.970000000000000639e+00 3.444292288087820393e-05
-1.965000000000000746e+00 3.531484962219243916e-05
-1.960000000000000853e+00 3.620884929411641447e-05
-1.955000000000000959e+00 3.712548067554723158e-05
-1.950000000000001066e+00 3.806531669093718922e-05
-1.945000000000001172e+00 3.902894476839013465e-05
-1.940000000000001279e+00 4.001696720682323613e-05
-1.935000000000001386e+00 4.103000155242339015e-05
-1.930000000000001492e+00 4.206868098463364389e-05
-1.925000000000001599e+00 4.313365471191101674e-05
-1.920000000000001705e+00 4.422558837750288537e-05
-1.915000000000001812e+00 4.534516447549572345e-05
-1.910000000000001918e+00 4.649308277739604562e-05
-1.905000000000002025e+00 4.767006076951045915e-05
-1.900000000000002132e+00 4.887683410139796752e-05
-1.895000000000002238e+00 5.011415704567189226e-05
-1.890000000000002345e+00 5.138280296945348498e-05
-1.885000000000002451e+00 5.268356481774309655e-05
-1.880000000000002558e+00 5.401725560903932746e-05
-1.875000000000002665e+00 5.538470894350202466e-05
-1.870000000000002771e+00 5.678677952397962852e-05
-1.865000000000002878e+00 5.822434369022617127e-05
-1.860000000000002984e+00 5.969829996664228127e-05
-1.855000000000003091e+00 6.120956962388206929e-05
-1.850000000000003197e+00 6.275909725467726616e-05
-1.845000000000003304e+00 6.434785136423857395e-05
-1.840000000000003411e+00 6.597682497560277109e-05
-1.835000000000003517e+00 6.764703625030455455e-05
-1.830000000000003624e+00 6.935952912476061943e-05
-1.825000000000003730e+00 7.111537396276387162e-05
-1.820000000000003837e+00 7.291566822449566381e-05
-1.815000000000003944e+00 7.476153715247412326e-05
-1.810000000000004050e+00 7.665413447486731904e-05
-1.805000000000004157e+00 7.859464312661111607e-05
-1.800000000000004263e+00 8.058427598878176818e-05
-1.795000000000004370e+00 8.262427664668549993e-05
-1.790000000000004476e+00 8.471592016714171941e-05
-1.785000000000004583e+00 8.686051389543954031e-05
-1.780000000000004690e+00 8.905939827247168585e-05
-1.775000000000004796e+00 9.131394767255349295e-05
-1.770000000000004903e+00 9.362557126245183825e-05
-1.765000000000005009e+00 9.599571388216012391e-05
-1.760000000000005116e+00 9.842585694797038258e-05
-1.755000000000005222e+00 1.009175193784065983e-04
-1.750000000000005329e+00 1.034722585435982615e-04
-1.745000000000005436e+00 1.060916712386874742e-04
-1.740000000000005542e+00 1.087773946818777212e-04
-1.735000000000005649e+00 1.115311075377488473e-04
-1.730000000000005755e+00 1.143545309664765255e-04
-1.725000000000005862e+00 1.172494296996141221e-04
-1.720000000000005969e+00 1.202176131431067260e-04
-1.715000000000006075e+00 1.232609365082290749e-04
-1.710000000000006182e+00 1.263813019711529525e-04
-1.705000000000006288e+00 1.295806598618691550e-04
-1.700000000000006395e+00 1.328610098832075750e-04
-1.695000000000006501e+00 1.362244023607144916e-04
-1.690000000000006608e+00 1.396729395241772345e-04
-1.685000000000006715e+00 1.432087768215824578e-04
-1.680000000000006821e+00 1.468341242663422628e-04
-1.675000000000006928e+00 1.505512478186247951e-04
-1.670000000000007034e+00 1.543624708016527736e-04
-1.665000000000007141e+00 1.582701753538564768e-04
-1.660000000000007248e+00 1.622768039177875806e-04
-1.655000000000007354e+00 1.663848607667253103e-04
-1.650000000000007461e+00 1.705969135699289530e-04
-1.645000000000007567e+00 1.749155949975143268e-04
-1.640000000000007674e+00 1.793436043659588563e-04
-1.635000000000007780e+00 1.838837093252616145e-04
-1.630000000000007887e+00 1.885387475888149937e-04
-1.625000000000007994e+00 1.933116287070682515e-04
-1.620000000000008100e+00 1.982053358860907954e-04
-1.615000000000008207e+00 2.032229278521730507e-04
-1.610000000000008313e+00 2.083675407636303729e-04
-1.605000000000008420e+00 2.136423901710036316e-04
-1.600000000000008527e+00 2.190507730268837817e-04
-1.595000000000008633e+00 2.245960697466234098e-04
-1.590000000000008740e+00 2.302817463211766387e-04
-1.585000000000008846e+00 2.361113564834872638e-04
-1.580000000000008953e+00 2.420885439296767210e-04
-1.575000000000009059e+00 2.482170445964726859e-04
-1.570000000000009166e+00 2.545006889962918295e-04
-1.565000000000009273e+00 2.609434046114335760e-04
-1.560000000000009379e+00 2.675492183488856939e-04
-1.555000000000009486e+00 2.743222590572718571e-04
-1.550000000000009592e+00 2.812667601075158428e-04
-1.545000000000009699e+00 2.883870620388366622e-04
-1.540000000000009805e+00 2.956876152717269487e-04
-1.535000000000009912e+00 3.031729828896101322e-04
-1.530000000000010019e+00 3.108478434909173042e-04
-1.525000000000010125e+00 3.187169941133617549e-04
-1.520000000000010232e+00 3.267853532322453837e-04
-1.515000000000010338e+00 3.350579638346647907e-04
-1.510000000000010445e+00 3.435399965715424842e-04
-1.505000000000010552e+00 3.522367529894530370e-04
-1.500000000000010658e+00 3.611536688442612965e-04
-1.495000000000010765e+00 3.702963174986280219e-04
-1.490000000000010871e+00 3.796704134055986827e-04
-1.485000000000010978e+00 3.892818156802682313e-04
-1.480000000000011084e+00 3.991365317619361558e-04
-1.475000000000011191e+00 4.092407211689517640e-04
-1.470000000000011298e+00 4.196006993486133701e-04
-1.465000000000011404e+00 4.302229416245292870e-04
-1.460000000000011511e+00 4.411140872439055054e-04
-1.455000000000011617e+00 4.522809435272907483e-04
-1.450000000000011724e+00 4.637304901233744829e-04
-1.445000000000011831e+00 4.754698833714934240e-04
-1.440000000000011937e+00 4.875064607745771485e-04
-1.435000000000012044e+00 4.998477455853265377e-04
-1.430000000000012150e+00 5.125014515084913526e-04
-1.425000000000012257e+00 5.254754875221866487e-04
-1.420000000000012363e+00 5.387779628212613532e-04
-1.415000000000012470e+00 5.524171918858104434e-04
-1.410000000000012577e+00 5.664016996779928578e-04
-1.405000000000012683e+00 5.807402269704133296e-04
-1.400000000000012790e+00 5.954417358093895942e-04
-1.395000000000012896e+00 6.105154151165531704e-04
-1.390000000000013003e+00 6.259706864321261995e-04
-1.385000000000013110e+00 6.418172098037941680e-04
-1.380000000000013216e+00 6.580648898245121219e-04
-1.375000000000013323e+00 6.747238818232000838e-04
-1.370000000000013429e+00 6.918045982121529556e-04
-1.365000000000013536e+00 7.093177149951382897e-04
-1.360000000000013642e+00 7.272741784402461706e-04
-1.355000000000013749e+00 7.456852119216620224e-04
-1.350000000000013856e+00 7.645623229346416904e-04
-1.345000000000013962e+00 7.839173102880707053e-04
-1.340000000000014069e+00 8.037622714791026191e-04
-1.335000000000014175e+00 8.241096102544904481e-04
-1.330000000000014282e+00 8.449720443633309749e-04
-1.325000000000014388e+00 8.663626135060719779e-04
-1.320000000000014495e+00 8.882946874847498769e-04
-1.315000000000014602e+00 9.107819745595506196e-04
-1.310000000000014708e+00 9.338385300169190113e-04
-1.305000000000014815e+00 9.574787649545712541e-04
-1.300000000000014921e+00 9.817174552888983854e-04
-1.295000000000015028e+00 1.006569750990397600e-03
-1.290000000000015135e+00 1.032051185552889001e-03
-1.285000000000015241e+00 1.058177685702467018e-03
-1.280000000000015348e+00 1.084965581352214433e-03
-1.275000000000015454e+00 1.112431615808933240e-03
-1.270000000000015561e+00 1.140592956238252595e-03
-1.265000000000015667e+00 1.169467204394670666e-03
-1.260000000000015774e+00 1.199072407623222531e-03
-1.255000000000015881e+00 1.229427070139656620e-03
-1.250000000000015987e+00 1.260550164596173752e-03
-1.245000000000016094e+00 1.292461143939952796e-03
-1.240000000000016200e+00 1.325179953571872403e-03
-1.235000000000016307e+00 1.358727043813041631e-03
-1.230000000000016414e+00 1.393123382686910390e-03
-1.225000000000016520e+00 1.428390469024972374e-03
-1.220000000000016627e+00 1.464550345904228664e-03
-1.215000000000016733e+00 1.501625614424832765e-03
-1.210000000000016840e+00 1.539639447836512864e-03
-1.205000000000016946e+00 1.578615606022605589e-03
-1.200000000000017053e+00 1.618578450350761748e-03
-1.195000000000017160e+00 1.659552958899525440e-03
-1.190000000000017266e+00 1.701564742070630883e-03
-1.185000000000017373e+00 1.744640058596160469e-03
-1.180000000000017479e+00 1.788805831951166027e-03
-1.175000000000017586e+00 1.834089667181710388e-03
-1.170000000000017693e+00 1.880519868158926243e-03
-1.165000000000017799e+00 1.928125455269856254e-03
-1.160000000000017906e+00 1.976936183556137188e-03
-1.155000000000018012e+00 2.026982561311874240e-03
-1.150000000000018119e+00 2.078295869152310422e-03
-1.145000000000018225e+00 2.130908179565235878e-03
-1.140000000000018332e+00 2.184852376957335286e-03
-1.135000000000018439e+00 2.240162178208012552e-03
-1.130000000000018545e+00 2.296872153743532811e-03
-1.125000000000018652e+00 2.355017749144674728e-03
-1.120000000000018758e+00 2.414635307301364955e-03
-1.115000000000018865e+00 2.475762091128163450e-03
-1.110000000000018971e+00 2.538436306854811343e-03
-1.105000000000019078e+00 2.602697127906354081e-03
-1.100000000000019185e+00 2.668584719387820468e-03
-1.095000000000019291e+00 2.736140263188763938e-03
-1.090000000000019398e+00 2.805405983723117686e-03
-1.085000000000019504e+00 2.876425174321009613e-03
-1.080000000000019611e+00 2.949242224288436270e-03
-1.075000000000019718e+00 3.023902646652020312e-03
-1.070000000000019824e+00 3.100453106606142727e-03
-1.065000000000019931e+00 3.178941450680204325e-03
-1.060000000000020037e+00 3.259416736644263606e-03
-1.055000000000020144e+00 3.341929264171739165e-03
-1.050000000000020250e+00 3.426530606278349253e-03
-1.045000000000020357e+00 3.513273641556916016e-03
-1.040000000000020464e+00 3.602212587228214875e-03
-1.035000000000020570e+00 3.693403033028497522e-03
-1.030000000000020677e+00 3.786901975954890323e-03
-1.025000000000020783e+00 3.882767855890372106e-03
-1.020000000000020890e+00 3.981060592130600435e-03
-1.015000000000020997e+00 4.081841620835428321e-03
-1.010000000000021103e+00 4.185173933428491116e-03
-1.005000000000021210e+00 4.291122115968914671e-03
-1.000000000000021316e+00 4.399752389519701046e-03
-9.950000000000214229e-01 4.534198257552392308e-03
-9.900000000000215294e-01 4.548109740137207431e-03
-9.850000000000216360e-01 4.455508047797820774e-03
-9.800000000000217426e-01 4.274267775775380564e-03
-9.750000000000218492e-01 4.023905508248923346e-03
-9.700000000000219558e-01 3.723889868906038458e-03
-9.650000000000220624e-01 3.392427311732891179e-03
-9.600000000000221689e-01 3.045663494048205227e-03
-9.550000000000222755e-01 2.697232435256436724e-03
-9.500000000000223821e-01 2.358083741533764481e-03
-9.450000000000224887e-01 2.036520746877281806e-03
-9.400000000000225953e-01 1.738388252046787737e-03
-9.350000000000227018e-01 1.467356479886187818e-03
-9.300000000000228084e-01 1.225256893211256783e-03
-9.250000000000229150e-01 1.012434802090977828e-03
-9.200000000000230216e-01 8.280925758166313546e-04
-9.150000000000231282e-01 6.706053160957759721e-04
-9.100000000000232347e-01 5.377977609817952793e-04
-9.050000000000233413e-01 4.271768417843758514e-04
-9.000000000000234479e-01 3.361186951835311255e-04
-8.950000000000235545e-01 2.620121161142622461e-04
-8.900000000000236611e-01 2.023625591950094281e-04
-8.850000000000237677e-01 1.548620265654243350e-04
-8.800000000000238742e-01 1.174306992183927589e-04
-8.750000000000239808e-01 8.823615439336368106e-05
-8.700000000000240874e-01 6.569562491901756180e-05
-8.650000000000241940e-01 4.846613656376576161e-05
-8.600000000000243006e-01 3.542661961122492014e-05
-8.550000000000244071e-01 2.565531788727872298e-05
-8.500000000000245137e-01 1.840507463885835088e-05
-8.450000000000246203e-01 1.307840078239375395e-05
-8.400000000000247269e-01 9.203650085429364132e-06
-8.350000000000248335e-01 6.413146961381652768e-06
-8.300000000000249401e-01 4.423734754208992000e-06
-8.250000000000250466e-01 3.019927908213767080e-06
-8.200000000000251532e-01 2.039648486855060957e-06
-8.150000000000252598e-01 1.362392532205211611e-06
-8.100000000000253664e-01 8.995909338555440073e-07
-8.050000000000254730e-01 5.868898535383133460e-07
-8.000000000000255795e-01 3.780659232398935254e-07
-7.950000000000256861e-01 2.403018249643210173e-07
-7.900000000000257927e-01 1.505708046932700861e-07
-7.850000000000258993e-01 9.290832137961422686e-08
-7.800000000000260059e-01 5.638113173868171603e-08
-7.750000000000261124e-01 3.359574744676374347e-08
-7.700000000000262190e-01 1.961754177833268899e-08
-7.650000000000263256e-01 1.119781522125896963e-08
-7.600000000000264322e-01 6.228435287670947624e-09
-7.550000000000265388e-01 3.362232233798814232e-09
-7.500000000000266454e-01 1.752403153562760616e-09
-7.450000000000267519e-01 8.761424414361596113e-10
-7.400000000000268585e-01 4.170256800482174895e-10
-7.350000000000269651e-01 1.877788077469737032e-10
-7.300000000000270717e-01 8.038895999271834239e-11
-7.250000000000271783e-01 3.443777609188625491e-11
-7.200000000000272848e-01 1.738207372885939835e-11
-7.150000000000273914e-01 1.253207803902073493e-11
-7.100000000000274980e-01 1.189610162099179284e-11
-7.050000000000276046e-01 1.203906628982680150e-11
-7.000000000000277112e-01 1.176504701541743707e-11
-6.950000000000278177e-01 1.087455190653869738e-11
-6.900000000000279243e-01 9.535757133086728612e-12
-6.850000000000280309e-01 7.992889150496321492e-12
-6.800000000000281375e-01 6.450200658923568400e-12
-6.750000000000282441e-01 5.041115763045898217e-12
-6.700000000000283507e-01 3.833719268560828204e-12
-6.650000000000284572e-01 2.847798484680209124e-12
-6.600000000000285638e-01 2.072716071983289101e-12
-6.550000000000286704e-01 1.481881151866380783e-12
-6.500000000000287770e-01 1.043034718801865544e-12
-6.450000000000288836e-01 7.245021270960817383e-13
-6.400000000000289901e-01 4.980992122090162154e-13
-6.350000000000290967e-01 3.401113571111604258e-13
-6.300000000000292033e-01 2.314783261916263552e-13
-6.250000000000293099e-01 1.577549600675620111e-13
-6.200000000000294165e-01 1.084915843953630934e-13
-6.150000000000295231e-01 7.603985077983870821e-14
-6.100000000000296296e-01 5.478707765477319544e-14
-6.050000000000297362e-01 4.089256060150379242e-14
-6.000000000000298428e-01 3.189394810885421528e-14
-5.950000000000299494e-01 2.616687707822179811e-14
-5.900000000000300560e-01 2.252742054025081382e-14
-5.850000000000301625e-01 2.006085832643324770e-14
-5.800000000000302691e-01 1.816960815732829630e-14
-5.750000000000303757e-01 1.662430357027835679e-14
-5.700000000000304823e-01 1.542545810331776669e-14
-5.650000000000305889e-01 1.457751097208184605e-14
-5.600000000000306954e-01 1.402410572071897788e-14
-5.550000000000308020e-01 1.372335689553598955e-14
-5.500000000000309086e-01 1.362075866358594427e-14
-5.450000000000310152e-01 1.357437666859640672e-14
-5.400000000000311218e-01 1.348211524712533636e-14
-5.350000000000312284e-01 1.338482490424782146e-14
-5.300000000000313349e-01 1.335295604839880550e-14
-5.250000000000314415e-01 1.342015003323326884e-14
-5.200000000000315481e-01 1.363553976187252144e-14
-5.150000000000316547e-01 1.399216085534701558e-14
-5.100000000000317613e-01 1.441344603604531394e-14
-5.050000000000318678e-01 1.482922200935438167e-14
-5.000000000000319744e-01 1.515482064159426608e-14
-4.950000000000320810e-01 1.536302779723715459e-14
-4.900000000000321876e-01 1.552923291655644581e-14
-4.850000000000322942e-01 1.566089114344985928e-14
-4.800000000000324007e-01 1.568372450757880203e-14
-4.750000000000325073e-01 1.562824947244951722e-14
-4.700000000000326139e-01 1.565497055651722915e-14
-4.650000000000327205e-01 1.585949830084171158e-14
-4.600000000000328271e-01 1.609252961074260021e-14
-4.550000000000329337e-01 1.609409019191854556e-14
-4.500000000000330402e-01 1.583015671128714238e-14
-4.450000000000331468e-01 1.549088657323249185e-14
-4.400000000000332534e-01 1.518727764551205254e-14
-4.350000000000333600e-01 1.494027573651242528e-14
-4.300000000000334666e-01 1.487660803022536703e-14
-4.250000000000335731e-01 1.510030350480063416e-14
-4.200000000000336797e-01 1.547074576784349643e-14
-4.150000000000337863e-01 1.572379590984033571e-14
-4.100000000000338929e-01 1.575232607880572774e-14
-4.050000000000339995e-01 1.559094619642177717e-14
-4.000000000000341061e-01 1.522711784320745165e-14
-3.950000000000342126e-01 1.465876380578702295e-14
-3.900000000000343192e-01 1.405853121975902811e-14
-3.850000000000344258e-01 1.364557712834148471e-14
-3.800000000000345324e-01 1.344489240165752002e-14
-3.750000000000346390e-01 1.330474658422457706e-14
-3.700000000000347455e-01 1.308377161608772373e-14
-3.650000000000348521e-01 1.277701161233541663e-14
-3.600000000000349587e-01 1.248447110092124962e-14
-3.550000000000350653e-01 1.228038345437946815e-14
-3.500000000000351719e-01 1.212990539040558096e-14
-3.450000000000352784e-01 1.192786144324700144e-14
-3.400000000000353850e-01 1.162086134127372777e-14
-3.350000000000354916e-01 1.125949098899809862e-14
-3.300000000000355982e-01 1.092641487209460625e-14
-3.250000000000357048e-01 1.065677092330600053e-14
-3.200000000000358114e-01 1.044424427597028738e-14
-3.150000000000359179e-01 1.029310840261177806e-14
-3.100000000000360245e-01 1.021064502753644308e-14
-3.050000000000361311e-01 1.016963134319671456e-14
-3.000000000000362377e-01 1.013196020789828900e-14
-2.950000000000363443e-01 1.010702876323523128e-14
-2.900000000000364508e-01 1.014616169086404218e-14
-2.850000000000365574e-01 1.028370127828336689e-14
-2.800000000000366640e-01 1.049032866551299275e-14
-2.750000000000367706e-01 1.065528546974117361e-14
-2.700000000000368772e-01 1.066655824865485789e-14
-2.650000000000369837e-01 1.054110969697468754e-14
-2.600000000000370903e-01 1.039315800538305568e-14
-2.550000000000371969e-01 1.031261612388470119e-14
-2.500000000000373035e-01 1.033754000367817712e-14
-2.450000000000374101e-01 1.048682763602626276e-14
-2.400000000000375167e-01 1.075790929654209354e-14
-2.350000000000376232e-01 1.107406547062279990e-14
-2.300000000000377298e-01 1.129666287955520188e-14
-2.250000000000378364e-01 1.134429686974769539e-14
-2.200000000000379430e-01 1.126657171644735314e-14
-2.150000000000380496e-01 1.120266112039862037e-14
-2.100000000000381561e-01 1.130138196005770704e-14
-2.050000000000382627e-01 1.160135388167863128e-14
-2.000000000000383693e-01 1.196123003183066030e-14
-1.950000000000384759e-01 1.222463237529282554e-14
-1.900000000000385825e-01 1.241512648493039731e-14
-1.850000000000386891e-01 1.267177832203170780e-14
-1.800000000000387956e-01 1.306908701423526017e-14
-1.750000000000389022e-01 1.354748215816481155e-14
-1.700000000000390088e-01 1.397098640280744405e-14
-1.650000000000391154e-01 1.425342407953350675e-14
-1.600000000000392220e-01 1.443559366663399607e-14
-1.550000000000393285e-01 1.462856375098320598e-14
-1.500000000000394351e-01 1.491261292593542675e-14
-1.450000000000395417e-01 1.530688609160084218e-14
-1.400000000000396483e-01 1.580506376336627440e-14
-1.350000000000397549e-01 1.638642924827485354e-14
-1.300000000000398614e-01 1.697425452147073653e-14
-1.250000000000399680e-01 1.744699377322528389e-14
-1.200000000000400746e-01 1.774809318758308584e-14
-1.150000000000401812e-01 1.793482146053485592e-14
-1.100000000000402878e-01 1.805453510190176714e-14
-1.050000000000403944e-01 1.803979277390031361e-14
-1.000000000000405009e-01 1.779713291052998595e-14
-9.500000000004060752e-02 1.735527982036784811e-14
-9.000000000004071410e-02 1.686977640453018918e-14
-8.500000000004082068e-02 1.647886728324233348e-14
-8.000000000004092726e-02 1.620984883692678085e-14
-7.500000000004103384e-02 1.604285523536047295e-14
-7.000000000004114042e-02 1.597255247680339197e-14
-6.500000000004124701e-02 1.595957537533301658e-14
-6.000000000004135359e-02 1.589701229530532025e-14
-5.500000000004146017e-02 1.570771497289452599e-14
-5.000000000004156675e-02 1.545269302636527220e-14
-4.500000000004167333e-02 1.525624472390359962e-14
-4.000000000004177991e-02 1.514413804086272230e-14
-3.500000000004188649e-02 1.504266388386979963e-14
-3.000000000004199308e-02 1.489349700452597434e-14
-2.500000000004209966e-02 1.469454706233705117e-14
-2.000000000004220624e-02 1.449166216221988663e-14
-1.500000000004231282e-02 1.436995688834367872e-14
-1.000000000004241940e-02 1.436811389792219241e-14
-5.000000000042525983e-03 1.439544148596636408e-14
-4.263256414560601115e-14 1.432235305149079560e-14
4.999999999957260854e-03 1.413610430370921086e-14
9.999999999957154273e-03 1.391748427778232811e-14
1.499999999995704769e-02 1.368283410721835414e-14
1.999999999995694111e-02 1.335498328872515988e-14
2.499999999995683453e-02 1.290198580487120623e-14
2.999999999995672795e-02 1.240892899800391966e-14
3.499999999995662137e-02 1.197446505055627080e-14
3.999999999995651478e-02 1.158016391179276697e-14
4.499999999995640820e-02 1.109846691428710998e-14
4.999999999995630162e-02 1.044772936188406410e-14
5.499999999995619504e-02 9.716846964495186476e-15
5.999999999995608846e-02 9.083847820140962225e-15
6.499999999995598188e-02 8.635006689237366820e-15
6.999999999995587530e-02 8.318931375842233870e-15
7.499999999995576871e-02 8.040188400221605712e-15
7.999999999995566213e-02 7.737785231526909629e-15
8.499999999995555555e-02 7.399579773508515940e-15
8.999999999995544897e-02 7.077053416461063746e-15
9.499999999995534239e-02 6.884232430860956286e-15
9.999999999995523581e-02 6.910420973766566085e-15
1.049999999999551292e-01 7.115239114365423119e-15
1.099999999999550226e-01 7.335277128070332701e-15
1.149999999999549161e-01 7.411003634097587361e-15
1.199999999999548095e-01 7.308650987515967696e-15
1.249999999999547029e-01 7.133559444343564384e-15
1.299999999999545963e-01 7.051188460741241694e-15
1.349999999999544897e-01 7.149596021612210793e-15
1.399999999999543832e-01 7.324063450030440077e-15
1.449999999999542766e-01 7.364119579817272516e-15
1.499999999999541700e-01 7.199155593230007565e-15
1.549999999999540634e-01 6.966541611683222788e-15
1.599999999999539568e-01 6.835336172456174688e-15
1.649999999999538502e-01 6.875165089043919663e-15
1.699999999999537437e-01 7.066518582353058243e-15
1.749999999999536371e-01 7.333334781595317662e-15
1.799999999999535305e-01 7.585268412023596037e-15
1.849999999999534239e-01 7.783247189607384047e-15
1.899999999999533173e-01 7.953489267446783763e-15
1.949999999999532108e-01 8.122124289697693067e-15
1.999999999999531042e-01 8.259620424381805029e-15
2.049999999999529976e-01 8.326285418575493012e-15
2.099999999999528910e-01 8.374905735920708968e-15
2.149999999999527844e-01 8.527213996394240695e-15
2.199999999999526779e-01 8.804649055595963285e-15
2.249999999999525713e-01 9.081669361847173059e-15
2.299999999999524647e-01 9.257068861886832787e-15
2.349999999999523581e-01 9.384467550545295831e-15
2.399999999999522515e-01 9.572639154312955238e-15
2.449999999999521449e-01 9.833631701272629952e-15
2.499999999999520384e-01 1.012981006299280378e-14
2.549999999999519318e-01 1.048254708707964052e-14
2.599999999999518252e-01 1.090995817218316055e-14
2.649999999999517186e-01 1.136024813826914243e-14
2.699999999999516120e-01 1.179562238511900690e-14
2.749999999999515055e-01 1.225102362774894613e-14
2.799999999999513989e-01 1.278908305007519992e-14
2.849999999999512923e-01 1.342805435478288512e-14
2.899999999999511857e-01 1.407177095523367570e-14
2.949999999999510791e-01 1.454572834352474816e-14
2.999999999999509726e-01 1.480114312303568504e-14
3.049999999999508660e-01 1.499548661351221943e-14
3.099999999999507594e-01 1.528241745930116628e-14
3.149999999999506528e-01 1.561752681415465839e-14
3.199999999999505462e-01 1.579287150413769408e-14
3.249999999999504396e-01 1.565500190259862164e-14
3.299999999999503331e-01 1.527835960770966158e-14
3.349999999999502265e-01 1.486119028113283221e-14
3.399999999999501199e-01 1.450886528705924989e-14
3.449999999999500133e-01 1.419389346031978858e-14
3.499999999999499067e-01 1.383670228479267214e-14
3.549999999999498002e-01 1.338658169610280662e-14
3.599999999999496936e-01 1.287725410284921098e-14
3.649999999999495870e-01 1.238816456302546034e-14
3.699999999999494804e-01 1.200514856937082989e-14
3.749999999999493738e-01 1.180518167069766421e-14
3.799999999999492672e-01 1.171750191427291049e-14
3.849999999999491607e-01 1.148333747271491432e-14
3.899999999999490541e-01 1.091178325818677973e-14
3.949999999999489475e-01 1.010399673553166375e-14
3.999999999999488409e-01 9.340376908448512049e-15
4.049999999999487343e-01 8.789860135239823562e-15
4.099999999999486278e-01 8.373647915504289075e-15
4.149999999999485212e-01 7.917899276184674694e-15
4.199999999999484146e-01 7.406679647750638809e-15
4.249999999999483080e-01 6.977401016052995945e-15
4.299999999999482014e-01 6.714114244874153591e-15
4.349999999999480949e-01 6.536869525487205371e-15
4.399999999999479883e-01 6.311037134334137318e-15
4.449999999999478817e-01 6.018675208595825505e-15
4.499999999999477751e-01 5.736652905517604883e-15
4.549999999999476685e-01 5.561181557039774889e-15
4.599999999999475619e-01 5.609070665388900663e-15
4.649999999999474554e-01 5.896603070968391298e-15
4.699999999999473488e-01 6.228736528915797610e-15
4.749999999999472422e-01 6.382517267744486457e-15
4.799999999999471356e-01 6.343988984622508119e-15
4.849999999999470290e-01 6.258078542582360218e-15
4.899999999999469225e-01 6.255243449642959607e-15
4.949999999999468159e-01 6.398283454127146389e-15
4.999999999999467093e-01 6.651710276353994661e-15
5.049999999999466027e-01 6.908925966920207320e-15
5.099999999999464961e-01 7.140632734414369121e-15
5.149999999999463896e-01 7.428308357449653421e-15
5.199999999999462830e-01 7.837515469922966577e-15
5.249999999999461764e-01 8.310542393758387274e-15
5.299999999999460698e-01 8.775823067004618744e-15
5.349999999999459632e-01 9.243072973369478141e-15
5.399999999999458566e-01 9.738408127385756723e-15
5.449999999999457501e-01 1.030683251154614985e-14
5.499999999999456435e-01 1.098471571396058733e-14
5.549999999999455369e-01 1.170803371402682448e-14
5.599999999999454303e-01 1.232702616237033469e-14
5.649999999999453237e-01 1.272693360444619011e-14
5.699999999999452172e-01 1.297431700282518653e-14
5.749999999999451106e-01 1.329573592379943823e-14
5.799999999999450040e-01 1.393759324119959036e-14
5.849999999999448974e-01 1.516328107688308863e-14
5.899999999999447908e-01 1.726175954041594028e-14
5.949999999999446842e-01 2.053450531332752270e-14
5.999999999999445777e-01 2.553700763267408546e-14
6.049999999999444711e-01 3.342518261637502209e-14
6.099999999999443645e-01 4.617330178395149497e-14
6.149999999999442579e-01 6.653140033729841513e-14
6.199999999999441513e-01 9.817748115451478841e-14
6.249999999999440448e-01 1.464764969145809711e-13
6.299999999999439382e-01 2.192250253163794911e-13
6.349999999999438316e-01 3.272196058305181705e-13
6.399999999999437250e-01 4.847429962332855852e-13
6.449999999999436184e-01 7.103339245373169559e-13
6.499999999999435119e-01 1.027793853861761965e-12
6.549999999999434053e-01 1.465910786302148780e-12
6.599999999999432987e-01 2.056621199857890594e-12
6.649999999999431921e-01 2.831867827938760353e-12
6.699999999999430855e-01 3.817720806980819195e-12
6.749999999999429789e-01 5.024591981875440058e-12
6.799999999999428724e-01 6.432972557490891950e-12
6.849999999999427658e-01 7.975086519764582569e-12
6.899999999999426592e-01 9.517355518441395582e-12
6.949999999999425526e-01 1.085536852178074349e-11
6.999999999999424460e-01 1.174510410550792675e-11
7.049999999999423395e-01 1.201868702135018334e-11
7.099999999999422329e-01 1.187567179748804580e-11
7.149999999999421263e-01 1.251183939632125255e-11
7.199999999999420197e-01 1.736202622190273642e-11
7.249999999999419131e-01 3.441775208374710340e-11
7.299999999999418065e-01 8.036875577175704419e-11
7.349999999999417000e-01 1.877582359441585838e-10
7.399999999999415934e-01 4.170047533860775084e-10
7.449999999999414868e-01 8.761214983159503656e-10
7.499999999999413802e-01 1.752382596645963255e-09
7.549999999999412736e-01 3.362212254665193197e-09
7.599999999999411671e-01 6.228415888792039177e-09
7.649999999999410605e-01 1.119779630587435712e-08
7.699999999999409539e-01 1.961752321955873613e-08
7.749999999999408473e-01 3.359572932024197641e-08
7.799999999999407407e-01 5.638111439171557820e-08
7.849999999999406342e-01 9.290830500016967970e-08
7.899999999999405276e-01 1.505707891460811891e-07
7.949999999999404210e-01 2.403018101231920507e-07
7.999999999999403144e-01 3.780659092735673223e-07
8.049999999999402078e-01 5.868898408131128098e-07
8.099999999999401012e-01 8.995909224522667108e-07
8.149999999999399947e-01 1.362392521886554815e-06
8.199999999999398881e-01 2.039648477448461922e-06
8.249999999999397815e-01 3.019927899581312537e-06
8.299999999999396749e-01 4.423734746185502900e-06
8.349999999999395683e-01 6.413146954122217880e-06
8.399999999999394618e-01 9.203650079047352039e-06
8.449999999999393552e-01 1.307840077659757864e-05
8.499999999999392486e-01 1.840507463331718670e-05
8.549999999999391420e-01 2.565531788204057298e-05
8.599999999999390354e-01 3.542661960631226457e-05
8.649999999999389289e-01 4.846613655895887674e-05
8.699999999999388223e-01 6.569562491435962598e-05
8.749999999999387157e-01 8.823615438891716466e-05
8.799999999999386091e-01 1.174306992140177592e-04
8.849999999999385025e-01 1.548620265610998591e-04
8.899999999999383959e-01 2.023625591905970234e-04
8.949999999999382894e-01 2.620121161096114525e-04
8.999999999999381828e-01 3.361186951785990898e-04
9.049999999999380762e-01 4.271768417790646703e-04
9.099999999999379696e-01 5.377977609759997850e-04
9.149999999999378630e-01 6.706053160894353410e-04
9.199999999999377565e-01 8.280925758097222762e-04
9.249999999999376499e-01 1.012434802083515915e-03
9.299999999999375433e-01 1.225256893203301124e-03
9.349999999999374367e-01 1.467356479877800213e-03
9.399999999999373301e-01 1.738388252037973390e-03
9.449999999999372235e-01 2.036520746867986290e-03
9.499999999999371170e-01 2.358083741523922961e-03
9.549999999999370104e-01 2.697232435246069582e-03
9.599999999999369038e-01 3.045663494037484636e-03
9.649999999999367972e-01 3.392427311722140664e-03
9.699999999999366906e-01 3.723889868895670016e-03
9.749999999999365841e-01 4.023905508239349407e-03
9.799999999999364775e-01 4.274267775766959349e-03
9.849999999999363709e-01 4.455508047790877543e-03
9.899999999999362643e-01 4.548109740132051833e-03
9.949999999999361577e-01 4.534198257549298429e-03
9.999999999999360512e-01 4.399752389518506689e-03
1.004999999999935945e+00 4.291122115966628306e-03
1.009999999999935838e+00 4.185173933426235109e-03
1.014999999999935731e+00 4.081841620833203538e-03
1.019999999999935625e+00 3.981060592128405143e-03
1.024999999999935518e+00 3.882767855888204136e-03
1.029999999999935412e+00 3.786901975952750108e-03
1.034999999999935305e+00 3.693403033026383762e-03
1.039999999999935199e+00 3.602212587226125400e-03
1.044999999999935092e+00 3.513273641554850394e-03
1.049999999999934985e+00 3.426530606276305315e-03
1.054999999999934879e+00 3.341929264169716911e-03
1.059999999999934772e+00 3.259416736642260868e-03
1.064999999999934666e+00 3.178941450678220669e-03
1.069999999999934559e+00 3.100453106604175984e-03
1.074999999999934452e+00 3.023902646650070049e-03
1.079999999999934346e+00 2.949242224286498584e-03
1.084999999999934239e+00 2.876425174319086238e-03
1.089999999999934133e+00 2.805405983721204720e-03
1.094999999999934026e+00 2.736140263186861380e-03
1.099999999999933920e+00 2.668584719385925282e-03
1.104999999999933813e+00 2.602697127904466268e-03
1.109999999999933706e+00 2.538436306852930469e-03
1.114999999999933600e+00 2.475762091126288648e-03
1.119999999999933493e+00 2.414635307299492755e-03
1.124999999999933387e+00 2.355017749142806430e-03
1.129999999999933280e+00 2.296872153741665815e-03
1.134999999999933173e+00 2.240162178206145122e-03
1.139999999999933067e+00 2.184852376955467423e-03
1.144999999999932960e+00 2.130908179563366280e-03
1.149999999999932854e+00 2.078295869150436920e-03
1.154999999999932747e+00 2.026982561309996402e-03
1.159999999999932641e+00 1.976936183554255013e-03
1.164999999999932534e+00 1.928125455267967574e-03
1.169999999999932427e+00 1.880519868157030840e-03
1.174999999999932321e+00 1.834089667179806529e-03
1.179999999999932214e+00 1.788805831949253277e-03
1.184999999999932108e+00 1.744640058594237745e-03
1.189999999999932001e+00 1.701564742068696233e-03
1.194999999999931894e+00 1.659552958897579080e-03
1.199999999999931788e+00 1.618578450348802378e-03
1.204999999999931681e+00 1.578615606020731870e-03
1.209999999999931575e+00 1.539639447834724581e-03
1.214999999999931468e+00 1.501625614423129701e-03
1.219999999999931362e+00 1.464550345902609517e-03
1.224999999999931255e+00 1.428390469023437144e-03
1.229999999999931148e+00 1.393123382685458643e-03
1.234999999999931042e+00 1.358727043811672934e-03
1.239999999999930935e+00 1.325179953570586756e-03
1.244999999999930829e+00 1.292461143938749548e-03
1.249999999999930722e+00 1.260550164595052687e-03
1.254999999999930616e+00 1.229427070138617737e-03
1.259999999999930509e+00 1.199072407622265831e-03
1.264999999999930402e+00 1.169467204393795281e-03
1.269999999999930296e+00 1.140592956237459175e-03
1.274999999999930189e+00 1.112431615808220919e-03
1.279999999999930083e+00 1.084965581351584078e-03
1.284999999999929976e+00 1.058177685701918412e-03
1.289999999999929869e+00 1.032051185552422144e-03
1.294999999999929763e+00 1.006569750990012708e-03
1.299999999999929656e+00 9.817174552885952424e-04
1.304999999999929550e+00 9.574787649542727732e-04
1.309999999999929443e+00 9.338385300166256262e-04
1.314999999999929337e+00 9.107819745592615713e-04
1.319999999999929230e+00 8.882946874844654906e-04
1.324999999999929123e+00 8.663626135057921453e-04
1.329999999999929017e+00 8.449720443630555876e-04
1.334999999999928910e+00 8.241096102542193975e-04
1.339999999999928804e+00 8.037622714788357969e-04
1.344999999999928697e+00 7.839173102878078947e-04
1.349999999999928590e+00 7.645623229343831082e-04
1.354999999999928484e+00 7.456852119214071265e-04
1.359999999999928377e+00 7.272741784399952862e-04
1.364999999999928271e+00 7.093177149948912000e-04
1.369999999999928164e+00 6.918045982119094437e-04
1.374999999999928058e+00 6.747238818229598246e-04
1.379999999999927951e+00 6.580648898242754405e-04
1.384999999999927844e+00 6.418172098035607393e-04
1.389999999999927738e+00 6.259706864318958066e-04
1.394999999999927631e+00 6.105154151163257048e-04
1.399999999999927525e+00 5.954417358091648391e-04
1.404999999999927418e+00 5.807402269701829366e-04
1.409999999999927311e+00 5.664016996777562849e-04
1.414999999999927205e+00 5.524171918855671484e-04
1.419999999999927098e+00 5.387779628210115530e-04
1.424999999999926992e+00 5.254754875219295844e-04
1.429999999999926885e+00 5.125014515082271325e-04
1.434999999999926779e+00 4.998477455850541861e-04
1.439999999999926672e+00 4.875064607742970449e-04
1.444999999999926565e+00 4.754698833712048636e-04
1.449999999999926459e+00 4.637304901230774657e-04
1.454999999999926352e+00 4.522809435269849491e-04
1.459999999999926246e+00 4.411140872435904904e-04
1.464999999999926139e+00 4.302229416242048395e-04
1.469999999999926033e+00 4.196006993482793816e-04
1.474999999999925926e+00 4.092407211686076925e-04
1.479999999999925819e+00 3.991365317615819469e-04
1.484999999999925713e+00 3.892818156799036683e-04
1.489999999999925606e+00 3.796704134052235487e-04
1.494999999999925500e+00 3.702963174982419376e-04
1.499999999999925393e+00 3.611536688438641532e-04
1.504999999999925286e+00 3.522367529890741084e-04
1.509999999999925180e+00 3.435399965711818785e-04
1.514999999999925073e+00 3.350579638343221286e-04
1.519999999999924967e+00 3.267853532319207736e-04
1.524999999999924860e+00 3.187169941130551425e-04
1.529999999999924754e+00 3.108478434906286354e-04
1.534999999999924647e+00 3.031729828893394612e-04
1.539999999999924540e+00 2.956876152714741669e-04
1.544999999999924434e+00 2.883870620386018240e-04
1.549999999999924327e+00 2.812667601072989482e-04
1.554999999999924221e+00 2.743222590570729602e-04
1.559999999999924114e+00 2.675492183487047947e-04
1.564999999999924007e+00 2.609434046112707288e-04
1.569999999999923901e+00 2.545006889961470885e-04
1.574999999999923794e+00 2.482170445963461053e-04
1.579999999999923688e+00 2.420885439295683550e-04
1.584999999999923581e+00 2.361113564833972479e-04
1.589999999999923475e+00 2.302817463211050543e-04
1.594999999999923368e+00 2.245960697465703652e-04
1.599999999999923261e+00 2.190507730268493854e-04
1.604999999999923155e+00 2.136423901709667416e-04
1.609999999999923048e+00 2.083675407635910705e-04
1.614999999999922942e+00 2.032229278521313902e-04
1.619999999999922835e+00 1.982053358860469123e-04
1.624999999999922728e+00 1.933116287070222542e-04
1.629999999999922622e+00 1.885387475887668552e-04
1.634999999999922515e+00 1.838837093252113889e-04
1.639999999999922409e+00 1.793436043659066791e-04
1.644999999999922302e+00 1.749155949974602793e-04
1.649999999999922196e+00 1.705969135698729268e-04
1.654999999999922089e+00 1.663848607666674681e-04
1.659999999999921982e+00 1.622768039177278411e-04
1.664999999999921876e+00 1.582701753537949483e-04
1.669999999999921769e+00 1.543624708015894291e-04
1.674999999999921663e+00 1.505512478185596075e-04
1.679999999999921556e+00 1.468341242662752591e-04
1.684999999999921450e+00 1.432087768215135838e-04
1.689999999999921343e+00 1.396729395241065174e-04
1.694999999999921236e+00 1.362244023606419313e-04
1.699999999999921130e+00 1.328610098831330632e-04
1.704999999999921023e+00 1.295806598617951853e-04
1.709999999999920917e+00 1.263813019710793351e-04
1.714999999999920810e+00 1.232609365081557828e-04
1.719999999999920703e+00 1.202176131430335288e-04
1.724999999999920597e+00 1.172494296995409520e-04
1.729999999999920490e+00 1.143545309664032741e-04
1.734999999999920384e+00 1.115311075376753384e-04
1.739999999999920277e+00 1.087773946818039412e-04
1.744999999999920171e+00 1.060916712386132199e-04
1.749999999999920064e+00 1.034722585435234786e-04
1.754999999999919957e+00 1.009175193783311785e-04
1.759999999999919851e+00 9.842585694789419027e-05
1.764999999999919744e+00 9.599571388208310489e-05
1.769999999999919638e+00 9.362557126237382990e-05
1.774999999999919531e+00 9.131394767247442751e-05
1.779999999999919424e+00 8.905939827239140068e-05
1.784999999999919318e+00 8.686051389535796765e-05
1.789999999999919211e+00 8.471592016705875084e-05
1.794999999999919105e+00 8.262427664660104058e-05
1.799999999999918998e+00 8.058427598869572319e-05
1.804999999999918892e+00 7.859464312652791711e-05
1.809999999999918785e+00 7.665413447478696611e-05
1.814999999999918678e+00 7.476153715239649438e-05
1.819999999999918572e+00 7.291566822442069123e-05
1.824999999999918465e+00 7.111537396269150112e-05
1.829999999999918359e+00 6.935952912469078326e-05
1.834999999999918252e+00 6.764703625023719849e-05
1.839999999999918145e+00 6.597682497553784093e-05
1.844999999999918039e+00 6.434785136417601548e-05
1.849999999999917932e+00 6.275909725461699807e-05
1.854999999999917826e+00 6.120956962382407803e-05
1.859999999999917719e+00 5.969829996658650585e-05
1.864999999999917613e+00 5.822434369017255747e-05
1.869999999999917506e+00 5.678677952392812214e-05
1.874999999999917399e+00 5.538470894345259182e-05
1.879999999999917293e+00 5.401725560899192749e-05
1.884999999999917186e+00 5.268356481769770236e-05
1.889999999999917080e+00 5.138280296941003558e-05
1.894999999999916973e+00 5.011415704563037409e-05
1.899999999999916866e+00 4.887683410135831960e-05
1.904999999999916760e+00 4.767006076947216648e-05
1.909999999999916653e+00 4.649308277735908111e-05
1.914999999999916547e+00 4.534516447546008708e-05
1.919999999999916440e+00 4.422558837746857037e-05
1.924999999999916334e+00 4.313365471187798923e-05
1.929999999999916227e+00 4.206868098460191064e-05
1.934999999999916120e+00 4.103000155239291730e-05
1.939999999999916014e+00 4.001696720679403721e-05
1.944999999999915907e+00 3.902894476836218257e-05
1.949999999999915801e+00 3.806531669091047041e-05
1.954999999999915694e+00 3.712548067552173250e-05
1.959999999999915588e+00 3.620884929409214190e-05
1.964999999999915481e+00 3.531484962216935243e-05
1.969999999999915374e+00 3.444292288085630982e-05
1.974999999999915268e+00 3.359252408755604034e-05
1.979999999999915161e+00 3.276312171533991927e-05
1.984999999999915055e+00 3.195419736072593300e-05
1.989999999999914948e+00 3.116524541965980469e-05
1.994999999999914841e+00 3.039577277149572266e-05
