-2.000000000000000000e+00 -4.333356971947812891e-12
-1.995000000000000107e+00 -4.462404757987434078e-12
-1.990000000000000213e+00 -2.827262768057211189e-12
-1.985000000000000320e+00 -3.174311581569627694e-13
-1.980000000000000426e+00 1.941876267181998640e-12
-1.975000000000000533e+00 3.167457000822240753e-12
-1.970000000000000639e+00 3.093253623476195224e-12
-1.965000000000000746e+00 1.919238582306127079e-12
-1.960000000000000853e+00 1.523959646329529416e-13
-1.955000000000000959e+00 -1.584496990518651496e-12
-1.950000000000001066e+00 -2.730431173298857410e-12
-1.945000000000001172e+00 -2.923814369491912081e-12
-1.940000000000001279e+00 -2.085866139680258332e-12
-1.935000000000001386e+00 -4.421980244351433254e-13
-1.930000000000001492e+00 1.520779591556442300e-12
-1.925000000000001599e+00 3.163804089379871184e-12
-1.920000000000001705e+00 3.859531002897309941e-12
-1.915000000000001812e+00 3.194802479248567539e-12
-1.910000000000001918e+00 1.171651044475532068e-12
-1.905000000000002025e+00 -1.661357098047215237e-12
-1.900000000000002132e+00 -4.258218832989837029e-12
-1.895000000000002238e+00 -5.451947821593856398e-12
-1.890000000000002345e+00 -4.665304520504007314e-12
-1.885000000000002451e+00 -1.908961181213001895e-12
-1.880000000000002558e+00 2.013220836706319250e-12
-1.875000000000002665e+00 5.459980756546174035e-12
-1.870000000000002771e+00 6.859525426828234084e-12
-1.865000000000002878e+00 5.529622239552650809e-12
-1.860000000000002984e+00 1.975304225423857251e-12
-1.855000000000003091e+00 -2.371644066917448709e-12
-1.850000000000003197e+00 -5.777886565892145882e-12
-1.845000000000003304e+00 -6.913903141426345304e-12
-1.840000000000003411e+00 -5.370362843264464746e-12
-1.835000000000003517e+00 -1.806001799521994829e-12
-1.830000000000003624e+00 2.320568782952626062e-12
-1.825000000000003730e+00 5.340544445874416021e-12
-1.820000000000003837e+00 6.071174260703611203e-12
-1.815000000000003944e+00 4.337150611910867168e-12
-1.810000000000004050e+00 1.055108577192791907e-12
-1.805000000000004157e+00 -2.243486429639862974e-12
-1.800000000000004263e+00 -4.288510592850359102e-12
-1.795000000000004370e+00 -4.445778238925792256e-12
-1.790000000000004476e+00 -2.848380387633756324e-12
-1.785000000000004583e+00 -3.623926549815625072e-13
-1.780000000000004690e+00 1.902936854489485381e-12
-1.775000000000004796e+00 3.157804011752879029e-12
-1.770000000000004903e+00 3.116039003358456631e-12
-1.765000000000005009e+00 1.958492943115428829e-12
-1.760000000000005116e+00 1.842064526095837572e-13
-1.755000000000005222e+00 -1.578303430262615759e-12
-1.750000000000005329e+00 -2.752978791639814758e-12
-1.745000000000005436e+00 -2.962039700361914133e-12
-1.740000000000005542e+00 -2.117525461820671834e-12
-1.735000000000005649e+00 -4.476488245768241065e-13
-1.730000000000005755e+00 1.547406390246015170e-12
-1.725000000000005862e+00 3.209570264227458642e-12
-1.720000000000005969e+00 3.897418137919796890e-12
-1.715000000000006075e+00 3.198015966415778337e-12
-1.710000000000006182e+00 1.132102069090317548e-12
-1.705000000000006288e+00 -1.721581778812712971e-12
-1.700000000000006395e+00 -4.298785794483222404e-12
-1.695000000000006501e+00 -5.436261106904012425e-12
-1.690000000000006608e+00 -4.601145347780323208e-12
-1.685000000000006715e+00 -1.856089754643428328e-12
-1.680000000000006821e+00 2.022429346110236812e-12
-1.675000000000006928e+00 5.433697871285482194e-12
-1.670000000000007034e+00 6.825344063265023319e-12
-1.665000000000007141e+00 5.508816201768648439e-12
-1.660000000000007248e+00 1.970511171896659593e-12
-1.655000000000007354e+00 -2.371301508146785794e-12
-1.650000000000007461e+00 -5.781557930109897196e-12
-1.645000000000007567e+00 -6.916430823202079233e-12
-1.640000000000007674e+00 -5.353503851313754623e-12
-1.635000000000007780e+00 -1.756483564171887155e-12
-1.630000000000007887e+00 2.385112047983636280e-12
-1.625000000000007994e+00 5.358087475853132595e-12
-1.620000000000008100e+00 5.958969053129284700e-12
-1.615000000000008207e+00 4.066285725010393062e-12
-1.610000000000008313e+00 7.531725679902032844e-13
-1.605000000000008420e+00 -2.258660576755995307e-12
-1.600000000000008527e+00 -3.767053077026578310e-12
-1.595000000000008633e+00 -3.267512348052003614e-12
-1.590000000000008740e+00 -1.745670105224146228e-12
-1.585000000000008846e+00 -1.186218833342441258e-13
-1.580000000000008953e+00 1.849252961940692736e-12
-1.575000000000009059e+00 2.985436343775589244e-12
-1.570000000000009166e+00 1.545952542978396136e-12
-1.565000000000009273e+00 -3.003588399907673248e-12
-1.560000000000009379e+00 -8.832394850245829014e-12
-1.555000000000009486e+00 -1.196495499089500881e-11
-1.550000000000009592e+00 -7.912448284161696246e-12
-1.545000000000009699e+00 5.822914238912493995e-12
-1.540000000000009805e+00 2.729943367877640810e-11
-1.535000000000009912e+00 4.884151335688607087e-11
-1.530000000000010019e+00 5.790604568904878661e-11
-1.525000000000010125e+00 4.072485306645280114e-11
-1.520000000000010232e+00 -1.139245394515868176e-11
-1.515000000000010338e+00 -9.432045201109326061e-11
-1.510000000000010445e+00 -1.846976190916694946e-10
-1.505000000000010552e+00 -2.395617058232875321e-10
-1.500000000000010658e+00 -2.092603755323663851e-10
-1.495000000000010765e+00 -2.816560675636823425e-11
-1.490000000000010871e+00 2.315106688567301745e-10
-1.485000000000010978e+00 5.088145203581717873e-10
-1.480000000000011084e+00 8.093194686960062914e-10
-1.475000000000011191e+00 9.063448741722590739e-10
-1.470000000000011298e+00 5.228722308029705686e-10
-1.465000000000011404e+00 -4.080511210548562626e-10
-1.460000000000011511e+00 -1.612990392675395450e-09
-1.455000000000011617e+00 -2.542359836580200023e-09
-1.450000000000011724e+00 -2.594669884449756044e-09
-1.445000000000011831e+00 -1.407806900492752076e-09
-1.440000000000011937e+00 8.979475256705111808e-10
-1.435000000000012044e+00 3.631127607799948919e-09
-1.430000000000012150e+00 5.664010390599367262e-09
-1.425000000000012257e+00 5.801576588240274625e-09
-1.420000000000012363e+00 3.317448788831599260e-09
-1.415000000000012470e+00 -1.501352781152342797e-09
-1.410000000000012577e+00 -7.059351914696528091e-09
-1.405000000000012683e+00 -1.077090018948296157e-08
-1.400000000000012790e+00 -1.046087446685698700e-08
-1.395000000000012896e+00 -5.505668531773201788e-09
-1.390000000000013003e+00 2.742026559978628828e-09
-1.385000000000013110e+00 1.129939619780715217e-08
-1.380000000000013216e+00 1.627972237360829141e-08
-1.375000000000013323e+00 1.491607554626893513e-08
-1.370000000000013429e+00 7.154230381053938997e-09
-1.365000000000013536e+00 -4.181525042452814645e-09
-1.360000000000013642e+00 -1.457709972357823158e-08
-1.355000000000013749e+00 -1.972807052738309024e-08
-1.350000000000013856e+00 -1.733227777419854114e-08
-1.345000000000013962e+00 -8.080882386382761115e-09
-1.340000000000014069e+00 4.527406244419611520e-09
-1.335000000000014175e+00 1.550889809937761513e-08
-1.330000000000014282e+00 2.040342427416332662e-08
-1.325000000000014388e+00 1.721202690335968258e-08
-1.320000000000014495e+00 7.406600141447725559e-09
-1.315000000000014602e+00 -4.640405671890721106e-09
-1.310000000000014708e+00 -1.384646645209986350e-08
-1.305000000000014815e+00 -1.715152812957895014e-08
-1.300000000000014921e+00 -1.398892620775891943e-08
-1.295000000000015028e+00 -5.951573126183029698e-09
-1.290000000000015135e+00 3.389132478242271540e-09
-1.285000000000015241e+00 1.038431578266015556e-08
-1.280000000000015348e+00 1.272452046883807226e-08
-1.275000000000015454e+00 1.024142216957113160e-08
-1.270000000000015561e+00 4.497305636759165575e-09
-1.265000000000015667e+00 -2.109268024411210656e-09
-1.260000000000015774e+00 -7.260069498028694576e-09
-1.255000000000015881e+00 -9.399517466268279226e-09
-1.250000000000015987e+00 -8.076903633825866189e-09
-1.245000000000016094e+00 -3.947021544268816221e-09
-1.240000000000016200e+00 1.506760087601912894e-09
-1.235000000000016307e+00 6.428416180760769961e-09
-1.230000000000016414e+00 9.114388032641745743e-09
-1.225000000000016520e+00 8.502469372333923383e-09
-1.220000000000016627e+00 4.531209721428782148e-09
-1.215000000000016733e+00 -1.711094598096440018e-09
-1.210000000000016840e+00 -8.124038773230099037e-09
-1.205000000000016946e+00 -1.210621039216932788e-08
-1.200000000000017053e+00 -1.156025683806842484e-08
-1.195000000000017160e+00 -6.059577833943181486e-09
-1.190000000000017266e+00 2.741922700403538832e-09
-1.185000000000017373e+00 1.167033030338435721e-08
-1.180000000000017479e+00 1.676705991600818958e-08
-1.175000000000017586e+00 1.530675735637700394e-08
-1.170000000000017693e+00 7.339414113015538103e-09
-1.165000000000017799e+00 -4.200068498363551259e-09
-1.160000000000017906e+00 -1.472113831143246756e-08
-1.155000000000018012e+00 -1.989427731933202160e-08
-1.150000000000018119e+00 -1.743901352093592230e-08
-1.145000000000018225e+00 -8.095571444629251982e-09
-1.140000000000018332e+00 4.585856997157672996e-09
-1.135000000000018439e+00 1.558916544719939686e-08
-1.130000000000018545e+00 2.045202969143982677e-08
-1.125000000000018652e+00 1.720124779653606460e-08
-1.120000000000018758e+00 7.347562422246080570e-09
-1.115000000000018865e+00 -4.706344300278192244e-09
-1.110000000000018971e+00 -1.387527376311263805e-08
-1.105000000000019078e+00 -1.712750125054866583e-08
-1.100000000000019185e+00 -1.392946611635258965e-08
-1.095000000000019291e+00 -5.891681422102620930e-09
-1.090000000000019398e+00 3.412160674249805232e-09
-1.085000000000019504e+00 1.035694650087280047e-08
-1.080000000000019611e+00 1.266860452506946090e-08
-1.075000000000019718e+00 1.019353454554763734e-08
-1.070000000000019824e+00 4.484575385870540442e-09
-1.065000000000019931e+00 -2.082626081759624699e-09
-1.060000000000020037e+00 -7.211997500702905352e-09
-1.055000000000020144e+00 -9.358537322568935827e-09
-1.050000000000020250e+00 -8.066581225712804334e-09
-1.045000000000020357e+00 -3.973765908238566240e-09
-1.040000000000020464e+00 1.457243489934851111e-09
-1.035000000000020570e+00 6.384297361138710680e-09
-1.030000000000020677e+00 9.103062030772348404e-09
-1.025000000000020783e+00 8.534468786687625945e-09
-1.020000000000020890e+00 4.591176515984843870e-09
-1.015000000000020997e+00 -1.658940248981209759e-09
-1.010000000000021103e+00 -8.114336764633324364e-09
-1.005000000000021210e+00 -1.214561564445626773e-08
-1.000000000000021316e+00 -1.162703561455438210e-08
-9.950000000000214229e-01 -9.264204307187668520e-09
-9.900000000000215294e-01 -5.886965151905370521e-09
-9.850000000000216360e-01 -1.813667742084480117e-09
-9.800000000000217426e-01 2.552175166507431655e-09
-9.750000000000218492e-01 6.762708319179239208e-09
-9.700000000000219558e-01 1.037354039741649312e-08
-9.650000000000220624e-01 1.299312576817238762e-08
-9.600000000000221689e-01 1.432784034659487681e-08
-9.550000000000222755e-01 1.421715749263345183e-08
-9.500000000000223821e-01 1.265436576348353895e-08
-9.450000000000224887e-01 9.789939342577265000e-09
-9.400000000000225953e-01 5.916766106884070883e-09
-9.350000000000227018e-01 1.438685498001298101e-09
-9.300000000000228084e-01 -3.174109714047123073e-09
-9.250000000000229150e-01 -7.437579639832686512e-09
-9.200000000000230216e-01 -1.090800402541650282e-08
-9.150000000000231282e-01 -1.323133664746072768e-08
-9.100000000000232347e-01 -1.418187446997227561e-08
-9.050000000000233413e-01 -1.368571429526331484e-08
-9.000000000000234479e-01 -1.182638086631798149e-08
-8.950000000000235545e-01 -8.832232756025294278e-09
-8.900000000000236611e-01 -5.047492691345792767e-09
-8.850000000000237677e-01 -8.907158872759536161e-10
-8.800000000000238742e-01 3.194046189004429334e-09
-8.750000000000239808e-01 6.787383333474782197e-09
-8.700000000000240874e-01 9.539992236459430308e-09
-8.650000000000241940e-01 1.120827622716056859e-08
-8.600000000000243006e-01 1.167628801897805504e-08
-8.550000000000244071e-01 1.096204735762293441e-08
-8.500000000000245137e-01 9.208256939150031204e-09
-8.450000000000246203e-01 6.659335969996571666e-09
-8.400000000000247269e-01 3.628251344358949762e-09
-8.350000000000248335e-01 4.576671134122468765e-10
-8.300000000000249401e-01 -2.519652860908475511e-09
-8.250000000000250466e-01 -5.016484389187675493e-09
-8.200000000000251532e-01 -6.818925960047620726e-09
-8.150000000000252598e-01 -7.803667454397033035e-09
-8.100000000000253664e-01 -7.943572028122818080e-09
-8.050000000000254730e-01 -7.301917904458551583e-09
-8.000000000000255795e-01 -6.016999572781752723e-09
-7.950000000000256861e-01 -4.279810446523536973e-09
-7.900000000000257927e-01 -2.308114633693653794e-09
-7.850000000000258993e-01 -3.203249845756721274e-10
-7.800000000000260059e-01 1.487733137162552866e-09
-7.750000000000261124e-01 2.960790359798007891e-09
-7.700000000000262190e-01 3.995380196193480228e-09
-7.650000000000263256e-01 4.543920366430976172e-09
-7.600000000000264322e-01 4.612130665182158655e-09
-7.550000000000265388e-01 4.251049813449701633e-09
-7.500000000000266454e-01 3.545405633684289575e-09
-7.450000000000267519e-01 2.600281184708687921e-09
-7.400000000000268585e-01 1.527916992051136051e-09
-7.350000000000269651e-01 4.361502114153446916e-10
-7.300000000000270717e-01 -5.805017471214387144e-10
-7.250000000000271783e-01 -1.446657029534572612e-09
-7.200000000000272848e-01 -2.108845224430647800e-09
-7.150000000000273914e-01 -2.535710561656070735e-09
-7.100000000000274980e-01 -2.716358070084241109e-09
-7.050000000000276046e-01 -2.657632786298653659e-09
-7.000000000000277112e-01 -2.381038216913488673e-09
-6.950000000000278177e-01 -1.919799227421197036e-09
-6.900000000000279243e-01 -1.316313586091411591e-09
-6.850000000000280309e-01 -6.199774311414076997e-10
-6.800000000000281375e-01 1.148316928465102468e-10
-6.750000000000282441e-01 8.309353260554594924e-10
-6.700000000000283507e-01 1.471009304183480687e-09
-6.650000000000284572e-01 1.980906251226672847e-09
-6.600000000000285638e-01 2.313637998642085074e-09
-6.550000000000286704e-01 2.433772638520160377e-09
-6.500000000000287770e-01 2.321775972176353817e-09
-6.450000000000288836e-01 1.977664792598172660e-09
-6.400000000000289901e-01 1.423279323398142268e-09
-6.350000000000290967e-01 7.025468575846887465e-10
-6.300000000000292033e-01 -1.207002645349160189e-10
-6.250000000000293099e-01 -9.674920796829932636e-10
-6.200000000000294165e-01 -1.750850060902916097e-09
-6.150000000000295231e-01 -2.384677446972487208e-09
-6.100000000000296296e-01 -2.793479944409745646e-09
-6.050000000000297362e-01 -2.921757535474230431e-09
-6.000000000000298428e-01 -2.741826210875256870e-09
-5.950000000000299494e-01 -2.258918116804237946e-09
-5.900000000000300560e-01 -1.512670969537967400e-09
-5.850000000000301625e-01 -5.745281389932418542e-10
-5.800000000000302691e-01 4.589185298180613866e-10
-5.750000000000303757e-01 1.476066318283674258e-09
-5.700000000000304823e-01 2.362839363244626420e-09
-5.650000000000305889e-01 3.016158444728478848e-09
-5.600000000000306954e-01 3.356665044252002392e-09
-5.550000000000308020e-01 3.339030712227551746e-09
-5.500000000000309086e-01 2.958421483267636991e-09
-5.450000000000310152e-01 2.252134394648426725e-09
-5.400000000000311218e-01 1.296026475847178152e-09
-5.350000000000312284e-01 1.960379028929511580e-10
-5.300000000000313349e-01 -9.242228135464212216e-10
-5.250000000000314415e-01 -1.938307984488468736e-09
-5.200000000000315481e-01 -2.732288547944352196e-09
-5.150000000000316547e-01 -3.218644642624455024e-09
-5.100000000000317613e-01 -3.346858096998535416e-09
-5.050000000000318678e-01 -3.109299748180192239e-09
-5.000000000000319744e-01 -2.541631789025201100e-09
-4.950000000000320810e-01 -1.717689293531868101e-09
-4.900000000000321876e-01 -7.395595521797913539e-10
-4.850000000000322942e-01 2.757667916465793067e-10
-4.800000000000324007e-01 1.211338945677301515e-09
-4.750000000000325073e-01 1.964753240718097640e-09
-4.700000000000326139e-01 2.460289841914193235e-09
-4.650000000000327205e-01 2.657116348972722016e-09
-4.600000000000328271e-01 2.552586533152733374e-09
-4.550000000000329337e-01 2.180381093135387961e-09
-4.500000000000330402e-01 1.603974062160107192e-09
-4.450000000000331468e-01 9.065522362612295422e-10
-4.400000000000332534e-01 1.789708301880968431e-10
-4.350000000000333600e-01 -4.924672130369248969e-10
-4.300000000000334666e-01 -1.036691061699212024e-09
-4.250000000000335731e-01 -1.405607519788502102e-09
-4.200000000000336797e-01 -1.578035664497718029e-09
-4.150000000000337863e-01 -1.559575152720509364e-09
-4.100000000000338929e-01 -1.378775951363635385e-09
-4.050000000000339995e-01 -1.080504287464794018e-09
-4.000000000000341061e-01 -7.177522391366910112e-10
-3.950000000000342126e-01 -3.432704867776483430e-10
-3.900000000000343192e-01 -2.307680043532655005e-12
-3.850000000000344258e-01 2.725539544405508105e-10
-3.800000000000345324e-01 4.639072266952317519e-10
-3.750000000000346390e-01 5.692989612203971585e-10
-3.700000000000347455e-01 5.986616695298581195e-10
-3.650000000000348521e-01 5.701322361372120461e-10
-3.600000000000349587e-01 5.051876778986452555e-10
-3.550000000000350653e-01 4.240458394277920482e-10
-3.500000000000351719e-01 3.421293893580451943e-10
-3.450000000000352784e-01 2.681138267053875123e-10
-3.400000000000353850e-01 2.037333987565541360e-10
-3.350000000000354916e-01 1.451700717633173807e-10
-3.300000000000355982e-01 8.556293779928644936e-11
-3.250000000000357048e-01 1.799645409585393577e-11
-3.200000000000358114e-01 -6.171928553869557274e-11
-3.150000000000359179e-01 -1.530752102127525503e-10
-3.100000000000360245e-01 -2.500997053425004128e-10
-3.050000000000361311e-01 -3.419460378765481465e-10
-3.000000000000362377e-01 -4.146968454967513562e-10
-2.950000000000363443e-01 -4.540143862156567420e-10
-2.900000000000364508e-01 -4.481071042127682239e-10
-2.850000000000365574e-01 -3.904290224841167919e-10
-2.800000000000366640e-01 -2.815834025117680221e-10
-2.750000000000367706e-01 -1.300513054179975018e-10
-2.700000000000368772e-01 4.842133451034294097e-11
-2.650000000000369837e-01 2.327076908696457787e-10
-2.600000000000370903e-01 3.991658505011826828e-10
-2.550000000000371969e-01 5.250329322548832024e-10
-2.500000000000373035e-01 5.918095043148534474e-10
-2.450000000000374101e-01 5.881020876254422599e-10
-2.400000000000375167e-01 5.114826973204978236e-10
-2.350000000000376232e-01 3.690823835656778720e-10
-2.300000000000377298e-01 1.768324895007219776e-10
-2.250000000000378364e-01 -4.252960955073806150e-11
-2.200000000000379430e-01 -2.623955230135853305e-10
-2.150000000000380496e-01 -4.557393149546661791e-10
-2.100000000000381561e-01 -5.986060879892031524e-10
-2.050000000000382627e-01 -6.731628410509162337e-10
-2.000000000000383693e-01 -6.699149998675135389e-10
-1.950000000000384759e-01 -5.888191841504522461e-10
-1.900000000000385825e-01 -4.391799883785567212e-10
-1.850000000000386891e-01 -2.383823971091165119e-10
-1.800000000000387956e-01 -9.659484938923179568e-12
-1.750000000000389022e-01 2.207912242888742980e-10
-1.700000000000390088e-01 4.269623712592741248e-10
-1.650000000000391154e-01 5.860670302362119994e-10
-1.600000000000392220e-01 6.810846127532909871e-10
-1.550000000000393285e-01 7.025399465163040558e-10
-1.500000000000394351e-01 6.493403214287095924e-10
-1.450000000000395417e-01 5.286170517213337701e-10
-1.400000000000396483e-01 3.546386478151162644e-10
-1.350000000000397549e-01 1.469676898295316549e-10
-1.300000000000398614e-01 -7.188844108856361251e-11
-1.250000000000399680e-01 -2.790390520593185133e-10
-1.200000000000400746e-01 -4.536832733584409339e-10
-1.150000000000401812e-01 -5.792230028965264772e-10
-1.100000000000402878e-01 -6.448022218837196433e-10
-1.050000000000403944e-01 -6.461384772995207789e-10
-1.000000000000405009e-01 -5.856017006910143260e-10
-9.500000000004060752e-02 -4.715838346571376286e-10
-9.000000000004071410e-02 -3.172795920221772670e-10
-8.500000000004082068e-02 -1.390557311259050643e-10
-8.000000000004092726e-02 4.538192116952961957e-11
-7.500000000004103384e-02 2.188097997401136867e-10
-7.000000000004114042e-02 3.661033582997009720e-10
-6.500000000004124701e-02 4.754982684487565665e-10
-6.000000000004135359e-02 5.394009584311094394e-10
-5.500000000004146017e-02 5.547148863737266432e-10
-5.000000000004156675e-02 5.227076224046490858e-10
-4.500000000004167333e-02 4.484923013976673096e-10
-4.000000000004177991e-02 3.402299519598382057e-10
-3.500000000004188649e-02 2.081739170687126231e-10
-3.000000000004199308e-02 6.367424841730843919e-11
-2.500000000004209966e-02 -8.175856679126910583e-11
-2.000000000004220624e-02 -2.172600018903762825e-10
-1.500000000004231282e-02 -3.332505323066223949e-10
-1.000000000004241940e-02 -4.219010401107092758e-10
-5.000000000042525983e-03 -4.774424272538527279e-10
-4.263256414560601115e-14 -4.963509100955576289e-10
4.999999999957260854e-03 -4.774424221024849608e-10
9.999999999957154273e-03 -4.219010287741027176e-10
1.499999999995704769e-02 -3.332505133998052816e-10
1.999999999995694111e-02 -2.172599747358519427e-10
2.499999999995683453e-02 -8.175853228558129186e-11
2.999999999995672795e-02 6.367428775752700108e-11
3.499999999995662137e-02 2.081739581814022727e-10
3.999999999995651478e-02 3.402299930393928353e-10
4.499999999995640820e-02 4.484923433617948759e-10
4.999999999995630162e-02 5.227076688758014828e-10
5.499999999995619504e-02 5.547149417784425805e-10
5.999999999995608846e-02 5.394010250641151152e-10
6.499999999995598188e-02 4.754983442562373797e-10
6.999999999995587530e-02 3.661034369795585524e-10
7.499999999995576871e-02 2.188098734952102492e-10
7.999999999995566213e-02 4.538198482576542037e-11
8.499999999995555555e-02 -1.390556768951742328e-10
8.999999999995544897e-02 -3.172795403370223665e-10
9.499999999995534239e-02 -4.715837755110708561e-10
9.999999999995523581e-02 -5.856016262603520678e-10
1.049999999999551292e-01 -6.461383869637563936e-10
1.099999999999550226e-01 -6.448021242312575694e-10
1.149999999999549161e-01 -5.792229131063195524e-10
1.199999999999548095e-01 -4.536832065049058049e-10
1.249999999999547029e-01 -2.790390152189619009e-10
1.299999999999545963e-01 -7.188842837131527059e-11
1.349999999999544897e-01 1.469676960618996301e-10
1.399999999999543832e-01 3.546386692285775621e-10
1.449999999999542766e-01 5.286171031311213820e-10
1.499999999999541700e-01 6.493404023510357705e-10
1.549999999999540634e-01 7.025400399979282310e-10
1.599999999999539568e-01 6.810846927122028009e-10
1.649999999999538502e-01 5.860670739440945615e-10
1.699999999999537437e-01 4.269623706086688624e-10
1.749999999999536371e-01 2.207911899031071613e-10
1.799999999999535305e-01 -9.659528978907337017e-12
1.849999999999534239e-01 -2.383824251232302714e-10
1.899999999999533173e-01 -4.391799852102464222e-10
1.949999999999532108e-01 -5.888191512395983670e-10
1.999999999999531042e-01 -6.699149525170021831e-10
2.049999999999529976e-01 -6.731627991510611697e-10
2.099999999999528910e-01 -5.986060659644082328e-10
2.149999999999527844e-01 -4.557393166220145534e-10
2.199999999999526779e-01 -2.623955435558268680e-10
2.249999999999525713e-01 -4.252964219619544192e-11
2.299999999999524647e-01 1.768324472579938547e-10
2.349999999999523581e-01 3.690823285509054737e-10
2.399999999999522515e-01 5.114826246858917954e-10
2.449999999999521449e-01 5.881019968908048692e-10
2.499999999999520384e-01 5.918094025306113926e-10
2.549999999999519318e-01 5.250328313417785514e-10
2.599999999999518252e-01 3.991657598819459831e-10
2.649999999999517186e-01 2.327076099317247904e-10
2.699999999999516120e-01 4.842124999406690195e-11
2.749999999999515055e-01 -1.300514146918724579e-10
2.799999999999513989e-01 -2.815835554693338936e-10
2.849999999999512923e-01 -3.904292254638952188e-10
2.899999999999511857e-01 -4.481073462251932756e-10
2.949999999999510791e-01 -4.540146427719885328e-10
2.999999999999509726e-01 -4.146970894588809197e-10
3.049999999999508660e-01 -3.419462520158564583e-10
3.099999999999507594e-01 -2.500998903679043671e-10
3.149999999999506528e-01 -1.530753843995470032e-10
3.199999999999505462e-01 -6.171947639409964577e-11
3.249999999999504396e-01 1.799622181962753147e-11
3.299999999999503331e-01 8.556265199109072750e-11
3.349999999999502265e-01 1.451697365363503237e-10
3.399999999999501199e-01 2.037330309829891362e-10
3.449999999999500133e-01 2.681134481149703944e-10
3.499999999999499067e-01 3.421290183580794826e-10
3.549999999999498002e-01 4.240454860379137625e-10
3.599999999999496936e-01 5.051873429773634401e-10
3.649999999999495870e-01 5.701319139058920556e-10
3.699999999999494804e-01 5.986613513944856799e-10
3.749999999999493738e-01 5.692986392001553589e-10
3.799999999999492672e-01 4.639068957321499952e-10
3.849999999999491607e-01 2.725536136689712989e-10
3.899999999999490541e-01 -2.308026771600103473e-12
3.949999999999489475e-01 -3.432708310824181718e-10
3.999999999999488409e-01 -7.177525693035517680e-10
4.049999999999487343e-01 -1.080504590854314945e-09
4.099999999999486278e-01 -1.378776217657231342e-09
4.149999999999485212e-01 -1.559575376839843738e-09
4.199999999999484146e-01 -1.578035847712985175e-09
4.249999999999483080e-01 -1.405607668131818201e-09
4.299999999999482014e-01 -1.036691182141949195e-09
4.349999999999480949e-01 -4.924673091757983409e-10
4.399999999999479883e-01 1.789707607848627789e-10
4.449999999999478817e-01 9.065522016255060795e-10
4.499999999999477751e-01 1.603974072456923422e-09
4.549999999999476685e-01 2.180381155675570967e-09
4.599999999999475619e-01 2.552586648207169918e-09
4.649999999999474554e-01 2.657116508454961018e-09
4.699999999999473488e-01 2.460290031718570623e-09
4.749999999999472422e-01 1.964753445721663184e-09
4.799999999999471356e-01 1.211339155030912707e-09
4.849999999999470290e-01 2.757670018013373079e-10
4.899999999999469225e-01 -7.395593381005248258e-10
4.949999999999468159e-01 -1.717689069573823814e-09
4.999999999999467093e-01 -2.541631551537387256e-09
5.049999999999466027e-01 -3.109299499887897021e-09
5.099999999999464961e-01 -3.346857848321005644e-09
5.149999999999463896e-01 -3.218644409831285722e-09
5.199999999999462830e-01 -2.732288349040946711e-09
5.249999999999461764e-01 -1.938307834549937721e-09
5.299999999999460698e-01 -9.242227213455665939e-10
5.349999999999459632e-01 1.960379357157737880e-10
5.399999999999458566e-01 1.296026452937518146e-09
5.449999999999457501e-01 2.252134321447946130e-09
5.499999999999456435e-01 2.958421363586063355e-09
5.549999999999455369e-01 3.339030546421203873e-09
5.599999999999454303e-01 3.356664829652940323e-09
5.649999999999453237e-01 3.016158177818781607e-09
5.699999999999452172e-01 2.362839042303578008e-09
5.749999999999451106e-01 1.476065945226015399e-09
5.799999999999450040e-01 4.589181105724967277e-10
5.849999999999448974e-01 -5.745285954088156410e-10
5.899999999999447908e-01 -1.512671452575137899e-09
5.949999999999446842e-01 -2.258918615889119509e-09
5.999999999999445777e-01 -2.741826716501802008e-09
6.049999999999444711e-01 -2.921758039874453428e-09
6.099999999999443645e-01 -2.793480441917280635e-09
6.149999999999442579e-01 -2.384677934094756785e-09
6.199999999999441513e-01 -1.750850535944168573e-09
6.249999999999440448e-01 -9.674925417274425070e-10
6.299999999999439382e-01 -1.207007118320475986e-10
6.349999999999438316e-01 7.025464293822675549e-10
6.399999999999437250e-01 1.423278922386168345e-09
6.449999999999436184e-01 1.977664430464823039e-09
6.499999999999435119e-01 2.321775662529398291e-09
6.549999999999434053e-01 2.433772394170277028e-09
6.599999999999432987e-01 2.313637828820125224e-09
6.649999999999431921e-01 1.980906159781841240e-09
6.699999999999430855e-01 1.471009289435404369e-09
6.749999999999429789e-01 8.309353823449823034e-10
6.799999999999428724e-01 1.148318131996872407e-10
6.849999999999427658e-01 -6.199772522473714685e-10
6.899999999999426592e-01 -1.316313350948796025e-09
6.949999999999425526e-01 -1.919798935036525235e-09
6.999999999999424460e-01 -2.381037864710681774e-09
7.049999999999423395e-01 -2.657632372841488306e-09
7.099999999999422329e-01 -2.716357597600308900e-09
7.149999999999421263e-01 -2.535710037201743420e-09
7.199999999999420197e-01 -2.108844659126926586e-09
7.249999999999419131e-01 -1.446656436164560274e-09
7.299999999999418065e-01 -5.805011371111267417e-10
7.349999999999417000e-01 4.361508303270561654e-10
7.399999999999415934e-01 1.527917616417120095e-09
7.449999999999414868e-01 2.600281813955071907e-09
7.499999999999413802e-01 3.545406267302410779e-09
7.549999999999412736e-01 4.251050448124791329e-09
7.599999999999411671e-01 4.612131293264898456e-09
7.649999999999410605e-01 4.543920976542113706e-09
7.699999999999409539e-01 3.995380775713275101e-09
7.749999999999408473e-01 2.960790898067147273e-09
7.799999999999407407e-01 1.487733627905078689e-09
7.849999999999406342e-01 -3.203245426788766770e-10
7.899999999999405276e-01 -2.308114238494443264e-09
7.949999999999404210e-01 -4.279810095324471561e-09
7.999999999999403144e-01 -6.016999265555058600e-09
8.049999999999402078e-01 -7.301917646229851414e-09
8.099999999999401012e-01 -7.943571829759606617e-09
8.149999999999399947e-01 -7.803667331607365057e-09
8.199999999999398881e-01 -6.818925930981255007e-09
8.249999999999397815e-01 -5.016484471469796022e-09
8.299999999999396749e-01 -2.519653069048407191e-09
8.349999999999395683e-01 4.576667695572537657e-10
8.399999999999394618e-01 3.628250859910018324e-09
8.449999999999393552e-01 6.659335344540064962e-09
8.499999999999392486e-01 9.208256175977390641e-09
8.549999999999391420e-01 1.096204646312224094e-08
8.599999999999390354e-01 1.167628700218198033e-08
8.649999999999389289e-01 1.120827509921529199e-08
8.699999999999388223e-01 9.539991009877704662e-09
8.749999999999387157e-01 6.787382021359729922e-09
8.799999999999386091e-01 3.194044804664827725e-09
8.849999999999385025e-01 -8.907173300097014824e-10
8.899999999999383959e-01 -5.047494177215120607e-09
8.949999999999382894e-01 -8.832234267363578527e-09
8.999999999999381828e-01 -1.182638238259636537e-08
9.049999999999380762e-01 -1.368571579346366975e-08
9.099999999999379696e-01 -1.418187592561784083e-08
9.149999999999378630e-01 -1.323133803580155618e-08
9.199999999999377565e-01 -1.090800532229713235e-08
9.249999999999376499e-01 -7.437580822110718637e-09
9.299999999999375433e-01 -3.174110759799457078e-09
9.349999999999374367e-01 1.438684609117820873e-09
9.399999999999373301e-01 5.916765392952464000e-09
9.449999999999372235e-01 9.789938818657846850e-09
9.499999999999371170e-01 1.265436544131282203e-08
9.549999999999370104e-01 1.421715738125653539e-08
9.599999999999369038e-01 1.432784045395694973e-08
9.649999999999367972e-01 1.299312610315507012e-08
9.699999999999366906e-01 1.037354097146618148e-08
9.749999999999365841e-01 6.762709146753972717e-09
9.799999999999364775e-01 2.552176264068609911e-09
9.849999999999363709e-01 -1.813666358198184857e-09
9.899999999999362643e-01 -5.886963467987563513e-09
9.949999999999361577e-01 -9.264202314267248665e-09
9.999999999999360512e-01 -1.162703330955081878e-08
1.004999999999935945e+00 -1.214561322415698673e-08
1.009999999999935838e+00 -8.114334259062846131e-09
1.014999999999935731e+00 -1.658937681916522127e-09
1.019999999999935625e+00 4.591179137329410744e-09
1.024999999999935518e+00 8.534471452874825940e-09
1.029999999999935412e+00 9.103064702335287666e-09
1.034999999999935305e+00 6.384299948137962625e-09
1.039999999999935199e+00 1.457245848164175437e-09
1.044999999999935092e+00 -3.973763962859739978e-09
1.049999999999934985e+00 -8.066579889388431252e-09
1.054999999999934879e+00 -9.358536771021738157e-09
1.059999999999934772e+00 -7.211997860612536646e-09
1.064999999999934666e+00 -2.082627412369593400e-09
1.069999999999934559e+00 4.484573099946097302e-09
1.074999999999934452e+00 1.019353139515087006e-08
1.079999999999934346e+00 1.266860068015698523e-08
1.084999999999934239e+00 1.035694222607929358e-08
1.089999999999934133e+00 3.412156357117549207e-09
1.094999999999934026e+00 -5.891685250390646473e-09
1.099999999999933920e+00 -1.392946882656360412e-08
1.104999999999933813e+00 -1.712750458021304614e-08
1.109999999999933706e+00 -1.387527736198267573e-08
1.114999999999933600e+00 -4.706347910935225272e-09
1.119999999999933493e+00 7.347558991974203076e-09
1.124999999999933387e+00 1.720124466955217306e-08
1.129999999999933280e+00 2.045202691649792250e-08
1.134999999999933173e+00 1.558916300398536993e-08
1.139999999999933067e+00 4.585854811522922600e-09
1.144999999999932960e+00 -8.095573479410490077e-09
1.149999999999932854e+00 -1.743901552153101321e-08
1.154999999999932747e+00 -1.989427939167196782e-08
1.159999999999932641e+00 -1.472114053365069668e-08
1.164999999999932534e+00 -4.200070907914485433e-09
1.169999999999932427e+00 7.339411527589024509e-09
1.174999999999932321e+00 1.530675465773760103e-08
1.179999999999932214e+00 1.676705721196664215e-08
1.184999999999932108e+00 1.167032772977662586e-08
1.189999999999932001e+00 2.741920392355334196e-09
1.194999999999931894e+00 -6.059579776115843286e-09
1.199999999999931788e+00 -1.156025836796998538e-08
1.204999999999931681e+00 -1.210621208215768354e-08
1.209999999999931575e+00 -8.124040518611492804e-09
1.214999999999931468e+00 -1.711096333487912936e-09
1.219999999999931362e+00 4.531208062922982645e-09
1.224999999999931255e+00 8.502467857267087781e-09
1.229999999999931148e+00 9.114386713497736966e-09
1.234999999999931042e+00 6.428415084850956882e-09
1.239999999999930935e+00 1.506759213211394386e-09
1.244999999999930829e+00 -3.947022225031075283e-09
1.249999999999930722e+00 -8.076904167989765679e-09
1.254999999999930616e+00 -9.399517911328964729e-09
1.259999999999930509e+00 -7.260069913303905722e-09
1.264999999999930402e+00 -2.109268463078591148e-09
1.269999999999930296e+00 4.497305134908654851e-09
1.274999999999930189e+00 1.024142158453225450e-08
1.279999999999930083e+00 1.272451980494668126e-08
1.284999999999929976e+00 1.038431506885219646e-08
1.289999999999929869e+00 3.389131759933312950e-09
1.294999999999929763e+00 -5.951573808827906340e-09
1.299999999999929656e+00 -1.398892686015921166e-08
1.304999999999929550e+00 -1.715152878379450511e-08
1.309999999999929443e+00 -1.384646708066134483e-08
1.314999999999929337e+00 -4.640406257274338957e-09
1.319999999999929230e+00 7.406599617144827304e-09
1.324999999999929123e+00 1.721202646105810929e-08
1.329999999999929017e+00 2.040342393176655315e-08
1.334999999999928910e+00 1.550889786302020480e-08
1.339999999999928804e+00 4.527406103519282289e-09
1.344999999999928697e+00 -8.080882456629263110e-09
1.349999999999928590e+00 -1.733227780323922455e-08
1.354999999999928484e+00 -1.972807053642797606e-08
1.359999999999928377e+00 -1.457709971488664122e-08
1.364999999999928271e+00 -4.181524995759167207e-09
1.369999999999928164e+00 7.154230502631893256e-09
1.374999999999928058e+00 1.491607578253104763e-08
1.379999999999927951e+00 1.627972275161376419e-08
1.384999999999927844e+00 1.129939672241906277e-08
1.389999999999927738e+00 2.742027216777334850e-09
1.394999999999927631e+00 -5.505667764487728230e-09
1.399999999999927525e+00 -1.046087362087847334e-08
1.404999999999927418e+00 -1.077089941856049894e-08
1.409999999999927311e+00 -7.059351278698081763e-09
1.414999999999927205e+00 -1.501352344971794169e-09
1.419999999999927098e+00 3.317448969540490952e-09
1.424999999999926992e+00 5.801576477155096510e-09
1.429999999999926885e+00 5.664009979522109305e-09
1.434999999999926779e+00 3.631126921662874550e-09
1.439999999999926672e+00 8.979466208641814602e-10
1.444999999999926565e+00 -1.407807945203815408e-09
1.449999999999926459e+00 -2.594670982324221099e-09
1.454999999999926352e+00 -2.542360908355558757e-09
1.459999999999926246e+00 -1.612991378187285361e-09
1.464999999999926139e+00 -4.080519833113557617e-10
1.469999999999926033e+00 5.228715099980765779e-10
1.474999999999925926e+00 9.063443042664498658e-10
1.479999999999925819e+00 8.093190600086120909e-10
1.484999999999925713e+00 5.088142860104172325e-10
1.489999999999925606e+00 2.315106150278307341e-10
1.494999999999925500e+00 -2.816549567913389955e-11
1.499999999999925393e+00 -2.092601291744266709e-10
1.504999999999925286e+00 -2.395614193988719419e-10
1.509999999999925180e+00 -1.846973061706002644e-10
1.514999999999925073e+00 -9.432012205862291981e-11
1.519999999999924967e+00 -1.139212264875204744e-11
1.524999999999924860e+00 4.072517153866258247e-11
1.529999999999924754e+00 5.790634514597542580e-11
1.534999999999924647e+00 4.884179580490897983e-11
1.539999999999924540e+00 2.729970517592701809e-11
1.544999999999924434e+00 5.823180126212672127e-12
1.549999999999924327e+00 -7.912185952000033984e-12
1.554999999999924221e+00 -1.196469700927992158e-11
1.559999999999924114e+00 -8.832142489422475775e-12
1.564999999999924007e+00 -3.003341107619073616e-12
1.569999999999923901e+00 1.546197633300712268e-12
1.574999999999923794e+00 2.985682759320603115e-12
1.579999999999923688e+00 1.849502635082971437e-12
1.584999999999923581e+00 -1.183686108005888711e-13
1.589999999999923475e+00 -1.745410127493547067e-12
1.594999999999923368e+00 -3.267233841213521738e-12
1.599999999999923261e+00 -3.766742051252445287e-12
1.604999999999923155e+00 -2.258374193313532168e-12
1.609999999999923048e+00 7.534367872810780802e-13
1.614999999999922942e+00 4.066535041433796869e-12
1.619999999999922835e+00 5.959204833044707335e-12
1.624999999999922728e+00 5.358307461156571206e-12
1.629999999999922622e+00 2.385314421773110866e-12
1.634999999999922515e+00 -1.756298334304141809e-12
1.639999999999922409e+00 -5.353333583119823617e-12
1.644999999999922302e+00 -6.916273262633687248e-12
1.649999999999922196e+00 -5.781412035416108747e-12
1.654999999999922089e+00 -2.371167590430629525e-12
1.659999999999921982e+00 1.970632395183858243e-12
1.664999999999921876e+00 5.508924936584393396e-12
1.669999999999921769e+00 6.825442226793903239e-12
1.674999999999921663e+00 5.433788693044605442e-12
1.679999999999921556e+00 2.022515839444908586e-12
1.684999999999921450e+00 -1.856006506748048847e-12
1.689999999999921343e+00 -4.601066469570337070e-12
1.694999999999921236e+00 -5.436187223954112204e-12
1.699999999999921130e+00 -4.298711338779020279e-12
1.704999999999921023e+00 -1.721512353551941163e-12
1.709999999999920917e+00 1.132165169624911367e-12
1.714999999999920810e+00 3.198070740370270626e-12
1.719999999999920703e+00 3.897466198085007593e-12
1.724999999999920597e+00 3.209614361201537461e-12
1.729999999999920490e+00 1.547448090692370835e-12
1.734999999999920384e+00 -4.476095039077421356e-13
1.739999999999920277e+00 -2.117489061636164100e-12
1.744999999999920171e+00 -2.962006185715748839e-12
1.749999999999920064e+00 -2.752947139819686928e-12
1.754999999999919957e+00 -1.578272092670218801e-12
1.759999999999919851e+00 1.842386757121026167e-13
1.764999999999919744e+00 1.958526325570936816e-12
1.769999999999919638e+00 3.116073115978869876e-12
1.774999999999919531e+00 3.157838664809424694e-12
1.779999999999919424e+00 1.902972983758585376e-12
1.784999999999919318e+00 -3.623533061450171347e-13
1.789999999999919211e+00 -2.848337370209174726e-12
1.794999999999919105e+00 -4.445734566068454021e-12
1.799999999999918998e+00 -4.288468258442662544e-12
1.804999999999918892e+00 -2.243446247680287844e-12
1.809999999999918785e+00 1.055147208507115182e-12
1.814999999999918678e+00 4.337186230951536903e-12
1.819999999999918572e+00 6.071206334337090996e-12
1.824999999999918465e+00 5.340573412293417784e-12
1.829999999999918359e+00 2.320595359853337257e-12
1.834999999999918252e+00 -1.805977116678002329e-12
1.839999999999918145e+00 -5.370339892200004951e-12
1.844999999999918039e+00 -6.913881941238118780e-12
1.849999999999917932e+00 -5.777867107343031577e-12
1.854999999999917826e+00 -2.371626191086097237e-12
1.859999999999917719e+00 1.975320818433739505e-12
1.864999999999917613e+00 5.529637898090980493e-12
1.869999999999917506e+00 6.859540453367792283e-12
1.874999999999917399e+00 5.459995368466350268e-12
1.879999999999917293e+00 2.013235171517284524e-12
1.884999999999917186e+00 -1.908947091728680370e-12
1.889999999999917080e+00 -4.665290872633490295e-12
1.894999999999916973e+00 -5.451935139653203552e-12
1.899999999999916866e+00 -4.258207443490457771e-12
1.904999999999916760e+00 -1.661345702787008294e-12
1.909999999999916653e+00 1.171662311327714425e-12
1.914999999999916547e+00 3.194812547783885449e-12
1.919999999999916440e+00 3.859539648946878043e-12
1.924999999999916334e+00 3.163811780517647531e-12
1.929999999999916227e+00 1.520786878567946272e-12
1.934999999999916120e+00 -4.421909065937838913e-13
1.939999999999916014e+00 -2.085859304644222270e-12
1.944999999999915907e+00 -2.923808056715000437e-12
1.949999999999915801e+00 -2.730425472156104911e-12
1.954999999999915694e+00 -1.584491687175148858e-12
1.959999999999915588e+00 1.524013348668840062e-13
1.964999999999915481e+00 1.919244508854518094e-12
1.969999999999915374e+00 3.093260348814437620e-12
1.974999999999915268e+00 3.167464376876741560e-12
1.979999999999915161e+00 1.941883880933306370e-12
1.984999999999915055e+00 -3.174235800151462416e-13
1.989999999999914948e+00 -2.827254910188891400e-12
1.994999999999914841e+00 -4.462395824483743233e-12
