-2.000000000000000000e+00 6.187599976126355317e-03
-1.995000000000000107e+00 6.268152601774197238e-03
-1.990000000000000213e+00 6.349529331860578538e-03
-1.985000000000000320e+00 6.431733129258634420e-03
-1.980000000000000426e+00 6.514766803836022011e-03
-1.975000000000000533e+00 6.598633006574561657e-03
-1.970000000000000639e+00 6.683334223549010009e-03
-1.965000000000000746e+00 6.768872769762424371e-03
-1.960000000000000853e+00 6.855250782835524068e-03
-1.955000000000000959e+00 6.942470216547477931e-03
-1.950000000000001066e+00 7.030532834225436054e-03
-1.945000000000001172e+00 7.119440201980167283e-03
-1.940000000000001279e+00 7.209193681785097153e-03
-1.935000000000001386e+00 7.299794424396021872e-03
-1.930000000000001492e+00 7.391243362108739293e-03
-1.925000000000001599e+00 7.483541201351823040e-03
-1.920000000000001705e+00 7.576688415111701783e-03
-1.915000000000001812e+00 7.670685235187251622e-03
-1.910000000000001918e+00 7.765531644270976842e-03
-1.905000000000002025e+00 7.861227367853929754e-03
-1.900000000000002132e+00 7.957771865951411908e-03
-1.895000000000002238e+00 8.055164324646544097e-03
-1.890000000000002345e+00 8.153403647448698860e-03
-1.885000000000002451e+00 8.252488446463803959e-03
-1.880000000000002558e+00 8.352417033373530503e-03
-1.875000000000002665e+00 8.453187410220211126e-03
-1.870000000000002771e+00 8.554797259994579087e-03
-1.865000000000002878e+00 8.657243937023053129e-03
-1.860000000000002984e+00 8.760524457151615610e-03
-1.855000000000003091e+00 8.864635487722991383e-03
-1.850000000000003197e+00 8.969573337344126374e-03
-1.845000000000003304e+00 9.075333945440635167e-03
-1.840000000000003411e+00 9.181912871595131545e-03
-1.835000000000003517e+00 9.289305284666173751e-03
-1.830000000000003624e+00 9.397505951684594419e-03
-1.825000000000003730e+00 9.506509226523997269e-03
-1.820000000000003837e+00 9.616309038342129786e-03
-1.815000000000003944e+00 9.726898879789884489e-03
-1.810000000000004050e+00 9.838271794984565152e-03
-1.805000000000004157e+00 9.950420367244288550e-03
-1.800000000000004263e+00 1.006333670658000196e-02
-1.795000000000004370e+00 1.017701243694197136e-02
-1.790000000000004476e+00 1.029143868321733338e-02
-1.785000000000004583e+00 1.040660605797545310e-02
-1.780000000000004690e+00 1.052250464795765825e-02
-1.775000000000004796e+00 1.063912400030814741e-02
-1.770000000000004903e+00 1.075645310854265492e-02
-1.765000000000005009e+00 1.087448039825158162e-02
-1.760000000000005116e+00 1.099319371253427123e-02
-1.755000000000005222e+00 1.111258029716115890e-02
-1.750000000000005329e+00 1.123262678546038326e-02
-1.745000000000005436e+00 1.135331918292573766e-02
-1.740000000000005542e+00 1.147464285154249294e-02
-1.735000000000005649e+00 1.159658249382802125e-02
-1.730000000000005755e+00 1.171912213658386076e-02
-1.725000000000005862e+00 1.184224511435599987e-02
-1.720000000000005969e+00 1.196593405260031745e-02
-1.715000000000006075e+00 1.209017085054984661e-02
-1.710000000000006182e+00 1.221493666378084715e-02
-1.705000000000006288e+00 1.234021188647457107e-02
-1.700000000000006395e+00 1.246597613337159516e-02
-1.695000000000006501e+00 1.259220822141579425e-02
-1.690000000000006608e+00 1.271888615108490890e-02
-1.685000000000006715e+00 1.284598708740484173e-02
-1.680000000000006821e+00 1.297348734064476469e-02
-1.675000000000006928e+00 1.310136234669022522e-02
-1.670000000000007034e+00 1.322958664709151383e-02
-1.665000000000007141e+00 1.335813386878463571e-02
-1.660000000000007248e+00 1.348697670348215222e-02
-1.655000000000007354e+00 1.361608688673151234e-02
-1.650000000000007461e+00 1.374543517663824425e-02
-1.645000000000007567e+00 1.387499133225173452e-02
-1.640000000000007674e+00 1.400472409161128765e-02
-1.635000000000007780e+00 1.413460114945019885e-02
-1.630000000000007887e+00 1.426458913455582594e-02
-1.625000000000007994e+00 1.439465358678364108e-02
-1.620000000000008100e+00 1.452475893372337859e-02
-1.615000000000008207e+00 1.465486846701550411e-02
-1.610000000000008313e+00 1.478494431831641788e-02
-1.605000000000008420e+00 1.491494743491084997e-02
-1.600000000000008527e+00 1.504483755497009953e-02
-1.595000000000008633e+00 1.517457318245487956e-02
-1.590000000000008740e+00 1.530411156166177136e-02
-1.585000000000008846e+00 1.543340865141231213e-02
-1.580000000000008953e+00 1.556241909888396099e-02
-1.575000000000009059e+00 1.569109621308250463e-02
-1.570000000000009166e+00 1.581939193795541682e-02
-1.565000000000009273e+00 1.594725682514603823e-02
-1.560000000000009379e+00 1.607464000638859913e-02
-1.555000000000009486e+00 1.620148916554435201e-02
-1.550000000000009592e+00 1.632775051027915772e-02
-1.545000000000009699e+00 1.645336874338344801e-02
-1.540000000000009805e+00 1.657828703373518536e-02
-1.535000000000009912e+00 1.670244698690729820e-02
-1.530000000000010019e+00 1.682578861542085441e-02
-1.525000000000010125e+00 1.694825030864579446e-02
-1.520000000000010232e+00 1.706976880235119495e-02
-1.515000000000010338e+00 1.719027914790733844e-02
-1.510000000000010445e+00 1.730971468114233039e-02
-1.505000000000010552e+00 1.742800699085604588e-02
-1.500000000000010658e+00 1.754508588699485450e-02
-1.495000000000010765e+00 1.766087936849057571e-02
-1.490000000000010871e+00 1.777531359076783141e-02
-1.485000000000010978e+00 1.788831283292405955e-02
-1.480000000000011084e+00 1.799979946458703933e-02
-1.475000000000011191e+00 1.810969391245495497e-02
-1.470000000000011298e+00 1.821791462652480598e-02
-1.465000000000011404e+00 1.832437804601505169e-02
-1.460000000000011511e+00 1.842899856498906794e-02
-1.455000000000011617e+00 1.853168849768632373e-02
-1.450000000000011724e+00 1.863235804356884115e-02
-1.445000000000011831e+00 1.873091525209080038e-02
-1.440000000000011937e+00 1.882726598719995648e-02
-1.435000000000012044e+00 1.892131389157973576e-02
-1.430000000000012150e+00 1.901296035064177839e-02
-1.425000000000012257e+00 1.910210445627913423e-02
-1.420000000000012363e+00 1.918864297039090186e-02
-1.415000000000012470e+00 1.927247028818971850e-02
-1.410000000000012577e+00 1.935347840130442060e-02
-1.405000000000012683e+00 1.943155686069037921e-02
-1.400000000000012790e+00 1.950659273936134613e-02
-1.395000000000012896e+00 1.957847059495671990e-02
-1.390000000000013003e+00 1.964707243215939661e-02
-1.385000000000013110e+00 1.971227766498002965e-02
-1.380000000000013216e+00 1.977396307892398050e-02
-1.375000000000013323e+00 1.983200279305866870e-02
-1.370000000000013429e+00 1.988626822199942440e-02
-1.365000000000013536e+00 1.993662803783291179e-02
-1.360000000000013642e+00 1.998294813199846809e-02
-1.355000000000013749e+00 2.002509157714803950e-02
-1.350000000000013856e+00 2.006291858900694641e-02
-1.345000000000013962e+00 2.009628648825842467e-02
-1.340000000000014069e+00 2.012504966247598975e-02
-1.335000000000014175e+00 2.014905952812875989e-02
-1.330000000000014282e+00 2.016816449268609215e-02
-1.325000000000014388e+00 2.018220991684880131e-02
-1.320000000000014495e+00 2.019103807693570923e-02
-1.315000000000014602e+00 2.019448812745532756e-02
-1.310000000000014708e+00 2.019239606389365213e-02
-1.305000000000014815e+00 2.018459468575077576e-02
-1.300000000000014921e+00 2.017091355985970585e-02
-1.295000000000015028e+00 2.015117898402297644e-02
-1.290000000000015135e+00 2.012521395100322699e-02
-1.285000000000015241e+00 2.009283811290624167e-02
-1.280000000000015348e+00 2.005386774599566754e-02
-1.275000000000015454e+00 2.000811571598104521e-02
-1.270000000000015561e+00 1.995539144382146163e-02
-1.265000000000015667e+00 1.989550087208981355e-02
-1.260000000000015774e+00 1.982824643194352338e-02
-1.255000000000015881e+00 1.975342701074996390e-02
-1.250000000000015987e+00 1.967083792041627102e-02
-1.245000000000016094e+00 1.958027086647534665e-02
-1.240000000000016200e+00 1.948151391798175550e-02
-1.235000000000016307e+00 1.937435147827306497e-02
-1.230000000000016414e+00 1.925856425665459226e-02
-1.225000000000016520e+00 1.913392924106721224e-02
-1.220000000000016627e+00 1.900021967180048552e-02
-1.215000000000016733e+00 1.885720501631535026e-02
-1.210000000000016840e+00 1.870465094524299474e-02
-1.205000000000016946e+00 1.854231930962906352e-02
-1.200000000000017053e+00 1.836996811949467151e-02
-1.195000000000017160e+00 1.818735152378822897e-02
-1.190000000000017266e+00 1.799421979180480802e-02
-1.185000000000017373e+00 1.779031929615239316e-02
-1.180000000000017479e+00 1.757539249734706155e-02
-1.175000000000017586e+00 1.734917793012216367e-02
-1.170000000000017693e+00 1.711141019153931270e-02
-1.165000000000017799e+00 1.686181993099214807e-02
-1.160000000000017906e+00 1.660013384219677715e-02
-1.155000000000018012e+00 1.632607465726616802e-02
-1.150000000000018119e+00 1.603936114296898932e-02
-1.145000000000018225e+00 1.573970809927658851e-02
-1.140000000000018332e+00 1.542682636030557643e-02
-1.135000000000018439e+00 1.510042279776678195e-02
-1.130000000000018545e+00 1.476020032703517434e-02
-1.125000000000018652e+00 1.440585791595899896e-02
-1.120000000000018758e+00 1.403709059653036537e-02
-1.115000000000018865e+00 1.365358947954342476e-02
-1.110000000000018971e+00 1.325504177237035904e-02
-1.105000000000019078e+00 1.284113079998971257e-02
-1.100000000000019185e+00 1.241153602940574426e-02
-1.095000000000019291e+00 1.196593309760227153e-02
-1.090000000000019398e+00 1.150399384317842000e-02
-1.085000000000019504e+00 1.102538634181904516e-02
-1.080000000000019611e+00 1.052977494575719694e-02
-1.075000000000019718e+00 1.001682032739057565e-02
-1.070000000000019824e+00 9.486179527219648980e-03
-1.065000000000019931e+00 8.937506006279731519e-03
-1.060000000000020037e+00 8.370449703245203682e-03
-1.055000000000020144e+00 7.784657096389113219e-03
-1.050000000000020250e+00 7.179771270587414177e-03
-1.045000000000020357e+00 6.555431989562708270e-03
-1.040000000000020464e+00 5.911275773568329742e-03
-1.035000000000020570e+00 5.246935982719897959e-03
-1.030000000000020677e+00 4.562042906187542199e-03
-1.025000000000020783e+00 3.856223857468641433e-03
-1.020000000000020890e+00 3.129103275967422357e-03
-1.015000000000020997e+00 2.380302835114661824e-03
-1.010000000000021103e+00 1.609441557267643572e-03
-1.005000000000021210e+00 8.161359356377429061e-04
-1.000000000000021316e+00 6.350032174438067168e-11
-9.950000000000214229e-01 6.255125084545171807e-11
-9.900000000000215294e-01 6.161743104482355998e-11
-9.850000000000216360e-01 6.069522336841529404e-11
-9.800000000000217426e-01 5.978452828504827679e-11
-9.750000000000218492e-01 5.888524846086000746e-11
-9.700000000000219558e-01 5.799727406591921532e-11
-9.650000000000220624e-01 5.712047322753149246e-11
-9.600000000000221689e-01 5.625469706116856205e-11
-9.550000000000222755e-01 5.539979798062887473e-11
-9.500000000000223821e-01 5.455564866847917986e-11
-9.450000000000224887e-01 5.372214864335616376e-11
-9.400000000000225953e-01 5.289921578976081511e-11
-9.350000000000227018e-01 5.208677129589294986e-11
-9.300000000000228084e-01 5.128472822055979253e-11
-9.250000000000229150e-01 5.049298771300508302e-11
-9.200000000000230216e-01 4.971144048802289967e-11
-9.150000000000231282e-01 4.893996987667808840e-11
-9.100000000000232347e-01 4.817845540736178673e-11
-9.050000000000233413e-01 4.742677772438140935e-11
-9.000000000000234479e-01 4.668482437121512312e-11
-8.950000000000235545e-01 4.595249391570887922e-11
-8.900000000000236611e-01 4.522969614730616600e-11
-8.850000000000237677e-01 4.451634784527738860e-11
-8.800000000000238742e-01 4.381236530587837877e-11
-8.750000000000239808e-01 4.311765626075384367e-11
-8.700000000000240874e-01 4.243211614444712134e-11
-8.650000000000241940e-01 4.175563365795819275e-11
-8.600000000000243006e-01 4.108810410236523706e-11
-8.550000000000244071e-01 4.042944019283330995e-11
-8.500000000000245137e-01 3.977956937571485040e-11
-8.450000000000246203e-01 3.913841752899065223e-11
-8.400000000000247269e-01 3.850589140880821137e-11
-8.350000000000248335e-01 3.788187404580532545e-11
-8.300000000000249401e-01 3.726623678438585110e-11
-8.250000000000250466e-01 3.665885895573781078e-11
-8.200000000000251532e-01 3.605964182866125514e-11
-8.150000000000252598e-01 3.546850926834595991e-11
-8.100000000000253664e-01 3.488539724876081801e-11
-8.050000000000254730e-01 3.431024045139738965e-11
-8.000000000000255795e-01 3.374296352839130021e-11
-7.950000000000256861e-01 3.318347942350959821e-11
-7.900000000000257927e-01 3.263169288354240113e-11
-7.850000000000258993e-01 3.208750697464600096e-11
-7.800000000000260059e-01 3.155083102913517378e-11
-7.750000000000261124e-01 3.102158610144508561e-11
-7.700000000000262190e-01 3.049970175123423303e-11
-7.650000000000263256e-01 2.998510314292638129e-11
-7.600000000000264322e-01 2.947769828577873985e-11
-7.550000000000265388e-01 2.897737856991131033e-11
-7.500000000000266454e-01 2.848403442674338965e-11
-7.450000000000267519e-01 2.799757311226138384e-11
-7.400000000000268585e-01 2.751792393175988656e-11
-7.350000000000269651e-01 2.704502874131166402e-11
-7.300000000000270717e-01 2.657882778543875405e-11
-7.250000000000271783e-01 2.611925171676903227e-11
-7.200000000000272848e-01 2.566622302670271918e-11
-7.150000000000273914e-01 2.521966321100908311e-11
-7.100000000000274980e-01 2.477949970105517491e-11
-7.050000000000276046e-01 2.434566786776161346e-11
-7.000000000000277112e-01 2.391810703699032069e-11
-6.950000000000278177e-01 2.349675390112831944e-11
-6.900000000000279243e-01 2.308153845699169619e-11
-6.850000000000280309e-01 2.267238439001351398e-11
-6.800000000000281375e-01 2.226921136781774803e-11
-6.750000000000282441e-01 2.187193664628323142e-11
-6.700000000000283507e-01 2.148047652160720500e-11
-6.650000000000284572e-01 2.109474890121489863e-11
-6.600000000000285638e-01 2.071467639821256638e-11
-6.550000000000286704e-01 2.034018861222171309e-11
-6.500000000000287770e-01 1.997122280644344758e-11
-6.450000000000288836e-01 1.960772256592933314e-11
-6.400000000000289901e-01 1.924963505935875611e-11
-6.350000000000290967e-01 1.889690840835847227e-11
-6.300000000000292033e-01 1.854948913587353942e-11
-6.250000000000293099e-01 1.820731865357929698e-11
-6.200000000000294165e-01 1.787033110795201608e-11
-6.150000000000295231e-01 1.753845743388179902e-11
-6.100000000000296296e-01 1.721163481280736807e-11
-6.050000000000297362e-01 1.688981214181992604e-11
-6.000000000000298428e-01 1.657294332221851730e-11
-5.950000000000299494e-01 1.626097241081247492e-11
-5.900000000000300560e-01 1.595382464531068385e-11
-5.850000000000301625e-01 1.565141350212521183e-11
-5.800000000000302691e-01 1.535365907411734709e-11
-5.750000000000303757e-01 1.506050131733609595e-11
-5.700000000000304823e-01 1.477189591489774917e-11
-5.650000000000305889e-01 1.448779823211375600e-11
-5.600000000000306954e-01 1.420815299479402442e-11
-5.550000000000308020e-01 1.393289908019236417e-11
-5.500000000000309086e-01 1.366198047681937223e-11
-5.450000000000310152e-01 1.339534935456665322e-11
-5.400000000000311218e-01 1.313296002846343373e-11
-5.350000000000312284e-01 1.287476391157513432e-11
-5.300000000000313349e-01 1.262071020570389214e-11
-5.250000000000314415e-01 1.237074596486347520e-11
-5.200000000000315481e-01 1.212481157668946835e-11
-5.150000000000316547e-01 1.188283965217269296e-11
-5.100000000000317613e-01 1.164476485740639802e-11
-5.050000000000318678e-01 1.141053666419551352e-11
-5.000000000000319744e-01 1.118012007105528013e-11
-4.950000000000320810e-01 1.095348319191191614e-11
-4.900000000000321876e-01 1.073058557137551679e-11
-4.850000000000322942e-01 1.051137723670640099e-11
-4.800000000000324007e-01 1.029580481281180727e-11
-4.750000000000325073e-01 1.008381640295194112e-11
-4.700000000000326139e-01 9.875361911294851093e-12
-4.650000000000327205e-01 9.670389925424607310e-12
-4.600000000000328271e-01 9.468844154151539364e-12
-4.550000000000329337e-01 9.270663696844760868e-12
-4.500000000000330402e-01 9.075789246659647600e-12
-4.450000000000331468e-01 8.884171364419797019e-12
-4.400000000000332534e-01 8.695774710674378166e-12
-4.350000000000333600e-01 8.510577204370775779e-12
-4.300000000000334666e-01 8.328567101866257055e-12
-4.250000000000335731e-01 8.149737247318200477e-12
-4.200000000000336797e-01 7.974072529129958119e-12
-4.150000000000337863e-01 7.801533795165137349e-12
-4.100000000000338929e-01 7.632051166038570258e-12
-4.050000000000339995e-01 7.465535622004182863e-12
-4.000000000000341061e-01 7.301901094902924824e-12
-3.950000000000342126e-01 7.141079855407498188e-12
-3.900000000000343192e-01 6.983023682863894979e-12
-3.850000000000344258e-01 6.827699346981372887e-12
-3.800000000000345324e-01 6.675088769987926153e-12
-3.750000000000346390e-01 6.525191289467930454e-12
-3.700000000000347455e-01 6.378016896083066092e-12
-3.650000000000348521e-01 6.233567750449910702e-12
-3.600000000000349587e-01 6.091820420503779839e-12
-3.550000000000350653e-01 5.952723364573652157e-12
-3.500000000000351719e-01 5.816209910204077677e-12
-3.450000000000352784e-01 5.682214517610505252e-12
-3.400000000000353850e-01 5.550683528488032375e-12
-3.350000000000354916e-01 5.421581335713416268e-12
-3.300000000000355982e-01 5.294893013419521506e-12
-3.250000000000357048e-01 5.170617505158628087e-12
-3.200000000000358114e-01 5.048746828662809930e-12
-3.150000000000359179e-01 4.929240902612148953e-12
-3.100000000000360245e-01 4.812019807969648734e-12
-3.050000000000361311e-01 4.696986914571400807e-12
-3.000000000000362377e-01 4.584068953704894379e-12
-2.950000000000363443e-01 4.473240236497279552e-12
-2.900000000000364508e-01 4.364511496509100720e-12
-2.850000000000365574e-01 4.257896532023017730e-12
-2.800000000000366640e-01 4.153386426905735973e-12
-2.750000000000367706e-01 4.050948017854595251e-12
-2.700000000000368772e-01 3.950540381852966063e-12
-2.650000000000369837e-01 3.852132975593272844e-12
-2.600000000000370903e-01 3.755713978348601028e-12
-2.550000000000371969e-01 3.661287000199017644e-12
-2.500000000000373035e-01 3.568860827443441318e-12
-2.450000000000374101e-01 3.478439816534486764e-12
-2.400000000000375167e-01 3.390022545552259526e-12
-2.350000000000376232e-01 3.303610251616361443e-12
-2.300000000000377298e-01 3.219216758010605097e-12
-2.250000000000378364e-01 3.136870950188109964e-12
-2.200000000000379430e-01 3.056614296456093195e-12
-2.150000000000380496e-01 2.978501151685900453e-12
-2.100000000000381561e-01 2.902599823012941392e-12
-2.050000000000382627e-01 2.828986665373755237e-12
-2.000000000000383693e-01 2.757735375139190179e-12
-1.950000000000384759e-01 2.688910873465864913e-12
-1.900000000000385825e-01 2.622568749403800574e-12
-1.850000000000386891e-01 2.558753184178695357e-12
-1.800000000000387956e-01 2.497492346298974055e-12
-1.750000000000389022e-01 2.438797485478948794e-12
-1.700000000000390088e-01 2.382666382013168340e-12
-1.650000000000391154e-01 2.329084280506320458e-12
-1.600000000000392220e-01 2.278021091167345880e-12
-1.550000000000393285e-01 2.229432934152268191e-12
-1.500000000000394351e-01 2.183270604720297470e-12
-1.450000000000395417e-01 2.139483841321692248e-12
-1.400000000000396483e-01 2.098011544938785107e-12
-1.350000000000397549e-01 2.058765920869495211e-12
-1.300000000000398614e-01 2.021628485284191626e-12
-1.250000000000399680e-01 1.986463525721392386e-12
-1.200000000000400746e-01 1.953135801826904209e-12
-1.150000000000401812e-01 1.921517130427979810e-12
-1.100000000000402878e-01 1.891481229889529461e-12
-1.050000000000403944e-01 1.862898753730333898e-12
-1.000000000000405009e-01 1.835642067396790098e-12
-9.500000000004060752e-02 1.809597503666702687e-12
-9.000000000004071410e-02 1.784675925368286512e-12
-8.500000000004082068e-02 1.760816543622116976e-12
-8.000000000004092726e-02 1.737985191158522710e-12
-7.500000000004103384e-02 1.716168240452370315e-12
-7.000000000004114042e-02 1.695363443940040027e-12
-6.500000000004124701e-02 1.675574631130552722e-12
-6.000000000004135359e-02 1.656817480053571861e-12
-5.500000000004146017e-02 1.639131548088063285e-12
-5.000000000004156675e-02 1.622584627157890644e-12
-4.500000000004167333e-02 1.607263340329266138e-12
-4.000000000004177991e-02 1.593258459790855196e-12
-3.500000000004188649e-02 1.580656582863478285e-12
-3.000000000004199308e-02 1.569540177778566618e-12
-2.500000000004209966e-02 1.559989061557613044e-12
-2.000000000004220624e-02 1.552077684377400725e-12
-1.500000000004231282e-02 1.545869847252599637e-12
-1.000000000004241940e-02 1.541415687364804078e-12
-5.000000000042525983e-03 1.538752387118212573e-12
-4.263256414560601115e-14 1.537905816589125215e-12
4.999999999957260854e-03 1.538889826428853755e-12
9.999999999957154273e-03 1.541702314674901891e-12
1.499999999995704769e-02 1.546320220349093144e-12
1.999999999995694111e-02 1.552698070504148705e-12
2.499999999995683453e-02 1.560774286803011753e-12
2.999999999995672795e-02 1.570483624235891769e-12
3.499999999995662137e-02 1.581766737984659145e-12
3.999999999995651478e-02 1.594568422595645503e-12
4.499999999995640820e-02 1.608826318503994968e-12
4.999999999995630162e-02 1.624461301115067002e-12
5.499999999995619504e-02 1.641380215590397398e-12
5.999999999995608846e-02 1.659491862926546805e-12
6.499999999995598188e-02 1.678725262324924223e-12
6.999999999995587530e-02 1.699036328570977577e-12
7.499999999995576871e-02 1.720400625906907997e-12
7.999999999995566213e-02 1.742803484468996574e-12
8.499999999995555555e-02 1.766238889400133547e-12
8.999999999995544897e-02 1.790717919711537360e-12
9.499999999995534239e-02 1.816278561005527567e-12
9.999999999995523581e-02 1.842986893245152477e-12
1.049999999999551292e-01 1.870926324733340765e-12
1.099999999999550226e-01 1.900184048009637447e-12
1.149999999999549161e-01 1.930848633021018546e-12
1.199999999999548095e-01 1.963020257056333275e-12
1.249999999999547029e-01 1.996819492458241028e-12
1.299999999999545963e-01 2.032382067662723240e-12
1.349999999999544897e-01 2.069842903296704957e-12
1.399999999999543832e-01 2.109322905799689826e-12
1.449999999999542766e-01 2.150926761412989510e-12
1.499999999999541700e-01 2.194748597454585635e-12
1.549999999999540634e-01 2.240877254264496193e-12
1.599999999999539568e-01 2.289396067271189151e-12
1.649999999999538502e-01 2.340377937197312269e-12
1.699999999999537437e-01 2.393879793068506145e-12
1.749999999999536371e-01 2.449939586657386212e-12
1.799999999999535305e-01 2.508575215243236927e-12
1.849999999999534239e-01 2.569781926457990933e-12
1.899999999999533173e-01 2.633527268659964365e-12
1.949999999999532108e-01 2.699749995719591637e-12
1.999999999999531042e-01 2.768371753565107694e-12
2.049999999999529976e-01 2.839320755783571002e-12
2.099999999999528910e-01 2.912553732226990854e-12
2.149999999999527844e-01 2.988060318127197698e-12
2.199999999999526779e-01 3.065845320874001329e-12
2.249999999999525713e-01 3.145900446577262347e-12
2.299999999999524647e-01 3.228185551748703493e-12
2.349999999999523581e-01 3.312631397858456649e-12
2.399999999999522515e-01 3.399158403811023952e-12
2.449999999999521449e-01 3.487697603301220068e-12
2.499999999999520384e-01 3.578204666216304899e-12
2.549999999999519318e-01 3.670662387737724960e-12
2.599999999999518252e-01 3.765069760965464141e-12
2.649999999999517186e-01 3.861425679454113107e-12
2.699999999999516120e-01 3.959723567508198997e-12
2.749999999999515055e-01 4.059962371712201985e-12
2.799999999999513989e-01 4.162159791784263223e-12
2.849999999999512923e-01 4.266352579912942074e-12
2.899999999999511857e-01 4.372586035222540528e-12
2.949999999999510791e-01 4.480904816015967112e-12
2.999999999999509726e-01 4.591350644414649303e-12
3.049999999999508660e-01 4.703964487943159032e-12
3.099999999999507594e-01 4.818789998891756005e-12
3.149999999999506528e-01 4.935875136509395668e-12
3.199999999999505462e-01 5.055268888421341363e-12
3.249999999999504396e-01 5.177014613618029319e-12
3.299999999999503331e-01 5.301145860265655029e-12
3.349999999999502265e-01 5.427687276776470038e-12
3.399999999999501199e-01 5.556658579857305388e-12
3.449999999999500133e-01 5.688081240058727765e-12
3.499999999999499067e-01 5.821988345114362494e-12
3.549999999999498002e-01 5.958431010085773080e-12
3.599999999999496936e-01 6.097471416678392071e-12
3.649999999999495870e-01 6.239164923239872201e-12
3.699999999999494804e-01 6.383548302478909668e-12
3.749999999999493738e-01 6.530645726066872555e-12
3.799999999999492672e-01 6.680483338917380172e-12
3.849999999999491607e-01 6.833095288085923512e-12
3.899999999999490541e-01 6.988519018904252859e-12
3.949999999999489475e-01 7.146791789069906313e-12
3.999999999999488409e-01 7.307952755638884731e-12
4.049999999999487343e-01 7.472040804288430436e-12
4.099999999999486278e-01 7.639083397797757376e-12
4.149999999999485212e-01 7.809088713162484695e-12
4.199999999999484146e-01 7.982053849564522630e-12
4.249999999999483080e-01 8.157984050826164666e-12
4.299999999999482014e-01 8.336907164719005539e-12
4.349999999999480949e-01 8.518875078609046499e-12
4.399999999999479883e-01 8.703955154011712909e-12
4.449999999999478817e-01 8.892217411776849840e-12
4.499999999999477751e-01 9.083721459579966839e-12
4.549999999999476685e-01 9.278507705890095150e-12
4.599999999999475619e-01 9.476598404962148366e-12
4.649999999999474554e-01 9.678010432730143501e-12
4.699999999999473488e-01 9.882773752253685132e-12
4.749999999999472422e-01 1.009094333443852349e-11
4.799999999999471356e-01 1.030259460619213942e-11
4.849999999999470290e-01 1.051780481223157850e-11
4.899999999999469225e-01 1.073663596446579742e-11
4.949999999999468159e-01 1.095913425767393509e-11
4.999999999999467093e-01 1.118534332691809611e-11
5.049999999999466027e-01 1.141531386427043628e-11
5.099999999999464961e-01 1.164909912680162281e-11
5.149999999999463896e-01 1.188674560514766036e-11
5.199999999999462830e-01 1.212829414129423443e-11
5.249999999999461764e-01 1.237379282713296068e-11
5.299999999999460698e-01 1.262330914219789652e-11
5.349999999999459632e-01 1.287692996421422329e-11
5.399999999999458566e-01 1.313474800490776921e-11
5.449999999999457501e-01 1.339684157221461004e-11
5.499999999999456435e-01 1.366325944069011348e-11
5.549999999999455369e-01 1.393402192063749139e-11
5.599999999999454303e-01 1.420913916414470859e-11
5.649999999999453237e-01 1.448863462298841880e-11
5.699999999999452172e-01 1.477255848366634759e-11
5.749999999999451106e-01 1.506098489280917425e-11
5.799999999999450040e-01 1.535399738629493993e-11
5.849999999999448974e-01 1.565167172499659139e-11
5.899999999999447908e-01 1.595406534910400167e-11
5.949999999999446842e-01 1.626121960535322881e-11
5.999999999999445777e-01 1.657317409324282710e-11
6.049999999999444711e-01 1.688998383960709083e-11
6.099999999999443645e-01 1.721172639645897808e-11
6.149999999999442579e-01 1.753849280294308673e-11
6.199999999999441513e-01 1.787036913022745938e-11
6.249999999999440448e-01 1.820742198902599103e-11
6.299999999999439382e-01 1.854969637616331638e-11
6.349999999999438316e-01 1.889722465590655383e-11
6.399999999999437250e-01 1.925003988755183830e-11
6.449999999999436184e-01 1.960818602844079307e-11
6.499999999999435119e-01 1.997172025390309957e-11
6.549999999999434053e-01 2.034070854555175027e-11
6.599999999999432987e-01 2.071522071056190519e-11
6.649999999999431921e-01 2.109532941172900951e-11
6.699999999999430855e-01 2.148111213921515492e-11
6.749999999999429789e-01 2.187265290968226636e-11
6.799999999999428724e-01 2.227004215070074589e-11
6.849999999999427658e-01 2.267337367869966631e-11
6.899999999999426592e-01 2.308273773595836814e-11
6.949999999999425526e-01 2.349821274440884740e-11
6.999999999999424460e-01 2.391986224021738353e-11
7.049999999999423395e-01 2.434774013449411925e-11
7.099999999999422329e-01 2.478189930540337161e-11
7.149999999999421263e-01 2.522239603162168478e-11
7.199999999999420197e-01 2.566928934152026337e-11
7.249999999999419131e-01 2.612264099235353800e-11
7.299999999999418065e-01 2.658251981556098388e-11
7.349999999999417000e-01 2.704900697884827276e-11
7.399999999999415934e-01 2.752219603611001076e-11
7.449999999999414868e-01 2.800218599657284408e-11
7.499999999999413802e-01 2.848907079272345690e-11
7.549999999999412736e-01 2.898292966711122231e-11
7.599999999999411671e-01 2.948382227690197416e-11
7.649999999999410605e-01 2.999179227297892582e-11
7.699999999999409539e-01 3.050688064854402695e-11
7.749999999999408473e-01 3.102914282787703152e-11
7.799999999999407407e-01 3.155865770610509964e-11
7.849999999999406342e-01 3.209552213788242378e-11
7.899999999999405276e-01 3.263983806784788067e-11
7.949999999999404210e-01 3.319170602467405435e-11
7.999999999999403144e-01 3.375122919791759069e-11
8.049999999999402078e-01 3.431851781178298245e-11
8.099999999999401012e-01 3.489368225681329899e-11
8.149999999999399947e-01 3.547681775628258841e-11
8.199999999999398881e-01 3.606799610654102881e-11
8.249999999999397815e-01 3.666727562124989384e-11
8.299999999999396749e-01 3.727472305514049642e-11
8.349999999999395683e-01 3.789042951056313868e-11
8.399999999999394618e-01 3.851450790335137964e-11
8.449999999999393552e-01 3.914707612772057747e-11
8.499999999999392486e-01 3.978824187431277404e-11
8.549999999999391420e-01 4.043810156053576312e-11
8.599999999999390354e-01 4.109675057027685169e-11
8.649999999999389289e-01 4.176429013961096980e-11
8.699999999999388223e-01 4.244082067388637628e-11
8.749999999999387157e-01 4.312642734538458232e-11
8.799999999999386091e-01 4.382117345605294012e-11
8.849999999999385025e-01 4.452511005870574629e-11
8.899999999999383959e-01 4.523829537964910337e-11
8.949999999999382894e-01 4.596081020455699418e-11
8.999999999999381828e-01 4.669276064041040935e-11
9.049999999999380762e-01 4.743426993878706512e-11
9.099999999999379696e-01 4.818546734074061731e-11
9.149999999999378630e-01 4.894648126721465523e-11
9.199999999999377565e-01 4.971743867700655870e-11
9.249999999999376499e-01 5.049846577380031405e-11
9.299999999999375433e-01 5.128968405188571485e-11
9.349999999999374367e-01 5.209120176857648799e-11
9.399999999999373301e-01 5.290310898159756849e-11
9.449999999999372235e-01 5.372548438479304287e-11
9.499999999999371170e-01 5.455841216282207457e-11
9.549999999999370104e-01 5.540199668098405771e-11
9.599999999999369038e-01 5.625636315737292961e-11
9.649999999999367972e-01 5.712164403465094283e-11
9.699999999999366906e-01 5.799796347105003301e-11
9.749999999999365841e-01 5.888543362750487042e-11
9.799999999999364775e-01 5.978416562605206631e-11
9.849999999999363709e-01 6.069428446417018136e-11
9.899999999999362643e-01 6.161593363609168143e-11
9.949999999999361577e-01 6.254926443329358840e-11
9.999999999999360512e-01 6.349441777151117866e-11
1.004999999999935945e+00 8.161359356216670068e-04
1.009999999999935838e+00 1.609441557251975984e-03
1.014999999999935731e+00 2.380302835099396691e-03
1.019999999999935625e+00 3.129103275952553175e-03
1.024999999999935518e+00 3.856223857454163430e-03
1.029999999999935412e+00 4.562042906173447571e-03
1.034999999999935305e+00 5.246935982706180633e-03
1.039999999999935199e+00 5.911275773554987116e-03
1.044999999999935092e+00 6.555431989549733406e-03
1.049999999999934985e+00 7.179771270574802737e-03
1.054999999999934879e+00 7.784657096376856530e-03
1.059999999999934772e+00 8.370449703233300009e-03
1.064999999999934666e+00 8.937506006268171321e-03
1.069999999999934559e+00 9.486179527208430523e-03
1.074999999999934452e+00 1.001682032737969373e-02
1.079999999999934346e+00 1.052977494574664462e-02
1.084999999999934239e+00 1.102538634180881896e-02
1.089999999999934133e+00 1.150399384316851299e-02
1.094999999999934026e+00 1.196593309759268198e-02
1.099999999999933920e+00 1.241153602939646522e-02
1.104999999999933813e+00 1.284113079998067987e-02
1.109999999999933706e+00 1.325504177236157440e-02
1.114999999999933600e+00 1.365358947953487605e-02
1.119999999999933493e+00 1.403709059652205084e-02
1.124999999999933387e+00 1.440585791595091515e-02
1.129999999999933280e+00 1.476020032702731258e-02
1.134999999999933173e+00 1.510042279775913876e-02
1.139999999999933067e+00 1.542682636029814834e-02
1.144999999999932960e+00 1.573970809926937206e-02
1.149999999999932854e+00 1.603936114296198104e-02
1.154999999999932747e+00 1.632607465725935750e-02
1.159999999999932641e+00 1.660013384219015745e-02
1.164999999999932534e+00 1.686181993098571918e-02
1.169999999999932427e+00 1.711141019153307116e-02
1.174999999999932321e+00 1.734917793011610601e-02
1.179999999999932214e+00 1.757539249734118084e-02
1.184999999999932108e+00 1.779031929614669286e-02
1.189999999999932001e+00 1.799421979179927425e-02
1.194999999999931894e+00 1.818735152378285827e-02
1.199999999999931788e+00 1.836996811948946734e-02
1.204999999999931681e+00 1.854231930962403976e-02
1.209999999999931575e+00 1.870465094523814445e-02
1.214999999999931468e+00 1.885720501631067691e-02
1.219999999999931362e+00 1.900021967179597870e-02
1.224999999999931255e+00 1.913392924106287543e-02
1.229999999999931148e+00 1.925856425665041852e-02
1.234999999999931042e+00 1.937435147826905429e-02
1.239999999999930935e+00 1.948151391797789747e-02
1.244999999999930829e+00 1.958027086647164822e-02
1.249999999999930722e+00 1.967083792041271831e-02
1.254999999999930616e+00 1.975342701074656038e-02
1.259999999999930509e+00 1.982824643194026210e-02
1.264999999999930402e+00 1.989550087208669452e-02
1.269999999999930296e+00 1.995539144381848137e-02
1.274999999999930189e+00 2.000811571597819680e-02
1.279999999999930083e+00 2.005386774599295444e-02
1.284999999999929976e+00 2.009283811290365346e-02
1.289999999999929869e+00 2.012521395100076715e-02
1.294999999999929763e+00 2.015117898402063804e-02
1.299999999999929656e+00 2.017091355985749582e-02
1.304999999999929550e+00 2.018459468574866633e-02
1.309999999999929443e+00 2.019239606389165720e-02
1.314999999999929337e+00 2.019448812745343325e-02
1.319999999999929230e+00 2.019103807693391900e-02
1.324999999999929123e+00 2.018220991684711516e-02
1.329999999999929017e+00 2.016816449268450315e-02
1.334999999999928910e+00 2.014905952812726456e-02
1.339999999999928804e+00 2.012504966247458116e-02
1.344999999999928697e+00 2.009628648825711669e-02
1.349999999999928590e+00 2.006291858900571823e-02
1.354999999999928484e+00 2.002509157714689458e-02
1.359999999999928377e+00 1.998294813199740644e-02
1.364999999999928271e+00 1.993662803783192994e-02
1.369999999999928164e+00 1.988626822199851540e-02
1.374999999999928058e+00 1.983200279305784644e-02
1.379999999999927951e+00 1.977396307892322763e-02
1.384999999999927844e+00 1.971227766497934963e-02
1.389999999999927738e+00 1.964707243215878946e-02
1.394999999999927631e+00 1.957847059495617520e-02
1.399999999999927525e+00 1.950659273936087082e-02
1.404999999999927418e+00 1.943155686068997676e-02
1.409999999999927311e+00 1.935347840130409100e-02
1.414999999999927205e+00 1.927247028818945482e-02
1.419999999999927098e+00 1.918864297039071451e-02
1.424999999999926992e+00 1.910210445627901280e-02
1.429999999999926885e+00 1.901296035064171247e-02
1.434999999999926779e+00 1.892131389157973576e-02
1.439999999999926672e+00 1.882726598720001893e-02
1.444999999999926565e+00 1.873091525209092528e-02
1.449999999999926459e+00 1.863235804356901809e-02
1.454999999999926352e+00 1.853168849768655271e-02
1.459999999999926246e+00 1.842899856498935243e-02
1.464999999999926139e+00 1.832437804601539169e-02
1.469999999999926033e+00 1.821791462652519802e-02
1.474999999999925926e+00 1.810969391245539559e-02
1.479999999999925819e+00 1.799979946458752506e-02
1.484999999999925713e+00 1.788831283292459731e-02
1.489999999999925606e+00 1.777531359076840733e-02
1.494999999999925500e+00 1.766087936849119674e-02
1.499999999999925393e+00 1.754508588699552410e-02
1.504999999999925286e+00 1.742800699085673630e-02
1.509999999999925180e+00 1.730971468114304510e-02
1.514999999999925073e+00 1.719027914790807743e-02
1.519999999999924967e+00 1.706976880235195476e-02
1.524999999999924860e+00 1.694825030864657509e-02
1.529999999999924754e+00 1.682578861542164891e-02
1.534999999999924647e+00 1.670244698690812046e-02
1.539999999999924540e+00 1.657828703373602150e-02
1.544999999999924434e+00 1.645336874338430150e-02
1.549999999999924327e+00 1.632775051028002508e-02
1.554999999999924221e+00 1.620148916554523325e-02
1.559999999999924114e+00 1.607464000638949425e-02
1.564999999999924007e+00 1.594725682514694029e-02
1.569999999999923901e+00 1.581939193795633275e-02
1.574999999999923794e+00 1.569109621308344138e-02
1.579999999999923688e+00 1.556241909888490295e-02
1.584999999999923581e+00 1.543340865141326103e-02
1.589999999999923475e+00 1.530411156166273066e-02
1.594999999999923368e+00 1.517457318245584580e-02
1.599999999999923261e+00 1.504483755497107098e-02
1.604999999999923155e+00 1.491494743491183876e-02
1.609999999999923048e+00 1.478494431831742575e-02
1.614999999999922942e+00 1.465486846701652759e-02
1.619999999999922835e+00 1.452475893372441942e-02
1.624999999999922728e+00 1.439465358678469580e-02
1.629999999999922622e+00 1.426458913455689800e-02
1.634999999999922515e+00 1.413460114945128132e-02
1.639999999999922409e+00 1.400472409161238573e-02
1.644999999999922302e+00 1.387499133225284821e-02
1.649999999999922196e+00 1.374543517663936662e-02
1.654999999999922089e+00 1.361608688673264685e-02
1.659999999999921982e+00 1.348697670348330060e-02
1.664999999999921876e+00 1.335813386878579277e-02
1.669999999999921769e+00 1.322958664709268303e-02
1.674999999999921663e+00 1.310136234669140136e-02
1.679999999999921556e+00 1.297348734064595298e-02
1.684999999999921450e+00 1.284598708740603695e-02
1.689999999999921343e+00 1.271888615108611106e-02
1.694999999999921236e+00 1.259220822141700682e-02
1.699999999999921130e+00 1.246597613337281640e-02
1.704999999999921023e+00 1.234021188647579578e-02
1.709999999999920917e+00 1.221493666378207534e-02
1.714999999999920810e+00 1.209017085055107479e-02
1.719999999999920703e+00 1.196593405260155084e-02
1.724999999999920597e+00 1.184224511435723153e-02
1.729999999999920490e+00 1.171912213658509415e-02
1.734999999999920384e+00 1.159658249382926158e-02
1.739999999999920277e+00 1.147464285154372980e-02
1.744999999999920171e+00 1.135331918292697452e-02
1.749999999999920064e+00 1.123262678546162012e-02
1.754999999999919957e+00 1.111258029716239402e-02
1.759999999999919851e+00 1.099319371253550635e-02
1.764999999999919744e+00 1.087448039825281501e-02
1.769999999999919638e+00 1.075645310854388484e-02
1.774999999999919531e+00 1.063912400030937733e-02
1.779999999999919424e+00 1.052250464795888817e-02
1.784999999999919318e+00 1.040660605797667955e-02
1.789999999999919211e+00 1.029143868321855809e-02
1.794999999999919105e+00 1.017701243694319434e-02
1.799999999999918998e+00 1.006333670658121973e-02
1.804999999999918892e+00 9.950420367245502856e-03
1.809999999999918785e+00 9.838271794985774255e-03
1.814999999999918678e+00 9.726898879791081448e-03
1.819999999999918572e+00 9.616309038343321541e-03
1.824999999999918465e+00 9.506509226525182085e-03
1.829999999999918359e+00 9.397505951685770562e-03
1.834999999999918252e+00 9.289305284667342955e-03
1.839999999999918145e+00 9.181912871596293810e-03
1.844999999999918039e+00 9.075333945441787023e-03
1.849999999999917932e+00 8.969573337345273026e-03
1.854999999999917826e+00 8.864635487724127627e-03
1.859999999999917719e+00 8.760524457152739711e-03
1.864999999999917613e+00 8.657243937024175495e-03
1.869999999999917506e+00 8.554797259995691044e-03
1.874999999999917399e+00 8.453187410221316145e-03
1.879999999999917293e+00 8.352417033374625113e-03
1.884999999999917186e+00 8.252488446464891630e-03
1.889999999999917080e+00 8.153403647449776123e-03
1.894999999999916973e+00 8.055164324647612686e-03
1.899999999999916866e+00 7.957771865952473558e-03
1.904999999999916760e+00 7.861227367854982731e-03
1.909999999999916653e+00 7.765531644272022881e-03
1.914999999999916547e+00 7.670685235188290721e-03
1.919999999999916440e+00 7.576688415112733076e-03
1.924999999999916334e+00 7.483541201352848261e-03
1.929999999999916227e+00 7.391243362109757575e-03
1.934999999999916120e+00 7.299794424397031481e-03
1.939999999999916014e+00 7.209193681786100691e-03
1.944999999999915907e+00 7.119440201981161280e-03
1.949999999999915801e+00 7.030532834226424846e-03
1.954999999999915694e+00 6.942470216548459784e-03
1.959999999999915588e+00 6.855250782836496380e-03
1.964999999999915481e+00 6.768872769763388877e-03
1.969999999999915374e+00 6.683334223549967576e-03
1.974999999999915268e+00 6.598633006575509684e-03
1.979999999999915161e+00 6.514766803836965700e-03
1.984999999999915055e+00 6.431733129259569436e-03
1.989999999999914948e+00 6.349529331861505747e-03
1.994999999999914841e+00 6.268152601775114907e-03
