-2.000000000000000000e+00 -8.554481913004119742e-13
-1.995000000000000107e+00 -9.323906366520033478e-13
-1.990000000000000213e+00 -6.690004945161971047e-13
-1.985000000000000320e+00 -1.389288027755507854e-13
-1.980000000000000426e+00 5.137952294057763538e-13
-1.975000000000000533e+00 1.041955405763237843e-12
-1.970000000000000639e+00 1.208361586805316738e-12
-1.965000000000000746e+00 9.052349359247007562e-13
-1.960000000000000853e+00 2.110030130367835779e-13
-1.955000000000000959e+00 -6.330627990211906090e-13
-1.950000000000001066e+00 -1.310265381178538127e-12
-1.945000000000001172e+00 -1.545341534086877538e-12
-1.940000000000001279e+00 -1.210428057329632674e-12
-1.935000000000001386e+00 -3.845011993781582034e-13
-1.930000000000001492e+00 6.565854767813269316e-13
-1.925000000000001599e+00 1.523892957844954645e-12
-1.920000000000001705e+00 1.855678289751948575e-12
-1.915000000000001812e+00 1.474103289593465316e-12
-1.910000000000001918e+00 4.969988214747527563e-13
-1.905000000000002025e+00 -6.742157424925538951e-13
-1.900000000000002132e+00 -1.580739248593806649e-12
-1.895000000000002238e+00 -1.882918383522579266e-12
-1.890000000000002345e+00 -1.467438480550957851e-12
-1.885000000000002451e+00 -4.988311807589712514e-13
-1.880000000000002558e+00 6.181762551760896033e-13
-1.875000000000002665e+00 1.427589958255490059e-12
-1.870000000000002771e+00 1.632956009286064917e-12
-1.865000000000002878e+00 1.206198077379352871e-12
-1.860000000000002984e+00 3.687121753828573401e-13
-1.855000000000003091e+00 -5.226886609459360424e-13
-1.850000000000003197e+00 -1.126365298369672743e-12
-1.845000000000003304e+00 -1.243327377737049784e-12
-1.840000000000003411e+00 -8.785271370479461559e-13
-1.835000000000003517e+00 -2.197570784788993288e-13
-1.830000000000003624e+00 4.523111451864564084e-13
-1.825000000000003730e+00 8.841147977890809225e-13
-1.820000000000003837e+00 9.469074611426598251e-13
-1.815000000000003944e+00 6.655816445960728008e-13
-1.810000000000004050e+00 1.642458841884506820e-13
-1.805000000000004157e+00 -4.196604389270564974e-13
-1.800000000000004263e+00 -8.935262144187448551e-13
-1.795000000000004370e+00 -1.048942766820773437e-12
-1.790000000000004476e+00 -7.120560721924352569e-13
-1.785000000000004583e+00 -5.451711760956906491e-15
-1.780000000000004690e+00 6.685860083125090206e-13
-1.775000000000004796e+00 1.042697448687061947e-12
-1.770000000000004903e+00 1.036070539728986748e-12
-1.765000000000005009e+00 6.941658990598165554e-13
-1.760000000000005116e+00 1.306523996366346129e-13
-1.755000000000005222e+00 -5.000314521848324648e-13
-1.750000000000005329e+00 -1.015108830333343361e-12
-1.745000000000005436e+00 -1.228524518114134674e-12
-1.740000000000005542e+00 -1.005912935055941583e-12
-1.735000000000005649e+00 -3.436660152876802606e-13
-1.730000000000005755e+00 5.598837486113653740e-13
-1.725000000000005862e+00 1.292772357438946418e-12
-1.720000000000005969e+00 1.332238848389232292e-12
-1.715000000000006075e+00 2.947058424152217385e-13
-1.710000000000006182e+00 -1.692367866000737975e-12
-1.705000000000006288e+00 -3.625055282406672547e-12
-1.700000000000006395e+00 -3.550027743526230358e-12
-1.695000000000006501e+00 9.835701965106716020e-14
-1.690000000000006608e+00 8.087621511348008310e-12
-1.685000000000006715e+00 1.545297283390201613e-11
-1.680000000000006821e+00 1.705270064824863105e-11
-1.675000000000006928e+00 1.007947119823379728e-11
-1.670000000000007034e+00 -6.117488123745501181e-12
-1.665000000000007141e+00 -2.932440344544850583e-11
-1.660000000000007248e+00 -5.305319302555802801e-11
-1.655000000000007354e+00 -6.617689973175993717e-11
-1.650000000000007461e+00 -5.527775740247980976e-11
-1.645000000000007567e+00 -1.020684066132948383e-11
-1.640000000000007674e+00 6.834968864431650802e-11
-1.635000000000007780e+00 1.621885929691050559e-10
-1.630000000000007887e+00 2.337969676824690579e-10
-1.625000000000007994e+00 2.334433726113142142e-10
-1.620000000000008100e+00 1.174575866739777318e-10
-1.615000000000008207e+00 -1.239176669046890196e-10
-1.610000000000008313e+00 -4.374268715567811820e-10
-1.605000000000008420e+00 -6.948239416885469043e-10
-1.600000000000008527e+00 -7.303257386962152340e-10
-1.595000000000008633e+00 -3.983071694537518957e-10
-1.590000000000008740e+00 2.305935359404951352e-10
-1.585000000000008846e+00 1.005834690886904330e-09
-1.580000000000008953e+00 1.653173524581840841e-09
-1.575000000000009059e+00 1.729879619481065750e-09
-1.570000000000009166e+00 9.629140967279994071e-10
-1.565000000000009273e+00 -5.020691850596168640e-10
-1.560000000000009379e+00 -2.106963976363072836e-09
-1.555000000000009486e+00 -3.115711302163109343e-09
-1.550000000000009592e+00 -2.950670451400908789e-09
-1.545000000000009699e+00 -1.479313170897069712e-09
-1.540000000000009805e+00 8.706159109315601739e-10
-1.535000000000009912e+00 3.224181564116738370e-09
-1.530000000000010019e+00 4.576081310865053103e-09
-1.525000000000010125e+00 4.208829510326676704e-09
-1.520000000000010232e+00 2.054769343909230227e-09
-1.515000000000010338e+00 -1.168652018898621417e-09
-1.510000000000010445e+00 -4.172426711827753439e-09
-1.505000000000010552e+00 -5.651037129925951819e-09
-1.500000000000010658e+00 -4.942007616984650517e-09
-1.495000000000010765e+00 -2.287820919444714512e-09
-1.490000000000010871e+00 1.326575871854637151e-09
-1.485000000000010978e+00 4.448893729445928161e-09
-1.480000000000011084e+00 5.740108445632952342e-09
-1.475000000000011191e+00 4.768206839688639295e-09
-1.470000000000011298e+00 2.073705123014616773e-09
-1.465000000000011404e+00 -1.189651334047078601e-09
-1.460000000000011511e+00 -3.771419996075906656e-09
-1.455000000000011617e+00 -4.788987238650732900e-09
-1.450000000000011724e+00 -4.003230862225656146e-09
-1.445000000000011831e+00 -1.846376429869081304e-09
-1.440000000000011937e+00 7.819410365183087806e-10
-1.435000000000012044e+00 2.870901078652713793e-09
-1.430000000000012150e+00 3.683953870580342013e-09
-1.425000000000012257e+00 3.035358428770237600e-09
-1.420000000000012363e+00 1.341501221666512535e-09
-1.415000000000012470e+00 -6.020181264324268856e-10
-1.410000000000012577e+00 -2.045322753310784790e-09
-1.405000000000012683e+00 -2.655348195162567729e-09
-1.400000000000012790e+00 -2.322633309356871553e-09
-1.395000000000012896e+00 -1.135652134510036729e-09
-1.390000000000013003e+00 4.001777818593823272e-10
-1.385000000000013110e+00 1.794586629589785402e-09
-1.380000000000013216e+00 2.618218676767666433e-09
-1.375000000000013323e+00 2.488739489261838738e-09
-1.370000000000013429e+00 1.318584189513794260e-09
-1.365000000000013536e+00 -5.459142287780699331e-10
-1.360000000000013642e+00 -2.408775011685463972e-09
-1.355000000000013749e+00 -3.488861001642584028e-09
-1.350000000000013856e+00 -3.244101451051575732e-09
-1.345000000000013962e+00 -1.621003162622938955e-09
-1.340000000000014069e+00 8.725710355350337336e-10
-1.335000000000014175e+00 3.311683640417101653e-09
-1.330000000000014282e+00 4.682109072213346587e-09
-1.325000000000014388e+00 4.289085083627970870e-09
-1.320000000000014495e+00 2.097482352328337652e-09
-1.315000000000014602e+00 -1.154097110004892695e-09
-1.310000000000014708e+00 -4.174577597027308436e-09
-1.305000000000014815e+00 -5.664872732327576294e-09
-1.300000000000014921e+00 -4.961652874678491244e-09
-1.295000000000015028e+00 -2.309668070030213426e-09
-1.290000000000015135e+00 1.306662059376012778e-09
-1.285000000000015241e+00 4.437134078191614785e-09
-1.280000000000015348e+00 5.741981823936622740e-09
-1.275000000000015454e+00 4.782989988087929828e-09
-1.270000000000015561e+00 2.093806950640476942e-09
-1.265000000000015667e+00 -1.174646246740555507e-09
-1.260000000000015774e+00 -3.769121488329577954e-09
-1.255000000000015881e+00 -4.800265490302387845e-09
-1.250000000000015987e+00 -4.021865735822446672e-09
-1.245000000000016094e+00 -1.862280419329496199e-09
-1.240000000000016200e+00 7.775576132828059038e-10
-1.235000000000016307e+00 2.880893776823918702e-09
-1.230000000000016414e+00 3.703432614771115471e-09
-1.225000000000016520e+00 3.053845980925445571e-09
-1.220000000000016627e+00 1.348392725034322178e-09
-1.215000000000016733e+00 -6.112559381487958710e-10
-1.210000000000016840e+00 -2.065887472078459504e-09
-1.205000000000016946e+00 -2.675651530351827988e-09
-1.200000000000017053e+00 -2.331435061280736856e-09
-1.195000000000017160e+00 -1.128267352903337833e-09
-1.190000000000017266e+00 4.203435837578061893e-10
-1.185000000000017373e+00 1.816136414165776928e-09
-1.180000000000017479e+00 2.628029003490551807e-09
-1.175000000000017586e+00 2.481502369309707618e-09
-1.170000000000017693e+00 1.299541050342991853e-09
-1.165000000000017799e+00 -5.651921578454013980e-10
-1.160000000000017906e+00 -2.417568748046003322e-09
-1.155000000000018012e+00 -3.483073616233809494e-09
-1.150000000000018119e+00 -3.227911163316576189e-09
-1.145000000000018225e+00 -1.604068862987024375e-09
-1.140000000000018332e+00 8.806067842587251658e-10
-1.135000000000018439e+00 3.306522725378158762e-09
-1.130000000000018545e+00 4.667211536000289217e-09
-1.125000000000018652e+00 4.273754335634181620e-09
-1.120000000000018758e+00 2.091349050701231122e-09
-1.115000000000018865e+00 -1.147259381152504084e-09
-1.110000000000018971e+00 -4.159595345205520295e-09
-1.105000000000019078e+00 -5.651661473672265885e-09
-1.100000000000019185e+00 -4.958201726737969160e-09
-1.095000000000019291e+00 -2.317908015323832379e-09
-1.090000000000019398e+00 1.291324329647497911e-09
-1.085000000000019504e+00 4.424088996425945992e-09
-1.080000000000019611e+00 5.739990478400253597e-09
-1.075000000000019718e+00 4.793644990184205782e-09
-1.070000000000019824e+00 2.110709445237067847e-09
-1.065000000000019931e+00 -1.161562799729990600e-09
-1.060000000000020037e+00 -3.767580492837422898e-09
-1.055000000000020144e+00 -4.811419539981329639e-09
-1.050000000000020250e+00 -4.039800259594053637e-09
-1.045000000000020357e+00 -1.877209295176856836e-09
-1.040000000000020464e+00 7.741103821012318662e-10
-1.035000000000020570e+00 2.891471811843497046e-09
-1.030000000000020677e+00 3.722916915221760723e-09
-1.025000000000020783e+00 3.071738803547747469e-09
-1.020000000000020890e+00 1.354365155105064319e-09
-1.015000000000020997e+00 -6.212219161647796988e-10
-1.010000000000021103e+00 -2.086500158304129684e-09
-1.005000000000021210e+00 -2.695233203072589056e-09
-1.000000000000021316e+00 -2.339104529849366724e-09
-9.950000000000214229e-01 -1.781252764493712979e-09
-9.900000000000215294e-01 -1.091219712680752191e-09
-9.850000000000216360e-01 -3.353127373448009584e-10
-9.800000000000217426e-01 4.186486581376203495e-10
-9.750000000000218492e-01 1.105976843695902871e-09
-9.700000000000219558e-01 1.669351171427157118e-09
-9.650000000000220624e-01 2.062565846401334370e-09
-9.600000000000221689e-01 2.253684955423010513e-09
-9.550000000000222755e-01 2.227449367860242658e-09
-9.500000000000223821e-01 1.986732450456533159e-09
-9.450000000000224887e-01 1.552820352447557254e-09
-9.400000000000225953e-01 9.643174955095812488e-10
-9.350000000000227018e-01 2.745586813083934448e-10
-9.300000000000228084e-01 -4.524564269545704067e-10
-9.250000000000229150e-01 -1.147417470947776984e-09
-9.200000000000230216e-01 -1.741969994946339358e-09
-9.150000000000231282e-01 -2.175347899574532716e-09
-9.100000000000232347e-01 -2.400703268902788428e-09
-9.050000000000233413e-01 -2.390418232281241166e-09
-9.000000000000234479e-01 -2.139728389790427253e-09
-8.950000000000235545e-01 -1.668127247837442023e-09
-8.900000000000236611e-01 -1.018244766185883784e-09
-8.850000000000237677e-01 -2.521756151703426579e-10
-8.800000000000238742e-01 5.544611374920824515e-10
-8.750000000000239808e-01 1.320160042791595489e-09
-8.700000000000240874e-01 1.966062044535656417e-09
-8.650000000000241940e-01 2.424437763830963658e-09
-8.600000000000243006e-01 2.646148802206718149e-09
-8.550000000000244071e-01 2.606206844217461235e-09
-8.500000000000245137e-01 2.306754468446702440e-09
-8.450000000000246203e-01 1.777083772932614666e-09
-8.400000000000247269e-01 1.070653393418896109e-09
-8.350000000000248335e-01 2.594182181289721526e-10
-8.300000000000249401e-01 -5.738954199144553812e-10
-8.250000000000250466e-01 -1.344693129505672648e-09
-8.200000000000251532e-01 -1.975581005487502767e-09
-8.150000000000252598e-01 -2.404570878575891004e-09
-8.100000000000253664e-01 -2.591502333752196965e-09
-8.050000000000254730e-01 -2.521979092983377313e-09
-8.000000000000255795e-01 -2.208415839050645419e-09
-7.950000000000256861e-01 -1.688133191040579753e-09
-7.900000000000257927e-01 -1.018780815958337629e-09
-7.850000000000258993e-01 -2.716698647315421222e-10
-7.800000000000260059e-01 4.761795570789118673e-10
-7.750000000000261124e-01 1.150347462242146380e-09
-7.700000000000262190e-01 1.686742004720822663e-09
-7.650000000000263256e-01 2.037910451062862345e-09
-7.600000000000264322e-01 2.177292992956780589e-09
-7.550000000000265388e-01 2.101041913388102469e-09
-7.500000000000266454e-01 1.827323222448394359e-09
-7.450000000000267519e-01 1.393307308591319720e-09
-7.400000000000268585e-01 8.503047227480641722e-10
-7.350000000000269651e-01 2.576850741314931835e-10
-7.300000000000270717e-01 -3.236866021513380039e-10
-7.250000000000271783e-01 -8.377566970478641442e-10
-7.200000000000272848e-01 -1.238674367181699340e-09
-7.150000000000273914e-01 -1.494758540419840096e-09
-7.100000000000274980e-01 -1.590727419630324951e-09
-7.050000000000276046e-01 -1.528091434407552282e-09
-7.000000000000277112e-01 -1.323816137338520173e-09
-6.950000000000278177e-01 -1.007535299145545762e-09
-6.900000000000279243e-01 -6.177197215555832523e-10
-6.850000000000280309e-01 -1.972753579093882689e-10
-6.800000000000281375e-01 2.109453234825569299e-10
-6.750000000000282441e-01 5.682756009886839768e-10
-6.700000000000283507e-01 8.436474871990739708e-10
-6.650000000000284572e-01 1.016027805921076675e-09
-6.600000000000285638e-01 1.075735392509484814e-09
-6.550000000000286704e-01 1.024610727693210599e-09
-6.500000000000287770e-01 8.751105337234552726e-10
-6.450000000000288836e-01 6.484829660836900364e-10
-6.400000000000289901e-01 3.722412565559872257e-10
-6.350000000000290967e-01 7.719464400644891919e-11
-6.300000000000292033e-01 -2.056839062579099005e-10
-6.250000000000293099e-01 -4.482721504274214969e-10
-6.200000000000294165e-01 -6.279308811182144053e-10
-6.150000000000295231e-01 -7.295244530833635562e-10
-6.100000000000296296e-01 -7.466520175926379662e-10
-6.050000000000297362e-01 -6.819804103798216119e-10
-6.000000000000298428e-01 -5.466514192300158115e-10
-5.950000000000299494e-01 -3.588258927812824512e-10
-5.900000000000300560e-01 -1.415168863595872434e-10
-5.850000000000301625e-01 8.005621369702486513e-11
-5.800000000000302691e-01 2.813016595635873694e-10
-5.750000000000303757e-01 4.409580303981439573e-10
-5.700000000000304823e-01 5.433551769617483503e-10
-5.650000000000305889e-01 5.799713541311667612e-10
-5.600000000000306954e-01 5.501086880023121180e-10
-5.550000000000308020e-01 4.606195968547810520e-10
-5.500000000000309086e-01 3.247390499537653751e-10
-5.450000000000310152e-01 1.601942649520146756e-10
-5.400000000000311218e-01 -1.314285109994520950e-11
-5.350000000000312284e-01 -1.757391196959411907e-10
-5.300000000000313349e-01 -3.106885587904928226e-10
-5.250000000000314415e-01 -4.055140949866721777e-10
-5.200000000000315481e-01 -4.532719785339481553e-10
-5.150000000000316547e-01 -4.528587057140545610e-10
-5.100000000000317613e-01 -4.085416441171316289e-10
-5.050000000000318678e-01 -3.288471996938859878e-10
-5.000000000000319744e-01 -2.250261845823135070e-10
-4.950000000000320810e-01 -1.093618739808452179e-10
-4.900000000000321876e-01 6.413878060860924069e-12
-4.850000000000322942e-01 1.123749358165401304e-10
-4.800000000000324007e-01 2.011817730339892192e-10
-4.750000000000325073e-01 2.683411898129138753e-10
-4.700000000000326139e-01 3.119932750801368800e-10
-4.650000000000327205e-01 3.323529156086943510e-10
-4.600000000000328271e-01 3.309812617992906170e-10
-4.550000000000329337e-01 3.100727989992003380e-10
-4.500000000000330402e-01 2.719164178098812894e-10
-4.450000000000331468e-01 2.186316298780799070e-10
-4.400000000000332534e-01 1.522067613465008353e-10
-4.350000000000333600e-01 7.479023524890267331e-11
-4.300000000000334666e-01 -1.087578961013138874e-11
-4.250000000000335731e-01 -1.010261367111010046e-10
-4.200000000000336797e-01 -1.905979989719850290e-10
-4.150000000000337863e-01 -2.732324964643499757e-10
-4.100000000000338929e-01 -3.416188886386597757e-10
-4.050000000000339995e-01 -3.881776976544441099e-10
-4.000000000000341061e-01 -4.060070861586239413e-10
-3.950000000000342126e-01 -3.899566703995254121e-10
-3.900000000000343192e-01 -3.376554491499778263e-10
-3.850000000000344258e-01 -2.503122647981763526e-10
-3.800000000000345324e-01 -1.331295292508227875e-10
-3.750000000000346390e-01 4.779931895954098566e-12
-3.700000000000347455e-01 1.510150418344642085e-10
-3.650000000000348521e-01 2.910132839995771758e-10
-3.600000000000349587e-01 4.095740123220875642e-10
-3.550000000000350653e-01 4.926091729541587618e-10
-3.500000000000351719e-01 5.289121565088881461e-10
-3.450000000000352784e-01 5.117209188348462421e-10
-3.400000000000353850e-01 4.398641953001319307e-10
-3.350000000000354916e-01 3.183182615559367581e-10
-3.300000000000355982e-01 1.580624257463703842e-10
-3.250000000000357048e-01 -2.480154348814610132e-11
-3.200000000000358114e-01 -2.106148696261045569e-10
-3.150000000000359179e-01 -3.782744338526887392e-10
-3.100000000000360245e-01 -5.076772086282714268e-10
-3.050000000000361311e-01 -5.822214192560873163e-10
-3.000000000000362377e-01 -5.910569731042104912e-10
-2.950000000000363443e-01 -5.307798907406108131e-10
-2.900000000000364508e-01 -4.063068373531402251e-10
-2.850000000000365574e-01 -2.307466548581678310e-10
-2.800000000000366640e-01 -2.420087049213964468e-11
-2.750000000000367706e-01 1.884366083931842816e-10
-2.700000000000368772e-01 3.804656276275689235e-10
-2.650000000000369837e-01 5.268059551936806559e-10
-2.600000000000370903e-01 6.074225349380005165e-10
-2.550000000000371969e-01 6.102686723472605142e-10
-2.500000000000373035e-01 5.332939063723220527e-10
-2.450000000000374101e-01 3.851630246340566146e-10
-2.400000000000375167e-01 1.844963353049625896e-10
-2.350000000000376232e-01 -4.235067187232890657e-11
-2.300000000000377298e-01 -2.647271288747393323e-10
-2.250000000000378364e-01 -4.519019870064440486e-10
-2.200000000000379430e-01 -5.774628790587364957e-10
-2.150000000000380496e-01 -6.232434944023261988e-10
-2.100000000000381561e-01 -5.821621143272130580e-10
-2.050000000000382627e-01 -4.594938404111357784e-10
-2.000000000000383693e-01 -2.723242674421538455e-10
-1.950000000000384759e-01 -4.721017800236968216e-11
-1.900000000000385825e-01 1.836406918578743287e-10
-1.850000000000386891e-01 3.871116758570589310e-10
-1.800000000000387956e-01 5.341178412921654145e-10
-1.750000000000389022e-01 6.039724830120450436e-10
-1.700000000000390088e-01 5.874838900284037085e-10
-1.650000000000391154e-01 4.882817535454020184e-10
-1.600000000000392220e-01 3.221549165888249918e-10
-1.550000000000393285e-01 1.145053230757505852e-10
-1.500000000000394351e-01 -1.036679599203139960e-10
-1.450000000000395417e-01 -3.005995109833359909e-10
-1.400000000000396483e-01 -4.486169475613286147e-10
-1.350000000000397549e-01 -5.282453645416939040e-10
-1.300000000000398614e-01 -5.309091785842299723e-10
-1.250000000000399680e-01 -4.598288829753378281e-10
-1.200000000000400746e-01 -3.290207849547966983e-10
-1.150000000000401812e-01 -1.606283475841452302e-10
-1.100000000000402878e-01 1.891257426344000524e-11
-1.050000000000403944e-01 1.831932765244915682e-10
-1.000000000000405009e-01 3.099005943656070625e-10
-9.500000000004060752e-02 3.839744922183727364e-10
-9.000000000004071410e-02 3.993846041169953563e-10
-8.500000000004082068e-02 3.593196739900758607e-10
-8.000000000004092726e-02 2.748717076908569951e-10
-7.500000000004103384e-02 1.625542145234025519e-10
-7.000000000004114042e-02 4.117484523376131576e-11
-6.500000000004124701e-02 -7.134295273970396924e-11
-6.000000000004135359e-02 -1.606352165890656920e-10
-5.500000000004146017e-02 -2.176567498421727491e-10
-5.000000000004156675e-02 -2.393197527122172088e-10
-4.500000000004167333e-02 -2.280375873459722249e-10
-4.000000000004177991e-02 -1.904048875622511220e-10
-3.500000000004188649e-02 -1.353860024740017520e-10
-3.000000000004199308e-02 -7.243566799342018306e-11
-2.500000000004209966e-02 -9.934428032957672352e-12
-2.000000000004220624e-02 4.579774484934745291e-11
-1.500000000004231282e-02 9.081147938506678113e-11
-1.000000000004241940e-02 1.232350644728636129e-10
-5.000000000042525983e-03 1.425901661946529441e-10
-4.263256414560601115e-14 1.490024972399738485e-10
4.999999999957260854e-03 1.425902127937772387e-10
9.999999999957154273e-03 1.232351399240942540e-10
1.499999999995704769e-02 9.081155619531688572e-11
1.999999999995694111e-02 4.579779762356602792e-11
2.499999999995683453e-02 -9.934412836342664359e-12
2.999999999995672795e-02 -7.243568878627613338e-11
3.499999999995662137e-02 -1.353860463265647949e-10
3.999999999995651478e-02 -1.904049379002332329e-10
4.499999999995640820e-02 -2.280376308776118600e-10
4.999999999995630162e-02 -2.393197822838029773e-10
5.499999999995619504e-02 -2.176567630701879811e-10
5.999999999995608846e-02 -1.606352128735563151e-10
6.499999999995598188e-02 -7.134293184107373273e-11
6.999999999995587530e-02 4.117488171727648348e-11
7.499999999995576871e-02 1.625542602678141995e-10
7.999999999995566213e-02 2.748717505221852060e-10
8.499999999995555555e-02 3.593196989065355899e-10
8.999999999995544897e-02 3.993845999820641273e-10
9.499999999995534239e-02 3.839744586322358505e-10
9.999999999995523581e-02 3.099005441962967202e-10
1.049999999999551292e-01 1.831932314990117233e-10
1.099999999999550226e-01 1.891255495111566536e-11
1.149999999999549161e-01 -1.606283324454658780e-10
1.199999999999548095e-01 -3.290207438543305292e-10
1.249999999999547029e-01 -4.598288382992429440e-10
1.299999999999545963e-01 -5.309091558114812822e-10
1.349999999999544897e-01 -5.282453794536514514e-10
1.399999999999543832e-01 -4.486169982389023591e-10
1.449999999999542766e-01 -3.005995789023652587e-10
1.499999999999541700e-01 -1.036680195941520881e-10
1.549999999999540634e-01 1.145052910165284674e-10
1.599999999999539568e-01 3.221549157397403265e-10
1.649999999999538502e-01 4.882817703823751145e-10
1.699999999999537437e-01 5.874839012334197899e-10
1.749999999999536371e-01 6.039724673028977644e-10
1.799999999999535305e-01 5.341177895233784182e-10
1.849999999999534239e-01 3.871115945186286965e-10
1.899999999999533173e-01 1.836405988719002402e-10
1.949999999999532108e-01 -4.721026235177690892e-11
1.999999999999531042e-01 -2.723243295910575714e-10
2.049999999999529976e-01 -4.594938784164625979e-10
2.099999999999528910e-01 -5.821621369774008782e-10
2.149999999999527844e-01 -6.232435158399447892e-10
2.199999999999526779e-01 -5.774629120020526644e-10
2.249999999999525713e-01 -4.519020377044750035e-10
2.299999999999524647e-01 -2.647271955765805489e-10
2.349999999999523581e-01 -4.235074674403609968e-11
2.399999999999522515e-01 1.844962622955544343e-10
2.449999999999521449e-01 3.851629618009053119e-10
2.499999999999520384e-01 5.332938578325195702e-10
2.549999999999519318e-01 6.102686375044350145e-10
2.599999999999518252e-01 6.074225095768099227e-10
2.649999999999517186e-01 5.268059333882488649e-10
2.699999999999516120e-01 3.804656036939295777e-10
2.749999999999515055e-01 1.884365784115660916e-10
2.799999999999513989e-01 -2.420090776471087409e-11
2.849999999999512923e-01 -2.307466977231320749e-10
2.899999999999511857e-01 -4.063068815736865834e-10
2.949999999999510791e-01 -5.307799306052620126e-10
2.999999999999509726e-01 -5.910570030081376292e-10
3.049999999999508660e-01 -5.822214354404295915e-10
3.099999999999507594e-01 -5.076772105435920052e-10
3.149999999999506528e-01 -3.782744246120146993e-10
3.199999999999505462e-01 -2.106148552380700005e-10
3.249999999999504396e-01 -2.480153096793533493e-11
3.299999999999503331e-01 1.580624308228215664e-10
3.349999999999502265e-01 3.183182571450100486e-10
3.399999999999501199e-01 4.398641837081360468e-10
3.449999999999500133e-01 5.117209057749246830e-10
3.499999999999499067e-01 5.289121486934864715e-10
3.549999999999498002e-01 4.926091752748508833e-10
3.599999999999496936e-01 4.095740259390422672e-10
3.649999999999495870e-01 2.910133062169150817e-10
3.699999999999494804e-01 1.510150676897481353e-10
3.749999999999493738e-01 4.779956510002244703e-12
3.799999999999492672e-01 -1.331295087940234238e-10
3.849999999999491607e-01 -2.503122488192234888e-10
3.899999999999490541e-01 -3.376554359560857332e-10
3.949999999999489475e-01 -3.899566574434961352e-10
3.999999999999488409e-01 -4.060070710802521304e-10
4.049999999999487343e-01 -3.881776788962314929e-10
4.099999999999486278e-01 -3.416188657478935570e-10
4.149999999999485212e-01 -2.732324702908541651e-10
4.199999999999484146e-01 -1.905979717279295806e-10
4.249999999999483080e-01 -1.010261115858712285e-10
4.299999999999482014e-01 -1.087576968540158661e-11
4.349999999999480949e-01 7.479024857529054063e-11
4.399999999999479883e-01 1.522067696443160009e-10
4.449999999999478817e-01 2.186316377027871825e-10
4.499999999999477751e-01 2.719164309827163625e-10
4.549999999999476685e-01 3.100728216869942187e-10
4.599999999999475619e-01 3.309812938376921335e-10
4.649999999999474554e-01 3.323529516665848396e-10
4.699999999999473488e-01 3.119933064455038217e-10
4.749999999999472422e-01 2.683412081933482985e-10
4.799999999999471356e-01 2.011817745994957369e-10
4.849999999999470290e-01 1.123749234496169951e-10
4.899999999999469225e-01 6.413860580698806127e-12
4.949999999999468159e-01 -1.093618854094182078e-10
4.999999999999467093e-01 -2.250261813013693327e-10
5.049999999999466027e-01 -3.288471795261844904e-10
5.099999999999464961e-01 -4.085416127378187840e-10
5.149999999999463896e-01 -4.528586748721914106e-10
5.199999999999462830e-01 -4.532719619345331110e-10
5.249999999999461764e-01 -4.055141035733802755e-10
5.299999999999460698e-01 -3.106885972996676059e-10
5.349999999999459632e-01 -1.757391857006630730e-10
5.399999999999458566e-01 -1.314293668010006026e-11
5.449999999999457501e-01 1.601941697994571252e-10
5.499999999999456435e-01 3.247389535996520395e-10
5.549999999999455369e-01 4.606195033683352409e-10
5.599999999999454303e-01 5.501085962897655737e-10
5.649999999999453237e-01 5.799712588788816279e-10
5.699999999999452172e-01 5.433550707731935670e-10
5.749999999999451106e-01 4.409579062573919442e-10
5.799999999999450040e-01 2.813015128432464708e-10
5.849999999999448974e-01 8.005604321292668391e-11
5.899999999999447908e-01 -1.415170784128890376e-10
5.949999999999446842e-01 -3.588261018808010784e-10
5.999999999999445777e-01 -5.466516401819300366e-10
6.049999999999444711e-01 -6.819806390401272236e-10
6.099999999999443645e-01 -7.466522520777799829e-10
6.149999999999442579e-01 -7.295246940654454575e-10
6.199999999999441513e-01 -6.279311311523600871e-10
6.249999999999440448e-01 -4.482724126645861300e-10
6.299999999999439382e-01 -2.056841831460897366e-10
6.349999999999438316e-01 7.719435148600153384e-11
6.399999999999437250e-01 3.722409489087926331e-10
6.449999999999436184e-01 6.484826447857677835e-10
6.499999999999435119e-01 8.751102006143106988e-10
6.549999999999434053e-01 1.024610384653888813e-09
6.599999999999432987e-01 1.075735041517515236e-09
6.649999999999431921e-01 1.016027449303678398e-09
6.699999999999430855e-01 8.436471278246985327e-10
6.749999999999429789e-01 5.682752422545207936e-10
6.799999999999428724e-01 2.109449691367803532e-10
6.849999999999427658e-01 -1.972757039834006737e-10
6.899999999999426592e-01 -6.177200555128178068e-10
6.949999999999425526e-01 -1.007535617324534298e-09
6.999999999999424460e-01 -1.323816436421369909e-09
7.049999999999423395e-01 -1.528091711574512251e-09
7.099999999999422329e-01 -1.590727672602034868e-09
7.149999999999421263e-01 -1.494758767280110636e-09
7.199999999999420197e-01 -1.238674566001896245e-09
7.249999999999419131e-01 -8.377568655024970264e-10
7.299999999999418065e-01 -3.236867373779990696e-10
7.349999999999417000e-01 2.576849752825586078e-10
7.399999999999415934e-01 8.503046631442105230e-10
7.449999999999414868e-01 1.393307290171994780e-09
7.499999999999413802e-01 1.827323245766752932e-09
7.549999999999412736e-01 2.101041977472767337e-09
7.599999999999411671e-01 2.177293095459782005e-09
7.649999999999410605e-01 2.037910588558176204e-09
7.699999999999409539e-01 1.686742173010208536e-09
7.749999999999408473e-01 1.150347656584879770e-09
7.799999999999407407e-01 4.761797723385539626e-10
7.849999999999406342e-01 -2.716696339806742556e-10
7.899999999999405276e-01 -1.018780575317686209e-09
7.949999999999404210e-01 -1.688132946158860629e-09
7.999999999999403144e-01 -2.208415595534491472e-09
8.049999999999402078e-01 -2.521978856434965607e-09
8.099999999999401012e-01 -2.591502109978323820e-09
8.149999999999399947e-01 -2.404570673903740748e-09
8.199999999999398881e-01 -1.975580827011484637e-09
8.249999999999397815e-01 -1.344692985051467794e-09
8.299999999999396749e-01 -5.738953175848599728e-10
8.349999999999395683e-01 2.594182707885893451e-10
8.399999999999394618e-01 1.070653390413435442e-09
8.449999999999393552e-01 1.777083710645487095e-09
8.499999999999392486e-01 2.306754346017796879e-09
8.549999999999391420e-01 2.606206663356164411e-09
8.599999999999390354e-01 2.646148566552766204e-09
8.649999999999389289e-01 2.424437478131400132e-09
8.699999999999388223e-01 1.966061713912072641e-09
8.749999999999387157e-01 1.320159672259877800e-09
8.799999999999386091e-01 5.544607317604247131e-10
8.849999999999385025e-01 -2.521760516728571739e-10
8.899999999999383959e-01 -1.018245229093232953e-09
8.949999999999382894e-01 -1.668127732478576528e-09
8.999999999999381828e-01 -2.139728890764680325e-09
9.049999999999380762e-01 -2.390418743162220775e-09
9.099999999999379696e-01 -2.400703782273831489e-09
9.149999999999378630e-01 -2.175348407479643632e-09
9.199999999999377565e-01 -1.741970489617798762e-09
9.249999999999376499e-01 -1.147417945477818606e-09
9.299999999999375433e-01 -4.524568755592770196e-10
9.349999999999374367e-01 2.745582635945310169e-10
9.399999999999373301e-01 9.643171135749306619e-10
9.449999999999372235e-01 1.552820011901308618e-09
9.499999999999371170e-01 1.986732158039234460e-09
9.549999999999370104e-01 2.227449131175200981e-09
9.599999999999369038e-01 2.253684781991194352e-09
9.649999999999367972e-01 2.062565742354350296e-09
9.699999999999366906e-01 1.669351140348384218e-09
9.749999999999365841e-01 1.105976886098249581e-09
9.799999999999364775e-01 4.186487718087107985e-10
9.849999999999363709e-01 -3.353125562867333242e-10
9.899999999999362643e-01 -1.091219468507317841e-09
9.949999999999361577e-01 -1.781252460941879983e-09
9.999999999999360512e-01 -2.339104169917933843e-09
1.004999999999935945e+00 -2.695233139372947812e-09
1.009999999999935838e+00 -2.086500358346502489e-09
1.014999999999935731e+00 -6.212223393242959403e-10
1.019999999999935625e+00 1.354364545598252739e-09
1.024999999999935518e+00 3.071738035080749389e-09
1.029999999999935412e+00 3.722916004306392193e-09
1.034999999999935305e+00 2.891470764017766181e-09
1.039999999999935199e+00 7.741091915749584396e-10
1.044999999999935092e+00 -1.877210646346051419e-09
1.049999999999934985e+00 -4.039801801710971608e-09
1.054999999999934879e+00 -4.811421313467535504e-09
1.059999999999934772e+00 -3.767582541682790259e-09
1.064999999999934666e+00 -1.161565159575000908e-09
1.069999999999934559e+00 2.110706764041908136e-09
1.074999999999934452e+00 4.793642022487357233e-09
1.079999999999934346e+00 5.739987323589780432e-09
1.084999999999934239e+00 4.424085833113824642e-09
1.089999999999934133e+00 1.291321422879132983e-09
1.094999999999934026e+00 -2.317910312989652260e-09
1.099999999999933920e+00 -4.958202970618503930e-09
1.104999999999933813e+00 -5.651663528717059942e-09
1.109999999999933706e+00 -4.159597928167143197e-09
1.114999999999933600e+00 -1.147262269613325330e-09
1.119999999999933493e+00 2.091346022880002466e-09
1.124999999999933387e+00 4.273751287352061072e-09
1.129999999999933280e+00 4.667208550498421823e-09
1.134999999999933173e+00 3.306519861927144784e-09
1.139999999999933067e+00 8.806040880682250001e-10
1.144999999999932960e+00 -1.604071353542024647e-09
1.149999999999932854e+00 -3.227913412103627794e-09
1.154999999999932747e+00 -3.483075586735269012e-09
1.159999999999932641e+00 -2.417570401899654688e-09
1.164999999999932534e+00 -5.651934541387357976e-10
1.169999999999932427e+00 1.299540154685926976e-09
1.174999999999932321e+00 2.481501916866121233e-09
1.179999999999932214e+00 2.628029029714934632e-09
1.184999999999932108e+00 1.816136935531860168e-09
1.189999999999932001e+00 4.203445814519775297e-10
1.194999999999931894e+00 -1.128265948377229448e-09
1.199999999999931788e+00 -2.331433371111916033e-09
1.204999999999931681e+00 -2.675650273973646335e-09
1.209999999999931575e+00 -2.065886628051015516e-09
1.214999999999931468e+00 -6.112554790438773807e-10
1.219999999999931362e+00 1.348392831170515084e-09
1.224999999999931255e+00 3.053845770609231065e-09
1.229999999999931148e+00 3.703432131141299635e-09
1.234999999999931042e+00 2.880893071910481357e-09
1.239999999999930935e+00 7.775567485003121911e-10
1.244999999999930829e+00 -1.862281375475646562e-09
1.249999999999930722e+00 -4.021866712524188700e-09
1.254999999999930616e+00 -4.800266420389756116e-09
1.259999999999930509e+00 -3.769122313594949752e-09
1.264999999999930402e+00 -1.174646921216891044e-09
1.269999999999930296e+00 2.093806459846962673e-09
1.274999999999930189e+00 4.782989701387836756e-09
1.279999999999930083e+00 5.741981748952076518e-09
1.284999999999929976e+00 4.437134205810082765e-09
1.289999999999929869e+00 1.306662354820626257e-09
1.294999999999929763e+00 -2.309667678039526478e-09
1.299999999999929656e+00 -4.961652494762898783e-09
1.304999999999929550e+00 -5.664872471714253385e-09
1.309999999999929443e+00 -4.174577483827346305e-09
1.314999999999929337e+00 -1.154097163718184443e-09
1.319999999999929230e+00 2.097482121540945677e-09
1.324999999999929123e+00 4.289084677870437164e-09
1.329999999999929017e+00 4.682108507794137460e-09
1.334999999999928910e+00 3.311682947139027927e-09
1.339999999999928804e+00 8.725702531442068700e-10
1.344999999999928697e+00 -1.621003989873531194e-09
1.349999999999928590e+00 -3.244102280124985562e-09
1.354999999999928484e+00 -3.488861795064613683e-09
1.359999999999928377e+00 -2.408775739344721246e-09
1.364999999999928271e+00 -5.459148669343571989e-10
1.369999999999928164e+00 1.318583661122766345e-09
1.374999999999928058e+00 2.488739090303917437e-09
1.379999999999927951e+00 2.618218426793442956e-09
1.384999999999927844e+00 1.794586544281754440e-09
1.389999999999927738e+00 4.001778654888292685e-10
1.394999999999927631e+00 -1.135651895319632480e-09
1.399999999999927525e+00 -2.322632937568553190e-09
1.404999999999927418e+00 -2.655347815582764689e-09
1.409999999999927311e+00 -2.045322384897020047e-09
1.414999999999927205e+00 -6.020177920255549413e-10
1.419999999999927098e+00 1.341501502463107117e-09
1.424999999999926992e+00 3.035358644497256801e-09
1.429999999999926885e+00 3.683954019888331032e-09
1.434999999999926779e+00 2.870901169495536586e-09
1.439999999999926672e+00 7.819410833539373248e-10
1.444999999999926565e+00 -1.846376409773906021e-09
1.449999999999926459e+00 -4.003230852258569825e-09
1.454999999999926352e+00 -4.788987225176698566e-09
1.459999999999926246e+00 -3.771419969127712258e-09
1.464999999999926139e+00 -1.189651286421503842e-09
1.469999999999926033e+00 2.073705197676368583e-09
1.474999999999925926e+00 4.768206948835626529e-09
1.479999999999925819e+00 5.740108598602373624e-09
1.484999999999925713e+00 4.448893936268063931e-09
1.489999999999925606e+00 1.326576140151708392e-09
1.494999999999925500e+00 -2.287820587564742647e-09
1.499999999999925393e+00 -4.942007223205258700e-09
1.504999999999925286e+00 -5.651036747911081670e-09
1.509999999999925180e+00 -4.172426343520092394e-09
1.514999999999925073e+00 -1.168651657595166388e-09
1.519999999999924967e+00 2.054769708120741269e-09
1.524999999999924860e+00 4.208829886306587651e-09
1.529999999999924754e+00 4.576081704135036493e-09
1.534999999999924647e+00 3.224181976093139585e-09
1.539999999999924540e+00 8.706163388862019979e-10
1.544999999999924434e+00 -1.479312733749460094e-09
1.549999999999924327e+00 -2.950670015875500648e-09
1.554999999999924221e+00 -3.115710882921845506e-09
1.559999999999924114e+00 -2.106963591126304009e-09
1.564999999999924007e+00 -5.020688527841068761e-10
1.569999999999923901e+00 9.629143588483632942e-10
1.574999999999923794e+00 1.729879799851651738e-09
1.579999999999923688e+00 1.653173620996835342e-09
1.584999999999923581e+00 1.005834712998325326e-09
1.589999999999923475e+00 2.305935051853060115e-10
1.594999999999923368e+00 -3.983072228325365081e-10
1.599999999999923261e+00 -7.303257797987985719e-10
1.604999999999923155e+00 -6.948239991301744204e-10
1.609999999999923048e+00 -4.374269255460068367e-10
1.614999999999922942e+00 -1.239177035417370709e-10
1.619999999999922835e+00 1.174575744145354209e-10
1.624999999999922728e+00 2.334433883331187010e-10
1.629999999999922622e+00 2.337970138009067820e-10
1.634999999999922515e+00 1.621886707136105811e-10
1.639999999999922409e+00 6.834979687780162362e-11
1.644999999999922302e+00 -1.020670636317018367e-11
1.649999999999922196e+00 -5.527760448815234906e-11
1.654999999999922089e+00 -6.617673714302002681e-11
1.659999999999921982e+00 -5.305302904221453975e-11
1.664999999999921876e+00 -2.932424389369888635e-11
1.669999999999921769e+00 -6.117335784161916935e-12
1.674999999999921663e+00 1.007961574602376076e-11
1.679999999999921556e+00 1.705283734506048123e-11
1.684999999999921450e+00 1.545310093351125046e-11
1.689999999999921343e+00 8.087740203836504619e-12
1.694999999999921236e+00 9.846794409526137885e-14
1.699999999999921130e+00 -3.549919535595406158e-12
1.704999999999921023e+00 -3.624957100851747510e-12
1.709999999999920917e+00 -1.692278316014446237e-12
1.714999999999920810e+00 2.947859139141289337e-13
1.719999999999920703e+00 1.332309783428485439e-12
1.724999999999920597e+00 1.292835943759160433e-12
1.729999999999920490e+00 5.599422284115432694e-13
1.734999999999920384e+00 -3.436109536559100857e-13
1.739999999999920277e+00 -1.005860594565397587e-12
1.744999999999920171e+00 -1.228474985220952992e-12
1.749999999999920064e+00 -1.015062382276801226e-12
1.754999999999919957e+00 -4.999879767865685728e-13
1.759999999999919851e+00 1.306936259388743744e-13
1.764999999999919744e+00 6.942059306928804293e-13
1.769999999999919638e+00 1.036110118277184069e-12
1.774999999999919531e+00 1.042736403977145979e-12
1.779999999999919424e+00 6.686232400208853055e-13
1.784999999999919318e+00 -5.417304631116040813e-15
1.789999999999919211e+00 -7.120239954664378510e-13
1.794999999999919105e+00 -1.048910293229621190e-12
1.799999999999918998e+00 -8.934926072171050517e-13
1.804999999999918892e+00 -4.196325475900565493e-13
1.809999999999918785e+00 1.642677694343064069e-13
1.814999999999918678e+00 6.655995473763402673e-13
1.819999999999918572e+00 9.469227075621892761e-13
1.824999999999918465e+00 8.841277429849328564e-13
1.829999999999918359e+00 4.523217546966492602e-13
1.834999999999918252e+00 -2.197487014008033865e-13
1.839999999999918145e+00 -8.785205706626071758e-13
1.844999999999918039e+00 -1.243322000588460792e-12
1.849999999999917932e+00 -1.126360524617227179e-12
1.854999999999917826e+00 -5.226841110908847013e-13
1.859999999999917719e+00 3.687166680865351758e-13
1.864999999999917613e+00 1.206202613942449047e-12
1.869999999999917506e+00 1.632960817703033307e-12
1.874999999999917399e+00 1.427595476395228631e-12
1.879999999999917293e+00 6.181829772133673972e-13
1.884999999999917186e+00 -4.988230953561969958e-13
1.889999999999917080e+00 -1.467429601637200166e-12
1.894999999999916973e+00 -1.882909825832086748e-12
1.899999999999916866e+00 -1.580730865564652838e-12
1.904999999999916760e+00 -6.742061201051685162e-13
1.909999999999916653e+00 4.970089757020622078e-13
1.914999999999916547e+00 1.474113149956464034e-12
1.919999999999916440e+00 1.855688119250941535e-12
1.924999999999916334e+00 1.523903332076737441e-12
1.929999999999916227e+00 6.565965873323338606e-13
1.934999999999916120e+00 -3.844896401274619738e-13
1.939999999999916014e+00 -1.210416501386573220e-12
1.944999999999915907e+00 -1.545330244823221385e-12
1.949999999999915801e+00 -1.310254302447994427e-12
1.954999999999915694e+00 -6.330516910874358466e-13
1.959999999999915588e+00 2.110143116846634758e-13
1.964999999999915481e+00 9.052463363667920565e-13
1.969999999999915374e+00 1.208372818576626540e-12
1.974999999999915268e+00 1.041966301495209471e-12
1.979999999999915161e+00 5.138059894242680929e-13
1.984999999999915055e+00 -1.389177132907829188e-13
1.989999999999914948e+00 -6.689889900548293948e-13
1.994999999999914841e+00 -9.323796746859021191e-13
