-2.000000000000000000e+00 5.594154439759119364e-03
-1.995000000000000107e+00 5.675277607936441912e-03
-1.990000000000000213e+00 5.757391547867536652e-03
-1.985000000000000320e+00 5.840503605441239171e-03
-1.980000000000000426e+00 5.924621039615601305e-03
-1.975000000000000533e+00 6.009751016607202401e-03
-1.970000000000000639e+00 6.095900603901801412e-03
-1.965000000000000746e+00 6.183076764081941838e-03
-1.960000000000000853e+00 6.271286348467225609e-03
-1.955000000000000959e+00 6.360536090562722220e-03
-1.950000000000001066e+00 6.450832599310984614e-03
-1.945000000000001172e+00 6.542182352143051383e-03
-1.940000000000001279e+00 6.634591687823662189e-03
-1.935000000000001386e+00 6.728066799085882094e-03
-1.930000000000001492e+00 6.822613725050205580e-03
-1.925000000000001599e+00 6.918238343423123438e-03
-1.920000000000001705e+00 7.014946362470035959e-03
-1.915000000000001812e+00 7.112743312757293518e-03
-1.910000000000001918e+00 7.211634538658071025e-03
-1.905000000000002025e+00 7.311625189616606686e-03
-1.900000000000002132e+00 7.412720211165365822e-03
-1.895000000000002238e+00 7.514924335689408645e-03
-1.890000000000002345e+00 7.618242072932332812e-03
-1.885000000000002451e+00 7.722677700237877071e-03
-1.880000000000002558e+00 7.828235252521237655e-03
-1.875000000000002665e+00 7.934918511964093521e-03
-1.870000000000002771e+00 8.042730997427130143e-03
-1.865000000000002878e+00 8.151675953573762207e-03
-1.860000000000002984e+00 8.261756339698696563e-03
-1.855000000000003091e+00 8.372974818254786886e-03
-1.850000000000003197e+00 8.485333743071529072e-03
-1.845000000000003304e+00 8.598835147258490977e-03
-1.840000000000003411e+00 8.713480730786760109e-03
-1.835000000000003517e+00 8.829271847741399296e-03
-1.830000000000003624e+00 8.946209493237808341e-03
-1.825000000000003730e+00 9.064294289994744014e-03
-1.820000000000003837e+00 9.183526474556573740e-03
-1.815000000000003944e+00 9.303905883157305434e-03
-1.810000000000004050e+00 9.425431937218713835e-03
-1.805000000000004157e+00 9.548103628474821289e-03
-1.800000000000004263e+00 9.671919503714782734e-03
-1.795000000000004370e+00 9.796877649136177812e-03
-1.790000000000004476e+00 9.922975674300485785e-03
-1.785000000000004583e+00 1.005021069568249811e-02
-1.780000000000004690e+00 1.017857931980510611e-02
-1.775000000000004796e+00 1.030807762595093401e-02
-1.770000000000004903e+00 1.043870114844206928e-02
-1.765000000000005009e+00 1.057044485847899451e-02
-1.760000000000005116e+00 1.070330314552967246e-02
-1.755000000000005222e+00 1.083726979825962861e-02
-1.750000000000005329e+00 1.097233798499368425e-02
-1.745000000000005436e+00 1.110850023369990870e-02
-1.740000000000005542e+00 1.124574841148606036e-02
-1.735000000000005649e+00 1.138407370359887857e-02
-1.730000000000005755e+00 1.152346659191615108e-02
-1.725000000000005862e+00 1.166391683292157359e-02
-1.720000000000005969e+00 1.180541343515210950e-02
-1.715000000000006075e+00 1.194794463610742742e-02
-1.710000000000006182e+00 1.209149787861092673e-02
-1.705000000000006288e+00 1.223605978661157674e-02
-1.700000000000006395e+00 1.238161614041568930e-02
-1.695000000000006501e+00 1.252815185133760931e-02
-1.690000000000006608e+00 1.267565093575810480e-02
-1.685000000000006715e+00 1.282409648857916334e-02
-1.680000000000006821e+00 1.297347065606349256e-02
-1.675000000000006928e+00 1.312375460804726321e-02
-1.670000000000007034e+00 1.327492850951402306e-02
-1.665000000000007141e+00 1.342697149151791426e-02
-1.660000000000007248e+00 1.357986162144394528e-02
-1.655000000000007354e+00 1.373357587259295236e-02
-1.650000000000007461e+00 1.388809009307872232e-02
-1.645000000000007567e+00 1.404337897402467214e-02
-1.640000000000007674e+00 1.419941601704710621e-02
-1.635000000000007780e+00 1.435617350101214829e-02
-1.630000000000007887e+00 1.451362244805304638e-02
-1.625000000000007994e+00 1.467173258883459723e-02
-1.620000000000008100e+00 1.483047232705110574e-02
-1.615000000000008207e+00 1.498980870314419074e-02
-1.610000000000008313e+00 1.514970735722663206e-02
-1.605000000000008420e+00 1.531013249119817822e-02
-1.600000000000008527e+00 1.547104683003918540e-02
-1.595000000000008633e+00 1.563241158226763572e-02
-1.590000000000008740e+00 1.579418639954520073e-02
-1.585000000000008846e+00 1.595632933541754964e-02
-1.580000000000008953e+00 1.611879680317402502e-02
-1.575000000000009059e+00 1.628154353281181452e-02
-1.570000000000009166e+00 1.644452252708948972e-02
-1.565000000000009273e+00 1.660768501665439711e-02
-1.560000000000009379e+00 1.677098041422868391e-02
-1.555000000000009486e+00 1.693435626783826656e-02
-1.550000000000009592e+00 1.709775821306890042e-02
-1.545000000000009699e+00 1.726112992433357501e-02
-1.540000000000009805e+00 1.742441306513511923e-02
-1.535000000000009912e+00 1.758754723730783509e-02
-1.530000000000010019e+00 1.775046992922186401e-02
-1.525000000000010125e+00 1.791311646293381951e-02
-1.520000000000010232e+00 1.807541994026703666e-02
-1.515000000000010338e+00 1.823731118780488186e-02
-1.510000000000010445e+00 1.839871870078006733e-02
-1.505000000000010552e+00 1.855956858584328212e-02
-1.500000000000010658e+00 1.871978450269382380e-02
-1.495000000000010765e+00 1.887928760455520952e-02
-1.490000000000010871e+00 1.903799647747849572e-02
-1.485000000000010978e+00 1.919582707845588626e-02
-1.480000000000011084e+00 1.935269267232719165e-02
-1.475000000000011191e+00 1.950850376746164974e-02
-1.470000000000011298e+00 1.966316805019733757e-02
-1.465000000000011404e+00 1.981659031802075754e-02
-1.460000000000011511e+00 1.996867241146858818e-02
-1.455000000000011617e+00 2.011931314473396765e-02
-1.450000000000011724e+00 2.026840823495939733e-02
-1.445000000000011831e+00 2.041585023019842904e-02
-1.440000000000011937e+00 2.056152843602816749e-02
-1.435000000000012044e+00 2.070532884079477956e-02
-1.430000000000012150e+00 2.084713403947395169e-02
-1.425000000000012257e+00 2.098682315612845559e-02
-1.420000000000012363e+00 2.112427176494493034e-02
-1.415000000000012470e+00 2.125935180983191605e-02
-1.410000000000012577e+00 2.139193152256137556e-02
-1.405000000000012683e+00 2.152187533943591968e-02
-1.400000000000012790e+00 2.164904381646397952e-02
-1.395000000000012896e+00 2.177329354302524195e-02
-1.390000000000013003e+00 2.189447705400893521e-02
-1.385000000000013110e+00 2.201244274040749238e-02
-1.380000000000013216e+00 2.212703475834812764e-02
-1.375000000000013323e+00 2.223809293654541164e-02
-1.370000000000013429e+00 2.234545268215769320e-02
-1.365000000000013536e+00 2.244894488503055424e-02
-1.360000000000013642e+00 2.254839582031077302e-02
-1.355000000000013749e+00 2.264362704941424650e-02
-1.350000000000013856e+00 2.273445531933186367e-02
-1.345000000000013962e+00 2.282069246025734965e-02
-1.340000000000014069e+00 2.290214528152142645e-02
-1.335000000000014175e+00 2.297861546581710102e-02
-1.330000000000014282e+00 2.304989946170099557e-02
-1.325000000000014388e+00 2.311578837435612072e-02
-1.320000000000014495e+00 2.317606785460189778e-02
-1.315000000000014602e+00 2.323051798613761862e-02
-1.310000000000014708e+00 2.327891317100582586e-02
-1.305000000000014815e+00 2.332102201326282861e-02
-1.300000000000014921e+00 2.335660720084391587e-02
-1.295000000000015028e+00 2.338542538561131853e-02
-1.290000000000015135e+00 2.340722706157364122e-02
-1.285000000000015241e+00 2.342175644126607767e-02
-1.280000000000015348e+00 2.342875133028111609e-02
-1.275000000000015454e+00 2.342794299994066867e-02
-1.270000000000015561e+00 2.341905605810055621e-02
-1.265000000000015667e+00 2.340180831807964559e-02
-1.260000000000015774e+00 2.337591066570627457e-02
-1.255000000000015881e+00 2.334106692447583675e-02
-1.250000000000015987e+00 2.329697371881377793e-02
-1.245000000000016094e+00 2.324332033543983350e-02
-1.240000000000016200e+00 2.317978858282958646e-02
-1.235000000000016307e+00 2.310605264877102147e-02
-1.230000000000016414e+00 2.302177895601454846e-02
-1.225000000000016520e+00 2.292662601601609673e-02
-1.220000000000016627e+00 2.282024428077416081e-02
-1.215000000000016733e+00 2.270227599276285549e-02
-1.210000000000016840e+00 2.257235503296430371e-02
-1.205000000000016946e+00 2.243010676700513475e-02
-1.200000000000017053e+00 2.227514788940309493e-02
-1.195000000000017160e+00 2.210708626593161849e-02
-1.190000000000017266e+00 2.192552077411120959e-02
-1.185000000000017373e+00 2.173004114183868865e-02
-1.180000000000017479e+00 2.152022778416659565e-02
-1.175000000000017586e+00 2.129565163824720386e-02
-1.170000000000017693e+00 2.105587399645687807e-02
-1.165000000000017799e+00 2.080044633771913759e-02
-1.160000000000017906e+00 2.052891015704622069e-02
-1.155000000000018012e+00 2.024079679332134452e-02
-1.150000000000018119e+00 1.993562725534581831e-02
-1.145000000000018225e+00 1.961291204617766903e-02
-1.140000000000018332e+00 1.927215098579063840e-02
-1.135000000000018439e+00 1.891283303208491848e-02
-1.130000000000018545e+00 1.853443610028345997e-02
-1.125000000000018652e+00 1.813642688075054604e-02
-1.120000000000018758e+00 1.771826065527191615e-02
-1.115000000000018865e+00 1.727938111183866324e-02
-1.110000000000018971e+00 1.681922015798010400e-02
-1.105000000000019078e+00 1.633719773269402473e-02
-1.100000000000019185e+00 1.583272161702558786e-02
-1.095000000000019291e+00 1.530518724335036204e-02
-1.090000000000019398e+00 1.475397750341908565e-02
-1.085000000000019504e+00 1.417846255522679268e-02
-1.080000000000019611e+00 1.357799962877186822e-02
-1.075000000000019718e+00 1.295193283077460122e-02
-1.070000000000019824e+00 1.229959294842897406e-02
-1.065000000000019931e+00 1.162029725226557987e-02
-1.060000000000020037e+00 1.091334929820798189e-02
-1.055000000000020144e+00 1.017803872890906715e-02
-1.050000000000020250e+00 9.413641074459050406e-03
-1.045000000000020357e+00 8.619417552561174645e-03
-1.040000000000020464e+00 7.794614868276514980e-03
-1.035000000000020570e+00 6.938465013444325945e-03
-1.030000000000020677e+00 6.050185065889833111e-03
-1.025000000000020783e+00 5.128976988536869050e-03
-1.020000000000020890e+00 4.174027428548659525e-03
-1.015000000000020997e+00 3.184507516625934790e-03
-1.010000000000021103e+00 2.159572666597778072e-03
-1.005000000000021210e+00 1.098362375447064360e-03
-1.000000000000021316e+00 2.391890903794283946e-11
-9.950000000000214229e-01 2.349294759002050515e-11
-9.900000000000215294e-01 2.307781383642809791e-11
-9.850000000000216360e-01 2.266867591941015088e-11
-9.800000000000217426e-01 2.226548204798610493e-11
-9.750000000000218492e-01 2.186819017336396361e-11
-9.700000000000219558e-01 2.147675364914027968e-11
-9.650000000000220624e-01 2.109111124473604402e-11
-9.600000000000221689e-01 2.071118842130141923e-11
-9.550000000000222755e-01 2.033690487598555207e-11
-9.500000000000223821e-01 1.996817901924051718e-11
-9.450000000000224887e-01 1.960492763018223725e-11
-9.400000000000225953e-01 1.924706688576960290e-11
-9.350000000000227018e-01 1.889451930064486176e-11
-9.300000000000228084e-01 1.854722236447107644e-11
-9.250000000000229150e-01 1.820512970313710572e-11
-9.200000000000230216e-01 1.786820085090694116e-11
-9.150000000000231282e-01 1.753638655382975393e-11
-9.100000000000232347e-01 1.720962191804433055e-11
-9.050000000000233413e-01 1.688783279688453928e-11
-9.000000000000234479e-01 1.657094889772647385e-11
-8.950000000000235545e-01 1.625891231116162900e-11
-8.900000000000236611e-01 1.595167654636211517e-11
-8.850000000000237677e-01 1.564920011550123145e-11
-8.800000000000238742e-01 1.535144121665247592e-11
-8.750000000000239808e-01 1.505835593610909797e-11
-8.700000000000240874e-01 1.476989741121212626e-11
-8.650000000000241940e-01 1.448601273253452925e-11
-8.600000000000243006e-01 1.420663829724612345e-11
-8.550000000000244071e-01 1.393169759857224095e-11
-8.500000000000245137e-01 1.366110395602208678e-11
-8.450000000000246203e-01 1.339476735495317606e-11
-8.400000000000247269e-01 1.313260403128969306e-11
-8.350000000000248335e-01 1.287454711222211160e-11
-8.300000000000249401e-01 1.262055254494690372e-11
-8.250000000000250466e-01 1.237059291516278745e-11
-8.200000000000251532e-01 1.212464006315627124e-11
-8.150000000000252598e-01 1.188264906549758049e-11
-8.100000000000253664e-01 1.164455632181441489e-11
-8.050000000000254730e-01 1.141029225101403127e-11
-8.000000000000255795e-01 1.117979827111685827e-11
-7.950000000000256861e-01 1.095303698982815539e-11
-7.900000000000257927e-01 1.072999050066296657e-11
-7.850000000000258993e-01 1.051064810015424855e-11
-7.800000000000260059e-01 1.029498989389285999e-11
-7.750000000000261124e-01 1.008297554356320942e-11
-7.700000000000262190e-01 9.874545081312316784e-12
-7.650000000000263256e-01 9.669631185193763649e-12
-7.600000000000264322e-01 9.468174396291258326e-12
-7.550000000000265388e-01 9.270131147214348582e-12
-7.500000000000266454e-01 9.075470800722715495e-12
-7.450000000000267519e-01 8.884164937361915772e-12
-7.400000000000268585e-01 8.696173651754501151e-12
-7.350000000000269651e-01 8.511434009948731146e-12
-7.300000000000270717e-01 8.329859202189467669e-12
-7.250000000000271783e-01 8.151355189588832755e-12
-7.200000000000272848e-01 7.975847814986999025e-12
-7.150000000000273914e-01 7.803299503254136401e-12
-7.100000000000274980e-01 7.633700299656922648e-12
-7.050000000000276046e-01 7.467041453110928628e-12
-7.000000000000277112e-01 7.303295313358062874e-12
-6.950000000000278177e-01 7.142416146888038667e-12
-6.900000000000279243e-01 6.984356229610169753e-12
-6.850000000000280309e-01 6.829082121758658673e-12
-6.800000000000281375e-01 6.676579379133336959e-12
-6.750000000000282441e-01 6.526840786751738128e-12
-6.700000000000283507e-01 6.379842772067166911e-12
-6.650000000000284572e-01 6.235526996735561270e-12
-6.600000000000285638e-01 6.093805959703668636e-12
-6.550000000000286704e-01 5.954592618617897956e-12
-6.500000000000287770e-01 5.817830920511950428e-12
-6.450000000000288836e-01 5.683503461559914228e-12
-6.400000000000289901e-01 5.551614697340091180e-12
-6.350000000000290967e-01 5.422167408660140586e-12
-6.300000000000292033e-01 5.295149204475199840e-12
-6.250000000000293099e-01 5.170532064601215421e-12
-6.200000000000294165e-01 5.048277294308017158e-12
-6.150000000000295231e-01 4.928338669064934700e-12
-6.100000000000296296e-01 4.810664209044800372e-12
-6.050000000000297362e-01 4.695201219852486074e-12
-6.000000000000298428e-01 4.581904651995046095e-12
-5.950000000000299494e-01 4.470743144466606991e-12
-5.900000000000300560e-01 4.361698909202469996e-12
-5.850000000000301625e-01 4.254762744973423255e-12
-5.800000000000302691e-01 4.149925734731656137e-12
-5.750000000000303757e-01 4.047167778826543106e-12
-5.700000000000304823e-01 3.946448552244070706e-12
-5.650000000000305889e-01 3.847712728023671819e-12
-5.600000000000306954e-01 3.750912212914665766e-12
-5.550000000000308020e-01 3.656027638966792339e-12
-5.500000000000309086e-01 3.563066183425416450e-12
-5.450000000000310152e-01 3.472033987015000317e-12
-5.400000000000311218e-01 3.382906261052336624e-12
-5.350000000000312284e-01 3.295620215368849942e-12
-5.300000000000313349e-01 3.210095422059357986e-12
-5.250000000000314415e-01 3.126264554116183055e-12
-5.200000000000315481e-01 3.044092680292310179e-12
-5.150000000000316547e-01 2.963575286036974259e-12
-5.100000000000317613e-01 2.884720794880163082e-12
-5.050000000000318678e-01 2.807531344444013845e-12
-5.000000000000319744e-01 2.731993028402862393e-12
-4.950000000000320810e-01 2.658076969114183214e-12
-4.900000000000321876e-01 2.585744606825664674e-12
-4.850000000000322942e-01 2.514953497546141150e-12
-4.800000000000324007e-01 2.445667033021744254e-12
-4.750000000000325073e-01 2.377866452384553512e-12
-4.700000000000326139e-01 2.311550811229689126e-12
-4.650000000000327205e-01 2.246715604307159568e-12
-4.600000000000328271e-01 2.183326644586914958e-12
-4.550000000000329337e-01 2.121318408245842810e-12
-4.500000000000330402e-01 2.060622492523555082e-12
-4.450000000000331468e-01 2.001198985082836297e-12
-4.400000000000332534e-01 1.943042108147761516e-12
-4.350000000000333600e-01 1.886160353681015434e-12
-4.300000000000334666e-01 1.830553509988484294e-12
-4.250000000000335731e-01 1.776203772091984561e-12
-4.200000000000336797e-01 1.723081159884483004e-12
-4.150000000000337863e-01 1.671155056334356765e-12
-4.100000000000338929e-01 1.620404262117926647e-12
-4.050000000000339995e-01 1.570820143193811559e-12
-4.000000000000341061e-01 1.522400492324744720e-12
-3.950000000000342126e-01 1.475138476096401286e-12
-3.900000000000343192e-01 1.429016837093696290e-12
-3.850000000000344258e-01 1.384011579625297300e-12
-3.800000000000345324e-01 1.340097105508720216e-12
-3.750000000000346390e-01 1.297246309843504659e-12
-3.700000000000347455e-01 1.255430785119903588e-12
-3.650000000000348521e-01 1.214625223858975144e-12
-3.600000000000349587e-01 1.174811401535211795e-12
-3.550000000000350653e-01 1.135979701502948804e-12
-3.500000000000351719e-01 1.098130574789506380e-12
-3.450000000000352784e-01 1.061273480523949660e-12
-3.400000000000353850e-01 1.025421494817821449e-12
-3.350000000000354916e-01 9.905875184565042667e-13
-3.300000000000355982e-01 9.567836187620653635e-13
-3.250000000000357048e-01 9.240157776589930002e-13
-3.200000000000358114e-01 8.922748677770330223e-13
-3.150000000000359179e-01 8.615382373756290477e-13
-3.100000000000360245e-01 8.317868979105509216e-13
-3.050000000000361311e-01 8.030205158508586169e-13
-3.000000000000362377e-01 7.752494243463349853e-13
-2.950000000000363443e-01 7.484661861300700195e-13
-2.900000000000364508e-01 7.226214070653341266e-13
-2.850000000000365574e-01 6.976251954748866314e-13
-2.800000000000366640e-01 6.733738715856032098e-13
-2.750000000000367706e-01 6.497819964364671747e-13
-2.700000000000368772e-01 6.267943305598607322e-13
-2.650000000000369837e-01 6.043690519108877202e-13
-2.600000000000370903e-01 5.824525829609022136e-13
-2.550000000000371969e-01 5.609722000915394088e-13
-2.500000000000373035e-01 5.398436314349582977e-13
-2.450000000000374101e-01 5.189741782815079312e-13
-2.400000000000375167e-01 4.982671231275010012e-13
-2.350000000000376232e-01 4.776434574135540815e-13
-2.300000000000377298e-01 4.570620720308638270e-13
-2.250000000000378364e-01 4.365068630356200264e-13
-2.200000000000379430e-01 4.159511797474577547e-13
-2.150000000000380496e-01 3.953452453157252758e-13
-2.100000000000381561e-01 3.746497717398976302e-13
-2.050000000000382627e-01 3.538844762135737827e-13
-2.000000000000383693e-01 3.331359408912918367e-13
-1.950000000000384759e-01 3.125108568377497791e-13
-1.900000000000385825e-01 2.920864947195131483e-13
-1.850000000000386891e-01 2.719119877083128315e-13
-1.800000000000387956e-01 2.520481518039414340e-13
-1.750000000000389022e-01 2.325944995947834274e-13
-1.700000000000390088e-01 2.136784950917996339e-13
-1.650000000000391154e-01 1.954218718755419381e-13
-1.600000000000392220e-01 1.779134623049134115e-13
-1.550000000000393285e-01 1.612086268368808847e-13
-1.500000000000394351e-01 1.453525209080437095e-13
-1.450000000000395417e-01 1.304041947202960884e-13
-1.400000000000396483e-01 1.164393431959523976e-13
-1.350000000000397549e-01 1.035350345872569532e-13
-1.300000000000398614e-01 9.175902411670108218e-14
-1.250000000000399680e-01 8.116858599970233927e-14
-1.200000000000400746e-01 7.179975309789249603e-14
-1.150000000000401812e-01 6.363846023413869430e-14
-1.100000000000402878e-01 5.659390239945287726e-14
-1.050000000000403944e-01 5.050631275929555231e-14
-1.000000000000405009e-01 4.519715056929356510e-14
-9.500000000004060752e-02 4.052693772281660677e-14
-9.000000000004071410e-02 3.642081350174965525e-14
-8.500000000004082068e-02 3.286078874135009904e-14
-8.000000000004092726e-02 2.986376115173100511e-14
-7.500000000004103384e-02 2.745130441451643633e-14
-7.000000000004114042e-02 2.561642697256781183e-14
-6.500000000004124701e-02 2.430238197105320497e-14
-6.000000000004135359e-02 2.340277673508454638e-14
-5.500000000004146017e-02 2.278476230666930094e-14
-5.000000000004156675e-02 2.233012535901000548e-14
-4.500000000004167333e-02 2.196680337890679152e-14
-4.000000000004177991e-02 2.166041224635158069e-14
-3.500000000004188649e-02 2.138268713192577364e-14
-3.000000000004199308e-02 2.110736688796716878e-14
-2.500000000004209966e-02 2.083810906414171132e-14
-2.000000000004220624e-02 2.061200388024922537e-14
-1.500000000004231282e-02 2.044973379932612148e-14
-1.000000000004241940e-02 2.030768117996570512e-14
-5.000000000042525983e-03 2.010026300834963278e-14
-4.263256414560601115e-14 1.977459703854981771e-14
4.999999999957260854e-03 1.935617549418486423e-14
9.999999999957154273e-03 1.892659817932971895e-14
1.499999999995704769e-02 1.856806807845316756e-14
1.999999999995694111e-02 1.832284943075431909e-14
2.499999999995683453e-02 1.818699416556029651e-14
2.999999999995672795e-02 1.813415647134175641e-14
3.499999999995662137e-02 1.814711083183628656e-14
3.999999999995651478e-02 1.822998404879676912e-14
4.499999999995640820e-02 1.840283006137942514e-14
4.999999999995630162e-02 1.870106561640029752e-14
5.499999999995619504e-02 1.917888698386140637e-14
5.999999999995608846e-02 1.989824850247342497e-14
6.499999999995598188e-02 2.090960445882501179e-14
6.999999999995587530e-02 2.224760941343867894e-14
7.499999999995576871e-02 2.394536001839472550e-14
7.999999999995566213e-02 2.605401420445269693e-14
8.499999999995555555e-02 2.865430565331043504e-14
8.999999999995544897e-02 3.184894552822772949e-14
9.499999999995534239e-02 3.574354299751446382e-14
9.999999999995523581e-02 4.043908919317829288e-14
1.049999999999551292e-01 4.603323299012542319e-14
1.099999999999550226e-01 5.260536261277616843e-14
1.149999999999549161e-01 6.019130790669413624e-14
1.199999999999548095e-01 6.878333049060252222e-14
1.249999999999547029e-01 7.836435875365183853e-14
1.299999999999545963e-01 8.894184168351240689e-14
1.349999999999544897e-01 1.005468440482855938e-13
1.399999999999543832e-01 1.132063175534746987e-13
1.449999999999542766e-01 1.269257506390912984e-13
1.499999999999541700e-01 1.416955697465854337e-13
1.549999999999540634e-01 1.574942940673273121e-13
1.599999999999539568e-01 1.742686368914248558e-13
1.649999999999538502e-01 1.919147906813669020e-13
1.699999999999537437e-01 2.102974631168293723e-13
1.749999999999536371e-01 2.292993808952026651e-13
1.799999999999535305e-01 2.488490759504912760e-13
1.849999999999534239e-01 2.688937280827242849e-13
1.899999999999533173e-01 2.893490691833754846e-13
1.949999999999532108e-01 3.100866525876181882e-13
1.999999999999531042e-01 3.309734801322144325e-13
2.049999999999529976e-01 3.519152601752500561e-13
2.099999999999528910e-01 3.728549737136096622e-13
2.149999999999527844e-01 3.937457549473640465e-13
2.199999999999526779e-01 4.145496492412021780e-13
2.249999999999525713e-01 4.352611224160118116e-13
2.299999999999524647e-01 4.559123740745083667e-13
2.349999999999523581e-01 4.765562422914955888e-13
2.399999999999522515e-01 4.972584530641830997e-13
2.449999999999521449e-01 5.180981567532943981e-13
2.499999999999520384e-01 5.391523599239307957e-13
2.549999999999519318e-01 5.604745822732390310e-13
2.599999999999518252e-01 5.820984129298083838e-13
2.649999999999517186e-01 6.040669315756175635e-13
2.699999999999516120e-01 6.264590189721815783e-13
2.749999999999515055e-01 6.493886764669960974e-13
2.799999999999513989e-01 6.729786825863710379e-13
2.849999999999512923e-01 6.973285615884263627e-13
2.899999999999511857e-01 7.224972529429335594e-13
2.949999999999510791e-01 7.485079339549121329e-13
2.999999999999509726e-01 7.753708134571957157e-13
3.049999999999508660e-01 8.031116410144542785e-13
3.099999999999507594e-01 8.317856917163476572e-13
3.149999999999506528e-01 8.614640820548259151e-13
3.199999999999505462e-01 8.922037499212318664e-13
3.249999999999504396e-01 9.240259540068543411e-13
3.299999999999503331e-01 9.569160011474671662e-13
3.349999999999502265e-01 9.908386708716488875e-13
3.399999999999501199e-01 1.025758640620310542e-12
3.449999999999500133e-01 1.061656413091307810e-12
3.499999999999499067e-01 1.098530844395109443e-12
3.549999999999498002e-01 1.136388915738081858e-12
3.599999999999496936e-01 1.175236857161340940e-12
3.649999999999495870e-01 1.215082213579546605e-12
3.699999999999494804e-01 1.255939708744431224e-12
3.749999999999493738e-01 1.297832677016784537e-12
3.799999999999492672e-01 1.340793083668699685e-12
3.849999999999491607e-01 1.384861452733335179e-12
3.899999999999490541e-01 1.430079058990288580e-12
3.949999999999489475e-01 1.476472445536162707e-12
3.999999999999488409e-01 1.524045734077641106e-12
4.049999999999487343e-01 1.572790924489525897e-12
4.099999999999486278e-01 1.622704600604926282e-12
4.149999999999485212e-01 1.673792762252827951e-12
4.199999999999484146e-01 1.726063113356063673e-12
4.249999999999483080e-01 1.779520574209600049e-12
4.299999999999482014e-01 1.834175359240682118e-12
4.349999999999480949e-01 1.890054590798625265e-12
4.399999999999479883e-01 1.947203419321104173e-12
4.449999999999478817e-01 2.005674104090572332e-12
4.499999999999477751e-01 2.065512059966975590e-12
4.549999999999476685e-01 2.126744919615154681e-12
4.599999999999475619e-01 2.189375183616732109e-12
4.649999999999474554e-01 2.253380784463477211e-12
4.699999999999473488e-01 2.318731551120619948e-12
4.749999999999472422e-01 2.385417163936080586e-12
4.799999999999471356e-01 2.453463874987193790e-12
4.849999999999470290e-01 2.522922650107458993e-12
4.899999999999469225e-01 2.593842037170425624e-12
4.949999999999468159e-01 2.666256876644882378e-12
4.999999999999467093e-01 2.740203189493040592e-12
5.049999999999466027e-01 2.815735330917551555e-12
5.099999999999464961e-01 2.892917321481844372e-12
5.149999999999463896e-01 2.971792126034162989e-12
5.199999999999462830e-01 3.052361957657355168e-12
5.249999999999461764e-01 3.134603821110587247e-12
5.299999999999460698e-01 3.218508053620537906e-12
5.349999999999459632e-01 3.304105282076866024e-12
5.399999999999458566e-01 3.391459992012528092e-12
5.449999999999457501e-01 3.480639390632975701e-12
5.499999999999456435e-01 3.571686621002716910e-12
5.549999999999455369e-01 3.664622032411054569e-12
5.599999999999454303e-01 3.759467696182971650e-12
5.649999999999453237e-01 3.856264814076011227e-12
5.699999999999452172e-01 3.955061493706588533e-12
5.749999999999451106e-01 4.055883092792882813e-12
5.799999999999450040e-01 4.158717725478291112e-12
5.849999999999448974e-01 4.263532672660964699e-12
5.899999999999447908e-01 4.370306319800492196e-12
5.949999999999446842e-01 4.479049841195951111e-12
5.999999999999445777e-01 4.589807446613566951e-12
6.049999999999444711e-01 4.702641637040254772e-12
6.099999999999443645e-01 4.817616281140211462e-12
6.149999999999442579e-01 4.934788219061296378e-12
6.199999999999441513e-01 5.054210713704468813e-12
6.249999999999440448e-01 5.175940511247115155e-12
6.299999999999439382e-01 5.300034795564859029e-12
6.349999999999438316e-01 5.426535321682974387e-12
6.399999999999437250e-01 5.555455018098309299e-12
6.449999999999436184e-01 5.686785244414386910e-12
6.499999999999435119e-01 5.820523294284671297e-12
6.549999999999434053e-01 5.956698289413690904e-12
6.599999999999432987e-01 6.095372457976759028e-12
6.649999999999431921e-01 6.236616582892043970e-12
6.699999999999430855e-01 6.380482095063778986e-12
6.749999999999429789e-01 6.526994885747997367e-12
6.799999999999428724e-01 6.676175584474837538e-12
6.849999999999427658e-01 6.828067074394529977e-12
6.899999999999426592e-01 6.982743697944240807e-12
6.949999999999425526e-01 7.140293291326005118e-12
6.999999999999424460e-01 7.300787278863564828e-12
7.049999999999423395e-01 7.464262667540566291e-12
7.099999999999422329e-01 7.630726803042102015e-12
7.149999999999421263e-01 7.800177233123551372e-12
7.199999999999420197e-01 7.972621793092570779e-12
7.249999999999419131e-01 8.148088782859887920e-12
7.299999999999418065e-01 8.326625358671464189e-12
7.349999999999417000e-01 8.508288367739302377e-12
7.399999999999415934e-01 8.693134249884740143e-12
7.449999999999414868e-01 8.881213794708807190e-12
7.499999999999413802e-01 9.072574478616392988e-12
7.549999999999412736e-01 9.267267487011404966e-12
7.599999999999411671e-01 9.465350752189116003e-12
7.649999999999410605e-01 9.666881537377548776e-12
7.699999999999409539e-01 9.871904148437040156e-12
7.749999999999408473e-01 1.008044664395311263e-11
7.799999999999407407e-01 1.029253156922531731e-11
7.849999999999406342e-01 1.050818847831771138e-11
7.899999999999405276e-01 1.072745399966761413e-11
7.949999999999404210e-01 1.095036381336660375e-11
7.999999999999403144e-01 1.117695430533947833e-11
8.049999999999402078e-01 1.140727774175107680e-11
8.099999999999401012e-01 1.164141171612217377e-11
8.149999999999399947e-01 1.187944643967111747e-11
8.199999999999398881e-01 1.212146032868044453e-11
8.249999999999397815e-01 1.236750832361150981e-11
8.299999999999396749e-01 1.261763083519295319e-11
8.349999999999395683e-01 1.287186830101695797e-11
8.399999999999394618e-01 1.313026530943289191e-11
8.449999999999393552e-01 1.339286571905788104e-11
8.499999999999392486e-01 1.365971217710489739e-11
8.549999999999391420e-01 1.393085587215663563e-11
8.599999999999390354e-01 1.420636572633286275e-11
8.649999999999389289e-01 1.448632218432870915e-11
8.699999999999388223e-01 1.477079572584029028e-11
8.749999999999387157e-01 1.505982760614125856e-11
8.799999999999386091e-01 1.535343054888959268e-11
8.849999999999385025e-01 1.565161077351897414e-11
8.899999999999383959e-01 1.595439600432757154e-11
8.949999999999382894e-01 1.626184992039322253e-11
8.999999999999381828e-01 1.657406350816325862e-11
9.049999999999380762e-01 1.689113029753626104e-11
9.099999999999379696e-01 1.721312320465395834e-11
9.149999999999378630e-01 1.754008755344087630e-11
9.199999999999377565e-01 1.787205221414924186e-11
9.249999999999376499e-01 1.820904991380182375e-11
9.299999999999375433e-01 1.855113365111694911e-11
9.349999999999374367e-01 1.889837860002572509e-11
9.399999999999373301e-01 1.925086816081137024e-11
9.449999999999372235e-01 1.960867567029868621e-11
9.499999999999371170e-01 1.997185789681858873e-11
9.549999999999370104e-01 2.034046621451363216e-11
9.599999999999369038e-01 2.071456492741300838e-11
9.649999999999367972e-01 2.109423930877966876e-11
9.699999999999366906e-01 2.147958568656910687e-11
9.749999999999365841e-01 2.187069270611742101e-11
9.799999999999364775e-01 2.226763090047859206e-11
9.849999999999363709e-01 2.267045937131111572e-11
9.899999999999362643e-01 2.307924303438090129e-11
9.949999999999361577e-01 2.349406487842476618e-11
9.999999999999360512e-01 2.391502289121183210e-11
1.004999999999935945e+00 1.098362375429454965e-03
1.009999999999935838e+00 2.159572666580723138e-03
1.014999999999935731e+00 3.184507516609424559e-03
1.019999999999935625e+00 4.174027428532682722e-03
1.024999999999935518e+00 5.128976988521411796e-03
1.029999999999935412e+00 6.050185065874884131e-03
1.034999999999935305e+00 6.938465013429879168e-03
1.039999999999935199e+00 7.794614868262557394e-03
1.044999999999935092e+00 8.619417552547697578e-03
1.049999999999934985e+00 9.413641074446045184e-03
1.054999999999934879e+00 1.017803872889651642e-02
1.059999999999934772e+00 1.091334929819588045e-02
1.064999999999934666e+00 1.162029725225392426e-02
1.069999999999934559e+00 1.229959294841775214e-02
1.074999999999934452e+00 1.295193283076380257e-02
1.079999999999934346e+00 1.357799962876148243e-02
1.084999999999934239e+00 1.417846255521681108e-02
1.089999999999934133e+00 1.475397750340950304e-02
1.094999999999934026e+00 1.530518724334116801e-02
1.099999999999933920e+00 1.583272161701677547e-02
1.104999999999933813e+00 1.633719773268552458e-02
1.109999999999933706e+00 1.681922015797190917e-02
1.114999999999933600e+00 1.727938111183077025e-02
1.119999999999933493e+00 1.771826065526431460e-02
1.124999999999933387e+00 1.813642688074322551e-02
1.129999999999933280e+00 1.853443610027641700e-02
1.134999999999933173e+00 1.891283303207814959e-02
1.139999999999933067e+00 1.927215098578412625e-02
1.144999999999932960e+00 1.961291204617140668e-02
1.149999999999932854e+00 1.993562725533980923e-02
1.154999999999932747e+00 2.024079679331557483e-02
1.159999999999932641e+00 2.052891015704067998e-02
1.164999999999932534e+00 2.080044633771382240e-02
1.169999999999932427e+00 2.105587399645178145e-02
1.174999999999932321e+00 2.129565163824232235e-02
1.179999999999932214e+00 2.152022778416192578e-02
1.184999999999932108e+00 2.173004114183421306e-02
1.189999999999932001e+00 2.192552077410693870e-02
1.194999999999931894e+00 2.210708626592753148e-02
1.199999999999931788e+00 2.227514788939919180e-02
1.204999999999931681e+00 2.243010676700140510e-02
1.209999999999931575e+00 2.257235503296076140e-02
1.214999999999931468e+00 2.270227599275947278e-02
1.219999999999931362e+00 2.282024428077094463e-02
1.224999999999931255e+00 2.292662601601304709e-02
1.229999999999931148e+00 2.302177895601165494e-02
1.234999999999931042e+00 2.310605264876827714e-02
1.239999999999930935e+00 2.317978858282699131e-02
1.244999999999930829e+00 2.324332033543738060e-02
1.249999999999930722e+00 2.329697371881146381e-02
1.254999999999930616e+00 2.334106692447365100e-02
1.259999999999930509e+00 2.337591066570422413e-02
1.264999999999930402e+00 2.340180831807772005e-02
1.269999999999930296e+00 2.341905605809875904e-02
1.274999999999930189e+00 2.342794299993898599e-02
1.279999999999930083e+00 2.342875133027955137e-02
1.284999999999929976e+00 2.342175644126462397e-02
1.289999999999929869e+00 2.340722706157229507e-02
1.294999999999929763e+00 2.338542538561007300e-02
1.299999999999929656e+00 2.335660720084276748e-02
1.304999999999929550e+00 2.332102201326179819e-02
1.309999999999929443e+00 2.327891317100491339e-02
1.314999999999929337e+00 2.323051798613682065e-02
1.319999999999929230e+00 2.317606785460120389e-02
1.324999999999929123e+00 2.311578837435553091e-02
1.329999999999929017e+00 2.304989946170050638e-02
1.334999999999928910e+00 2.297861546581670897e-02
1.339999999999928804e+00 2.290214528152113155e-02
1.344999999999928697e+00 2.282069246025714496e-02
1.349999999999928590e+00 2.273445531933174918e-02
1.354999999999928484e+00 2.264362704941421875e-02
1.359999999999928377e+00 2.254839582031083547e-02
1.364999999999928271e+00 2.244894488503069649e-02
1.369999999999928164e+00 2.234545268215791178e-02
1.374999999999928058e+00 2.223809293654570654e-02
1.379999999999927951e+00 2.212703475834849887e-02
1.384999999999927844e+00 2.201244274040793647e-02
1.389999999999927738e+00 2.189447705400944522e-02
1.394999999999927631e+00 2.177329354302582481e-02
1.399999999999927525e+00 2.164904381646462136e-02
1.404999999999927418e+00 2.152187533943663092e-02
1.409999999999927311e+00 2.139193152256215272e-02
1.414999999999927205e+00 2.125935180983275566e-02
1.419999999999927098e+00 2.112427176494583586e-02
1.424999999999926992e+00 2.098682315612942009e-02
1.429999999999926885e+00 2.084713403947497171e-02
1.434999999999926779e+00 2.070532884079585509e-02
1.439999999999926672e+00 2.056152843602929159e-02
1.444999999999926565e+00 2.041585023019960518e-02
1.449999999999926459e+00 2.026840823496062899e-02
1.454999999999926352e+00 2.011931314473524440e-02
1.459999999999926246e+00 1.996867241146991351e-02
1.464999999999926139e+00 1.981659031802212451e-02
1.469999999999926033e+00 1.966316805019874964e-02
1.474999999999925926e+00 1.950850376746310691e-02
1.479999999999925819e+00 1.935269267232868351e-02
1.484999999999925713e+00 1.919582707845741282e-02
1.489999999999925606e+00 1.903799647748006044e-02
1.494999999999925500e+00 1.887928760455680893e-02
1.499999999999925393e+00 1.871978450269545791e-02
1.504999999999925286e+00 1.855956858584493357e-02
1.509999999999925180e+00 1.839871870078173266e-02
1.514999999999925073e+00 1.823731118780655067e-02
1.519999999999924967e+00 1.807541994026871934e-02
1.524999999999924860e+00 1.791311646293550219e-02
1.529999999999924754e+00 1.775046992922355363e-02
1.534999999999924647e+00 1.758754723730953165e-02
1.539999999999924540e+00 1.742441306513681926e-02
1.544999999999924434e+00 1.726112992433527851e-02
1.549999999999924327e+00 1.709775821307061086e-02
1.554999999999924221e+00 1.693435626783997699e-02
1.559999999999924114e+00 1.677098041423039435e-02
1.564999999999924007e+00 1.660768501665610408e-02
1.569999999999923901e+00 1.644452252709119669e-02
1.574999999999923794e+00 1.628154353281351802e-02
1.579999999999923688e+00 1.611879680317572505e-02
1.584999999999923581e+00 1.595632933541925313e-02
1.589999999999923475e+00 1.579418639954689729e-02
1.594999999999923368e+00 1.563241158226932881e-02
1.599999999999923261e+00 1.547104683004087329e-02
1.604999999999923155e+00 1.531013249119987131e-02
1.609999999999923048e+00 1.514970735722832862e-02
1.614999999999922942e+00 1.498980870314589077e-02
1.619999999999922835e+00 1.483047232705281097e-02
1.624999999999922728e+00 1.467173258883630246e-02
1.629999999999922622e+00 1.451362244805475335e-02
1.634999999999922515e+00 1.435617350101385699e-02
1.639999999999922409e+00 1.419941601704881838e-02
1.644999999999922302e+00 1.404337897402638084e-02
1.649999999999922196e+00 1.388809009308043102e-02
1.654999999999922089e+00 1.373357587259466280e-02
1.659999999999921982e+00 1.357986162144565571e-02
1.664999999999921876e+00 1.342697149151961949e-02
1.669999999999921769e+00 1.327492850951572829e-02
1.674999999999921663e+00 1.312375460804897018e-02
1.679999999999921556e+00 1.297347065606519433e-02
1.684999999999921450e+00 1.282409648858086164e-02
1.689999999999921343e+00 1.267565093575980135e-02
1.694999999999921236e+00 1.252815185133930066e-02
1.699999999999921130e+00 1.238161614041738065e-02
1.704999999999921023e+00 1.223605978661325942e-02
1.709999999999920917e+00 1.209149787861260074e-02
1.714999999999920810e+00 1.194794463610909102e-02
1.719999999999920703e+00 1.180541343515376443e-02
1.724999999999920597e+00 1.166391683292322158e-02
1.729999999999920490e+00 1.152346659191778866e-02
1.734999999999920384e+00 1.138407370360050748e-02
1.739999999999920277e+00 1.124574841148767712e-02
1.744999999999920171e+00 1.110850023370151332e-02
1.749999999999920064e+00 1.097233798499528019e-02
1.754999999999919957e+00 1.083726979826121067e-02
1.759999999999919851e+00 1.070330314553124933e-02
1.764999999999919744e+00 1.057044485848055923e-02
1.769999999999919638e+00 1.043870114844362360e-02
1.774999999999919531e+00 1.030807762595247444e-02
1.779999999999919424e+00 1.017857931980663613e-02
1.784999999999919318e+00 1.005021069568401600e-02
1.789999999999919211e+00 9.922975674301991525e-03
1.794999999999919105e+00 9.796877649137673144e-03
1.799999999999918998e+00 9.671919503716265923e-03
1.804999999999918892e+00 9.548103628476290600e-03
1.809999999999918785e+00 9.425431937220171003e-03
1.814999999999918678e+00 9.303905883158748724e-03
1.819999999999918572e+00 9.183526474558003153e-03
1.824999999999918465e+00 9.064294289996161283e-03
1.829999999999918359e+00 8.946209493239213467e-03
1.834999999999918252e+00 8.829271847742790544e-03
1.839999999999918145e+00 8.713480730788139214e-03
1.844999999999918039e+00 8.598835147259856204e-03
1.849999999999917932e+00 8.485333743072880422e-03
1.854999999999917826e+00 8.372974818256126092e-03
1.859999999999917719e+00 8.261756339700023627e-03
1.864999999999917613e+00 8.151675953575075392e-03
1.869999999999917506e+00 8.042730997428431186e-03
1.874999999999917399e+00 7.934918511965378951e-03
1.879999999999917293e+00 7.828235252522510942e-03
1.884999999999917186e+00 7.722677700239137348e-03
1.889999999999917080e+00 7.618242072933579211e-03
1.894999999999916973e+00 7.514924335690642034e-03
1.899999999999916866e+00 7.412720211166585332e-03
1.904999999999916760e+00 7.311625189617814921e-03
1.909999999999916653e+00 7.211634538659267984e-03
1.914999999999916547e+00 7.112743312758478334e-03
1.919999999999916440e+00 7.014946362471208632e-03
1.924999999999916334e+00 6.918238343424283968e-03
1.929999999999916227e+00 6.822613725051353099e-03
1.934999999999916120e+00 6.728066799087020940e-03
1.939999999999916014e+00 6.634591687824787157e-03
1.944999999999915907e+00 6.542182352144165075e-03
1.949999999999915801e+00 6.450832599312086163e-03
1.954999999999915694e+00 6.360536090563811626e-03
1.959999999999915588e+00 6.271286348468303740e-03
1.964999999999915481e+00 6.183076764083006958e-03
1.969999999999915374e+00 6.095900603902856124e-03
1.974999999999915268e+00 6.009751016608245837e-03
1.979999999999915161e+00 5.924621039616632598e-03
1.984999999999915055e+00 5.840503605442260056e-03
1.989999999999914948e+00 5.757391547868545394e-03
1.994999999999914841e+00 5.675277607937440245e-03
