-2.000000000000000000e+00 1.122047977155738467e-16
-1.995000000000000107e+00 1.163873283452101192e-16
-1.990000000000000213e+00 1.206359544184224912e-16
-1.985000000000000320e+00 1.249527537474482926e-16
-1.980000000000000426e+00 1.293398491585458612e-16
-1.975000000000000533e+00 1.337994098340238949e-16
-1.970000000000000639e+00 1.383336526882384128e-16
-1.965000000000000746e+00 1.429448437783892078e-16
-1.960000000000000853e+00 1.476352997509719724e-16
-1.955000000000000959e+00 1.524073893247608728e-16
-1.950000000000001066e+00 1.572635348112224990e-16
-1.945000000000001172e+00 1.622062136732829253e-16
-1.940000000000001279e+00 1.672379601233931341e-16
-1.935000000000001386e+00 1.723613667618651975e-16
-1.930000000000001492e+00 1.775790862564722439e-16
-1.925000000000001599e+00 1.828938330643350433e-16
-1.920000000000001705e+00 1.883083851971415832e-16
-1.915000000000001812e+00 1.938255860307734511e-16
-1.910000000000001918e+00 1.994483461604412561e-16
-1.905000000000002025e+00 2.051796453024589129e-16
-1.900000000000002132e+00 2.110225342438150324e-16
-1.895000000000002238e+00 2.141116427768912056e-16
-1.890000000000002345e+00 2.173197211983018527e-16
-1.885000000000002451e+00 2.206496322471586790e-16
-1.880000000000002558e+00 2.241043170797607250e-16
-1.875000000000002665e+00 2.276867968864832440e-16
-1.870000000000002771e+00 2.314001745622464811e-16
-1.865000000000002878e+00 2.352476364316146225e-16
-1.860000000000002984e+00 2.392324540296056304e-16
-1.855000000000003091e+00 2.433579859393288182e-16
-1.850000000000003197e+00 2.476276796876011382e-16
-1.845000000000003304e+00 2.520450736997260157e-16
-1.840000000000003411e+00 2.566137993146595353e-16
-1.835000000000003517e+00 2.613375828618203864e-16
-1.830000000000003624e+00 2.662202478008397678e-16
-1.825000000000003730e+00 2.712657169255888612e-16
-1.820000000000003837e+00 2.764780146338529428e-16
-1.815000000000003944e+00 2.818612692640709977e-16
-1.810000000000004050e+00 2.874197155005925886e-16
-1.805000000000004157e+00 2.931576968489494320e-16
-1.800000000000004263e+00 2.990796681826826740e-16
-1.795000000000004370e+00 3.045563277495314790e-16
-1.790000000000004476e+00 3.102543775837808869e-16
-1.785000000000004583e+00 3.161772553820274327e-16
-1.780000000000004690e+00 3.223285173852694744e-16
-1.775000000000004796e+00 3.287118405745784117e-16
-1.770000000000004903e+00 3.353310249564339049e-16
-1.765000000000005009e+00 3.421899959391001507e-16
-1.760000000000005116e+00 3.492928068014656793e-16
-1.755000000000005222e+00 3.566436412558191293e-16
-1.750000000000005329e+00 3.642468161060858210e-16
-1.745000000000005436e+00 3.721067840030948129e-16
-1.740000000000005542e+00 3.802281362985038602e-16
-1.735000000000005649e+00 3.886156059990559941e-16
-1.730000000000005755e+00 3.972740708228966062e-16
-1.725000000000005862e+00 4.062085563597343596e-16
-1.720000000000005969e+00 4.154242393366815544e-16
-1.715000000000006075e+00 4.249264509916654896e-16
-1.710000000000006182e+00 4.347206805563596521e-16
-1.705000000000006288e+00 4.448125788506399684e-16
-1.700000000000006395e+00 4.552079619906296808e-16
-1.695000000000006501e+00 4.646583690523393619e-16
-1.690000000000006608e+00 4.743921306610121061e-16
-1.685000000000006715e+00 4.844113895282040481e-16
-1.680000000000006821e+00 4.947184515016362386e-16
-1.675000000000006928e+00 5.053157867775237754e-16
-1.670000000000007034e+00 5.162060312179964901e-16
-1.665000000000007141e+00 5.273919877741513650e-16
-1.660000000000007248e+00 5.388766280153690494e-16
-1.655000000000007354e+00 5.506630937656105647e-16
-1.650000000000007461e+00 5.627546988475161901e-16
-1.645000000000007567e+00 5.751549309352083960e-16
-1.640000000000007674e+00 5.878674535168104389e-16
-1.635000000000007780e+00 6.008961079677663868e-16
-1.630000000000007887e+00 6.142449157361658848e-16
-1.625000000000007994e+00 6.279180806413544728e-16
-1.620000000000008100e+00 6.419199912872207133e-16
-1.615000000000008207e+00 6.562552235916373669e-16
-1.610000000000008313e+00 6.709285434336450873e-16
-1.605000000000008420e+00 6.859449094200507252e-16
-1.600000000000008527e+00 7.013094757732329264e-16
-1.595000000000008633e+00 7.272683114054690926e-16
-1.590000000000008740e+00 7.536038638105586359e-16
-1.585000000000008846e+00 7.803316285138116958e-16
-1.580000000000008953e+00 8.074673505495377313e-16
-1.575000000000009059e+00 8.350270329115637464e-16
-1.570000000000009166e+00 8.630269451338895172e-16
-1.565000000000009273e+00 8.914836320067268333e-16
-1.560000000000009379e+00 9.204139224332783271e-16
-1.555000000000009486e+00 9.498349384327156004e-16
-1.550000000000009592e+00 9.797641042949281725e-16
-1.545000000000009699e+00 1.010219155892713289e-15
-1.540000000000009805e+00 1.041218150157203140e-15
-1.535000000000009912e+00 1.072779474722435490e-15
-1.530000000000010019e+00 1.104921857745096595e-15
-1.525000000000010125e+00 1.137664377905597796e-15
-1.520000000000010232e+00 1.171026474596770063e-15
-1.515000000000010338e+00 1.205027958306603326e-15
-1.510000000000010445e+00 1.239689021201587817e-15
-1.505000000000010552e+00 1.275030247917374361e-15
-1.500000000000010658e+00 1.311072626563597200e-15
-1.495000000000010765e+00 1.329510420848800239e-15
-1.490000000000010871e+00 1.348792415182249679e-15
-1.485000000000010978e+00 1.368933843558165435e-15
-1.480000000000011084e+00 1.389950610791390707e-15
-1.475000000000011191e+00 1.411859300283040293e-15
-1.470000000000011298e+00 1.434677182278926058e-15
-1.465000000000011404e+00 1.458422222625568448e-15
-1.460000000000011511e+00 1.483113092028868985e-15
-1.455000000000011617e+00 1.508769175820849818e-15
-1.450000000000011724e+00 1.535410584240144849e-15
-1.445000000000011831e+00 1.563058163232272695e-15
-1.440000000000011937e+00 1.591733505776030173e-15
-1.435000000000012044e+00 1.621458963742658183e-15
-1.430000000000012150e+00 1.652257660294790594e-15
-1.425000000000012257e+00 1.684153502832497105e-15
-1.420000000000012363e+00 1.717171196494086419e-15
-1.415000000000012470e+00 1.751336258219686737e-15
-1.410000000000012577e+00 1.786675031385948326e-15
-1.405000000000012683e+00 1.823214701020579961e-15
-1.400000000000012790e+00 1.860983309605799021e-15
-1.395000000000012896e+00 1.933665665123064386e-15
-1.390000000000013003e+00 2.007620108022795922e-15
-1.385000000000013110e+00 2.082883188528209442e-15
-1.380000000000013216e+00 2.159492218366711524e-15
-1.375000000000013323e+00 2.237485295350100864e-15
-1.370000000000013429e+00 2.316901328467451912e-15
-1.365000000000013536e+00 2.397780063505714501e-15
-1.360000000000013642e+00 2.480162109213504562e-15
-1.355000000000013749e+00 2.564088964023857213e-15
-1.350000000000013856e+00 2.649603043352087463e-15
-1.345000000000013962e+00 2.736747707485267398e-15
-1.340000000000014069e+00 2.825567290080163626e-15
-1.335000000000014175e+00 2.916107127286907067e-15
-1.330000000000014282e+00 3.008413587516031679e-15
-1.325000000000014388e+00 3.102534101866919795e-15
-1.320000000000014495e+00 3.198517195236144987e-15
-1.315000000000014602e+00 3.296412518124595803e-15
-1.310000000000014708e+00 3.396270879162731931e-15
-1.305000000000014815e+00 3.498144278373779514e-15
-1.300000000000014921e+00 3.602085941195136958e-15
-1.295000000000015028e+00 3.710337923399999808e-15
-1.290000000000015135e+00 3.820554810081640053e-15
-1.285000000000015241e+00 3.932812508645780276e-15
-1.280000000000015348e+00 4.047188210042128846e-15
-1.275000000000015454e+00 4.163760437229865586e-15
-1.270000000000015561e+00 4.282609094547264593e-15
-1.265000000000015667e+00 4.403815518017628690e-15
-1.260000000000015774e+00 4.527462526624618753e-15
-1.255000000000015881e+00 4.653634474590480838e-15
-1.250000000000015987e+00 4.782417304691605684e-15
-1.245000000000016094e+00 4.913898602646371850e-15
-1.240000000000016200e+00 5.048167652611089142e-15
-1.235000000000016307e+00 5.185315493820529528e-15
-1.230000000000016414e+00 5.325434978410341274e-15
-1.225000000000016520e+00 5.468620830459417556e-15
-1.220000000000016627e+00 5.614969706291125350e-15
-1.215000000000016733e+00 5.764580256073097980e-15
-1.210000000000016840e+00 5.917553186756199522e-15
-1.205000000000016946e+00 6.073991326394103071e-15
-1.200000000000017053e+00 6.233999689885877845e-15
-1.195000000000017160e+00 6.337643402596088732e-15
-1.190000000000017266e+00 6.445194951030780101e-15
-1.185000000000017373e+00 6.556722225914458772e-15
-1.180000000000017479e+00 6.672295537525001750e-15
-1.175000000000017586e+00 6.791987651896292814e-15
-1.170000000000017693e+00 6.915873828675673924e-15
-1.165000000000017799e+00 7.044031860657164383e-15
-1.160000000000017906e+00 7.176542115011977345e-15
-1.155000000000018012e+00 7.313487576238776764e-15
-1.150000000000018119e+00 7.454953890856894112e-15
-1.145000000000018225e+00 7.601029413866786010e-15
-1.140000000000018332e+00 7.751805257002729400e-15
-1.135000000000018439e+00 7.907375338803803240e-15
-1.130000000000018545e+00 8.067836436530189406e-15
-1.125000000000018652e+00 8.233288239952644327e-15
-1.120000000000018758e+00 8.403833407044111470e-15
-1.115000000000018865e+00 8.579577621603514513e-15
-1.110000000000018971e+00 8.760629652842559880e-15
-1.105000000000019078e+00 8.947101416967754678e-15
-1.100000000000019185e+00 9.139108040790728014e-15
-1.095000000000019291e+00 9.394993942203208168e-15
-1.090000000000019398e+00 9.656214626654734290e-15
-1.085000000000019504e+00 9.922946167565687213e-15
-1.080000000000019611e+00 1.019536801193479596e-14
-1.075000000000019718e+00 1.047366308762262736e-14
-1.070000000000019824e+00 1.075801791230247358e-14
-1.065000000000019931e+00 1.104862270413595470e-14
-1.060000000000020037e+00 1.134567149423200067e-14
-1.055000000000020144e+00 1.164936224094894999e-14
-1.050000000000020250e+00 1.195989694610055947e-14
-1.045000000000020357e+00 1.227748177312802572e-14
-1.040000000000020464e+00 1.260232716730119988e-14
-1.035000000000020570e+00 1.293464797801352284e-14
-1.030000000000020677e+00 1.327466358323638980e-14
-1.025000000000020783e+00 1.362259801620013481e-14
-1.020000000000020890e+00 1.397868009436997719e-14
-1.015000000000020997e+00 1.434314355078693209e-14
-1.010000000000021103e+00 1.471622716784487798e-14
-1.005000000000021210e+00 1.509817491357674471e-14
-1.000000000000021316e+00 1.548923608052403787e-14
-9.950000000000214229e-01 1.533275945091297988e-14
-9.900000000000215294e-01 1.516166481705425636e-14
-9.850000000000216360e-01 1.499066115636017241e-14
-9.800000000000217426e-01 1.484005313421189368e-14
-9.750000000000218492e-01 1.473019201734183307e-14
-9.700000000000219558e-01 1.467656152956227303e-14
-9.650000000000220624e-01 1.468728839042532143e-14
-9.600000000000221689e-01 1.476269214868735565e-14
-9.550000000000222755e-01 1.489562388188058813e-14
-9.500000000000223821e-01 1.507221537176507888e-14
-9.450000000000224887e-01 1.527392679401104439e-14
-9.400000000000225953e-01 1.548176333796396138e-14
-9.350000000000227018e-01 1.568182884969789750e-14
-9.300000000000228084e-01 1.586941124191271141e-14
-9.250000000000229150e-01 1.604863145963533362e-14
-9.200000000000230216e-01 1.622710600539806892e-14
-9.150000000000231282e-01 1.640858401163381352e-14
-9.100000000000232347e-01 1.658838112385363578e-14
-9.050000000000233413e-01 1.675480005981831114e-14
-9.000000000000234479e-01 1.689543369746226703e-14
-8.950000000000235545e-01 1.700368504650080009e-14
-8.900000000000236611e-01 1.708120983079016387e-14
-8.850000000000237677e-01 1.713587124398879815e-14
-8.800000000000238742e-01 1.717822905026685671e-14
-8.750000000000239808e-01 1.721951112261069516e-14
-8.700000000000240874e-01 1.727170396606476370e-14
-8.650000000000241940e-01 1.734901359687705824e-14
-8.600000000000243006e-01 1.746993698538263046e-14
-8.550000000000244071e-01 1.765866337115239312e-14
-8.500000000000245137e-01 1.794367730778322455e-14
-8.450000000000246203e-01 1.835289499150929267e-14
-8.400000000000247269e-01 1.890845099647663129e-14
-8.350000000000248335e-01 1.962588087261030520e-14
-8.300000000000249401e-01 2.051881220745472906e-14
-8.250000000000250466e-01 2.160503402639589175e-14
-8.200000000000251532e-01 2.290929714572694150e-14
-8.150000000000252598e-01 2.446278442346878340e-14
-8.100000000000253664e-01 2.630245878823597415e-14
-8.050000000000254730e-01 2.847098408381186136e-14
-8.000000000000255795e-01 3.101347595351173024e-14
-7.950000000000256861e-01 3.396799578814573720e-14
-7.900000000000257927e-01 3.735285674062964973e-14
-7.850000000000258993e-01 4.115838509893189054e-14
-7.800000000000260059e-01 4.534827373976738277e-14
-7.750000000000261124e-01 4.986871028862164235e-14
-7.700000000000262190e-01 5.465885167354457687e-14
-7.650000000000263256e-01 5.965699143620692370e-14
-7.600000000000264322e-01 6.480057896350204595e-14
-7.550000000000265388e-01 7.002187809289603671e-14
-7.500000000000266454e-01 7.524332152914595060e-14
-7.450000000000267519e-01 8.037688702810445653e-14
-7.400000000000268585e-01 8.532901535742778483e-14
-7.350000000000269651e-01 9.000777746310473471e-14
-7.300000000000270717e-01 9.432667225334927467e-14
-7.250000000000271783e-01 9.820297126423599266e-14
-7.200000000000272848e-01 1.015548327483269296e-13
-7.150000000000273914e-01 1.043033215748210519e-13
-7.100000000000274980e-01 1.063803830258090146e-13
-7.050000000000276046e-01 1.077373490979389189e-13
-7.000000000000277112e-01 1.083479028475028553e-13
-6.950000000000278177e-01 1.082048830564992343e-13
-6.900000000000279243e-01 1.073156030500505803e-13
-6.850000000000280309e-01 1.057003497045142569e-13
-6.800000000000281375e-01 1.033944688221313651e-13
-6.750000000000282441e-01 1.004507619485108647e-13
-6.700000000000283507e-01 9.693902975936018904e-14
-6.650000000000284572e-01 9.294254734234614021e-14
-6.600000000000285638e-01 8.855361664565053263e-14
-6.550000000000286704e-01 8.386989456375115995e-14
-6.500000000000287770e-01 7.899116401991158598e-14
-6.450000000000288836e-01 7.401551678654951365e-14
-6.400000000000289901e-01 6.903525486735682932e-14
-6.350000000000290967e-01 6.413390642413947575e-14
-6.300000000000292033e-01 5.938492629419829550e-14
-6.250000000000293099e-01 5.485125818353652511e-14
-6.200000000000294165e-01 5.058490701601841150e-14
-6.150000000000295231e-01 4.662661341592110312e-14
-6.100000000000296296e-01 4.300604270012884987e-14
-6.050000000000297362e-01 3.974237066691277749e-14
-6.000000000000298428e-01 3.684480272842171867e-14
-5.950000000000299494e-01 3.431289533311001978e-14
-5.900000000000300560e-01 3.213703719832601762e-14
-5.850000000000301625e-01 3.029950591236965919e-14
-5.800000000000302691e-01 2.877614540491231697e-14
-5.750000000000303757e-01 2.753831438016189239e-14
-5.700000000000304823e-01 2.655468260168060874e-14
-5.650000000000305889e-01 2.579270106452751829e-14
-5.600000000000306954e-01 2.521983351458396856e-14
-5.550000000000308020e-01 2.480465442025159659e-14
-5.500000000000309086e-01 2.451777431669804522e-14
-5.450000000000310152e-01 2.433249127686191296e-14
-5.400000000000311218e-01 2.422514818566804522e-14
-5.350000000000312284e-01 2.417526578896873757e-14
-5.300000000000313349e-01 2.416553048019146241e-14
-5.250000000000314415e-01 2.418168256679523605e-14
-5.200000000000315481e-01 2.421233261226765310e-14
-5.150000000000316547e-01 2.424872930748408041e-14
-5.100000000000317613e-01 2.428449077691793086e-14
-5.050000000000318678e-01 2.431529739052523639e-14
-5.000000000000319744e-01 2.433854757232189048e-14
-4.950000000000320810e-01 2.435299828435278126e-14
-4.900000000000321876e-01 2.435842591147509813e-14
-4.850000000000322942e-01 2.435533514427600826e-14
-4.800000000000324007e-01 2.434472151909038246e-14
-4.750000000000325073e-01 2.432787649241298455e-14
-4.700000000000326139e-01 2.430622266283916195e-14
-4.650000000000327205e-01 2.428117798337317340e-14
-4.600000000000328271e-01 2.425405821170851243e-14
-4.550000000000329337e-01 2.422602295936753967e-14
-4.500000000000330402e-01 2.419805520360432784e-14
-4.450000000000331468e-01 2.417095545708490439e-14
-4.400000000000332534e-01 2.414533977142961914e-14
-4.350000000000333600e-01 2.412164332415187259e-14
-4.300000000000334666e-01 2.410013388682232854e-14
-4.250000000000335731e-01 2.408093443305093276e-14
-4.200000000000336797e-01 2.406405137608040572e-14
-4.150000000000337863e-01 2.404940516284882495e-14
-4.100000000000338929e-01 2.403685910770161907e-14
-4.050000000000339995e-01 2.402624203749373933e-14
-4.000000000000341061e-01 2.401736356657098059e-14
-3.950000000000342126e-01 2.401002465220265461e-14
-3.900000000000343192e-01 2.400402627132859437e-14
-3.850000000000344258e-01 2.399917680844109744e-14
-3.800000000000345324e-01 2.399529758444954437e-14
-3.750000000000346390e-01 2.399222638814626407e-14
-3.700000000000347455e-01 2.398981934208941319e-14
-3.650000000000348521e-01 2.398795142694079915e-14
-3.600000000000349587e-01 2.398651595199621396e-14
-3.550000000000350653e-01 2.398542332089604595e-14
-3.500000000000351719e-01 2.398459942165349445e-14
-3.450000000000352784e-01 2.398398385326388022e-14
-3.400000000000353850e-01 2.398352809777073725e-14
-3.350000000000354916e-01 2.398319371109104201e-14
-3.300000000000355982e-01 2.398295060952296598e-14
-3.250000000000357048e-01 2.398277551989982531e-14
-3.200000000000358114e-01 2.398265062789860077e-14
-3.150000000000359179e-01 2.398256242933489885e-14
-3.100000000000360245e-01 2.398250077935777272e-14
-3.050000000000361311e-01 2.398245812910770676e-14
-3.000000000000362377e-01 2.398242892531590061e-14
-2.950000000000363443e-01 2.398240913631692606e-14
-2.900000000000364508e-01 2.398239587260676731e-14
-2.850000000000365574e-01 2.398238708531504040e-14
-2.800000000000366640e-01 2.398238133475810721e-14
-2.750000000000367706e-01 2.398237761917399977e-14
-2.700000000000368772e-01 2.398237524982246752e-14
-2.650000000000369837e-01 2.398237375953344020e-14
-2.600000000000370903e-01 2.398237283572748311e-14
-2.550000000000371969e-01 2.398237227202904454e-14
-2.500000000000373035e-01 2.398237193398504730e-14
-2.450000000000374101e-01 2.398237173517499037e-14
-2.400000000000375167e-01 2.398237162080810728e-14
-2.350000000000376232e-01 2.398237155664987946e-14
-2.300000000000377298e-01 2.398237152166830963e-14
-2.250000000000378364e-01 2.398237150320335722e-14
-2.200000000000379430e-01 2.398237149381414856e-14
-2.150000000000380496e-01 2.398237148924204959e-14
-2.100000000000381561e-01 2.398237148712038610e-14
-2.050000000000382627e-01 2.398237148617853035e-14
-2.000000000000383693e-01 2.398237148576361792e-14
-1.950000000000384759e-01 2.398237148555973524e-14
-1.900000000000385825e-01 2.398237148542697310e-14
-1.850000000000386891e-01 2.398237148531192878e-14
-1.800000000000387956e-01 2.398237148520013142e-14
-1.750000000000389022e-01 2.398237148509211427e-14
-1.700000000000390088e-01 2.398237148499226657e-14
-1.650000000000391154e-01 2.398237148490436853e-14
-1.600000000000392220e-01 2.398237148483037653e-14
-1.550000000000393285e-01 2.398237148477041048e-14
-1.500000000000394351e-01 2.398237148472334388e-14
-1.450000000000395417e-01 2.398237148468736552e-14
-1.400000000000396483e-01 2.398237148466052847e-14
-1.350000000000397549e-01 2.398237148464098050e-14
-1.300000000000398614e-01 2.398237148462701766e-14
-1.250000000000399680e-01 2.398237148461719161e-14
-1.200000000000400746e-01 2.398237148461037900e-14
-1.150000000000401812e-01 2.398237148460571841e-14
-1.100000000000402878e-01 2.398237148460256612e-14
-1.050000000000403944e-01 2.398237148460048038e-14
-1.000000000000405009e-01 2.398237148459914562e-14
-9.500000000004060752e-02 2.398237148459832836e-14
-9.000000000004071410e-02 2.398237148459785189e-14
-8.500000000004082068e-02 2.398237148459754897e-14
-8.000000000004092726e-02 2.398237148459732493e-14
-7.500000000004103384e-02 2.398237148459715138e-14
-7.000000000004114042e-02 2.398237148459702201e-14
-6.500000000004124701e-02 2.398237148459688948e-14
-6.000000000004135359e-02 2.398237148459671278e-14
-5.500000000004146017e-02 2.398237148459652976e-14
-5.000000000004156675e-02 2.398237148459639408e-14
-4.500000000004167333e-02 2.398237148459632150e-14
-4.000000000004177991e-02 2.398237148459629310e-14
-3.500000000004188649e-02 2.398237148459627417e-14
-3.000000000004199308e-02 2.398237148459625524e-14
-2.500000000004209966e-02 2.398237148459624577e-14
-2.000000000004220624e-02 2.398237148459625208e-14
-1.500000000004231282e-02 2.398237148459626470e-14
-1.000000000004241940e-02 2.398237148459626470e-14
-5.000000000042525983e-03 2.398237148459626155e-14
-4.263256414560601115e-14 2.398237148459628048e-14
4.999999999957260854e-03 2.398237148459630257e-14
9.999999999957154273e-03 2.398237148459629626e-14
1.499999999995704769e-02 2.398237148459628048e-14
1.999999999995694111e-02 2.398237148459626786e-14
2.499999999995683453e-02 2.398237148459624893e-14
2.999999999995672795e-02 2.398237148459623630e-14
3.499999999995662137e-02 2.398237148459621737e-14
3.999999999995651478e-02 2.398237148459623630e-14
4.499999999995640820e-02 2.398237148459637199e-14
4.999999999995630162e-02 2.398237148459658971e-14
5.499999999995619504e-02 2.398237148459678851e-14
5.999999999995608846e-02 2.398237148459695259e-14
6.499999999995598188e-02 2.398237148459708827e-14
6.999999999995587530e-02 2.398237148459718925e-14
7.499999999995576871e-02 2.398237148459729338e-14
7.999999999995566213e-02 2.398237148459743537e-14
8.499999999995555555e-02 2.398237148459765310e-14
8.999999999995544897e-02 2.398237148459802229e-14
9.499999999995534239e-02 2.398237148459863129e-14
9.999999999995523581e-02 2.398237148459959370e-14
1.049999999999551292e-01 2.398237148460102627e-14
1.099999999999550226e-01 2.398237148460314673e-14
1.149999999999549161e-01 2.398237148460634635e-14
1.199999999999548095e-01 2.398237148461116786e-14
1.249999999999547029e-01 2.398237148461828654e-14
1.299999999999545963e-01 2.398237148462860169e-14
1.349999999999544897e-01 2.398237148464326504e-14
1.399999999999543832e-01 2.398237148466373755e-14
1.449999999999542766e-01 2.398237148469180838e-14
1.499999999999541700e-01 2.398237148472951909e-14
1.549999999999540634e-01 2.398237148477897436e-14
1.599999999999539568e-01 2.398237148484214003e-14
1.649999999999538502e-01 2.398237148492031299e-14
1.699999999999537437e-01 2.398237148501347746e-14
1.749999999999536371e-01 2.398237148511981906e-14
1.799999999999535305e-01 2.398237148523563962e-14
1.849999999999534239e-01 2.398237148535664142e-14
1.899999999999533173e-01 2.398237148548248682e-14
1.949999999999532108e-01 2.398237148562839138e-14
1.999999999999531042e-01 2.398237148585014649e-14
2.049999999999529976e-01 2.398237148629378293e-14
2.099999999999528910e-01 2.398237148728908242e-14
2.149999999999527844e-01 2.398237148951808149e-14
2.199999999999526779e-01 2.398237149430863182e-14
2.249999999999525713e-01 2.398237150413189384e-14
2.299999999999524647e-01 2.398237152342638713e-14
2.349999999999523581e-01 2.398237155993556718e-14
2.399999999999522515e-01 2.398237162684094945e-14
2.449999999999521449e-01 2.398237174610983630e-14
2.499999999999520384e-01 2.398237195366247261e-14
2.549999999999519318e-01 2.398237230720692715e-14
2.599999999999518252e-01 2.398237289790759172e-14
2.649999999999517186e-01 2.398237386749885273e-14
2.699999999999516120e-01 2.398237543313075765e-14
2.749999999999515055e-01 2.398237792317352450e-14
2.799999999999513989e-01 2.398238182817527428e-14
2.849999999999512923e-01 2.398238787187669376e-14
2.899999999999511857e-01 2.398239710821154336e-14
2.949999999999510791e-01 2.398241105300477961e-14
2.999999999999509726e-01 2.398243186344126365e-14
3.049999999999508660e-01 2.398246258093536888e-14
3.099999999999507594e-01 2.398250745184762006e-14
3.149999999999506528e-01 2.398257234029859006e-14
3.199999999999505462e-01 2.398266525280900168e-14
3.249999999999504396e-01 2.398279699961215858e-14
3.299999999999503331e-01 2.398298201402557642e-14
3.349999999999502265e-01 2.398323934607320632e-14
3.399999999999501199e-01 2.398359385045245648e-14
3.449999999999500133e-01 2.398407758963991839e-14
3.499999999999499067e-01 2.398473144609160529e-14
3.549999999999498002e-01 2.398560689246524815e-14
3.599999999999496936e-01 2.398676785746415797e-14
3.649999999999495870e-01 2.398829267629585812e-14
3.699999999999494804e-01 2.399027616035805578e-14
3.749999999999493738e-01 2.399283173251072999e-14
3.799999999999492672e-01 2.399609332734330578e-14
3.849999999999491607e-01 2.400021651251420932e-14
3.899999999999490541e-01 2.400537823464967310e-14
3.949999999999489475e-01 2.401177474936466485e-14
3.999999999999488409e-01 2.401961759438731229e-14
4.049999999999487343e-01 2.402912790530481074e-14
4.099999999999486278e-01 2.404052972826337185e-14
4.149999999999485212e-01 2.405404242805663350e-14
4.199999999999484146e-01 2.406987016358671067e-14
4.249999999999483080e-01 2.408818405157999544e-14
4.299999999999482014e-01 2.410909360219162283e-14
4.349999999999480949e-01 2.413261023439585704e-14
4.399999999999479883e-01 2.415861285089914070e-14
4.449999999999478817e-01 2.418682511877780469e-14
4.499999999999477751e-01 2.421680423748698045e-14
4.549999999999476685e-01 2.424793198849134375e-14
4.599999999999475619e-01 2.427940233986432108e-14
4.649999999999474554e-01 2.431021240617090448e-14
4.699999999999473488e-01 2.433917010363214104e-14
4.749999999999472422e-01 2.436492574954095046e-14
4.799999999999471356e-01 2.438602627771526935e-14
4.849999999999470290e-01 2.440099259006989155e-14
4.899999999999469225e-01 2.440843118212164642e-14
4.949999999999468159e-01 2.440719547821794458e-14
4.999999999999467093e-01 2.439660231822875330e-14
5.049999999999466027e-01 2.437669794588329372e-14
5.099999999999464961e-01 2.434857078006074565e-14
5.149999999999463896e-01 2.431471313708450229e-14
5.199999999999462830e-01 2.427941733525406379e-14
5.249999999999461764e-01 2.424916472550716392e-14
5.299999999999460698e-01 2.423297037188965136e-14
5.349999999999459632e-01 2.424268610178804022e-14
5.399999999999458566e-01 2.429328598464540141e-14
5.449999999999457501e-01 2.440312063492097774e-14
5.499999999999456435e-01 2.459407060744335228e-14
5.549999999999455369e-01 2.489152560038069955e-14
5.599999999999454303e-01 2.532416222592916503e-14
5.649999999999453237e-01 2.592351476172703404e-14
5.699999999999452172e-01 2.672330673357164166e-14
5.749999999999451106e-01 2.775851142188508060e-14
5.799999999999450040e-01 2.906418615005521726e-14
5.849999999999448974e-01 3.067420157613768126e-14
5.899999999999447908e-01 3.261996459060755464e-14
5.949999999999446842e-01 3.492912687789731514e-14
5.999999999999445777e-01 3.762416291233422507e-14
6.049999999999444711e-01 4.072067111774937479e-14
6.099999999999443645e-01 4.422540485447232094e-14
6.149999999999442579e-01 4.813438108727695708e-14
6.199999999999441513e-01 5.243164396893909826e-14
6.249999999999440448e-01 5.708901816994440546e-14
6.299999999999439382e-01 6.206658777335015486e-14
6.349999999999438316e-01 6.731322141155120801e-14
6.399999999999437250e-01 7.276656901526509711e-14
6.449999999999436184e-01 7.835243971831246684e-14
6.499999999999435119e-01 8.398406204870264392e-14
6.549999999999434053e-01 8.956230393037743443e-14
6.599999999999432987e-01 9.497826060938367751e-14
6.649999999999431921e-01 1.001190563157365915e-13
6.699999999999430855e-01 1.048758280161279492e-13
6.749999999999429789e-01 1.091507206390029464e-13
6.799999999999428724e-01 1.128595719093549464e-13
6.849999999999427658e-01 1.159298170537665815e-13
6.899999999999426592e-01 1.182970265804473413e-13
6.949999999999425526e-01 1.199048648183534804e-13
6.999999999999424460e-01 1.207104125523435423e-13
7.049999999999423395e-01 1.206919684950425932e-13
7.099999999999422329e-01 1.198541654864081156e-13
7.149999999999421263e-01 1.182276220957433070e-13
7.199999999999420197e-01 1.158644533343604974e-13
7.249999999999419131e-01 1.128324082435966306e-13
7.299999999999418065e-01 1.092088919817490340e-13
7.349999999999417000e-01 1.050749795533376912e-13
7.399999999999415934e-01 1.005103852378276340e-13
7.449999999999414868e-01 9.559141650804239924e-14
7.499999999999413802e-01 9.039330650902195744e-14
7.549999999999412736e-01 8.499618954699063806e-14
7.599999999999411671e-01 7.949150577579822485e-14
7.649999999999410605e-01 7.398411314233846624e-14
7.699999999999409539e-01 6.858660943191390370e-14
7.749999999999408473e-01 6.340678955832955419e-14
7.799999999999407407e-01 5.853378602947246587e-14
7.849999999999406342e-01 5.402905256392008781e-14
7.899999999999405276e-01 4.992453957587302385e-14
7.949999999999404210e-01 4.622626659752967801e-14
7.999999999999403144e-01 4.292065542213040447e-14
8.049999999999402078e-01 3.998261695481778280e-14
8.099999999999401012e-01 3.738499090991991476e-14
8.149999999999399947e-01 3.510705903322777501e-14
8.199999999999398881e-01 3.313785597765092602e-14
8.249999999999397815e-01 3.147135070749143058e-14
8.299999999999396749e-01 3.009573201194555432e-14
8.349999999999395683e-01 2.898410759653667854e-14
8.399999999999394618e-01 2.809374917171820724e-14
8.449999999999393552e-01 2.737453649861993038e-14
8.499999999999392486e-01 2.677983181322582028e-14
8.549999999999391420e-01 2.627182145515883786e-14
8.599999999999390354e-01 2.581958232905256715e-14
8.649999999999389289e-01 2.539509949027749101e-14
8.699999999999388223e-01 2.497303785087178953e-14
8.749999999999387157e-01 2.453476213941436065e-14
8.799999999999386091e-01 2.407260894451115068e-14
8.849999999999385025e-01 2.359088568576710513e-14
8.899999999999383959e-01 2.310303373481640796e-14
8.949999999999382894e-01 2.262593898377639981e-14
8.999999999999381828e-01 2.217267834963609601e-14
9.049999999999380762e-01 2.174624849774807878e-14
9.099999999999379696e-01 2.133822348115543039e-14
9.149999999999378630e-01 2.093463969241350551e-14
9.199999999999377565e-01 2.052641106119428610e-14
9.249999999999376499e-01 2.011753561335382706e-14
9.299999999999375433e-01 1.972550083650047162e-14
9.349999999999374367e-01 1.937389240671698347e-14
9.399999999999373301e-01 1.908244930384134873e-14
9.449999999999372235e-01 1.886081484797767107e-14
9.499999999999371170e-01 1.870911094064830704e-14
9.549999999999370104e-01 1.862399916564348868e-14
9.599999999999369038e-01 1.860581395524409503e-14
9.649999999999367972e-01 1.866201179051968438e-14
9.699999999999366906e-01 1.880449955095832268e-14
9.749999999999365841e-01 1.904207366585231524e-14
9.799999999999364775e-01 1.937220521603612636e-14
9.849999999999363709e-01 1.977703832320973175e-14
9.899999999999362643e-01 2.022627294604219635e-14
9.949999999999361577e-01 2.068573699383856926e-14
9.999999999999360512e-01 2.112725157396980210e-14
1.004999999999935945e+00 2.057195477298782730e-14
1.009999999999935838e+00 2.002960070340180821e-14
1.014999999999935731e+00 1.949979630112012660e-14
1.019999999999935625e+00 1.898215609059156670e-14
1.024999999999935518e+00 1.847630193287689894e-14
1.029999999999935412e+00 1.798186277852848271e-14
1.034999999999935305e+00 1.749847442512743311e-14
1.039999999999935199e+00 1.702577927931828896e-14
1.044999999999935092e+00 1.656342612318404706e-14
1.049999999999934985e+00 1.611106988480733111e-14
1.054999999999934879e+00 1.566837141286606970e-14
1.059999999999934772e+00 1.523499725511466464e-14
1.064999999999934666e+00 1.481061944060452398e-14
1.069999999999934559e+00 1.439491526549981920e-14
1.074999999999934452e+00 1.398756708234717669e-14
1.079999999999934346e+00 1.358826209266002404e-14
1.084999999999934239e+00 1.319669214268074409e-14
1.089999999999934133e+00 1.281255352218582201e-14
1.094999999999934026e+00 1.243554676620135281e-14
1.099999999999933920e+00 1.206537645949822321e-14
1.104999999999933813e+00 1.176199249552035671e-14
1.109999999999933706e+00 1.146582832325939093e-14
1.114999999999933600e+00 1.117671999312507081e-14
1.119999999999933493e+00 1.089450763137416812e-14
1.124999999999933387e+00 1.061903535550046039e-14
1.129999999999933280e+00 1.035015119216011351e-14
1.134999999999933173e+00 1.008770699757971058e-14
1.139999999999933067e+00 9.831558380396439930e-15
1.144999999999932960e+00 9.581564626881526534e-15
1.149999999999932854e+00 9.337588628499512197e-15
1.154999999999932747e+00 9.099496811757338567e-15
1.159999999999932641e+00 8.867159070298823345e-15
1.164999999999932534e+00 8.640448699201311122e-15
1.169999999999932427e+00 8.419242331432802826e-15
1.174999999999932321e+00 8.203419876429189866e-15
1.179999999999932214e+00 7.992864460752446556e-15
1.184999999999932108e+00 7.787462370792125310e-15
1.189999999999932001e+00 7.587102997473538863e-15
1.194999999999931894e+00 7.391678782937495218e-15
1.199999999999931788e+00 7.201085169157462349e-15
1.204999999999931681e+00 7.054632677674267977e-15
1.209999999999931575e+00 6.912985242236723996e-15
1.214999999999931468e+00 6.776031580253014015e-15
1.219999999999931362e+00 6.643663750475900535e-15
1.224999999999931255e+00 6.515777082764754023e-15
1.229999999999931148e+00 6.392270109907278882e-15
1.234999999999931042e+00 6.273044501458766957e-15
1.239999999999930935e+00 6.158004999558582787e-15
1.244999999999930829e+00 6.047059356684753087e-15
1.249999999999930722e+00 5.940118275308919004e-15
1.254999999999930616e+00 5.837095349414954895e-15
1.259999999999930509e+00 5.737907007845913470e-15
1.264999999999930402e+00 5.642472459444986566e-15
1.269999999999930296e+00 5.550713639957433025e-15
1.274999999999930189e+00 5.462555160661447488e-15
1.279999999999930083e+00 5.377924258697114619e-15
1.284999999999929976e+00 5.296750749063676337e-15
1.289999999999929869e+00 5.218966978256322594e-15
1.294999999999929763e+00 5.144507779514878207e-15
1.299999999999929656e+00 5.073310429657702522e-15
1.304999999999929550e+00 4.930374683513287918e-15
1.309999999999929443e+00 4.790534677654514689e-15
1.314999999999929337e+00 4.653704315762172044e-15
1.319999999999929230e+00 4.519799508601595632e-15
1.324999999999929123e+00 4.388738120134934599e-15
1.329999999999929017e+00 4.260439914781226269e-15
1.334999999999928910e+00 4.134826505790118366e-15
1.339999999999928804e+00 4.011821304694726942e-15
1.344999999999928697e+00 3.891349471809832014e-15
1.349999999999928590e+00 3.773337867742161252e-15
1.354999999999928484e+00 3.657715005880284278e-15
1.359999999999928377e+00 3.544411005832119827e-15
1.364999999999928271e+00 3.433357547778741525e-15
1.369999999999928164e+00 3.324487827713732501e-15
1.374999999999928058e+00 3.217736513537863210e-15
1.379999999999927951e+00 3.113039701979489310e-15
1.384999999999927844e+00 3.010334876311518784e-15
1.389999999999927738e+00 2.909560864836387223e-15
1.394999999999927631e+00 2.810657800110929031e-15
1.399999999999927525e+00 2.713567078883556486e-15
1.404999999999927418e+00 2.643320909895531111e-15
1.409999999999927311e+00 2.574629536727854932e-15
1.414999999999927205e+00 2.507456065967196168e-15
1.419999999999927098e+00 2.441764586855267161e-15
1.424999999999926992e+00 2.377520147832022483e-15
1.429999999999926885e+00 2.314688733645817685e-15
1.434999999999926779e+00 2.253237243016617523e-15
1.439999999999926672e+00 2.193133466838977129e-15
1.444999999999926565e+00 2.134346066911854477e-15
1.449999999999926459e+00 2.076844555182571609e-15
1.454999999999926352e+00 2.020599273492510347e-15
1.459999999999926246e+00 1.965581373812422792e-15
1.464999999999926139e+00 1.911762798955471264e-15
1.469999999999926033e+00 1.859116263756378144e-15
1.474999999999925926e+00 1.807615236705300385e-15
1.479999999999925819e+00 1.757233922025283074e-15
1.484999999999925713e+00 1.707947242182379138e-15
1.489999999999925606e+00 1.659730820817732724e-15
1.494999999999925500e+00 1.612560966091147021e-15
1.499999999999925393e+00 1.566414654425858254e-15
1.504999999999925286e+00 1.532496787677930279e-15
1.509999999999925180e+00 1.499607250530647431e-15
1.514999999999925073e+00 1.467725182116306110e-15
1.519999999999924967e+00 1.436830417920312627e-15
1.524999999999924860e+00 1.406903477725377767e-15
1.529999999999924754e+00 1.377925553999192779e-15
1.534999999999924647e+00 1.349878500718061458e-15
1.539999999999924540e+00 1.322744822619398824e-15
1.544999999999924434e+00 1.296507664876318902e-15
1.549999999999924327e+00 1.271150803187801523e-15
1.554999999999924221e+00 1.246658634278224691e-15
1.559999999999924114e+00 1.223016166800313116e-15
1.564999999999924007e+00 1.200209012635842846e-15
1.569999999999923901e+00 1.178223378588690001e-15
1.574999999999923794e+00 1.157046058465096037e-15
1.579999999999923688e+00 1.136664425536277905e-15
1.584999999999923581e+00 1.117066425378761386e-15
1.589999999999923475e+00 1.098240569088087019e-15
1.594999999999923368e+00 1.080175926861777287e-15
1.599999999999923261e+00 1.062862121947708907e-15
1.604999999999923155e+00 1.035213454820443309e-15
1.609999999999923048e+00 1.008250989820753629e-15
1.614999999999922942e+00 9.819560562253015594e-16
1.619999999999922835e+00 9.563104056190089749e-16
1.624999999999922728e+00 9.312962003232462680e-16
1.629999999999922622e+00 9.068960020881687890e-16
1.634999999999922515e+00 8.830927610423888828e-16
1.639999999999922409e+00 8.598698048931874872e-16
1.644999999999922302e+00 8.372108283705819638e-16
1.649999999999922196e+00 8.150998829087651334e-16
1.654999999999922089e+00 7.935213665585478313e-16
1.659999999999921982e+00 7.724600141245926033e-16
1.664999999999921876e+00 7.519008875213669764e-16
1.669999999999921769e+00 7.318293663418802245e-16
1.674999999999921663e+00 7.122311386333985000e-16
1.679999999999921556e+00 6.930921918744688867e-16
1.684999999999921450e+00 6.743988041477025409e-16
1.689999999999921343e+00 6.561375355028946840e-16
1.694999999999921236e+00 6.382952195051803029e-16
1.699999999999921130e+00 6.208589549630311044e-16
1.704999999999921023e+00 6.050316007800602744e-16
1.709999999999920917e+00 5.895336152589414984e-16
1.714999999999920810e+00 5.743570328091733938e-16
1.719999999999920703e+00 5.594940793821577303e-16
1.724999999999920597e+00 5.449371672823021513e-16
1.729999999999920490e+00 5.306788900787533446e-16
1.734999999999920384e+00 5.167120176143735904e-16
1.739999999999920277e+00 5.030294911086640359e-16
1.744999999999920171e+00 4.896244183513803504e-16
1.749999999999920064e+00 4.764900689836515927e-16
1.754999999999919957e+00 4.636198698634545391e-16
1.759999999999919851e+00 4.510074005123484743e-16
1.764999999999919744e+00 4.386463886404234217e-16
1.769999999999919638e+00 4.265307057464596039e-16
1.774999999999919531e+00 4.146543627903386256e-16
1.779999999999919424e+00 4.030115059347884288e-16
1.784999999999919318e+00 3.915964123535854420e-16
1.789999999999919211e+00 3.804034861033763385e-16
1.794999999999919105e+00 3.694272540563127382e-16
1.799999999999918998e+00 3.586623618907360130e-16
1.804999999999918892e+00 3.520178171490343015e-16
1.809999999999918785e+00 3.455739343353862593e-16
1.814999999999918678e+00 3.393265511406936713e-16
1.819999999999918572e+00 3.332716197089915728e-16
1.824999999999918465e+00 3.274052036627128909e-16
1.829999999999918359e+00 3.217234751930256305e-16
1.834999999999918252e+00 3.162227122134669282e-16
1.839999999999918145e+00 3.108992955752098724e-16
1.844999999999918039e+00 3.057497063423476489e-16
1.849999999999917932e+00 3.007705231256214832e-16
1.854999999999917826e+00 2.959584194730611491e-16
1.859999999999917719e+00 2.913101613160545431e-16
1.864999999999917613e+00 2.868226044693978263e-16
1.869999999999917506e+00 2.824926921839212729e-16
1.874999999999917399e+00 2.783174527503257004e-16
1.879999999999917293e+00 2.742939971528999554e-16
1.884999999999917186e+00 2.704195167718281386e-16
1.889999999999917080e+00 2.666912811328344999e-16
1.894999999999916973e+00 2.631066357029427746e-16
1.899999999999916866e+00 2.596629997311682979e-16
1.904999999999916760e+00 2.529901551072166659e-16
1.909999999999916653e+00 2.464691289846893720e-16
1.914999999999916547e+00 2.400957333571624306e-16
1.919999999999916440e+00 2.338658784917553331e-16
1.924999999999916334e+00 2.277755703827150146e-16
1.929999999999916227e+00 2.218209082683575797e-16
1.934999999999916120e+00 2.159980822099699974e-16
1.939999999999916014e+00 2.103033707312517444e-16
1.944999999999915907e+00 2.047331385169127811e-16
1.949999999999915801e+00 1.992838341690795514e-16
1.954999999999915694e+00 1.939519880201938266e-16
1.959999999999915588e+00 1.887342100011229370e-16
1.964999999999915481e+00 1.836271875632318130e-16
1.969999999999915374e+00 1.786276836531991283e-16
1.974999999999915268e+00 1.737325347393890044e-16
1.979999999999915161e+00 1.689386488886224954e-16
1.984999999999915055e+00 1.642430038922192549e-16
1.989999999999914948e+00 1.596426454402087745e-16
1.994999999999914841e+00 1.551346853426406376e-16
