-2.000000000000000000e+00 4.859309074136305626e-03
-1.995000000000000107e+00 4.938193380384270532e-03
-1.990000000000000213e+00 5.018212723075718418e-03
-1.985000000000000320e+00 5.099379452809703166e-03
-1.980000000000000426e+00 5.181705932909998376e-03
-1.975000000000000533e+00 5.265204534553558427e-03
-1.970000000000000639e+00 5.349887631693674150e-03
-1.965000000000000746e+00 5.435767595771568567e-03
-1.960000000000000853e+00 5.522856790210022883e-03
-1.955000000000000959e+00 5.611167564682416516e-03
-1.950000000000001066e+00 5.700712249150394900e-03
-1.945000000000001172e+00 5.791503147663246143e-03
-1.940000000000001279e+00 5.883552531911823841e-03
-1.935000000000001386e+00 5.976872634529707684e-03
-1.930000000000001492e+00 6.071475642134086144e-03
-1.925000000000001599e+00 6.167373688098666019e-03
-1.920000000000001705e+00 6.264578845050673347e-03
-1.915000000000001812e+00 6.363103117083881814e-03
-1.910000000000001918e+00 6.462958431679300363e-03
-1.905000000000002025e+00 6.564156631325005972e-03
-1.900000000000002132e+00 6.666709464826394219e-03
-1.895000000000002238e+00 6.770628578297771538e-03
-1.890000000000002345e+00 6.875925505826227004e-03
-1.885000000000002451e+00 6.982611659798233089e-03
-1.880000000000002558e+00 7.090698320879272251e-03
-1.875000000000002665e+00 7.200196627636659512e-03
-1.870000000000002771e+00 7.311117565795286280e-03
-1.865000000000002878e+00 7.423471957115879670e-03
-1.860000000000002984e+00 7.537270447885075809e-03
-1.855000000000003091e+00 7.652523497006291642e-03
-1.850000000000003197e+00 7.769241363680218400e-03
-1.845000000000003304e+00 7.887434094663296757e-03
-1.840000000000003411e+00 8.007111511092439987e-03
-1.835000000000003517e+00 8.128283194863840377e-03
-1.830000000000003624e+00 8.250958474553449565e-03
-1.825000000000003730e+00 8.375146410866346133e-03
-1.820000000000003837e+00 8.500855781602074598e-03
-1.815000000000003944e+00 8.628095066122380696e-03
-1.810000000000004050e+00 8.756872429307852035e-03
-1.805000000000004157e+00 8.887195704989248046e-03
-1.800000000000004263e+00 9.019072378839226856e-03
-1.795000000000004370e+00 9.152509570709666670e-03
-1.790000000000004476e+00 9.287514016399527755e-03
-1.785000000000004583e+00 9.424092048837732702e-03
-1.780000000000004690e+00 9.562249578665225208e-03
-1.775000000000004796e+00 9.701992074199951299e-03
-1.770000000000004903e+00 9.843324540768140854e-03
-1.765000000000005009e+00 9.986251499384812824e-03
-1.760000000000005116e+00 1.013077696476609446e-02
-1.755000000000005222e+00 1.027690442265538975e-02
-1.750000000000005329e+00 1.042463680644518595e-02
-1.745000000000005436e+00 1.057397647307563651e-02
-1.740000000000005542e+00 1.072492517819077437e-02
-1.735000000000005649e+00 1.087748405053267330e-02
-1.730000000000005755e+00 1.103165356555338428e-02
-1.725000000000005862e+00 1.118743351822404884e-02
-1.720000000000005969e+00 1.134482299502004819e-02
-1.715000000000006075e+00 1.150382034506056660e-02
-1.710000000000006182e+00 1.166442315038046865e-02
-1.705000000000006288e+00 1.182662819531172735e-02
-1.700000000000006395e+00 1.199043143495130345e-02
-1.695000000000006501e+00 1.215582796269164961e-02
-1.690000000000006608e+00 1.232281197678953936e-02
-1.685000000000006715e+00 1.249137674594840916e-02
-1.680000000000006821e+00 1.266151457388855171e-02
-1.675000000000006928e+00 1.283321676287929938e-02
-1.670000000000007034e+00 1.300647357620635103e-02
-1.665000000000007141e+00 1.318127419954701410e-02
-1.660000000000007248e+00 1.335760670122538435e-02
-1.655000000000007354e+00 1.353545799131886107e-02
-1.650000000000007461e+00 1.371481377958674169e-02
-1.645000000000007567e+00 1.389565853219089896e-02
-1.640000000000007674e+00 1.407797542717800256e-02
-1.635000000000007780e+00 1.426174630869179311e-02
-1.630000000000007887e+00 1.444695163988345479e-02
-1.625000000000007994e+00 1.463357045448719813e-02
-1.620000000000008100e+00 1.482158030702751365e-02
-1.615000000000008207e+00 1.501095722162371776e-02
-1.610000000000008313e+00 1.520167563935670950e-02
-1.605000000000008420e+00 1.539370836416197735e-02
-1.600000000000008527e+00 1.558702650721210080e-02
-1.595000000000008633e+00 1.578159942975110308e-02
-1.590000000000008740e+00 1.597739468434236296e-02
-1.585000000000008846e+00 1.617437795449059093e-02
-1.580000000000008953e+00 1.637251299259775625e-02
-1.575000000000009059e+00 1.657176155621175456e-02
-1.570000000000009166e+00 1.677208334252592789e-02
-1.565000000000009273e+00 1.697343592108630297e-02
-1.560000000000009379e+00 1.717577466466253810e-02
-1.555000000000009486e+00 1.737905267823788152e-02
-1.550000000000009592e+00 1.758322072607184164e-02
-1.545000000000009699e+00 1.778822715678890498e-02
-1.540000000000009805e+00 1.799401782644503150e-02
-1.535000000000009912e+00 1.820053601952295250e-02
-1.530000000000010019e+00 1.840772236780607862e-02
-1.525000000000010125e+00 1.861551476707965641e-02
-1.520000000000010232e+00 1.882384829160674636e-02
-1.515000000000010338e+00 1.903265510632549604e-02
-1.510000000000010445e+00 1.924186437671283542e-02
-1.505000000000010552e+00 1.945140217625868778e-02
-1.500000000000010658e+00 1.966119139149342249e-02
-1.495000000000010765e+00 1.987115162451012426e-02
-1.490000000000010871e+00 2.008119909292196970e-02
-1.485000000000010978e+00 2.029124652719361058e-02
-1.480000000000011084e+00 2.050120306528417299e-02
-1.475000000000011191e+00 2.071097414453821825e-02
-1.470000000000011298e+00 2.092046139075954408e-02
-1.465000000000011404e+00 2.112956250440129954e-02
-1.460000000000011511e+00 2.133817114380434643e-02
-1.455000000000011617e+00 2.154617680541478716e-02
-1.450000000000011724e+00 2.175346470090925438e-02
-1.445000000000011831e+00 2.195991563115605796e-02
-1.440000000000011937e+00 2.216540585693787743e-02
-1.435000000000012044e+00 2.236980696636049065e-02
-1.430000000000012150e+00 2.257298573887059345e-02
-1.425000000000012257e+00 2.277480400580355821e-02
-1.420000000000012363e+00 2.297511850738104267e-02
-1.415000000000012470e+00 2.317378074607595595e-02
-1.410000000000012577e+00 2.337063683626108140e-02
-1.405000000000012683e+00 2.356552735005557758e-02
-1.400000000000012790e+00 2.375828715928196208e-02
-1.395000000000012896e+00 2.394874527344419135e-02
-1.390000000000013003e+00 2.413672467363568372e-02
-1.385000000000013110e+00 2.432204214228434608e-02
-1.380000000000013216e+00 2.450450808863934710e-02
-1.375000000000013323e+00 2.468392636990288103e-02
-1.370000000000013429e+00 2.486009410790780694e-02
-1.365000000000013536e+00 2.503280150124014350e-02
-1.360000000000013642e+00 2.520183163270334550e-02
-1.355000000000013749e+00 2.536696027201909912e-02
-1.350000000000013856e+00 2.552795567365722870e-02
-1.345000000000013962e+00 2.568457836968513278e-02
-1.340000000000014069e+00 2.583658095752497386e-02
-1.335000000000014175e+00 2.598370788250435603e-02
-1.330000000000014282e+00 2.612569521508438866e-02
-1.325000000000014388e+00 2.626227042264592942e-02
-1.320000000000014495e+00 2.639315213571328395e-02
-1.315000000000014602e+00 2.651804990849138816e-02
-1.310000000000014708e+00 2.663666397359059496e-02
-1.305000000000014815e+00 2.674868499081042156e-02
-1.300000000000014921e+00 2.685379378985093199e-02
-1.295000000000015028e+00 2.695166110681812555e-02
-1.290000000000015135e+00 2.704194731438686050e-02
-1.285000000000015241e+00 2.712430214548201476e-02
-1.280000000000015348e+00 2.719836441033605945e-02
-1.275000000000015454e+00 2.726376170677845268e-02
-1.270000000000015561e+00 2.732011012360914537e-02
-1.265000000000015667e+00 2.736701393690589221e-02
-1.260000000000015774e+00 2.740406529911188979e-02
-1.255000000000015881e+00 2.743084392074762734e-02
-1.250000000000015987e+00 2.744691674458719574e-02
-1.245000000000016094e+00 2.745183761213704568e-02
-1.240000000000016200e+00 2.744514692225119568e-02
-1.235000000000016307e+00 2.742637128171446920e-02
-1.230000000000016414e+00 2.739502314762146812e-02
-1.225000000000016520e+00 2.735060046137621076e-02
-1.220000000000016627e+00 2.729258627413370594e-02
-1.215000000000016733e+00 2.722044836350152874e-02
-1.210000000000016840e+00 2.713363884131584150e-02
-1.205000000000016946e+00 2.703159375230314299e-02
-1.200000000000017053e+00 2.691373266343495899e-02
-1.195000000000017160e+00 2.677945824377974543e-02
-1.190000000000017266e+00 2.662815583465195229e-02
-1.185000000000017373e+00 2.645919300985504277e-02
-1.180000000000017479e+00 2.627191912581116479e-02
-1.175000000000017586e+00 2.606566486136652899e-02
-1.170000000000017693e+00 2.583974174705746737e-02
-1.165000000000017799e+00 2.559344168361852093e-02
-1.160000000000017906e+00 2.532603644950969998e-02
-1.155000000000018012e+00 2.503677719723597372e-02
-1.150000000000018119e+00 2.472489393822823595e-02
-1.145000000000018225e+00 2.438959501605051511e-02
-1.140000000000018332e+00 2.403006656769419991e-02
-1.135000000000018439e+00 2.364547197271563150e-02
-1.130000000000018545e+00 2.323495128996928491e-02
-1.125000000000018652e+00 2.279762068168414424e-02
-1.120000000000018758e+00 2.233257182462660903e-02
-1.115000000000018865e+00 2.183887130808875171e-02
-1.110000000000018971e+00 2.131556001843609716e-02
-1.105000000000019078e+00 2.076165250994445668e-02
-1.100000000000019185e+00 2.017613636165100852e-02
-1.095000000000019291e+00 1.955797151993973748e-02
-1.090000000000019398e+00 1.890608962657636810e-02
-1.085000000000019504e+00 1.821939333190382773e-02
-1.080000000000019611e+00 1.749675559290382251e-02
-1.075000000000019718e+00 1.673701895582503998e-02
-1.070000000000019824e+00 1.593899482307395768e-02
-1.065000000000019931e+00 1.510146270405878129e-02
-1.060000000000020037e+00 1.422316944967210242e-02
-1.055000000000020144e+00 1.330282847009266883e-02
-1.050000000000020250e+00 1.233911893558134291e-02
-1.045000000000020357e+00 1.133068495994114452e-02
-1.040000000000020464e+00 1.027613476630587219e-02
-1.035000000000020570e+00 9.174039834916400057e-03
-1.030000000000020677e+00 8.022934032538396251e-03
-1.025000000000020783e+00 6.821312723169626994e-03
-1.020000000000020890e+00 5.567631859679477747e-03
-1.015000000000020997e+00 4.260307056017773389e-03
-1.010000000000021103e+00 2.897712639624333737e-03
-1.005000000000021210e+00 1.478180683664987848e-03
-1.000000000000021316e+00 1.871400887075641553e-11
-9.950000000000214229e-01 1.772266842142180686e-11
-9.900000000000215294e-01 1.635935630968118190e-11
-9.850000000000216360e-01 1.478132305367213182e-11
-9.800000000000217426e-01 1.316828858101102761e-11
-9.750000000000218492e-01 1.165378852869112882e-11
-9.700000000000219558e-01 1.031462307211483450e-11
-9.650000000000220624e-01 9.180676920669226288e-12
-9.600000000000221689e-01 8.249914040843035745e-12
-9.550000000000222755e-01 7.502029665393456679e-12
-9.500000000000223821e-01 6.908635520744554168e-12
-9.450000000000224887e-01 6.439882738061711965e-12
-9.400000000000225953e-01 6.068211617992672503e-12
-9.350000000000227018e-01 5.770083656677786750e-12
-9.300000000000228084e-01 5.526443276322019906e-12
-9.250000000000229150e-01 5.322469199922650920e-12
-9.200000000000230216e-01 5.146997623889604562e-12
-9.150000000000231282e-01 4.991850995325240620e-12
-9.100000000000232347e-01 4.851190329060040985e-12
-9.050000000000233413e-01 4.720938070760481636e-12
-9.000000000000234479e-01 4.598290683220486369e-12
-8.950000000000235545e-01 4.481333346087110329e-12
-8.900000000000236611e-01 4.368761412290211632e-12
-8.850000000000237677e-01 4.259696040761307643e-12
-8.800000000000238742e-01 4.153562530592486300e-12
-8.750000000000239808e-01 4.049997985735993681e-12
-8.700000000000240874e-01 3.948774703280764142e-12
-8.650000000000241940e-01 3.849744216956727689e-12
-8.600000000000243006e-01 3.752803016086896309e-12
-8.550000000000244071e-01 3.657869518926663613e-12
-8.500000000000245137e-01 3.564866742617931715e-12
-8.450000000000246203e-01 3.473718613334220404e-12
-8.400000000000247269e-01 3.384362969839178992e-12
-8.350000000000248335e-01 3.296764634017319237e-12
-8.300000000000249401e-01 3.210910320190602164e-12
-8.250000000000250466e-01 3.126790432752891747e-12
-8.200000000000251532e-01 3.044387664560712873e-12
-8.150000000000252598e-01 2.963679482640259230e-12
-8.100000000000253664e-01 2.884643880964224986e-12
-8.050000000000254730e-01 2.807259473124215283e-12
-8.000000000000255795e-01 2.731502870278129004e-12
-7.950000000000256861e-01 2.657348060563250980e-12
-7.900000000000257927e-01 2.584765986362557397e-12
-7.850000000000258993e-01 2.513721940486361748e-12
-7.800000000000260059e-01 2.444175378606707751e-12
-7.750000000000261124e-01 2.376087881422953868e-12
-7.700000000000262190e-01 2.309436830395970238e-12
-7.650000000000263256e-01 2.244222871953899263e-12
-7.600000000000264322e-01 2.180462309136690397e-12
-7.550000000000265388e-01 2.118169253763277202e-12
-7.500000000000266454e-01 2.057339973934991816e-12
-7.450000000000267519e-01 1.997950509228238828e-12
-7.400000000000268585e-01 1.939966495532039923e-12
-7.350000000000269651e-01 1.883350523331198604e-12
-7.300000000000270717e-01 1.828057922557036567e-12
-7.250000000000271783e-01 1.774032041246494693e-12
-7.200000000000272848e-01 1.721215295839861841e-12
-7.150000000000273914e-01 1.669569206409648554e-12
-7.100000000000274980e-01 1.619078271459703952e-12
-7.050000000000276046e-01 1.569733077170201814e-12
-7.000000000000277112e-01 1.521512762117059629e-12
-6.950000000000278177e-01 1.474382414861974055e-12
-6.900000000000279243e-01 1.428305764694751268e-12
-6.850000000000280309e-01 1.383264019610185444e-12
-6.800000000000281375e-01 1.339266191638214794e-12
-6.750000000000282441e-01 1.296338266365395731e-12
-6.700000000000283507e-01 1.254498567868189861e-12
-6.650000000000284572e-01 1.213742361123774809e-12
-6.600000000000285638e-01 1.174048303010166450e-12
-6.550000000000286704e-01 1.135394440596511454e-12
-6.500000000000287770e-01 1.097763917574360871e-12
-6.450000000000288836e-01 1.061138103627004600e-12
-6.400000000000289901e-01 1.025492517022834305e-12
-6.350000000000290967e-01 9.908066081268303560e-13
-6.300000000000292033e-01 9.570790301588522845e-13
-6.250000000000293099e-01 9.243324412633048003e-13
-6.200000000000294165e-01 8.925991367235342430e-13
-6.150000000000295231e-01 8.618934326855985472e-13
-6.100000000000296296e-01 8.321940820631762433e-13
-6.050000000000297362e-01 8.034572876091282062e-13
-6.000000000000298428e-01 7.756486999287787482e-13
-5.950000000000299494e-01 7.487571044351946934e-13
-5.900000000000300560e-01 7.227793683832612309e-13
-5.850000000000301625e-01 6.976982998872579420e-13
-5.800000000000302691e-01 6.734592846783247991e-13
-5.750000000000303757e-01 6.499693124434795052e-13
-5.700000000000304823e-01 6.271374411363441607e-13
-5.650000000000305889e-01 6.049140814567039003e-13
-5.600000000000306954e-01 5.832692918378794146e-13
-5.550000000000308020e-01 5.621370600852930699e-13
-5.500000000000309086e-01 5.414009189475195833e-13
-5.450000000000310152e-01 5.208980249420263750e-13
-5.400000000000311218e-01 5.004486873234389473e-13
-5.350000000000312284e-01 4.799428058984173184e-13
-5.300000000000313349e-01 4.593765524165938567e-13
-5.250000000000314415e-01 4.387876378960527451e-13
-5.200000000000315481e-01 4.181849125331402862e-13
-5.150000000000316547e-01 3.975392865814189419e-13
-5.100000000000317613e-01 3.768039945073999238e-13
-5.050000000000318678e-01 3.559549182540424420e-13
-5.000000000000319744e-01 3.350466700017548582e-13
-4.950000000000320810e-01 3.142050764087621585e-13
-4.900000000000321876e-01 2.935480618494049177e-13
-4.850000000000322942e-01 2.731532450775479476e-13
-4.800000000000324007e-01 2.531034590319106645e-13
-4.750000000000325073e-01 2.335192720151332333e-13
-4.700000000000326139e-01 2.145347499463222046e-13
-4.650000000000327205e-01 1.962554795652654898e-13
-4.600000000000328271e-01 1.787539661595187328e-13
-4.550000000000329337e-01 1.620988824793249852e-13
-4.500000000000330402e-01 1.463730022048829428e-13
-4.450000000000331468e-01 1.316690028482471103e-13
-4.400000000000332534e-01 1.180729275363705665e-13
-4.350000000000333600e-01 1.056291663908008457e-13
-4.300000000000334666e-01 9.431862132633611620e-14
-4.250000000000335731e-01 8.407877160119254334e-14
-4.200000000000336797e-01 7.485191436420270411e-14
-4.150000000000337863e-01 6.663305584265863286e-14
-4.100000000000338929e-01 5.944306726981809052e-14
-4.050000000000339995e-01 5.323421296722742642e-14
-4.000000000000341061e-01 4.786233358651786877e-14
-3.950000000000342126e-01 4.316354686414779083e-14
-3.900000000000343192e-01 3.903855439534392055e-14
-3.850000000000344258e-01 3.548377494261852855e-14
-3.800000000000345324e-01 3.257046617399920609e-14
-3.750000000000346390e-01 3.035985783165145650e-14
-3.700000000000347455e-01 2.880116805181353178e-14
-3.650000000000348521e-01 2.772391335055492408e-14
-3.600000000000349587e-01 2.691891475112954011e-14
-3.550000000000350653e-01 2.620343573285604215e-14
-3.500000000000351719e-01 2.546346405794958708e-14
-3.450000000000352784e-01 2.469901633407250096e-14
-3.400000000000353850e-01 2.399400257440697867e-14
-3.350000000000354916e-01 2.339041450581770379e-14
-3.300000000000355982e-01 2.282723062259039740e-14
-3.250000000000357048e-01 2.222643619722878037e-14
-3.200000000000358114e-01 2.158178876920223385e-14
-3.150000000000359179e-01 2.092936107147867752e-14
-3.100000000000360245e-01 2.027312101650124547e-14
-3.050000000000361311e-01 1.958836403894113362e-14
-3.000000000000362377e-01 1.886829266953308495e-14
-2.950000000000363443e-01 1.812276644301983517e-14
-2.900000000000364508e-01 1.736748557982381357e-14
-2.850000000000365574e-01 1.664584360158546612e-14
-2.800000000000366640e-01 1.602779802570081476e-14
-2.750000000000367706e-01 1.555483167169030810e-14
-2.700000000000368772e-01 1.520114299446401101e-14
-2.650000000000369837e-01 1.490607609746583733e-14
-2.600000000000370903e-01 1.462160649132710189e-14
-2.550000000000371969e-01 1.432924603824820874e-14
-2.500000000000373035e-01 1.405413607064311801e-14
-2.450000000000374101e-01 1.387499470209924270e-14
-2.400000000000375167e-01 1.388001860013050730e-14
-2.350000000000376232e-01 1.407657425594508288e-14
-2.300000000000377298e-01 1.436199705266857130e-14
-2.250000000000378364e-01 1.461452727103165114e-14
-2.200000000000379430e-01 1.480771651108145393e-14
-2.150000000000380496e-01 1.501346939499064874e-14
-2.100000000000381561e-01 1.529872633671302869e-14
-2.050000000000382627e-01 1.566335514222889007e-14
-2.000000000000383693e-01 1.609693716017012390e-14
-1.950000000000384759e-01 1.663270545808795861e-14
-1.900000000000385825e-01 1.728474934564073097e-14
-1.850000000000386891e-01 1.797336863774251109e-14
-1.800000000000387956e-01 1.857542636676657555e-14
-1.750000000000389022e-01 1.903335164836134621e-14
-1.700000000000390088e-01 1.938531796565894773e-14
-1.650000000000391154e-01 1.970286731164093827e-14
-1.600000000000392220e-01 2.001691674127396230e-14
-1.550000000000393285e-01 2.030322189031730022e-14
-1.500000000000394351e-01 2.052349320847244771e-14
-1.450000000000395417e-01 2.065954980581301450e-14
-1.400000000000396483e-01 2.070588613452030394e-14
-1.350000000000397549e-01 2.064770720673094159e-14
-1.300000000000398614e-01 2.046630935628627830e-14
-1.250000000000399680e-01 2.017251509845719550e-14
-1.200000000000400746e-01 1.982173681019359189e-14
-1.150000000000401812e-01 1.947639188211639922e-14
-1.100000000000402878e-01 1.914973467871958055e-14
-1.050000000000403944e-01 1.880826014030770470e-14
-1.000000000000405009e-01 1.844117013155365901e-14
-9.500000000004060752e-02 1.809353207310773174e-14
-9.000000000004071410e-02 1.780670704168319402e-14
-8.500000000004082068e-02 1.756065017015800357e-14
-8.000000000004092726e-02 1.729786513349812211e-14
-7.500000000004103384e-02 1.697743957088711442e-14
-7.000000000004114042e-02 1.659802559582749265e-14
-6.500000000004124701e-02 1.619679228332062462e-14
-6.000000000004135359e-02 1.583641889517551255e-14
-5.500000000004146017e-02 1.557190710522680379e-14
-5.000000000004156675e-02 1.540887417412408267e-14
-4.500000000004167333e-02 1.529184829114239414e-14
-4.000000000004177991e-02 1.514212969477449449e-14
-3.500000000004188649e-02 1.491666532091897121e-14
-3.000000000004199308e-02 1.463824252685884476e-14
-2.500000000004209966e-02 1.437137855630680952e-14
-2.000000000004220624e-02 1.416639930329665380e-14
-1.500000000004231282e-02 1.402711826745667709e-14
-1.000000000004241940e-02 1.392945752660135707e-14
-5.000000000042525983e-03 1.385537778670566118e-14
-4.263256414560601115e-14 1.380158825941249408e-14
4.999999999957260854e-03 1.377257763148268210e-14
9.999999999957154273e-03 1.377607292761603010e-14
1.499999999995704769e-02 1.381284416890954404e-14
1.999999999995694111e-02 1.387565151374734833e-14
2.499999999995683453e-02 1.397584614973974295e-14
2.999999999995672795e-02 1.414300916406306082e-14
3.499999999995662137e-02 1.436593309706337353e-14
3.999999999995651478e-02 1.456797770515285771e-14
4.499999999995640820e-02 1.467871175135023042e-14
4.999999999995630162e-02 1.470528207167889502e-14
5.499999999995619504e-02 1.470236743928386535e-14
5.999999999995608846e-02 1.469262402552643387e-14
6.499999999995598188e-02 1.465530141484444793e-14
6.999999999995587530e-02 1.458854302998530475e-14
7.499999999995576871e-02 1.453631661682985608e-14
7.999999999995566213e-02 1.453521660092654570e-14
8.499999999995555555e-02 1.457278847917361867e-14
8.999999999995544897e-02 1.462709659449012725e-14
9.499999999995534239e-02 1.471907792897063722e-14
9.999999999995523581e-02 1.488920078362138165e-14
1.049999999999551292e-01 1.513908457560033324e-14
1.099999999999550226e-01 1.543444365570723523e-14
1.149999999999549161e-01 1.575058715197607047e-14
1.199999999999548095e-01 1.607398466956689178e-14
1.249999999999547029e-01 1.637664966157643048e-14
1.299999999999545963e-01 1.663357758518895707e-14
1.349999999999544897e-01 1.685501841307951673e-14
1.399999999999543832e-01 1.707046220724068811e-14
1.449999999999542766e-01 1.728994837308676179e-14
1.499999999999541700e-01 1.750361010308912057e-14
1.549999999999540634e-01 1.771149535648217893e-14
1.599999999999539568e-01 1.791957622494097494e-14
1.649999999999538502e-01 1.809834277062826465e-14
1.699999999999537437e-01 1.819210569321916828e-14
1.749999999999536371e-01 1.819884892954197284e-14
1.799999999999535305e-01 1.820231078641934418e-14
1.849999999999534239e-01 1.828620465507071306e-14
1.899999999999533173e-01 1.843021307433557125e-14
1.949999999999532108e-01 1.852186086516853996e-14
1.999999999999531042e-01 1.847673652446962710e-14
2.049999999999529976e-01 1.832240446775706223e-14
2.099999999999528910e-01 1.814543721883477807e-14
2.149999999999527844e-01 1.798121355819410679e-14
2.199999999999526779e-01 1.778744265448543834e-14
2.249999999999525713e-01 1.751896430876408788e-14
2.299999999999524647e-01 1.720768517777421342e-14
2.349999999999523581e-01 1.695191565888574851e-14
2.399999999999522515e-01 1.682978403900607033e-14
2.449999999999521449e-01 1.684694365828215451e-14
2.499999999999520384e-01 1.695721598900383808e-14
2.549999999999519318e-01 1.709926368034085203e-14
2.599999999999518252e-01 1.722838160753464462e-14
2.649999999999517186e-01 1.735107855724041130e-14
2.699999999999516120e-01 1.753010328888251622e-14
2.749999999999515055e-01 1.784166379481567851e-14
2.799999999999513989e-01 1.831595812506980696e-14
2.849999999999512923e-01 1.889212308264674356e-14
2.899999999999511857e-01 1.941181349685458550e-14
2.949999999999510791e-01 1.969171058474193810e-14
2.999999999999509726e-01 1.965580628767496272e-14
3.049999999999508660e-01 1.939706546089511050e-14
3.099999999999507594e-01 1.908515919206655331e-14
3.149999999999506528e-01 1.882949562586086378e-14
3.199999999999505462e-01 1.864620516048177294e-14
3.249999999999504396e-01 1.851576654138277668e-14
3.299999999999503331e-01 1.843408762616759477e-14
3.349999999999502265e-01 1.841536365924320832e-14
3.399999999999501199e-01 1.846311286350143707e-14
3.449999999999500133e-01 1.855976165771171071e-14
3.499999999999499067e-01 1.870203064308677386e-14
3.549999999999498002e-01 1.892641816278244093e-14
3.599999999999496936e-01 1.928473904375020968e-14
3.649999999999495870e-01 1.982845101777435241e-14
3.699999999999494804e-01 2.062503539208145566e-14
3.749999999999493738e-01 2.173379554865590317e-14
3.799999999999492672e-01 2.317165508814450214e-14
3.849999999999491607e-01 2.498466175059304954e-14
3.899999999999490541e-01 2.733570577061960152e-14
3.949999999999489475e-01 3.044376107701761876e-14
3.999999999999488409e-01 3.445746282191831241e-14
4.049999999999487343e-01 3.943462701481412203e-14
4.099999999999486278e-01 4.540997068176360708e-14
4.149999999999485212e-01 5.242309094659488453e-14
4.199999999999484146e-01 6.049021182601139080e-14
4.249999999999483080e-01 6.960843621530828468e-14
4.299999999999482014e-01 7.980506095269041067e-14
4.349999999999480949e-01 9.113968486382635426e-14
4.399999999999479883e-01 1.036336750066219859e-13
4.449999999999478817e-01 1.172360193554555281e-13
4.499999999999477751e-01 1.318884416153329663e-13
4.549999999999476685e-01 1.475942378336082194e-13
4.599999999999475619e-01 1.643884941324747879e-13
4.649999999999474554e-01 1.822429604323988315e-13
4.699999999999473488e-01 2.010209387691483501e-13
4.749999999999472422e-01 2.205349924342493039e-13
4.799999999999471356e-01 2.406332046069433294e-13
4.849999999999470290e-01 2.612194567396876014e-13
4.899999999999469225e-01 2.822087688616338521e-13
4.949999999999468159e-01 3.034720577197440887e-13
4.999999999999467093e-01 3.248402990131874422e-13
5.049999999999466027e-01 3.461908677233292718e-13
5.099999999999464961e-01 3.674997151445115491e-13
5.149999999999463896e-01 3.887894860476778004e-13
5.199999999999462830e-01 4.100749065187079291e-13
5.249999999999461764e-01 4.313701124368984714e-13
5.299999999999460698e-01 4.526899001571965327e-13
5.349999999999459632e-01 4.740185132218810691e-13
5.399999999999458566e-01 4.953335631271476078e-13
5.449999999999457501e-01 5.166631469731425167e-13
5.499999999999456435e-01 5.380892955128875623e-13
5.549999999999455369e-01 5.597229223194822836e-13
5.599999999999454303e-01 5.816817473921665062e-13
5.649999999999453237e-01 6.040806598204469217e-13
5.699999999999452172e-01 6.270258838887020649e-13
5.749999999999451106e-01 6.505950830907610674e-13
5.799999999999450040e-01 6.748196856894174239e-13
5.849999999999448974e-01 6.996979307818190596e-13
5.899999999999447908e-01 7.252431523994762195e-13
5.949999999999446842e-01 7.515191660003387925e-13
5.999999999999445777e-01 7.786226241284394805e-13
6.049999999999444711e-01 8.066418497137112367e-13
6.099999999999443645e-01 8.356239563180679065e-13
6.149999999999442579e-01 8.655683379946681083e-13
6.199999999999441513e-01 8.964491434597502723e-13
6.249999999999440448e-01 9.282418900041050973e-13
6.299999999999439382e-01 9.609435778757390265e-13
6.349999999999438316e-01 9.945806579971437521e-13
6.399999999999437250e-01 1.029191510381927144e-12
6.449999999999436184e-01 1.064793830441655255e-12
6.499999999999435119e-01 1.101371013060653730e-12
6.549999999999434053e-01 1.138893541514817260e-12
6.599999999999432987e-01 1.177354310085988182e-12
6.649999999999431921e-01 1.216784608269499088e-12
6.699999999999430855e-01 1.257235879072454760e-12
6.749999999999429789e-01 1.298745202740805758e-12
6.799999999999428724e-01 1.341317142576005287e-12
6.849999999999427658e-01 1.384937827839697422e-12
6.899999999999426592e-01 1.429605936942597682e-12
6.949999999999425526e-01 1.475352013107842768e-12
6.999999999999424460e-01 1.522232486879165498e-12
7.049999999999423395e-01 1.570304173108985623e-12
7.099999999999422329e-01 1.619597119998868280e-12
7.149999999999421263e-01 1.670104762093955339e-12
7.199999999999420197e-01 1.721800264951479138e-12
7.249999999999419131e-01 1.774667682631424969e-12
7.299999999999418065e-01 1.828724995687778993e-12
7.349999999999417000e-01 1.884025566955575920e-12
7.399999999999415934e-01 1.940641368743647391e-12
7.449999999999414868e-01 1.998643539157724147e-12
7.499999999999413802e-01 2.058091432329905682e-12
7.549999999999412736e-01 2.119027291657211201e-12
7.599999999999411671e-01 2.181468473864236511e-12
7.649999999999410605e-01 2.245398618238906905e-12
7.699999999999409539e-01 2.310770290495744874e-12
7.749999999999408473e-01 2.377528106954562987e-12
7.799999999999407407e-01 2.445644252472676805e-12
7.849999999999406342e-01 2.515144205609596537e-12
7.899999999999405276e-01 2.586105165450156425e-12
7.949999999999404210e-01 2.658630795236117420e-12
7.999999999999403144e-01 2.732818822379264617e-12
8.049999999999402078e-01 2.808735353970734468e-12
8.099999999999401012e-01 2.886402308991239612e-12
8.149999999999399947e-01 2.965800299096773212e-12
8.199999999999398881e-01 3.046885212946843753e-12
8.249999999999397815e-01 3.129612028962336890e-12
8.299999999999396749e-01 3.213955579941569345e-12
8.349999999999395683e-01 3.299919956617909291e-12
8.399999999999394618e-01 3.387536405856545633e-12
8.449999999999393552e-01 3.476856622939336241e-12
8.499999999999392486e-01 3.567946392756977850e-12
8.549999999999391420e-01 3.660878052660992909e-12
8.599999999999390354e-01 3.755721636684446174e-12
8.649999999999389289e-01 3.852542463219865508e-12
8.699999999999388223e-01 3.951413501556051156e-12
8.749999999999387157e-01 4.052439017683193975e-12
8.799999999999386091e-01 4.155778981592592831e-12
8.849999999999385025e-01 4.261675565116725218e-12
8.899999999999383959e-01 4.370496953751185988e-12
8.949999999999382894e-01 4.482809564727732806e-12
8.999999999999381828e-01 4.599478763481471404e-12
9.049999999999380762e-01 4.721803144492372720e-12
9.099999999999379696e-01 4.851704101280425869e-12
9.149999999999378630e-01 4.991999089703253331e-12
9.199999999999377565e-01 5.146777624276620709e-12
9.249999999999376499e-01 5.321883081917189321e-12
9.299999999999375433e-01 5.525491746035396345e-12
9.349999999999374367e-01 5.768768356610704390e-12
9.399999999999373301e-01 6.066544052155738531e-12
9.449999999999372235e-01 6.437892463027176132e-12
9.499999999999371170e-01 6.906372245032953967e-12
9.549999999999370104e-01 7.499559457971960515e-12
9.599999999999369038e-01 8.247309553174817809e-12
9.649999999999367972e-01 9.178000132978858921e-12
9.699999999999366906e-01 1.031190641032494411e-11
9.749999999999365841e-01 1.165102847449530008e-11
9.799999999999364775e-01 1.316545984010128576e-11
9.849999999999363709e-01 1.477840540418102318e-11
9.899999999999362643e-01 1.635635780388275018e-11
9.949999999999361577e-01 1.771963205151885917e-11
9.999999999999360512e-01 1.870456863629420186e-11
1.004999999999935945e+00 1.478180683637262847e-03
1.009999999999935838e+00 2.897712639597585169e-03
1.014999999999935731e+00 4.260307055991977183e-03
1.019999999999935625e+00 5.567631859654608752e-03
1.024999999999935518e+00 6.821312723145660055e-03
1.029999999999935412e+00 8.022934032515301878e-03
1.034999999999935305e+00 9.174039834894159168e-03
1.039999999999935199e+00 1.027613476628446744e-02
1.044999999999935092e+00 1.133068495992055162e-02
1.049999999999934985e+00 1.233911893556153584e-02
1.054999999999934879e+00 1.330282847007362504e-02
1.059999999999934772e+00 1.422316944965380629e-02
1.064999999999934666e+00 1.510146270404121027e-02
1.069999999999934559e+00 1.593899482305709617e-02
1.074999999999934452e+00 1.673701895580886195e-02
1.079999999999934346e+00 1.749675559288831755e-02
1.084999999999934239e+00 1.821939333188897850e-02
1.089999999999934133e+00 1.890608962656215378e-02
1.094999999999934026e+00 1.955797151992613725e-02
1.099999999999933920e+00 2.017613636163801197e-02
1.104999999999933813e+00 2.076165250993198402e-02
1.109999999999933706e+00 2.131556001842413450e-02
1.114999999999933600e+00 2.183887130807728866e-02
1.119999999999933493e+00 2.233257182461562823e-02
1.124999999999933387e+00 2.279762068167361794e-02
1.129999999999933280e+00 2.323495128995921657e-02
1.134999999999933173e+00 2.364547197270599685e-02
1.139999999999933067e+00 2.403006656768498159e-02
1.144999999999932960e+00 2.438959501604170271e-02
1.149999999999932854e+00 2.472489393821982254e-02
1.154999999999932747e+00 2.503677719722794542e-02
1.159999999999932641e+00 2.532603644950203944e-02
1.164999999999932534e+00 2.559344168361121774e-02
1.169999999999932427e+00 2.583974174705050766e-02
1.174999999999932321e+00 2.606566486135990235e-02
1.179999999999932214e+00 2.627191912580486427e-02
1.184999999999932108e+00 2.645919300984905798e-02
1.189999999999932001e+00 2.662815583464626934e-02
1.194999999999931894e+00 2.677945824377435044e-02
1.199999999999931788e+00 2.691373266342984502e-02
1.204999999999931681e+00 2.703159375229829964e-02
1.209999999999931575e+00 2.713363884131125142e-02
1.214999999999931468e+00 2.722044836349718847e-02
1.219999999999931362e+00 2.729258627412961200e-02
1.224999999999931255e+00 2.735060046137234580e-02
1.229999999999931148e+00 2.739502314761782867e-02
1.234999999999931042e+00 2.742637128171104138e-02
1.239999999999930935e+00 2.744514692224798297e-02
1.244999999999930829e+00 2.745183761213402726e-02
1.249999999999930722e+00 2.744691674458437508e-02
1.254999999999930616e+00 2.743084392074499056e-02
1.259999999999930509e+00 2.740406529910943342e-02
1.264999999999930402e+00 2.736701393690360584e-02
1.269999999999930296e+00 2.732011012360703248e-02
1.274999999999930189e+00 2.726376170677650285e-02
1.279999999999930083e+00 2.719836441033425534e-02
1.284999999999929976e+00 2.712430214548036678e-02
1.289999999999929869e+00 2.704194731438535823e-02
1.294999999999929763e+00 2.695166110681676205e-02
1.299999999999929656e+00 2.685379378984970034e-02
1.304999999999929550e+00 2.674868499080934950e-02
1.309999999999929443e+00 2.663666397358968249e-02
1.314999999999929337e+00 2.651804990849063182e-02
1.319999999999929230e+00 2.639315213571267332e-02
1.324999999999929123e+00 2.626227042264546105e-02
1.329999999999929017e+00 2.612569521508405559e-02
1.334999999999928910e+00 2.598370788250416175e-02
1.339999999999928804e+00 2.583658095752489406e-02
1.344999999999928697e+00 2.568457836968519176e-02
1.349999999999928590e+00 2.552795567365740217e-02
1.354999999999928484e+00 2.536696027201938361e-02
1.359999999999928377e+00 2.520183163270374796e-02
1.364999999999928271e+00 2.503280150124065351e-02
1.369999999999928164e+00 2.486009410790841756e-02
1.374999999999928058e+00 2.468392636990359573e-02
1.379999999999927951e+00 2.450450808864015548e-02
1.384999999999927844e+00 2.432204214228524813e-02
1.389999999999927738e+00 2.413672467363668639e-02
1.394999999999927631e+00 2.394874527344528423e-02
1.399999999999927525e+00 2.375828715928313128e-02
1.404999999999927418e+00 2.356552735005680577e-02
1.409999999999927311e+00 2.337063683626236857e-02
1.414999999999927205e+00 2.317378074607730556e-02
1.419999999999927098e+00 2.297511850738245126e-02
1.424999999999926992e+00 2.277480400580500497e-02
1.429999999999926885e+00 2.257298573887208878e-02
1.434999999999926779e+00 2.236980696636203803e-02
1.439999999999926672e+00 2.216540585693946644e-02
1.444999999999926565e+00 2.195991563115769207e-02
1.449999999999926459e+00 2.175346470091092319e-02
1.454999999999926352e+00 2.154617680541649066e-02
1.459999999999926246e+00 2.133817114380608809e-02
1.464999999999926139e+00 2.112956250440306549e-02
1.469999999999926033e+00 2.092046139076134473e-02
1.474999999999925926e+00 2.071097414454004318e-02
1.479999999999925819e+00 2.050120306528602568e-02
1.484999999999925713e+00 2.029124652719549102e-02
1.489999999999925606e+00 2.008119909292387789e-02
1.494999999999925500e+00 1.987115162451204980e-02
1.499999999999925393e+00 1.966119139149535844e-02
1.504999999999925286e+00 1.945140217626064455e-02
1.509999999999925180e+00 1.924186437671480260e-02
1.514999999999925073e+00 1.903265510632748056e-02
1.519999999999924967e+00 1.882384829160874476e-02
1.524999999999924860e+00 1.861551476708166522e-02
1.529999999999924754e+00 1.840772236780810131e-02
1.534999999999924647e+00 1.820053601952498906e-02
1.539999999999924540e+00 1.799401782644707154e-02
1.544999999999924434e+00 1.778822715679095195e-02
1.549999999999924327e+00 1.758322072607389902e-02
1.554999999999924221e+00 1.737905267823993544e-02
1.559999999999924114e+00 1.717577466466460936e-02
1.564999999999924007e+00 1.697343592108836730e-02
1.569999999999923901e+00 1.677208334252800609e-02
1.574999999999923794e+00 1.657176155621382582e-02
1.579999999999923688e+00 1.637251299259983098e-02
1.584999999999923581e+00 1.617437795449266566e-02
1.589999999999923475e+00 1.597739468434444116e-02
1.594999999999923368e+00 1.578159942975317434e-02
1.599999999999923261e+00 1.558702650721417206e-02
1.604999999999923155e+00 1.539370836416404688e-02
1.609999999999923048e+00 1.520167563935877382e-02
1.614999999999922942e+00 1.501095722162577861e-02
1.619999999999922835e+00 1.482158030702957104e-02
1.624999999999922728e+00 1.463357045448924858e-02
1.629999999999922622e+00 1.444695163988549656e-02
1.634999999999922515e+00 1.426174630869383141e-02
1.639999999999922409e+00 1.407797542718003565e-02
1.644999999999922302e+00 1.389565853219292338e-02
1.649999999999922196e+00 1.371481377958875397e-02
1.654999999999922089e+00 1.353545799132086988e-02
1.659999999999921982e+00 1.335760670122738449e-02
1.664999999999921876e+00 1.318127419954900383e-02
1.669999999999921769e+00 1.300647357620832861e-02
1.674999999999921663e+00 1.283321676288127003e-02
1.679999999999921556e+00 1.266151457389051022e-02
1.684999999999921450e+00 1.249137674595035725e-02
1.689999999999921343e+00 1.232281197679147532e-02
1.694999999999921236e+00 1.215582796269357516e-02
1.699999999999921130e+00 1.199043143495322206e-02
1.704999999999921023e+00 1.182662819531362687e-02
1.709999999999920917e+00 1.166442315038235429e-02
1.714999999999920810e+00 1.150382034506244010e-02
1.719999999999920703e+00 1.134482299502190261e-02
1.724999999999920597e+00 1.118743351822588765e-02
1.729999999999920490e+00 1.103165356555520747e-02
1.734999999999920384e+00 1.087748405053447914e-02
1.739999999999920277e+00 1.072492517819256287e-02
1.744999999999920171e+00 1.057397647307740766e-02
1.749999999999920064e+00 1.042463680644694322e-02
1.754999999999919957e+00 1.027690442265712621e-02
1.759999999999919851e+00 1.013077696476781704e-02
1.764999999999919744e+00 9.986251499386518057e-03
1.769999999999919638e+00 9.843324540769828740e-03
1.774999999999919531e+00 9.701992074201621838e-03
1.779999999999919424e+00 9.562249578666878400e-03
1.784999999999919318e+00 9.424092048839366811e-03
1.789999999999919211e+00 9.287514016401144518e-03
1.794999999999919105e+00 9.152509570711271289e-03
1.799999999999918998e+00 9.019072378840808923e-03
1.804999999999918892e+00 8.887195704990814502e-03
1.809999999999918785e+00 8.756872429309401143e-03
1.814999999999918678e+00 8.628095066123912457e-03
1.819999999999918572e+00 8.500855781603590747e-03
1.824999999999918465e+00 8.375146410867844934e-03
1.829999999999918359e+00 8.250958474554932753e-03
1.834999999999918252e+00 8.128283194865304484e-03
1.839999999999918145e+00 8.007111511093890216e-03
1.844999999999918039e+00 7.887434094664726170e-03
1.849999999999917932e+00 7.769241363681633934e-03
1.854999999999917826e+00 7.652523497007691564e-03
1.859999999999917719e+00 7.537270447886457517e-03
1.864999999999917613e+00 7.423471957117247499e-03
1.869999999999917506e+00 7.311117565796636762e-03
1.874999999999917399e+00 7.200196627637993514e-03
1.879999999999917293e+00 7.090698320880589774e-03
1.884999999999917186e+00 6.982611659799534999e-03
1.889999999999917080e+00 6.875925505827513301e-03
1.894999999999916973e+00 6.770628578299041356e-03
1.899999999999916866e+00 6.666709464827648424e-03
1.904999999999916760e+00 6.564156631326245432e-03
1.909999999999916653e+00 6.462958431680524210e-03
1.914999999999916547e+00 6.363103117085089182e-03
1.919999999999916440e+00 6.264578845051865102e-03
1.924999999999916334e+00 6.167373688099842162e-03
1.929999999999916227e+00 6.071475642135248409e-03
1.934999999999916120e+00 5.976872634530853469e-03
1.939999999999916014e+00 5.883552531912954013e-03
1.944999999999915907e+00 5.791503147664361570e-03
1.949999999999915801e+00 5.700712249151496450e-03
1.954999999999915694e+00 5.611167564683502453e-03
1.959999999999915588e+00 5.522856790211094075e-03
1.964999999999915481e+00 5.435767595772623278e-03
1.969999999999915374e+00 5.349887631694714984e-03
1.974999999999915268e+00 5.265204534554585383e-03
1.979999999999915161e+00 5.181705932911008852e-03
1.984999999999915055e+00 5.099379452810700632e-03
1.989999999999914948e+00 5.018212723076702873e-03
1.994999999999914841e+00 4.938193380385240243e-03
