-2.000000000000000000e+00 7.023678348579096065e-44
-1.995000000000000107e+00 7.201469210260506537e-44
-1.990000000000000213e+00 7.383760504504917324e-44
-1.985000000000000320e+00 7.570666151076848292e-44
-1.980000000000000426e+00 7.762302953399806259e-44
-1.975000000000000533e+00 7.958790671550556563e-44
-1.970000000000000639e+00 8.160252097101094497e-44
-1.965000000000000746e+00 8.366813129855092759e-44
-1.960000000000000853e+00 8.578602856526788958e-44
-1.955000000000000959e+00 8.795753631411484924e-44
-1.950000000000001066e+00 9.018401159098040372e-44
-1.945000000000001172e+00 9.246684579275097561e-44
-1.940000000000001279e+00 9.480746553683995323e-44
-1.935000000000001386e+00 9.720733355272744660e-44
-1.930000000000001492e+00 9.966794959606749485e-44
-1.925000000000001599e+00 1.021908513859342864e-43
-1.920000000000001705e+00 1.047776155657928430e-43
-1.915000000000001812e+00 1.074298586887945851e-43
-1.910000000000001918e+00 1.101492382280144825e-43
-1.905000000000002025e+00 1.129374536122597206e-43
-1.900000000000002132e+00 1.157962472880980307e-43
-1.895000000000002238e+00 1.187274058087692872e-43
-1.890000000000002345e+00 1.217327609506606408e-43
-1.885000000000002451e+00 1.248141908580438801e-43
-1.880000000000002558e+00 1.279736212167881866e-43
-1.875000000000002665e+00 1.312130264577842144e-43
-1.870000000000002771e+00 1.345344309908302567e-43
-1.865000000000002878e+00 1.379399104697517564e-43
-1.860000000000002984e+00 1.414315930895451503e-43
-1.855000000000003091e+00 1.450116609163559351e-43
-1.850000000000003197e+00 1.486823512511230065e-43
-1.845000000000003304e+00 1.524459580277408600e-43
-1.840000000000003411e+00 1.563048332466134831e-43
-1.835000000000003517e+00 1.602613884444958942e-43
-1.830000000000003624e+00 1.643180962015423433e-43
-1.825000000000003730e+00 1.684774916865017753e-43
-1.820000000000003837e+00 1.727421742410275232e-43
-1.815000000000003944e+00 1.771148090040902229e-43
-1.810000000000004050e+00 1.815981285775104212e-43
-1.805000000000004157e+00 1.861949347336499319e-43
-1.800000000000004263e+00 1.909081001663313427e-43
-1.795000000000004370e+00 1.957405702860766421e-43
-1.790000000000004476e+00 2.006953650607910233e-43
-1.785000000000004583e+00 2.057755809030394887e-43
-1.780000000000004690e+00 2.109843926050949442e-43
-1.775000000000004796e+00 2.163250553229701259e-43
-1.770000000000004903e+00 2.218009066106696781e-43
-1.765000000000005009e+00 2.274153685059370958e-43
-1.760000000000005116e+00 2.331719496687970109e-43
-1.755000000000005222e+00 2.390742475742314996e-43
-1.750000000000005329e+00 2.451259507603587550e-43
-1.745000000000005436e+00 2.513308411335211852e-43
-1.740000000000005542e+00 2.576927963317214983e-43
-1.735000000000005649e+00 2.642157921478851236e-43
-1.730000000000005755e+00 2.709039050144623267e-43
-1.725000000000005862e+00 2.777613145509242002e-43
-1.720000000000005969e+00 2.847923061757420351e-43
-1.715000000000006075e+00 2.920012737844857033e-43
-1.710000000000006182e+00 2.993927224957114453e-43
-1.705000000000006288e+00 3.069712714663574931e-43
-1.700000000000006395e+00 3.147416567784059431e-43
-1.695000000000006501e+00 3.227087343986131428e-43
-1.690000000000006608e+00 3.308774832131624743e-43
-1.685000000000006715e+00 3.392530081391332010e-43
-1.680000000000006821e+00 3.478405433147281550e-43
-1.675000000000006928e+00 3.566454553702572040e-43
-1.670000000000007034e+00 3.656732467819196003e-43
-1.665000000000007141e+00 3.749295593104803250e-43
-1.660000000000007248e+00 3.844201775269903463e-43
-1.655000000000007354e+00 3.941510324277528023e-43
-1.650000000000007461e+00 4.041282051407963037e-43
-1.645000000000007567e+00 4.143579307261696403e-43
-1.640000000000007674e+00 4.248466020724335116e-43
-1.635000000000007780e+00 4.356007738917851170e-43
-1.630000000000007887e+00 4.466271668163106275e-43
-1.625000000000007994e+00 4.579326715979273904e-43
-1.620000000000008100e+00 4.695243534146404853e-43
-1.615000000000008207e+00 4.814094562857987077e-43
-1.610000000000008313e+00 4.935954075991223601e-43
-1.605000000000008420e+00 5.060898227523169657e-43
-1.600000000000008527e+00 5.189005099121850786e-43
-1.595000000000008633e+00 5.320354748942014106e-43
-1.590000000000008740e+00 5.455029261656086592e-43
-1.585000000000008846e+00 5.593112799751585653e-43
-1.580000000000008953e+00 5.734691656126957778e-43
-1.575000000000009059e+00 5.879854308018846128e-43
-1.570000000000009166e+00 6.028691472294380613e-43
-1.565000000000009273e+00 6.181296162143105950e-43
-1.560000000000009379e+00 6.337763745203969308e-43
-1.555000000000009486e+00 6.498192003163631878e-43
-1.550000000000009592e+00 6.662681192863452825e-43
-1.545000000000009699e+00 6.831334108953242019e-43
-1.540000000000009805e+00 7.004256148130987538e-43
-1.535000000000009912e+00 7.181555375008673598e-43
-1.530000000000010019e+00 7.363342589645402181e-43
-1.525000000000010125e+00 7.549731396789922204e-43
-1.520000000000010232e+00 7.740838276875951691e-43
-1.515000000000010338e+00 7.936782658814609577e-43
-1.510000000000010445e+00 8.137686994629390530e-43
-1.505000000000010552e+00 8.343676835980454388e-43
-1.500000000000010658e+00 8.554880912625962420e-43
-1.495000000000010765e+00 8.771431212869419310e-43
-1.490000000000010871e+00 8.993463066043529854e-43
-1.485000000000010978e+00 9.221115227081901377e-43
-1.480000000000011084e+00 9.454529963231482520e-43
-1.475000000000011191e+00 9.693853142960026195e-43
-1.470000000000011298e+00 9.939234327114035420e-43
-1.465000000000011404e+00 1.019082686238419446e-42
-1.460000000000011511e+00 1.044878797713673262e-42
-1.455000000000011617e+00 1.071327887967053176e-42
-1.450000000000011724e+00 1.098446485896144054e-42
-1.445000000000011831e+00 1.126251538795674338e-42
-1.440000000000011937e+00 1.154760422948431209e-42
-1.435000000000012044e+00 1.183990954484267328e-42
-1.430000000000012150e+00 1.213961400513979001e-42
-1.425000000000012257e+00 1.244690490545017609e-42
-1.420000000000012363e+00 1.276197428186171178e-42
-1.415000000000012470e+00 1.308501903148522012e-42
-1.410000000000012577e+00 1.341624103550189276e-42
-1.405000000000012683e+00 1.375584728532542232e-42
-1.400000000000012790e+00 1.410405001195768339e-42
-1.395000000000012896e+00 1.446106681861872415e-42
-1.390000000000013003e+00 1.482712081673419582e-42
-1.385000000000013110e+00 1.520244076536489154e-42
-1.380000000000013216e+00 1.558726121416578346e-42
-1.375000000000013323e+00 1.598182264996365502e-42
-1.370000000000013429e+00 1.638637164704522115e-42
-1.365000000000013536e+00 1.680116102124939898e-42
-1.360000000000013642e+00 1.722644998796013670e-42
-1.355000000000013749e+00 1.766250432409860716e-42
-1.350000000000013856e+00 1.810959653421579719e-42
-1.345000000000013962e+00 1.856800602078948291e-42
-1.340000000000014069e+00 1.903801925883197497e-42
-1.335000000000014175e+00 1.951992997491762949e-42
-1.330000000000014282e+00 2.001403933074218941e-42
-1.325000000000014388e+00 2.052065611132848670e-42
-1.320000000000014495e+00 2.104009691799632737e-42
-1.315000000000014602e+00 2.157268636621687591e-42
-1.310000000000014708e+00 2.211875728847548176e-42
-1.305000000000014815e+00 2.267865094226955395e-42
-1.300000000000014921e+00 2.325271722337146118e-42
-1.295000000000015028e+00 2.384131488448973850e-42
-1.290000000000015135e+00 2.444481175946537077e-42
-1.285000000000015241e+00 2.506358499314322071e-42
-1.280000000000015348e+00 2.569802127706201810e-42
-1.275000000000015454e+00 2.634851709111048768e-42
-1.270000000000015561e+00 2.701547895130061230e-42
-1.265000000000015667e+00 2.769932366381264719e-42
-1.260000000000015774e+00 2.840047858547093649e-42
-1.255000000000015881e+00 2.911938189081305613e-42
-1.250000000000015987e+00 2.985648284591941099e-42
-1.245000000000016094e+00 3.061224208917411705e-42
-1.240000000000016200e+00 3.138713191913307103e-42
-1.235000000000016307e+00 3.218163658967858678e-42
-1.230000000000016414e+00 3.299625261264545425e-42
-1.225000000000016520e+00 3.383148906810733632e-42
-1.220000000000016627e+00 3.468786792251754204e-42
-1.215000000000016733e+00 3.556592435490268204e-42
-1.210000000000016840e+00 3.646620709131372063e-42
-1.205000000000016946e+00 3.738927874774253362e-42
-1.200000000000017053e+00 3.833571618171913474e-42
-1.195000000000017160e+00 3.930611085280846783e-42
-1.190000000000017266e+00 4.030106919223298390e-42
-1.185000000000017373e+00 4.132121298185124314e-42
-1.180000000000017479e+00 4.236717974272953003e-42
-1.175000000000017586e+00 4.343962313354957491e-42
-1.170000000000017693e+00 4.453921335910111435e-42
-1.165000000000017799e+00 4.566663758911476519e-42
-1.160000000000017906e+00 4.682260038769663833e-42
-1.155000000000018012e+00 4.800782415363354914e-42
-1.150000000000018119e+00 4.922304957184332677e-42
-1.145000000000018225e+00 5.046903607625313637e-42
-1.140000000000018332e+00 5.174656232439436156e-42
-1.135000000000018439e+00 5.305642668401101203e-42
-1.130000000000018545e+00 5.439944773198582865e-42
-1.125000000000018652e+00 5.577646476589557362e-42
-1.120000000000018758e+00 5.718833832851535417e-42
-1.115000000000018865e+00 5.863595074559989520e-42
-1.110000000000018971e+00 6.012020667727755930e-42
-1.105000000000019078e+00 6.164203368340209502e-42
-1.100000000000019185e+00 6.320238280321474101e-42
-1.095000000000019291e+00 6.416366504347025323e-41
-1.090000000000019398e+00 1.220111386250076024e-40
-1.085000000000019504e+00 1.798627586492049008e-40
-1.080000000000019611e+00 2.377186273318006454e-40
-1.075000000000019718e+00 2.955788495436583407e-40
-1.070000000000019824e+00 3.534435328763037919e-40
-1.065000000000019931e+00 4.113127877091619234e-40
-1.060000000000020037e+00 4.691867272785379952e-40
-1.055000000000020144e+00 5.270654677483805329e-40
-1.050000000000020250e+00 5.849491282828774608e-40
-1.045000000000020357e+00 6.428378311209254869e-40
-1.040000000000020464e+00 7.007317016525211074e-40
-1.035000000000020570e+00 7.586308684971202157e-40
-1.030000000000020677e+00 8.165354635840168837e-40
-1.025000000000020783e+00 8.744456222347916448e-40
-1.020000000000020890e+00 9.323614832478770736e-40
-1.015000000000020997e+00 9.902831889852958855e-40
-1.010000000000021103e+00 1.048210885461631668e-39
-1.005000000000021210e+00 1.106144722435273684e-39
-1.000000000000021316e+00 1.164084853502010123e-39
-9.950000000000214229e-01 3.011579177744897152e-39
-9.900000000000215294e-01 7.771444382707694468e-39
-9.850000000000216360e-01 1.983638770599574919e-38
-9.800000000000217426e-01 5.010278158255302698e-38
-9.750000000000218492e-01 1.252555082436011703e-37
-9.700000000000219558e-01 3.099972953030851391e-37
-9.650000000000220624e-01 7.596593404761340323e-37
-9.600000000000221689e-01 1.843482594869560190e-36
-9.550000000000222755e-01 4.430618723200950400e-36
-9.500000000000223821e-01 1.054699139971684404e-35
-9.450000000000224887e-01 2.486874027994240156e-35
-9.400000000000225953e-01 5.808325216975544122e-35
-9.350000000000227018e-01 1.343754860467772030e-34
-9.300000000000228084e-01 3.079287763469711952e-34
-9.250000000000229150e-01 6.989073210425144415e-34
-9.200000000000230216e-01 1.571065815661286691e-33
-9.150000000000231282e-01 3.497266634179617594e-33
-9.100000000000232347e-01 7.708387088071566914e-33
-9.050000000000233413e-01 1.681995931161683289e-32
-9.000000000000234479e-01 3.632645277786625891e-32
-8.950000000000235545e-01 7.763350270411942303e-32
-8.900000000000236611e-01 1.641246416034233899e-31
-8.850000000000237677e-01 3.431170772143556278e-31
-8.800000000000238742e-01 7.090404930002084094e-31
-8.750000000000239808e-01 1.447574866248407792e-30
-8.700000000000240874e-01 2.918037105866063907e-30
-8.650000000000241940e-01 5.803718194747668083e-30
-8.600000000000243006e-01 1.137909701322574500e-29
-8.550000000000244071e-01 2.197009911390367093e-29
-8.500000000000245137e-01 4.171648972517741782e-29
-8.450000000000246203e-01 7.777167568768911142e-29
-8.400000000000247269e-01 1.420586382245488898e-28
-8.350000000000248335e-01 2.535569507783503448e-28
-8.300000000000249401e-01 4.406525503937098326e-28
-8.250000000000250466e-01 7.420330549763175716e-28
-8.200000000000251532e-01 1.202512897482707826e-27
-8.150000000000252598e-01 1.856648303491028634e-27
-8.100000000000253664e-01 2.688649095552291713e-27
-8.050000000000254730e-01 3.556374592846327957e-27
-8.000000000000255795e-01 4.086509294994379569e-27
-7.950000000000256861e-01 3.636462280131830820e-27
-7.900000000000257927e-01 1.708671853540222453e-27
-7.850000000000258993e-01 2.966479606792654466e-29
-7.800000000000260059e-01 9.676183049530612074e-27
-7.750000000000261124e-01 7.201803133007148607e-26
-7.700000000000262190e-01 3.150778257496790879e-25
-7.650000000000263256e-01 1.096473216349780533e-24
-7.600000000000264322e-01 3.350394123310675564e-24
-7.550000000000265388e-01 9.401233621171788415e-24
-7.500000000000266454e-01 2.481788722381593254e-23
-7.450000000000267519e-01 6.253839804698452048e-23
-7.400000000000268585e-01 1.518518790243423541e-22
-7.350000000000269651e-01 3.575902793315524954e-22
-7.300000000000270717e-01 8.204353214058777167e-22
-7.250000000000271783e-01 1.840239596677576920e-21
-7.200000000000272848e-01 4.045737526803424267e-21
-7.150000000000273914e-01 8.735441310710502647e-21
-7.100000000000274980e-01 1.855340749217591070e-20
-7.050000000000276046e-01 3.881200561281615253e-20
-7.000000000000277112e-01 8.004983980774553135e-20
-6.950000000000278177e-01 1.629202193400939241e-19
-6.900000000000279243e-01 3.274269911402047092e-19
-6.850000000000280309e-01 6.501791163619553674e-19
-6.800000000000281375e-01 1.276272425919282299e-18
-6.750000000000282441e-01 2.477560737629539067e-18
-6.700000000000283507e-01 4.758017393188115139e-18
-6.650000000000284572e-01 9.042210838698276874e-18
-6.600000000000285638e-01 1.700887066038244034e-17
-6.550000000000286704e-01 3.167494422691185287e-17
-6.500000000000287770e-01 5.840729299738665250e-17
-6.450000000000288836e-01 1.066561986228512989e-16
-6.400000000000289901e-01 1.928931457975464022e-16
-6.350000000000290967e-01 3.455340687406690308e-16
-6.300000000000292033e-01 6.130960868147556370e-16
-6.250000000000293099e-01 1.077553706046062545e-15
-6.200000000000294165e-01 1.875945553152230646e-15
-6.150000000000295231e-01 3.234891575968954010e-15
-6.100000000000296296e-01 5.525015436607554190e-15
-6.050000000000297362e-01 9.345572530543807241e-15
-6.000000000000298428e-01 1.565412968924842488e-14
-5.950000000000299494e-01 2.596217202198414375e-14
-5.900000000000300560e-01 4.262514269408923973e-14
-5.850000000000301625e-01 6.926445691882146583e-14
-5.800000000000302691e-01 1.113686476680539197e-13
-5.750000000000303757e-01 1.771290432375235199e-13
-5.700000000000304823e-01 2.785684116132777677e-13
-5.650000000000305889e-01 4.330120680584970234e-13
-5.600000000000306954e-01 6.649189734293003109e-13
-5.550000000000308020e-01 1.008018442260650493e-12
-5.500000000000309086e-01 1.507562060362027377e-12
-5.450000000000310152e-01 2.222268399649903749e-12
-5.400000000000311218e-01 3.225172660597421181e-12
-5.350000000000312284e-01 4.602059180335702904e-12
-5.300000000000313349e-01 6.445437261436686064e-12
-5.250000000000314415e-01 8.841164343233848735e-12
-5.200000000000315481e-01 1.184400023417313991e-11
-5.150000000000316547e-01 1.543802526180207352e-11
-5.100000000000317613e-01 1.947888172684244150e-11
-5.050000000000318678e-01 2.361893888562227910e-11
-5.000000000000319744e-01 2.722686523494761745e-11
-4.950000000000320810e-01 2.933510681986733216e-11
-4.900000000000321876e-01 2.869137373497198912e-11
-4.850000000000322942e-01 2.406787716850920160e-11
-4.800000000000324007e-01 1.511743587412711351e-11
-4.750000000000325073e-01 4.293505801210956013e-12
-4.700000000000326139e-01 7.239240919316093739e-13
-4.650000000000327205e-01 2.752244283888157340e-11
-4.600000000000328271e-01 1.349484027675287460e-10
-4.550000000000329337e-01 4.232389143334623643e-10
-4.500000000000330402e-01 1.081054886982259601e-09
-4.450000000000331468e-01 2.448593407485241702e-09
-4.400000000000332534e-01 5.118909923322405788e-09
-4.350000000000333600e-01 1.009736329552764555e-08
-4.300000000000334666e-01 1.904797428117169469e-08
-4.250000000000335731e-01 3.466764481258595907e-08
-4.200000000000336797e-01 6.124553647291257865e-08
-4.150000000000337863e-01 1.054864938573718950e-07
-4.100000000000338929e-01 1.777053478227702478e-07
-4.050000000000339995e-01 2.935343725316566267e-07
-4.000000000000341061e-01 4.763300941245204619e-07
-3.950000000000342126e-01 7.605187205535871696e-07
-3.900000000000343192e-01 1.196181730132769751e-06
-3.850000000000344258e-01 1.855253680651008296e-06
-3.800000000000345324e-01 2.839780679256412341e-06
-3.750000000000346390e-01 4.292765752195252179e-06
-3.700000000000347455e-01 6.412199461643931224e-06
-3.650000000000348521e-01 9.468930061303557739e-06
-3.600000000000349587e-01 1.382905277302831205e-05
-3.550000000000350653e-01 1.998147336910179758e-05
-3.500000000000351719e-01 2.857120331725668169e-05
-3.450000000000352784e-01 4.043874381536086127e-05
-3.400000000000353850e-01 5.666558182942190889e-05
-3.350000000000354916e-01 7.862531836803970866e-05
-3.300000000000355982e-01 1.080392440128684101e-04
-3.250000000000357048e-01 1.470342403847632986e-04
-3.200000000000358114e-01 1.981997004742421182e-04
-3.150000000000359179e-01 2.646387249797957971e-04
-3.100000000000360245e-01 3.500071915516150627e-04
-3.050000000000361311e-01 4.585324704438517823e-04
-3.000000000000362377e-01 5.950016804748668340e-04
-2.950000000000363443e-01 7.647076051763068488e-04
-2.900000000000364508e-01 9.733389444333952287e-04
-2.850000000000365574e-01 1.226800751177522424e-03
-2.800000000000366640e-01 1.530951048502729624e-03
-2.750000000000367706e-01 1.891241145943207058e-03
-2.700000000000368772e-01 2.312250513974245178e-03
-2.650000000000369837e-01 2.797112674470868081e-03
-2.600000000000370903e-01 3.346836821297299001e-03
-2.550000000000371969e-01 3.959541100466758626e-03
-2.500000000000373035e-01 4.629627788848902741e-03
-2.450000000000374101e-01 5.346947909288780887e-03
-2.400000000000375167e-01 6.096022686171668516e-03
-2.350000000000376232e-01 6.855410868522912593e-03
-2.300000000000377298e-01 7.597333072874148940e-03
-2.250000000000378364e-01 8.287685196346929531e-03
-2.200000000000379430e-01 8.886590426581584060e-03
-2.150000000000380496e-01 9.349650825536473531e-03
-2.100000000000381561e-01 9.630061992388515638e-03
-2.050000000000382627e-01 9.681744908248191006e-03
-2.000000000000383693e-01 9.463624856694290502e-03
-1.950000000000384759e-01 8.945145860358711190e-03
-1.900000000000385825e-01 8.113048719815007387e-03
-1.850000000000386891e-01 6.979360982593291012e-03
-1.800000000000387956e-01 5.590449009258355306e-03
-1.750000000000389022e-01 4.036868552924122167e-03
-1.700000000000390088e-01 2.463625761825105273e-03
-1.650000000000391154e-01 1.080332177103178297e-03
-1.600000000000392220e-01 1.706140391150496628e-04
-1.550000000000393285e-01 1.000286100476496017e-04
-1.500000000000394351e-01 1.321659963519479465e-03
-1.450000000000395417e-01 4.378525830733006989e-03
-1.400000000000396483e-01 9.901937064689487686e-03
-1.350000000000397549e-01 1.860502181083754925e-02
-1.300000000000398614e-01 3.127076439324120993e-02
-1.250000000000399680e-01 4.873411706573432117e-02
-1.200000000000400746e-01 7.185801897283926321e-02
-1.150000000000401812e-01 1.015034930564281263e-01
-1.100000000000402878e-01 1.384943743619317935e-01
-1.050000000000403944e-01 1.835776325292278466e-01
-1.000000000000405009e-01 2.373806623511994784e-01
-9.500000000004060752e-02 3.003673004370288613e-01
-9.000000000004071410e-02 3.727946524486781543e-01
-8.500000000004082068e-02 4.546730534647606126e-01
-8.000000000004092726e-02 5.457316058070912357e-01
-7.500000000004103384e-02 6.453917214402844493e-01
-7.000000000004114042e-02 7.527509248306524237e-01
-6.500000000004124701e-02 8.665788417137169075e-01
-6.000000000004135359e-02 9.853268155885999136e-01
-5.500000000004146017e-02 1.107151974827394136e+00
-5.000000000004156675e-02 1.229955848528952567e+00
-4.500000000004167333e-02 1.351436838391477213e+00
-4.000000000004177991e-02 1.469155044635510832e+00
-3.500000000004188649e-02 1.580607168932741224e+00
-3.000000000004199308e-02 1.683308530015004578e+00
-2.500000000004209966e-02 1.774878678763542661e+00
-2.000000000004220624e-02 1.853126732599326809e+00
-1.500000000004231282e-02 1.916132396562985507e+00
-1.000000000004241940e-02 1.962318719382262433e+00
-5.000000000042525983e-03 1.990512950026054995e+00
-4.263256414560601115e-14 1.999992400078642651e+00
4.999999999957260854e-03 1.990512950026409378e+00
9.999999999957154273e-03 1.962318719382910137e+00
1.499999999995704769e-02 1.916132396563890561e+00
1.999999999995694111e-02 1.853126732600532511e+00
2.499999999995683453e-02 1.774878678765011264e+00
2.999999999995672795e-02 1.683308530016664584e+00
3.499999999995662137e-02 1.580607168934567097e+00
3.999999999995651478e-02 1.469155044637478813e+00
4.499999999995640820e-02 1.351436838393518913e+00
4.999999999995630162e-02 1.229955848531043339e+00
5.499999999995619504e-02 1.107151974829478691e+00
5.999999999995608846e-02 9.853268155906602654e-01
6.499999999995598188e-02 8.665788417157155310e-01
6.999999999995587530e-02 7.527509248325454649e-01
7.499999999995576871e-02 6.453917214420566983e-01
7.999999999995566213e-02 5.457316058087166022e-01
8.499999999995555555e-02 4.546730534662321022e-01
8.999999999995544897e-02 3.727946524499958780e-01
9.499999999995534239e-02 3.003673004381815503e-01
9.999999999995523581e-02 2.373806623521951265e-01
1.049999999999551292e-01 1.835776325300709499e-01
1.099999999999550226e-01 1.384943743626299573e-01
1.149999999999549161e-01 1.015034930569934657e-01
1.199999999999548095e-01 7.185801897328721044e-02
1.249999999999547029e-01 4.873411706607758825e-02
1.299999999999545963e-01 3.127076439349589509e-02
1.349999999999544897e-01 1.860502181101776273e-02
1.399999999999543832e-01 9.901937064808566044e-03
1.449999999999542766e-01 4.378525830804205245e-03
1.499999999999541700e-01 1.321659963554285390e-03
1.549999999999540634e-01 1.000286100560401068e-04
1.599999999999539568e-01 1.706140391055342438e-04
1.649999999999538502e-01 1.080332177082736532e-03
1.699999999999537437e-01 2.463625761799221898e-03
1.749999999999536371e-01 4.036868552896969407e-03
1.799999999999535305e-01 5.590449009232950281e-03
1.849999999999534239e-01 6.979360982571521099e-03
1.899999999999533173e-01 8.113048719798260366e-03
1.949999999999532108e-01 8.945145860347182218e-03
1.999999999999531042e-01 9.463624856688113152e-03
2.049999999999529976e-01 9.681744908246922923e-03
2.099999999999528910e-01 9.630061992391466402e-03
2.149999999999527844e-01 9.349650825542964866e-03
2.199999999999526779e-01 8.886590426590764216e-03
2.249999999999525713e-01 8.287685196358094211e-03
2.299999999999524647e-01 7.597333072886497569e-03
2.349999999999523581e-01 6.855410868535728730e-03
2.399999999999522515e-01 6.096022686184599144e-03
2.449999999999521449e-01 5.346947909301342887e-03
2.499999999999520384e-01 4.629627788860791668e-03
2.549999999999519318e-01 3.959541100477737691e-03
2.599999999999518252e-01 3.346836821307237666e-03
2.649999999999517186e-01 2.797112674479668767e-03
2.699999999999516120e-01 2.312250513981971203e-03
2.749999999999515055e-01 1.891241145949851699e-03
2.799999999999513989e-01 1.530951048508381570e-03
2.849999999999512923e-01 1.226800751182268194e-03
2.899999999999511857e-01 9.733389444373155954e-04
2.949999999999510791e-01 7.647076051795182556e-04
2.999999999999509726e-01 5.950016804774688108e-04
3.049999999999508660e-01 4.585324704459216327e-04
3.099999999999507594e-01 3.500071915532557859e-04
3.149999999999506528e-01 2.646387249810813898e-04
3.199999999999505462e-01 1.981997004752339463e-04
3.249999999999504396e-01 1.470342403855232159e-04
3.299999999999503331e-01 1.080392440134449482e-04
3.349999999999502265e-01 7.862531836847235953e-05
3.399999999999501199e-01 5.666558182974291405e-05
3.449999999999500133e-01 4.043874381559680399e-05
3.499999999999499067e-01 2.857120331742829734e-05
3.549999999999498002e-01 1.998147336922529159e-05
3.599999999999496936e-01 1.382905277311631877e-05
3.649999999999495870e-01 9.468930061365540222e-06
3.699999999999494804e-01 6.412199461687145998e-06
3.749999999999493738e-01 4.292765752225034705e-06
3.799999999999492672e-01 2.839780679276759767e-06
3.849999999999491607e-01 1.855253680664668396e-06
3.899999999999490541e-01 1.196181730141864132e-06
3.949999999999489475e-01 7.605187205595548344e-07
3.999999999999488409e-01 4.763300941283867438e-07
4.049999999999487343e-01 2.935343725341182633e-07
4.099999999999486278e-01 1.777053478243213769e-07
4.149999999999485212e-01 1.054864938583299819e-07
4.199999999999484146e-01 6.124553647349304768e-08
4.249999999999483080e-01 3.466764481293016547e-08
4.299999999999482014e-01 1.904797428137144558e-08
4.349999999999480949e-01 1.009736329564032575e-08
4.399999999999479883e-01 5.118909923383948853e-09
4.449999999999478817e-01 2.448593407517451288e-09
4.499999999999477751e-01 1.081054886998281676e-09
4.549999999999476685e-01 4.232389143408271152e-10
4.599999999999475619e-01 1.349484027705201671e-10
4.649999999999474554e-01 2.752244283982859181e-11
4.699999999999473488e-01 7.239240920353989323e-13
4.749999999999472422e-01 4.293505801048166222e-12
4.799999999999471356e-01 1.511743587394515963e-11
4.849999999999470290e-01 2.406787716839206184e-11
4.899999999999469225e-01 2.869137373493008402e-11
4.949999999999468159e-01 2.933510681988346218e-11
4.999999999999467093e-01 2.722686523499976538e-11
5.049999999999466027e-01 2.361893888569064105e-11
5.099999999999464961e-01 1.947888172691346594e-11
5.149999999999463896e-01 1.543802526186792485e-11
5.199999999999462830e-01 1.184400023422951906e-11
5.249999999999461764e-01 8.841164343279650630e-12
5.299999999999460698e-01 6.445437261472680538e-12
5.349999999999459632e-01 4.602059180362886773e-12
5.399999999999458566e-01 3.225172660617439921e-12
5.449999999999457501e-01 2.222268399664349521e-12
5.499999999999456435e-01 1.507562060372184371e-12
5.549999999999455369e-01 1.008018442267676682e-12
5.599999999999454303e-01 6.649189734340937579e-13
5.649999999999453237e-01 4.330120680617143642e-13
5.699999999999452172e-01 2.785684116154002957e-13
5.749999999999451106e-01 1.771290432389083305e-13
5.799999999999450040e-01 1.113686476689447520e-13
5.849999999999448974e-01 6.926445691938699706e-14
5.899999999999447908e-01 4.262514269444612040e-14
5.949999999999446842e-01 2.596217202220613237e-14
5.999999999999445777e-01 1.565412968938486626e-14
6.049999999999444711e-01 9.345572530626864827e-15
6.099999999999443645e-01 5.525015436657515907e-15
6.149999999999442579e-01 3.234891575998669217e-15
6.199999999999441513e-01 1.875945553169839993e-15
6.249999999999440448e-01 1.077553706056365463e-15
6.299999999999439382e-01 6.130960868207012816e-16
6.349999999999438316e-01 3.455340687440726205e-16
6.399999999999437250e-01 1.928931457994783965e-16
6.449999999999436184e-01 1.066561986239380411e-16
6.499999999999435119e-01 5.840729299799131439e-17
6.549999999999434053e-01 3.167494422724496171e-17
6.599999999999432987e-01 1.700887066056434981e-17
6.649999999999431921e-01 9.042210838796445375e-18
6.699999999999430855e-01 4.758017393240637560e-18
6.749999999999429789e-01 2.477560737657335244e-18
6.799999999999428724e-01 1.276272425933837515e-18
6.849999999999427658e-01 6.501791163694989461e-19
6.899999999999426592e-01 3.274269911440652357e-19
6.949999999999425526e-01 1.629202193420489356e-19
6.999999999999424460e-01 8.004983980872373525e-20
7.049999999999423395e-01 3.881200561329955493e-20
7.099999999999422329e-01 1.855340749241179499e-20
7.149999999999421263e-01 8.735441310823801494e-21
7.199999999999420197e-01 4.045737526857164483e-21
7.249999999999419131e-01 1.840239596702650496e-21
7.299999999999418065e-01 8.204353214173054966e-22
7.349999999999417000e-01 3.575902793366727608e-22
7.399999999999415934e-01 1.518518790265968112e-22
7.449999999999414868e-01 6.253839804794860217e-23
7.499999999999413802e-01 2.481788722421602380e-23
7.549999999999412736e-01 9.401233621331820216e-24
7.599999999999411671e-01 3.350394123371671966e-24
7.649999999999410605e-01 1.096473216371641422e-24
7.699999999999409539e-01 3.150778257568629655e-25
7.749999999999408473e-01 7.201803133210342678e-26
7.799999999999407407e-01 9.676183049951032105e-27
7.849999999999406342e-01 2.966479607922588120e-29
7.899999999999405276e-01 1.708671853497703695e-27
7.949999999999404210e-01 3.636462280111794180e-27
7.999999999999403144e-01 4.086509294997170507e-27
8.049999999999402078e-01 3.556374592859733787e-27
8.099999999999401012e-01 2.688649095567468963e-27
8.149999999999399947e-01 1.856648303503852600e-27
8.199999999999398881e-01 1.202512897492158631e-27
8.249999999999397815e-01 7.420330549826756551e-28
8.299999999999396749e-01 4.406525503977532850e-28
8.349999999999395683e-01 2.535569507808005320e-28
8.399999999999394618e-01 1.420586382259794922e-28
8.449999999999393552e-01 7.777167568850381513e-29
8.499999999999392486e-01 4.171648972562661806e-29
8.549999999999391420e-01 2.197009911414642066e-29
8.599999999999390354e-01 1.137909701335505542e-29
8.649999999999389289e-01 5.803718194814890472e-30
8.699999999999388223e-01 2.918037105900627634e-30
8.749999999999387157e-01 1.447574866265865168e-30
8.799999999999386091e-01 7.090404930089283395e-31
8.849999999999385025e-01 3.431170772186555121e-31
8.899999999999383959e-01 1.641246416054963920e-31
8.949999999999382894e-01 7.763350270511672058e-32
8.999999999999381828e-01 3.632645277834016601e-32
9.049999999999380762e-01 1.681995931183827362e-32
9.099999999999379696e-01 7.708387088174889412e-33
9.149999999999378630e-01 3.497266634227093421e-33
9.199999999999377565e-01 1.571065815682861077e-33
9.249999999999376499e-01 6.989073210522734966e-34
9.299999999999375433e-01 3.079287763512995345e-34
9.349999999999374367e-01 1.343754860486866903e-34
9.399999999999373301e-01 5.808325217059050914e-35
9.449999999999372235e-01 2.486874028030397317e-35
9.499999999999371170e-01 1.054699139987185237e-35
9.549999999999370104e-01 4.430618723266741840e-36
9.599999999999369038e-01 1.843482594897248362e-36
9.649999999999367972e-01 7.596593404876646733e-37
9.699999999999366906e-01 3.099972953078467947e-37
9.749999999999365841e-01 1.252555082455464209e-37
9.799999999999364775e-01 5.010278158333908081e-38
9.849999999999363709e-01 1.983638770631027148e-38
9.899999999999362643e-01 7.771444382832554864e-39
9.949999999999361577e-01 3.011579177793764505e-39
9.999999999999360512e-01 1.164084853513163989e-39
1.004999999999935945e+00 1.106144722436277276e-39
1.009999999999935838e+00 1.048210885462633955e-39
1.014999999999935731e+00 9.902831889862973566e-40
1.019999999999935625e+00 9.323614832488772396e-40
1.024999999999935518e+00 8.744456222357908320e-40
1.029999999999935412e+00 8.165354635850152553e-40
1.034999999999935305e+00 7.586308684981174453e-40
1.039999999999935199e+00 7.007317016535173583e-40
1.044999999999935092e+00 6.428378311219209221e-40
1.049999999999934985e+00 5.849491282838718357e-40
1.054999999999934879e+00 5.270654677493738473e-40
1.059999999999934772e+00 4.691867272795304940e-40
1.064999999999934666e+00 4.113127877101534435e-40
1.069999999999934559e+00 3.534435328772941292e-40
1.074999999999934452e+00 2.955788495446477400e-40
1.079999999999934346e+00 2.377186273327889843e-40
1.084999999999934239e+00 1.798627586501923017e-40
1.089999999999934133e+00 1.220111386259940042e-40
1.094999999999934026e+00 6.416366504445564558e-41
1.099999999999933920e+00 6.320238281085571960e-42
1.104999999999933813e+00 6.164203368340913011e-42
1.109999999999933706e+00 6.012020667728445420e-42
1.114999999999933600e+00 5.863595074560661168e-42
1.119999999999933493e+00 5.718833832852189222e-42
1.124999999999933387e+00 5.577646476590194599e-42
1.129999999999933280e+00 5.439944773199205445e-42
1.134999999999933173e+00 5.305642668401709127e-42
1.139999999999933067e+00 5.174656232440028149e-42
1.144999999999932960e+00 5.046903607625892248e-42
1.149999999999932854e+00 4.922304957184896631e-42
1.154999999999932747e+00 4.800782415363904850e-42
1.159999999999932641e+00 4.682260038770200386e-42
1.164999999999932534e+00 4.566663758912000965e-42
1.169999999999932427e+00 4.453921335910623137e-42
1.174999999999932321e+00 4.343962313355455810e-42
1.179999999999932214e+00 4.236717974273438577e-42
1.184999999999932108e+00 4.132121298185598418e-42
1.189999999999932001e+00 4.030106919223762299e-42
1.194999999999931894e+00 3.930611085281297947e-42
1.199999999999931788e+00 3.833571618172353168e-42
1.204999999999931681e+00 3.738927874774683497e-42
1.209999999999931575e+00 3.646620709131792639e-42
1.214999999999931468e+00 3.556592435490678585e-42
1.219999999999931362e+00 3.468786792252153115e-42
1.224999999999931255e+00 3.383148906811123621e-42
1.229999999999931148e+00 3.299625261264925856e-42
1.234999999999931042e+00 3.218163658968230187e-42
1.239999999999930935e+00 3.138713191913669053e-42
1.244999999999930829e+00 3.061224208917764734e-42
1.249999999999930722e+00 2.985648284592284570e-42
1.254999999999930616e+00 2.911938189081642074e-42
1.259999999999930509e+00 2.840047858547420233e-42
1.264999999999930402e+00 2.769932366381583656e-42
1.269999999999930296e+00 2.701547895130372201e-42
1.274999999999930189e+00 2.634851709111352411e-42
1.279999999999930083e+00 2.569802127706497169e-42
1.284999999999929976e+00 2.506358499314611058e-42
1.289999999999929869e+00 2.444481175946818735e-42
1.294999999999929763e+00 2.384131488449248499e-42
1.299999999999929656e+00 2.325271722337414076e-42
1.304999999999929550e+00 2.267865094227216981e-42
1.309999999999929443e+00 2.211875728847803389e-42
1.314999999999929337e+00 2.157268636621935795e-42
1.319999999999929230e+00 2.104009691799875206e-42
1.324999999999929123e+00 2.052065611133085722e-42
1.329999999999929017e+00 2.001403933074448983e-42
1.334999999999928910e+00 1.951992997491987575e-42
1.339999999999928804e+00 1.903801925883417344e-42
1.344999999999928697e+00 1.856800602079162403e-42
1.349999999999928590e+00 1.810959653421788414e-42
1.354999999999928484e+00 1.766250432410064951e-42
1.359999999999928377e+00 1.722644998796212806e-42
1.364999999999928271e+00 1.680116102125133937e-42
1.369999999999928164e+00 1.638637164704711056e-42
1.374999999999928058e+00 1.598182264996550619e-42
1.379999999999927951e+00 1.558726121416758047e-42
1.384999999999927844e+00 1.520244076536665350e-42
1.389999999999927738e+00 1.482712081673590680e-42
1.394999999999927631e+00 1.446106681862039689e-42
1.399999999999927525e+00 1.410405001195931153e-42
1.404999999999927418e+00 1.375584728532701541e-42
1.409999999999927311e+00 1.341624103550344603e-42
1.414999999999927205e+00 1.308501903148673356e-42
1.419999999999927098e+00 1.276197428186318539e-42
1.424999999999926992e+00 1.244690490545161306e-42
1.429999999999926885e+00 1.213961400514118874e-42
1.434999999999926779e+00 1.183990954484404174e-42
1.439999999999926672e+00 1.154760422948564710e-42
1.444999999999926565e+00 1.126251538795804493e-42
1.449999999999926459e+00 1.098446485896270546e-42
1.454999999999926352e+00 1.071327887967177119e-42
1.459999999999926246e+00 1.044878797713794178e-42
1.464999999999926139e+00 1.019082686238537176e-42
1.469999999999926033e+00 9.939234327115180853e-43
1.474999999999925926e+00 9.693853142961149324e-43
1.479999999999925819e+00 9.454529963232573788e-43
1.484999999999925713e+00 9.221115227082965562e-43
1.489999999999925606e+00 8.993463066044570143e-43
1.494999999999925500e+00 8.771431212870430923e-43
1.499999999999925393e+00 8.554880912626951730e-43
1.504999999999925286e+00 8.343676835981419802e-43
1.509999999999925180e+00 8.137686994630328861e-43
1.514999999999925073e+00 7.936782658815527198e-43
1.519999999999924967e+00 7.740838276876848602e-43
1.524999999999924860e+00 7.549731396790796811e-43
1.529999999999924754e+00 7.363342589646254485e-43
1.534999999999924647e+00 7.181555375009506785e-43
1.539999999999924540e+00 7.004256148131796829e-43
1.544999999999924434e+00 6.831334108954032989e-43
1.549999999999924327e+00 6.662681192864223085e-43
1.554999999999924221e+00 6.498192003164383818e-43
1.559999999999924114e+00 6.337763745204702131e-43
1.564999999999924007e+00 6.181296162143821249e-43
1.569999999999923901e+00 6.028691472295075998e-43
1.574999999999923794e+00 5.879854308019524785e-43
1.579999999999923688e+00 5.734691656127619708e-43
1.584999999999923581e+00 5.593112799752231652e-43
1.589999999999923475e+00 5.455029261656715863e-43
1.594999999999923368e+00 5.320354748942629040e-43
1.599999999999923261e+00 5.189005099122449788e-43
1.604999999999923155e+00 5.060898227523755118e-43
1.609999999999923048e+00 4.935954075991793927e-43
1.614999999999922942e+00 4.814094562858544659e-43
1.619999999999922835e+00 4.695243534146945707e-43
1.624999999999922728e+00 4.579326715979803607e-43
1.629999999999922622e+00 4.466271668163620843e-43
1.634999999999922515e+00 4.356007738918353790e-43
1.639999999999922409e+00 4.248466020724825788e-43
1.644999999999922302e+00 4.143579307262175923e-43
1.649999999999922196e+00 4.041282051408430609e-43
1.654999999999922089e+00 3.941510324277982055e-43
1.659999999999921982e+00 3.844201775270347139e-43
1.664999999999921876e+00 3.749295593105237367e-43
1.669999999999921769e+00 3.656732467819619765e-43
1.674999999999921663e+00 3.566454553702984253e-43
1.679999999999921556e+00 3.478405433147684603e-43
1.684999999999921450e+00 3.392530081391724708e-43
1.689999999999921343e+00 3.308774832132007881e-43
1.694999999999921236e+00 3.227087343986505406e-43
1.699999999999921130e+00 3.147416567784424249e-43
1.704999999999921023e+00 3.069712714663930987e-43
1.709999999999920917e+00 2.993927224957461747e-43
1.714999999999920810e+00 2.920012737845195565e-43
1.719999999999920703e+00 2.847923061757750519e-43
1.724999999999920597e+00 2.777613145509563806e-43
1.729999999999920490e+00 2.709039050144937106e-43
1.734999999999920384e+00 2.642157921479156711e-43
1.739999999999920277e+00 2.576927963317513688e-43
1.744999999999920171e+00 2.513308411335502591e-43
1.749999999999920064e+00 2.451259507603871120e-43
1.754999999999919957e+00 2.390742475742591397e-43
1.759999999999919851e+00 2.331719496688240536e-43
1.764999999999919744e+00 2.274153685059634216e-43
1.769999999999919638e+00 2.218009066106953667e-43
1.774999999999919531e+00 2.163250553229951374e-43
1.779999999999919424e+00 2.109843926051193583e-43
1.784999999999919318e+00 2.057755809030633054e-43
1.789999999999919211e+00 2.006953650608142825e-43
1.794999999999919105e+00 1.957405702860993039e-43
1.799999999999918998e+00 1.909081001663534469e-43
1.804999999999918892e+00 1.861949347336714386e-43
1.809999999999918785e+00 1.815981285775314500e-43
1.814999999999918678e+00 1.771148090041106941e-43
1.819999999999918572e+00 1.727421742410475165e-43
1.824999999999918465e+00 1.684774916865212907e-43
1.829999999999918359e+00 1.643180962015613609e-43
1.834999999999918252e+00 1.602613884445144338e-43
1.839999999999918145e+00 1.563048332466315448e-43
1.844999999999918039e+00 1.524459580277585433e-43
1.849999999999917932e+00 1.486823512511402517e-43
1.854999999999917826e+00 1.450116609163727223e-43
1.859999999999917719e+00 1.414315930895614994e-43
1.864999999999917613e+00 1.379399104697677072e-43
1.869999999999917506e+00 1.345344309908457894e-43
1.874999999999917399e+00 1.312130264577993687e-43
1.879999999999917293e+00 1.279736212168029626e-43
1.884999999999917186e+00 1.248141908580583175e-43
1.889999999999917080e+00 1.217327609506747596e-43
1.894999999999916973e+00 1.187274058087830077e-43
1.899999999999916866e+00 1.157962472881114326e-43
1.904999999999916760e+00 1.129374536122727640e-43
1.909999999999916653e+00 1.101492382280272272e-43
1.914999999999916547e+00 1.074298586888070112e-43
1.919999999999916440e+00 1.047776155658049704e-43
1.924999999999916334e+00 1.021908513859460952e-43
1.929999999999916227e+00 9.966794959607902486e-44
1.934999999999916120e+00 9.720733355273865798e-44
1.939999999999916014e+00 9.480746553685092565e-44
1.944999999999915907e+00 9.246684579276166924e-44
1.949999999999915801e+00 9.018401159099083847e-44
1.954999999999915694e+00 8.795753631412504503e-44
1.959999999999915588e+00 8.578602856527782649e-44
1.964999999999915481e+00 8.366813129856059567e-44
1.969999999999915374e+00 8.160252097102037408e-44
1.974999999999915268e+00 7.958790671551475578e-44
1.979999999999915161e+00 7.762302953400703369e-44
1.984999999999915055e+00 7.570666151077724492e-44
1.989999999999914948e+00 7.383760504505771619e-44
1.994999999999914841e+00 7.201469210261339923e-44
