-2.000000000000000000e+00 2.154645900783591229e-09
-1.995000000000000107e+00 2.208747770433038605e-09
-1.990000000000000213e+00 2.264208099933786048e-09
-1.985000000000000320e+00 2.321060999111268624e-09
-1.980000000000000426e+00 2.379341434257348207e-09
-1.975000000000000533e+00 2.439085249635309961e-09
-1.970000000000000639e+00 2.500329189524825372e-09
-1.965000000000000746e+00 2.563110920820437660e-09
-1.960000000000000853e+00 2.627469056197464555e-09
-1.955000000000000959e+00 2.693443177859578200e-09
-1.950000000000001066e+00 2.761073861882660685e-09
-1.945000000000001172e+00 2.830402703169891041e-09
-1.940000000000001279e+00 2.901472341033442640e-09
-1.935000000000001386e+00 2.974326485418501652e-09
-1.930000000000001492e+00 3.049009943785737803e-09
-1.925000000000001599e+00 3.125568648668771480e-09
-1.920000000000001705e+00 3.204049685923557139e-09
-1.915000000000001812e+00 3.284501323687103884e-09
-1.910000000000001918e+00 3.366973042063292337e-09
-1.905000000000002025e+00 3.451515563554081756e-09
-1.900000000000002132e+00 3.538180884254804556e-09
-1.895000000000002238e+00 3.627022305832727668e-09
-1.890000000000002345e+00 3.718094468308577555e-09
-1.885000000000002451e+00 3.811453383661166188e-09
-1.880000000000002558e+00 3.907156470275776816e-09
-1.875000000000002665e+00 4.005262588257516370e-09
-1.870000000000002771e+00 4.105832075631347584e-09
-1.865000000000002878e+00 4.208926785451049088e-09
-1.860000000000002984e+00 4.314610123839958902e-09
-1.855000000000003091e+00 4.422947088986855926e-09
-1.850000000000003197e+00 4.534004311120980097e-09
-1.845000000000003304e+00 4.647850093490801467e-09
-1.840000000000003411e+00 4.764554454371683684e-09
-1.835000000000003517e+00 4.884189170128345022e-09
-1.830000000000003624e+00 5.006827819358523064e-09
-1.825000000000003730e+00 5.132545828145082898e-09
-1.820000000000003837e+00 5.261420516444315803e-09
-1.815000000000003944e+00 5.393531145638991769e-09
-1.810000000000004050e+00 5.528958967285437315e-09
-1.805000000000004157e+00 5.667787273084570945e-09
-1.800000000000004263e+00 5.810101446107663239e-09
-1.795000000000004370e+00 5.955989013308284210e-09
-1.790000000000004476e+00 6.105539699352798067e-09
-1.785000000000004583e+00 6.258845481802480196e-09
-1.780000000000004690e+00 6.416000647681145949e-09
-1.775000000000004796e+00 6.577101851463146158e-09
-1.770000000000004903e+00 6.742248174517380846e-09
-1.765000000000005009e+00 6.911541186043860268e-09
-1.760000000000005116e+00 7.085085005540327574e-09
-1.755000000000005222e+00 7.262986366837308554e-09
-1.750000000000005329e+00 7.445354683741040024e-09
-1.745000000000005436e+00 7.632302117324575437e-09
-1.740000000000005542e+00 7.823943644908503666e-09
-1.735000000000005649e+00 8.020397130773700459e-09
-1.730000000000005755e+00 8.221783398649554407e-09
-1.725000000000005862e+00 8.428226306022312045e-09
-1.720000000000005969e+00 8.639852820309185895e-09
-1.715000000000006075e+00 8.856793096945119152e-09
-1.710000000000006182e+00 9.079180559430196722e-09
-1.705000000000006288e+00 9.307151981386957920e-09
-1.700000000000006395e+00 9.540847570678062201e-09
-1.695000000000006501e+00 9.780411055636000131e-09
-1.690000000000006608e+00 1.002598977345796945e-08
-1.685000000000006715e+00 1.027773476082027690e-08
-1.680000000000006821e+00 1.053580084676782424e-08
-1.675000000000006928e+00 1.080034674793603841e-08
-1.670000000000007034e+00 1.107153516616364323e-08
-1.665000000000007141e+00 1.134953288855640858e-08
-1.660000000000007248e+00 1.163451089006331510e-08
-1.655000000000007354e+00 1.192664443862833934e-08
-1.650000000000007461e+00 1.222611320298238591e-08
-1.645000000000007567e+00 1.253310136314181098e-08
-1.640000000000007674e+00 1.284779772368136236e-08
-1.635000000000007780e+00 1.317039582985128923e-08
-1.630000000000007887e+00 1.350109408660999049e-08
-1.625000000000007994e+00 1.384009588064539905e-08
-1.620000000000008100e+00 1.418760970546019181e-08
-1.615000000000008207e+00 1.454384928959771014e-08
-1.610000000000008313e+00 1.490903372808744761e-08
-1.605000000000008420e+00 1.528338761719099332e-08
-1.600000000000008527e+00 1.566714119253127965e-08
-1.595000000000008633e+00 1.606053047068995175e-08
-1.590000000000008740e+00 1.646379739436022236e-08
-1.585000000000008846e+00 1.687718998114422987e-08
-1.580000000000008953e+00 1.730096247608656269e-08
-1.575000000000009059e+00 1.773537550803756040e-08
-1.570000000000009166e+00 1.818069624994282107e-08
-1.565000000000009273e+00 1.863719858315734591e-08
-1.560000000000009379e+00 1.910516326588532995e-08
-1.555000000000009486e+00 1.958487810584929077e-08
-1.550000000000009592e+00 2.007663813729465933e-08
-1.545000000000009699e+00 2.058074580243877577e-08
-1.540000000000009805e+00 2.109751113747575453e-08
-1.535000000000009912e+00 2.162725196325169723e-08
-1.530000000000010019e+00 2.217029408072752762e-08
-1.525000000000010125e+00 2.272697147134958847e-08
-1.520000000000010232e+00 2.329762650245133283e-08
-1.515000000000010338e+00 2.388261013781228130e-08
-1.510000000000010445e+00 2.448228215350390753e-08
-1.505000000000010552e+00 2.509701135915505550e-08
-1.500000000000010658e+00 2.572717582477314529e-08
-1.495000000000010765e+00 2.637316311326028228e-08
-1.490000000000010871e+00 2.703537051876782237e-08
-1.485000000000010978e+00 2.771420531103558875e-08
-1.480000000000011084e+00 2.841008498586600615e-08
-1.475000000000011191e+00 2.912343752188738524e-08
-1.470000000000011298e+00 2.985470164376417654e-08
-1.465000000000011404e+00 3.060432709201603022e-08
-1.460000000000011511e+00 3.137277489961163718e-08
-1.455000000000011617e+00 3.216051767550755202e-08
-1.450000000000011724e+00 3.296803989530606662e-08
-1.445000000000011831e+00 3.379583819921129822e-08
-1.440000000000011937e+00 3.464442169746643130e-08
-1.435000000000012044e+00 3.551431228346012813e-08
-1.430000000000012150e+00 3.640604495469445726e-08
-1.425000000000012257e+00 3.732016814181204269e-08
-1.420000000000012363e+00 3.825724404588455039e-08
-1.415000000000012470e+00 3.921784898416990947e-08
-1.410000000000012577e+00 4.020257374455115122e-08
-1.405000000000012683e+00 4.121202394887467924e-08
-1.400000000000012790e+00 4.224682042541137557e-08
-1.395000000000012896e+00 4.330759959066959906e-08
-1.390000000000013003e+00 4.439501384079514748e-08
-1.385000000000013110e+00 4.550973195279871428e-08
-1.380000000000013216e+00 4.665243949585737288e-08
-1.375000000000013323e+00 4.782383925294338440e-08
-1.370000000000013429e+00 4.902465165303948795e-08
-1.365000000000013536e+00 5.025561521420650269e-08
-1.360000000000013642e+00 5.151748699777568857e-08
-1.355000000000013749e+00 5.281104307394519480e-08
-1.350000000000013856e+00 5.413707899906699223e-08
-1.345000000000013962e+00 5.549641030491780004e-08
-1.340000000000014069e+00 5.688987300025480911e-08
-1.335000000000014175e+00 5.831832408496480014e-08
-1.330000000000014282e+00 5.978264207712282472e-08
-1.325000000000014388e+00 6.128372755328444607e-08
-1.320000000000014495e+00 6.282250370234406616e-08
-1.315000000000014602e+00 6.439991689329953522e-08
-1.310000000000014708e+00 6.601693725727292812e-08
-1.305000000000014815e+00 6.767455928414461754e-08
-1.300000000000014921e+00 6.937380243416826311e-08
-1.295000000000015028e+00 7.111571176494188579e-08
-1.290000000000015135e+00 7.290135857412228049e-08
-1.285000000000015241e+00 7.473184105827627973e-08
-1.280000000000015348e+00 7.660828498827492824e-08
-1.275000000000015454e+00 7.853184440164586582e-08
-1.270000000000015561e+00 8.050370231230963220e-08
-1.265000000000015667e+00 8.252507143813644653e-08
-1.260000000000015774e+00 8.459719494677056268e-08
-1.255000000000015881e+00 8.672134722018167595e-08
-1.250000000000015987e+00 8.889883463841245220e-08
-1.245000000000016094e+00 9.113099638300518661e-08
-1.240000000000016200e+00 9.341920526060106833e-08
-1.235000000000016307e+00 9.576486854721910599e-08
-1.230000000000016414e+00 9.816942885373296586e-08
-1.225000000000016520e+00 1.006343650130794066e-07
-1.220000000000016627e+00 1.031611929897425287e-07
-1.215000000000016733e+00 1.057514668120740990e-07
-1.210000000000016840e+00 1.084067795280228477e-07
-1.205000000000016946e+00 1.111287641848610559e-07
-1.200000000000017053e+00 1.139190948335099333e-07
-1.195000000000017160e+00 1.167794875580823177e-07
-1.190000000000017266e+00 1.197117015312758538e-07
-1.185000000000017373e+00 1.227175400962654265e-07
-1.180000000000017479e+00 1.257988518757600854e-07
-1.175000000000017586e+00 1.289575319089061383e-07
-1.170000000000017693e+00 1.321955228167372401e-07
-1.165000000000017799e+00 1.355148159968863602e-07
-1.160000000000017906e+00 1.389174528482951034e-07
-1.155000000000018012e+00 1.424055260266739800e-07
-1.150000000000018119e+00 1.459811807314850072e-07
-1.145000000000018225e+00 1.496466160252383524e-07
-1.140000000000018332e+00 1.534040861859147150e-07
-1.135000000000018439e+00 1.572559020933447817e-07
-1.130000000000018545e+00 1.612044326503986136e-07
-1.125000000000018652e+00 1.652521062398583335e-07
-1.120000000000018758e+00 1.694014122178713877e-07
-1.115000000000018865e+00 1.736549024449015317e-07
-1.110000000000018971e+00 1.780151928551194430e-07
-1.105000000000019078e+00 1.824849650651988933e-07
-1.100000000000019185e+00 1.870669680235066796e-07
-1.095000000000019291e+00 1.917640197007008176e-07
-1.090000000000019398e+00 1.965790088227775290e-07
-1.085000000000019504e+00 2.015148966476328763e-07
-1.080000000000019611e+00 2.065747187862291550e-07
-1.075000000000019718e+00 2.117615870694897339e-07
-1.070000000000019824e+00 2.170786914620671122e-07
-1.065000000000019931e+00 2.225293020241640010e-07
-1.060000000000020037e+00 2.281167709226114107e-07
-1.055000000000020144e+00 2.338445344924425001e-07
-1.050000000000020250e+00 2.397161153502286097e-07
-1.045000000000020357e+00 2.457351245604779123e-07
-1.040000000000020464e+00 2.519052638564291955e-07
-1.035000000000020570e+00 2.582303279166055586e-07
-1.030000000000020677e+00 2.647142066985293343e-07
-1.025000000000020783e+00 2.713608878310319167e-07
-1.020000000000020890e+00 2.781744590666315133e-07
-1.015000000000020997e+00 2.851591107954854284e-07
-1.010000000000021103e+00 2.923191386224635054e-07
-1.005000000000021210e+00 2.996589460089290105e-07
-1.000000000000021316e+00 3.071830469808482842e-07
-9.950000000000214229e-01 4.829209063117192321e-07
-9.900000000000215294e-01 7.489026468807781102e-07
-9.850000000000216360e-01 1.146516635116338329e-06
-9.800000000000217426e-01 1.733886241752229413e-06
-9.750000000000218492e-01 2.591676037054963016e-06
-9.700000000000219558e-01 3.830525417492148358e-06
-9.650000000000220624e-01 5.600417126774983757e-06
-9.600000000000221689e-01 8.102288810086182404e-06
-9.550000000000222755e-01 1.160216861403895031e-05
-9.500000000000223821e-01 1.644804912818168202e-05
-9.450000000000224887e-01 2.308959395682478273e-05
-9.400000000000225953e-01 3.210058285449816679e-05
-9.350000000000227018e-01 4.420372923330045744e-05
-9.300000000000228084e-01 6.029713370994871428e-05
-9.250000000000229150e-01 8.148115829787060832e-05
-9.200000000000230216e-01 1.090839131318353079e-04
-9.150000000000231282e-01 1.446828461659654019e-04
-9.100000000000232347e-01 1.901191347311674258e-04
-9.050000000000233413e-01 2.475007328505474981e-04
-9.000000000000234479e-01 3.191890888506175063e-04
-8.950000000000235545e-01 4.077637992990327284e-04
-8.900000000000236611e-01 5.159589216108933498e-04
-8.850000000000237677e-01 6.465644720449268811e-04
-8.800000000000238742e-01 8.022869584129352057e-04
-8.750000000000239808e-01 9.855638284731358615e-04
-8.700000000000240874e-01 1.198328656214618475e-03
-8.650000000000241940e-01 1.441726933039120520e-03
-8.600000000000243006e-01 1.715786644704856952e-03
-8.550000000000244071e-01 2.019053507596413506e-03
-8.500000000000245137e-01 2.348207831904805185e-03
-8.450000000000246203e-01 2.697688375727465369e-03
-8.400000000000247269e-01 3.059357998787272034e-03
-8.350000000000248335e-01 3.422255978178885029e-03
-8.300000000000249401e-01 3.772491865522324163e-03
-8.250000000000250466e-01 4.093344884970177497e-03
-8.200000000000251532e-01 4.365640030911559395e-03
-8.150000000000252598e-01 4.568475989889800998e-03
-8.100000000000253664e-01 4.680379442351294619e-03
-8.050000000000254730e-01 4.680953838255027741e-03
-8.000000000000255795e-01 4.553077129747981448e-03
-7.950000000000256861e-01 4.285681172211797292e-03
-7.900000000000257927e-01 3.877114964628345598e-03
-7.850000000000258993e-01 3.339054553250872786e-03
-7.800000000000260059e-01 2.700874954737368400e-03
-7.750000000000261124e-01 2.014345402290731828e-03
-7.700000000000262190e-01 1.358451046090287506e-03
-7.650000000000263256e-01 8.440853530696808662e-04
-7.600000000000264322e-01 6.183021243529400988e-04
-7.550000000000265388e-01 8.677692533209234883e-04
-7.500000000000266454e-01 1.821033482743600199e-03
-7.450000000000267519e-01 3.749191944112435174e-03
-7.400000000000268585e-01 6.964577242818611146e-03
-7.350000000000269651e-01 1.181710245699775334e-02
-7.300000000000270717e-01 1.868798338935032111e-02
-7.250000000000271783e-01 2.798065857179570654e-02
-7.200000000000272848e-01 4.010886135453710366e-02
-7.150000000000273914e-01 5.548195877218751321e-02
-7.100000000000274980e-01 7.448785190291497271e-02
-7.050000000000276046e-01 9.747392265066491535e-02
-7.000000000000277112e-01 1.247267005769253506e-01
-6.950000000000278177e-01 1.564510972584070014e-01
-6.900000000000279243e-01 1.927502005470114188e-01
-6.850000000000280309e-01 2.336067232091674495e-01
-6.800000000000281375e-01 2.788672472695070126e-01
-6.750000000000282441e-01 3.282303870864359818e-01
-6.700000000000283507e-01 3.812399044986491403e-01
-6.650000000000284572e-01 4.372836466014922152e-01
-6.600000000000285638e-01 4.955989442955560653e-01
-6.550000000000286704e-01 5.552848165458657004e-01
-6.500000000000287770e-01 6.153209853492073167e-01
-6.450000000000288836e-01 6.745933383387988647e-01
-6.400000000000289901e-01 7.319251018516905738e-01
-6.350000000000290967e-01 7.861126312728896615e-01
-6.300000000000292033e-01 8.359644119975243592e-01
-6.250000000000293099e-01 8.803416163281104767e-01
-6.200000000000294165e-01 9.181983985830074468e-01
-6.150000000000295231e-01 9.486200471344620189e-01
-6.100000000000296296e-01 9.708571561572365560e-01
-6.050000000000297362e-01 9.843541324593729769e-01
-6.000000000000298428e-01 9.887706072518013256e-01
-5.950000000000299494e-01 9.839946652069495592e-01
-5.900000000000300560e-01 9.701472133983365387e-01
-5.850000000000301625e-01 9.475772654781841053e-01
-5.800000000000302691e-01 9.168483833728703347e-01
-5.750000000000303757e-01 8.787169704415814797e-01
-5.700000000000304823e-01 8.341035181669674836e-01
-5.650000000000305889e-01 7.840582479572895114e-01
-5.600000000000306954e-01 7.297228404931057621e-01
-5.550000000000308020e-01 6.722900936202518274e-01
-5.500000000000309086e-01 6.129633897219687322e-01
-5.450000000000310152e-01 5.529177859844960352e-01
-5.400000000000311218e-01 4.932643743973036399e-01
-5.350000000000312284e-01 4.350193074182279185e-01
-5.300000000000313349e-01 3.790785696804105376e-01
-5.250000000000314415e-01 3.261992189262724051e-01
-5.200000000000315481e-01 2.769874449948374617e-01
-5.150000000000316547e-01 2.318934282474489905e-01
-5.100000000000317613e-01 1.912126402823373095e-01
-5.050000000000318678e-01 1.550929386187203107e-01
-5.000000000000319744e-01 1.235465770926199996e-01
-4.950000000000320810e-01 9.646609364763039651e-02
-4.900000000000321876e-01 7.364295027915999936e-02
-4.850000000000322942e-01 5.478778421464106790e-02
-4.800000000000324007e-01 3.955117858184128976e-02
-4.750000000000325073e-01 2.754396482026841633e-02
-4.700000000000326139e-01 1.835621539547802050e-02
-4.650000000000327205e-01 1.157426009950192000e-02
-4.600000000000328271e-01 6.795248266406001686e-03
-4.550000000000329337e-01 3.638969314529131183e-03
-4.500000000000330402e-01 1.756823509105393498e-03
-4.450000000000331468e-01 8.379943400186836734e-04
-4.400000000000332534e-01 6.130066628857384122e-04
-4.350000000000333600e-01 8.549567174326004474e-04
-4.300000000000334666e-01 1.378769892389032420e-03
-4.250000000000335731e-01 2.038880554844996196e-03
-4.200000000000336797e-01 2.725738213110088723e-03
-4.150000000000337863e-01 3.361529949455918653e-03
-4.100000000000338929e-01 3.895475535754879502e-03
-4.050000000000339995e-01 4.299004397535244673e-03
-4.000000000000341061e-01 4.561068012120117997e-03
-3.950000000000342126e-01 4.683782366064671680e-03
-3.900000000000343192e-01 4.678537000616715853e-03
-3.850000000000344258e-01 4.562653313182610769e-03
-3.800000000000345324e-01 4.356627587441277982e-03
-3.750000000000346390e-01 4.081955196836937333e-03
-3.700000000000347455e-01 3.759502220955634501e-03
-3.650000000000348521e-01 3.408369268339038992e-03
-3.600000000000349587e-01 3.045178985904389759e-03
-3.550000000000350653e-01 2.683712529308145481e-03
-3.500000000000351719e-01 2.334819906403630234e-03
-3.450000000000352784e-01 2.006533227001722555e-03
-3.400000000000353850e-01 1.704319157418560538e-03
-3.350000000000354916e-01 1.431416059599202335e-03
-3.300000000000355982e-01 1.189211335017865360e-03
-3.250000000000357048e-01 9.776245407372638474e-04
-3.200000000000358114e-01 7.954712612131505708e-04
-3.150000000000359179e-01 6.407910729561652361e-04
-3.100000000000360245e-01 5.111299825092752505e-04
-3.050000000000361311e-01 4.037733579099906647e-04
-3.000000000000362377e-01 3.159296365436086796e-04
-2.950000000000363443e-01 2.448680907749382126e-04
-2.900000000000364508e-01 1.880158342547410080e-04
-2.850000000000365574e-01 1.430202511360015576e-04
-2.800000000000366640e-01 1.077833282102268404e-04
-2.750000000000367706e-01 8.047415652471906456e-05
-2.700000000000368772e-01 5.952531367315573113e-05
-2.650000000000369837e-01 4.361808287102817002e-05
-2.600000000000370903e-01 3.166062299943131155e-05
-2.550000000000371969e-01 2.276235920163300009e-05
-2.500000000000373035e-01 1.620707445421858372e-05
-2.450000000000374101e-01 1.142648468218080587e-05
-2.400000000000375167e-01 7.975491433196825754e-06
-2.350000000000376232e-01 5.509831318680335654e-06
-2.300000000000377298e-01 3.766475307456592433e-06
-2.250000000000378364e-01 2.546862405846924122e-06
-2.200000000000379430e-01 1.702866928992135542e-06
-2.150000000000380496e-01 1.125281007986197154e-06
-2.100000000000381561e-01 7.345291512495945543e-07
-2.050000000000382627e-01 4.733059451823508962e-07
-2.000000000000383693e-01 3.008296204343834555e-07
-1.950000000000384759e-01 1.884236474234079048e-07
-1.900000000000385825e-01 1.161682758400032124e-07
-1.850000000000386891e-01 7.039843719591121963e-08
-1.800000000000387956e-01 4.185976916071996360e-08
-1.750000000000389022e-01 2.436812779875159381e-08
-1.700000000000390088e-01 1.384831449316167504e-08
-1.650000000000391154e-01 7.654115532053921075e-09
-1.600000000000392220e-01 4.093945961588961955e-09
-1.550000000000393285e-01 2.104569095476282018e-09
-1.500000000000394351e-01 1.029902109238262010e-09
-1.450000000000395417e-01 4.733027624232817496e-10
-1.400000000000396483e-01 2.004704049500910510e-10
-1.350000000000397549e-01 7.667602922092325806e-11
-1.300000000000398614e-01 2.690618683800134928e-11
-1.250000000000399680e-01 1.104667936710014079e-11
-1.200000000000400746e-01 8.763288313485658551e-12
-1.150000000000401812e-01 1.051544050141498873e-11
-1.100000000000402878e-01 1.236756867900998705e-11
-1.050000000000403944e-01 1.309681568295751935e-11
-1.000000000000405009e-01 1.265246355594476129e-11
-9.500000000004060752e-02 1.138520291869615800e-11
-9.000000000004071410e-02 9.696512357207343415e-12
-8.500000000004082068e-02 7.905431289418989255e-12
-8.000000000004092726e-02 6.219770582476418441e-12
-7.500000000004103384e-02 4.750313790582272414e-12
-7.000000000004114042e-02 3.537477304747984045e-12
-6.500000000004124701e-02 2.577413194282719306e-12
-6.000000000004135359e-02 1.842465410795795591e-12
-5.500000000004146017e-02 1.295165462544175029e-12
-5.000000000004156675e-02 8.971707381373837834e-13
-4.500000000004167333e-02 6.138822289845288870e-13
-4.000000000004177991e-02 4.161275373625128858e-13
-3.500000000004188649e-02 2.805002155867709570e-13
-3.000000000004199308e-02 1.889739174000647591e-13
-2.500000000004209966e-02 1.282181480066848332e-13
-2.000000000004220624e-02 8.864410648703414697e-14
-1.500000000004231282e-02 6.345030238483272241e-14
-1.000000000004241940e-02 4.800901942685008805e-14
-5.000000000042525983e-03 3.951381597989736401e-14
-4.263256414560601115e-14 3.658252333107690131e-14
4.999999999957260854e-03 3.887187463877147797e-14
9.999999999957154273e-03 4.679389803167905151e-14
1.499999999995704769e-02 6.164493595467560948e-14
1.999999999995694111e-02 8.619231120100073979e-14
2.499999999995683453e-02 1.250993589526841104e-13
2.999999999995672795e-02 1.852844021181466974e-13
3.499999999995662137e-02 2.763265712212462393e-13
3.999999999995651478e-02 4.114213371748441995e-13
4.499999999995640820e-02 6.086915791341997339e-13
4.999999999995630162e-02 8.917099090652126739e-13
5.499999999995619504e-02 1.289450697776927187e-12
5.999999999995608846e-02 1.836419549454581931e-12
6.499999999995598188e-02 2.571230084080166141e-12
6.999999999995587530e-02 3.531440149042428411e-12
7.499999999995576871e-02 4.744591228719586031e-12
7.999999999995566213e-02 6.214394121611438159e-12
8.499999999995555555e-02 7.900386288864468652e-12
8.999999999995544897e-02 9.691817927048381328e-12
9.499999999995534239e-02 1.138080255990074446e-11
9.999999999995523581e-02 1.264822858789643773e-11
1.049999999999551292e-01 1.309272768677766773e-11
1.099999999999550226e-01 1.236355658301624803e-11
1.149999999999549161e-01 1.051127261349261693e-11
1.199999999999548095e-01 8.758860237784634784e-12
1.249999999999547029e-01 1.104224465453703383e-11
1.299999999999545963e-01 2.690210554437484005e-11
1.349999999999544897e-01 7.667245379331618020e-11
1.399999999999543832e-01 2.004673592767580255e-10
1.449999999999542766e-01 4.733002990835169704e-10
1.499999999999541700e-01 1.029900207071564981e-09
1.549999999999540634e-01 2.104567602514192685e-09
1.599999999999539568e-01 4.093944576100353949e-09
1.649999999999538502e-01 7.654114068449371241e-09
1.699999999999537437e-01 1.384831311654907317e-08
1.749999999999536371e-01 2.436812681005507943e-08
1.799999999999535305e-01 4.185976873468828520e-08
1.849999999999534239e-01 7.039843737489527679e-08
1.899999999999533173e-01 1.161682766121980062e-07
1.949999999999532108e-01 1.884236486923698536e-07
1.999999999999531042e-01 3.008296219365138547e-07
2.049999999999529976e-01 4.733059468238278502e-07
2.099999999999528910e-01 7.345291531522807462e-07
2.149999999999527844e-01 1.125281010010654390e-06
2.199999999999526779e-01 1.702866930775558119e-06
2.249999999999525713e-01 2.546862407199188506e-06
2.299999999999524647e-01 3.766475308461696551e-06
2.349999999999523581e-01 5.509831319271406256e-06
2.399999999999522515e-01 7.975491433198977217e-06
2.449999999999521449e-01 1.142648468165525072e-05
2.499999999999520384e-01 1.620707445344351469e-05
2.549999999999519318e-01 2.276235920083698901e-05
2.599999999999518252e-01 3.166062299848315643e-05
2.649999999999517186e-01 4.361808286956644188e-05
2.699999999999516120e-01 5.952531367089054819e-05
2.749999999999515055e-01 8.047415652180219480e-05
2.799999999999513989e-01 1.077833282070918698e-04
2.849999999999512923e-01 1.430202511327933763e-04
2.899999999999511857e-01 1.880158342515515562e-04
2.949999999999510791e-01 2.448680907718556090e-04
2.999999999999509726e-01 3.159296365404777205e-04
3.049999999999508660e-01 4.037733579065150378e-04
3.099999999999507594e-01 5.111299825052850613e-04
3.149999999999506528e-01 6.407910729517179473e-04
3.199999999999505462e-01 7.954712612085894407e-04
3.249999999999504396e-01 9.776245407328890916e-04
3.299999999999503331e-01 1.189211335013808709e-03
3.349999999999502265e-01 1.431416059595390497e-03
3.399999999999501199e-01 1.704319157414836954e-03
3.449999999999500133e-01 2.006533226997754375e-03
3.499999999999499067e-01 2.334819906399436540e-03
3.549999999999498002e-01 2.683712529304078422e-03
3.599999999999496936e-01 3.045178985900569030e-03
3.649999999999495870e-01 3.408369268335530947e-03
3.699999999999494804e-01 3.759502220952603072e-03
3.749999999999493738e-01 4.081955196834777602e-03
3.799999999999492672e-01 4.356627587440696850e-03
3.849999999999491607e-01 4.562653313184028038e-03
3.899999999999490541e-01 4.678537000619890397e-03
3.949999999999489475e-01 4.683782366069325076e-03
3.999999999999488409e-01 4.561068012126807091e-03
4.049999999999487343e-01 4.299004397544690242e-03
4.099999999999486278e-01 3.895475535767201243e-03
4.149999999999485212e-01 3.361529949470503775e-03
4.199999999999484146e-01 2.725738213126183054e-03
4.249999999999483080e-01 2.038880554861757961e-03
4.299999999999482014e-01 1.378769892405080780e-03
4.349999999999480949e-01 8.549567174456393880e-04
4.399999999999479883e-01 6.130066628922915470e-04
4.449999999999478817e-01 8.379943400151493912e-04
4.499999999999477751e-01 1.756823509087675249e-03
4.549999999999476685e-01 3.638969314492320351e-03
4.599999999999475619e-01 6.795248266344405992e-03
4.649999999999474554e-01 1.157426009940952689e-02
4.699999999999473488e-01 1.835621539534843319e-02
4.749999999999472422e-01 2.754396482009465949e-02
4.799999999999471356e-01 3.955117858161594224e-02
4.849999999999470290e-01 5.478778421435660101e-02
4.899999999999469225e-01 7.364295027880997380e-02
4.949999999999468159e-01 9.646609364720883095e-02
4.999999999999467093e-01 1.235465770921227308e-01
5.049999999999466027e-01 1.550929386181442715e-01
5.099999999999464961e-01 1.912126402816811122e-01
5.149999999999463896e-01 2.318934282467124408e-01
5.199999999999462830e-01 2.769874449940243344e-01
5.249999999999461764e-01 3.261992189253896113e-01
5.299999999999460698e-01 3.790785696794674586e-01
5.349999999999459632e-01 4.350193074172368779e-01
5.399999999999458566e-01 4.932643743962796257e-01
5.449999999999457501e-01 5.529177859834540909e-01
5.499999999999456435e-01 6.129633897209257887e-01
5.549999999999455369e-01 6.722900936192274246e-01
5.599999999999454303e-01 7.297228404921215494e-01
5.649999999999453237e-01 7.840582479563664720e-01
5.699999999999452172e-01 8.341035181661254905e-01
5.749999999999451106e-01 8.787169704408390736e-01
5.799999999999450040e-01 9.168483833722459453e-01
5.849999999999448974e-01 9.475772654776923876e-01
5.899999999999447908e-01 9.701472133979864854e-01
5.949999999999446842e-01 9.839946652067486088e-01
5.999999999999445777e-01 9.887706072517556954e-01
6.049999999999444711e-01 9.843541324594837771e-01
6.099999999999443645e-01 9.708571561574986797e-01
6.149999999999442579e-01 9.486200471348685825e-01
6.199999999999441513e-01 9.181983985835490136e-01
6.249999999999440448e-01 8.803416163287737239e-01
6.299999999999439382e-01 8.359644119982923005e-01
6.349999999999438316e-01 7.861126312737440891e-01
6.399999999999437250e-01 7.319251018526113928e-01
6.449999999999436184e-01 6.745933383397644256e-01
6.499999999999435119e-01 6.153209853501971915e-01
6.549999999999434053e-01 5.552848165468614594e-01
6.599999999999432987e-01 4.955989442965408887e-01
6.649999999999431921e-01 4.372836466024502267e-01
6.699999999999430855e-01 3.812399044995644637e-01
6.749999999999429789e-01 3.282303870872951279e-01
6.799999999999428724e-01 2.788672472703013216e-01
6.849999999999427658e-01 2.336067232098908708e-01
6.899999999999426592e-01 1.927502005476601221e-01
6.949999999999425526e-01 1.564510972589794047e-01
6.999999999999424460e-01 1.247267005774219950e-01
7.049999999999423395e-01 9.747392265108816012e-02
7.099999999999422329e-01 7.448785190326871752e-02
7.149999999999421263e-01 5.548195877247684427e-02
7.199999999999420197e-01 4.010886135476825903e-02
7.249999999999419131e-01 2.798065857197559736e-02
7.299999999999418065e-01 1.868798338948599036e-02
7.349999999999417000e-01 1.181710245709599420e-02
7.399999999999415934e-01 6.964577242886027704e-03
7.449999999999414868e-01 3.749191944155174424e-03
7.499999999999413802e-01 1.821033482767267682e-03
7.549999999999412736e-01 8.677692533304230509e-04
7.599999999999411671e-01 6.183021243525101043e-04
7.649999999999410605e-01 8.440853530628394420e-04
7.699999999999409539e-01 1.358451046079858131e-03
7.749999999999408473e-01 2.014345402278901447e-03
7.799999999999407407e-01 2.700874954725745753e-03
7.849999999999406342e-01 3.339054553240557686e-03
7.899999999999405276e-01 3.877114964620024997e-03
7.949999999999404210e-01 4.285681172205822904e-03
7.999999999999403144e-01 4.553077129744431337e-03
8.049999999999402078e-01 4.680953838253783077e-03
8.099999999999401012e-01 4.680379442352102133e-03
8.149999999999399947e-01 4.568475989892345837e-03
8.199999999999398881e-01 4.365640030915480738e-03
8.249999999999397815e-01 4.093344884975110183e-03
8.299999999999396749e-01 3.772491865527925585e-03
8.349999999999395683e-01 3.422255978184848141e-03
8.399999999999394618e-01 3.059357998793344000e-03
8.449999999999393552e-01 2.697688375733439756e-03
8.499999999999392486e-01 2.348207831910517195e-03
8.549999999999391420e-01 2.019053507601736939e-03
8.599999999999390354e-01 1.715786644709711576e-03
8.649999999999389289e-01 1.441726933043469038e-03
8.699999999999388223e-01 1.198328656218450045e-03
8.749999999999387157e-01 9.855638284764634948e-04
8.799999999999386091e-01 8.022869584157851395e-04
8.849999999999385025e-01 6.465644720473352194e-04
8.899999999999383959e-01 5.159589216129012923e-04
8.949999999999382894e-01 4.077637993006865162e-04
8.999999999999381828e-01 3.191890888519633264e-04
9.049999999999380762e-01 2.475007328516305076e-04
9.099999999999379696e-01 1.901191347320299087e-04
9.149999999999378630e-01 1.446828461666448714e-04
9.199999999999377565e-01 1.090839131323646696e-04
9.249999999999376499e-01 8.148115829827889175e-05
9.299999999999375433e-01 6.029713371026040208e-05
9.349999999999374367e-01 4.420372923353600036e-05
9.399999999999373301e-01 3.210058285467427510e-05
9.449999999999372235e-01 2.308959395695524275e-05
9.499999999999371170e-01 1.644804912827734931e-05
9.549999999999370104e-01 1.160216861410838668e-05
9.599999999999369038e-01 8.102288810136047234e-06
9.649999999999367972e-01 5.600417126810435474e-06
9.699999999999366906e-01 3.830525417517107031e-06
9.749999999999365841e-01 2.591676037072342015e-06
9.799999999999364775e-01 1.733886241764189730e-06
9.849999999999363709e-01 1.146516635124479163e-06
9.899999999999362643e-01 7.489026468862522724e-07
9.949999999999361577e-01 4.829209063153569209e-07
9.999999999999360512e-01 3.071830469826673404e-07
1.004999999999935945e+00 2.996589460090374307e-07
1.009999999999935838e+00 2.923191386225692787e-07
1.014999999999935731e+00 2.851591107955885547e-07
1.019999999999935625e+00 2.781744590667321514e-07
1.024999999999935518e+00 2.713608878311302784e-07
1.029999999999935412e+00 2.647142066986251549e-07
1.034999999999935305e+00 2.582303279166991028e-07
1.039999999999935199e+00 2.519052638565204633e-07
1.044999999999935092e+00 2.457351245605669037e-07
1.049999999999934985e+00 2.397161153503154835e-07
1.054999999999934879e+00 2.338445344925273093e-07
1.059999999999934772e+00 2.281167709226941023e-07
1.064999999999934666e+00 2.225293020242446545e-07
1.069999999999934559e+00 2.170786914621458598e-07
1.074999999999934452e+00 2.117615870695665757e-07
1.079999999999934346e+00 2.065747187863041438e-07
1.084999999999934239e+00 2.015148966477060388e-07
1.089999999999934133e+00 1.965790088228489179e-07
1.094999999999934026e+00 1.917640197007705126e-07
1.099999999999933920e+00 1.870669680235746804e-07
1.104999999999933813e+00 1.824849650652652001e-07
1.109999999999933706e+00 1.780151928551841351e-07
1.114999999999933600e+00 1.736549024449646357e-07
1.119999999999933493e+00 1.694014122179329299e-07
1.124999999999933387e+00 1.652521062399183670e-07
1.129999999999933280e+00 1.612044326504571912e-07
1.134999999999933173e+00 1.572559020934019300e-07
1.139999999999933067e+00 1.534040861859704604e-07
1.144999999999932960e+00 1.496466160252927478e-07
1.149999999999932854e+00 1.459811807315380526e-07
1.154999999999932747e+00 1.424055260267257284e-07
1.159999999999932641e+00 1.389174528483455283e-07
1.164999999999932534e+00 1.355148159969355940e-07
1.169999999999932427e+00 1.321955228167852563e-07
1.174999999999932321e+00 1.289575319089529633e-07
1.179999999999932214e+00 1.257988518758057987e-07
1.184999999999932108e+00 1.227175400963100281e-07
1.189999999999932001e+00 1.197117015313193437e-07
1.194999999999931894e+00 1.167794875581247355e-07
1.199999999999931788e+00 1.139190948335512923e-07
1.204999999999931681e+00 1.111287641849014091e-07
1.209999999999931575e+00 1.084067795280622347e-07
1.214999999999931468e+00 1.057514668121125067e-07
1.219999999999931362e+00 1.031611929897799967e-07
1.224999999999931255e+00 1.006343650131159481e-07
1.229999999999931148e+00 9.816942885376859419e-08
1.234999999999931042e+00 9.576486854725386081e-08
1.239999999999930935e+00 9.341920526063501583e-08
1.244999999999930829e+00 9.113099638303826060e-08
1.249999999999930722e+00 8.889883463844471886e-08
1.254999999999930616e+00 8.672134722021314852e-08
1.259999999999930509e+00 8.459719494680126762e-08
1.264999999999930402e+00 8.252507143816638385e-08
1.269999999999930296e+00 8.050370231233885484e-08
1.274999999999930189e+00 7.853184440167434731e-08
1.279999999999930083e+00 7.660828498830270828e-08
1.284999999999929976e+00 7.473184105830339802e-08
1.289999999999929869e+00 7.290135857414869733e-08
1.294999999999929763e+00 7.111571176496766736e-08
1.299999999999929656e+00 6.937380243419339617e-08
1.304999999999929550e+00 6.767455928416915503e-08
1.309999999999929443e+00 6.601693725729687004e-08
1.314999999999929337e+00 6.439991689332289480e-08
1.319999999999929230e+00 6.282250370236685664e-08
1.324999999999929123e+00 6.128372755330669392e-08
1.329999999999929017e+00 5.978264207714451670e-08
1.334999999999928910e+00 5.831832408498597597e-08
1.339999999999928804e+00 5.688987300027544892e-08
1.344999999999928697e+00 5.549641030493794354e-08
1.349999999999928590e+00 5.413707899908665266e-08
1.354999999999928484e+00 5.281104307396436553e-08
1.359999999999928377e+00 5.151748699779440270e-08
1.364999999999928271e+00 5.025561521422476684e-08
1.369999999999928164e+00 4.902465165305730873e-08
1.374999999999928058e+00 4.782383925296077505e-08
1.379999999999927951e+00 4.665243949587434001e-08
1.384999999999927844e+00 4.550973195281526451e-08
1.389999999999927738e+00 4.439501384081130067e-08
1.394999999999927631e+00 4.330759959068535520e-08
1.399999999999927525e+00 4.224682042542675452e-08
1.404999999999927418e+00 4.121202394888968099e-08
1.409999999999927311e+00 4.020257374456578901e-08
1.414999999999927205e+00 3.921784898418418330e-08
1.419999999999927098e+00 3.825724404589848673e-08
1.424999999999926992e+00 3.732016814182562831e-08
1.429999999999926885e+00 3.640604495470770538e-08
1.434999999999926779e+00 3.551431228347305200e-08
1.439999999999926672e+00 3.464442169747903753e-08
1.444999999999926565e+00 3.379583819922360005e-08
1.449999999999926459e+00 3.296803989531806405e-08
1.454999999999926352e+00 3.216051767551925166e-08
1.459999999999926246e+00 3.137277489962305227e-08
1.464999999999926139e+00 3.060432709202714753e-08
1.469999999999926033e+00 2.985470164377503577e-08
1.474999999999925926e+00 2.912343752189797646e-08
1.479999999999925819e+00 2.841008498587633267e-08
1.484999999999925713e+00 2.771420531104566381e-08
1.489999999999925606e+00 2.703537051877765258e-08
1.494999999999925500e+00 2.637316311326986765e-08
1.499999999999925393e+00 2.572717582478249243e-08
1.504999999999925286e+00 2.509701135916417434e-08
1.509999999999925180e+00 2.448228215351280137e-08
1.514999999999925073e+00 2.388261013782096339e-08
1.519999999999924967e+00 2.329762650245979654e-08
1.524999999999924860e+00 2.272697147135785366e-08
1.529999999999924754e+00 2.217029408073558767e-08
1.534999999999924647e+00 2.162725196325956206e-08
1.539999999999924540e+00 2.109751113748342415e-08
1.544999999999924434e+00 2.058074580244625679e-08
1.549999999999924327e+00 2.007663813730195837e-08
1.554999999999924221e+00 1.958487810585640783e-08
1.559999999999924114e+00 1.910516326589228158e-08
1.564999999999924007e+00 1.863719858316412880e-08
1.569999999999923901e+00 1.818069624994944183e-08
1.574999999999923794e+00 1.773537550804401241e-08
1.579999999999923688e+00 1.730096247609286249e-08
1.584999999999923581e+00 1.687718998115037417e-08
1.589999999999923475e+00 1.646379739436621445e-08
1.594999999999923368e+00 1.606053047069580157e-08
1.599999999999923261e+00 1.566714119253699051e-08
1.604999999999923155e+00 1.528338761719656521e-08
1.609999999999923048e+00 1.490903372809287722e-08
1.614999999999922942e+00 1.454384928960300741e-08
1.619999999999922835e+00 1.418760970546535838e-08
1.624999999999922728e+00 1.384009588065043658e-08
1.629999999999922622e+00 1.350109408661490394e-08
1.634999999999922515e+00 1.317039582985608357e-08
1.639999999999922409e+00 1.284779772368603759e-08
1.644999999999922302e+00 1.253310136314636875e-08
1.649999999999922196e+00 1.222611320298683449e-08
1.654999999999922089e+00 1.192664443863267707e-08
1.659999999999921982e+00 1.163451089006754861e-08
1.664999999999921876e+00 1.134953288856053621e-08
1.669999999999921769e+00 1.107153516616766994e-08
1.674999999999921663e+00 1.080034674793996752e-08
1.679999999999921556e+00 1.053580084677165739e-08
1.684999999999921450e+00 1.027773476082401576e-08
1.689999999999921343e+00 1.002598977346161235e-08
1.694999999999921236e+00 9.780411055639555354e-09
1.699999999999921130e+00 9.540847570681529742e-09
1.704999999999921023e+00 9.307151981390341088e-09
1.709999999999920917e+00 9.079180559433498827e-09
1.714999999999920810e+00 8.856793096948340193e-09
1.719999999999920703e+00 8.639852820312324218e-09
1.724999999999920597e+00 8.428226306025375922e-09
1.729999999999920490e+00 8.221783398652545492e-09
1.734999999999920384e+00 8.020397130776613789e-09
1.739999999999920277e+00 7.823943644911347513e-09
1.744999999999920171e+00 7.632302117327349800e-09
1.749999999999920064e+00 7.445354683743747386e-09
1.754999999999919957e+00 7.262986366839950569e-09
1.759999999999919851e+00 7.085085005542905069e-09
1.764999999999919744e+00 6.911541186046374070e-09
1.769999999999919638e+00 6.742248174519833436e-09
1.774999999999919531e+00 6.577101851465539191e-09
1.779999999999919424e+00 6.416000647683479425e-09
1.784999999999919318e+00 6.258845481804757424e-09
1.789999999999919211e+00 6.105539699355020702e-09
1.794999999999919105e+00 5.955989013310452250e-09
1.799999999999918998e+00 5.810101446109776685e-09
1.804999999999918892e+00 5.667787273086634761e-09
1.809999999999918785e+00 5.528958967287450673e-09
1.814999999999918678e+00 5.393531145640954669e-09
1.819999999999918572e+00 5.261420516446229899e-09
1.824999999999918465e+00 5.132545828146952326e-09
1.829999999999918359e+00 5.006827819360345343e-09
1.834999999999918252e+00 4.884189170130122633e-09
1.839999999999918145e+00 4.764554454373419109e-09
1.844999999999918039e+00 4.647850093492494706e-09
1.849999999999917932e+00 4.534004311122631150e-09
1.854999999999917826e+00 4.422947088988465620e-09
1.859999999999917719e+00 4.314610123841531372e-09
1.864999999999917613e+00 4.208926785452580200e-09
1.869999999999917506e+00 4.105832075632843126e-09
1.874999999999917399e+00 4.005262588258976344e-09
1.879999999999917293e+00 3.907156470277198740e-09
1.884999999999917186e+00 3.811453383662554197e-09
1.889999999999917080e+00 3.718094468309932063e-09
1.894999999999916973e+00 3.627022305834049503e-09
1.899999999999916866e+00 3.538180884256093304e-09
1.904999999999916760e+00 3.451515563555338657e-09
1.909999999999916653e+00 3.366973042064519459e-09
1.914999999999916547e+00 3.284501323688300400e-09
1.919999999999916440e+00 3.204049685924724291e-09
1.924999999999916334e+00 3.125568648669909680e-09
1.929999999999916227e+00 3.049009943786848707e-09
1.934999999999916120e+00 2.974326485419584845e-09
1.939999999999916014e+00 2.901472341034498949e-09
1.944999999999915907e+00 2.830402703170922121e-09
1.949999999999915801e+00 2.761073861883666537e-09
1.954999999999915694e+00 2.693443177860559236e-09
1.959999999999915588e+00 2.627469056198420775e-09
1.964999999999915481e+00 2.563110920821370306e-09
1.969999999999915374e+00 2.500329189525735271e-09
1.974999999999915268e+00 2.439085249636197939e-09
1.979999999999915161e+00 2.379341434258214265e-09
1.984999999999915055e+00 2.321060999112113589e-09
1.989999999999914948e+00 2.264208099934609920e-09
1.994999999999914841e+00 2.208747770433842625e-09
