-2.000000000000000000e+00 9.262379555911127516e-04
-1.995000000000000107e+00 9.493179190932577501e-04
-1.990000000000000213e+00 9.729730606316869777e-04
-1.985000000000000320e+00 9.972177160345013346e-04
-1.980000000000000426e+00 1.022066578481021408e-03
-1.975000000000000533e+00 1.047534707410569714e-03
-1.970000000000000639e+00 1.073637537653376363e-03
-1.965000000000000746e+00 1.100390888789145065e-03
-1.960000000000000853e+00 1.127810974738954405e-03
-1.955000000000000959e+00 1.155914413596314388e-03
-1.950000000000001066e+00 1.184718237703346775e-03
-1.945000000000001172e+00 1.214239903978189383e-03
-1.940000000000001279e+00 1.244497304499904032e-03
-1.935000000000001386e+00 1.275508777357296872e-03
-1.930000000000001492e+00 1.307293117768237173e-03
-1.925000000000001599e+00 1.339869589476222434e-03
-1.920000000000001705e+00 1.373257936431097068e-03
-1.915000000000001812e+00 1.407478394761013576e-03
-1.910000000000001918e+00 1.442551705042902132e-03
-1.905000000000002025e+00 1.478499124878882931e-03
-1.900000000000002132e+00 1.515342441786267109e-03
-1.895000000000002238e+00 1.553103986408937726e-03
-1.890000000000002345e+00 1.591806646058159091e-03
-1.885000000000002451e+00 1.631473878591010746e-03
-1.880000000000002558e+00 1.672129726634855431e-03
-1.875000000000002665e+00 1.713798832166494018e-03
-1.870000000000002771e+00 1.756506451454833062e-03
-1.865000000000002878e+00 1.800278470376142541e-03
-1.860000000000002984e+00 1.845141420111185218e-03
-1.855000000000003091e+00 1.891122493233744501e-03
-1.850000000000003197e+00 1.938249560200314267e-03
-1.845000000000003304e+00 1.986551186250946986e-03
-1.840000000000003411e+00 2.036056648731524726e-03
-1.835000000000003517e+00 2.086795954847942697e-03
-1.830000000000003624e+00 2.138799859863008742e-03
-1.825000000000003730e+00 2.192099885747055867e-03
-1.820000000000003837e+00 2.246728340293618724e-03
-1.815000000000003944e+00 2.302718336711757907e-03
-1.810000000000004050e+00 2.360103813706914463e-03
-1.805000000000004157e+00 2.418919556062484096e-03
-1.800000000000004263e+00 2.479201215734595440e-03
-1.795000000000004370e+00 2.540985333472884668e-03
-1.790000000000004476e+00 2.604309360980400050e-03
-1.785000000000004583e+00 2.669211683626065805e-03
-1.780000000000004690e+00 2.735731643723488503e-03
-1.775000000000004796e+00 2.803909564390229259e-03
-1.770000000000004903e+00 2.873786774002027103e-03
-1.765000000000005009e+00 2.945405631256791095e-03
-1.760000000000005116e+00 3.018809550863595093e-03
-1.755000000000005222e+00 3.094043029872223065e-03
-1.750000000000005329e+00 3.171151674659288596e-03
-1.745000000000005436e+00 3.250182228587251889e-03
-1.740000000000005542e+00 3.331182600353156317e-03
-1.735000000000005649e+00 3.414201893044259157e-03
-1.730000000000005755e+00 3.499290433918198200e-03
-1.725000000000005862e+00 3.586499804925758796e-03
-1.720000000000005969e+00 3.675882873994757317e-03
-1.715000000000006075e+00 3.767493827094033250e-03
-1.710000000000006182e+00 3.861388201096994845e-03
-1.705000000000006288e+00 3.957622917464663319e-03
-1.700000000000006395e+00 4.056256316768656715e-03
-1.695000000000006501e+00 4.157348194075026829e-03
-1.690000000000006608e+00 4.260959835210485769e-03
-1.685000000000006715e+00 4.367154053932985509e-03
-1.680000000000006821e+00 4.475995230029175369e-03
-1.675000000000006928e+00 4.587549348361910292e-03
-1.670000000000007034e+00 4.701884038891475902e-03
-1.665000000000007141e+00 4.819068617694820776e-03
-1.660000000000007248e+00 4.939174129007675371e-03
-1.655000000000007354e+00 5.062273388315073619e-03
-1.650000000000007461e+00 5.188441026516436849e-03
-1.645000000000007567e+00 5.317753535191998074e-03
-1.640000000000007674e+00 5.450289312998042937e-03
-1.635000000000007780e+00 5.586128713219127954e-03
-1.630000000000007887e+00 5.725354092506114954e-03
-1.625000000000007994e+00 5.868049860829617839e-03
-1.620000000000008100e+00 6.014302532679138662e-03
-1.615000000000008207e+00 6.164200779539001814e-03
-1.610000000000008313e+00 6.317835483672899419e-03
-1.605000000000008420e+00 6.475299793249706705e-03
-1.600000000000008527e+00 6.636689178844004146e-03
-1.595000000000008633e+00 6.802101491345569767e-03
-1.590000000000008740e+00 6.971637021313044358e-03
-1.585000000000008846e+00 7.145398559807766836e-03
-1.580000000000008953e+00 7.323491460744612283e-03
-1.575000000000009059e+00 7.506023704797793600e-03
-1.570000000000009166e+00 7.693105964900330204e-03
-1.565000000000009273e+00 7.884851673376956638e-03
-1.560000000000009379e+00 8.081377090751209330e-03
-1.555000000000009486e+00 8.282801376268409885e-03
-1.550000000000009592e+00 8.489246660177437662e-03
-1.545000000000009699e+00 8.700838117815030970e-03
-1.540000000000009805e+00 8.917704045537662438e-03
-1.535000000000009912e+00 9.139975938547040268e-03
-1.530000000000010019e+00 9.367788570656489233e-03
-1.525000000000010125e+00 9.601280076046542558e-03
-1.520000000000010232e+00 9.840592033059461854e-03
-1.515000000000010338e+00 1.008586955008347087e-02
-1.510000000000010445e+00 1.033726135357883151e-02
-1.505000000000010552e+00 1.059491987829922280e-02
-1.500000000000010658e+00 1.085900135976311867e-02
-1.495000000000010765e+00 1.112966592903128979e-02
-1.490000000000010871e+00 1.140707770984802222e-02
-1.485000000000010978e+00 1.169140491820496071e-02
-1.480000000000011084e+00 1.198281996438791547e-02
-1.475000000000011191e+00 1.228149955756870429e-02
-1.470000000000011298e+00 1.258762481300544113e-02
-1.465000000000011404e+00 1.290138136191630244e-02
-1.460000000000011511e+00 1.322295946409352864e-02
-1.455000000000011617e+00 1.355255412332592377e-02
-1.450000000000011724e+00 1.389036520569998136e-02
-1.445000000000011831e+00 1.423659756085133253e-02
-1.440000000000011937e+00 1.459146114624026123e-02
-1.435000000000012044e+00 1.495517115452654408e-02
-1.430000000000012150e+00 1.532794814412102337e-02
-1.425000000000012257e+00 1.571001817299314679e-02
-1.420000000000012363e+00 1.610161293581559294e-02
-1.415000000000012470e+00 1.650296990452935694e-02
-1.410000000000012577e+00 1.691433247241447974e-02
-1.405000000000012683e+00 1.733595010175398993e-02
-1.400000000000012790e+00 1.776807847518054734e-02
-1.395000000000012896e+00 1.821097965079770259e-02
-1.390000000000013003e+00 1.866492222116996821e-02
-1.385000000000013110e+00 1.913018147627823171e-02
-1.380000000000013216e+00 1.960703957053917812e-02
-1.375000000000013323e+00 2.009578569399038742e-02
-1.370000000000013429e+00 2.059671624774482221e-02
-1.365000000000013536e+00 2.111013502382131507e-02
-1.360000000000013642e+00 2.163635338946010706e-02
-1.355000000000013749e+00 2.217569047603536181e-02
-1.350000000000013856e+00 2.272847337267929965e-02
-1.345000000000013962e+00 2.329503732473551733e-02
-1.340000000000014069e+00 2.387572593716189365e-02
-1.335000000000014175e+00 2.447089138300655511e-02
-1.330000000000014282e+00 2.508089461708346013e-02
-1.325000000000014388e+00 2.570610559497729652e-02
-1.320000000000014495e+00 2.634690349751064170e-02
-1.315000000000014602e+00 2.700367696080948482e-02
-1.310000000000014708e+00 2.767682431210707547e-02
-1.305000000000014815e+00 2.836675381142886310e-02
-1.300000000000014921e+00 2.907388389930557274e-02
-1.295000000000015028e+00 2.979864345066432496e-02
-1.290000000000015135e+00 3.054147203505247835e-02
-1.285000000000015241e+00 3.130282018335185656e-02
-1.280000000000015348e+00 3.208314966114503286e-02
-1.275000000000015454e+00 3.288293374889996595e-02
-1.270000000000015561e+00 3.370265752914305968e-02
-1.265000000000015667e+00 3.454281818079464605e-02
-1.260000000000015774e+00 3.540392528084589097e-02
-1.255000000000015881e+00 3.628650111355998659e-02
-1.250000000000015987e+00 3.719108098738556356e-02
-1.245000000000016094e+00 3.811821355977454417e-02
-1.240000000000016200e+00 3.906846117010158437e-02
-1.235000000000016307e+00 4.004240018088731784e-02
-1.230000000000016414e+00 4.104062132753252129e-02
-1.225000000000016520e+00 4.206373007677521869e-02
-1.220000000000016627e+00 4.311234699408901527e-02
-1.215000000000016733e+00 4.418710812024467111e-02
-1.210000000000016840e+00 4.528866535726445292e-02
-1.205000000000016946e+00 4.641768686400317423e-02
-1.200000000000017053e+00 4.757485746159579448e-02
-1.195000000000017160e+00 4.876087904901806741e-02
-1.190000000000017266e+00 4.997647102901254385e-02
-1.185000000000017373e+00 5.122237074463836110e-02
-1.180000000000017479e+00 5.249933392670953769e-02
-1.175000000000017586e+00 5.380813515239397243e-02
-1.170000000000017693e+00 5.514956831525105047e-02
-1.165000000000017799e+00 5.652444710699366243e-02
-1.160000000000017906e+00 5.793360551126657682e-02
-1.155000000000018012e+00 5.937789830974141148e-02
-1.150000000000018119e+00 6.085820160083502822e-02
-1.145000000000018225e+00 6.237541333136670252e-02
-1.140000000000018332e+00 6.393045384147634513e-02
-1.135000000000018439e+00 6.552426642313499694e-02
-1.130000000000018545e+00 6.715781789258640222e-02
-1.125000000000018652e+00 6.883209917706734071e-02
-1.120000000000018758e+00 7.054812591616270445e-02
-1.115000000000018865e+00 7.230693907816074240e-02
-1.110000000000018971e+00 7.410960559178242368e-02
-1.105000000000019078e+00 7.595721899366812691e-02
-1.100000000000019185e+00 7.785090009201607597e-02
-1.095000000000019291e+00 7.979179764677279962e-02
-1.090000000000019398e+00 8.178108906679203149e-02
-1.085000000000019504e+00 8.381998112438250603e-02
-1.080000000000019611e+00 8.590971068767933039e-02
-1.075000000000019718e+00 8.805154547128429821e-02
-1.070000000000019824e+00 9.024678480562968452e-02
-1.065000000000019931e+00 9.249676042553377220e-02
-1.060000000000020037e+00 9.480283727842572783e-02
-1.055000000000020144e+00 9.716641435273153105e-02
-1.050000000000020250e+00 9.958892552692331923e-02
-1.045000000000020357e+00 1.020718404397476659e-01
-1.040000000000020464e+00 1.046166653821613141e-01
-1.035000000000020570e+00 1.072249442115161128e-01
-1.030000000000020677e+00 1.098982592885475451e-01
-1.025000000000020783e+00 1.126382324377363658e-01
-1.020000000000020890e+00 1.154465259316258263e-01
-1.015000000000020997e+00 1.183248434996930498e-01
-1.010000000000021103e+00 1.212749313623860820e-01
-1.005000000000021210e+00 1.242985792909550719e-01
-1.000000000000021316e+00 1.273976216937209027e-01
-9.950000000000214229e-01 1.591805891404790840e-01
-9.900000000000215294e-01 1.954662676064348736e-01
-9.850000000000216360e-01 2.362280883901243522e-01
-9.800000000000217426e-01 2.813057000204914337e-01
-9.750000000000218492e-01 3.303937408833198530e-01
-9.700000000000219558e-01 3.830354661469825839e-01
-9.650000000000220624e-01 4.386220585100897851e-01
-9.600000000000221689e-01 4.963982252024906061e-01
-9.550000000000222755e-01 5.554743988518185960e-01
-9.500000000000223821e-01 6.148455309443796590e-01
-9.450000000000224887e-01 6.734161116302604944e-01
-9.400000000000225953e-01 7.300306897825182828e-01
-9.350000000000227018e-01 7.835088256322604305e-01
-9.300000000000228084e-01 8.326831083180322723e-01
-9.250000000000229150e-01 8.764386341376240175e-01
-9.200000000000230216e-01 9.137521867337808912e-01
-9.150000000000231282e-01 9.437293016052936689e-01
-9.100000000000232347e-01 9.656374418446899144e-01
-9.050000000000233413e-01 9.789336605941376668e-01
-9.000000000000234479e-01 9.832853719252188096e-01
-8.950000000000235545e-01 9.785831823235174864e-01
-8.900000000000236611e-01 9.649451302697701349e-01
-8.850000000000237677e-01 9.427121174086228184e-01
-8.800000000000238742e-01 9.124347643514285622e-01
-8.750000000000239808e-01 8.748523591399512966e-01
-8.700000000000240874e-01 8.308649597447756996e-01
-8.650000000000241940e-01 7.815000396802571636e-01
-8.600000000000243006e-01 7.278753086588849452e-01
-8.550000000000244071e-01 6.711594850570776760e-01
-8.500000000000245137e-01 6.125328376229219884e-01
-8.450000000000246203e-01 5.531492513135395361e-01
-8.400000000000247269e-01 4.941014142777104268e-01
-8.350000000000248335e-01 4.363904837228329558e-01
-8.300000000000249401e-01 3.809012864356370320e-01
-8.250000000000250466e-01 3.283837669823758132e-01
-8.200000000000251532e-01 2.794410364760919752e-01
-8.150000000000252598e-01 2.345240203436386450e-01
-8.100000000000253664e-01 1.939323758967866074e-01
-8.050000000000254730e-01 1.578210675425441578e-01
-8.000000000000255795e-01 1.262117626539377147e-01
-7.950000000000256861e-01 9.900805300756172767e-02
-7.900000000000257927e-01 7.601341868040402405e-02
-7.850000000000258993e-01 5.695083186561626654e-02
-7.800000000000260059e-01 4.148294134547423490e-02
-7.750000000000261124e-01 2.923187497896039683e-02
-7.700000000000262190e-01 1.979783567685627910e-02
-7.650000000000263256e-01 1.277583273718124399e-02
-7.600000000000264322e-01 7.770071605942786321e-03
-7.550000000000265388e-01 4.405708322225470631e-03
-7.500000000000266454e-01 2.337848825776882213e-03
-7.450000000000267519e-01 1.257828782012700153e-03
-7.400000000000268585e-01 8.969399158853379747e-04
-7.350000000000269651e-01 1.027869940307289979e-03
-7.300000000000270717e-01 1.464193424880476640e-03
-7.250000000000271783e-01 2.058291033451007009e-03
-7.200000000000272848e-01 2.698086979721794291e-03
-7.150000000000273914e-01 3.302983213118564684e-03
-7.100000000000274980e-01 3.819338547065754489e-03
-7.050000000000276046e-01 4.215796880257362614e-03
-7.000000000000277112e-01 4.478716013678981332e-03
-6.950000000000278177e-01 4.607892124763131834e-03
-6.900000000000279243e-01 4.612718870450493829e-03
-6.850000000000280309e-01 4.508867682378803372e-03
-6.800000000000281375e-01 4.315529526636953904e-03
-6.750000000000282441e-01 4.053219776019001928e-03
-6.700000000000283507e-01 3.742117614358401925e-03
-6.650000000000284572e-01 3.400889587984374119e-03
-6.600000000000285638e-01 3.045933008965630989e-03
-6.550000000000286704e-01 2.690967967666208719e-03
-6.500000000000287770e-01 2.346905548621386426e-03
-6.450000000000288836e-01 2.021923173468980189e-03
-6.400000000000289901e-01 1.721684531971384496e-03
-6.350000000000290967e-01 1.449650115129163608e-03
-6.300000000000292033e-01 1.207433896377600345e-03
-6.250000000000293099e-01 9.951713719851512218e-04
-6.200000000000294165e-01 8.118733277070281371e-04
-6.150000000000295231e-01 6.557479012401583839e-04
-6.100000000000296296e-01 5.244804940241160150e-04
-6.050000000000297362e-01 4.154667380685802343e-04
-6.000000000000298428e-01 3.259980503547314301e-04
-5.950000000000299494e-01 2.534024030435407188e-04
-5.900000000000300560e-01 1.951449534402464187e-04
-5.850000000000301625e-01 1.488942952695886742e-04
-5.800000000000302691e-01 1.125605032740803078e-04
-5.750000000000303757e-01 8.431103030283506998e-05
-5.700000000000304823e-01 6.257004549303177851e-05
-5.650000000000305889e-01 4.600611463010213586e-05
-5.600000000000306954e-01 3.351233247010490036e-05
-5.550000000000308020e-01 2.418220737159610797e-05
-5.500000000000309086e-01 1.728383134504264568e-05
-5.450000000000310152e-01 1.223418200253168792e-05
-5.400000000000311218e-01 8.574817435385727240e-06
-5.350000000000312284e-01 5.949747587525484747e-06
-5.300000000000313349e-01 4.085893227644064604e-06
-5.250000000000314415e-01 2.776266721076539890e-06
-5.200000000000315481e-01 1.865814397545179646e-06
-5.150000000000316547e-01 1.239733863101472517e-06
-5.100000000000317613e-01 8.140066754563577708e-07
-5.050000000000318678e-01 5.278540827186255477e-07
-5.000000000000319744e-01 3.378194326226303029e-07
-4.950000000000320810e-01 2.131958001774728457e-07
-4.900000000000321876e-01 1.325437750462937155e-07
-4.850000000000322942e-01 8.107647730170064278e-08
-4.800000000000324007e-01 4.872264132103119817e-08
-4.750000000000325073e-01 2.871127738471167458e-08
-4.700000000000326139e-01 1.655131254352781792e-08
-4.650000000000327205e-01 9.305848090649343860e-09
-4.600000000000328271e-01 5.082945906959157394e-09
-4.550000000000329337e-01 2.683249086264438801e-09
-4.500000000000330402e-01 1.359561861642858887e-09
-4.450000000000331468e-01 6.551975956672105102e-10
-4.400000000000332534e-01 2.969322237795472357e-10
-4.350000000000333600e-01 1.252460546400064070e-10
-4.300000000000334666e-01 4.963597270698881763e-11
-4.250000000000335731e-01 2.051290221775857944e-11
-4.200000000000336797e-01 1.188476713579472478e-11
-4.150000000000337863e-01 1.092553586704598507e-11
-4.100000000000338929e-01 1.185475338641653969e-11
-4.050000000000339995e-01 1.245687878845717705e-11
-4.000000000000341061e-01 1.217718043053056054e-11
-3.950000000000342126e-01 1.113172421029105391e-11
-3.900000000000343192e-01 9.628639781025152004e-12
-3.850000000000344258e-01 7.962408347382719816e-12
-3.800000000000345324e-01 6.345492955818424317e-12
-3.750000000000346390e-01 4.902728263804479031e-12
-3.700000000000347455e-01 3.689411015584882355e-12
-3.650000000000348521e-01 2.713913680830353261e-12
-3.600000000000349587e-01 1.957173184763481407e-12
-3.550000000000350653e-01 1.387321753939304476e-12
-3.500000000000351719e-01 9.689940582361862756e-13
-3.450000000000352784e-01 6.684820475148394158e-13
-3.400000000000353850e-01 4.566101474282588178e-13
-3.350000000000354916e-01 3.099078640481881882e-13
-3.300000000000355982e-01 2.102079134607104558e-13
-3.250000000000357048e-01 1.436896445508855819e-13
-3.200000000000358114e-01 9.992469106518515399e-14
-3.150000000000359179e-01 7.129204414801326756e-14
-3.100000000000360245e-01 5.261260166102942357e-14
-3.050000000000361311e-01 4.049688848353367669e-14
-3.000000000000362377e-01 3.268040054621121289e-14
-2.950000000000363443e-01 2.766854781275153571e-14
-2.900000000000364508e-01 2.447154295973461646e-14
-2.850000000000365574e-01 2.235825681767101158e-14
-2.800000000000366640e-01 2.080452157822499393e-14
-2.750000000000367706e-01 1.956843559318603064e-14
-2.700000000000368772e-01 1.866951569893457362e-14
-2.650000000000369837e-01 1.812806739664142630e-14
-2.600000000000370903e-01 1.784683947153591890e-14
-2.550000000000371969e-01 1.765488704191948451e-14
-2.500000000000373035e-01 1.733374964438369744e-14
-2.450000000000374101e-01 1.675890215922003886e-14
-2.400000000000375167e-01 1.601363362012237282e-14
-2.350000000000376232e-01 1.530246686305414059e-14
-2.300000000000377298e-01 1.473822094259485434e-14
-2.250000000000378364e-01 1.424164722398918233e-14
-2.200000000000379430e-01 1.363105357489466167e-14
-2.150000000000380496e-01 1.282170550358769351e-14
-2.100000000000381561e-01 1.196751947062171090e-14
-2.050000000000382627e-01 1.131218741062918776e-14
-2.000000000000383693e-01 1.093766464617334883e-14
-1.950000000000384759e-01 1.074907857980350913e-14
-1.900000000000385825e-01 1.064334950004461380e-14
-1.850000000000386891e-01 1.055158043505245618e-14
-1.800000000000387956e-01 1.037872178738111948e-14
-1.750000000000389022e-01 1.007073001893019521e-14
-1.700000000000390088e-01 9.666824083279083783e-15
-1.650000000000391154e-01 9.240095043618118935e-15
-1.600000000000392220e-01 8.883213871588367816e-15
-1.550000000000393285e-01 8.706062937913999699e-15
-1.500000000000394351e-01 8.697944103132624576e-15
-1.450000000000395417e-01 8.751151297259034924e-15
-1.400000000000396483e-01 8.861871096952734818e-15
-1.350000000000397549e-01 9.153678412728559001e-15
-1.300000000000398614e-01 9.707870946332827377e-15
-1.250000000000399680e-01 1.038786372418182745e-14
-1.200000000000400746e-01 1.091181072844586037e-14
-1.150000000000401812e-01 1.120794441667498564e-14
-1.100000000000402878e-01 1.151638744286705642e-14
-1.050000000000403944e-01 1.196284843276792853e-14
-1.000000000000405009e-01 1.234322451729772798e-14
-9.500000000004060752e-02 1.245524963174066563e-14
-9.000000000004071410e-02 1.238162076138862878e-14
-8.500000000004082068e-02 1.234537200079734521e-14
-8.000000000004092726e-02 1.243956765816910505e-14
-7.500000000004103384e-02 1.264837235874922597e-14
-7.000000000004114042e-02 1.295419903956174431e-14
-6.500000000004124701e-02 1.332475233988256681e-14
-6.000000000004135359e-02 1.374726903504487989e-14
-5.500000000004146017e-02 1.425280299961407607e-14
-5.000000000004156675e-02 1.480284455564156215e-14
-4.500000000004167333e-02 1.527315230362791261e-14
-4.000000000004177991e-02 1.562386293582507287e-14
-3.500000000004188649e-02 1.595348658920797679e-14
-3.000000000004199308e-02 1.636006571154516236e-14
-2.500000000004209966e-02 1.686590421172644321e-14
-2.000000000004220624e-02 1.744528400377138091e-14
-1.500000000004231282e-02 1.800082660017275590e-14
-1.000000000004241940e-02 1.838123331293338568e-14
-5.000000000042525983e-03 1.852662582348355870e-14
-4.263256414560601115e-14 1.855611921937757298e-14
4.999999999957260854e-03 1.864369471694945020e-14
9.999999999957154273e-03 1.884062827099519590e-14
1.499999999995704769e-02 1.909319060349883520e-14
1.999999999995694111e-02 1.933647470021022824e-14
2.499999999995683453e-02 1.948648356849545412e-14
2.999999999995672795e-02 1.949559292110825846e-14
3.499999999995662137e-02 1.947664989971804206e-14
3.999999999995651478e-02 1.958591403744171664e-14
4.499999999995640820e-02 1.980977793612731634e-14
4.999999999995630162e-02 2.001430921670092546e-14
5.499999999995619504e-02 2.007030400448035960e-14
5.999999999995608846e-02 1.987641619035551076e-14
6.499999999995598188e-02 1.941286476268439071e-14
6.999999999995587530e-02 1.881264189112069051e-14
7.499999999995576871e-02 1.828558191596060348e-14
7.999999999995566213e-02 1.791072730211861962e-14
8.499999999995555555e-02 1.756344761957831350e-14
8.999999999995544897e-02 1.709057200588909671e-14
9.499999999995534239e-02 1.646322056879086479e-14
9.999999999995523581e-02 1.575459720785261310e-14
1.049999999999551292e-01 1.506689200354847641e-14
1.099999999999550226e-01 1.448901946139574403e-14
1.149999999999549161e-01 1.407200924937219274e-14
1.199999999999548095e-01 1.377197470759378369e-14
1.249999999999547029e-01 1.349164954316797302e-14
1.299999999999545963e-01 1.319064168078713625e-14
1.349999999999544897e-01 1.285322153120157632e-14
1.399999999999543832e-01 1.250588546842847331e-14
1.449999999999542766e-01 1.227106087490876044e-14
1.499999999999541700e-01 1.222721400841539795e-14
1.549999999999540634e-01 1.238823169448271100e-14
1.599999999999539568e-01 1.283574660837111838e-14
1.649999999999538502e-01 1.360091873447707630e-14
1.699999999999537437e-01 1.450014941151777278e-14
1.749999999999536371e-01 1.519257809893864681e-14
1.799999999999535305e-01 1.539852600833956583e-14
1.849999999999534239e-01 1.518918870869434571e-14
1.899999999999533173e-01 1.491290344770996438e-14
1.949999999999532108e-01 1.480535811041450852e-14
1.999999999999531042e-01 1.488667087485529847e-14
2.049999999999529976e-01 1.513004638528659125e-14
2.099999999999528910e-01 1.552207558353017936e-14
2.149999999999527844e-01 1.597766529217425607e-14
2.199999999999526779e-01 1.638827234443394924e-14
2.249999999999525713e-01 1.675812163171524072e-14
2.299999999999524647e-01 1.718721775350412770e-14
2.349999999999523581e-01 1.768134134852524982e-14
2.399999999999522515e-01 1.801632473791148207e-14
2.449999999999521449e-01 1.798178052758927499e-14
2.499999999999520384e-01 1.764457460170411097e-14
2.549999999999519318e-01 1.721399709580618172e-14
2.599999999999518252e-01 1.686355672885343370e-14
2.649999999999517186e-01 1.666459619876752568e-14
2.699999999999516120e-01 1.660236703592064857e-14
2.749999999999515055e-01 1.667449340945402964e-14
2.799999999999513989e-01 1.699770701358373317e-14
2.849999999999512923e-01 1.780684341397098127e-14
2.899999999999511857e-01 1.930367068734843086e-14
2.949999999999510791e-01 2.178831947915604575e-14
2.999999999999509726e-01 2.594867356906853179e-14
3.049999999999508660e-01 3.288331627260374460e-14
3.099999999999507594e-01 4.421600648955629201e-14
3.149999999999506528e-01 6.230488441295337494e-14
3.199999999999505462e-01 9.059582807585707322e-14
3.249999999999504396e-01 1.343119137641113350e-13
3.299999999999503331e-01 2.008845036437001252e-13
3.349999999999502265e-01 3.003553158404671366e-13
3.399999999999501199e-01 4.464416899904301708e-13
3.449999999999500133e-01 6.576529961380338165e-13
3.499999999999499067e-01 9.578153426024003851e-13
3.549999999999498002e-01 1.376063375641191823e-12
3.599999999999496936e-01 1.945923748663264413e-12
3.649999999999495870e-01 2.702722202958685380e-12
3.699999999999494804e-01 3.678282741092324957e-12
3.749999999999493738e-01 4.891599090788667113e-12
3.799999999999492672e-01 6.334405449714940217e-12
3.849999999999491607e-01 7.951389614006448858e-12
3.899999999999490541e-01 9.617520031777091176e-12
3.949999999999489475e-01 1.112037526066772468e-11
3.999999999999488409e-01 1.216567496812621821e-11
4.049999999999487343e-01 1.244548817765974137e-11
4.099999999999486278e-01 1.184374907392506240e-11
4.149999999999485212e-01 1.091493397827605376e-11
4.199999999999484146e-01 1.187430388464269544e-11
4.249999999999483080e-01 2.050235814679546963e-11
4.299999999999482014e-01 4.962565895204198966e-11
4.349999999999480949e-01 1.252366522987198944e-10
4.399999999999479883e-01 2.969241894797644470e-10
4.449999999999478817e-01 6.551908510846210887e-10
4.499999999999477751e-01 1.359556031460292146e-09
4.549999999999476685e-01 2.683243807355785800e-09
4.599999999999475619e-01 5.082940960538234805e-09
4.649999999999474554e-01 9.305843462670467718e-09
4.699999999999473488e-01 1.655130827106397258e-08
4.749999999999472422e-01 2.871127370828133296e-08
4.799999999999471356e-01 4.872263856870380636e-08
4.849999999999470290e-01 8.107647543700418298e-08
4.899999999999469225e-01 1.325437739424858008e-07
4.949999999999468159e-01 2.131957997213708293e-07
4.999999999999467093e-01 3.378194328815503284e-07
5.049999999999466027e-01 5.278540840159216220e-07
5.099999999999464961e-01 8.140066777453553612e-07
5.149999999999463896e-01 1.239733865910769095e-06
5.199999999999462830e-01 1.865814400601422538e-06
5.249999999999461764e-01 2.776266724354164796e-06
5.299999999999460698e-01 4.085893230970192734e-06
5.349999999999459632e-01 5.949747590638285088e-06
5.399999999999458566e-01 8.574817438375706110e-06
5.449999999999457501e-01 1.223418200549528680e-05
5.499999999999456435e-01 1.728383134772845163e-05
5.549999999999455369e-01 2.418220737387049307e-05
5.599999999999454303e-01 3.351233247208728949e-05
5.649999999999453237e-01 4.600611463189636170e-05
5.699999999999452172e-01 6.257004549457897567e-05
5.749999999999451106e-01 8.431103030421780722e-05
5.799999999999450040e-01 1.125605032753900241e-04
5.849999999999448974e-01 1.488942952706818752e-04
5.899999999999447908e-01 1.951449534406472211e-04
5.949999999999446842e-01 2.534024030430486536e-04
5.999999999999445777e-01 3.259980503537957637e-04
6.049999999999444711e-01 4.154667380675426528e-04
6.099999999999443645e-01 5.244804940229984194e-04
6.149999999999442579e-01 6.557479012388012880e-04
6.199999999999441513e-01 8.118733277049500468e-04
6.249999999999440448e-01 9.951713719819137941e-04
6.299999999999439382e-01 1.207433896373390821e-03
6.349999999999438316e-01 1.449650115124460339e-03
6.399999999999437250e-01 1.721684531966153004e-03
6.449999999999436184e-01 2.021923173463045266e-03
6.499999999999435119e-01 2.346905548614784068e-03
6.549999999999434053e-01 2.690967967658916375e-03
6.599999999999432987e-01 3.045933008957734094e-03
6.649999999999431921e-01 3.400889587976068263e-03
6.699999999999430855e-01 3.742117614349889203e-03
6.749999999999429789e-01 4.053219776010609336e-03
6.799999999999428724e-01 4.315529526629465970e-03
6.849999999999427658e-01 4.508867682372798627e-03
6.899999999999426592e-01 4.612718870446131866e-03
6.949999999999425526e-01 4.607892124760175866e-03
6.999999999999424460e-01 4.478716013677596156e-03
7.049999999999423395e-01 4.215796880258206557e-03
7.099999999999422329e-01 3.819338547069148909e-03
7.149999999999421263e-01 3.302983213124006077e-03
7.199999999999420197e-01 2.698086979728351112e-03
7.249999999999419131e-01 2.058291033457179155e-03
7.299999999999418065e-01 1.464193424884556926e-03
7.349999999999417000e-01 1.027869940307334865e-03
7.399999999999415934e-01 8.969399158787699864e-04
7.449999999999414868e-01 1.257828781996050494e-03
7.499999999999413802e-01 2.337848825745750866e-03
7.549999999999412736e-01 4.405708322174497517e-03
7.599999999999411671e-01 7.770071605866206953e-03
7.649999999999410605e-01 1.277583273707325398e-02
7.699999999999409539e-01 1.979783567671005232e-02
7.749999999999408473e-01 2.923187497876934132e-02
7.799999999999407407e-01 4.148294134523178300e-02
7.849999999999406342e-01 5.695083186531588182e-02
7.899999999999405276e-01 7.601341868003969049e-02
7.949999999999404210e-01 9.900805300712774148e-02
7.999999999999403144e-01 1.262117626534288994e-01
8.049999999999402078e-01 1.578210675419571551e-01
8.099999999999401012e-01 1.939323758961208899e-01
8.149999999999399947e-01 2.345240203428949899e-01
8.199999999999398881e-01 2.794410364752734077e-01
8.249999999999397815e-01 3.283837669814881899e-01
8.299999999999396749e-01 3.809012864346894012e-01
8.349999999999395683e-01 4.363904837218383626e-01
8.399999999999394618e-01 4.941014142766832484e-01
8.449999999999393552e-01 5.531492513124948163e-01
8.499999999999392486e-01 6.125328376218761584e-01
8.549999999999391420e-01 6.711594850560511638e-01
8.599999999999390354e-01 7.278753086578981790e-01
8.649999999999389289e-01 7.815000396793299053e-01
8.699999999999388223e-01 8.308649597439259349e-01
8.749999999999387157e-01 8.748523591391993426e-01
8.799999999999386091e-01 9.124347643507916272e-01
8.849999999999385025e-01 9.427121174081138921e-01
8.899999999999383959e-01 9.649451302694007637e-01
8.949999999999382894e-01 9.785831823232954418e-01
8.999999999999381828e-01 9.832853719251495317e-01
9.049999999999380762e-01 9.789336605942223768e-01
9.099999999999379696e-01 9.656374418449241714e-01
9.149999999999378630e-01 9.437293016056699235e-01
9.199999999999377565e-01 9.137521867342898174e-01
9.249999999999376499e-01 8.764386341382536250e-01
9.299999999999375433e-01 8.326831083187667959e-01
9.349999999999374367e-01 7.835088256330818846e-01
9.399999999999373301e-01 7.300306897834063502e-01
9.449999999999372235e-01 6.734161116311957462e-01
9.499999999999371170e-01 6.148455309453433326e-01
9.549999999999370104e-01 5.554743988527908183e-01
9.599999999999369038e-01 4.963982252034529474e-01
9.649999999999367972e-01 4.386220585110260362e-01
9.699999999999366906e-01 3.830354661478787004e-01
9.749999999999365841e-01 3.303937408841638446e-01
9.799999999999364775e-01 2.813057000212733083e-01
9.849999999999363709e-01 2.362280883908379481e-01
9.899999999999362643e-01 1.954662676070758331e-01
9.949999999999361577e-01 1.591805891410464080e-01
9.999999999999360512e-01 1.273976216941020700e-01
1.004999999999935945e+00 1.242985792909973575e-01
1.009999999999935838e+00 1.212749313624273684e-01
1.014999999999935731e+00 1.183248434997332954e-01
1.019999999999935625e+00 1.154465259316650866e-01
1.024999999999935518e+00 1.126382324377746685e-01
1.029999999999935412e+00 1.098982592885849596e-01
1.034999999999935305e+00 1.072249442115525836e-01
1.039999999999935199e+00 1.046166653821968828e-01
1.044999999999935092e+00 1.020718404397823603e-01
1.049999999999934985e+00 9.958892552695719491e-02
1.054999999999934879e+00 9.716641435276461569e-02
1.059999999999934772e+00 9.480283727845797981e-02
1.064999999999934666e+00 9.249676042556524702e-02
1.069999999999934559e+00 9.024678480566039607e-02
1.074999999999934452e+00 8.805154547131423259e-02
1.079999999999934346e+00 8.590971068770852925e-02
1.084999999999934239e+00 8.381998112441102489e-02
1.089999999999934133e+00 8.178108906681985646e-02
1.094999999999934026e+00 7.979179764679993070e-02
1.099999999999933920e+00 7.785090009204254091e-02
1.104999999999933813e+00 7.595721899369398122e-02
1.109999999999933706e+00 7.410960559180762575e-02
1.114999999999933600e+00 7.230693907818537547e-02
1.119999999999933493e+00 7.054812591618671302e-02
1.124999999999933387e+00 6.883209917709075254e-02
1.129999999999933280e+00 6.715781789260925894e-02
1.134999999999933173e+00 6.552426642315731242e-02
1.139999999999933067e+00 6.393045384149809163e-02
1.144999999999932960e+00 6.237541333138792166e-02
1.149999999999932854e+00 6.085820160085574082e-02
1.154999999999932747e+00 5.937789830976161753e-02
1.159999999999932641e+00 5.793360551128630409e-02
1.164999999999932534e+00 5.652444710701291786e-02
1.169999999999932427e+00 5.514956831526982711e-02
1.174999999999932321e+00 5.380813515241229111e-02
1.179999999999932214e+00 5.249933392672742616e-02
1.184999999999932108e+00 5.122237074465581935e-02
1.189999999999932001e+00 4.997647102902957189e-02
1.194999999999931894e+00 4.876087904903467912e-02
1.199999999999931788e+00 4.757485746161199680e-02
1.204999999999931681e+00 4.641768686401899491e-02
1.209999999999931575e+00 4.528866535727988502e-02
1.214999999999931468e+00 4.418710812025972157e-02
1.219999999999931362e+00 4.311234699410371185e-02
1.224999999999931255e+00 4.206373007678956139e-02
1.229999999999931148e+00 4.104062132754650316e-02
1.234999999999931042e+00 4.004240018090096664e-02
1.239999999999930935e+00 3.906846117011490011e-02
1.244999999999930829e+00 3.811821355978754072e-02
1.249999999999930722e+00 3.719108098739824786e-02
1.254999999999930616e+00 3.628650111357235170e-02
1.259999999999930509e+00 3.540392528085796464e-02
1.264999999999930402e+00 3.454281818080644217e-02
1.269999999999930296e+00 3.370265752915456436e-02
1.274999999999930189e+00 3.288293374891117921e-02
1.279999999999930083e+00 3.208314966115597550e-02
1.284999999999929976e+00 3.130282018336252858e-02
1.289999999999929869e+00 3.054147203506290750e-02
1.294999999999929763e+00 2.979864345067449391e-02
1.299999999999929656e+00 2.907388389931548842e-02
1.304999999999929550e+00 2.836675381143854979e-02
1.309999999999929443e+00 2.767682431211651931e-02
1.314999999999929337e+00 2.700367696081869967e-02
1.319999999999929230e+00 2.634690349751963104e-02
1.324999999999929123e+00 2.570610559498606382e-02
1.329999999999929017e+00 2.508089461709201579e-02
1.334999999999928910e+00 2.447089138301490260e-02
1.339999999999928804e+00 2.387572593717003991e-02
1.344999999999928697e+00 2.329503732474346236e-02
1.349999999999928590e+00 2.272847337268704693e-02
1.354999999999928484e+00 2.217569047604292173e-02
1.359999999999928377e+00 2.163635338946748657e-02
1.364999999999928271e+00 2.111013502382851417e-02
1.369999999999928164e+00 2.059671624775184784e-02
1.374999999999928058e+00 2.009578569399724304e-02
1.379999999999927951e+00 1.960703957054586374e-02
1.384999999999927844e+00 1.913018147628475427e-02
1.389999999999927738e+00 1.866492222117633118e-02
1.394999999999927631e+00 1.821097965080390596e-02
1.399999999999927525e+00 1.776807847518660152e-02
1.404999999999927418e+00 1.733595010175989493e-02
1.409999999999927311e+00 1.691433247242024249e-02
1.414999999999927205e+00 1.650296990453497745e-02
1.419999999999927098e+00 1.610161293582108161e-02
1.424999999999926992e+00 1.571001817299849668e-02
1.429999999999926885e+00 1.532794814412624836e-02
1.434999999999926779e+00 1.495517115453163549e-02
1.439999999999926672e+00 1.459146114624523295e-02
1.444999999999926565e+00 1.423659756085618455e-02
1.449999999999926459e+00 1.389036520570471021e-02
1.454999999999926352e+00 1.355255412333054334e-02
1.459999999999926246e+00 1.322295946409803198e-02
1.464999999999926139e+00 1.290138136192069650e-02
1.469999999999926033e+00 1.258762481300972937e-02
1.474999999999925926e+00 1.228149955757288671e-02
1.479999999999925819e+00 1.198281996439199554e-02
1.484999999999925713e+00 1.169140491820894363e-02
1.489999999999925606e+00 1.140707770985190626e-02
1.494999999999925500e+00 1.112966592903508189e-02
1.499999999999925393e+00 1.085900135976681710e-02
1.504999999999925286e+00 1.059491987830283102e-02
1.509999999999925180e+00 1.033726135358235126e-02
1.514999999999925073e+00 1.008586955008690562e-02
1.519999999999924967e+00 9.840592033062815075e-03
1.524999999999924860e+00 9.601280076049812512e-03
1.529999999999924754e+00 9.367788570659681124e-03
1.534999999999924647e+00 9.139975938550152362e-03
1.539999999999924540e+00 8.917704045540698204e-03
1.544999999999924434e+00 8.700838117817995612e-03
1.549999999999924327e+00 8.489246660180331180e-03
1.554999999999924221e+00 8.282801376271228810e-03
1.559999999999924114e+00 8.081377090753962336e-03
1.564999999999924007e+00 7.884851673379645459e-03
1.569999999999923901e+00 7.693105964902953106e-03
1.574999999999923794e+00 7.506023704800352317e-03
1.579999999999923688e+00 7.323491460747107683e-03
1.584999999999923581e+00 7.145398559810201521e-03
1.589999999999923475e+00 6.971637021315421796e-03
1.594999999999923368e+00 6.802101491347888225e-03
1.599999999999923261e+00 6.636689178846266225e-03
1.604999999999923155e+00 6.475299793251915008e-03
1.609999999999923048e+00 6.317835483675055680e-03
1.614999999999922942e+00 6.164200779541104298e-03
1.619999999999922835e+00 6.014302532681190840e-03
1.624999999999922728e+00 5.868049860831618843e-03
1.629999999999922622e+00 5.725354092508068253e-03
1.634999999999922515e+00 5.586128713221032681e-03
1.639999999999922409e+00 5.450289312999902561e-03
1.644999999999922302e+00 5.317753535193811727e-03
1.649999999999922196e+00 5.188441026518208002e-03
1.654999999999922089e+00 5.062273388316801404e-03
1.659999999999921982e+00 4.939174129009360655e-03
1.664999999999921876e+00 4.819068617696467896e-03
1.669999999999921769e+00 4.701884038893081388e-03
1.674999999999921663e+00 4.587549348363475880e-03
1.679999999999921556e+00 4.475995230030703660e-03
1.684999999999921450e+00 4.367154053934477372e-03
1.689999999999921343e+00 4.260959835211941202e-03
1.694999999999921236e+00 4.157348194076445833e-03
1.699999999999921130e+00 4.056256316770041892e-03
1.704999999999921023e+00 3.957622917466014668e-03
1.709999999999920917e+00 3.861388201098314103e-03
1.714999999999920810e+00 3.767493827095320415e-03
1.719999999999920703e+00 3.675882873996012823e-03
1.724999999999920597e+00 3.586499804926983944e-03
1.729999999999920490e+00 3.499290433919393858e-03
1.734999999999920384e+00 3.414201893045425325e-03
1.739999999999920277e+00 3.331182600354294296e-03
1.744999999999920171e+00 3.250182228588361678e-03
1.749999999999920064e+00 3.171151674660371497e-03
1.754999999999919957e+00 3.094043029873280812e-03
1.759999999999919851e+00 3.018809550864626819e-03
1.764999999999919744e+00 2.945405631257798102e-03
1.769999999999919638e+00 2.873786774003009390e-03
1.774999999999919531e+00 2.803909564391188127e-03
1.779999999999919424e+00 2.735731643724423085e-03
1.784999999999919318e+00 2.669211683626977836e-03
1.789999999999919211e+00 2.604309360981289963e-03
1.794999999999919105e+00 2.540985333473754198e-03
1.799999999999918998e+00 2.479201215735442852e-03
1.804999999999918892e+00 2.418919556063310692e-03
1.809999999999918785e+00 2.360103813707721543e-03
1.814999999999918678e+00 2.302718336712545472e-03
1.819999999999918572e+00 2.246728340294386773e-03
1.824999999999918465e+00 2.192099885747805267e-03
1.829999999999918359e+00 2.138799859863740362e-03
1.834999999999918252e+00 2.086795954848656535e-03
1.839999999999918145e+00 2.036056648732220784e-03
1.844999999999918039e+00 1.986551186251626997e-03
1.849999999999917932e+00 1.938249560200977365e-03
1.854999999999917826e+00 1.891122493234391336e-03
1.859999999999917719e+00 1.845141420111816224e-03
1.864999999999917613e+00 1.800278470376758585e-03
1.869999999999917506e+00 1.756506451455433927e-03
1.874999999999917399e+00 1.713798832167080571e-03
1.879999999999917293e+00 1.672129726635427673e-03
1.884999999999917186e+00 1.631473878591568893e-03
1.889999999999917080e+00 1.591806646058704011e-03
1.894999999999916973e+00 1.553103986409468985e-03
1.899999999999916866e+00 1.515342441786785574e-03
1.904999999999916760e+00 1.478499124879388820e-03
1.909999999999916653e+00 1.442551705043395444e-03
1.914999999999916547e+00 1.407478394761495612e-03
1.919999999999916440e+00 1.373257936431566744e-03
1.924999999999916334e+00 1.339869589476680618e-03
1.929999999999916227e+00 1.307293117768684731e-03
1.934999999999916120e+00 1.275508777357733372e-03
1.939999999999916014e+00 1.244497304500329690e-03
1.944999999999915907e+00 1.214239903978604632e-03
1.949999999999915801e+00 1.184718237703751833e-03
1.954999999999915694e+00 1.155914413596709689e-03
1.959999999999915588e+00 1.127810974739339948e-03
1.964999999999915481e+00 1.100390888789521500e-03
1.969999999999915374e+00 1.073637537653743691e-03
1.974999999999915268e+00 1.047534707410927718e-03
1.979999999999915161e+00 1.022066578481370955e-03
1.984999999999915055e+00 9.972177160348424246e-04
1.989999999999914948e+00 9.729730606320196110e-04
1.994999999999914841e+00 9.493179190935822518e-04
