-2.000000000000000000e+00 4.720378286512209898e-30
-1.995000000000000107e+00 -1.390907839269209074e-30
-1.990000000000000213e+00 2.424967775253485951e-31
-1.985000000000000320e+00 5.631208535530136763e-31
-1.980000000000000426e+00 -9.506812637619733268e-32
-1.975000000000000533e+00 -4.079003807745636002e-31
-1.970000000000000639e+00 -1.394112731292967186e-31
-1.965000000000000746e+00 2.304197590975551876e-31
-1.960000000000000853e+00 2.825747673573375278e-31
-1.955000000000000959e+00 2.500398846431104425e-32
-1.950000000000001066e+00 -2.310837096150008501e-31
-1.945000000000001172e+00 -2.185915854462620917e-31
-1.940000000000001279e+00 3.540809624602106527e-32
-1.935000000000001386e+00 2.447749274587913268e-31
-1.930000000000001492e+00 1.531215038715863002e-31
-1.925000000000001599e+00 -1.586128855706349847e-31
-1.920000000000001705e+00 -2.666818654681705570e-31
-1.915000000000001812e+00 1.116845173699859792e-31
-1.910000000000001918e+00 4.131914882535577336e-31
-1.905000000000002025e+00 -5.514691205424868715e-31
-1.900000000000002132e+00 -9.022413561826515110e-31
-1.895000000000002238e+00 5.368754359261128734e-31
-1.890000000000002345e+00 -2.538657259419499431e-30
-1.885000000000002451e+00 5.928633909082493938e-31
-1.880000000000002558e+00 2.290855795144005541e-30
-1.875000000000002665e+00 3.955141475844004233e-31
-1.870000000000002771e+00 -1.956682584585622574e-30
-1.865000000000002878e+00 -1.850074997658309946e-30
-1.860000000000002984e+00 4.438006579445710817e-31
-1.855000000000003091e+00 2.342705345857402173e-30
-1.850000000000003197e+00 1.744610175667536625e-30
-1.845000000000003304e+00 -8.951820860618819351e-31
-1.840000000000003411e+00 -2.857638209625278602e-30
-1.835000000000003517e+00 -1.688710922917922531e-30
-1.830000000000003624e+00 1.936450013378903386e-30
-1.825000000000003730e+00 3.799115847018873041e-30
-1.820000000000003837e+00 1.153588361707816934e-31
-1.815000000000003944e+00 -5.570142223592596329e-30
-1.810000000000004050e+00 -9.001392454949731355e-31
-1.805000000000004157e+00 1.191865815733316001e-29
-1.800000000000004263e+00 -6.782469074922098482e-29
-1.795000000000004370e+00 1.811918748016138222e-29
-1.790000000000004476e+00 -3.365188714303049632e-29
-1.785000000000004583e+00 4.231686079676888627e-30
-1.780000000000004690e+00 3.075056901850372581e-29
-1.775000000000004796e+00 7.545181638721787099e-30
-1.770000000000004903e+00 -2.543341773861134360e-29
-1.765000000000005009e+00 -2.609004162799781029e-29
-1.760000000000005116e+00 4.510726167177098712e-30
-1.755000000000005222e+00 3.149172333191957458e-29
-1.750000000000005329e+00 2.469125754352705498e-29
-1.745000000000005436e+00 -1.110028071995025734e-29
-1.740000000000005542e+00 -3.878904195092016345e-29
-1.735000000000005649e+00 -2.372246747612902616e-29
-1.730000000000005755e+00 2.577015365588108542e-29
-1.725000000000005862e+00 5.160502200326938963e-29
-1.720000000000005969e+00 1.142192651121970644e-30
-1.715000000000006075e+00 -7.580254042129899313e-29
-1.710000000000006182e+00 -6.026587470713482174e-30
-1.705000000000006288e+00 1.745261597366753780e-28
-1.700000000000006395e+00 -9.762333943634168224e-28
-1.695000000000006501e+00 3.293183896665369201e-28
-1.690000000000006608e+00 -3.075260814408737206e-28
-1.685000000000006715e+00 -6.411379999515407826e-29
-1.680000000000006821e+00 2.445267771462002977e-28
-1.675000000000006928e+00 1.312453016340650495e-28
-1.670000000000007034e+00 -1.546940488246104823e-28
-1.665000000000007141e+00 -2.298226214964765411e-28
-1.660000000000007248e+00 -2.491330827591017177e-29
-1.655000000000007354e+00 2.153497975691154486e-28
-1.650000000000007461e+00 2.205859803250253689e-28
-1.645000000000007567e+00 -3.106046883065035576e-29
-1.640000000000007674e+00 -2.793087235599472153e-28
-1.635000000000007780e+00 -2.225263299464916105e-28
-1.630000000000007887e+00 1.450304059657451412e-28
-1.625000000000007994e+00 4.094109623199821589e-28
-1.620000000000008100e+00 8.998780082501440320e-29
-1.615000000000008207e+00 -5.909451959529132325e-28
-1.610000000000008313e+00 -2.816643692442440940e-28
-1.605000000000008420e+00 1.648825696325413660e-27
-1.600000000000008527e+00 -2.696662867458243235e-27
-1.595000000000008633e+00 8.212400685540097177e-28
-1.590000000000008740e+00 3.576528407193896466e-27
-1.585000000000008846e+00 -1.667907019620381474e-27
-1.580000000000008953e+00 -3.480543276706431395e-27
-1.575000000000009059e+00 -7.629690505668541097e-29
-1.570000000000009166e+00 3.298637276805420353e-27
-1.565000000000009273e+00 2.633467373915470592e-27
-1.560000000000009379e+00 -1.094261606514642331e-27
-1.555000000000009486e+00 -3.775478610464843520e-27
-1.550000000000009592e+00 -2.467181820069592467e-27
-1.545000000000009699e+00 1.738652806430451311e-27
-1.540000000000009805e+00 4.520248760695832394e-27
-1.535000000000009912e+00 2.341900281488070725e-27
-1.530000000000010019e+00 -3.336498917663046269e-27
-1.525000000000010125e+00 -5.831940963432713589e-27
-1.520000000000010232e+00 3.077649695811542084e-28
-1.515000000000010338e+00 8.820162128499508533e-27
-1.510000000000010445e+00 3.315444584949562921e-28
-1.505000000000010552e+00 -2.001523914479093951e-26
-1.500000000000010658e+00 1.084429834253589263e-25
-1.495000000000010765e+00 -3.591768229751849562e-26
-1.490000000000010871e+00 3.306183354065739207e-26
-1.485000000000010978e+00 6.712180510890226696e-27
-1.480000000000011084e+00 -2.649195066420586390e-26
-1.475000000000011191e+00 -1.391863295147842383e-26
-1.470000000000011298e+00 1.705775390266158231e-26
-1.465000000000011404e+00 2.486043371358722999e-26
-1.460000000000011511e+00 2.336164790869646207e-27
-1.455000000000011617e+00 -2.366642294986314978e-26
-1.450000000000011724e+00 -2.387528381860707316e-26
-1.445000000000011831e+00 3.724761811753302253e-27
-1.440000000000011937e+00 3.065195734623161547e-26
-1.435000000000012044e+00 2.439891851304803528e-26
-1.430000000000012150e+00 -1.522317050763736588e-26
-1.425000000000012257e+00 -4.373525621821907070e-26
-1.420000000000012363e+00 -1.153356443911732029e-26
-1.415000000000012470e+00 5.366615017278985023e-26
-1.410000000000012577e+00 9.201333355878305372e-27
-1.405000000000012683e+00 -1.761458680544597646e-25
-1.400000000000012790e+00 4.826233078368866533e-25
-1.395000000000012896e+00 -2.502830765274783790e-25
-1.390000000000013003e+00 -8.586377938498638788e-25
-1.385000000000013110e+00 3.156322923151029899e-25
-1.380000000000013216e+00 8.692394071724796517e-25
-1.375000000000013323e+00 1.901285328161329182e-25
-1.370000000000013429e+00 -6.843840131247578585e-25
-1.365000000000013536e+00 -7.316691093911843338e-25
-1.360000000000013642e+00 2.735270046606910917e-26
-1.355000000000013749e+00 6.987250552088335442e-25
-1.350000000000013856e+00 4.864734862720250358e-25
-1.345000000000013962e+00 -3.591296133720255744e-25
-1.340000000000014069e+00 -4.165166324745650719e-25
-1.335000000000014175e+00 1.787021087602948386e-24
-1.330000000000014282e+00 5.630662149534886277e-24
-1.325000000000014388e+00 6.266926060064150499e-24
-1.320000000000014495e+00 -5.567271125484926345e-24
-1.315000000000014602e+00 -3.897643166882897161e-23
-1.310000000000014708e+00 -8.996568764125053092e-23
-1.305000000000014815e+00 -1.159386708538783659e-22
-1.300000000000014921e+00 6.867204831907689668e-24
-1.295000000000015028e+00 2.255191966103884631e-21
-1.290000000000015135e+00 -9.357719310524284872e-22
-1.285000000000015241e+00 -3.464264420955256715e-21
-1.280000000000015348e+00 -4.213962315611381696e-22
-1.275000000000015454e+00 3.504833552845767827e-21
-1.270000000000015561e+00 3.173766997659973229e-21
-1.265000000000015667e+00 -1.105573143742614367e-21
-1.260000000000015774e+00 -5.020372614176981615e-21
-1.255000000000015881e+00 -5.126929808268502060e-21
-1.250000000000015987e+00 -1.637052056097777159e-21
-1.245000000000016094e+00 3.773646849963708964e-21
-1.240000000000016200e+00 1.341196812284904467e-20
-1.235000000000016307e+00 3.615688170711101043e-20
-1.230000000000016414e+00 7.914318459111970342e-20
-1.225000000000016520e+00 1.232205634938556104e-19
-1.220000000000016627e+00 8.649145993763911978e-20
-1.215000000000016733e+00 -2.010351929357677770e-19
-1.210000000000016840e+00 -9.585708456162353397e-19
-1.205000000000016946e+00 -2.254731078673728158e-18
-1.200000000000017053e+00 -3.490657474643348279e-18
-1.195000000000017160e+00 1.117667383974368463e-16
-1.190000000000017266e+00 7.944677731285431456e-17
-1.185000000000017373e+00 -1.787833034339966341e-16
-1.180000000000017479e+00 -1.389829236238541484e-16
-1.175000000000017586e+00 1.091116145414055164e-16
-1.170000000000017693e+00 2.240583093197190386e-16
-1.165000000000017799e+00 8.293304886757970997e-17
-1.160000000000017906e+00 -1.195361053976292116e-16
-1.155000000000018012e+00 -7.337047071541860697e-17
-1.150000000000018119e+00 4.163502551195918106e-16
-1.145000000000018225e+00 1.400766409442005487e-15
-1.140000000000018332e+00 2.993868952247241930e-15
-1.135000000000018439e+00 5.597532107662246677e-15
-1.130000000000018545e+00 9.718910147076636854e-15
-1.125000000000018652e+00 1.488331152177922743e-14
-1.120000000000018758e+00 1.730966542423455913e-14
-1.115000000000018865e+00 6.511160316280850400e-15
-1.110000000000018971e+00 -3.809282715378527873e-14
-1.105000000000019078e+00 -1.480191692783691228e-13
-1.100000000000019185e+00 -3.594139236523100035e-13
-1.095000000000019291e+00 5.839142025525416941e-11
-1.090000000000019398e+00 4.764456137205895639e-11
-1.085000000000019504e+00 -9.613128883174385990e-11
-1.080000000000019611e+00 -7.546023425244904419e-11
-1.075000000000019718e+00 6.123016681242426327e-11
-1.070000000000019824e+00 1.239607843284465810e-10
-1.065000000000019931e+00 4.227991478176929884e-11
-1.060000000000020037e+00 -8.702414628940702774e-11
-1.055000000000020144e+00 -1.231911661914817436e-10
-1.050000000000020250e+00 -2.473317542518567783e-11
-1.045000000000020357e+00 1.112096801849439809e-10
-1.040000000000020464e+00 1.424693129357753557e-10
-1.035000000000020570e+00 4.312187424129353302e-11
-1.030000000000020677e+00 4.134325768228095073e-11
-1.025000000000020783e+00 7.536035130024950023e-10
-1.020000000000020890e+00 3.650550890159779042e-09
-1.015000000000020997e+00 1.277838413254011436e-08
-1.010000000000021103e+00 3.958891422219152251e-08
-1.005000000000021210e+00 1.140699759613863692e-07
-1.000000000000021316e+00 3.071834674679447862e-07
-9.950000000000214229e-01 4.829212059884409845e-07
-9.900000000000215294e-01 7.489028480337545778e-07
-9.850000000000216360e-01 1.146516760326842669e-06
-9.800000000000217426e-01 1.733886311497645233e-06
-9.750000000000218492e-01 2.591676068530302878e-06
-9.700000000000219558e-01 3.830525424268467840e-06
-9.650000000000220624e-01 5.600417118979653993e-06
-9.600000000000221689e-01 8.102288794864707269e-06
-9.550000000000222755e-01 1.160216859612851488e-05
-9.500000000000223821e-01 1.644804911048696386e-05
-9.450000000000224887e-01 2.308959394093299452e-05
-9.400000000000225953e-01 3.210058284110482761e-05
-9.350000000000227018e-01 4.420372922253920878e-05
-9.300000000000228084e-01 6.029713370163160291e-05
-9.250000000000229150e-01 8.148115829165419963e-05
-9.200000000000230216e-01 1.090839131273274121e-04
-9.150000000000231282e-01 1.446828461627880662e-04
-9.100000000000232347e-01 1.901191347289884234e-04
-9.050000000000233413e-01 2.475007328490934745e-04
-9.000000000000234479e-01 3.191890888496749009e-04
-8.950000000000235545e-01 4.077637992984403745e-04
-8.900000000000236611e-01 5.159589216105343705e-04
-8.850000000000237677e-01 6.465644720447188227e-04
-8.800000000000238742e-01 8.022869584128201718e-04
-8.750000000000239808e-01 9.855638284730747125e-04
-8.700000000000240874e-01 1.198328656214586599e-03
-8.650000000000241940e-01 1.441726933039106859e-03
-8.600000000000243006e-01 1.715786644704854133e-03
-8.550000000000244071e-01 2.019053507596419144e-03
-8.500000000000245137e-01 2.348207831904815593e-03
-8.450000000000246203e-01 2.697688375727472741e-03
-8.400000000000247269e-01 3.059357998787275070e-03
-8.350000000000248335e-01 3.422255978178886764e-03
-8.300000000000249401e-01 3.772491865522331969e-03
-8.250000000000250466e-01 4.093344884970187905e-03
-8.200000000000251532e-01 4.365640030911565467e-03
-8.150000000000252598e-01 4.568475989889800130e-03
-8.100000000000253664e-01 4.680379442351288548e-03
-8.050000000000254730e-01 4.680953838255024271e-03
-8.000000000000255795e-01 4.553077129747977111e-03
-7.950000000000256861e-01 4.285681172211786016e-03
-7.900000000000257927e-01 3.877114964628326083e-03
-7.850000000000258993e-01 3.339054553250847632e-03
-7.800000000000260059e-01 2.700874954737339777e-03
-7.750000000000261124e-01 2.014345402290703205e-03
-7.700000000000262190e-01 1.358451046090259316e-03
-7.650000000000263256e-01 8.440853530696504001e-04
-7.600000000000264322e-01 6.183021243529115843e-04
-7.550000000000265388e-01 8.677692533208971421e-04
-7.500000000000266454e-01 1.821033482743584370e-03
-7.450000000000267519e-01 3.749191944112419128e-03
-7.400000000000268585e-01 6.964577242818572982e-03
-7.350000000000269651e-01 1.181710245699767008e-02
-7.300000000000270717e-01 1.868798338935018927e-02
-7.250000000000271783e-01 2.798065857179545673e-02
-7.200000000000272848e-01 4.010886135453681917e-02
-7.150000000000273914e-01 5.548195877218733280e-02
-7.100000000000274980e-01 7.448785190291491720e-02
-7.050000000000276046e-01 9.747392265066504025e-02
-7.000000000000277112e-01 1.247267005769258919e-01
-6.950000000000278177e-01 1.564510972584078341e-01
-6.900000000000279243e-01 1.927502005470122515e-01
-6.850000000000280309e-01 2.336067232091685042e-01
-6.800000000000281375e-01 2.788672472695076787e-01
-6.750000000000282441e-01 3.282303870864358153e-01
-6.700000000000283507e-01 3.812399044986484742e-01
-6.650000000000284572e-01 4.372836466014913270e-01
-6.600000000000285638e-01 4.955989442955554547e-01
-6.550000000000286704e-01 5.552848165458651453e-01
-6.500000000000287770e-01 6.153209853492069836e-01
-6.450000000000288836e-01 6.745933383387983096e-01
-6.400000000000289901e-01 7.319251018516902407e-01
-6.350000000000290967e-01 7.861126312728894394e-01
-6.300000000000292033e-01 8.359644119975234711e-01
-6.250000000000293099e-01 8.803416163281091444e-01
-6.200000000000294165e-01 9.181983985830057815e-01
-6.150000000000295231e-01 9.486200471344600205e-01
-6.100000000000296296e-01 9.708571561572348907e-01
-6.050000000000297362e-01 9.843541324593718667e-01
-6.000000000000298428e-01 9.887706072518008815e-01
-5.950000000000299494e-01 9.839946652069490041e-01
-5.900000000000300560e-01 9.701472133983359836e-01
-5.850000000000301625e-01 9.475772654781845494e-01
-5.800000000000302691e-01 9.168483833728708898e-01
-5.750000000000303757e-01 8.787169704415814797e-01
-5.700000000000304823e-01 8.341035181669670395e-01
-5.650000000000305889e-01 7.840582479572884012e-01
-5.600000000000306954e-01 7.297228404931044299e-01
-5.550000000000308020e-01 6.722900936202497180e-01
-5.500000000000309086e-01 6.129633897219658456e-01
-5.450000000000310152e-01 5.529177859844931486e-01
-5.400000000000311218e-01 4.932643743973007533e-01
-5.350000000000312284e-01 4.350193074182252539e-01
-5.300000000000313349e-01 3.790785696804069294e-01
-5.250000000000314415e-01 3.261992189262676867e-01
-5.200000000000315481e-01 2.769874449948324657e-01
-5.150000000000316547e-01 2.318934282474438557e-01
-5.100000000000317613e-01 1.912126402823327020e-01
-5.050000000000318678e-01 1.550929386187158143e-01
-5.000000000000319744e-01 1.235465770926154200e-01
-4.950000000000320810e-01 9.646609364762530336e-02
-4.900000000000321876e-01 7.364295027915479519e-02
-4.850000000000322942e-01 5.478778421463543352e-02
-4.800000000000324007e-01 3.955117858183521823e-02
-4.750000000000325073e-01 2.754396482026183479e-02
-4.700000000000326139e-01 1.835621539547131406e-02
-4.650000000000327205e-01 1.157426009949532458e-02
-4.600000000000328271e-01 6.795248266399568464e-03
-4.550000000000329337e-01 3.638969314522751738e-03
-4.500000000000330402e-01 1.756823509099051783e-03
-4.450000000000331468e-01 8.379943400127157910e-04
-4.400000000000332534e-01 6.130066628799077898e-04
-4.350000000000333600e-01 8.549567174269530551e-04
-4.300000000000334666e-01 1.378769892383535731e-03
-4.250000000000335731e-01 2.038880554839713529e-03
-4.200000000000336797e-01 2.725738213104786107e-03
-4.150000000000337863e-01 3.361529949450645961e-03
-4.100000000000338929e-01 3.895475535749545228e-03
-4.050000000000339995e-01 4.299004397529655394e-03
-4.000000000000341061e-01 4.561068012114516575e-03
-3.950000000000342126e-01 4.683782366059425009e-03
-3.900000000000343192e-01 4.678537000612098019e-03
-3.850000000000344258e-01 4.562653313178151662e-03
-3.800000000000345324e-01 4.356627587436791987e-03
-3.750000000000346390e-01 4.081955196832368071e-03
-3.700000000000347455e-01 3.759502220950956819e-03
-3.650000000000348521e-01 3.408369268334501389e-03
-3.600000000000349587e-01 3.045178985900341348e-03
-3.550000000000350653e-01 2.683712529304395876e-03
-3.500000000000351719e-01 2.334819906399872823e-03
-3.450000000000352784e-01 2.006533226998205403e-03
-3.400000000000353850e-01 1.704319157415414400e-03
-3.350000000000354916e-01 1.431416059596124068e-03
-3.300000000000355982e-01 1.189211335014450557e-03
-3.250000000000357048e-01 9.776245407335166279e-04
-3.200000000000358114e-01 7.954712612093775472e-04
-3.150000000000359179e-01 6.407910729525193895e-04
-3.100000000000360245e-01 5.111299825059411120e-04
-3.050000000000361311e-01 4.037733579069598317e-04
-3.000000000000362377e-01 3.159296365406805206e-04
-2.950000000000363443e-01 2.448680907719929774e-04
-2.900000000000364508e-01 1.880158342517017453e-04
-2.850000000000365574e-01 1.430202511327945689e-04
-2.800000000000366640e-01 1.077833282067581794e-04
-2.750000000000367706e-01 8.047415652106645521e-05
-2.700000000000368772e-01 5.952531366962102876e-05
-2.650000000000369837e-01 4.361808286761949260e-05
-2.600000000000370903e-01 3.166062299577586972e-05
-2.550000000000371969e-01 2.276235919757921898e-05
-2.500000000000373035e-01 1.620707445007728040e-05
-2.450000000000374101e-01 1.142648467828814060e-05
-2.400000000000375167e-01 7.975491429597803090e-06
-2.350000000000376232e-01 5.509831315458038517e-06
-2.300000000000377298e-01 3.766475304447053878e-06
-2.250000000000378364e-01 2.546862402699548743e-06
-2.200000000000379430e-01 1.702866925596520217e-06
-2.150000000000380496e-01 1.125281004434224841e-06
-2.100000000000381561e-01 7.345291476375460058e-07
-2.050000000000382627e-01 4.733059416889459879e-07
-2.000000000000383693e-01 3.008296172228616358e-07
-1.950000000000384759e-01 1.884236443405713539e-07
-1.900000000000385825e-01 1.161682726726808293e-07
-1.850000000000386891e-01 7.039843382046460927e-08
-1.800000000000387956e-01 4.185976547955115093e-08
-1.750000000000389022e-01 2.436812399580359038e-08
-1.700000000000390088e-01 1.384831096024568573e-08
-1.650000000000391154e-01 7.654112473861189962e-09
-1.600000000000392220e-01 4.093943344608342740e-09
-1.550000000000393285e-01 2.104566586179460177e-09
-1.500000000000394351e-01 1.029899329770012195e-09
-1.450000000000395417e-01 4.732996396997215038e-10
-1.400000000000396483e-01 2.004670444506823838e-10
-1.350000000000397549e-01 7.667246210395829332e-11
-1.300000000000398614e-01 2.690230224935762465e-11
-1.250000000000399680e-01 1.104250546766399463e-11
-1.200000000000400746e-01 8.759089650107123313e-12
-1.150000000000401812e-01 1.051151643534066883e-11
-1.100000000000402878e-01 1.236392477287717628e-11
-1.050000000000403944e-01 1.309329768547017575e-11
-1.000000000000405009e-01 1.264888144852694011e-11
-9.500000000004060752e-02 1.138136003666030576e-11
-9.000000000004071410e-02 9.692511823528577470e-12
-8.500000000004082068e-02 7.901679572235923546e-12
-8.000000000004092726e-02 6.216354767219755437e-12
-7.500000000004103384e-02 4.746882764343921743e-12
-7.000000000004114042e-02 3.533811058335510003e-12
-6.500000000004124701e-02 2.573618097028792895e-12
-6.000000000004135359e-02 1.838684515956307725e-12
-5.500000000004146017e-02 1.291455736182438604e-12
-5.000000000004156675e-02 8.934651609710836259e-13
-4.500000000004167333e-02 6.101627527050045684e-13
-4.000000000004177991e-02 4.125222654795654909e-13
-3.500000000004188649e-02 2.770733490996821264e-13
-3.000000000004199308e-02 1.856034730163455123e-13
-2.500000000004209966e-02 1.246670742576818031e-13
-2.000000000004220624e-02 8.473398487119767335e-14
-1.500000000004231282e-02 5.929342690269412144e-14
-1.000000000004241940e-02 4.401562724278978745e-14
-5.000000000042525983e-03 3.589753899385153461e-14
-4.263256414560601115e-14 3.318312388929219100e-14
4.999999999957260854e-03 3.544866899740319887e-14
9.999999999957154273e-03 4.320587392464599729e-14
1.499999999995704769e-02 5.789011650100366565e-14
1.999999999995694111e-02 8.228263420120743969e-14
2.499999999995683453e-02 1.208396989100459794e-13
2.999999999995672795e-02 1.804537098935112292e-13
3.499999999995662137e-02 2.711751252652870053e-13
3.999999999995651478e-02 4.064271248666550140e-13
4.499999999995640820e-02 6.039010006165257746e-13
4.999999999995630162e-02 8.868799277483384940e-13
5.499999999995619504e-02 1.284664378617896554e-12
5.999999999995608846e-02 1.831925017083369605e-12
6.499999999995598188e-02 2.566958994816521591e-12
6.999999999995587530e-02 3.527182199092949989e-12
7.499999999995576871e-02 4.740245964955945094e-12
7.999999999995566213e-02 6.209917971662049863e-12
8.499999999995555555e-02 7.895763410836769023e-12
8.999999999995544897e-02 9.687068647155610488e-12
9.499999999995534239e-02 1.137591335111143192e-11
9.999999999995523581e-02 1.264323336917752329e-11
1.049999999999551292e-01 1.308775910931175052e-11
1.099999999999550226e-01 1.235878158582539515e-11
1.149999999999549161e-01 1.050679597462290310e-11
1.199999999999548095e-01 8.754590030910571986e-12
1.249999999999547029e-01 1.103792737198736590e-11
1.299999999999545963e-01 2.689764113352365670e-11
1.349999999999544897e-01 7.666805998017647119e-11
1.399999999999543832e-01 2.004631715593560481e-10
1.449999999999542766e-01 4.732962369613782932e-10
1.499999999999541700e-01 1.029896198138279856e-09
1.549999999999540634e-01 2.104563643380585525e-09
1.599999999999539568e-01 4.093940822397530854e-09
1.649999999999538502e-01 7.654110448961611938e-09
1.699999999999537437e-01 1.384830909753466950e-08
1.749999999999536371e-01 2.436812210688460217e-08
1.799999999999535305e-01 4.185976371447173466e-08
1.849999999999534239e-01 7.039843238438287470e-08
1.899999999999533173e-01 1.161682716405765167e-07
1.949999999999532108e-01 1.884236435973698759e-07
1.999999999999531042e-01 3.008296167488156235e-07
2.049999999999529976e-01 4.733059415681030266e-07
2.099999999999528910e-01 7.345291476813496794e-07
2.149999999999527844e-01 1.125281004376729091e-06
2.199999999999526779e-01 1.702866925336084267e-06
2.249999999999525713e-01 2.546862402177297451e-06
2.299999999999524647e-01 3.766475303742967482e-06
2.349999999999523581e-01 5.509831314507969941e-06
2.399999999999522515e-01 7.975491428243614247e-06
2.449999999999521449e-01 1.142648467673818042e-05
2.499999999999520384e-01 1.620707444888720250e-05
2.549999999999519318e-01 2.276235919659450591e-05
2.599999999999518252e-01 3.166062299412996951e-05
2.649999999999517186e-01 4.361808286490270558e-05
2.699999999999516120e-01 5.952531366635588616e-05
2.749999999999515055e-01 8.047415651785622744e-05
2.799999999999513989e-01 1.077833282035658681e-04
2.849999999999512923e-01 1.430202511292784741e-04
2.899999999999511857e-01 1.880158342478709338e-04
2.949999999999510791e-01 2.448680907680687076e-04
2.999999999999509726e-01 3.159296365365891752e-04
3.049999999999508660e-01 4.037733579022056052e-04
3.099999999999507594e-01 5.111299825004565669e-04
3.149999999999506528e-01 6.407910729467060059e-04
3.199999999999505462e-01 7.954712612037843650e-04
3.249999999999504396e-01 9.776245407283100722e-04
3.299999999999503331e-01 1.189211335009199549e-03
3.349999999999502265e-01 1.431416059590455859e-03
3.399999999999501199e-01 1.704319157409355879e-03
3.449999999999500133e-01 2.006533226991724910e-03
3.499999999999499067e-01 2.334819906392895765e-03
3.549999999999498002e-01 2.683712529297277438e-03
3.599999999999496936e-01 3.045178985893710801e-03
3.649999999999495870e-01 3.408369268328604630e-03
3.699999999999494804e-01 3.759502220945685862e-03
3.749999999999493738e-01 4.081955196827891617e-03
3.799999999999492672e-01 4.356627587433489941e-03
3.849999999999491607e-01 4.562653313176133311e-03
3.899999999999490541e-01 4.678537000611738932e-03
3.949999999999489475e-01 4.683782366061478922e-03
3.999999999999488409e-01 4.561068012119243696e-03
4.049999999999487343e-01 4.299004397537125981e-03
4.099999999999486278e-01 3.895475535759715478e-03
4.149999999999485212e-01 3.361529949462982014e-03
4.199999999999484146e-01 2.725738213118793132e-03
4.249999999999483080e-01 2.038880554854951774e-03
4.299999999999482014e-01 1.378769892398594215e-03
4.349999999999480949e-01 8.549567174388382962e-04
4.399999999999479883e-01 6.130066628852740484e-04
4.449999999999478817e-01 8.379943400081269053e-04
4.499999999999477751e-01 1.756823509081189769e-03
4.549999999999476685e-01 3.638969314486358107e-03
4.599999999999475619e-01 6.795248266337965831e-03
4.649999999999474554e-01 1.157426009940184727e-02
4.699999999999473488e-01 1.835621539534001978e-02
4.749999999999472422e-01 2.754396482008563199e-02
4.799999999999471356e-01 3.955117858160677596e-02
4.849999999999470290e-01 5.478778421434820495e-02
4.899999999999469225e-01 7.364295027880242428e-02
4.949999999999468159e-01 9.646609364720158675e-02
4.999999999999467093e-01 1.235465770921152784e-01
5.049999999999466027e-01 1.550929386181365277e-01
5.099999999999464961e-01 1.912126402816733406e-01
5.149999999999463896e-01 2.318934282467054742e-01
5.199999999999462830e-01 2.769874449940182282e-01
5.249999999999461764e-01 3.261992189253834495e-01
5.299999999999460698e-01 3.790785696794618520e-01
5.349999999999459632e-01 4.350193074172311047e-01
5.399999999999458566e-01 4.932643743962726313e-01
5.449999999999457501e-01 5.529177859834478737e-01
5.499999999999456435e-01 6.129633897209211257e-01
5.549999999999455369e-01 6.722900936192245380e-01
5.599999999999454303e-01 7.297228404921195510e-01
5.649999999999453237e-01 7.840582479563645846e-01
5.699999999999452172e-01 8.341035181661237141e-01
5.749999999999451106e-01 8.787169704408374082e-01
5.799999999999450040e-01 9.168483833722435028e-01
5.849999999999448974e-01 9.475772654776886128e-01
5.899999999999447908e-01 9.701472133979819334e-01
5.949999999999446842e-01 9.839946652067453892e-01
5.999999999999445777e-01 9.887706072517539191e-01
6.049999999999444711e-01 9.843541324594823339e-01
6.099999999999443645e-01 9.708571561574969033e-01
6.149999999999442579e-01 9.486200471348664731e-01
6.199999999999441513e-01 9.181983985835470152e-01
6.249999999999440448e-01 8.803416163287728358e-01
6.299999999999439382e-01 8.359644119982923005e-01
6.349999999999438316e-01 7.861126312737439781e-01
6.399999999999437250e-01 7.319251018526113928e-01
6.449999999999436184e-01 6.745933383397647587e-01
6.499999999999435119e-01 6.153209853501969695e-01
6.549999999999434053e-01 5.552848165468601271e-01
6.599999999999432987e-01 4.955989442965389458e-01
6.649999999999431921e-01 4.372836466024486723e-01
6.699999999999430855e-01 3.812399044995636865e-01
6.749999999999429789e-01 3.282303870872950169e-01
6.799999999999428724e-01 2.788672472703009886e-01
6.849999999999427658e-01 2.336067232098905933e-01
6.899999999999426592e-01 1.927502005476600666e-01
6.949999999999425526e-01 1.564510972589795434e-01
6.999999999999424460e-01 1.247267005774222448e-01
7.049999999999423395e-01 9.747392265108835441e-02
7.099999999999422329e-01 7.448785190326906447e-02
7.149999999999421263e-01 5.548195877247717039e-02
7.199999999999420197e-01 4.010886135476850189e-02
7.249999999999419131e-01 2.798065857197583328e-02
7.299999999999418065e-01 1.868798338948609791e-02
7.349999999999417000e-01 1.181710245709602543e-02
7.399999999999415934e-01 6.964577242886031173e-03
7.449999999999414868e-01 3.749191944155195674e-03
7.499999999999413802e-01 1.821033482767279174e-03
7.549999999999412736e-01 8.677692533304273877e-04
7.599999999999411671e-01 6.183021243525127063e-04
7.649999999999410605e-01 8.440853530628433452e-04
7.699999999999409539e-01 1.358451046079865721e-03
7.749999999999408473e-01 2.014345402278912723e-03
7.799999999999407407e-01 2.700874954725756161e-03
7.849999999999406342e-01 3.339054553240563758e-03
7.899999999999405276e-01 3.877114964620034104e-03
7.949999999999404210e-01 4.285681172205832445e-03
7.999999999999403144e-01 4.553077129744443480e-03
8.049999999999402078e-01 4.680953838253794352e-03
8.099999999999401012e-01 4.680379442352111674e-03
8.149999999999399947e-01 4.568475989892354511e-03
8.199999999999398881e-01 4.365640030915489411e-03
8.249999999999397815e-01 4.093344884975118857e-03
8.299999999999396749e-01 3.772491865527927320e-03
8.349999999999395683e-01 3.422255978184844671e-03
8.399999999999394618e-01 3.059357998793340531e-03
8.449999999999393552e-01 2.697688375733432384e-03
8.499999999999392486e-01 2.348207831910506787e-03
8.549999999999391420e-01 2.019053507601724796e-03
8.599999999999390354e-01 1.715786644709698348e-03
8.649999999999389289e-01 1.441726933043451040e-03
8.699999999999388223e-01 1.198328656218416652e-03
8.749999999999387157e-01 9.855638284763988764e-04
8.799999999999386091e-01 8.022869584156658773e-04
8.849999999999385025e-01 6.465644720471243421e-04
8.899999999999383959e-01 5.159589216125412287e-04
8.949999999999382894e-01 4.077637993000934576e-04
8.999999999999381828e-01 3.191890888510205584e-04
9.049999999999380762e-01 2.475007328501771346e-04
9.099999999999379696e-01 1.901191347298513399e-04
9.149999999999378630e-01 1.446828461634676983e-04
9.199999999999377565e-01 1.090839131278571533e-04
9.249999999999376499e-01 8.148115829206257793e-05
9.299999999999375433e-01 6.029713370194309419e-05
9.349999999999374367e-01 4.420372922277471104e-05
9.399999999999373301e-01 3.210058284128120698e-05
9.449999999999372235e-01 2.308959394106369848e-05
9.499999999999371170e-01 1.644804911058289203e-05
9.549999999999370104e-01 1.160216859619817825e-05
9.599999999999369038e-01 8.102288794914726258e-06
9.649999999999367972e-01 5.600417119015192108e-06
9.699999999999366906e-01 3.830525424293434136e-06
9.749999999999365841e-01 2.591676068547668747e-06
9.799999999999364775e-01 1.733886311509594326e-06
9.849999999999363709e-01 1.146516760334979056e-06
9.899999999999362643e-01 7.489028480392361515e-07
9.949999999999361577e-01 4.829212059920990022e-07
9.999999999999360512e-01 3.071834674710176629e-07
1.004999999999935945e+00 1.140699759633867831e-07
1.009999999999935838e+00 3.958891422293149182e-08
1.014999999999935731e+00 1.277838413279694071e-08
1.019999999999935625e+00 3.650550890243589809e-09
1.024999999999935518e+00 7.536035130255632085e-10
1.029999999999935412e+00 4.134325768405551164e-11
1.034999999999935305e+00 4.312187423750411523e-11
1.039999999999935199e+00 1.424693129332525582e-10
1.044999999999935092e+00 1.112096801851324747e-10
1.049999999999934985e+00 -2.473317542416638452e-11
1.054999999999934879e+00 -1.231911661920106739e-10
1.059999999999934772e+00 -8.702414629195060813e-11
1.064999999999934666e+00 4.227991477921393113e-11
1.069999999999934559e+00 1.239607843284218173e-10
1.074999999999934452e+00 6.123016681517655167e-11
1.079999999999934346e+00 -7.546023424991476958e-11
1.084999999999934239e+00 -9.613128883263372530e-11
1.089999999999934133e+00 4.764456136998935049e-11
1.094999999999934026e+00 5.839142025914557598e-11
1.099999999999933920e+00 -3.594139286999173606e-13
1.104999999999933813e+00 -1.480191679433357377e-13
1.109999999999933706e+00 -3.809282678538849817e-14
1.114999999999933600e+00 6.511160341704941229e-15
1.119999999999933493e+00 1.730966545135587473e-14
1.124999999999933387e+00 1.488331158468074618e-14
1.129999999999933280e+00 9.718910179765410868e-15
1.134999999999933173e+00 5.597532085249132215e-15
1.139999999999933067e+00 2.993868909980142076e-15
1.144999999999932960e+00 1.400766394267926173e-15
1.149999999999932854e+00 4.163502792741707573e-16
1.154999999999932747e+00 -7.337043557363457202e-17
1.159999999999932641e+00 -1.195360965083578912e-16
1.164999999999932534e+00 8.293302319886311398e-17
1.169999999999932427e+00 2.240582791276930434e-16
1.174999999999932321e+00 1.091116170843728713e-16
1.179999999999932214e+00 -1.389828905675783359e-16
1.184999999999932108e+00 -1.787832900647659412e-16
1.189999999999932001e+00 7.944674267834965129e-17
1.194999999999931894e+00 1.117667356553074797e-16
1.199999999999931788e+00 -3.490647287353629462e-18
1.204999999999931681e+00 -2.254742693250742350e-18
1.209999999999931575e+00 -9.585683075212041710e-19
1.214999999999931468e+00 -2.010312655601956388e-19
1.219999999999931362e+00 8.649049261904864973e-20
1.224999999999931255e+00 1.232177414431461225e-19
1.229999999999931148e+00 7.914247756561445363e-20
1.234999999999931042e+00 3.615862258532688457e-20
1.239999999999930935e+00 1.341378058095444093e-20
1.244999999999930829e+00 3.773549418151030715e-21
1.249999999999930722e+00 -1.638753490904425597e-21
1.254999999999930616e+00 -5.128256587689050293e-21
1.259999999999930509e+00 -5.019841310716485380e-21
1.264999999999930402e+00 -1.103815881925382856e-21
1.269999999999930296e+00 3.174565037700972821e-21
1.274999999999930189e+00 3.503470595319893424e-21
1.279999999999930083e+00 -4.230766739533110745e-22
1.284999999999929976e+00 -3.463140852678631535e-21
1.289999999999929869e+00 -9.334921690311323749e-22
1.294999999999929763e+00 2.251369661252618455e-21
1.299999999999929656e+00 1.886563111096966650e-23
1.304999999999929550e+00 -1.186052776780003399e-22
1.309999999999929443e+00 -8.974593816318149618e-23
1.314999999999929337e+00 -3.785766019479587311e-23
1.319999999999929230e+00 -5.625119160008457958e-24
1.324999999999929123e+00 5.500399760518497735e-24
1.329999999999929017e+00 5.275179053368176029e-24
1.334999999999928910e+00 2.153885378134487240e-24
1.339999999999928804e+00 1.461461909065687935e-25
1.344999999999928697e+00 -2.187149943277152119e-25
1.349999999999928590e+00 1.104976892372821792e-25
1.354999999999928484e+00 2.464752691052844093e-25
1.359999999999928377e+00 -1.472619338309555789e-26
1.364999999999928271e+00 -3.356682699479569615e-25
1.369999999999928164e+00 -3.258275850836933156e-25
1.374999999999928058e+00 4.973752180915730097e-26
1.379999999999927951e+00 4.107074366612136224e-25
1.384999999999927844e+00 2.888118842849159503e-25
1.389999999999927738e+00 -3.357508153422515950e-25
1.394999999999927631e+00 -5.768505272965666600e-25
1.399999999999927525e+00 1.533768287107281304e-24
1.404999999999927418e+00 -3.314993385054716748e-25
1.409999999999927311e+00 6.582614351030473242e-27
1.414999999999927205e+00 1.278406375421700628e-25
1.419999999999927098e+00 -6.533637307358319105e-27
1.424999999999926992e+00 -9.253382177454509889e-26
1.429999999999926885e+00 -4.513632345622175017e-26
1.434999999999926779e+00 4.270995783193581888e-26
1.439999999999926672e+00 6.935641253102553737e-26
1.444999999999926565e+00 2.032353277141823443e-26
1.449999999999926459e+00 -4.347961486651547859e-26
1.454999999999926352e+00 -5.640456558971732924e-26
1.459999999999926246e+00 -9.106738087196042139e-27
1.464999999999926139e+00 4.591619364074050047e-26
1.469999999999926033e+00 4.640776469072148349e-26
1.474999999999925926e+00 -1.175088205934115646e-26
1.479999999999925819e+00 -5.564731131567378221e-26
1.484999999999925713e+00 -1.128731615434937238e-26
1.489999999999925606e+00 6.179174602854291424e-26
1.494999999999925500e+00 -2.044937969352477016e-26
1.499999999999925393e+00 5.972543667756497709e-26
1.504999999999925286e+00 3.963669725972425557e-28
1.509999999999925180e+00 -2.636196616986495604e-27
1.514999999999925073e+00 1.193677373224157635e-27
1.519999999999924967e+00 1.227933367750571352e-27
1.524999999999924860e+00 -5.719387981582655648e-28
1.529999999999924754e+00 -1.295663946375022419e-27
1.534999999999924647e+00 -4.112852560675452692e-28
1.539999999999924540e+00 8.489885923479515021e-28
1.544999999999924434e+00 1.166483942094652178e-27
1.549999999999924327e+00 2.879979683801828089e-28
1.554999999999924221e+00 -9.065745662093668371e-28
1.559999999999924114e+00 -1.227662380661689579e-27
1.564999999999924007e+00 -2.457162901212851771e-28
1.569999999999923901e+00 1.167463416879140511e-27
1.574999999999923794e+00 1.387333549003434370e-27
1.579999999999923688e+00 -3.406734392655769489e-28
1.584999999999923581e+00 -2.183158209654525901e-27
1.589999999999923475e+00 -2.543138899843442875e-28
1.594999999999923368e+00 4.447856021817211414e-27
1.599999999999923261e+00 -1.369036618725077668e-26
1.604999999999923155e+00 3.574583107499275212e-27
1.609999999999923048e+00 -3.326636619487574920e-28
1.614999999999922942e+00 -1.444691547750022467e-27
1.619999999999922835e+00 8.401993801549308552e-29
1.624999999999922728e+00 9.845027047286327226e-28
1.629999999999922622e+00 4.506976348239557786e-28
1.634999999999922515e+00 -4.723216390893308124e-28
1.639999999999922409e+00 -7.178398144121094757e-28
1.644999999999922302e+00 -1.759416683207384754e-28
1.649999999999922196e+00 4.819312544482184673e-28
1.654999999999922089e+00 5.760679274617074627e-28
1.659999999999921982e+00 5.083819313940147904e-29
1.664999999999921876e+00 -5.071921893493634673e-28
1.669999999999921769e+00 -4.568898993051170077e-28
1.674999999999921663e+00 1.817494418162535404e-28
1.679999999999921556e+00 5.879736792515923153e-28
1.684999999999921450e+00 3.467812788714805990e-29
1.689999999999921343e+00 -6.739213513058188046e-28
1.694999999999921236e+00 4.067006160212877762e-28
1.699999999999921130e+00 -1.273840165666092237e-27
1.704999999999921023e+00 1.723779421489004618e-28
1.709999999999920917e+00 1.949617599311041094e-30
1.714999999999920810e+00 -8.266180232560042834e-29
1.719999999999920703e+00 -2.308841995518105332e-30
1.724999999999920597e+00 5.597359990627592626e-29
1.729999999999920490e+00 3.083499950486805861e-29
1.734999999999920384e+00 -2.390719982922967239e-29
1.739999999999920277e+00 -4.337419207809649379e-29
1.744999999999920171e+00 -1.498388837840687848e-29
1.749999999999920064e+00 2.532798047475926268e-29
1.754999999999919957e+00 3.583347498418220477e-29
1.759999999999919851e+00 8.154928675928211290e-30
1.764999999999919744e+00 -2.693839896351249106e-29
1.769999999999919638e+00 -3.010074827721249615e-29
1.774999999999919531e+00 4.214726708780014642e-30
1.779999999999919424e+00 3.343046311761741930e-29
1.784999999999919318e+00 1.029369555533984210e-29
1.789999999999919211e+00 -3.486033269067520740e-29
1.794999999999919105e+00 7.634899301323495430e-30
1.799999999999918998e+00 -3.652686731044657461e-29
1.804999999999918892e+00 3.410082864031465049e-30
1.809999999999918785e+00 2.318575042680635870e-31
1.814999999999918678e+00 -2.244257673435372506e-30
1.819999999999918572e+00 -3.726639905008328951e-31
1.824999999999918465e+00 1.429085797054093615e-30
1.829999999999918359e+00 1.113421416320288328e-30
1.834999999999918252e+00 -3.505382001788138775e-31
1.839999999999918145e+00 -1.218794275248642258e-30
1.844999999999918039e+00 -7.624487619398849676e-31
1.849999999999917932e+00 3.980652216093546316e-31
1.854999999999917826e+00 1.090789251465527190e-30
1.859999999999917719e+00 6.671666056195002888e-31
1.864999999999917613e+00 -4.479465390644273079e-31
1.869999999999917506e+00 -1.108619421217466516e-30
1.874999999999917399e+00 -4.959943045341434819e-31
1.879999999999917293e+00 8.752869941317051699e-31
1.884999999999917186e+00 1.195560025120626775e-30
1.889999999999917080e+00 -7.653401523176087624e-31
1.894999999999916973e+00 -2.058457426606148360e-30
1.899999999999916866e+00 7.853571486419469794e-30
1.904999999999916760e+00 -2.568604683882825395e-30
1.909999999999916653e+00 6.616158532761125326e-31
1.914999999999916547e+00 9.424351587412895164e-31
1.919999999999916440e+00 -3.692349783880003770e-31
1.924999999999916334e+00 -7.472046506029084500e-31
1.929999999999916227e+00 -6.708186658616883820e-32
1.934999999999916120e+00 5.663924224557193558e-31
1.939999999999916014e+00 4.489113476803323136e-31
1.944999999999915907e+00 -1.691102958284345333e-31
1.949999999999915801e+00 -5.564579884585782778e-31
1.954999999999915694e+00 -2.946215499903076779e-31
1.959999999999915588e+00 3.193217023900959837e-31
1.964999999999915481e+00 5.699536290740492252e-31
1.969999999999915374e+00 8.514896519244695101e-32
1.974999999999915268e+00 -6.057440405926501643e-31
1.979999999999915161e+00 -4.462468250066036152e-31
1.984999999999915055e+00 6.786596487684351884e-31
1.989999999999914948e+00 6.716143547792960523e-31
1.994999999999914841e+00 -1.960817449803995231e-30
