-2.000000000000000000e+00 6.639296978350489424e-03
-1.995000000000000107e+00 6.717013730848994148e-03
-1.990000000000000213e+00 6.795379949017268245e-03
-1.985000000000000320e+00 6.874394966039864240e-03
-1.980000000000000426e+00 6.954057924556029426e-03
-1.975000000000000533e+00 7.034367771281685791e-03
-1.970000000000000639e+00 7.115323251531142923e-03
-1.965000000000000746e+00 7.196922903637459693e-03
-1.960000000000000853e+00 7.279165053270216131e-03
-1.955000000000000959e+00 7.362047807649676340e-03
-1.950000000000001066e+00 7.445569049656096915e-03
-1.945000000000001172e+00 7.529726431833146105e-03
-1.940000000000001279e+00 7.614517370284255848e-03
-1.935000000000001386e+00 7.699939038460848484e-03
-1.930000000000001492e+00 7.785988360841308853e-03
-1.925000000000001599e+00 7.872662006499659207e-03
-1.920000000000001705e+00 7.959956382562834512e-03
-1.915000000000001812e+00 8.047867627555544204e-03
-1.910000000000001918e+00 8.136391604631632718e-03
-1.905000000000002025e+00 8.225523894690991641e-03
-1.900000000000002132e+00 8.315259789380963565e-03
-1.895000000000002238e+00 8.405594283981243642e-03
-1.890000000000002345e+00 8.496522070171418431e-03
-1.885000000000002451e+00 8.588037528680106392e-03
-1.880000000000002558e+00 8.680134721814787568e-03
-1.875000000000002665e+00 8.772807385871512348e-03
-1.870000000000002771e+00 8.866048923423575090e-03
-1.865000000000002878e+00 8.959852395488288740e-03
-1.860000000000002984e+00 9.054210513571140512e-03
-1.855000000000003091e+00 9.149115631586490771e-03
-1.850000000000003197e+00 9.244559737654103881e-03
-1.845000000000003304e+00 9.340534445770806715e-03
-1.840000000000003411e+00 9.437030987356626044e-03
-1.835000000000003517e+00 9.534040202674730000e-03
-1.830000000000003624e+00 9.631552532124679211e-03
-1.825000000000003730e+00 9.729558007408342299e-03
-1.820000000000003837e+00 9.828046242568068067e-03
-1.815000000000003944e+00 9.927006424896630404e-03
-1.810000000000004050e+00 1.002642730571855212e-02
-1.805000000000004157e+00 1.012629719104245901e-02
-1.800000000000004263e+00 1.022660393208420920e-02
-1.795000000000004370e+00 1.032733491566051841e-02
-1.790000000000004476e+00 1.042847705445291984e-02
-1.785000000000004583e+00 1.053001677714203270e-02
-1.780000000000004690e+00 1.063194001841195890e-02
-1.775000000000004796e+00 1.073423220882493978e-02
-1.770000000000004903e+00 1.083687826456630580e-02
-1.765000000000005009e+00 1.093986257705996737e-02
-1.760000000000005116e+00 1.104316900245460274e-02
-1.755000000000005222e+00 1.114678085098092485e-02
-1.750000000000005329e+00 1.125068087618044839e-02
-1.745000000000005436e+00 1.135485126400623788e-02
-1.740000000000005542e+00 1.145927362179620726e-02
-1.735000000000005649e+00 1.156392896711970660e-02
-1.730000000000005755e+00 1.166879771649813671e-02
-1.725000000000005862e+00 1.177385967400050235e-02
-1.720000000000005969e+00 1.187909401971484931e-02
-1.715000000000006075e+00 1.198447929809678784e-02
-1.710000000000006182e+00 1.208999340619618112e-02
-1.705000000000006288e+00 1.219561358176343355e-02
-1.700000000000006395e+00 1.230131639123678566e-02
-1.695000000000006501e+00 1.240707771761222038e-02
-1.690000000000006608e+00 1.251287274819766482e-02
-1.685000000000006715e+00 1.261867596225339089e-02
-1.680000000000006821e+00 1.272446111852052093e-02
-1.675000000000006928e+00 1.283020124263986421e-02
-1.670000000000007034e+00 1.293586861446331844e-02
-1.665000000000007141e+00 1.304143475526028245e-02
-1.660000000000007248e+00 1.314687041482173399e-02
-1.655000000000007354e+00 1.325214555846466677e-02
-1.650000000000007461e+00 1.335722935393991902e-02
-1.645000000000007567e+00 1.346209015824648483e-02
-1.640000000000007674e+00 1.356669550435557481e-02
-1.635000000000007780e+00 1.367101208784804109e-02
-1.630000000000007887e+00 1.377500575346875256e-02
-1.625000000000007994e+00 1.387864148160191866e-02
-1.620000000000008100e+00 1.398188337467141593e-02
-1.615000000000008207e+00 1.408469464347048353e-02
-1.610000000000008313e+00 1.418703759342536570e-02
-1.605000000000008420e+00 1.428887361079769075e-02
-1.600000000000008527e+00 1.439016314883054606e-02
-1.595000000000008633e+00 1.449086571384366681e-02
-1.590000000000008740e+00 1.459093985128319566e-02
-1.585000000000008846e+00 1.469034313173179368e-02
-1.580000000000008953e+00 1.478903213688524849e-02
-1.575000000000009059e+00 1.488696244550190111e-02
-1.570000000000009166e+00 1.498408861933149538e-02
-1.565000000000009273e+00 1.508036418903049153e-02
-1.560000000000009379e+00 1.517574164007099227e-02
-1.555000000000009486e+00 1.527017239865092850e-02
-1.550000000000009592e+00 1.536360681761334175e-02
-1.545000000000009699e+00 1.545599416238301396e-02
-1.540000000000009805e+00 1.554728259692906948e-02
-1.535000000000009912e+00 1.563741916976237739e-02
-1.530000000000010019e+00 1.572634979997716842e-02
-1.525000000000010125e+00 1.581401926334649599e-02
-1.520000000000010232e+00 1.590037117848154546e-02
-1.515000000000010338e+00 1.598534799306544282e-02
-1.510000000000010445e+00 1.606889097017224002e-02
-1.505000000000010552e+00 1.615094017468253138e-02
-1.500000000000010658e+00 1.623143445980732708e-02
-1.495000000000010765e+00 1.631031145373260105e-02
-1.490000000000010871e+00 1.638750754639683657e-02
-1.485000000000010978e+00 1.646295787641501029e-02
-1.480000000000011084e+00 1.653659631816246228e-02
-1.475000000000011191e+00 1.660835546903287330e-02
-1.470000000000011298e+00 1.667816663688490714e-02
-1.465000000000011404e+00 1.674595982769279748e-02
-1.460000000000011511e+00 1.681166373341651601e-02
-1.455000000000011617e+00 1.687520572010783870e-02
-1.450000000000011724e+00 1.693651181626926530e-02
-1.445000000000011831e+00 1.699550670148299025e-02
-1.440000000000011937e+00 1.705211369532836502e-02
-1.435000000000012044e+00 1.710625474660626769e-02
-1.430000000000012150e+00 1.715785042288975326e-02
-1.425000000000012257e+00 1.720681990042116985e-02
-1.420000000000012363e+00 1.725308095437616193e-02
-1.415000000000012470e+00 1.729654994951618924e-02
-1.410000000000012577e+00 1.733714183125142569e-02
-1.405000000000012683e+00 1.737477011713709288e-02
-1.400000000000012790e+00 1.740934688882666073e-02
-1.395000000000012896e+00 1.744078278450628822e-02
-1.390000000000013003e+00 1.746898699183579290e-02
-1.385000000000013110e+00 1.749386724142193428e-02
-1.380000000000013216e+00 1.751532980085102748e-02
-1.375000000000013323e+00 1.753327946930837919e-02
-1.370000000000013429e+00 1.754761957281323129e-02
-1.365000000000013536e+00 1.755825196009861908e-02
-1.360000000000013642e+00 1.756507699916654702e-02
-1.355000000000013749e+00 1.756799357454985264e-02
-1.350000000000013856e+00 1.756689908531301747e-02
-1.345000000000013962e+00 1.756168944382531169e-02
-1.340000000000014069e+00 1.755225907534066487e-02
-1.335000000000014175e+00 1.753850091841951953e-02
-1.330000000000014282e+00 1.752030642622932205e-02
-1.325000000000014388e+00 1.749756556876115934e-02
-1.320000000000014495e+00 1.747016683600128781e-02
-1.315000000000014602e+00 1.743799724209746035e-02
-1.310000000000014708e+00 1.740094233056119211e-02
-1.305000000000014815e+00 1.735888618054811858e-02
-1.300000000000014921e+00 1.731171141426022381e-02
-1.295000000000015028e+00 1.725929920551466656e-02
-1.290000000000015135e+00 1.720152928952536908e-02
-1.285000000000015241e+00 1.713827997394490321e-02
-1.280000000000015348e+00 1.706942815121562096e-02
-1.275000000000015454e+00 1.699484931228026699e-02
-1.270000000000015561e+00 1.691441756170384073e-02
-1.265000000000015667e+00 1.682800563425998833e-02
-1.260000000000015774e+00 1.673548491303667590e-02
-1.255000000000015881e+00 1.663672544911741144e-02
-1.250000000000015987e+00 1.653159598289600726e-02
-1.245000000000016094e+00 1.641996396708435627e-02
-1.240000000000016200e+00 1.630169559147444380e-02
-1.235000000000016307e+00 1.617665580951750323e-02
-1.230000000000016414e+00 1.604470836678510703e-02
-1.225000000000016520e+00 1.590571583137840098e-02
-1.220000000000016627e+00 1.575953962635399594e-02
-1.215000000000016733e+00 1.560604006423659505e-02
-1.210000000000016840e+00 1.544507638369037664e-02
-1.205000000000016946e+00 1.527650678842332882e-02
-1.200000000000017053e+00 1.510018848840037793e-02
-1.195000000000017160e+00 1.491597774344364906e-02
-1.190000000000017266e+00 1.472372990929983819e-02
-1.185000000000017373e+00 1.452329948625715600e-02
-1.180000000000017479e+00 1.431454017039644755e-02
-1.175000000000017586e+00 1.409730490756314764e-02
-1.170000000000017693e+00 1.387144595014926443e-02
-1.165000000000017799e+00 1.363681491677676272e-02
-1.160000000000017906e+00 1.339326285497624558e-02
-1.155000000000018012e+00 1.314064030695718914e-02
-1.150000000000018119e+00 1.287879737856854022e-02
-1.145000000000018225e+00 1.260758381155106279e-02
-1.140000000000018332e+00 1.232684905918539700e-02
-1.135000000000018439e+00 1.203644236544251442e-02
-1.130000000000018545e+00 1.173621284774595611e-02
-1.125000000000018652e+00 1.142600958345808826e-02
-1.120000000000018758e+00 1.110568170020538072e-02
-1.115000000000018865e+00 1.077507847016074410e-02
-1.110000000000018971e+00 1.043404940840381677e-02
-1.105000000000019078e+00 1.008244437548325677e-02
-1.100000000000019185e+00 9.720113684308123031e-03
-1.095000000000019291e+00 9.346908211498698021e-03
-1.090000000000019398e+00 8.962679513330183353e-03
-1.085000000000019504e+00 8.567279946406112026e-03
-1.080000000000019611e+00 8.160562793201884060e-03
-1.075000000000019718e+00 7.742382392621929670e-03
-1.070000000000019824e+00 7.312594275717712068e-03
-1.065000000000019931e+00 6.871055306717479584e-03
-1.060000000000020037e+00 6.417623829522134046e-03
-1.055000000000020144e+00 5.952159819825524577e-03
-1.050000000000020250e+00 5.474525043021134449e-03
-1.045000000000020357e+00 4.984583218061182722e-03
-1.040000000000020464e+00 4.482200187438009978e-03
-1.035000000000020570e+00 3.967244093461770420e-03
-1.030000000000020677e+00 3.439585561012580353e-03
-1.025000000000020783e+00 2.899097886949437725e-03
-1.020000000000020890e+00 2.345657236362653532e-03
-1.015000000000020997e+00 1.779142845860798121e-03
-1.010000000000021103e+00 1.199437234087759405e-03
-1.005000000000021210e+00 6.064264196700188672e-04
-1.000000000000021316e+00 1.467989074427145816e-10
-9.950000000000214229e-01 1.448908173800287485e-10
-9.900000000000215294e-01 1.430061484912849822e-10
-9.850000000000216360e-01 1.411420971842423375e-10
-9.800000000000217426e-01 1.392984705422412242e-10
-9.750000000000218492e-01 1.374750738754609145e-10
-9.700000000000219558e-01 1.356717126784203878e-10
-9.650000000000220624e-01 1.338881949291680727e-10
-9.600000000000221689e-01 1.321243334863509923e-10
-9.550000000000222755e-01 1.303799479207605067e-10
-9.500000000000223821e-01 1.286548650393971652e-10
-9.450000000000224887e-01 1.269489178646891176e-10
-9.400000000000225953e-01 1.252619435323127279e-10
-9.350000000000227018e-01 1.235937807424749599e-10
-9.300000000000228084e-01 1.219442670140219090e-10
-9.250000000000229150e-01 1.203132364667209988e-10
-9.200000000000230216e-01 1.187005196404759545e-10
-9.150000000000231282e-01 1.171059467259841337e-10
-9.100000000000232347e-01 1.155293525046291855e-10
-9.050000000000233413e-01 1.139705782175678939e-10
-9.000000000000234479e-01 1.124294670509377585e-10
-8.950000000000235545e-01 1.109058560881035566e-10
-8.900000000000236611e-01 1.093995720718030932e-10
-8.850000000000237677e-01 1.079104359651630156e-10
-8.800000000000238742e-01 1.064382733050711516e-10
-8.750000000000239808e-01 1.049829217100424498e-10
-8.700000000000240874e-01 1.035442294561107150e-10
-8.650000000000241940e-01 1.021220476686433873e-10
-8.600000000000243006e-01 1.007162243944895882e-10
-8.550000000000244071e-01 9.932660546263939527e-11
-8.500000000000245137e-01 9.795303908324406880e-11
-8.450000000000246203e-01 9.659537807896045315e-11
-8.400000000000247269e-01 9.525347805851052875e-11
-8.350000000000248335e-01 9.392719454183931069e-11
-8.300000000000249401e-01 9.261638129264490463e-11
-8.250000000000250466e-01 9.132088907668596667e-11
-8.200000000000251532e-01 9.004056456240300257e-11
-8.150000000000252598e-01 8.877525203179373550e-11
-8.100000000000253664e-01 8.752479933535205796e-11
-8.050000000000254730e-01 8.628906401843021348e-11
-8.000000000000255795e-01 8.506791358565903484e-11
-7.950000000000256861e-01 8.386121931691538913e-11
-7.900000000000257927e-01 8.266884939549525067e-11
-7.850000000000258993e-01 8.149066668322910197e-11
-7.800000000000260059e-01 8.032653095505156410e-11
-7.750000000000261124e-01 7.917630182517235572e-11
-7.700000000000262190e-01 7.803983947905251424e-11
-7.650000000000263256e-01 7.691700323386509068e-11
-7.600000000000264322e-01 7.580765011088142369e-11
-7.550000000000265388e-01 7.471163593608480806e-11
-7.500000000000266454e-01 7.362881964286827240e-11
-7.450000000000267519e-01 7.255906869542465863e-11
-7.400000000000268585e-01 7.150226259783102196e-11
-7.350000000000269651e-01 7.045829302220312867e-11
-7.300000000000270717e-01 6.942706052430843977e-11
-7.250000000000271783e-01 6.840846756562572795e-11
-7.200000000000272848e-01 6.740240817460954442e-11
-7.150000000000273914e-01 6.640875805167562754e-11
-7.100000000000274980e-01 6.542737173821452161e-11
-7.050000000000276046e-01 6.445809031659757510e-11
-7.000000000000277112e-01 6.350075536150440076e-11
-6.950000000000278177e-01 6.255522061494445447e-11
-6.900000000000279243e-01 6.162135671241798512e-11
-6.850000000000280309e-01 6.069905116865069754e-11
-6.800000000000281375e-01 5.978820743416396836e-11
-6.750000000000282441e-01 5.888874242695368099e-11
-6.700000000000283507e-01 5.800057897258606305e-11
-6.650000000000284572e-01 5.712363331929014198e-11
-6.600000000000285638e-01 5.625780417910325330e-11
-6.550000000000286704e-01 5.540297047624847447e-11
-6.500000000000287770e-01 5.455899875518234687e-11
-6.450000000000288836e-01 5.372575493282084019e-11
-6.400000000000289901e-01 5.290311459250134377e-11
-6.350000000000290967e-01 5.209096900297200981e-11
-6.300000000000292033e-01 5.128922515959590739e-11
-6.250000000000293099e-01 5.049779772601400818e-11
-6.200000000000294165e-01 4.971659376243351057e-11
-6.150000000000295231e-01 4.894549820167813820e-11
-6.100000000000296296e-01 4.818437190598405283e-11
-6.050000000000297362e-01 4.743306737237051769e-11
-6.000000000000298428e-01 4.669145285822618776e-11
-5.950000000000299494e-01 4.595942726288415170e-11
-5.900000000000300560e-01 4.523691517641868978e-11
-5.850000000000301625e-01 4.452384794202206108e-11
-5.800000000000302691e-01 4.382014654916731272e-11
-5.750000000000303757e-01 4.312571768624894669e-11
-5.700000000000304823e-01 4.244046217822588517e-11
-5.650000000000305889e-01 4.176428692498909660e-11
-5.600000000000306954e-01 4.109711187510366883e-11
-5.550000000000308020e-01 4.043886912077521100e-11
-5.500000000000309086e-01 3.978949679021063997e-11
-5.450000000000310152e-01 3.914893325294336543e-11
-5.400000000000311218e-01 3.851711627262834720e-11
-5.350000000000312284e-01 3.789398751603087896e-11
-5.300000000000313349e-01 3.727949846853839621e-11
-5.250000000000314415e-01 3.667361374756041316e-11
-5.200000000000315481e-01 3.607631162420039334e-11
-5.150000000000316547e-01 3.548758352014661322e-11
-5.100000000000317613e-01 3.490743212835792883e-11
-5.050000000000318678e-01 3.433586656304160218e-11
-5.000000000000319744e-01 3.377289559811536055e-11
-4.950000000000320810e-01 3.321852212974956295e-11
-4.900000000000321876e-01 3.267273989361825990e-11
-4.850000000000322942e-01 3.213553094711130944e-11
-4.800000000000324007e-01 3.160686343112289676e-11
-4.750000000000325073e-01 3.108669084061517104e-11
-4.700000000000326139e-01 3.057495279320217832e-11
-4.650000000000327205e-01 3.007157564345072248e-11
-4.600000000000328271e-01 2.957647290428348285e-11
-4.550000000000329337e-01 2.908954742603171022e-11
-4.500000000000330402e-01 2.861069487099108201e-11
-4.450000000000331468e-01 2.813980397645998669e-11
-4.400000000000332534e-01 2.767675072231899696e-11
-4.350000000000333600e-01 2.722139068606902377e-11
-4.300000000000334666e-01 2.677355756059146802e-11
-4.250000000000335731e-01 2.633307048359111447e-11
-4.200000000000336797e-01 2.589974444147825468e-11
-4.150000000000337863e-01 2.547339625299576176e-11
-4.100000000000338929e-01 2.505384477437135943e-11
-4.050000000000339995e-01 2.464091034450757128e-11
-4.000000000000341061e-01 2.423441846267678478e-11
-3.950000000000342126e-01 2.383420756725049693e-11
-3.900000000000343192e-01 2.344013674065447635e-11
-3.850000000000344258e-01 2.305208955003863507e-11
-3.800000000000345324e-01 2.266997292942186911e-11
-3.750000000000346390e-01 2.229371220390711531e-11
-3.700000000000347455e-01 2.192324520883254367e-11
-3.650000000000348521e-01 2.155851980631884845e-11
-3.600000000000349587e-01 2.119949711402106583e-11
-3.550000000000350653e-01 2.084615722959562335e-11
-3.500000000000351719e-01 2.049850093226324039e-11
-3.450000000000352784e-01 2.015654435777502131e-11
-3.400000000000353850e-01 1.982031020974711880e-11
-3.350000000000354916e-01 1.948982125648957498e-11
-3.300000000000355982e-01 1.916509809843201867e-11
-3.250000000000357048e-01 1.884615877417209383e-11
-3.200000000000358114e-01 1.853301742981062946e-11
-3.150000000000359179e-01 1.822568196843904640e-11
-3.100000000000360245e-01 1.792415230826584525e-11
-3.050000000000361311e-01 1.762842012922444996e-11
-3.000000000000362377e-01 1.733846961961200350e-11
-2.950000000000363443e-01 1.705427844028121085e-11
-2.900000000000364508e-01 1.677581857140330226e-11
-2.850000000000365574e-01 1.650305696803898356e-11
-2.800000000000366640e-01 1.623595595635203332e-11
-2.750000000000367706e-01 1.597447344262526788e-11
-2.700000000000368772e-01 1.571856325612546740e-11
-2.650000000000369837e-01 1.546817592186980851e-11
-2.600000000000370903e-01 1.522325980082034808e-11
-2.550000000000371969e-01 1.498376225725714475e-11
-2.500000000000373035e-01 1.474963059936051585e-11
-2.450000000000374101e-01 1.452081278340763680e-11
-2.400000000000375167e-01 1.429725796897869994e-11
-2.350000000000376232e-01 1.407891696017005619e-11
-2.300000000000377298e-01 1.386574253273497408e-11
-2.250000000000378364e-01 1.365768967196604970e-11
-2.200000000000379430e-01 1.345471574573311908e-11
-2.150000000000380496e-01 1.325678058414917163e-11
-2.100000000000381561e-01 1.306384641794296462e-11
-2.050000000000382627e-01 1.287587769478043555e-11
-2.000000000000383693e-01 1.269284086259257149e-11
-1.950000000000384759e-01 1.251470418518775147e-11
-1.900000000000385825e-01 1.234143758004668686e-11
-1.850000000000386891e-01 1.217301244311086570e-11
-1.800000000000387956e-01 1.200940145921579463e-11
-1.750000000000389022e-01 1.185057842686574634e-11
-1.700000000000390088e-01 1.169651812120426331e-11
-1.650000000000391154e-01 1.154719619246033448e-11
-1.600000000000392220e-01 1.140258907677757727e-11
-1.550000000000393285e-01 1.126267390757656965e-11
-1.500000000000394351e-01 1.112742844655219477e-11
-1.450000000000395417e-01 1.099683105865194924e-11
-1.400000000000396483e-01 1.087086072562902279e-11
-1.350000000000397549e-01 1.074949706977410363e-11
-1.300000000000398614e-01 1.063272036760178280e-11
-1.250000000000399680e-01 1.052051155260622402e-11
-1.200000000000400746e-01 1.041285221453529978e-11
-1.150000000000401812e-01 1.030972460086151391e-11
-1.100000000000402878e-01 1.021111162342874359e-11
-1.050000000000403944e-01 1.011699687164703351e-11
-1.000000000000405009e-01 1.002736463033704327e-11
-9.500000000004060752e-02 9.942199896919421200e-12
-9.000000000004071410e-02 9.861488393067800056e-12
-8.500000000004082068e-02 9.785216569299069424e-12
-8.000000000004092726e-02 9.713371604362405909e-12
-7.500000000004103384e-02 9.645941403869536358e-12
-7.000000000004114042e-02 9.582914602582263838e-12
-6.500000000004124701e-02 9.524280570620296572e-12
-6.000000000004135359e-02 9.470029419204710286e-12
-5.500000000004146017e-02 9.420152001669053724e-12
-5.000000000004156675e-02 9.374639909816509849e-12
-4.500000000004167333e-02 9.333485469163339139e-12
-4.000000000004177991e-02 9.296681736576731250e-12
-3.500000000004188649e-02 9.264222501623537548e-12
-3.000000000004199308e-02 9.236102290268674790e-12
-2.500000000004209966e-02 9.212316367537357456e-12
-2.000000000004220624e-02 9.192860735918401680e-12
-1.500000000004231282e-02 9.177732129278613859e-12
-1.000000000004241940e-02 9.166928005910993534e-12
-5.000000000042525983e-03 9.160446545470849939e-12
-4.263256414560601115e-14 9.158286651438008491e-12
4.999999999957260854e-03 9.160447956293801435e-12
9.999999999957154273e-03 9.166930825131927703e-12
1.499999999995704769e-02 9.177736355528108964e-12
1.999999999995694111e-02 9.192866374204060514e-12
2.499999999995683453e-02 9.212323432533318850e-12
2.999999999995672795e-02 9.236110803840860470e-12
3.499999999995662137e-02 9.264232485154461335e-12
3.999999999995651478e-02 9.296693203007914940e-12
4.499999999995640820e-02 9.333498419275167862e-12
4.999999999995630162e-02 9.374654333380048764e-12
5.499999999995619504e-02 9.420167881228669025e-12
5.999999999995608846e-02 9.470046733781319646e-12
6.499999999995598188e-02 9.524299297303404247e-12
6.999999999995587530e-02 9.582934715480510811e-12
7.499999999995576871e-02 9.645962872317450315e-12
7.999999999995566213e-02 9.713394394048205462e-12
8.499999999995555555e-02 9.785240648739887259e-12
8.999999999995544897e-02 9.861513743509441895e-12
9.499999999995534239e-02 9.942226519879997728e-12
9.999999999995523581e-02 1.002739254782633617e-11
1.049999999999551292e-01 1.011702611913394160e-11
1.099999999999550226e-01 1.021114224045201225e-11
1.149999999999549161e-01 1.030975662591209462e-11
1.199999999999548095e-01 1.041288568896636020e-11
1.249999999999547029e-01 1.052054653243292468e-11
1.299999999999545963e-01 1.063275693543596493e-11
1.349999999999544897e-01 1.074953533916061717e-11
1.399999999999543832e-01 1.087090083635189808e-11
1.449999999999542766e-01 1.099687316519936820e-11
1.499999999999541700e-01 1.112747270348501328e-11
1.549999999999540634e-01 1.126272046205467609e-11
1.599999999999539568e-01 1.140263807917869115e-11
1.649999999999538502e-01 1.154724781771466497e-11
1.699999999999537437e-01 1.169657257712805176e-11
1.749999999999536371e-01 1.185063593790219452e-11
1.799999999999535305e-01 1.200946223423885587e-11
1.849999999999534239e-01 1.217307663562068376e-11
1.899999999999533173e-01 1.234150525074971247e-11
1.949999999999532108e-01 1.251477529792384071e-11
1.999999999999531042e-01 1.269291533798893335e-11
2.049999999999529976e-01 1.287595548830452222e-11
2.099999999999528910e-01 1.306392754805612905e-11
2.149999999999527844e-01 1.325686506916074972e-11
2.199999999999526779e-01 1.345480347642291622e-11
2.249999999999525713e-01 1.365778028590666410e-11
2.299999999999524647e-01 1.386583534465669552e-11
2.349999999999523581e-01 1.407901095752178671e-11
2.399999999999522515e-01 1.429735184848132681e-11
2.449999999999521449e-01 1.452090502534150617e-11
2.499999999999520384e-01 1.474971961988920609e-11
2.549999999999519318e-01 1.498384666005641144e-11
2.599999999999518252e-01 1.522333866327494673e-11
2.649999999999517186e-01 1.546824902104923261e-11
2.699999999999516120e-01 1.571863126019812393e-11
2.749999999999515055e-01 1.597453825698904136e-11
2.799999999999513989e-01 1.623602141020796222e-11
2.849999999999512923e-01 1.650312985443768191e-11
2.899999999999511857e-01 1.677590992956094396e-11
2.949999999999510791e-01 1.705440489132829901e-11
2.999999999999509726e-01 1.733865419476509403e-11
3.049999999999508660e-01 1.762869137722375196e-11
3.099999999999507594e-01 1.792454046879826117e-11
3.149999999999506528e-01 1.822621273114212473e-11
3.199999999999505462e-01 1.853370673316902522e-11
3.249999999999504396e-01 1.884701337441011724e-11
3.299999999999503331e-01 1.916612352617910794e-11
3.349999999999502265e-01 1.949103282917619219e-11
3.399999999999501199e-01 1.982173972129231250e-11
3.449999999999500133e-01 2.015823850982046825e-11
3.499999999999499067e-01 2.050051413790188399e-11
3.549999999999498002e-01 2.084854459119024311e-11
3.599999999999496936e-01 2.120231087502784510e-11
3.649999999999495870e-01 2.156180815527363782e-11
3.699999999999494804e-01 2.192705087353042646e-11
3.749999999999493738e-01 2.229807045528402893e-11
3.799999999999492672e-01 2.267491084419565147e-11
3.849999999999491607e-01 2.305762797780151918e-11
3.899999999999490541e-01 2.344629429377718842e-11
3.949999999999489475e-01 2.384100376041962384e-11
3.999999999999488409e-01 2.424187185777955433e-11
4.049999999999487343e-01 2.464902950407476172e-11
4.099999999999486278e-01 2.506261609525140153e-11
4.149999999999485212e-01 2.548277790850102542e-11
4.199999999999484146e-01 2.590967205855808875e-11
4.249999999999483080e-01 2.634346952941681970e-11
4.299999999999482014e-01 2.678435136581512769e-11
4.349999999999480949e-01 2.723249910680846305e-11
4.399999999999479883e-01 2.768808589824901724e-11
4.449999999999478817e-01 2.815127323331146728e-11
4.499999999999477751e-01 2.862221272449963392e-11
4.549999999999476685e-01 2.910104867356807637e-11
4.599999999999475619e-01 2.958791798903501483e-11
4.649999999999474554e-01 3.008294716909368521e-11
4.699999999999473488e-01 3.058624831529425639e-11
4.749999999999472422e-01 3.109791590627911196e-11
4.799999999999471356e-01 3.161802428735260540e-11
4.849999999999470290e-01 3.214662500731058697e-11
4.899999999999469225e-01 3.268374498046743593e-11
4.949999999999468159e-01 3.322938932110793432e-11
4.999999999999467093e-01 3.378355223558991178e-11
5.049999999999466027e-01 3.434623376474442505e-11
5.099999999999464961e-01 3.491745380150611918e-11
5.149999999999463896e-01 3.549725424200988448e-11
5.199999999999462830e-01 3.608568718220507017e-11
5.249999999999461764e-01 3.668279671941737833e-11
5.299999999999460698e-01 3.728860636516962617e-11
5.349999999999459632e-01 3.790311958773199783e-11
5.399999999999458566e-01 3.852633180276644468e-11
5.449999999999457501e-01 3.915824595066378736e-11
5.499999999999456435e-01 3.979888361202066884e-11
5.549999999999455369e-01 4.044828704477431053e-11
5.599999999999454303e-01 4.110651272763214996e-11
5.649999999999453237e-01 4.177362270512003697e-11
5.699999999999452172e-01 4.244968162770004581e-11
5.749999999999451106e-01 4.313476141130637583e-11
5.799999999999450040e-01 4.382894741628620265e-11
5.849999999999448974e-01 4.453233919590813138e-11
5.899999999999447908e-01 4.524504538730372910e-11
5.949999999999446842e-01 4.596717764803429725e-11
5.999999999999445777e-01 4.669884770421585662e-11
6.049999999999444711e-01 4.744016778754949041e-11
6.099999999999443645e-01 4.819125227126017141e-11
6.149999999999442579e-01 4.895221791370646716e-11
6.199999999999441513e-01 4.972318141150858181e-11
6.249999999999440448e-01 5.050425542940306635e-11
6.299999999999439382e-01 5.129554584601291099e-11
6.349999999999438316e-01 5.209715210743607624e-11
6.399999999999437250e-01 5.290917088258193923e-11
6.449999999999436184e-01 5.373170223907369721e-11
6.499999999999435119e-01 5.456485603915603733e-11
6.549999999999434053e-01 5.540875410211293644e-11
6.599999999999432987e-01 5.626352483746727560e-11
6.649999999999431921e-01 5.712929329276719401e-11
6.699999999999430855e-01 5.800617471100119892e-11
6.749999999999429789e-01 5.889427653780630256e-11
6.799999999999428724e-01 5.979370528729452941e-11
6.849999999999427658e-01 6.070457112822678870e-11
6.899999999999426592e-01 6.162698793103939119e-11
6.949999999999425526e-01 6.256107170465008294e-11
6.999999999999424460e-01 6.350693891969031976e-11
7.049999999999423395e-01 6.446470275947999240e-11
7.099999999999422329e-01 6.543446746751112207e-11
7.149999999999421263e-01 6.641632613561946726e-11
7.199999999999420197e-01 6.741036670844393540e-11
7.249999999999419131e-01 6.841668382067607716e-11
7.299999999999418065e-01 6.943538876840107574e-11
7.349999999999417000e-01 7.046661179818743301e-11
7.399999999999415934e-01 7.151049642787721068e-11
7.449999999999414868e-01 7.256718924065819604e-11
7.499999999999413802e-01 7.363682956806516324e-11
7.549999999999412736e-01 7.471954349190391776e-11
7.599999999999411671e-01 7.581544557780149423e-11
7.649999999999410605e-01 7.692464831062443948e-11
7.699999999999409539e-01 7.804727426519369846e-11
7.749999999999408473e-01 7.918346320312605828e-11
7.799999999999407407e-01 8.033336893909760769e-11
7.849999999999406342e-01 8.149714839182636809e-11
7.899999999999405276e-01 8.267495160182125718e-11
7.949999999999404210e-01 8.386692000367001565e-11
7.999999999999403144e-01 8.507319172144309419e-11
8.049999999999402078e-01 8.629390628952224826e-11
8.099999999999401012e-01 8.752920412651468951e-11
8.149999999999399947e-01 8.877922411105859435e-11
8.199999999999398881e-01 9.004410551741689681e-11
8.249999999999397815e-01 9.132399513528454924e-11
8.299999999999396749e-01 9.261905364890628682e-11
8.349999999999395683e-01 9.392945460908008520e-11
8.399999999999394618e-01 9.525537451769431543e-11
8.449999999999393552e-01 9.659697892835938849e-11
8.499999999999392486e-01 9.795441290730050837e-11
8.549999999999391420e-01 9.932780246667323152e-11
8.599999999999390354e-01 1.007172668379250820e-10
8.649999999999389289e-01 1.021229342400755817e-10
8.699999999999388223e-01 1.035449518025715567e-10
8.749999999999387157e-01 1.049834847262693377e-10
8.799999999999386091e-01 1.064387065885325555e-10
8.849999999999385025e-01 1.079107873130489334e-10
8.899999999999383959e-01 1.093998859105713104e-10
8.949999999999382894e-01 1.109061521613256778e-10
8.999999999999381828e-01 1.124297360551014951e-10
9.049999999999380762e-01 1.139707984644219026e-10
9.099999999999379696e-01 1.155295152373300070e-10
9.149999999999378630e-01 1.171060714211330918e-10
9.199999999999377565e-01 1.187006494476855482e-10
9.249999999999376499e-01 1.203134191509890370e-10
9.299999999999375433e-01 1.219445353621321840e-10
9.349999999999374367e-01 1.235941434570855086e-10
9.399999999999373301e-01 1.252623886232827607e-10
9.449999999999372235e-01 1.269494235754961978e-10
9.499999999999371170e-01 1.286554114028363561e-10
9.549999999999370104e-01 1.303805240922691912e-10
9.599999999999369038e-01 1.321249398236967537e-10
9.649999999999367972e-01 1.338888417686716065e-10
9.699999999999366906e-01 1.356724186067372330e-10
9.749999999999365841e-01 1.374758651696453190e-10
9.799999999999364775e-01 1.392993816373231694e-10
9.849999999999363709e-01 1.411431702900672940e-10
9.899999999999362643e-01 1.430074301232486271e-10
9.949999999999361577e-01 1.448923516298675568e-10
9.999999999999360512e-01 1.467981151123760830e-10
1.004999999999935945e+00 6.064264196615766185e-04
1.009999999999935838e+00 1.199437234079509494e-03
1.014999999999935731e+00 1.779142845852739463e-03
1.019999999999935625e+00 2.345657236354784392e-03
1.024999999999935518e+00 2.899097886941758972e-03
1.029999999999935412e+00 3.439585561005088950e-03
1.034999999999935305e+00 3.967244093454467234e-03
1.039999999999935199e+00 4.482200187430890673e-03
1.044999999999935092e+00 4.984583218054250767e-03
1.049999999999934985e+00 5.474525043014385507e-03
1.054999999999934879e+00 5.952159819818958648e-03
1.059999999999934772e+00 6.417623829515750264e-03
1.064999999999934666e+00 6.871055306711277080e-03
1.069999999999934559e+00 7.312594275711688241e-03
1.074999999999934452e+00 7.742382392616085386e-03
1.079999999999934346e+00 8.160562793196216719e-03
1.084999999999934239e+00 8.567279946400621626e-03
1.089999999999934133e+00 8.962679513324871630e-03
1.094999999999934026e+00 9.346908211493558036e-03
1.099999999999933920e+00 9.720113684303154783e-03
1.104999999999933813e+00 1.008244437547840475e-02
1.109999999999933706e+00 1.043404940839907924e-02
1.114999999999933600e+00 1.077507847015611760e-02
1.119999999999933493e+00 1.110568170020086523e-02
1.124999999999933387e+00 1.142600958345367686e-02
1.129999999999933280e+00 1.173621284774165573e-02
1.134999999999933173e+00 1.203644236543831639e-02
1.139999999999933067e+00 1.232684905918130479e-02
1.144999999999932960e+00 1.260758381154707293e-02
1.149999999999932854e+00 1.287879737856464923e-02
1.154999999999932747e+00 1.314064030695339530e-02
1.159999999999932641e+00 1.339326285497254888e-02
1.164999999999932534e+00 1.363681491677316143e-02
1.169999999999932427e+00 1.387144595014575682e-02
1.174999999999932321e+00 1.409730490755973023e-02
1.179999999999932214e+00 1.431454017039311861e-02
1.184999999999932108e+00 1.452329948625391380e-02
1.189999999999932001e+00 1.472372990929668793e-02
1.194999999999931894e+00 1.491597774344058207e-02
1.199999999999931788e+00 1.510018848839739247e-02
1.204999999999931681e+00 1.527650678842045265e-02
1.209999999999931575e+00 1.544507638368761149e-02
1.214999999999931468e+00 1.560604006423393572e-02
1.219999999999931362e+00 1.575953962635144243e-02
1.224999999999931255e+00 1.590571583137594808e-02
1.229999999999931148e+00 1.604470836678275822e-02
1.234999999999931042e+00 1.617665580951525156e-02
1.239999999999930935e+00 1.630169559147228928e-02
1.244999999999930829e+00 1.641996396708230582e-02
1.249999999999930722e+00 1.653159598289405396e-02
1.254999999999930616e+00 1.663672544911555182e-02
1.259999999999930509e+00 1.673548491303490302e-02
1.264999999999930402e+00 1.682800563425831258e-02
1.269999999999930296e+00 1.691441756170225519e-02
1.274999999999930189e+00 1.699484931227877166e-02
1.279999999999930083e+00 1.706942815121421930e-02
1.284999999999929976e+00 1.713827997394358135e-02
1.289999999999929869e+00 1.720152928952413396e-02
1.294999999999929763e+00 1.725929920551351124e-02
1.299999999999929656e+00 1.731171141425915175e-02
1.304999999999929550e+00 1.735888618054711244e-02
1.309999999999929443e+00 1.740094233056025189e-02
1.314999999999929337e+00 1.743799724209658258e-02
1.319999999999929230e+00 1.747016683600046902e-02
1.324999999999929123e+00 1.749756556876040300e-02
1.329999999999929017e+00 1.752030642622862816e-02
1.334999999999928910e+00 1.753850091841888115e-02
1.339999999999928804e+00 1.755225907534008201e-02
1.344999999999928697e+00 1.756168944382478433e-02
1.349999999999928590e+00 1.756689908531253869e-02
1.354999999999928484e+00 1.756799357454942589e-02
1.359999999999928377e+00 1.756507699916617579e-02
1.364999999999928271e+00 1.755825196009829642e-02
1.369999999999928164e+00 1.754761957281295720e-02
1.374999999999928058e+00 1.753327946930815714e-02
1.379999999999927951e+00 1.751532980085084359e-02
1.384999999999927844e+00 1.749386724142179897e-02
1.389999999999927738e+00 1.746898699183570269e-02
1.394999999999927631e+00 1.744078278450623617e-02
1.399999999999927525e+00 1.740934688882664338e-02
1.404999999999927418e+00 1.737477011713712410e-02
1.409999999999927311e+00 1.733714183125150896e-02
1.414999999999927205e+00 1.729654994951631414e-02
1.419999999999927098e+00 1.725308095437632847e-02
1.424999999999926992e+00 1.720681990042138496e-02
1.429999999999926885e+00 1.715785042289000653e-02
1.434999999999926779e+00 1.710625474660655912e-02
1.439999999999926672e+00 1.705211369532869808e-02
1.444999999999926565e+00 1.699550670148335454e-02
1.449999999999926459e+00 1.693651181626967123e-02
1.454999999999926352e+00 1.687520572010828279e-02
1.459999999999926246e+00 1.681166373341699133e-02
1.464999999999926139e+00 1.674595982769331096e-02
1.469999999999926033e+00 1.667816663688545184e-02
1.474999999999925926e+00 1.660835546903344576e-02
1.479999999999925819e+00 1.653659631816306944e-02
1.484999999999925713e+00 1.646295787641564867e-02
1.489999999999925606e+00 1.638750754639750618e-02
1.494999999999925500e+00 1.631031145373329147e-02
1.499999999999925393e+00 1.623143445980804872e-02
1.504999999999925286e+00 1.615094017468326690e-02
1.509999999999925180e+00 1.606889097017299636e-02
1.514999999999925073e+00 1.598534799306622345e-02
1.519999999999924967e+00 1.590037117848234344e-02
1.524999999999924860e+00 1.581401926334731131e-02
1.529999999999924754e+00 1.572634979997800109e-02
1.534999999999924647e+00 1.563741916976322394e-02
1.539999999999924540e+00 1.554728259692992644e-02
1.544999999999924434e+00 1.545599416238388653e-02
1.549999999999924327e+00 1.536360681761422993e-02
1.554999999999924221e+00 1.527017239865182882e-02
1.559999999999924114e+00 1.517574164007190474e-02
1.564999999999924007e+00 1.508036418903141440e-02
1.569999999999923901e+00 1.498408861933242867e-02
1.574999999999923794e+00 1.488696244550284306e-02
1.579999999999923688e+00 1.478903213688620086e-02
1.584999999999923581e+00 1.469034313173275472e-02
1.589999999999923475e+00 1.459093985128416711e-02
1.594999999999923368e+00 1.449086571384464867e-02
1.599999999999923261e+00 1.439016314883153833e-02
1.604999999999923155e+00 1.428887361079869342e-02
1.609999999999923048e+00 1.418703759342638399e-02
1.614999999999922942e+00 1.408469464347151395e-02
1.619999999999922835e+00 1.398188337467246023e-02
1.624999999999922728e+00 1.387864148160297684e-02
1.629999999999922622e+00 1.377500575346982288e-02
1.634999999999922515e+00 1.367101208784911835e-02
1.639999999999922409e+00 1.356669550435666768e-02
1.644999999999922302e+00 1.346209015824758638e-02
1.649999999999922196e+00 1.335722935394103097e-02
1.654999999999922089e+00 1.325214555846578914e-02
1.659999999999921982e+00 1.314687041482286677e-02
1.664999999999921876e+00 1.304143475526142563e-02
1.669999999999921769e+00 1.293586861446446683e-02
1.674999999999921663e+00 1.283020124264102647e-02
1.679999999999921556e+00 1.272446111852168840e-02
1.684999999999921450e+00 1.261867596225456703e-02
1.689999999999921343e+00 1.251287274819885137e-02
1.694999999999921236e+00 1.240707771761341213e-02
1.699999999999921130e+00 1.230131639123798089e-02
1.704999999999921023e+00 1.219561358176463051e-02
1.709999999999920917e+00 1.208999340619737982e-02
1.714999999999920810e+00 1.198447929809798827e-02
1.719999999999920703e+00 1.187909401971604974e-02
1.724999999999920597e+00 1.177385967400170451e-02
1.729999999999920490e+00 1.166879771649933714e-02
1.734999999999920384e+00 1.156392896712090702e-02
1.739999999999920277e+00 1.145927362179740769e-02
1.744999999999920171e+00 1.135485126400743484e-02
1.749999999999920064e+00 1.125068087618164535e-02
1.754999999999919957e+00 1.114678085098212007e-02
1.759999999999919851e+00 1.104316900245579623e-02
1.764999999999919744e+00 1.093986257706116259e-02
1.769999999999919638e+00 1.083687826456749582e-02
1.774999999999919531e+00 1.073423220882612633e-02
1.779999999999919424e+00 1.063194001841314545e-02
1.784999999999919318e+00 1.053001677714321578e-02
1.789999999999919211e+00 1.042847705445409598e-02
1.794999999999919105e+00 1.032733491566169282e-02
1.799999999999918998e+00 1.022660393208538014e-02
1.804999999999918892e+00 1.012629719104362475e-02
1.809999999999918785e+00 1.002642730571971091e-02
1.814999999999918678e+00 9.927006424897783995e-03
1.819999999999918572e+00 9.828046242569216454e-03
1.824999999999918465e+00 9.729558007409485482e-03
1.829999999999918359e+00 9.631552532125817190e-03
1.834999999999918252e+00 9.534040202675859305e-03
1.839999999999918145e+00 9.437030987357746675e-03
1.844999999999918039e+00 9.340534445771925612e-03
1.849999999999917932e+00 9.244559737655212370e-03
1.854999999999917826e+00 9.149115631587594055e-03
1.859999999999917719e+00 9.054210513572233388e-03
1.864999999999917613e+00 8.959852395489376412e-03
1.869999999999917506e+00 8.866048923424655823e-03
1.874999999999917399e+00 8.772807385872586142e-03
1.879999999999917293e+00 8.680134721815850954e-03
1.884999999999917186e+00 8.588037528681164573e-03
1.889999999999917080e+00 8.496522070172469673e-03
1.894999999999916973e+00 8.405594283982286211e-03
1.899999999999916866e+00 8.315259789381997460e-03
1.904999999999916760e+00 8.225523894692020332e-03
1.909999999999916653e+00 8.136391604632654470e-03
1.914999999999916547e+00 8.047867627556560752e-03
1.919999999999916440e+00 7.959956382563845856e-03
1.924999999999916334e+00 7.872662006500665346e-03
1.929999999999916227e+00 7.785988360842307186e-03
1.934999999999916120e+00 7.699939038461839878e-03
1.939999999999916014e+00 7.614517370285243773e-03
1.944999999999915907e+00 7.529726431834127959e-03
1.949999999999915801e+00 7.445569049657071829e-03
1.954999999999915694e+00 7.362047807650643448e-03
1.959999999999915588e+00 7.279165053271178902e-03
1.964999999999915481e+00 7.196922903638414658e-03
1.969999999999915374e+00 7.115323251532093551e-03
1.974999999999915268e+00 7.034367771282626879e-03
1.979999999999915161e+00 6.954057924556965309e-03
1.984999999999915055e+00 6.874394966040794051e-03
1.989999999999914948e+00 6.795379949018191985e-03
1.994999999999914841e+00 6.717013730849910082e-03
