-2.000000000000000000e+00 3.687592281408896136e-22
-1.995000000000000107e+00 3.780944124077643236e-22
-1.990000000000000213e+00 3.876659179904106613e-22
-1.985000000000000320e+00 3.974797273913971510e-22
-1.980000000000000426e+00 4.075419745610661005e-22
-1.975000000000000533e+00 4.178589487314523898e-22
-1.970000000000000639e+00 4.284370983472586439e-22
-1.965000000000000746e+00 4.392830350963423495e-22
-1.960000000000000853e+00 4.504035380422371512e-22
-1.955000000000000959e+00 4.618055578612874554e-22
-1.950000000000001066e+00 4.734962211870472230e-22
-1.945000000000001172e+00 4.854828350646585778e-22
-1.940000000000001279e+00 4.977728915179919201e-22
-1.935000000000001386e+00 5.103740722324064425e-22
-1.930000000000001492e+00 5.232942533560516338e-22
-1.925000000000001599e+00 5.365415104227172495e-22
-1.920000000000001705e+00 5.501241233993050556e-22
-1.915000000000001812e+00 5.640505818610769969e-22
-1.910000000000001918e+00 5.783295902979157837e-22
-1.905000000000002025e+00 5.929700735549159887e-22
-1.900000000000002132e+00 6.079811824107021757e-22
-1.895000000000002238e+00 6.233722992969613257e-22
-1.890000000000002345e+00 6.391530441627704022e-22
-1.885000000000002451e+00 6.553332804873774729e-22
-1.880000000000002558e+00 6.719231214451975950e-22
-1.875000000000002665e+00 6.889329362268741022e-22
-1.870000000000002771e+00 7.063733565203614413e-22
-1.865000000000002878e+00 7.242552831560777745e-22
-1.860000000000002984e+00 7.425898929202758072e-22
-1.855000000000003091e+00 7.613886455409008608e-22
-1.850000000000003197e+00 7.806632908502921025e-22
-1.845000000000003304e+00 8.004258761292107377e-22
-1.840000000000003411e+00 8.206887536367826014e-22
-1.835000000000003517e+00 8.414645883310625828e-22
-1.830000000000003624e+00 8.627663657850457663e-22
-1.825000000000003730e+00 8.846074003030716790e-22
-1.820000000000003837e+00 9.070013432427015645e-22
-1.815000000000003944e+00 9.299621915472564695e-22
-1.810000000000004050e+00 9.535042964943652069e-22
-1.805000000000004157e+00 9.776423726659810033e-22
-1.800000000000004263e+00 1.002391507145473373e-21
-1.795000000000004370e+00 1.027767168947543484e-21
-1.790000000000004476e+00 1.053785218686863238e-21
-1.785000000000004583e+00 1.080461918491481997e-21
-1.780000000000004690e+00 1.107813942167176898e-21
-1.775000000000004796e+00 1.135858385619129413e-21
-1.770000000000004903e+00 1.164612777537421220e-21
-1.765000000000005009e+00 1.194095090353035192e-21
-1.760000000000005116e+00 1.224323751471212697e-21
-1.755000000000005222e+00 1.255317654789178772e-21
-1.750000000000005329e+00 1.287096172505444624e-21
-1.745000000000005436e+00 1.319679167228061108e-21
-1.740000000000005542e+00 1.353087004389396179e-21
-1.735000000000005649e+00 1.387340564975192890e-21
-1.730000000000005755e+00 1.422461258575865369e-21
-1.725000000000005862e+00 1.458471036768190534e-21
-1.720000000000005969e+00 1.495392406835755264e-21
-1.715000000000006075e+00 1.533248445836744853e-21
-1.710000000000006182e+00 1.572062815027853023e-21
-1.705000000000006288e+00 1.611859774653339421e-21
-1.700000000000006395e+00 1.652664199108473026e-21
-1.695000000000006501e+00 1.694501592486832406e-21
-1.690000000000006608e+00 1.737398104521201534e-21
-1.685000000000006715e+00 1.781380546928000966e-21
-1.680000000000006821e+00 1.826476410165487204e-21
-1.675000000000006928e+00 1.872713880616178002e-21
-1.670000000000007034e+00 1.920121858204261922e-21
-1.665000000000007141e+00 1.968729974458992713e-21
-1.660000000000007248e+00 2.018568611035357374e-21
-1.655000000000007354e+00 2.069668918703601344e-21
-1.650000000000007461e+00 2.122062836819474823e-21
-1.645000000000007567e+00 2.175783113287365572e-21
-1.640000000000007674e+00 2.230863325028809272e-21
-1.635000000000007780e+00 2.287337898969156662e-21
-1.630000000000007887e+00 2.345242133555526886e-21
-1.625000000000007994e+00 2.404612220819475894e-21
-1.620000000000008100e+00 2.465485268998204840e-21
-1.615000000000008207e+00 2.527899325728412524e-21
-1.610000000000008313e+00 2.591893401827303696e-21
-1.605000000000008420e+00 2.657507495675624620e-21
-1.600000000000008527e+00 2.724782618217953552e-21
-1.595000000000008633e+00 2.793760818595867211e-21
-1.590000000000008740e+00 2.864485210430029042e-21
-1.585000000000008846e+00 2.936999998767613665e-21
-1.580000000000008953e+00 3.011350507711889327e-21
-1.575000000000009059e+00 3.087583208751259358e-21
-1.570000000000009166e+00 3.165745749805459004e-21
-1.565000000000009273e+00 3.245886985007052371e-21
-1.560000000000009379e+00 3.328057005236859859e-21
-1.555000000000009486e+00 3.412307169432387662e-21
-1.550000000000009592e+00 3.498690136688832360e-21
-1.545000000000009699e+00 3.587259899172731285e-21
-1.540000000000009805e+00 3.678071815868830727e-21
-1.535000000000009912e+00 3.771182647181240627e-21
-1.530000000000010019e+00 3.866650590410549228e-21
-1.525000000000010125e+00 3.964535316129018409e-21
-1.520000000000010232e+00 4.064898005476642127e-21
-1.515000000000010338e+00 4.167801388401342341e-21
-1.510000000000010445e+00 4.273309782867238906e-21
-1.505000000000010552e+00 4.381489135055461746e-21
-1.500000000000010658e+00 4.492407060582670312e-21
-1.495000000000010765e+00 4.606132886762997483e-21
-1.490000000000010871e+00 4.722737695939890447e-21
-1.485000000000010978e+00 4.842294369914901083e-21
-1.480000000000011084e+00 4.964877635501163769e-21
-1.475000000000011191e+00 5.090564111230090687e-21
-1.470000000000011298e+00 5.219432355240455718e-21
-1.465000000000011404e+00 5.351562914379781268e-21
-1.460000000000011511e+00 5.487038374548747361e-21
-1.455000000000011617e+00 5.625943412320055534e-21
-1.450000000000011724e+00 5.768364847864060274e-21
-1.445000000000011831e+00 5.914391699214184153e-21
-1.440000000000011937e+00 6.064115237906098791e-21
-1.435000000000012044e+00 6.217629046025403091e-21
-1.430000000000012150e+00 6.375029074699466053e-21
-1.425000000000012257e+00 6.536413704070018576e-21
-1.420000000000012363e+00 6.701883804783932514e-21
-1.415000000000012470e+00 6.871542801040658931e-21
-1.410000000000012577e+00 7.045496735235730406e-21
-1.405000000000012683e+00 7.223854334240700422e-21
-1.400000000000012790e+00 7.406727077360985277e-21
-1.395000000000012896e+00 7.594229266014039154e-21
-1.390000000000013003e+00 7.786478095171478651e-21
-1.385000000000013110e+00 7.983593726609760849e-21
-1.380000000000013216e+00 8.185699364015200897e-21
-1.375000000000013323e+00 8.392921329990269147e-21
-1.370000000000013429e+00 8.605389145009346171e-21
-1.365000000000013536e+00 8.823235608373236467e-21
-1.360000000000013642e+00 9.046596881213041644e-21
-1.355000000000013749e+00 9.275612571595316469e-21
-1.350000000000013856e+00 9.510425821781642369e-21
-1.345000000000013962e+00 9.751183397697203459e-21
-1.340000000000014069e+00 9.998035780664275746e-21
-1.335000000000014175e+00 1.025113726145793495e-20
-1.330000000000014282e+00 1.051064603674283063e-20
-1.325000000000014388e+00 1.077672430795124506e-20
-1.320000000000014495e+00 1.104953838266426666e-20
-1.315000000000014602e+00 1.132925877855943965e-20
-1.310000000000014708e+00 1.161606032998987195e-20
-1.305000000000014815e+00 1.191012229726138740e-20
-1.300000000000014921e+00 1.221162847867607616e-20
-1.295000000000015028e+00 1.252076732541216376e-20
-1.290000000000015135e+00 1.283773205931217416e-20
-1.285000000000015241e+00 1.316272079365288685e-20
-1.280000000000015348e+00 1.349593665697254074e-20
-1.275000000000015454e+00 1.383758792003281393e-20
-1.270000000000015561e+00 1.418788812599479550e-20
-1.265000000000015667e+00 1.454705622389047311e-20
-1.260000000000015774e+00 1.491531670547292917e-20
-1.255000000000015881e+00 1.529289974553105936e-20
-1.250000000000015987e+00 1.568004134575625355e-20
-1.245000000000016094e+00 1.607698348225119986e-20
-1.240000000000016200e+00 1.648397425677275399e-20
-1.235000000000016307e+00 1.690126805180367754e-20
-1.230000000000016414e+00 1.732912568954992720e-20
-1.225000000000016520e+00 1.776781459496303514e-20
-1.220000000000016627e+00 1.821760896288943535e-20
-1.215000000000016733e+00 1.867878992945111820e-20
-1.210000000000016840e+00 1.915164574776489963e-20
-1.205000000000016946e+00 1.963647196810998663e-20
-1.200000000000017053e+00 2.013357162265655717e-20
-1.195000000000017160e+00 2.064325541487063937e-20
-1.190000000000017266e+00 2.116584191371396050e-20
-1.185000000000017373e+00 2.170165775275995775e-20
-1.180000000000017479e+00 2.225103783435032394e-20
-1.175000000000017586e+00 2.281432553891988842e-20
-1.170000000000017693e+00 2.339187293962057099e-20
-1.165000000000017799e+00 2.398404102237856757e-20
-1.160000000000017906e+00 2.459119991152232455e-20
-1.155000000000018012e+00 2.521372910112225240e-20
-1.150000000000018119e+00 2.585201769218688850e-20
-1.145000000000018225e+00 2.650646463586371815e-20
-1.140000000000018332e+00 2.717747898279657687e-20
-1.135000000000018439e+00 2.786548013879566713e-20
-1.130000000000018545e+00 2.857089812697982528e-20
-1.125000000000018652e+00 2.929417385655498623e-20
-1.120000000000018758e+00 3.003575939839676315e-20
-1.115000000000018865e+00 3.079611826760943742e-20
-1.110000000000018971e+00 3.157572571323805717e-20
-1.105000000000019078e+00 3.237506901531451904e-20
-1.100000000000019185e+00 3.319464778942349168e-20
-1.095000000000019291e+00 3.403497429897830014e-20
-1.090000000000019398e+00 3.489657377540232542e-20
-1.085000000000019504e+00 3.577998474641583067e-20
-1.080000000000019611e+00 3.668575937263316904e-20
-1.075000000000019718e+00 3.761446379268116627e-20
-1.070000000000019824e+00 3.856667847705425577e-20
-1.065000000000019931e+00 3.954299859092739071e-20
-1.060000000000020037e+00 4.054403436615365589e-20
-1.055000000000020144e+00 4.157041148267904498e-20
-1.050000000000020250e+00 4.262277145961280340e-20
-1.045000000000020357e+00 4.370177205619772509e-20
-1.040000000000020464e+00 4.480808768293114135e-20
-1.035000000000020570e+00 4.594240982309337029e-20
-1.030000000000020677e+00 4.710544746494735885e-20
-1.025000000000020783e+00 4.829792754487932226e-20
-1.020000000000020890e+00 4.952059540175775687e-20
-1.015000000000020997e+00 5.077421524279441957e-20
-1.010000000000021103e+00 5.205957062119873926e-20
-1.005000000000021210e+00 5.337746492592410719e-20
-1.000000000000021316e+00 5.472872188381210666e-20
-9.950000000000214229e-01 1.102053984072628756e-19
-9.900000000000215294e-01 2.192752156946505439e-19
-9.850000000000216360e-01 4.313090577907306642e-19
-9.800000000000217426e-01 8.390338135051155689e-19
-9.750000000000218492e-01 1.614780356336038260e-18
-9.700000000000219558e-01 3.075515142251056850e-18
-9.650000000000220624e-01 5.798283348233118660e-18
-9.600000000000221689e-01 1.082298293528205850e-17
-9.550000000000222755e-01 2.000476669810693980e-17
-9.500000000000223821e-01 3.661995564098570498e-17
-9.450000000000224887e-01 6.639660378016567054e-17
-9.400000000000225953e-01 1.192481424511523564e-16
-9.350000000000227018e-01 2.121572157644329533e-16
-9.300000000000228084e-01 3.739179724780723686e-16
-9.250000000000229150e-01 6.528427351264733108e-16
-9.200000000000230216e-01 1.129133593459621694e-15
-9.150000000000231282e-01 1.934490909378237424e-15
-9.100000000000232347e-01 3.282779009714234199e-15
-9.050000000000233413e-01 5.517310516687802241e-15
-9.000000000000234479e-01 9.182662756675161417e-15
-8.950000000000235545e-01 1.513199048897242416e-14
-8.900000000000236611e-01 2.468454549144848979e-14
-8.850000000000237677e-01 3.985235306670751807e-14
-8.800000000000238742e-01 6.365915110496246051e-14
-8.750000000000239808e-01 1.005775463146648633e-13
-8.700000000000240874e-01 1.571096256262884964e-13
-8.650000000000241940e-01 2.425281577902829247e-13
-8.600000000000243006e-01 3.697740082072679991e-13
-8.550000000000244071e-01 5.564615869847494199e-13
-8.500000000000245137e-01 8.258658877406346786e-13
-8.450000000000246203e-01 1.207636826544460382e-12
-8.400000000000247269e-01 1.737793157529785747e-12
-8.350000000000248335e-01 2.457277982976938299e-12
-8.300000000000249401e-01 3.408016529756961279e-12
-8.250000000000250466e-01 4.625050947220314997e-12
-8.200000000000251532e-01 6.123066951910033883e-12
-8.150000000000252598e-01 7.875762654793209002e-12
-8.100000000000253664e-01 9.787613760077767462e-12
-8.050000000000254730e-01 1.166071848024647901e-11
-8.000000000000255795e-01 1.316641496745703762e-11
-7.950000000000256861e-01 1.384538567639103240e-11
-7.900000000000257927e-01 1.318611819860214083e-11
-7.850000000000258993e-01 1.087802762273895520e-11
-7.800000000000260059e-01 7.414905637829248845e-12
-7.750000000000261124e-01 5.355830976513304683e-12
-7.700000000000262190e-01 1.176274768702443256e-11
-7.650000000000263256e-01 4.266805186548095455e-11
-7.600000000000264322e-01 1.309408516073178887e-10
-7.550000000000265388e-01 3.396997343265625714e-10
-7.500000000000266454e-01 7.845761169849525968e-10
-7.450000000000267519e-01 1.669817465615871026e-09
-7.400000000000268585e-01 3.345633198068875662e-09
-7.350000000000269651e-01 6.397583446387976901e-09
-7.300000000000270717e-01 1.178351116627499231e-08
-7.250000000000271783e-01 2.103990828178687326e-08
-7.200000000000272848e-01 3.658813974317495312e-08
-7.150000000000273914e-01 6.218213358271257052e-08
-7.100000000000274980e-01 1.035535177565365397e-07
-7.050000000000276046e-01 1.693282672735321991e-07
-7.000000000000277112e-01 2.723111515297442793e-07
-6.950000000000278177e-01 4.312608826022627478e-07
-6.900000000000279243e-01 6.733097632845602149e-07
-6.850000000000280309e-01 1.037216193996482144e-06
-6.800000000000281375e-01 1.577675231608465894e-06
-6.750000000000282441e-01 2.370949068634564201e-06
-6.700000000000283507e-01 3.522112031523996009e-06
-6.650000000000284572e-01 5.174228019141454123e-06
-6.600000000000285638e-01 7.519784781541448175e-06
-6.550000000000286704e-01 1.081468944632482107e-05
-6.500000000000287770e-01 1.539507133813460560e-05
-6.450000000000288836e-01 2.169702739610980408e-05
-6.400000000000289901e-01 3.027926673938640678e-05
-6.350000000000290967e-01 4.184834783342014424e-05
-6.300000000000292033e-01 5.728583873229180787e-05
-6.250000000000293099e-01 7.767625539944189030e-05
-6.200000000000294165e-01 1.043340382883020342e-04
-6.150000000000295231e-01 1.388271156479699102e-04
-6.100000000000296296e-01 1.829937893280365814e-04
-6.050000000000297362e-01 2.389487991527117282e-04
-6.000000000000298428e-01 3.090735318574582891e-04
-5.950000000000299494e-01 3.959845236398404139e-04
-5.900000000000300560e-01 5.024737750124240541e-04
-5.850000000000301625e-01 6.314140973428219094e-04
-5.800000000000302691e-01 7.856229159511891706e-04
-5.750000000000303757e-01 9.676788621824040579e-04
-5.700000000000304823e-01 1.179687306771497321e-03
-5.650000000000305889e-01 1.422993926292184016e-03
-5.600000000000306954e-01 1.697849635621265230e-03
-5.550000000000308020e-01 2.003035891348490041e-03
-5.500000000000309086e-01 2.335466517500318657e-03
-5.450000000000310152e-01 2.689790748058496286e-03
-5.400000000000311218e-01 3.058031885332269852e-03
-5.350000000000312284e-01 3.429306413996304707e-03
-5.300000000000313349e-01 3.789678947621734871e-03
-5.250000000000314415e-01 4.122218152124153094e-03
-5.200000000000315481e-01 4.407326705074060373e-03
-5.150000000000316547e-01 4.623423141555393912e-03
-5.100000000000317613e-01 4.748053710678119127e-03
-5.050000000000318678e-01 4.759506691420126168e-03
-5.000000000000319744e-01 4.638988647810367988e-03
-4.950000000000320810e-01 4.373400731090990208e-03
-4.900000000000321876e-01 3.958722650614461200e-03
-4.850000000000322942e-01 3.403972200811672313e-03
-4.800000000000324007e-01 2.735659854117681623e-03
-4.750000000000325073e-01 2.002602393974857974e-03
-4.700000000000326139e-01 1.280899322713146410e-03
-4.650000000000327205e-01 6.788142833294866316e-04
-4.600000000000328271e-01 3.412453565139110068e-04
-4.550000000000329337e-01 4.534179709189263248e-04
-4.500000000000330402e-01 1.243397920310015730e-03
-4.450000000000331468e-01 2.983005351592407477e-03
-4.400000000000332534e-01 5.986718952575211666e-03
-4.350000000000333600e-01 1.060819742176601424e-02
-4.300000000000334666e-01 1.723411569867850865e-02
-4.250000000000335731e-01 2.627511745631306780e-02
-4.200000000000336797e-01 3.815382167080335479e-02
-4.150000000000337863e-01 5.328998561352459029e-02
-4.100000000000338929e-01 7.208311242236813132e-02
-4.050000000000339995e-01 9.489298880848857920e-02
-4.000000000000341061e-01 1.220188353573318646e-01
-3.950000000000342126e-01 1.536779344394977875e-01
-3.900000000000343192e-01 1.899847542196889116e-01
-3.850000000000344258e-01 2.309316970843491856e-01
-3.800000000000345324e-01 2.763726538237896713e-01
-3.750000000000346390e-01 3.260105305344228599e-01
-3.700000000000347455e-01 3.793898266440421940e-01
-3.650000000000348521e-01 4.358951776237905973e-01
-3.600000000000349587e-01 4.947565381366900161e-01
-3.550000000000350653e-01 5.550613795467224110e-01
-3.500000000000351719e-01 6.157739243192498213e-01
-3.450000000000352784e-01 6.757610581555171247e-01
-3.400000000000353850e-01 7.338241717078319848e-01
-3.350000000000354916e-01 7.887358126093513278e-01
-3.300000000000355982e-01 8.392797009195837044e-01
-3.250000000000357048e-01 8.842924009839081556e-01
-3.200000000000358114e-01 9.227047706977884456e-01
-3.150000000000359179e-01 9.535812405783561374e-01
-3.100000000000360245e-01 9.761550185521703504e-01
-3.050000000000361311e-01 9.898574730687350609e-01
-3.000000000000362377e-01 9.943402102316434288e-01
-2.950000000000363443e-01 9.894887156693669139e-01
-2.900000000000364508e-01 9.754268577103547555e-01
-2.850000000000365574e-01 9.525120187231741475e-01
-2.800000000000366640e-01 9.213211065687886281e-01
-2.750000000000367706e-01 8.826281672219824515e-01
-2.700000000000368772e-01 8.373747431771021432e-01
-2.650000000000369837e-01 7.866344740692138293e-01
-2.600000000000370903e-01 7.315736951150292322e-01
-2.550000000000371969e-01 6.734099413563083836e-01
-2.500000000000373035e-01 6.133703047634840866e-01
-2.450000000000374101e-01 5.526515184333403718e-01
-2.400000000000375167e-01 4.923834663448216076e-01
-2.350000000000376232e-01 4.335975539787034760e-01
-2.300000000000377298e-01 3.772010452957409443e-01
-2.250000000000378364e-01 3.239580992524825898e-01
-2.200000000000379430e-01 2.744778498325918803e-01
-2.150000000000380496e-01 2.292094926244794273e-01
-2.100000000000381561e-01 1.884439911537493240e-01
-2.050000000000382627e-01 1.523217165864056977e-01
-2.000000000000383693e-01 1.208450992984461264e-01
-1.950000000000384759e-01 9.389520890323063695e-02
-1.900000000000385825e-01 7.125109372526040874e-02
-1.850000000000386891e-01 5.261069912522038650e-02
-1.800000000000387956e-01 3.761223954252390644e-02
-1.750000000000389022e-01 2.585501093470840561e-02
-1.700000000000390088e-01 1.691878520236631683e-02
-1.650000000000391154e-01 1.038111160655306314e-02
-1.600000000000392220e-01 5.832047387902153032e-03
-1.550000000000393285e-01 2.886036986037708325e-03
-1.500000000000394351e-01 1.190844430268852162e-03
-1.450000000000395417e-01 4.336070360012144582e-04
-1.400000000000396483e-01 3.442136702783215132e-04
-1.350000000000397549e-01 6.963135813523794841e-04
-1.300000000000398614e-01 1.306330886037959660e-03
-1.250000000000399680e-01 2.030896445933247710e-03
-1.200000000000400746e-01 2.763116161383425209e-03
-1.150000000000401812e-01 3.428077210983552971e-03
-1.100000000000402878e-01 3.977956869674293891e-03
-1.050000000000403944e-01 4.387047991615160465e-03
-1.000000000000405009e-01 4.646956658768045152e-03
-9.500000000004060752e-02 4.762165984786323296e-03
-9.000000000004071410e-02 4.746099967922900835e-03
-8.500000000004082068e-02 4.617766015176569781e-03
-8.000000000004092726e-02 4.399006727719772039e-03
-7.500000000004103384e-02 4.112352190722242361e-03
-7.000000000004114042e-02 3.779433918843987886e-03
-6.500000000004124701e-02 3.419900605478064844e-03
-6.000000000004135359e-02 3.050763172734964092e-03
-5.500000000004146017e-02 2.686091187463948270e-03
-5.000000000004156675e-02 2.336983133593258360e-03
-4.500000000004167333e-02 2.011737867072059538e-03
-4.000000000004177991e-02 1.716162418575395724e-03
-3.500000000004188649e-02 1.453960870846016410e-03
-3.000000000004199308e-02 1.227159230697553094e-03
-2.500000000004209966e-02 1.036531170481362792e-03
-2.000000000004220624e-02 8.819985918122996271e-04
-1.500000000004231282e-02 7.629887502411302142e-04
-1.000000000004241940e-02 6.787359603116634946e-04
-5.000000000042525983e-03 6.285206369657093776e-04
-4.263256414560601115e-14 6.118417249365814799e-04
4.999999999957260854e-03 6.285206369650500743e-04
9.999999999957154273e-03 6.787359603099143513e-04
1.499999999995704769e-02 7.629887502379730175e-04
1.999999999995694111e-02 8.819985918079695404e-04
2.499999999995683453e-02 1.036531170476143659e-03
2.999999999995672795e-02 1.227159230691783403e-03
3.499999999995662137e-02 1.453960870839842530e-03
3.999999999995651478e-02 1.716162418568537495e-03
4.499999999995640820e-02 2.011737867064248078e-03
4.999999999995630162e-02 2.336983133584231292e-03
5.499999999995619504e-02 2.686091187453664830e-03
5.999999999995608846e-02 3.050763172723626373e-03
6.499999999995598188e-02 3.419900605466508550e-03
6.999999999995587530e-02 3.779433918833023133e-03
7.499999999995576871e-02 4.112352190712252956e-03
7.999999999995566213e-02 4.399006727711219852e-03
8.499999999995555555e-02 4.617766015169656908e-03
8.999999999995544897e-02 4.746099967917942995e-03
9.499999999995534239e-02 4.762165984783502636e-03
9.999999999995523581e-02 4.646956658768142297e-03
1.049999999999551292e-01 4.387047991618747006e-03
1.099999999999550226e-01 3.977956869680948290e-03
1.149999999999549161e-01 3.428077210993231861e-03
1.199999999999548095e-01 2.763116161396027542e-03
1.249999999999547029e-01 2.030896445947090803e-03
1.299999999999545963e-01 1.306330886051236366e-03
1.349999999999544897e-01 6.963135813632280111e-04
1.399999999999543832e-01 3.442136702842529664e-04
1.449999999999542766e-01 4.336070359986118308e-04
1.499999999999541700e-01 1.190844430252454471e-03
1.549999999999540634e-01 2.886036986002562827e-03
1.599999999999539568e-01 5.832047387843410959e-03
1.649999999999538502e-01 1.038111160646414469e-02
1.699999999999537437e-01 1.691878520224017815e-02
1.749999999999536371e-01 2.585501093453809740e-02
1.799999999999535305e-01 3.761223954230265981e-02
1.849999999999534239e-01 5.261069912494115153e-02
1.899999999999533173e-01 7.125109372491643389e-02
1.949999999999532108e-01 9.389520890281502496e-02
1.999999999999531042e-01 1.208450992979535621e-01
2.049999999999529976e-01 1.523217165858328781e-01
2.099999999999528910e-01 1.884439911530959855e-01
2.149999999999527844e-01 2.292094926237472630e-01
2.199999999999526779e-01 2.744778498317830828e-01
2.249999999999525713e-01 3.239580992516027380e-01
2.299999999999524647e-01 3.772010452948004189e-01
2.349999999999523581e-01 4.335975539777152110e-01
2.399999999999522515e-01 4.923834663438012016e-01
2.449999999999521449e-01 5.526515184323032015e-01
2.499999999999520384e-01 6.133703047624471383e-01
2.549999999999519318e-01 6.734099413552917524e-01
2.599999999999518252e-01 7.315736951140542343e-01
2.649999999999517186e-01 7.866344740683006709e-01
2.699999999999516120e-01 8.373747431762702531e-01
2.749999999999515055e-01 8.826281672212512586e-01
2.799999999999513989e-01 9.213211065681796708e-01
2.849999999999512923e-01 9.525120187227020807e-01
2.899999999999511857e-01 9.754268577100235760e-01
2.949999999999510791e-01 9.894887156691840602e-01
2.999999999999509726e-01 9.943402102316216684e-01
3.049999999999508660e-01 9.898574730688768364e-01
3.099999999999507594e-01 9.761550185524627832e-01
3.149999999999506528e-01 9.535812405787902346e-01
3.199999999999505462e-01 9.227047706983607656e-01
3.249999999999504396e-01 8.842924009846063749e-01
3.299999999999503331e-01 8.392797009203859515e-01
3.349999999999502265e-01 7.887358126102370637e-01
3.399999999999501199e-01 7.338241717087820026e-01
3.449999999999500133e-01 6.757610581565106633e-01
3.499999999999499067e-01 6.157739243202667856e-01
3.549999999999498002e-01 5.550613795477437051e-01
3.599999999999496936e-01 4.947565381376989868e-01
3.649999999999495870e-01 4.358951776247703691e-01
3.699999999999494804e-01 3.793898266449757251e-01
3.749999999999493738e-01 3.260105305352972160e-01
3.799999999999492672e-01 2.763726538245956932e-01
3.849999999999491607e-01 2.309316970850809614e-01
3.899999999999490541e-01 1.899847542203435824e-01
3.949999999999489475e-01 1.536779344400741043e-01
3.999999999999488409e-01 1.220188353578307433e-01
4.049999999999487343e-01 9.489298880891212928e-02
4.099999999999486278e-01 7.208311242272048835e-02
4.149999999999485212e-01 5.328998561381170784e-02
4.199999999999484146e-01 3.815382167103183869e-02
4.249999999999483080e-01 2.627511745648980143e-02
4.299999999999482014e-01 1.723411569881063560e-02
4.349999999999480949e-01 1.060819742186067463e-02
4.399999999999479883e-01 5.986718952639140563e-03
4.449999999999478817e-01 2.983005351631858992e-03
4.499999999999477751e-01 1.243397920330719438e-03
4.549999999999476685e-01 4.534179709258932454e-04
4.599999999999475619e-01 3.412453565113975009e-04
4.649999999999474554e-01 6.788142833209965697e-04
4.699999999999473488e-01 1.280899322701479961e-03
4.749999999999472422e-01 2.002602393962144619e-03
4.799999999999471356e-01 2.735659854105483482e-03
4.849999999999470290e-01 3.403972200801055805e-03
4.899999999999469225e-01 3.958722650606070342e-03
4.949999999999468159e-01 4.373400731085107761e-03
4.999999999999467093e-01 4.638988647807026043e-03
5.049999999999466027e-01 4.759506691419171202e-03
5.099999999999464961e-01 4.748053710679260575e-03
5.149999999999463896e-01 4.623423141558283961e-03
5.199999999999462830e-01 4.407326705078318252e-03
5.249999999999461764e-01 4.122218152129403235e-03
5.299999999999460698e-01 3.789678947627614283e-03
5.349999999999459632e-01 3.429306414002506777e-03
5.399999999999458566e-01 3.058031885338543913e-03
5.449999999999457501e-01 2.689790748064629835e-03
5.499999999999456435e-01 2.335466517506146460e-03
5.549999999999455369e-01 2.003035891353900210e-03
5.599999999999454303e-01 1.697849635626182303e-03
5.649999999999453237e-01 1.422993926296568746e-03
5.699999999999452172e-01 1.179687306775347539e-03
5.749999999999451106e-01 9.676788621857375459e-04
5.799999999999450040e-01 7.856229159540370445e-04
5.849999999999448974e-01 6.314140973452192973e-04
5.899999999999447908e-01 5.024737750144151914e-04
5.949999999999446842e-01 3.959845236414750113e-04
5.999999999999445777e-01 3.090735318587843768e-04
6.049999999999444711e-01 2.389487991537748697e-04
6.099999999999443645e-01 1.829937893288803347e-04
6.149999999999442579e-01 1.388271156486325475e-04
6.199999999999441513e-01 1.043340382888165423e-04
6.249999999999440448e-01 7.767625539983716331e-05
6.299999999999439382e-01 5.728583873259258588e-05
6.349999999999438316e-01 4.184834783364662730e-05
6.399999999999437250e-01 3.027926673955524416e-05
6.449999999999436184e-01 2.169702739623437213e-05
6.499999999999435119e-01 1.539507133822560743e-05
6.549999999999434053e-01 1.081468944639062367e-05
6.599999999999432987e-01 7.519784781588487303e-06
6.649999999999431921e-01 5.174228019174767082e-06
6.699999999999430855e-01 3.522112031547333884e-06
6.749999999999429789e-01 2.370949068650731096e-06
6.799999999999428724e-01 1.577675231619540426e-06
6.849999999999427658e-01 1.037216194003984738e-06
6.899999999999426592e-01 6.733097632895838614e-07
6.949999999999425526e-01 4.312608826055826934e-07
6.999999999999424460e-01 2.723111515319080779e-07
7.049999999999423395e-01 1.693282672749228949e-07
7.099999999999422329e-01 1.035535177574177981e-07
7.149999999999421263e-01 6.218213358326233461e-08
7.199999999999420197e-01 3.658813974351190018e-08
7.249999999999419131e-01 2.103990828198933398e-08
7.299999999999418065e-01 1.178351116639410797e-08
7.349999999999417000e-01 6.397583446456355786e-09
7.399999999999415934e-01 3.345633198106976429e-09
7.449999999999414868e-01 1.669817465636364839e-09
7.499999999999413802e-01 7.845761169955127981e-10
7.549999999999412736e-01 3.396997343316945034e-10
7.599999999999411671e-01 1.309408516096083001e-10
7.649999999999410605e-01 4.266805186636909450e-11
7.699999999999409539e-01 1.176274768727843032e-11
7.749999999999408473e-01 5.355830976520756579e-12
7.799999999999407407e-01 7.414905637770270221e-12
7.849999999999406342e-01 1.087802762268618851e-11
7.899999999999405276e-01 1.318611819857676319e-11
7.949999999999404210e-01 1.384538567639227963e-11
7.999999999999403144e-01 1.316641496747684795e-11
8.049999999999402078e-01 1.166071848027620581e-11
8.099999999999401012e-01 9.787613760110615579e-12
8.149999999999399947e-01 7.875762654824712951e-12
8.199999999999398881e-01 6.123066951937766244e-12
8.249999999999397815e-01 4.625050947243343576e-12
8.299999999999396749e-01 3.408016529775277998e-12
8.349999999999395683e-01 2.457277982991010063e-12
8.399999999999394618e-01 1.737793157540287871e-12
8.449999999999393552e-01 1.207636826552105542e-12
8.499999999999392486e-01 8.258658877460807219e-13
8.549999999999391420e-01 5.564615869885516033e-13
8.599999999999390354e-01 3.697740082098782830e-13
8.649999999999389289e-01 2.425281577920495188e-13
8.699999999999388223e-01 1.571096256274661332e-13
8.749999999999387157e-01 1.005775463154386412e-13
8.799999999999386091e-01 6.365915110546392361e-14
8.849999999999385025e-01 3.985235306702851504e-14
8.899999999999383959e-01 2.468454549165176663e-14
8.949999999999382894e-01 1.513199048909980942e-14
8.999999999999381828e-01 9.182662756754052240e-15
9.049999999999380762e-01 5.517310516736117604e-15
9.099999999999379696e-01 3.282779009743510405e-15
9.149999999999378630e-01 1.934490909395786818e-15
9.199999999999377565e-01 1.129133593470046491e-15
9.249999999999376499e-01 6.528427351326118319e-16
9.299999999999375433e-01 3.739179724816499514e-16
9.349999999999374367e-01 2.121572157664955287e-16
9.399999999999373301e-01 1.192481424523305941e-16
9.449999999999372235e-01 6.639660378083276337e-17
9.499999999999371170e-01 3.661995564135976679e-17
9.549999999999370104e-01 2.000476669831452423e-17
9.599999999999369038e-01 1.082298293539616292e-17
9.649999999999367972e-01 5.798283348295229130e-18
9.699999999999366906e-01 3.075515142284522964e-18
9.749999999999365841e-01 1.614780356353880268e-18
9.799999999999364775e-01 8.390338135145375071e-19
9.849999999999363709e-01 4.313090577956570967e-19
9.899999999999362643e-01 2.192752156971963344e-19
9.949999999999361577e-01 1.102053984085639135e-19
9.999999999999360512e-01 5.472872188431048918e-20
1.004999999999935945e+00 5.337746492594519011e-20
1.009999999999935838e+00 5.205957062121931662e-20
1.014999999999935731e+00 5.077421524281447933e-20
1.019999999999935625e+00 4.952059540177731107e-20
1.024999999999935518e+00 4.829792754489840702e-20
1.029999999999935412e+00 4.710544746496596815e-20
1.034999999999935305e+00 4.594240982311152820e-20
1.039999999999935199e+00 4.480808768294884787e-20
1.044999999999935092e+00 4.370177205621499827e-20
1.049999999999934985e+00 4.262277145962964325e-20
1.054999999999934879e+00 4.157041148269546955e-20
1.059999999999934772e+00 4.054403436616967722e-20
1.064999999999934666e+00 3.954299859094301482e-20
1.069999999999934559e+00 3.856667847706948867e-20
1.074999999999934452e+00 3.761446379269603204e-20
1.079999999999934346e+00 3.668575937264766167e-20
1.084999999999934239e+00 3.577998474642997422e-20
1.089999999999934133e+00 3.489657377541611387e-20
1.094999999999934026e+00 3.403497429899175155e-20
1.099999999999933920e+00 3.319464778943660606e-20
1.104999999999933813e+00 3.237506901532730240e-20
1.109999999999933706e+00 3.157572571325053358e-20
1.114999999999933600e+00 3.079611826762160689e-20
1.119999999999933493e+00 3.003575939840863169e-20
1.124999999999933387e+00 2.929417385656655385e-20
1.129999999999933280e+00 2.857089812699111604e-20
1.134999999999933173e+00 2.786548013880667502e-20
1.139999999999933067e+00 2.717747898280731393e-20
1.144999999999932960e+00 2.650646463587418739e-20
1.149999999999932854e+00 2.585201769219710496e-20
1.154999999999932747e+00 2.521372910113221909e-20
1.159999999999932641e+00 2.459119991153204748e-20
1.164999999999932534e+00 2.398404102238804676e-20
1.169999999999932427e+00 2.339187293962981244e-20
1.174999999999932321e+00 2.281432553892889816e-20
1.179999999999932214e+00 2.225103783435911400e-20
1.184999999999932108e+00 2.170165775276853115e-20
1.189999999999932001e+00 2.116584191372232325e-20
1.194999999999931894e+00 2.064325541487879749e-20
1.199999999999931788e+00 2.013357162266450765e-20
1.204999999999931681e+00 1.963647196811774752e-20
1.209999999999931575e+00 1.915164574777246492e-20
1.214999999999931468e+00 1.867878992945850294e-20
1.219999999999931362e+00 1.821760896289663652e-20
1.224999999999931255e+00 1.776781459497006177e-20
1.229999999999931148e+00 1.732912568955677629e-20
1.234999999999931042e+00 1.690126805181036112e-20
1.239999999999930935e+00 1.648397425677926905e-20
1.244999999999930829e+00 1.607698348225755242e-20
1.249999999999930722e+00 1.568004134576245263e-20
1.254999999999930616e+00 1.529289974553710197e-20
1.259999999999930509e+00 1.491531670547882432e-20
1.264999999999930402e+00 1.454705622389622682e-20
1.269999999999930296e+00 1.418788812600041079e-20
1.274999999999930189e+00 1.383758792003828478e-20
1.279999999999930083e+00 1.349593665697787767e-20
1.284999999999929976e+00 1.316272079365808987e-20
1.289999999999929869e+00 1.283773205931725229e-20
1.294999999999929763e+00 1.252076732541711701e-20
1.299999999999929656e+00 1.221162847868090453e-20
1.304999999999929550e+00 1.191012229726609840e-20
1.309999999999929443e+00 1.161606032999446710e-20
1.314999999999929337e+00 1.132925877856392346e-20
1.319999999999929230e+00 1.104953838266863913e-20
1.324999999999929123e+00 1.077672430795550618e-20
1.329999999999929017e+00 1.051064603674698944e-20
1.334999999999928910e+00 1.025113726146199144e-20
1.339999999999928804e+00 9.998035780668231425e-21
1.344999999999928697e+00 9.751183397701059833e-21
1.349999999999928590e+00 9.510425821785403951e-21
1.354999999999928484e+00 9.275612571598983259e-21
1.359999999999928377e+00 9.046596881216621165e-21
1.364999999999928271e+00 8.823235608376725710e-21
1.369999999999928164e+00 8.605389145012752660e-21
1.374999999999928058e+00 8.392921329993589872e-21
1.379999999999927951e+00 8.185699364018437362e-21
1.384999999999927844e+00 7.983593726612919074e-21
1.389999999999927738e+00 7.786478095174555625e-21
1.394999999999927631e+00 7.594229266017040896e-21
1.399999999999927525e+00 7.406727077363913292e-21
1.404999999999927418e+00 7.223854334243554710e-21
1.409999999999927311e+00 7.045496735238516986e-21
1.414999999999927205e+00 6.871542801043377802e-21
1.419999999999927098e+00 6.701883804786581420e-21
1.424999999999926992e+00 6.536413704072604288e-21
1.429999999999926885e+00 6.375029074701987065e-21
1.434999999999926779e+00 6.217629046027861661e-21
1.439999999999926672e+00 6.064115237908498681e-21
1.444999999999926565e+00 5.914391699216524609e-21
1.449999999999926459e+00 5.768364847866343554e-21
1.454999999999926352e+00 5.625943412322281638e-21
1.459999999999926246e+00 5.487038374550915537e-21
1.464999999999926139e+00 5.351562914381899039e-21
1.469999999999926033e+00 5.219432355242520074e-21
1.474999999999925926e+00 5.090564111232104638e-21
1.479999999999925819e+00 4.964877635503127315e-21
1.484999999999925713e+00 4.842294369916816481e-21
1.489999999999925606e+00 4.722737695941760705e-21
1.494999999999925500e+00 4.606132886764820346e-21
1.499999999999925393e+00 4.492407060584447283e-21
1.504999999999925286e+00 4.381489135057195836e-21
1.509999999999925180e+00 4.273309782868929360e-21
1.514999999999925073e+00 4.167801388402992171e-21
1.519999999999924967e+00 4.064898005478250579e-21
1.524999999999924860e+00 3.964535316130586989e-21
1.529999999999924754e+00 3.866650590412079439e-21
1.534999999999924647e+00 3.771182647182733975e-21
1.539999999999924540e+00 3.678071815870285707e-21
1.544999999999924434e+00 3.587259899174150906e-21
1.549999999999924327e+00 3.498690136690215870e-21
1.554999999999924221e+00 3.412307169433736565e-21
1.559999999999924114e+00 3.328057005238175284e-21
1.564999999999924007e+00 3.245886985008335823e-21
1.569999999999923901e+00 3.165745749806710482e-21
1.574999999999923794e+00 3.087583208752479992e-21
1.579999999999923688e+00 3.011350507713079115e-21
1.584999999999923581e+00 2.936999998768774113e-21
1.589999999999923475e+00 2.864485210431160525e-21
1.594999999999923368e+00 2.793760818596971235e-21
1.599999999999923261e+00 2.724782618219029364e-21
1.604999999999923155e+00 2.657507495676674478e-21
1.609999999999923048e+00 2.591893401828327599e-21
1.614999999999922942e+00 2.527899325729411224e-21
1.619999999999922835e+00 2.465485268999178713e-21
1.624999999999922728e+00 2.404612220820426070e-21
1.629999999999922622e+00 2.345242133556452987e-21
1.634999999999922515e+00 2.287337898970060570e-21
1.639999999999922409e+00 2.230863325029690987e-21
1.644999999999922302e+00 2.175783113288225094e-21
1.649999999999922196e+00 2.122062836820313280e-21
1.654999999999922089e+00 2.069668918704419488e-21
1.659999999999921982e+00 2.018568611036154830e-21
1.664999999999921876e+00 1.968729974459771360e-21
1.669999999999921769e+00 1.920121858205021010e-21
1.674999999999921663e+00 1.872713880616918657e-21
1.679999999999921556e+00 1.826476410166209428e-21
1.684999999999921450e+00 1.781380546928705510e-21
1.689999999999921343e+00 1.737398104521888399e-21
1.694999999999921236e+00 1.694501592487503096e-21
1.699999999999921130e+00 1.652664199109126789e-21
1.704999999999921023e+00 1.611859774653977385e-21
1.709999999999920917e+00 1.572062815028474813e-21
1.714999999999920810e+00 1.533248445837351408e-21
1.719999999999920703e+00 1.495392406836346773e-21
1.724999999999920597e+00 1.458471036768767372e-21
1.729999999999920490e+00 1.422461258576428290e-21
1.734999999999920384e+00 1.387340564975741704e-21
1.739999999999920277e+00 1.353087004389931453e-21
1.744999999999920171e+00 1.319679167228583216e-21
1.749999999999920064e+00 1.287096172505953754e-21
1.754999999999919957e+00 1.255317654789676242e-21
1.759999999999919851e+00 1.224323751471697565e-21
1.764999999999919744e+00 1.194095090353507834e-21
1.769999999999919638e+00 1.164612777537882201e-21
1.774999999999919531e+00 1.135858385619579110e-21
1.779999999999919424e+00 1.107813942167615686e-21
1.784999999999919318e+00 1.080461918491909877e-21
1.789999999999919211e+00 1.053785218687280774e-21
1.794999999999919105e+00 1.027767168947950675e-21
1.799999999999918998e+00 1.002391507145870408e-21
1.804999999999918892e+00 9.776423726663682581e-22
1.809999999999918785e+00 9.535042964947432459e-22
1.814999999999918678e+00 9.299621915476247283e-22
1.819999999999918572e+00 9.070013432430611717e-22
1.824999999999918465e+00 8.846074003034222584e-22
1.829999999999918359e+00 8.627663657853875060e-22
1.834999999999918252e+00 8.414645883313961411e-22
1.839999999999918145e+00 8.206887536371076021e-22
1.844999999999918039e+00 8.004258761295279330e-22
1.849999999999917932e+00 7.806632908506013046e-22
1.854999999999917826e+00 7.613886455412027277e-22
1.859999999999917719e+00 7.425898929205702450e-22
1.864999999999917613e+00 7.242552831563647832e-22
1.869999999999917506e+00 7.063733565206415851e-22
1.874999999999917399e+00 6.889329362271470050e-22
1.879999999999917293e+00 6.719231214454639150e-22
1.884999999999917186e+00 6.553332804876373982e-22
1.889999999999917080e+00 6.391530441630239329e-22
1.894999999999916973e+00 6.233722992972086497e-22
1.899999999999916866e+00 6.079811824109432931e-22
1.904999999999916760e+00 5.929700735551511817e-22
1.909999999999916653e+00 5.783295902981452402e-22
1.914999999999916547e+00 5.640505818613006230e-22
1.919999999999916440e+00 5.501241233995232274e-22
1.924999999999916334e+00 5.365415104229302491e-22
1.929999999999916227e+00 5.232942533562591791e-22
1.934999999999916120e+00 5.103740722326089096e-22
1.939999999999916014e+00 4.977728915181894031e-22
1.944999999999915907e+00 4.854828350648511708e-22
1.949999999999915801e+00 4.734962211872352081e-22
1.954999999999915694e+00 4.618055578614708325e-22
1.959999999999915588e+00 4.504035380424159204e-22
1.964999999999915481e+00 4.392830350965166988e-22
1.969999999999915374e+00 4.284370983474286674e-22
1.974999999999915268e+00 4.178589487316182285e-22
1.979999999999915161e+00 4.075419745612278485e-22
1.984999999999915055e+00 3.974797273915549964e-22
1.989999999999914948e+00 3.876659179905646041e-22
1.994999999999914841e+00 3.780944124079144577e-22
