-2.000000000000000000e+00 1.286270675927838397e-16
-1.995000000000000107e+00 1.332253299619538303e-16
-1.990000000000000213e+00 1.379002120738337901e-16
-1.985000000000000320e+00 1.426540581645611720e-16
-1.980000000000000426e+00 1.474892642288472133e-16
-1.975000000000000533e+00 1.524082795327463061e-16
-1.970000000000000639e+00 1.574136081647136681e-16
-1.965000000000000746e+00 1.625078106258954081e-16
-1.960000000000000853e+00 1.676935054606173167e-16
-1.955000000000000959e+00 1.729733709280639544e-16
-1.950000000000001066e+00 1.783501467161648557e-16
-1.945000000000001172e+00 1.838266356987325466e-16
-1.940000000000001279e+00 1.894057057369204193e-16
-1.935000000000001386e+00 1.950902915260999143e-16
-1.930000000000001492e+00 2.008833964892812609e-16
-1.925000000000001599e+00 2.067880947182336033e-16
-1.920000000000001705e+00 2.128075329634875595e-16
-1.915000000000001812e+00 2.189449326744356728e-16
-1.910000000000001918e+00 2.252035920907761720e-16
-1.905000000000002025e+00 2.315868883865773527e-16
-1.900000000000002132e+00 2.380982798682732723e-16
-1.895000000000002238e+00 2.418728141640947927e-16
-1.890000000000002345e+00 2.457836699840705338e-16
-1.885000000000002451e+00 2.498341493260639025e-16
-1.880000000000002558e+00 2.540276437250132630e-16
-1.875000000000002665e+00 2.583676361513232897e-16
-1.870000000000002771e+00 2.628577029699606944e-16
-1.865000000000002878e+00 2.675015159614872202e-16
-1.860000000000002984e+00 2.723028444062956778e-16
-1.855000000000003091e+00 2.772655572333541457e-16
-1.850000000000003197e+00 2.823936252348056096e-16
-1.845000000000003304e+00 2.876911233478041896e-16
-1.840000000000003411e+00 2.931622330050188980e-16
-1.835000000000003517e+00 2.988112445552696962e-16
-1.830000000000003624e+00 3.046425597558088352e-16
-1.825000000000003730e+00 3.106606943378015860e-16
-1.820000000000003837e+00 3.168702806466074508e-16
-1.815000000000003944e+00 3.232760703585051026e-16
-1.810000000000004050e+00 3.298829372755563636e-16
-1.805000000000004157e+00 3.366958802003473302e-16
-1.800000000000004263e+00 3.437200258923975062e-16
-1.795000000000004370e+00 3.503267614942987408e-16
-1.790000000000004476e+00 3.571834953746448151e-16
-1.785000000000004583e+00 3.642943894452798129e-16
-1.780000000000004690e+00 3.716637424960454158e-16
-1.775000000000004796e+00 3.792959928545699048e-16
-1.770000000000004903e+00 3.871957211474697679e-16
-1.765000000000005009e+00 3.953676531646390592e-16
-1.760000000000005116e+00 4.038166628283529308e-16
-1.755000000000005222e+00 4.125477752689739335e-16
-1.750000000000005329e+00 4.215661700091000669e-16
-1.745000000000005436e+00 4.308771842580612084e-16
-1.740000000000005542e+00 4.404863163187206882e-16
-1.735000000000005649e+00 4.503992291086060335e-16
-1.730000000000005755e+00 4.606217537974506325e-16
-1.725000000000005862e+00 4.711598935632936509e-16
-1.720000000000005969e+00 4.820198274693438028e-16
-1.715000000000006075e+00 4.932079144638835834e-16
-1.710000000000006182e+00 5.047306975055543617e-16
-1.705000000000006288e+00 5.165949078164236292e-16
-1.700000000000006395e+00 5.288074692653193142e-16
-1.695000000000006501e+00 5.401210567238485269e-16
-1.690000000000006608e+00 5.517651653656541610e-16
-1.685000000000006715e+00 5.637431319313753470e-16
-1.680000000000006821e+00 5.760584865248060202e-16
-1.675000000000006928e+00 5.887149545904243553e-16
-1.670000000000007034e+00 6.017164590153837443e-16
-1.665000000000007141e+00 6.150671223570001062e-16
-1.660000000000007248e+00 6.287712691968608381e-16
-1.655000000000007354e+00 6.428334286228026960e-16
-1.650000000000007461e+00 6.572583368400929626e-16
-1.645000000000007567e+00 6.720509399132701402e-16
-1.640000000000007674e+00 6.872163966402008867e-16
-1.635000000000007780e+00 7.027600815600201563e-16
-1.630000000000007887e+00 7.186875880967317508e-16
-1.625000000000007994e+00 7.350047318403550513e-16
-1.620000000000008100e+00 7.517175539676214428e-16
-1.615000000000008207e+00 7.688323248043279699e-16
-1.610000000000008313e+00 7.863555475315783340e-16
-1.605000000000008420e+00 8.042939620382561215e-16
-1.600000000000008527e+00 8.226545489221850995e-16
-1.595000000000008633e+00 8.516852497060040718e-16
-1.590000000000008740e+00 8.811704318992290736e-16
-1.585000000000008846e+00 9.111275596483168567e-16
-1.580000000000008953e+00 9.415743964446055080e-16
-1.575000000000009059e+00 9.725290148364330715e-16
-1.570000000000009166e+00 1.004009806303333066e-15
-1.565000000000009273e+00 1.036035491298356574e-15
-1.560000000000009379e+00 1.068625129464713957e-15
-1.555000000000009486e+00 1.101798130033035935e-15
-1.550000000000009592e+00 1.135574262405704747e-15
-1.545000000000009699e+00 1.169973666934816155e-15
-1.540000000000009805e+00 1.205016865900483912e-15
-1.535000000000009912e+00 1.240724774696334406e-15
-1.530000000000010019e+00 1.277118713229181180e-15
-1.525000000000010125e+00 1.314220417540028191e-15
-1.520000000000010232e+00 1.352052051653705461e-15
-1.515000000000010338e+00 1.390636219664585752e-15
-1.510000000000010445e+00 1.429995978066027519e-15
-1.505000000000010552e+00 1.470154848331328395e-15
-1.500000000000010658e+00 1.511136829754169560e-15
-1.495000000000010765e+00 1.534639273455626651e-15
-1.490000000000010871e+00 1.559114129415719770e-15
-1.485000000000010978e+00 1.584579877336228163e-15
-1.480000000000011084e+00 1.611055749905030977e-15
-1.475000000000011191e+00 1.638561742641786928e-15
-1.470000000000011298e+00 1.667118624289044642e-15
-1.465000000000011404e+00 1.696747947754924528e-15
-1.460000000000011511e+00 1.727472061613830408e-15
-1.455000000000011617e+00 1.759314122171965635e-15
-1.450000000000011724e+00 1.792298106104814588e-15
-1.445000000000011831e+00 1.826448823674060248e-15
-1.440000000000011937e+00 1.861791932531804380e-15
-1.435000000000012044e+00 1.898353952120288756e-15
-1.430000000000012150e+00 1.936162278675711069e-15
-1.425000000000012257e+00 1.975245200845074321e-15
-1.420000000000012363e+00 2.015631915925417094e-15
-1.415000000000012470e+00 2.057352546735135580e-15
-1.410000000000012577e+00 2.100438159127513335e-15
-1.405000000000012683e+00 2.144920780156955721e-15
-1.400000000000012790e+00 2.190833416908867002e-15
-1.395000000000012896e+00 2.271865967647423028e-15
-1.390000000000013003e+00 2.354381991966876209e-15
-1.385000000000013110e+00 2.438423391357531869e-15
-1.380000000000013216e+00 2.524032964281860843e-15
-1.375000000000013323e+00 2.611254434184083109e-15
-1.370000000000013429e+00 2.700132478099253754e-15
-1.365000000000013536e+00 2.790712755879089079e-15
-1.360000000000013642e+00 2.883041940052230136e-15
-1.355000000000013749e+00 2.977167746337056747e-15
-1.350000000000013856e+00 3.073138964825564973e-15
-1.345000000000013962e+00 3.171005491857206011e-15
-1.340000000000014069e+00 3.270818362602085372e-15
-1.335000000000014175e+00 3.372629784373291602e-15
-1.330000000000014282e+00 3.476493170688630246e-15
-1.325000000000014388e+00 3.582463176102498254e-15
-1.320000000000014495e+00 3.690595731829116434e-15
-1.315000000000014602e+00 3.800948082178848725e-15
-1.310000000000014708e+00 3.913578821829823019e-15
-1.305000000000014815e+00 4.028547933957680386e-15
-1.300000000000014921e+00 4.145916829246690597e-15
-1.295000000000015028e+00 4.267935955927434998e-15
-1.290000000000015135e+00 4.392268504006638886e-15
-1.285000000000015241e+00 4.518999203637907414e-15
-1.280000000000015348e+00 4.648214291867748758e-15
-1.275000000000015454e+00 4.780001566755180886e-15
-1.270000000000015561e+00 4.914450442538574838e-15
-1.265000000000015667e+00 5.051652005885613501e-15
-1.260000000000015774e+00 5.191699073263058155e-15
-1.255000000000015881e+00 5.334686249463762925e-15
-1.250000000000015987e+00 5.480709987329136151e-15
-1.245000000000016094e+00 5.629868648706157239e-15
-1.240000000000016200e+00 5.782262566678720994e-15
-1.235000000000016307e+00 5.937994109114114061e-15
-1.230000000000016414e+00 6.097167743566204327e-15
-1.225000000000016520e+00 6.259890103577817916e-15
-1.220000000000016627e+00 6.426270056425757406e-15
-1.215000000000016733e+00 6.596418772352866233e-15
-1.210000000000016840e+00 6.770449795332416752e-15
-1.205000000000016946e+00 6.948479115411270085e-15
-1.200000000000017053e+00 7.130625242679124412e-15
-1.195000000000017160e+00 7.256967139323541308e-15
-1.190000000000017266e+00 7.387791478954423855e-15
-1.185000000000017373e+00 7.523180698548365750e-15
-1.180000000000017479e+00 7.663220022875462592e-15
-1.175000000000017586e+00 7.807997510023973011e-15
-1.170000000000017693e+00 7.957604098815835199e-15
-1.165000000000017799e+00 8.112133658139836474e-15
-1.160000000000017906e+00 8.271683038230257400e-15
-1.155000000000018012e+00 8.436352123919531458e-15
-1.150000000000018119e+00 8.606243889894766040e-15
-1.145000000000018225e+00 8.781464457988846156e-15
-1.140000000000018332e+00 8.962123156537967162e-15
-1.135000000000018439e+00 9.148332581838626140e-15
-1.130000000000018545e+00 9.340208661738076539e-15
-1.125000000000018652e+00 9.537870721393576017e-15
-1.120000000000018758e+00 9.741441551236757688e-15
-1.115000000000018865e+00 9.951047477180829158e-15
-1.110000000000018971e+00 1.016681843310940816e-14
-1.105000000000019078e+00 1.038888803568713832e-14
-1.100000000000019185e+00 1.061739366153347665e-14
-1.095000000000019291e+00 1.091070254160458165e-14
-1.090000000000019398e+00 1.121029357192985939e-14
-1.085000000000019504e+00 1.151636680864491722e-14
-1.080000000000019611e+00 1.182912628858904621e-14
-1.075000000000019718e+00 1.214878015195815249e-14
-1.070000000000019824e+00 1.247554076701416841e-14
-1.065000000000019931e+00 1.280962485691812632e-14
-1.060000000000020037e+00 1.315125362875562498e-14
-1.055000000000020144e+00 1.350065290482478379e-14
-1.050000000000020250e+00 1.385805325625815252e-14
-1.045000000000020357e+00 1.422369013905144818e-14
-1.040000000000020464e+00 1.459780403257361920e-14
-1.035000000000020570e+00 1.498064058063400543e-14
-1.030000000000020677e+00 1.537245073518429981e-14
-1.025000000000020783e+00 1.577349090273419001e-14
-1.020000000000020890e+00 1.618402309356177648e-14
-1.015000000000020997e+00 1.660431507380096622e-14
-1.010000000000021103e+00 1.703464052049040815e-14
-1.005000000000021210e+00 1.747527917966993073e-14
-1.000000000000021316e+00 1.792651702761249965e-14
-9.950000000000214229e-01 1.795837716414829948e-14
-9.900000000000215294e-01 1.795218452039480885e-14
-9.850000000000216360e-01 1.795682150889696370e-14
-9.800000000000217426e-01 1.801596807229341144e-14
-9.750000000000218492e-01 1.814836561733975701e-14
-9.700000000000219558e-01 1.834170348322646318e-14
-9.650000000000220624e-01 1.856334378794749528e-14
-9.600000000000221689e-01 1.877737640483780201e-14
-9.550000000000222755e-01 1.895522730880822824e-14
-9.500000000000223821e-01 1.907784238026364004e-14
-9.450000000000224887e-01 1.913713702319244646e-14
-9.400000000000225953e-01 1.914034745440306497e-14
-9.350000000000227018e-01 1.911025156801327016e-14
-9.300000000000228084e-01 1.907490986383800137e-14
-9.250000000000229150e-01 1.905384586346396725e-14
-9.200000000000230216e-01 1.905364023887706841e-14
-9.150000000000231282e-01 1.907405803058363176e-14
-9.100000000000232347e-01 1.911292820118776880e-14
-9.050000000000233413e-01 1.916298772497535108e-14
-9.000000000000234479e-01 1.920811426273906041e-14
-8.950000000000235545e-01 1.922816710184087234e-14
-8.900000000000236611e-01 1.921003344733325221e-14
-8.850000000000237677e-01 1.915506488828333533e-14
-8.800000000000238742e-01 1.907760488950606236e-14
-8.750000000000239808e-01 1.899711100870197255e-14
-8.700000000000240874e-01 1.892990561806564914e-14
-8.650000000000241940e-01 1.888591299357441189e-14
-8.600000000000243006e-01 1.887154483421899585e-14
-8.550000000000244071e-01 1.889383385456022630e-14
-8.500000000000245137e-01 1.895903990193738690e-14
-8.450000000000246203e-01 1.906468344615500731e-14
-8.400000000000247269e-01 1.919175586915277526e-14
-8.350000000000248335e-01 1.930600462708786011e-14
-8.300000000000249401e-01 1.937191949388913823e-14
-8.250000000000250466e-01 1.937329089225916464e-14
-8.200000000000251532e-01 1.932566927385952412e-14
-8.150000000000252598e-01 1.926775762960863444e-14
-8.100000000000253664e-01 1.923495956497733105e-14
-8.050000000000254730e-01 1.923630823012995607e-14
-8.000000000000255795e-01 1.925472049405977536e-14
-7.950000000000256861e-01 1.926797323473384701e-14
-7.900000000000257927e-01 1.926824785961351126e-14
-7.850000000000258993e-01 1.926281235750909270e-14
-7.800000000000260059e-01 1.925986396504366485e-14
-7.750000000000261124e-01 1.925750014201253900e-14
-7.700000000000262190e-01 1.924773127856754678e-14
-7.650000000000263256e-01 1.922985723695402912e-14
-7.600000000000264322e-01 1.921695144409983845e-14
-7.550000000000265388e-01 1.922743018393461662e-14
-7.500000000000266454e-01 1.927205555843198614e-14
-7.450000000000267519e-01 1.935202162784581784e-14
-7.400000000000268585e-01 1.946768715711331294e-14
-7.350000000000269651e-01 1.962194145971643609e-14
-7.300000000000270717e-01 1.981005059228292087e-14
-7.250000000000271783e-01 2.000819684169499167e-14
-7.200000000000272848e-01 2.017652970490260542e-14
-7.150000000000273914e-01 2.027533862843514735e-14
-7.100000000000274980e-01 2.027967513930915181e-14
-7.050000000000276046e-01 2.018388841385127986e-14
-7.000000000000277112e-01 2.000040379855113058e-14
-6.950000000000278177e-01 1.975866116288167149e-14
-6.900000000000279243e-01 1.950237096354168692e-14
-6.850000000000280309e-01 1.928037929701940469e-14
-6.800000000000281375e-01 1.913132084145878848e-14
-6.750000000000282441e-01 1.906685619047205186e-14
-6.700000000000283507e-01 1.906185854265911398e-14
-6.650000000000284572e-01 1.906320370181010164e-14
-6.600000000000285638e-01 1.902012590056576161e-14
-6.550000000000286704e-01 1.891639176594688728e-14
-6.500000000000287770e-01 1.877550358498068005e-14
-6.450000000000288836e-01 1.863442832310819367e-14
-6.400000000000289901e-01 1.851220373654607257e-14
-6.350000000000290967e-01 1.839992501348434350e-14
-6.300000000000292033e-01 1.827394351678116731e-14
-6.250000000000293099e-01 1.811675352662663054e-14
-6.200000000000294165e-01 1.793014053715562534e-14
-6.150000000000295231e-01 1.773266062539011734e-14
-6.100000000000296296e-01 1.754474881591836779e-14
-6.050000000000297362e-01 1.737598083929782725e-14
-6.000000000000298428e-01 1.722635825938474100e-14
-5.950000000000299494e-01 1.709592520802880164e-14
-5.900000000000300560e-01 1.698740367511614559e-14
-5.850000000000301625e-01 1.689852649389137307e-14
-5.800000000000302691e-01 1.681622751734593622e-14
-5.750000000000303757e-01 1.672218328408083909e-14
-5.700000000000304823e-01 1.660459172936600982e-14
-5.650000000000305889e-01 1.646489510394074112e-14
-5.600000000000306954e-01 1.631546916945156200e-14
-5.550000000000308020e-01 1.617350310420840180e-14
-5.500000000000309086e-01 1.605693635688045194e-14
-5.450000000000310152e-01 1.598166483147331781e-14
-5.400000000000311218e-01 1.595586543299421969e-14
-5.350000000000312284e-01 1.597354682864386367e-14
-5.300000000000313349e-01 1.601615697227157868e-14
-5.250000000000314415e-01 1.606590042373559809e-14
-5.200000000000315481e-01 1.612189110241224391e-14
-5.150000000000316547e-01 1.620523516637294289e-14
-5.100000000000317613e-01 1.634629190634378872e-14
-5.050000000000318678e-01 1.656038222642191932e-14
-5.000000000000319744e-01 1.682911402724394354e-14
-4.950000000000320810e-01 1.710402878074883548e-14
-4.900000000000321876e-01 1.733286097332554216e-14
-4.850000000000322942e-01 1.748916211182342753e-14
-4.800000000000324007e-01 1.758353331528488427e-14
-4.750000000000325073e-01 1.765059587105739947e-14
-4.700000000000326139e-01 1.772299771825841509e-14
-4.650000000000327205e-01 1.781072856022072966e-14
-4.600000000000328271e-01 1.790064733205281800e-14
-4.550000000000329337e-01 1.797675277908622808e-14
-4.500000000000330402e-01 1.804218723934100327e-14
-4.450000000000331468e-01 1.812092274509205979e-14
-4.400000000000332534e-01 1.823900013091644016e-14
-4.350000000000333600e-01 1.840520601511198973e-14
-4.300000000000334666e-01 1.860615307151341925e-14
-4.250000000000335731e-01 1.881469023070676613e-14
-4.200000000000336797e-01 1.900329880875874826e-14
-4.150000000000337863e-01 1.915436708088101427e-14
-4.100000000000338929e-01 1.926201250448769591e-14
-4.050000000000339995e-01 1.932718996626816806e-14
-4.000000000000341061e-01 1.935414831565160172e-14
-3.950000000000342126e-01 1.935231926406559959e-14
-3.900000000000343192e-01 1.933694000659620384e-14
-3.850000000000344258e-01 1.932057169567890512e-14
-3.800000000000345324e-01 1.930246452409880615e-14
-3.750000000000346390e-01 1.927288261263027015e-14
-3.700000000000347455e-01 1.923345562356589105e-14
-3.650000000000348521e-01 1.921075652240235325e-14
-3.600000000000349587e-01 1.924601924078995628e-14
-3.550000000000350653e-01 1.937334512619707436e-14
-3.500000000000351719e-01 1.960870257918588099e-14
-3.450000000000352784e-01 1.995318864799058644e-14
-3.400000000000353850e-01 2.040233202667796944e-14
-3.350000000000354916e-01 2.096110892335646325e-14
-3.300000000000355982e-01 2.166312395778485821e-14
-3.250000000000357048e-01 2.257671033996933454e-14
-3.200000000000358114e-01 2.378297412008838559e-14
-3.150000000000359179e-01 2.533940032278269093e-14
-3.100000000000360245e-01 2.726286789846937948e-14
-3.050000000000361311e-01 2.954976892671119465e-14
-3.000000000000362377e-01 3.221212070932045074e-14
-2.950000000000363443e-01 3.528805319409486868e-14
-2.900000000000364508e-01 3.881022542327220882e-14
-2.850000000000365574e-01 4.276573911541374647e-14
-2.800000000000366640e-01 4.709819001719189837e-14
-2.750000000000367706e-01 5.175291466592176682e-14
-2.700000000000368772e-01 5.670735859639940650e-14
-2.650000000000369837e-01 6.195007995536462360e-14
-2.600000000000370903e-01 6.743856499090137982e-14
-2.550000000000371969e-01 7.308125367032393722e-14
-2.500000000000373035e-01 7.875794654494799198e-14
-2.450000000000374101e-01 8.435517718651801719e-14
-2.400000000000375167e-01 8.977953746323838280e-14
-2.350000000000376232e-01 9.494655806524345737e-14
-2.300000000000377298e-01 9.977208206377687150e-14
-2.250000000000378364e-01 1.041685174209841999e-13
-2.200000000000379430e-01 1.080322240041917025e-13
-2.150000000000380496e-01 1.112407958443212883e-13
-2.100000000000381561e-01 1.136790995427740350e-13
-2.050000000000382627e-01 1.152659527020098634e-13
-2.000000000000383693e-01 1.159587176415930094e-13
-1.950000000000384759e-01 1.157514556545752044e-13
-1.900000000000385825e-01 1.146717298956965427e-13
-1.850000000000386891e-01 1.127699123369405910e-13
-1.800000000000387956e-01 1.101154314380981297e-13
-1.750000000000389022e-01 1.068022275917505593e-13
-1.700000000000390088e-01 1.029352674489909645e-13
-1.650000000000391154e-01 9.859611399635848862e-14
-1.600000000000392220e-01 9.383145885361197660e-14
-1.550000000000393285e-01 8.868355792311429400e-14
-1.500000000000394351e-01 8.322078568000185058e-14
-1.450000000000395417e-01 7.753549023023139773e-14
-1.400000000000396483e-01 7.173230921763143409e-14
-1.350000000000397549e-01 6.593012907717303656e-14
-1.300000000000398614e-01 6.026013660821935720e-14
-1.250000000000399680e-01 5.484591744720840040e-14
-1.200000000000400746e-01 4.978339696293704678e-14
-1.150000000000401812e-01 4.513565846434705248e-14
-1.100000000000402878e-01 4.093417604370315409e-14
-1.050000000000403944e-01 3.717516651955836253e-14
-1.000000000000405009e-01 3.381591715018855627e-14
-9.500000000004060752e-02 3.078828466218434655e-14
-9.000000000004071410e-02 2.803453741280608261e-14
-8.500000000004082068e-02 2.554248189558488644e-14
-8.000000000004092726e-02 2.335266567224073186e-14
-7.500000000004103384e-02 2.153330265117509448e-14
-7.000000000004114042e-02 2.013416011805867065e-14
-6.500000000004124701e-02 1.914138236801770595e-14
-6.000000000004135359e-02 1.846935559058092350e-14
-5.500000000004146017e-02 1.800714869390209197e-14
-5.000000000004156675e-02 1.767898414946606583e-14
-4.500000000004167333e-02 1.745388468610176207e-14
-4.000000000004177991e-02 1.729991285068386450e-14
-3.500000000004188649e-02 1.715203944562238862e-14
-3.000000000004199308e-02 1.694346387554001977e-14
-2.500000000004209966e-02 1.665901694788306694e-14
-2.000000000004220624e-02 1.633698209723207984e-14
-1.500000000004231282e-02 1.601853865414147282e-14
-1.000000000004241940e-02 1.571081865205109141e-14
-5.000000000042525983e-03 1.540019623184159928e-14
-4.263256414560601115e-14 1.508457894164826457e-14
4.999999999957260854e-03 1.477757930529002070e-14
9.999999999957154273e-03 1.447931380253943703e-14
1.499999999995704769e-02 1.415605532100411420e-14
1.999999999995694111e-02 1.376809202212701875e-14
2.499999999995683453e-02 1.332292110335815065e-14
2.999999999995672795e-02 1.288694807914138608e-14
3.499999999995662137e-02 1.253699902014386158e-14
3.999999999995651478e-02 1.231365724870935522e-14
4.499999999995640820e-02 1.223175105589261960e-14
4.999999999995630162e-02 1.231705667100097576e-14
5.499999999995619504e-02 1.260669006848522351e-14
5.999999999995608846e-02 1.311927747887964172e-14
6.499999999995598188e-02 1.385177555990654014e-14
6.999999999995587530e-02 1.481696018364565918e-14
7.499999999995576871e-02 1.607092961954531111e-14
7.999999999995566213e-02 1.768182711089997763e-14
8.499999999995555555e-02 1.966572732696533479e-14
8.999999999995544897e-02 2.197417048588846818e-14
9.499999999995534239e-02 2.456265155933769505e-14
9.999999999995523581e-02 2.746059187313790216e-14
1.049999999999551292e-01 3.075663327763178276e-14
1.099999999999550226e-01 3.451811096114882145e-14
1.149999999999549161e-01 3.873694804521810153e-14
1.199999999999548095e-01 4.334986921036549763e-14
1.249999999999547029e-01 4.828826769992863772e-14
1.299999999999545963e-01 5.349063601588616308e-14
1.349999999999544897e-01 5.887713436755798393e-14
1.399999999999543832e-01 6.434177886865562665e-14
1.449999999999542766e-01 6.978068520297414128e-14
1.499999999999541700e-01 7.510968512467178694e-14
1.549999999999540634e-01 8.024680252525155456e-14
1.599999999999539568e-01 8.510617783677668592e-14
1.649999999999538502e-01 8.963269988626479769e-14
1.699999999999537437e-01 9.381827125595550075e-14
1.749999999999536371e-01 9.764357784271330339e-14
1.799999999999535305e-01 1.010029792898546196e-13
1.849999999999534239e-01 1.037161659363803824e-13
1.899999999999533173e-01 1.056234275896733030e-13
1.949999999999532108e-01 1.066591360009020666e-13
1.999999999999531042e-01 1.068444559924774427e-13
2.049999999999529976e-01 1.062383957740209570e-13
2.099999999999528910e-01 1.048956340965110640e-13
2.149999999999527844e-01 1.028425235956464537e-13
2.199999999999526779e-01 1.000792581076445219e-13
2.249999999999525713e-01 9.661464866288735442e-14
2.299999999999524647e-01 9.250783922477424554e-14
2.349999999999523581e-01 8.787442427601319854e-14
2.399999999999522515e-01 8.285312922566759003e-14
2.449999999999521449e-01 7.757568534558771618e-14
2.499999999999520384e-01 7.216156594198547849e-14
2.549999999999519318e-01 6.671325453650957278e-14
2.599999999999518252e-01 6.130749090531935854e-14
2.649999999999517186e-01 5.600744776007209378e-14
2.699999999999516120e-01 5.088467872548222691e-14
2.749999999999515055e-01 4.601756200412270019e-14
2.799999999999513989e-01 4.147162842973283889e-14
2.849999999999512923e-01 3.728861315585152733e-14
2.899999999999511857e-01 3.349135081313299505e-14
2.949999999999510791e-01 3.009658828589447729e-14
2.999999999999509726e-01 2.712566033280583055e-14
3.049999999999508660e-01 2.460292135577583443e-14
3.099999999999507594e-01 2.253828760416649518e-14
3.149999999999506528e-01 2.090411359143037259e-14
3.199999999999505462e-01 1.962756184666578102e-14
3.249999999999504396e-01 1.861205909792324548e-14
3.299999999999503331e-01 1.777596393773407466e-14
3.349999999999502265e-01 1.707920229091411141e-14
3.399999999999501199e-01 1.651964349074146745e-14
3.449999999999500133e-01 1.610869313295582758e-14
3.499999999999499067e-01 1.584963015709396295e-14
3.549999999999498002e-01 1.573017078945914634e-14
3.599999999999496936e-01 1.572371964760273286e-14
3.649999999999495870e-01 1.579377520893499529e-14
3.699999999999494804e-01 1.590343048666259423e-14
3.749999999999493738e-01 1.602853223190651563e-14
3.799999999999492672e-01 1.616539308004974716e-14
3.849999999999491607e-01 1.632633119936331920e-14
3.899999999999490541e-01 1.652511480251389376e-14
3.949999999999489475e-01 1.676211240633139535e-14
3.999999999999488409e-01 1.702271679827999256e-14
4.049999999999487343e-01 1.729293056499172312e-14
4.099999999999486278e-01 1.757525394344350274e-14
4.149999999999485212e-01 1.788439777367241936e-14
4.199999999999484146e-01 1.822633754410611717e-14
4.249999999999483080e-01 1.858420789575183994e-14
4.299999999999482014e-01 1.892568549387831483e-14
4.349999999999480949e-01 1.922431084417329431e-14
4.399999999999479883e-01 1.947710805017618521e-14
4.449999999999478817e-01 1.970711450771165260e-14
4.499999999999477751e-01 1.995021314397628084e-14
4.549999999999476685e-01 2.023289674443071781e-14
4.599999999999475619e-01 2.055265839006654284e-14
4.649999999999474554e-01 2.087486042514637637e-14
4.699999999999473488e-01 2.115230646829361794e-14
4.749999999999472422e-01 2.135577327125088305e-14
4.799999999999471356e-01 2.149007695207932580e-14
4.849999999999470290e-01 2.157986960228432604e-14
4.899999999999469225e-01 2.163974473734992119e-14
4.949999999999468159e-01 2.166135360353905897e-14
4.999999999999467093e-01 2.163005308252578268e-14
5.049999999999466027e-01 2.154806935381655878e-14
5.099999999999464961e-01 2.143601459515844446e-14
5.149999999999463896e-01 2.131431781356313325e-14
5.199999999999462830e-01 2.119000516720079319e-14
5.249999999999461764e-01 2.106351816215567117e-14
5.299999999999460698e-01 2.094251593431538479e-14
5.349999999999459632e-01 2.084206372793845265e-14
5.399999999999458566e-01 2.077138312720004050e-14
5.449999999999457501e-01 2.072575237863625982e-14
5.499999999999456435e-01 2.069273095265828486e-14
5.549999999999455369e-01 2.066207627097917573e-14
5.599999999999454303e-01 2.062903383197748335e-14
5.649999999999453237e-01 2.059476706159835576e-14
5.699999999999452172e-01 2.056904899606561481e-14
5.749999999999451106e-01 2.057018039131283024e-14
5.799999999999450040e-01 2.061579290168398920e-14
5.849999999999448974e-01 2.070817459936584869e-14
5.899999999999447908e-01 2.082574968814001241e-14
5.949999999999446842e-01 2.092976745224662040e-14
5.999999999999445777e-01 2.098247366158500978e-14
6.049999999999444711e-01 2.096120499805206319e-14
6.099999999999443645e-01 2.085807806282727853e-14
6.149999999999442579e-01 2.067363169463392311e-14
6.199999999999441513e-01 2.041834755917560624e-14
6.249999999999440448e-01 2.011809241271182439e-14
6.299999999999439382e-01 1.980555229336936428e-14
6.349999999999438316e-01 1.949533535245139258e-14
6.399999999999437250e-01 1.916741231204193092e-14
6.449999999999436184e-01 1.878247897033142261e-14
6.499999999999435119e-01 1.831930132479390522e-14
6.549999999999434053e-01 1.779828135014868364e-14
6.599999999999432987e-01 1.726964770447241112e-14
6.649999999999431921e-01 1.678046062023537205e-14
6.699999999999430855e-01 1.634984520760400430e-14
6.749999999999429789e-01 1.596658116007542200e-14
6.799999999999428724e-01 1.560358492619385748e-14
6.849999999999427658e-01 1.523863052835746417e-14
6.899999999999426592e-01 1.487208685871707907e-14
6.949999999999425526e-01 1.453107880436276414e-14
6.999999999999424460e-01 1.425296413735061895e-14
7.049999999999423395e-01 1.405700580651662215e-14
7.099999999999422329e-01 1.392811189505348663e-14
7.149999999999421263e-01 1.382920700068470946e-14
7.199999999999420197e-01 1.373178356142579766e-14
7.249999999999419131e-01 1.363572154290919393e-14
7.299999999999418065e-01 1.355988849855241086e-14
7.349999999999417000e-01 1.351372701134388937e-14
7.399999999999415934e-01 1.347875654442700020e-14
7.449999999999414868e-01 1.341941612839873597e-14
7.499999999999413802e-01 1.331336717588152144e-14
7.549999999999412736e-01 1.317189181386439214e-14
7.599999999999411671e-01 1.303224550982440304e-14
7.649999999999410605e-01 1.293196667947839332e-14
7.699999999999409539e-01 1.288862771325920897e-14
7.749999999999408473e-01 1.289769127823222554e-14
7.799999999999407407e-01 1.294368734559395466e-14
7.849999999999406342e-01 1.301226341701959586e-14
7.899999999999405276e-01 1.309433680810957952e-14
7.949999999999404210e-01 1.318348289056709600e-14
7.999999999999403144e-01 1.327494406415033406e-14
8.049999999999402078e-01 1.337015453011756681e-14
8.099999999999401012e-01 1.347966108445883354e-14
8.149999999999399947e-01 1.361674511553538997e-14
8.199999999999398881e-01 1.378630294255550412e-14
8.249999999999397815e-01 1.398060515798653576e-14
8.299999999999396749e-01 1.418531280330550118e-14
8.349999999999395683e-01 1.438841325714109949e-14
8.399999999999394618e-01 1.458548967338410318e-14
8.449999999999393552e-01 1.478191651173833550e-14
8.499999999999392486e-01 1.499407988798197084e-14
8.549999999999391420e-01 1.524766139947718036e-14
8.599999999999390354e-01 1.557006381070478699e-14
8.649999999999389289e-01 1.597855410887440448e-14
8.699999999999388223e-01 1.647019793305853567e-14
8.749999999999387157e-01 1.701970181302145531e-14
8.799999999999386091e-01 1.758703758840452482e-14
8.849999999999385025e-01 1.813102206708750162e-14
8.899999999999383959e-01 1.862163341088483510e-14
8.949999999999382894e-01 1.904521502595150586e-14
8.999999999999381828e-01 1.940151410433291322e-14
9.049999999999380762e-01 1.969575430639655579e-14
9.099999999999379696e-01 1.993006987154326601e-14
9.149999999999378630e-01 2.009771531477150759e-14
9.199999999999377565e-01 2.018296319246390322e-14
9.249999999999376499e-01 2.016881804791598468e-14
9.299999999999375433e-01 2.005029740574317294e-14
9.349999999999374367e-01 1.984437591304454868e-14
9.399999999999373301e-01 1.958699619691628244e-14
9.449999999999372235e-01 1.931736319476952857e-14
9.499999999999371170e-01 1.906134387261548955e-14
9.549999999999370104e-01 1.882594347881395882e-14
9.599999999999369038e-01 1.860506554987954017e-14
9.649999999999367972e-01 1.838673482897074518e-14
9.699999999999366906e-01 1.815452599674819497e-14
9.749999999999365841e-01 1.788651542984976088e-14
9.799999999999364775e-01 1.756011802066707717e-14
9.849999999999363709e-01 1.716449542245709779e-14
9.899999999999362643e-01 1.671178442424573731e-14
9.949999999999361577e-01 1.623637646791391691e-14
9.999999999999360512e-01 1.578039230015282643e-14
1.004999999999935945e+00 1.535710992500109099e-14
1.009999999999935838e+00 1.494351083347041800e-14
1.014999999999935731e+00 1.453928243750911511e-14
1.019999999999935625e+00 1.414411775065774944e-14
1.024999999999935518e+00 1.375771518516630915e-14
1.029999999999935412e+00 1.337977835272077274e-14
1.034999999999935305e+00 1.301001586864592330e-14
1.039999999999935199e+00 1.264814115945344428e-14
1.044999999999935092e+00 1.229387227360674534e-14
1.049999999999934985e+00 1.194693169537583063e-14
1.054999999999934879e+00 1.160704616165776027e-14
1.059999999999934772e+00 1.127394648164020428e-14
1.064999999999934666e+00 1.094736735918733829e-14
1.069999999999934559e+00 1.062704721782950710e-14
1.074999999999934452e+00 1.031272802823943148e-14
1.079999999999934346e+00 1.000415513807986811e-14
1.084999999999934239e+00 9.701077104108987901e-15
1.089999999999934133e+00 9.403245526431436944e-15
1.094999999999934026e+00 9.110414884784598740e-15
1.099999999999933920e+00 8.822342376750994382e-15
1.104999999999933813e+00 8.599029209571232570e-15
1.109999999999933706e+00 8.380958879091460037e-15
1.114999999999933600e+00 8.168016246914708628e-15
1.119999999999933493e+00 7.960089045338380814e-15
1.124999999999933387e+00 7.757067822499544475e-15
1.129999999999933280e+00 7.558845889320999909e-15
1.134999999999933173e+00 7.365319268223428121e-15
1.139999999999933067e+00 7.176386643570896879e-15
1.144999999999932960e+00 6.991949313818045440e-15
1.149999999999932854e+00 6.811911145328290458e-15
1.154999999999932747e+00 6.636178527833619884e-15
1.159999999999932641e+00 6.464660331507343933e-15
1.164999999999932534e+00 6.297267865622355501e-15
1.169999999999932427e+00 6.133914838768384827e-15
1.174999999999932321e+00 5.974517320602664084e-15
1.179999999999932214e+00 5.818993705109493538e-15
1.184999999999932108e+00 5.667264675344968539e-15
1.189999999999932001e+00 5.519253169644237263e-15
1.194999999999931894e+00 5.374884349269429890e-15
1.199999999999931788e+00 5.234085567477367015e-15
1.204999999999931681e+00 5.136198469199821700e-15
1.209999999999931575e+00 5.041917343137296841e-15
1.214999999999931468e+00 4.951160512183242448e-15
1.219999999999931362e+00 4.863848909613649593e-15
1.224999999999931255e+00 4.779906026896595882e-15
1.229999999999931148e+00 4.699257863115895808e-15
1.234999999999931042e+00 4.621832875977696732e-15
1.239999999999930935e+00 4.547561934370394856e-15
1.244999999999930829e+00 4.476378272449340430e-15
1.249999999999930722e+00 4.408217445218627413e-15
1.254999999999930616e+00 4.343017285583374286e-15
1.259999999999930509e+00 4.280717862846783904e-15
1.264999999999930402e+00 4.221261442627152172e-15
1.269999999999930296e+00 4.164592448171039053e-15
1.274999999999930189e+00 4.110657423039554524e-15
1.279999999999930083e+00 4.059404995145704524e-15
1.284999999999929976e+00 4.010785842121585197e-15
1.289999999999929869e+00 3.964752657995004202e-15
1.294999999999929763e+00 3.921260121156030810e-15
1.299999999999929656e+00 3.880264863594761421e-15
1.304999999999929550e+00 3.766785517430537875e-15
1.309999999999929443e+00 3.655674630445109691e-15
1.314999999999929337e+00 3.546864062953779880e-15
1.319999999999929230e+00 3.440287239005502622e-15
1.324999999999929123e+00 3.335879103441536500e-15
1.329999999999929017e+00 3.233576079831623451e-15
1.334999999999928910e+00 3.133316029260212284e-15
1.339999999999928804e+00 3.035038209934758084e-15
1.344999999999928697e+00 2.938683237588583624e-15
1.349999999999928590e+00 2.844193046651332412e-15
1.354999999999928484e+00 2.751510852160461901e-15
1.359999999999928377e+00 2.660581112387780722e-15
1.364999999999928271e+00 2.571349492155380153e-15
1.369999999999928164e+00 2.483762826815840892e-15
1.374999999999928058e+00 2.397769086871960694e-15
1.379999999999927951e+00 2.313317343211704761e-15
1.384999999999927844e+00 2.230357732934451172e-15
1.389999999999927738e+00 2.148841425745016180e-15
1.394999999999927631e+00 2.068720590892304344e-15
1.399999999999927525e+00 1.989948364629811855e-15
1.404999999999927418e+00 1.937568405354471431e-15
1.409999999999927311e+00 1.886302123609947722e-15
1.414999999999927205e+00 1.836123517232286348e-15
1.419999999999927098e+00 1.787007297806665649e-15
1.424999999999926992e+00 1.738928873849915587e-15
1.429999999999926885e+00 1.691864334396058989e-15
1.434999999999926779e+00 1.645790432975020273e-15
1.439999999999926672e+00 1.600684571975193889e-15
1.444999999999926565e+00 1.556524787380749301e-15
1.449999999999926459e+00 1.513289733874758581e-15
1.454999999999926352e+00 1.470958670299406621e-15
1.459999999999926246e+00 1.429511445464712996e-15
1.464999999999926139e+00 1.388928484297381852e-15
1.469999999999926033e+00 1.349190774321546684e-15
1.474999999999925926e+00 1.310279852463348034e-15
1.479999999999925819e+00 1.272177792171417048e-15
1.484999999999925713e+00 1.234867190845525376e-15
1.489999999999925606e+00 1.198331157565743547e-15
1.494999999999925500e+00 1.162553301114655849e-15
1.499999999999925393e+00 1.127517718285264730e-15
1.504999999999925286e+00 1.104436255500838066e-15
1.509999999999925180e+00 1.082115570549894751e-15
1.514999999999925073e+00 1.060541408441397037e-15
1.519999999999924967e+00 1.039700047437743792e-15
1.524999999999924860e+00 1.019578291025907302e-15
1.529999999999924754e+00 1.000163460232630184e-15
1.534999999999924647e+00 9.814433862786019376e-16
1.539999999999924540e+00 9.634064035669381872e-16
1.544999999999924434e+00 9.460413430014909475e-16
1.549999999999924327e+00 9.293375256307880521e-16
1.554999999999924221e+00 9.132847566135860438e-16
1.559999999999924114e+00 8.978733195022693238e-16
1.564999999999924007e+00 8.830939708405348379e-16
1.569999999999923901e+00 8.689379350720251228e-16
1.574999999999923794e+00 8.553968997567817800e-16
1.579999999999923688e+00 8.424630110926079877e-16
1.584999999999923581e+00 8.301288697386398783e-16
1.589999999999923475e+00 8.183875269386292481e-16
1.594999999999923368e+00 8.072324809416503956e-16
1.599999999999923261e+00 7.966576737181503688e-16
1.604999999999923155e+00 7.755816178356193706e-16
1.609999999999923048e+00 7.550294857308147035e-16
1.614999999999922942e+00 7.349866133471328339e-16
1.619999999999922835e+00 7.154386600112738974e-16
1.624999999999922728e+00 6.963715993039000862e-16
1.629999999999922622e+00 6.777717101341286931e-16
1.634999999999922515e+00 6.596255680125562015e-16
1.639999999999922409e+00 6.419200365174442384e-16
1.644999999999922302e+00 6.246422589488260969e-16
1.649999999999922196e+00 6.077796501654143217e-16
1.654999999999922089e+00 5.913198885992915088e-16
1.659999999999921982e+00 5.752509084434893412e-16
1.664999999999921876e+00 5.595608920076655015e-16
1.669999999999921769e+00 5.442382622371861198e-16
1.674999999999921663e+00 5.292716753910383644e-16
1.679999999999921556e+00 5.146500138740799203e-16
1.684999999999921450e+00 5.003623792192491517e-16
1.689999999999921343e+00 4.863980852154304436e-16
1.694999999999921236e+00 4.727466511767875468e-16
1.699999999999921130e+00 4.593977953494418463e-16
1.704999999999921023e+00 4.475569314005093157e-16
1.709999999999920917e+00 4.359470093188313877e-16
1.714999999999920810e+00 4.245624936801235243e-16
1.719999999999920703e+00 4.133979806009861284e-16
1.724999999999920597e+00 4.024481940314393825e-16
1.729999999999920490e+00 3.917079821115080206e-16
1.734999999999920384e+00 3.811723135893795546e-16
1.739999999999920277e+00 3.708362742987138049e-16
1.744999999999920171e+00 3.606950636927133403e-16
1.749999999999920064e+00 3.507439914325997312e-16
1.754999999999919957e+00 3.409784740281664557e-16
1.759999999999919851e+00 3.313940315281108028e-16
1.764999999999919744e+00 3.219862842578756130e-16
1.769999999999919638e+00 3.127509496027540834e-16
1.774999999999919531e+00 3.036838388340402961e-16
1.779999999999919424e+00 2.947808539760274082e-16
1.784999999999919318e+00 2.860379847116812270e-16
1.789999999999919211e+00 2.774513053248341496e-16
1.794999999999919105e+00 2.690169716767684093e-16
1.799999999999918998e+00 2.607312182150703397e-16
1.804999999999918892e+00 2.565046020245208800e-16
1.809999999999918785e+00 2.524189488933531443e-16
1.814999999999918678e+00 2.484715704827876918e-16
1.819999999999918572e+00 2.446598565147209550e-16
1.824999999999918465e+00 2.409812726955236529e-16
1.829999999999918359e+00 2.374333586827257757e-16
1.834999999999918252e+00 2.340137260933612640e-16
1.839999999999918145e+00 2.307200565528438689e-16
1.844999999999918039e+00 2.275500997832767873e-16
1.849999999999917932e+00 2.245016717301330353e-16
1.854999999999917826e+00 2.215726527262713744e-16
1.859999999999917719e+00 2.187609856922844601e-16
1.864999999999917613e+00 2.160646743722065212e-16
1.869999999999917506e+00 2.134817816036321144e-16
1.874999999999917399e+00 2.110104276213302320e-16
1.879999999999917293e+00 2.086487883934629932e-16
1.884999999999917186e+00 2.063950939895424279e-16
1.889999999999917080e+00 2.042476269792891118e-16
1.894999999999916973e+00 2.022047208615783749e-16
1.899999999999916866e+00 2.002647585226836955e-16
1.904999999999916760e+00 1.950584616972795621e-16
1.909999999999916653e+00 1.899677741790820947e-16
1.914999999999916547e+00 1.849894019698561936e-16
1.919999999999916440e+00 1.801201272717699754e-16
1.924999999999916334e+00 1.753568064859653922e-16
1.929999999999916227e+00 1.706963682610326349e-16
1.934999999999916120e+00 1.661358115903202285e-16
1.939999999999916014e+00 1.616722039569852141e-16
1.944999999999915907e+00 1.573026795257169029e-16
1.949999999999915801e+00 1.530244373800923628e-16
1.954999999999915694e+00 1.488347398045510866e-16
1.959999999999915588e+00 1.447309106099988196e-16
1.964999999999915481e+00 1.407103335020780143e-16
1.969999999999915374e+00 1.367704504911652800e-16
1.974999999999915268e+00 1.329087603431803049e-16
1.979999999999915161e+00 1.291228170703147878e-16
1.984999999999915055e+00 1.254102284608107992e-16
1.989999999999914948e+00 1.217686546469407661e-16
1.994999999999914841e+00 1.181958067103644021e-16
