-2.000000000000000000e+00 7.142536805725395802e-03
-1.995000000000000107e+00 7.209853542878978325e-03
-1.990000000000000213e+00 7.277487359539465059e-03
-1.985000000000000320e+00 7.345432677931243090e-03
-1.980000000000000426e+00 7.413683717761719756e-03
-1.975000000000000533e+00 7.482234492663674547e-03
-1.970000000000000639e+00 7.551078806607987998e-03
-1.965000000000000746e+00 7.620210250287261927e-03
-1.960000000000000853e+00 7.689622197470969388e-03
-1.955000000000000959e+00 7.759307801332720675e-03
-1.950000000000001066e+00 7.829259990750332340e-03
-1.945000000000001172e+00 7.899471466579368814e-03
-1.940000000000001279e+00 7.969934697900932924e-03
-1.935000000000001386e+00 8.040641918244429559e-03
-1.930000000000001492e+00 8.111585121786156830e-03
-1.925000000000001599e+00 8.182756059524579073e-03
-1.920000000000001705e+00 8.254146235433161213e-03
-1.915000000000001812e+00 8.325746902591696016e-03
-1.910000000000001918e+00 8.397549059297196306e-03
-1.905000000000002025e+00 8.469543445155243780e-03
-1.900000000000002132e+00 8.541720537153050380e-03
-1.895000000000002238e+00 8.614070545715191499e-03
-1.890000000000002345e+00 8.686583410743336370e-03
-1.885000000000002451e+00 8.759248797641132692e-03
-1.880000000000002558e+00 8.832056093325523979e-03
-1.875000000000002665e+00 8.904994402225901301e-03
-1.870000000000002771e+00 8.978052542272433809e-03
-1.865000000000002878e+00 9.051219040875066457e-03
-1.860000000000002984e+00 9.124482130894662896e-03
-1.855000000000003091e+00 9.197829746607924170e-03
-1.850000000000003197e+00 9.271249519667646224e-03
-1.845000000000003304e+00 9.344728775060090822e-03
-1.840000000000003411e+00 9.418254527061180326e-03
-1.835000000000003517e+00 9.491813475193374219e-03
-1.830000000000003624e+00 9.565392000185125171e-03
-1.825000000000003730e+00 9.638976159934893942e-03
-1.820000000000003837e+00 9.712551685481731964e-03
-1.815000000000003944e+00 9.786103976984587838e-03
-1.810000000000004050e+00 9.859618099712532183e-03
-1.805000000000004157e+00 9.933078780048128220e-03
-1.800000000000004263e+00 1.000647040150635415e-02
-1.795000000000004370e+00 1.007977700077144004e-02
-1.790000000000004476e+00 1.015298226375418826e-02
-1.785000000000004583e+00 1.022606952167241443e-02
-1.780000000000004690e+00 1.029902174715704999e-02
-1.775000000000004796e+00 1.037182155038686091e-02
-1.770000000000004903e+00 1.044445117525450405e-02
-1.765000000000005009e+00 1.051689249556699533e-02
-1.760000000000005116e+00 1.058912701128352472e-02
-1.755000000000005222e+00 1.066113584479392619e-02
-1.750000000000005329e+00 1.073289973724090782e-02
-1.745000000000005436e+00 1.080439904488951323e-02
-1.740000000000005542e+00 1.087561373554719879e-02
-1.735000000000005649e+00 1.094652338503811911e-02
-1.730000000000005755e+00 1.101710717373536284e-02
-1.725000000000005862e+00 1.108734388315480227e-02
-1.720000000000005969e+00 1.115721189261456928e-02
-1.715000000000006075e+00 1.122668917596417008e-02
-1.710000000000006182e+00 1.129575329838728576e-02
-1.705000000000006288e+00 1.136438141328266829e-02
-1.700000000000006395e+00 1.143255025922739268e-02
-1.695000000000006501e+00 1.150023615702702208e-02
-1.690000000000006608e+00 1.156741500685740977e-02
-1.685000000000006715e+00 1.163406228550277303e-02
-1.680000000000006821e+00 1.170015304369507320e-02
-1.675000000000006928e+00 1.176566190355969772e-02
-1.670000000000007034e+00 1.183056305617261918e-02
-1.665000000000007141e+00 1.189483025923449358e-02
-1.660000000000007248e+00 1.195843683486697354e-02
-1.655000000000007354e+00 1.202135566753709077e-02
-1.650000000000007461e+00 1.208355920211532514e-02
-1.645000000000007567e+00 1.214501944207343857e-02
-1.640000000000007674e+00 1.220570794782807264e-02
-1.635000000000007780e+00 1.226559583523643797e-02
-1.630000000000007887e+00 1.232465377425053486e-02
-1.625000000000007994e+00 1.238285198773645540e-02
-1.620000000000008100e+00 1.244016025046560531e-02
-1.615000000000008207e+00 1.249654788828474111e-02
-1.610000000000008313e+00 1.255198377747200611e-02
-1.605000000000008420e+00 1.260643634428623185e-02
-1.600000000000008527e+00 1.265987356471700784e-02
-1.595000000000008633e+00 1.271226296444326852e-02
-1.590000000000008740e+00 1.276357161900818632e-02
-1.585000000000008846e+00 1.281376615421852411e-02
-1.580000000000008953e+00 1.286281274677668167e-02
-1.575000000000009059e+00 1.291067712515394685e-02
-1.570000000000009166e+00 1.295732457071360234e-02
-1.565000000000009273e+00 1.300271991909285503e-02
-1.560000000000009379e+00 1.304682756185262214e-02
-1.555000000000009486e+00 1.308961144840457488e-02
-1.550000000000009592e+00 1.313103508822496129e-02
-1.545000000000009699e+00 1.317106155336503562e-02
-1.540000000000009805e+00 1.320965348126801851e-02
-1.535000000000009912e+00 1.324677307790295827e-02
-1.530000000000010019e+00 1.328238212122588406e-02
-1.525000000000010125e+00 1.331644196497905157e-02
-1.520000000000010232e+00 1.334891354283916122e-02
-1.515000000000010338e+00 1.337975737292593920e-02
-1.510000000000010445e+00 1.340893356268236733e-02
-1.505000000000010552e+00 1.343640181413845863e-02
-1.500000000000010658e+00 1.346212142957052549e-02
-1.495000000000010765e+00 1.348605131756817205e-02
-1.490000000000010871e+00 1.350814999952164482e-02
-1.485000000000010978e+00 1.352837561654227951e-02
-1.480000000000011084e+00 1.354668593682917428e-02
-1.475000000000011191e+00 1.356303836349550054e-02
-1.470000000000011298e+00 1.357738994286803759e-02
-1.465000000000011404e+00 1.358969737327401367e-02
-1.460000000000011511e+00 1.359991701432943477e-02
-1.455000000000011617e+00 1.360800489674344853e-02
-1.450000000000011724e+00 1.361391673265368273e-02
-1.445000000000011831e+00 1.361760792650771809e-02
-1.440000000000011937e+00 1.361903358650610150e-02
-1.435000000000012044e+00 1.361814853662287293e-02
-1.430000000000012150e+00 1.361490732921958290e-02
-1.425000000000012257e+00 1.360926425826936362e-02
-1.420000000000012363e+00 1.360117337320782167e-02
-1.415000000000012470e+00 1.359058849342787041e-02
-1.410000000000012577e+00 1.357746322343598468e-02
-1.405000000000012683e+00 1.356175096868773161e-02
-1.400000000000012790e+00 1.354340495212064642e-02
-1.395000000000012896e+00 1.352237823140310657e-02
-1.390000000000013003e+00 1.349862371691796029e-02
-1.385000000000013110e+00 1.347209419050023581e-02
-1.380000000000013216e+00 1.344274232494850618e-02
-1.375000000000013323e+00 1.341052070432987783e-02
-1.370000000000013429e+00 1.337538184509897560e-02
-1.365000000000013536e+00 1.333727821805163333e-02
-1.360000000000013642e+00 1.329616227113443634e-02
-1.355000000000013749e+00 1.325198645313158292e-02
-1.350000000000013856e+00 1.320470323825098831e-02
-1.345000000000013962e+00 1.315426515163188419e-02
-1.340000000000014069e+00 1.310062479579662126e-02
-1.335000000000014175e+00 1.304373487806976747e-02
-1.330000000000014282e+00 1.298354823898796931e-02
-1.325000000000014388e+00 1.292001788172450309e-02
-1.320000000000014495e+00 1.285309700255281816e-02
-1.315000000000014602e+00 1.278273902237381590e-02
-1.310000000000014708e+00 1.270889761933197831e-02
-1.305000000000014815e+00 1.263152676254599392e-02
-1.300000000000014921e+00 1.255058074697979094e-02
-1.295000000000015028e+00 1.246601422948048765e-02
-1.290000000000015135e+00 1.237778226601005983e-02
-1.285000000000015241e+00 1.228584035009802622e-02
-1.280000000000015348e+00 1.219014445254294060e-02
-1.275000000000015454e+00 1.209065106239078959e-02
-1.270000000000015561e+00 1.198731722921892590e-02
-1.265000000000015667e+00 1.188010060675463719e-02
-1.260000000000015774e+00 1.176895949785774012e-02
-1.255000000000015881e+00 1.165385290089730567e-02
-1.250000000000015987e+00 1.153474055755274348e-02
-1.245000000000016094e+00 1.141158300207019069e-02
-1.240000000000016200e+00 1.128434161200549818e-02
-1.235000000000016307e+00 1.115297866048546409e-02
-1.230000000000016414e+00 1.101745737001964300e-02
-1.225000000000016520e+00 1.087774196789527414e-02
-1.220000000000016627e+00 1.073379774318846021e-02
-1.215000000000016733e+00 1.058559110542518084e-02
-1.210000000000016840e+00 1.043308964492607738e-02
-1.205000000000016946e+00 1.027626219486950723e-02
-1.200000000000017053e+00 1.011507889510776699e-02
-1.195000000000017160e+00 9.949511257771813735e-03
-1.190000000000017266e+00 9.779532234700263199e-03
-1.185000000000017373e+00 9.605116286728910061e-03
-1.180000000000017479e+00 9.426239454877522253e-03
-1.175000000000017586e+00 9.242879433470865824e-03
-1.170000000000017693e+00 9.055015645231676708e-03
-1.165000000000017799e+00 8.862629318383398111e-03
-1.160000000000017906e+00 8.665703565801213468e-03
-1.155000000000018012e+00 8.464223466250151220e-03
-1.150000000000018119e+00 8.258176147749455784e-03
-1.145000000000018225e+00 8.047550873102941177e-03
-1.140000000000018332e+00 7.832339127635350867e-03
-1.135000000000018439e+00 7.612534709175176710e-03
-1.130000000000018545e+00 7.388133820324739413e-03
-1.125000000000018652e+00 7.159135163058821284e-03
-1.120000000000018758e+00 6.925540035693371864e-03
-1.115000000000018865e+00 6.687352432266292779e-03
-1.110000000000018971e+00 6.444579144372560540e-03
-1.105000000000019078e+00 6.197229865496391849e-03
-1.100000000000019185e+00 5.945317297883371925e-03
-1.095000000000019291e+00 5.688857261995922641e-03
-1.090000000000019398e+00 5.427868808595703171e-03
-1.085000000000019504e+00 5.162374333496683350e-03
-1.080000000000019611e+00 4.892399695033353320e-03
-1.075000000000019718e+00 4.617974334288311826e-03
-1.070000000000019824e+00 4.339131398123980375e-03
-1.065000000000019931e+00 4.055907865063356106e-03
-1.060000000000020037e+00 3.768344674064967766e-03
-1.055000000000020144e+00 3.476486856237339697e-03
-1.050000000000020250e+00 3.180383669538464336e-03
-1.045000000000020357e+00 2.880088736505957616e-03
-1.040000000000020464e+00 2.575660185063666230e-03
-1.035000000000020570e+00 2.267160792450629257e-03
-1.030000000000020677e+00 1.954658132318391230e-03
-1.025000000000020783e+00 1.638224725042669973e-03
-1.020000000000020890e+00 1.317938191295491002e-03
-1.015000000000020997e+00 9.938814089238286707e-04
-1.010000000000021103e+00 6.661426731808181567e-04
-1.005000000000021210e+00 3.348158603555418810e-04
-1.000000000000021316e+00 5.948472650263270756e-10
-9.950000000000214229e-01 5.886728747719487674e-10
-9.900000000000215294e-01 5.825545676737370325e-10
-9.850000000000216360e-01 5.764904682230260683e-10
-9.800000000000217426e-01 5.704801570022175008e-10
-9.750000000000218492e-01 5.645232339698115510e-10
-9.700000000000219558e-01 5.586193160850952475e-10
-9.650000000000220624e-01 5.527680361546151767e-10
-9.600000000000221689e-01 5.469690433574992109e-10
-9.550000000000222755e-01 5.412220041867233181e-10
-9.500000000000223821e-01 5.355266019322278008e-10
-9.450000000000224887e-01 5.298825337491049652e-10
-9.400000000000225953e-01 5.242895061000322622e-10
-9.350000000000227018e-01 5.187472301459900974e-10
-9.300000000000228084e-01 5.132554182923723882e-10
-9.250000000000229150e-01 5.078137818822777242e-10
-9.200000000000230216e-01 5.024220294923937452e-10
-9.150000000000231282e-01 4.970798654837754669e-10
-9.100000000000232347e-01 4.917869889307640545e-10
-9.050000000000233413e-01 4.865430931822078325e-10
-9.000000000000234479e-01 4.813478660007080082e-10
-8.950000000000235545e-01 4.762009901266342533e-10
-8.900000000000236611e-01 4.711021439505337242e-10
-8.850000000000237677e-01 4.660510021059016130e-10
-8.800000000000238742e-01 4.610472359658828395e-10
-8.750000000000239808e-01 4.560905141044146967e-10
-8.700000000000240874e-01 4.511805028521165201e-10
-8.650000000000241940e-01 4.463168670186562807e-10
-8.600000000000243006e-01 4.414992707820057258e-10
-8.550000000000244071e-01 4.367273786343585294e-10
-8.500000000000245137e-01 4.320008562501519647e-10
-8.450000000000246203e-01 4.273193712164333158e-10
-8.400000000000247269e-01 4.226825936330319899e-10
-8.350000000000248335e-01 4.180901965681730800e-10
-8.300000000000249401e-01 4.135418563762165668e-10
-8.250000000000250466e-01 4.090372529638354579e-10
-8.200000000000251532e-01 4.045760699526123025e-10
-8.150000000000252598e-01 4.001579947145795237e-10
-8.100000000000253664e-01 3.957827183269742413e-10
-8.050000000000254730e-01 3.914499354614524216e-10
-8.000000000000255795e-01 3.871593442197385845e-10
-7.950000000000256861e-01 3.829106459483843923e-10
-7.900000000000257927e-01 3.787035450526452568e-10
-7.850000000000258993e-01 3.745377488162147297e-10
-7.800000000000260059e-01 3.704129672289849231e-10
-7.750000000000261124e-01 3.663289128183174324e-10
-7.700000000000262190e-01 3.622853005064740016e-10
-7.650000000000263256e-01 3.582818475030428221e-10
-7.600000000000264322e-01 3.543182732089448945e-10
-7.550000000000265388e-01 3.503942991257764808e-10
-7.500000000000266454e-01 3.465096487921229189e-10
-7.450000000000267519e-01 3.426640477508289978e-10
-7.400000000000268585e-01 3.388572235414049229e-10
-7.350000000000269651e-01 3.350889057057757383e-10
-7.300000000000270717e-01 3.313588257888705377e-10
-7.250000000000271783e-01 3.276667173367160719e-10
-7.200000000000272848e-01 3.240123158983317674e-10
-7.150000000000273914e-01 3.203953590292103997e-10
-7.100000000000274980e-01 3.168155862940489260e-10
-7.050000000000276046e-01 3.132727392696266087e-10
-7.000000000000277112e-01 3.097665615511656211e-10
-6.950000000000278177e-01 3.062967987654746365e-10
-6.900000000000279243e-01 3.028631985837271147e-10
-6.850000000000280309e-01 2.994655107187077211e-10
-6.800000000000281375e-01 2.961034869162240721e-10
-6.750000000000282441e-01 2.927768809562951871e-10
-6.700000000000283507e-01 2.894854486555356298e-10
-6.650000000000284572e-01 2.862289478620906292e-10
-6.600000000000285638e-01 2.830071384510614613e-10
-6.550000000000286704e-01 2.798197823238483052e-10
-6.500000000000287770e-01 2.766666434066472562e-10
-6.450000000000288836e-01 2.735474876431714467e-10
-6.400000000000289901e-01 2.704620829839272178e-10
-6.350000000000290967e-01 2.674101993819617396e-10
-6.300000000000292033e-01 2.643916087926510971e-10
-6.250000000000293099e-01 2.614060851682329370e-10
-6.200000000000294165e-01 2.584534044481534767e-10
-6.150000000000295231e-01 2.555333445504972926e-10
-6.100000000000296296e-01 2.526456853675421551e-10
-6.050000000000297362e-01 2.497902087633982550e-10
-6.000000000000298428e-01 2.469666985681665505e-10
-5.950000000000299494e-01 2.441749405708596007e-10
-5.900000000000300560e-01 2.414147225180828844e-10
-5.850000000000301625e-01 2.386858341146306805e-10
-5.800000000000302691e-01 2.359880670179651024e-10
-5.750000000000303757e-01 2.333212148278721532e-10
-5.700000000000304823e-01 2.306850730786850125e-10
-5.650000000000305889e-01 2.280794392367910954e-10
-5.600000000000306954e-01 2.255041126999395472e-10
-5.550000000000308020e-01 2.229588947942195780e-10
-5.500000000000309086e-01 2.204435887695661583e-10
-5.450000000000310152e-01 2.179579997969053153e-10
-5.400000000000311218e-01 2.155019349643214170e-10
-5.350000000000312284e-01 2.130752032682244345e-10
-5.300000000000313349e-01 2.106776156054676087e-10
-5.250000000000314415e-01 2.083089847734485989e-10
-5.200000000000315481e-01 2.059691254719606612e-10
-5.150000000000316547e-01 2.036578542991576618e-10
-5.100000000000317613e-01 2.013749897444094593e-10
-5.050000000000318678e-01 1.991203521817257412e-10
-5.000000000000319744e-01 1.968937638642396601e-10
-4.950000000000320810e-01 1.946950489212450276e-10
-4.900000000000321876e-01 1.925240333570783798e-10
-4.850000000000322942e-01 1.903805450486131370e-10
-4.800000000000324007e-01 1.882644137409695090e-10
-4.750000000000325073e-01 1.861754710433089796e-10
-4.700000000000326139e-01 1.841135504250876955e-10
-4.650000000000327205e-01 1.820784872121746886e-10
-4.600000000000328271e-01 1.800701185831160955e-10
-4.550000000000329337e-01 1.780882835658759113e-10
-4.500000000000330402e-01 1.761328230347813918e-10
-4.450000000000331468e-01 1.742035797072923195e-10
-4.400000000000332534e-01 1.723003981401356395e-10
-4.350000000000333600e-01 1.704231247251544094e-10
-4.300000000000334666e-01 1.685716076861677177e-10
-4.250000000000335731e-01 1.667456970767567872e-10
-4.200000000000336797e-01 1.649452447774604701e-10
-4.150000000000337863e-01 1.631701044922385863e-10
-4.100000000000338929e-01 1.614201317445175860e-10
-4.050000000000339995e-01 1.596951838731328929e-10
-4.000000000000341061e-01 1.579951200299194824e-10
-3.950000000000342126e-01 1.563198011782099021e-10
-3.900000000000343192e-01 1.546690900892697958e-10
-3.850000000000344258e-01 1.530428513376042481e-10
-3.800000000000345324e-01 1.514409512985425199e-10
-3.750000000000346390e-01 1.498632581480781447e-10
-3.700000000000347455e-01 1.483096418610959441e-10
-3.650000000000348521e-01 1.467799742056381413e-10
-3.600000000000349587e-01 1.452741287362850804e-10
-3.550000000000350653e-01 1.437919807909677902e-10
-3.500000000000351719e-01 1.423334074907811436e-10
-3.450000000000352784e-01 1.408982877397074511e-10
-3.400000000000353850e-01 1.394865022231400980e-10
-3.350000000000354916e-01 1.380979334053837011e-10
-3.300000000000355982e-01 1.367324655262918266e-10
-3.250000000000357048e-01 1.353899845975028787e-10
-3.200000000000358114e-01 1.340703783986077976e-10
-3.150000000000359179e-01 1.327735364737955581e-10
-3.100000000000360245e-01 1.314993501296923407e-10
-3.050000000000361311e-01 1.302477124338760450e-10
-3.000000000000362377e-01 1.290185182129542833e-10
-2.950000000000363443e-01 1.278116640501971971e-10
-2.900000000000364508e-01 1.266270482831113100e-10
-2.850000000000365574e-01 1.254645710005706070e-10
-2.800000000000366640e-01 1.243241340396968746e-10
-2.750000000000367706e-01 1.232056409840150362e-10
-2.700000000000368772e-01 1.221089971632095218e-10
-2.650000000000369837e-01 1.210341096528099391e-10
-2.600000000000370903e-01 1.199808872730271013e-10
-2.550000000000371969e-01 1.189492405873025915e-10
-2.500000000000373035e-01 1.179390819000935993e-10
-2.450000000000374101e-01 1.169503252529749093e-10
-2.400000000000375167e-01 1.159828864199832186e-10
-2.350000000000376232e-01 1.150366829041319794e-10
-2.300000000000377298e-01 1.141116339358457914e-10
-2.250000000000378364e-01 1.132076604725375966e-10
-2.200000000000379430e-01 1.123246851981920382e-10
-2.150000000000380496e-01 1.114626325224418881e-10
-2.100000000000381561e-01 1.106214285789491249e-10
-2.050000000000382627e-01 1.098010012228113224e-10
-2.000000000000383693e-01 1.090012800274427126e-10
-1.950000000000384759e-01 1.082221962824574962e-10
-1.900000000000385825e-01 1.074636829933015525e-10
-1.850000000000386891e-01 1.067256748812216660e-10
-1.800000000000387956e-01 1.060081083820334281e-10
-1.750000000000389022e-01 1.053109216441346981e-10
-1.700000000000390088e-01 1.046340545268457617e-10
-1.650000000000391154e-01 1.039774485989912336e-10
-1.600000000000392220e-01 1.033410471372129451e-10
-1.550000000000393285e-01 1.027247951241659272e-10
-1.500000000000394351e-01 1.021286392469520673e-10
-1.450000000000395417e-01 1.015525278959390372e-10
-1.400000000000396483e-01 1.009964111642965031e-10
-1.350000000000397549e-01 1.004602408482480797e-10
-1.300000000000398614e-01 9.994397044692661261e-11
-1.250000000000399680e-01 9.944755516089439076e-11
-1.200000000000400746e-01 9.897095189001429377e-11
-1.150000000000401812e-01 9.851411923174094022e-11
-1.100000000000402878e-01 9.807701747974556447e-11
-1.050000000000403944e-01 9.765960862254733005e-11
-1.000000000000405009e-01 9.726185634274659784e-11
-9.500000000004060752e-02 9.688372601736169197e-11
-9.000000000004071410e-02 9.652518471846933149e-11
-8.500000000004082068e-02 9.618620121305369577e-11
-8.000000000004092726e-02 9.586674596200288638e-11
-7.500000000004103384e-02 9.556679111871599371e-11
-7.000000000004114042e-02 9.528631052763327458e-11
-6.500000000004124701e-02 9.502527972325627926e-11
-6.000000000004135359e-02 9.478367593016138361e-11
-5.500000000004146017e-02 9.456147806321979331e-11
-5.000000000004156675e-02 9.435866672641274975e-11
-4.500000000004167333e-02 9.417522421017629322e-11
-4.000000000004177991e-02 9.401113448952322690e-11
-3.500000000004188649e-02 9.386638322491072587e-11
-3.000000000004199308e-02 9.374095776488723757e-11
-2.500000000004209966e-02 9.363484714768499832e-11
-2.000000000004220624e-02 9.354804210042603043e-11
-1.500000000004231282e-02 9.348053503724874611e-11
-1.000000000004241940e-02 9.343232005820677621e-11
-5.000000000042525983e-03 9.340339294935663846e-11
-4.263256414560601115e-14 9.339375118328024417e-11
4.999999999957260854e-03 9.340339391922414892e-11
9.999999999957154273e-03 9.343232200250449954e-11
1.499999999995704769e-02 9.348053796353061198e-11
1.999999999995694111e-02 9.354804601726625704e-11
2.499999999995683453e-02 9.363485206349978650e-11
2.999999999995672795e-02 9.374096368757772606e-11
3.499999999995662137e-02 9.386639016133629698e-11
3.999999999995651478e-02 9.401114244420307850e-11
4.499999999995640820e-02 9.417523318389140014e-11
4.999999999995630162e-02 9.435867671590425302e-11
5.499999999995619504e-02 9.456148906240734674e-11
5.999999999995608846e-02 9.478368793217788885e-11
6.499999999995598188e-02 9.502529272216668956e-11
6.999999999995587530e-02 9.528632451920892633e-11
7.499999999995576871e-02 9.556680610041699007e-11
7.999999999995566213e-02 9.586676193251341564e-11
8.499999999995555555e-02 9.618621817144716055e-11
8.999999999995544897e-02 9.652520266324560097e-11
9.499999999995534239e-02 9.688374494604369625e-11
9.999999999995523581e-02 9.726187625245163834e-11
1.049999999999551292e-01 9.765962951122355942e-11
1.099999999999550226e-01 9.807703934755649304e-11
1.149999999999549161e-01 9.851414208211458540e-11
1.199999999999548095e-01 9.897097572971889290e-11
1.249999999999547029e-01 9.944757999881108481e-11
1.299999999999545963e-01 9.994399629195916076e-11
1.349999999999544897e-01 1.004602677070693867e-10
1.399999999999543832e-01 1.009964390394545567e-10
1.449999999999542766e-01 1.015525567848245996e-10
1.499999999999541700e-01 1.021286691419802670e-10
1.549999999999540634e-01 1.027248260140495746e-10
1.599999999999539568e-01 1.033410790089082549e-10
1.649999999999538502e-01 1.039774814400711485e-10
1.699999999999537437e-01 1.046340883281606429e-10
1.749999999999536371e-01 1.053109564019332687e-10
1.799999999999535305e-01 1.060081440981001881e-10
1.849999999999534239e-01 1.067257115606906411e-10
1.899999999999533173e-01 1.074637206415866656e-10
1.949999999999532108e-01 1.082222349027153203e-10
1.999999999999531042e-01 1.090013196189476164e-10
2.049999999999529976e-01 1.098010417807883024e-10
2.099999999999528910e-01 1.106214700964649342e-10
2.149999999999527844e-01 1.114626749932816602e-10
2.199999999999526779e-01 1.123247286186129360e-10
2.249999999999525713e-01 1.132077048410416347e-10
2.299999999999524647e-01 1.141116792515766570e-10
2.349999999999523581e-01 1.150367291649907146e-10
2.399999999999522515e-01 1.159829336218022160e-10
2.449999999999521449e-01 1.169503733906477503e-10
2.499999999999520384e-01 1.179391309700639502e-10
2.549999999999519318e-01 1.189492905898942677e-10
2.599999999999518252e-01 1.199809382136426519e-10
2.649999999999517186e-01 1.210341615417973937e-10
2.699999999999516120e-01 1.221090500143636939e-10
2.749999999999515055e-01 1.232056948118670851e-10
2.799999999999513989e-01 1.243241888566281947e-10
2.849999999999512923e-01 1.254646268154832128e-10
2.899999999999511857e-01 1.266271051020902265e-10
2.949999999999510791e-01 1.278117218773650665e-10
2.999999999999509726e-01 1.290185770498986720e-10
3.049999999999508660e-01 1.302477722784497214e-10
3.099999999999507594e-01 1.314994109758856050e-10
3.149999999999506528e-01 1.327735983129044023e-10
3.199999999999505462e-01 1.340704412210842828e-10
3.249999999999504396e-01 1.353900483953505722e-10
3.299999999999503331e-01 1.367325302953817789e-10
3.349999999999502265e-01 1.380979991461238932e-10
3.399999999999501199e-01 1.394865689392108890e-10
3.449999999999500133e-01 1.408983554364957256e-10
3.499999999999499067e-01 1.423334761741663979e-10
3.549999999999498002e-01 1.437920504655543184e-10
3.599999999999496936e-01 1.452741994034198429e-10
3.649999999999495870e-01 1.467800458629459921e-10
3.699999999999494804e-01 1.483097145040730401e-10
3.749999999999493738e-01 1.498633317723281759e-10
3.799999999999492672e-01 1.514410259008536991e-10
3.849999999999491607e-01 1.530429269151944826e-10
3.899999999999490541e-01 1.546691666377955602e-10
3.949999999999489475e-01 1.563198786900814265e-10
3.999999999999488409e-01 1.579951984944892204e-10
4.049999999999487343e-01 1.596952632779298819e-10
4.099999999999486278e-01 1.614202120746811643e-10
4.149999999999485212e-01 1.631701857282428196e-10
4.199999999999484146e-01 1.649453268950378955e-10
4.249999999999483080e-01 1.667457800510997928e-10
4.299999999999482014e-01 1.685716914977292501e-10
4.349999999999480949e-01 1.704232093625405727e-10
4.399999999999479883e-01 1.723004835985769620e-10
4.449999999999478817e-01 1.742036659855344592e-10
4.499999999999477751e-01 1.761329101331738844e-10
4.549999999999476685e-01 1.780883714855412925e-10
4.599999999999475619e-01 1.800702073251491648e-10
4.649999999999474554e-01 1.820785767767096817e-10
4.699999999999473488e-01 1.841136408110762646e-10
4.749999999999472422e-01 1.861755622495117753e-10
4.799999999999471356e-01 1.882645057671294075e-10
4.849999999999470290e-01 1.903806378957413924e-10
4.899999999999469225e-01 1.925241270271122491e-10
4.949999999999468159e-01 1.946951434167276776e-10
4.999999999999467093e-01 1.968938591881490961e-10
5.049999999999466027e-01 1.991204483373815165e-10
5.099999999999464961e-01 2.013750867361712035e-10
5.149999999999463896e-01 2.036579521340135519e-10
5.199999999999462830e-01 2.059692241599912629e-10
5.249999999999461764e-01 2.083090843266670045e-10
5.299999999999460698e-01 2.106777160368434416e-10
5.349999999999459632e-01 2.130753045899874049e-10
5.399999999999458566e-01 2.155020371852562347e-10
5.449999999999457501e-01 2.179581029230599631e-10
5.499999999999456435e-01 2.204436928077909324e-10
5.549999999999455369e-01 2.229589997521836834e-10
5.599999999999454303e-01 2.255042185830337976e-10
5.649999999999453237e-01 2.280795460456856364e-10
5.699999999999452172e-01 2.306851808076040036e-10
5.749999999999451106e-01 2.333213234653335520e-10
5.799999999999450040e-01 2.359881765519328108e-10
5.849999999999448974e-01 2.386859445391286286e-10
5.899999999999447908e-01 2.414148338365028230e-10
5.949999999999446842e-01 2.441750527938110517e-10
5.999999999999445777e-01 2.469668117077416537e-10
6.049999999999444711e-01 2.497903228290804810e-10
6.099999999999443645e-01 2.526458003681289317e-10
6.149999999999442579e-01 2.555334604987056944e-10
6.199999999999441513e-01 2.584535213604930982e-10
6.249999999999440448e-01 2.614062030608991474e-10
6.299999999999439382e-01 2.643917276797025547e-10
6.349999999999438316e-01 2.674103192753745204e-10
6.399999999999437250e-01 2.704622038907452818e-10
6.449999999999436184e-01 2.735476095620948277e-10
6.499999999999435119e-01 2.766667663291088965e-10
6.549999999999434053e-01 2.798199062398500209e-10
6.599999999999432987e-01 2.830072633535015967e-10
6.649999999999431921e-01 2.862290737447291922e-10
6.699999999999430855e-01 2.894855755086522142e-10
6.749999999999429789e-01 2.927770087657349233e-10
6.799999999999428724e-01 2.961036156676885226e-10
6.849999999999427658e-01 2.994656404025129792e-10
6.899999999999426592e-01 3.028633291979750595e-10
6.949999999999425526e-01 3.062969303214541636e-10
6.999999999999424460e-01 3.097666940765100431e-10
7.049999999999423395e-01 3.132728728011048275e-10
7.099999999999422329e-01 3.168157208693548383e-10
7.149999999999421263e-01 3.203954946912869321e-10
7.199999999999420197e-01 3.240124527024031001e-10
7.249999999999419131e-01 3.276668553503753204e-10
7.299999999999418065e-01 3.313589650936847414e-10
7.349999999999417000e-01 3.350890464024431250e-10
7.399999999999415934e-01 3.388573657505442457e-10
7.449999999999414868e-01 3.426641916086841931e-10
7.499999999999413802e-01 3.465097944456459313e-10
7.549999999999412736e-01 3.503944467310060406e-10
7.599999999999411671e-01 3.543184229351901906e-10
7.649999999999410605e-01 3.582819995360638048e-10
7.699999999999409539e-01 3.622854550431032607e-10
7.749999999999408473e-01 3.663290700521320333e-10
7.799999999999407407e-01 3.704131273268121510e-10
7.849999999999406342e-01 3.745379118946826566e-10
7.899999999999405276e-01 3.787037111701252267e-10
7.949999999999404210e-01 3.829108151103171341e-10
7.999999999999403144e-01 3.871595163971146673e-10
8.049999999999402078e-01 3.914501106124327915e-10
8.099999999999401012e-01 3.957828963940790481e-10
8.149999999999399947e-01 4.001581755868565504e-10
8.199999999999398881e-01 4.045762533918221071e-10
8.249999999999397815e-01 4.090374385209189533e-10
8.299999999999396749e-01 4.135420433419240219e-10
8.349999999999395683e-01 4.180903839636901471e-10
8.399999999999394618e-01 4.226827802392865071e-10
8.449999999999393552e-01 4.273195556749177669e-10
8.499999999999392486e-01 4.320010372281968022e-10
8.549999999999391420e-01 4.367275550267985494e-10
8.599999999999390354e-01 4.414994419508748306e-10
8.649999999999389289e-01 4.463170330630440901e-10
8.699999999999388223e-01 4.511806649474770319e-10
8.749999999999387157e-01 4.560906749921821939e-10
8.799999999999386091e-01 4.610474006552160949e-10
8.849999999999385025e-01 4.660511787682341232e-10
8.899999999999383959e-01 4.711023448514589997e-10
8.949999999999382894e-01 4.762012322473543595e-10
8.999999999999381828e-01 4.813481708292909708e-10
9.049999999999380762e-01 4.865434851760216267e-10
9.099999999999379696e-01 4.917874927028718991e-10
9.149999999999378630e-01 4.970805027174735573e-10
9.199999999999377565e-01 5.024228173747763289e-10
9.249999999999376499e-01 5.078147344738070722e-10
9.299999999999375433e-01 5.132565507673238384e-10
9.349999999999374367e-01 5.187485639467651019e-10
9.399999999999373301e-01 5.242910723374474567e-10
9.449999999999372235e-01 5.298843732736885198e-10
9.499999999999371170e-01 5.355287624723790217e-10
9.549999999999370104e-01 5.412245362885851187e-10
9.599999999999369038e-01 5.469719967471265522e-10
9.649999999999367972e-01 5.527714571021164827e-10
9.699999999999366906e-01 5.586232456650387997e-10
9.749999999999365841e-01 5.645277071581034918e-10
9.799999999999364775e-01 5.704852027697906877e-10
9.849999999999363709e-01 5.764961106271007860e-10
9.899999999999362643e-01 5.825608270872644996e-10
9.949999999999361577e-01 5.886797677713055487e-10
9.999999999999360512e-01 5.948533669349211045e-10
1.004999999999935945e+00 3.348158603572798570e-04
1.009999999999935838e+00 6.661426731824999711e-04
1.014999999999935731e+00 9.938814089254582266e-04
1.019999999999935625e+00 1.317938191297071768e-03
1.024999999999935518e+00 1.638224725044204336e-03
1.029999999999935412e+00 1.954658132319883092e-03
1.034999999999935305e+00 2.267160792452081221e-03
1.039999999999935199e+00 2.575660185065081764e-03
1.044999999999935092e+00 2.880088736507339757e-03
1.049999999999934985e+00 3.180383669539816119e-03
1.054999999999934879e+00 3.476486856238662423e-03
1.059999999999934772e+00 3.768344674066265772e-03
1.064999999999934666e+00 4.055907865064631128e-03
1.069999999999934559e+00 4.339131398125237182e-03
1.074999999999934452e+00 4.617974334289553021e-03
1.079999999999934346e+00 4.892399695034577167e-03
1.084999999999934239e+00 5.162374333497895922e-03
1.089999999999934133e+00 5.427868808596906201e-03
1.094999999999934026e+00 5.688857261997117866e-03
1.099999999999933920e+00 5.945317297884560211e-03
1.104999999999933813e+00 6.197229865497537633e-03
1.109999999999933706e+00 6.444579144373665559e-03
1.114999999999933600e+00 6.687352432267358766e-03
1.119999999999933493e+00 6.925540035694399688e-03
1.124999999999933387e+00 7.159135163059812679e-03
1.129999999999933280e+00 7.388133820325697848e-03
1.134999999999933173e+00 7.612534709176103052e-03
1.139999999999933067e+00 7.832339127636244250e-03
1.144999999999932960e+00 8.047550873103803334e-03
1.149999999999932854e+00 8.258176147750290186e-03
1.154999999999932747e+00 8.464223466250961336e-03
1.159999999999932641e+00 8.665703565801997563e-03
1.164999999999932534e+00 8.862629318384156185e-03
1.169999999999932427e+00 9.055015645232412230e-03
1.174999999999932321e+00 9.242879433471582265e-03
1.179999999999932214e+00 9.426239454878216142e-03
1.184999999999932108e+00 9.605116286729588337e-03
1.189999999999932001e+00 9.779532234700918925e-03
1.194999999999931894e+00 9.949511257772448644e-03
1.199999999999931788e+00 1.011507889510838282e-02
1.204999999999931681e+00 1.027626219487012132e-02
1.209999999999931575e+00 1.043308964492668800e-02
1.214999999999931468e+00 1.058559110542579146e-02
1.219999999999931362e+00 1.073379774318907083e-02
1.224999999999931255e+00 1.087774196789588477e-02
1.229999999999931148e+00 1.101745737002025362e-02
1.234999999999931042e+00 1.115297866048607991e-02
1.239999999999930935e+00 1.128434161200611574e-02
1.244999999999930829e+00 1.141158300207080999e-02
1.249999999999930722e+00 1.153474055755336451e-02
1.254999999999930616e+00 1.165385290089793191e-02
1.259999999999930509e+00 1.176895949785837156e-02
1.264999999999930402e+00 1.188010060675527384e-02
1.269999999999930296e+00 1.198731722921957295e-02
1.274999999999930189e+00 1.209065106239143837e-02
1.279999999999930083e+00 1.219014445254359806e-02
1.284999999999929976e+00 1.228584035009869062e-02
1.289999999999929869e+00 1.237778226601073291e-02
1.294999999999929763e+00 1.246601422948116766e-02
1.299999999999929656e+00 1.255058074698047962e-02
1.304999999999929550e+00 1.263152676254668434e-02
1.309999999999929443e+00 1.270889761933267220e-02
1.314999999999929337e+00 1.278273902237451153e-02
1.319999999999929230e+00 1.285309700255351725e-02
1.324999999999929123e+00 1.292001788172520045e-02
1.329999999999929017e+00 1.298354823898867534e-02
1.334999999999928910e+00 1.304373487807047351e-02
1.339999999999928804e+00 1.310062479579733076e-02
1.344999999999928697e+00 1.315426515163259889e-02
1.349999999999928590e+00 1.320470323825170648e-02
1.354999999999928484e+00 1.325198645313230110e-02
1.359999999999928377e+00 1.329616227113516146e-02
1.364999999999928271e+00 1.333727821805236018e-02
1.369999999999928164e+00 1.337538184509970592e-02
1.374999999999928058e+00 1.341052070433061162e-02
1.379999999999927951e+00 1.344274232494924518e-02
1.384999999999927844e+00 1.347209419050097653e-02
1.389999999999927738e+00 1.349862371691870622e-02
1.394999999999927631e+00 1.352237823140385424e-02
1.399999999999927525e+00 1.354340495212140102e-02
1.404999999999927418e+00 1.356175096868850356e-02
1.409999999999927311e+00 1.357746322343677398e-02
1.414999999999927205e+00 1.359058849342867532e-02
1.419999999999927098e+00 1.360117337320864393e-02
1.424999999999926992e+00 1.360926425827020149e-02
1.429999999999926885e+00 1.361490732922043811e-02
1.434999999999926779e+00 1.361814853662374723e-02
1.439999999999926672e+00 1.361903358650699315e-02
1.444999999999926565e+00 1.361760792650862188e-02
1.449999999999926459e+00 1.361391673265460560e-02
1.454999999999926352e+00 1.360800489674438701e-02
1.459999999999926246e+00 1.359991701433039234e-02
1.464999999999926139e+00 1.358969737327498685e-02
1.469999999999926033e+00 1.357738994286902812e-02
1.474999999999925926e+00 1.356303836349650495e-02
1.479999999999925819e+00 1.354668593683019430e-02
1.484999999999925713e+00 1.352837561654331514e-02
1.489999999999925606e+00 1.350814999952269606e-02
1.494999999999925500e+00 1.348605131756923717e-02
1.499999999999925393e+00 1.346212142957160449e-02
1.504999999999925286e+00 1.343640181413954110e-02
1.509999999999925180e+00 1.340893356268344980e-02
1.514999999999925073e+00 1.337975737292702513e-02
1.519999999999924967e+00 1.334891354284024889e-02
1.524999999999924860e+00 1.331644196498013924e-02
1.529999999999924754e+00 1.328238212122697173e-02
1.534999999999924647e+00 1.324677307790404594e-02
1.539999999999924540e+00 1.320965348126910618e-02
1.544999999999924434e+00 1.317106155336612502e-02
1.549999999999924327e+00 1.313103508822605070e-02
1.554999999999924221e+00 1.308961144840566256e-02
1.559999999999924114e+00 1.304682756185370981e-02
1.564999999999924007e+00 1.300271991909394444e-02
1.569999999999923901e+00 1.295732457071469002e-02
1.574999999999923794e+00 1.291067712515503105e-02
1.579999999999923688e+00 1.286281274677777281e-02
1.584999999999923581e+00 1.281376615421961178e-02
1.589999999999923475e+00 1.276357161900927399e-02
1.594999999999923368e+00 1.271226296444435619e-02
1.599999999999923261e+00 1.265987356471809204e-02
1.604999999999923155e+00 1.260643634428731952e-02
1.609999999999923048e+00 1.255198377747309899e-02
1.614999999999922942e+00 1.249654788828583399e-02
1.619999999999922835e+00 1.244016025046669645e-02
1.624999999999922728e+00 1.238285198773755175e-02
1.629999999999922622e+00 1.232465377425163121e-02
1.634999999999922515e+00 1.226559583523754125e-02
1.639999999999922409e+00 1.220570794782917419e-02
1.644999999999922302e+00 1.214501944207454012e-02
1.649999999999922196e+00 1.208355920211643016e-02
1.654999999999922089e+00 1.202135566753819579e-02
1.659999999999921982e+00 1.195843683486807855e-02
1.664999999999921876e+00 1.189483025923559860e-02
1.669999999999921769e+00 1.183056305617372767e-02
1.674999999999921663e+00 1.176566190356080274e-02
1.679999999999921556e+00 1.170015304369618342e-02
1.684999999999921450e+00 1.163406228550388499e-02
1.689999999999921343e+00 1.156741500685852346e-02
1.694999999999921236e+00 1.150023615702813230e-02
1.699999999999921130e+00 1.143255025922850464e-02
1.704999999999921023e+00 1.136438141328378372e-02
1.709999999999920917e+00 1.129575329838839945e-02
1.714999999999920810e+00 1.122668917596528378e-02
1.719999999999920703e+00 1.115721189261568470e-02
1.724999999999920597e+00 1.108734388315591943e-02
1.729999999999920490e+00 1.101710717373648174e-02
1.734999999999920384e+00 1.094652338503923801e-02
1.739999999999920277e+00 1.087561373554831422e-02
1.744999999999920171e+00 1.080439904489063213e-02
1.749999999999920064e+00 1.073289973724202498e-02
1.754999999999919957e+00 1.066113584479504162e-02
1.759999999999919851e+00 1.058912701128464189e-02
1.764999999999919744e+00 1.051689249556811249e-02
1.769999999999919638e+00 1.044445117525562294e-02
1.774999999999919531e+00 1.037182155038797460e-02
1.779999999999919424e+00 1.029902174715816368e-02
1.784999999999919318e+00 1.022606952167352465e-02
1.789999999999919211e+00 1.015298226375530022e-02
1.794999999999919105e+00 1.007977700077255026e-02
1.799999999999918998e+00 1.000647040150746264e-02
1.804999999999918892e+00 9.933078780049231504e-03
1.809999999999918785e+00 9.859618099713626793e-03
1.814999999999918678e+00 9.786103976985673775e-03
1.819999999999918572e+00 9.712551685482810962e-03
1.824999999999918465e+00 9.638976159935966001e-03
1.829999999999918359e+00 9.565392000186185087e-03
1.834999999999918252e+00 9.491813475194427197e-03
1.839999999999918145e+00 9.418254527062222894e-03
1.844999999999918039e+00 9.344728775061129922e-03
1.849999999999917932e+00 9.271249519668673181e-03
1.854999999999917826e+00 9.197829746608945922e-03
1.859999999999917719e+00 9.124482130895672505e-03
1.864999999999917613e+00 9.051219040876070862e-03
1.869999999999917506e+00 8.978052542273426070e-03
1.874999999999917399e+00 8.904994402226884889e-03
1.879999999999917293e+00 8.832056093326502363e-03
1.884999999999917186e+00 8.759248797642098933e-03
1.889999999999917080e+00 8.686583410744293937e-03
1.894999999999916973e+00 8.614070545716140392e-03
1.899999999999916866e+00 8.541720537153990600e-03
1.904999999999916760e+00 8.469543445156182265e-03
1.909999999999916653e+00 8.397549059298131321e-03
1.914999999999916547e+00 8.325746902592629298e-03
1.919999999999916440e+00 8.254146235434092760e-03
1.924999999999916334e+00 8.182756059525507150e-03
1.929999999999916227e+00 8.111585121787081437e-03
1.934999999999916120e+00 8.040641918245350697e-03
1.939999999999916014e+00 7.969934697901852327e-03
1.944999999999915907e+00 7.899471466580286483e-03
1.949999999999915801e+00 7.829259990751244805e-03
1.954999999999915694e+00 7.759307801333633139e-03
1.959999999999915588e+00 7.689622197471876648e-03
1.964999999999915481e+00 7.620210250288167453e-03
1.969999999999915374e+00 7.551078806608890054e-03
1.974999999999915268e+00 7.482234492664573133e-03
1.979999999999915161e+00 7.413683717762615741e-03
1.984999999999915055e+00 7.345432677932136473e-03
1.989999999999914948e+00 7.277487359540355839e-03
1.994999999999914841e+00 7.209853542879866503e-03
