-2.000000000000000000e+00 -4.304698981588444158e-17
-1.995000000000000107e+00 -3.340704809786423111e-17
-1.990000000000000213e+00 2.745477883644937809e-17
-1.985000000000000320e+00 5.269065848123937063e-17
-1.980000000000000426e+00 1.157617263663708787e-17
-1.975000000000000533e+00 -4.316509118170840082e-17
-1.970000000000000639e+00 -5.250906102425331233e-17
-1.965000000000000746e+00 -7.744048449956041580e-18
-1.960000000000000853e+00 4.872811415009402959e-17
-1.955000000000000959e+00 6.317283633479372796e-17
-1.950000000000001066e+00 1.608134566407260608e-17
-1.945000000000001172e+00 -5.822874416259052707e-17
-1.940000000000001279e+00 -9.228603611667231646e-17
-1.935000000000001386e+00 -3.724336549165198812e-17
-1.930000000000001492e+00 8.466158436929452881e-17
-1.925000000000001599e+00 1.681229377091213285e-16
-1.920000000000001705e+00 8.634935800397413596e-17
-1.915000000000001812e+00 -1.758676614815287165e-16
-1.910000000000001918e+00 -3.902381715324497643e-16
-1.905000000000002025e+00 -1.410852486528234382e-16
-1.900000000000002132e+00 5.774371084330827235e-16
-1.895000000000002238e+00 9.164137756841026876e-16
-1.890000000000002345e+00 -3.114928364712651707e-16
-1.885000000000002451e+00 -1.353224894810192408e-15
-1.880000000000002558e+00 -6.179339278445596992e-16
-1.875000000000002665e+00 9.064522103888523814e-16
-1.870000000000002771e+00 1.493685796219068160e-15
-1.865000000000002878e+00 5.327596169603734590e-16
-1.860000000000002984e+00 -1.075667517671813153e-15
-1.855000000000003091e+00 -1.815211518765672782e-15
-1.850000000000003197e+00 -8.516090731473696466e-16
-1.845000000000003304e+00 1.203727393244197981e-15
-1.840000000000003411e+00 2.595779051617980854e-15
-1.835000000000003517e+00 1.698843875774422486e-15
-1.830000000000003624e+00 -1.452442583264617158e-15
-1.825000000000003730e+00 -4.467255041700012650e-15
-1.820000000000003837e+00 -3.744836829418570174e-15
-1.815000000000003944e+00 2.312706089771072150e-15
-1.810000000000004050e+00 9.504717581742158285e-15
-1.805000000000004157e+00 7.800028606942580345e-15
-1.800000000000004263e+00 -6.337419193366861192e-15
-1.795000000000004370e+00 -2.883151943871440882e-14
-1.790000000000004476e+00 -1.021699683083086848e-14
-1.785000000000004583e+00 3.207792932671479774e-14
-1.780000000000004690e+00 3.168552179693169105e-14
-1.775000000000004796e+00 -7.184596599736463516e-15
-1.770000000000004903e+00 -3.914154285821135027e-14
-1.765000000000005009e+00 -3.180738612118062446e-14
-1.760000000000005116e+00 8.140738572735006087e-15
-1.755000000000005222e+00 4.498558823889165526e-14
-1.750000000000005329e+00 4.428231650443931586e-14
-1.745000000000005436e+00 6.865645015216793924e-16
-1.740000000000005542e+00 -5.460287104165324059e-14
-1.735000000000005649e+00 -7.264214090133351229e-14
-1.730000000000005755e+00 -2.316487238299564489e-14
-1.725000000000005862e+00 7.214627085819595067e-14
-1.720000000000005969e+00 1.354221226911598401e-13
-1.715000000000006075e+00 7.660449872398802091e-14
-1.710000000000006182e+00 -1.183314542438852118e-13
-1.705000000000006288e+00 -3.034184210007945749e-13
-1.700000000000006395e+00 -2.119742900828383489e-13
-1.695000000000006501e+00 1.027552180370123222e-12
-1.690000000000006608e+00 1.175171662340118953e-12
-1.685000000000006715e+00 -1.095035763510545839e-12
-1.680000000000006821e+00 -1.537719292468603357e-12
-1.675000000000006928e+00 6.184425725991836093e-14
-1.670000000000007034e+00 1.643152923116599807e-12
-1.665000000000007141e+00 1.911597103714761497e-12
-1.660000000000007248e+00 1.219343791515059667e-12
-1.655000000000007354e+00 4.856843084895889522e-13
-1.650000000000007461e+00 -2.519132482389641232e-13
-1.645000000000007567e+00 -2.201470078485305671e-12
-1.640000000000007674e+00 -6.579286018434774568e-12
-1.635000000000007780e+00 -1.227166372749905477e-11
-1.630000000000007887e+00 -1.326131966305712885e-11
-1.625000000000007994e+00 4.325184104778566558e-12
-1.620000000000008100e+00 6.880332110196212929e-11
-1.615000000000008207e+00 2.423419382681411753e-10
-1.610000000000008313e+00 6.718830372747986271e-10
-1.605000000000008420e+00 1.704022754905193774e-09
-1.600000000000008527e+00 4.115080883869059159e-09
-1.595000000000008633e+00 1.024090364944271725e-08
-1.590000000000008740e+00 2.119601839294581954e-08
-1.585000000000008846e+00 4.717225465431440509e-08
-1.580000000000008953e+00 1.035327910810892178e-07
-1.575000000000009059e+00 2.131798249973404829e-07
-1.570000000000009166e+00 4.189681101613031562e-07
-1.565000000000009273e+00 7.957931106480130930e-07
-1.560000000000009379e+00 1.461924271924878437e-06
-1.555000000000009486e+00 2.591387659735161597e-06
-1.550000000000009592e+00 4.426218963617277314e-06
-1.545000000000009699e+00 7.281698605018475493e-06
-1.540000000000009805e+00 1.153173643026154966e-05
-1.535000000000009912e+00 1.755788520634297463e-05
-1.530000000000010019e+00 2.564652087293265391e-05
-1.525000000000010125e+00 3.582702423726058961e-05
-1.520000000000010232e+00 4.766182453006434548e-05
-1.515000000000010338e+00 6.002941097068668506e-05
-1.510000000000010445e+00 7.098637521800407496e-05
-1.505000000000010552e+00 7.785670631138766752e-05
-1.500000000000010658e+00 7.777841143259772120e-05
-1.495000000000010765e+00 6.896428816358702609e-05
-1.490000000000010871e+00 5.285386496984950634e-05
-1.485000000000010978e+00 3.704195310295695657e-05
-1.480000000000011084e+00 4.009800858506642915e-05
-1.475000000000011191e+00 9.555962446842870633e-05
-1.470000000000011298e+00 2.558276743327382780e-04
-1.465000000000011404e+00 5.947377636005496751e-04
-1.460000000000011511e+00 1.206907876498569806e-03
-1.455000000000011617e+00 2.202139026250189181e-03
-1.450000000000011724e+00 3.693946571238350060e-03
-1.445000000000011831e+00 5.782496897314146414e-03
-1.440000000000011937e+00 8.533589633031841634e-03
-1.435000000000012044e+00 1.195663170725176118e-02
-1.430000000000012150e+00 1.598556862415456692e-02
-1.425000000000012257e+00 2.046724256614148793e-02
-1.420000000000012363e+00 2.516140858723930895e-02
-1.415000000000012470e+00 2.975543147537563701e-02
-1.410000000000012577e+00 3.389427908812245316e-02
-1.405000000000012683e+00 3.722259535011288034e-02
-1.400000000000012790e+00 3.943014988820318228e-02
-1.395000000000012896e+00 4.029514806666029819e-02
-1.390000000000013003e+00 3.972081102287727122e-02
-1.385000000000013110e+00 3.774864820520635461e-02
-1.380000000000013216e+00 3.455385422206196100e-02
-1.375000000000013323e+00 3.042457963027249065e-02
-1.370000000000013429e+00 2.572021900532058675e-02
-1.365000000000013536e+00 2.082146698625092149e-02
-1.360000000000013642e+00 1.608234902338220862e-02
-1.355000000000013749e+00 1.179164254944405250e-02
-1.350000000000013856e+00 8.148230258889202840e-03
-1.345000000000013962e+00 5.252134130429315234e-03
-1.340000000000014069e+00 3.110430778827007192e-03
-1.335000000000014175e+00 1.655109688170660958e-03
-1.330000000000014282e+00 7.683698747805141685e-04
-1.325000000000014388e+00 3.100215680663946562e-04
-1.320000000000014495e+00 1.417315965994115040e-04
-1.315000000000014602e+00 1.439883388926111623e-04
-1.310000000000014708e+00 2.240283584296031132e-04
-1.305000000000014815e+00 3.167262048561681918e-04
-1.300000000000014921e+00 3.857653424783990918e-04
-1.295000000000015028e+00 4.175929841196543619e-04
-1.290000000000015135e+00 4.118803648973573322e-04
-1.285000000000015241e+00 3.768779758425670886e-04
-1.280000000000015348e+00 3.238561806728912232e-04
-1.275000000000015454e+00 2.635070997805000616e-04
-1.270000000000015561e+00 2.041604195545404391e-04
-1.265000000000015667e+00 1.512313012773784139e-04
-1.260000000000015774e+00 1.074282589254121461e-04
-1.255000000000015881e+00 7.335391967924604858e-05
-1.250000000000015987e+00 4.822990164625197272e-05
-1.245000000000016094e+00 3.056656706242620906e-05
-1.240000000000016200e+00 1.867706291141483789e-05
-1.235000000000016307e+00 1.100077131809302891e-05
-1.230000000000016414e+00 6.251986083589063181e-06
-1.225000000000016520e+00 3.443236169594020540e-06
-1.220000000000016627e+00 1.847118653648302365e-06
-1.215000000000016733e+00 9.537095052944620433e-07
-1.210000000000016840e+00 4.505173169859508950e-07
-1.205000000000016946e+00 1.964597048946579424e-07
-1.200000000000017053e+00 7.840131471792387341e-08
-1.195000000000017160e+00 1.963068795191532465e-08
-1.190000000000017266e+00 -1.982786057843620959e-09
-1.185000000000017373e+00 -2.543225524588429189e-09
-1.180000000000017479e+00 8.591058026257539211e-09
-1.175000000000017586e+00 2.219984982734954776e-08
-1.170000000000017693e+00 2.976146517064429346e-08
-1.165000000000017799e+00 2.607936417638729074e-08
-1.160000000000017906e+00 1.112776130649609135e-08
-1.155000000000018012e+00 -1.004114674041467408e-08
-1.150000000000018119e+00 -2.930325821097681312e-08
-1.145000000000018225e+00 -3.862416934440943284e-08
-1.140000000000018332e+00 -3.327796441496904799e-08
-1.135000000000018439e+00 -1.401883002945703492e-08
-1.130000000000018545e+00 1.262796436357380724e-08
-1.125000000000018652e+00 3.629895175563213051e-08
-1.120000000000018758e+00 4.664051049174881882e-08
-1.115000000000018865e+00 3.800730959518763216e-08
-1.110000000000018971e+00 1.314385454553650618e-08
-1.105000000000019078e+00 -1.680960763909068000e-08
-1.100000000000019185e+00 -3.936828958784604191e-08
-1.095000000000019291e+00 -4.597685795439545802e-08
-1.090000000000019398e+00 -3.410661679093916868e-08
-1.085000000000019504e+00 -9.276377588425398414e-09
-1.080000000000019611e+00 1.731217917094127477e-08
-1.075000000000019718e+00 3.482163770269065745e-08
-1.070000000000019824e+00 3.737271363020620198e-08
-1.065000000000019931e+00 2.565937390599956091e-08
-1.060000000000020037e+00 5.725363224679982392e-09
-1.055000000000020144e+00 -1.403969588207612704e-08
-1.050000000000020250e+00 -2.630966600177908823e-08
-1.045000000000020357e+00 -2.739977799118924522e-08
-1.040000000000020464e+00 -1.822252701052834348e-08
-1.035000000000020570e+00 -3.439523470858532493e-09
-1.030000000000020677e+00 1.074869729418649223e-08
-1.025000000000020783e+00 1.923962994294334459e-08
-1.020000000000020890e+00 1.994115931039140600e-08
-1.015000000000020997e+00 1.401547551892479174e-08
-1.010000000000021103e+00 4.288195589632178154e-09
-1.005000000000021210e+00 -6.849760659284404992e-09
-1.000000000000021316e+00 -1.636330078686387121e-08
-9.950000000000214229e-01 -1.967091039129135895e-08
-9.900000000000215294e-01 -2.145879790737119889e-08
-9.850000000000216360e-01 -2.140973338592833647e-08
-9.800000000000217426e-01 -1.931649511699095455e-08
-9.750000000000218492e-01 -1.512380198646301727e-08
-9.700000000000219558e-01 -8.965415819769139924e-09
-9.650000000000220624e-01 -1.189034138232542107e-09
-9.600000000000221689e-01 7.638474936185592752e-09
-9.550000000000222755e-01 1.675163472789202509e-08
-9.500000000000223821e-01 2.523616648009019636e-08
-9.450000000000224887e-01 3.210764782449789578e-08
-9.400000000000225953e-01 3.641410904384643820e-08
-9.350000000000227018e-01 3.735309172067587057e-08
-9.300000000000228084e-01 3.438982538311411976e-08
-9.250000000000229150e-01 2.736071780395305843e-08
-9.200000000000230216e-01 1.654588800621425268e-08
-9.150000000000231282e-01 2.696343438046810925e-09
-9.100000000000232347e-01 -1.299435722021085642e-08
-9.050000000000233413e-01 -2.897783593591297153e-08
-9.000000000000234479e-01 -4.349425923471635553e-08
-8.950000000000235545e-01 -5.475951471707038516e-08
-8.900000000000236611e-01 -6.117702887028667657e-08
-8.850000000000237677e-01 -6.154954190828136482e-08
-8.800000000000238742e-01 -5.526346152868421139e-08
-8.750000000000239808e-01 -4.241921514276970273e-08
-8.700000000000240874e-01 -2.388554452126849934e-08
-8.650000000000241940e-01 -1.263656268094156107e-09
-8.600000000000243006e-01 2.324224287088511545e-08
-8.550000000000244071e-01 4.703947916338415115e-08
-8.500000000000245137e-01 6.742609877187154075e-08
-8.450000000000246203e-01 8.190423226290801332e-08
-8.400000000000247269e-01 8.849043373653358440e-08
-8.350000000000248335e-01 8.598357146212478107e-08
-8.300000000000249401e-01 7.415375493183388683e-08
-8.250000000000250466e-01 5.382375859569867262e-08
-8.200000000000251532e-01 2.682666757777829497e-08
-8.150000000000252598e-01 -4.161401720343706296e-09
-8.100000000000253664e-01 -3.589857462608185449e-08
-8.050000000000254730e-01 -6.493467234115765372e-08
-8.000000000000255795e-01 -8.800744032681998298e-08
-7.950000000000256861e-01 -1.024295614461633094e-07
-7.900000000000257927e-01 -1.064179908017867870e-07
-7.850000000000258993e-01 -9.932307084295498444e-08
-7.800000000000260059e-01 -8.172660274589078125e-08
-7.750000000000261124e-01 -5.539413187329718073e-08
-7.700000000000262190e-01 -2.308507091687609156e-08
-7.650000000000263256e-01 1.175751547604607158e-08
-7.600000000000264322e-01 4.540008516498748640e-08
-7.550000000000265388e-01 7.424660956353713514e-08
-7.500000000000266454e-01 9.524876868339269369e-08
-7.450000000000267519e-01 1.062481939118069446e-07
-7.400000000000268585e-01 1.062096495428465084e-07
-7.350000000000269651e-01 9.531841693204794402e-08
-7.300000000000270717e-01 7.493283484661674312e-08
-7.250000000000271783e-01 4.740149748500584941e-08
-7.200000000000272848e-01 1.577146397242733230e-08
-7.150000000000273914e-01 -1.657328270390206376e-08
-7.100000000000274980e-01 -4.629663307140172727e-08
-7.050000000000276046e-01 -7.047109987821596028e-08
-7.000000000000277112e-01 -8.687271940260084740e-08
-6.950000000000278177e-01 -9.417909269949145654e-08
-6.900000000000279243e-01 -9.205385584418949907e-08
-6.850000000000280309e-01 -8.111648167300161848e-08
-6.800000000000281375e-01 -6.281094112639710534e-08
-6.750000000000282441e-01 -3.919835008998587235e-08
-6.700000000000283507e-01 -1.270582214489610551e-08
-6.650000000000284572e-01 1.413436721485561683e-08
-6.600000000000285638e-01 3.892437992402864256e-08
-6.550000000000286704e-01 5.959556407944369632e-08
-6.500000000000287770e-01 7.454463751606571897e-08
-6.450000000000288836e-01 8.270820966248747588e-08
-6.400000000000289901e-01 8.358200657325892407e-08
-6.350000000000290967e-01 7.719790983788114164e-08
-6.300000000000292033e-01 6.407496509116815635e-08
-6.250000000000293099e-01 4.515960710050155688e-08
-6.200000000000294165e-01 2.176599813909697509e-08
-6.150000000000295231e-01 -4.479239332564137937e-09
-6.100000000000296296e-01 -3.169087270844823363e-08
-6.050000000000297362e-01 -5.778659648251246084e-08
-6.000000000000298428e-01 -8.056876599581926693e-08
-5.950000000000299494e-01 -9.783841700029631223e-08
-5.900000000000300560e-01 -1.075490375435875969e-07
-5.850000000000301625e-01 -1.079991976273700134e-07
-5.800000000000302691e-01 -9.805232660097092312e-08
-5.750000000000303757e-01 -7.736059295123846354e-08
-5.700000000000304823e-01 -4.656027863208970506e-08
-5.650000000000305889e-01 -7.400521712445368368e-09
-5.600000000000306954e-01 3.723233215226121200e-08
-5.550000000000308020e-01 8.342523888201724499e-08
-5.500000000000309086e-01 1.265001204805246362e-07
-5.450000000000310152e-01 1.614231592448804246e-07
-5.400000000000311218e-01 1.833351064996340911e-07
-5.350000000000312284e-01 1.881528903787532991e-07
-5.300000000000313349e-01 1.731734117689157773e-07
-5.250000000000314415e-01 1.375983542559931290e-07
-5.200000000000315481e-01 8.289705027490693902e-08
-5.150000000000316547e-01 1.293466273265854447e-08
-5.100000000000317613e-01 -6.618476000453164908e-08
-5.050000000000318678e-01 -1.465781799842168068e-07
-5.000000000000319744e-01 -2.193248441872775058e-07
-4.950000000000320810e-01 -2.754261622911766542e-07
-4.900000000000321876e-01 -3.068842022046343210e-07
-4.850000000000322942e-01 -3.077714362124563279e-07
-4.800000000000324007e-01 -2.751518110002036357e-07
-4.750000000000325073e-01 -2.097187962936817030e-07
-4.700000000000326139e-01 -1.160407763966655239e-07
-4.650000000000327205e-01 -2.346279205815557446e-09
-4.600000000000328271e-01 1.201632996464150612e-07
-4.550000000000329337e-01 2.384242723169724596e-07
-4.500000000000330402e-01 3.389355096462817488e-07
-4.450000000000331468e-01 4.093389516034790436e-07
-4.400000000000332534e-01 4.399654636083705035e-07
-4.350000000000333600e-01 4.251475701618969988e-07
-4.300000000000334666e-01 3.641186566993001864e-07
-4.250000000000335731e-01 2.613616191646408668e-07
-4.200000000000336797e-01 1.263341287502687629e-07
-4.150000000000337863e-01 -2.742505680274704429e-08
-4.100000000000338929e-01 -1.837239278824240330e-07
-4.050000000000339995e-01 -3.255217819203087827e-07
-4.000000000000341061e-01 -4.368984897555429857e-07
-3.950000000000342126e-01 -5.049480121850308733e-07
-3.900000000000343192e-01 -5.213581857590582376e-07
-3.850000000000344258e-01 -4.834727828832459955e-07
-3.800000000000345324e-01 -3.946935596501476450e-07
-3.750000000000346390e-01 -2.641616938565827190e-07
-3.700000000000347455e-01 -1.057490068861669925e-07
-3.650000000000348521e-01 6.352249006625879032e-08
-3.600000000000349587e-01 2.254407900278010170e-07
-3.550000000000350653e-01 3.627032194345895392e-07
-3.500000000000351719e-01 4.608969624310200164e-07
-3.450000000000352784e-01 5.101191374208686063e-07
-3.400000000000353850e-01 5.060423742521791580e-07
-3.350000000000354916e-01 4.503041021840391956e-07
-3.300000000000355982e-01 3.501847502100725901e-07
-3.250000000000357048e-01 2.176299621373727481e-07
-3.200000000000358114e-01 6.775273019679289632e-08
-3.150000000000359179e-01 -8.298745388920233964e-08
-3.100000000000360245e-01 -2.186973100869119620e-07
-3.050000000000361311e-01 -3.258200255044312811e-07
-3.000000000000362377e-01 -3.945557026005246879e-07
-2.950000000000363443e-01 -4.197770499466168703e-07
-2.900000000000364508e-01 -4.013552183060799146e-07
-2.850000000000365574e-01 -3.438879983502325939e-07
-2.800000000000366640e-01 -2.558968496653954269e-07
-2.750000000000367706e-01 -1.486208589874134702e-07
-2.700000000000368772e-01 -3.457739447913908816e-08
-2.650000000000369837e-01 7.392328467343570611e-08
-2.600000000000370903e-01 1.661295950297497088e-07
-2.550000000000371969e-01 2.339161023134763731e-07
-2.500000000000373035e-01 2.724629771824548593e-07
-2.450000000000374101e-01 2.804993065036381945e-07
-2.400000000000375167e-01 2.601193936518218143e-07
-2.350000000000376232e-01 2.162323702832918557e-07
-2.300000000000377298e-01 1.557444737170971569e-07
-2.250000000000378364e-01 8.659628852214811590e-08
-2.200000000000379430e-01 1.678267591257884927e-08
-2.150000000000380496e-01 -4.652795383525132747e-08
-2.100000000000381561e-01 -9.768282669093059121e-08
-2.050000000000382627e-01 -1.329835384752183719e-07
-2.000000000000383693e-01 -1.508523194405152856e-07
-1.950000000000384759e-01 -1.517391801634648362e-07
-1.900000000000385825e-01 -1.378127921394720525e-07
-1.850000000000386891e-01 -1.124985367887313698e-07
-1.800000000000387956e-01 -7.993729837945655148e-08
-1.750000000000389022e-01 -4.443832110720665432e-08
-1.700000000000390088e-01 -9.990194286197862344e-09
-1.650000000000391154e-01 2.012184048952036964e-08
-1.600000000000392220e-01 4.356362464236003329e-08
-1.550000000000393285e-01 5.905647369057713235e-08
-1.500000000000394351e-01 6.634811872269278298e-08
-1.450000000000395417e-01 6.607439359132981674e-08
-1.400000000000396483e-01 5.954498911018339702e-08
-1.350000000000397549e-01 4.849020696898740659e-08
-1.300000000000398614e-01 3.480417039933045344e-08
-1.250000000000399680e-01 2.031440181950231305e-08
-1.200000000000400746e-01 6.599433955902483173e-09
-1.150000000000401812e-01 -5.133328701604784252e-09
-1.100000000000402878e-01 -1.410654596616714933e-08
-1.050000000000403944e-01 -1.997367924289431526e-08
-1.000000000000405009e-01 -2.277242521542351730e-08
-9.500000000004060752e-02 -2.284521467144345981e-08
-9.000000000004071410e-02 -2.074222236070026476e-08
-8.500000000004082068e-02 -1.712133823551386490e-08
-8.000000000004092726e-02 -1.265700821222582515e-08
-7.500000000004103384e-02 -7.966384232195201246e-09
-7.000000000004114042e-02 -3.557444369655210336e-09
-6.500000000004124701e-02 1.998148257964225407e-10
-6.000000000004135359e-02 3.080954811154847035e-09
-5.500000000004146017e-02 4.997373824182951999e-09
-5.000000000004156675e-02 5.974383796633639783e-09
-4.500000000004167333e-02 6.122467711495524543e-09
-4.000000000004177991e-02 5.606662054811305116e-09
-3.500000000004188649e-02 4.618056287416485292e-09
-3.000000000004199308e-02 3.350161100842595411e-09
-2.500000000004209966e-02 1.981583844519335439e-09
-2.000000000004220624e-02 6.652409778958001655e-10
-1.500000000004231282e-02 -4.766371221317764899e-10
-1.000000000004241940e-02 -1.353117446370893532e-09
-5.000000000042525983e-03 -1.902525457205130506e-09
-4.263256414560601115e-14 -2.089490023354513592e-09
4.999999999957260854e-03 -1.902526507115318879e-09
9.999999999957154273e-03 -1.353119359779946403e-09
1.499999999995704769e-02 -4.766396575282753024e-10
1.999999999995694111e-02 6.652379776174455919e-10
2.499999999995683453e-02 1.981580407127450778e-09
2.999999999995672795e-02 3.350157168197553951e-09
3.499999999995662137e-02 4.618051777347641913e-09
3.999999999995651478e-02 5.606656894818304894e-09
4.499999999995640820e-02 6.122461853723435386e-09
4.999999999995630162e-02 5.974377239290805028e-09
5.499999999995619504e-02 4.997366633295360756e-09
5.999999999995608846e-02 3.080947119767812664e-09
6.499999999995598188e-02 1.998068149710626980e-10
6.999999999995587530e-02 -3.557452476409776240e-09
7.499999999995576871e-02 -7.966392145704408163e-09
7.999999999995566213e-02 -1.265701555078162904e-08
8.499999999995555555e-02 -1.712134453457761591e-08
8.999999999995544897e-02 -2.074222713153901634e-08
9.499999999995534239e-02 -2.284521747916369287e-08
9.999999999995523581e-02 -2.277242573342779005e-08
1.049999999999551292e-01 -1.997367725917059534e-08
1.099999999999550226e-01 -1.410654133732859099e-08
1.149999999999549161e-01 -5.133321270669611684e-09
1.199999999999548095e-01 6.599444432452309065e-09
1.249999999999547029e-01 2.031441567407875459e-08
1.299999999999545963e-01 3.480418795278665372e-08
1.349999999999544897e-01 4.849022836705748523e-08
1.399999999999543832e-01 5.954501420303999071e-08
1.449999999999542766e-01 6.607442195895223623e-08
1.499999999999541700e-01 6.634814985405964550e-08
1.549999999999540634e-01 5.905650720178696069e-08
1.599999999999539568e-01 4.356366038811394049e-08
1.649999999999538502e-01 2.012187851798234645e-08
1.699999999999537437e-01 -9.990153884224153511e-09
1.749999999999536371e-01 -4.443827839066998504e-08
1.799999999999535305e-01 -7.993725373717685130e-08
1.849999999999534239e-01 -1.124984910191037961e-07
1.899999999999533173e-01 -1.378127463366073956e-07
1.949999999999532108e-01 -1.517391354257782300e-07
1.999999999999531042e-01 -1.508522765676479987e-07
2.049999999999529976e-01 -1.329834978536387686e-07
2.099999999999528910e-01 -9.768278844089835785e-08
2.149999999999527844e-01 -4.652791811882563167e-08
2.199999999999526779e-01 1.678270861478370134e-08
2.249999999999525713e-01 8.659631734452063426e-08
2.299999999999524647e-01 1.557444976098328561e-07
2.349999999999523581e-01 2.162323883423849628e-07
2.399999999999522515e-01 2.601194053584355853e-07
2.449999999999521449e-01 2.804993117989688493e-07
2.499999999999520384e-01 2.724629764495549430e-07
2.549999999999519318e-01 2.339160962647179585e-07
2.599999999999518252e-01 1.661295844611974414e-07
2.649999999999517186e-01 7.392327025265470107e-08
2.699999999999516120e-01 -3.457741218677375413e-08
2.749999999999515055e-01 -1.486208793674231219e-07
2.799999999999513989e-01 -2.558968720173992650e-07
2.849999999999512923e-01 -3.438880219508341470e-07
2.899999999999511857e-01 -4.013552424552444095e-07
2.949999999999510791e-01 -4.197770740631059575e-07
2.999999999999509726e-01 -3.945557264065215663e-07
3.049999999999508660e-01 -3.258200490820438836e-07
3.099999999999507594e-01 -2.186973336523475394e-07
3.149999999999506528e-01 -8.298747749724033911e-08
3.199999999999505462e-01 6.775270675113053050e-08
3.249999999999504396e-01 2.176299392520012099e-07
3.299999999999503331e-01 3.501847283713826294e-07
3.349999999999502265e-01 4.503040818221423905e-07
3.399999999999501199e-01 5.060423555833163496e-07
3.449999999999500133e-01 5.101191203698272921e-07
3.499999999999499067e-01 4.608969466684565284e-07
3.549999999999498002e-01 3.627032045162859184e-07
3.599999999999496936e-01 2.254407755548672670e-07
3.649999999999495870e-01 6.352247576175224788e-08
3.699999999999494804e-01 -1.057490211872226301e-07
3.749999999999493738e-01 -2.641617082481009856e-07
3.799999999999492672e-01 -3.946935741792855251e-07
3.849999999999491607e-01 -4.834727975237163509e-07
3.899999999999490541e-01 -5.213582003735091173e-07
3.949999999999489475e-01 -5.049480265632906391e-07
3.999999999999488409e-01 -4.368985036955679687e-07
4.049999999999487343e-01 -3.255217952328572640e-07
4.099999999999486278e-01 -1.837239403594647739e-07
4.149999999999485212e-01 -2.742506826126852447e-08
4.199999999999484146e-01 1.263341184424005730e-07
4.249999999999483080e-01 2.613616101558659434e-07
4.299999999999482014e-01 3.641186491656792510e-07
4.349999999999480949e-01 4.251475642526315698e-07
4.399999999999479883e-01 4.399654594442560026e-07
4.449999999999478817e-01 4.093389492361402230e-07
4.499999999999477751e-01 3.389355089747089766e-07
4.549999999999476685e-01 2.384242731484377883e-07
4.599999999999475619e-01 1.201633018009838906e-07
4.649999999999474554e-01 -2.346275921629532893e-09
4.699999999999473488e-01 -1.160407721843591232e-07
4.749999999999472422e-01 -2.097187912444763763e-07
4.799999999999471356e-01 -2.751518050663148002e-07
4.849999999999470290e-01 -3.077714293405932762e-07
4.899999999999469225e-01 -3.068841944832612271e-07
4.949999999999468159e-01 -2.754261539762761393e-07
4.999999999999467093e-01 -2.193248355963444117e-07
5.049999999999466027e-01 -1.465781713733464100e-07
5.099999999999464961e-01 -6.618475153927123198e-08
5.149999999999463896e-01 1.293467095741836403e-08
5.199999999999462830e-01 8.289705823229062288e-08
5.249999999999461764e-01 1.375983619556390336e-07
5.299999999999460698e-01 1.731734191759905992e-07
5.349999999999459632e-01 1.881528973375388453e-07
5.399999999999458566e-01 1.833351127151950247e-07
5.449999999999457501e-01 1.614231643697687010e-07
5.499999999999456435e-01 1.265001242759575648e-07
5.549999999999455369e-01 8.342524130066680691e-08
5.599999999999454303e-01 3.723233329825764083e-08
5.649999999999453237e-01 -7.400521602516643343e-09
5.699999999999452172e-01 -4.656027916841583978e-08
5.749999999999451106e-01 -7.736059366140761542e-08
5.799999999999450040e-01 -9.805232707902113813e-08
5.849999999999448974e-01 -1.079991976320611863e-07
5.899999999999447908e-01 -1.075490370160278562e-07
5.949999999999446842e-01 -9.783841603919672022e-08
5.999999999999445777e-01 -8.056876477437771937e-08
6.049999999999444711e-01 -5.778659510822414881e-08
6.099999999999443645e-01 -3.169087113042198831e-08
6.149999999999442579e-01 -4.479237382028547795e-09
6.199999999999441513e-01 2.176600064907159120e-08
6.249999999999440448e-01 4.515961031499206155e-08
6.299999999999439382e-01 6.407496907712012943e-08
6.349999999999438316e-01 7.719791455774168844e-08
6.399999999999437250e-01 8.358201189317701305e-08
6.449999999999436184e-01 8.270821537380829307e-08
6.499999999999435119e-01 7.454464337847406613e-08
6.549999999999434053e-01 5.959556988929788426e-08
6.599999999999432987e-01 3.892438554618142789e-08
6.649999999999431921e-01 1.413437261447562667e-08
6.699999999999430855e-01 -1.270581688281310522e-08
6.749999999999429789e-01 -3.919834486668979120e-08
6.799999999999428724e-01 -6.281093593158804584e-08
6.849999999999427658e-01 -8.111647654166109506e-08
6.899999999999426592e-01 -9.205385083983776976e-08
6.949999999999425526e-01 -9.417908795890184300e-08
6.999999999999424460e-01 -8.687271506070931126e-08
7.049999999999423395e-01 -7.047109598417775577e-08
7.099999999999422329e-01 -4.629662965477581609e-08
7.149999999999421263e-01 -1.657327982621576113e-08
7.199999999999420197e-01 1.577146624229336665e-08
7.249999999999419131e-01 4.740149903141412829e-08
7.299999999999418065e-01 7.493283548727012601e-08
7.349999999999417000e-01 9.531841651300207058e-08
7.399999999999415934e-01 1.062096479800187870e-07
7.449999999999414868e-01 1.062481911429701924e-07
7.499999999999413802e-01 9.524876465137096918e-08
7.549999999999412736e-01 7.424660421645166876e-08
7.599999999999411671e-01 4.540007848614743435e-08
7.649999999999410605e-01 1.175750753369884712e-08
7.699999999999409539e-01 -2.308507999608237032e-08
7.749999999999408473e-01 -5.539414192250463655e-08
7.799999999999407407e-01 -8.172661353877526456e-08
7.849999999999406342e-01 -9.932308216070600109e-08
7.899999999999405276e-01 -1.064180024798028860e-07
7.949999999999404210e-01 -1.024295733210923605e-07
7.999999999999403144e-01 -8.800745226504367697e-08
8.049999999999402078e-01 -6.493468429344247844e-08
8.099999999999401012e-01 -3.589858653468321813e-08
8.149999999999399947e-01 -4.161413446733787466e-09
8.199999999999398881e-01 2.682665620975781843e-08
8.249999999999397815e-01 5.382374779047092079e-08
8.299999999999396749e-01 7.415374491854289776e-08
8.349999999999395683e-01 8.598356242004089582e-08
8.399999999999394618e-01 8.849042574813269221e-08
8.449999999999393552e-01 8.190422533983655251e-08
8.499999999999392486e-01 6.742609287650260051e-08
8.549999999999391420e-01 4.703947421490852516e-08
8.599999999999390354e-01 2.324223878958707387e-08
8.649999999999389289e-01 -1.263659488810121741e-09
8.699999999999388223e-01 -2.388554681567527517e-08
8.749999999999387157e-01 -4.241921645218632890e-08
8.799999999999386091e-01 -5.526346182661583479e-08
8.849999999999385025e-01 -6.154954121393272376e-08
8.899999999999383959e-01 -6.117702732155049969e-08
8.949999999999382894e-01 -5.475951252487057521e-08
8.999999999999381828e-01 -4.349425654443766082e-08
9.049999999999380762e-01 -2.897783285689536796e-08
9.099999999999379696e-01 -1.299435389397365248e-08
9.149999999999378630e-01 2.696346899344937004e-09
9.199999999999377565e-01 1.654589146473408588e-08
9.249999999999376499e-01 2.736072098411470741e-08
9.299999999999375433e-01 3.438982800211926022e-08
9.349999999999374367e-01 3.735309360644386312e-08
9.399999999999373301e-01 3.641411006527484015e-08
9.449999999999372235e-01 3.210764793747840606e-08
9.499999999999371170e-01 2.523616579077603789e-08
9.549999999999370104e-01 1.675163334031025888e-08
9.599999999999369038e-01 7.638472872187655480e-09
9.649999999999367972e-01 -1.189036852000506626e-09
9.699999999999366906e-01 -8.965419165304709087e-09
9.749999999999365841e-01 -1.512380602206042519e-08
9.799999999999364775e-01 -1.931649993288502310e-08
9.849999999999363709e-01 -2.140973903101576969e-08
9.899999999999362643e-01 -2.145880438182478819e-08
9.949999999999361577e-01 -1.967091766628199055e-08
9.999999999999360512e-01 -1.636330876876303776e-08
1.004999999999935945e+00 -6.849769959018071516e-09
1.009999999999935838e+00 4.288185539153022309e-09
1.014999999999935731e+00 1.401546506354682981e-08
1.019999999999935625e+00 1.994114874044912776e-08
1.024999999999935518e+00 1.923961950744113319e-08
1.029999999999935412e+00 1.074868719342260425e-08
1.034999999999935305e+00 -3.439533075423871499e-09
1.039999999999935199e+00 -1.822253597425810438e-08
1.044999999999935092e+00 -2.739978616995954823e-08
1.049999999999934985e+00 -2.630967325419100776e-08
1.054999999999934879e+00 -1.403970209077662315e-08
1.059999999999934772e+00 5.725358123573956742e-09
1.064999999999934666e+00 2.565936990226816444e-08
1.069999999999934559e+00 3.737271064245611393e-08
1.074999999999934452e+00 3.482163560994003954e-08
1.079999999999934346e+00 1.731217786393934764e-08
1.084999999999934239e+00 -9.276378157434272937e-09
1.089999999999934133e+00 -3.410661658327683247e-08
1.094999999999934026e+00 -4.597685684819079740e-08
1.099999999999933920e+00 -3.936828735673793897e-08
1.104999999999933813e+00 -1.680960666047193201e-08
1.109999999999933706e+00 1.314385443763479055e-08
1.114999999999933600e+00 3.800730845483624779e-08
1.119999999999933493e+00 4.664050829325634155e-08
1.124999999999933387e+00 3.629894846782486268e-08
1.129999999999933280e+00 1.262796001849119028e-08
1.134999999999933173e+00 -1.401883530319725335e-08
1.139999999999933067e+00 -3.327797040290509712e-08
1.144999999999932960e+00 -3.862417579142876318e-08
1.149999999999932854e+00 -2.930326487929384399e-08
1.154999999999932747e+00 -1.004115345508950383e-08
1.159999999999932641e+00 1.112775464448197160e-08
1.164999999999932534e+00 2.607935761675013242e-08
1.169999999999932427e+00 2.976145877023917475e-08
1.174999999999932321e+00 2.219984370984455613e-08
1.179999999999932214e+00 8.591052408669245692e-09
1.184999999999932108e+00 -2.543230369473044083e-09
1.189999999999932001e+00 -1.982789903589197790e-09
1.194999999999931894e+00 1.963068518568055181e-08
1.199999999999931788e+00 7.840131305255820801e-08
1.204999999999931681e+00 1.964597034897640668e-07
1.209999999999931575e+00 4.505173161808160619e-07
1.214999999999931468e+00 9.537095052604449884e-07
1.219999999999931362e+00 1.847118654430460847e-06
1.224999999999931255e+00 3.443236171109581017e-06
1.229999999999931148e+00 6.251986085658099550e-06
1.234999999999931042e+00 1.100077132049715575e-05
1.239999999999930935e+00 1.867706291395279932e-05
1.244999999999930829e+00 3.056656706493953200e-05
1.249999999999930722e+00 4.822990164861377840e-05
1.254999999999930616e+00 7.335391968132539927e-05
1.259999999999930509e+00 1.074282589270402654e-04
1.264999999999930402e+00 1.512313012783448717e-04
1.269999999999930296e+00 2.041604195546342225e-04
1.274999999999930189e+00 2.635070997795896028e-04
1.279999999999930083e+00 3.238561806710114877e-04
1.284999999999929976e+00 3.768779758399641903e-04
1.289999999999929869e+00 4.118803648944474962e-04
1.294999999999929763e+00 4.175929841168980489e-04
1.299999999999929656e+00 3.857653424762147497e-04
1.304999999999929550e+00 3.167262048555876557e-04
1.309999999999929443e+00 2.240283584306522143e-04
1.314999999999929337e+00 1.439883388945930297e-04
1.319999999999929230e+00 1.417315966011364968e-04
1.324999999999929123e+00 3.100215680661355861e-04
1.329999999999929017e+00 7.683698747759831792e-04
1.334999999999928910e+00 1.655109688159164946e-03
1.339999999999928804e+00 3.110430778805813642e-03
1.344999999999928697e+00 5.252134130396148189e-03
1.349999999999928590e+00 8.148230258842802456e-03
1.354999999999928484e+00 1.179164254938464343e-02
1.359999999999928377e+00 1.608234902331178232e-02
1.364999999999928271e+00 2.082146698617327873e-02
1.369999999999928164e+00 2.572021900524103233e-02
1.374999999999928058e+00 3.042457963019731815e-02
1.379999999999927951e+00 3.455385422199768602e-02
1.384999999999927844e+00 3.774864820515886482e-02
1.389999999999927738e+00 3.972081102285100057e-02
1.394999999999927631e+00 4.029514806665774468e-02
1.399999999999927525e+00 3.943014988822472755e-02
1.404999999999927418e+00 3.722259535015622761e-02
1.409999999999927311e+00 3.389427908818349461e-02
1.414999999999927205e+00 2.975543147544866887e-02
1.419999999999927098e+00 2.516140858731833949e-02
1.424999999999926992e+00 2.046724256622090704e-02
1.429999999999926885e+00 1.598556862422966310e-02
1.434999999999926779e+00 1.195663170731898692e-02
1.439999999999926672e+00 8.533589633089028528e-03
1.444999999999926565e+00 5.782496897360447051e-03
1.449999999999926459e+00 3.693946571274121793e-03
1.454999999999926352e+00 2.202139026276630270e-03
1.459999999999926246e+00 1.206907876517388520e-03
1.464999999999926139e+00 5.947377636135550054e-04
1.469999999999926033e+00 2.558276743415554980e-04
1.474999999999925926e+00 9.555962447430943246e-05
1.479999999999925819e+00 4.009800858885918519e-05
1.484999999999925713e+00 3.704195310518030963e-05
1.489999999999925606e+00 5.285386497086095854e-05
1.494999999999925500e+00 6.896428816376292434e-05
1.499999999999925393e+00 7.777841143263360829e-05
1.504999999999925286e+00 7.785670631105300141e-05
1.509999999999925180e+00 7.098637521762240870e-05
1.514999999999925073e+00 6.002941097007404985e-05
1.519999999999924967e+00 4.766182452928325913e-05
1.524999999999924860e+00 3.582702423653709472e-05
1.529999999999924754e+00 2.564652087243778338e-05
1.534999999999924647e+00 1.755788520609364201e-05
1.539999999999924540e+00 1.153173643015837596e-05
1.544999999999924434e+00 7.281698604944648949e-06
1.549999999999924327e+00 4.426218963516902216e-06
1.554999999999924221e+00 2.591387659628582830e-06
1.559999999999924114e+00 1.461924271866294886e-06
1.564999999999924007e+00 7.957931106649569283e-07
1.569999999999923901e+00 4.189681102228173888e-07
1.574999999999923794e+00 2.131798250369237089e-07
1.579999999999923688e+00 1.035327910596058021e-07
1.584999999999923581e+00 4.717225460719249978e-08
1.589999999999923475e+00 2.119601839557339846e-08
1.594999999999923368e+00 1.024090369528095736e-08
1.599999999999923261e+00 4.115080853903705278e-09
1.604999999999923155e+00 1.704022765586232710e-09
1.609999999999923048e+00 6.718830253338262028e-10
1.614999999999922942e+00 2.423419259640331534e-10
1.619999999999922835e+00 6.880332051383312070e-11
1.624999999999922728e+00 4.325189678401974832e-12
1.629999999999922622e+00 -1.326131673745065272e-11
1.634999999999922515e+00 -1.227166597522097966e-11
1.639999999999922409e+00 -6.579289833016838434e-12
1.644999999999922302e+00 -2.201471063163695429e-12
1.649999999999922196e+00 -2.519107387806523997e-13
1.654999999999922089e+00 4.856869564599416942e-13
1.659999999999921982e+00 1.219342803406999356e-12
1.664999999999921876e+00 1.911592571251694676e-12
1.669999999999921769e+00 1.643149862264053034e-12
1.674999999999921663e+00 6.184836904152467230e-14
1.679999999999921556e+00 -1.537709274813824892e-12
1.684999999999921450e+00 -1.095032471615869460e-12
1.689999999999921343e+00 1.175153260296381317e-12
1.694999999999921236e+00 1.027526659405391370e-12
1.699999999999921130e+00 -2.119074403733386942e-13
1.704999999999921023e+00 -3.034108677909709815e-13
1.709999999999920917e+00 -1.183597261550942685e-13
1.714999999999920810e+00 7.658957183439301008e-14
1.719999999999920703e+00 1.354302983674838667e-13
1.724999999999920597e+00 7.216153993736845068e-14
1.729999999999920490e+00 -2.315859622806490009e-14
1.734999999999920384e+00 -7.264808679907844845e-14
1.739999999999920277e+00 -5.461322917136479042e-14
1.744999999999920171e+00 6.815215545593878499e-16
1.749999999999920064e+00 4.428623779105055167e-14
1.754999999999919957e+00 4.499412769086296269e-14
1.759999999999919851e+00 8.145884839571687639e-15
1.764999999999919744e+00 -3.181039428876009584e-14
1.769999999999919638e+00 -3.914984974792943515e-14
1.774999999999919531e+00 -7.189637731579470939e-15
1.779999999999919424e+00 3.169005087461626307e-14
1.784999999999919318e+00 3.208751312462876291e-14
1.789999999999919211e+00 -1.021689786799343566e-14
1.794999999999919105e+00 -2.884463450332334030e-14
1.799999999999918998e+00 -6.311953272539384813e-15
1.804999999999918892e+00 7.792220347131556766e-15
1.809999999999918785e+00 9.501183873938584095e-15
1.814999999999918678e+00 2.318915554825688396e-15
1.819999999999918572e+00 -3.739335040474394760e-15
1.824999999999918465e+00 -4.469211205155027420e-15
1.829999999999918359e+00 -1.459000915190165251e-15
1.834999999999918252e+00 1.694944479376193121e-15
1.839999999999918145e+00 2.598512306926831882e-15
1.844999999999918039e+00 1.210396090160538539e-15
1.849999999999917932e+00 -8.475929047679594272e-16
1.854999999999917826e+00 -1.818194426782475845e-15
1.859999999999917719e+00 -1.083325825738329194e-15
1.864999999999917613e+00 5.281390612056519266e-16
1.869999999999917506e+00 1.498150014201048474e-15
1.874999999999917399e+00 9.166457938805744099e-16
1.879999999999917293e+00 -6.146582888181640167e-16
1.884999999999917186e+00 -1.364830769995936964e-15
1.889999999999917080e+00 -3.213410023814878764e-16
1.894999999999916973e+00 9.353754502500620603e-16
1.899999999999916866e+00 5.159695705991723577e-16
1.904999999999916760e+00 -1.181920062556302603e-16
1.909999999999916653e+00 -4.030027735434642189e-16
1.914999999999916547e+00 -1.884369064939599446e-16
1.919999999999916440e+00 9.137384942684770140e-17
1.924999999999916334e+00 1.792625672267609508e-16
1.929999999999916227e+00 8.785676168124359898e-17
1.934999999999916120e+00 -4.358686379762938219e-17
1.939999999999916014e+00 -9.987618847455655991e-17
1.944999999999915907e+00 -5.922993426119686987e-17
1.949999999999915801e+00 2.187210900009360902e-17
1.954999999999915694e+00 6.924035314640862742e-17
1.959999999999915588e+00 4.869663682796542239e-17
1.964999999999915481e+00 -1.367544871314787068e-17
1.969999999999915374e+00 -5.745199902437569520e-17
1.974999999999915268e+00 -4.075195262329729796e-17
1.979999999999915161e+00 1.863154415429782028e-17
1.984999999999915055e+00 5.328269765757841213e-17
1.989999999999914948e+00 1.838209930865534372e-17
1.994999999999914841e+00 -3.091140393670544773e-17
