-2.000000000000000000e+00 -1.975523229088836538e-11
-1.995000000000000107e+00 -2.327531354944654845e-11
-1.990000000000000213e+00 -1.785694268189607266e-11
-1.985000000000000320e+00 -5.820998409903627710e-12
-1.980000000000000426e+00 7.794612192430526459e-12
-1.975000000000000533e+00 1.752659776214347867e-11
-1.970000000000000639e+00 1.990212908108298526e-11
-1.965000000000000746e+00 1.465080544523554676e-11
-1.960000000000000853e+00 4.451244299763270423e-12
-1.955000000000000959e+00 -6.411361832512348199e-12
-1.950000000000001066e+00 -1.381304367568923732e-11
-1.945000000000001172e+00 -1.530546737621859366e-11
-1.940000000000001279e+00 -1.087718686041771965e-11
-1.935000000000001386e+00 -2.756724325969522789e-12
-1.930000000000001492e+00 5.615215467634609132e-12
-1.925000000000001599e+00 1.102545543423263208e-11
-1.920000000000001705e+00 1.174832273313377533e-11
-1.915000000000001812e+00 8.058674268899761567e-12
-1.910000000000001918e+00 1.730589575813836627e-12
-1.905000000000002025e+00 -5.092181707405409952e-12
-1.900000000000002132e+00 -1.018259114159507797e-11
-1.895000000000002238e+00 -1.146568590665202437e-11
-1.890000000000002345e+00 -8.668127120588134963e-12
-1.885000000000002451e+00 -2.446538264010153918e-12
-1.880000000000002558e+00 5.659282790373774575e-12
-1.875000000000002665e+00 1.258759610189429568e-11
-1.870000000000002771e+00 1.519535473264206255e-11
-1.865000000000002878e+00 1.187814687976636741e-11
-1.860000000000002984e+00 3.411757570918700762e-12
-1.855000000000003091e+00 -7.257999986565190149e-12
-1.850000000000003197e+00 -1.609449829503483379e-11
-1.845000000000003304e+00 -1.947836911589027752e-11
-1.840000000000003411e+00 -1.561551715017572303e-11
-1.835000000000003517e+00 -5.366418866417256182e-12
-1.830000000000003624e+00 7.822453494137864355e-12
-1.825000000000003730e+00 1.896528524686153857e-11
-1.820000000000003837e+00 2.335320056370140008e-11
-1.815000000000003944e+00 1.862314411140255075e-11
-1.810000000000004050e+00 6.263598760447085324e-12
-1.805000000000004157e+00 -8.517751879200111749e-12
-1.800000000000004263e+00 -1.982905663134687444e-11
-1.795000000000004370e+00 -2.341315236343901479e-11
-1.790000000000004476e+00 -1.796840152880156470e-11
-1.785000000000004583e+00 -5.830655148442375431e-12
-1.780000000000004690e+00 7.890502733469065993e-12
-1.775000000000004796e+00 1.766550981743096521e-11
-1.770000000000004903e+00 1.999934328003802607e-11
-1.765000000000005009e+00 1.464924607337514360e-11
-1.760000000000005116e+00 4.351021635452775956e-12
-1.755000000000005222e+00 -6.555210619243309079e-12
-1.750000000000005329e+00 -1.392062585147941884e-11
-1.745000000000005436e+00 -1.531433812733401862e-11
-1.740000000000005542e+00 -1.077657890325609296e-11
-1.735000000000005649e+00 -2.596604415081878064e-12
-1.730000000000005755e+00 5.747047171304178246e-12
-1.725000000000005862e+00 1.105030014008257981e-11
-1.720000000000005969e+00 1.164513883299216650e-11
-1.715000000000006075e+00 7.884068834342730447e-12
-1.710000000000006182e+00 1.587398981816684857e-12
-1.705000000000006288e+00 -5.127833410679762731e-12
-1.700000000000006395e+00 -1.009555835875159118e-11
-1.695000000000006501e+00 -1.129912290094811708e-11
-1.690000000000006608e+00 -8.510167999471122944e-12
-1.685000000000006715e+00 -2.386742036267748023e-12
-1.680000000000006821e+00 5.587071767967885335e-12
-1.675000000000006928e+00 1.242703296376018735e-11
-1.670000000000007034e+00 1.503843288125666633e-11
-1.665000000000007141e+00 1.181060199616348071e-11
-1.660000000000007248e+00 3.466713586865112555e-12
-1.655000000000007354e+00 -7.115140439832512975e-12
-1.650000000000007461e+00 -1.594510811022127435e-11
-1.645000000000007567e+00 -1.940594704511907745e-11
-1.640000000000007674e+00 -1.566004716038595746e-11
-1.635000000000007780e+00 -5.501015988334336074e-12
-1.630000000000007887e+00 7.678786393102026348e-12
-1.625000000000007994e+00 1.890188132276229246e-11
-1.620000000000008100e+00 2.341107394063409664e-11
-1.615000000000008207e+00 1.876267275430976774e-11
-1.610000000000008313e+00 6.387985229554132726e-12
-1.605000000000008420e+00 -8.486088165129212552e-12
-1.600000000000008527e+00 -1.990322928259816868e-11
-1.595000000000008633e+00 -2.354948417262893436e-11
-1.590000000000008740e+00 -1.808150682423347857e-11
-1.585000000000008846e+00 -5.844066782048207599e-12
-1.580000000000008953e+00 7.986226730575737053e-12
-1.575000000000009059e+00 1.780969981635853606e-11
-1.570000000000009166e+00 2.010319247670910934e-11
-1.565000000000009273e+00 1.464973582980802058e-11
-1.560000000000009379e+00 4.245811982376091488e-12
-1.555000000000009486e+00 -6.707797202996638022e-12
-1.550000000000009592e+00 -1.403396091364307216e-11
-1.545000000000009699e+00 -1.532090013645281030e-11
-1.540000000000009805e+00 -1.066656806287027596e-11
-1.535000000000009912e+00 -2.427286887616985543e-12
-1.530000000000010019e+00 5.879217300350120068e-12
-1.525000000000010125e+00 1.106450669539223623e-11
-1.520000000000010232e+00 1.152982461339524659e-11
-1.515000000000010338e+00 7.712342339023385949e-12
-1.510000000000010445e+00 1.468674164247882739e-12
-1.505000000000010552e+00 -5.139833535480354467e-12
-1.500000000000010658e+00 -1.002186109387479996e-11
-1.495000000000010765e+00 -1.123538031960697418e-11
-1.490000000000010871e+00 -8.381484997890836866e-12
-1.485000000000010978e+00 -2.184623640982819043e-12
-1.480000000000011084e+00 5.625969301682843731e-12
-1.475000000000011191e+00 1.215757249643790269e-11
-1.470000000000011298e+00 1.454805995877210063e-11
-1.465000000000011404e+00 1.132835081534449515e-11
-1.460000000000011511e+00 3.223618505162542743e-12
-1.455000000000011617e+00 -6.928620539913220600e-12
-1.450000000000011724e+00 -1.511897453227775509e-11
-1.445000000000011831e+00 -1.766968041797614217e-11
-1.440000000000011937e+00 -1.282436192536546600e-11
-1.435000000000012044e+00 -1.869894020836691049e-12
-1.430000000000012150e+00 1.072303673735650683e-11
-1.425000000000012257e+00 1.848104277649013252e-11
-1.420000000000012363e+00 1.545162899737742618e-11
-1.415000000000012470e+00 -3.901894017871272813e-13
-1.410000000000012577e+00 -2.396689413287532351e-11
-1.405000000000012683e+00 -4.211406098814735057e-11
-1.400000000000012790e+00 -3.779315677553066569e-11
-1.395000000000012896e+00 4.454599697957677184e-12
-1.390000000000013003e+00 8.231048854440551636e-11
-1.385000000000013110e+00 1.522571260066861086e-10
-1.380000000000013216e+00 1.919790808925532177e-10
-1.375000000000013323e+00 1.611119367304413806e-10
-1.370000000000013429e+00 1.065641783258012269e-11
-1.365000000000013536e+00 -2.727993272691525870e-10
-1.360000000000013642e+00 -6.219389371431002040e-10
-1.355000000000013749e+00 -8.766083512648562745e-10
-1.350000000000013856e+00 -8.247526481777262675e-10
-1.345000000000013962e+00 -2.944621510623028733e-10
-1.340000000000014069e+00 7.288009794623131922e-10
-1.335000000000014175e+00 2.005778164616246584e-09
-1.330000000000014282e+00 3.023912404636254372e-09
-1.325000000000014388e+00 3.105134185038257040e-09
-1.320000000000014495e+00 1.663674438846532032e-09
-1.315000000000014602e+00 -1.418831070823658850e-09
-1.310000000000014708e+00 -5.422982612652099105e-09
-1.305000000000014815e+00 -8.677144182735591018e-09
-1.300000000000014921e+00 -9.124886091418109412e-09
-1.295000000000015028e+00 -5.029133007331420167e-09
-1.290000000000015135e+00 2.679435165830017710e-09
-1.285000000000015241e+00 1.212766232833089729e-08
-1.280000000000015348e+00 2.008058167302841322e-08
-1.275000000000015454e+00 2.120394769053412295e-08
-1.270000000000015561e+00 1.210984040570896003e-08
-1.265000000000015667e+00 -5.575249415763810445e-09
-1.260000000000015774e+00 -2.519200505948867878e-08
-1.255000000000015881e+00 -3.781099332711447730e-08
-1.250000000000015987e+00 -3.628632295498434654e-08
-1.245000000000016094e+00 -1.877883368165118902e-08
-1.240000000000016200e+00 9.742135216221682393e-09
-1.235000000000016307e+00 3.874584936032402050e-08
-1.230000000000016414e+00 5.589575686098141733e-08
-1.225000000000016520e+00 5.212961155949540678e-08
-1.220000000000016627e+00 2.618968940925553085e-08
-1.215000000000016733e+00 -1.348019876184881329e-08
-1.210000000000016840e+00 -5.105268024642131104e-08
-1.205000000000016946e+00 -6.999100977130004982e-08
-1.200000000000017053e+00 -6.161243905981557453e-08
-1.195000000000017160e+00 -2.872441483384698943e-08
-1.190000000000017266e+00 1.651337003846517815e-08
-1.185000000000017373e+00 5.575184760919691791e-08
-1.180000000000017479e+00 7.186095753271413503e-08
-1.175000000000017586e+00 5.931618421272182843e-08
-1.170000000000017693e+00 2.507033051028706291e-08
-1.165000000000017799e+00 -1.609944493336486136e-08
-1.160000000000017906e+00 -4.826681050994779862e-08
-1.155000000000018012e+00 -6.032780226107092571e-08
-1.150000000000018119e+00 -4.949786258927702293e-08
-1.145000000000018225e+00 -2.158607427271791685e-08
-1.140000000000018332e+00 1.172239619842812316e-08
-1.135000000000018439e+00 3.751934965581029177e-08
-1.130000000000018545e+00 4.664534998568932296e-08
-1.125000000000018652e+00 3.717868486036859769e-08
-1.120000000000018758e+00 1.494149948131610423e-08
-1.115000000000018865e+00 -9.578088789496357999e-09
-1.110000000000018971e+00 -2.688228061201143894e-08
-1.105000000000019078e+00 -3.326706797884293467e-08
-1.100000000000019185e+00 -2.798646620779614714e-08
-1.095000000000019291e+00 -1.261879670664999454e-08
-1.090000000000019398e+00 6.260466671392328446e-09
-1.085000000000019504e+00 2.272130135359602350e-08
-1.080000000000019611e+00 3.202353259739038677e-08
-1.075000000000019718e+00 2.996234631238552430e-08
-1.070000000000019824e+00 1.564324238852312148e-08
-1.065000000000019931e+00 -6.834112679444530884e-09
-1.060000000000020037e+00 -2.926209442423143008e-08
-1.055000000000020144e+00 -4.236094454970395467e-08
-1.050000000000020250e+00 -3.958987845563682984e-08
-1.045000000000020357e+00 -2.015412309675114314e-08
-1.040000000000020464e+00 1.002427776352496152e-08
-1.035000000000020570e+00 3.990130715811938872e-08
-1.030000000000020677e+00 5.713923481382226916e-08
-1.025000000000020783e+00 5.301216426590531212e-08
-1.020000000000020890e+00 2.664324836142091382e-08
-1.015000000000020997e+00 -1.333047422961715538e-08
-1.010000000000021103e+00 -5.110038178272435963e-08
-1.005000000000021210e+00 -7.017681467091695087e-08
-1.000000000000021316e+00 -6.185428428486002936e-08
-9.950000000000214229e-01 -4.682191095504570700e-08
-9.900000000000215294e-01 -2.755676982727316315e-08
-9.850000000000216360e-01 -6.170068767446563837e-09
-9.800000000000217426e-01 1.506828743301299195e-08
-9.750000000000218492e-01 3.398401682204802989e-08
-9.700000000000219558e-01 4.873305035349785799e-08
-9.650000000000220624e-01 5.798976502471370791e-08
-9.600000000000221689e-01 6.106883946933635106e-08
-9.550000000000222755e-01 5.796952172538708324e-08
-9.500000000000223821e-01 4.934089694407526028e-08
-9.450000000000224887e-01 3.637623905165645090e-08
-9.400000000000225953e-01 2.065253814771178737e-08
-9.350000000000227018e-01 3.936884249035304194e-09
-9.300000000000228084e-01 -1.201600630046679478e-08
-9.250000000000229150e-01 -2.565135693009039098e-08
-9.200000000000230216e-01 -3.576660411084031421e-08
-9.150000000000231282e-01 -4.161360999380015494e-08
-9.100000000000232347e-01 -4.294303772686824564e-08
-9.050000000000233413e-01 -3.999050026828906681e-08
-9.000000000000234479e-01 -3.341092515520637304e-08
-8.950000000000235545e-01 -2.417304975255892552e-08
-8.900000000000236611e-01 -1.342951262252290249e-08
-8.850000000000237677e-01 -2.379371001426918127e-09
-8.800000000000238742e-01 7.860909572131811371e-09
-8.750000000000239808e-01 1.636457005135556776e-08
-8.700000000000240874e-01 2.247030094774313152e-08
-8.650000000000241940e-01 2.582177906353756288e-08
-8.600000000000243006e-01 2.637084743856438044e-08
-8.550000000000244071e-01 2.434833027840926760e-08
-8.500000000000245137e-01 2.020962752382797551e-08
-8.450000000000246203e-01 1.456413094532271563e-08
-8.400000000000247269e-01 8.098074259131149635e-09
-8.350000000000248335e-01 1.499784190355248862e-09
-8.300000000000249401e-01 -4.605307913087861182e-09
-8.250000000000250466e-01 -9.704757841579468076e-09
-8.200000000000251532e-01 -1.343162988247305388e-08
-8.150000000000252598e-01 -1.557912216269159936e-08
-8.100000000000253664e-01 -1.609892196710374409e-08
-8.050000000000254730e-01 -1.508629016311405119e-08
-8.000000000000255795e-01 -1.275559877896171465e-08
-7.950000000000256861e-01 -9.410158526898663276e-09
-7.900000000000257927e-01 -5.409794131708429248e-09
-7.850000000000258993e-01 -1.138928188350104844e-09
-7.800000000000260059e-01 3.022890373308284753e-09
-7.750000000000261124e-01 6.726855447270968896e-09
-7.700000000000262190e-01 9.676615044526726318e-09
-7.650000000000263256e-01 1.164562684438242111e-08
-7.600000000000264322e-01 1.249007022888056496e-08
-7.550000000000265388e-01 1.215714539772528240e-08
-7.500000000000266454e-01 1.068841420931455580e-08
-7.450000000000267519e-01 8.217682747461293516e-09
-7.400000000000268585e-01 4.962900613277867707e-09
-7.350000000000269651e-01 1.211734395618893998e-09
-7.300000000000270717e-01 -2.699107141683657354e-09
-7.250000000000271783e-01 -6.410086530870398100e-09
-7.200000000000272848e-01 -9.569115393964982812e-09
-7.150000000000273914e-01 -1.186364606407580994e-08
-7.100000000000274980e-01 -1.305168197188147859e-08
-7.050000000000276046e-01 -1.298843894714180018e-08
-7.000000000000277112e-01 -1.164540039810408182e-08
-6.950000000000278177e-01 -9.118965084378681812e-09
-6.900000000000279243e-01 -5.626782778730436019e-09
-6.850000000000280309e-01 -1.491135859336901876e-09
-6.800000000000281375e-01 2.889785391072709888e-09
-6.750000000000282441e-01 7.080336259595312496e-09
-6.700000000000283507e-01 1.065186210437182233e-08
-6.650000000000284572e-01 1.322840724077837316e-08
-6.600000000000285638e-01 1.452850733526389143e-08
-6.550000000000286704e-01 1.439806311090552393e-08
-6.500000000000287770e-01 1.283011982414242907e-08
-6.450000000000288836e-01 9.968776899625473944e-09
-6.400000000000289901e-01 6.096267314305995686e-09
-6.350000000000290967e-01 1.604254515357788153e-09
-6.300000000000292033e-01 -3.047661619737050015e-09
-6.250000000000293099e-01 -7.381616439526918715e-09
-6.200000000000294165e-01 -1.095363765651199044e-08
-6.150000000000295231e-01 -1.340221304031607324e-08
-6.100000000000296296e-01 -1.448756893546513085e-08
-6.050000000000297362e-01 -1.411705391769145829e-08
-6.000000000000298428e-01 -1.235369870102434992e-08
-5.950000000000299494e-01 -9.407067927208777401e-09
-5.900000000000300560e-01 -5.607667073374978696e-09
-5.850000000000301625e-01 -1.368140577824643710e-09
-5.800000000000302691e-01 2.863957412673612291e-09
-5.750000000000303757e-01 6.656113909464642016e-09
-5.700000000000304823e-01 9.637628600556178780e-09
-5.650000000000305889e-01 1.153784868235688958e-08
-5.600000000000306954e-01 1.221170384758650484e-08
-5.550000000000308020e-01 1.165005116032491872e-08
-5.500000000000309086e-01 9.974261334678009708e-09
-5.450000000000310152e-01 7.416393820233488608e-09
-5.400000000000311218e-01 4.287973670227631462e-09
-5.350000000000312284e-01 9.415970369819223294e-10
-5.300000000000313349e-01 -2.269778685463100197e-09
-5.250000000000314415e-01 -5.031009356011354963e-09
-5.200000000000315481e-01 -7.096156273304969696e-09
-5.150000000000316547e-01 -8.309938922190552619e-09
-5.100000000000317613e-01 -8.617497609783864295e-09
-5.050000000000318678e-01 -8.062238272973347047e-09
-5.000000000000319744e-01 -6.772969132366611794e-09
-4.950000000000320810e-01 -4.942714090146310886e-09
-4.900000000000321876e-01 -2.802371663902909511e-09
-4.850000000000322942e-01 -5.927130721709454851e-10
-4.800000000000324007e-01 1.461923006842049230e-09
-4.750000000000325073e-01 3.175419404448409412e-09
-4.700000000000326139e-01 4.415166301285696985e-09
-4.650000000000327205e-01 5.109848346720103533e-09
-4.600000000000328271e-01 5.249742867676995882e-09
-4.550000000000329337e-01 4.880426567106184409e-09
-4.500000000000330402e-01 4.091455418636264673e-09
-4.450000000000331468e-01 3.001967853317608709e-09
-4.400000000000332534e-01 1.745248565325379211e-09
-4.350000000000333600e-01 4.541061342961882523e-10
-4.300000000000334666e-01 -7.514763220712052667e-10
-4.250000000000335731e-01 -1.773478468348124007e-09
-4.200000000000336797e-01 -2.541384393048003889e-09
-4.150000000000337863e-01 -3.014251140408262146e-09
-4.100000000000338929e-01 -3.179818307015218440e-09
-4.050000000000339995e-01 -3.051411038344174658e-09
-4.000000000000341061e-01 -2.663464307432883631e-09
-3.950000000000342126e-01 -2.066427839122990195e-09
-3.900000000000343192e-01 -1.321638516901398819e-09
-3.850000000000344258e-01 -4.965229975636464009e-10
-3.800000000000345324e-01 3.397280533842500095e-10
-3.750000000000346390e-01 1.120044728646887996e-09
-3.700000000000347455e-01 1.783044208156743205e-09
-3.650000000000348521e-01 2.276402336230632866e-09
-3.600000000000349587e-01 2.560074451852298518e-09
-3.550000000000350653e-01 2.609276546056254763e-09
-3.500000000000351719e-01 2.416990540249013078e-09
-3.450000000000352784e-01 1.995638026657019926e-09
-3.400000000000353850e-01 1.377512181612601968e-09
-3.350000000000354916e-01 6.135922090769818995e-10
-3.300000000000355982e-01 -2.295044818145366440e-10
-3.250000000000357048e-01 -1.074462516291921664e-09
-3.200000000000358114e-01 -1.839862949978095019e-09
-3.150000000000359179e-01 -2.447914179746901433e-09
-3.100000000000360245e-01 -2.832559741106986519e-09
-3.050000000000361311e-01 -2.947044396455537637e-09
-3.000000000000362377e-01 -2.769978846882204513e-09
-2.950000000000363443e-01 -2.309037984530894438e-09
-2.900000000000364508e-01 -1.601654829152449811e-09
-2.850000000000365574e-01 -7.124080432599718158e-10
-2.800000000000366640e-01 2.727969564763593607e-10
-2.750000000000367706e-01 1.255238966621140143e-09
-2.700000000000368772e-01 2.133701470566511100e-09
-2.650000000000369837e-01 2.815451442757515797e-09
-2.600000000000370903e-01 3.226597183895696693e-09
-2.550000000000371969e-01 3.320580102201013619e-09
-2.500000000000373035e-01 3.083751379953443971e-09
-2.450000000000374101e-01 2.537319268414959340e-09
-2.400000000000375167e-01 1.735383984649720988e-09
-2.350000000000376232e-01 7.592491155507151657e-10
-2.300000000000377298e-01 -2.913502203573476389e-10
-2.250000000000378364e-01 -1.309089798019435771e-09
-2.200000000000379430e-01 -2.190710653195998388e-09
-2.150000000000380496e-01 -2.848137495915946768e-09
-2.100000000000381561e-01 -3.217790169771945522e-09
-2.050000000000382627e-01 -3.267047899011434750e-09
-2.000000000000383693e-01 -2.997178818230191969e-09
-1.950000000000384759e-01 -2.442475410583154113e-09
-1.900000000000385825e-01 -1.665785109242102615e-09
-1.850000000000386891e-01 -7.510387065133760905e-10
-1.800000000000387956e-01 2.062920266729669649e-10
-1.750000000000389022e-01 1.109668972031302382e-09
-1.700000000000390088e-01 1.871690914179144236e-09
-1.650000000000391154e-01 2.422900749160222884e-09
-1.600000000000392220e-01 2.718279262891598281e-09
-1.550000000000393285e-01 2.740812964864554183e-09
-1.500000000000394351e-01 2.501884877881891827e-09
-1.450000000000395417e-01 2.038609345607169732e-09
-1.400000000000396483e-01 1.408570184905257963e-09
-1.350000000000397549e-01 6.826877959621777781e-10
-1.300000000000398614e-01 -6.289210534578192578e-11
-1.250000000000399680e-01 -7.549413998502321386e-10
-1.200000000000400746e-01 -1.330435687244744552e-09
-1.150000000000401812e-01 -1.742251817721555712e-09
-1.100000000000402878e-01 -1.962775091068848423e-09
-1.050000000000403944e-01 -1.985185766261080169e-09
-1.000000000000405009e-01 -1.822472304234390002e-09
-9.500000000004060752e-02 -1.504469600962965364e-09
-9.000000000004071410e-02 -1.073416573648584312e-09
-8.500000000004082068e-02 -5.786496560392502581e-10
-8.000000000004092726e-02 -7.108825776551759908e-11
-7.500000000004103384e-02 4.018729253622577839e-10
-7.000000000004114042e-02 8.005598251927424096e-10
-6.500000000004124701e-02 1.095957398618026462e-09
-6.000000000004135359e-02 1.271228904589527695e-09
-5.500000000004146017e-02 1.321838013234412560e-09
-5.000000000004156675e-02 1.254455290059681429e-09
-4.500000000004167333e-02 1.084947928085639099e-09
-4.000000000004177991e-02 8.358155772805699847e-10
-3.500000000004188649e-02 5.334428855463287028e-10
-3.000000000004199308e-02 2.054961498587494255e-10
-2.500000000004209966e-02 -1.212906593292031249e-10
-2.000000000004220624e-02 -4.227995655076608050e-10
-1.500000000004231282e-02 -6.786488723762913353e-10
-1.000000000004241940e-02 -8.728107021087196695e-10
-5.000000000042525983e-03 -9.938518948470635071e-10
-4.263256414560601115e-14 -1.034953177655119907e-09
4.999999999957260854e-03 -9.938519091139907827e-10
9.999999999957154273e-03 -8.728107359153330174e-10
1.499999999995704769e-02 -6.786489341055781237e-10
1.999999999995694111e-02 -4.227996630913120501e-10
2.499999999995683453e-02 -1.212907966509993842e-10
2.999999999995672795e-02 2.054959750565209905e-10
3.499999999995662137e-02 5.334426812101608073e-10
3.999999999995651478e-02 8.358153541008520918e-10
4.499999999995640820e-02 1.084947695308020172e-09
4.999999999995630162e-02 1.254455051918838270e-09
5.499999999995619504e-02 1.321837767555976645e-09
5.999999999995608846e-02 1.271228644065257603e-09
6.499999999995598188e-02 1.095957114130545162e-09
6.999999999995587530e-02 8.005595099167015302e-10
7.499999999995576871e-02 4.018725783074343984e-10
7.999999999995566213e-02 -7.108862984826075512e-11
8.499999999995555555e-02 -5.786500391119073941e-10
8.999999999995544897e-02 -1.073416949387085905e-09
9.499999999995534239e-02 -1.504469951635841335e-09
9.999999999995523581e-02 -1.822472617803210438e-09
1.049999999999551292e-01 -1.985186039534030535e-09
1.099999999999550226e-01 -1.962775329282793669e-09
1.149999999999549161e-01 -1.742252030511401934e-09
1.199999999999548095e-01 -1.330435882821179569e-09
1.249999999999547029e-01 -7.549415802620832723e-10
1.299999999999545963e-01 -6.289226520313457934e-11
1.349999999999544897e-01 6.826876668335438353e-10
1.399999999999543832e-01 1.408570096613430608e-09
1.449999999999542766e-01 2.038609303999832719e-09
1.499999999999541700e-01 2.501884883176753097e-09
1.549999999999540634e-01 2.740813013282560937e-09
1.599999999999539568e-01 2.718279349583366129e-09
1.649999999999538502e-01 2.422900870230344495e-09
1.699999999999537437e-01 1.871691066699683551e-09
1.749999999999536371e-01 1.109669152600516769e-09
1.799999999999535305e-01 2.062922300685569107e-10
1.849999999999534239e-01 -7.510384873169661863e-10
1.899999999999533173e-01 -1.665784881637074634e-09
1.949999999999532108e-01 -2.442475180603293076e-09
1.999999999999531042e-01 -2.997178589954379655e-09
2.049999999999529976e-01 -3.267047675707535438e-09
2.099999999999528910e-01 -3.217789956049615080e-09
2.149999999999527844e-01 -2.848137299243415548e-09
2.199999999999526779e-01 -2.190710483444824519e-09
2.249999999999525713e-01 -1.309089665145967322e-09
2.299999999999524647e-01 -2.913501318124480981e-10
2.349999999999523581e-01 7.592491558185948901e-10
2.399999999999522515e-01 1.735383974960640145e-09
2.449999999999521449e-01 2.537319207028728857e-09
2.499999999999520384e-01 3.083751263660032730e-09
2.549999999999519318e-01 3.320579927110382692e-09
2.599999999999518252e-01 3.226596947988462045e-09
2.649999999999517186e-01 2.815451148431276977e-09
2.699999999999516120e-01 2.133701125402257240e-09
2.749999999999515055e-01 1.255238581754663473e-09
2.799999999999513989e-01 2.727965434079211776e-10
2.849999999999512923e-01 -7.124084757499215851e-10
2.899999999999511857e-01 -1.601655276475480907e-09
2.949999999999510791e-01 -2.309038445554291372e-09
2.999999999999509726e-01 -2.769979321474884387e-09
3.049999999999508660e-01 -2.947044882581793247e-09
3.099999999999507594e-01 -2.832560232921146125e-09
3.149999999999506528e-01 -2.447914667667696431e-09
3.199999999999505462e-01 -1.839863422753896666e-09
3.249999999999504396e-01 -1.074462964010056820e-09
3.299999999999503331e-01 -2.295048981688571405e-10
3.349999999999502265e-01 6.135918267274151392e-10
3.399999999999501199e-01 1.377511834697384801e-09
3.449999999999500133e-01 1.995637719072281089e-09
3.499999999999499067e-01 2.416990280902548296e-09
3.549999999999498002e-01 2.609276348196366986e-09
3.599999999999496936e-01 2.560074328833413416e-09
3.649999999999495870e-01 2.276402295726662560e-09
3.699999999999494804e-01 1.783044248308276047e-09
3.749999999999493738e-01 1.120044839012139805e-09
3.799999999999492672e-01 3.397282209057897633e-10
3.849999999999491607e-01 -4.965227805998689347e-10
3.899999999999490541e-01 -1.321638247689679026e-09
3.949999999999489475e-01 -2.066427505643439623e-09
3.999999999999488409e-01 -2.663463896383947511e-09
4.049999999999487343e-01 -3.051410545736195047e-09
4.099999999999486278e-01 -3.179817745213736513e-09
4.149999999999485212e-01 -3.014250536641184665e-09
4.199999999999484146e-01 -2.541383778873741124e-09
4.249999999999483080e-01 -1.773477865088575185e-09
4.299999999999482014e-01 -7.514757304640610186e-10
4.349999999999480949e-01 4.541067334118666595e-10
4.399999999999479883e-01 1.745249198407775652e-09
4.449999999999478817e-01 3.001968535925965741e-09
4.499999999999477751e-01 4.091456141938441541e-09
4.549999999999476685e-01 4.880427297334103837e-09
4.599999999999475619e-01 5.249743559609702941e-09
4.649999999999474554e-01 5.109848964185364750e-09
4.699999999999473488e-01 4.415166833475111390e-09
4.749999999999472422e-01 3.175419869005197255e-09
4.799999999999471356e-01 1.461923437955404403e-09
4.849999999999470290e-01 -5.927126441450160985e-10
4.899999999999469225e-01 -2.802371230128400776e-09
4.949999999999468159e-01 -4.942713668809372974e-09
4.999999999999467093e-01 -6.772968759588008932e-09
5.049999999999466027e-01 -8.062237985093880538e-09
5.099999999999464961e-01 -8.617497427672589618e-09
5.149999999999463896e-01 -8.309938846490316496e-09
5.199999999999462830e-01 -7.096156292534492817e-09
5.249999999999461764e-01 -5.031009461534407685e-09
5.299999999999460698e-01 -2.269778883370557890e-09
5.349999999999459632e-01 9.415967246847041094e-10
5.399999999999458566e-01 4.287973215709137370e-09
5.449999999999457501e-01 7.416393204652570470e-09
5.499999999999456435e-01 9.974260558450617775e-09
5.549999999999455369e-01 1.165005024270529806e-08
5.599999999999454303e-01 1.221170281615937196e-08
5.649999999999453237e-01 1.153784755909371167e-08
5.699999999999452172e-01 9.637627392940238817e-09
5.749999999999451106e-01 6.656112611977563363e-09
5.799999999999450040e-01 2.863956017720741207e-09
5.849999999999448974e-01 -1.368142066049096823e-09
5.899999999999447908e-01 -5.607668630353144321e-09
5.949999999999446842e-01 -9.407069510130266008e-09
5.999999999999445777e-01 -1.235370026054526957e-08
6.049999999999444711e-01 -1.411705541305446127e-08
6.099999999999443645e-01 -1.448757034484421628e-08
6.149999999999442579e-01 -1.340221436110379743e-08
6.199999999999441513e-01 -1.095363889589204147e-08
6.249999999999440448e-01 -7.381617600778872493e-09
6.299999999999439382e-01 -3.047662691531351185e-09
6.349999999999438316e-01 1.604253561582300202e-09
6.399999999999437250e-01 6.096266518359525367e-09
6.449999999999436184e-01 9.968776301772732053e-09
6.499999999999435119e-01 1.283011945514370578e-08
6.549999999999434053e-01 1.439806298727958794e-08
6.599999999999432987e-01 1.452850746091081330e-08
6.649999999999431921e-01 1.322840761292691586e-08
6.699999999999430855e-01 1.065186272034430626e-08
6.749999999999429789e-01 7.080337121447223586e-09
6.799999999999428724e-01 2.889786506934354675e-09
6.849999999999427658e-01 -1.491134476609880600e-09
6.899999999999426592e-01 -5.626781114078793752e-09
6.949999999999425526e-01 -9.118963122944049904e-09
6.999999999999424460e-01 -1.164539812720943183e-08
7.049999999999423395e-01 -1.298843635839764465e-08
7.099999999999422329e-01 -1.305167906388373137e-08
7.149999999999421263e-01 -1.186364284506896696e-08
7.199999999999420197e-01 -9.569111882695168628e-09
7.249999999999419131e-01 -6.410082753980060481e-09
7.299999999999418065e-01 -2.699103127765492758e-09
7.349999999999417000e-01 1.211738622975622039e-09
7.399999999999415934e-01 4.962905040105855139e-09
7.449999999999414868e-01 8.217687369239390522e-09
7.499999999999413802e-01 1.068841902576053083e-08
7.549999999999412736e-01 1.215715040464131131e-08
7.599999999999411671e-01 1.249007541038046211e-08
7.649999999999410605e-01 1.164563216850175876e-08
7.699999999999409539e-01 9.676620463569181783e-09
7.749999999999408473e-01 6.726860902017023623e-09
7.799999999999407407e-01 3.022895798531170712e-09
7.849999999999406342e-01 -1.138922859739998888e-09
7.899999999999405276e-01 -5.409788967144213893e-09
7.949999999999404210e-01 -9.410153594630061468e-09
7.999999999999403144e-01 -1.275559414877243655e-08
8.049999999999402078e-01 -1.508628590566240901e-08
8.099999999999401012e-01 -1.609891815129255273e-08
8.149999999999399947e-01 -1.557911885165965757e-08
8.199999999999398881e-01 -1.343162712950107661e-08
8.249999999999397815e-01 -9.704755687258892120e-09
8.299999999999396749e-01 -4.605306384703946287e-09
8.349999999999395683e-01 1.499785076986598866e-09
8.399999999999394618e-01 8.098074496143007064e-09
8.449999999999393552e-01 1.456413052934190536e-08
8.499999999999392486e-01 2.020962645464643350e-08
8.549999999999391420e-01 2.434832856110685391e-08
8.599999999999390354e-01 2.637084508876787025e-08
8.649999999999389289e-01 2.582177611367758129e-08
8.699999999999388223e-01 2.247029745136600447e-08
8.749999999999387157e-01 1.636456608342200048e-08
8.799999999999386091e-01 7.860905225185333153e-09
8.849999999999385025e-01 -2.379375623554399266e-09
8.899999999999383959e-01 -1.342951741119057926e-08
8.949999999999382894e-01 -2.417305459946079239e-08
8.999999999999381828e-01 -3.341092995604356076e-08
9.049999999999380762e-01 -3.999050492568674386e-08
9.099999999999379696e-01 -4.294304215306857090e-08
9.149999999999378630e-01 -4.161361411288462415e-08
9.199999999999377565e-01 -3.576660785955432004e-08
9.249999999999376499e-01 -2.565136025638307723e-08
9.299999999999375433e-01 -1.201600915981845715e-08
9.349999999999374367e-01 3.936881898103860852e-09
9.399999999999373301e-01 2.065253634673109801e-08
9.449999999999372235e-01 3.637623784189378038e-08
9.499999999999371170e-01 4.934089636206151172e-08
9.549999999999370104e-01 5.796952179522794745e-08
9.599999999999369038e-01 6.106884019403729283e-08
9.649999999999367972e-01 5.798976637918492975e-08
9.699999999999366906e-01 4.873305228150518663e-08
9.749999999999365841e-01 3.398401923830383037e-08
9.799999999999364775e-01 1.506829023012474946e-08
9.849999999999363709e-01 -6.170065709049141919e-09
9.899999999999362643e-01 -2.755676662958284231e-08
9.949999999999361577e-01 -4.682190773622596399e-08
9.999999999999360512e-01 -6.185428115843018671e-08
1.004999999999935945e+00 -7.017681255324986621e-08
1.009999999999935838e+00 -5.110038106294203893e-08
1.014999999999935731e+00 -1.333047525510369052e-08
1.019999999999935625e+00 2.664324541492100936e-08
1.024999999999935518e+00 5.301215943632973910e-08
1.029999999999935412e+00 5.713922832835171274e-08
1.034999999999935305e+00 3.990129936991380056e-08
1.039999999999935199e+00 1.002426907631980666e-08
1.044999999999935092e+00 -2.015413229501014925e-08
1.049999999999934985e+00 -3.958988783677840858e-08
1.054999999999934879e+00 -4.236095386193980020e-08
1.059999999999934772e+00 -2.926210348382624913e-08
1.064999999999934666e+00 -6.834121345368713345e-09
1.069999999999934559e+00 1.564323424614770002e-08
1.074999999999934452e+00 2.996233883919579718e-08
1.079999999999934346e+00 3.202352596887078202e-08
1.084999999999934239e+00 2.272129577302612372e-08
1.089999999999934133e+00 6.260462354463191583e-09
1.094999999999934026e+00 -1.261879955165108906e-08
1.099999999999933920e+00 -2.798646739096052728e-08
1.104999999999933813e+00 -3.326706968511055054e-08
1.109999999999933706e+00 -2.688228282488801465e-08
1.114999999999933600e+00 -9.578091532745680822e-09
1.119999999999933493e+00 1.494149609970102937e-08
1.124999999999933387e+00 3.717868075824884846e-08
1.129999999999933280e+00 4.664534519540838922e-08
1.134999999999933173e+00 3.751934433848703529e-08
1.139999999999933067e+00 1.172239059678731102e-08
1.144999999999932960e+00 -2.158607990477213021e-08
1.149999999999932854e+00 -4.949786804309216115e-08
1.154999999999932747e+00 -6.032780739378794385e-08
1.159999999999932641e+00 -4.826681522738927225e-08
1.164999999999932534e+00 -1.609944915104516008e-08
1.169999999999932427e+00 2.507032690243260465e-08
1.174999999999932321e+00 5.931618135704272555e-08
1.179999999999932214e+00 7.186095556907522726e-08
1.184999999999932108e+00 5.575184660729232100e-08
1.189999999999932001e+00 1.651336993287757143e-08
1.194999999999931894e+00 -2.872441424360193351e-08
1.199999999999931788e+00 -6.161243796438981845e-08
1.204999999999931681e+00 -6.999100885955870878e-08
1.209999999999931575e+00 -5.105267951017267646e-08
1.214999999999931468e+00 -1.348019818912593256e-08
1.219999999999931362e+00 2.618968991689738120e-08
1.224999999999931255e+00 5.212961213222484705e-08
1.229999999999931148e+00 5.589575759430925732e-08
1.234999999999931042e+00 3.874585028148064891e-08
1.239999999999930935e+00 9.742136284273495871e-09
1.244999999999930829e+00 -1.877883255802722966e-08
1.249999999999930722e+00 -3.628632189874374411e-08
1.254999999999930616e+00 -3.781099248201504818e-08
1.259999999999930509e+00 -2.519200458629733593e-08
1.264999999999930402e+00 -5.575249487335573242e-09
1.269999999999930296e+00 1.210983962061452777e-08
1.274999999999930189e+00 2.120394606049227916e-08
1.279999999999930083e+00 2.008057915015254564e-08
1.284999999999929976e+00 1.212765899046047338e-08
1.289999999999929869e+00 2.679431226151624938e-09
1.294999999999929763e+00 -5.029137255948164607e-09
1.299999999999929656e+00 -9.124890418977826573e-09
1.304999999999929550e+00 -8.677148441993147153e-09
1.309999999999929443e+00 -5.422986627330005105e-09
1.314999999999929337e+00 -1.418834715758118439e-09
1.319999999999929230e+00 1.663671244270645043e-09
1.324999999999929123e+00 3.105131488137005862e-09
1.329999999999929017e+00 3.023910223558449003e-09
1.334999999999928910e+00 2.005776487186615586e-09
1.339999999999928804e+00 7.287997626881635641e-10
1.344999999999928697e+00 -2.944629762380218376e-10
1.349999999999928590e+00 -8.247531659772393506e-10
1.354999999999928484e+00 -8.766086467619909654e-10
1.359999999999928377e+00 -6.219390832930745311e-10
1.364999999999928271e+00 -2.727993777194820327e-10
1.369999999999928164e+00 1.065642830723310789e-11
1.374999999999928058e+00 1.611119863124269923e-10
1.379999999999927951e+00 1.919791551478290944e-10
1.384999999999927844e+00 1.522572193436683446e-10
1.389999999999927738e+00 8.231061412611274811e-11
1.394999999999927631e+00 4.454793691030741233e-12
1.399999999999927525e+00 -3.779288148344995657e-11
1.404999999999927418e+00 -4.211384057663988086e-11
1.409999999999927311e+00 -2.396672699042057954e-11
1.414999999999927205e+00 -3.900510476746356471e-13
1.419999999999927098e+00 1.545175276327164869e-11
1.424999999999926992e+00 1.848115444835956151e-11
1.429999999999926885e+00 1.072313470751301943e-11
1.434999999999926779e+00 -1.869809251645731625e-12
1.439999999999926672e+00 -1.282428591593186991e-11
1.444999999999926565e+00 -1.766960645980305905e-11
1.449999999999926459e+00 -1.511889658687485197e-11
1.454999999999926352e+00 -6.928535390391572645e-12
1.459999999999926246e+00 3.223710957179432889e-12
1.464999999999926139e+00 1.132844901489636374e-11
1.469999999999926033e+00 1.454816293795615998e-11
1.474999999999925926e+00 1.215768156344444038e-11
1.479999999999925819e+00 5.626088193205458964e-12
1.484999999999925713e+00 -2.184490141240672080e-12
1.489999999999925606e+00 -8.381332532361549232e-12
1.494999999999925500e+00 -1.123520354426956419e-11
1.499999999999925393e+00 -1.002164528853005304e-11
1.504999999999925286e+00 -5.139637172834329766e-12
1.509999999999925180e+00 1.468849182634829066e-12
1.514999999999925073e+00 7.712496762447197617e-12
1.519999999999924967e+00 1.152996521639343257e-11
1.524999999999924860e+00 1.106464143072106870e-11
1.529999999999924754e+00 5.879351541621291757e-12
1.534999999999924647e+00 -2.427150882298968128e-12
1.539999999999924540e+00 -1.066642960054934404e-11
1.544999999999924434e+00 -1.532075834116464648e-11
1.549999999999924327e+00 -1.403381406086036634e-11
1.554999999999924221e+00 -6.707643337857887074e-12
1.559999999999924114e+00 4.245973854648020488e-12
1.564999999999924007e+00 1.464990505742139751e-11
1.569999999999923901e+00 2.010336734469501354e-11
1.574999999999923794e+00 1.780987930975539902e-11
1.579999999999923688e+00 7.986412369659462515e-12
1.584999999999923581e+00 -5.843870682000291598e-12
1.589999999999923475e+00 -1.808129528314460389e-11
1.594999999999923368e+00 -2.354925352429379462e-11
1.599999999999923261e+00 -1.990296917579740159e-11
1.604999999999923155e+00 -8.485840762397764590e-12
1.609999999999923048e+00 6.388220611315461981e-12
1.614999999999922942e+00 1.876289538514883414e-11
1.619999999999922835e+00 2.341128800399631003e-11
1.624999999999922728e+00 1.890209144482262597e-11
1.629999999999922622e+00 7.678994120624521255e-12
1.634999999999922515e+00 -5.500812133620667003e-12
1.639999999999922409e+00 -1.565984948369455223e-11
1.644999999999922302e+00 -1.940575662087578689e-11
1.649999999999922196e+00 -1.594492429608457080e-11
1.654999999999922089e+00 -7.114962000915852265e-12
1.659999999999921982e+00 3.466886816380583912e-12
1.664999999999921876e+00 1.181076833632319544e-11
1.669999999999921769e+00 1.503858978624387083e-11
1.674999999999921663e+00 1.242717938298890430e-11
1.679999999999921556e+00 5.587210114546232430e-12
1.684999999999921450e+00 -2.386606745986921755e-12
1.689999999999921343e+00 -8.510032969153300366e-12
1.694999999999921236e+00 -1.129899263626296392e-11
1.699999999999921130e+00 -1.009543601781724397e-11
1.704999999999921023e+00 -5.127723633485455768e-12
1.709999999999920917e+00 1.587500526329495684e-12
1.714999999999920810e+00 7.884161671953444083e-12
1.719999999999920703e+00 1.164522176936716352e-11
1.724999999999920597e+00 1.105037300831051439e-11
1.729999999999920490e+00 5.747111014707536153e-12
1.734999999999920384e+00 -2.596547916729326695e-12
1.739999999999920277e+00 -1.077652812410414124e-11
1.744999999999920171e+00 -1.531429192221213483e-11
1.749999999999920064e+00 -1.392058360331268195e-11
1.754999999999919957e+00 -6.555171998336268541e-12
1.759999999999919851e+00 4.351056997242612942e-12
1.764999999999919744e+00 1.464927878670524913e-11
1.769999999999919638e+00 1.999937416578751526e-11
1.774999999999919531e+00 1.766553967526550891e-11
1.779999999999919424e+00 7.890532098600075880e-12
1.784999999999919318e+00 -5.830626010523353261e-12
1.789999999999919211e+00 -1.796837227572909045e-11
1.794999999999919105e+00 -2.341312223324897301e-11
1.799999999999918998e+00 -1.982902542275729663e-11
1.804999999999918892e+00 -8.517723989606730529e-12
1.809999999999918785e+00 6.263624134971268364e-12
1.814999999999918678e+00 1.862316780993926577e-11
1.819999999999918572e+00 2.335322277594827423e-11
1.824999999999918465e+00 1.896530593294051117e-11
1.829999999999918359e+00 7.822472800115194078e-12
1.834999999999918252e+00 -5.366400522712855032e-12
1.839999999999918145e+00 -1.561549925484190315e-11
1.844999999999918039e+00 -1.947835129807329445e-11
1.849999999999917932e+00 -1.609448045970749375e-11
1.854999999999917826e+00 -7.257982272433764479e-12
1.859999999999917719e+00 3.411774967580427150e-12
1.864999999999917613e+00 1.187816390170481296e-11
1.869999999999917506e+00 1.519537155280728479e-11
1.874999999999917399e+00 1.258761303576855998e-11
1.879999999999917293e+00 5.659300056452498661e-12
1.884999999999917186e+00 -2.446520796839845748e-12
1.889999999999917080e+00 -8.668109994149408384e-12
1.894999999999916973e+00 -1.146566979590095963e-11
1.899999999999916866e+00 -1.018257636981860763e-11
1.904999999999916760e+00 -5.092167510441732175e-12
1.909999999999916653e+00 1.730602978128466161e-12
1.914999999999916547e+00 8.058686393077669784e-12
1.919999999999916440e+00 1.174833363861994718e-11
1.924999999999916334e+00 1.102546553536806447e-11
1.929999999999916227e+00 5.615225164379657405e-12
1.934999999999916120e+00 -2.756714854099721026e-12
1.939999999999916014e+00 -1.087717763832503688e-11
1.944999999999915907e+00 -1.530545848066350494e-11
1.949999999999915801e+00 -1.381303507363165612e-11
1.954999999999915694e+00 -6.411353311922364625e-12
1.959999999999915588e+00 4.451253067485645947e-12
1.964999999999915481e+00 1.465081474364414710e-11
1.969999999999915374e+00 1.990213897720341050e-11
1.974999999999915268e+00 1.752660803668577342e-11
1.979999999999915161e+00 7.794622454444312954e-12
1.984999999999915055e+00 -5.820988433695952798e-12
1.989999999999914948e+00 -1.785693285801895256e-11
1.994999999999914841e+00 -2.327530346685457800e-11
