-2.000000000000000000e+00 -3.397379886459832845e-13
-1.995000000000000107e+00 -4.058277362224269705e-13
-1.990000000000000213e+00 -3.479180278376216007e-13
-1.985000000000000320e+00 -1.637620808632287085e-13
-1.980000000000000426e+00 1.351052057974353467e-13
-1.975000000000000533e+00 4.301220005231952537e-13
-1.970000000000000639e+00 5.718802809523156947e-13
-1.965000000000000746e+00 4.765832175985208807e-13
-1.960000000000000853e+00 1.738790195277027530e-13
-1.955000000000000959e+00 -2.085561114955929366e-13
-1.950000000000001066e+00 -5.060279496621694652e-13
-1.945000000000001172e+00 -5.914825068954664933e-13
-1.940000000000001279e+00 -4.315911162074668918e-13
-1.935000000000001386e+00 -1.017850000077775046e-13
-1.930000000000001492e+00 2.464617438468059193e-13
-1.925000000000001599e+00 4.549822438619546638e-13
-1.920000000000001705e+00 4.379075386543602224e-13
-1.915000000000001812e+00 2.333657175850839229e-13
-1.910000000000001918e+00 -9.058991230764341415e-15
-1.905000000000002025e+00 -1.281600025281157626e-13
-1.900000000000002132e+00 -1.294912303156424633e-13
-1.895000000000002238e+00 -6.399580075249310867e-14
-1.890000000000002345e+00 -1.901966914794652745e-13
-1.885000000000002451e+00 -3.430826194646401107e-13
-1.880000000000002558e+00 -1.058715056398122461e-13
-1.875000000000002665e+00 3.243030978849977889e-13
-1.870000000000002771e+00 4.531490200836334352e-13
-1.865000000000002878e+00 1.067601986985753517e-14
-1.860000000000002984e+00 -7.831305702074218011e-13
-1.855000000000003091e+00 -1.316799962982809917e-12
-1.850000000000003197e+00 -9.466552311581068184e-13
-1.845000000000003304e+00 5.826557329257886793e-13
-1.840000000000003411e+00 2.861263420986010178e-12
-1.835000000000003517e+00 4.825007136480066735e-12
-1.830000000000003624e+00 5.096425669253137099e-12
-1.825000000000003730e+00 2.579587630824683725e-12
-1.820000000000003837e+00 -2.877632599559768272e-12
-1.815000000000003944e+00 -1.001734696825100652e-11
-1.810000000000004050e+00 -1.618431954948792026e-11
-1.805000000000004157e+00 -1.803700244737385320e-11
-1.800000000000004263e+00 -1.300575389351185399e-11
-1.795000000000004370e+00 2.666372920147587829e-12
-1.790000000000004476e+00 2.159990985789429482e-11
-1.785000000000004583e+00 3.979059217025820252e-11
-1.780000000000004690e+00 6.100324698705510454e-11
-1.775000000000004796e+00 6.837957725903863543e-11
-1.770000000000004903e+00 3.889034216252140744e-11
-1.765000000000005009e+00 -3.437700502567159382e-11
-1.760000000000005116e+00 -1.304219812314530455e-10
-1.755000000000005222e+00 -2.049197368807246384e-10
-1.750000000000005329e+00 -2.085211643963060256e-10
-1.745000000000005436e+00 -1.111061554239179551e-10
-1.740000000000005542e+00 7.775382871465950782e-11
-1.735000000000005649e+00 3.011373485181350796e-10
-1.730000000000005755e+00 4.658692595363555235e-10
-1.725000000000005862e+00 4.733099409482917799e-10
-1.720000000000005969e+00 2.641975204395056092e-10
-1.715000000000006075e+00 -1.358577785309505171e-10
-1.710000000000006182e+00 -5.921883337588225487e-10
-1.705000000000006288e+00 -8.891303987008239600e-10
-1.700000000000006395e+00 -8.502786230743164620e-10
-1.695000000000006501e+00 -4.323911327832822924e-10
-1.690000000000006608e+00 2.476484727076852894e-10
-1.685000000000006715e+00 9.403276420941824946e-10
-1.680000000000006821e+00 1.329752951428007586e-09
-1.675000000000006928e+00 1.200839735958840179e-09
-1.670000000000007034e+00 5.603817471232354243e-10
-1.665000000000007141e+00 -3.571024550521138409e-10
-1.660000000000007248e+00 -1.188306026962906603e-09
-1.655000000000007354e+00 -1.592616133201236486e-09
-1.650000000000007461e+00 -1.392169905882888179e-09
-1.645000000000007567e+00 -6.471539002077828957e-10
-1.640000000000007674e+00 3.616492992245635894e-10
-1.635000000000007780e+00 1.238722921515342996e-09
-1.630000000000007887e+00 1.632079215868580311e-09
-1.625000000000007994e+00 1.384617286407668178e-09
-1.620000000000008100e+00 6.120171877446210420e-10
-1.615000000000008207e+00 -3.429067246461126932e-10
-1.610000000000008313e+00 -1.081570860508074933e-09
-1.605000000000008420e+00 -1.361881262442539738e-09
-1.600000000000008527e+00 -1.132771444106543333e-09
-1.595000000000008633e+00 -5.112676665096788301e-10
-1.590000000000008740e+00 2.260458994077933488e-10
-1.585000000000008846e+00 7.937246719672995171e-10
-1.580000000000008953e+00 1.006442913635585380e-09
-1.575000000000009059e+00 8.389317815839110650e-10
-1.570000000000009166e+00 4.011086440912326359e-10
-1.565000000000009273e+00 -1.247550123777893674e-10
-1.560000000000009379e+00 -5.530590191318075956e-10
-1.555000000000009486e+00 -7.505054062887327428e-10
-1.550000000000009592e+00 -6.683256525293039347e-10
-1.545000000000009699e+00 -3.483704455694937665e-10
-1.540000000000009805e+00 9.440254603944827045e-11
-1.535000000000009912e+00 5.069461468328295610e-10
-1.530000000000010019e+00 7.423987815626957419e-10
-1.525000000000010125e+00 7.043313627513685112e-10
-1.520000000000010232e+00 3.814567514161545521e-10
-1.515000000000010338e+00 -1.364136284368518379e-10
-1.510000000000010445e+00 -6.698682542719249987e-10
-1.505000000000010552e+00 -9.971164391348795372e-10
-1.500000000000010658e+00 -9.451403722367084734e-10
-1.495000000000010765e+00 -4.849863228172466194e-10
-1.490000000000010871e+00 2.413032125221317079e-10
-1.485000000000010978e+00 9.670183371865063273e-10
-1.480000000000011084e+00 1.368888272083687156e-09
-1.475000000000011191e+00 1.234250409793299476e-09
-1.470000000000011298e+00 5.780192093350000703e-10
-1.465000000000011404e+00 -3.561891840113966172e-10
-1.460000000000011511e+00 -1.198482350656678739e-09
-1.455000000000011617e+00 -1.605745501407432690e-09
-1.450000000000011724e+00 -1.401456003783135765e-09
-1.445000000000011831e+00 -6.494951912169058875e-10
-1.440000000000011937e+00 3.652805858056104040e-10
-1.435000000000012044e+00 1.244631743636266295e-09
-1.430000000000012150e+00 1.636135630348280127e-09
-1.425000000000012257e+00 1.384433618725739993e-09
-1.420000000000012363e+00 6.080563069384199568e-10
-1.415000000000012470e+00 -3.478196305568310019e-10
-1.410000000000012577e+00 -1.084147206719488962e-09
-1.405000000000012683e+00 -1.360609643599163108e-09
-1.400000000000012790e+00 -1.128545645869185809e-09
-1.395000000000012896e+00 -5.065802943073023009e-10
-1.390000000000013003e+00 2.282044202267521940e-10
-1.385000000000013110e+00 7.920000417121292725e-10
-1.380000000000013216e+00 1.002310609439596151e-09
-1.375000000000013323e+00 8.351785069764108277e-10
-1.370000000000013429e+00 3.999191470187772640e-10
-1.365000000000013536e+00 -1.229253095329854610e-10
-1.360000000000013642e+00 -5.494973650203768318e-10
-1.355000000000013749e+00 -7.473786296875464363e-10
-1.350000000000013856e+00 -6.674716124039722604e-10
-1.345000000000013962e+00 -3.503255499839093695e-10
-1.340000000000014069e+00 9.070538580760745882e-11
-1.335000000000014175e+00 5.036589537190203421e-10
-1.330000000000014282e+00 7.416141588195696411e-10
-1.325000000000014388e+00 7.068211653762769794e-10
-1.320000000000014495e+00 3.859782661866412742e-10
-1.315000000000014602e+00 -1.326450731133834767e-10
-1.310000000000014708e+00 -6.694265679710153506e-10
-1.305000000000014815e+00 -1.000257180186914558e-09
-1.300000000000014921e+00 -9.500256930889557685e-10
-1.295000000000015028e+00 -4.890850291968055586e-10
-1.290000000000015135e+00 2.404179768590739601e-10
-1.285000000000015241e+00 9.701046623125937821e-10
-1.280000000000015348e+00 1.374189486360306447e-09
-1.275000000000015454e+00 1.238765328629410460e-09
-1.270000000000015561e+00 5.793030966594137368e-10
-1.265000000000015667e+00 -3.587719604597710110e-10
-1.260000000000015774e+00 -1.203543552418243968e-09
-1.255000000000015881e+00 -1.610649143214096411e-09
-1.250000000000015987e+00 -1.403651060283153616e-09
-1.245000000000016094e+00 -6.477895811149207488e-10
-1.240000000000016200e+00 3.700770527408654604e-10
-1.235000000000016307e+00 1.250022485578821285e-09
-1.230000000000016414e+00 1.639150988853089613e-09
-1.225000000000016520e+00 1.383256320357695007e-09
-1.220000000000016627e+00 6.032435572045657793e-10
-1.215000000000016733e+00 -3.533827137016665861e-10
-1.210000000000016840e+00 -1.086981570172302826e-09
-1.205000000000016946e+00 -1.359281289066228937e-09
-1.200000000000017053e+00 -1.124174206058211406e-09
-1.195000000000017160e+00 -5.016386746238810046e-10
-1.190000000000017266e+00 2.306663170112965245e-10
-1.185000000000017373e+00 7.905010254292212549e-10
-1.180000000000017479e+00 9.981846160719170340e-10
-1.175000000000017586e+00 8.311991774179613543e-10
-1.170000000000017693e+00 3.984116397865799449e-10
-1.165000000000017799e+00 -1.213042314866145379e-10
-1.160000000000017906e+00 -5.459008990744921430e-10
-1.155000000000018012e+00 -7.439879467496656445e-10
-1.150000000000018119e+00 -6.662789293484524641e-10
-1.145000000000018225e+00 -3.520727356706394613e-10
-1.140000000000018332e+00 8.694910737918649696e-11
-1.135000000000018439e+00 5.000650792052337151e-10
-1.130000000000018545e+00 7.404522900630701726e-10
-1.125000000000018652e+00 7.091027160888288612e-10
-1.120000000000018758e+00 3.906123642928421027e-10
-1.115000000000018865e+00 -1.284969002172014628e-10
-1.110000000000018971e+00 -6.685853627334570809e-10
-1.105000000000019078e+00 -1.003242041002016537e-09
-1.100000000000019185e+00 -9.550861948982077371e-10
-1.095000000000019291e+00 -4.935799264150705323e-10
-1.090000000000019398e+00 2.391825908362721068e-10
-1.085000000000019504e+00 9.731173484017241320e-10
-1.080000000000019611e+00 1.379713776961176524e-09
-1.075000000000019718e+00 1.243641345171112808e-09
-1.070000000000019824e+00 5.808719401540752508e-10
-1.065000000000019931e+00 -3.612925383446355531e-10
-1.060000000000020037e+00 -1.208778347785913498e-09
-1.055000000000020144e+00 -1.615850062915107746e-09
-1.050000000000020250e+00 -1.406097170212572949e-09
-1.045000000000020357e+00 -6.461508582578398520e-10
-1.040000000000020464e+00 3.750266871627264371e-10
-1.035000000000020570e+00 1.255702266905649983e-09
-1.030000000000020677e+00 1.642431317017254923e-09
-1.025000000000020783e+00 1.382172588954199226e-09
-1.020000000000020890e+00 5.983064585771885728e-10
-1.015000000000020997e+00 -3.592011902834069539e-10
-1.010000000000021103e+00 -1.090042224927199604e-09
-1.005000000000021210e+00 -1.358040187867423758e-09
-1.000000000000021316e+00 -1.119713485655548874e-09
-9.950000000000214229e-01 -8.217967758721892686e-10
-9.900000000000215294e-01 -4.744630815117186878e-10
-9.850000000000216360e-01 -1.164348070020808970e-10
-9.800000000000217426e-01 2.165097439874453029e-10
-9.750000000000218492e-01 4.949106901316539348e-10
-9.700000000000219558e-01 6.979300602939711457e-10
-9.650000000000220624e-01 8.144536692374955294e-10
-9.600000000000221689e-01 8.430201918047107821e-10
-9.550000000000222755e-01 7.907429079519279330e-10
-9.500000000000223821e-01 6.714877461429230099e-10
-9.450000000000224887e-01 5.036222932147416322e-10
-9.400000000000225953e-01 3.076533285210407841e-10
-9.350000000000227018e-01 1.040311515520953930e-10
-9.300000000000228084e-01 -8.867107659099035877e-11
-9.250000000000229150e-01 -2.550809633974495113e-10
-9.200000000000230216e-01 -3.838186098869242403e-10
-9.150000000000231282e-01 -4.677962200335670847e-10
-9.100000000000232347e-01 -5.041179506181665271e-10
-9.050000000000233413e-01 -4.936981425358587019e-10
-9.000000000000234479e-01 -4.407156108994838399e-10
-8.950000000000235545e-01 -3.520000734412494774e-10
-8.900000000000236611e-01 -2.364123998850530727e-10
-8.850000000000237677e-01 -1.042429085255063877e-10
-8.800000000000238742e-01 3.337936866223885549e-11
-8.750000000000239808e-01 1.650917091740524944e-10
-8.700000000000240874e-01 2.799437766595682556e-10
-8.650000000000241940e-01 3.680967453069936367e-10
-8.600000000000243006e-01 4.215604861538075388e-10
-8.550000000000244071e-01 4.349214634968658423e-10
-8.500000000000245137e-01 4.059843980262124189e-10
-8.450000000000246203e-01 3.362318034150517524e-10
-8.400000000000247269e-01 2.310032170247212421e-10
-8.350000000000248335e-01 9.931330203249149660e-11
-8.300000000000249401e-01 -4.673570739673733016e-11
-8.250000000000250466e-01 -1.929408837564371093e-10
-8.200000000000251532e-01 -3.243204084835041293e-10
-8.150000000000252598e-01 -4.266498060771726675e-10
-8.100000000000253664e-01 -4.880474552086824902e-10
-8.050000000000254730e-01 -5.004191712123742621e-10
-8.000000000000255795e-01 -4.605717261767595726e-10
-7.950000000000256861e-01 -3.708322430863747000e-10
-7.900000000000257927e-01 -2.390623054074502792e-10
-7.850000000000258993e-01 -7.802637762539384099e-11
-7.800000000000260059e-01 9.584527194079097554e-11
-7.750000000000261124e-01 2.641792905556430698e-10
-7.700000000000262190e-01 4.086800318122024941e-10
-7.650000000000263256e-01 5.132147760257004452e-10
-7.600000000000264322e-01 5.657123022459051845e-10
-7.550000000000265388e-01 5.596382023627128842e-10
-7.500000000000266454e-01 4.948557460158845538e-10
-7.450000000000267519e-01 3.777523571344931549e-10
-7.400000000000268585e-01 2.206001955355715638e-10
-7.350000000000269651e-01 4.021385615748860246e-11
-7.300000000000270717e-01 -1.439433030772761916e-10
-7.250000000000271783e-01 -3.119817625930894952e-10
-7.200000000000272848e-01 -4.458710311416626557e-10
-7.150000000000273914e-01 -5.315103311370324194e-10
-7.100000000000274980e-01 -5.603319809093603840e-10
-7.050000000000276046e-01 -5.302413819153825823e-10
-7.000000000000277112e-01 -4.457797205877851640e-10
-6.950000000000278177e-01 -3.174928189738011342e-10
-6.900000000000279243e-01 -1.605894886826856786e-10
-6.850000000000280309e-01 6.937799734992104738e-12
-6.800000000000281375e-01 1.664899756622951631e-10
-6.750000000000282441e-01 3.010603847393950949e-10
-6.700000000000283507e-01 3.971804031164366559e-10
-6.650000000000284572e-01 4.463729498767608314e-10
-6.600000000000285638e-01 4.459431624220420402e-10
-6.550000000000286704e-01 3.990254656488927174e-10
-6.500000000000287770e-01 3.139058163547769052e-10
-6.450000000000288836e-01 2.027332358024147674e-10
-6.400000000000289901e-01 7.981263440537356144e-11
-6.350000000000290967e-01 -4.027933128139031729e-11
-6.300000000000292033e-01 -1.444986675781854233e-10
-6.250000000000293099e-01 -2.228233577602612407e-10
-6.200000000000294165e-01 -2.692460592156513177e-10
-6.150000000000295231e-01 -2.821664372029706300e-10
-6.100000000000296296e-01 -2.641690940639394436e-10
-6.050000000000297362e-01 -2.212610912870344999e-10
-6.000000000000298428e-01 -1.617163555086839275e-10
-5.950000000000299494e-01 -9.472227392907615570e-11
-5.900000000000300560e-01 -2.904014208321923762e-11
-5.850000000000301625e-01 2.812545618784967143e-11
-5.800000000000302691e-01 7.189886244123573652e-11
-5.750000000000303757e-01 1.000639227471316211e-10
-5.700000000000304823e-01 1.129451969023768627e-10
-5.650000000000305889e-01 1.129043208450190001e-10
-5.600000000000306954e-01 1.035735617360584138e-10
-5.550000000000308020e-01 8.898270129116322107e-11
-5.500000000000309086e-01 7.274154952164023883e-11
-5.450000000000310152e-01 5.741889722623412726e-11
-5.400000000000311218e-01 4.421440385776190350e-11
-5.350000000000312284e-01 3.296124149711678228e-11
-5.300000000000313349e-01 2.243480765152251484e-11
-5.250000000000314415e-01 1.088726453961682990e-11
-5.200000000000315481e-01 -3.311700667518203968e-12
-5.150000000000316547e-01 -2.106445109787591025e-11
-5.100000000000317613e-01 -4.209411823329383804e-11
-5.050000000000318678e-01 -6.475069700158728632e-11
-5.000000000000319744e-01 -8.612494074398302318e-11
-4.950000000000320810e-01 -1.024636959812099092e-10
-4.900000000000321876e-01 -1.098241068837048304e-10
-4.850000000000322942e-01 -1.048577701221517828e-10
-4.800000000000324007e-01 -8.558704420093593386e-11
-4.750000000000325073e-01 -5.202914937556008967e-11
-4.700000000000326139e-01 -6.540850489277949018e-12
-4.650000000000327205e-01 4.620474295594721430e-11
-4.600000000000328271e-01 9.964273614190555522e-11
-4.550000000000329337e-01 1.461123885446616323e-10
-4.500000000000330402e-01 1.779317113895830808e-10
-4.450000000000331468e-01 1.886053558399421959e-10
-4.400000000000332534e-01 1.739862604829400151e-10
-4.350000000000333600e-01 1.332021072250734642e-10
-4.300000000000334666e-01 6.917619473263242157e-11
-4.250000000000335731e-01 -1.138153918508821995e-11
-4.200000000000336797e-01 -9.856824921132806978e-11
-4.150000000000337863e-01 -1.804369903449019328e-10
-4.100000000000338929e-01 -2.445821839740148619e-10
-4.050000000000339995e-01 -2.799633306852430158e-10
-4.000000000000341061e-01 -2.787104507522349481e-10
-3.950000000000342126e-01 -2.376299692128607774e-10
-3.900000000000343192e-01 -1.591461301251391560e-10
-3.850000000000344258e-01 -5.147288726088682336e-11
-3.800000000000345324e-01 7.208966884245810430e-11
-3.750000000000346390e-01 1.947130692520468439e-10
-3.700000000000347455e-01 2.982930238146483659e-10
-3.650000000000348521e-01 3.661096672641457932e-10
-3.600000000000349587e-01 3.855133364398756328e-10
-3.550000000000350653e-01 3.502109543649711047e-10
-3.500000000000351719e-01 2.617507577015353333e-10
-3.450000000000352784e-01 1.298947152615341319e-10
-3.400000000000353850e-01 -2.827941263717096515e-11
-3.350000000000354916e-01 -1.905102908033007315e-10
-3.300000000000355982e-01 -3.324766276172318041e-10
-3.250000000000357048e-01 -4.314840829507230970e-10
-3.200000000000358114e-01 -4.701576651408562416e-10
-3.150000000000359179e-01 -4.395353123344449381e-10
-3.100000000000360245e-01 -3.410106507407506243e-10
-3.050000000000361311e-01 -1.867235975315766133e-10
-3.000000000000362377e-01 1.771393872289235634e-12
-2.950000000000363443e-01 1.964518389424492313e-10
-2.900000000000364508e-01 3.670012656106325081e-10
-2.850000000000365574e-01 4.855909501831251402e-10
-2.800000000000366640e-01 5.315079255113606953e-10
-2.750000000000367706e-01 4.948483593949987938e-10
-2.700000000000368772e-01 3.786093856948950962e-10
-2.650000000000369837e-01 1.987482031314499742e-10
-2.600000000000370903e-01 -1.789946541300566306e-11
-2.550000000000371969e-01 -2.375905093965830659e-10
-2.500000000000373035e-01 -4.249506523754783781e-10
-2.450000000000374101e-01 -5.487231134785768982e-10
-2.400000000000375167e-01 -5.870418620346722819e-10
-2.350000000000376232e-01 -5.313254657796152730e-10
-2.300000000000377298e-01 -3.880893268517118293e-10
-2.250000000000378364e-01 -1.783045515976473413e-10
-2.200000000000379430e-01 6.566249227694163296e-11
-2.150000000000380496e-01 3.050832810726872769e-10
-2.100000000000381561e-01 5.010788352651700865e-10
-2.050000000000382627e-01 6.209962062432453014e-10
-2.000000000000383693e-01 6.438853894475588204e-10
-1.950000000000384759e-01 5.641434818618254337e-10
-1.900000000000385825e-01 3.926864988020529313e-10
-1.850000000000386891e-01 1.554169790359403116e-10
-1.800000000000387956e-01 -1.107917707267687058e-10
-1.750000000000389022e-01 -3.639540525651753481e-10
-1.700000000000390088e-01 -5.637177661308569832e-10
-1.650000000000391154e-01 -6.778890954672735257e-10
-1.600000000000392220e-01 -6.876603606466994523e-10
-1.550000000000393285e-01 -5.906804728537413663e-10
-1.500000000000394351e-01 -4.014667652446514077e-10
-1.450000000000395417e-01 -1.490986353670775023e-10
-1.400000000000396483e-01 1.274182906753993221e-10
-1.350000000000397549e-01 3.853498485075763078e-10
-1.300000000000398614e-01 5.849786462960030531e-10
-1.250000000000399680e-01 6.958076413452334197e-10
-1.200000000000400746e-01 7.012381356521375266e-10
-1.150000000000401812e-01 6.010027474035846341e-10
-1.100000000000402878e-01 4.110092415654801368e-10
-1.050000000000403944e-01 1.606722206232004727e-10
-1.000000000000405009e-01 -1.117939511198017140e-10
-9.500000000004060752e-02 -3.653397193811415631e-10
-9.000000000004071410e-02 -5.623481532889889778e-10
-8.500000000004082068e-02 -6.742358358987259413e-10
-8.000000000004092726e-02 -6.855532835857987008e-10
-7.500000000004103384e-02 -5.960115030329115394e-10
-7.000000000004114042e-02 -4.201978510211524435e-10
-6.500000000004124701e-02 -1.851009316139910305e-10
-6.000000000004135359e-02 7.411499292679610223e-11
-5.500000000004146017e-02 3.194070758992386261e-10
-5.000000000004156675e-02 5.154175047118396554e-10
-4.500000000004167333e-02 6.344963924034573092e-10
-4.000000000004177991e-02 6.604897381882357559e-10
-3.500000000004188649e-02 5.908024524197841425e-10
-3.000000000004199308e-02 4.365067356897349984e-10
-2.500000000004209966e-02 2.205429442175966731e-10
-2.000000000004220624e-02 -2.568453531267370556e-11
-1.500000000004231282e-02 -2.668114708177951785e-10
-1.000000000004241940e-02 -4.684855207360590179e-10
-5.000000000042525983e-03 -6.021310484832339540e-10
-4.263256414560601115e-14 -6.488761735961326986e-10
4.999999999957260854e-03 -6.021310337111352774e-10
9.999999999957154273e-03 -4.684854958918546526e-10
1.499999999995704769e-02 -2.668114437963866106e-10
1.999999999995694111e-02 -2.568451463309143857e-11
2.499999999995683453e-02 2.205429522610696976e-10
2.999999999995672795e-02 4.365067292104540240e-10
3.499999999995662137e-02 5.908024346412562740e-10
3.999999999995651478e-02 6.604897163023349043e-10
4.499999999995640820e-02 6.344963748961270152e-10
4.999999999995630162e-02 5.154174981223980241e-10
5.499999999995619504e-02 3.194070822986850392e-10
5.999999999995608846e-02 7.411500917547992347e-11
6.499999999995598188e-02 -1.851009124910044554e-10
6.999999999995587530e-02 -4.201978369064556622e-10
7.499999999995576871e-02 -5.960114994642033276e-10
7.999999999995566213e-02 -6.855532915240225308e-10
8.499999999995555555e-02 -6.742358514067056873e-10
8.999999999995544897e-02 -5.623481692082397190e-10
9.499999999995534239e-02 -3.653397282934234522e-10
9.999999999995523581e-02 -1.117939483877921718e-10
1.049999999999551292e-01 1.606722349572008515e-10
1.099999999999550226e-01 4.110092627866431902e-10
1.149999999999549161e-01 6.010027680373088836e-10
1.199999999999548095e-01 7.012381484986270489e-10
1.249999999999547029e-01 6.958076423705285452e-10
1.299999999999545963e-01 5.849786361616464398e-10
1.349999999999544897e-01 3.853498321056966984e-10
1.399999999999543832e-01 1.274182749119395448e-10
1.449999999999542766e-01 -1.490986445297944223e-10
1.499999999999541700e-01 -4.014667651716685902e-10
1.549999999999540634e-01 -5.906804650326083641e-10
1.599999999999539568e-01 -6.876603496315971119e-10
1.649999999999538502e-01 -6.778890865551581583e-10
1.699999999999537437e-01 -5.637177628934687279e-10
1.749999999999536371e-01 -3.639540553525548612e-10
1.799999999999535305e-01 -1.107917767313883062e-10
1.849999999999534239e-01 1.554169743184471030e-10
1.899999999999533173e-01 3.926864994697705442e-10
1.949999999999532108e-01 5.641434897814319097e-10
1.999999999999531042e-01 6.438854033755754131e-10
2.049999999999529976e-01 6.209962221145513102e-10
2.099999999999528910e-01 5.010788474765795961e-10
2.149999999999527844e-01 3.050832843607324865e-10
2.199999999999526779e-01 6.566248368209278540e-11
2.249999999999525713e-01 -1.783045712467625328e-10
2.299999999999524647e-01 -3.880893524976984850e-10
2.349999999999523581e-01 -5.313254891378961674e-10
2.399999999999522515e-01 -5.870418740288036750e-10
2.449999999999521449e-01 -5.487231075118096384e-10
2.499999999999520384e-01 -4.249506273012901436e-10
2.549999999999519318e-01 -2.375904708722596589e-10
2.599999999999518252e-01 -1.789942472378218413e-11
2.649999999999517186e-01 1.987482327384235374e-10
2.699999999999516120e-01 3.786093939742375608e-10
2.749999999999515055e-01 4.948483433656668566e-10
2.799999999999513989e-01 5.315078910495069785e-10
2.849999999999512923e-01 4.855909099816445477e-10
2.899999999999511857e-01 3.670012341579784697e-10
2.949999999999510791e-01 1.964518266455831240e-10
2.999999999999509726e-01 1.771402989099107754e-12
3.049999999999508660e-01 -1.867235732556181353e-10
3.099999999999507594e-01 -3.410106226171134988e-10
3.149999999999506528e-01 -4.395352912434877129e-10
3.199999999999505462e-01 -4.701576567963276020e-10
3.249999999999504396e-01 -4.314840862239752154e-10
3.299999999999503331e-01 -3.324766365099084271e-10
3.349999999999502265e-01 -1.905102986509226677e-10
3.399999999999501199e-01 -2.827941597166167795e-11
3.449999999999500133e-01 1.298947154011297266e-10
3.499999999999499067e-01 2.617507575627169006e-10
3.549999999999498002e-01 3.502109509752542825e-10
3.599999999999496936e-01 3.855133303411808719e-10
3.649999999999495870e-01 3.661096625523001860e-10
3.699999999999494804e-01 2.982930253499181235e-10
3.749999999999493738e-01 1.947130788569579241e-10
3.799999999999492672e-01 7.208968312575213056e-11
3.849999999999491607e-01 -5.147287572068076924e-11
3.899999999999490541e-01 -1.591461286311673211e-10
3.949999999999489475e-01 -2.376299802496242897e-10
3.999999999999488409e-01 -2.787104697325467486e-10
4.049999999999487343e-01 -2.799633478416122599e-10
4.099999999999486278e-01 -2.445821896330429648e-10
4.149999999999485212e-01 -1.804369806930680759e-10
4.199999999999484146e-01 -9.856822918257149905e-11
4.249999999999483080e-01 -1.138152061682447652e-11
4.299999999999482014e-01 6.917619887240343258e-11
4.349999999999480949e-01 1.332020894790753780e-10
4.399999999999479883e-01 1.739862228043839948e-10
4.449999999999478817e-01 1.886053086193410804e-10
4.499999999999477751e-01 1.779316681392443593e-10
4.549999999999476685e-01 1.461123591089580121e-10
4.599999999999475619e-01 9.964272201514049308e-11
4.649999999999474554e-01 4.620473702768484366e-11
4.699999999999473488e-01 -6.540859901639317285e-12
4.749999999999472422e-01 -5.202917258060437322e-11
4.799999999999471356e-01 -8.558708543692052441e-11
4.849999999999470290e-01 -1.048578263071573895e-10
4.899999999999469225e-01 -1.098241699877726212e-10
4.949999999999468159e-01 -1.024637573375984043e-10
4.999999999999467093e-01 -8.612499489736073177e-11
5.049999999999466027e-01 -6.475074332542153043e-11
5.099999999999464961e-01 -4.209415998314464167e-11
5.149999999999463896e-01 -2.106449290924344456e-11
5.199999999999462830e-01 -3.311746067266663468e-12
5.249999999999461764e-01 1.088721440903619546e-11
5.299999999999460698e-01 2.243475381526918671e-11
5.349999999999459632e-01 3.296118601509754034e-11
5.399999999999458566e-01 4.421434868021087491e-11
5.449999999999457501e-01 5.741884366601091138e-11
5.499999999999456435e-01 7.274149838848463580e-11
5.549999999999455369e-01 8.898265327577000839e-11
5.599999999999454303e-01 1.035735175725281417e-10
5.649999999999453237e-01 1.129042810781530730e-10
5.699999999999452172e-01 1.129451614662316926e-10
5.749999999999451106e-01 1.000638907383718117e-10
5.799999999999450040e-01 7.189883234482967996e-11
5.849999999999448974e-01 2.812542650583833491e-11
5.899999999999447908e-01 -2.904017211234958990e-11
5.949999999999446842e-01 -9.472230389384879963e-11
5.999999999999445777e-01 -1.617163838955438309e-10
6.049999999999444711e-01 -2.212611160339281230e-10
6.099999999999443645e-01 -2.641691133563337197e-10
6.149999999999442579e-01 -2.821664501770643424e-10
6.199999999999441513e-01 -2.692460662783506880e-10
6.249999999999440448e-01 -2.228233603934390365e-10
6.299999999999439382e-01 -1.444986677120716882e-10
6.349999999999438316e-01 -4.027933051827998075e-11
6.399999999999437250e-01 7.981263535600532279e-11
6.449999999999436184e-01 2.027332372165351613e-10
6.499999999999435119e-01 3.139058191067331324e-10
6.549999999999434053e-01 3.990254706085142283e-10
6.599999999999432987e-01 4.459431700122545463e-10
6.649999999999431921e-01 4.463729600321269017e-10
6.699999999999430855e-01 3.971804155830438439e-10
6.749999999999429789e-01 3.010603994089620979e-10
6.799999999999428724e-01 1.664899926291600947e-10
6.849999999999427658e-01 6.937819013156593041e-12
6.899999999999426592e-01 -1.605894675378487000e-10
6.949999999999425526e-01 -3.174927969783503951e-10
6.999999999999424460e-01 -4.457796989970205455e-10
7.049999999999423395e-01 -5.302413616168104104e-10
7.099999999999422329e-01 -5.603319619579938045e-10
7.149999999999421263e-01 -5.315103127898327690e-10
7.199999999999420197e-01 -4.458710124048180785e-10
7.249999999999419131e-01 -3.119817429148600278e-10
7.299999999999418065e-01 -1.439432826892355442e-10
7.349999999999417000e-01 4.021387650937725011e-11
7.399999999999415934e-01 2.206002152745860367e-10
7.449999999999414868e-01 3.777523764140484505e-10
7.499999999999413802e-01 4.948557656590218661e-10
7.549999999999412736e-01 5.596382231074356729e-10
7.599999999999411671e-01 5.657123237581148900e-10
7.649999999999410605e-01 5.132147964056109412e-10
7.699999999999409539e-01 4.086800481000796578e-10
7.749999999999408473e-01 2.641793001449579697e-10
7.799999999999407407e-01 9.584527419453648781e-11
7.849999999999406342e-01 -7.802638049884410765e-11
7.899999999999405276e-01 -2.390623088601311074e-10
7.949999999999404210e-01 -3.708322420653029002e-10
7.999999999999403144e-01 -4.605717175229338847e-10
8.049999999999402078e-01 -5.004191555143758266e-10
8.099999999999401012e-01 -4.880474372077766266e-10
8.149999999999399947e-01 -4.266497933761781662e-10
8.199999999999398881e-01 -3.243204090840947431e-10
8.249999999999397815e-01 -1.929409034605471194e-10
8.299999999999396749e-01 -4.673574812720946927e-11
8.349999999999395683e-01 9.931324238581381532e-11
8.399999999999394618e-01 2.310031433006401269e-10
8.449999999999393552e-01 3.362317210589671630e-10
8.499999999999392486e-01 4.059843110275743151e-10
8.549999999999391420e-01 4.349213731142840166e-10
8.599999999999390354e-01 4.215603907516719683e-10
8.649999999999389289e-01 3.680966411823035957e-10
8.699999999999388223e-01 2.799436594310019320e-10
8.749999999999387157e-01 1.650915752096183787e-10
8.799999999999386091e-01 3.337921610544577122e-11
8.849999999999385025e-01 -1.042430793876616001e-10
8.899999999999383959e-01 -2.364125869577689028e-10
8.949999999999382894e-01 -3.520002737088001797e-10
8.999999999999381828e-01 -4.407158215544906385e-10
9.049999999999380762e-01 -4.936983619635845979e-10
9.099999999999379696e-01 -5.041181788870778801e-10
9.149999999999378630e-01 -4.677964587143149588e-10
9.199999999999377565e-01 -3.838188612843675895e-10
9.249999999999376499e-01 -2.550812295291543831e-10
9.299999999999375433e-01 -8.867135835246734384e-11
9.349999999999374367e-01 1.040308547003362560e-10
9.399999999999373301e-01 3.076530182798236620e-10
9.449999999999372235e-01 5.036219718098232569e-10
9.499999999999371170e-01 6.714874156936321863e-10
9.549999999999370104e-01 7.907425701427202679e-10
9.599999999999369038e-01 8.430198479463881659e-10
9.649999999999367972e-01 8.144533206011574584e-10
9.699999999999366906e-01 6.979297085129184128e-10
9.749999999999365841e-01 4.949103375029258455e-10
9.799999999999364775e-01 2.165093935944341822e-10
9.849999999999363709e-01 -1.164351513562608346e-10
9.899999999999362643e-01 -4.744634155394566376e-10
9.949999999999361577e-01 -8.217970951591924389e-10
9.999999999999360512e-01 -1.119713786054852833e-09
1.004999999999935945e+00 -1.358040812341181164e-09
1.009999999999935838e+00 -1.090043112192558112e-09
1.014999999999935731e+00 -3.592022680173269539e-10
1.019999999999935625e+00 5.983052585940083911e-10
1.024999999999935518e+00 1.382171318337870806e-09
1.029999999999935412e+00 1.642430004814946261e-09
1.034999999999935305e+00 1.255700919438073752e-09
1.039999999999935199e+00 3.750252913104528767e-10
1.044999999999935092e+00 -6.461523304979730947e-10
1.049999999999934985e+00 -1.406098756992492673e-09
1.054999999999934879e+00 -1.615851807466299623e-09
1.059999999999934772e+00 -1.208780291962973922e-09
1.064999999999934666e+00 -3.612947134845117126e-10
1.069999999999934559e+00 5.808695258533128348e-10
1.074999999999934452e+00 1.243638722422050950e-09
1.079999999999934346e+00 1.379711032559651492e-09
1.084999999999934239e+00 9.731146408799201528e-10
1.089999999999934133e+00 2.391801615093151921e-10
1.094999999999934026e+00 -4.935817482927356169e-10
1.099999999999933920e+00 -9.550869891993388902e-10
1.104999999999933813e+00 -1.003243698939556401e-09
1.109999999999933706e+00 -6.685876218498923603e-10
1.114999999999933600e+00 -1.284995551873916969e-10
1.119999999999933493e+00 3.906094661726481012e-10
1.124999999999933387e+00 7.090996854847711674e-10
1.129999999999933280e+00 7.404492064436471353e-10
1.134999999999933173e+00 5.000620001172846409e-10
1.139999999999933067e+00 8.694607622299797096e-11
1.144999999999932960e+00 -3.520756827995939477e-10
1.149999999999932854e+00 -6.662817574502530691e-10
1.154999999999932747e+00 -7.439906165981635895e-10
1.159999999999932641e+00 -5.459033635278157346e-10
1.164999999999932534e+00 -1.213064343695430829e-10
1.169999999999932427e+00 3.984097614918904814e-10
1.174999999999932321e+00 8.311976879136849885e-10
1.179999999999932214e+00 9.981835722610735347e-10
1.184999999999932108e+00 7.905004669990089362e-10
1.189999999999932001e+00 2.306662567704154985e-10
1.194999999999931894e+00 -5.016382591549438492e-10
1.199999999999931788e+00 -1.124173381131518784e-09
1.204999999999931681e+00 -1.359280728828148973e-09
1.209999999999931575e+00 -1.086981228966007901e-09
1.214999999999931468e+00 -3.533825614670408536e-10
1.219999999999931362e+00 6.032435446860712576e-10
1.224999999999931255e+00 1.383256165403458187e-09
1.229999999999931148e+00 1.639150713160498436e-09
1.234999999999931042e+00 1.250022110646458690e-09
1.239999999999930935e+00 3.700766002835467915e-10
1.244999999999930829e+00 -6.477900885185882630e-10
1.249999999999930722e+00 -1.403651598430658777e-09
1.254999999999930616e+00 -1.610649685693952379e-09
1.259999999999930509e+00 -1.203544070521773430e-09
1.264999999999930402e+00 -3.587724238619141868e-10
1.269999999999930296e+00 5.793027182699985609e-10
1.274999999999930189e+00 1.238765062891299786e-09
1.279999999999930083e+00 1.374189354555387845e-09
1.284999999999929976e+00 9.701046747106208213e-10
1.289999999999929869e+00 2.404181271493294101e-10
1.294999999999929763e+00 -4.890847703684466981e-10
1.299999999999929656e+00 -9.500253855387812934e-10
1.304999999999929550e+00 -1.000256884896921195e-09
1.309999999999929443e+00 -6.694262762577026699e-10
1.314999999999929337e+00 -1.326447844984554078e-10
1.319999999999929230e+00 3.859785476751400751e-10
1.324999999999929123e+00 7.068214347676757038e-10
1.329999999999929017e+00 7.416144115799237441e-10
1.334999999999928910e+00 5.036591853915084971e-10
1.339999999999928804e+00 9.070559120566908608e-11
1.344999999999928697e+00 -3.503253768984265446e-10
1.349999999999928590e+00 -6.674714774679445668e-10
1.354999999999928484e+00 -7.473785365425984188e-10
1.359999999999928377e+00 -5.494973129331152700e-10
1.364999999999928271e+00 -1.229252919429145909e-10
1.369999999999928164e+00 3.999191425577158614e-10
1.374999999999928058e+00 8.351784973696022985e-10
1.379999999999927951e+00 1.002310613753657580e-09
1.384999999999927844e+00 7.920000791321903433e-10
1.389999999999927738e+00 2.282045092825815794e-10
1.394999999999927631e+00 -5.065801355336660192e-10
1.399999999999927525e+00 -1.128545402008319644e-09
1.404999999999927418e+00 -1.360609405608422624e-09
1.409999999999927311e+00 -1.084146958546764770e-09
1.414999999999927205e+00 -3.478193635403865166e-10
1.419999999999927098e+00 6.080565954741785952e-10
1.424999999999926992e+00 1.384433928014568913e-09
1.429999999999926885e+00 1.636135957456387245e-09
1.434999999999926779e+00 1.244632083407273817e-09
1.439999999999926672e+00 3.652809303569644795e-10
1.444999999999926565e+00 -6.494948525181434353e-10
1.449999999999926459e+00 -1.401455683358488971e-09
1.454999999999926352e+00 -1.605745211570202965e-09
1.459999999999926246e+00 -1.198482101285453177e-09
1.464999999999926139e+00 -3.561889805030157093e-10
1.469999999999926033e+00 5.780193672253480785e-10
1.474999999999925926e+00 1.234250527986284051e-09
1.479999999999925819e+00 1.368888361352384001e-09
1.484999999999925713e+00 9.670184121648968781e-10
1.489999999999925606e+00 2.413032912567562963e-10
1.494999999999925500e+00 -4.849862188471549805e-10
1.499999999999925393e+00 -9.451402197984326834e-10
1.504999999999925286e+00 -9.971162920450481225e-10
1.509999999999925180e+00 -6.698681057223435552e-10
1.514999999999925073e+00 -1.364134729392868354e-10
1.519999999999924967e+00 3.814569186905400801e-10
1.524999999999924860e+00 7.043315465973704899e-10
1.529999999999924754e+00 7.423989864680218015e-10
1.534999999999924647e+00 5.069463760006056189e-10
1.539999999999924540e+00 9.440280029245236077e-11
1.544999999999924434e+00 -3.483701684451691166e-10
1.549999999999924327e+00 -6.683253576913534030e-10
1.554999999999924221e+00 -7.505051009958983837e-10
1.559999999999924114e+00 -5.530587114062187182e-10
1.564999999999924007e+00 -1.247547095572561788e-10
1.569999999999923901e+00 4.011089365503905520e-10
1.574999999999923794e+00 8.389320608570977628e-10
1.579999999999923688e+00 1.006443179883330095e-09
1.584999999999923581e+00 7.937249285700977135e-10
1.589999999999923475e+00 2.260461534266898549e-10
1.594999999999923368e+00 -5.112674035855125224e-10
1.599999999999923261e+00 -1.132771156126077037e-09
1.604999999999923155e+00 -1.361880994607926566e-09
1.609999999999923048e+00 -1.081570609043133853e-09
1.614999999999922942e+00 -3.429064872234270697e-10
1.619999999999922835e+00 6.120174139176849212e-10
1.624999999999922728e+00 1.384617504718698903e-09
1.629999999999922622e+00 1.632079429448904108e-09
1.634999999999922515e+00 1.238723132247247607e-09
1.639999999999922409e+00 3.616495072111782728e-10
1.644999999999922302e+00 -6.471536964553289581e-10
1.649999999999922196e+00 -1.392169708629137468e-09
1.654999999999922089e+00 -1.592615944378551259e-09
1.659999999999921982e+00 -1.188305847214312045e-09
1.664999999999921876e+00 -3.571022833101566886e-10
1.669999999999921769e+00 5.603819133368391581e-10
1.674999999999921663e+00 1.200839899619110140e-09
1.679999999999921556e+00 1.329753114878562653e-09
1.684999999999921450e+00 9.403278062798413907e-10
1.689999999999921343e+00 2.476486372399323969e-10
1.694999999999921236e+00 -4.323909688277761137e-10
1.699999999999921130e+00 -8.502784609902101042e-10
1.704999999999921023e+00 -8.891302528780366850e-10
1.709999999999920917e+00 -5.921882072602273547e-10
1.714999999999920810e+00 -1.358576754211313164e-10
1.719999999999920703e+00 2.641975956229755337e-10
1.724999999999920597e+00 4.733099852344416257e-10
1.729999999999920490e+00 4.658692729542564499e-10
1.734999999999920384e+00 3.011373343459164170e-10
1.739999999999920277e+00 7.775379275892292975e-11
1.744999999999920171e+00 -1.111062060188781344e-10
1.749999999999920064e+00 -2.085212223355244787e-10
1.754999999999919957e+00 -2.049197956041224872e-10
1.759999999999919851e+00 -1.304220354071582458e-10
1.764999999999919744e+00 -3.437705071701378246e-11
1.769999999999919638e+00 3.889030752574235895e-11
1.774999999999919531e+00 6.837955500432855439e-11
1.779999999999919424e+00 6.100323740528967521e-11
1.784999999999919318e+00 3.979059486147876432e-11
1.789999999999919211e+00 2.159992421183302214e-11
1.794999999999919105e+00 2.666398377293127117e-12
1.799999999999918998e+00 -1.300571898364666299e-11
1.804999999999918892e+00 -1.803696551035261072e-11
1.809999999999918785e+00 -1.618428341014024570e-11
1.814999999999918678e+00 -1.001731300127387871e-11
1.819999999999918572e+00 -2.877601213850445930e-12
1.824999999999918465e+00 2.579616307465307606e-12
1.829999999999918359e+00 5.096451462307422210e-12
1.834999999999918252e+00 4.825029861011856853e-12
1.839999999999918145e+00 2.861283075765567632e-12
1.844999999999918039e+00 5.826726411646789958e-13
1.849999999999917932e+00 -9.466404462607614949e-13
1.854999999999917826e+00 -1.316786556100023549e-12
1.859999999999917719e+00 -7.831179017745136507e-13
1.864999999999917613e+00 1.068833659811592827e-14
1.869999999999917506e+00 4.531611389755317944e-13
1.874999999999917399e+00 3.243151121143523650e-13
1.879999999999917293e+00 -1.058593710960117016e-13
1.884999999999917186e+00 -3.430699963149737034e-13
1.889999999999917080e+00 -1.901833724211721580e-13
1.894999999999916973e+00 -6.398217999460977761e-14
1.899999999999916866e+00 -1.294780022232814003e-13
1.904999999999916760e+00 -1.281470245611804966e-13
1.909999999999916653e+00 -9.046426836022742716e-15
1.914999999999916547e+00 2.333777717643987096e-13
1.919999999999916440e+00 4.379191622497633620e-13
1.924999999999916334e+00 4.549934745542409806e-13
1.929999999999916227e+00 2.464724647457845252e-13
1.934999999999916120e+00 -1.017750013645584046e-13
1.939999999999916014e+00 -4.315820075211327607e-13
1.944999999999915907e+00 -5.914743024586995170e-13
1.949999999999915801e+00 -5.060204989204829378e-13
1.954999999999915694e+00 -2.085491818146010904e-13
1.959999999999915588e+00 1.738856233411644346e-13
1.964999999999915481e+00 4.765895738616764389e-13
1.969999999999915374e+00 5.718863660500001096e-13
1.974999999999915268e+00 4.301277952742344103e-13
1.979999999999915161e+00 1.351108196919634941e-13
1.984999999999915055e+00 -1.637563895908267161e-13
1.989999999999914948e+00 -3.479120351313849703e-13
1.994999999999914841e+00 -4.058215783760351630e-13
