-2.000000000000000000e+00 7.700809929260284781e-14
-1.995000000000000107e+00 7.895891065227879597e-14
-1.990000000000000213e+00 8.095906725101754737e-14
-1.985000000000000320e+00 8.300981867408671661e-14
-1.980000000000000426e+00 8.511244613256940466e-14
-1.975000000000000533e+00 8.726826326417840413e-14
-1.970000000000000639e+00 8.947861695434250164e-14
-1.965000000000000746e+00 9.174488817807901253e-14
-1.960000000000000853e+00 9.406849286317810615e-14
-1.955000000000000959e+00 9.645088277523881798e-14
-1.950000000000001066e+00 9.889354642510969591e-14
-1.945000000000001172e+00 1.013980099993012782e-13
-1.940000000000001279e+00 1.039658383139519509e-13
-1.935000000000001386e+00 1.065986357929431479e-13
-1.930000000000001492e+00 1.092980474707759599e-13
-1.925000000000001599e+00 1.120657600208349924e-13
-1.920000000000001705e+00 1.149035028096825500e-13
-1.915000000000001812e+00 1.178130489780426360e-13
-1.910000000000001918e+00 1.207962165491491739e-13
-1.905000000000002025e+00 1.238548695651529004e-13
-1.900000000000002132e+00 1.269909192522947715e-13
-1.895000000000002238e+00 1.302034567215129335e-13
-1.890000000000002345e+00 1.334973607328055927e-13
-1.885000000000002451e+00 1.368746909409913325e-13
-1.880000000000002558e+00 1.403375591472452700e-13
-1.875000000000002665e+00 1.438881306188220272e-13
-1.870000000000002771e+00 1.475286254422007564e-13
-1.865000000000002878e+00 1.512613199104966680e-13
-1.860000000000002984e+00 1.550885479460083224e-13
-1.855000000000003091e+00 1.590127025587869355e-13
-1.850000000000003197e+00 1.630362373421428279e-13
-1.845000000000003304e+00 1.671616680060203281e-13
-1.840000000000003411e+00 1.713915739492025040e-13
-1.835000000000003517e+00 1.757285998713261074e-13
-1.830000000000003624e+00 1.801754574257158173e-13
-1.825000000000003730e+00 1.847349269140699134e-13
-1.820000000000003837e+00 1.894098590240573335e-13
-1.815000000000003944e+00 1.942031766109114335e-13
-1.810000000000004050e+00 1.991178765241346773e-13
-1.805000000000004157e+00 2.041570314804555663e-13
-1.800000000000004263e+00 2.093237919842088824e-13
-1.795000000000004370e+00 2.146207544257244525e-13
-1.790000000000004476e+00 2.200518928579024853e-13
-1.785000000000004583e+00 2.256206017952918644e-13
-1.780000000000004690e+00 2.313303617165048050e-13
-1.775000000000004796e+00 2.371847412396029351e-13
-1.770000000000004903e+00 2.431873993525856268e-13
-1.765000000000005009e+00 2.493420877003794236e-13
-1.760000000000005116e+00 2.556526529297523498e-13
-1.755000000000005222e+00 2.621230390936236654e-13
-1.750000000000005329e+00 2.687572901162675745e-13
-1.745000000000005436e+00 2.755595523209555885e-13
-1.740000000000005542e+00 2.825340770216137039e-13
-1.735000000000005649e+00 2.896852231801174006e-13
-1.730000000000005755e+00 2.970174601308816505e-13
-1.725000000000005862e+00 3.045353703744526029e-13
-1.720000000000005969e+00 3.122436524418441123e-13
-1.715000000000006075e+00 3.201471238314100412e-13
-1.710000000000006182e+00 3.282507240200889028e-13
-1.705000000000006288e+00 3.365595175509006336e-13
-1.700000000000006395e+00 3.450786971986279370e-13
-1.695000000000006501e+00 3.538123327694960670e-13
-1.690000000000006608e+00 3.627671054938534961e-13
-1.685000000000006715e+00 3.719486084549497343e-13
-1.680000000000006821e+00 3.813625764345036711e-13
-1.675000000000006928e+00 3.910148894968999390e-13
-1.670000000000007034e+00 4.009115766641947038e-13
-1.665000000000007141e+00 4.110588196842256215e-13
-1.660000000000007248e+00 4.214629568941834553e-13
-1.655000000000007354e+00 4.321304871820579815e-13
-1.650000000000007461e+00 4.430680740484344240e-13
-1.645000000000007567e+00 4.542825497711803217e-13
-1.640000000000007674e+00 4.657809196756236738e-13
-1.635000000000007780e+00 4.775703665128938345e-13
-1.630000000000007887e+00 4.896582549491577739e-13
-1.625000000000007994e+00 5.020521361685626224e-13
-1.620000000000008100e+00 5.147597525927561063e-13
-1.615000000000008207e+00 5.277890427199391746e-13
-1.610000000000008313e+00 5.411481460864728266e-13
-1.605000000000008420e+00 5.548454083541411652e-13
-1.600000000000008527e+00 5.688893865262507601e-13
-1.595000000000008633e+00 5.832990950118869763e-13
-1.590000000000008740e+00 5.980733065703047758e-13
-1.585000000000008846e+00 6.132212545996180715e-13
-1.580000000000008953e+00 6.287524060997642274e-13
-1.575000000000009059e+00 6.446764675882968411e-13
-1.570000000000009166e+00 6.610033911658534865e-13
-1.565000000000009273e+00 6.777433807350903994e-13
-1.560000000000009379e+00 6.949068983769690911e-13
-1.555000000000009486e+00 7.125046708883810455e-13
-1.550000000000009592e+00 7.305476964851995530e-13
-1.545000000000009699e+00 7.490472516749424440e-13
-1.540000000000009805e+00 7.680148983033476286e-13
-1.535000000000009912e+00 7.874624907792602812e-13
-1.530000000000010019e+00 8.074021834823524865e-13
-1.525000000000010125e+00 8.278464383583006728e-13
-1.520000000000010232e+00 8.488080327061705573e-13
-1.515000000000010338e+00 8.703000671628793869e-13
-1.510000000000010445e+00 8.923359738897192576e-13
-1.505000000000010552e+00 9.149295249660677714e-13
-1.500000000000010658e+00 9.380948409955237633e-13
-1.495000000000010765e+00 9.618280727907474525e-13
-1.490000000000010871e+00 9.861624916543804647e-13
-1.485000000000010978e+00 1.011113310572485414e-12
-1.480000000000011084e+00 1.036696127934871952e-12
-1.475000000000011191e+00 1.062926937282419232e-12
-1.470000000000011298e+00 1.089822137301455970e-12
-1.465000000000011404e+00 1.117398542071435696e-12
-1.460000000000011511e+00 1.145673391572310969e-12
-1.455000000000011617e+00 1.174664362458177154e-12
-1.450000000000011724e+00 1.204389579103927198e-12
-1.445000000000011831e+00 1.234867624931799615e-12
-1.440000000000011937e+00 1.266117554024923193e-12
-1.435000000000012044e+00 1.298158903035101125e-12
-1.430000000000012150e+00 1.331011703392283820e-12
-1.425000000000012257e+00 1.364696493823355559e-12
-1.420000000000012363e+00 1.399234333188067174e-12
-1.415000000000012470e+00 1.434646813640130674e-12
-1.410000000000012577e+00 1.470956074121702191e-12
-1.405000000000012683e+00 1.508184814199695098e-12
-1.400000000000012790e+00 1.546356308252556982e-12
-1.395000000000012896e+00 1.585528075908028137e-12
-1.390000000000013003e+00 1.625690913707652629e-12
-1.385000000000013110e+00 1.666869915058757709e-12
-1.380000000000013216e+00 1.709090808447530305e-12
-1.375000000000013323e+00 1.752379973521419337e-12
-1.370000000000013429e+00 1.796764457578554308e-12
-1.365000000000013536e+00 1.842271992474489237e-12
-1.360000000000013642e+00 1.888931011956837070e-12
-1.355000000000013749e+00 1.936770669438626869e-12
-1.350000000000013856e+00 1.985820856221497411e-12
-1.345000000000013962e+00 2.036112220180109414e-12
-1.340000000000014069e+00 2.087676184919464340e-12
-1.335000000000014175e+00 2.140544969417095240e-12
-1.330000000000014282e+00 2.194751608162403238e-12
-1.325000000000014388e+00 2.250329971805733568e-12
-1.320000000000014495e+00 2.307314788330108185e-12
-1.315000000000014602e+00 2.365741664758807024e-12
-1.310000000000014708e+00 2.425647109412422972e-12
-1.305000000000014815e+00 2.487068554729249445e-12
-1.300000000000014921e+00 2.550044380663296111e-12
-1.295000000000015028e+00 2.614616126244655401e-12
-1.290000000000015135e+00 2.680821737840382474e-12
-1.285000000000015241e+00 2.748702603131167886e-12
-1.280000000000015348e+00 2.818301156893760459e-12
-1.275000000000015454e+00 2.889660907524310049e-12
-1.270000000000015561e+00 2.962826464232819575e-12
-1.265000000000015667e+00 3.037843564925715573e-12
-1.260000000000015774e+00 3.114759104793968289e-12
-1.255000000000015881e+00 3.193621165624624824e-12
-1.250000000000015987e+00 3.274479045854087421e-12
-1.245000000000016094e+00 3.357383291381900310e-12
-1.240000000000016200e+00 3.442385727164346540e-12
-1.235000000000016307e+00 3.529539489607560912e-12
-1.230000000000016414e+00 3.618899059780438277e-12
-1.225000000000016520e+00 3.710520297468077691e-12
-1.220000000000016627e+00 3.804460476087061131e-12
-1.215000000000016733e+00 3.900778318484394551e-12
-1.210000000000016840e+00 3.999534033642474244e-12
-1.205000000000016946e+00 4.100789354313037618e-12
-1.200000000000017053e+00 4.204607575603621731e-12
-1.195000000000017160e+00 4.310993552397020802e-12
-1.190000000000017266e+00 4.420073987097699059e-12
-1.185000000000017373e+00 4.531917059195722697e-12
-1.180000000000017479e+00 4.646592674854056566e-12
-1.175000000000017586e+00 4.764172510594447409e-12
-1.170000000000017693e+00 4.884730058089955190e-12
-1.165000000000017799e+00 5.008340670092150855e-12
-1.160000000000017906e+00 5.135081607521632959e-12
-1.155000000000018012e+00 5.265032087751333888e-12
-1.150000000000018119e+00 5.398273334112796453e-12
-1.145000000000018225e+00 5.534888626656315752e-12
-1.140000000000018332e+00 5.674963354196710329e-12
-1.135000000000018439e+00 5.818585067677245225e-12
-1.130000000000018545e+00 5.965843534885018718e-12
-1.125000000000018652e+00 6.116830796552072863e-12
-1.120000000000018758e+00 6.271641223877207758e-12
-1.115000000000018865e+00 6.430371577504529516e-12
-1.110000000000018971e+00 6.593121067995517267e-12
-1.105000000000019078e+00 6.759991417832470471e-12
-1.100000000000019185e+00 6.931086924992025812e-12
-1.095000000000019291e+00 7.106572754143280694e-12
-1.090000000000019398e+00 7.286499885210424687e-12
-1.085000000000019504e+00 7.470980791309503358e-12
-1.080000000000019611e+00 7.660130791743288763e-12
-1.075000000000019718e+00 7.854068124074747597e-12
-1.070000000000019824e+00 8.052914018023978933e-12
-1.065000000000019931e+00 8.256792771234817625e-12
-1.060000000000020037e+00 8.465831826958486950e-12
-1.055000000000020144e+00 8.680161853702819789e-12
-1.050000000000020250e+00 8.899916826896769666e-12
-1.045000000000020357e+00 9.125234112621357891e-12
-1.040000000000020464e+00 9.356254553459274212e-12
-1.035000000000020570e+00 9.593122556516844389e-12
-1.030000000000020677e+00 9.835986183673330206e-12
-1.025000000000020783e+00 1.008499724411400245e-11
-1.020000000000020890e+00 1.034031138920475056e-11
-1.015000000000020997e+00 1.060208820976758403e-11
-1.010000000000021103e+00 1.087049133581777962e-11
-1.005000000000021210e+00 1.114568853882501521e-11
-1.000000000000021316e+00 1.142785183656237691e-11
-9.950000000000214229e-01 1.060357407525658286e-11
-9.900000000000215294e-01 9.398085307520316686e-12
-9.850000000000216360e-01 7.975122039647855254e-12
-9.800000000000217426e-01 6.514430510670436462e-12
-9.750000000000218492e-01 5.149557331195566826e-12
-9.700000000000219558e-01 3.957319669656835475e-12
-9.650000000000220624e-01 2.967635627698186381e-12
-9.600000000000221689e-01 2.178512676324849005e-12
-9.550000000000222755e-01 1.569686471697588976e-12
-9.500000000000223821e-01 1.112799148034472834e-12
-9.450000000000224887e-01 7.780267950450141910e-13
-9.400000000000225953e-01 5.378401716656768131e-13
-9.350000000000227018e-01 3.687441291292109073e-13
-9.300000000000228084e-01 2.517394276485873040e-13
-9.250000000000229150e-01 1.720697680902275973e-13
-9.200000000000230216e-01 1.186356351554997789e-13
-9.150000000000231282e-01 8.330557557234198315e-14
-9.100000000000232347e-01 6.025207231850674436e-14
-9.050000000000233413e-01 4.537808916405408388e-14
-9.000000000000234479e-01 3.585792190189412757e-14
-8.950000000000235545e-01 2.978417450166364744e-14
-8.900000000000236611e-01 2.590009983818350555e-14
-8.850000000000237677e-01 2.339871404418698457e-14
-8.800000000000238742e-01 2.177374259621540491e-14
-8.750000000000239808e-01 2.071136551522761985e-14
-8.700000000000240874e-01 2.001679322074781116e-14
-8.650000000000241940e-01 1.956928905739747598e-14
-8.600000000000243006e-01 1.929415095525108533e-14
-8.550000000000244071e-01 1.914107007172005049e-14
-8.500000000000245137e-01 1.906762103466867626e-14
-8.450000000000246203e-01 1.903328174650975079e-14
-8.400000000000247269e-01 1.900392568688966614e-14
-8.350000000000248335e-01 1.895649628609134268e-14
-8.300000000000249401e-01 1.887610110844186777e-14
-8.250000000000250466e-01 1.875192330923948899e-14
-8.200000000000251532e-01 1.858173004731217803e-14
-8.150000000000252598e-01 1.838008656131880176e-14
-8.100000000000253664e-01 1.817561106142814997e-14
-8.050000000000254730e-01 1.799437141037663484e-14
-8.000000000000255795e-01 1.784313620476681485e-14
-7.950000000000256861e-01 1.770600035009890433e-14
-7.900000000000257927e-01 1.755472009214598781e-14
-7.850000000000258993e-01 1.736527035015777277e-14
-7.800000000000260059e-01 1.713402021846710822e-14
-7.750000000000261124e-01 1.688480155597524732e-14
-7.700000000000262190e-01 1.665717147798452643e-14
-7.650000000000263256e-01 1.648042395085143706e-14
-7.600000000000264322e-01 1.635589058724205619e-14
-7.550000000000265388e-01 1.626637462482520898e-14
-7.500000000000266454e-01 1.620438319034811905e-14
-7.450000000000267519e-01 1.618969491192694866e-14
-7.400000000000268585e-01 1.625903919913676940e-14
-7.350000000000269651e-01 1.643949078933959315e-14
-7.300000000000270717e-01 1.672836589219921252e-14
-7.250000000000271783e-01 1.709209632333969714e-14
-7.200000000000272848e-01 1.747927951980216512e-14
-7.150000000000273914e-01 1.783850104803950046e-14
-7.100000000000274980e-01 1.813008848396036002e-14
-7.050000000000276046e-01 1.832718720790489827e-14
-7.000000000000277112e-01 1.841570314089326435e-14
-6.950000000000278177e-01 1.840325319333730331e-14
-6.900000000000279243e-01 1.832951873952692714e-14
-6.850000000000280309e-01 1.825978104096897450e-14
-6.800000000000281375e-01 1.825663407706192174e-14
-6.750000000000282441e-01 1.834891223901798078e-14
-6.700000000000283507e-01 1.852328202440512743e-14
-6.650000000000284572e-01 1.874410220362160423e-14
-6.600000000000285638e-01 1.898246885001804006e-14
-6.550000000000286704e-01 1.922894549168029209e-14
-6.500000000000287770e-01 1.948710096122505256e-14
-6.450000000000288836e-01 1.977015088894760614e-14
-6.400000000000289901e-01 2.011233607043529627e-14
-6.350000000000290967e-01 2.057667948370361104e-14
-6.300000000000292033e-01 2.123965729192397158e-14
-6.250000000000293099e-01 2.216375442305860274e-14
-6.200000000000294165e-01 2.338696453032214325e-14
-6.150000000000295231e-01 2.493810560503269835e-14
-6.100000000000296296e-01 2.685368504205180476e-14
-6.050000000000297362e-01 2.916606921731720513e-14
-6.000000000000298428e-01 3.187971092972291312e-14
-5.950000000000299494e-01 3.497940813090331249e-14
-5.900000000000300560e-01 3.846397408129008910e-14
-5.850000000000301625e-01 4.234778053460688883e-14
-5.800000000000302691e-01 4.662776526414735814e-14
-5.750000000000303757e-01 5.129096544178714675e-14
-5.700000000000304823e-01 5.632047367415867748e-14
-5.650000000000305889e-01 6.166690104104207270e-14
-5.600000000000306954e-01 6.727198367186151407e-14
-5.550000000000308020e-01 7.308095490067471384e-14
-5.500000000000309086e-01 7.901518536793006806e-14
-5.450000000000310152e-01 8.498216879904640796e-14
-5.400000000000311218e-01 9.085876721547149186e-14
-5.350000000000312284e-01 9.645222614347232759e-14
-5.300000000000313349e-01 1.015398868913645419e-13
-5.250000000000314415e-01 1.059798319240541632e-13
-5.200000000000315481e-01 1.097471334776461443e-13
-5.150000000000316547e-01 1.128674241830484325e-13
-5.100000000000317613e-01 1.153577307456257664e-13
-5.050000000000318678e-01 1.171550272468850598e-13
-5.000000000000319744e-01 1.180936856118487135e-13
-4.950000000000320810e-01 1.180538909400390227e-13
-4.900000000000321876e-01 1.170865114964041034e-13
-4.850000000000322942e-01 1.153131001762493862e-13
-4.800000000000324007e-01 1.127925696203221640e-13
-4.750000000000325073e-01 1.095548369458489186e-13
-4.700000000000326139e-01 1.056895569138696670e-13
-4.650000000000327205e-01 1.013266327353576918e-13
-4.600000000000328271e-01 9.656739300595811629e-14
-4.550000000000329337e-01 9.149121380912419166e-14
-4.500000000000330402e-01 8.618018058452171992e-14
-4.450000000000331468e-01 8.068491317107329303e-14
-4.400000000000332534e-01 7.503345295697580385e-14
-4.350000000000333600e-01 6.933290826998905837e-14
-4.300000000000334666e-01 6.379214469227615007e-14
-4.250000000000335731e-01 5.859258813417728251e-14
-4.200000000000336797e-01 5.378852016388044327e-14
-4.150000000000337863e-01 4.935030978165886431e-14
-4.100000000000338929e-01 4.525024398734517216e-14
-4.050000000000339995e-01 4.149047778905404146e-14
-4.000000000000341061e-01 3.807590904393284243e-14
-3.950000000000342126e-01 3.498452207046467178e-14
-3.900000000000343192e-01 3.218358717144650360e-14
-3.850000000000344258e-01 2.966937933970544826e-14
-3.800000000000345324e-01 2.748725523770895244e-14
-3.750000000000346390e-01 2.572138929352029235e-14
-3.700000000000347455e-01 2.442575214430946604e-14
-3.650000000000348521e-01 2.352676316698301008e-14
-3.600000000000349587e-01 2.282248079053564040e-14
-3.550000000000350653e-01 2.212056557547588315e-14
-3.500000000000351719e-01 2.138685223116738912e-14
-3.450000000000352784e-01 2.073279524272087794e-14
-3.400000000000353850e-01 2.024406530299326415e-14
-3.350000000000354916e-01 1.985095439750332825e-14
-3.300000000000355982e-01 1.939423269920080650e-14
-3.250000000000357048e-01 1.879390862899601001e-14
-3.200000000000358114e-01 1.809579115600989454e-14
-3.150000000000359179e-01 1.736703935608861543e-14
-3.100000000000360245e-01 1.663051365505257034e-14
-3.050000000000361311e-01 1.590925150335256501e-14
-3.000000000000362377e-01 1.526335903414729004e-14
-2.950000000000363443e-01 1.474698489680510108e-14
-2.900000000000364508e-01 1.434022619731010955e-14
-2.850000000000365574e-01 1.394325294080046641e-14
-2.800000000000366640e-01 1.345546327017370218e-14
-2.750000000000367706e-01 1.286150076032583377e-14
-2.700000000000368772e-01 1.223223872798861412e-14
-2.650000000000369837e-01 1.165642963298455272e-14
-2.600000000000370903e-01 1.118999719429791430e-14
-2.550000000000371969e-01 1.085021607212656996e-14
-2.500000000000373035e-01 1.062237733972683733e-14
-2.450000000000374101e-01 1.047736786147464341e-14
-2.400000000000375167e-01 1.040480406307914641e-14
-2.350000000000376232e-01 1.042230026388696747e-14
-2.300000000000377298e-01 1.055349990102194172e-14
-2.250000000000378364e-01 1.081919558569835053e-14
-2.200000000000379430e-01 1.123951756041202650e-14
-2.150000000000380496e-01 1.181809578978565156e-14
-2.100000000000381561e-01 1.252708211830952910e-14
-2.050000000000382627e-01 1.330695147253833070e-14
-2.000000000000383693e-01 1.407664365821037914e-14
-1.950000000000384759e-01 1.476413270156168492e-14
-1.900000000000385825e-01 1.533237663815792526e-14
-1.850000000000386891e-01 1.577468122062579858e-14
-1.800000000000387956e-01 1.611558378141005570e-14
-1.750000000000389022e-01 1.642477985844876050e-14
-1.700000000000390088e-01 1.678339645959465130e-14
-1.650000000000391154e-01 1.719378469783612046e-14
-1.600000000000392220e-01 1.753936052120192602e-14
-1.550000000000393285e-01 1.768367547658298377e-14
-1.500000000000394351e-01 1.760733196322010905e-14
-1.450000000000395417e-01 1.740475014875316613e-14
-1.400000000000396483e-01 1.717590902570318711e-14
-1.350000000000397549e-01 1.698706188406898639e-14
-1.300000000000398614e-01 1.689440788332218941e-14
-1.250000000000399680e-01 1.691227907639720966e-14
-1.200000000000400746e-01 1.696772047664551676e-14
-1.150000000000401812e-01 1.694869975561281034e-14
-1.100000000000402878e-01 1.679216996791946385e-14
-1.050000000000403944e-01 1.649588964413814420e-14
-1.000000000000405009e-01 1.608146826888578298e-14
-9.500000000004060752e-02 1.560108240241159693e-14
-9.000000000004071410e-02 1.515237014373200914e-14
-8.500000000004082068e-02 1.481104231093539235e-14
-8.000000000004092726e-02 1.453901094084660413e-14
-7.500000000004103384e-02 1.421030650474280867e-14
-7.000000000004114042e-02 1.374805832289611733e-14
-6.500000000004124701e-02 1.321021544114027354e-14
-6.000000000004135359e-02 1.272732751487052793e-14
-5.500000000004146017e-02 1.238111281175168618e-14
-5.000000000004156675e-02 1.216011375757216580e-14
-4.500000000004167333e-02 1.199932679962144681e-14
-4.000000000004177991e-02 1.182495810801540337e-14
-3.500000000004188649e-02 1.158111392338111093e-14
-3.000000000004199308e-02 1.126043709387289777e-14
-2.500000000004209966e-02 1.092129408464186708e-14
-2.000000000004220624e-02 1.065413763451244100e-14
-1.500000000004231282e-02 1.050615329016875543e-14
-1.000000000004241940e-02 1.043255772658593590e-14
-5.000000000042525983e-03 1.034553402420971123e-14
-4.263256414560601115e-14 1.022750590777105178e-14
4.999999999957260854e-03 1.016906200791588397e-14
9.999999999957154273e-03 1.026901480575716755e-14
1.499999999995704769e-02 1.051109947290367555e-14
1.999999999995694111e-02 1.075722496153005172e-14
2.499999999995683453e-02 1.086337128811396553e-14
2.999999999995672795e-02 1.079876127269154858e-14
3.499999999995662137e-02 1.064560947532639587e-14
3.999999999995651478e-02 1.049278720163398610e-14
4.499999999995640820e-02 1.035692906050282332e-14
4.999999999995630162e-02 1.020599153985482014e-14
5.499999999995619504e-02 1.002681766879840502e-14
5.999999999995608846e-02 9.849836039114038061e-15
6.499999999995598188e-02 9.723629499463358325e-15
6.999999999995587530e-02 9.692342106548517834e-15
7.499999999995576871e-02 9.780381996563467308e-15
7.999999999995566213e-02 9.957036902709566364e-15
8.499999999995555555e-02 1.013380239285192493e-14
8.999999999995544897e-02 1.024040804289685959e-14
9.499999999995534239e-02 1.028884963462999663e-14
9.999999999995523581e-02 1.033814119817191442e-14
1.049999999999551292e-01 1.042106818385981425e-14
1.099999999999550226e-01 1.052908140645915369e-14
1.149999999999549161e-01 1.065637284077068271e-14
1.199999999999548095e-01 1.083294064432570650e-14
1.249999999999547029e-01 1.109372944206341303e-14
1.299999999999545963e-01 1.141862118089652379e-14
1.349999999999544897e-01 1.172707306486182638e-14
1.399999999999543832e-01 1.194397924170279789e-14
1.449999999999542766e-01 1.206316964800687193e-14
1.499999999999541700e-01 1.214869711478359583e-14
1.549999999999540634e-01 1.229210399792391252e-14
1.599999999999539568e-01 1.255421510600437297e-14
1.649999999999538502e-01 1.290454406382535348e-14
1.699999999999537437e-01 1.322066231480831086e-14
1.749999999999536371e-01 1.339050306133141695e-14
1.799999999999535305e-01 1.341671036850743432e-14
1.849999999999534239e-01 1.339161115475032363e-14
1.899999999999533173e-01 1.337997096995793260e-14
1.949999999999532108e-01 1.335415727455921109e-14
1.999999999999531042e-01 1.323544858464841455e-14
2.049999999999529976e-01 1.297947638489422549e-14
2.099999999999528910e-01 1.262197422327146327e-14
2.149999999999527844e-01 1.224580272689849377e-14
2.199999999999526779e-01 1.191197855782227395e-14
2.249999999999525713e-01 1.163877721050262024e-14
2.299999999999524647e-01 1.144045015471001150e-14
2.349999999999523581e-01 1.134614277774199817e-14
2.399999999999522515e-01 1.137047145665239941e-14
2.449999999999521449e-01 1.149923545106550999e-14
2.499999999999520384e-01 1.170700604726828908e-14
2.549999999999519318e-01 1.195912258368822656e-14
2.599999999999518252e-01 1.219979018528796120e-14
2.649999999999517186e-01 1.237492385006496785e-14
2.699999999999516120e-01 1.248213525825806081e-14
2.749999999999515055e-01 1.258251257447864947e-14
2.799999999999513989e-01 1.276000273663197115e-14
2.849999999999512923e-01 1.306651432346272171e-14
2.899999999999511857e-01 1.347087487745240707e-14
2.949999999999510791e-01 1.385098460553923618e-14
2.999999999999509726e-01 1.407744040209582372e-14
3.049999999999508660e-01 1.412073200180402690e-14
3.099999999999507594e-01 1.404579041231294622e-14
3.149999999999506528e-01 1.389875238999074829e-14
3.199999999999505462e-01 1.366059580859087701e-14
3.249999999999504396e-01 1.333718098870344018e-14
3.299999999999503331e-01 1.301849182227784328e-14
3.349999999999502265e-01 1.278303889734102337e-14
3.399999999999501199e-01 1.258061638588561663e-14
3.449999999999500133e-01 1.230324439806155252e-14
3.499999999999499067e-01 1.197241594774297797e-14
3.549999999999498002e-01 1.175052799427651123e-14
3.599999999999496936e-01 1.176571917886652438e-14
3.649999999999495870e-01 1.201549032661781554e-14
3.699999999999494804e-01 1.244237202968359174e-14
3.749999999999493738e-01 1.305205518793357512e-14
3.799999999999492672e-01 1.391850376329009130e-14
3.849999999999491607e-01 1.506987978576666974e-14
3.899999999999490541e-01 1.645579084552356990e-14
3.949999999999489475e-01 1.808801830760643541e-14
3.999999999999488409e-01 2.013799704596968990e-14
4.049999999999487343e-01 2.281285281487626974e-14
4.099999999999486278e-01 2.616119925027453555e-14
4.149999999999485212e-01 3.005206736681932597e-14
4.199999999999484146e-01 3.431839790992305655e-14
4.249999999999483080e-01 3.887826055049395935e-14
4.299999999999482014e-01 4.372262599770489695e-14
4.349999999999480949e-01 4.882131389283671443e-14
4.399999999999479883e-01 5.408716123952411458e-14
4.449999999999478817e-01 5.942847983643466553e-14
4.499999999999477751e-01 6.477524530271096510e-14
4.549999999999476685e-01 7.003474124019092084e-14
4.599999999999475619e-01 7.507784418672437701e-14
4.649999999999474554e-01 7.980969495711266266e-14
4.699999999999473488e-01 8.422033541309840050e-14
4.749999999999472422e-01 8.831499356262346886e-14
4.799999999999471356e-01 9.199280086017241195e-14
4.849999999999470290e-01 9.504926159666367682e-14
4.899999999999469225e-01 9.732296034467837668e-14
4.949999999999468159e-01 9.878275676714261055e-14
4.999999999999467093e-01 9.946419956265868313e-14
5.049999999999466027e-01 9.939481385885567926e-14
5.099999999999464961e-01 9.858568769282789398e-14
5.149999999999463896e-01 9.704299709513565872e-14
5.199999999999462830e-01 9.478179212933426948e-14
5.249999999999461764e-01 9.184447737058098967e-14
5.299999999999460698e-01 8.831506750979898167e-14
5.349999999999459632e-01 8.430264854633953629e-14
5.399999999999458566e-01 7.988798031281331154e-14
5.449999999999457501e-01 7.513315911933101129e-14
5.499999999999456435e-01 7.017373899908967467e-14
5.549999999999455369e-01 6.520243735539609948e-14
5.599999999999454303e-01 6.034904526662689981e-14
5.649999999999453237e-01 5.568239065795971327e-14
5.699999999999452172e-01 5.127759856500382706e-14
5.749999999999451106e-01 4.719258526885208946e-14
5.799999999999450040e-01 4.343114776302482651e-14
5.849999999999448974e-01 3.997153885976537668e-14
5.899999999999447908e-01 3.680336881176023516e-14
5.949999999999446842e-01 3.393717163920485000e-14
5.999999999999445777e-01 3.139189018003848039e-14
6.049999999999444711e-01 2.917775871609643982e-14
6.099999999999443645e-01 2.728959796587856574e-14
6.149999999999442579e-01 2.569849734050026666e-14
6.199999999999441513e-01 2.434922572085809985e-14
6.249999999999440448e-01 2.318070765467309759e-14
6.299999999999439382e-01 2.214920165167291126e-14
6.349999999999438316e-01 2.123834587271387954e-14
6.399999999999437250e-01 2.045845579086229193e-14
6.449999999999436184e-01 1.982833612362320241e-14
6.499999999999435119e-01 1.934792569818318904e-14
6.549999999999434053e-01 1.899038013915874367e-14
6.599999999999432987e-01 1.871835702283506558e-14
6.649999999999431921e-01 1.849971127621786789e-14
6.699999999999430855e-01 1.830506015202143799e-14
6.749999999999429789e-01 1.809695699008999983e-14
6.799999999999428724e-01 1.783177528692701333e-14
6.849999999999427658e-01 1.748004309095632521e-14
6.899999999999426592e-01 1.704758030827619610e-14
6.949999999999425526e-01 1.657689115461659076e-14
6.999999999999424460e-01 1.612422930739046611e-14
7.049999999999423395e-01 1.572841594896882236e-14
7.099999999999422329e-01 1.539495731313909220e-14
7.149999999999421263e-01 1.510358687864164889e-14
7.199999999999420197e-01 1.482926763386377376e-14
7.249999999999419131e-01 1.455990911372247263e-14
7.299999999999418065e-01 1.429804004796786976e-14
7.349999999999417000e-01 1.405212152262299463e-14
7.399999999999415934e-01 1.383335527725864336e-14
7.449999999999414868e-01 1.366247499509673999e-14
7.499999999999413802e-01 1.357223098020970593e-14
7.549999999999412736e-01 1.359176069562112036e-14
7.599999999999411671e-01 1.372140033418586242e-14
7.649999999999410605e-01 1.392218320193693788e-14
7.699999999999409539e-01 1.413224247542099436e-14
7.749999999999408473e-01 1.429989558434807461e-14
7.799999999999407407e-01 1.441141880744594016e-14
7.849999999999406342e-01 1.449680650615967407e-14
7.899999999999405276e-01 1.461050643574478398e-14
7.949999999999404210e-01 1.480125228110690363e-14
7.999999999999403144e-01 1.509409056169927955e-14
8.049999999999402078e-01 1.549268594363488611e-14
8.099999999999401012e-01 1.598776215254475217e-14
8.149999999999399947e-01 1.655621550910505532e-14
8.199999999999398881e-01 1.715696872880933855e-14
8.249999999999397815e-01 1.773978621684989477e-14
8.299999999999396749e-01 1.826763187874906327e-14
8.349999999999395683e-01 1.873485284687893632e-14
8.399999999999394618e-01 1.916400998781140913e-14
8.449999999999393552e-01 1.958113422966915131e-14
8.499999999999392486e-01 1.998785554016180775e-14
8.549999999999391420e-01 2.035508255224609975e-14
8.599999999999390354e-01 2.064874803708221539e-14
8.649999999999389289e-01 2.087195216168033277e-14
8.699999999999388223e-01 2.109350482099876892e-14
8.749999999999387157e-01 2.144643355628767525e-14
8.799999999999386091e-01 2.211009506381219733e-14
8.849999999999385025e-01 2.330924859987406320e-14
8.899999999999383959e-01 2.535806633017152494e-14
8.949999999999382894e-01 2.875477951103445214e-14
8.999999999999381828e-01 3.431325072914583508e-14
9.049999999999380762e-01 4.331705884411924673e-14
9.099999999999379696e-01 5.770287020737325290e-14
9.149999999999378630e-01 8.030732947949695465e-14
9.199999999999377565e-01 1.152179321170917036e-13
9.249999999999376499e-01 1.682448211698379484e-13
9.299999999999375433e-01 2.475022684252065052e-13
9.349999999999374367e-01 3.640738924847710193e-13
9.399999999999373301e-01 5.327084644459838713e-13
9.449999999999372235e-01 7.724187157455607869e-13
9.499999999999371170e-01 1.106737276572350215e-12
9.549999999999370104e-01 1.563241121727030649e-12
9.599999999999369038e-01 2.171789777294558882e-12
9.649999999999367972e-01 2.960746415086956303e-12
9.699999999999366906e-01 3.950346648097901927e-12
9.749999999999365841e-01 5.142533612835522274e-12
9.799999999999364775e-01 6.507340693138522296e-12
9.849999999999363709e-01 7.967920306697987585e-12
9.899999999999362643e-01 9.390723115884115011e-12
9.949999999999361577e-01 1.059603237063338685e-11
9.999999999999360512e-01 1.142016813961166602e-11
1.004999999999935945e+00 1.113816952050362766e-11
1.009999999999935838e+00 1.086313270450262269e-11
1.014999999999935731e+00 1.059488573058174153e-11
1.019999999999935625e+00 1.033326088131955410e-11
1.024999999999935518e+00 1.007809457807170627e-11
1.029999999999935412e+00 9.829227278718162873e-12
1.034999999999935305e+00 9.586503377933663418e-12
1.039999999999935199e+00 9.349771109918981908e-12
1.044999999999935092e+00 9.118882453532257727e-12
1.049999999999934985e+00 8.893693039761042445e-12
1.054999999999934879e+00 8.674062061477242344e-12
1.059999999999934772e+00 8.459852185418545185e-12
1.064999999999934666e+00 8.250929466341307570e-12
1.069999999999934559e+00 8.047163263291197528e-12
1.074999999999934452e+00 7.848426157939347485e-12
1.079999999999934346e+00 7.654593874932855206e-12
1.084999999999934239e+00 7.465545204209932382e-12
1.089999999999934133e+00 7.281161925231062026e-12
1.094999999999934026e+00 7.101328733078861870e-12
1.099999999999933920e+00 6.925933166380429423e-12
1.104999999999933813e+00 6.754925778458910823e-12
1.109999999999933706e+00 6.588140307203947467e-12
1.114999999999933600e+00 6.425472527429326392e-12
1.119999999999933493e+00 6.266820787305775931e-12
1.124999999999933387e+00 6.112085944840574975e-12
1.129999999999933280e+00 5.961171305925936122e-12
1.134999999999933173e+00 5.813982563917424968e-12
1.139999999999933067e+00 5.670427740704690765e-12
1.144999999999932960e+00 5.530417129237615716e-12
1.149999999999932854e+00 5.393863237471998292e-12
1.154999999999932747e+00 5.260680733699726862e-12
1.159999999999932641e+00 5.130786393229265904e-12
1.164999999999932534e+00 5.004099046383130063e-12
1.169999999999932427e+00 4.880539527779850158e-12
1.174999999999932321e+00 4.760030626868705029e-12
1.179999999999932214e+00 4.642497039686355858e-12
1.184999999999932108e+00 4.527865321805150491e-12
1.189999999999932001e+00 4.416063842443749803e-12
1.194999999999931894e+00 4.307022739711376818e-12
1.199999999999931788e+00 4.200673876957700157e-12
1.204999999999931681e+00 4.096990212330305609e-12
1.209999999999931575e+00 3.995867695634945998e-12
1.214999999999931468e+00 3.897243099258525310e-12
1.219999999999931362e+00 3.801054757277054150e-12
1.224999999999931255e+00 3.707242526909663279e-12
1.229999999999931148e+00 3.615747750924645077e-12
1.234999999999931042e+00 3.526513220974030704e-12
1.239999999999930935e+00 3.439483141833799557e-12
1.244999999999930829e+00 3.354603096527331035e-12
1.249999999999930722e+00 3.271820012310337840e-12
1.254999999999930616e+00 3.191082127496008395e-12
1.259999999999930509e+00 3.112338959099616659e-12
1.264999999999930402e+00 3.035541271282393991e-12
1.269999999999930296e+00 2.960641044574921003e-12
1.274999999999930189e+00 2.887591445860824814e-12
1.279999999999930083e+00 2.816346799102001318e-12
1.284999999999929976e+00 2.746862556787086526e-12
1.289999999999929869e+00 2.679095272085309824e-12
1.294999999999929763e+00 2.613002571688348233e-12
1.299999999999929656e+00 2.548543129323192172e-12
1.304999999999929550e+00 2.485601699995522807e-12
1.309999999999929443e+00 2.424213866739165369e-12
1.314999999999929337e+00 2.364341261468222566e-12
1.319999999999929230e+00 2.305946463289577682e-12
1.324999999999929123e+00 2.248992975112283097e-12
1.329999999999929017e+00 2.193445200834288958e-12
1.334999999999928910e+00 2.139268423092240730e-12
1.339999999999928804e+00 2.086428781560449537e-12
1.344999999999928697e+00 2.034893251785451464e-12
1.349999999999928590e+00 1.984629624542937457e-12
1.354999999999928484e+00 1.935606485704142484e-12
1.359999999999928377e+00 1.887793196599116186e-12
1.364999999999928271e+00 1.841159874864581215e-12
1.369999999999928164e+00 1.795677375764431186e-12
1.374999999999928058e+00 1.751317273971165937e-12
1.379999999999927951e+00 1.708051845796896626e-12
1.384999999999927844e+00 1.665854051862793908e-12
1.389999999999927738e+00 1.624697520196154973e-12
1.394999999999927631e+00 1.584556529744524704e-12
1.399999999999927525e+00 1.545405994296551800e-12
1.404999999999927418e+00 1.507246536386727669e-12
1.409999999999927311e+00 1.470029059261389196e-12
1.414999999999927205e+00 1.433730306826729029e-12
1.419999999999927098e+00 1.398327597255698655e-12
1.424999999999926992e+00 1.363798808810114123e-12
1.429999999999926885e+00 1.330122366012802752e-12
1.434999999999926779e+00 1.297277226161154699e-12
1.439999999999926672e+00 1.265242866173638958e-12
1.444999999999926565e+00 1.233999269761072167e-12
1.449999999999926459e+00 1.203526914914617006e-12
1.454999999999926352e+00 1.173806761702693182e-12
1.459999999999926246e+00 1.144820240369173595e-12
1.464999999999926139e+00 1.116549239725423907e-12
1.469999999999926033e+00 1.088976095828938975e-12
1.474999999999925926e+00 1.062083580941490613e-12
1.479999999999925819e+00 1.035854892759888507e-12
1.484999999999925713e+00 1.010273643912632250e-12
1.489999999999925606e+00 9.853238517158719659e-13
1.494999999999925500e+00 9.609899281822921394e-13
1.499999999999925393e+00 9.372566702766659071e-13
1.504999999999925286e+00 9.141204776850226320e-13
1.509999999999925180e+00 8.915557106183003596e-13
1.514999999999925073e+00 8.695482650587001307e-13
1.519999999999924967e+00 8.480843853991596236e-13
1.524999999999924860e+00 8.271506558461994850e-13
1.529999999999924754e+00 8.067339920351776679e-13
1.534999999999924647e+00 7.868216328527158585e-13
1.539999999999924540e+00 7.674011324611811258e-13
1.544999999999924434e+00 7.484603525202432513e-13
1.549999999999924327e+00 7.299874546006404794e-13
1.554999999999924221e+00 7.119708927854184026e-13
1.559999999999924114e+00 6.943994064540090835e-13
1.564999999999924007e+00 6.772620132446478738e-13
1.569999999999923901e+00 6.605480021907283827e-13
1.574999999999923794e+00 6.442469270267966184e-13
1.579999999999923688e+00 6.283485996600165938e-13
1.584999999999923581e+00 6.128430838030098623e-13
1.589999999999923475e+00 5.977206887641021122e-13
1.594999999999923368e+00 5.829719633910890096e-13
1.599999999999923261e+00 5.685876901647370812e-13
1.604999999999923155e+00 5.545478035681992110e-13
1.609999999999923048e+00 5.408545665609736168e-13
1.614999999999922942e+00 5.274994186058726556e-13
1.619999999999922835e+00 5.144740104874515174e-13
1.624999999999922728e+00 5.017701990933110999e-13
1.629999999999922622e+00 4.893800423242292141e-13
1.634999999999922515e+00 4.772957941299377183e-13
1.639999999999922409e+00 4.655098996674472873e-13
1.644999999999922302e+00 4.540149905788892290e-13
1.649999999999922196e+00 4.428038803859242345e-13
1.654999999999922089e+00 4.318695599978405002e-13
1.659999999999921982e+00 4.212051933305330276e-13
1.664999999999921876e+00 4.108041130336255804e-13
1.669999999999921769e+00 4.006598163230650859e-13
1.674999999999921663e+00 3.907659609165838525e-13
1.679999999999921556e+00 3.811163610694894453e-13
1.684999999999921450e+00 3.717049837083035547e-13
1.689999999999921343e+00 3.625259446598349108e-13
1.694999999999921236e+00 3.535735049733277376e-13
1.699999999999921130e+00 3.448420673333873714e-13
1.704999999999921023e+00 3.363273880643937513e-13
1.709999999999920917e+00 3.280228755655419241e-13
1.714999999999920810e+00 3.199233409673396560e-13
1.719999999999920703e+00 3.120237235088105984e-13
1.724999999999920597e+00 3.043190873740229657e-13
1.729999999999920490e+00 2.968046186066981766e-13
1.734999999999920384e+00 2.894756221009704472e-13
1.739999999999920277e+00 2.823275186664138647e-13
1.744999999999920171e+00 2.753558421655058239e-13
1.749999999999920064e+00 2.685562367217335777e-13
1.754999999999919957e+00 2.619244539966029020e-13
1.759999999999919851e+00 2.554563505338426645e-13
1.764999999999919744e+00 2.491478851691481606e-13
1.769999999999919638e+00 2.429951165038418709e-13
1.774999999999919531e+00 2.369942004408746286e-13
1.779999999999919424e+00 2.311413877816241569e-13
1.784999999999919318e+00 2.254330218819918141e-13
1.789999999999919211e+00 2.198655363663288261e-13
1.794999999999919105e+00 2.144354528977662748e-13
1.799999999999918998e+00 2.091393790035524968e-13
1.804999999999918892e+00 2.039779202010525750e-13
1.809999999999918785e+00 1.989439348780563547e-13
1.814999999999918678e+00 1.940342764951939101e-13
1.819999999999918572e+00 1.892458762131149379e-13
1.824999999999918465e+00 1.845757409739193348e-13
1.829999999999918359e+00 1.800209516299488124e-13
1.834999999999918252e+00 1.755786611187712791e-13
1.839999999999918145e+00 1.712460926832154402e-13
1.844999999999918039e+00 1.670205381353449496e-13
1.849999999999917932e+00 1.628993561632853544e-13
1.854999999999917826e+00 1.588799706798480712e-13
1.859999999999917719e+00 1.549598692119165847e-13
1.864999999999917613e+00 1.511366013295908068e-13
1.869999999999917506e+00 1.474077771141062839e-13
1.874999999999917399e+00 1.437710656635715738e-13
1.879999999999917293e+00 1.402241936355900310e-13
1.884999999999917186e+00 1.367649438258545334e-13
1.889999999999917080e+00 1.333911537818280659e-13
1.894999999999916973e+00 1.301007144506424655e-13
1.899999999999916866e+00 1.268915688603718637e-13
1.904999999999916760e+00 1.237583431248301791e-13
1.909999999999916653e+00 1.207024640738365137e-13
1.914999999999916547e+00 1.177220215713536123e-13
1.919999999999916440e+00 1.148151526376426804e-13
1.924999999999916334e+00 1.119800402848498714e-13
1.929999999999916227e+00 1.092149123813430940e-13
1.934999999999916120e+00 1.065180405440891136e-13
1.939999999999916014e+00 1.038877390583784929e-13
1.944999999999915907e+00 1.013223638242238370e-13
1.949999999999915801e+00 9.882031132877240108e-14
1.954999999999915694e+00 9.638001764409079778e-14
1.959999999999915588e+00 9.399995744969614653e-14
1.964999999999915481e+00 9.167864307922182198e-14
1.969999999999915374e+00 8.941462359062308965e-14
1.974999999999915268e+00 8.720648385934052521e-14
1.979999999999915161e+00 8.505284369385525664e-14
1.984999999999915055e+00 8.295235697308296877e-14
1.989999999999914948e+00 8.090371080506758132e-14
1.994999999999914841e+00 7.890562470644878999e-14
