-2.000000000000000000e+00 1.423791195889170821e-16
-1.995000000000000107e+00 1.473255168104100298e-16
-1.990000000000000213e+00 1.523573468503931940e-16
-1.985000000000000320e+00 1.574771770490787865e-16
-1.980000000000000426e+00 1.626876321531593261e-16
-1.975000000000000533e+00 1.679913959715545478e-16
-1.970000000000000639e+00 1.733912130730656103e-16
-1.965000000000000746e+00 1.788898905269740277e-16
-1.960000000000000853e+00 1.844902996876427458e-16
-1.955000000000000959e+00 1.901953780242100112e-16
-1.950000000000001066e+00 1.960081309964905947e-16
-1.945000000000001172e+00 2.019316339782292793e-16
-1.940000000000001279e+00 2.079690342288806567e-16
-1.935000000000001386e+00 2.141235529151185693e-16
-1.930000000000001492e+00 2.203984871833117581e-16
-1.925000000000001599e+00 2.267972122842298445e-16
-1.920000000000001705e+00 2.333231837512802537e-16
-1.915000000000001812e+00 2.399799396336082944e-16
-1.910000000000001918e+00 2.467711027854259122e-16
-1.905000000000002025e+00 2.537003832129701105e-16
-1.900000000000002132e+00 2.607715804805310771e-16
-1.895000000000002238e+00 2.651200921131786433e-16
-1.890000000000002345e+00 2.696194555754619317e-16
-1.885000000000002451e+00 2.742733407016778299e-16
-1.880000000000002558e+00 2.790855161750227978e-16
-1.875000000000002665e+00 2.840598516617125729e-16
-1.870000000000002771e+00 2.892003200117763002e-16
-1.865000000000002878e+00 2.945109995279051999e-16
-1.860000000000002984e+00 2.999960763037783342e-16
-1.855000000000003091e+00 3.056598466333285163e-16
-1.850000000000003197e+00 3.115067194924592256e-16
-1.845000000000003304e+00 3.175412190947598318e-16
-1.840000000000003411e+00 3.237679875228213523e-16
-1.835000000000003517e+00 3.301917874367943647e-16
-1.830000000000003624e+00 3.368175048618800440e-16
-1.825000000000003730e+00 3.436501520564940619e-16
-1.820000000000003837e+00 3.506948704628931226e-16
-1.815000000000003944e+00 3.579569337421031696e-16
-1.810000000000004050e+00 3.654417508950392742e-16
-1.805000000000004157e+00 3.731548694717649524e-16
-1.800000000000004263e+00 3.811019788708853003e-16
-1.795000000000004370e+00 3.886550431173540581e-16
-1.790000000000004476e+00 3.964820620659734719e-16
-1.785000000000004583e+00 4.045878040883407996e-16
-1.780000000000004690e+00 4.129771897866524898e-16
-1.775000000000004796e+00 4.216552950421464632e-16
-1.770000000000004903e+00 4.306273541747955739e-16
-1.765000000000005009e+00 4.398987632161755424e-16
-1.760000000000005116e+00 4.494750832974927758e-16
-1.755000000000005222e+00 4.593620441548181341e-16
-1.750000000000005329e+00 4.695655477536362039e-16
-1.745000000000005436e+00 4.800916720348919213e-16
-1.740000000000005542e+00 4.909466747847734299e-16
-1.735000000000005649e+00 5.021369976305467757e-16
-1.730000000000005755e+00 5.136692701648124254e-16
-1.725000000000005862e+00 5.255503142006495846e-16
-1.720000000000005969e+00 5.377871481601501913e-16
-1.715000000000006075e+00 5.503869915989529223e-16
-1.710000000000006182e+00 5.633572698694326201e-16
-1.705000000000006288e+00 5.767056189252952050e-16
-1.700000000000006395e+00 5.904398902703965763e-16
-1.695000000000006501e+00 6.033137098945658394e-16
-1.690000000000006608e+00 6.165575481673380187e-16
-1.685000000000006715e+00 6.301757417124481049e-16
-1.680000000000006821e+00 6.441728458289456432e-16
-1.675000000000006928e+00 6.585536371095065135e-16
-1.670000000000007034e+00 6.733231161994251359e-16
-1.665000000000007141e+00 6.884865106977343644e-16
-1.660000000000007248e+00 7.040492782020052526e-16
-1.655000000000007354e+00 7.200171094984926651e-16
-1.650000000000007461e+00 7.363959318994177474e-16
-1.645000000000007567e+00 7.531919127292888005e-16
-1.640000000000007674e+00 7.704114629622861598e-16
-1.635000000000007780e+00 7.880612410128528355e-16
-1.630000000000007887e+00 8.061481566817578035e-16
-1.625000000000007994e+00 8.246793752600233809e-16
-1.620000000000008100e+00 8.436623217932266417e-16
-1.615000000000008207e+00 8.631046855088169675e-16
-1.610000000000008313e+00 8.830144244092172531e-16
-1.605000000000008420e+00 9.033997700336067456e-16
-1.600000000000008527e+00 9.242692323914123784e-16
-1.595000000000008633e+00 9.558723211341146229e-16
-1.590000000000008740e+00 9.879950115974419448e-16
-1.585000000000008846e+00 1.020656416456379382e-15
-1.580000000000008953e+00 1.053875989463489201e-15
-1.575000000000009059e+00 1.087673536217501628e-15
-1.570000000000009166e+00 1.122069225120721406e-15
-1.565000000000009273e+00 1.157083598531986458e-15
-1.560000000000009379e+00 1.192737584122055963e-15
-1.555000000000009486e+00 1.229052506438454399e-15
-1.550000000000009592e+00 1.266050098686934234e-15
-1.545000000000009699e+00 1.303752514736881041e-15
-1.540000000000009805e+00 1.342182341358131947e-15
-1.535000000000009912e+00 1.381362610696841415e-15
-1.530000000000010019e+00 1.421316812998196596e-15
-1.525000000000010125e+00 1.462068909583955064e-15
-1.520000000000010232e+00 1.503643346092947362e-15
-1.515000000000010338e+00 1.546065065992882025e-15
-1.510000000000010445e+00 1.589359524371972393e-15
-1.505000000000010552e+00 1.633552702019086525e-15
-1.500000000000010658e+00 1.678671119801347189e-15
-1.495000000000010765e+00 1.706414714247207583e-15
-1.490000000000010871e+00 1.735238086193962201e-15
-1.485000000000010978e+00 1.765162433307440776e-15
-1.480000000000011084e+00 1.796209775045155280e-15
-1.475000000000011191e+00 1.828402964243811888e-15
-1.470000000000011298e+00 1.861765699296325682e-15
-1.465000000000011404e+00 1.896322536925642951e-15
-1.460000000000011511e+00 1.932098905562921852e-15
-1.455000000000011617e+00 1.969121119338065367e-15
-1.450000000000011724e+00 2.007416392690948956e-15
-1.445000000000011831e+00 2.047012855612040874e-15
-1.440000000000011937e+00 2.087939569521560438e-15
-1.435000000000012044e+00 2.130226543796669738e-15
-1.430000000000012150e+00 2.173904752956606907e-15
-1.425000000000012257e+00 2.219006154516084758e-15
-1.420000000000012363e+00 2.265563707517678571e-15
-1.415000000000012470e+00 2.313611391754364615e-15
-1.410000000000012577e+00 2.363184227693777669e-15
-1.405000000000012683e+00 2.414318297116220022e-15
-1.400000000000012790e+00 2.467050764478865454e-15
-1.395000000000012896e+00 2.555075790662022391e-15
-1.390000000000013003e+00 2.644761305784721129e-15
-1.385000000000013110e+00 2.736153692502408614e-15
-1.380000000000013216e+00 2.829300343883928250e-15
-1.375000000000013323e+00 2.924249694292887758e-15
-1.370000000000013429e+00 3.021051250941224483e-15
-1.365000000000013536e+00 3.119755626134044381e-15
-1.360000000000013642e+00 3.220414570225332367e-15
-1.355000000000013749e+00 3.323081005304576601e-15
-1.350000000000013856e+00 3.427809059634787527e-15
-1.345000000000013962e+00 3.534654102862878785e-15
-1.340000000000014069e+00 3.643672782023853215e-15
-1.335000000000014175e+00 3.754923058360734541e-15
-1.330000000000014282e+00 3.868464244982689016e-15
-1.325000000000014388e+00 3.984357045384352420e-15
-1.320000000000014495e+00 4.102663592849820403e-15
-1.315000000000014602e+00 4.223447490765485463e-15
-1.310000000000014708e+00 4.346773853866285714e-15
-1.305000000000014815e+00 4.472709350440681543e-15
-1.300000000000014921e+00 4.601322245520215884e-15
-1.295000000000015028e+00 4.734870015201362623e-15
-1.290000000000015135e+00 4.871023055268007070e-15
-1.285000000000015241e+00 5.009873484066038050e-15
-1.280000000000015348e+00 5.151515113867220028e-15
-1.275000000000015454e+00 5.296043509723575376e-15
-1.270000000000015561e+00 5.443556049488838218e-15
-1.265000000000015667e+00 5.594151985045938558e-15
-1.260000000000015774e+00 5.747932504780294195e-15
-1.255000000000015881e+00 5.905000797339538357e-15
-1.250000000000015987e+00 6.065462116721191321e-15
-1.245000000000016094e+00 6.229423848730656005e-15
-1.240000000000016200e+00 6.396995578852856243e-15
-1.235000000000016307e+00 6.568289161581753123e-15
-1.230000000000016414e+00 6.743418791252984509e-15
-1.225000000000016520e+00 6.922501074425795028e-15
-1.220000000000016627e+00 7.105655103861534549e-15
-1.215000000000016733e+00 7.293002534146944274e-15
-1.210000000000016840e+00 7.484667659011646253e-15
-1.205000000000016946e+00 7.680777490390213794e-15
-1.200000000000017053e+00 7.881461839280477350e-15
-1.195000000000017160e+00 8.026811254861986159e-15
-1.190000000000017266e+00 8.177124291062720135e-15
-1.185000000000017373e+00 8.332495565929043479e-15
-1.180000000000017479e+00 8.493022793666064206e-15
-1.175000000000017586e+00 8.658806837968621399e-15
-1.170000000000017693e+00 8.829951767440685464e-15
-1.165000000000017799e+00 9.006564913135107640e-15
-1.160000000000017906e+00 9.188756928246525901e-15
-1.155000000000018012e+00 9.376641849991348280e-15
-1.150000000000018119e+00 9.570337163709952630e-15
-1.145000000000018225e+00 9.769963869227434589e-15
-1.140000000000018332e+00 9.975646549510368361e-15
-1.135000000000018439e+00 1.018751344165843009e-14
-1.130000000000018545e+00 1.040569651027087757e-14
-1.125000000000018652e+00 1.063033152322928242e-14
-1.120000000000018758e+00 1.086155812993912920e-14
-1.115000000000018865e+00 1.109951994207444639e-14
-1.110000000000018971e+00 1.134436461687078163e-14
-1.105000000000019078e+00 1.159624394301349140e-14
-1.100000000000019185e+00 1.185531392916966299e-14
-1.095000000000019291e+00 1.217996091001559642e-14
-1.090000000000019398e+00 1.251168336891382057e-14
-1.085000000000019504e+00 1.285070144518877055e-14
-1.080000000000019611e+00 1.319723976727690885e-14
-1.075000000000019718e+00 1.355152758825008166e-14
-1.070000000000019824e+00 1.391379892372114998e-14
-1.065000000000019931e+00 1.428429269220737041e-14
-1.060000000000020037e+00 1.466325285802869858e-14
-1.055000000000020144e+00 1.505092857681973533e-14
-1.050000000000020250e+00 1.544757434373573077e-14
-1.045000000000020357e+00 1.585345014443463251e-14
-1.040000000000020464e+00 1.626882160891895967e-14
-1.035000000000020570e+00 1.669396016832295860e-14
-1.030000000000020677e+00 1.712914321473244275e-14
-1.025000000000020783e+00 1.757465426412644239e-14
-1.020000000000020890e+00 1.803078312253184683e-14
-1.015000000000020997e+00 1.849782605548410282e-14
-1.010000000000021103e+00 1.897608596088917187e-14
-1.005000000000021210e+00 1.946587254538397533e-14
-1.000000000000021316e+00 1.996750250429471721e-14
-9.950000000000214229e-01 1.975086109576955416e-14
-9.900000000000215294e-01 1.952191241672886647e-14
-9.850000000000216360e-01 1.932088672005884081e-14
-9.800000000000217426e-01 1.917746912259705135e-14
-9.750000000000218492e-01 1.909889441151266032e-14
-9.700000000000219558e-01 1.906565400023527082e-14
-9.650000000000220624e-01 1.904049296668534033e-14
-9.600000000000221689e-01 1.898852178029985947e-14
-9.550000000000222755e-01 1.889595491491190989e-14
-9.500000000000223821e-01 1.877348665129709589e-14
-9.450000000000224887e-01 1.864243105502041424e-14
-9.400000000000225953e-01 1.851626265092835238e-14
-9.350000000000227018e-01 1.839228619860580157e-14
-9.300000000000228084e-01 1.825748379643312866e-14
-9.250000000000229150e-01 1.810118538011161853e-14
-9.200000000000230216e-01 1.792400381262935334e-14
-9.150000000000231282e-01 1.773724906517479679e-14
-9.100000000000232347e-01 1.755512001441197240e-14
-9.050000000000233413e-01 1.738737405722374133e-14
-9.000000000000234479e-01 1.723805374801328798e-14
-8.950000000000235545e-01 1.710835564995234983e-14
-8.900000000000236611e-01 1.699774652102349219e-14
-8.850000000000237677e-01 1.690159183971723424e-14
-8.800000000000238742e-01 1.680962140909354531e-14
-8.750000000000239808e-01 1.670926751074059830e-14
-8.700000000000240874e-01 1.659221919651413705e-14
-8.650000000000241940e-01 1.645905308819679190e-14
-8.600000000000243006e-01 1.631911168344568046e-14
-8.550000000000244071e-01 1.618705487445311047e-14
-8.500000000000245137e-01 1.607867797851852628e-14
-8.450000000000246203e-01 1.600670127099122436e-14
-8.400000000000247269e-01 1.597640763659351721e-14
-8.350000000000248335e-01 1.598313895596588032e-14
-8.300000000000249401e-01 1.601521303437422703e-14
-8.250000000000250466e-01 1.606272494723420941e-14
-8.200000000000251532e-01 1.612681210196532651e-14
-8.150000000000252598e-01 1.622148321243162792e-14
-8.100000000000253664e-01 1.636442434701035855e-14
-8.050000000000254730e-01 1.656162023821180641e-14
-8.000000000000255795e-01 1.679678419438296956e-14
-7.950000000000256861e-01 1.703476094319217512e-14
-7.900000000000257927e-01 1.723817606351903071e-14
-7.850000000000258993e-01 1.738622054852571938e-14
-7.800000000000260059e-01 1.748268902426865601e-14
-7.750000000000261124e-01 1.754862227742124560e-14
-7.700000000000262190e-01 1.760597355818938372e-14
-7.650000000000263256e-01 1.766451190482706435e-14
-7.600000000000264322e-01 1.772114104416958315e-14
-7.550000000000265388e-01 1.777072013176214264e-14
-7.500000000000266454e-01 1.781769936422724774e-14
-7.450000000000267519e-01 1.787761415764455191e-14
-7.400000000000268585e-01 1.796752388502395437e-14
-7.350000000000269651e-01 1.809430702123182771e-14
-7.300000000000270717e-01 1.824993123606687609e-14
-7.250000000000271783e-01 1.841569795311832794e-14
-7.200000000000272848e-01 1.857111146800939813e-14
-7.150000000000273914e-01 1.870140901649612016e-14
-7.100000000000274980e-01 1.880025344226826967e-14
-7.050000000000276046e-01 1.886835941474330042e-14
-7.000000000000277112e-01 1.891137316903960178e-14
-6.950000000000278177e-01 1.893854921014667468e-14
-6.900000000000279243e-01 1.896019683447375927e-14
-6.850000000000280309e-01 1.898249073223997015e-14
-6.800000000000281375e-01 1.900365091048736310e-14
-6.750000000000282441e-01 1.901748313127814810e-14
-6.700000000000283507e-01 1.902301648974350214e-14
-6.650000000000284572e-01 1.903041058385726854e-14
-6.600000000000285638e-01 1.905580514309271103e-14
-6.550000000000286704e-01 1.910924978768270954e-14
-6.500000000000287770e-01 1.918600698362374073e-14
-6.450000000000288836e-01 1.926694936579777399e-14
-6.400000000000289901e-01 1.932711423136919928e-14
-6.350000000000290967e-01 1.934869703755103059e-14
-6.300000000000292033e-01 1.933234979974184793e-14
-6.250000000000293099e-01 1.929822987911380355e-14
-6.200000000000294165e-01 1.927286610802310456e-14
-6.150000000000295231e-01 1.927037487369322894e-14
-6.100000000000296296e-01 1.928447704574129760e-14
-6.050000000000297362e-01 1.929914073389880513e-14
-6.000000000000298428e-01 1.930634255311876395e-14
-5.950000000000299494e-01 1.931095383933162700e-14
-5.900000000000300560e-01 1.931761284757451366e-14
-5.850000000000301625e-01 1.931670860705598463e-14
-5.800000000000302691e-01 1.928842745908893330e-14
-5.750000000000303757e-01 1.922164443991679379e-14
-5.700000000000304823e-01 1.912556260153982832e-14
-5.650000000000305889e-01 1.901997873844206096e-14
-5.600000000000306954e-01 1.891471417714836415e-14
-5.550000000000308020e-01 1.880033679206794868e-14
-5.500000000000309086e-01 1.865925120264455700e-14
-5.450000000000310152e-01 1.848599525355499092e-14
-5.400000000000311218e-01 1.829903976852193902e-14
-5.350000000000312284e-01 1.813504769211946961e-14
-5.300000000000313349e-01 1.802873254016317522e-14
-5.250000000000314415e-01 1.798989128556786379e-14
-5.200000000000315481e-01 1.799300795622834444e-14
-5.150000000000316547e-01 1.798999282846274731e-14
-5.100000000000317613e-01 1.793971128816172408e-14
-5.050000000000318678e-01 1.783116179992294771e-14
-5.000000000000319744e-01 1.768139277885642488e-14
-4.950000000000320810e-01 1.751426788330127333e-14
-4.900000000000321876e-01 1.734413217031199535e-14
-4.850000000000322942e-01 1.717812671609993039e-14
-4.800000000000324007e-01 1.702644013264820271e-14
-4.750000000000325073e-01 1.690216987576347290e-14
-4.700000000000326139e-01 1.680920135885999347e-14
-4.650000000000327205e-01 1.673386886448578743e-14
-4.600000000000328271e-01 1.665245186997100059e-14
-4.550000000000329337e-01 1.654882907822352519e-14
-4.500000000000330402e-01 1.642665254220955752e-14
-4.450000000000331468e-01 1.630614506939736728e-14
-4.400000000000332534e-01 1.620821180962336271e-14
-4.350000000000333600e-01 1.613819418480612686e-14
-4.300000000000334666e-01 1.608258499054322165e-14
-4.250000000000335731e-01 1.602142835347025671e-14
-4.200000000000336797e-01 1.594421654413978189e-14
-4.150000000000337863e-01 1.585392347964026723e-14
-4.100000000000338929e-01 1.575687262429230767e-14
-4.050000000000339995e-01 1.565051485769771920e-14
-4.000000000000341061e-01 1.552209624916304009e-14
-3.950000000000342126e-01 1.535991410495513196e-14
-3.900000000000343192e-01 1.516699993619567149e-14
-3.850000000000344258e-01 1.496497195224326751e-14
-3.800000000000345324e-01 1.478516820724202230e-14
-3.750000000000346390e-01 1.465547453419522842e-14
-3.700000000000347455e-01 1.459286427642090283e-14
-3.650000000000348521e-01 1.460382811203050829e-14
-3.600000000000349587e-01 1.468780579261946066e-14
-3.550000000000350653e-01 1.483835738487899629e-14
-3.500000000000351719e-01 1.504102073544507677e-14
-3.450000000000352784e-01 1.527172957222309546e-14
-3.400000000000353850e-01 1.550132586149374416e-14
-3.350000000000354916e-01 1.570695490422543174e-14
-3.300000000000355982e-01 1.588332740816165724e-14
-3.250000000000357048e-01 1.604448269896510388e-14
-3.200000000000358114e-01 1.621291255700298542e-14
-3.150000000000359179e-01 1.640211864946044145e-14
-3.100000000000360245e-01 1.660435968687506867e-14
-3.050000000000361311e-01 1.679374637644348791e-14
-3.000000000000362377e-01 1.694395669320980001e-14
-2.950000000000363443e-01 1.704585897808849679e-14
-2.900000000000364508e-01 1.710923922555399774e-14
-2.850000000000365574e-01 1.715005765247415700e-14
-2.800000000000366640e-01 1.718003472183736036e-14
-2.750000000000367706e-01 1.720808340822591763e-14
-2.700000000000368772e-01 1.724510839169376738e-14
-2.650000000000369837e-01 1.730317744905392240e-14
-2.600000000000370903e-01 1.739540784411450007e-14
-2.550000000000371969e-01 1.754435596662730735e-14
-2.500000000000373035e-01 1.778843931584914577e-14
-2.450000000000374101e-01 1.817049895605651423e-14
-2.400000000000375167e-01 1.871597666532133369e-14
-2.350000000000376232e-01 1.942705618833110842e-14
-2.300000000000377298e-01 2.030194645383697283e-14
-2.250000000000378364e-01 2.135678552732742100e-14
-2.200000000000379430e-01 2.262523017695561636e-14
-2.150000000000380496e-01 2.414158136293769698e-14
-2.100000000000381561e-01 2.593523439931135044e-14
-2.050000000000382627e-01 2.804579748893325686e-14
-2.000000000000383693e-01 3.053444168256184050e-14
-1.950000000000384759e-01 3.346685303359164123e-14
-1.900000000000385825e-01 3.687817352120210137e-14
-1.850000000000386891e-01 4.075277443536208690e-14
-1.800000000000387956e-01 4.503432822175444418e-14
-1.750000000000389022e-01 4.965120496194047730e-14
-1.700000000000390088e-01 5.453513880881600491e-14
-1.650000000000391154e-01 5.962654862885142364e-14
-1.600000000000392220e-01 6.487153465998961581e-14
-1.550000000000393285e-01 7.021299594167073006e-14
-1.500000000000394351e-01 7.557702404265946234e-14
-1.450000000000395417e-01 8.086505246712656743e-14
-1.400000000000396483e-01 8.596486857989680240e-14
-1.350000000000397549e-01 9.077489313762804078e-14
-1.300000000000398614e-01 9.521651642446522050e-14
-1.250000000000399680e-01 9.921973569866105621e-14
-1.200000000000400746e-01 1.027001351384088404e-13
-1.150000000000401812e-01 1.055580000166300342e-13
-1.100000000000402878e-01 1.077041811901813601e-13
-1.050000000000403944e-01 1.090857760412724789e-13
-1.000000000000405009e-01 1.096875130275961440e-13
-9.500000000004060752e-02 1.095137801115179147e-13
-9.000000000004071410e-02 1.085734636551569584e-13
-8.500000000004082068e-02 1.068808394486397640e-13
-8.000000000004092726e-02 1.044678870780623846e-13
-7.500000000004103384e-02 1.013946100437727942e-13
-7.000000000004114042e-02 9.774781609190265081e-14
-6.500000000004124701e-02 9.363025163169289054e-14
-6.000000000004135359e-02 8.915144562403737033e-14
-5.500000000004146017e-02 8.442810094462534160e-14
-5.000000000004156675e-02 7.958730216797881503e-14
-4.500000000004167333e-02 7.476105617590585994e-14
-4.000000000004177991e-02 7.007502865647018047e-14
-3.500000000004188649e-02 6.564409087253754657e-14
-3.000000000004199308e-02 6.157575490823961296e-14
-2.500000000004209966e-02 5.797117809319369921e-14
-2.000000000004220624e-02 5.492048826666952694e-14
-1.500000000004231282e-02 5.249895431850828539e-14
-1.000000000004241940e-02 5.076742142954068715e-14
-5.000000000042525983e-03 4.977360443570246253e-14
-4.263256414560601115e-14 4.955131204114254015e-14
4.999999999957260854e-03 5.011825693359809100e-14
9.999999999957154273e-03 5.147342431209566041e-14
1.499999999995704769e-02 5.359470735609560554e-14
1.999999999995694111e-02 5.643900465434905781e-14
2.499999999995683453e-02 5.994571538867407254e-14
2.999999999995672795e-02 6.404087167135904972e-14
3.499999999995662137e-02 6.863944798644944898e-14
3.999999999995651478e-02 7.364624410578568084e-14
4.499999999995640820e-02 7.895604907723512155e-14
4.999999999995630162e-02 8.445309310986800393e-14
5.499999999995619504e-02 9.000984993859196361e-14
5.999999999995608846e-02 9.548668485185448661e-14
6.499999999995598188e-02 1.007370894315515666e-13
6.999999999995587530e-02 1.056216208394777115e-13
7.499999999995576871e-02 1.100236805515122237e-13
7.999999999995566213e-02 1.138546427872328976e-13
8.499999999995555555e-02 1.170443617245608809e-13
8.999999999995544897e-02 1.195259538386879216e-13
9.499999999995534239e-02 1.212292053946662677e-13
9.999999999995523581e-02 1.220917671440323233e-13
1.049999999999551292e-01 1.220809793268784404e-13
1.099999999999550226e-01 1.212055680446728884e-13
1.149999999999549161e-01 1.195073090016720683e-13
1.199999999999548095e-01 1.170466839236077776e-13
1.249999999999547029e-01 1.138978709343276807e-13
1.299999999999545963e-01 1.101479717361736131e-13
1.349999999999544897e-01 1.058890538843772098e-13
1.399999999999543832e-01 1.012064659409994117e-13
1.449999999999542766e-01 9.617419406239555067e-14
1.499999999999541700e-01 9.085884959927001584e-14
1.549999999999540634e-01 8.532879864798774312e-14
1.599999999999539568e-01 7.966791665334134111e-14
1.649999999999538502e-01 7.398784153537989033e-14
1.699999999999537437e-01 6.842372102634461507e-14
1.749999999999536371e-01 6.310873389872865870e-14
1.799999999999535305e-01 5.814497097114971592e-14
1.849999999999534239e-01 5.359173177063879837e-14
1.899999999999533173e-01 4.947248630534002040e-14
1.949999999999532108e-01 4.578573695596988370e-14
1.999999999999531042e-01 4.250995391580963608e-14
2.049999999999529976e-01 3.960714891697828101e-14
2.099999999999528910e-01 3.703406547747141160e-14
2.149999999999527844e-01 3.476040141826689972e-14
2.199999999999526779e-01 3.278175129701080765e-14
2.249999999999525713e-01 3.111368709703031878e-14
2.299999999999524647e-01 2.976601230789864717e-14
2.349999999999523581e-01 2.871492378863926868e-14
2.399999999999522515e-01 2.789802602768289797e-14
2.449999999999521449e-01 2.723965305752717846e-14
2.499999999999520384e-01 2.668408202830484041e-14
2.549999999999519318e-01 2.620500033609751177e-14
2.599999999999518252e-01 2.578583744463541117e-14
2.649999999999517186e-01 2.539821075235864327e-14
2.699999999999516120e-01 2.500414219388528005e-14
2.749999999999515055e-01 2.457538752945496339e-14
2.799999999999513989e-01 2.410492029374189739e-14
2.849999999999512923e-01 2.360258397520520590e-14
2.899999999999511857e-01 2.308789627088533958e-14
2.949999999999510791e-01 2.258722821322215634e-14
2.999999999999509726e-01 2.212666054807701862e-14
3.049999999999508660e-01 2.171600417291386867e-14
3.099999999999507594e-01 2.133753209127509727e-14
3.149999999999506528e-01 2.095555806187001176e-14
3.199999999999505462e-01 2.054320623360877858e-14
3.249999999999504396e-01 2.010421509718451995e-14
3.299999999999503331e-01 1.967208086162656552e-14
3.349999999999502265e-01 1.928984280736204655e-14
3.399999999999501199e-01 1.898784495839592985e-14
3.449999999999500133e-01 1.877324612400003382e-14
3.499999999999499067e-01 1.863403616449779859e-14
3.549999999999498002e-01 1.855297714221975135e-14
3.599999999999496936e-01 1.852329705536913011e-14
3.649999999999495870e-01 1.855681607585883758e-14
3.699999999999494804e-01 1.867915356550148121e-14
3.749999999999493738e-01 1.891452164664617052e-14
3.799999999999492672e-01 1.926858339001062181e-14
3.849999999999491607e-01 1.971905592542533697e-14
3.899999999999490541e-01 2.022027453814091268e-14
3.949999999999489475e-01 2.072028226468432104e-14
3.999999999999488409e-01 2.118065777627083611e-14
4.049999999999487343e-01 2.158695691459474223e-14
4.099999999999486278e-01 2.194505298341266410e-14
4.149999999999485212e-01 2.227005916940215366e-14
4.199999999999484146e-01 2.257751135811188359e-14
4.249999999999483080e-01 2.287783153459119272e-14
4.299999999999482014e-01 2.316867855473676292e-14
4.349999999999480949e-01 2.342706273864375207e-14
4.399999999999479883e-01 2.361254282465278010e-14
4.449999999999478817e-01 2.368603882416542029e-14
4.499999999999477751e-01 2.363162517968967816e-14
4.549999999999476685e-01 2.346492398310224792e-14
4.599999999999475619e-01 2.322573606585448085e-14
4.649999999999474554e-01 2.296307740091194103e-14
4.699999999999473488e-01 2.271773577567799578e-14
4.749999999999472422e-01 2.250553517912832067e-14
4.799999999999471356e-01 2.231047826045663127e-14
4.849999999999470290e-01 2.209569532737103795e-14
4.899999999999469225e-01 2.182603783467833206e-14
4.949999999999468159e-01 2.148692151366036411e-14
4.999999999999467093e-01 2.109015663241193604e-14
5.049999999999466027e-01 2.066678208073684081e-14
5.099999999999464961e-01 2.025003666106120587e-14
5.149999999999463896e-01 1.985563982973252031e-14
5.199999999999462830e-01 1.947302869805625802e-14
5.249999999999461764e-01 1.907710625824344299e-14
5.299999999999460698e-01 1.865230669977160836e-14
5.349999999999459632e-01 1.820801651349213363e-14
5.399999999999458566e-01 1.777257039795789541e-14
5.449999999999457501e-01 1.737333396341165175e-14
5.499999999999456435e-01 1.702105363988785799e-14
5.549999999999455369e-01 1.670913054048468650e-14
5.599999999999454303e-01 1.642394148231928393e-14
5.649999999999453237e-01 1.615563399139246834e-14
5.699999999999452172e-01 1.590267491275410276e-14
5.749999999999451106e-01 1.567004434736829782e-14
5.799999999999450040e-01 1.546427708985106882e-14
5.849999999999448974e-01 1.528923813617854820e-14
5.899999999999447908e-01 1.514613922356496160e-14
5.949999999999446842e-01 1.503839118360068065e-14
5.999999999999445777e-01 1.497658699823646556e-14
6.049999999999444711e-01 1.497643443390706977e-14
6.099999999999443645e-01 1.504736937580454732e-14
6.149999999999442579e-01 1.517886011017036543e-14
6.199999999999441513e-01 1.533643614672221064e-14
6.249999999999440448e-01 1.547413546680844653e-14
6.299999999999439382e-01 1.555701439491385711e-14
6.349999999999438316e-01 1.557789136008958871e-14
6.399999999999437250e-01 1.555683366945626276e-14
6.449999999999436184e-01 1.552636694445941694e-14
6.499999999999435119e-01 1.551484168328191141e-14
6.549999999999434053e-01 1.553702883008495023e-14
6.599999999999432987e-01 1.559281481268477703e-14
6.649999999999431921e-01 1.567159303830988578e-14
6.699999999999430855e-01 1.576045535538466570e-14
6.749999999999429789e-01 1.585313948014695805e-14
6.799999999999428724e-01 1.595470582447767787e-14
6.849999999999427658e-01 1.607843361287940125e-14
6.899999999999426592e-01 1.623676381309536959e-14
6.949999999999425526e-01 1.643329430352240521e-14
6.999999999999424460e-01 1.666286467132141962e-14
7.049999999999423395e-01 1.691953767155266605e-14
7.099999999999422329e-01 1.720362470920687690e-14
7.149999999999421263e-01 1.751923667787980939e-14
7.199999999999420197e-01 1.786434062334207567e-14
7.249999999999419131e-01 1.822407334312796811e-14
7.299999999999418065e-01 1.857516963544649934e-14
7.349999999999417000e-01 1.889882524491081724e-14
7.399999999999415934e-01 1.919219967814040222e-14
7.449999999999414868e-01 1.947019331498951954e-14
7.499999999999413802e-01 1.975586434614204806e-14
7.549999999999412736e-01 2.006473625983178744e-14
7.599999999999411671e-01 2.039236897576643425e-14
7.649999999999410605e-01 2.071389097303187571e-14
7.699999999999409539e-01 2.099718254730383088e-14
7.749999999999408473e-01 2.122088806305851267e-14
7.799999999999407407e-01 2.138320544923396070e-14
7.849999999999406342e-01 2.149476580401718460e-14
7.899999999999405276e-01 2.156392482131511186e-14
7.949999999999404210e-01 2.158977948962741117e-14
7.999999999999403144e-01 2.156857001532168105e-14
8.049999999999402078e-01 2.150388119587428749e-14
8.099999999999401012e-01 2.140833004397413108e-14
8.149999999999399947e-01 2.129626155069392700e-14
8.199999999999398881e-01 2.117745205641233538e-14
8.249999999999397815e-01 2.105845856382577708e-14
8.299999999999396749e-01 2.094725472686335856e-14
8.349999999999395683e-01 2.085319019131043592e-14
8.399999999999394618e-01 2.078175656717638452e-14
8.449999999999393552e-01 2.073085807303292616e-14
8.499999999999392486e-01 2.069289368666289690e-14
8.549999999999391420e-01 2.066001658868333339e-14
8.599999999999390354e-01 2.062831886424780072e-14
8.649999999999389289e-01 2.060007756312481422e-14
8.699999999999388223e-01 2.058439136017222149e-14
8.749999999999387157e-01 2.059455155298061297e-14
8.799999999999386091e-01 2.064077653270043333e-14
8.849999999999385025e-01 2.072124333526078798e-14
8.899999999999383959e-01 2.081785238715922353e-14
8.949999999999382894e-01 2.090092207105777812e-14
8.999999999999381828e-01 2.094001917231389466e-14
9.049999999999380762e-01 2.091328028379333119e-14
9.099999999999379696e-01 2.081055195807099857e-14
9.149999999999378630e-01 2.063281090973124449e-14
9.199999999999377565e-01 2.039186127912504100e-14
9.249999999999376499e-01 2.010833188957635128e-14
9.299999999999375433e-01 1.980284531834130672e-14
9.349999999999374367e-01 1.948263750158313758e-14
9.399999999999373301e-01 1.913555421843292459e-14
9.449999999999372235e-01 1.874050722816100371e-14
9.499999999999371170e-01 1.828798934162600888e-14
9.549999999999370104e-01 1.779308213738840301e-14
9.599999999999369038e-01 1.728972619190795961e-14
9.649999999999367972e-01 1.681182104044528054e-14
9.699999999999366906e-01 1.637637908742776030e-14
9.749999999999365841e-01 1.597948154533478270e-14
9.799999999999364775e-01 1.560523850873818839e-14
9.849999999999363709e-01 1.524081107233499421e-14
9.899999999999362643e-01 1.488839788226643356e-14
9.949999999999361577e-01 1.456643990503226215e-14
9.999999999999360512e-01 1.429812490490967741e-14
1.004999999999935945e+00 1.391143984214603489e-14
1.009999999999935838e+00 1.353353447213905593e-14
1.014999999999935731e+00 1.316411851657698983e-14
1.019999999999935625e+00 1.280290674790889245e-14
1.024999999999935518e+00 1.244961880006388113e-14
1.029999999999935412e+00 1.210397898244193638e-14
1.034999999999935305e+00 1.176571609705345594e-14
1.039999999999935199e+00 1.143456325868471523e-14
1.044999999999935092e+00 1.111025771796845955e-14
1.049999999999934985e+00 1.079254068724078930e-14
1.054999999999934879e+00 1.048115716906726962e-14
1.059999999999934772e+00 1.017585578732309244e-14
1.064999999999934666e+00 9.876388620713778494e-15
1.069999999999934559e+00 9.582511038624633034e-15
1.074999999999934452e+00 9.293981539188707169e-15
1.079999999999934346e+00 9.010561589464621341e-15
1.084999999999934239e+00 8.732015467617125205e-15
1.089999999999934133e+00 8.458110106994516149e-15
1.094999999999934026e+00 8.188614941998703202e-15
1.099999999999933920e+00 7.923301755644749099e-15
1.104999999999933813e+00 7.722185980490191947e-15
1.109999999999933706e+00 7.525764986473778470e-15
1.114999999999933600e+00 7.333937166738576000e-15
1.119999999999933493e+00 7.146603451027107132e-15
1.124999999999933387e+00 6.963667259075490036e-15
1.129999999999933280e+00 6.785034455604640306e-15
1.134999999999933173e+00 6.610613306878992272e-15
1.139999999999933067e+00 6.440314438804784923e-15
1.144999999999932960e+00 6.274050796541089589e-15
1.149999999999932854e+00 6.111737605597617975e-15
1.154999999999932747e+00 5.953292334394317057e-15
1.159999999999932641e+00 5.798634658258676391e-15
1.164999999999932534e+00 5.647686424837571100e-15
1.169999999999932427e+00 5.500371620901319715e-15
1.174999999999932321e+00 5.356616340518572435e-15
1.179999999999932214e+00 5.216348754581439748e-15
1.184999999999932108e+00 5.079499081661115425e-15
1.189999999999932001e+00 4.945999560175137755e-15
1.194999999999931894e+00 4.815784421848179935e-15
1.199999999999931788e+00 4.688789866449080129e-15
1.204999999999931681e+00 4.604366167000477312e-15
1.209999999999931575e+00 4.523216027265408239e-15
1.214999999999931468e+00 4.445265977431231135e-15
1.219999999999931362e+00 4.370444955429028286e-15
1.224999999999931255e+00 4.298684259746340880e-15
1.229999999999931148e+00 4.229917503730442331e-15
1.234999999999931042e+00 4.164080571354099768e-15
1.239999999999930935e+00 4.101111574417166497e-15
1.244999999999930829e+00 4.040950811158317769e-15
1.249999999999930722e+00 3.983540726252134369e-15
1.254999999999930616e+00 3.928825872167661517e-15
1.259999999999930509e+00 3.876752871865386260e-15
1.264999999999930402e+00 3.827270382810533416e-15
1.269999999999930296e+00 3.780329062281317707e-15
1.274999999999930189e+00 3.735881533951713503e-15
1.279999999999930083e+00 3.693882355729075063e-15
1.284999999999929976e+00 3.654287988827760614e-15
1.289999999999929869e+00 3.617056768060686674e-15
1.294999999999929763e+00 3.582148873331549172e-15
1.299999999999929656e+00 3.549526302311217489e-15
1.304999999999929550e+00 3.444212920320676176e-15
1.309999999999929443e+00 3.341066379135107434e-15
1.314999999999929337e+00 3.240023517045200682e-15
1.319999999999929230e+00 3.141022613168647803e-15
1.324999999999929123e+00 3.044003347543368763e-15
1.329999999999929017e+00 2.948906762023343636e-15
1.334999999999928910e+00 2.855675221951417018e-15
1.339999999999928804e+00 2.764252378582904733e-15
1.344999999999928697e+00 2.674583132234251688e-15
1.349999999999928590e+00 2.586613596131484675e-15
1.354999999999928484e+00 2.500291060933603919e-15
1.359999999999928377e+00 2.415563959906497329e-15
1.364999999999928271e+00 2.332381834723385837e-15
1.369999999999928164e+00 2.250695301868182493e-15
1.374999999999928058e+00 2.170456019618555083e-15
1.379999999999927951e+00 2.091616655585850377e-15
1.384999999999927844e+00 2.014130854789414071e-15
1.389999999999927738e+00 1.937953208243170554e-15
1.394999999999927631e+00 1.863039222032718379e-15
1.399999999999927525e+00 1.789345286861452829e-15
1.404999999999927418e+00 1.741918235223549410e-15
1.409999999999927311e+00 1.695482573391177961e-15
1.414999999999927205e+00 1.650015318495077422e-15
1.419999999999927098e+00 1.605494126868472106e-15
1.424999999999926992e+00 1.561897279070145882e-15
1.429999999999926885e+00 1.519203665265107796e-15
1.434999999999926779e+00 1.477392770954099877e-15
1.439999999999926672e+00 1.436444663043732511e-15
1.444999999999926565e+00 1.396339976249201604e-15
1.449999999999926459e+00 1.357059899821709769e-15
1.454999999999926352e+00 1.318586164592860895e-15
1.459999999999926246e+00 1.280901030328457403e-15
1.464999999999926139e+00 1.243987273384277402e-15
1.469999999999926033e+00 1.207828174656536153e-15
1.474999999999925926e+00 1.172407507819897010e-15
1.479999999999925819e+00 1.137709527845999312e-15
1.484999999999925713e+00 1.103718959795622613e-15
1.489999999999925606e+00 1.070420987877713077e-15
1.494999999999925500e+00 1.037801244768613483e-15
1.499999999999925393e+00 1.005845801184970184e-15
1.504999999999925286e+00 9.857684287373469957e-16
1.509999999999925180e+00 9.663776628685135749e-16
1.514999999999925073e+00 9.476610798822365792e-16
1.519999999999924967e+00 9.296067441208887995e-16
1.524999999999924860e+00 9.122032010529440521e-16
1.529999999999924754e+00 8.954394706769679954e-16
1.534999999999924647e+00 8.793050412377151572e-16
1.539999999999924540e+00 8.637898632502901482e-16
1.544999999999924434e+00 8.488843438285907680e-16
1.549999999999924327e+00 8.345793413144243622e-16
1.554999999999924221e+00 8.208661602039199189e-16
1.559999999999924114e+00 8.077365463680643913e-16
1.564999999999924007e+00 7.951826825643811530e-16
1.569999999999923901e+00 7.831971842369951944e-16
1.574999999999923794e+00 7.717730956025053854e-16
1.579999999999923688e+00 7.609038860193029424e-16
1.584999999999923581e+00 7.505834466381608143e-16
1.589999999999923475e+00 7.408060873321149338e-16
1.594999999999923368e+00 7.315665339038566761e-16
1.599999999999923261e+00 7.228599255690432260e-16
1.604999999999923155e+00 7.036059425802850855e-16
1.609999999999923048e+00 6.848308962292121973e-16
1.614999999999922942e+00 6.665212331956651800e-16
1.619999999999922835e+00 6.486636961186096925e-16
1.624999999999922728e+00 6.312453151438964211e-16
1.629999999999922622e+00 6.142533996591452836e-16
1.634999999999922515e+00 5.976755302108499940e-16
1.639999999999922409e+00 5.814995505987443075e-16
1.644999999999922302e+00 5.657135601425794361e-16
1.649999999999922196e+00 5.503059061165752317e-16
1.654999999999922089e+00 5.352651763469001231e-16
1.659999999999921982e+00 5.205801919676530302e-16
1.664999999999921876e+00 5.062400003309031075e-16
1.669999999999921769e+00 4.922338680664583434e-16
1.674999999999921663e+00 4.785512742871010980e-16
1.679999999999921556e+00 4.651819039351545785e-16
1.684999999999921450e+00 4.521156412662997736e-16
1.689999999999921343e+00 4.393425634666723600e-16
1.694999999999921236e+00 4.268529343993404888e-16
1.699999999999921130e+00 4.146371984763527113e-16
1.704999999999921023e+00 4.039014776016515276e-16
1.709999999999920917e+00 3.933694125144748359e-16
1.714999999999920810e+00 3.830361414862471888e-16
1.719999999999920703e+00 3.728969176956715416e-16
1.724999999999920597e+00 3.629471059319492191e-16
1.729999999999920490e+00 3.531821793519105384e-16
1.734999999999920384e+00 3.435977162888287880e-16
1.739999999999920277e+00 3.341893971107399124e-16
1.744999999999920171e+00 3.249530011261169253e-16
1.749999999999920064e+00 3.158844035347738597e-16
1.754999999999919957e+00 3.069795724218989136e-16
1.759999999999919851e+00 2.982345657931397686e-16
1.764999999999919744e+00 2.896455286486844240e-16
1.769999999999919638e+00 2.812086900943062773e-16
1.774999999999919531e+00 2.729203604873552002e-16
1.779999999999919424e+00 2.647769286157023434e-16
1.784999999999919318e+00 2.567748589076552740e-16
1.789999999999919211e+00 2.489106886708842129e-16
1.794999999999919105e+00 2.411810253584098500e-16
1.799999999999918998e+00 2.335825438597174141e-16
1.804999999999918892e+00 2.300262308269372992e-16
1.809999999999918785e+00 2.265943310095959793e-16
1.814999999999918678e+00 2.232845646860170578e-16
1.819999999999918572e+00 2.200947201064073087e-16
1.824999999999918465e+00 2.170226516657487186e-16
1.829999999999918359e+00 2.140662781134266465e-16
1.834999999999918252e+00 2.112235807985192547e-16
1.839999999999918145e+00 2.084926019497674345e-16
1.844999999999918039e+00 2.058714429892740328e-16
1.849999999999917932e+00 2.033582628790075882e-16
1.854999999999917826e+00 2.009512764992148007e-16
1.859999999999917719e+00 1.986487530578723114e-16
1.864999999999917613e+00 1.964490145303334148e-16
1.869999999999917506e+00 1.943504341283530122e-16
1.874999999999917399e+00 1.923514347976949422e-16
1.879999999999917293e+00 1.904504877435549910e-16
1.884999999999917186e+00 1.886461109830504841e-16
1.889999999999917080e+00 1.869368679240559597e-16
1.894999999999916973e+00 1.853213659696813563e-16
1.899999999999916866e+00 1.837982551477155775e-16
1.904999999999916760e+00 1.789985177386008123e-16
1.909999999999916653e+00 1.743043516489229640e-16
1.914999999999916547e+00 1.697127107192477078e-16
1.919999999999916440e+00 1.652206188713820153e-16
1.924999999999916334e+00 1.608251682580275368e-16
1.929999999999916227e+00 1.565235174586075168e-16
1.934999999999916120e+00 1.523128897202908783e-16
1.939999999999916014e+00 1.481905712432086163e-16
1.944999999999915907e+00 1.441539095088825113e-16
1.949999999999915801e+00 1.402003116509109040e-16
1.954999999999915694e+00 1.363272428669810928e-16
1.959999999999915588e+00 1.325322248713008682e-16
1.964999999999915481e+00 1.288128343865644288e-16
1.969999999999915374e+00 1.251667016745923994e-16
1.974999999999915268e+00 1.215915091048036956e-16
1.979999999999915161e+00 1.180849897597027394e-16
1.984999999999915055e+00 1.146449260765823659e-16
1.989999999999914948e+00 1.112691485246655428e-16
1.994999999999914841e+00 1.079555343169279289e-16
