-2.000000000000000000e+00 1.352001241602964031e-16
-1.995000000000000107e+00 1.399647842480093804e-16
-1.990000000000000213e+00 1.448102764567488863e-16
-1.985000000000000320e+00 1.497390516595168670e-16
-1.980000000000000426e+00 1.547536151874139895e-16
-1.975000000000000533e+00 1.598565284107478849e-16
-1.970000000000000639e+00 1.650504103601598352e-16
-1.965000000000000746e+00 1.703379393887574376e-16
-1.960000000000000853e+00 1.757218548762642926e-16
-1.955000000000000959e+00 1.812049589762254486e-16
-1.950000000000001066e+00 1.867901184073320386e-16
-1.945000000000001172e+00 1.924802662899567418e-16
-1.940000000000001279e+00 1.982784040290207489e-16
-1.935000000000001386e+00 2.041876032443397242e-16
-1.930000000000001492e+00 2.102110077496270552e-16
-1.925000000000001599e+00 2.163518355813626504e-16
-1.920000000000001705e+00 2.226133810787654293e-16
-1.915000000000001812e+00 2.289990170161419609e-16
-1.910000000000001918e+00 2.355121967889125006e-16
-1.905000000000002025e+00 2.421564566546536674e-16
-1.900000000000002132e+00 2.489354180305258157e-16
-1.895000000000002238e+00 2.529842957846535517e-16
-1.890000000000002345e+00 2.571764401006580303e-16
-1.885000000000002451e+00 2.615153287908688230e-16
-1.880000000000002558e+00 2.660045336554559135e-16
-1.875000000000002665e+00 2.706477224934908975e-16
-1.870000000000002771e+00 2.754486611775679390e-16
-1.865000000000002878e+00 2.804112157932843274e-16
-1.860000000000002984e+00 2.855393548449237207e-16
-1.855000000000003091e+00 2.908371515287225821e-16
-1.850000000000003197e+00 2.963087860751416326e-16
-1.845000000000003304e+00 3.019585481616100436e-16
-1.840000000000003411e+00 3.077908393972471740e-16
-1.835000000000003517e+00 3.138101758811171855e-16
-1.830000000000003624e+00 3.200211908356107295e-16
-1.825000000000003730e+00 3.264286373165997594e-16
-1.820000000000003837e+00 3.330373910020537308e-16
-1.815000000000003944e+00 3.398524530608556909e-16
-1.810000000000004050e+00 3.468789531036072946e-16
-1.805000000000004157e+00 3.541221522172583779e-16
-1.800000000000004263e+00 3.615874460854525794e-16
-1.795000000000004370e+00 3.686464975827525191e-16
-1.790000000000004476e+00 3.759669977899106442e-16
-1.785000000000004583e+00 3.835533984878219499e-16
-1.780000000000004690e+00 3.914102956734494505e-16
-1.775000000000004796e+00 3.995424324053766135e-16
-1.770000000000004903e+00 4.079547017554758327e-16
-1.765000000000005009e+00 4.166521498684866155e-16
-1.760000000000005116e+00 4.256399791313512413e-16
-1.755000000000005222e+00 4.349235514542212741e-16
-1.750000000000005329e+00 4.445083916651057009e-16
-1.745000000000005436e+00 4.544001910201928997e-16
-1.740000000000005542e+00 4.646048108319433778e-16
-1.735000000000005649e+00 4.751282862171140696e-16
-1.730000000000005755e+00 4.859768299669362157e-16
-1.725000000000005862e+00 4.971568365417400447e-16
-1.720000000000005969e+00 5.086748861923851968e-16
-1.715000000000006075e+00 5.205377492109176070e-16
-1.710000000000006182e+00 5.327523903129593563e-16
-1.705000000000006288e+00 5.453259731543877939e-16
-1.700000000000006395e+00 5.582658649849542064e-16
-1.695000000000006501e+00 5.703251952814313716e-16
-1.690000000000006608e+00 5.827339253310117433e-16
-1.685000000000006715e+00 5.954958697876040993e-16
-1.680000000000006821e+00 6.086150487667059257e-16
-1.675000000000006928e+00 6.220956901292024774e-16
-1.670000000000007034e+00 6.359422318973871113e-16
-1.665000000000007141e+00 6.501593248044228642e-16
-1.660000000000007248e+00 6.647518349785811142e-16
-1.655000000000007354e+00 6.797248467637006444e-16
-1.650000000000007461e+00 6.950836656774244188e-16
-1.645000000000007567e+00 7.108338215088771877e-16
-1.640000000000007674e+00 7.269810715575704931e-16
-1.635000000000007780e+00 7.435314040154260746e-16
-1.630000000000007887e+00 7.604910414939271987e-16
-1.625000000000007994e+00 7.778664446985315842e-16
-1.620000000000008100e+00 7.956643162525825407e-16
-1.615000000000008207e+00 8.138916046730897348e-16
-1.610000000000008313e+00 8.325555085008636091e-16
-1.605000000000008420e+00 8.516634805876059054e-16
-1.600000000000008527e+00 8.712232325427023172e-16
-1.595000000000008633e+00 9.014834554059957219e-16
-1.590000000000008740e+00 9.322292851783262424e-16
-1.585000000000008846e+00 9.634789739519269114e-16
-1.580000000000008953e+00 9.952510931108506466e-16
-1.575000000000009059e+00 1.027564543548054416e-15
-1.570000000000009166e+00 1.060438566057333338e-15
-1.565000000000009273e+00 1.093892751906494788e-15
-1.560000000000009379e+00 1.127947053598283170e-15
-1.555000000000009486e+00 1.162621795825712758e-15
-1.550000000000009592e+00 1.197937686628587088e-15
-1.545000000000009699e+00 1.233915828758145682e-15
-1.540000000000009805e+00 1.270577731256893701e-15
-1.535000000000009912e+00 1.307945321260859792e-15
-1.530000000000010019e+00 1.346040956031638867e-15
-1.525000000000010125e+00 1.384887435225780250e-15
-1.520000000000010232e+00 1.424508013409210621e-15
-1.515000000000010338e+00 1.464926412824582714e-15
-1.510000000000010445e+00 1.506166836419593415e-15
-1.505000000000010552e+00 1.548253981144505766e-15
-1.500000000000010658e+00 1.591213051527308588e-15
-1.495000000000010765e+00 1.616742634434038288e-15
-1.490000000000010871e+00 1.643295946872706130e-15
-1.485000000000010978e+00 1.670892767648050570e-15
-1.480000000000011084e+00 1.699553661437857273e-15
-1.475000000000011191e+00 1.729299989471175968e-15
-1.470000000000011298e+00 1.760153920773045723e-15
-1.465000000000011404e+00 1.792138443982396108e-15
-1.460000000000011511e+00 1.825277379750138986e-15
-1.455000000000011617e+00 1.859595393724779254e-15
-1.450000000000011724e+00 1.895118010133286215e-15
-1.445000000000011831e+00 1.931871625965279072e-15
-1.440000000000011937e+00 1.969883525769006193e-15
-1.435000000000012044e+00 2.009181897067927565e-15
-1.430000000000012150e+00 2.049795846407133654e-15
-1.425000000000012257e+00 2.091755416039198746e-15
-1.420000000000012363e+00 2.135091601259469543e-15
-1.415000000000012470e+00 2.179836368401192529e-15
-1.410000000000012577e+00 2.226022673501301682e-15
-1.405000000000012683e+00 2.273684481648082959e-15
-1.400000000000012790e+00 2.322856787022380446e-15
-1.395000000000012896e+00 2.407231525287365848e-15
-1.390000000000013003e+00 2.493174345013295707e-15
-1.385000000000013110e+00 2.580729289549157078e-15
-1.380000000000013216e+00 2.669941353437511395e-15
-1.375000000000013323e+00 2.760856511796701607e-15
-1.370000000000013429e+00 2.853521750337309775e-15
-1.365000000000013536e+00 2.947985096030975827e-15
-1.360000000000013642e+00 3.044295648450190239e-15
-1.355000000000013749e+00 3.142503611798095060e-15
-1.350000000000013856e+00 3.242660327647730435e-15
-1.345000000000013962e+00 3.344818308410652840e-15
-1.340000000000014069e+00 3.449031271555246499e-15
-1.335000000000014175e+00 3.555354174595584654e-15
-1.330000000000014282e+00 3.663843250872126947e-15
-1.325000000000014388e+00 3.774556046146077107e-15
-1.320000000000014495e+00 3.887551456029710756e-15
-1.315000000000014602e+00 4.002889764275530548e-15
-1.310000000000014708e+00 4.120632681947666391e-15
-1.305000000000014815e+00 4.240843387499430720e-15
-1.300000000000014921e+00 4.363586567781617623e-15
-1.295000000000015028e+00 4.491116030127876937e-15
-1.290000000000015135e+00 4.621098408684098344e-15
-1.285000000000015241e+00 4.753621964931853228e-15
-1.280000000000015348e+00 4.888776556641606490e-15
-1.275000000000015454e+00 5.026653694255401162e-15
-1.270000000000015561e+00 5.167346598374050845e-15
-1.265000000000015667e+00 5.310950258386213836e-15
-1.260000000000015774e+00 5.457561492277471416e-15
-1.255000000000015881e+00 5.607279007658425017e-15
-1.250000000000015987e+00 5.760203464051569266e-15
-1.245000000000016094e+00 5.916437536477594064e-15
-1.240000000000016200e+00 6.076085980382628725e-15
-1.235000000000016307e+00 6.239255697948822338e-15
-1.230000000000016414e+00 6.406055805831630354e-15
-1.225000000000016520e+00 6.576597704368035673e-15
-1.220000000000016627e+00 6.750995148300971433e-15
-1.215000000000016733e+00 6.929364319066193262e-15
-1.210000000000016840e+00 7.111823898688852187e-15
-1.205000000000016946e+00 7.298495145338080399e-15
-1.200000000000017053e+00 7.489501970589004137e-15
-1.195000000000017160e+00 7.624928874853861976e-15
-1.190000000000017266e+00 7.765068210168058241e-15
-1.185000000000017373e+00 7.910008235683723539e-15
-1.180000000000017479e+00 8.059840145735554819e-15
-1.175000000000017586e+00 8.214658119096671823e-15
-1.170000000000017693e+00 8.374559370219738252e-15
-1.165000000000017799e+00 8.539644202492615958e-15
-1.160000000000017906e+00 8.710016063538778151e-15
-1.155000000000018012e+00 8.885781602593564333e-15
-1.150000000000018119e+00 9.067050729988654948e-15
-1.145000000000018225e+00 9.253936678778185070e-15
-1.140000000000018332e+00 9.446556068541020816e-15
-1.135000000000018439e+00 9.645028971395028575e-15
-1.130000000000018545e+00 9.849478980260138959e-15
-1.125000000000018652e+00 1.006003327940853152e-14
-1.120000000000018758e+00 1.027682271734119236e-14
-1.115000000000018865e+00 1.049998188203170292e-14
-1.110000000000018971e+00 1.072964917857908054e-14
-1.105000000000019078e+00 1.096596690931321922e-14
-1.100000000000019185e+00 1.120908135639749634e-14
-1.095000000000019291e+00 1.151736888177689956e-14
-1.090000000000019398e+00 1.183231774362173710e-14
-1.085000000000019504e+00 1.215413759721227162e-14
-1.080000000000019611e+00 1.248304232153593011e-14
-1.075000000000019718e+00 1.281925014809193812e-14
-1.070000000000019824e+00 1.316298379190808578e-14
-1.065000000000019931e+00 1.351447058484089738e-14
-1.060000000000020037e+00 1.387394261123187760e-14
-1.055000000000020144e+00 1.424163684599408997e-14
-1.050000000000020250e+00 1.461779529520481537e-14
-1.045000000000020357e+00 1.500266513928151710e-14
-1.040000000000020464e+00 1.539649887882001734e-14
-1.035000000000020570e+00 1.579955448317537430e-14
-1.030000000000020677e+00 1.621209554186761489e-14
-1.025000000000020783e+00 1.663439141889639843e-14
-1.020000000000020890e+00 1.706671741005016154e-14
-1.015000000000020997e+00 1.750935490329747520e-14
-1.010000000000021103e+00 1.796259154235003280e-14
-1.005000000000021210e+00 1.842672139348868561e-14
-1.000000000000021316e+00 1.890204511574610351e-14
-9.950000000000214229e-01 1.893476750484489129e-14
-9.900000000000215294e-01 1.895965701252010675e-14
-9.850000000000216360e-01 1.898129383628632264e-14
-9.800000000000217426e-01 1.899987829728915613e-14
-9.750000000000218492e-01 1.901385512103603250e-14
-9.700000000000219558e-01 1.902490962568550377e-14
-9.650000000000220624e-01 1.904053686349880138e-14
-9.600000000000221689e-01 1.907083352398845792e-14
-9.550000000000222755e-01 1.912138360830513239e-14
-9.500000000000223821e-01 1.918766626851406721e-14
-9.450000000000224887e-01 1.925525205846338837e-14
-9.400000000000225953e-01 1.930618550135825190e-14
-9.350000000000227018e-01 1.932837051587363392e-14
-9.300000000000228084e-01 1.932259350981832695e-14
-9.250000000000229150e-01 1.930212975720812224e-14
-9.200000000000230216e-01 1.928419652036304591e-14
-9.150000000000231282e-01 1.927909367375581567e-14
-9.100000000000232347e-01 1.928563233879940393e-14
-9.050000000000233413e-01 1.929610230281854804e-14
-9.000000000000234479e-01 1.930475290290097902e-14
-8.950000000000235545e-01 1.931051424561831856e-14
-8.900000000000236611e-01 1.931183638743124891e-14
-8.850000000000237677e-01 1.930123890720202380e-14
-8.800000000000238742e-01 1.926770765859866639e-14
-8.750000000000239808e-01 1.920539054805844229e-14
-8.700000000000240874e-01 1.911878105649008019e-14
-8.650000000000241940e-01 1.901791678726562369e-14
-8.600000000000243006e-01 1.890822938432261549e-14
-8.550000000000244071e-01 1.878573605303491885e-14
-8.500000000000245137e-01 1.864290627708754499e-14
-8.450000000000246203e-01 1.848015058088545715e-14
-8.400000000000247269e-01 1.831275953208559666e-14
-8.350000000000248335e-01 1.816670422911718100e-14
-8.300000000000249401e-01 1.806484800618897869e-14
-8.250000000000250466e-01 1.801209347025481524e-14
-8.200000000000251532e-01 1.798986615191980157e-14
-8.150000000000252598e-01 1.796506548069154376e-14
-8.100000000000253664e-01 1.790816254615022687e-14
-8.050000000000254730e-01 1.780748997656266421e-14
-8.000000000000255795e-01 1.767009797427429618e-14
-7.950000000000256861e-01 1.751172010776875158e-14
-7.900000000000257927e-01 1.734696463471960227e-14
-7.850000000000258993e-01 1.718703184338943397e-14
-7.800000000000260059e-01 1.704178068635662587e-14
-7.750000000000261124e-01 1.691881943003653212e-14
-7.700000000000262190e-01 1.681848087874691352e-14
-7.650000000000263256e-01 1.673101904324998193e-14
-7.600000000000264322e-01 1.664147422334380964e-14
-7.550000000000265388e-01 1.653976793128899293e-14
-7.500000000000266454e-01 1.642786207045315079e-14
-7.450000000000267519e-01 1.631790347773125075e-14
-7.400000000000268585e-01 1.622267861403246902e-14
-7.350000000000269651e-01 1.614594462275721774e-14
-7.300000000000270717e-01 1.608024570264730293e-14
-7.250000000000271783e-01 1.601333998995863450e-14
-7.200000000000272848e-01 1.593678710756866964e-14
-7.150000000000273914e-01 1.584884486818474083e-14
-7.100000000000274980e-01 1.575006564403896148e-14
-7.050000000000276046e-01 1.563737865066964543e-14
-7.000000000000277112e-01 1.550362309307432614e-14
-6.950000000000278177e-01 1.534383017359336936e-14
-6.900000000000279243e-01 1.516292612253266827e-14
-6.850000000000280309e-01 1.497813539074263612e-14
-6.800000000000281375e-01 1.481407999451327944e-14
-6.750000000000282441e-01 1.469449636446318559e-14
-6.700000000000283507e-01 1.463609410464985936e-14
-6.650000000000284572e-01 1.464680298526192069e-14
-6.600000000000285638e-01 1.472662683107570396e-14
-6.550000000000286704e-01 1.486830036209422431e-14
-6.500000000000287770e-01 1.505707675851436380e-14
-6.450000000000288836e-01 1.527169974089092460e-14
-6.400000000000289901e-01 1.548901626117065309e-14
-6.350000000000290967e-01 1.569178089661231749e-14
-6.300000000000292033e-01 1.587532221698232676e-14
-6.250000000000293099e-01 1.604784282367592335e-14
-6.200000000000294165e-01 1.622280587927832064e-14
-6.150000000000295231e-01 1.640763420193646377e-14
-6.100000000000296296e-01 1.659640219739110529e-14
-6.050000000000297362e-01 1.677213217152250810e-14
-6.000000000000298428e-01 1.691719287319630125e-14
-5.950000000000299494e-01 1.702356596494004083e-14
-5.900000000000300560e-01 1.709526489175028981e-14
-5.850000000000301625e-01 1.714313402723024845e-14
-5.800000000000302691e-01 1.717888671252109766e-14
-5.750000000000303757e-01 1.721332798217237499e-14
-5.700000000000304823e-01 1.725751227898114536e-14
-5.650000000000305889e-01 1.732422215909256000e-14
-5.600000000000306954e-01 1.743037614950489960e-14
-5.550000000000308020e-01 1.760056697222794446e-14
-5.500000000000309086e-01 1.786716297801733702e-14
-5.450000000000310152e-01 1.826288399451192380e-14
-5.400000000000311218e-01 1.881072106937121979e-14
-5.350000000000312284e-01 1.952184083636567517e-14
-5.300000000000313349e-01 2.040460871914466996e-14
-5.250000000000314415e-01 2.147536703192847133e-14
-5.200000000000315481e-01 2.276063184244238169e-14
-5.150000000000316547e-01 2.429231817061113746e-14
-5.100000000000317613e-01 2.610596291924283845e-14
-5.050000000000318678e-01 2.824491470563813090e-14
-5.000000000000319744e-01 3.076098785458113943e-14
-4.950000000000320810e-01 3.370239880676543654e-14
-4.900000000000321876e-01 3.709389960626521022e-14
-4.850000000000322942e-01 4.092414346815971154e-14
-4.800000000000324007e-01 4.514927230567249414e-14
-4.750000000000325073e-01 4.970771991244629461e-14
-4.700000000000326139e-01 5.453469246075404357e-14
-4.650000000000327205e-01 5.956904338010541460e-14
-4.600000000000328271e-01 6.475188828628769733e-14
-4.550000000000329337e-01 7.001953138695303916e-14
-4.500000000000330402e-01 7.529532459960829043e-14
-4.450000000000331468e-01 8.048726610724838487e-14
-4.400000000000332534e-01 8.549558315911485564e-14
-4.350000000000333600e-01 9.022534653413552533e-14
-4.300000000000334666e-01 9.459255983156783161e-14
-4.250000000000335731e-01 9.851836896823916276e-14
-4.200000000000336797e-01 1.019199836869189784e-13
-4.150000000000337863e-01 1.047117243327263284e-13
-4.100000000000338929e-01 1.068184568823862155e-13
-4.050000000000339995e-01 1.081897758164454024e-13
-4.000000000000341061e-01 1.088029850616027286e-13
-3.950000000000342126e-01 1.086551658592851757e-13
-3.900000000000343192e-01 1.077544481729789981e-13
-3.850000000000344258e-01 1.061186943764412701e-13
-3.800000000000345324e-01 1.037808488256694700e-13
-3.750000000000346390e-01 1.007940711575747745e-13
-3.700000000000347455e-01 9.723109972822518469e-14
-3.650000000000348521e-01 9.317841861013242079e-14
-3.600000000000349587e-01 8.873026168205021280e-14
-3.550000000000350653e-01 8.398574388743699560e-14
-3.500000000000351719e-01 7.904707873359498629e-14
-3.450000000000352784e-01 7.401538437306700847e-14
-3.400000000000353850e-01 6.898490629187915355e-14
-3.350000000000354916e-01 6.403955549681729853e-14
-3.300000000000355982e-01 5.925275811824859191e-14
-3.250000000000357048e-01 5.468784767979407043e-14
-3.200000000000358114e-01 5.039721093112958627e-14
-3.150000000000359179e-01 4.642139571113031985e-14
-3.100000000000360245e-01 4.278952858594978419e-14
-3.050000000000361311e-01 3.952044439685904667e-14
-3.000000000000362377e-01 3.662329081428521097e-14
-2.950000000000363443e-01 3.409746512485774546e-14
-2.900000000000364508e-01 3.193272281391686777e-14
-2.850000000000365574e-01 3.011021632280404344e-14
-2.800000000000366640e-01 2.860449151937195787e-14
-2.750000000000367706e-01 2.738579529922528205e-14
-2.700000000000368772e-01 2.642196807442700855e-14
-2.650000000000369837e-01 2.567976229763120786e-14
-2.600000000000370903e-01 2.512596033679093680e-14
-2.550000000000371969e-01 2.472854420676369905e-14
-2.500000000000373035e-01 2.445773465003012806e-14
-2.450000000000374101e-01 2.428664399935806742e-14
-2.400000000000375167e-01 2.419155713953712119e-14
-2.350000000000376232e-01 2.415201010458718293e-14
-2.300000000000377298e-01 2.415076215735069743e-14
-2.250000000000378364e-01 2.417367128508859576e-14
-2.200000000000379430e-01 2.420949079163010250e-14
-2.150000000000380496e-01 2.424962837232269352e-14
-2.100000000000381561e-01 2.428788532003883599e-14
-2.050000000000382627e-01 2.432015467132587296e-14
-2.000000000000383693e-01 2.434406118464902354e-14
-1.950000000000384759e-01 2.435857237656864881e-14
-1.900000000000385825e-01 2.436363928786021415e-14
-1.850000000000386891e-01 2.435990467921135488e-14
-1.800000000000387956e-01 2.434847682505696894e-14
-1.750000000000389022e-01 2.433074563134686205e-14
-1.700000000000390088e-01 2.430821858887307734e-14
-1.650000000000391154e-01 2.428237437704087564e-14
-1.600000000000392220e-01 2.425455753131079562e-14
-1.550000000000393285e-01 2.422593346796012222e-14
-1.500000000000394351e-01 2.419748590212359642e-14
-1.450000000000395417e-01 2.417001837168419687e-14
-1.400000000000396483e-01 2.414414636980936855e-14
-1.350000000000397549e-01 2.412029610062864898e-14
-1.300000000000398614e-01 2.409872057841213930e-14
-1.250000000000399680e-01 2.407952543337077924e-14
-1.200000000000400746e-01 2.406269774178612064e-14
-1.150000000000401812e-01 2.404813914730353269e-14
-1.100000000000402878e-01 2.403569914599206656e-14
-1.050000000000403944e-01 2.402519856403698567e-14
-1.000000000000405009e-01 2.401644156181004917e-14
-9.500000000004060752e-02 2.400922380452185896e-14
-9.000000000004071410e-02 2.400334156182507682e-14
-8.500000000004082068e-02 2.399859994997911088e-14
-8.000000000004092726e-02 2.399481831833566519e-14
-7.500000000004103384e-02 2.399183340180710223e-14
-7.000000000004114042e-02 2.398950107639510960e-14
-6.500000000004124701e-02 2.398769674998007679e-14
-6.000000000004135359e-02 2.398631457161493378e-14
-5.500000000004146017e-02 2.398526597632437606e-14
-5.000000000004156675e-02 2.398447796629953786e-14
-4.500000000004167333e-02 2.398389130200113726e-14
-4.000000000004177991e-02 2.398345865211523868e-14
-3.500000000004188649e-02 2.398314274572501104e-14
-3.000000000004199308e-02 2.398291463095740873e-14
-2.500000000004209966e-02 2.398275214162368939e-14
-2.000000000004220624e-02 2.398263859912253798e-14
-1.500000000004231282e-02 2.398256173478542612e-14
-1.000000000004241940e-02 2.398251283279831954e-14
-5.000000000042525983e-03 2.398248610564856558e-14
-4.263256414560601115e-14 2.398247829072389295e-14
4.999999999957260854e-03 2.398248843274956287e-14
9.999999999957154273e-03 2.398251782567346579e-14
1.499999999995704769e-02 2.398257011380404062e-14
1.999999999995694111e-02 2.398265157236706217e-14
2.499999999995683453e-02 2.398277159327626587e-14
2.999999999995672795e-02 2.398294338328526740e-14
3.499999999995662137e-02 2.398318486068020326e-14
3.999999999995651478e-02 2.398351975709844624e-14
4.499999999995640820e-02 2.398397896841818308e-14
4.999999999995630162e-02 2.398460217336906290e-14
5.499999999995619504e-02 2.398543964332148422e-14
5.999999999995608846e-02 2.398655410863453314e-14
6.499999999995598188e-02 2.398802264004931954e-14
6.999999999995587530e-02 2.398993868336874108e-14
7.499999999995576871e-02 2.399241436272728907e-14
7.999999999995566213e-02 2.399558276874935294e-14
8.499999999995555555e-02 2.399959949706826926e-14
8.999999999995544897e-02 2.400464267317296010e-14
9.499999999995534239e-02 2.401091100406405689e-14
9.999999999995523581e-02 2.401861962990277669e-14
1.049999999999551292e-01 2.402799388377958196e-14
1.099999999999550226e-01 2.403926200478176685e-14
1.149999999999549161e-01 2.405264839175885094e-14
1.199999999999548095e-01 2.406836647124265561e-14
1.249999999999547029e-01 2.408660475628367676e-14
1.299999999999545963e-01 2.410749754410271747e-14
1.349999999999544897e-01 2.413108033149654170e-14
1.399999999999543832e-01 2.415724586225960232e-14
1.449999999999542766e-01 2.418572114745589308e-14
1.499999999999541700e-01 2.421606626499959980e-14
1.549999999999540634e-01 2.424767257522605377e-14
1.599999999999539568e-01 2.427974408454014737e-14
1.649999999999538502e-01 2.431127552046971314e-14
1.699999999999537437e-01 2.434105458920718349e-14
1.749999999999536371e-01 2.436769822232975776e-14
1.799999999999535305e-01 2.438971020569453999e-14
1.849999999999534239e-01 2.440555013134544479e-14
1.899999999999533173e-01 2.441372984212895024e-14
1.949999999999532108e-01 2.441297008855582007e-14
1.999999999999531042e-01 2.440242694642160600e-14
2.049999999999529976e-01 2.438196255287982294e-14
2.099999999999528910e-01 2.435244759497908924e-14
2.149999999999527844e-01 2.431612425594005913e-14
2.199999999999526779e-01 2.427703764281894256e-14
2.249999999999525713e-01 2.424146365115576268e-14
2.299999999999524647e-01 2.421824781246690515e-14
2.349999999999523581e-01 2.421907058148982063e-14
2.399999999999522515e-01 2.425873112724729378e-14
2.449999999999521449e-01 2.435546343399134364e-14
2.499999999999520384e-01 2.453115543304083087e-14
2.549999999999519318e-01 2.481133465976316813e-14
2.599999999999518252e-01 2.522492426411544524e-14
2.649999999999517186e-01 2.580383963858263241e-14
2.699999999999516120e-01 2.658237430296778357e-14
2.749999999999515055e-01 2.759623876404034909e-14
2.799999999999513989e-01 2.888128353677178392e-14
2.849999999999512923e-01 3.047214277715306812e-14
2.899999999999511857e-01 3.240096787716872338e-14
2.949999999999510791e-01 3.469621572278662863e-14
2.999999999999509726e-01 3.738135346690345437e-14
3.049999999999508660e-01 4.047323882980910428e-14
3.099999999999507594e-01 4.397994397082061864e-14
3.149999999999506528e-01 4.789835673467756076e-14
3.199999999999505462e-01 5.221259991189019243e-14
3.249999999999504396e-01 5.689400579666307034e-14
3.299999999999503331e-01 6.190217662222707052e-14
3.349999999999502265e-01 6.718595297114968286e-14
3.399999999999501199e-01 7.268346750641784078e-14
3.449999999999500133e-01 7.832122208776713265e-14
3.499999999999499067e-01 8.401270760131744033e-14
3.549999999999498002e-01 8.965759988566787381e-14
3.599999999999496936e-01 9.514338431061496152e-14
3.649999999999495870e-01 1.003515154978276709e-13
3.699999999999494804e-01 1.051678321441248690e-13
3.749999999999493738e-01 1.094925656174040018e-13
3.799999999999492672e-01 1.132437668277850276e-13
3.849999999999491607e-01 1.163524732370089871e-13
3.899999999999490541e-01 1.187550245266717152e-13
3.949999999999489475e-01 1.203910605388788774e-13
3.999999999999488409e-01 1.212112943114911087e-13
4.049999999999487343e-01 1.211900602537961431e-13
4.099999999999486278e-01 1.203327642623184758e-13
4.149999999999485212e-01 1.186736811502133796e-13
4.199999999999484146e-01 1.162686563956893817e-13
4.249999999999483080e-01 1.131887811571323646e-13
4.299999999999482014e-01 1.095152580122784419e-13
4.349999999999480949e-01 1.053328614634573344e-13
4.399999999999479883e-01 1.007230140560215936e-13
4.449999999999478817e-01 9.576051600000480475e-14
4.499999999999477751e-01 9.051627436325909117e-14
4.549999999999476685e-01 8.506527904742843357e-14
4.599999999999475619e-01 7.949648515056149760e-14
4.649999999999474554e-01 7.391818933911514094e-14
4.699999999999473488e-01 6.845213082247316662e-14
4.749999999999472422e-01 6.321633710770015430e-14
4.799999999999471356e-01 5.830599476967513423e-14
4.849999999999470290e-01 5.378293241325601355e-14
4.899999999999469225e-01 4.967611016710601731e-14
4.949999999999468159e-01 4.598765261994065681e-14
4.999999999999467093e-01 4.269935040642600478e-14
5.049999999999466027e-01 3.977999830187452820e-14
5.099999999999464961e-01 3.719601172128346447e-14
5.149999999999463896e-01 3.492353328840357027e-14
5.199999999999462830e-01 3.295484763779925387e-14
5.249999999999461764e-01 3.129246214106113790e-14
5.299999999999460698e-01 2.993249864638593927e-14
5.349999999999459632e-01 2.884895826244399168e-14
5.399999999999458566e-01 2.799197532874735059e-14
5.449999999999457501e-01 2.730225243441983088e-14
5.499999999999456435e-01 2.672933292883677280e-14
5.549999999999455369e-01 2.623838332875671062e-14
5.599999999999454303e-01 2.580287149021781087e-14
5.649999999999453237e-01 2.539497880095421498e-14
5.699999999999452172e-01 2.498549205610819267e-14
5.749999999999451106e-01 2.455214235446544280e-14
5.799999999999450040e-01 2.408674294129525997e-14
5.849999999999448974e-01 2.359566862071070583e-14
5.899999999999447908e-01 2.309587072085522560e-14
5.949999999999446842e-01 2.260904419114728568e-14
5.999999999999445777e-01 2.215325852720902989e-14
6.049999999999444711e-01 2.173331891291594832e-14
6.099999999999443645e-01 2.133668279974086365e-14
6.149999999999442579e-01 2.094108965282095212e-14
6.199999999999441513e-01 2.053072496750432408e-14
6.249999999999440448e-01 2.010928650322500346e-14
6.299999999999439382e-01 1.970025655735434530e-14
6.349999999999438316e-01 1.933500798430658314e-14
6.399999999999437250e-01 1.903790950921585909e-14
6.449999999999436184e-01 1.881789836048792177e-14
6.499999999999435119e-01 1.867025891231670776e-14
6.549999999999434053e-01 1.858603895761340187e-14
6.599999999999432987e-01 1.856275931844565731e-14
6.649999999999431921e-01 1.860974328860710785e-14
6.699999999999430855e-01 1.874457026927423846e-14
6.749999999999429789e-01 1.898234754188008129e-14
6.799999999999428724e-01 1.932378537636942863e-14
6.849999999999427658e-01 1.974906043165504734e-14
6.899999999999426592e-01 2.022151553589054240e-14
6.949999999999425526e-01 2.069965136512253373e-14
6.999999999999424460e-01 2.115081535821227243e-14
7.049999999999423395e-01 2.155920354482662011e-14
7.099999999999422329e-01 2.192519029511803879e-14
7.149999999999421263e-01 2.225875367803853047e-14
7.199999999999420197e-01 2.257156128549502684e-14
7.249999999999419131e-01 2.286970380927019889e-14
7.299999999999418065e-01 2.314734335726084749e-14
7.349999999999417000e-01 2.338379870138579323e-14
7.399999999999415934e-01 2.354838297692448270e-14
7.449999999999414868e-01 2.361320218022703496e-14
7.499999999999413802e-01 2.356710795240769109e-14
7.549999999999412736e-01 2.342228714603875029e-14
7.599999999999411671e-01 2.321028211865273223e-14
7.649999999999410605e-01 2.297014857051182458e-14
7.699999999999409539e-01 2.273369341415551159e-14
7.749999999999408473e-01 2.251341625166300594e-14
7.799999999999407407e-01 2.229905598538389348e-14
7.849999999999406342e-01 2.206545171153126513e-14
7.899999999999405276e-01 2.178764575404167572e-14
7.949999999999404210e-01 2.145457197032543501e-14
7.999999999999403144e-01 2.107423768413450784e-14
8.049999999999402078e-01 2.066845780970726338e-14
8.099999999999401012e-01 2.026025218257767146e-14
8.149999999999399947e-01 1.986106650783754189e-14
8.199999999999398881e-01 1.946628897400133485e-14
8.249999999999397815e-01 1.906277773199703897e-14
8.299999999999396749e-01 1.864278836273483527e-14
8.349999999999395683e-01 1.821306967582452610e-14
8.399999999999394618e-01 1.779218498165453499e-14
8.449999999999393552e-01 1.739935963264650888e-14
8.499999999999392486e-01 1.704441609448730361e-14
8.549999999999391420e-01 1.672565928958710294e-14
8.599999999999390354e-01 1.643511515209455311e-14
8.649999999999389289e-01 1.616564539808131706e-14
8.699999999999388223e-01 1.591504912152005755e-14
8.749999999999387157e-01 1.568583097384341410e-14
8.799999999999386091e-01 1.548240089920280313e-14
8.849999999999385025e-01 1.530865805311562834e-14
8.899999999999383959e-01 1.516813856180766594e-14
8.949999999999382894e-01 1.506642254063065596e-14
8.999999999999381828e-01 1.501266707267199651e-14
9.049999999999380762e-01 1.501663596297480880e-14
9.099999999999379696e-01 1.508095775675446060e-14
9.149999999999378630e-01 1.519341486549333075e-14
9.199999999999377565e-01 1.532614552546058589e-14
9.249999999999376499e-01 1.544479107083448434e-14
9.299999999999375433e-01 1.552314996945140623e-14
9.349999999999374367e-01 1.555415669767387017e-14
9.399999999999373301e-01 1.555052383594063636e-14
9.449999999999372235e-01 1.553590885465911255e-14
9.499999999999371170e-01 1.553314291237131437e-14
9.549999999999370104e-01 1.555589658664359961e-14
9.599999999999369038e-01 1.560639046787723592e-14
9.649999999999367972e-01 1.567851357269969362e-14
9.699999999999366906e-01 1.576412851107647674e-14
9.749999999999365841e-01 1.585940771154681019e-14
9.799999999999364775e-01 1.596782596352946517e-14
9.849999999999363709e-01 1.609808925087263851e-14
9.899999999999362643e-01 1.625863631262637920e-14
9.949999999999361577e-01 1.645303109362090671e-14
9.999999999999360512e-01 1.667984166773663793e-14
1.004999999999935945e+00 1.623435180858191966e-14
1.009999999999935838e+00 1.579909353777322737e-14
1.014999999999935731e+00 1.537374072957565464e-14
1.019999999999935625e+00 1.495797319408448884e-14
1.024999999999935518e+00 1.455147646609862468e-14
1.029999999999935412e+00 1.415394159779837944e-14
1.034999999999935305e+00 1.376506495509813940e-14
1.039999999999935199e+00 1.338454801753824170e-14
1.044999999999935092e+00 1.301209718158249982e-14
1.049999999999934985e+00 1.264742356719023056e-14
1.054999999999934879e+00 1.229024282753364155e-14
1.059999999999934772e+00 1.194027496173366556e-14
1.064999999999934666e+00 1.159724413048928144e-14
1.069999999999934559e+00 1.126087847447727193e-14
1.074999999999934452e+00 1.093090993540138502e-14
1.079999999999934346e+00 1.060707407957151113e-14
1.084999999999934239e+00 1.028910992389543033e-14
1.089999999999934133e+00 9.976759764167140449e-15
1.094999999999934026e+00 9.669769005537616128e-15
1.099999999999933920e+00 9.367885995055318071e-15
1.104999999999933813e+00 9.131103307947248048e-15
1.109999999999933706e+00 8.899896021171130324e-15
1.114999999999933600e+00 8.674140785304673102e-15
1.119999999999933493e+00 8.453717324350884348e-15
1.124999999999933387e+00 8.238508375877936842e-15
1.129999999999933280e+00 8.028399633083358424e-15
1.134999999999933173e+00 7.823279688744876198e-15
1.139999999999933067e+00 7.623039981022139813e-15
1.144999999999932960e+00 7.427574741074784378e-15
1.149999999999932854e+00 7.236780942463374227e-15
1.154999999999932747e+00 7.050558252300942633e-15
1.159999999999932641e+00 6.868808984123900416e-15
1.164999999999932534e+00 6.691438052452187612e-15
1.169999999999932427e+00 6.518352929009585301e-15
1.174999999999932321e+00 6.349463600576160121e-15
1.179999999999932214e+00 6.184682528445804868e-15
1.184999999999932108e+00 6.023924609462859318e-15
1.189999999999932001e+00 5.867107138612797288e-15
1.194999999999931894e+00 5.714149773142873925e-15
1.199999999999931788e+00 5.564974498189638534e-15
1.204999999999931681e+00 5.458917723103966878e-15
1.209999999999931575e+00 5.356668630272410808e-15
1.214999999999931468e+00 5.258140562349806584e-15
1.219999999999931362e+00 5.163249595336064713e-15
1.224999999999931255e+00 5.071914483349760567e-15
1.229999999999931148e+00 4.984056605090777967e-15
1.234999999999931042e+00 4.899599911959010034e-15
1.239999999999930935e+00 4.818470877797716717e-15
1.244999999999930829e+00 4.740598450231141809e-15
1.249999999999930722e+00 4.665914003567121129e-15
1.254999999999930616e+00 4.594351293236261596e-15
1.259999999999930509e+00 4.525846411740465221e-15
1.264999999999930402e+00 4.460337746084297823e-15
1.269999999999930296e+00 4.397765936663902902e-15
1.274999999999930189e+00 4.338073837588882934e-15
1.279999999999930083e+00 4.281206478413628967e-15
1.284999999999929976e+00 4.227111027255395122e-15
1.289999999999929869e+00 4.175736755277390394e-15
1.294999999999929763e+00 4.127035002515907989e-15
1.299999999999929656e+00 4.080959145031523779e-15
1.304999999999929550e+00 3.962524639403234908e-15
1.309999999999929443e+00 3.846580936276823547e-15
1.314999999999929337e+00 3.733056875300182608e-15
1.319999999999929230e+00 3.621882934435401068e-15
1.324999999999929123e+00 3.512991185176019026e-15
1.329999999999929017e+00 3.406315248687257127e-15
1.334999999999928910e+00 3.301790252840670676e-15
1.339999999999928804e+00 3.199352790114080037e-15
1.344999999999928697e+00 3.098940876328275377e-15
1.349999999999928590e+00 3.000493910192432418e-15
1.354999999999928484e+00 2.903952633630709936e-15
1.359999999999928377e+00 2.809259092862997090e-15
1.364999999999928271e+00 2.716356600213240193e-15
1.369999999999928164e+00 2.625189696619262853e-15
1.374999999999928058e+00 2.535704114818405614e-15
1.379999999999927951e+00 2.447846743183805461e-15
1.384999999999927844e+00 2.361565590186495631e-15
1.389999999999927738e+00 2.276809749458962962e-15
1.394999999999927631e+00 2.193529365436197960e-15
1.399999999999927525e+00 2.111675599550612008e-15
1.404999999999927418e+00 2.056290184136559492e-15
1.409999999999927311e+00 2.002092651229786893e-15
1.414999999999927205e+00 1.949055166538938100e-15
1.419999999999927098e+00 1.897150654757184623e-15
1.424999999999926992e+00 1.846352781627866156e-15
1.429999999999926885e+00 1.796635936440747439e-15
1.434999999999926779e+00 1.747975214948328556e-15
1.439999999999926672e+00 1.700346402692252864e-15
1.444999999999926565e+00 1.653725958730024949e-15
1.449999999999926459e+00 1.608090999752510947e-15
1.454999999999926352e+00 1.563419284582851933e-15
1.459999999999926246e+00 1.519689199047626959e-15
1.464999999999926139e+00 1.476879741211288127e-15
1.469999999999926033e+00 1.434970506965073452e-15
1.474999999999925926e+00 1.393941675961763459e-15
1.479999999999925819e+00 1.353773997887832989e-15
1.484999999999925713e+00 1.314448779064694871e-15
1.489999999999925606e+00 1.275947869370904673e-15
1.494999999999925500e+00 1.238253649477325306e-15
1.499999999999925393e+00 1.201349018387423619e-15
1.504999999999925286e+00 1.176444654308463815e-15
1.509999999999925180e+00 1.152346075656313337e-15
1.514999999999925073e+00 1.129037916198496733e-15
1.519999999999924967e+00 1.106505370392624507e-15
1.524999999999924860e+00 1.084734184680112971e-15
1.529999999999924754e+00 1.063710649140697922e-15
1.534999999999924647e+00 1.043421589502237261e-15
1.539999999999924540e+00 1.023854359500716587e-15
1.544999999999924434e+00 1.004996833585619866e-15
1.549999999999924327e+00 9.868373999660459995e-16
1.554999999999924221e+00 9.693649539932124567e-16
1.559999999999924114e+00 9.525688918751914147e-16
1.564999999999924007e+00 9.364391047199777002e-16
1.569999999999923901e+00 9.209659729031952789e-16
1.574999999999923794e+00 9.061403607569795871e-16
1.579999999999923688e+00 8.919536115767982211e-16
1.584999999999923581e+00 8.783975429431815474e-16
1.589999999999923475e+00 8.654644423555531140e-16
1.594999999999923368e+00 8.531470631755757512e-16
1.599999999999923261e+00 8.414386208776201559e-16
1.604999999999923155e+00 8.192569194703514782e-16
1.609999999999923048e+00 7.976264403260834018e-16
1.614999999999922942e+00 7.765318453862080385e-16
1.619999999999922835e+00 7.559581366165924403e-16
1.624999999999922728e+00 7.358906464673604605e-16
1.629999999999922622e+00 7.163150285466626015e-16
1.634999999999922515e+00 6.972172485028632098e-16
1.639999999999922409e+00 6.785835751095433172e-16
1.644999999999922302e+00 6.604005715478371349e-16
1.649999999999922196e+00 6.426550868807431749e-16
1.654999999999922089e+00 6.253342477141770878e-16
1.659999999999921982e+00 6.084254500396400031e-16
1.664999999999921876e+00 5.919163512535016829e-16
1.669999999999921769e+00 5.757948623479961144e-16
1.674999999999921663e+00 5.600491402691456896e-16
1.679999999999921556e+00 5.446675804369251820e-16
1.684999999999921450e+00 5.296388094230883506e-16
1.689999999999921343e+00 5.149516777821701317e-16
1.694999999999921236e+00 5.005952530312798298e-16
1.699999999999921130e+00 4.865588127743947925e-16
1.704999999999921023e+00 4.740473409159793985e-16
1.709999999999920917e+00 4.617833682931017886e-16
1.714999999999920810e+00 4.497609506785984264e-16
1.719999999999920703e+00 4.379742854795685743e-16
1.724999999999920597e+00 4.264177077807051618e-16
1.729999999999920490e+00 4.150856864578241668e-16
1.734999999999920384e+00 4.039728203589714212e-16
1.739999999999920277e+00 3.930738345505319005e-16
1.744999999999920171e+00 3.823835766258089573e-16
1.749999999999920064e+00 3.718970130735772478e-16
1.754999999999919957e+00 3.616092257041405123e-16
1.759999999999919851e+00 3.515154081304668840e-16
1.764999999999919744e+00 3.416108623019964905e-16
1.769999999999919638e+00 3.318909950887517561e-16
1.774999999999919531e+00 3.223513149134047780e-16
1.779999999999919424e+00 3.129874284289863205e-16
1.784999999999919318e+00 3.037950372399416807e-16
1.789999999999919211e+00 2.947699346642674225e-16
1.794999999999919105e+00 2.859080025344808737e-16
1.799999999999918998e+00 2.772052080351978958e-16
1.804999999999918892e+00 2.725718475869749443e-16
1.809999999999918785e+00 2.680894927496434905e-16
1.814999999999918678e+00 2.637552072329438565e-16
1.819999999999918572e+00 2.595661389292365936e-16
1.824999999999918465e+00 2.555195176861482935e-16
1.829999999999918359e+00 2.516126531258386339e-16
1.834999999999918252e+00 2.478429325095644599e-16
1.839999999999918145e+00 2.442078186463263483e-16
1.844999999999918039e+00 2.407048478444109139e-16
1.849999999999917932e+00 2.373316279046805225e-16
1.854999999999917826e+00 2.340858361544917067e-16
1.859999999999917719e+00 2.309652175211589823e-16
1.864999999999917613e+00 2.279675826439097513e-16
1.869999999999917506e+00 2.250908060233062033e-16
1.874999999999917399e+00 2.223328242071435044e-16
1.879999999999917293e+00 2.196916340118568090e-16
1.884999999999917186e+00 2.171652907785033062e-16
1.889999999999917080e+00 2.147519066624099394e-16
1.894999999999916973e+00 2.124496489556043627e-16
1.899999999999916866e+00 2.102567384411742275e-16
1.904999999999916760e+00 2.048037387529503518e-16
1.909999999999916653e+00 1.994724394873284382e-16
1.914999999999916547e+00 1.942593962558990382e-16
1.919999999999916440e+00 1.891612445838019649e-16
1.924999999999916334e+00 1.841746978166198361e-16
1.929999999999916227e+00 1.792965450794379288e-16
1.934999999999916120e+00 1.745236492869473532e-16
1.939999999999916014e+00 1.698529452034419038e-16
1.944999999999915907e+00 1.652814375515878381e-16
1.949999999999915801e+00 1.608061991688743560e-16
1.954999999999915694e+00 1.564243692106799656e-16
1.959999999999915588e+00 1.521331513989168412e-16
1.964999999999915481e+00 1.479298123152415815e-16
1.969999999999915374e+00 1.438116797378465398e-16
1.974999999999915268e+00 1.397761410208700301e-16
1.979999999999915161e+00 1.358206415154886617e-16
1.984999999999915055e+00 1.319426830317796810e-16
1.989999999999914948e+00 1.281398223404610466e-16
1.994999999999914841e+00 1.244096697136435845e-16
