-2.000000000000000000e+00 6.882620063508143940e-03
-1.995000000000000107e+00 6.921838865850702370e-03
-1.990000000000000213e+00 6.960915130424001271e-03
-1.985000000000000320e+00 6.999840974196037437e-03
-1.980000000000000426e+00 7.038608404681128902e-03
-1.975000000000000533e+00 7.077209319808049071e-03
-1.970000000000000639e+00 7.115635507822098971e-03
-1.965000000000000746e+00 7.153878647222228736e-03
-1.960000000000000853e+00 7.191930306734178012e-03
-1.955000000000000959e+00 7.229781945320698684e-03
-1.950000000000001066e+00 7.267424912229943253e-03
-1.945000000000001172e+00 7.304850447083048419e-03
-1.940000000000001279e+00 7.342049680002081351e-03
-1.935000000000001386e+00 7.379013631779395531e-03
-1.930000000000001492e+00 7.415733214089581873e-03
-1.925000000000001599e+00 7.452199229745119259e-03
-1.920000000000001705e+00 7.488402372996938797e-03
-1.915000000000001812e+00 7.524333229881038920e-03
-1.910000000000001918e+00 7.559982278612377773e-03
-1.905000000000002025e+00 7.595339890027274533e-03
-1.900000000000002132e+00 7.630396328075514031e-03
-1.895000000000002238e+00 7.665141750363451377e-03
-1.890000000000002345e+00 7.699566208749350840e-03
-1.885000000000002451e+00 7.733659649992305138e-03
-1.880000000000002558e+00 7.767411916455952900e-03
-1.875000000000002665e+00 7.800812746868396839e-03
-1.870000000000002771e+00 7.833851777139624536e-03
-1.865000000000002878e+00 7.866518541237791859e-03
-1.860000000000002984e+00 7.898802472125774146e-03
-1.855000000000003091e+00 7.930692902759325230e-03
-1.850000000000003197e+00 7.962179067148283246e-03
-1.845000000000003304e+00 7.993250101482281267e-03
-1.840000000000003411e+00 8.023895045322323658e-03
-1.835000000000003517e+00 8.054102842859780717e-03
-1.830000000000003624e+00 8.083862344244224091e-03
-1.825000000000003730e+00 8.113162306981553176e-03
-1.820000000000003837e+00 8.141991397404077860e-03
-1.815000000000003944e+00 8.170338192213891584e-03
-1.810000000000004050e+00 8.198191180101186207e-03
-1.805000000000004157e+00 8.225538763439087242e-03
-1.800000000000004263e+00 8.252369260056470132e-03
-1.795000000000004370e+00 8.278670905090478385e-03
-1.790000000000004476e+00 8.304431852920225038e-03
-1.785000000000004583e+00 8.329640179183400023e-03
-1.780000000000004690e+00 8.354283882877355100e-03
-1.775000000000004796e+00 8.378350888546305664e-03
-1.770000000000004903e+00 8.401829048556352930e-03
-1.765000000000005009e+00 8.424706145459969278e-03
-1.760000000000005116e+00 8.446969894451651986e-03
-1.755000000000005222e+00 8.468607945916384674e-03
-1.750000000000005329e+00 8.489607888072776484e-03
-1.745000000000005436e+00 8.509957249712356980e-03
-1.740000000000005542e+00 8.529643503037013033e-03
-1.735000000000005649e+00 8.548654066596146281e-03
-1.730000000000005755e+00 8.566976308325355283e-03
-1.725000000000005862e+00 8.584597548688467292e-03
-1.720000000000005969e+00 8.601505063924569372e-03
-1.715000000000006075e+00 8.617686089401969604e-03
-1.710000000000006182e+00 8.633127823080772797e-03
-1.705000000000006288e+00 8.647817429085906046e-03
-1.700000000000006395e+00 8.661742041392427732e-03
-1.695000000000006501e+00 8.674888767624878982e-03
-1.690000000000006608e+00 8.687244692972575372e-03
-1.685000000000006715e+00 8.698796884222564918e-03
-1.680000000000006821e+00 8.709532393912170975e-03
-1.675000000000006928e+00 8.719438264602875563e-03
-1.670000000000007034e+00 8.728501533277444394e-03
-1.665000000000007141e+00 8.736709235862087294e-03
-1.660000000000007248e+00 8.744048411875496307e-03
-1.655000000000007354e+00 8.750506109206605473e-03
-1.650000000000007461e+00 8.756069389022881622e-03
-1.645000000000007567e+00 8.760725330811021394e-03
-1.640000000000007674e+00 8.764461037551851685e-03
-1.635000000000007780e+00 8.767263641031246280e-03
-1.630000000000007887e+00 8.769120307288909635e-03
-1.625000000000007994e+00 8.770018242206811115e-03
-1.620000000000008100e+00 8.769944697239075507e-03
-1.615000000000008207e+00 8.768886975285165170e-03
-1.610000000000008313e+00 8.766832436708038231e-03
-1.605000000000008420e+00 8.763768505499173675e-03
-1.600000000000008527e+00 8.759682675592135592e-03
-1.595000000000008633e+00 8.754562517326447760e-03
-1.590000000000008740e+00 8.748395684063487235e-03
-1.585000000000008846e+00 8.741169918956135168e-03
-1.580000000000008953e+00 8.732873061873864043e-03
-1.575000000000009059e+00 8.723493056484907596e-03
-1.570000000000009166e+00 8.713017957497147525e-03
-1.565000000000009273e+00 8.701435938059411818e-03
-1.560000000000009379e+00 8.688735297324655729e-03
-1.555000000000009486e+00 8.674904468176727196e-03
-1.550000000000009592e+00 8.659932025122128729e-03
-1.545000000000009699e+00 8.643806692348350931e-03
-1.540000000000009805e+00 8.626517351950233059e-03
-1.535000000000009912e+00 8.608053052325743623e-03
-1.530000000000010019e+00 8.588403016742639923e-03
-1.525000000000010125e+00 8.567556652077291945e-03
-1.520000000000010232e+00 8.545503557727030658e-03
-1.515000000000010338e+00 8.522233534697215909e-03
-1.510000000000010445e+00 8.497736594864371829e-03
-1.505000000000010552e+00 8.472002970416355958e-03
-1.500000000000010658e+00 8.445023123470878773e-03
-1.495000000000010765e+00 8.416787755873279125e-03
-1.490000000000010871e+00 8.387287819174643264e-03
-1.485000000000010978e+00 8.356514524791138279e-03
-1.480000000000011084e+00 8.324459354345482842e-03
-1.475000000000011191e+00 8.291114070191358404e-03
-1.470000000000011298e+00 8.256470726121425269e-03
-1.465000000000011404e+00 8.220521678259725892e-03
-1.460000000000011511e+00 8.183259596138950723e-03
-1.455000000000011617e+00 8.144677473963126899e-03
-1.450000000000011724e+00 8.104768642056163486e-03
-1.445000000000011831e+00 8.063526778496530809e-03
-1.440000000000011937e+00 8.020945920938398269e-03
-1.435000000000012044e+00 7.977020478619322591e-03
-1.430000000000012150e+00 7.931745244554571500e-03
-1.425000000000012257e+00 7.885115407918041192e-03
-1.420000000000012363e+00 7.837126566609561168e-03
-1.415000000000012470e+00 7.787774740008448528e-03
-1.410000000000012577e+00 7.737056381912789556e-03
-1.405000000000012683e+00 7.684968393664066109e-03
-1.400000000000012790e+00 7.631508137456477145e-03
-1.395000000000012896e+00 7.576673449830226802e-03
-1.390000000000013003e+00 7.520462655347860507e-03
-1.385000000000013110e+00 7.462874580452740977e-03
-1.380000000000013216e+00 7.403908567508430717e-03
-1.375000000000013323e+00 7.343564489017751981e-03
-1.370000000000013429e+00 7.281842762020025381e-03
-1.365000000000013536e+00 7.218744362664952785e-03
-1.360000000000013642e+00 7.154270840961356875e-03
-1.355000000000013749e+00 7.088424335698862225e-03
-1.350000000000013856e+00 7.021207589540430158e-03
-1.345000000000013962e+00 6.952623964283472305e-03
-1.340000000000014069e+00 6.882677456287109030e-03
-1.335000000000014175e+00 6.811372712062918611e-03
-1.330000000000014282e+00 6.738715044026353032e-03
-1.325000000000014388e+00 6.664710446405787241e-03
-1.320000000000014495e+00 6.589365611305966590e-03
-1.315000000000014602e+00 6.512687944922392579e-03
-1.310000000000014708e+00 6.434685583902989212e-03
-1.305000000000014815e+00 6.355367411853154666e-03
-1.300000000000014921e+00 6.274743075980046200e-03
-1.295000000000015028e+00 6.192823003871791854e-03
-1.290000000000015135e+00 6.109618420406905288e-03
-1.285000000000015241e+00 6.025141364789180116e-03
-1.280000000000015348e+00 5.939404707702814444e-03
-1.275000000000015454e+00 5.852422168582453038e-03
-1.270000000000015561e+00 5.764208332992408652e-03
-1.265000000000015667e+00 5.674778670109165320e-03
-1.260000000000015774e+00 5.584149550300865697e-03
-1.255000000000015881e+00 5.492338262797311944e-03
-1.250000000000015987e+00 5.399363033443508285e-03
-1.245000000000016094e+00 5.305243042529710074e-03
-1.240000000000016200e+00 5.209998442690376950e-03
-1.235000000000016307e+00 5.113650376864264588e-03
-1.230000000000016414e+00 5.016220996307454126e-03
-1.225000000000016520e+00 4.917733478650821756e-03
-1.220000000000016627e+00 4.818212045993037172e-03
-1.215000000000016733e+00 4.717681983019861303e-03
-1.210000000000016840e+00 4.616169655140117331e-03
-1.205000000000016946e+00 4.513702526628287498e-03
-1.200000000000017053e+00 4.410309178763322999e-03
-1.195000000000017160e+00 4.306019327952909093e-03
-1.190000000000017266e+00 4.200863843831788291e-03
-1.185000000000017373e+00 4.094874767322609181e-03
-1.180000000000017479e+00 3.988085328647132666e-03
-1.175000000000017586e+00 3.880529965275214543e-03
-1.170000000000017693e+00 3.772244339798522337e-03
-1.165000000000017799e+00 3.663265357715553110e-03
-1.160000000000017906e+00 3.553631185113877156e-03
-1.155000000000018012e+00 3.443381266235199818e-03
-1.150000000000018119e+00 3.332556340908201815e-03
-1.145000000000018225e+00 3.221198461833687382e-03
-1.140000000000018332e+00 3.109351011705968441e-03
-1.135000000000018439e+00 2.997058720153925136e-03
-1.130000000000018545e+00 2.884367680484605824e-03
-1.125000000000018652e+00 2.771325366211634198e-03
-1.120000000000018758e+00 2.657980647350183766e-03
-1.115000000000018865e+00 2.544383806459589101e-03
-1.110000000000018971e+00 2.430586554414141103e-03
-1.105000000000019078e+00 2.316642045881942176e-03
-1.100000000000019185e+00 2.202604894491089205e-03
-1.095000000000019291e+00 2.088531187661783490e-03
-1.090000000000019398e+00 1.974478501082422514e-03
-1.085000000000019504e+00 1.860505912806673058e-03
-1.080000000000019611e+00 1.746674016948450382e-03
-1.075000000000019718e+00 1.633044936950482423e-03
-1.070000000000019824e+00 1.519682338401674802e-03
-1.065000000000019931e+00 1.406651441377719611e-03
-1.060000000000020037e+00 1.294019032278612494e-03
-1.055000000000020144e+00 1.181853475136028031e-03
-1.050000000000020250e+00 1.070224722362665389e-03
-1.045000000000020357e+00 9.592043249149436509e-04
-1.040000000000020464e+00 8.488654418395680506e-04
-1.035000000000020570e+00 7.392828491736972481e-04
-1.030000000000020677e+00 6.305329481675838897e-04
-1.025000000000020783e+00 5.226937727977064340e-04
-1.020000000000020890e+00 4.158449965375433065e-04
-1.015000000000020997e+00 3.100679383522449433e-04
-1.010000000000021103e+00 2.054455678825537618e-04
-1.005000000000021210e+00 1.020625097824058770e-04
-1.000000000000021316e+00 5.047173697366447590e-09
-9.950000000000214229e-01 5.011138906364741830e-09
-9.900000000000215294e-01 4.975355339445444050e-09
-9.850000000000216360e-01 4.939821492858670258e-09
-9.800000000000217426e-01 4.904536300736434930e-09
-9.750000000000218492e-01 4.869498702945179659e-09
-9.700000000000219558e-01 4.834707645063751947e-09
-9.650000000000220624e-01 4.800162078404860624e-09
-9.600000000000221689e-01 4.765860960003760836e-09
-9.550000000000222755e-01 4.731803252606503122e-09
-9.500000000000223821e-01 4.697987924666695003e-09
-9.450000000000224887e-01 4.664413950333984143e-09
-9.400000000000225953e-01 4.631080309461029826e-09
-9.350000000000227018e-01 4.597985987607137595e-09
-9.300000000000228084e-01 4.565129976011120274e-09
-9.250000000000229150e-01 4.532511271588544291e-09
-9.200000000000230216e-01 4.500128876937883897e-09
-9.150000000000231282e-01 4.467981800341183741e-09
-9.100000000000232347e-01 4.436069055747588874e-09
-9.050000000000233413e-01 4.404389662771341321e-09
-9.000000000000234479e-01 4.372942646694622269e-09
-8.950000000000235545e-01 4.341727038453934198e-09
-8.900000000000236611e-01 4.310741874632469306e-09
-8.850000000000237677e-01 4.279986197467756800e-09
-8.800000000000238742e-01 4.249459054841974128e-09
-8.750000000000239808e-01 4.219159500279766528e-09
-8.700000000000240874e-01 4.189086592936045288e-09
-8.650000000000241940e-01 4.159239397599403179e-09
-8.600000000000243006e-01 4.129616984690599052e-09
-8.550000000000244071e-01 4.100218430237730021e-09
-8.500000000000245137e-01 4.071042815876080908e-09
-8.450000000000246203e-01 4.042089228862195417e-09
-8.400000000000247269e-01 4.013356762072567536e-09
-8.350000000000248335e-01 3.984844513988794465e-09
-8.300000000000249401e-01 3.956551588682981848e-09
-8.250000000000250466e-01 3.928477095828244830e-09
-8.200000000000251532e-01 3.900620150696740191e-09
-8.150000000000252598e-01 3.872979874148910518e-09
-8.100000000000253664e-01 3.845555392620463558e-09
-8.050000000000254730e-01 3.818345838115944192e-09
-8.000000000000255795e-01 3.791350348221303448e-09
-7.950000000000256861e-01 3.764568066096965902e-09
-7.900000000000257927e-01 3.737998140464871061e-09
-7.850000000000258993e-01 3.711639725612701914e-09
-7.800000000000260059e-01 3.685491981390981116e-09
-7.750000000000261124e-01 3.659554073201645138e-09
-7.700000000000262190e-01 3.633825171990160824e-09
-7.650000000000263256e-01 3.608304454249265489e-09
-7.600000000000264322e-01 3.582991102024920551e-09
-7.550000000000265388e-01 3.557884302904469201e-09
-7.500000000000266454e-01 3.532983250004659236e-09
-7.450000000000267519e-01 3.508287141969861733e-09
-7.400000000000268585e-01 3.483795182970472932e-09
-7.350000000000269651e-01 3.459506582700955884e-09
-7.300000000000270717e-01 3.435420556375174330e-09
-7.250000000000271783e-01 3.411536324720950264e-09
-7.200000000000272848e-01 3.387853113976128618e-09
-7.150000000000273914e-01 3.364370155883292826e-09
-7.100000000000274980e-01 3.341086687683385184e-09
-7.050000000000276046e-01 3.318001952115182841e-09
-7.000000000000277112e-01 3.295115197417878181e-09
-6.950000000000278177e-01 3.272425677327504994e-09
-6.900000000000279243e-01 3.249932651067459398e-09
-6.850000000000280309e-01 3.227635383342114416e-09
-6.800000000000281375e-01 3.205533144336037469e-09
-6.750000000000282441e-01 3.183625209713544107e-09
-6.700000000000283507e-01 3.161910860615208961e-09
-6.650000000000284572e-01 3.140389383651579175e-09
-6.600000000000285638e-01 3.119060070899370611e-09
-6.550000000000286704e-01 3.097922219899853196e-09
-6.500000000000287770e-01 3.076975133654549579e-09
-6.450000000000288836e-01 3.056218120619609067e-09
-6.400000000000289901e-01 3.035650494702533640e-09
-6.350000000000290967e-01 3.015271575261051745e-09
-6.300000000000292033e-01 2.995080687099670198e-09
-6.250000000000293099e-01 2.975077160465240903e-09
-6.200000000000294165e-01 2.955260331044335386e-09
-6.150000000000295231e-01 2.935629539959466230e-09
-6.100000000000296296e-01 2.916184133763038733e-09
-6.050000000000297362e-01 2.896923464432836984e-09
-6.000000000000298428e-01 2.877846889371171865e-09
-5.950000000000299494e-01 2.858953771404821492e-09
-5.900000000000300560e-01 2.840243478783022827e-09
-5.850000000000301625e-01 2.821715385172397746e-09
-5.800000000000302691e-01 2.803368869652347300e-09
-5.750000000000303757e-01 2.785203316712961843e-09
-5.700000000000304823e-01 2.767218116251245365e-09
-5.650000000000305889e-01 2.749412663564629571e-09
-5.600000000000306954e-01 2.731786359346303203e-09
-5.550000000000308020e-01 2.714338609685843595e-09
-5.500000000000309086e-01 2.697068826071627488e-09
-5.450000000000310152e-01 2.679976425387626122e-09
-5.400000000000311218e-01 2.663060829905948199e-09
-5.350000000000312284e-01 2.646321467282197751e-09
-5.300000000000313349e-01 2.629757770552932208e-09
-5.250000000000314415e-01 2.613369178132678345e-09
-5.200000000000315481e-01 2.597155133811215826e-09
-5.150000000000316547e-01 2.581115086751020382e-09
-5.100000000000317613e-01 2.565248491484724785e-09
-5.050000000000318678e-01 2.549554807913072400e-09
-5.000000000000319744e-01 2.534033501303164392e-09
-4.950000000000320810e-01 2.518684042285943854e-09
-4.900000000000321876e-01 2.503505906852031779e-09
-4.850000000000322942e-01 2.488498576347192874e-09
-4.800000000000324007e-01 2.473661537469193509e-09
-4.750000000000325073e-01 2.458994282266378144e-09
-4.700000000000326139e-01 2.444496308136847519e-09
-4.650000000000327205e-01 2.430167117826223207e-09
-4.600000000000328271e-01 2.416006219424262781e-09
-4.550000000000329337e-01 2.402013126362528828e-09
-4.500000000000330402e-01 2.388187357412366073e-09
-4.450000000000331468e-01 2.374528436680992952e-09
-4.400000000000332534e-01 2.361035893606981900e-09
-4.350000000000333600e-01 2.347709262957632633e-09
-4.300000000000334666e-01 2.334548084828101134e-09
-4.250000000000335731e-01 2.321551904641319823e-09
-4.200000000000336797e-01 2.308720273147424328e-09
-4.150000000000337863e-01 2.296052746420130841e-09
-4.100000000000338929e-01 2.283548885850786212e-09
-4.050000000000339995e-01 2.271208258144552162e-09
-4.000000000000341061e-01 2.259030435319418460e-09
-3.950000000000342126e-01 2.247014994705139992e-09
-3.900000000000343192e-01 2.235161518941425653e-09
-3.850000000000344258e-01 2.223469595976599551e-09
-3.800000000000345324e-01 2.211938819066628247e-09
-3.750000000000346390e-01 2.200568786773123937e-09
-3.700000000000347455e-01 2.189359102959527429e-09
-3.650000000000348521e-01 2.178309376787230735e-09
-3.600000000000349587e-01 2.167419222713278334e-09
-3.550000000000350653e-01 2.156688260488183001e-09
-3.500000000000351719e-01 2.146116115153340044e-09
-3.450000000000352784e-01 2.135702417039792734e-09
-3.400000000000353850e-01 2.125446801767980841e-09
-3.350000000000354916e-01 2.115348910246544122e-09
-3.300000000000355982e-01 2.105408388670160067e-09
-3.250000000000357048e-01 2.095624888517388265e-09
-3.200000000000358114e-01 2.085998066548565235e-09
-3.150000000000359179e-01 2.076527584803559865e-09
-3.100000000000360245e-01 2.067213110600091346e-09
-3.050000000000361311e-01 2.058054316532942931e-09
-3.000000000000362377e-01 2.049050880472905218e-09
-2.950000000000363443e-01 2.040202485564588666e-09
-2.900000000000364508e-01 2.031508820223723678e-09
-2.850000000000365574e-01 2.022969578134641839e-09
-2.800000000000366640e-01 2.014584458248030946e-09
-2.750000000000367706e-01 2.006353164778856303e-09
-2.700000000000368772e-01 1.998275407204641839e-09
-2.650000000000369837e-01 1.990350900264509339e-09
-2.600000000000370903e-01 1.982579363958649047e-09
-2.550000000000371969e-01 1.974960523547304306e-09
-2.500000000000373035e-01 1.967494109549209834e-09
-2.450000000000374101e-01 1.960179857740537074e-09
-2.400000000000375167e-01 1.953017509154561666e-09
-2.350000000000376232e-01 1.946006810080535173e-09
-2.300000000000377298e-01 1.939147512060800287e-09
-2.250000000000378364e-01 1.932439371887684354e-09
-2.200000000000379430e-01 1.925882151602267701e-09
-2.150000000000380496e-01 1.919475618494623933e-09
-2.100000000000381561e-01 1.913219545103410476e-09
-2.050000000000382627e-01 1.907113709214050854e-09
-2.000000000000383693e-01 1.901157893856494674e-09
-1.950000000000384759e-01 1.895351887303547972e-09
-1.900000000000385825e-01 1.889695483069826408e-09
-1.850000000000386891e-01 1.884188479911230012e-09
-1.800000000000387956e-01 1.878830681824793460e-09
-1.750000000000389022e-01 1.873621898048209622e-09
-1.700000000000390088e-01 1.868561943058103646e-09
-1.650000000000391154e-01 1.863650636567432718e-09
-1.600000000000392220e-01 1.858887803523715274e-09
-1.550000000000393285e-01 1.854273274109248756e-09
-1.500000000000394351e-01 1.849806883742348935e-09
-1.450000000000395417e-01 1.845488473077579248e-09
-1.400000000000396483e-01 1.841317888004117733e-09
-1.350000000000397549e-01 1.837294979643289141e-09
-1.300000000000398614e-01 1.833419604346432460e-09
-1.250000000000399680e-01 1.829691623693417162e-09
-1.200000000000400746e-01 1.826110904491965120e-09
-1.150000000000401812e-01 1.822677318777969076e-09
-1.100000000000402878e-01 1.819390743816131012e-09
-1.050000000000403944e-01 1.816251062099816158e-09
-1.000000000000405009e-01 1.813258161350077124e-09
-9.500000000004060752e-02 1.810411934514746688e-09
-9.000000000004071410e-02 1.807712279767913364e-09
-8.500000000004082068e-02 1.805159100509272068e-09
-8.000000000004092726e-02 1.802752305363139976e-09
-7.500000000004103384e-02 1.800491808177638653e-09
-7.000000000004114042e-02 1.798377528024464299e-09
-6.500000000004124701e-02 1.796409389198959510e-09
-6.000000000004135359e-02 1.794587321219882910e-09
-5.500000000004146017e-02 1.792911258828685776e-09
-5.000000000004156675e-02 1.791381141988653224e-09
-4.500000000004167333e-02 1.789996915884278854e-09
-4.000000000004177991e-02 1.788758530920901211e-09
-3.500000000004188649e-02 1.787665942724516422e-09
-3.000000000004199308e-02 1.786719112141753180e-09
-2.500000000004209966e-02 1.785918005239884938e-09
-2.000000000004220624e-02 1.785262593306665308e-09
-1.500000000004231282e-02 1.784752852850020550e-09
-1.000000000004241940e-02 1.784388765597867801e-09
-5.000000000042525983e-03 1.784170318498186421e-09
-4.263256414560601115e-14 1.784097503719281657e-09
4.999999999957260854e-03 1.784170318650159146e-09
9.999999999957154273e-03 1.784388765900954015e-09
1.499999999995704769e-02 1.784752853303181108e-09
1.999999999995694111e-02 1.785262593909515572e-09
2.499999999995683453e-02 1.785918005993096165e-09
2.999999999995672795e-02 1.786719113046779346e-09
3.499999999995662137e-02 1.787665943782846246e-09
3.999999999995651478e-02 1.788758532133255167e-09
4.499999999995640820e-02 1.789996917250087842e-09
4.999999999995630162e-02 1.791381143505919188e-09
5.499999999995619504e-02 1.792911260494129154e-09
5.999999999995608846e-02 1.794587323029236482e-09
6.499999999995598188e-02 1.796409391147291006e-09
6.999999999995587530e-02 1.798377530106449776e-09
7.499999999995576871e-02 1.800491810387735589e-09
7.999999999995566213e-02 1.802752307695635862e-09
8.499999999995555555e-02 1.805159102958175220e-09
8.999999999995544897e-02 1.807712282326802379e-09
9.499999999995534239e-02 1.810411937176925539e-09
9.999999999995523581e-02 1.813258164109331411e-09
1.049999999999551292e-01 1.816251064951560611e-09
1.099999999999550226e-01 1.819390746758260456e-09
1.149999999999549161e-01 1.822677321810850366e-09
1.199999999999548095e-01 1.826110907617651319e-09
1.249999999999547029e-01 1.829691626914610875e-09
1.299999999999545963e-01 1.833419607665690917e-09
1.349999999999544897e-01 1.837294983062619908e-09
1.399999999999543832e-01 1.841317891524858362e-09
1.449999999999542766e-01 1.845488476700410094e-09
1.499999999999541700e-01 1.849806887467385184e-09
1.549999999999540634e-01 1.854273277936170288e-09
1.599999999999539568e-01 1.858887807451854969e-09
1.649999999999538502e-01 1.863650640595852346e-09
1.699999999999537437e-01 1.868561947185811831e-09
1.749999999999536371e-01 1.873621902274587219e-09
1.799999999999535305e-01 1.878830686150221799e-09
1.849999999999534239e-01 1.884188484337925110e-09
1.899999999999533173e-01 1.889695487602657051e-09
1.949999999999532108e-01 1.895351891950269391e-09
1.999999999999531042e-01 1.901157898627028901e-09
2.049999999999529976e-01 1.907113714119112359e-09
2.099999999999528910e-01 1.913219550153186402e-09
2.149999999999527844e-01 1.919475623698056929e-09
2.199999999999526779e-01 1.925882156967089839e-09
2.249999999999525713e-01 1.932439377421040819e-09
2.299999999999524647e-01 1.939147517770125779e-09
2.349999999999523581e-01 1.946006815974164364e-09
2.399999999999522515e-01 1.953017515241679569e-09
2.449999999999521449e-01 1.960179864030484213e-09
2.499999999999520384e-01 1.967494116050655475e-09
2.549999999999519318e-01 1.974960530267789027e-09
2.599999999999518252e-01 1.982579370904485065e-09
2.649999999999517186e-01 1.990350907440569986e-09
2.699999999999516120e-01 1.998275414613689487e-09
2.749999999999515055e-01 2.006353172420646933e-09
2.799999999999513989e-01 2.014584466118762422e-09
2.849999999999512923e-01 2.022969586227214056e-09
2.899999999999511857e-01 2.031508828528986364e-09
2.949999999999510791e-01 2.040202494073237694e-09
2.999999999999509726e-01 2.049050889177435992e-09
3.049999999999508660e-01 2.058054325429071069e-09
3.099999999999507594e-01 2.067213119687091410e-09
3.149999999999506528e-01 2.076527594083253307e-09
3.199999999999505462e-01 2.085998076023547748e-09
3.249999999999504396e-01 2.095624898189786530e-09
3.299999999999503331e-01 2.105408398541693792e-09
3.349999999999502265e-01 2.115348920319518247e-09
3.399999999999501199e-01 2.125446812046417531e-09
3.449999999999500133e-01 2.135702427530305711e-09
3.499999999999499067e-01 2.146116125865609804e-09
3.549999999999498002e-01 2.156688271434764078e-09
3.599999999999496936e-01 2.167419233908380035e-09
3.649999999999495870e-01 2.178309388244566062e-09
3.699999999999494804e-01 2.189359114690140896e-09
3.749999999999493738e-01 2.200568798784260819e-09
3.799999999999492672e-01 2.211938831362039395e-09
3.849999999999491607e-01 2.223469608557945531e-09
3.899999999999490541e-01 2.235161531809928209e-09
3.949999999999489475e-01 2.247015007862492364e-09
3.999999999999488409e-01 2.259030448767673296e-09
4.049999999999487343e-01 2.271208271885599983e-09
4.099999999999486278e-01 2.283548899886047288e-09
4.149999999999485212e-01 2.296052760750657759e-09
4.199999999999484146e-01 2.308720287774354048e-09
4.249999999999483080e-01 2.321551919566265347e-09
4.299999999999482014e-01 2.334548100053027015e-09
4.349999999999480949e-01 2.347709278484306558e-09
4.399999999999479883e-01 2.361035909436602865e-09
4.449999999999478817e-01 2.374528452814173486e-09
4.499999999999477751e-01 2.388187373849331996e-09
4.549999999999476685e-01 2.402013143103513818e-09
4.599999999999475619e-01 2.416006236470047283e-09
4.649999999999474554e-01 2.430167135178251478e-09
4.699999999999473488e-01 2.444496325796634542e-09
4.749999999999472422e-01 2.458994300234712633e-09
4.799999999999471356e-01 2.473661555745697445e-09
4.849999999999470290e-01 2.488498594930284273e-09
4.899999999999469225e-01 2.503505925739079379e-09
4.949999999999468159e-01 2.518684061473193910e-09
4.999999999999467093e-01 2.534033520785563658e-09
5.049999999999466027e-01 2.549554827684638705e-09
5.099999999999464961e-01 2.565248511539544615e-09
5.149999999999463896e-01 2.581115107084034287e-09
5.199999999999462830e-01 2.597155154418095583e-09
5.249999999999461764e-01 2.613369199009169351e-09
5.299999999999460698e-01 2.629757791694253358e-09
5.349999999999459632e-01 2.646321488682726700e-09
5.399999999999458566e-01 2.663060851559343367e-09
5.449999999999457501e-01 2.679976447287226221e-09
5.499999999999456435e-01 2.697068848211205505e-09
5.549999999999455369e-01 2.714338632060713550e-09
5.599999999999454303e-01 2.731786381953828873e-09
5.649999999999453237e-01 2.749412686403618574e-09
5.699999999999452172e-01 2.767218139321011142e-09
5.749999999999451106e-01 2.785203340012972103e-09
5.799999999999450040e-01 2.803368893182454391e-09
5.849999999999448974e-01 2.821715408933123619e-09
5.899999999999447908e-01 2.840243502775769139e-09
5.949999999999446842e-01 2.858953795631944468e-09
5.999999999999445777e-01 2.877846913835591451e-09
6.049999999999444711e-01 2.896923489137300662e-09
6.099999999999443645e-01 2.916184158709820422e-09
6.149999999999442579e-01 2.935629565150789391e-09
6.199999999999441513e-01 2.955260356483122449e-09
6.249999999999440448e-01 2.975077186155820504e-09
6.299999999999439382e-01 2.995080713047599336e-09
6.349999999999438316e-01 3.015271601472143018e-09
6.399999999999437250e-01 3.035650521182096306e-09
6.449999999999436184e-01 3.056218147371845619e-09
6.499999999999435119e-01 3.076975160682036684e-09
6.549999999999434053e-01 3.097922247203910206e-09
6.599999999999432987e-01 3.119060098481157648e-09
6.649999999999431921e-01 3.140389411512377541e-09
6.699999999999430855e-01 3.161910888755459544e-09
6.749999999999429789e-01 3.183625238132528500e-09
6.799999999999428724e-01 3.205533173033243234e-09
6.849999999999427658e-01 3.227635412318142086e-09
6.899999999999426592e-01 3.249932680323085282e-09
6.949999999999425526e-01 3.272425706862499550e-09
6.999999999999424460e-01 3.295115227230728495e-09
7.049999999999423395e-01 3.318001982203512422e-09
7.099999999999422329e-01 3.341086718044317100e-09
7.149999999999421263e-01 3.364370186513018735e-09
7.199999999999420197e-01 3.387853144869882308e-09
7.249999999999419131e-01 3.411536355873957247e-09
7.299999999999418065e-01 3.435420587783045586e-09
7.349999999999417000e-01 3.459506614360172173e-09
7.399999999999415934e-01 3.483795214878301249e-09
7.449999999999414868e-01 3.508287174122999973e-09
7.499999999999413802e-01 3.532983282399706033e-09
7.549999999999412736e-01 3.557884335540886473e-09
7.599999999999411671e-01 3.582991134905981039e-09
7.649999999999410605e-01 3.608304487381097360e-09
7.699999999999409539e-01 3.633825205381504068e-09
7.749999999999408473e-01 3.659554106864634909e-09
7.799999999999407407e-01 3.685492015340810241e-09
7.849999999999406342e-01 3.711639759864527649e-09
7.899999999999405276e-01 3.737998175032542064e-09
7.949999999999404210e-01 3.764568100993754700e-09
7.999999999999403144e-01 3.791350383458454735e-09
8.049999999999402078e-01 3.818345873700759490e-09
8.099999999999401012e-01 3.845555428555818147e-09
8.149999999999399947e-01 3.872979910433718311e-09
8.199999999999398881e-01 3.900620187327468298e-09
8.249999999999397815e-01 3.928477132800733361e-09
8.299999999999396749e-01 3.956551625993707013e-09
8.349999999999395683e-01 3.984844551633698942e-09
8.399999999999394618e-01 4.013356800045830457e-09
8.449999999999393552e-01 4.042089267158076148e-09
8.499999999999392486e-01 4.071042854491696723e-09
8.549999999999391420e-01 4.100218469171874065e-09
8.599999999999390354e-01 4.129617023942698917e-09
8.649999999999389289e-01 4.159239437170200016e-09
8.699999999999388223e-01 4.189086632825989913e-09
8.749999999999387157e-01 4.219159540489882989e-09
8.799999999999386091e-01 4.249459095374732387e-09
8.849999999999385025e-01 4.279986238327274563e-09
8.899999999999383959e-01 4.310741915822160345e-09
8.949999999999382894e-01 4.341727079975447086e-09
8.999999999999381828e-01 4.372942688548736210e-09
9.049999999999380762e-01 4.404389704958948842e-09
9.099999999999379696e-01 4.436069098270463451e-09
9.149999999999378630e-01 4.467981843200069009e-09
9.199999999999377565e-01 4.500128920133359709e-09
9.249999999999376499e-01 4.532511315117615427e-09
9.299999999999375433e-01 4.565130019869994938e-09
9.349999999999374367e-01 4.597986031795867898e-09
9.399999999999373301e-01 4.631080353979108708e-09
9.449999999999372235e-01 4.664413995181478605e-09
9.499999999999371170e-01 4.697987969844500882e-09
9.549999999999370104e-01 4.731803298113354831e-09
9.599999999999369038e-01 4.765861005842222635e-09
9.649999999999367972e-01 4.800162124578229655e-09
9.699999999999366906e-01 4.834707691571040557e-09
9.749999999999365841e-01 4.869498749788828029e-09
9.799999999999364775e-01 4.904536347918367911e-09
9.849999999999363709e-01 4.939821540380643954e-09
9.899999999999362643e-01 4.975355387308063130e-09
9.949999999999361577e-01 5.011138954573118270e-09
9.999999999999360512e-01 5.047173313782498537e-09
1.004999999999935945e+00 1.020625097807361379e-04
1.009999999999935838e+00 2.054455678808953390e-04
1.014999999999935731e+00 3.100679383505990159e-04
1.019999999999935625e+00 4.158449965359104980e-04
1.024999999999935518e+00 5.226937727960879370e-04
1.029999999999935412e+00 6.305329481659802462e-04
1.034999999999935305e+00 7.392828491721097593e-04
1.039999999999935199e+00 8.488654418379974753e-04
1.044999999999935092e+00 9.592043249133908565e-04
1.049999999999934985e+00 1.070224722361131676e-03
1.054999999999934879e+00 1.181853475134513401e-03
1.059999999999934772e+00 1.294019032277118246e-03
1.064999999999934666e+00 1.406651441376246181e-03
1.069999999999934559e+00 1.519682338400223489e-03
1.074999999999934452e+00 1.633044936949053878e-03
1.079999999999934346e+00 1.746674016947045690e-03
1.084999999999934239e+00 1.860505912805292001e-03
1.089999999999934133e+00 1.974478501081066827e-03
1.094999999999934026e+00 2.088531187660453824e-03
1.099999999999933920e+00 2.202604894489785994e-03
1.104999999999933813e+00 2.316642045880627689e-03
1.109999999999933706e+00 2.430586554412817509e-03
1.114999999999933600e+00 2.544383806458257267e-03
1.119999999999933493e+00 2.657980647348843258e-03
1.124999999999933387e+00 2.771325366210286318e-03
1.129999999999933280e+00 2.884367680483251439e-03
1.134999999999933173e+00 2.997058720152564679e-03
1.139999999999933067e+00 3.109351011704602780e-03
1.144999999999932960e+00 3.221198461832317384e-03
1.149999999999932854e+00 3.332556340906826179e-03
1.154999999999932747e+00 3.443381266233820279e-03
1.159999999999932641e+00 3.553631185112495015e-03
1.164999999999932534e+00 3.663265357714168367e-03
1.169999999999932427e+00 3.772244339797135426e-03
1.174999999999932321e+00 3.880529965273824596e-03
1.179999999999932214e+00 3.988085328645743152e-03
1.184999999999932108e+00 4.094874767321217933e-03
1.189999999999932001e+00 4.200863843830395308e-03
1.194999999999931894e+00 4.306019327951515242e-03
1.199999999999931788e+00 4.410309178761930016e-03
1.204999999999931681e+00 4.513702526626916199e-03
1.209999999999931575e+00 4.616169655138769451e-03
1.214999999999931468e+00 4.717681983018536841e-03
1.219999999999931362e+00 4.818212045991735262e-03
1.224999999999931255e+00 4.917733478649543265e-03
1.229999999999931148e+00 5.016220996306199921e-03
1.234999999999931042e+00 5.113650376863033802e-03
1.239999999999930935e+00 5.209998442689171318e-03
1.244999999999930829e+00 5.305243042528529594e-03
1.249999999999930722e+00 5.399363033442353826e-03
1.254999999999930616e+00 5.492338262796181772e-03
1.259999999999930509e+00 5.584149550299760678e-03
1.264999999999930402e+00 5.674778670108084587e-03
1.269999999999930296e+00 5.764208332991354808e-03
1.274999999999930189e+00 5.852422168581426949e-03
1.279999999999930083e+00 5.939404707701813509e-03
1.284999999999929976e+00 6.025141364788204335e-03
1.289999999999929869e+00 6.109618420405958129e-03
1.294999999999929763e+00 6.192823003870870716e-03
1.299999999999929656e+00 6.274743075979151950e-03
1.304999999999929550e+00 6.355367411852269957e-03
1.309999999999929443e+00 6.434685583902114911e-03
1.314999999999929337e+00 6.512687944921527819e-03
1.319999999999929230e+00 6.589365611305112239e-03
1.324999999999929123e+00 6.664710446404942430e-03
1.329999999999929017e+00 6.738715044025518630e-03
1.334999999999928910e+00 6.811372712062093750e-03
1.339999999999928804e+00 6.882677456286294577e-03
1.344999999999928697e+00 6.952623964282668260e-03
1.349999999999928590e+00 7.021207589539635655e-03
1.354999999999928484e+00 7.088424335698076395e-03
1.359999999999928377e+00 7.154270840960582321e-03
1.364999999999928271e+00 7.218744362664186037e-03
1.369999999999928164e+00 7.281842762019269909e-03
1.374999999999928058e+00 7.343564489017008652e-03
1.379999999999927951e+00 7.403908567507697797e-03
1.384999999999927844e+00 7.462874580452016730e-03
1.389999999999927738e+00 7.520462655347145801e-03
1.394999999999927631e+00 7.576673449829521637e-03
1.399999999999927525e+00 7.631508137455782388e-03
1.404999999999927418e+00 7.684968393663399108e-03
1.409999999999927311e+00 7.737056381912148575e-03
1.414999999999927205e+00 7.787774740007836170e-03
1.419999999999927098e+00 7.837126566608976566e-03
1.424999999999926992e+00 7.885115407917482611e-03
1.429999999999926885e+00 7.931745244554042409e-03
1.434999999999926779e+00 7.977020478618816052e-03
1.439999999999926672e+00 8.020945920937919485e-03
1.444999999999926565e+00 8.063526778496078046e-03
1.449999999999926459e+00 8.104768642055738478e-03
1.454999999999926352e+00 8.144677473962729647e-03
1.459999999999926246e+00 8.183259596138577757e-03
1.464999999999926139e+00 8.220521678259378948e-03
1.469999999999926033e+00 8.256470726121106080e-03
1.474999999999925926e+00 8.291114070191061766e-03
1.479999999999925819e+00 8.324459354345212225e-03
1.484999999999925713e+00 8.356514524790893683e-03
1.489999999999925606e+00 8.387287819174421219e-03
1.494999999999925500e+00 8.416787755873086571e-03
1.499999999999925393e+00 8.445023123470710505e-03
1.504999999999925286e+00 8.472002970416201567e-03
1.509999999999925180e+00 8.497736594864226112e-03
1.514999999999925073e+00 8.522233534697082336e-03
1.519999999999924967e+00 8.545503557726910962e-03
1.524999999999924860e+00 8.567556652077186127e-03
1.529999999999924754e+00 8.588403016742542778e-03
1.534999999999924647e+00 8.608053052325658622e-03
1.539999999999924540e+00 8.626517351950161935e-03
1.544999999999924434e+00 8.643806692348290216e-03
1.549999999999924327e+00 8.659932025122078422e-03
1.554999999999924221e+00 8.674904468176690767e-03
1.559999999999924114e+00 8.688735297324627974e-03
1.564999999999924007e+00 8.701435938059394470e-03
1.569999999999923901e+00 8.713017957497144056e-03
1.574999999999923794e+00 8.723493056484911065e-03
1.579999999999923688e+00 8.732873061873879655e-03
1.584999999999923581e+00 8.741169918956161189e-03
1.589999999999923475e+00 8.748395684063523664e-03
1.594999999999923368e+00 8.754562517326496332e-03
1.599999999999923261e+00 8.759682675592194573e-03
1.604999999999923155e+00 8.763768505499241329e-03
1.609999999999923048e+00 8.766832436708116294e-03
1.614999999999922942e+00 8.768886975285253640e-03
1.619999999999922835e+00 8.769944697239176121e-03
1.624999999999922728e+00 8.770018242206920403e-03
1.629999999999922622e+00 8.769120307289031066e-03
1.634999999999922515e+00 8.767263641031378119e-03
1.639999999999922409e+00 8.764461037551992198e-03
1.644999999999922302e+00 8.760725330811170580e-03
1.649999999999922196e+00 8.756069389023042951e-03
1.654999999999922089e+00 8.750506109206777211e-03
1.659999999999921982e+00 8.744048411875678453e-03
1.664999999999921876e+00 8.736709235862279849e-03
1.669999999999921769e+00 8.728501533277643887e-03
1.674999999999921663e+00 8.719438264603085464e-03
1.679999999999921556e+00 8.709532393912389550e-03
1.684999999999921450e+00 8.698796884222792167e-03
1.689999999999921343e+00 8.687244692972811294e-03
1.694999999999921236e+00 8.674888767625121844e-03
1.699999999999921130e+00 8.661742041392677532e-03
1.704999999999921023e+00 8.647817429086169724e-03
1.709999999999920917e+00 8.633127823081046884e-03
1.714999999999920810e+00 8.617686089402250629e-03
1.719999999999920703e+00 8.601505063924859071e-03
1.724999999999920597e+00 8.584597548688767399e-03
1.729999999999920490e+00 8.566976308325664063e-03
1.734999999999920384e+00 8.548654066596463735e-03
1.739999999999920277e+00 8.529643503037340896e-03
1.744999999999920171e+00 8.509957249712693517e-03
1.749999999999920064e+00 8.489607888073119960e-03
1.754999999999919957e+00 8.468607945916736823e-03
1.759999999999919851e+00 8.446969894452011074e-03
1.764999999999919744e+00 8.424706145460337040e-03
1.769999999999919638e+00 8.401829048556727630e-03
1.774999999999919531e+00 8.378350888546689038e-03
1.779999999999919424e+00 8.354283882877745412e-03
1.784999999999919318e+00 8.329640179183797274e-03
1.789999999999919211e+00 8.304431852920632698e-03
1.794999999999919105e+00 8.278670905090891249e-03
1.799999999999918998e+00 8.252369260056889935e-03
1.804999999999918892e+00 8.225538763439510515e-03
1.809999999999918785e+00 8.198191180101614683e-03
1.814999999999918678e+00 8.170338192214321796e-03
1.819999999999918572e+00 8.141991397404509806e-03
1.824999999999918465e+00 8.113162306981988592e-03
1.829999999999918359e+00 8.083862344244661241e-03
1.834999999999918252e+00 8.054102842860221337e-03
1.839999999999918145e+00 8.023895045322764277e-03
1.844999999999918039e+00 7.993250101482723621e-03
1.849999999999917932e+00 7.962179067148732539e-03
1.854999999999917826e+00 7.930692902759772789e-03
1.859999999999917719e+00 7.898802472126225174e-03
1.864999999999917613e+00 7.866518541238244622e-03
1.869999999999917506e+00 7.833851777140077299e-03
1.874999999999917399e+00 7.800812746868853939e-03
1.879999999999917293e+00 7.767411916456411734e-03
1.884999999999917186e+00 7.733659649992765707e-03
1.889999999999917080e+00 7.699566208749812277e-03
1.894999999999916973e+00 7.665141750363912813e-03
1.899999999999916866e+00 7.630396328075977203e-03
1.904999999999916760e+00 7.595339890027741174e-03
1.909999999999916653e+00 7.559982278612847884e-03
1.914999999999916547e+00 7.524333229881510765e-03
1.919999999999916440e+00 7.488402372997412376e-03
1.924999999999916334e+00 7.452199229745595441e-03
1.929999999999916227e+00 7.415733214090059790e-03
1.934999999999916120e+00 7.379013631779876049e-03
1.939999999999916014e+00 7.342049680002563604e-03
1.944999999999915907e+00 7.304850447083534142e-03
1.949999999999915801e+00 7.267424912230429843e-03
1.954999999999915694e+00 7.229781945321187876e-03
1.959999999999915588e+00 7.191930306734668939e-03
1.964999999999915481e+00 7.153878647222721397e-03
1.969999999999915374e+00 7.115635507822593367e-03
1.974999999999915268e+00 7.077209319808543467e-03
1.979999999999915161e+00 7.038608404681625033e-03
1.984999999999915055e+00 6.999840974196533568e-03
1.989999999999914948e+00 6.960915130424500004e-03
1.994999999999914841e+00 6.921838865851202838e-03
