-2.000000000000000000e+00 2.069783093840647741e-09
-1.995000000000000107e+00 2.122179902107319720e-09
-1.990000000000000213e+00 2.175903141895623993e-09
-1.985000000000000320e+00 2.230986391979268891e-09
-1.980000000000000426e+00 2.287464081182667950e-09
-1.975000000000000533e+00 2.345371509900079936e-09
-1.970000000000000639e+00 2.404744872159497359e-09
-1.965000000000000746e+00 2.465621278245101512e-09
-1.960000000000000853e+00 2.528038777892389535e-09
-1.955000000000000959e+00 2.592036384070504177e-09
-1.950000000000001066e+00 2.657654097366605052e-09
-1.945000000000001172e+00 2.724932930987540371e-09
-1.940000000000001279e+00 2.793914936394435107e-09
-1.935000000000001386e+00 2.864643229586221780e-09
-1.930000000000001492e+00 2.937162018048547057e-09
-1.925000000000001599e+00 3.011516628384888536e-09
-1.920000000000001705e+00 3.087753534647153229e-09
-1.915000000000001812e+00 3.165920387383476393e-09
-1.910000000000001918e+00 3.246066043421364886e-09
-1.905000000000002025e+00 3.328240596404805735e-09
-1.900000000000002132e+00 3.412495408104425854e-09
-1.895000000000002238e+00 3.498883140520258707e-09
-1.890000000000002345e+00 3.587457788797223777e-09
-1.885000000000002451e+00 3.678274714973841623e-09
-1.880000000000002558e+00 3.771390682585320198e-09
-1.875000000000002665e+00 3.866863892142596913e-09
-1.870000000000002771e+00 3.964754017509560287e-09
-1.865000000000002878e+00 4.065122243201156473e-09
-1.860000000000002984e+00 4.168031302625709213e-09
-1.855000000000003091e+00 4.273545517295332283e-09
-1.850000000000003197e+00 4.381730837028973563e-09
-1.845000000000003304e+00 4.492654881173194828e-09
-1.840000000000003411e+00 4.606386980866472976e-09
-1.835000000000003517e+00 4.722998222373410573e-09
-1.830000000000003624e+00 4.842561491515963253e-09
-1.825000000000003730e+00 4.965151519229467312e-09
-1.820000000000003837e+00 5.090844928271879503e-09
-1.815000000000003944e+00 5.219720281115521970e-09
-1.810000000000004050e+00 5.351858129051172870e-09
-1.805000000000004157e+00 5.487341062535240710e-09
-1.800000000000004263e+00 5.626253762811504064e-09
-1.795000000000004370e+00 5.768683054839622128e-09
-1.790000000000004476e+00 5.914717961563570329e-09
-1.785000000000004583e+00 6.064449759553899683e-09
-1.780000000000004690e+00 6.217972036058539154e-09
-1.775000000000004796e+00 6.375380747497873559e-09
-1.770000000000004903e+00 6.536774279440645166e-09
-1.765000000000005009e+00 6.702253508098118845e-09
-1.760000000000005116e+00 6.871921863375015185e-09
-1.755000000000005222e+00 7.045885393516553951e-09
-1.750000000000005329e+00 7.224252831392066120e-09
-1.745000000000005436e+00 7.407135662456579001e-09
-1.740000000000005542e+00 7.594648194432846047e-09
-1.735000000000005649e+00 7.786907628757404668e-09
-1.730000000000005755e+00 7.984034133835288441e-09
-1.725000000000005862e+00 8.186150920149173202e-09
-1.720000000000005969e+00 8.393384317269972314e-09
-1.715000000000006075e+00 8.605863852816902244e-09
-1.710000000000006182e+00 8.823722333416474766e-09
-1.705000000000006288e+00 9.047095927710958166e-09
-1.700000000000006395e+00 9.276124251468229588e-09
-1.695000000000006501e+00 9.510950454846133426e-09
-1.690000000000006608e+00 9.751721311865997609e-09
-1.685000000000006715e+00 9.998587312151240052e-09
-1.680000000000006821e+00 1.025170275498820527e-08
-1.675000000000006928e+00 1.051122584576828029e-08
-1.670000000000007034e+00 1.077731879487137948e-08
-1.665000000000007141e+00 1.105014791905275762e-08
-1.660000000000007248e+00 1.132988374539637895e-08
-1.655000000000007354e+00 1.161670111789987883e-08
-1.650000000000007461e+00 1.191077930675776356e-08
-1.645000000000007567e+00 1.221230212041113238e-08
-1.640000000000007674e+00 1.252145802043391100e-08
-1.635000000000007780e+00 1.283844023932750176e-08
-1.630000000000007887e+00 1.316344690129735040e-08
-1.625000000000007994e+00 1.349668114608706029e-08
-1.620000000000008100e+00 1.383835125594731929e-08
-1.615000000000008207e+00 1.418867078581909167e-08
-1.610000000000008313e+00 1.454785869681241345e-08
-1.605000000000008420e+00 1.491613949306421877e-08
-1.600000000000008527e+00 1.529374336206074125e-08
-1.595000000000008633e+00 1.568090631851212824e-08
-1.590000000000008740e+00 1.607787035186936628e-08
-1.585000000000008846e+00 1.648488357757560442e-08
-1.580000000000008953e+00 1.690220039214631293e-08
-1.575000000000009059e+00 1.733008163217541326e-08
-1.570000000000009166e+00 1.776879473736663768e-08
-1.565000000000009273e+00 1.821861391769204357e-08
-1.560000000000009379e+00 1.867982032478221846e-08
-1.555000000000009486e+00 1.915270222765509356e-08
-1.550000000000009592e+00 1.963755519289361596e-08
-1.545000000000009699e+00 2.013468226938434248e-08
-1.540000000000009805e+00 2.064439417773294578e-08
-1.535000000000009912e+00 2.116700950447467151e-08
-1.530000000000010019e+00 2.170285490120130539e-08
-1.525000000000010125e+00 2.225226528872904860e-08
-1.520000000000010232e+00 2.281558406643493516e-08
-1.515000000000010338e+00 2.339316332689261171e-08
-1.510000000000010445e+00 2.398536407594165170e-08
-1.505000000000010552e+00 2.459255645832799053e-08
-1.500000000000010658e+00 2.521511998905644649e-08
-1.495000000000010765e+00 2.585344379059984588e-08
-1.490000000000010871e+00 2.650792683611332384e-08
-1.485000000000010978e+00 2.717897819880559856e-08
-1.480000000000011084e+00 2.786701730762292384e-08
-1.475000000000011191e+00 2.857247420940588230e-08
-1.470000000000011298e+00 2.929578983768265509e-08
-1.465000000000011404e+00 3.003741628826682509e-08
-1.460000000000011511e+00 3.079781710183202820e-08
-1.455000000000011617e+00 3.157746755363986413e-08
-1.450000000000011724e+00 3.237685495060249711e-08
-1.445000000000011831e+00 3.319647893586528451e-08
-1.440000000000011937e+00 3.403685180110004902e-08
-1.435000000000012044e+00 3.489849880670404019e-08
-1.430000000000012150e+00 3.578195851010470343e-08
-1.425000000000012257e+00 3.668778310237575474e-08
-1.420000000000012363e+00 3.761653875337444657e-08
-1.415000000000012470e+00 3.856880596561620347e-08
-1.410000000000012577e+00 3.954517993710761726e-08
-1.405000000000012683e+00 4.054627093336452181e-08
-1.400000000000012790e+00 4.157270466884792940e-08
-1.395000000000012896e+00 4.262512269805569933e-08
-1.390000000000013003e+00 4.370418281651514152e-08
-1.385000000000013110e+00 4.481055947192675419e-08
-1.380000000000013216e+00 4.594494418571577953e-08
-1.375000000000013323e+00 4.710804598525569299e-08
-1.370000000000013429e+00 4.830059184703336632e-08
-1.365000000000013536e+00 4.952332715103308940e-08
-1.360000000000013642e+00 5.077701614662325321e-08
-1.355000000000013749e+00 5.206244243023715914e-08
-1.350000000000013856e+00 5.338040943514624283e-08
-1.345000000000013962e+00 5.473174093363202729e-08
-1.340000000000014069e+00 5.611728155187062437e-08
-1.335000000000014175e+00 5.753789729785161754e-08
-1.330000000000014282e+00 5.899447610266121865e-08
-1.325000000000014388e+00 6.048792837546811506e-08
-1.320000000000014495e+00 6.201918757255874765e-08
-1.315000000000014602e+00 6.358921078077811808e-08
-1.310000000000014708e+00 6.519897931573983296e-08
-1.305000000000014815e+00 6.684949933518070673e-08
-1.300000000000014921e+00 6.854180246784194830e-08
-1.295000000000015028e+00 7.027694645827054373e-08
-1.290000000000015135e+00 7.205601582794414159e-08
-1.285000000000015241e+00 7.388012255313252868e-08
-1.280000000000015348e+00 7.575040675991864312e-08
-1.275000000000015454e+00 7.766803743681459272e-08
-1.270000000000015561e+00 7.963421316541768828e-08
-1.265000000000015667e+00 8.165016286956269877e-08
-1.260000000000015774e+00 8.371714658343945195e-08
-1.255000000000015881e+00 8.583645623915517495e-08
-1.250000000000015987e+00 8.800941647423407125e-08
-1.245000000000016094e+00 9.023738545955887327e-08
-1.240000000000016200e+00 9.252175574827200015e-08
-1.235000000000016307e+00 9.486395514616643119e-08
-1.230000000000016414e+00 9.726544760411092371e-08
-1.225000000000016520e+00 9.972773413306692317e-08
-1.220000000000016627e+00 1.022523537422691774e-07
-1.215000000000016733e+00 1.048408844011569032e-07
-1.210000000000016840e+00 1.074949440256556149e-07
-1.205000000000016946e+00 1.102161914894276447e-07
-1.200000000000017053e+00 1.130063276607220762e-07
-1.195000000000017160e+00 1.158670964654724957e-07
-1.190000000000017266e+00 1.188002859773076534e-07
-1.185000000000017373e+00 1.218077295351559960e-07
-1.180000000000017479e+00 1.248913068891417887e-07
-1.175000000000017586e+00 1.280529453754902358e-07
-1.170000000000017693e+00 1.312946211211754353e-07
-1.165000000000017799e+00 1.346183602790636903e-07
-1.160000000000017906e+00 1.380262402943257562e-07
-1.155000000000018012e+00 1.415203912029071146e-07
-1.150000000000018119e+00 1.451029969628698489e-07
-1.145000000000018225e+00 1.487762968194376164e-07
-1.140000000000018332e+00 1.525425867045967589e-07
-1.135000000000018439e+00 1.564042206721288289e-07
-1.130000000000018545e+00 1.603636123689701603e-07
-1.125000000000018652e+00 1.644232365438205616e-07
-1.120000000000018758e+00 1.685856305939412822e-07
-1.115000000000018865e+00 1.728533961511110483e-07
-1.110000000000018971e+00 1.772292007077305863e-07
-1.105000000000019078e+00 1.817157792840923654e-07
-1.100000000000019185e+00 1.863159361378573038e-07
-1.095000000000019291e+00 1.910325465168066789e-07
-1.090000000000019398e+00 1.958685584559657267e-07
-1.085000000000019504e+00 2.008269946202222008e-07
-1.080000000000019611e+00 2.059109541935896599e-07
-1.075000000000019718e+00 2.111236148162982586e-07
-1.070000000000019824e+00 2.164682345709236901e-07
-1.065000000000019931e+00 2.219481540187947605e-07
-1.060000000000020037e+00 2.275667982879529506e-07
-1.055000000000020144e+00 2.333276792139687912e-07
-1.050000000000020250e+00 2.392343975349535782e-07
-1.045000000000020357e+00 2.452906451421381689e-07
-1.040000000000020464e+00 2.515002073874242991e-07
-1.035000000000020570e+00 2.578669654493538580e-07
-1.030000000000020677e+00 2.643948987589709353e-07
-1.025000000000020783e+00 2.710880874870966955e-07
-1.020000000000020890e+00 2.779507150945678639e-07
-1.015000000000020997e+00 2.849870709470361703e-07
-1.010000000000021103e+00 2.922015529959625692e-07
-1.005000000000021210e+00 2.995986705274789705e-07
-1.000000000000021316e+00 3.071830469808393375e-07
-9.950000000000214229e-01 4.829209063117104441e-07
-9.900000000000215294e-01 7.489026468807708045e-07
-9.850000000000216360e-01 1.146516635116331129e-06
-9.800000000000217426e-01 1.733886241752223696e-06
-9.750000000000218492e-01 2.591676037054957087e-06
-9.700000000000219558e-01 3.830525417492141582e-06
-9.650000000000220624e-01 5.600417126774982910e-06
-9.600000000000221689e-01 8.102288810086184098e-06
-9.550000000000222755e-01 1.160216861403899266e-05
-9.500000000000223821e-01 1.644804912818173962e-05
-9.450000000000224887e-01 2.308959395682482678e-05
-9.400000000000225953e-01 3.210058285449823455e-05
-9.350000000000227018e-01 4.420372923330066073e-05
-9.300000000000228084e-01 6.029713370994885658e-05
-9.250000000000229150e-01 8.148115829787064897e-05
-9.200000000000230216e-01 1.090839131318350097e-04
-9.150000000000231282e-01 1.446828461659648327e-04
-9.100000000000232347e-01 1.901191347311668295e-04
-9.050000000000233413e-01 2.475007328505467391e-04
-9.000000000000234479e-01 3.191890888506166931e-04
-8.950000000000235545e-01 4.077637992990322947e-04
-8.900000000000236611e-01 5.159589216108936751e-04
-8.850000000000237677e-01 6.465644720449280737e-04
-8.800000000000238742e-01 8.022869584129350973e-04
-8.750000000000239808e-01 9.855638284731336931e-04
-8.700000000000240874e-01 1.198328656214615873e-03
-8.650000000000241940e-01 1.441726933039118785e-03
-8.600000000000243006e-01 1.715786644704855000e-03
-8.550000000000244071e-01 2.019053507596414807e-03
-8.500000000000245137e-01 2.348207831904809088e-03
-8.450000000000246203e-01 2.697688375727467537e-03
-8.400000000000247269e-01 3.059357998787274203e-03
-8.350000000000248335e-01 3.422255978178883294e-03
-8.300000000000249401e-01 3.772491865522323729e-03
-8.250000000000250466e-01 4.093344884970177497e-03
-8.200000000000251532e-01 4.365640030911561130e-03
-8.150000000000252598e-01 4.568475989889800998e-03
-8.100000000000253664e-01 4.680379442351292885e-03
-8.050000000000254730e-01 4.680953838255026006e-03
-8.000000000000255795e-01 4.553077129747977979e-03
-7.950000000000256861e-01 4.285681172211786884e-03
-7.900000000000257927e-01 3.877114964628329986e-03
-7.850000000000258993e-01 3.339054553250852837e-03
-7.800000000000260059e-01 2.700874954737349752e-03
-7.750000000000261124e-01 2.014345402290713179e-03
-7.700000000000262190e-01 1.358451046090262786e-03
-7.650000000000263256e-01 8.440853530696498580e-04
-7.600000000000264322e-01 6.183021243529031276e-04
-7.550000000000265388e-01 8.677692533208827223e-04
-7.500000000000266454e-01 1.821033482743560951e-03
-7.450000000000267519e-01 3.749191944112372724e-03
-7.400000000000268585e-01 6.964577242818495786e-03
-7.350000000000269651e-01 1.181710245699756079e-02
-7.300000000000270717e-01 1.868798338935010253e-02
-7.250000000000271783e-01 2.798065857179555041e-02
-7.200000000000272848e-01 4.010886135453701345e-02
-7.150000000000273914e-01 5.548195877218760341e-02
-7.100000000000274980e-01 7.448785190291529190e-02
-7.050000000000276046e-01 9.747392265066529005e-02
-7.000000000000277112e-01 1.247267005769257392e-01
-6.950000000000278177e-01 1.564510972584072235e-01
-6.900000000000279243e-01 1.927502005470114466e-01
-6.850000000000280309e-01 2.336067232091675883e-01
-6.800000000000281375e-01 2.788672472695072346e-01
-6.750000000000282441e-01 3.282303870864362594e-01
-6.700000000000283507e-01 3.812399044986496399e-01
-6.650000000000284572e-01 4.372836466014928813e-01
-6.600000000000285638e-01 4.955989442955573976e-01
-6.550000000000286704e-01 5.552848165458675878e-01
-6.500000000000287770e-01 6.153209853492104253e-01
-6.450000000000288836e-01 6.745933383388020843e-01
-6.400000000000289901e-01 7.319251018516931273e-01
-6.350000000000290967e-01 7.861126312728914378e-01
-6.300000000000292033e-01 8.359644119975251364e-01
-6.250000000000293099e-01 8.803416163281103657e-01
-6.200000000000294165e-01 9.181983985830066697e-01
-6.150000000000295231e-01 9.486200471344603535e-01
-6.100000000000296296e-01 9.708571561572351127e-01
-6.050000000000297362e-01 9.843541324593720887e-01
-6.000000000000298428e-01 9.887706072518008815e-01
-5.950000000000299494e-01 9.839946652069486710e-01
-5.900000000000300560e-01 9.701472133983354285e-01
-5.850000000000301625e-01 9.475772654781831061e-01
-5.800000000000302691e-01 9.168483833728692245e-01
-5.750000000000303757e-01 8.787169704415802585e-01
-5.700000000000304823e-01 8.341035181669667065e-01
-5.650000000000305889e-01 7.840582479572888452e-01
-5.600000000000306954e-01 7.297228404931057621e-01
-5.550000000000308020e-01 6.722900936202513833e-01
-5.500000000000309086e-01 6.129633897219670668e-01
-5.450000000000310152e-01 5.529177859844942589e-01
-5.400000000000311218e-01 4.932643743973019190e-01
-5.350000000000312284e-01 4.350193074182264197e-01
-5.300000000000313349e-01 3.790785696804088167e-01
-5.250000000000314415e-01 3.261992189262702402e-01
-5.200000000000315481e-01 2.769874449948351858e-01
-5.150000000000316547e-01 2.318934282474467978e-01
-5.100000000000317613e-01 1.912126402823355609e-01
-5.050000000000318678e-01 1.550929386187182291e-01
-5.000000000000319744e-01 1.235465770926172935e-01
-4.950000000000320810e-01 9.646609364762713523e-02
-4.900000000000321876e-01 7.364295027915697400e-02
-4.850000000000322942e-01 5.478778421463811887e-02
-4.800000000000324007e-01 3.955117858183802154e-02
-4.750000000000325073e-01 2.754396482026490178e-02
-4.700000000000326139e-01 1.835621539547437064e-02
-4.650000000000327205e-01 1.157426009949827361e-02
-4.600000000000328271e-01 6.795248266403001482e-03
-4.550000000000329337e-01 3.638969314526418510e-03
-4.500000000000330402e-01 1.756823509102316098e-03
-4.450000000000331468e-01 8.379943400154547025e-04
-4.400000000000332534e-01 6.130066628826907199e-04
-4.350000000000333600e-01 8.549567174298983987e-04
-4.300000000000334666e-01 1.378769892386202652e-03
-4.250000000000335731e-01 2.038880554842027217e-03
-4.200000000000336797e-01 2.725738213107234669e-03
-4.150000000000337863e-01 3.361529949453377283e-03
-4.100000000000338929e-01 3.895475535752221906e-03
-4.050000000000339995e-01 4.299004397532216713e-03
-4.000000000000341061e-01 4.561068012117004168e-03
-3.950000000000342126e-01 4.683782366061813723e-03
-3.900000000000343192e-01 4.678537000614451172e-03
-3.850000000000344258e-01 4.562653313180668746e-03
-3.800000000000345324e-01 4.356627587439348102e-03
-3.750000000000346390e-01 4.081955196835032607e-03
-3.700000000000347455e-01 3.759502220953551532e-03
-3.650000000000348521e-01 3.408369268336761734e-03
-3.600000000000349587e-01 3.045178985901926885e-03
-3.550000000000350653e-01 2.683712529305304871e-03
-3.500000000000351719e-01 2.334819906400380229e-03
-3.450000000000352784e-01 2.006533226998443928e-03
-3.400000000000353850e-01 1.704319157415827481e-03
-3.350000000000354916e-01 1.431416059596891466e-03
-3.300000000000355982e-01 1.189211335015642745e-03
-3.250000000000357048e-01 9.776245407349260907e-04
-3.200000000000358114e-01 7.954712612107192474e-04
-3.150000000000359179e-01 6.407910729537204687e-04
-3.100000000000360245e-01 5.111299825070615265e-04
-3.050000000000361311e-01 4.037733579081212833e-04
-3.000000000000362377e-01 3.159296365420070961e-04
-2.950000000000363443e-01 2.448680907733627584e-04
-2.900000000000364508e-01 1.880158342529989119e-04
-2.850000000000365574e-01 1.430202511340709730e-04
-2.800000000000366640e-01 1.077833282081066966e-04
-2.750000000000367706e-01 8.047415652246132196e-05
-2.700000000000368772e-01 5.952531367091067369e-05
-2.650000000000369837e-01 4.361808286875501820e-05
-2.600000000000370903e-01 3.166062299684276532e-05
-2.550000000000371969e-01 2.276235919867543547e-05
-2.500000000000373035e-01 1.620707445110854301e-05
-2.450000000000374101e-01 1.142648467921386629e-05
-2.400000000000375167e-01 7.975491430575783942e-06
-2.350000000000376232e-01 5.509831316461678538e-06
-2.300000000000377298e-01 3.766475305589870307e-06
-2.250000000000378364e-01 2.546862404252639980e-06
-2.200000000000379430e-01 1.702866927489607302e-06
-2.150000000000380496e-01 1.125281006215386263e-06
-2.100000000000381561e-01 7.345291489722807247e-07
-2.050000000000382627e-01 4.733059424287472110e-07
-2.000000000000383693e-01 3.008296175594233482e-07
-1.950000000000384759e-01 1.884236446665032528e-07
-1.900000000000385825e-01 1.161682729597128327e-07
-1.850000000000386891e-01 7.039843392347411240e-08
-1.800000000000387956e-01 4.185976544825292619e-08
-1.750000000000389022e-01 2.436812395247470853e-08
-1.700000000000390088e-01 1.384831101500954545e-08
-1.650000000000391154e-01 7.654112600377250351e-09
-1.600000000000392220e-01 4.093943501922705552e-09
-1.550000000000393285e-01 2.104566848374018650e-09
-1.500000000000394351e-01 1.029899822401469881e-09
-1.450000000000395417e-01 4.733004976040384375e-10
-1.400000000000396483e-01 2.004681944485268592e-10
-1.350000000000397549e-01 7.667370461250878493e-11
-1.300000000000398614e-01 2.690359725521938629e-11
-1.250000000000399680e-01 1.104392500948422078e-11
-1.200000000000400746e-01 8.760630044717505893e-12
-1.150000000000401812e-01 1.051302650096409525e-11
-1.100000000000402878e-01 1.236537755186097600e-11
-1.050000000000403944e-01 1.309480979497307267e-11
-1.000000000000405009e-01 1.265053985484715666e-11
-9.500000000004060752e-02 1.138309815433798916e-11
-9.000000000004071410e-02 9.694138775283023228e-12
-8.500000000004082068e-02 7.903057331714544638e-12
-8.000000000004092726e-02 6.217588783892135509e-12
-7.500000000004103384e-02 4.748268242238689643e-12
-7.000000000004114042e-02 3.535484528323735681e-12
-6.500000000004124701e-02 2.575456696326750330e-12
-6.000000000004135359e-02 1.840588973931597436e-12
-5.500000000004146017e-02 1.293602346219061024e-12
-5.000000000004156675e-02 8.962460771104331921e-13
-4.500000000004167333e-02 6.136146961163719129e-13
-4.000000000004177991e-02 4.160846906337688130e-13
-3.500000000004188649e-02 2.801941150989606827e-13
-3.000000000004199308e-02 1.882638226081294171e-13
-2.500000000004209966e-02 1.271571691367295463e-13
-2.000000000004220624e-02 8.735466855500531793e-14
-1.500000000004231282e-02 6.224431323425771868e-14
-1.000000000004241940e-02 4.721946848467320015e-14
-5.000000000042525983e-03 3.905523461425566886e-14
-4.263256414560601115e-14 3.599166098313340660e-14
4.999999999957260854e-03 3.770762797247025847e-14
9.999999999957154273e-03 4.492065524098038508e-14
1.499999999995704769e-02 5.930437504662928884e-14
1.999999999995694111e-02 8.367923907516439100e-14
2.499999999995683453e-02 1.225540372982955378e-13
2.999999999995672795e-02 1.827735875486340081e-13
3.499999999995662137e-02 2.739416264281171504e-13
3.999999999995651478e-02 4.091717190433321543e-13
4.499999999995640820e-02 6.063496720792506525e-13
4.999999999995630162e-02 8.890443755240569020e-13
5.499999999995619504e-02 1.286536008834707785e-12
5.999999999995608846e-02 1.833506408541277044e-12
6.499999999995598188e-02 2.568494043425141582e-12
6.999999999995587530e-02 3.528960609777200001e-12
7.499999999995576871e-02 4.742303351551575565e-12
7.999999999995566213e-02 6.212097006462609494e-12
8.499999999995555555e-02 7.897917523118335884e-12
8.999999999995544897e-02 9.689193894245851420e-12
9.499999999995534239e-02 1.137811367315639331e-11
9.999999999995523581e-02 1.264546089527395833e-11
1.049999999999551292e-01 1.308985515356345748e-11
1.099999999999550226e-01 1.236071086939390522e-11
1.149999999999549161e-01 1.050859979531205299e-11
1.199999999999548095e-01 8.756237163053796850e-12
1.249999999999547029e-01 1.103941392674875671e-11
1.299999999999545963e-01 2.689915316775989687e-11
1.349999999999544897e-01 7.666981590530510247e-11
1.399999999999543832e-01 2.004652127771207620e-10
1.449999999999542766e-01 4.732982607826330207e-10
1.499999999999541700e-01 1.029897775929915043e-09
1.549999999999540634e-01 2.104564675608358523e-09
1.599999999999539568e-01 4.093941483190699499e-09
1.649999999999538502e-01 7.654111058956129414e-09
1.699999999999537437e-01 1.384830996472072425e-08
1.749999999999536371e-01 2.436812331143091955e-08
1.799999999999535305e-01 4.185976521471794214e-08
1.849999999999534239e-01 7.039843421631390311e-08
1.899999999999533173e-01 1.161682737604572029e-07
1.949999999999532108e-01 1.884236459975600223e-07
1.999999999999531042e-01 3.008296193133376262e-07
2.049999999999529976e-01 4.733059439064941257e-07
2.099999999999528910e-01 7.345291496939767244e-07
2.149999999999527844e-01 1.125281006282369416e-06
2.199999999999526779e-01 1.702866927292516500e-06
2.249999999999525713e-01 2.546862404247617921e-06
2.299999999999524647e-01 3.766475305929693149e-06
2.349999999999523581e-01 5.509831316897875942e-06
2.399999999999522515e-01 7.975491430813256405e-06
2.449999999999521449e-01 1.142648467921416953e-05
2.499999999999520384e-01 1.620707445091541273e-05
2.549999999999519318e-01 2.276235919803882923e-05
2.599999999999518252e-01 3.166062299515892480e-05
2.649999999999517186e-01 4.361808286574939971e-05
2.699999999999516120e-01 5.952531366715385218e-05
2.749999999999515055e-01 8.047415651867749703e-05
2.799999999999513989e-01 1.077833282042916737e-04
2.849999999999512923e-01 1.430202511298834319e-04
2.899999999999511857e-01 1.880158342484723407e-04
2.949999999999510791e-01 2.448680907689381836e-04
2.999999999999509726e-01 3.159296365377521989e-04
3.049999999999508660e-01 4.037733579036799033e-04
3.099999999999507594e-01 5.111299825022608961e-04
3.149999999999506528e-01 6.407910729486258027e-04
3.199999999999505462e-01 7.954712612053490856e-04
3.249999999999504396e-01 9.776245407294478339e-04
3.299999999999503331e-01 1.189211335010342081e-03
3.349999999999502265e-01 1.431416059591836265e-03
3.399999999999501199e-01 1.704319157410776183e-03
3.449999999999500133e-01 2.006533226993217206e-03
3.499999999999499067e-01 2.334819906394627886e-03
3.549999999999498002e-01 2.683712529299035147e-03
3.599999999999496936e-01 3.045178985895480219e-03
3.649999999999495870e-01 3.408369268330729666e-03
3.699999999999494804e-01 3.759502220948441904e-03
3.749999999999493738e-01 4.081955196830997640e-03
3.799999999999492672e-01 4.356627587436502289e-03
3.849999999999491607e-01 4.562653313179169078e-03
3.899999999999490541e-01 4.678537000614838015e-03
3.949999999999489475e-01 4.683782366064499943e-03
3.999999999999488409e-01 4.561068012122321096e-03
4.049999999999487343e-01 4.299004397540251085e-03
4.099999999999486278e-01 3.895475535762904767e-03
4.149999999999485212e-01 3.361529949466363857e-03
4.199999999999484146e-01 2.725738213122131173e-03
4.249999999999483080e-01 2.038880554858175757e-03
4.299999999999482014e-01 1.378769892401686794e-03
4.349999999999480949e-01 8.549567174420457999e-04
4.399999999999479883e-01 6.130066628885167887e-04
4.449999999999478817e-01 8.379943400112318435e-04
4.499999999999477751e-01 1.756823509083674977e-03
4.549999999999476685e-01 3.638969314488448015e-03
4.599999999999475619e-01 6.795248266340198420e-03
4.649999999999474554e-01 1.157426009940483620e-02
4.699999999999473488e-01 1.835621539534363494e-02
4.749999999999472422e-01 2.754396482008972941e-02
4.799999999999471356e-01 3.955117858161120298e-02
4.849999999999470290e-01 5.478778421435263890e-02
4.899999999999469225e-01 7.364295027880640720e-02
4.949999999999468159e-01 9.646609364720520885e-02
4.999999999999467093e-01 1.235465770921191503e-01
5.049999999999466027e-01 1.550929386181401082e-01
5.099999999999464961e-01 1.912126402816765047e-01
5.149999999999463896e-01 2.318934282467090269e-01
5.199999999999462830e-01 2.769874449940222250e-01
5.249999999999461764e-01 3.261992189253872243e-01
5.299999999999460698e-01 3.790785696794651272e-01
5.349999999999459632e-01 4.350193074172353791e-01
5.399999999999458566e-01 4.932643743962782379e-01
5.449999999999457501e-01 5.529177859834534248e-01
5.499999999999456435e-01 6.129633897209253446e-01
5.549999999999455369e-01 6.722900936192277577e-01
5.599999999999454303e-01 7.297228404921218825e-01
5.649999999999453237e-01 7.840582479563666940e-01
5.699999999999452172e-01 8.341035181661252684e-01
5.749999999999451106e-01 8.787169704408387405e-01
5.799999999999450040e-01 9.168483833722449461e-01
5.849999999999448974e-01 9.475772654776899451e-01
5.899999999999447908e-01 9.701472133979832657e-01
5.949999999999446842e-01 9.839946652067463884e-01
5.999999999999445777e-01 9.887706072517546962e-01
6.049999999999444711e-01 9.843541324594827779e-01
6.099999999999443645e-01 9.708571561574976805e-01
6.149999999999442579e-01 9.486200471348679164e-01
6.199999999999441513e-01 9.181983985835489026e-01
6.249999999999440448e-01 8.803416163287741680e-01
6.299999999999439382e-01 8.359644119982924115e-01
6.349999999999438316e-01 7.861126312737433119e-01
6.399999999999437250e-01 7.319251018526103936e-01
6.449999999999436184e-01 6.745933383397639815e-01
6.499999999999435119e-01 6.153209853501970805e-01
6.549999999999434053e-01 5.552848165468613484e-01
6.599999999999432987e-01 4.955989442965402780e-01
6.649999999999431921e-01 4.372836466024492830e-01
6.699999999999430855e-01 3.812399044995636865e-01
6.749999999999429789e-01 3.282303870872945173e-01
6.799999999999428724e-01 2.788672472703008220e-01
6.849999999999427658e-01 2.336067232098908708e-01
6.899999999999426592e-01 1.927502005476603442e-01
6.949999999999425526e-01 1.564510972589798210e-01
6.999999999999424460e-01 1.247267005774222726e-01
7.049999999999423395e-01 9.747392265108825726e-02
7.099999999999422329e-01 7.448785190326878691e-02
7.149999999999421263e-01 5.548195877247698998e-02
7.199999999999420197e-01 4.010886135476839087e-02
7.249999999999419131e-01 2.798065857197579165e-02
7.299999999999418065e-01 1.868798338948605975e-02
7.349999999999417000e-01 1.181710245709602022e-02
7.399999999999415934e-01 6.964577242886044184e-03
7.449999999999414868e-01 3.749191944155180495e-03
7.499999999999413802e-01 1.821033482767266164e-03
7.549999999999412736e-01 8.677692533304167625e-04
7.599999999999411671e-01 6.183021243525044664e-04
7.649999999999410605e-01 8.440853530628375989e-04
7.699999999999409539e-01 1.358451046079862468e-03
7.749999999999408473e-01 2.014345402278913590e-03
7.799999999999407407e-01 2.700874954725754860e-03
7.849999999999406342e-01 3.339054553240567227e-03
7.899999999999405276e-01 3.877114964620041911e-03
7.949999999999404210e-01 4.285681172205842854e-03
7.999999999999403144e-01 4.553077129744454755e-03
8.049999999999402078e-01 4.680953838253805628e-03
8.099999999999401012e-01 4.680379442352117746e-03
8.149999999999399947e-01 4.568475989892354511e-03
8.199999999999398881e-01 4.365640030915486809e-03
8.249999999999397815e-01 4.093344884975117989e-03
8.299999999999396749e-01 3.772491865527929488e-03
8.349999999999395683e-01 3.422255978184848141e-03
8.399999999999394618e-01 3.059357998793339230e-03
8.449999999999393552e-01 2.697688375733428481e-03
8.499999999999392486e-01 2.348207831910502884e-03
8.549999999999391420e-01 2.019053507601723061e-03
8.599999999999390354e-01 1.715786644709700950e-03
8.649999999999389289e-01 1.441726933043462316e-03
8.699999999999388223e-01 1.198328656218447660e-03
8.749999999999387157e-01 9.855638284764641453e-04
8.799999999999386091e-01 8.022869584157879584e-04
8.849999999999385025e-01 6.465644720473383636e-04
8.899999999999383959e-01 5.159589216129047617e-04
8.949999999999382894e-01 4.077637993006881425e-04
8.999999999999381828e-01 3.191890888519640312e-04
9.049999999999380762e-01 2.475007328516306161e-04
9.099999999999379696e-01 1.901191347320296647e-04
9.149999999999378630e-01 1.446828461666444378e-04
9.199999999999377565e-01 1.090839131323643714e-04
9.249999999999376499e-01 8.148115829827882399e-05
9.299999999999375433e-01 6.029713371026044951e-05
9.349999999999374367e-01 4.420372923353616977e-05
9.399999999999373301e-01 3.210058285467438352e-05
9.449999999999372235e-01 2.308959395695526308e-05
9.499999999999371170e-01 1.644804912827737642e-05
9.549999999999370104e-01 1.160216861410841040e-05
9.599999999999369038e-01 8.102288810136079421e-06
9.649999999999367972e-01 5.600417126810465967e-06
9.699999999999366906e-01 3.830525417517120584e-06
9.749999999999365841e-01 2.591676037072349214e-06
9.799999999999364775e-01 1.733886241764192271e-06
9.849999999999363709e-01 1.146516635124481069e-06
9.899999999999362643e-01 7.489026468862538606e-07
9.949999999999361577e-01 4.829209063153556504e-07
9.999999999999360512e-01 3.071830469826613053e-07
1.004999999999935945e+00 2.995986705275908847e-07
1.009999999999935838e+00 2.922015529960716776e-07
1.014999999999935731e+00 2.849870709471426317e-07
1.019999999999935625e+00 2.779507150946715196e-07
1.024999999999935518e+00 2.710880874871979159e-07
1.029999999999935412e+00 2.643948987590697735e-07
1.034999999999935305e+00 2.578669654494501551e-07
1.039999999999935199e+00 2.515002073875182668e-07
1.044999999999935092e+00 2.452906451422298072e-07
1.049999999999934985e+00 2.392343975350428873e-07
1.054999999999934879e+00 2.333276792140558767e-07
1.059999999999934772e+00 2.275667982880378921e-07
1.064999999999934666e+00 2.219481540188776374e-07
1.069999999999934559e+00 2.164682345710045288e-07
1.074999999999934452e+00 2.111236148163771121e-07
1.079999999999934346e+00 2.059109541936665282e-07
1.084999999999934239e+00 2.008269946202971897e-07
1.089999999999934133e+00 1.958685584560388097e-07
1.094999999999934026e+00 1.910325465168779885e-07
1.099999999999933920e+00 1.863159361379268664e-07
1.104999999999933813e+00 1.817157792841601810e-07
1.109999999999933706e+00 1.772292007077967607e-07
1.114999999999933600e+00 1.728533961511755551e-07
1.119999999999933493e+00 1.685856305940042008e-07
1.124999999999933387e+00 1.644232365438819715e-07
1.129999999999933280e+00 1.603636123690299820e-07
1.134999999999933173e+00 1.564042206721871947e-07
1.139999999999933067e+00 1.525425867046536954e-07
1.144999999999932960e+00 1.487762968194931500e-07
1.149999999999932854e+00 1.451029969629240326e-07
1.154999999999932747e+00 1.415203912029598954e-07
1.159999999999932641e+00 1.380262402943773193e-07
1.164999999999932534e+00 1.346183602791139564e-07
1.169999999999932427e+00 1.312946211212244044e-07
1.174999999999932321e+00 1.280529453755380932e-07
1.179999999999932214e+00 1.248913068891884285e-07
1.184999999999932108e+00 1.218077295352014975e-07
1.189999999999932001e+00 1.188002859773520167e-07
1.194999999999931894e+00 1.158670964655158268e-07
1.199999999999931788e+00 1.130063276607643087e-07
1.204999999999931681e+00 1.102161914894688581e-07
1.209999999999931575e+00 1.074949440256958093e-07
1.214999999999931468e+00 1.048408844011961049e-07
1.219999999999931362e+00 1.022523537423074130e-07
1.224999999999931255e+00 9.972773413310416615e-08
1.229999999999931148e+00 9.726544760414727995e-08
1.234999999999931042e+00 9.486395514620188746e-08
1.239999999999930935e+00 9.252175574830658292e-08
1.244999999999930829e+00 9.023738545959259577e-08
1.249999999999930722e+00 8.800941647426694672e-08
1.254999999999930616e+00 8.583645623918725632e-08
1.259999999999930509e+00 8.371714658347076570e-08
1.264999999999930402e+00 8.165016286959323166e-08
1.269999999999930296e+00 7.963421316544745355e-08
1.274999999999930189e+00 7.766803743684365653e-08
1.279999999999930083e+00 7.575040675994695255e-08
1.284999999999929976e+00 7.388012255316016313e-08
1.289999999999929869e+00 7.205601582797108783e-08
1.294999999999929763e+00 7.027694645829682822e-08
1.299999999999929656e+00 6.854180246786757105e-08
1.304999999999929550e+00 6.684949933520568097e-08
1.309999999999929443e+00 6.519897931576421163e-08
1.314999999999929337e+00 6.358921078080190118e-08
1.319999999999929230e+00 6.201918757258194841e-08
1.324999999999929123e+00 6.048792837549072025e-08
1.329999999999929017e+00 5.899447610268326798e-08
1.334999999999928910e+00 5.753789729787311100e-08
1.339999999999928804e+00 5.611728155189158844e-08
1.344999999999928697e+00 5.473174093365246858e-08
1.349999999999928590e+00 5.338040943516618781e-08
1.354999999999928484e+00 5.206244243025661443e-08
1.359999999999928377e+00 5.077701614664223866e-08
1.364999999999928271e+00 4.952332715105159178e-08
1.369999999999928164e+00 4.830059184705141871e-08
1.374999999999928058e+00 4.710804598527327554e-08
1.379999999999927951e+00 4.594494418573294519e-08
1.384999999999927844e+00 4.481055947194348309e-08
1.389999999999927738e+00 4.370418281653146014e-08
1.394999999999927631e+00 4.262512269807162090e-08
1.399999999999927525e+00 4.157270466886344731e-08
1.404999999999927418e+00 4.054627093337966253e-08
1.409999999999927311e+00 3.954517993712237417e-08
1.414999999999927205e+00 3.856880596563060303e-08
1.419999999999927098e+00 3.761653875338848879e-08
1.424999999999926992e+00 3.668778310238945286e-08
1.429999999999926885e+00 3.578195851011806405e-08
1.434999999999926779e+00 3.489849880671706332e-08
1.439999999999926672e+00 3.403685180111274790e-08
1.444999999999926565e+00 3.319647893587767898e-08
1.449999999999926459e+00 3.237685495061458056e-08
1.454999999999926352e+00 3.157746755365164319e-08
1.459999999999926246e+00 3.079781710184351608e-08
1.464999999999926139e+00 3.003741628827803504e-08
1.469999999999926033e+00 2.929578983769358711e-08
1.474999999999925926e+00 2.857247420941654300e-08
1.479999999999925819e+00 2.786701730763331985e-08
1.484999999999925713e+00 2.717897819881573318e-08
1.489999999999925606e+00 2.650792683612320700e-08
1.494999999999925500e+00 2.585344379060948419e-08
1.499999999999925393e+00 2.521511998906584657e-08
1.504999999999925286e+00 2.459255645833716231e-08
1.509999999999925180e+00 2.398536407595059848e-08
1.514999999999925073e+00 2.339316332690133681e-08
1.519999999999924967e+00 2.281558406644344519e-08
1.524999999999924860e+00 2.225226528873735019e-08
1.529999999999924754e+00 2.170285490120939853e-08
1.534999999999924647e+00 2.116700950448256943e-08
1.539999999999924540e+00 2.064439417774065180e-08
1.544999999999924434e+00 2.013468226939185989e-08
1.549999999999924327e+00 1.963755519290094148e-08
1.554999999999924221e+00 1.915270222766225033e-08
1.559999999999924114e+00 1.867982032478918663e-08
1.564999999999924007e+00 1.821861391769884630e-08
1.569999999999923901e+00 1.776879473737327166e-08
1.574999999999923794e+00 1.733008163218188843e-08
1.579999999999923688e+00 1.690220039215262597e-08
1.584999999999923581e+00 1.648488357758176526e-08
1.589999999999923475e+00 1.607787035187537823e-08
1.594999999999923368e+00 1.568090631851798798e-08
1.599999999999923261e+00 1.529374336206645872e-08
1.604999999999923155e+00 1.491613949306979727e-08
1.609999999999923048e+00 1.454785869681785795e-08
1.614999999999922942e+00 1.418867078582439721e-08
1.619999999999922835e+00 1.383835125595249082e-08
1.624999999999922728e+00 1.349668114609210609e-08
1.629999999999922622e+00 1.316344690130227047e-08
1.634999999999922515e+00 1.283844023933229940e-08
1.639999999999922409e+00 1.252145802043859284e-08
1.644999999999922302e+00 1.221230212041569511e-08
1.649999999999922196e+00 1.191077930676221379e-08
1.654999999999922089e+00 1.161670111790422153e-08
1.659999999999921982e+00 1.132988374540061577e-08
1.664999999999921876e+00 1.105014791905688690e-08
1.669999999999921769e+00 1.077731879487540289e-08
1.674999999999921663e+00 1.051122584577220609e-08
1.679999999999921556e+00 1.025170275499203512e-08
1.684999999999921450e+00 9.998587312154975600e-09
1.689999999999921343e+00 9.751721311869640513e-09
1.694999999999921236e+00 9.510950454849682031e-09
1.699999999999921130e+00 9.276124251471692166e-09
1.704999999999921023e+00 9.047095927714336372e-09
1.709999999999920917e+00 8.823722333419770253e-09
1.714999999999920810e+00 8.605863852820118322e-09
1.719999999999920703e+00 8.393384317273108983e-09
1.724999999999920597e+00 8.186150920152233771e-09
1.729999999999920490e+00 7.984034133838271254e-09
1.734999999999920384e+00 7.786907628760316344e-09
1.739999999999920277e+00 7.594648194435688240e-09
1.744999999999920171e+00 7.407135662459350883e-09
1.749999999999920064e+00 7.224252831394769346e-09
1.754999999999919957e+00 7.045885393519191003e-09
1.759999999999919851e+00 6.871921863377587717e-09
1.764999999999919744e+00 6.702253508100630166e-09
1.769999999999919638e+00 6.536774279443094448e-09
1.774999999999919531e+00 6.375380747500264111e-09
1.779999999999919424e+00 6.217972036060871804e-09
1.784999999999919318e+00 6.064449759556175257e-09
1.789999999999919211e+00 5.914717961565788827e-09
1.794999999999919105e+00 5.768683054841786860e-09
1.799999999999918998e+00 5.626253762813616683e-09
1.804999999999918892e+00 5.487341062537301217e-09
1.809999999999918785e+00 5.351858129053182919e-09
1.814999999999918678e+00 5.219720281117484043e-09
1.819999999999918572e+00 5.090844928273791118e-09
1.824999999999918465e+00 4.965151519231330950e-09
1.829999999999918359e+00 4.842561491517781396e-09
1.834999999999918252e+00 4.722998222375183221e-09
1.839999999999918145e+00 4.606386980868202610e-09
1.844999999999918039e+00 4.492654881174882276e-09
1.849999999999917932e+00 4.381730837030618826e-09
1.854999999999917826e+00 4.273545517296936187e-09
1.859999999999917719e+00 4.168031302627274238e-09
1.864999999999917613e+00 4.065122243202682621e-09
1.869999999999917506e+00 3.964754017511047558e-09
1.874999999999917399e+00 3.866863892144049442e-09
1.879999999999917293e+00 3.771390682586735504e-09
1.884999999999917186e+00 3.678274714975223015e-09
1.889999999999917080e+00 3.587457788798570427e-09
1.894999999999916973e+00 3.498883140521573097e-09
1.899999999999916866e+00 3.412495408105706330e-09
1.904999999999916760e+00 3.328240596406055192e-09
1.909999999999916653e+00 3.246066043422583323e-09
1.914999999999916547e+00 3.165920387384665051e-09
1.919999999999916440e+00 3.087753534648311695e-09
1.924999999999916334e+00 3.011516628386018878e-09
1.929999999999916227e+00 2.937162018049650103e-09
1.934999999999916120e+00 2.864643229587297114e-09
1.939999999999916014e+00 2.793914936395483972e-09
1.944999999999915907e+00 2.724932930988563180e-09
1.949999999999915801e+00 2.657654097367603459e-09
1.954999999999915694e+00 2.592036384071477355e-09
1.959999999999915588e+00 2.528038777893338725e-09
1.964999999999915481e+00 2.465621278246027128e-09
1.969999999999915374e+00 2.404744872160401054e-09
1.974999999999915268e+00 2.345371509900960883e-09
1.979999999999915161e+00 2.287464081183526977e-09
1.984999999999915055e+00 2.230986391980106825e-09
1.989999999999914948e+00 2.175903141896441661e-09
1.994999999999914841e+00 2.122179902108117122e-09
