-2.000000000000000000e+00 -1.877597437049541403e-17
-1.995000000000000107e+00 5.482530737341204440e-18
-1.990000000000000213e+00 -1.408120431257735358e-18
-1.985000000000000320e+00 -2.018321813688900553e-18
-1.980000000000000426e+00 8.331048340077212352e-19
-1.975000000000000533e+00 1.621876154612475322e-18
-1.970000000000000639e+00 1.073203268755370774e-19
-1.965000000000000746e+00 -1.264534185518303465e-18
-1.960000000000000853e+00 -9.650679052224573368e-19
-1.955000000000000959e+00 4.149054637256187279e-19
-1.950000000000001066e+00 1.244385435501057457e-18
-1.945000000000001172e+00 6.209820112638108458e-19
-1.940000000000001279e+00 -7.543821773422809311e-19
-1.935000000000001386e+00 -1.273671497760942792e-18
-1.930000000000001492e+00 -1.402537639436070186e-19
-1.925000000000001599e+00 1.402581953723030067e-18
-1.920000000000001705e+00 9.672776492770724375e-19
-1.915000000000001812e+00 -1.624231457354409250e-18
-1.910000000000001918e+00 -1.497238172648275739e-18
-1.905000000000002025e+00 4.754891245960726383e-18
-1.900000000000002132e+00 -1.471566866861397119e-17
-1.895000000000002238e+00 3.824023048930954406e-18
-1.890000000000002345e+00 1.547972824525517405e-18
-1.885000000000002451e+00 -2.230453745553126021e-18
-1.880000000000002558e+00 -1.735503802210710699e-18
-1.875000000000002665e+00 8.663256042514271497e-19
-1.870000000000002771e+00 2.118195184405178455e-18
-1.865000000000002878e+00 9.305275919233287672e-19
-1.860000000000002984e+00 -1.211518303412040494e-18
-1.855000000000003091e+00 -2.101839688302107873e-18
-1.850000000000003197e+00 -8.411644544981877093e-19
-1.845000000000003304e+00 1.404690919213251672e-18
-1.840000000000003411e+00 2.377651679728093503e-18
-1.835000000000003517e+00 7.768674790744115441e-19
-1.830000000000003624e+00 -2.115612059408959591e-18
-1.825000000000003730e+00 -2.905405270433814050e-18
-1.820000000000003837e+00 5.810867392820987966e-19
-1.815000000000003944e+00 4.723021037818633493e-18
-1.810000000000004050e+00 1.874544422776164362e-19
-1.805000000000004157e+00 -1.087092785898572200e-17
-1.800000000000004263e+00 4.122789381671208432e-17
-1.795000000000004370e+00 -1.234325889349483032e-17
-1.790000000000004476e+00 2.831173229368349481e-18
-1.785000000000004583e+00 4.652466245647637528e-18
-1.780000000000004690e+00 -1.523835324144624777e-18
-1.775000000000004796e+00 -3.584627589488943301e-18
-1.770000000000004903e+00 -5.368882242785459291e-19
-1.765000000000005009e+00 2.554197223592853511e-18
-1.760000000000005116e+00 2.223496002527428085e-18
-1.755000000000005222e+00 -5.808275212761013893e-19
-1.750000000000005329e+00 -2.518362876229180723e-18
-1.745000000000005436e+00 -1.513452848644820608e-18
-1.740000000000005542e+00 1.258434976082560148e-18
-1.735000000000005649e+00 2.575474676485760550e-18
-1.730000000000005755e+00 5.906370697583776279e-19
-1.725000000000005862e+00 -2.524867555142944231e-18
-1.720000000000005969e+00 -2.068301949358197303e-18
-1.715000000000006075e+00 2.713056693937891623e-18
-1.710000000000006182e+00 2.799854866075144246e-18
-1.705000000000006288e+00 -8.372314717138590610e-18
-1.700000000000006395e+00 3.088951118934604104e-17
-1.695000000000006501e+00 -9.348981983108236632e-18
-1.690000000000006608e+00 -4.952366363359086786e-19
-1.685000000000006715e+00 4.825388528737229780e-18
-1.680000000000006821e+00 1.609352322228172940e-18
-1.675000000000006928e+00 -2.693968036358894075e-18
-1.670000000000007034e+00 -3.131551536253889534e-18
-1.665000000000007141e+00 -2.170489637830341898e-19
-1.660000000000007248e+00 2.638356028392339331e-18
-1.655000000000007354e+00 2.731896421216149640e-18
-1.650000000000007461e+00 1.267409856989999587e-19
-1.645000000000007567e+00 -2.681369443540429702e-18
-1.640000000000007674e+00 -2.917804548609714239e-18
-1.635000000000007780e+00 -4.394310416969383799e-21
-1.630000000000007887e+00 3.430207196685208945e-18
-1.625000000000007994e+00 3.284555497170927158e-18
-1.620000000000008100e+00 -1.715383664055427630e-18
-1.615000000000008207e+00 -5.891296893418448621e-18
-1.610000000000008313e+00 7.718067496899609907e-19
-1.605000000000008420e+00 1.146418778168639364e-17
-1.600000000000008527e+00 -5.577171481894551762e-17
-1.595000000000008633e+00 3.023491550764631182e-17
-1.590000000000008740e+00 -1.119140438620906904e-18
-1.585000000000008846e+00 -2.339768607430541311e-17
-1.580000000000008953e+00 -8.563221337165684959e-18
-1.575000000000009059e+00 1.589520260035549271e-17
-1.570000000000009166e+00 2.073789647296333379e-17
-1.565000000000009273e+00 2.482766689963239344e-18
-1.560000000000009379e+00 -1.940309744662382079e-17
-1.555000000000009486e+00 -2.261390404023291754e-17
-1.550000000000009592e+00 -1.761029939083189556e-18
-1.545000000000009699e+00 2.574052711480511558e-17
-1.540000000000009805e+00 3.188158090914253225e-17
-1.535000000000009912e+00 1.793200765066324851e-18
-1.530000000000010019e+00 -4.623355269122150077e-17
-1.525000000000010125e+00 -6.258518998596917265e-17
-1.520000000000010232e+00 -1.662651951372079235e-18
-1.515000000000010338e+00 1.171820742836955716e-16
-1.510000000000010445e+00 1.672290925255417615e-16
-1.505000000000010552e+00 -8.851114813327016299e-18
-1.500000000000010658e+00 -2.219195621948764607e-16
-1.495000000000010765e+00 -8.436688594825797906e-16
-1.490000000000010871e+00 4.536344043529224783e-16
-1.485000000000010978e+00 1.411715724494188868e-15
-1.480000000000011084e+00 3.852347068759381437e-16
-1.475000000000011191e+00 -1.194326185688773507e-15
-1.470000000000011298e+00 -1.465547586994100110e-15
-1.465000000000011404e+00 -2.284825348373140578e-16
-1.460000000000011511e+00 1.115993138802071765e-15
-1.455000000000011617e+00 1.123229539259301415e-15
-1.450000000000011724e+00 -1.259529937809971641e-16
-1.445000000000011831e+00 -7.266017362174057430e-16
-1.440000000000011937e+00 1.633337457091372512e-15
-1.435000000000012044e+00 7.175364055612127629e-15
-1.430000000000012150e+00 1.201617204849385962e-14
-1.425000000000012257e+00 8.584852099587061564e-15
-1.420000000000012363e+00 -1.013506233305819821e-14
-1.415000000000012470e+00 -4.303237317796902334e-14
-1.410000000000012577e+00 -7.407067907425920458e-14
-1.405000000000012683e+00 -7.610642927050114535e-14
-1.400000000000012790e+00 -4.340911883107675474e-14
-1.395000000000012896e+00 6.573463649330651577e-12
-1.390000000000013003e+00 4.640341258035579328e-12
-1.385000000000013110e+00 -1.121447993615503427e-11
-1.380000000000013216e+00 -8.259575530849025285e-12
-1.375000000000013323e+00 7.688629090327680173e-12
-1.370000000000013429e+00 1.568695017670006378e-11
-1.365000000000013536e+00 8.451184492747599584e-12
-1.360000000000013642e+00 -3.265388857889281365e-12
-1.355000000000013749e+00 -5.517811933748818115e-12
-1.350000000000013856e+00 2.311145480131427163e-12
-1.345000000000013962e+00 4.043078599658380641e-12
-1.340000000000014069e+00 -1.961265304211537477e-11
-1.335000000000014175e+00 -6.715572731332921697e-11
-1.330000000000014282e+00 -9.314702935513230876e-11
-1.325000000000014388e+00 1.354631449053724245e-11
-1.320000000000014495e+00 4.815882200107102517e-10
-1.315000000000014602e+00 1.831849785524734440e-09
-1.310000000000014708e+00 5.365524544254092961e-09
-1.305000000000014815e+00 1.429808283048980787e-08
-1.300000000000014921e+00 3.606461471547571574e-08
-1.295000000000015028e+00 9.678317666637604338e-08
-1.290000000000015135e+00 1.974233774127422391e-07
-1.285000000000015241e+00 4.416027828906340911e-07
-1.280000000000015348e+00 9.964767662169777677e-07
-1.275000000000015454e+00 2.089509715335942001e-06
-1.270000000000015561e+00 4.154870318011190923e-06
-1.265000000000015667e+00 7.979077867638846485e-06
-1.260000000000015774e+00 1.483227156318156038e-05
-1.255000000000015881e+00 2.661062307034912735e-05
-1.250000000000015987e+00 4.598687471857739958e-05
-1.245000000000016094e+00 7.649967217899192480e-05
-1.240000000000016200e+00 1.224381818519938540e-04
-1.235000000000016307e+00 1.883263500389748013e-04
-1.230000000000016414e+00 2.778109838305607183e-04
-1.225000000000016520e+00 3.918395230633233946e-04
-1.220000000000016627e+00 5.262068392276492710e-04
-1.215000000000016733e+00 6.688855514010833524e-04
-1.210000000000016840e+00 7.980611016835120622e-04
-1.205000000000016946e+00 8.825010937726759843e-04
-1.200000000000017053e+00 8.868280787902782167e-04
-1.195000000000017160e+00 7.847433754822322931e-04
-1.190000000000017266e+00 5.828499338405400279e-04
-1.185000000000017373e+00 3.527776987184353514e-04
-1.180000000000017479e+00 2.866358535125838880e-04
-1.175000000000017586e+00 7.441792628345857792e-04
-1.170000000000017693e+00 2.299432937394649441e-03
-1.165000000000017799e+00 5.773675845214889212e-03
-1.160000000000017906e+00 1.223259761018430022e-02
-1.155000000000018012e+00 2.292677262843199545e-02
-1.150000000000018119e+00 3.916360784518041482e-02
-1.145000000000018225e+00 6.211287481978955416e-02
-1.140000000000018332e+00 9.256409571476771625e-02
-1.135000000000018439e+00 1.306696784257524724e-01
-1.130000000000018545e+00 1.757200501740001919e-01
-1.125000000000018652e+00 2.260033834609211367e-01
-1.120000000000018758e+00 2.788001052857928541e-01
-1.115000000000018865e+00 3.305484919031460578e-01
-1.110000000000018971e+00 3.771895390955672944e-01
-1.105000000000019078e+00 4.146542239109748951e-01
-1.100000000000019185e+00 4.393915000109228086e-01
-1.095000000000019291e+00 4.488709628974706933e-01
-1.090000000000019398e+00 4.420078987112746050e-01
-1.085000000000019504e+00 4.193128276197123361e-01
-1.080000000000019611e+00 3.828332522963920903e-01
-1.075000000000019718e+00 3.359087929585601873e-01
-1.070000000000019824e+00 2.826802332231374559e-01
-1.065000000000019931e+00 2.275061628561588223e-01
-1.060000000000020037e+00 1.744080897334651936e-01
-1.055000000000020144e+00 1.266301505195554788e-01
-1.050000000000020250e+00 8.636466621039727565e-02
-1.045000000000020357e+00 5.466155327858551738e-02
-1.040000000000020464e+00 3.150980220937726201e-02
-1.035000000000020570e+00 1.605466122768032036e-02
-1.030000000000020677e+00 6.896602492893462964e-03
-1.025000000000020783e+00 2.409389484437567380e-03
-1.020000000000020890e+00 1.016396219746939968e-03
-1.015000000000020997e+00 1.378539842256649647e-03
-1.010000000000021103e+00 2.475566493391792491e-03
-1.005000000000021210e+00 3.606764743588081884e-03
-1.000000000000021316e+00 4.399259706814094215e-03
-9.950000000000214229e-01 4.533626519256296616e-03
-9.900000000000215294e-01 4.547517935825418946e-03
-9.850000000000216360e-01 4.454958372887795476e-03
-9.800000000000217426e-01 4.273818629109542647e-03
-9.750000000000218492e-01 4.023604845398738063e-03
-9.700000000000219558e-01 3.723769717883675286e-03
-9.650000000000220624e-01 3.392500120061182466e-03
-9.600000000000221689e-01 3.045920751729812651e-03
-9.550000000000222755e-01 2.697645736242295245e-03
-9.500000000000223821e-01 2.358608143892320253e-03
-9.450000000000224887e-01 2.037100008788748397e-03
-9.400000000000225953e-01 1.738961293994837178e-03
-9.350000000000227018e-01 1.467864282086094214e-03
-9.300000000000228084e-01 1.225648998637298261e-03
-9.250000000000229150e-01 1.012674662598707972e-03
-9.200000000000230216e-01 8.281611407565953997e-04
-9.150000000000231282e-01 6.705024958615615673e-04
-9.100000000000232347e-01 5.375416698465365238e-04
-9.050000000000233413e-01 4.268009985612234206e-04
-9.000000000000234479e-01 3.356676010822511893e-04
-8.950000000000235545e-01 2.615358070075950495e-04
-8.900000000000236611e-01 2.019108241858857955e-04
-8.850000000000237677e-01 1.544789881777619155e-04
-8.800000000000238742e-01 1.171503670750930067e-04
-8.750000000000239808e-01 8.807940951697495872e-05
-8.700000000000240874e-01 6.566888995211088832e-05
-8.650000000000241940e-01 4.856176707394256397e-05
-8.600000000000243006e-01 3.562484259760722953e-05
-8.550000000000244071e-01 2.592737152921226274e-05
-8.500000000000245137e-01 1.871708733649819230e-05
-8.450000000000246203e-01 1.339549794894478783e-05
-8.400000000000247269e-01 9.493794756469352484e-06
-8.350000000000248335e-01 6.650297039051528871e-06
-8.300000000000249401e-01 4.590020537496275286e-06
-8.250000000000250466e-01 3.106699047582027972e-06
-8.200000000000251532e-01 2.047388885075353636e-06
-8.150000000000252598e-01 1.299635759254682933e-06
-8.100000000000253664e-01 7.810721806448684295e-07
-8.050000000000254730e-01 4.312336495339048573e-07
-8.000000000000255795e-01 2.053283915780282662e-07
-7.950000000000256861e-01 6.966477197100226602e-08
-7.900000000000257927e-01 -1.569955520689122021e-09
-7.850000000000258993e-01 -2.847868927448826925e-08
-7.800000000000260059e-01 -2.684826044844019320e-08
-7.750000000000261124e-01 -9.011031642708298431e-09
-7.700000000000262190e-01 1.562446025766002015e-08
-7.650000000000263256e-01 4.021841703908605787e-08
-7.600000000000264322e-01 6.021067156428131231e-08
-7.550000000000265388e-01 7.303025814427374117e-08
-7.500000000000266454e-01 7.777228918998908574e-08
-7.450000000000267519e-01 7.483850711441466711e-08
-7.400000000000268585e-01 6.555664822356524375e-08
-7.350000000000269651e-01 5.180381087371460835e-08
-7.300000000000270717e-01 3.566145201815902583e-08
-7.250000000000271783e-01 1.912615526038755152e-08
-7.200000000000272848e-01 3.892938491286857385e-09
-7.150000000000273914e-01 -8.781372499605390815e-09
-7.100000000000274980e-01 -1.813646049386966253e-08
-7.050000000000276046e-01 -2.389819386489925965e-08
-7.000000000000277112e-01 -2.621496822715612108e-08
-6.950000000000278177e-01 -2.555896384960694693e-08
-6.900000000000279243e-01 -2.261088949082768134e-08
-6.850000000000280309e-01 -1.814488836023832347e-08
-6.800000000000281375e-01 -1.292680421557109038e-08
-6.750000000000282441e-01 -7.634671368578888989e-09
-6.700000000000283507e-01 -2.805803789008586500e-09
-6.650000000000284572e-01 1.189203946778660296e-09
-6.600000000000285638e-01 4.148478121286834156e-09
-6.550000000000286704e-01 6.021956701354145471e-09
-6.500000000000287770e-01 6.881734800198801957e-09
-6.450000000000288836e-01 6.885924571504436422e-09
-6.400000000000289901e-01 6.241609759947324398e-09
-6.350000000000290967e-01 5.171281515758133138e-09
-6.300000000000292033e-01 3.885700846987703300e-09
-6.250000000000293099e-01 2.564680826836045794e-09
-6.200000000000294165e-01 1.346000467324499125e-09
-6.150000000000295231e-01 3.216679361391020878e-10
-6.100000000000296296e-01 -4.599043233141437360e-10
-6.050000000000297362e-01 -9.875694823135965583e-10
-6.000000000000298428e-01 -1.278745895051142270e-09
-5.950000000000299494e-01 -1.369939969115895917e-09
-5.900000000000300560e-01 -1.307757073452626665e-09
-5.850000000000301625e-01 -1.141271378707535747e-09
-5.800000000000302691e-01 -9.162325582497124779e-10
-5.750000000000303757e-01 -6.712458682535362875e-10
-5.700000000000304823e-01 -4.357987759818395094e-10
-5.650000000000305889e-01 -2.298306520187391413e-10
-5.600000000000306954e-01 -6.445156853386143176e-11
-5.550000000000308020e-01 5.660222233251367535e-11
-5.500000000000309086e-01 1.351534311974292873e-10
-5.450000000000310152e-01 1.767166294048024144e-10
-5.400000000000311218e-01 1.888008076838196826e-10
-5.350000000000312284e-01 1.795177470866353972e-10
-5.300000000000313349e-01 1.565562756368896790e-10
-5.250000000000314415e-01 1.265221165946451754e-10
-5.200000000000315481e-01 9.460151199737508005e-11
-5.150000000000316547e-01 6.448337635546180790e-11
-5.100000000000317613e-01 3.846602951875106927e-11
-5.050000000000318678e-01 1.767738155282178412e-11
-5.000000000000319744e-01 2.347390588920761152e-12
-4.950000000000320810e-01 -7.914679732789790251e-12
-4.900000000000321876e-01 -1.387015990708952742e-11
-4.850000000000322942e-01 -1.644600206987484263e-11
-4.800000000000324007e-01 -1.658228060096756609e-11
-4.750000000000325073e-01 -1.513110113003860133e-11
-4.700000000000326139e-01 -1.280010155008646061e-11
-4.650000000000327205e-01 -1.013110036529797692e-11
-4.600000000000328271e-01 -7.503790925756686090e-12
-4.550000000000329337e-01 -5.155224920543808742e-12
-4.500000000000330402e-01 -3.207457846745056929e-12
-4.450000000000331468e-01 -1.697432577788291792e-12
-4.400000000000332534e-01 -6.048934040187710813e-13
-4.350000000000333600e-01 1.241828707970944499e-13
-4.300000000000334666e-01 5.594257016305480887e-13
-4.250000000000335731e-01 7.729565212391189211e-13
-4.200000000000336797e-01 8.309684844224717822e-13
-4.150000000000337863e-01 7.891761847817643440e-13
-4.100000000000338929e-01 6.911174026591223298e-13
-4.050000000000339995e-01 5.686035015403016029e-13
-4.000000000000341061e-01 4.432901981553061888e-13
-3.950000000000342126e-01 3.284491781571280798e-13
-3.900000000000343192e-01 2.308764650903069999e-13
-3.850000000000344258e-01 1.528759713625810460e-13
-3.800000000000345324e-01 9.387531427272543176e-14
-3.750000000000346390e-01 5.155060180393958162e-14
-3.700000000000347455e-01 2.279559813860803464e-14
-3.650000000000348521e-01 4.526649129750296792e-15
-3.600000000000349587e-01 -5.986500981507194856e-15
-3.550000000000350653e-01 -1.109376557283110703e-14
-3.500000000000351719e-01 -1.270674050305298023e-14
-3.450000000000352784e-01 -1.223625573219358132e-14
-3.400000000000353850e-01 -1.064346808283826131e-14
-3.350000000000354916e-01 -8.567517368611068885e-15
-3.300000000000355982e-01 -6.386316805849723684e-15
-3.250000000000357048e-01 -4.277599418874344433e-15
-3.200000000000358114e-01 -2.388027482160581880e-15
-3.150000000000359179e-01 -9.000387175229408263e-16
-3.100000000000360245e-01 1.249964412653165082e-16
-3.050000000000361311e-01 8.043161539894115189e-16
-3.000000000000362377e-01 1.229621881385476317e-15
-2.950000000000363443e-01 1.399067151625395232e-15
-2.900000000000364508e-01 1.410277213781280524e-15
-2.850000000000365574e-01 1.490568211152193877e-15
-2.800000000000366640e-01 1.744514463723494674e-15
-2.750000000000367706e-01 2.053977689403400591e-15
-2.700000000000368772e-01 2.288626972302760347e-15
-2.650000000000369837e-01 2.450229492877208506e-15
-2.600000000000370903e-01 2.581756062697782701e-15
-2.550000000000371969e-01 2.668881359332696095e-15
-2.500000000000373035e-01 2.684737862215223883e-15
-2.450000000000374101e-01 2.659146154210503008e-15
-2.400000000000375167e-01 2.644396890788241161e-15
-2.350000000000376232e-01 2.648621872401790853e-15
-2.300000000000377298e-01 2.636438360564922030e-15
-2.250000000000378364e-01 2.564737542292474350e-15
-2.200000000000379430e-01 2.440542476157715266e-15
-2.150000000000380496e-01 2.369319819551251390e-15
-2.100000000000381561e-01 2.483845994961376041e-15
-2.050000000000382627e-01 2.814622932149859979e-15
-2.000000000000383693e-01 3.267669956874776174e-15
-1.950000000000384759e-01 3.714058013276962723e-15
-1.900000000000385825e-01 4.092147589838796751e-15
-1.850000000000386891e-01 4.444047875946909671e-15
-1.800000000000387956e-01 4.830175911407737939e-15
-1.750000000000389022e-01 5.220044716724277430e-15
-1.700000000000390088e-01 5.550781551498183686e-15
-1.650000000000391154e-01 5.857991663445099989e-15
-1.600000000000392220e-01 6.244514910773434809e-15
-1.550000000000393285e-01 6.754354951158215530e-15
-1.500000000000394351e-01 7.330295680685154887e-15
-1.450000000000395417e-01 7.872327817746006142e-15
-1.400000000000396483e-01 8.333781968181408922e-15
-1.350000000000397549e-01 8.757606074977028218e-15
-1.300000000000398614e-01 9.192400049888841640e-15
-1.250000000000399680e-01 9.608803843365938887e-15
-1.200000000000400746e-01 9.962178527384459059e-15
-1.150000000000401812e-01 1.026419819429838332e-14
-1.100000000000402878e-01 1.051100632024390579e-14
-1.050000000000403944e-01 1.062476795205856848e-14
-1.000000000000405009e-01 1.053986716521157362e-14
-9.500000000004060752e-02 1.031666191412186325e-14
-9.000000000004071410e-02 1.012447230403877515e-14
-8.500000000004082068e-02 1.008616040323825007e-14
-8.000000000004092726e-02 1.017245279263195646e-14
-7.500000000004103384e-02 1.027303330916322034e-14
-7.000000000004114042e-02 1.031226703323264428e-14
-6.500000000004124701e-02 1.028006374266216669e-14
-6.000000000004135359e-02 1.020204815621170901e-14
-5.500000000004146017e-02 1.010829961412138552e-14
-5.000000000004156675e-02 1.002606042557760019e-14
-4.500000000004167333e-02 9.954318892685913419e-15
-4.000000000004177991e-02 9.836928292280577742e-15
-3.500000000004188649e-02 9.632440822051000328e-15
-3.000000000004199308e-02 9.387824913676038444e-15
-2.500000000004209966e-02 9.173213900485126487e-15
-2.000000000004220624e-02 9.003978080047414857e-15
-1.500000000004231282e-02 8.872882183105380465e-15
-1.000000000004241940e-02 8.783623234964116237e-15
-5.000000000042525983e-03 8.709846431164416253e-15
-4.263256414560601115e-14 8.586482161032740659e-15
4.999999999957260854e-03 8.388715333575946337e-15
9.999999999957154273e-03 8.164152227111931650e-15
1.499999999995704769e-02 7.957383640461079018e-15
1.999999999995694111e-02 7.768261876739787952e-15
2.499999999995683453e-02 7.593192538005108199e-15
2.999999999995672795e-02 7.427992698459598940e-15
3.499999999995662137e-02 7.225039075151938283e-15
3.999999999995651478e-02 6.913646566032014328e-15
4.499999999995640820e-02 6.463946228485126281e-15
4.999999999995630162e-02 5.912856386006735078e-15
5.499999999995619504e-02 5.354762537857196416e-15
5.999999999995608846e-02 4.892511052646529044e-15
6.499999999995598188e-02 4.558136980505958917e-15
6.999999999995587530e-02 4.293188870081883820e-15
7.499999999995576871e-02 4.023973531686250872e-15
7.999999999995566213e-02 3.743168585765658040e-15
8.499999999995555555e-02 3.503644880137594875e-15
8.999999999995544897e-02 3.343371278582198734e-15
9.499999999995534239e-02 3.245806394198482255e-15
9.999999999995523581e-02 3.186266312953021398e-15
1.049999999999551292e-01 3.179752467386706556e-15
1.099999999999550226e-01 3.240531329379966746e-15
1.149999999999549161e-01 3.335928784251995361e-15
1.199999999999548095e-01 3.434512812105218659e-15
1.249999999999547029e-01 3.564409010777084052e-15
1.299999999999545963e-01 3.780307666252272230e-15
1.349999999999544897e-01 4.085764568953595255e-15
1.399999999999543832e-01 4.417098933290068379e-15
1.449999999999542766e-01 4.708967478044570934e-15
1.499999999999541700e-01 4.944063122557576538e-15
1.549999999999540634e-01 5.122907262187210689e-15
1.599999999999539568e-01 5.250822950094652912e-15
1.649999999999538502e-01 5.374092468628707384e-15
1.699999999999537437e-01 5.539294838170514852e-15
1.749999999999536371e-01 5.724188953300312232e-15
1.799999999999535305e-01 5.889149152229754014e-15
1.849999999999534239e-01 6.046807147632318262e-15
1.899999999999533173e-01 6.217463583420072540e-15
1.949999999999532108e-01 6.386559100076498555e-15
1.999999999999531042e-01 6.547512979669630600e-15
2.049999999999529976e-01 6.707103350220510144e-15
2.099999999999528910e-01 6.838495738586812652e-15
2.149999999999527844e-01 6.913459044711967462e-15
2.199999999999526779e-01 6.974910332110271860e-15
2.249999999999525713e-01 7.111985237503144688e-15
2.299999999999524647e-01 7.374599245282627270e-15
2.349999999999523581e-01 7.750836690691535334e-15
2.399999999999522515e-01 8.186688601772818914e-15
2.449999999999521449e-01 8.610109467631905723e-15
2.499999999999520384e-01 9.001860046986132353e-15
2.549999999999519318e-01 9.413819535031179413e-15
2.599999999999518252e-01 9.855886964302014149e-15
2.649999999999517186e-01 1.025634875997762764e-14
2.699999999999516120e-01 1.059423435056104595e-14
2.749999999999515055e-01 1.093633533904722857e-14
2.799999999999513989e-01 1.130599402153906270e-14
2.849999999999512923e-01 1.166523648340527434e-14
2.899999999999511857e-01 1.198587545135085868e-14
2.949999999999510791e-01 1.220827002651216498e-14
2.999999999999509726e-01 1.221422036061505418e-14
3.049999999999508660e-01 1.189608341556495142e-14
3.099999999999507594e-01 1.121953738767791984e-14
3.149999999999506528e-01 1.025092183856337404e-14
3.199999999999505462e-01 9.086315267415746661e-15
3.249999999999504396e-01 7.685277290549662315e-15
3.299999999999503331e-01 5.865640395778759071e-15
3.349999999999502265e-01 3.553604121140922474e-15
3.399999999999501199e-01 1.003413521144196029e-15
3.449999999999500133e-01 -1.208054579842530289e-15
3.499999999999499067e-01 -2.255530745373961932e-15
3.549999999999498002e-01 -1.086436744913962642e-15
3.599999999999496936e-01 3.632677757093027945e-15
3.649999999999495870e-01 1.368734897173208811e-14
3.699999999999494804e-01 3.142634713204877085e-14
3.749999999999493738e-01 5.969837603793869649e-14
3.799999999999492672e-01 1.016280026242362350e-13
3.849999999999491607e-01 1.601763575241939804e-13
3.899999999999490541e-01 2.375521693957288440e-13
3.949999999999489475e-01 3.343842786471173525e-13
3.999999999999488409e-01 4.484174813466872170e-13
4.049999999999487343e-01 5.728085063686845708e-13
4.099999999999486278e-01 6.943421783505480739e-13
4.149999999999485212e-01 7.915935563573301132e-13
4.199999999999484146e-01 8.328821869338251952e-13
4.249999999999483080e-01 7.745766097154377113e-13
4.299999999999482014e-01 5.608281802712853968e-13
4.349999999999480949e-01 1.254120918436333492e-13
4.399999999999479883e-01 -6.037733684156539266e-13
4.449999999999478817e-01 -1.696412367935891701e-12
4.499999999999477751e-01 -3.206623975091128197e-12
4.549999999999476685e-01 -5.154603433760817114e-12
4.599999999999475619e-01 -7.503200567799386412e-12
4.649999999999474554e-01 -1.013026278292893217e-11
4.699999999999473488e-01 -1.279887335569186805e-11
4.749999999999472422e-01 -1.512954933643392808e-11
4.799999999999471356e-01 -1.658053483491774710e-11
4.849999999999470290e-01 -1.644411983979691003e-11
4.899999999999469225e-01 -1.386813802814174828e-11
4.949999999999468159e-01 -7.912476422982990134e-12
4.999999999999467093e-01 2.349879917722030011e-12
5.049999999999466027e-01 1.768038343363476857e-11
5.099999999999464961e-01 3.846984402097071306e-11
5.149999999999463896e-01 6.448806781099557398e-11
5.199999999999462830e-01 9.460676010668662830e-11
5.249999999999461764e-01 1.265275220308822251e-10
5.299999999999460698e-01 1.565616568041796145e-10
5.349999999999459632e-01 1.795231812404389008e-10
5.399999999999458566e-01 1.888065173891289901e-10
5.449999999999457501e-01 1.767227179083649739e-10
5.499999999999456435e-01 1.351597655505223940e-10
5.549999999999455369e-01 5.660862030201439213e-11
5.599999999999454303e-01 -6.444521325173895545e-11
5.649999999999453237e-01 -2.298244745730318496e-10
5.699999999999452172e-01 -4.357929379407603017e-10
5.749999999999451106e-01 -6.712403646682191206e-10
5.799999999999450040e-01 -9.162273228775888868e-10
5.849999999999448974e-01 -1.141266499103194820e-09
5.899999999999447908e-01 -1.307752806109189585e-09
5.949999999999446842e-01 -1.369936663436352424e-09
5.999999999999445777e-01 -1.278743705766959934e-09
6.049999999999444711e-01 -9.875681465974961158e-10
6.099999999999443645e-01 -4.599034750011709831e-10
6.149999999999442579e-01 3.216682991773669810e-10
6.199999999999441513e-01 1.346000037227997699e-09
6.249999999999440448e-01 2.564679303061889752e-09
6.299999999999439382e-01 3.885698164303872431e-09
6.349999999999438316e-01 5.171277811126820501e-09
6.399999999999437250e-01 6.241605101683829955e-09
6.449999999999436184e-01 6.885918894227802370e-09
6.499999999999435119e-01 6.881728010733017683e-09
6.549999999999434053e-01 6.021948764747288932e-09
6.599999999999432987e-01 4.148469222568663483e-09
6.649999999999431921e-01 1.189194483946221043e-09
6.699999999999430855e-01 -2.805813403156765753e-09
6.749999999999429789e-01 -7.634680787093710378e-09
6.799999999999428724e-01 -1.292681317383030884e-08
6.849999999999427658e-01 -1.814489663697255618e-08
6.899999999999426592e-01 -2.261089675910685400e-08
6.949999999999425526e-01 -2.555896963515874384e-08
6.999999999999424460e-01 -2.621497194585494532e-08
7.049999999999423395e-01 -2.389819507672467378e-08
7.099999999999422329e-01 -1.813645904781344003e-08
7.149999999999421263e-01 -8.781368329431485846e-09
7.199999999999420197e-01 3.892945524509334766e-09
7.249999999999419131e-01 1.912616551140759835e-08
7.299999999999418065e-01 3.566146604409166528e-08
7.349999999999417000e-01 5.180382909599081635e-08
7.399999999999415934e-01 6.555667076216938134e-08
7.449999999999414868e-01 7.483853350182538364e-08
7.499999999999413802e-01 7.777231853778610716e-08
7.549999999999412736e-01 7.303028990268286857e-08
7.599999999999411671e-01 6.021070569500953611e-08
7.649999999999410605e-01 4.021845381796918089e-08
7.699999999999409539e-01 1.562449995371419103e-08
7.749999999999408473e-01 -9.010988804335574694e-09
7.799999999999407407e-01 -2.684821444284559871e-08
7.849999999999406342e-01 -2.847864080180881016e-08
7.899999999999405276e-01 -1.569905849879696848e-09
7.949999999999404210e-01 6.966482121975365341e-08
7.999999999999403144e-01 2.053284393346559958e-07
8.049999999999402078e-01 4.312336955991802418e-07
8.099999999999401012e-01 7.810722252926711286e-07
8.149999999999399947e-01 1.299635802532431439e-06
8.199999999999398881e-01 2.047388926493230184e-06
8.249999999999397815e-01 3.106699085756290104e-06
8.299999999999396749e-01 4.590020570583159281e-06
8.349999999999395683e-01 6.650297065827119554e-06
8.399999999999394618e-01 9.493794776633940799e-06
8.449999999999393552e-01 1.339549796265240333e-05
8.499999999999392486e-01 1.871708734364190555e-05
8.549999999999391420e-01 2.592737153117662024e-05
8.599999999999390354e-01 3.562484259620871715e-05
8.649999999999389289e-01 4.856176706895690772e-05
8.699999999999388223e-01 6.566888994292822447e-05
8.749999999999387157e-01 8.807940950431585481e-05
8.799999999999386091e-01 1.171503670600910232e-04
8.849999999999385025e-01 1.544789881610578565e-04
8.899999999999383959e-01 2.019108241678953036e-04
8.949999999999382894e-01 2.615358069899701506e-04
8.999999999999381828e-01 3.356676010655947539e-04
9.049999999999380762e-01 4.268009985444192627e-04
9.099999999999379696e-01 5.375416698283516344e-04
9.149999999999378630e-01 6.705024958421188950e-04
9.199999999999377565e-01 8.281611407369428258e-04
9.249999999999376499e-01 1.012674662578399564e-03
9.299999999999375433e-01 1.225648998617246375e-03
9.349999999999374367e-01 1.467864282067712217e-03
9.399999999999373301e-01 1.738961293977098112e-03
9.449999999999372235e-01 2.037100008772589881e-03
9.499999999999371170e-01 2.358608143876918944e-03
9.549999999999370104e-01 2.697645736227031413e-03
9.599999999999369038e-01 3.045920751714668948e-03
9.649999999999367972e-01 3.392500120046279457e-03
9.699999999999366906e-01 3.723769717868821716e-03
9.749999999999365841e-01 4.023604845384645169e-03
9.799999999999364775e-01 4.273818629096474107e-03
9.849999999999363709e-01 4.454958372875670626e-03
9.899999999999362643e-01 4.547517935814568250e-03
9.949999999999361577e-01 4.533626519247758307e-03
9.999999999999360512e-01 4.399259706809557045e-03
1.004999999999935945e+00 3.606764743593237916e-03
1.009999999999935838e+00 2.475566493402215577e-03
1.014999999999935731e+00 1.378539842264384346e-03
1.019999999999935625e+00 1.016396219737218795e-03
1.024999999999935518e+00 2.409389484389402782e-03
1.029999999999935412e+00 6.896602492780801348e-03
1.034999999999935305e+00 1.605466122747467236e-02
1.039999999999935199e+00 3.150980220905168216e-02
1.044999999999935092e+00 5.466155327811964698e-02
1.049999999999934985e+00 8.636466620978244801e-02
1.054999999999934879e+00 1.266301505187992504e-01
1.059999999999934772e+00 1.744080897325937241e-01
1.064999999999934666e+00 2.275061628552179915e-01
1.069999999999934559e+00 2.826802332221898806e-01
1.074999999999934452e+00 3.359087929576790588e-01
1.079999999999934346e+00 3.828332522956527928e-01
1.084999999999934239e+00 4.193128276191814274e-01
1.089999999999934133e+00 4.420078987109999358e-01
1.094999999999934026e+00 4.488709628974741350e-01
1.099999999999933920e+00 4.393915000112044722e-01
1.104999999999933813e+00 4.146542239114942574e-01
1.109999999999933706e+00 3.771895390962747840e-01
1.114999999999933600e+00 3.305484919039776148e-01
1.119999999999933493e+00 2.788001052866801999e-01
1.124999999999933387e+00 2.260033834617995174e-01
1.129999999999933280e+00 1.757200501748156785e-01
1.134999999999933173e+00 1.306696784264665401e-01
1.139999999999933067e+00 9.256409571535892389e-02
1.144999999999932960e+00 6.211287482025255879e-02
1.149999999999932854e+00 3.916360784552323088e-02
1.154999999999932747e+00 2.292677262867134566e-02
1.159999999999932641e+00 1.223259761034136382e-02
1.164999999999932534e+00 5.773675845311028454e-03
1.169999999999932427e+00 2.299432937448673935e-03
1.174999999999932321e+00 7.441792628614116514e-04
1.179999999999932214e+00 2.866358535229276646e-04
1.184999999999932108e+00 3.527776987196499831e-04
1.189999999999932001e+00 5.828499338374294519e-04
1.194999999999931894e+00 7.847433754777206026e-04
1.199999999999931788e+00 8.868280787867735332e-04
1.204999999999931681e+00 8.825010937653172873e-04
1.209999999999931575e+00 7.980611016737049115e-04
1.214999999999931468e+00 6.688855513902548832e-04
1.219999999999931362e+00 5.262068392171165721e-04
1.224999999999931255e+00 3.918395230540171453e-04
1.229999999999931148e+00 2.778109838229203456e-04
1.234999999999931042e+00 1.883263500330366531e-04
1.239999999999930935e+00 1.224381818475748899e-04
1.244999999999930829e+00 7.649967217585428437e-05
1.249999999999930722e+00 4.598687471650895190e-05
1.254999999999930616e+00 2.661062306915680650e-05
1.259999999999930509e+00 1.483227156264524284e-05
1.264999999999930402e+00 7.979077867490251495e-06
1.269999999999930296e+00 4.154870317979953195e-06
1.274999999999930189e+00 2.089509715254809374e-06
1.279999999999930083e+00 9.964767661143480795e-07
1.284999999999929976e+00 4.416027829596057605e-07
1.289999999999929869e+00 1.974233777729237299e-07
1.294999999999929763e+00 9.678317698717722547e-08
1.299999999999929656e+00 3.606461411915313886e-08
1.304999999999929550e+00 1.429808269430859532e-08
1.309999999999929443e+00 5.365524798213266484e-09
1.314999999999929337e+00 1.831849945373877469e-09
1.319999999999929230e+00 4.815881635944729868e-10
1.324999999999929123e+00 1.354618211158140174e-11
1.329999999999929017e+00 -9.314708591763446712e-11
1.334999999999928910e+00 -6.715567554898317240e-11
1.339999999999928804e+00 -1.961256401987247549e-11
1.344999999999928697e+00 4.043117781506105673e-12
1.349999999999928590e+00 2.311106479988722457e-12
1.354999999999928484e+00 -5.517884620467470452e-12
1.359999999999928377e+00 -3.265423143298907909e-12
1.364999999999928271e+00 8.451222867784499936e-12
1.369999999999928164e+00 1.568702310567119239e-11
1.374999999999928058e+00 7.688655166426335674e-12
1.379999999999927951e+00 -8.259638732972557185e-12
1.384999999999927844e+00 -1.121456322037142290e-11
1.389999999999927738e+00 4.640382298058743396e-12
1.394999999999927631e+00 6.573618313879051293e-12
1.399999999999927525e+00 -4.370496415933014522e-14
1.404999999999927418e+00 -7.609090808327997761e-14
1.409999999999927311e+00 -7.403673299626118486e-14
1.414999999999927205e+00 -4.302581946070833318e-14
1.419999999999927098e+00 -1.014269290522701387e-14
1.424999999999926992e+00 8.577052488745151419e-15
1.429999999999926885e+00 1.201359735867723162e-14
1.434999999999926779e+00 7.177737940219886431e-15
1.439999999999926672e+00 1.637865951261263620e-15
1.444999999999926565e+00 -7.233999125873327168e-16
1.449999999999926459e+00 -1.265788084782139450e-16
1.454999999999926352e+00 1.118982989860941715e-15
1.459999999999926246e+00 1.111581719335528551e-15
1.464999999999926139e+00 -2.284176690441186018e-16
1.469999999999926033e+00 -1.459572427536255186e-15
1.474999999999925926e+00 -1.187789545047295764e-15
1.479999999999925819e+00 3.826817221220739213e-16
1.484999999999925713e+00 1.398003294004232945e-15
1.489999999999925606e+00 4.485575771589111169e-16
1.494999999999925500e+00 -8.133076520168376099e-16
1.499999999999925393e+00 -2.435670475056777483e-16
1.504999999999925286e+00 -2.869219711637319105e-17
1.509999999999925180e+00 1.794944152289590657e-16
1.514999999999925073e+00 1.283155579977729506e-16
1.519999999999924967e+00 -4.066068206131721597e-18
1.524999999999924860e+00 -7.061688752449084750e-17
1.529999999999924754e+00 -4.972903261487821262e-17
1.534999999999924647e+00 5.096823058973264546e-18
1.539999999999924540e+00 3.724800283024005539e-17
1.544999999999924434e+00 2.764446836586796682e-17
1.549999999999924327e+00 -4.641423125824713522e-18
1.554999999999924221e+00 -2.697320803294571243e-17
1.559999999999924114e+00 -2.083205256127657768e-17
1.564999999999924007e+00 5.304746013095033880e-18
1.569999999999923901e+00 2.472796589477362903e-17
1.574999999999923794e+00 1.652273321531494950e-17
1.579999999999923688e+00 -1.223041532251769184e-17
1.584999999999923581e+00 -2.668372165334348848e-17
1.589999999999923475e+00 8.657981011154126224e-19
1.594999999999923368e+00 3.401812521242489691e-17
1.599999999999923261e+00 -4.798549463550219218e-17
1.604999999999923155e+00 4.432962081559471075e-18
1.609999999999923048e+00 3.910069838787040057e-18
1.614999999999922942e+00 -2.762717364002341952e-18
1.619999999999922835e+00 -2.752118954815828973e-18
1.624999999999922728e+00 9.794027942327103221e-19
1.629999999999922622e+00 2.979496667707903781e-18
1.634999999999922515e+00 1.441569031002224922e-18
1.639999999999922409e+00 -1.560655537938338983e-18
1.644999999999922302e+00 -2.883136221507409639e-18
1.649999999999922196e+00 -1.229703836201027244e-18
1.654999999999922089e+00 1.818049107035362250e-18
1.659999999999921982e+00 3.183822457532190619e-18
1.664999999999921876e+00 1.101273042798108973e-18
1.669999999999921769e+00 -2.723364014528409632e-18
1.674999999999921663e+00 -3.795209933476558723e-18
1.679999999999921556e+00 7.126591990443521307e-19
1.684999999999921450e+00 5.989312282131336936e-18
1.689999999999921343e+00 -5.753862014554422001e-20
1.694999999999921236e+00 -1.381593470171735863e-17
1.699999999999921130e+00 5.778122419632058967e-17
1.704999999999921023e+00 -1.891850581001037603e-17
1.709999999999920917e+00 4.581243196080581371e-18
1.714999999999920810e+00 7.460857291542077579e-18
1.719999999999920703e+00 -2.105437076336801790e-18
1.724999999999920597e+00 -5.639759801061400068e-18
1.729999999999920490e+00 -1.215427906351634022e-18
1.734999999999920384e+00 3.694704375171797625e-18
1.739999999999920277e+00 3.611710220442096608e-18
1.744999999999920171e+00 -4.480037818442242849e-19
1.749999999999920064e+00 -3.632946480124997477e-18
1.754999999999919957e+00 -2.583649755433570537e-18
1.759999999999919851e+00 1.399379723968760621e-18
1.764999999999919744e+00 3.737624685036969251e-18
1.769999999999919638e+00 1.362170883135126281e-18
1.774999999999919531e+00 -3.205394091791076226e-18
1.779999999999919424e+00 -3.325629231579355435e-18
1.784999999999919318e+00 3.051594294242301017e-18
1.789999999999919211e+00 4.497334283335582230e-18
1.794999999999919105e+00 -9.950224494734201700e-18
1.799999999999918998e+00 3.388199408776231520e-17
1.804999999999918892e+00 -8.806155522451723565e-18
1.809999999999918785e+00 -2.519266267099654878e-20
1.814999999999918678e+00 4.065389143538681233e-18
1.819999999999918572e+00 7.607194942970899752e-19
1.824999999999918465e+00 -2.426310788168286960e-18
1.829999999999918359e+00 -2.061253132100806567e-18
1.834999999999918252e+00 4.099484402895521518e-19
1.839999999999918145e+00 2.085070405865911825e-18
1.844999999999918039e+00 1.523105191759539081e-18
1.849999999999917932e+00 -4.698442708488387246e-19
1.854999999999917826e+00 -1.916470924156254088e-18
1.859999999999917719e+00 -1.439406113111093010e-18
1.864999999999917613e+00 5.526091091878586462e-19
1.869999999999917506e+00 2.089147848567665622e-18
1.874999999999917399e+00 1.290827098653963364e-18
1.879999999999917293e+00 -1.478292877758746421e-18
1.884999999999917186e+00 -2.757160069878824832e-18
1.889999999999917080e+00 1.189920701786272855e-18
1.894999999999916973e+00 5.425725329402072525e-18
1.899999999999916866e+00 -2.053310226674782962e-17
1.904999999999916760e+00 6.468232546872365772e-18
1.909999999999916653e+00 -1.227859920990965920e-18
1.914999999999916547e+00 -2.496781671186121959e-18
1.919999999999916440e+00 5.534104924705310019e-19
1.924999999999916334e+00 1.829162968706178530e-18
1.929999999999916227e+00 4.880700707999474404e-19
1.934999999999916120e+00 -1.136043483120474649e-18
1.939999999999916014e+00 -1.207869494186774793e-18
1.944999999999915907e+00 5.309638703686933634e-20
1.949999999999915801e+00 1.128905274369783013e-18
1.954999999999915694e+00 8.871031089783267835e-19
1.959999999999915588e+00 -3.515326821567723255e-19
1.964999999999915481e+00 -1.168035985915910450e-18
1.969999999999915374e+00 -5.208336830034727873e-19
1.974999999999915268e+00 9.163095053687375978e-19
1.979999999999915161e+00 1.090779030271274455e-18
1.984999999999915055e+00 -8.043084242388518751e-19
1.989999999999914948e+00 -1.453103959485933124e-18
1.994999999999914841e+00 2.776749193002903189e-18
