-2.000000000000000000e+00 3.790073529317282775e-22
-1.995000000000000107e+00 3.885487306510434250e-22
-1.990000000000000213e+00 3.983303090337652855e-22
-1.985000000000000320e+00 4.083581350381277371e-22
-1.980000000000000426e+00 4.186384078520657163e-22
-1.975000000000000533e+00 4.291774827255329373e-22
-1.970000000000000639e+00 4.399818748992957695e-22
-1.965000000000000746e+00 4.510582636326344332e-22
-1.960000000000000853e+00 4.624134963324370714e-22
-1.955000000000000959e+00 4.740545927862438682e-22
-1.950000000000001066e+00 4.859887495018560315e-22
-1.945000000000001172e+00 4.982233441561915523e-22
-1.940000000000001279e+00 5.107659401561391515e-22
-1.935000000000001386e+00 5.236242913142308459e-22
-1.930000000000001492e+00 5.368063466420204330e-22
-1.925000000000001599e+00 5.503202552641344621e-22
-1.920000000000001705e+00 5.641743714560329853e-22
-1.915000000000001812e+00 5.783772598085910072e-22
-1.910000000000001918e+00 5.929377005226984496e-22
-1.905000000000002025e+00 6.078646948371481052e-22
-1.900000000000002132e+00 6.231674705931693538e-22
-1.895000000000002238e+00 6.388554879390429082e-22
-1.890000000000002345e+00 6.549384451783307826e-22
-1.885000000000002451e+00 6.714262847653331674e-22
-1.880000000000002558e+00 6.883291994514744520e-22
-1.875000000000002665e+00 7.056576385864225788e-22
-1.870000000000002771e+00 7.234223145778382568e-22
-1.865000000000002878e+00 7.416342095137446959e-22
-1.860000000000002984e+00 7.603045819516114054e-22
-1.855000000000003091e+00 7.794449738783505443e-22
-1.850000000000003197e+00 7.990672178455289811e-22
-1.845000000000003304e+00 8.191834442842037884e-22
-1.840000000000003411e+00 8.398060890039075806e-22
-1.835000000000003517e+00 8.609479008804173033e-22
-1.830000000000003624e+00 8.826219497370554717e-22
-1.825000000000003730e+00 9.048416344244058286e-22
-1.820000000000003837e+00 9.276206911034263881e-22
-1.815000000000003944e+00 9.509732017370885942e-22
-1.810000000000004050e+00 9.749136027957875567e-22
-1.805000000000004157e+00 9.994566941819127699e-22
-1.800000000000004263e+00 1.024617648379082698e-21
-1.795000000000004370e+00 1.050412019831710423e-21
-1.790000000000004476e+00 1.076855754560697712e-21
-1.785000000000004583e+00 1.103965200021199103e-21
-1.780000000000004690e+00 1.131757115208547707e-21
-1.775000000000004796e+00 1.160248681018593536e-21
-1.770000000000004903e+00 1.189457510868862207e-21
-1.765000000000005009e+00 1.219401661587091596e-21
-1.760000000000005116e+00 1.250099644573885495e-21
-1.755000000000005222e+00 1.281570437246380198e-21
-1.750000000000005329e+00 1.313833494770001993e-21
-1.745000000000005436e+00 1.346908762085562254e-21
-1.740000000000005542e+00 1.380816686239133352e-21
-1.735000000000005649e+00 1.415578229022321471e-21
-1.730000000000005755e+00 1.451214879930750635e-21
-1.725000000000005862e+00 1.487748669448775193e-21
-1.720000000000005969e+00 1.525202182668621193e-21
-1.715000000000006075e+00 1.563598573252391822e-21
-1.710000000000006182e+00 1.602961577745553173e-21
-1.705000000000006288e+00 1.643315530250757927e-21
-1.700000000000006395e+00 1.684685377471077643e-21
-1.695000000000006501e+00 1.727096694131931739e-21
-1.690000000000006608e+00 1.770575698791268333e-21
-1.685000000000006715e+00 1.815149270047758079e-21
-1.680000000000006821e+00 1.860844963157009984e-21
-1.675000000000006928e+00 1.907691027066102781e-21
-1.670000000000007034e+00 1.955716421876946428e-21
-1.665000000000007141e+00 2.004950836749282627e-21
-1.660000000000007248e+00 2.055424708254381914e-21
-1.655000000000007354e+00 2.107169239190777740e-21
-1.650000000000007461e+00 2.160216417873690168e-21
-1.645000000000007567e+00 2.214599037910045344e-21
-1.640000000000007674e+00 2.270350718471323036e-21
-1.635000000000007780e+00 2.327505925076759052e-21
-1.630000000000007887e+00 2.386099990899765651e-21
-1.625000000000007994e+00 2.446169138610715173e-21
-1.620000000000008100e+00 2.507750502769619538e-21
-1.615000000000008207e+00 2.570882152782526440e-21
-1.610000000000008313e+00 2.635603116435834455e-21
-1.605000000000008420e+00 2.701953404023071592e-21
-1.600000000000008527e+00 2.769974033079060612e-21
-1.595000000000008633e+00 2.839707053736736382e-21
-1.590000000000008740e+00 2.911195574722329997e-21
-1.585000000000008846e+00 2.984483790004968862e-21
-1.580000000000008953e+00 3.059617006117142866e-21
-1.575000000000009059e+00 3.136641670162977696e-21
-1.570000000000009166e+00 3.215605398531585834e-21
-1.565000000000009273e+00 3.296557006333269094e-21
-1.560000000000009379e+00 3.379546537576762954e-21
-1.555000000000009486e+00 3.464625296106177489e-21
-1.550000000000009592e+00 3.551845877316758434e-21
-1.545000000000009699e+00 3.641262200669078973e-21
-1.540000000000009805e+00 3.732929543021758543e-21
-1.535000000000009912e+00 3.826904572803320213e-21
-1.530000000000010019e+00 3.923245385044309441e-21
-1.525000000000010125e+00 4.022011537291320217e-21
-1.520000000000010232e+00 4.123264086425141513e-21
-1.515000000000010338e+00 4.227065626405792856e-21
-1.510000000000010445e+00 4.333480326967753569e-21
-1.505000000000010552e+00 4.442573973289352946e-21
-1.500000000000010658e+00 4.554414006660792722e-21
-1.495000000000010765e+00 4.669069566175964557e-21
-1.490000000000010871e+00 4.786611531473859480e-21
-1.485000000000010978e+00 4.907112566555971052e-21
-1.480000000000011084e+00 5.030647164706754607e-21
-1.475000000000011191e+00 5.157291694544954184e-21
-1.470000000000011298e+00 5.287124447234246747e-21
-1.465000000000011404e+00 5.420225684882398091e-21
-1.460000000000011511e+00 5.556677690158828983e-21
-1.455000000000011617e+00 5.696564817161277027e-21
-1.450000000000011724e+00 5.839973543563028153e-21
-1.445000000000011831e+00 5.986992524072897319e-21
-1.440000000000011937e+00 6.137712645241053565e-21
-1.435000000000012044e+00 6.292227081644546681e-21
-1.430000000000012150e+00 6.450631353487292494e-21
-1.425000000000012257e+00 6.613023385650087047e-21
-1.420000000000012363e+00 6.779503568227182906e-21
-1.415000000000012470e+00 6.950174818586853089e-21
-1.410000000000012577e+00 7.125142644994291172e-21
-1.405000000000012683e+00 7.304515211836169661e-21
-1.400000000000012790e+00 7.488403406487248490e-21
-1.395000000000012896e+00 7.676920907860219213e-21
-1.390000000000013003e+00 7.870184256681350933e-21
-1.385000000000013110e+00 8.068312927535277434e-21
-1.380000000000013216e+00 8.271429402723402444e-21
-1.375000000000013323e+00 8.479659247981737595e-21
-1.370000000000013429e+00 8.693131190104845289e-21
-1.365000000000013536e+00 8.911977196523950460e-21
-1.360000000000013642e+00 9.136332556888386598e-21
-1.355000000000013749e+00 9.366335966700803822e-21
-1.350000000000013856e+00 9.602129613057860742e-21
-1.345000000000013962e+00 9.843859262549393277e-21
-1.340000000000014069e+00 1.009167435137038520e-20
-1.335000000000014175e+00 1.034572807770149155e-20
-1.330000000000014282e+00 1.060617749641516460e-20
-1.325000000000014388e+00 1.087318361616598181e-20
-1.320000000000014495e+00 1.114691149892514431e-20
-1.315000000000014602e+00 1.142753036202073372e-20
-1.310000000000014708e+00 1.171521368274677124e-20
-1.305000000000014815e+00 1.201013930560575579e-20
-1.300000000000014921e+00 1.231248955225096618e-20
-1.295000000000015028e+00 1.262245133419650975e-20
-1.290000000000015135e+00 1.294021626836478632e-20
-1.285000000000015241e+00 1.326598079554285727e-20
-1.280000000000015348e+00 1.359994630182079657e-20
-1.275000000000015454e+00 1.394231924308720892e-20
-1.270000000000015561e+00 1.429331127265895803e-20
-1.265000000000015667e+00 1.465313937212376145e-20
-1.260000000000015774e+00 1.502202598547680254e-20
-1.255000000000015881e+00 1.540019915663407859e-20
-1.250000000000015987e+00 1.578789267040759884e-20
-1.245000000000016094e+00 1.618534619702963814e-20
-1.240000000000016200e+00 1.659280544031514145e-20
-1.235000000000016307e+00 1.701052228955423637e-20
-1.230000000000016414e+00 1.743875497522839068e-20
-1.225000000000016520e+00 1.787776822864679129e-20
-1.220000000000016627e+00 1.832783344560137451e-20
-1.215000000000016733e+00 1.878922885414177876e-20
-1.210000000000016840e+00 1.926223968657410524e-20
-1.205000000000016946e+00 1.974715835578942194e-20
-1.200000000000017053e+00 2.024428463603149410e-20
-1.195000000000017160e+00 2.075392584821495742e-20
-1.190000000000017266e+00 2.127639704990905058e-20
-1.185000000000017373e+00 2.181202123010398853e-20
-1.180000000000017479e+00 2.236112950888043440e-20
-1.175000000000017586e+00 2.292406134210555231e-20
-1.170000000000017693e+00 2.350116473128222278e-20
-1.165000000000017799e+00 2.409279643868111103e-20
-1.160000000000017906e+00 2.469932220788848037e-20
-1.155000000000018012e+00 2.532111698990628418e-20
-1.150000000000018119e+00 2.595856517494414806e-20
-1.145000000000018225e+00 2.661206083004659787e-20
-1.140000000000018332e+00 2.728200794270246988e-20
-1.135000000000018439e+00 2.796882067058694826e-20
-1.130000000000018545e+00 2.867292359759090926e-20
-1.125000000000018652e+00 2.939475199629553437e-20
-1.120000000000018758e+00 3.013475209705451528e-20
-1.115000000000018865e+00 3.089338136385043455e-20
-1.110000000000018971e+00 3.167110877709563438e-20
-1.105000000000019078e+00 3.246841512355235762e-20
-1.100000000000019185e+00 3.328579329355158556e-20
-1.095000000000019291e+00 3.412374858569401113e-20
-1.090000000000019398e+00 3.498279901922194903e-20
-1.085000000000019504e+00 3.586347565425502846e-20
-1.080000000000019611e+00 3.676632292008730493e-20
-1.075000000000019718e+00 3.769189895174946434e-20
-1.070000000000019824e+00 3.864077593504360825e-20
-1.065000000000019931e+00 3.961354046026417561e-20
-1.060000000000020037e+00 4.061079388482353418e-20
-1.055000000000020144e+00 4.163315270500649785e-20
-1.050000000000020250e+00 4.268124893708365978e-20
-1.045000000000020357e+00 4.375573050801885390e-20
-1.040000000000020464e+00 4.485726165601264764e-20
-1.035000000000020570e+00 4.598652334112921530e-20
-1.030000000000020677e+00 4.714421366626055628e-20
-1.025000000000020783e+00 4.833104830868814272e-20
-1.020000000000020890e+00 4.954776096250915928e-20
-1.015000000000020997e+00 5.079510379220024535e-20
-1.010000000000021103e+00 5.207384789759972684e-20
-1.005000000000021210e+00 5.338478379059543945e-20
-1.000000000000021316e+00 5.472872188381292518e-20
-9.950000000000214229e-01 1.102053984072637422e-19
-9.900000000000215294e-01 2.192752156946527587e-19
-9.850000000000216360e-01 4.313090577907331679e-19
-9.800000000000217426e-01 8.390338135051166281e-19
-9.750000000000218492e-01 1.614780356336029979e-18
-9.700000000000219558e-01 3.075515142251047991e-18
-9.650000000000220624e-01 5.798283348233092467e-18
-9.600000000000221689e-01 1.082298293528199379e-17
-9.550000000000222755e-01 2.000476669810685968e-17
-9.500000000000223821e-01 3.661995564098564335e-17
-9.450000000000224887e-01 6.639660378016600334e-17
-9.400000000000225953e-01 1.192481424511527262e-16
-9.350000000000227018e-01 2.121572157644321398e-16
-9.300000000000228084e-01 3.739179724780703472e-16
-9.250000000000229150e-01 6.528427351264708456e-16
-9.200000000000230216e-01 1.129133593459623469e-15
-9.150000000000231282e-01 1.934490909378236241e-15
-9.100000000000232347e-01 3.282779009714225916e-15
-9.050000000000233413e-01 5.517310516687795141e-15
-9.000000000000234479e-01 9.182662756675174038e-15
-8.950000000000235545e-01 1.513199048897249989e-14
-8.900000000000236611e-01 2.468454549144861601e-14
-8.850000000000237677e-01 3.985235306670773896e-14
-8.800000000000238742e-01 6.365915110496288965e-14
-8.750000000000239808e-01 1.005775463146653808e-13
-8.700000000000240874e-01 1.571096256262892789e-13
-8.650000000000241940e-01 2.425281577902841869e-13
-8.600000000000243006e-01 3.697740082072692613e-13
-8.550000000000244071e-01 5.564615869847514394e-13
-8.500000000000245137e-01 8.258658877406376069e-13
-8.450000000000246203e-01 1.207636826544465431e-12
-8.400000000000247269e-01 1.737793157529792007e-12
-8.350000000000248335e-01 2.457277982976945165e-12
-8.300000000000249401e-01 3.408016529756974607e-12
-8.250000000000250466e-01 4.625050947220326306e-12
-8.200000000000251532e-01 6.123066951910028229e-12
-8.150000000000252598e-01 7.875762654793183152e-12
-8.100000000000253664e-01 9.787613760077714147e-12
-8.050000000000254730e-01 1.166071848024640792e-11
-8.000000000000255795e-01 1.316641496745696007e-11
-7.950000000000256861e-01 1.384538567639094193e-11
-7.900000000000257927e-01 1.318611819860204066e-11
-7.850000000000258993e-01 1.087802762273887280e-11
-7.800000000000260059e-01 7.414905637829195531e-12
-7.750000000000261124e-01 5.355830976513270756e-12
-7.700000000000262190e-01 1.176274768702437116e-11
-7.650000000000263256e-01 4.266805186548080592e-11
-7.600000000000264322e-01 1.309408516073176560e-10
-7.550000000000265388e-01 3.396997343265619511e-10
-7.500000000000266454e-01 7.845761169849478405e-10
-7.450000000000267519e-01 1.669817465615859652e-09
-7.400000000000268585e-01 3.345633198068874835e-09
-7.350000000000269651e-01 6.397583446388005025e-09
-7.300000000000270717e-01 1.178351116627500058e-08
-7.250000000000271783e-01 2.103990828178686333e-08
-7.200000000000272848e-01 3.658813974317491342e-08
-7.150000000000273914e-01 6.218213358271257052e-08
-7.100000000000274980e-01 1.035535177565365265e-07
-7.050000000000276046e-01 1.693282672735327814e-07
-7.000000000000277112e-01 2.723111515297442793e-07
-6.950000000000278177e-01 4.312608826022631713e-07
-6.900000000000279243e-01 6.733097632845589444e-07
-6.850000000000280309e-01 1.037216193996480450e-06
-6.800000000000281375e-01 1.577675231608460600e-06
-6.750000000000282441e-01 2.370949068634553613e-06
-6.700000000000283507e-01 3.522112031523979491e-06
-6.650000000000284572e-01 5.174228019141427018e-06
-6.600000000000285638e-01 7.519784781541403283e-06
-6.550000000000286704e-01 1.081468944632477194e-05
-6.500000000000287770e-01 1.539507133813450735e-05
-6.450000000000288836e-01 2.169702739610962451e-05
-6.400000000000289901e-01 3.027926673938621704e-05
-6.350000000000290967e-01 4.184834783341998839e-05
-6.300000000000292033e-01 5.728583873229176721e-05
-6.250000000000293099e-01 7.767625539944168702e-05
-6.200000000000294165e-01 1.043340382883017360e-04
-6.150000000000295231e-01 1.388271156479696663e-04
-6.100000000000296296e-01 1.829937893280366356e-04
-6.050000000000297362e-01 2.389487991527126768e-04
-6.000000000000298428e-01 3.090735318574591565e-04
-5.950000000000299494e-01 3.959845236398401428e-04
-5.900000000000300560e-01 5.024737750124231867e-04
-5.850000000000301625e-01 6.314140973428203915e-04
-5.800000000000302691e-01 7.856229159511879780e-04
-5.750000000000303757e-01 9.676788621824034074e-04
-5.700000000000304823e-01 1.179687306771498188e-03
-5.650000000000305889e-01 1.422993926292185534e-03
-5.600000000000306954e-01 1.697849635621265880e-03
-5.550000000000308020e-01 2.003035891348492210e-03
-5.500000000000309086e-01 2.335466517500317356e-03
-5.450000000000310152e-01 2.689790748058492817e-03
-5.400000000000311218e-01 3.058031885332263347e-03
-5.350000000000312284e-01 3.429306413996301671e-03
-5.300000000000313349e-01 3.789678947621735738e-03
-5.250000000000314415e-01 4.122218152124159166e-03
-5.200000000000315481e-01 4.407326705074064710e-03
-5.150000000000316547e-01 4.623423141555393044e-03
-5.100000000000317613e-01 4.748053710678110453e-03
-5.050000000000318678e-01 4.759506691420114892e-03
-5.000000000000319744e-01 4.638988647810362784e-03
-4.950000000000320810e-01 4.373400731090993677e-03
-4.900000000000321876e-01 3.958722650614469873e-03
-4.850000000000322942e-01 3.403972200811684889e-03
-4.800000000000324007e-01 2.735659854117698971e-03
-4.750000000000325073e-01 2.002602393974878357e-03
-4.700000000000326139e-01 1.280899322713173515e-03
-4.650000000000327205e-01 6.788142833295202419e-04
-4.600000000000328271e-01 3.412453565139461891e-04
-4.550000000000329337e-01 4.534179709189624830e-04
-4.500000000000330402e-01 1.243397920310053244e-03
-4.450000000000331468e-01 2.983005351592447375e-03
-4.400000000000332534e-01 5.986718952575282790e-03
-4.350000000000333600e-01 1.060819742176614955e-02
-4.300000000000334666e-01 1.723411569867872029e-02
-4.250000000000335731e-01 2.627511745631327944e-02
-4.200000000000336797e-01 3.815382167080347969e-02
-4.150000000000337863e-01 5.328998561352466662e-02
-4.100000000000338929e-01 7.208311242236811744e-02
-4.050000000000339995e-01 9.489298880848871798e-02
-4.000000000000341061e-01 1.220188353573321977e-01
-3.950000000000342126e-01 1.536779344394983426e-01
-3.900000000000343192e-01 1.899847542196896333e-01
-3.850000000000344258e-01 2.309316970843496852e-01
-3.800000000000345324e-01 2.763726538237898378e-01
-3.750000000000346390e-01 3.260105305344231374e-01
-3.700000000000347455e-01 3.793898266440426381e-01
-3.650000000000348521e-01 4.358951776237907083e-01
-3.600000000000349587e-01 4.947565381366894610e-01
-3.550000000000350653e-01 5.550613795467216338e-01
-3.500000000000351719e-01 6.157739243192487111e-01
-3.450000000000352784e-01 6.757610581555161255e-01
-3.400000000000353850e-01 7.338241717078306525e-01
-3.350000000000354916e-01 7.887358126093499955e-01
-3.300000000000355982e-01 8.392797009195828162e-01
-3.250000000000357048e-01 8.842924009839078225e-01
-3.200000000000358114e-01 9.227047706977882235e-01
-3.150000000000359179e-01 9.535812405783563594e-01
-3.100000000000360245e-01 9.761550185521706835e-01
-3.050000000000361311e-01 9.898574730687352830e-01
-3.000000000000362377e-01 9.943402102316442059e-01
-2.950000000000363443e-01 9.894887156693680241e-01
-2.900000000000364508e-01 9.754268577103556437e-01
-2.850000000000365574e-01 9.525120187231745916e-01
-2.800000000000366640e-01 9.213211065687890722e-01
-2.750000000000367706e-01 8.826281672219833396e-01
-2.700000000000368772e-01 8.373747431771032534e-01
-2.650000000000369837e-01 7.866344740692146065e-01
-2.600000000000370903e-01 7.315736951150295653e-01
-2.550000000000371969e-01 6.734099413563087166e-01
-2.500000000000373035e-01 6.133703047634846417e-01
-2.450000000000374101e-01 5.526515184333411490e-01
-2.400000000000375167e-01 4.923834663448219962e-01
-2.350000000000376232e-01 4.335975539787039201e-01
-2.300000000000377298e-01 3.772010452957409443e-01
-2.250000000000378364e-01 3.239580992524821457e-01
-2.200000000000379430e-01 2.744778498325922134e-01
-2.150000000000380496e-01 2.292094926244811204e-01
-2.100000000000381561e-01 1.884439911537516277e-01
-2.050000000000382627e-01 1.523217165864079736e-01
-2.000000000000383693e-01 1.208450992984486522e-01
-1.950000000000384759e-01 9.389520890323369007e-02
-1.900000000000385825e-01 7.125109372526361451e-02
-1.850000000000386891e-01 5.261069912522305797e-02
-1.800000000000387956e-01 3.761223954252616852e-02
-1.750000000000389022e-01 2.585501093471063300e-02
-1.700000000000390088e-01 1.691878520236883565e-02
-1.650000000000391154e-01 1.038111160655552818e-02
-1.600000000000392220e-01 5.832047387904114137e-03
-1.550000000000393285e-01 2.886036986039829024e-03
-1.500000000000394351e-01 1.190844430271367077e-03
-1.450000000000395417e-01 4.336070360037040574e-04
-1.400000000000396483e-01 3.442136702799938408e-04
-1.350000000000397549e-01 6.963135813535672276e-04
-1.300000000000398614e-01 1.306330886039153800e-03
-1.250000000000399680e-01 2.030896445934713551e-03
-1.200000000000400746e-01 2.763116161385025058e-03
-1.150000000000401812e-01 3.428077210984665796e-03
-1.100000000000402878e-01 3.977956869675156916e-03
-1.050000000000403944e-01 4.387047991616055582e-03
-1.000000000000405009e-01 4.646956658768967158e-03
-9.500000000004060752e-02 4.762165984787143820e-03
-9.000000000004071410e-02 4.746099967923514060e-03
-8.500000000004082068e-02 4.617766015177053769e-03
-8.000000000004092726e-02 4.399006727720223067e-03
-7.500000000004103384e-02 4.112352190722478283e-03
-7.000000000004114042e-02 3.779433918844065949e-03
-6.500000000004124701e-02 3.419900605478350640e-03
-6.000000000004135359e-02 3.050763172735742549e-03
-5.500000000004146017e-02 2.686091187465032906e-03
-5.000000000004156675e-02 2.336983133594350368e-03
-4.500000000004167333e-02 2.011737867073382265e-03
-4.000000000004177991e-02 1.716162418576568397e-03
-3.500000000004188649e-02 1.453960870846799638e-03
-3.000000000004199308e-02 1.227159230698179979e-03
-2.500000000004209966e-02 1.036531170482141249e-03
-2.000000000004220624e-02 8.819985918131532194e-04
-1.500000000004231282e-02 7.629887502416615817e-04
-1.000000000004241940e-02 6.787359603119393157e-04
-5.000000000042525983e-03 6.285206369661347102e-04
-4.263256414560601115e-14 6.118417249373599371e-04
4.999999999957260854e-03 6.285206369662019307e-04
9.999999999957154273e-03 6.787359603113040816e-04
1.499999999995704769e-02 7.629887502394629281e-04
1.999999999995694111e-02 8.819985918094973981e-04
2.499999999995683453e-02 1.036531170477704477e-03
2.999999999995672795e-02 1.227159230693244257e-03
3.499999999995662137e-02 1.453960870841170244e-03
3.999999999995651478e-02 1.716162418569966040e-03
4.499999999995640820e-02 2.011737867065849228e-03
4.999999999995630162e-02 2.336983133585895326e-03
5.499999999995619504e-02 2.686091187455248198e-03
5.999999999995608846e-02 3.050763172725062724e-03
6.499999999995598188e-02 3.419900605467806123e-03
6.999999999995587530e-02 3.779433918834209250e-03
7.499999999995576871e-02 4.112352190713353638e-03
7.999999999995566213e-02 4.399006727711986600e-03
8.499999999995555555e-02 4.617766015170606669e-03
8.999999999995544897e-02 4.746099967919760118e-03
9.499999999995534239e-02 4.762165984786355388e-03
9.999999999995523581e-02 4.646956658770984641e-03
1.049999999999551292e-01 4.387047991621156537e-03
1.099999999999550226e-01 3.977956869683711705e-03
1.149999999999549161e-01 3.428077210996753350e-03
1.199999999999548095e-01 2.763116161399917659e-03
1.249999999999547029e-01 2.030896445950753238e-03
1.299999999999545963e-01 1.306330886054236137e-03
1.349999999999544897e-01 6.963135813657293739e-04
1.399999999999543832e-01 3.442136702864829535e-04
1.449999999999542766e-01 4.336070360007409871e-04
1.499999999999541700e-01 1.190844430254968736e-03
1.549999999999540634e-01 2.886036986005298052e-03
1.599999999999539568e-01 5.832047387845965339e-03
1.649999999999538502e-01 1.038111160646668606e-02
1.699999999999537437e-01 1.691878520224290167e-02
1.749999999999536371e-01 2.585501093454097704e-02
1.799999999999535305e-01 3.761223954230526190e-02
1.849999999999534239e-01 5.261069912494317768e-02
1.899999999999533173e-01 7.125109372491811310e-02
1.949999999999532108e-01 9.389520890281673193e-02
1.999999999999531042e-01 1.208450992979560601e-01
2.049999999999529976e-01 1.523217165858360977e-01
2.099999999999528910e-01 1.884439911530996492e-01
2.149999999999527844e-01 2.292094926237501495e-01
2.199999999999526779e-01 2.744778498317847482e-01
2.249999999999525713e-01 3.239580992516040148e-01
2.299999999999524647e-01 3.772010452948015846e-01
2.349999999999523581e-01 4.335975539777154331e-01
2.399999999999522515e-01 4.923834663438004799e-01
2.449999999999521449e-01 5.526515184323017582e-01
2.499999999999520384e-01 6.133703047624450289e-01
2.549999999999519318e-01 6.734099413552890878e-01
2.599999999999518252e-01 7.315736951140520139e-01
2.649999999999517186e-01 7.866344740682994496e-01
2.699999999999516120e-01 8.373747431762684768e-01
2.749999999999515055e-01 8.826281672212494822e-01
2.799999999999513989e-01 9.213211065681787826e-01
2.849999999999512923e-01 9.525120187227016366e-01
2.899999999999511857e-01 9.754268577100230209e-01
2.949999999999510791e-01 9.894887156691831720e-01
2.999999999999509726e-01 9.943402102316204472e-01
3.049999999999508660e-01 9.898574730688751711e-01
3.099999999999507594e-01 9.761550185524611178e-01
3.149999999999506528e-01 9.535812405787887913e-01
3.199999999999505462e-01 9.227047706983595443e-01
3.249999999999504396e-01 8.842924009846048206e-01
3.299999999999503331e-01 8.392797009203849523e-01
3.349999999999502265e-01 7.887358126102367306e-01
3.399999999999501199e-01 7.338241717087817806e-01
3.449999999999500133e-01 6.757610581565104413e-01
3.499999999999499067e-01 6.157739243202664525e-01
3.549999999999498002e-01 5.550613795477435941e-01
3.599999999999496936e-01 4.947565381376994864e-01
3.649999999999495870e-01 4.358951776247713683e-01
3.699999999999494804e-01 3.793898266449767798e-01
3.749999999999493738e-01 3.260105305352978822e-01
3.799999999999492672e-01 2.763726538245960818e-01
3.849999999999491607e-01 2.309316970850812667e-01
3.899999999999490541e-01 1.899847542203437767e-01
3.949999999999489475e-01 1.536779344400740488e-01
3.999999999999488409e-01 1.220188353578306045e-01
4.049999999999487343e-01 9.489298880891211541e-02
4.099999999999486278e-01 7.208311242272039121e-02
4.149999999999485212e-01 5.328998561381152049e-02
4.199999999999484146e-01 3.815382167103165134e-02
4.249999999999483080e-01 2.627511745648964531e-02
4.299999999999482014e-01 1.723411569881060784e-02
4.349999999999480949e-01 1.060819742186065381e-02
4.399999999999479883e-01 5.986718952639127553e-03
4.449999999999478817e-01 2.983005351631877640e-03
4.499999999999477751e-01 1.243397920330750230e-03
4.549999999999476685e-01 4.534179709259193204e-04
4.599999999999475619e-01 3.412453565114162033e-04
4.649999999999474554e-01 6.788142833210121822e-04
4.699999999999473488e-01 1.280899322701492971e-03
4.749999999999472422e-01 2.002602393962153293e-03
4.799999999999471356e-01 2.735659854105489987e-03
4.849999999999470290e-01 3.403972200801059275e-03
4.899999999999469225e-01 3.958722650606066873e-03
4.949999999999468159e-01 4.373400731085101689e-03
4.999999999999467093e-01 4.638988647807017369e-03
5.049999999999466027e-01 4.759506691419165998e-03
5.099999999999464961e-01 4.748053710679261442e-03
5.149999999999463896e-01 4.623423141558288298e-03
5.199999999999462830e-01 4.407326705078324323e-03
5.249999999999461764e-01 4.122218152129410174e-03
5.299999999999460698e-01 3.789678947627622523e-03
5.349999999999459632e-01 3.429306414002513716e-03
5.399999999999458566e-01 3.058031885338549118e-03
5.449999999999457501e-01 2.689790748064641544e-03
5.499999999999456435e-01 2.335466517506164241e-03
5.549999999999455369e-01 2.003035891353916690e-03
5.599999999999454303e-01 1.697849635626192928e-03
5.649999999999453237e-01 1.422993926296575035e-03
5.699999999999452172e-01 1.179687306775352310e-03
5.749999999999451106e-01 9.676788621857417743e-04
5.799999999999450040e-01 7.856229159540379118e-04
5.849999999999448974e-01 6.314140973452195141e-04
5.899999999999447908e-01 5.024737750144154082e-04
5.949999999999446842e-01 3.959845236414745234e-04
5.999999999999445777e-01 3.090735318587839431e-04
6.049999999999444711e-01 2.389487991537745716e-04
6.099999999999443645e-01 1.829937893288798739e-04
6.149999999999442579e-01 1.388271156486325204e-04
6.199999999999441513e-01 1.043340382888165152e-04
6.249999999999440448e-01 7.767625539983716331e-05
6.299999999999439382e-01 5.728583873259262654e-05
6.349999999999438316e-01 4.184834783364660697e-05
6.399999999999437250e-01 3.027926673955520689e-05
6.449999999999436184e-01 2.169702739623434842e-05
6.499999999999435119e-01 1.539507133822560066e-05
6.549999999999434053e-01 1.081468944639059995e-05
6.599999999999432987e-01 7.519784781588481374e-06
6.649999999999431921e-01 5.174228019174756071e-06
6.699999999999430855e-01 3.522112031547331343e-06
6.749999999999429789e-01 2.370949068650733637e-06
6.799999999999428724e-01 1.577675231619540638e-06
6.849999999999427658e-01 1.037216194003985373e-06
6.899999999999426592e-01 6.733097632895842850e-07
6.949999999999425526e-01 4.312608826055806817e-07
6.999999999999424460e-01 2.723111515319067544e-07
7.049999999999423395e-01 1.693282672749224713e-07
7.099999999999422329e-01 1.035535177574179304e-07
7.149999999999421263e-01 6.218213358326251989e-08
7.199999999999420197e-01 3.658813974351203253e-08
7.249999999999419131e-01 2.103990828198943325e-08
7.299999999999418065e-01 1.178351116639415926e-08
7.349999999999417000e-01 6.397583446456378120e-09
7.399999999999415934e-01 3.345633198107004139e-09
7.449999999999414868e-01 1.669817465636378074e-09
7.499999999999413802e-01 7.845761169955178645e-10
7.549999999999412736e-01 3.396997343316968298e-10
7.599999999999411671e-01 1.309408516096097993e-10
7.649999999999410605e-01 4.266805186636937884e-11
7.699999999999409539e-01 1.176274768727839477e-11
7.749999999999408473e-01 5.355830976520695187e-12
7.799999999999407407e-01 7.414905637770247603e-12
7.849999999999406342e-01 1.087802762268618366e-11
7.899999999999405276e-01 1.318611819857674703e-11
7.949999999999404210e-01 1.384538567639224732e-11
7.999999999999403144e-01 1.316641496747680594e-11
8.049999999999402078e-01 1.166071848027615896e-11
8.099999999999401012e-01 9.787613760110578421e-12
8.149999999999399947e-01 7.875762654824683870e-12
8.199999999999398881e-01 6.123066951937728278e-12
8.249999999999397815e-01 4.625050947243303994e-12
8.299999999999396749e-01 3.408016529775244071e-12
8.349999999999395683e-01 2.457277982990988252e-12
8.399999999999394618e-01 1.737793157540276764e-12
8.449999999999393552e-01 1.207636826552105138e-12
8.499999999999392486e-01 8.258658877460832462e-13
8.549999999999391420e-01 5.564615869885525121e-13
8.599999999999390354e-01 3.697740082098784345e-13
8.649999999999389289e-01 2.425281577920499227e-13
8.699999999999388223e-01 1.571096256274661079e-13
8.749999999999387157e-01 1.005775463154384898e-13
8.799999999999386091e-01 6.365915110546383526e-14
8.849999999999385025e-01 3.985235306702838251e-14
8.899999999999383959e-01 2.468454549165166250e-14
8.949999999999382894e-01 1.513199048909973369e-14
8.999999999999381828e-01 9.182662756754038041e-15
9.049999999999380762e-01 5.517310516736116816e-15
9.099999999999379696e-01 3.282779009743522238e-15
9.149999999999378630e-01 1.934490909395794707e-15
9.199999999999377565e-01 1.129133593470050632e-15
9.249999999999376499e-01 6.528427351326122263e-16
9.299999999999375433e-01 3.739179724816504445e-16
9.349999999999374367e-01 2.121572157664963669e-16
9.399999999999373301e-01 1.192481424523306435e-16
9.449999999999372235e-01 6.639660378083257848e-17
9.499999999999371170e-01 3.661995564135946481e-17
9.549999999999370104e-01 2.000476669831435475e-17
9.599999999999369038e-01 1.082298293539608588e-17
9.649999999999367972e-01 5.798283348295217574e-18
9.699999999999366906e-01 3.075515142284522194e-18
9.749999999999365841e-01 1.614780356353882772e-18
9.799999999999364775e-01 8.390338135145368330e-19
9.849999999999363709e-01 4.313090577956543523e-19
9.899999999999362643e-01 2.192752156971956603e-19
9.949999999999361577e-01 1.102053984085640820e-19
9.999999999999360512e-01 5.472872188431141603e-20
1.004999999999935945e+00 5.338478379061654643e-20
1.009999999999935838e+00 5.207384789762031022e-20
1.014999999999935731e+00 5.079510379222032317e-20
1.019999999999935625e+00 4.954776096252873154e-20
1.024999999999935518e+00 4.833104830870724554e-20
1.029999999999935412e+00 4.714421366627918966e-20
1.034999999999935305e+00 4.598652334114739728e-20
1.039999999999935199e+00 4.485726165603037221e-20
1.044999999999935092e+00 4.375573050803613912e-20
1.049999999999934985e+00 4.268124893710052370e-20
1.054999999999934879e+00 4.163315270502295252e-20
1.059999999999934772e+00 4.061079388483959162e-20
1.064999999999934666e+00 3.961354046027983582e-20
1.069999999999934559e+00 3.864077593505889532e-20
1.074999999999934452e+00 3.769189895176436623e-20
1.079999999999934346e+00 3.676632292010184570e-20
1.084999999999934239e+00 3.586347565426920812e-20
1.089999999999934133e+00 3.498279901923579165e-20
1.094999999999934026e+00 3.412374858570750467e-20
1.099999999999933920e+00 3.328579329356473605e-20
1.104999999999933813e+00 3.246841512356519515e-20
1.109999999999933706e+00 3.167110877710815292e-20
1.114999999999933600e+00 3.089338136386265217e-20
1.119999999999933493e+00 3.013475209706641994e-20
1.124999999999933387e+00 2.939475199630715615e-20
1.129999999999933280e+00 2.867292359760224817e-20
1.134999999999933173e+00 2.796882067059801032e-20
1.139999999999933067e+00 2.728200794271324907e-20
1.144999999999932960e+00 2.661206083005712127e-20
1.149999999999932854e+00 2.595856517495441567e-20
1.154999999999932747e+00 2.532111698991629600e-20
1.159999999999932641e+00 2.469932220789824845e-20
1.164999999999932534e+00 2.409279643869063836e-20
1.169999999999932427e+00 2.350116473129152743e-20
1.174999999999932321e+00 2.292406134211462224e-20
1.179999999999932214e+00 2.236112950888927863e-20
1.184999999999932108e+00 2.181202123011261910e-20
1.189999999999932001e+00 2.127639704991746750e-20
1.194999999999931894e+00 2.075392584822317572e-20
1.199999999999931788e+00 2.024428463603950175e-20
1.204999999999931681e+00 1.974715835579723700e-20
1.209999999999931575e+00 1.926223968658172169e-20
1.214999999999931468e+00 1.878922885414921466e-20
1.219999999999931362e+00 1.832783344560861781e-20
1.224999999999931255e+00 1.787776822865386908e-20
1.229999999999931148e+00 1.743875497523529394e-20
1.234999999999931042e+00 1.701052228956096508e-20
1.239999999999930935e+00 1.659280544032170466e-20
1.244999999999930829e+00 1.618534619703603885e-20
1.249999999999930722e+00 1.578789267041384307e-20
1.254999999999930616e+00 1.540019915664016935e-20
1.259999999999930509e+00 1.502202598548274283e-20
1.264999999999930402e+00 1.465313937212955729e-20
1.269999999999930296e+00 1.429331127266460642e-20
1.274999999999930189e+00 1.394231924309272189e-20
1.279999999999930083e+00 1.359994630182616811e-20
1.284999999999929976e+00 1.326598079554810242e-20
1.289999999999929869e+00 1.294021626836990207e-20
1.294999999999929763e+00 1.262245133420150062e-20
1.299999999999929656e+00 1.231248955225583216e-20
1.304999999999929550e+00 1.201013930561050140e-20
1.309999999999929443e+00 1.171521368275140250e-20
1.314999999999929337e+00 1.142753036202524912e-20
1.319999999999929230e+00 1.114691149892954988e-20
1.324999999999929123e+00 1.087318361617027904e-20
1.329999999999929017e+00 1.060617749641935651e-20
1.334999999999928910e+00 1.034572807770558114e-20
1.339999999999928804e+00 1.009167435137437548e-20
1.344999999999928697e+00 9.843859262553282753e-21
1.349999999999928590e+00 9.602129613061655426e-21
1.354999999999928484e+00 9.366335966704505218e-21
1.359999999999928377e+00 9.136332556891996212e-21
1.364999999999928271e+00 8.911977196527474310e-21
1.369999999999928164e+00 8.693131190108281871e-21
1.374999999999928058e+00 8.479659247985091421e-21
1.379999999999927951e+00 8.271429402726673516e-21
1.384999999999927844e+00 8.068312927538465751e-21
1.389999999999927738e+00 7.870184256684462513e-21
1.394999999999927631e+00 7.676920907863252552e-21
1.399999999999927525e+00 7.488403406490206598e-21
1.404999999999927418e+00 7.304515211839060060e-21
1.409999999999927311e+00 7.125142644997104835e-21
1.414999999999927205e+00 6.950174818589602054e-21
1.419999999999927098e+00 6.779503568229862657e-21
1.424999999999926992e+00 6.613023385652699842e-21
1.429999999999926885e+00 6.450631353489841342e-21
1.434999999999926779e+00 6.292227081647035344e-21
1.439999999999926672e+00 6.137712645243480537e-21
1.444999999999926565e+00 5.986992524075265611e-21
1.449999999999926459e+00 5.839973543565337012e-21
1.454999999999926352e+00 5.696564817163529462e-21
1.459999999999926246e+00 5.556677690161025747e-21
1.464999999999926139e+00 5.420225684884542193e-21
1.469999999999926033e+00 5.287124447236338187e-21
1.474999999999925926e+00 5.157291694546992962e-21
1.479999999999925819e+00 5.030647164708744484e-21
1.484999999999925713e+00 4.907112566557911276e-21
1.489999999999925606e+00 4.786611531475752308e-21
1.494999999999925500e+00 4.669069566177811494e-21
1.499999999999925393e+00 4.554414006662594519e-21
1.504999999999925286e+00 4.442573973291110357e-21
1.509999999999925180e+00 4.333480326969468851e-21
1.514999999999925073e+00 4.227065626407462998e-21
1.519999999999924967e+00 4.123264086426773287e-21
1.524999999999924860e+00 4.022011537292912119e-21
1.529999999999924754e+00 3.923245385045862222e-21
1.534999999999924647e+00 3.826904572804834626e-21
1.539999999999924540e+00 3.732929543023235340e-21
1.544999999999924434e+00 3.641262200670519659e-21
1.549999999999924327e+00 3.551845877318165265e-21
1.554999999999924221e+00 3.464625296107549715e-21
1.559999999999924114e+00 3.379546537578100948e-21
1.564999999999924007e+00 3.296557006334573611e-21
1.569999999999923901e+00 3.215605398532858001e-21
1.574999999999923794e+00 3.136641670164220146e-21
1.579999999999923688e+00 3.059617006118354095e-21
1.584999999999923581e+00 2.984483790006149999e-21
1.589999999999923475e+00 2.911195574723483675e-21
1.594999999999923368e+00 2.839707053737861471e-21
1.599999999999923261e+00 2.769974033080157866e-21
1.604999999999923155e+00 2.701953404024141385e-21
1.609999999999923048e+00 2.635603116436878670e-21
1.614999999999922942e+00 2.570882152783544700e-21
1.619999999999922835e+00 2.507750502770613348e-21
1.624999999999922728e+00 2.446169138611683781e-21
1.629999999999922622e+00 2.386099990900710561e-21
1.634999999999922515e+00 2.327505925077681015e-21
1.639999999999922409e+00 2.270350718472222054e-21
1.644999999999922302e+00 2.214599037910921793e-21
1.649999999999922196e+00 2.160216417874545551e-21
1.654999999999922089e+00 2.107169239191612058e-21
1.659999999999921982e+00 2.055424708255196296e-21
1.664999999999921876e+00 2.004950836750077073e-21
1.669999999999921769e+00 1.955716421877720562e-21
1.674999999999921663e+00 1.907691027066858107e-21
1.679999999999921556e+00 1.860844963157747254e-21
1.684999999999921450e+00 1.815149270048477294e-21
1.689999999999921343e+00 1.770575698791969868e-21
1.694999999999921236e+00 1.727096694132615594e-21
1.699999999999921130e+00 1.684685377471744384e-21
1.704999999999921023e+00 1.643315530251408868e-21
1.709999999999920917e+00 1.602961577746187752e-21
1.714999999999920810e+00 1.563598573253011167e-21
1.719999999999920703e+00 1.525202182669225491e-21
1.724999999999920597e+00 1.487748669449364632e-21
1.729999999999920490e+00 1.451214879931325593e-21
1.734999999999920384e+00 1.415578229022882323e-21
1.739999999999920277e+00 1.380816686239680662e-21
1.744999999999920171e+00 1.346908762086096211e-21
1.749999999999920064e+00 1.313833494770522784e-21
1.754999999999919957e+00 1.281570437246888388e-21
1.759999999999919851e+00 1.250099644574381084e-21
1.764999999999919744e+00 1.219401661587575336e-21
1.769999999999919638e+00 1.189457510869334286e-21
1.774999999999919531e+00 1.160248681019053954e-21
1.779999999999919424e+00 1.131757115208996840e-21
1.784999999999919318e+00 1.103965200021637139e-21
1.789999999999919211e+00 1.076855754561125216e-21
1.794999999999919105e+00 1.050412019832127394e-21
1.799999999999918998e+00 1.024617648379489513e-21
1.804999999999918892e+00 9.994566941823094288e-22
1.809999999999918785e+00 9.749136027961744354e-22
1.814999999999918678e+00 9.509732017374658809e-22
1.819999999999918572e+00 9.276206911037948351e-22
1.824999999999918465e+00 9.048416344247650597e-22
1.829999999999918359e+00 8.826219497374060512e-22
1.834999999999918252e+00 8.609479008807588550e-22
1.839999999999918145e+00 8.398060890042411389e-22
1.844999999999918039e+00 8.191834442845289771e-22
1.849999999999917932e+00 7.990672178458463645e-22
1.854999999999917826e+00 7.794449738786600285e-22
1.859999999999917719e+00 7.603045819519131783e-22
1.864999999999917613e+00 7.416342095140392278e-22
1.869999999999917506e+00 7.234223145781256416e-22
1.874999999999917399e+00 7.056576385867028167e-22
1.879999999999917293e+00 6.883291994517478249e-22
1.884999999999917186e+00 6.714262847655999576e-22
1.889999999999917080e+00 6.549384451785908020e-22
1.894999999999916973e+00 6.388554879392965328e-22
1.899999999999916866e+00 6.231674705934167719e-22
1.904999999999916760e+00 6.078646948373895048e-22
1.909999999999916653e+00 5.929377005229339247e-22
1.914999999999916547e+00 5.783772598088208398e-22
1.919999999999916440e+00 5.641743714562570816e-22
1.924999999999916334e+00 5.503202552643530100e-22
1.929999999999916227e+00 5.368063466422336206e-22
1.934999999999916120e+00 5.236242913144387674e-22
1.939999999999916014e+00 5.107659401563419948e-22
1.944999999999915907e+00 4.982233441563895056e-22
1.949999999999915801e+00 4.859887495020490946e-22
1.954999999999915694e+00 4.740545927864322294e-22
1.959999999999915588e+00 4.624134963326207306e-22
1.964999999999915481e+00 4.510582636328136726e-22
1.969999999999915374e+00 4.399818748994705890e-22
1.974999999999915268e+00 4.291774827257035250e-22
1.979999999999915161e+00 4.186384078522321193e-22
1.984999999999915055e+00 4.083581350382900023e-22
1.989999999999914948e+00 3.983303090339235071e-22
1.994999999999914841e+00 3.885487306511977909e-22
