-2.000000000000000000e+00 1.313640088236724008e-07
-1.995000000000000107e+00 2.137719013556240316e-07
-1.990000000000000213e+00 3.323128701851364917e-07
-1.985000000000000320e+00 4.961314007980537759e-07
-1.980000000000000426e+00 7.160903266049235810e-07
-1.975000000000000533e+00 9.894170519137449689e-07
-1.970000000000000639e+00 1.298821054557364082e-06
-1.965000000000000746e+00 1.612116302719545851e-06
-1.960000000000000853e+00 1.880454934336754927e-06
-1.955000000000000959e+00 2.040559083113022053e-06
-1.950000000000001066e+00 2.029492002623103489e-06
-1.945000000000001172e+00 1.820203549146147293e-06
-1.940000000000001279e+00 1.482984544718972446e-06
-1.935000000000001386e+00 1.272735464375499668e-06
-1.930000000000001492e+00 1.735263185597586722e-06
-1.925000000000001599e+00 3.818331113594721347e-06
-1.920000000000001705e+00 8.965568763104301577e-06
-1.915000000000001812e+00 1.916426274591447404e-05
-1.910000000000001918e+00 3.691216799320567213e-05
-1.905000000000002025e+00 6.506446184303758113e-05
-1.900000000000002132e+00 1.065204802558274735e-04
-1.895000000000002238e+00 1.637751942231471781e-04
-1.890000000000002345e+00 2.384432832871172280e-04
-1.885000000000002451e+00 3.306116907660952803e-04
-1.880000000000002558e+00 4.383754535072612751e-04
-1.875000000000002665e+00 5.576555743729024297e-04
-1.870000000000002771e+00 6.821694047087253476e-04
-1.865000000000002878e+00 8.037870255301471497e-04
-1.860000000000002984e+00 9.133007808008458813e-04
-1.855000000000003091e+00 1.001499394401713424e-03
-1.850000000000003197e+00 1.060363093270650248e-03
-1.845000000000003304e+00 1.084171961807274976e-03
-1.840000000000003411e+00 1.070336466054567191e-03
-1.835000000000003517e+00 1.019806809464582440e-03
-1.830000000000003624e+00 9.369866143006198161e-04
-1.825000000000003730e+00 8.291564629965274573e-04
-1.820000000000003837e+00 7.054941811580842798e-04
-1.815000000000003944e+00 5.758514974245279453e-04
-1.810000000000004050e+00 4.495009741832621921e-04
-1.805000000000004157e+00 3.340929662204456928e-04
-1.800000000000004263e+00 2.350499308674914656e-04
-1.795000000000004370e+00 1.552685427984286186e-04
-1.790000000000004476e+00 9.521444777611862002e-05
-1.785000000000004583e+00 5.339324766023791411e-05
-1.780000000000004690e+00 2.696222616139141000e-05
-1.775000000000004796e+00 1.240165943341145462e-05
-1.770000000000004903e+00 6.123296300524160098e-06
-1.765000000000005009e+00 4.924758583452098809e-06
-1.760000000000005116e+00 6.259509662896484911e-06
-1.755000000000005222e+00 8.333609988399390804e-06
-1.750000000000005329e+00 1.006556821201822319e-05
-1.745000000000005436e+00 1.095705250622173879e-05
-1.740000000000005542e+00 1.092289492061823183e-05
-1.735000000000005649e+00 1.012154884923201509e-05
-1.730000000000005755e+00 8.814792325727489365e-06
-1.725000000000005862e+00 7.270854444923573010e-06
-1.720000000000005969e+00 5.711125231817254643e-06
-1.715000000000006075e+00 4.290037250827002130e-06
-1.710000000000006182e+00 3.093426674746856358e-06
-1.705000000000006288e+00 2.145538921651797872e-06
-1.700000000000006395e+00 1.431685825390870686e-06
-1.695000000000006501e+00 9.214231541980136526e-07
-1.690000000000006608e+00 5.723168842531773587e-07
-1.685000000000006715e+00 3.434575789327130118e-07
-1.680000000000006821e+00 1.994535819236883662e-07
-1.675000000000006928e+00 1.122694175154708219e-07
-1.670000000000007034e+00 6.126559539415092736e-08
-1.665000000000007141e+00 3.224474602569935713e-08
-1.660000000000007248e+00 1.607167466292733704e-08
-1.655000000000007354e+00 7.242655932265958464e-09
-1.650000000000007461e+00 2.627748608709273121e-09
-1.645000000000007567e+00 4.947433304673863452e-10
-1.640000000000007674e+00 -1.597836014676201356e-10
-1.635000000000007780e+00 -2.297790013336812393e-12
-1.630000000000007887e+00 4.608670470506029698e-10
-1.625000000000007994e+00 8.464196460954659216e-10
-1.620000000000008100e+00 9.229809617018352788e-10
-1.615000000000008207e+00 6.439085798546403623e-10
-1.610000000000008313e+00 1.397820810845779642e-10
-1.605000000000008420e+00 -3.544439316656397292e-10
-1.600000000000008527e+00 -6.460706849094137704e-10
-1.595000000000008633e+00 -6.582710874695158899e-10
-1.590000000000008740e+00 -4.165576768098501285e-10
-1.585000000000008846e+00 -5.227764945323567003e-11
-1.580000000000008953e+00 2.763347747865812893e-10
-1.575000000000009059e+00 4.613578764434595256e-10
-1.570000000000009166e+00 4.645279559815484248e-10
-1.565000000000009273e+00 3.086067901979817533e-10
-1.560000000000009379e+00 5.775635587016016636e-11
-1.555000000000009486e+00 -2.045817824319216504e-10
-1.550000000000009592e+00 -3.967243971198642348e-10
-1.545000000000009699e+00 -4.573087426538810587e-10
-1.540000000000009805e+00 -3.602704339615738598e-10
-1.535000000000009912e+00 -1.243469681326980943e-10
-1.530000000000010019e+00 1.857968951927418635e-10
-1.525000000000010125e+00 4.701373480899314756e-10
-1.520000000000010232e+00 6.178443225215724373e-10
-1.515000000000010338e+00 5.448150976042697506e-10
-1.510000000000010445e+00 2.367858600022999548e-10
-1.505000000000010552e+00 -2.197192538744018659e-10
-1.500000000000010658e+00 -6.514523218652883052e-10
-1.495000000000010765e+00 -8.647117713446488089e-10
-1.490000000000010871e+00 -7.570690421308116916e-10
-1.485000000000010978e+00 -3.261733495485414216e-10
-1.480000000000011084e+00 2.959366561978544130e-10
-1.475000000000011191e+00 8.438050659018133384e-10
-1.470000000000011298e+00 1.066692440752159339e-09
-1.465000000000011404e+00 8.587737229366746533e-10
-1.460000000000011511e+00 3.036824197041424715e-10
-1.455000000000011617e+00 -3.701921579949605654e-10
-1.450000000000011724e+00 -8.910215561405720389e-10
-1.445000000000011831e+00 -1.055151498349710658e-09
-1.440000000000011937e+00 -8.061961545283360334e-10
-1.435000000000012044e+00 -2.541285406658333887e-10
-1.430000000000012150e+00 3.713138553058031835e-10
-1.425000000000012257e+00 8.156685504041513378e-10
-1.420000000000012363e+00 9.073120861170099398e-10
-1.415000000000012470e+00 6.325431806731695809e-10
-1.410000000000012577e+00 1.390471454731341793e-10
-1.405000000000012683e+00 -3.452200187179886054e-10
-1.400000000000012790e+00 -6.388480512564287449e-10
-1.395000000000012896e+00 -6.545760155901588936e-10
-1.390000000000013003e+00 -4.189434995067417905e-10
-1.385000000000013110e+00 -5.957495502290277482e-11
-1.380000000000013216e+00 2.689319274590249622e-10
-1.375000000000013323e+00 4.583676641356649989e-10
-1.370000000000013429e+00 4.673294373685135462e-10
-1.365000000000013536e+00 3.150774253528842117e-10
-1.360000000000013642e+00 6.389989872182571949e-11
-1.355000000000013749e+00 -2.022788344183781931e-10
-1.350000000000013856e+00 -3.994580904048448411e-10
-1.345000000000013962e+00 -4.634316575951271273e-10
-1.340000000000014069e+00 -3.662159829811471233e-10
-1.335000000000014175e+00 -1.265347421276667831e-10
-1.330000000000014282e+00 1.889570912235716106e-10
-1.325000000000014388e+00 4.771304414477899082e-10
-1.320000000000014495e+00 6.245523297568236004e-10
-1.315000000000014602e+00 5.467380069956662039e-10
-1.310000000000014708e+00 2.321365065509421979e-10
-1.305000000000014815e+00 -2.280518478487839240e-10
-1.300000000000014921e+00 -6.582967664544901466e-10
-1.295000000000015028e+00 -8.662121032794268122e-10
-1.290000000000015135e+00 -7.518810162172444193e-10
-1.285000000000015241e+00 -3.170854467144422106e-10
-1.280000000000015348e+00 3.032095409229085173e-10
-1.275000000000015454e+00 8.449195226724809168e-10
-1.270000000000015561e+00 1.061245252146457761e-09
-1.265000000000015667e+00 8.500697531657429009e-10
-1.260000000000015774e+00 2.965529721168758734e-10
-1.255000000000015881e+00 -3.720307898313704020e-10
-1.250000000000015987e+00 -8.867604068504196683e-10
-1.245000000000016094e+00 -1.047134472948419884e-09
-1.240000000000016200e+00 -7.986507400407469333e-10
-1.235000000000016307e+00 -2.510258430548387359e-10
-1.230000000000016414e+00 3.682899233463884630e-10
-1.225000000000016520e+00 8.080866140836398716e-10
-1.220000000000016627e+00 8.993256725309280156e-10
-1.215000000000016733e+00 6.287062821251237390e-10
-1.210000000000016840e+00 1.415608176524360975e-10
-1.205000000000016946e+00 -3.381260188040773175e-10
-1.200000000000017053e+00 -6.313138696932627529e-10
-1.195000000000017160e+00 -6.505319433756097061e-10
-1.190000000000017266e+00 -4.208674230338813002e-10
-1.185000000000017373e+00 -6.641265107831357523e-11
-1.180000000000017479e+00 2.617703225305977274e-10
-1.175000000000017586e+00 4.552938313087070942e-10
-1.170000000000017693e+00 4.698084069736105302e-10
-1.165000000000017799e+00 3.212000613548772229e-10
-1.160000000000017906e+00 6.987545420748910091e-11
-1.155000000000018012e+00 -1.998806828199557118e-10
-1.150000000000018119e+00 -4.019076983192797875e-10
-1.145000000000018225e+00 -4.692603685088438722e-10
-1.140000000000018332e+00 -3.720338606414414831e-10
-1.135000000000018439e+00 -1.288339798930149729e-10
-1.130000000000018545e+00 1.918405107071750365e-10
-1.125000000000018652e+00 4.838582798879363745e-10
-1.120000000000018758e+00 6.311761459182946372e-10
-1.115000000000018865e+00 5.488064107958042285e-10
-1.110000000000018971e+00 2.277561718999136379e-10
-1.105000000000019078e+00 -2.361619821324733456e-10
-1.100000000000019185e+00 -6.650748963217482291e-10
-1.095000000000019291e+00 -8.678344659857123900e-10
-1.090000000000019398e+00 -7.469059882568305780e-10
-1.085000000000019504e+00 -3.081709778680093904e-10
-1.080000000000019611e+00 3.104158347540768311e-10
-1.075000000000019718e+00 8.460966342843762806e-10
-1.070000000000019824e+00 1.055974384532840253e-09
-1.065000000000019931e+00 8.416016242223565152e-10
-1.060000000000020037e+00 2.896472178847526082e-10
-1.055000000000020144e+00 -3.737013770642274462e-10
-1.050000000000020250e+00 -8.823650285154226744e-10
-1.045000000000020357e+00 -1.038952310277585443e-09
-1.040000000000020464e+00 -7.909190241944066238e-10
-1.035000000000020570e+00 -2.479952840129231604e-10
-1.030000000000020677e+00 3.642078253457231935e-10
-1.025000000000020783e+00 7.973010407997735420e-10
-1.020000000000020890e+00 8.848353571584880054e-10
-1.015000000000020997e+00 6.149660687501697635e-10
-1.010000000000021103e+00 1.334132466530485286e-10
-1.005000000000021210e+00 -3.351220682650740663e-10
-1.000000000000021316e+00 -6.081401564349665590e-10
-9.950000000000214229e-01 -6.516406806823790949e-10
-9.900000000000215294e-01 -6.212249482625593157e-10
-9.850000000000216360e-01 -5.213807377439879233e-10
-9.800000000000217426e-01 -3.640819833343836902e-10
-9.750000000000218492e-01 -1.674882186358332385e-10
-9.700000000000219558e-01 4.589949489893606513e-11
-9.650000000000220624e-01 2.514151371379164181e-10
-9.600000000000221689e-01 4.245257558168170139e-10
-9.550000000000222755e-01 5.430680873896811733e-10
-9.500000000000223821e-01 5.892869751238031982e-10
-9.450000000000224887e-01 5.515892033618696402e-10
-9.400000000000225953e-01 4.259670290809254455e-10
-9.350000000000227018e-01 2.170649410231567407e-10
-9.300000000000228084e-01 -6.114538831356844439e-11
-9.250000000000229150e-01 -3.851524826940561623e-10
-9.200000000000230216e-01 -7.222786667726500795e-10
-9.150000000000231282e-01 -1.031818432670834362e-09
-9.100000000000232347e-01 -1.267154115300713180e-09
-9.050000000000233413e-01 -1.379051255648064801e-09
-9.000000000000234479e-01 -1.320261212235667324e-09
-8.950000000000235545e-01 -1.051406837072977538e-09
-8.900000000000236611e-01 -5.478990423551148334e-10
-8.850000000000237677e-01 1.926550689773397235e-10
-8.800000000000238742e-01 1.143403337650570891e-09
-8.750000000000239808e-01 2.242694576607956855e-09
-8.700000000000240874e-01 3.391350670891264120e-09
-8.650000000000241940e-01 4.454136088610817412e-09
-8.600000000000243006e-01 5.266621771948452039e-09
-8.550000000000244071e-01 5.648211501368226983e-09
-8.500000000000245137e-01 5.421406851876315317e-09
-8.450000000000246203e-01 4.436464760266738356e-09
-8.400000000000247269e-01 2.599530063372114135e-09
-8.350000000000248335e-01 -9.876789016822556488e-11
-8.300000000000249401e-01 -3.558212994521015755e-09
-8.250000000000250466e-01 -7.551964698451492142e-09
-8.200000000000251532e-01 -1.172224283329155497e-08
-8.150000000000252598e-01 -1.559280120356048204e-08
-8.100000000000253664e-01 -1.860089569096545438e-08
-8.050000000000254730e-01 -2.014933157795064758e-08
-8.000000000000255795e-01 -1.967642246692330814e-08
-7.950000000000256861e-01 -1.673856965078685506e-08
-7.900000000000257927e-01 -1.109705804158321014e-08
-7.850000000000258993e-01 -2.798035741196887782e-09
-7.800000000000260059e-01 7.766989987171028692e-09
-7.750000000000261124e-01 1.983296988096854774e-08
-7.700000000000262190e-01 3.227660200877705859e-08
-7.650000000000263256e-01 4.368258795650258423e-08
-7.600000000000264322e-01 5.246280068852604438e-08
-7.550000000000265388e-01 5.702329304045133348e-08
-7.500000000000266454e-01 5.596632560029849068e-08
-7.450000000000267519e-01 4.830710311675007173e-08
-7.400000000000268585e-01 3.367883668126930161e-08
-7.350000000000269651e-01 1.249626682187296873e-08
-7.300000000000270717e-01 -1.395210152641645364e-08
-7.250000000000271783e-01 -4.350843050115664481e-08
-7.200000000000272848e-01 -7.326326116171057329e-08
-7.150000000000273914e-01 -9.979045645451657783e-08
-7.100000000000274980e-01 -1.194879290221878939e-07
-7.050000000000276046e-01 -1.289963485443406853e-07
-7.000000000000277112e-01 -1.256529116967480356e-07
-6.950000000000278177e-01 -1.079257748295413170e-07
-6.900000000000279243e-01 -7.576911240035587078e-08
-6.850000000000280309e-01 -3.084066403680426658e-08
-6.800000000000281375e-01 2.346610086639829287e-08
-6.750000000000282441e-01 8.220472295676413126e-08
-6.700000000000283507e-01 1.392779960210081875e-07
-6.650000000000284572e-01 1.880354903049671253e-07
-6.600000000000285638e-01 2.220130045294061060e-07
-6.550000000000286704e-01 2.357352479762949484e-07
-6.500000000000287770e-01 2.254855211138947180e-07
-6.450000000000288836e-01 1.899398139921843533e-07
-6.400000000000289901e-01 1.305697049785782183e-07
-6.350000000000290967e-01 5.173915451528246181e-08
-6.300000000000292033e-01 -3.954674980155593964e-08
-6.250000000000293099e-01 -1.342412377934467878e-07
-6.200000000000294165e-01 -2.221579873993139918e-07
-6.150000000000295231e-01 -2.930869534134409613e-07
-6.100000000000296296e-01 -3.379997930096239612e-07
-6.050000000000297362e-01 -3.501995744527935742e-07
-6.000000000000298428e-01 -3.262661293495078793e-07
-5.950000000000299494e-01 -2.666647135561826157e-07
-5.900000000000300560e-01 -1.759206679764365402e-07
-5.850000000000301625e-01 -6.231290863698121116e-08
-5.800000000000302691e-01 6.290163086239462848e-08
-5.750000000000303757e-01 1.866596137901001878e-07
-5.700000000000304823e-01 2.955317428168686939e-07
-5.650000000000305889e-01 3.772648713386110215e-07
-5.600000000000306954e-01 4.222390285287360931e-07
-5.550000000000308020e-01 4.246567861065959532e-07
-5.500000000000309086e-01 3.833106265594650005e-07
-5.450000000000310152e-01 3.018232008149825967e-07
-5.400000000000311218e-01 1.883195460564643039e-07
-5.350000000000312284e-01 5.456121662397100021e-08
-5.300000000000313349e-01 -8.535948732061660498e-08
-5.250000000000314415e-01 -2.166105733502738186e-07
-5.200000000000315481e-01 -3.253050838589013581e-07
-5.150000000000316547e-01 -4.000754085881151305e-07
-5.100000000000317613e-01 -4.333468703834776770e-07
-5.050000000000318678e-01 -4.221584765556668419e-07
-5.000000000000319744e-01 -3.684362187035679870e-07
-4.950000000000320810e-01 -2.786933517295911365e-07
-4.900000000000321876e-01 -1.632034695164430186e-07
-4.850000000000322942e-01 -3.475650932833129553e-08
-4.800000000000324007e-01 9.284323647913076641e-08
-4.750000000000325073e-01 2.063504983929266974e-07
-4.700000000000326139e-01 2.945341182592991655e-07
-4.650000000000327205e-01 3.493452025101731329e-07
-4.600000000000328271e-01 3.666712786898269319e-07
-4.550000000000329337e-01 3.466053494311063334e-07
-4.500000000000330402e-01 2.932212072294919953e-07
-4.450000000000331468e-01 2.139069661219113809e-07
-4.400000000000332534e-01 1.183597316365939239e-07
-4.350000000000333600e-01 1.737958521528641112e-08
-4.300000000000334666e-01 -7.838306551519571205e-08
-4.250000000000335731e-01 -1.595771100329813475e-07
-4.200000000000336797e-01 -2.190704713867172895e-07
-4.150000000000337863e-01 -2.525501264070789014e-07
-4.100000000000338929e-01 -2.587580599983437587e-07
-4.050000000000339995e-01 -2.393662431216425427e-07
-4.000000000000341061e-01 -1.985368600694872954e-07
-3.950000000000342126e-01 -1.422476431292773908e-07
-3.900000000000343192e-01 -7.748279040418352789e-08
-3.850000000000344258e-01 -1.139606553664770530e-08
-3.800000000000345324e-01 4.945511041241388716e-08
-3.750000000000346390e-01 9.972507783753089462e-08
-3.700000000000347455e-01 1.356925087905364169e-07
-3.650000000000348521e-01 1.554483496744212633e-07
-3.600000000000349587e-01 1.588669895007079383e-07
-3.550000000000350653e-01 1.473933996230532888e-07
-3.500000000000351719e-01 1.236964241596020251e-07
-3.450000000000352784e-01 9.124699489814641045e-08
-3.400000000000353850e-01 5.387981508531652075e-08
-3.350000000000354916e-01 1.538925793811083548e-08
-3.300000000000355982e-01 -2.080296614458915952e-08
-3.250000000000357048e-01 -5.188673019799889462e-08
-3.200000000000358114e-01 -7.580326524953259985e-08
-3.150000000000359179e-01 -9.129361422803183032e-08
-3.100000000000360245e-01 -9.787313806324317566e-08
-3.050000000000361311e-01 -9.575418936188762267e-08
-3.000000000000362377e-01 -8.573911024592165603e-08
-2.950000000000363443e-01 -6.910193441525555099e-08
-2.900000000000364508e-01 -4.747101164810846619e-08
-2.850000000000365574e-01 -2.271790580158925724e-08
-2.800000000000366640e-01 3.148045644930803073e-09
-2.750000000000367706e-01 2.808392556693110382e-08
-2.700000000000368772e-01 5.012154484150623990e-08
-2.650000000000369837e-01 6.748326628985294898e-08
-2.600000000000370903e-01 7.870447323511408153e-08
-2.550000000000371969e-01 8.275630265003083204e-08
-2.500000000000373035e-01 7.915688225348587976e-08
-2.450000000000374101e-01 6.805543541705358507e-08
-2.400000000000375167e-01 5.027237677926812360e-08
-2.350000000000376232e-01 2.728057732395775830e-08
-2.300000000000377298e-01 1.118387685330591653e-09
-2.250000000000378364e-01 -2.576680825086130443e-08
-2.200000000000379430e-01 -5.073592228255530868e-08
-2.150000000000380496e-01 -7.121786520747792407e-08
-2.100000000000381561e-01 -8.498475299236789599e-08
-2.050000000000382627e-01 -9.041046233795841211e-08
-2.000000000000383693e-01 -8.667930341310448535e-08
-1.950000000000384759e-01 -7.391521741001497043e-08
-1.900000000000385825e-01 -5.321006315027347993e-08
-1.850000000000386891e-01 -2.654131256213318988e-08
-1.800000000000387956e-01 3.416687394190059685e-09
-1.750000000000389022e-01 3.356970987522719864e-08
-1.700000000000390088e-01 6.073852810583026236e-08
-1.650000000000391154e-01 8.201273923436942475e-08
-1.600000000000392220e-01 9.508097519979052634e-08
-1.550000000000393285e-01 9.849691785707247325e-08
-1.500000000000394351e-01 9.184794242478285837e-08
-1.450000000000395417e-01 7.580511335040441033e-08
-1.400000000000396483e-01 5.204805994802987318e-08
-1.350000000000397549e-01 2.307395520602752050e-08
-1.300000000000398614e-01 -8.085727574090830079e-09
-1.250000000000399680e-01 -3.820575232273889419e-08
-1.200000000000400746e-01 -6.422345531691090689e-08
-1.150000000000401812e-01 -8.356830787320948094e-08
-1.100000000000402878e-01 -9.442658628584614024e-08
-1.050000000000403944e-01 -9.591225766193209265e-08
-1.000000000000405009e-01 -8.812780879835697976e-08
-9.500000000004060752e-02 -7.211293537413848388e-08
-9.000000000004071410e-02 -4.969280012251257186e-08
-8.500000000004082068e-02 -2.324912820040587744e-08
-8.000000000004092726e-02 4.554700464892773716e-09
-7.500000000004103384e-02 3.106002667177506401e-08
-7.000000000004114042e-02 5.387752532264485376e-08
-6.500000000004124701e-02 7.110230400979330359e-08
-6.000000000004135359e-02 8.146031336847132291e-08
-5.500000000004146017e-02 8.437713628804139418e-08
-5.000000000004156675e-02 7.997055150842708731e-08
-4.500000000004167333e-02 6.897722305288350726e-08
-4.000000000004177991e-02 5.263031792232759910e-08
-3.500000000004188649e-02 3.250814797508359596e-08
-3.000000000004199308e-02 1.037396303734389981e-08
-2.500000000004209966e-02 -1.197578969199397194e-08
-2.000000000004220624e-02 -3.284224329995301317e-08
-1.500000000004231282e-02 -5.072716927453854455e-08
-1.000000000004241940e-02 -6.440708951754316013e-08
-5.000000000042525983e-03 -7.298155642753288091e-08
-4.263256414560601115e-14 -7.590120321824132876e-08
4.999999999957260854e-03 -7.298155625719898891e-08
9.999999999957154273e-03 -6.440708917527755434e-08
1.499999999995704769e-02 -5.072716876728494300e-08
1.999999999995694111e-02 -3.284224265579424398e-08
2.499999999995683453e-02 -1.197578896420156836e-08
2.999999999995672795e-02 1.037396378036058241e-08
3.499999999995662137e-02 3.250814866940777233e-08
3.999999999995651478e-02 5.263031852801170322e-08
4.499999999995640820e-02 6.897722356480684776e-08
4.999999999995630162e-02 7.997055195387652619e-08
5.499999999995619504e-02 8.437713671179187389e-08
5.999999999995608846e-02 8.146031381127934248e-08
6.499999999995598188e-02 7.110230448709865901e-08
6.999999999995587530e-02 5.387752580873908921e-08
7.499999999995576871e-02 3.106002709473387232e-08
7.999999999995566213e-02 4.554700716243431523e-09
8.499999999995555555e-02 -2.324912824333113817e-08
8.999999999995544897e-02 -4.969280057005728570e-08
9.499999999995534239e-02 -7.211293630427245716e-08
9.999999999995523581e-02 -8.812781025157626873e-08
1.049999999999551292e-01 -9.591225965337786123e-08
1.099999999999550226e-01 -9.442658882793951780e-08
1.149999999999549161e-01 -8.356831099685688654e-08
1.199999999999548095e-01 -6.422345908205981359e-08
1.249999999999547029e-01 -3.820575681533134269e-08
1.299999999999545963e-01 -8.085732891559905270e-09
1.349999999999544897e-01 2.307394897440635916e-08
1.399999999999543832e-01 5.204805273798044700e-08
1.449999999999542766e-01 7.580510513203763315e-08
1.499999999999541700e-01 9.184793320451124604e-08
1.549999999999540634e-01 9.849690767410443976e-08
1.599999999999539568e-01 9.508096412060741131e-08
1.649999999999538502e-01 8.201272734893997088e-08
1.699999999999537437e-01 6.073851552557687605e-08
1.749999999999536371e-01 3.356969672889338217e-08
1.799999999999535305e-01 3.416673820116497230e-09
1.849999999999534239e-01 -2.654132642378233006e-08
1.899999999999533173e-01 -5.321007716171825609e-08
1.949999999999532108e-01 -7.391523143694522939e-08
1.999999999999531042e-01 -8.667931732579579453e-08
2.049999999999529976e-01 -9.041047601546869415e-08
2.099999999999528910e-01 -8.498476633054682672e-08
2.149999999999527844e-01 -7.121787812735670123e-08
2.199999999999526779e-01 -5.073593473346389197e-08
2.249999999999525713e-01 -2.576682020538626329e-08
2.299999999999524647e-01 1.118376243889112920e-09
2.349999999999523581e-01 2.728056641938360320e-08
2.399999999999522515e-01 5.027236645969100019e-08
2.449999999999521449e-01 6.805542576262832702e-08
2.499999999999520384e-01 7.915687336999569222e-08
2.549999999999519318e-01 8.275629465233350179e-08
2.599999999999518252e-01 7.870446622763433169e-08
2.649999999999517186e-01 6.748326034994430323e-08
2.699999999999516120e-01 5.012154000795615006e-08
2.749999999999515055e-01 2.808392183175075881e-08
2.799999999999513989e-01 3.148042948043443153e-09
2.849999999999512923e-01 -2.271790756919528345e-08
2.899999999999511857e-01 -4.747101262760471384e-08
2.949999999999510791e-01 -6.910193475237328757e-08
2.999999999999509726e-01 -8.573911006314983959e-08
3.049999999999508660e-01 -9.575418874518148909e-08
3.099999999999507594e-01 -9.787313707386055797e-08
3.149999999999506528e-01 -9.129361293582723129e-08
3.199999999999505462e-01 -7.580326377104114322e-08
3.249999999999504396e-01 -5.188672872125791099e-08
3.299999999999503331e-01 -2.080296492882717631e-08
3.349999999999502265e-01 1.538925859103039365e-08
3.399999999999501199e-01 5.387981487988405833e-08
3.449999999999500133e-01 9.124699359881981281e-08
3.499999999999499067e-01 1.236964216330794292e-07
3.549999999999498002e-01 1.473933958572001536e-07
3.599999999999496936e-01 1.588669845927824926e-07
3.649999999999495870e-01 1.554483437908759369e-07
3.699999999999494804e-01 1.356925021149289139e-07
3.749999999999493738e-01 9.972507052945148672e-08
3.799999999999492672e-01 4.945510259179155401e-08
3.849999999999491607e-01 -1.139607377971057344e-08
3.899999999999490541e-01 -7.748279898468242013e-08
3.949999999999489475e-01 -1.422476519438198772e-07
3.999999999999488409e-01 -1.985368689877314698e-07
4.049999999999487343e-01 -2.393662519977923824e-07
4.099999999999486278e-01 -2.587580686994760510e-07
4.149999999999485212e-01 -2.525501348453658587e-07
4.199999999999484146e-01 -2.190704795338623469e-07
4.249999999999483080e-01 -1.595771179023094449e-07
4.299999999999482014e-01 -7.838307311959470729e-08
4.349999999999480949e-01 1.737957790514861390e-08
4.399999999999479883e-01 1.183597247120293558e-07
4.449999999999478817e-01 2.139069597268017235e-07
4.499999999999477751e-01 2.932212015298440333e-07
4.549999999999476685e-01 3.466053445781871279e-07
4.599999999999475619e-01 3.666712747887604185e-07
4.649999999999474554e-01 3.493451996019271719e-07
4.699999999999473488e-01 2.945341163201067006e-07
4.749999999999472422e-01 2.063504973481919457e-07
4.799999999999471356e-01 9.284323622293237691e-08
4.849999999999470290e-01 -3.475650891686124507e-08
4.899999999999469225e-01 -1.632034685640180763e-07
4.949999999999468159e-01 -2.786933503653428251e-07
4.999999999999467093e-01 -3.684362170559622732e-07
5.049999999999466027e-01 -4.221584747455060823e-07
5.099999999999464961e-01 -4.333468685128574525e-07
5.149999999999463896e-01 -4.000754067283442335e-07
5.199999999999462830e-01 -3.253050820406331696e-07
5.249999999999461764e-01 -2.166105715573480089e-07
5.299999999999460698e-01 -8.535948548667129251e-08
5.349999999999459632e-01 5.456121861831893527e-08
5.399999999999458566e-01 1.883195483850965511e-07
5.449999999999457501e-01 3.018232036990522786e-07
5.499999999999456435e-01 3.833106302421753668e-07
5.549999999999455369e-01 4.246567908088433498e-07
5.599999999999454303e-01 4.222390343965735641e-07
5.649999999999453237e-01 3.772648784017404124e-07
5.699999999999452172e-01 2.955317509775659079e-07
5.749999999999451106e-01 1.866596228514082534e-07
5.799999999999450040e-01 6.290164058726794763e-08
5.849999999999448974e-01 -6.231289845849260553e-08
5.899999999999447908e-01 -1.759206574825673266e-07
5.949999999999446842e-01 -2.666647028183696603e-07
5.999999999999445777e-01 -3.262661184324455998e-07
6.049999999999444711e-01 -3.501995635034919502e-07
6.099999999999443645e-01 -3.379997823294447157e-07
6.149999999999442579e-01 -2.930869434754812179e-07
6.199999999999441513e-01 -2.221579788058241552e-07
6.249999999999440448e-01 -1.342412312013667919e-07
6.299999999999439382e-01 -3.954674585640194374e-08
6.349999999999438316e-01 5.173915520998307815e-08
6.399999999999437250e-01 1.305697018574557517e-07
6.449999999999436184e-01 1.899398065188945571e-07
6.499999999999435119e-01 2.254855088023321601e-07
6.549999999999434053e-01 2.357352304542187446e-07
6.599999999999432987e-01 2.220129816220949586e-07
6.649999999999431921e-01 1.880354620978209872e-07
6.699999999999430855e-01 1.392779628661504868e-07
6.749999999999429789e-01 8.220468541339956116e-08
6.799999999999428724e-01 2.346605959558505811e-08
6.849999999999427658e-01 -3.084070837923631513e-08
6.899999999999426592e-01 -7.576915922585224578e-08
6.949999999999425526e-01 -1.079258236095840981e-07
6.999999999999424460e-01 -1.256529619021669416e-07
7.049999999999423395e-01 -1.289963995800612555e-07
7.099999999999422329e-01 -1.194879802083848466e-07
7.149999999999421263e-01 -9.979050707365467144e-08
7.199999999999420197e-01 -7.326331054823979725e-08
7.249999999999419131e-01 -4.350847812603727342e-08
7.299999999999418065e-01 -1.395214703439038337e-08
7.349999999999417000e-01 1.249622363725885846e-08
7.399999999999415934e-01 3.367879594817847913e-08
7.449999999999414868e-01 4.830706496403463158e-08
7.499999999999413802e-01 5.596629020734664385e-08
7.549999999999412736e-01 5.702326063599804082e-08
7.599999999999411671e-01 5.246277150153339727e-08
7.649999999999410605e-01 4.368256214806748774e-08
7.699999999999409539e-01 3.227657962366126660e-08
7.749999999999408473e-01 1.983295084128962407e-08
7.799999999999407407e-01 7.766974123242750517e-09
7.849999999999406342e-01 -2.798048646970383027e-09
7.899999999999405276e-01 -1.109706822391669684e-08
7.949999999999404210e-01 -1.673857735542379215e-08
7.999999999999403144e-01 -1.967642796075837745e-08
8.049999999999402078e-01 -2.014933515809377115e-08
8.099999999999401012e-01 -1.860089768177579935e-08
8.149999999999399947e-01 -1.559280194196648307e-08
8.199999999999398881e-01 -1.172224265041724092e-08
8.249999999999397815e-01 -7.551963906232626054e-09
8.299999999999396749e-01 -3.558211879302123391e-09
8.349999999999395683e-01 -9.876670777011801440e-11
8.399999999999394618e-01 2.599531096074115154e-09
8.449999999999393552e-01 4.436465474897472503e-09
8.499999999999392486e-01 5.421407132869001955e-09
8.549999999999391420e-01 5.648211281871235775e-09
8.599999999999390354e-01 5.266621024059112321e-09
8.649999999999389289e-01 4.454134814265325733e-09
8.699999999999388223e-01 3.391348897305557940e-09
8.749999999999387157e-01 2.242692352202063732e-09
8.799999999999386091e-01 1.143400720102658391e-09
8.849999999999385025e-01 1.926521038142350622e-10
8.899999999999383959e-01 -5.479023425501827547e-10
8.949999999999382894e-01 -1.051410497751926112e-09
8.999999999999381828e-01 -1.320265278936615789e-09
9.049999999999380762e-01 -1.379055761669219586e-09
9.099999999999379696e-01 -1.267159054585449363e-09
9.149999999999378630e-01 -1.031823753950104459e-09
9.199999999999377565e-01 -7.222842902933593916e-10
9.249999999999376499e-01 -3.851583264816175050e-10
9.299999999999375433e-01 -6.115138819702098352e-11
9.349999999999374367e-01 2.170588247276636934e-10
9.399999999999373301e-01 4.259608162323254117e-10
9.449999999999372235e-01 5.515829029487483016e-10
9.499999999999371170e-01 5.892805902511058721e-10
9.549999999999370104e-01 5.430616149295646839e-10
9.599999999999369038e-01 4.245191876013416168e-10
9.649999999999367972e-01 2.514084673926179057e-10
9.699999999999366906e-01 4.589273322788613607e-11
9.749999999999365841e-01 -1.674950328385082999e-10
9.799999999999364775e-01 -3.640887756308278943e-10
9.849999999999363709e-01 -5.213874115654590966e-10
9.899999999999362643e-01 -6.212314105635936259e-10
9.949999999999361577e-01 -6.516468678520561057e-10
9.999999999999360512e-01 -6.081460503451547551e-10
1.004999999999935945e+00 -3.351276393156369718e-10
1.009999999999935838e+00 1.334078425280998551e-10
1.014999999999935731e+00 6.149607567648741751e-10
1.019999999999935625e+00 8.848301174412907424e-10
1.024999999999935518e+00 7.972958361276397872e-10
1.029999999999935412e+00 3.642025582975483789e-10
1.034999999999935305e+00 -2.480007668591581866e-10
1.039999999999935199e+00 -7.909248941065690277e-10
1.044999999999935092e+00 -1.038958708384854933e-09
1.049999999999934985e+00 -8.823720300564356070e-10
1.054999999999934879e+00 -3.737089804239308916e-10
1.059999999999934772e+00 2.896390769599833782e-10
1.064999999999934666e+00 8.415930437788167233e-10
1.069999999999934559e+00 1.055965470187701868e-09
1.074999999999934452e+00 8.460874932501928121e-10
1.079999999999934346e+00 3.104066005380422331e-10
1.084999999999934239e+00 -3.081800947475417619e-10
1.089999999999934133e+00 -7.469146506138553773e-10
1.094999999999934026e+00 -8.678422167529423528e-10
1.099999999999933920e+00 -6.650813090161558117e-10
1.104999999999933813e+00 -2.361691196833385948e-10
1.109999999999933706e+00 2.277485258218266701e-10
1.114999999999933600e+00 5.487985857197235550e-10
1.119999999999933493e+00 6.311683856632670660e-10
1.124999999999933387e+00 4.838506970170829567e-10
1.129999999999933280e+00 1.918331268651431425e-10
1.134999999999933173e+00 -1.288411675349547364e-10
1.139999999999933067e+00 -3.720408275001962533e-10
1.144999999999932960e+00 -4.692670434591373049e-10
1.149999999999932854e+00 -4.019139757150754982e-10
1.154999999999932747e+00 -1.998864509813731275e-10
1.159999999999932641e+00 6.987028705542661123e-11
1.164999999999932534e+00 3.211955582348260498e-10
1.169999999999932427e+00 4.698046136316364239e-10
1.174999999999932321e+00 4.552907970488568543e-10
1.179999999999932214e+00 2.617681083183063742e-10
1.184999999999932108e+00 -6.641399943508683831e-11
1.189999999999932001e+00 -4.208679379401056113e-10
1.194999999999931894e+00 -6.505317822485155415e-10
1.199999999999931788e+00 -6.313131923242697893e-10
1.204999999999931681e+00 -3.381255121685792993e-10
1.209999999999931575e+00 1.415611698145295020e-10
1.214999999999931468e+00 6.287065030228572204e-10
1.219999999999931362e+00 8.993257865449120737e-10
1.224999999999931255e+00 8.080866355137426990e-10
1.229999999999931148e+00 3.682898548203202950e-10
1.234999999999931042e+00 -2.510260039346214587e-10
1.239999999999930935e+00 -7.986509926236947831e-10
1.244999999999930829e+00 -1.047134809703936140e-09
1.249999999999930722e+00 -8.867608154689992661e-10
1.254999999999930616e+00 -3.720312589092907440e-10
1.259999999999930509e+00 2.965524484323368466e-10
1.264999999999930402e+00 8.500691758007995353e-10
1.269999999999930296e+00 1.061244624201801701e-09
1.274999999999930189e+00 8.449188595232982973e-10
1.279999999999930083e+00 3.032088753995673548e-10
1.284999999999929976e+00 -3.170860733427041738e-10
1.289999999999929869e+00 -7.518815812383826416e-10
1.294999999999929763e+00 -8.662126342413281426e-10
1.299999999999929656e+00 -6.582973300433828193e-10
1.304999999999929550e+00 -2.280524794875742384e-10
1.309999999999929443e+00 2.321358453477995768e-10
1.314999999999929337e+00 5.467373317467639303e-10
1.319999999999929230e+00 6.245516360202625827e-10
1.324999999999929123e+00 4.771297223459719802e-10
1.329999999999929017e+00 1.889563486584215484e-10
1.334999999999928910e+00 -1.265354962479215339e-10
1.339999999999928804e+00 -3.662167315683251509e-10
1.344999999999928697e+00 -4.634323838240273049e-10
1.349999999999928590e+00 -3.994587801442943970e-10
1.354999999999928484e+00 -2.022794749533280778e-10
1.359999999999928377e+00 6.389932188778492684e-11
1.364999999999928271e+00 3.150769307343909400e-10
1.369999999999928164e+00 4.673290465322597133e-10
1.374999999999928058e+00 4.583673973704063143e-10
1.379999999999927951e+00 2.689317985442316834e-10
1.384999999999927844e+00 -5.957494084257231380e-11
1.389999999999927738e+00 -4.189433417053646570e-10
1.394999999999927631e+00 -6.545757134100063169e-10
1.399999999999927525e+00 -6.388476189175831600e-10
1.404999999999927418e+00 -3.452195852272074737e-10
1.409999999999927311e+00 1.390475765338599089e-10
1.414999999999927205e+00 6.325435939136013092e-10
1.419999999999927098e+00 9.073124663846555357e-10
1.424999999999926992e+00 8.156688885726764383e-10
1.429999999999926885e+00 3.713141485805613903e-10
1.434999999999926779e+00 -2.541282911129560698e-10
1.439999999999926672e+00 -8.061959458870830652e-10
1.444999999999926565e+00 -1.055151326938161547e-09
1.449999999999926459e+00 -8.910214165223581780e-10
1.454999999999926352e+00 -3.701920414612357792e-10
1.459999999999926246e+00 3.036825258548464521e-10
1.464999999999926139e+00 8.587738342631515896e-10
1.469999999999926033e+00 1.066692572665303151e-09
1.474999999999925926e+00 8.438052301203293995e-10
1.479999999999925819e+00 2.959368590401928003e-10
1.484999999999925713e+00 -3.261731047587239770e-10
1.489999999999925606e+00 -7.570687485881833994e-10
1.494999999999925500e+00 -8.647114141166674737e-10
1.499999999999925393e+00 -6.514518919341725436e-10
1.504999999999925286e+00 -2.197188265622669216e-10
1.509999999999925180e+00 2.367862808346753231e-10
1.514999999999925073e+00 5.448155060519396684e-10
1.519999999999924967e+00 6.178447083876323571e-10
1.524999999999924860e+00 4.701377016085523585e-10
1.529999999999924754e+00 1.857972106841547250e-10
1.534999999999924647e+00 -1.243466916377354679e-10
1.539999999999924540e+00 -3.602701942168759863e-10
1.544999999999924434e+00 -4.573085361309912137e-10
1.549999999999924327e+00 -3.967242201200498928e-10
1.554999999999924221e+00 -2.045816310120446002e-10
1.559999999999924114e+00 5.775648668805177724e-11
1.564999999999924007e+00 3.086069070303988221e-10
1.569999999999923901e+00 4.645280667191852098e-10
1.574999999999923794e+00 4.613579887769391602e-10
1.579999999999923688e+00 2.763348944127809213e-10
1.584999999999923581e+00 -5.227751934406165464e-11
1.589999999999923475e+00 -4.165575330828959549e-10
1.594999999999923368e+00 -6.582709213842170715e-10
1.599999999999923261e+00 -6.460704769427203878e-10
1.604999999999923155e+00 -3.544437193937047818e-10
1.609999999999923048e+00 1.397822941420605417e-10
1.614999999999922942e+00 6.439087893532431846e-10
1.619999999999922835e+00 9.229811707073408487e-10
1.624999999999922728e+00 8.464198614274628492e-10
1.629999999999922622e+00 4.608672743222971711e-10
1.634999999999922515e+00 -2.297548943091267808e-12
1.639999999999922409e+00 -1.597833484874476962e-10
1.644999999999922302e+00 4.947435910672252794e-10
1.649999999999922196e+00 2.627748871668253186e-09
1.654999999999922089e+00 7.242656192183665491e-09
1.659999999999921982e+00 1.607167491447022500e-08
1.664999999999921876e+00 3.224474626357435271e-08
1.669999999999921769e+00 6.126559561326061606e-08
1.674999999999921663e+00 1.122694177113373045e-07
1.679999999999921556e+00 1.994535820927812093e-07
1.684999999999921450e+00 3.434575790721605753e-07
1.689999999999921343e+00 5.723168843600657169e-07
1.694999999999921236e+00 9.214231542709029553e-07
1.699999999999921130e+00 1.431685825441230606e-06
1.704999999999921023e+00 2.145538921680991710e-06
1.709999999999920917e+00 3.093426674766302964e-06
1.714999999999920810e+00 4.290037250834258661e-06
1.719999999999920703e+00 5.711125231811080620e-06
1.724999999999920597e+00 7.270854444908672853e-06
1.729999999999920490e+00 8.814792325713274458e-06
1.734999999999920384e+00 1.012154884922977892e-05
1.739999999999920277e+00 1.092289492063910442e-05
1.744999999999920171e+00 1.095705250627569310e-05
1.749999999999920064e+00 1.006556821211383797e-05
1.754999999999919957e+00 8.333609988542791788e-06
1.759999999999919851e+00 6.259509663088421730e-06
1.764999999999919744e+00 4.924758583682807714e-06
1.769999999999919638e+00 6.123296300767365280e-06
1.774999999999919531e+00 1.240165943361983151e-05
1.779999999999919424e+00 2.696222616149674363e-05
1.784999999999919318e+00 5.339324766015905195e-05
1.789999999999919211e+00 9.521444777577732672e-05
1.794999999999919105e+00 1.552685427977674450e-04
1.799999999999918998e+00 2.350499308664768692e-04
1.804999999999918892e+00 3.340929662190700029e-04
1.809999999999918785e+00 4.495009741815776129e-04
1.814999999999918678e+00 5.758514974226401325e-04
1.819999999999918572e+00 7.054941811561310895e-04
1.824999999999918465e+00 8.291564629946664242e-04
1.829999999999918359e+00 9.369866142990146548e-04
1.834999999999918252e+00 1.019806809463385481e-03
1.839999999999918145e+00 1.070336466053900190e-03
1.844999999999918039e+00 1.084171961807209490e-03
1.849999999999917932e+00 1.060363093271199722e-03
1.854999999999917826e+00 1.001499394402831020e-03
1.859999999999917719e+00 9.133007808024304428e-04
1.864999999999917613e+00 8.037870255320644529e-04
1.869999999999917506e+00 6.821694047108269651e-04
1.874999999999917399e+00 5.576555743750470900e-04
1.879999999999917293e+00 4.383754535093311254e-04
1.884999999999917186e+00 3.306116907680010366e-04
1.889999999999917080e+00 2.384432832887970637e-04
1.894999999999916973e+00 1.637751942245647995e-04
1.899999999999916866e+00 1.065204802569881391e-04
1.904999999999916760e+00 6.506446184396045402e-05
1.909999999999916653e+00 3.691216799392568401e-05
1.914999999999916547e+00 1.916426274646479812e-05
1.919999999999916440e+00 8.965568763520938449e-06
1.924999999999916334e+00 3.818331113909351736e-06
1.929999999999916227e+00 1.735263185832455406e-06
1.934999999999916120e+00 1.272735464543714271e-06
1.939999999999916014e+00 1.482984544828611544e-06
1.944999999999915907e+00 1.820203549204801995e-06
1.949999999999915801e+00 2.029492002640688740e-06
1.954999999999915694e+00 2.040559083101796749e-06
1.959999999999915588e+00 1.880454934309103324e-06
1.964999999999915481e+00 1.612116302685187654e-06
1.969999999999915374e+00 1.298821054521615056e-06
1.974999999999915268e+00 9.894170518782559825e-07
1.979999999999915161e+00 7.160903265704152469e-07
1.984999999999915055e+00 4.961314007673755131e-07
1.989999999999914948e+00 3.323128701637041229e-07
1.994999999999914841e+00 2.137719013467350032e-07
