-2.000000000000000000e+00 3.177177337777535322e-04
-1.995000000000000107e+00 3.249075320959039434e-04
-1.990000000000000213e+00 3.209179813639296717e-04
-1.985000000000000320e+00 3.060197672960015148e-04
-1.980000000000000426e+00 2.814965214154481477e-04
-1.975000000000000533e+00 2.494961699740096237e-04
-1.970000000000000639e+00 2.127292985274578966e-04
-1.965000000000000746e+00 1.741024644795717829e-04
-1.960000000000000853e+00 1.363593812038293399e-04
-1.955000000000000959e+00 1.017849632602427559e-04
-1.950000000000001066e+00 7.200771094816660670e-05
-1.945000000000001172e+00 4.791617217938802959e-05
-1.940000000000001279e+00 2.968659862402407920e-05
-1.935000000000001386e+00 1.690275947942166258e-05
-1.930000000000001492e+00 8.736538244061033324e-06
-1.925000000000001599e+00 4.150763749101705608e-06
-1.920000000000001705e+00 2.085064614381827543e-06
-1.915000000000001812e+00 1.592734458069455081e-06
-1.910000000000001918e+00 1.913001804474221054e-06
-1.905000000000002025e+00 2.490061907445729999e-06
-1.900000000000002132e+00 2.989095842010104100e-06
-1.895000000000002238e+00 3.257720731737068254e-06
-1.890000000000002345e+00 3.258021293488748630e-06
-1.885000000000002451e+00 3.030447432464582679e-06
-1.880000000000002558e+00 2.649875186561608906e-06
-1.875000000000002665e+00 2.195162539677745706e-06
-1.870000000000002771e+00 1.732338924469654862e-06
-1.865000000000002878e+00 1.307634807609094971e-06
-1.860000000000002984e+00 9.470458652601849456e-07
-1.855000000000003091e+00 6.596835560332162617e-07
-1.850000000000003197e+00 4.427592650252437617e-07
-1.845000000000003304e+00 2.866515077009781064e-07
-1.840000000000003411e+00 1.790838282661163931e-07
-1.835000000000003517e+00 1.079638858064097562e-07
-1.830000000000003624e+00 6.287067477630211242e-08
-1.825000000000003730e+00 3.549575638790290453e-08
-1.820000000000003837e+00 1.951466604134474269e-08
-1.815000000000003944e+00 1.035519111818397637e-08
-1.810000000000004050e+00 5.108865197395380800e-09
-1.805000000000004157e+00 2.369681015675151953e-09
-1.800000000000004263e+00 1.048567247144323938e-09
-1.795000000000004370e+00 3.805858332863467083e-10
-1.790000000000004476e+00 1.078156522693706101e-10
-1.785000000000004583e+00 4.741617632127696176e-11
-1.780000000000004690e+00 9.290453073616289381e-11
-1.775000000000004796e+00 1.625039849118458896e-10
-1.770000000000004903e+00 1.944631094156896628e-10
-1.765000000000005009e+00 1.566821445889493316e-10
-1.760000000000005116e+00 5.276994043312972761e-11
-1.755000000000005222e+00 -8.248051405976388508e-11
-1.750000000000005329e+00 -1.978137663121243282e-10
-1.745000000000005436e+00 -2.456651725250201892e-10
-1.740000000000005542e+00 -2.011598579205219167e-10
-1.735000000000005649e+00 -7.365857006934510584e-11
-1.730000000000005755e+00 9.350752466114738285e-11
-1.725000000000005862e+00 2.363301611916835801e-10
-1.720000000000005969e+00 2.937752212607269605e-10
-1.715000000000006075e+00 2.349417871962552656e-10
-1.710000000000006182e+00 7.885997029296449147e-11
-1.705000000000006288e+00 -1.073457415396587837e-10
-1.700000000000006395e+00 -2.485367140997185407e-10
-1.695000000000006501e+00 -2.916536499123617095e-10
-1.690000000000006608e+00 -2.211403230547479156e-10
-1.685000000000006715e+00 -6.812627299203255957e-11
-1.680000000000006821e+00 1.017714766589570079e-10
-1.675000000000006928e+00 2.200867093771129527e-10
-1.670000000000007034e+00 2.453586404510080377e-10
-1.665000000000007141e+00 1.767301487593054558e-10
-1.660000000000007248e+00 4.931209262492325079e-11
-1.655000000000007354e+00 -8.334708857248438747e-11
-1.650000000000007461e+00 -1.712441017566177413e-10
-1.645000000000007567e+00 -1.860588910886640565e-10
-1.640000000000007674e+00 -1.295802127652126867e-10
-1.635000000000007780e+00 -3.029862783806838746e-11
-1.630000000000007887e+00 6.985154837488256887e-11
-1.625000000000007994e+00 1.331293444024738706e-10
-1.620000000000008100e+00 1.406169097876864290e-10
-1.615000000000008207e+00 9.708225262682919335e-11
-1.610000000000008313e+00 2.344782859116852931e-11
-1.605000000000008420e+00 -5.715862001979301463e-11
-1.600000000000008527e+00 -1.197552339232490746e-10
-1.595000000000008633e+00 -1.388952103252388032e-10
-1.590000000000008740e+00 -1.102058568823330596e-10
-1.585000000000008846e+00 -3.866485609880765860e-11
-1.580000000000008953e+00 6.040606702975163079e-11
-1.575000000000009059e+00 1.499952898353465268e-10
-1.570000000000009166e+00 1.891486188326305739e-10
-1.565000000000009273e+00 1.545422023818829046e-10
-1.560000000000009379e+00 5.274306877745738098e-11
-1.555000000000009486e+00 -8.105453540092224968e-11
-1.550000000000009592e+00 -1.959595492507090919e-10
-1.545000000000009699e+00 -2.445647084552775050e-10
-1.540000000000009805e+00 -2.015653064763230115e-10
-1.535000000000009912e+00 -7.542543672963385921e-11
-1.530000000000010019e+00 9.140730552879419229e-11
-1.525000000000010125e+00 2.352224221793396897e-10
-1.520000000000010232e+00 2.943939472705475022e-10
-1.515000000000010338e+00 2.368237112298155308e-10
-1.510000000000010445e+00 8.064321661173015236e-11
-1.505000000000010552e+00 -1.067063237259877205e-10
-1.500000000000010658e+00 -2.493298393094157720e-10
-1.495000000000010765e+00 -2.934684833291223498e-10
-1.490000000000010871e+00 -2.228167483158889500e-10
-1.485000000000010978e+00 -6.853458270027138685e-11
-1.480000000000011084e+00 1.028845550729090922e-10
-1.475000000000011191e+00 2.219957224942323848e-10
-1.470000000000011298e+00 2.468829724212476348e-10
-1.465000000000011404e+00 1.769542751438754655e-10
-1.460000000000011511e+00 4.808831899715784401e-11
-1.455000000000011617e+00 -8.534082829113704671e-11
-1.450000000000011724e+00 -1.728824577680416625e-10
-1.445000000000011831e+00 -1.863785365608063687e-10
-1.440000000000011937e+00 -1.283182684749398733e-10
-1.435000000000012044e+00 -2.808449995457881598e-11
-1.430000000000012150e+00 7.178214700322841012e-11
-1.425000000000012257e+00 1.336060240361362091e-10
-1.420000000000012363e+00 1.392680693546038930e-10
-1.415000000000012470e+00 9.466963239342087899e-11
-1.410000000000012577e+00 2.143432995159637859e-11
-1.405000000000012683e+00 -5.768555731859098209e-11
-1.400000000000012790e+00 -1.185956210767762501e-10
-1.395000000000012896e+00 -1.366478019411442889e-10
-1.390000000000013003e+00 -1.080765252828990076e-10
-1.385000000000013110e+00 -3.784257970379054377e-11
-1.380000000000013216e+00 5.947546962667859726e-11
-1.375000000000013323e+00 1.478798810112955519e-10
-1.370000000000013429e+00 1.870519363284337385e-10
-1.365000000000013536e+00 1.535983647911916164e-10
-1.360000000000013642e+00 5.341266076632608874e-11
-1.355000000000013749e+00 -7.919262444030537336e-11
-1.350000000000013856e+00 -1.939532491779962603e-10
-1.345000000000013962e+00 -2.435212572269125974e-10
-1.340000000000014069e+00 -2.020559226623354940e-10
-1.335000000000014175e+00 -7.716000791640641953e-11
-1.330000000000014282e+00 8.945027710799340204e-11
-1.325000000000014388e+00 2.342336392802777063e-10
-1.320000000000014495e+00 2.950017980771029846e-10
-1.315000000000014602e+00 2.386295921855015123e-10
-1.310000000000014708e+00 8.243424965999811496e-11
-1.305000000000014815e+00 -1.060476337496577967e-10
-1.300000000000014921e+00 -2.501564378784264906e-10
-1.295000000000015028e+00 -2.953057997599021334e-10
-1.290000000000015135e+00 -2.245053780125015841e-10
-1.285000000000015241e+00 -6.893935961968961455e-11
-1.280000000000015348e+00 1.040251860197790273e-10
-1.275000000000015454e+00 2.239488364159067090e-10
-1.270000000000015561e+00 2.484441045466471298e-10
-1.265000000000015667e+00 1.771832552490748107e-10
-1.260000000000015774e+00 4.682975100213724712e-11
-1.255000000000015881e+00 -8.739247353057375009e-11
-1.250000000000015987e+00 -1.745688712603111269e-10
-1.245000000000016094e+00 -1.867056875529348700e-10
-1.240000000000016200e+00 -1.270140792133433396e-10
-1.235000000000016307e+00 -2.579921022147467863e-11
-1.230000000000016414e+00 7.377095888897382652e-11
-1.225000000000016520e+00 1.340896312064742064e-10
-1.220000000000016627e+00 1.378680757052917671e-10
-1.215000000000016733e+00 9.218497762718820160e-11
-1.210000000000016840e+00 1.938959558498865863e-11
-1.205000000000016946e+00 -5.816454944425147953e-11
-1.200000000000017053e+00 -1.173188725998230516e-10
-1.195000000000017160e+00 -1.344774578953253116e-10
-1.190000000000017266e+00 -1.057395126854448859e-10
-1.185000000000017373e+00 -3.662405287843176524e-11
-1.180000000000017479e+00 5.817322598166797704e-11
-1.175000000000017586e+00 1.442511941717742361e-10
-1.170000000000017693e+00 1.826372776003804846e-10
-1.165000000000017799e+00 1.499810900009234480e-10
-1.160000000000017906e+00 5.155800509810425990e-11
-1.155000000000018012e+00 -7.821477762435195075e-11
-1.150000000000018119e+00 -1.875461815533100559e-10
-1.145000000000018225e+00 -2.271202774074249268e-10
-1.140000000000018332e+00 -1.713756643502126437e-10
-1.135000000000018439e+00 -3.371854805450826483e-11
-1.130000000000018545e+00 1.310210702672012977e-10
-1.125000000000018652e+00 2.410724177588790883e-10
-1.120000000000018758e+00 2.190678860217705217e-10
-1.115000000000018865e+00 3.410641742096330824e-11
-1.110000000000018971e+00 -2.595209924845161873e-10
-1.105000000000019078e+00 -5.108197675018050614e-10
-1.100000000000019185e+00 -5.234421055907263534e-10
-1.095000000000019291e+00 -7.231013995046127463e-11
-1.090000000000019398e+00 7.880292188717780223e-10
-1.085000000000019504e+00 1.609556522123775448e-09
-1.080000000000019611e+00 2.348833320165400914e-09
-1.075000000000019718e+00 2.443252816935932309e-09
-1.070000000000019824e+00 9.815015203577867589e-10
-1.065000000000019931e+00 -2.520344683200129525e-09
-1.060000000000020037e+00 -7.353436832601030079e-09
-1.055000000000020144e+00 -1.138010442478704461e-08
-1.050000000000020250e+00 -1.159639769761468520e-08
-1.045000000000020357e+00 -5.435316276724519226e-09
-1.040000000000020464e+00 7.578281880383306515e-09
-1.035000000000020570e+00 2.447128996241011811e-08
-1.030000000000020677e+00 3.853211174548046273e-08
-1.025000000000020783e+00 4.075402472694130078e-08
-1.020000000000020890e+00 2.328796143378520356e-08
-1.015000000000020997e+00 -1.557642809784680168e-08
-1.010000000000021103e+00 -6.657868420190801986e-08
-1.005000000000021210e+00 -1.081907957196937892e-07
-1.000000000000021316e+00 -1.145381813094091956e-07
-9.950000000000214229e-01 -9.636662671596075140e-08
-9.900000000000215294e-01 -6.508006537151068417e-08
-9.850000000000216360e-01 -2.237293126076576889e-08
-9.800000000000217426e-01 2.848802197410512792e-08
-9.750000000000218492e-01 8.284748712587945263e-08
-9.700000000000219558e-01 1.350436348779749257e-07
-9.650000000000220624e-01 1.789647001603723860e-07
-9.600000000000221689e-01 2.087301561192244935e-07
-9.550000000000222755e-01 2.194238528804899669e-07
-9.500000000000223821e-01 2.077910740887574473e-07
-9.450000000000224887e-01 1.728062823633147017e-07
-9.400000000000225953e-01 1.160252585904525372e-07
-9.350000000000227018e-01 4.165472130572889106e-08
-9.300000000000228084e-01 -4.369708083515958664e-08
-9.250000000000229150e-01 -1.315870235042517397e-07
-9.200000000000230216e-01 -2.125776343849457251e-07
-9.150000000000231282e-01 -2.772686840437327723e-07
-9.100000000000232347e-01 -3.174053849144971286e-07
-9.050000000000233413e-01 -3.269298855916863252e-07
-9.000000000000234479e-01 -3.028402563804174846e-07
-8.950000000000235545e-01 -2.457365719639675704e-07
-8.900000000000236611e-01 -1.599661289126311283e-07
-8.850000000000237677e-01 -5.332596001723358446e-08
-8.800000000000238742e-01 6.366483157638240590e-08
-8.750000000000239808e-01 1.788547211943350234e-07
-8.700000000000240874e-01 2.797936887166761421e-07
-8.650000000000241940e-01 3.551573660247628885e-07
-8.600000000000243006e-01 3.960896422890199436e-07
-8.550000000000244071e-01 3.972960278661841288e-07
-8.500000000000245137e-01 3.577461510313010417e-07
-8.450000000000246203e-01 2.808890538112605507e-07
-8.400000000000247269e-01 1.743439454497634323e-07
-8.350000000000248335e-01 4.909422269109502940e-08
-8.300000000000249401e-01 -8.172467540508217585e-08
-8.250000000000250466e-01 -2.043010213337041351e-07
-8.200000000000251532e-01 -3.057094119419142792e-07
-8.150000000000252598e-01 -3.753717702260645379e-07
-8.100000000000253664e-01 -4.062406735655758330e-07
-8.050000000000254730e-01 -3.955638698417395031e-07
-8.000000000000255795e-01 -3.451416290442151847e-07
-7.950000000000256861e-01 -2.610521833889995131e-07
-7.900000000000257927e-01 -1.528864936845200661e-07
-7.850000000000258993e-01 -3.259328722713804061e-08
-7.800000000000260059e-01 8.691893365300606881e-08
-7.750000000000261124e-01 1.932500711448171497e-07
-7.700000000000262190e-01 2.758703338756441700e-07
-7.650000000000263256e-01 3.272181132382409587e-07
-7.600000000000264322e-01 3.434140016472649755e-07
-7.550000000000265388e-01 3.245226445167232968e-07
-7.500000000000266454e-01 2.743520663211480901e-07
-7.450000000000267519e-01 1.998367437297735033e-07
-7.400000000000268585e-01 1.100987942985163599e-07
-7.350000000000269651e-01 1.531546058549026249e-08
-7.300000000000270717e-01 -7.446297088637640359e-08
-7.250000000000271783e-01 -1.504035899540216451e-07
-7.200000000000272848e-01 -2.057686632811908142e-07
-7.150000000000273914e-01 -2.364937705827233697e-07
-7.100000000000274980e-01 -2.414215408452470594e-07
-7.050000000000276046e-01 -2.221909612240167872e-07
-7.000000000000277112e-01 -1.828234627196704035e-07
-6.950000000000278177e-01 -1.290797627328026650e-07
-6.900000000000279243e-01 -6.768228609677300006e-08
-6.850000000000280309e-01 -5.505262986335787535e-09
-6.800000000000281375e-01 5.117139906952966584e-08
-6.750000000000282441e-01 9.726564806888699182e-08
-6.700000000000283507e-01 1.293006563746196145e-07
-6.650000000000284572e-01 1.455916509249960553e-07
-6.600000000000285638e-01 1.462168123140532391e-07
-6.550000000000286704e-01 1.328019187190617477e-07
-6.500000000000287770e-01 1.081667755894396098e-07
-6.450000000000288836e-01 7.589154306460186497e-08
-6.400000000000289901e-01 3.986255286096022740e-08
-6.350000000000290967e-01 3.850993839869723085e-09
-6.300000000000292033e-01 -2.883421901344958186e-08
-6.250000000000293099e-01 -5.559357448346764376e-08
-6.200000000000294165e-01 -7.467461497692846862e-08
-6.150000000000295231e-01 -8.520543639908241297e-08
-6.100000000000296296e-01 -8.714081323631750302e-08
-6.050000000000297362e-01 -8.114471574426077365e-08
-6.000000000000298428e-01 -6.843525474931569135e-08
-5.950000000000299494e-01 -5.061612973369234821e-08
-5.900000000000300560e-01 -2.951356013072358156e-08
-5.850000000000301625e-01 -7.030895598767902930e-09
-5.800000000000302691e-01 1.497384516493592888e-08
-5.750000000000303757e-01 3.478802455506290182e-08
-5.700000000000304823e-01 5.092618609725812487e-08
-5.650000000000305889e-01 6.219886703781769896e-08
-5.600000000000306954e-01 6.777238547866087278e-08
-5.550000000000308020e-01 6.722049235450130151e-08
-5.500000000000309086e-01 6.056491113350940737e-08
-5.450000000000310152e-01 4.829824266271682214e-08
-5.400000000000311218e-01 3.138052891640666946e-08
-5.350000000000312284e-01 1.120070837833734433e-08
-5.300000000000313349e-01 -1.050340937999404591e-08
-5.250000000000314415e-01 -3.176833764055997952e-08
-5.200000000000315481e-01 -5.056663615084844354e-08
-5.150000000000316547e-01 -6.499558441966700819e-08
-5.100000000000317613e-01 -7.347490384375622016e-08
-5.050000000000318678e-01 -7.493115752170704569e-08
-5.000000000000319744e-01 -6.894484515178203728e-08
-4.950000000000320810e-01 -5.583805740123277892e-08
-4.900000000000321876e-01 -3.668592652740373250e-08
-4.850000000000322942e-01 -1.324350245998799453e-08
-4.800000000000324007e-01 1.220992851757324550e-08
-4.750000000000325073e-01 3.709608622606540852e-08
-4.700000000000326139e-01 5.880951258862270176e-08
-4.650000000000327205e-01 7.500548433670810125e-08
-4.600000000000328271e-01 8.386977191649950799e-08
-4.550000000000329337e-01 8.433665286483070195e-08
-4.500000000000330402e-01 7.622677569487422765e-08
-4.450000000000331468e-01 6.028563176564800946e-08
-4.400000000000332534e-01 3.811538729703330702e-08
-4.350000000000333600e-01 1.200608599261217141e-08
-4.300000000000334666e-01 -1.531502247466182404e-08
-4.250000000000335731e-01 -4.098677187405445448e-08
-4.200000000000336797e-01 -6.233390824611248163e-08
-4.150000000000337863e-01 -7.716517022605063174e-08
-4.100000000000338929e-01 -8.401403738280917097e-08
-4.050000000000339995e-01 -8.229380991036115801e-08
-4.000000000000341061e-01 -7.234948562891310319e-08
-3.950000000000342126e-01 -5.540180194328483623e-08
-3.900000000000343192e-01 -3.339209368929991974e-08
-3.850000000000344258e-01 -8.748546615808427873e-09
-3.800000000000345324e-01 1.589651503420799228e-08
-3.750000000000346390e-01 3.800357344107053687e-08
-3.700000000000347455e-01 5.540176544762520505e-08
-3.650000000000348521e-01 6.651213150451178138e-08
-3.600000000000349587e-01 7.049435557082463503e-08
-3.550000000000350653e-01 6.730332186852990591e-08
-3.500000000000351719e-01 5.765327299611408200e-08
-3.450000000000352784e-01 4.289852314694231882e-08
-3.400000000000353850e-01 2.484916151508738715e-08
-3.350000000000354916e-01 5.546869562868367475e-09
-3.300000000000355982e-01 -1.297080944727406810e-08
-3.250000000000357048e-01 -2.888986165771803751e-08
-3.200000000000358114e-01 -4.079879328770040220e-08
-3.150000000000359179e-01 -4.780965321874678259e-08
-3.100000000000360245e-01 -4.961168128181631406e-08
-3.050000000000361311e-01 -4.645686217693745288e-08
-3.000000000000362377e-01 -3.908475043157136848e-08
-2.950000000000363443e-01 -2.860045433846319263e-08
-2.900000000000364508e-01 -1.632394051550496161e-08
-2.850000000000365574e-01 -3.630503865623180065e-09
-2.800000000000366640e-01 8.198640522902732663e-09
-2.750000000000367706e-01 1.809979895782523899e-08
-2.700000000000368772e-01 2.531316263453131837e-08
-2.650000000000369837e-01 2.942657903213915395e-08
-2.600000000000370903e-01 3.037688225853087015e-08
-2.550000000000371969e-01 2.841393728953550058e-08
-2.500000000000373035e-01 2.403632615327196076e-08
-2.450000000000374101e-01 1.790979714708045636e-08
-2.400000000000375167e-01 1.078010853570902913e-08
-2.350000000000376232e-01 3.390860403770530496e-09
-2.300000000000377298e-01 -3.585347081998106521e-09
-2.250000000000378364e-01 -9.597102062616006615e-09
-2.200000000000379430e-01 -1.424364079521619913e-08
-2.150000000000380496e-01 -1.728450494020099259e-08
-2.100000000000381561e-01 -1.863267559072530817e-08
-2.050000000000382627e-01 -1.833591319712563175e-08
-2.000000000000383693e-01 -1.655149088053134451e-08
-1.950000000000384759e-01 -1.351905201940694776e-08
-1.900000000000385825e-01 -9.535166037521057169e-09
-1.850000000000386891e-01 -4.931605662265798859e-09
-1.800000000000387956e-01 -5.776611234904421649e-11
-1.750000000000389022e-01 4.733690785668618878e-09
-1.700000000000390088e-01 9.099714866677995700e-09
-1.650000000000391154e-01 1.272020932326621129e-08
-1.600000000000392220e-01 1.531333343762484943e-08
-1.550000000000393285e-01 1.665330620287093410e-08
-1.500000000000394351e-01 1.658999901846610705e-08
-1.450000000000395417e-01 1.506833658234162399e-08
-1.400000000000396483e-01 1.214452127745192686e-08
-1.350000000000397549e-01 7.995596231294743559e-09
-1.300000000000398614e-01 2.919017740709468655e-09
-1.250000000000399680e-01 -2.680243438604759989e-09
-1.200000000000400746e-01 -8.316095681520736033e-09
-1.150000000000401812e-01 -1.346037082532112865e-08
-1.100000000000402878e-01 -1.759167458920722047e-08
-1.050000000000403944e-01 -2.024938210997999620e-08
-1.000000000000405009e-01 -2.108679079066293246e-08
-9.500000000004060752e-02 -1.991685035446246409e-08
-9.000000000004071410e-02 -1.674417711417056950e-08
-8.500000000004082068e-02 -1.177824573147973155e-08
-8.000000000004092726e-02 -5.424625317083243648e-09
-7.500000000004103384e-02 1.746342649253835325e-09
-7.000000000004114042e-02 9.051257494983818421e-09
-6.500000000004124701e-02 1.576095037028599029e-08
-6.000000000004135359e-02 2.117637386585897609e-08
-5.500000000004146017e-02 2.470472703300987073e-08
-5.000000000004156675e-02 2.592705584046098619e-08
-4.500000000004167333e-02 2.464923962099859346e-08
-4.000000000004177991e-02 2.092995530865989954e-08
-3.500000000004188649e-02 1.508171664563013270e-08
-3.000000000004199308e-02 7.644121936094207649e-09
-2.500000000004209966e-02 -6.683512398970203721e-10
-2.000000000004220624e-02 -9.038679206587753470e-09
-1.500000000004231282e-02 -1.663202193609857056e-08
-1.000000000004241940e-02 -2.268358617486904889e-08
-5.000000000042525983e-03 -2.657989070844777095e-08
-4.263256414560601115e-14 -2.792436069773156299e-08
4.999999999957260854e-03 -2.657989070471387766e-08
9.999999999957154273e-03 -2.268358616105307795e-08
1.499999999995704769e-02 -1.663202190112534449e-08
1.999999999995694111e-02 -9.038679137145563852e-09
2.499999999995683453e-02 -6.683511231575586035e-10
2.999999999995672795e-02 7.644122110167123113e-09
3.499999999995662137e-02 1.508171688317499057e-08
3.999999999995651478e-02 2.092995561214168647e-08
4.499999999995640820e-02 2.464923999020514423e-08
4.999999999995630162e-02 2.592705627401909165e-08
5.499999999995619504e-02 2.470472753056943166e-08
5.999999999995608846e-02 2.117637443089081917e-08
6.499999999995598188e-02 1.576095101306752361e-08
6.999999999995587530e-02 9.051258234857034368e-09
7.499999999995576871e-02 1.746343514778495335e-09
7.999999999995566213e-02 -5.424624290894160024e-09
8.499999999995555555e-02 -1.177824450806287172e-08
8.999999999995544897e-02 -1.674417566066176731e-08
9.499999999995534239e-02 -1.991684864580638405e-08
9.999999999995523581e-02 -2.108678881182630147e-08
1.049999999999551292e-01 -2.024937985622590493e-08
1.099999999999550226e-01 -1.759167206513064067e-08
1.149999999999549161e-01 -1.346036804332299325e-08
1.199999999999548095e-01 -8.316092659516531371e-09
1.249999999999547029e-01 -2.680240196523344895e-09
1.299999999999545963e-01 2.919021185170808580e-09
1.349999999999544897e-01 7.995599866244525176e-09
1.399999999999543832e-01 1.214452509802416633e-08
1.449999999999542766e-01 1.506834058864787820e-08
1.499999999999541700e-01 1.659000321119498236e-08
1.549999999999540634e-01 1.665331057871641789e-08
1.599999999999539568e-01 1.531333798608461659e-08
1.649999999999538502e-01 1.272021402500318289e-08
1.699999999999537437e-01 9.099719692921056553e-09
1.749999999999536371e-01 4.733695697817575952e-09
1.799999999999535305e-01 -5.776116360812252818e-11
1.849999999999534239e-01 -4.931600738113197919e-09
1.899999999999533173e-01 -9.535161211233378195e-09
1.949999999999532108e-01 -1.351904737417321970e-08
1.999999999999531042e-01 -1.655148650379673090e-08
2.049999999999529976e-01 -1.833590917185246689e-08
2.099999999999528910e-01 -1.863267198615410512e-08
2.149999999999527844e-01 -1.728450180588315231e-08
2.199999999999526779e-01 -1.424363816097173985e-08
2.249999999999525713e-01 -9.597099944475883827e-09
2.299999999999524647e-01 -3.585345491629911214e-09
2.349999999999523581e-01 3.390861450280088794e-09
2.399999999999522515e-01 1.078010901368843086e-08
2.449999999999521449e-01 1.790979702559245964e-08
2.499999999999520384e-01 2.403632540318343648e-08
2.549999999999519318e-01 2.841393589482069456e-08
2.599999999999518252e-01 3.037688022711785195e-08
2.649999999999517186e-01 2.942657640220674916e-08
2.699999999999516120e-01 2.531315947351848367e-08
2.749999999999515055e-01 1.809979535435279650e-08
2.799999999999513989e-01 8.198636574933415967e-09
2.849999999999512923e-01 -3.630508061173959696e-09
2.899999999999511857e-01 -1.632394486731361574e-08
2.949999999999510791e-01 -2.860045875884560592e-08
2.999999999999509726e-01 -3.908475483162654614e-08
3.049999999999508660e-01 -4.645686646401069089e-08
3.099999999999507594e-01 -4.961168536254226759e-08
3.149999999999506528e-01 -4.780965700683841708e-08
3.199999999999505462e-01 -4.079879671218516448e-08
3.249999999999504396e-01 -2.888986466683015091e-08
3.299999999999503331e-01 -1.297081200585000701e-08
3.349999999999502265e-01 5.546867480915400499e-09
3.399999999999501199e-01 2.484915993521700552e-08
3.449999999999500133e-01 4.289852209923196021e-08
3.499999999999499067e-01 5.765327251468928773e-08
3.549999999999498002e-01 6.730332198471520506e-08
3.599999999999496936e-01 7.049435630180281886e-08
3.649999999999495870e-01 6.651213284111305649e-08
3.699999999999494804e-01 5.540176734564732252e-08
3.749999999999493738e-01 3.800357581985483061e-08
3.799999999999492672e-01 1.589651778384419830e-08
3.849999999999491607e-01 -8.748543620818391881e-09
3.899999999999490541e-01 -3.339209057515078427e-08
3.949999999999489475e-01 -5.540179882675451248e-08
3.999999999999488409e-01 -7.234948261593907542e-08
4.049999999999487343e-01 -8.229380710300879864e-08
4.099999999999486278e-01 -8.401403488999730849e-08
4.149999999999485212e-01 -7.716516817145133069e-08
4.199999999999484146e-01 -6.233390676831770960e-08
4.249999999999483080e-01 -4.098677111825145550e-08
4.299999999999482014e-01 -1.531502257896872687e-08
4.349999999999480949e-01 1.200608491136223962e-08
4.399999999999479883e-01 3.811538515407297152e-08
4.449999999999478817e-01 6.028562851372709900e-08
4.499999999999477751e-01 7.622677132448005931e-08
4.549999999999476685e-01 8.433664740039276472e-08
4.599999999999475619e-01 8.386976541038317861e-08
4.649999999999474554e-01 7.500547686313362264e-08
4.699999999999473488e-01 5.880950423889291998e-08
4.749999999999472422e-01 3.709607710477406285e-08
4.799999999999471356e-01 1.220991873870106642e-08
4.849999999999470290e-01 -1.324351277734951302e-08
4.899999999999469225e-01 -3.668593726307431660e-08
4.949999999999468159e-01 -5.583806843709606146e-08
4.999999999999467093e-01 -6.894485637404463427e-08
5.049999999999466027e-01 -7.493116882303561551e-08
5.099999999999464961e-01 -7.347491512626891920e-08
5.149999999999463896e-01 -6.499559559863498516e-08
5.199999999999462830e-01 -5.056664715739365261e-08
5.249999999999461764e-01 -3.176834842102852816e-08
5.299999999999460698e-01 -1.050341989028204029e-08
5.349999999999459632e-01 1.120069818337067886e-08
5.399999999999458566e-01 3.138051909511294956e-08
5.449999999999457501e-01 4.829823329453077777e-08
5.499999999999456435e-01 6.056490231775259328e-08
5.549999999999455369e-01 6.722048419999695719e-08
5.599999999999454303e-01 6.777237808842187627e-08
5.649999999999453237e-01 6.219886049409682573e-08
5.699999999999452172e-01 5.092618045019560935e-08
5.749999999999451106e-01 3.478801981569092461e-08
5.799999999999450040e-01 1.497384130287424383e-08
5.849999999999448974e-01 -7.030898651251592274e-09
5.899999999999447908e-01 -2.951356246666490912e-08
5.949999999999446842e-01 -5.061613145340913998e-08
5.999999999999445777e-01 -6.843525594368013669e-08
6.049999999999444711e-01 -8.114471648855888144e-08
6.099999999999443645e-01 -8.714081359978129945e-08
6.149999999999442579e-01 -8.520543646672020403e-08
6.199999999999441513e-01 -7.467461487301609454e-08
6.249999999999440448e-01 -5.559357438444050574e-08
6.299999999999439382e-01 -2.883421914249110407e-08
6.349999999999438316e-01 3.850993236583656921e-09
6.399999999999437250e-01 3.986255154973691966e-08
6.449999999999436184e-01 7.589154086123086174e-08
6.499999999999435119e-01 1.081667723872314997e-07
6.549999999999434053e-01 1.328019144999990813e-07
6.599999999999432987e-01 1.462168071397498282e-07
6.649999999999431921e-01 1.455916449105255080e-07
6.699999999999430855e-01 1.293006496554650360e-07
6.749999999999429789e-01 9.726564077477944532e-08
6.799999999999428724e-01 5.117139131435531859e-08
6.849999999999427658e-01 -5.505271099094210650e-09
6.899999999999426592e-01 -6.768229446152147009e-08
6.949999999999425526e-01 -1.290797712331433090e-07
6.999999999999424460e-01 -1.828234712308771832e-07
7.049999999999423395e-01 -2.221909696267553598e-07
7.099999999999422329e-01 -2.414215490441143838e-07
7.149999999999421263e-01 -2.364937785195418348e-07
7.199999999999420197e-01 -2.057686709333359317e-07
7.249999999999419131e-01 -1.504035973152418090e-07
7.299999999999418065e-01 -7.446297793882268414e-08
7.349999999999417000e-01 1.531545389356138088e-08
7.399999999999415934e-01 1.100987880589044552e-07
7.449999999999414868e-01 1.998367380632867223e-07
7.499999999999413802e-01 2.743520613565615137e-07
7.549999999999412736e-01 3.245226403687810901e-07
7.599999999999411671e-01 3.434139983985859910e-07
7.649999999999410605e-01 3.272181109266173713e-07
7.699999999999409539e-01 2.758703324879613686e-07
7.749999999999408473e-01 1.932500706183087224e-07
7.799999999999407407e-01 8.691893388348962328e-08
7.849999999999406342e-01 -3.259328637118549893e-08
7.899999999999405276e-01 -1.528864923451970756e-07
7.949999999999404210e-01 -2.610521817040898330e-07
7.999999999999403144e-01 -3.451416271372242126e-07
8.049999999999402078e-01 -3.955638678175820632e-07
8.099999999999401012e-01 -4.062406715102306929e-07
8.149999999999399947e-01 -3.753717682053890388e-07
8.199999999999398881e-01 -3.057094099946550431e-07
8.249999999999397815e-01 -2.043010194583631843e-07
8.299999999999396749e-01 -8.172467354526527433e-08
8.349999999999395683e-01 4.909422465582864784e-08
8.399999999999394618e-01 1.743439477006718303e-07
8.449999999999393552e-01 2.808890565711451969e-07
8.499999999999392486e-01 3.577461545308955373e-07
8.549999999999391420e-01 3.972960323025213076e-07
8.599999999999390354e-01 3.960896477854296556e-07
8.649999999999389289e-01 3.551573726043940676e-07
8.699999999999388223e-01 2.797936963001038853e-07
8.749999999999387157e-01 1.788547296247886465e-07
8.799999999999386091e-01 6.366484066522968315e-08
8.849999999999385025e-01 -5.332595044250582846e-08
8.899999999999383959e-01 -1.599661189808273557e-07
8.949999999999382894e-01 -2.457365617703739189e-07
8.999999999999381828e-01 -3.028402460344390060e-07
9.049999999999380762e-01 -3.269298752805852222e-07
9.099999999999379696e-01 -3.174053749519031791e-07
9.149999999999378630e-01 -2.772686748795567375e-07
9.199999999999377565e-01 -2.125776265745443069e-07
9.249999999999376499e-01 -1.315870176562600653e-07
9.299999999999375433e-01 -4.369707756449498849e-08
9.349999999999374367e-01 4.165472140440673388e-08
9.399999999999373301e-01 1.160252549527637190e-07
9.449999999999372235e-01 1.728062744667693710e-07
9.499999999999371170e-01 2.077910614843671821e-07
9.549999999999370104e-01 2.194238352470432772e-07
9.599999999999369038e-01 2.087301333222751217e-07
9.649999999999367972e-01 1.789646722890664999e-07
9.699999999999366906e-01 1.350436022403177396e-07
9.749999999999365841e-01 8.284745020075517806e-08
9.799999999999364775e-01 2.848798133791894765e-08
9.849999999999363709e-01 -2.237297500373424057e-08
9.899999999999362643e-01 -6.508011162959301533e-08
9.949999999999361577e-01 -9.636667491244846854e-08
9.999999999999360512e-01 -1.145382308593250399e-07
1.004999999999935945e+00 -1.081908445047730679e-07
1.009999999999935838e+00 -6.657872991336958962e-08
1.014999999999935731e+00 -1.557646921724878438e-08
1.019999999999935625e+00 2.328792569669597027e-08
1.024999999999935518e+00 4.075399471789156474e-08
1.029999999999935412e+00 3.853208753939663095e-08
1.034999999999935305e+00 2.447127138632920095e-08
1.039999999999935199e+00 7.578268466882037124e-09
1.044999999999935092e+00 -5.435325308668545767e-09
1.049999999999934985e+00 -1.159640337803552210e-08
1.054999999999934879e+00 -1.138010788571308004e-08
1.059999999999934772e+00 -7.353439126456877979e-09
1.064999999999934666e+00 -2.520346633194997491e-09
1.069999999999934559e+00 9.814993859901505192e-10
1.074999999999934452e+00 2.443250237469970126e-09
1.079999999999934346e+00 2.348830225749267348e-09
1.084999999999934239e+00 1.609552988360436179e-09
1.089999999999934133e+00 7.880255129386055236e-10
1.094999999999934026e+00 -7.231348824883347104e-11
1.099999999999933920e+00 -5.234445699333822781e-10
1.104999999999933813e+00 -5.108233498919251645e-10
1.109999999999933706e+00 -2.595254067677145776e-10
1.114999999999933600e+00 3.410148665154766867e-11
1.119999999999933493e+00 2.190626791297467101e-10
1.124999999999933387e+00 2.410670851545537522e-10
1.129999999999933280e+00 1.310157021803191349e-10
1.134999999999933173e+00 -3.372388254998662429e-11
1.139999999999933067e+00 -1.713808908958922995e-10
1.144999999999932960e+00 -2.271253103970780644e-10
1.149999999999932854e+00 -1.875509351783646886e-10
1.154999999999932747e+00 -7.821918357382360737e-11
1.159999999999932641e+00 5.155398520578431144e-11
1.164999999999932534e+00 1.499774658264633038e-10
1.169999999999932427e+00 1.826340458810603102e-10
1.174999999999932321e+00 1.442483610485754804e-10
1.179999999999932214e+00 5.817082053978158085e-11
1.184999999999932108e+00 -3.662599029942114411e-11
1.189999999999932001e+00 -1.057409734290219431e-10
1.194999999999931894e+00 -1.344785167415459190e-10
1.199999999999931788e+00 -1.173196719181031803e-10
1.204999999999931681e+00 -5.816577389537074619e-11
1.209999999999931575e+00 1.938807533052768296e-11
1.214999999999931468e+00 9.218326404067043732e-11
1.219999999999931362e+00 1.378662117468712252e-10
1.224999999999931255e+00 1.340876376525648001e-10
1.229999999999931148e+00 7.376886509432007555e-11
1.234999999999931042e+00 -2.580136103145727925e-11
1.239999999999930935e+00 -1.270162419458176600e-10
1.244999999999930829e+00 -1.867078292715677648e-10
1.249999999999930722e+00 -1.745709760965195107e-10
1.254999999999930616e+00 -8.739453584639310575e-11
1.259999999999930509e+00 4.682774001851127677e-11
1.264999999999930402e+00 1.771813184259790426e-10
1.269999999999930296e+00 2.484422791400253935e-10
1.274999999999930189e+00 2.239471621747954800e-10
1.279999999999930083e+00 1.040236872849072616e-10
1.284999999999929976e+00 -6.894068498510949315e-11
1.289999999999929869e+00 -2.245065515709068641e-10
1.294999999999929763e+00 -2.953068433858455368e-10
1.299999999999929656e+00 -2.501573915859141986e-10
1.304999999999929550e+00 -1.060485515733972792e-10
1.309999999999929443e+00 8.243341223869345917e-11
1.314999999999929337e+00 2.386288716960231214e-10
1.319999999999929230e+00 2.950011939582737207e-10
1.324999999999929123e+00 2.342331349763142862e-10
1.329999999999929017e+00 8.944986006762292818e-11
1.334999999999928910e+00 -7.716034142881079602e-11
1.339999999999928804e+00 -2.020561739628534897e-10
1.344999999999928697e+00 -2.435214334825429411e-10
1.349999999999928590e+00 -1.939533662504928084e-10
1.354999999999928484e+00 -7.919270215817965064e-11
1.359999999999928377e+00 5.341260795750884285e-11
1.364999999999928271e+00 1.535983359239142088e-10
1.369999999999928164e+00 1.870519451533930138e-10
1.374999999999928058e+00 1.478799482177364842e-10
1.379999999999927951e+00 5.947560935452241419e-11
1.384999999999927844e+00 -3.784237042486223836e-11
1.389999999999927738e+00 -1.080762636314525652e-10
1.394999999999927631e+00 -1.366474982705503101e-10
1.399999999999927525e+00 -1.185952541384750201e-10
1.404999999999927418e+00 -5.768521191937229390e-11
1.409999999999927311e+00 2.143464072846228083e-11
1.414999999999927205e+00 9.466988921341817024e-11
1.419999999999927098e+00 1.392682704212617577e-10
1.424999999999926992e+00 1.336061782499172887e-10
1.429999999999926885e+00 7.178226384871100353e-11
1.434999999999926779e+00 -2.808441475259836070e-11
1.439999999999926672e+00 -1.283182117748769328e-10
1.444999999999926565e+00 -1.863785046068099225e-10
1.449999999999926459e+00 -1.728824441659991907e-10
1.454999999999926352e+00 -8.534082446324876003e-11
1.459999999999926246e+00 4.808832158503442796e-11
1.464999999999926139e+00 1.769542828673748665e-10
1.469999999999926033e+00 2.468829892850233473e-10
1.474999999999925926e+00 2.219957523076635856e-10
1.479999999999925819e+00 1.028846045627171990e-10
1.484999999999925713e+00 -6.853450277655269599e-11
1.489999999999925606e+00 -2.228166264292892540e-10
1.494999999999925500e+00 -2.934683124712473060e-10
1.499999999999925393e+00 -2.493296104974581238e-10
1.504999999999925286e+00 -1.067060934695230176e-10
1.509999999999925180e+00 8.064344947796714912e-11
1.514999999999925073e+00 2.368239438036693713e-10
1.519999999999924967e+00 2.943941793618388040e-10
1.524999999999924860e+00 2.352226566128292920e-10
1.529999999999924754e+00 9.140754618844364993e-11
1.534999999999924647e+00 -7.542518683098606155e-11
1.539999999999924540e+00 -2.015650461804860322e-10
1.544999999999924434e+00 -2.445644384384096242e-10
1.549999999999924327e+00 -1.959592713874716264e-10
1.554999999999924221e+00 -8.105425201380645164e-11
1.559999999999924114e+00 5.274335541014906840e-11
1.564999999999924007e+00 1.545424901527531623e-10
1.569999999999923901e+00 1.891489057593741318e-10
1.574999999999923794e+00 1.499955742532172948e-10
1.579999999999923688e+00 6.040634844890782927e-11
1.584999999999923581e+00 -3.866457535877166087e-11
1.589999999999923475e+00 -1.102055699474582776e-10
1.594999999999923368e+00 -1.388949059642671413e-10
1.599999999999923261e+00 -1.197549028797383238e-10
1.604999999999923155e+00 -5.715831549305706576e-11
1.609999999999923048e+00 2.344811302363979768e-11
1.614999999999922942e+00 9.708252372717671723e-11
1.619999999999922835e+00 1.406171704640728639e-10
1.624999999999922728e+00 1.331295951278798630e-10
1.629999999999922622e+00 6.985178924157554063e-11
1.634999999999922515e+00 -3.029839614179489301e-11
1.639999999999922409e+00 -1.295799890824582426e-10
1.644999999999922302e+00 -1.860586744247984989e-10
1.649999999999922196e+00 -1.712438918172403301e-10
1.654999999999922089e+00 -8.334688590731591224e-11
1.659999999999921982e+00 4.931228683995022317e-11
1.664999999999921876e+00 1.767303330627294211e-10
1.669999999999921769e+00 2.453588133171884284e-10
1.674999999999921663e+00 2.200868692659015327e-10
1.679999999999921556e+00 1.017716221252762263e-10
1.684999999999921450e+00 -6.812614270555034424e-11
1.689999999999921343e+00 -2.211402066940588186e-10
1.694999999999921236e+00 -2.916535428133452526e-10
1.699999999999921130e+00 -2.485366094537566484e-10
1.704999999999921023e+00 -1.073456522281455057e-10
1.709999999999920917e+00 7.886004669442222169e-11
1.714999999999920810e+00 2.349418564526145716e-10
1.719999999999920703e+00 2.937752884932607365e-10
1.724999999999920597e+00 2.363302292096431322e-10
1.729999999999920490e+00 9.350759432033396654e-11
1.734999999999920384e+00 -7.365849864640731392e-11
1.739999999999920277e+00 -2.011597843670233575e-10
1.744999999999920171e+00 -2.456650960730782045e-10
1.749999999999920064e+00 -1.978136864092589640e-10
1.754999999999919957e+00 -8.248043124414805026e-11
1.759999999999919851e+00 5.277002407003550519e-11
1.764999999999919744e+00 1.566822258262354622e-10
1.769999999999919638e+00 1.944631851977959352e-10
1.774999999999919531e+00 1.625040538871860404e-10
1.779999999999919424e+00 9.290459395513772977e-11
1.784999999999919318e+00 4.741623608980652213e-11
1.789999999999919211e+00 1.078157092630366044e-10
1.794999999999919105e+00 3.805858847651220623e-10
1.799999999999918998e+00 1.048567294172607500e-09
1.804999999999918892e+00 2.369681053860468001e-09
1.809999999999918785e+00 5.108865228714428160e-09
1.814999999999918678e+00 1.035519114387496212e-08
1.819999999999918572e+00 1.951466606304499226e-08
1.824999999999918465e+00 3.549575640625925993e-08
1.829999999999918359e+00 6.287067479051308858e-08
1.834999999999918252e+00 1.079638858150487114e-07
1.839999999999918145e+00 1.790838282683733918e-07
1.844999999999918039e+00 2.866515076973965864e-07
1.849999999999917932e+00 4.427592650175433323e-07
1.854999999999917826e+00 6.596835560234061379e-07
1.859999999999917719e+00 9.470458652495908928e-07
1.864999999999917613e+00 1.307634807597992275e-06
1.869999999999917506e+00 1.732338924457847858e-06
1.874999999999917399e+00 2.195162539665838964e-06
1.879999999999917293e+00 2.649875186552082327e-06
1.884999999999917186e+00 3.030447432461521078e-06
1.889999999999917080e+00 3.258021293495773075e-06
1.894999999999916973e+00 3.257720731755243887e-06
1.899999999999916866e+00 2.989095842042359962e-06
1.904999999999916760e+00 2.490061907494053652e-06
1.909999999999916653e+00 1.913001804539754722e-06
1.914999999999916547e+00 1.592734458144996020e-06
1.919999999999916440e+00 2.085064614458027050e-06
1.924999999999916334e+00 4.150763749165943740e-06
1.929999999999916227e+00 8.736538244095631232e-06
1.934999999999916120e+00 1.690275947940431535e-05
1.939999999999916014e+00 2.968659862393095979e-05
1.944999999999915907e+00 4.791617217919884986e-05
1.949999999999915801e+00 7.200771094786964372e-05
1.954999999999915694e+00 1.017849632598391752e-04
1.959999999999915588e+00 1.363593812033351877e-04
1.964999999999915481e+00 1.741024644790175658e-04
1.969999999999915374e+00 2.127292985268854921e-04
1.974999999999915268e+00 2.494961699734672515e-04
1.979999999999915161e+00 2.814965214149849223e-04
1.984999999999915055e+00 3.060197672956609127e-04
1.989999999999914948e+00 3.209179813637453031e-04
1.994999999999914841e+00 3.249075320958965708e-04
