-2.000000000000000000e+00 6.223400632260222422e-56
-1.995000000000000107e+00 -1.654668190531188278e-56
-1.990000000000000213e+00 4.050760180658612427e-56
-1.985000000000000320e+00 -7.605822288087414858e-57
-1.980000000000000426e+00 -3.745582702072644087e-56
-1.975000000000000533e+00 -7.475459169737405029e-57
-1.970000000000000639e+00 3.197417298194781436e-56
-1.965000000000000746e+00 3.109582937421280606e-56
-1.960000000000000853e+00 -6.879571451822477255e-57
-1.955000000000000959e+00 -3.894157325491666075e-56
-1.950000000000001066e+00 -2.934092211365894995e-56
-1.945000000000001172e+00 1.471682414580131351e-56
-1.940000000000001279e+00 4.759943190558230461e-56
-1.935000000000001386e+00 2.802927456785314833e-56
-1.930000000000001492e+00 -3.236811395230591125e-56
-1.925000000000001599e+00 -6.252091913256499957e-56
-1.920000000000001705e+00 -2.979273184599762529e-58
-1.915000000000001812e+00 9.113763685409022342e-56
-1.910000000000001918e+00 5.801968459046263367e-57
-1.905000000000002025e+00 -1.823330011523561912e-55
-1.900000000000002132e+00 1.369647065798364336e-54
-1.895000000000002238e+00 -3.641596557825159985e-55
-1.890000000000002345e+00 8.914919870239964218e-55
-1.885000000000002451e+00 -1.673890658081925206e-55
-1.880000000000002558e+00 -8.243284758196202996e-55
-1.875000000000002665e+00 -1.645200320913504810e-55
-1.870000000000002771e+00 7.036881408387384740e-55
-1.865000000000002878e+00 6.843575398352774687e-55
-1.860000000000002984e+00 -1.514057250963484071e-55
-1.855000000000003091e+00 -8.570268041197826490e-55
-1.850000000000003197e+00 -6.457355111054266625e-55
-1.845000000000003304e+00 3.238881151998824538e-55
-1.840000000000003411e+00 1.047569104024604181e-54
-1.835000000000003517e+00 6.168687496895736981e-55
-1.830000000000003624e+00 -7.123580003899595010e-55
-1.825000000000003730e+00 -1.375961447784149369e-54
-1.820000000000003837e+00 -6.556789474520691068e-57
-1.815000000000003944e+00 2.005758656353897802e-54
-1.810000000000004050e+00 1.276898201722574654e-55
-1.805000000000004157e+00 -4.012787779279231033e-54
-1.800000000000004263e+00 3.014321583485725993e-53
-1.795000000000004370e+00 -8.014431875738693858e-54
-1.790000000000004476e+00 1.961997075815110891e-53
-1.785000000000004583e+00 -3.683901396964021222e-54
-1.780000000000004690e+00 -1.814183506537244656e-53
-1.775000000000004796e+00 -3.620759654324432997e-54
-1.770000000000004903e+00 1.548678052866913057e-53
-1.765000000000005009e+00 1.506135233420725431e-53
-1.760000000000005116e+00 -3.332139763718569290e-54
-1.755000000000005222e+00 -1.886146042872349346e-53
-1.750000000000005329e+00 -1.421135807141149765e-53
-1.745000000000005436e+00 7.128135128099847223e-54
-1.740000000000005542e+00 2.305491859406633491e-53
-1.735000000000005649e+00 1.357605789698146699e-53
-1.730000000000005755e+00 -1.567758694459039679e-53
-1.725000000000005862e+00 -3.028218286065204675e-53
-1.720000000000005969e+00 -1.443019338888743502e-55
-1.715000000000006075e+00 4.414277049974283772e-53
-1.710000000000006182e+00 2.810199726293450464e-54
-1.705000000000006288e+00 -8.831350144935073333e-53
-1.700000000000006395e+00 6.633924049167136546e-52
-1.695000000000006501e+00 -1.763817525387341260e-52
-1.690000000000006608e+00 4.317966489364545983e-52
-1.685000000000006715e+00 -8.107536437361620778e-53
-1.680000000000006821e+00 -3.992658135604380304e-52
-1.675000000000006928e+00 -7.968573983198574243e-53
-1.670000000000007034e+00 3.408333283225083220e-52
-1.665000000000007141e+00 3.314704974094485790e-52
-1.660000000000007248e+00 -7.333378838804358727e-53
-1.655000000000007354e+00 -4.151033407521610257e-52
-1.650000000000007461e+00 -3.127638092693948475e-52
-1.645000000000007567e+00 1.568761186963898608e-52
-1.640000000000007674e+00 5.073930391197375293e-52
-1.635000000000007780e+00 2.987821122644660580e-52
-1.630000000000007887e+00 -3.450325991574478941e-52
-1.625000000000007994e+00 -6.664507935761201700e-52
-1.620000000000008100e+00 -3.175799406909917172e-54
-1.615000000000008207e+00 9.714948412262829873e-52
-1.610000000000008313e+00 6.184692320051789486e-53
-1.605000000000008420e+00 -1.943605036507845245e-51
-1.600000000000008527e+00 1.459995128960705916e-50
-1.595000000000008633e+00 -3.881812598947971225e-51
-1.590000000000008740e+00 9.502987967262867725e-51
-1.585000000000008846e+00 -1.784307993077175037e-51
-1.580000000000008953e+00 -8.787048791020820931e-51
-1.575000000000009059e+00 -1.753725112626349069e-51
-1.570000000000009166e+00 7.501065665671957429e-51
-1.565000000000009273e+00 7.295008324274606824e-51
-1.560000000000009379e+00 -1.613931257595046849e-51
-1.555000000000009486e+00 -9.135601357845997362e-51
-1.550000000000009592e+00 -6.883311214675061709e-51
-1.545000000000009699e+00 3.452532278775802938e-51
-1.540000000000009805e+00 1.116671460351296697e-50
-1.535000000000009912e+00 6.575601790050511924e-51
-1.530000000000010019e+00 -7.593483289366748035e-51
-1.525000000000010125e+00 -1.466726035907334100e-50
-1.520000000000010232e+00 -6.989304717691500045e-53
-1.515000000000010338e+00 2.138067492919999831e-50
-1.510000000000010445e+00 1.361128133912481821e-51
-1.505000000000010552e+00 -4.277489258089537863e-50
-1.500000000000010658e+00 3.213159754002055035e-49
-1.495000000000010765e+00 -8.543099746126788449e-50
-1.490000000000010871e+00 2.091419202265100300e-49
-1.485000000000010978e+00 -3.926908054939397324e-50
-1.480000000000011084e+00 -1.933855187030480390e-49
-1.475000000000011191e+00 -3.859601199839388928e-50
-1.470000000000011298e+00 1.650835802873183149e-49
-1.465000000000011404e+00 1.605486668259926752e-49
-1.460000000000011511e+00 -3.551942646763557891e-50
-1.455000000000011617e+00 -2.010564695004621292e-49
-1.450000000000011724e+00 -1.514880298610914175e-49
-1.445000000000011831e+00 7.598338889973706185e-50
-1.440000000000011937e+00 2.457572442314953360e-49
-1.435000000000012044e+00 1.447159556293762125e-49
-1.430000000000012150e+00 -1.671175089156689260e-49
-1.425000000000012257e+00 -3.227973145421266689e-49
-1.420000000000012363e+00 -1.538207366950894746e-51
-1.415000000000012470e+00 4.705462561706442296e-49
-1.410000000000012577e+00 2.995573103809568374e-50
-1.405000000000012683e+00 -9.413905608078645168e-49
-1.400000000000012790e+00 7.071527431798949835e-48
-1.395000000000012896e+00 -1.880166839894635461e-48
-1.390000000000013003e+00 4.602798924581863175e-48
-1.385000000000013110e+00 -8.642345902040389353e-49
-1.380000000000013216e+00 -4.256031772836254065e-48
-1.375000000000013323e+00 -8.494216861326562841e-49
-1.370000000000013429e+00 3.633162232560933794e-48
-1.365000000000013536e+00 3.533357780255355520e-48
-1.360000000000013642e+00 -7.817121396296645671e-49
-1.355000000000013749e+00 -4.424854187981053461e-48
-1.350000000000013856e+00 -3.333951128385569553e-48
-1.345000000000013962e+00 1.672243710560118015e-48
-1.340000000000014069e+00 5.408629595786201456e-48
-1.335000000000014175e+00 3.184911203931389220e-48
-1.330000000000014282e+00 -3.677924968279969508e-48
-1.325000000000014388e+00 -7.104128768747967020e-48
-1.320000000000014495e+00 -3.385289380436413217e-50
-1.315000000000014602e+00 1.035578997994204503e-47
-1.310000000000014708e+00 6.592662363441875910e-49
-1.305000000000014815e+00 -2.071813941559636801e-47
-1.300000000000014921e+00 1.556302955568917095e-46
-1.295000000000015028e+00 -4.137874367488357039e-47
-1.290000000000015135e+00 1.012984767338302432e-46
-1.285000000000015241e+00 -1.902008950695401345e-47
-1.280000000000015348e+00 -9.366681938168971942e-47
-1.275000000000015454e+00 -1.869408686323154701e-47
-1.270000000000015561e+00 7.995869598378739691e-47
-1.265000000000015667e+00 7.776219790615292971e-47
-1.260000000000015774e+00 -1.720393401625904853e-47
-1.255000000000015881e+00 -9.738226595513977162e-47
-1.250000000000015987e+00 -7.337365293255217120e-47
-1.245000000000016094e+00 3.680276792074145594e-47
-1.240000000000016200e+00 1.190332118017296048e-46
-1.235000000000016307e+00 7.009357974946349703e-47
-1.230000000000016414e+00 -8.094383503003322470e-47
-1.225000000000016520e+00 -1.563477863331764558e-46
-1.220000000000016627e+00 -7.450350606332901434e-49
-1.215000000000016733e+00 2.279104013735648245e-46
-1.210000000000016840e+00 1.450914250195850157e-47
-1.205000000000016946e+00 -4.559651633597684813e-46
-1.200000000000017053e+00 3.425114182010914376e-45
-1.195000000000017160e+00 -9.106640920264066235e-46
-1.190000000000017266e+00 2.229378592619115080e-45
-1.185000000000017373e+00 -4.185944521929833080e-46
-1.180000000000017479e+00 -2.061420948282741024e-45
-1.175000000000017586e+00 -4.114197804874534277e-46
-1.170000000000017693e+00 1.759732336235547136e-45
-1.165000000000017799e+00 1.711391769320911152e-45
-1.160000000000017906e+00 -3.786244713763836584e-46
-1.155000000000018012e+00 -2.143190559434840592e-45
-1.150000000000018119e+00 -1.614808597171341396e-45
-1.145000000000018225e+00 8.099559400789581953e-46
-1.140000000000018332e+00 2.619684942535749421e-45
-1.135000000000018439e+00 1.542620690972379668e-45
-1.130000000000018545e+00 -1.781413293059161826e-45
-1.125000000000018652e+00 -3.440904731178020536e-45
-1.120000000000018758e+00 -1.639674424259097490e-47
-1.115000000000018865e+00 5.015855975725837056e-45
-1.110000000000018971e+00 3.193174540684929385e-46
-1.105000000000019078e+00 -1.003488904226529428e-44
-1.100000000000019185e+00 7.537997096150040776e-44
-1.095000000000019291e+00 5.764840407031131463e-41
-1.090000000000019398e+00 1.153701425006613912e-40
-1.085000000000019504e+00 1.729924933759230809e-40
-1.080000000000019611e+00 2.306296404287377984e-40
-1.075000000000019718e+00 2.883229590072925186e-40
-1.070000000000019824e+00 3.460262785025175429e-40
-1.065000000000019931e+00 4.036923682817449838e-40
-1.060000000000020037e+00 4.613233421162361151e-40
-1.055000000000020144e+00 5.189591672529361254e-40
-1.050000000000020250e+00 5.766337082869409503e-40
-1.045000000000020357e+00 6.343408224317961796e-40
-1.040000000000020464e+00 6.920380412512538017e-40
-1.035000000000020570e+00 7.496864139997954819e-40
-1.030000000000020677e+00 8.072962390114614502e-40
-1.025000000000020783e+00 8.649337616686507568e-40
-1.020000000000020890e+00 9.226575599658481543e-40
-1.015000000000020997e+00 9.804093611491679823e-40
-1.010000000000021103e+00 1.037996524952347740e-39
-1.005000000000021210e+00 1.095486480154875336e-39
-1.000000000000021316e+00 1.154601101149546263e-39
-9.950000000000214229e-01 3.011725123356363420e-39
-9.900000000000215294e-01 7.771255501688362790e-39
-9.850000000000216360e-01 1.983639061268867796e-38
-9.800000000000217426e-01 5.010277782074669849e-38
-9.750000000000218492e-01 1.252555083014916252e-37
-9.700000000000219558e-01 3.099972952281639527e-37
-9.650000000000220624e-01 7.596593404772869962e-37
-9.600000000000221689e-01 1.843482594868068119e-36
-9.550000000000222755e-01 4.430618723200972450e-36
-9.500000000000223821e-01 1.054699139971681464e-35
-9.450000000000224887e-01 2.486874027994240156e-35
-9.400000000000225953e-01 5.808325216975544122e-35
-9.350000000000227018e-01 1.343754860467771816e-34
-9.300000000000228084e-01 3.079287763469711952e-34
-9.250000000000229150e-01 6.989073210425144415e-34
-9.200000000000230216e-01 1.571065815661286691e-33
-9.150000000000231282e-01 3.497266634179617594e-33
-9.100000000000232347e-01 7.708387088071566914e-33
-9.050000000000233413e-01 1.681995931161683289e-32
-9.000000000000234479e-01 3.632645277786625891e-32
-8.950000000000235545e-01 7.763350270411942303e-32
-8.900000000000236611e-01 1.641246416034233899e-31
-8.850000000000237677e-01 3.431170772143556278e-31
-8.800000000000238742e-01 7.090404930002084094e-31
-8.750000000000239808e-01 1.447574866248407792e-30
-8.700000000000240874e-01 2.918037105866063907e-30
-8.650000000000241940e-01 5.803718194747668083e-30
-8.600000000000243006e-01 1.137909701322574500e-29
-8.550000000000244071e-01 2.197009911390367093e-29
-8.500000000000245137e-01 4.171648972517741782e-29
-8.450000000000246203e-01 7.777167568768911142e-29
-8.400000000000247269e-01 1.420586382245488898e-28
-8.350000000000248335e-01 2.535569507783503448e-28
-8.300000000000249401e-01 4.406525503937098326e-28
-8.250000000000250466e-01 7.420330549763175716e-28
-8.200000000000251532e-01 1.202512897482707826e-27
-8.150000000000252598e-01 1.856648303491028634e-27
-8.100000000000253664e-01 2.688649095552291713e-27
-8.050000000000254730e-01 3.556374592846327957e-27
-8.000000000000255795e-01 4.086509294994379569e-27
-7.950000000000256861e-01 3.636462280131830820e-27
-7.900000000000257927e-01 1.708671853540222453e-27
-7.850000000000258993e-01 2.966479606792654466e-29
-7.800000000000260059e-01 9.676183049530612074e-27
-7.750000000000261124e-01 7.201803133007148607e-26
-7.700000000000262190e-01 3.150778257496790879e-25
-7.650000000000263256e-01 1.096473216349780533e-24
-7.600000000000264322e-01 3.350394123310675564e-24
-7.550000000000265388e-01 9.401233621171788415e-24
-7.500000000000266454e-01 2.481788722381593254e-23
-7.450000000000267519e-01 6.253839804698452048e-23
-7.400000000000268585e-01 1.518518790243423541e-22
-7.350000000000269651e-01 3.575902793315524954e-22
-7.300000000000270717e-01 8.204353214058777167e-22
-7.250000000000271783e-01 1.840239596677576920e-21
-7.200000000000272848e-01 4.045737526803424267e-21
-7.150000000000273914e-01 8.735441310710502647e-21
-7.100000000000274980e-01 1.855340749217591070e-20
-7.050000000000276046e-01 3.881200561281615253e-20
-7.000000000000277112e-01 8.004983980774553135e-20
-6.950000000000278177e-01 1.629202193400939241e-19
-6.900000000000279243e-01 3.274269911402047092e-19
-6.850000000000280309e-01 6.501791163619553674e-19
-6.800000000000281375e-01 1.276272425919282299e-18
-6.750000000000282441e-01 2.477560737629539067e-18
-6.700000000000283507e-01 4.758017393188115139e-18
-6.650000000000284572e-01 9.042210838698276874e-18
-6.600000000000285638e-01 1.700887066038244034e-17
-6.550000000000286704e-01 3.167494422691185287e-17
-6.500000000000287770e-01 5.840729299738665250e-17
-6.450000000000288836e-01 1.066561986228512989e-16
-6.400000000000289901e-01 1.928931457975464022e-16
-6.350000000000290967e-01 3.455340687406690308e-16
-6.300000000000292033e-01 6.130960868147556370e-16
-6.250000000000293099e-01 1.077553706046062545e-15
-6.200000000000294165e-01 1.875945553152230646e-15
-6.150000000000295231e-01 3.234891575968954010e-15
-6.100000000000296296e-01 5.525015436607554190e-15
-6.050000000000297362e-01 9.345572530543807241e-15
-6.000000000000298428e-01 1.565412968924842488e-14
-5.950000000000299494e-01 2.596217202198414375e-14
-5.900000000000300560e-01 4.262514269408923973e-14
-5.850000000000301625e-01 6.926445691882146583e-14
-5.800000000000302691e-01 1.113686476680539197e-13
-5.750000000000303757e-01 1.771290432375235199e-13
-5.700000000000304823e-01 2.785684116132777677e-13
-5.650000000000305889e-01 4.330120680584970234e-13
-5.600000000000306954e-01 6.649189734293003109e-13
-5.550000000000308020e-01 1.008018442260650493e-12
-5.500000000000309086e-01 1.507562060362027377e-12
-5.450000000000310152e-01 2.222268399649903749e-12
-5.400000000000311218e-01 3.225172660597421181e-12
-5.350000000000312284e-01 4.602059180335702904e-12
-5.300000000000313349e-01 6.445437261436686064e-12
-5.250000000000314415e-01 8.841164343233848735e-12
-5.200000000000315481e-01 1.184400023417313991e-11
-5.150000000000316547e-01 1.543802526180207352e-11
-5.100000000000317613e-01 1.947888172684244150e-11
-5.050000000000318678e-01 2.361893888562227910e-11
-5.000000000000319744e-01 2.722686523494761745e-11
-4.950000000000320810e-01 2.933510681986733216e-11
-4.900000000000321876e-01 2.869137373497198912e-11
-4.850000000000322942e-01 2.406787716850920160e-11
-4.800000000000324007e-01 1.511743587412711351e-11
-4.750000000000325073e-01 4.293505801210956013e-12
-4.700000000000326139e-01 7.239240919316093739e-13
-4.650000000000327205e-01 2.752244283888157340e-11
-4.600000000000328271e-01 1.349484027675287460e-10
-4.550000000000329337e-01 4.232389143334623643e-10
-4.500000000000330402e-01 1.081054886982259601e-09
-4.450000000000331468e-01 2.448593407485241702e-09
-4.400000000000332534e-01 5.118909923322405788e-09
-4.350000000000333600e-01 1.009736329552764555e-08
-4.300000000000334666e-01 1.904797428117169469e-08
-4.250000000000335731e-01 3.466764481258595907e-08
-4.200000000000336797e-01 6.124553647291257865e-08
-4.150000000000337863e-01 1.054864938573718950e-07
-4.100000000000338929e-01 1.777053478227702478e-07
-4.050000000000339995e-01 2.935343725316566267e-07
-4.000000000000341061e-01 4.763300941245204619e-07
-3.950000000000342126e-01 7.605187205535871696e-07
-3.900000000000343192e-01 1.196181730132769751e-06
-3.850000000000344258e-01 1.855253680651008296e-06
-3.800000000000345324e-01 2.839780679256412341e-06
-3.750000000000346390e-01 4.292765752195252179e-06
-3.700000000000347455e-01 6.412199461643931224e-06
-3.650000000000348521e-01 9.468930061303557739e-06
-3.600000000000349587e-01 1.382905277302831205e-05
-3.550000000000350653e-01 1.998147336910179758e-05
-3.500000000000351719e-01 2.857120331725668169e-05
-3.450000000000352784e-01 4.043874381536086127e-05
-3.400000000000353850e-01 5.666558182942190889e-05
-3.350000000000354916e-01 7.862531836803970866e-05
-3.300000000000355982e-01 1.080392440128684101e-04
-3.250000000000357048e-01 1.470342403847632986e-04
-3.200000000000358114e-01 1.981997004742421182e-04
-3.150000000000359179e-01 2.646387249797957971e-04
-3.100000000000360245e-01 3.500071915516150627e-04
-3.050000000000361311e-01 4.585324704438517823e-04
-3.000000000000362377e-01 5.950016804748668340e-04
-2.950000000000363443e-01 7.647076051763068488e-04
-2.900000000000364508e-01 9.733389444333952287e-04
-2.850000000000365574e-01 1.226800751177522424e-03
-2.800000000000366640e-01 1.530951048502729624e-03
-2.750000000000367706e-01 1.891241145943207058e-03
-2.700000000000368772e-01 2.312250513974245178e-03
-2.650000000000369837e-01 2.797112674470868081e-03
-2.600000000000370903e-01 3.346836821297299001e-03
-2.550000000000371969e-01 3.959541100466758626e-03
-2.500000000000373035e-01 4.629627788848902741e-03
-2.450000000000374101e-01 5.346947909288780887e-03
-2.400000000000375167e-01 6.096022686171668516e-03
-2.350000000000376232e-01 6.855410868522912593e-03
-2.300000000000377298e-01 7.597333072874148940e-03
-2.250000000000378364e-01 8.287685196346929531e-03
-2.200000000000379430e-01 8.886590426581584060e-03
-2.150000000000380496e-01 9.349650825536473531e-03
-2.100000000000381561e-01 9.630061992388515638e-03
-2.050000000000382627e-01 9.681744908248191006e-03
-2.000000000000383693e-01 9.463624856694290502e-03
-1.950000000000384759e-01 8.945145860358711190e-03
-1.900000000000385825e-01 8.113048719815007387e-03
-1.850000000000386891e-01 6.979360982593291012e-03
-1.800000000000387956e-01 5.590449009258355306e-03
-1.750000000000389022e-01 4.036868552924122167e-03
-1.700000000000390088e-01 2.463625761825105273e-03
-1.650000000000391154e-01 1.080332177103178297e-03
-1.600000000000392220e-01 1.706140391150496628e-04
-1.550000000000393285e-01 1.000286100476496017e-04
-1.500000000000394351e-01 1.321659963519479465e-03
-1.450000000000395417e-01 4.378525830733006989e-03
-1.400000000000396483e-01 9.901937064689487686e-03
-1.350000000000397549e-01 1.860502181083754925e-02
-1.300000000000398614e-01 3.127076439324120993e-02
-1.250000000000399680e-01 4.873411706573432117e-02
-1.200000000000400746e-01 7.185801897283926321e-02
-1.150000000000401812e-01 1.015034930564281263e-01
-1.100000000000402878e-01 1.384943743619317935e-01
-1.050000000000403944e-01 1.835776325292278466e-01
-1.000000000000405009e-01 2.373806623511994784e-01
-9.500000000004060752e-02 3.003673004370288613e-01
-9.000000000004071410e-02 3.727946524486781543e-01
-8.500000000004082068e-02 4.546730534647606126e-01
-8.000000000004092726e-02 5.457316058070912357e-01
-7.500000000004103384e-02 6.453917214402844493e-01
-7.000000000004114042e-02 7.527509248306524237e-01
-6.500000000004124701e-02 8.665788417137169075e-01
-6.000000000004135359e-02 9.853268155885999136e-01
-5.500000000004146017e-02 1.107151974827394136e+00
-5.000000000004156675e-02 1.229955848528952567e+00
-4.500000000004167333e-02 1.351436838391477213e+00
-4.000000000004177991e-02 1.469155044635510832e+00
-3.500000000004188649e-02 1.580607168932741224e+00
-3.000000000004199308e-02 1.683308530015004578e+00
-2.500000000004209966e-02 1.774878678763542661e+00
-2.000000000004220624e-02 1.853126732599326809e+00
-1.500000000004231282e-02 1.916132396562985507e+00
-1.000000000004241940e-02 1.962318719382262433e+00
-5.000000000042525983e-03 1.990512950026054995e+00
-4.263256414560601115e-14 1.999992400078642651e+00
4.999999999957260854e-03 1.990512950026409378e+00
9.999999999957154273e-03 1.962318719382910137e+00
1.499999999995704769e-02 1.916132396563890561e+00
1.999999999995694111e-02 1.853126732600532511e+00
2.499999999995683453e-02 1.774878678765011264e+00
2.999999999995672795e-02 1.683308530016664584e+00
3.499999999995662137e-02 1.580607168934567097e+00
3.999999999995651478e-02 1.469155044637478813e+00
4.499999999995640820e-02 1.351436838393518913e+00
4.999999999995630162e-02 1.229955848531043339e+00
5.499999999995619504e-02 1.107151974829478691e+00
5.999999999995608846e-02 9.853268155906602654e-01
6.499999999995598188e-02 8.665788417157155310e-01
6.999999999995587530e-02 7.527509248325454649e-01
7.499999999995576871e-02 6.453917214420566983e-01
7.999999999995566213e-02 5.457316058087166022e-01
8.499999999995555555e-02 4.546730534662321022e-01
8.999999999995544897e-02 3.727946524499958780e-01
9.499999999995534239e-02 3.003673004381815503e-01
9.999999999995523581e-02 2.373806623521951265e-01
1.049999999999551292e-01 1.835776325300709499e-01
1.099999999999550226e-01 1.384943743626299573e-01
1.149999999999549161e-01 1.015034930569934657e-01
1.199999999999548095e-01 7.185801897328721044e-02
1.249999999999547029e-01 4.873411706607758825e-02
1.299999999999545963e-01 3.127076439349589509e-02
1.349999999999544897e-01 1.860502181101776273e-02
1.399999999999543832e-01 9.901937064808566044e-03
1.449999999999542766e-01 4.378525830804205245e-03
1.499999999999541700e-01 1.321659963554285390e-03
1.549999999999540634e-01 1.000286100560401068e-04
1.599999999999539568e-01 1.706140391055342438e-04
1.649999999999538502e-01 1.080332177082736532e-03
1.699999999999537437e-01 2.463625761799221898e-03
1.749999999999536371e-01 4.036868552896969407e-03
1.799999999999535305e-01 5.590449009232950281e-03
1.849999999999534239e-01 6.979360982571521099e-03
1.899999999999533173e-01 8.113048719798260366e-03
1.949999999999532108e-01 8.945145860347182218e-03
1.999999999999531042e-01 9.463624856688113152e-03
2.049999999999529976e-01 9.681744908246922923e-03
2.099999999999528910e-01 9.630061992391466402e-03
2.149999999999527844e-01 9.349650825542964866e-03
2.199999999999526779e-01 8.886590426590764216e-03
2.249999999999525713e-01 8.287685196358094211e-03
2.299999999999524647e-01 7.597333072886497569e-03
2.349999999999523581e-01 6.855410868535728730e-03
2.399999999999522515e-01 6.096022686184599144e-03
2.449999999999521449e-01 5.346947909301342887e-03
2.499999999999520384e-01 4.629627788860791668e-03
2.549999999999519318e-01 3.959541100477737691e-03
2.599999999999518252e-01 3.346836821307237666e-03
2.649999999999517186e-01 2.797112674479668767e-03
2.699999999999516120e-01 2.312250513981971203e-03
2.749999999999515055e-01 1.891241145949851699e-03
2.799999999999513989e-01 1.530951048508381570e-03
2.849999999999512923e-01 1.226800751182268194e-03
2.899999999999511857e-01 9.733389444373155954e-04
2.949999999999510791e-01 7.647076051795182556e-04
2.999999999999509726e-01 5.950016804774688108e-04
3.049999999999508660e-01 4.585324704459216327e-04
3.099999999999507594e-01 3.500071915532557859e-04
3.149999999999506528e-01 2.646387249810813898e-04
3.199999999999505462e-01 1.981997004752339463e-04
3.249999999999504396e-01 1.470342403855232159e-04
3.299999999999503331e-01 1.080392440134449482e-04
3.349999999999502265e-01 7.862531836847235953e-05
3.399999999999501199e-01 5.666558182974291405e-05
3.449999999999500133e-01 4.043874381559680399e-05
3.499999999999499067e-01 2.857120331742829734e-05
3.549999999999498002e-01 1.998147336922529159e-05
3.599999999999496936e-01 1.382905277311631877e-05
3.649999999999495870e-01 9.468930061365540222e-06
3.699999999999494804e-01 6.412199461687145998e-06
3.749999999999493738e-01 4.292765752225034705e-06
3.799999999999492672e-01 2.839780679276759767e-06
3.849999999999491607e-01 1.855253680664668396e-06
3.899999999999490541e-01 1.196181730141864132e-06
3.949999999999489475e-01 7.605187205595548344e-07
3.999999999999488409e-01 4.763300941283867438e-07
4.049999999999487343e-01 2.935343725341182633e-07
4.099999999999486278e-01 1.777053478243213769e-07
4.149999999999485212e-01 1.054864938583299819e-07
4.199999999999484146e-01 6.124553647349304768e-08
4.249999999999483080e-01 3.466764481293016547e-08
4.299999999999482014e-01 1.904797428137144558e-08
4.349999999999480949e-01 1.009736329564032575e-08
4.399999999999479883e-01 5.118909923383948853e-09
4.449999999999478817e-01 2.448593407517451288e-09
4.499999999999477751e-01 1.081054886998281676e-09
4.549999999999476685e-01 4.232389143408271152e-10
4.599999999999475619e-01 1.349484027705201671e-10
4.649999999999474554e-01 2.752244283982859181e-11
4.699999999999473488e-01 7.239240920353989323e-13
4.749999999999472422e-01 4.293505801048166222e-12
4.799999999999471356e-01 1.511743587394515963e-11
4.849999999999470290e-01 2.406787716839206184e-11
4.899999999999469225e-01 2.869137373493008402e-11
4.949999999999468159e-01 2.933510681988346218e-11
4.999999999999467093e-01 2.722686523499976538e-11
5.049999999999466027e-01 2.361893888569064105e-11
5.099999999999464961e-01 1.947888172691346594e-11
5.149999999999463896e-01 1.543802526186792485e-11
5.199999999999462830e-01 1.184400023422951906e-11
5.249999999999461764e-01 8.841164343279650630e-12
5.299999999999460698e-01 6.445437261472680538e-12
5.349999999999459632e-01 4.602059180362886773e-12
5.399999999999458566e-01 3.225172660617439921e-12
5.449999999999457501e-01 2.222268399664349521e-12
5.499999999999456435e-01 1.507562060372184371e-12
5.549999999999455369e-01 1.008018442267676682e-12
5.599999999999454303e-01 6.649189734340937579e-13
5.649999999999453237e-01 4.330120680617143642e-13
5.699999999999452172e-01 2.785684116154002957e-13
5.749999999999451106e-01 1.771290432389083305e-13
5.799999999999450040e-01 1.113686476689447520e-13
5.849999999999448974e-01 6.926445691938699706e-14
5.899999999999447908e-01 4.262514269444612040e-14
5.949999999999446842e-01 2.596217202220613237e-14
5.999999999999445777e-01 1.565412968938486626e-14
6.049999999999444711e-01 9.345572530626864827e-15
6.099999999999443645e-01 5.525015436657515907e-15
6.149999999999442579e-01 3.234891575998669217e-15
6.199999999999441513e-01 1.875945553169839993e-15
6.249999999999440448e-01 1.077553706056365463e-15
6.299999999999439382e-01 6.130960868207012816e-16
6.349999999999438316e-01 3.455340687440726205e-16
6.399999999999437250e-01 1.928931457994783965e-16
6.449999999999436184e-01 1.066561986239380411e-16
6.499999999999435119e-01 5.840729299799131439e-17
6.549999999999434053e-01 3.167494422724496171e-17
6.599999999999432987e-01 1.700887066056434981e-17
6.649999999999431921e-01 9.042210838796445375e-18
6.699999999999430855e-01 4.758017393240637560e-18
6.749999999999429789e-01 2.477560737657335244e-18
6.799999999999428724e-01 1.276272425933837515e-18
6.849999999999427658e-01 6.501791163694989461e-19
6.899999999999426592e-01 3.274269911440652357e-19
6.949999999999425526e-01 1.629202193420489356e-19
6.999999999999424460e-01 8.004983980872373525e-20
7.049999999999423395e-01 3.881200561329955493e-20
7.099999999999422329e-01 1.855340749241179499e-20
7.149999999999421263e-01 8.735441310823801494e-21
7.199999999999420197e-01 4.045737526857164483e-21
7.249999999999419131e-01 1.840239596702650496e-21
7.299999999999418065e-01 8.204353214173054966e-22
7.349999999999417000e-01 3.575902793366727608e-22
7.399999999999415934e-01 1.518518790265968112e-22
7.449999999999414868e-01 6.253839804794860217e-23
7.499999999999413802e-01 2.481788722421602380e-23
7.549999999999412736e-01 9.401233621331820216e-24
7.599999999999411671e-01 3.350394123371671966e-24
7.649999999999410605e-01 1.096473216371641422e-24
7.699999999999409539e-01 3.150778257568629655e-25
7.749999999999408473e-01 7.201803133210342678e-26
7.799999999999407407e-01 9.676183049951032105e-27
7.849999999999406342e-01 2.966479607922588120e-29
7.899999999999405276e-01 1.708671853497703695e-27
7.949999999999404210e-01 3.636462280111794180e-27
7.999999999999403144e-01 4.086509294997170507e-27
8.049999999999402078e-01 3.556374592859733787e-27
8.099999999999401012e-01 2.688649095567468963e-27
8.149999999999399947e-01 1.856648303503852600e-27
8.199999999999398881e-01 1.202512897492158631e-27
8.249999999999397815e-01 7.420330549826756551e-28
8.299999999999396749e-01 4.406525503977532850e-28
8.349999999999395683e-01 2.535569507808005320e-28
8.399999999999394618e-01 1.420586382259794922e-28
8.449999999999393552e-01 7.777167568850381513e-29
8.499999999999392486e-01 4.171648972562661806e-29
8.549999999999391420e-01 2.197009911414642066e-29
8.599999999999390354e-01 1.137909701335505542e-29
8.649999999999389289e-01 5.803718194814890472e-30
8.699999999999388223e-01 2.918037105900627634e-30
8.749999999999387157e-01 1.447574866265865168e-30
8.799999999999386091e-01 7.090404930089283395e-31
8.849999999999385025e-01 3.431170772186555121e-31
8.899999999999383959e-01 1.641246416054963920e-31
8.949999999999382894e-01 7.763350270511672058e-32
8.999999999999381828e-01 3.632645277834016601e-32
9.049999999999380762e-01 1.681995931183827362e-32
9.099999999999379696e-01 7.708387088174889412e-33
9.149999999999378630e-01 3.497266634227093421e-33
9.199999999999377565e-01 1.571065815682861077e-33
9.249999999999376499e-01 6.989073210522734966e-34
9.299999999999375433e-01 3.079287763512995345e-34
9.349999999999374367e-01 1.343754860486866903e-34
9.399999999999373301e-01 5.808325217059050914e-35
9.449999999999372235e-01 2.486874028030397317e-35
9.499999999999371170e-01 1.054699139987182297e-35
9.549999999999370104e-01 4.430618723266764558e-36
9.599999999999369038e-01 1.843482594895756291e-36
9.649999999999367972e-01 7.596593404888179713e-37
9.699999999999366906e-01 3.099972952329256083e-37
9.749999999999365841e-01 1.252555083034369176e-37
9.799999999999364775e-01 5.010277782153277321e-38
9.849999999999363709e-01 1.983639061300320546e-38
9.899999999999362643e-01 7.771255501813185339e-39
9.949999999999361577e-01 3.011725123405262094e-39
9.999999999999360512e-01 1.154601101163937169e-39
1.004999999999935945e+00 1.095486480155878928e-39
1.009999999999935838e+00 1.037996524953345133e-39
1.014999999999935731e+00 9.804093611501688009e-40
1.019999999999935625e+00 9.226575599668489728e-40
1.024999999999935518e+00 8.649337616696489652e-40
1.029999999999935412e+00 8.072962390124573748e-40
1.034999999999935305e+00 7.496864140007904277e-40
1.039999999999935199e+00 6.920380412522490738e-40
1.044999999999935092e+00 6.343408224327909623e-40
1.049999999999934985e+00 5.766337082879343464e-40
1.054999999999934879e+00 5.189591672539280533e-40
1.059999999999934772e+00 4.613233421172264932e-40
1.064999999999934666e+00 4.036923682827346278e-40
1.069999999999934559e+00 3.460262785035071869e-40
1.074999999999934452e+00 2.883229590082815508e-40
1.079999999999934346e+00 2.306296404297250770e-40
1.084999999999934239e+00 1.729924933769084835e-40
1.089999999999934133e+00 1.153701425016465490e-40
1.094999999999934026e+00 5.764840407129739010e-41
1.099999999999933920e+00 7.537997171787490791e-44
1.104999999999933813e+00 -1.003488904217303684e-44
1.109999999999933706e+00 3.193174538609672027e-46
1.114999999999933600e+00 5.015855975762513641e-45
1.119999999999933493e+00 -1.639674414619024523e-47
1.124999999999933387e+00 -3.440904731165708300e-45
1.129999999999933280e+00 -1.781413293115013388e-45
1.134999999999933173e+00 1.542620690927198710e-45
1.139999999999933067e+00 2.619684942544932102e-45
1.144999999999932960e+00 8.099559401233874129e-46
1.149999999999932854e+00 -1.614808597140814395e-45
1.154999999999932747e+00 -2.143190559447694852e-45
1.159999999999932641e+00 -3.786244714168475706e-46
1.164999999999932534e+00 1.711391769297475898e-45
1.169999999999932427e+00 1.759732336257406099e-45
1.174999999999932321e+00 -4.114197804442345866e-46
1.179999999999932214e+00 -2.061420948278742737e-45
1.184999999999932108e+00 -4.185944522463736676e-46
1.189999999999932001e+00 2.229378592606942240e-45
1.194999999999931894e+00 -9.106640919239468550e-46
1.199999999999931788e+00 3.425114181622715838e-45
1.204999999999931681e+00 -4.559651633554924920e-46
1.209999999999931575e+00 1.450914249254611318e-47
1.214999999999931468e+00 2.279104013751805526e-46
1.219999999999931362e+00 -7.450350562569546493e-49
1.224999999999931255e+00 -1.563477863325837525e-46
1.229999999999931148e+00 -8.094383503255125116e-47
1.234999999999931042e+00 7.009357974739706702e-47
1.239999999999930935e+00 1.190332118021221604e-46
1.244999999999930829e+00 3.680276792275403743e-47
1.249999999999930722e+00 -7.337365293114787001e-47
1.254999999999930616e+00 -9.738226595570322676e-47
1.259999999999930509e+00 -1.720393401809575204e-47
1.264999999999930402e+00 7.776219790506954165e-47
1.269999999999930296e+00 7.995869598476481869e-47
1.274999999999930189e+00 -1.869408686126066945e-47
1.279999999999930083e+00 -9.366681938148935777e-47
1.284999999999929976e+00 -1.902008950938377032e-47
1.289999999999929869e+00 1.012984767332517750e-46
1.294999999999929763e+00 -4.137874367020419349e-47
1.299999999999929656e+00 1.556302955384760765e-46
1.304999999999929550e+00 -2.071813941540270826e-47
1.309999999999929443e+00 6.592662359145613121e-49
1.314999999999929337e+00 1.035578998001649149e-47
1.319999999999929230e+00 -3.385289360478522578e-50
1.324999999999929123e+00 -7.104128768721453571e-48
1.329999999999929017e+00 -3.677924968395066120e-48
1.334999999999928910e+00 3.184911203837436275e-48
1.339999999999928804e+00 5.408629595804435985e-48
1.344999999999928697e+00 1.672243710651855227e-48
1.349999999999928590e+00 -3.333951128321939222e-48
1.354999999999928484e+00 -4.424854188007067366e-48
1.359999999999928377e+00 -7.817121397133033509e-49
1.364999999999928271e+00 3.533357780206355352e-48
1.369999999999928164e+00 3.633162232605707903e-48
1.374999999999928058e+00 -8.494216860430922660e-49
1.379999999999927951e+00 -4.256031772827415439e-48
1.384999999999927844e+00 -8.642345903144640321e-49
1.389999999999927738e+00 4.602798924556013353e-48
1.394999999999927631e+00 -1.880166839682280534e-48
1.399999999999927525e+00 7.071527430925838914e-48
1.404999999999927418e+00 -9.413905607988979661e-49
1.409999999999927311e+00 2.995573101861176626e-50
1.414999999999927205e+00 4.705462561739179975e-49
1.419999999999927098e+00 -1.538207357905948663e-51
1.424999999999926992e+00 -3.227973145408614415e-49
1.429999999999926885e+00 -1.671175089208523665e-49
1.434999999999926779e+00 1.447159556250858111e-49
1.439999999999926672e+00 2.457572442322697945e-49
1.444999999999926565e+00 7.598338890388069972e-50
1.449999999999926459e+00 -1.514880298581752147e-49
1.454999999999926352e+00 -2.010564695016008377e-49
1.459999999999926246e+00 -3.551942647142324693e-50
1.464999999999926139e+00 1.605486668237347812e-49
1.469999999999926033e+00 1.650835802893128020e-49
1.474999999999925926e+00 -3.859601199432386105e-50
1.479999999999925819e+00 -1.933855187026073687e-49
1.484999999999925713e+00 -3.926908055439711192e-50
1.489999999999925606e+00 2.091419202252917866e-49
1.494999999999925500e+00 -8.543099745161601970e-50
1.499999999999925393e+00 3.213159753588297065e-49
1.504999999999925286e+00 -4.277489258048907278e-50
1.509999999999925180e+00 1.361128133027404699e-51
1.514999999999925073e+00 2.138067492934955825e-50
1.519999999999924967e+00 -6.989304676577116041e-53
1.524999999999924860e+00 -1.466726035901616107e-50
1.529999999999924754e+00 -7.593483289602470757e-51
1.534999999999924647e+00 6.575601789855893141e-51
1.539999999999924540e+00 1.116671460354865132e-50
1.544999999999924434e+00 3.452532278964266218e-51
1.549999999999924327e+00 -6.883311214542686373e-51
1.554999999999924221e+00 -9.135601357898002213e-51
1.559999999999924114e+00 -1.613931257767145706e-51
1.564999999999924007e+00 7.295008324172280212e-51
1.569999999999923901e+00 7.501065665762939212e-51
1.574999999999923794e+00 -1.753725112441418140e-51
1.579999999999923688e+00 -8.787048791001022672e-51
1.584999999999923581e+00 -1.784307993304502490e-51
1.589999999999923475e+00 9.502987967207836162e-51
1.594999999999923368e+00 -3.881812598509321100e-51
1.599999999999923261e+00 1.459995128764931760e-50
1.604999999999923155e+00 -1.943605036489396841e-51
1.609999999999923048e+00 6.184692316030520403e-53
1.614999999999922942e+00 9.714948412330873034e-52
1.619999999999922835e+00 -3.175799388238070146e-54
1.624999999999922728e+00 -6.664507935735272866e-52
1.629999999999922622e+00 -3.450325991681575592e-52
1.634999999999922515e+00 2.987821122556255361e-52
1.639999999999922409e+00 5.073930391213607521e-52
1.644999999999922302e+00 1.568761187049501152e-52
1.649999999999922196e+00 -3.127638092633851917e-52
1.654999999999922089e+00 -4.151033407545218612e-52
1.659999999999921982e+00 -7.333378839585265316e-53
1.664999999999921876e+00 3.314704974048125164e-52
1.669999999999921769e+00 3.408333283266436418e-52
1.674999999999921663e+00 -7.968573982358824807e-53
1.679999999999921556e+00 -3.992658135595398090e-52
1.684999999999921450e+00 -8.107536438393091662e-53
1.689999999999921343e+00 4.317966489339655726e-52
1.694999999999921236e+00 -1.763817525188369056e-52
1.699999999999921130e+00 6.633924048243469288e-52
1.704999999999921023e+00 -8.831350144849650315e-53
1.709999999999920917e+00 2.810199724469299971e-54
1.714999999999920810e+00 4.414277050004226339e-53
1.719999999999920703e+00 -1.443019330412094686e-55
1.724999999999920597e+00 -3.028218286052801553e-53
1.729999999999920490e+00 -1.567758694507335861e-53
1.734999999999920384e+00 1.357605789657717280e-53
1.739999999999920277e+00 2.305491859413531223e-53
1.744999999999920171e+00 7.128135128487417537e-54
1.749999999999920064e+00 -1.421135807113527306e-53
1.754999999999919957e+00 -1.886146042882704058e-53
1.759999999999919851e+00 -3.332139764073470771e-54
1.764999999999919744e+00 1.506135233399273237e-53
1.769999999999919638e+00 1.548678052885372385e-53
1.774999999999919531e+00 -3.620759653941779699e-54
1.779999999999919424e+00 -1.814183506532817718e-53
1.784999999999919318e+00 -3.683901397433648449e-54
1.789999999999919211e+00 1.961997075803305878e-53
1.794999999999919105e+00 -8.014431874830017171e-54
1.799999999999918998e+00 3.014321583050977822e-53
1.804999999999918892e+00 -4.012787779240482579e-54
1.809999999999918785e+00 1.276898200890034640e-55
1.814999999999918678e+00 2.005758656367703873e-54
1.819999999999918572e+00 -6.556789435860620617e-57
1.824999999999918465e+00 -1.375961447778600629e-54
1.829999999999918359e+00 -7.123580004120333346e-55
1.834999999999918252e+00 6.168687496711922633e-55
1.839999999999918145e+00 1.047569104027823366e-54
1.844999999999918039e+00 3.238881152175513152e-55
1.849999999999917932e+00 -6.457355110929040348e-55
1.854999999999917826e+00 -8.570268041245582519e-55
1.859999999999917719e+00 -1.514057251125075057e-55
1.864999999999917613e+00 6.843575398255729683e-55
1.869999999999917506e+00 7.036881408471947396e-55
1.874999999999917399e+00 -1.645200320739526379e-55
1.879999999999917293e+00 -8.243284758176599262e-55
1.884999999999917186e+00 -1.673890658295271210e-55
1.889999999999917080e+00 8.914919870187189169e-55
1.894999999999916973e+00 -3.641596557412739728e-55
1.899999999999916866e+00 1.369647065593790605e-54
1.904999999999916760e+00 -1.823330011505642172e-55
1.909999999999916653e+00 5.801968455271566546e-57
1.914999999999916547e+00 9.113763685469746103e-56
1.919999999999916440e+00 -2.979273167077385739e-58
1.924999999999916334e+00 -6.252091913230112614e-56
1.929999999999916227e+00 -3.236811395330058704e-56
1.934999999999916120e+00 2.802927456701337898e-56
1.939999999999916014e+00 4.759943190571813979e-56
1.944999999999915907e+00 1.471682414659927278e-56
1.949999999999915801e+00 -2.934092211308514590e-56
1.954999999999915694e+00 -3.894157325512526737e-56
1.959999999999915588e+00 -6.879571452553723341e-57
1.964999999999915481e+00 3.109582937376672331e-56
1.969999999999915374e+00 3.197417298232502867e-56
1.974999999999915268e+00 -7.475459168946581630e-57
1.979999999999915161e+00 -3.745582702062970810e-56
1.984999999999915055e+00 -7.605822289053836929e-57
1.989999999999914948e+00 4.050760180633809827e-56
1.994999999999914841e+00 -1.654668190343719874e-56
