-2.000000000000000000e+00 -5.474777309719788600e-15
-1.995000000000000107e+00 7.808977580758802876e-13
-1.990000000000000213e+00 8.036377342991184991e-13
-1.985000000000000320e+00 -3.722442863102714749e-13
-1.980000000000000426e+00 -1.062561160397857124e-12
-1.975000000000000533e+00 -6.272638785529586437e-13
-1.970000000000000639e+00 4.011386851702190414e-13
-1.965000000000000746e+00 1.131799740572122879e-12
-1.960000000000000853e+00 1.028822528185231509e-12
-1.955000000000000959e+00 1.668490713483082549e-13
-1.950000000000001066e+00 -9.319720420053733818e-13
-1.945000000000001172e+00 -1.664754604136065611e-12
-1.940000000000001279e+00 -1.676809791284972374e-12
-1.935000000000001386e+00 -9.626899459828052129e-13
-1.930000000000001492e+00 3.919227288928510728e-13
-1.925000000000001599e+00 2.963592775130675032e-12
-1.920000000000001705e+00 9.515289480242105710e-12
-1.915000000000001812e+00 2.791172758416860246e-11
-1.910000000000001918e+00 7.666757632469757608e-11
-1.905000000000002025e+00 1.953388256732965919e-10
-1.900000000000002132e+00 4.633544405112675012e-10
-1.895000000000002238e+00 1.089663764449316356e-09
-1.890000000000002345e+00 2.263177501169499863e-09
-1.885000000000002451e+00 4.983518164628410789e-09
-1.880000000000002558e+00 1.068723458792311046e-08
-1.875000000000002665e+00 2.166160948911755754e-08
-1.870000000000002771e+00 4.209035156150067298e-08
-1.865000000000002878e+00 7.905856043902796177e-08
-1.860000000000002984e+00 1.435357298157031493e-07
-1.855000000000003091e+00 2.514494563530273748e-07
-1.850000000000003197e+00 4.246643955587837710e-07
-1.845000000000003304e+00 6.911962963297201272e-07
-1.840000000000003411e+00 1.083525099086593844e-06
-1.835000000000003517e+00 1.633629544158912418e-06
-1.830000000000003624e+00 2.363553953064960497e-06
-1.825000000000003730e+00 3.271141261346823963e-06
-1.820000000000003837e+00 4.312230443426312087e-06
-1.815000000000003944e+00 5.383326623312739278e-06
-1.810000000000004050e+00 6.312713855683274903e-06
-1.805000000000004157e+00 6.873399235638070763e-06
-1.800000000000004263e+00 6.838358098071570763e-06
-1.795000000000004370e+00 6.099665706006841617e-06
-1.790000000000004476e+00 4.862475115835406649e-06
-1.785000000000004583e+00 3.910571484768616106e-06
-1.780000000000004690e+00 5.024664577541850446e-06
-1.775000000000004796e+00 1.131985500132200843e-05
-1.770000000000004903e+00 2.756988265162567099e-05
-1.765000000000005009e+00 6.040482882371271873e-05
-1.760000000000005116e+00 1.182196965162214089e-04
-1.755000000000005222e+00 2.106516375512216003e-04
-1.750000000000005329e+00 3.475545795031866210e-04
-1.745000000000005436e+00 5.375026793144097688e-04
-1.740000000000005542e+00 7.859694431219233467e-04
-1.735000000000005649e+00 1.093438552476795611e-03
-1.730000000000005755e+00 1.453786475046600028e-03
-1.725000000000005862e+00 1.853316862301656112e-03
-1.720000000000005969e+00 2.270803596841111747e-03
-1.715000000000006075e+00 2.678794197161927810e-03
-1.710000000000006182e+00 3.046219167058026450e-03
-1.705000000000006288e+00 3.342026839704210356e-03
-1.700000000000006395e+00 3.539098362075587898e-03
-1.695000000000006501e+00 3.617981807061086946e-03
-1.690000000000006608e+00 3.570042850707881577e-03
-1.685000000000006715e+00 3.398642011327298804e-03
-1.680000000000006821e+00 3.118773666279519002e-03
-1.675000000000006928e+00 2.755310845701291079e-03
-1.670000000000007034e+00 2.339459199671492344e-03
-1.665000000000007141e+00 1.904478684871638381e-03
-1.660000000000007248e+00 1.481535429669180413e-03
-1.655000000000007354e+00 1.096322330553482858e-03
-1.650000000000007461e+00 7.668501280867167074e-04
-1.645000000000007567e+00 5.025759270937913900e-04
-1.640000000000007674e+00 3.048182838057973253e-04
-1.635000000000007780e+00 1.682220021894565863e-04
-1.630000000000007887e+00 8.289658283979869555e-05
-1.625000000000007994e+00 3.677477068375408241e-05
-1.620000000000008100e+00 1.773677243778155478e-05
-1.615000000000008207e+00 1.513638138195312356e-05
-1.610000000000008313e+00 2.056237565532869637e-05
-1.605000000000008420e+00 2.798706704196485975e-05
-1.600000000000008527e+00 3.390869020262649193e-05
-1.595000000000008633e+00 3.686627324120005431e-05
-1.590000000000008740e+00 3.663304424841713850e-05
-1.585000000000008846e+00 3.380582903819247178e-05
-1.580000000000008953e+00 2.930994802763612364e-05
-1.575000000000009059e+00 2.406726592851323761e-05
-1.570000000000009166e+00 1.882188649706361449e-05
-1.565000000000009273e+00 1.407623018433446390e-05
-1.560000000000009379e+00 1.009784273215765286e-05
-1.555000000000009486e+00 6.965085791522344300e-06
-1.550000000000009592e+00 4.627587053969651877e-06
-1.545000000000009699e+00 2.964707736383286507e-06
-1.540000000000009805e+00 1.832050098781920501e-06
-1.535000000000009912e+00 1.091907557051039526e-06
-1.530000000000010019e+00 6.282854315982938534e-07
-1.525000000000010125e+00 3.504220022912623838e-07
-1.520000000000010232e+00 1.903478733548665120e-07
-1.515000000000010338e+00 9.966724278170420052e-08
-1.510000000000010445e+00 4.815807285687643952e-08
-1.505000000000010552e+00 2.169992523402522257e-08
-1.500000000000010658e+00 9.178909235597641407e-09
-1.495000000000010765e+00 2.905411784332775221e-09
-1.490000000000010871e+00 4.692909604477595612e-10
-1.485000000000010978e+00 1.374804478692849388e-10
-1.480000000000011084e+00 9.004179174757985117e-10
-1.475000000000011191e+00 1.894987445210403708e-09
-1.470000000000011298e+00 2.403534308444450297e-09
-1.465000000000011404e+00 2.022408190284290655e-09
-1.460000000000011511e+00 7.755158922671606306e-10
-1.455000000000011617e+00 -9.165716160754778239e-10
-1.450000000000011724e+00 -2.408191777754469545e-09
-1.445000000000011831e+00 -3.080579125621129359e-09
-1.440000000000011937e+00 -2.589113907802722721e-09
-1.435000000000012044e+00 -1.022267963154725861e-09
-1.430000000000012150e+00 1.088354154325840016e-09
-1.425000000000012257e+00 2.928271678785701238e-09
-1.420000000000012363e+00 3.701735907660503952e-09
-1.415000000000012470e+00 2.989394871470247917e-09
-1.410000000000012577e+00 1.019477530040547605e-09
-1.405000000000012683e+00 -1.343054014503268558e-09
-1.400000000000012790e+00 -3.128604770236016220e-09
-1.395000000000012896e+00 -3.662656441627295160e-09
-1.390000000000013003e+00 -2.746259582705272042e-09
-1.385000000000013110e+00 -7.953173800739982459e-10
-1.380000000000013216e+00 1.330510511732362895e-09
-1.375000000000013323e+00 2.769381410588773594e-09
-1.370000000000013429e+00 3.027658607400541579e-09
-1.365000000000013536e+00 2.128818519886209850e-09
-1.360000000000013642e+00 5.348304007276735002e-10
-1.355000000000013749e+00 -1.083948152468071403e-09
-1.350000000000013856e+00 -2.122513187274731760e-09
-1.345000000000013962e+00 -2.257351566859794951e-09
-1.340000000000014069e+00 -1.536865641817816564e-09
-1.335000000000014175e+00 -3.257650813972498708e-10
-1.330000000000014282e+00 8.663320115825159415e-10
-1.325000000000014388e+00 1.600386548566437298e-09
-1.320000000000014495e+00 1.675332286619982346e-09
-1.315000000000014602e+00 1.167571408513027257e-09
-1.310000000000014708e+00 3.198798978132516892e-10
-1.305000000000014815e+00 -6.292438604923999603e-10
-1.300000000000014921e+00 -1.402538169406302813e-09
-1.295000000000015028e+00 -1.683789806068834287e-09
-1.290000000000015135e+00 -1.402460376133076811e-09
-1.285000000000015241e+00 -5.813823306961414006e-10
-1.280000000000015348e+00 6.312717971156949137e-10
-1.275000000000015454e+00 1.786355443171637091e-09
-1.270000000000015561e+00 2.352891918786002851e-09
-1.265000000000015667e+00 2.001911879728743351e-09
-1.260000000000015774e+00 7.789501086693959818e-10
-1.255000000000015881e+00 -8.960663127412630987e-10
-1.250000000000015987e+00 -2.383360231781726690e-09
-1.245000000000016094e+00 -3.066009371951661238e-09
-1.240000000000016200e+00 -2.593849985479531002e-09
-1.235000000000016307e+00 -1.044348472770124914e-09
-1.230000000000016414e+00 1.061590411388584184e-09
-1.225000000000016520e+00 2.913208231979955115e-09
-1.220000000000016627e+00 3.707958954610487352e-09
-1.215000000000016733e+00 3.012328518125752354e-09
-1.210000000000016840e+00 1.043251569543490864e-09
-1.205000000000016946e+00 -1.332107828660794500e-09
-1.200000000000017053e+00 -3.136206488162519750e-09
-1.195000000000017160e+00 -3.685246114948968777e-09
-1.190000000000017266e+00 -2.770130666414157273e-09
-1.185000000000017373e+00 -8.045999814012549247e-10
-1.180000000000017479e+00 1.342240110937686962e-09
-1.175000000000017586e+00 2.794732497566829923e-09
-1.170000000000017693e+00 3.050794224935457651e-09
-1.165000000000017799e+00 2.135491514609091257e-09
-1.160000000000017906e+00 5.206722796794655946e-10
-1.155000000000018012e+00 -1.111131061963559513e-09
-1.150000000000018119e+00 -2.147159603615504439e-09
-1.145000000000018225e+00 -2.264755197214882117e-09
-1.140000000000018332e+00 -1.521560528631369034e-09
-1.135000000000018439e+00 -2.952932934491845374e-10
-1.130000000000018545e+00 8.947195314755033351e-10
-1.125000000000018652e+00 1.609204992350075835e-09
-1.120000000000018758e+00 1.657950202711105871e-09
-1.115000000000018865e+00 1.133943045318015929e-09
-1.110000000000018971e+00 2.909609001882642640e-10
-1.105000000000019078e+00 -6.372676488760885964e-10
-1.100000000000019185e+00 -1.386686024198662237e-09
-1.095000000000019291e+00 -1.652667161305256271e-09
-1.090000000000019398e+00 -1.373369639116579412e-09
-1.085000000000019504e+00 -5.705424609887348539e-10
-1.080000000000019611e+00 6.184943131434664154e-10
-1.075000000000019718e+00 1.758067585297033118e-09
-1.070000000000019824e+00 2.325134139911471460e-09
-1.065000000000019931e+00 1.989433685843436367e-09
-1.060000000000020037e+00 7.876116316360720085e-10
-1.055000000000020144e+00 -8.717625175017494794e-10
-1.050000000000020250e+00 -2.356929428154842320e-09
-1.045000000000020357e+00 -3.051782124384828091e-09
-1.040000000000020464e+00 -2.599443432896281561e-09
-1.035000000000020570e+00 -1.066475583041485809e-09
-1.030000000000020677e+00 1.035681790477177745e-09
-1.025000000000020783e+00 2.898887505653249403e-09
-1.020000000000020890e+00 3.714074853745182721e-09
-1.015000000000020997e+00 3.035031312710647144e-09
-1.010000000000021103e+00 1.067843565870129655e-09
-1.005000000000021210e+00 -1.320663963144650067e-09
-1.000000000000021316e+00 -3.144526069525821780e-09
-9.950000000000214229e-01 -3.686293970042675281e-09
-9.900000000000215294e-01 -3.857807691394122539e-09
-9.850000000000216360e-01 -3.631140995935825328e-09
-9.800000000000217426e-01 -3.022044111981273287e-09
-9.750000000000218492e-01 -2.089109436410369933e-09
-9.700000000000219558e-01 -9.278478565105988010e-10
-9.650000000000220624e-01 3.397004056624360858e-10
-9.600000000000221689e-01 1.578623261619858817e-09
-9.550000000000222755e-01 2.656436788746593433e-09
-9.500000000000223821e-01 3.458178171638883911e-09
-9.450000000000224887e-01 3.899455713050129466e-09
-9.400000000000225953e-01 3.935872455641185178e-09
-9.350000000000227018e-01 3.567698835388086959e-09
-9.300000000000228084e-01 2.839274155312626150e-09
-9.250000000000229150e-01 1.833284943632534279e-09
-9.200000000000230216e-01 6.607098353746453769e-10
-9.150000000000231282e-01 -5.522512441366713821e-10
-9.100000000000232347e-01 -1.678601399342610622e-09
-9.050000000000233413e-01 -2.604545272851708355e-09
-9.000000000000234479e-01 -3.241403312262876286e-09
-8.950000000000235545e-01 -3.534118807062590310e-09
-8.900000000000236611e-01 -3.465530881435585929e-09
-8.850000000000237677e-01 -3.056167913822699602e-09
-8.800000000000238742e-01 -2.359896660971338857e-09
-8.750000000000239808e-01 -1.456260236036053237e-09
-8.700000000000240874e-01 -4.406863094721151578e-10
-8.650000000000241940e-01 5.860955501802377965e-10
-8.600000000000243006e-01 1.528131398449477453e-09
-8.550000000000244071e-01 2.302740753006711036e-09
-8.500000000000245137e-01 2.846711065802608048e-09
-8.450000000000246203e-01 3.119878266234174370e-09
-8.400000000000247269e-01 3.106184925982830401e-09
-8.350000000000248335e-01 2.812631957862339973e-09
-8.300000000000249401e-01 2.266737524533131413e-09
-8.250000000000250466e-01 1.513165201720890305e-09
-8.200000000000251532e-01 6.100890094485744626e-10
-8.150000000000252598e-01 -3.743401904373792353e-10
-8.100000000000253664e-01 -1.365319350349636833e-09
-8.050000000000254730e-01 -2.284647082562869599e-09
-8.000000000000255795e-01 -3.054216846322964271e-09
-7.950000000000256861e-01 -3.600110298727029403e-09
-7.900000000000257927e-01 -3.857558075935190415e-09
-7.850000000000258993e-01 -3.776805060883075095e-09
-7.800000000000260059e-01 -3.329588629354130941e-09
-7.750000000000261124e-01 -2.515575052768278813e-09
-7.700000000000262190e-01 -1.367779710873838310e-09
-7.650000000000263256e-01 4.419920036004265636e-11
-7.600000000000264322e-01 1.614310147586240886e-09
-7.550000000000265388e-01 3.204495705060666712e-09
-7.500000000000266454e-01 4.653961077688938616e-09
-7.450000000000267519e-01 5.793125337109404688e-09
-7.400000000000268585e-01 6.461364807163210798e-09
-7.350000000000269651e-01 6.526904075313064626e-09
-7.300000000000270717e-01 5.906578262202440957e-09
-7.250000000000271783e-01 4.582800692957225188e-09
-7.200000000000272848e-01 2.615019728089176978e-09
-7.150000000000273914e-01 1.432925377130762051e-10
-7.100000000000274980e-01 -2.617656924904816418e-09
-7.050000000000276046e-01 -5.394452616503763363e-09
-7.000000000000277112e-01 -7.880414707867337898e-09
-6.950000000000278177e-01 -9.768148196296903752e-09
-6.900000000000279243e-01 -1.078605336369447241e-08
-6.850000000000280309e-01 -1.073453165648350974e-08
-6.800000000000281375e-01 -9.517231050911470469e-09
-6.750000000000282441e-01 -7.162832344167619492e-09
-6.700000000000283507e-01 -3.833657616179697278e-09
-6.650000000000284572e-01 1.812644378856019479e-10
-6.600000000000285638e-01 4.489247877399226331e-09
-6.550000000000286704e-01 8.631656967444917976e-09
-6.500000000000287770e-01 1.213280726553218952e-08
-6.450000000000288836e-01 1.455488038378737768e-08
-6.400000000000289901e-01 1.555250138814372274e-08
-6.350000000000290967e-01 1.492019672438046573e-08
-6.300000000000292033e-01 1.262636761448912863e-08
-6.250000000000293099e-01 8.828679172504188370e-09
-6.200000000000294165e-01 3.867764556048677676e-09
-6.150000000000295231e-01 -1.761343391373886659e-09
-6.100000000000296296e-01 -7.457913326172095665e-09
-6.050000000000297362e-01 -1.257961135434559187e-08
-6.000000000000298428e-01 -1.651512487261317928e-08
-5.950000000000299494e-01 -1.875707989667253807e-08
-5.900000000000300560e-01 -1.896661243411369201e-08
-5.850000000000301625e-01 -1.702159292062611527e-08
-5.800000000000302691e-01 -1.304213193139904411e-08
-5.750000000000303757e-01 -7.389433865034720846e-09
-5.700000000000304823e-01 -6.370265922990482481e-10
-5.650000000000305889e-01 6.483473792396788784e-09
-5.600000000000306954e-01 1.315697483381269684e-08
-5.550000000000308020e-01 1.857242183204156689e-08
-5.500000000000309086e-01 2.201416312741121884e-08
-5.450000000000310152e-01 2.294750831146669381e-08
-5.400000000000311218e-01 2.108922325283358690e-08
-5.350000000000312284e-01 1.645504044226847973e-08
-5.300000000000313349e-01 9.378357937396737492e-09
-5.250000000000314415e-01 4.969203808820480336e-10
-5.200000000000315481e-01 -9.292837982984183962e-09
-5.150000000000316547e-01 -1.891120366715405430e-08
-5.100000000000317613e-01 -2.719505071819896703e-08
-5.050000000000318678e-01 -3.301450822471474079e-08
-5.000000000000319744e-01 -3.539688288927030277e-08
-4.950000000000320810e-01 -3.364695461376169025e-08
-4.900000000000321876e-01 -2.745205730323091782e-08
-4.850000000000322942e-01 -1.696037195745074627e-08
-4.800000000000324007e-01 -2.821707617500997533e-09
-4.750000000000325073e-01 1.381814361621812280e-08
-4.700000000000326139e-01 3.137550292902289361e-08
-4.650000000000327205e-01 4.794135674145074692e-08
-4.600000000000328271e-01 6.144527848852906598e-08
-4.550000000000329337e-01 6.986171605213627679e-08
-4.500000000000330402e-01 7.144335041450458467e-08
-4.450000000000331468e-01 6.496024782087392617e-08
-4.400000000000332534e-01 4.991871301154095264e-08
-4.350000000000333600e-01 2.673105842855028280e-08
-4.300000000000334666e-01 -3.192158522433082589e-09
-4.250000000000335731e-01 -3.745181824509315725e-08
-4.200000000000336797e-01 -7.278814516510538221e-08
-4.150000000000337863e-01 -1.053312699906749137e-07
-4.100000000000338929e-01 -1.309640939466846005e-07
-4.050000000000339995e-01 -1.457709010829593601e-07
-4.000000000000341061e-01 -1.465295801574673566e-07
-3.950000000000342126e-01 -1.311926845837850011e-07
-3.900000000000343192e-01 -9.929521018289726751e-08
-3.850000000000344258e-01 -5.222686633425640506e-08
-3.800000000000345324e-01 6.685027960924627073e-09
-3.750000000000346390e-01 7.231891944711135516e-08
-3.700000000000347455e-01 1.381410725399703640e-07
-3.650000000000348521e-01 1.968090659548190510e-07
-3.600000000000349587e-01 2.409481920918443678e-07
-3.550000000000350653e-01 2.640234305398692662e-07
-3.500000000000351719e-01 2.612077840236823028e-07
-3.450000000000352784e-01 2.301367113554976916e-07
-3.400000000000353850e-01 1.714409923746055922e-07
-3.350000000000354916e-01 8.896778716516842164e-08
-3.300000000000355982e-01 -1.036893212377901725e-08
-3.250000000000357048e-01 -1.171249310756989369e-07
-3.200000000000358114e-01 -2.202168928621961584e-07
-3.150000000000359179e-01 -3.080870911337246752e-07
-3.100000000000360245e-01 -3.700182751232995322e-07
-3.050000000000361311e-01 -3.974463322373967437e-07
-3.000000000000362377e-01 -3.851071478980841119e-07
-2.950000000000363443e-01 -3.318638024800543705e-07
-2.900000000000364508e-01 -2.410909569227221411e-07
-2.850000000000365574e-01 -1.205421740262083021e-07
-2.800000000000366640e-01 1.831252158039532281e-08
-2.750000000000367706e-01 1.614249307761480839e-07
-2.700000000000368772e-01 2.936659482987579179e-07
-2.650000000000369837e-01 4.005142882366075048e-07
-2.600000000000370903e-01 4.697381073868062096e-07
-2.550000000000371969e-01 4.928644805245802953e-07
-2.500000000000373035e-01 4.662514832829584125e-07
-2.450000000000374101e-01 3.916219289500621849e-07
-2.400000000000375167e-01 2.759813942463954667e-07
-2.350000000000376232e-01 1.309181127848067214e-07
-2.300000000000377298e-01 -2.864103457171235794e-08
-2.250000000000378364e-01 -1.860758879479610176e-07
-2.200000000000379430e-01 -3.249262607493030509e-07
-2.150000000000380496e-01 -4.307328542417351790e-07
-2.100000000000381561e-01 -4.926466426176762800e-07
-2.050000000000382627e-01 -5.046162329142939458e-07
-2.000000000000383693e-01 -4.660152689714183330e-07
-1.950000000000384759e-01 -3.816414334295905783e-07
-1.900000000000385825e-01 -2.610958785596299086e-07
-1.850000000000386891e-01 -1.176269426646856132e-07
-1.800000000000387956e-01 3.341480054244011205e-08
-1.750000000000389022e-01 1.763195978110049837e-07
-1.700000000000390088e-01 2.967503581801109504e-07
-1.650000000000391154e-01 3.832616689714065216e-07
-1.600000000000392220e-01 4.284367502193620052e-07
-1.550000000000393285e-01 4.295252066437942035e-07
-1.500000000000394351e-01 3.885289162735846382e-07
-1.450000000000395417e-01 3.117516078115902582e-07
-1.400000000000396483e-01 2.088908551361427232e-07
-1.350000000000397549e-01 9.180163518207463210e-08
-1.300000000000398614e-01 -2.690744842316208087e-08
-1.250000000000399680e-01 -1.352737121064056933e-07
-1.200000000000400746e-01 -2.232152815944137261e-07
-1.150000000000401812e-01 -2.834709486057471230e-07
-1.100000000000402878e-01 -3.121586362926884623e-07
-1.050000000000403944e-01 -3.089176531504673024e-07
-1.000000000000405009e-01 -2.766519818575927136e-07
-9.500000000004060752e-02 -2.209378501278280727e-07
-9.000000000004071410e-02 -1.491934080274415140e-07
-8.500000000004082068e-02 -6.972798983033025218e-08
-8.000000000004092726e-02 9.208143913818369782e-09
-7.500000000004103384e-02 8.026461203730796963e-08
-7.000000000004114042e-02 1.376377326130306313e-07
-6.500000000004124701e-02 1.774715325772109582e-07
-6.000000000004135359e-02 1.979971066628573690e-07
-5.500000000004146017e-02 1.994287181044982840e-07
-5.000000000004156675e-02 1.836631347386457953e-07
-4.500000000004167333e-02 1.538474714026738539e-07
-4.000000000004177991e-02 1.138886064500899172e-07
-3.500000000004188649e-02 6.797405297257643889e-08
-3.000000000004199308e-02 2.016152825763813762e-08
-2.500000000004209966e-02 -2.592486688523308018e-08
-2.000000000004220624e-02 -6.727646475695910833e-08
-1.500000000004231282e-02 -1.015664336067917652e-07
-1.000000000004241940e-02 -1.271254265589901873e-07
-5.000000000042525983e-03 -1.428627201640344586e-07
-4.263256414560601115e-14 -1.481727630177454196e-07
4.999999999957260854e-03 -1.428627192543265525e-07
9.999999999957154273e-03 -1.271254246524295873e-07
1.499999999995704769e-02 -1.015664305927723003e-07
1.999999999995694111e-02 -6.727646059002840815e-08
2.499999999995683453e-02 -2.592486165063815853e-08
2.999999999995672795e-02 2.016153433014680679e-08
3.499999999995662137e-02 6.797405954650815831e-08
3.999999999995651478e-02 1.138886131492724383e-07
4.499999999995640820e-02 1.538474778811604582e-07
4.999999999995630162e-02 1.836631407388299144e-07
5.499999999995619504e-02 1.994287234967585189e-07
5.999999999995608846e-02 1.979971114551440503e-07
6.499999999995598188e-02 1.774715368830570999e-07
6.999999999995587530e-02 1.376377365856601525e-07
7.499999999995576871e-02 8.026461580192123387e-08
7.999999999995566213e-02 9.208147533071505921e-09
8.499999999995555555e-02 -6.972798634893946069e-08
8.999999999995544897e-02 -1.491934047019033422e-07
9.499999999995534239e-02 -2.209378469712650594e-07
9.999999999995523581e-02 -2.766519788578679355e-07
1.049999999999551292e-01 -3.089176502705043009e-07
1.099999999999550226e-01 -3.121586335001526018e-07
1.149999999999549161e-01 -2.834709459193387204e-07
1.199999999999548095e-01 -2.232152791128898879e-07
1.249999999999547029e-01 -1.352737099916934169e-07
1.299999999999545963e-01 -2.690744684057385175e-08
1.349999999999544897e-01 9.180163612896064068e-08
1.399999999999543832e-01 2.088908554352846640e-07
1.449999999999542766e-01 3.117516075301638262e-07
1.499999999999541700e-01 3.885289155258719686e-07
1.549999999999540634e-01 4.295252055584526129e-07
1.599999999999539568e-01 4.284367489131623969e-07
1.649999999999538502e-01 3.832616675349364754e-07
1.699999999999537437e-01 2.967503566783669041e-07
1.749999999999536371e-01 1.763195962931189776e-07
1.799999999999535305e-01 3.341479904926887300e-08
1.849999999999534239e-01 -1.176269441030246376e-07
1.899999999999533173e-01 -2.610958799335126375e-07
1.949999999999532108e-01 -3.816414347555540063e-07
1.999999999999531042e-01 -4.660152702843457122e-07
2.049999999999529976e-01 -5.046162342454528092e-07
2.099999999999528910e-01 -4.926466439665731780e-07
2.149999999999527844e-01 -4.307328555548240768e-07
2.199999999999526779e-01 -3.249262619154581492e-07
2.249999999999525713e-01 -1.860758888101497136e-07
2.299999999999524647e-01 -2.864103494452851315e-08
2.349999999999523581e-01 1.309181131051607230e-07
2.399999999999522515e-01 2.759813954852377445e-07
2.449999999999521449e-01 3.916219313590822793e-07
2.499999999999520384e-01 4.662514871256266099e-07
2.549999999999519318e-01 4.928644860327279781e-07
2.599999999999518252e-01 4.697381147018889918e-07
2.649999999999517186e-01 4.005142973618356413e-07
2.699999999999516120e-01 2.936659590854416039e-07
2.749999999999515055e-01 1.614249429556957924e-07
2.799999999999513989e-01 1.831253483433482516e-08
2.849999999999512923e-01 -1.205421599852040216e-07
2.899999999999511857e-01 -2.410909422935468641e-07
2.949999999999510791e-01 -3.318637873715567541e-07
2.999999999999509726e-01 -3.851071323999827330e-07
3.049999999999508660e-01 -3.974463165390562467e-07
3.099999999999507594e-01 -3.700182596120318731e-07
3.149999999999506528e-01 -3.080870764141227018e-07
3.199999999999505462e-01 -2.202168796943177545e-07
3.249999999999504396e-01 -1.171249202715705809e-07
3.299999999999503331e-01 -1.036892445224937042e-08
3.349999999999502265e-01 8.896779102166787293e-08
3.399999999999501199e-01 1.714409918028800845e-07
3.449999999999500133e-01 2.301367057772397154e-07
3.499999999999499067e-01 2.612077729026570836e-07
3.549999999999498002e-01 2.640234134529119022e-07
3.599999999999496936e-01 2.409481688351566142e-07
3.649999999999495870e-01 1.968090366274953188e-07
3.699999999999494804e-01 1.381410375536167055e-07
3.749999999999493738e-01 7.231887944824925177e-08
3.799999999999492672e-01 6.684983695638642811e-09
3.849999999999491607e-01 -5.222691415648990689e-08
3.899999999999490541e-01 -9.929526096292994442e-08
3.949999999999489475e-01 -1.311927378063000604e-07
3.999999999999488409e-01 -1.465296352863263343e-07
4.049999999999487343e-01 -1.457709574569611378e-07
4.099999999999486278e-01 -1.309641507548583145e-07
4.149999999999485212e-01 -1.053313263493376129e-07
4.199999999999484146e-01 -7.278820025585089481e-08
4.249999999999483080e-01 -3.745187144161157101e-08
4.299999999999482014e-01 -3.192209441396684196e-09
4.349999999999480949e-01 2.673100997216494505e-08
4.399999999999479883e-01 4.991866710952857467e-08
4.449999999999478817e-01 6.496020458154206984e-08
4.499999999999477751e-01 7.144331003113671883e-08
4.549999999999476685e-01 6.986167880035409023e-08
4.599999999999475619e-01 6.144524465601677748e-08
4.649999999999474554e-01 4.794132653585775558e-08
4.699999999999473488e-01 3.137547641752091724e-08
4.749999999999472422e-01 1.381812072088758646e-08
4.799999999999471356e-01 -2.821727076560461578e-09
4.849999999999470290e-01 -1.696038820176024266e-08
4.899999999999469225e-01 -2.745207055525523236e-08
4.949999999999468159e-01 -3.364696509388788694e-08
4.999999999999467093e-01 -3.539689083827910056e-08
5.049999999999466027e-01 -3.301451392567527301e-08
5.099999999999464961e-01 -2.719505450045271148e-08
5.149999999999463896e-01 -1.891120589027032860e-08
5.199999999999462830e-01 -9.292839009368094263e-09
5.249999999999461764e-01 4.969202091163213812e-10
5.299999999999460698e-01 9.378358308499523719e-09
5.349999999999459632e-01 1.645504108184729214e-08
5.399999999999458566e-01 2.108922393609037454e-08
5.449999999999457501e-01 2.294750887089596650e-08
5.499999999999456435e-01 2.201416345055339486e-08
5.549999999999455369e-01 1.857242185453539369e-08
5.599999999999454303e-01 1.315697452628261851e-08
5.649999999999453237e-01 6.483473146511688697e-09
5.699999999999452172e-01 -6.370275641956712143e-10
5.749999999999451106e-01 -7.389435126941082881e-09
5.799999999999450040e-01 -1.304213343892390331e-08
5.849999999999448974e-01 -1.702159464902933579e-08
5.899999999999447908e-01 -1.896661440290452217e-08
5.949999999999446842e-01 -1.875708217831410056e-08
5.999999999999445777e-01 -1.651512756679687786e-08
6.049999999999444711e-01 -1.257961453305087026e-08
6.099999999999443645e-01 -7.457916992189566789e-09
6.149999999999442579e-01 -1.761347478664620780e-09
6.199999999999441513e-01 3.867760149384085386e-09
6.249999999999440448e-01 8.828674538926598154e-09
6.299999999999439382e-01 1.262636280175961653e-08
6.349999999999438316e-01 1.492019172986652448e-08
6.399999999999437250e-01 1.555249618035529284e-08
6.449999999999436184e-01 1.455487492994150308e-08
6.499999999999435119e-01 1.213280154773395918e-08
6.549999999999434053e-01 8.631650985010417317e-09
6.599999999999432987e-01 4.489241641479775621e-09
6.649999999999431921e-01 1.812579665454400830e-10
6.699999999999430855e-01 -3.833664291433047043e-09
6.749999999999429789e-01 -7.162839161029528875e-09
6.799999999999428724e-01 -9.517237912179739720e-09
6.849999999999427658e-01 -1.073453845254561106e-08
6.899999999999426592e-01 -1.078606000266918515e-08
6.949999999999425526e-01 -9.768154625335370709e-09
6.999999999999424460e-01 -7.880420920735236107e-09
7.049999999999423395e-01 -5.394458638280219689e-09
7.099999999999422329e-01 -2.617662784401708674e-09
7.149999999999421263e-01 1.432868204379035258e-10
7.199999999999420197e-01 2.615014139088678457e-09
7.249999999999419131e-01 4.582795218907576625e-09
7.299999999999418065e-01 5.906572879174909065e-09
7.349999999999417000e-01 6.526898740618178173e-09
7.399999999999415934e-01 6.461359469228215699e-09
7.449999999999414868e-01 5.793119952395627068e-09
7.499999999999413802e-01 4.653955620552999454e-09
7.549999999999412736e-01 3.204490170207209258e-09
7.599999999999411671e-01 1.614304539415785141e-09
7.649999999999410605e-01 4.419350964535190389e-11
7.699999999999409539e-01 -1.367785525596422770e-09
7.749999999999408473e-01 -2.515581069152612732e-09
7.799999999999407407e-01 -3.329594951865562152e-09
7.849999999999406342e-01 -3.776811798402280034e-09
7.899999999999405276e-01 -3.857565313123343770e-09
7.949999999999404210e-01 -3.600118075336942902e-09
7.999999999999403144e-01 -3.054225152997347073e-09
8.049999999999402078e-01 -2.284655871494020798e-09
8.099999999999401012e-01 -1.365328554056415589e-09
8.149999999999399947e-01 -3.743497431979527139e-10
8.199999999999398881e-01 6.100791532609359826e-10
8.249999999999397815e-01 1.513155059906536130e-09
8.299999999999396749e-01 2.266727089618150425e-09
8.349999999999395683e-01 2.812621204325761819e-09
8.399999999999394618e-01 3.106173822538704459e-09
8.449999999999393552e-01 3.119866791487638291e-09
8.499999999999392486e-01 2.846699222139274293e-09
8.549999999999391420e-01 2.302728580263327003e-09
8.599999999999390354e-01 1.528118981884002588e-09
8.649999999999389289e-01 5.860830070905233806e-10
8.699999999999388223e-01 -4.406988637896830778e-10
8.749999999999387157e-01 -1.456272726573925166e-09
8.799999999999386091e-01 -2.359909079851852374e-09
8.849999999999385025e-01 -3.056180318322457313e-09
8.899999999999383959e-01 -3.465543359462939425e-09
8.949999999999382894e-01 -3.534131434522586462e-09
8.999999999999381828e-01 -3.241416126232649417e-09
9.049999999999380762e-01 -2.604558265878916184e-09
9.099999999999379696e-01 -1.678614532231175125e-09
9.149999999999378630e-01 -5.522644653847659055e-10
9.199999999999377565e-01 6.606965773452277951e-10
9.249999999999376499e-01 1.833271694877609137e-09
9.299999999999375433e-01 2.839260953197950009e-09
9.349999999999374367e-01 3.567685707077859405e-09
9.399999999999373301e-01 3.935859413688585451e-09
9.449999999999372235e-01 3.899442751241766407e-09
9.499999999999371170e-01 3.458165271239497560e-09
9.549999999999370104e-01 2.656423930136527552e-09
9.599999999999369038e-01 1.578610430513105555e-09
9.649999999999367972e-01 3.396875940823786450e-10
9.699999999999366906e-01 -9.278606516163973982e-10
9.749999999999365841e-01 -2.089122211752185714e-09
9.799999999999364775e-01 -3.022056848142788895e-09
9.849999999999363709e-01 -3.631153646158512172e-09
9.899999999999362643e-01 -3.857820181176090148e-09
9.949999999999361577e-01 -3.686306208499271995e-09
9.999999999999360512e-01 -3.144537965560179855e-09
1.004999999999935945e+00 -1.320674920374345495e-09
1.009999999999935838e+00 1.067833631639470797e-09
1.014999999999935731e+00 3.035022466578449878e-09
1.019999999999935625e+00 3.714067258971677571e-09
1.024999999999935518e+00 2.898881308966147139e-09
1.029999999999935412e+00 1.035677007621318282e-09
1.034999999999935305e+00 -1.066479102400594506e-09
1.039999999999935199e+00 -2.599445964909531949e-09
1.044999999999935092e+00 -3.051783993378194632e-09
1.049999999999934985e+00 -2.356930932160623320e-09
1.054999999999934879e+00 -8.717638832234694037e-10
1.059999999999934772e+00 7.876102579021230931e-10
1.064999999999934666e+00 1.989432221727572695e-09
1.069999999999934559e+00 2.325132544310651126e-09
1.074999999999934452e+00 1.758065847984205753e-09
1.079999999999934346e+00 6.184924654205913783e-10
1.084999999999934239e+00 -5.705443199213010939e-10
1.089999999999934133e+00 -1.373371316469589704e-09
1.094999999999934026e+00 -1.652668359511951006e-09
1.099999999999933920e+00 -1.386686328085515375e-09
1.104999999999933813e+00 -6.372689478879356389e-10
1.109999999999933706e+00 2.909587589739540571e-10
1.114999999999933600e+00 1.133940137877732810e-09
1.119999999999933493e+00 1.657946637948889010e-09
1.124999999999933387e+00 1.609200895427127263e-09
1.129999999999933280e+00 8.947150151550215164e-10
1.134999999999933173e+00 -2.952981343243836071e-10
1.139999999999933067e+00 -1.521565603632515676e-09
1.144999999999932960e+00 -2.264760404357208274e-09
1.149999999999932854e+00 -2.147164824379582016e-09
1.154999999999932747e+00 -1.111136171000003303e-09
1.159999999999932641e+00 5.206673962413203725e-10
1.164999999999932534e+00 2.135486943734817713e-09
1.169999999999932427e+00 3.050790024570202305e-09
1.174999999999932321e+00 2.794728710909941860e-09
1.179999999999932214e+00 1.342236788989082183e-09
1.184999999999932108e+00 -8.046027674685218135e-10
1.189999999999932001e+00 -2.770132843968299379e-09
1.194999999999931894e+00 -3.685247665959912606e-09
1.199999999999931788e+00 -3.136207505557342530e-09
1.204999999999931681e+00 -1.332109006824144055e-09
1.209999999999931575e+00 1.043250307026804988e-09
1.214999999999931468e+00 3.012327253436751429e-09
1.219999999999931362e+00 3.707957729775707190e-09
1.224999999999931255e+00 2.913207069975317024e-09
1.229999999999931148e+00 1.061589337638596022e-09
1.234999999999931042e+00 -1.044349427004673083e-09
1.239999999999930935e+00 -2.593850793021561423e-09
1.244999999999930829e+00 -3.066010021235744069e-09
1.249999999999930722e+00 -2.383360730849846264e-09
1.254999999999930616e+00 -8.960666830620440443e-10
1.259999999999930509e+00 7.789498448501188184e-10
1.264999999999930402e+00 2.001911711229367132e-09
1.269999999999930296e+00 2.352891849660900512e-09
1.274999999999930189e+00 1.786355486510553673e-09
1.279999999999930083e+00 6.312719619922021328e-10
1.284999999999929976e+00 -5.813820504357788517e-10
1.289999999999929869e+00 -1.402460002992026565e-09
1.294999999999929763e+00 -1.683789373738189164e-09
1.299999999999929656e+00 -1.402537746227860266e-09
1.304999999999929550e+00 -6.292435389115076985e-10
1.309999999999929443e+00 3.198800920476703278e-10
1.314999999999929337e+00 1.167571490297895398e-09
1.319999999999929230e+00 1.675332277948606212e-09
1.324999999999929123e+00 1.600386460324147516e-09
1.329999999999929017e+00 8.663318439770305904e-10
1.334999999999928910e+00 -3.257653279238031667e-10
1.339999999999928804e+00 -1.536865955446482690e-09
1.344999999999928697e+00 -2.257351920111510293e-09
1.349999999999928590e+00 -2.122513541509291939e-09
1.354999999999928484e+00 -1.083948468339485557e-09
1.359999999999928377e+00 5.348301524277166255e-10
1.364999999999928271e+00 2.128818352544542795e-09
1.369999999999928164e+00 3.027658520899671299e-09
1.374999999999928058e+00 2.769381399983437194e-09
1.379999999999927951e+00 1.330510576127537717e-09
1.384999999999927844e+00 -7.953172365759032344e-10
1.389999999999927738e+00 -2.746259362143787066e-09
1.394999999999927631e+00 -3.662656165396637677e-09
1.399999999999927525e+00 -3.128604454922394561e-09
1.404999999999927418e+00 -1.343053758102507262e-09
1.409999999999927311e+00 1.019477737680171085e-09
1.414999999999927205e+00 2.989395027874377047e-09
1.419999999999927098e+00 3.701736014093134815e-09
1.424999999999926992e+00 2.928271744461301190e-09
1.429999999999926885e+00 1.088354193805681521e-09
1.434999999999926779e+00 -1.022267934770723143e-09
1.439999999999926672e+00 -2.589113878817138633e-09
1.444999999999926565e+00 -3.080579089464876187e-09
1.449999999999926459e+00 -2.408191732593332596e-09
1.454999999999926352e+00 -9.165715632675300870e-10
1.459999999999926246e+00 7.755159497094046031e-10
1.464999999999926139e+00 2.022408248528955346e-09
1.469999999999926033e+00 2.403534363148269942e-09
1.474999999999925926e+00 1.894987492373822733e-09
1.479999999999925819e+00 9.004179562790498063e-10
1.484999999999925713e+00 1.374804860090830208e-10
1.489999999999925606e+00 4.692910194002064101e-10
1.494999999999925500e+00 2.905411895617137187e-09
1.499999999999925393e+00 9.178909408246241191e-09
1.504999999999925286e+00 2.169992541970983312e-08
1.509999999999925180e+00 4.815807305987910851e-08
1.514999999999925073e+00 9.966724301753159321e-08
1.519999999999924967e+00 1.903478736380526550e-07
1.524999999999924860e+00 3.504220026306540333e-07
1.529999999999924754e+00 6.282854319949361950e-07
1.534999999999924647e+00 1.091907557497710915e-06
1.539999999999924540e+00 1.832050099264506299e-06
1.544999999999924434e+00 2.964707736883829616e-06
1.549999999999924327e+00 4.627587054470150093e-06
1.554999999999924221e+00 6.965085792007840716e-06
1.559999999999924114e+00 1.009784273261730884e-05
1.564999999999924007e+00 1.407623018476038764e-05
1.569999999999923901e+00 1.882188649744850626e-05
1.574999999999923794e+00 2.406726592884953341e-05
1.579999999999923688e+00 2.930994802791963235e-05
1.584999999999923581e+00 3.380582903843206013e-05
1.589999999999923475e+00 3.663304424864638627e-05
1.594999999999923368e+00 3.686627324147591600e-05
1.599999999999923261e+00 3.390869020298212380e-05
1.604999999999923155e+00 2.798706704246958974e-05
1.609999999999923048e+00 2.056237565596283606e-05
1.614999999999922942e+00 1.513638138269014217e-05
1.619999999999922835e+00 1.773677243854517531e-05
1.624999999999922728e+00 3.677477068439541510e-05
1.629999999999922622e+00 8.289658284010006310e-05
1.634999999999922515e+00 1.682220021891586747e-04
1.639999999999922409e+00 3.048182838046396143e-04
1.644999999999922302e+00 5.025759270915632461e-04
1.649999999999922196e+00 7.668501280832997358e-04
1.654999999999922089e+00 1.096322330548890611e-03
1.659999999999921982e+00 1.481535429663580292e-03
1.664999999999921876e+00 1.904478684865350442e-03
1.669999999999921769e+00 2.339459199664971085e-03
1.674999999999921663e+00 2.755310845695079034e-03
1.679999999999921556e+00 3.118773666274189497e-03
1.684999999999921450e+00 3.398642011323365752e-03
1.689999999999921343e+00 3.570042850705727050e-03
1.694999999999921236e+00 3.617981807060906968e-03
1.699999999999921130e+00 3.539098362077402419e-03
1.704999999999921023e+00 3.342026839707959961e-03
1.709999999999920917e+00 3.046219167063352485e-03
1.714999999999920810e+00 2.678794197168363200e-03
1.719999999999920703e+00 2.270803596848142581e-03
1.724999999999920597e+00 1.853316862308786693e-03
1.729999999999920490e+00 1.453786475053415322e-03
1.734999999999920384e+00 1.093438552482987273e-03
1.739999999999920277e+00 7.859694431273002305e-04
1.744999999999920171e+00 5.375026793188878490e-04
1.749999999999920064e+00 3.475545795067749508e-04
1.754999999999919957e+00 2.106516375539979440e-04
1.759999999999919851e+00 1.182196965183097720e-04
1.764999999999919744e+00 6.040482882525629059e-05
1.769999999999919638e+00 2.756988265276393758e-05
1.774999999999919531e+00 1.131985500216930395e-05
1.779999999999919424e+00 5.024664578176230690e-06
1.784999999999919318e+00 3.910571485233760861e-06
1.789999999999919211e+00 4.862475116155260690e-06
1.794999999999919105e+00 6.099665706202148780e-06
1.799999999999918998e+00 6.838358098143624468e-06
1.804999999999918892e+00 6.873399235662397549e-06
1.809999999999918785e+00 6.312713855674827443e-06
1.814999999999918678e+00 5.383326623291671027e-06
1.819999999999918572e+00 4.312230443395535144e-06
1.824999999999918465e+00 3.271141261306221862e-06
1.829999999999918359e+00 2.363553953021604692e-06
1.834999999999918252e+00 1.633629544125073240e-06
1.839999999999918145e+00 1.083525099071386638e-06
1.844999999999918039e+00 6.911962963326692842e-07
1.849999999999917932e+00 4.246643955701309950e-07
1.854999999999917826e+00 2.514494563603447865e-07
1.859999999999917719e+00 1.435357298122819568e-07
1.864999999999917613e+00 7.905856042830763485e-08
1.869999999999917506e+00 4.209035155400964595e-08
1.874999999999917399e+00 2.166160949316502176e-08
1.879999999999917293e+00 1.068723460063792369e-08
1.884999999999917186e+00 4.983518172633889572e-09
1.889999999999917080e+00 2.263177495646018694e-09
1.894999999999916973e+00 1.089663757862127241e-09
1.899999999999916866e+00 4.633544348527711721e-10
1.904999999999916760e+00 1.953388269771195597e-10
1.909999999999916653e+00 7.666758054076802406e-11
1.914999999999916547e+00 2.791172994514733749e-11
1.919999999999916440e+00 9.515288517753618232e-12
1.924999999999916334e+00 2.963589917782689469e-12
1.929999999999916227e+00 3.919203155752167837e-13
1.934999999999916120e+00 -9.626904343096060400e-13
1.939999999999916014e+00 -1.676808450570430208e-12
1.944999999999915907e+00 -1.664752728244722084e-12
1.949999999999915801e+00 -9.319711055830748760e-13
1.954999999999915694e+00 1.668484080220575857e-13
1.959999999999915588e+00 1.028820827060896186e-12
1.964999999999915481e+00 1.131798369817493899e-12
1.969999999999915374e+00 4.011387959754397787e-13
1.974999999999915268e+00 -6.272623451477901706e-13
1.979999999999915161e+00 -1.062559617128116368e-12
1.984999999999915055e+00 -3.722442835822435977e-13
1.989999999999914948e+00 8.036364918823986329e-13
1.994999999999914841e+00 7.808973248669063218e-13
