-2.000000000000000000e+00 6.635327024161671687e-03
-1.995000000000000107e+00 6.667714814154658554e-03
-1.990000000000000213e+00 6.699895050085300473e-03
-1.985000000000000320e+00 6.731860265676877300e-03
-1.980000000000000426e+00 6.763602912992413077e-03
-1.975000000000000533e+00 6.795115362819145396e-03
-1.970000000000000639e+00 6.826389905089476871e-03
-1.965000000000000746e+00 6.857418749339293414e-03
-1.960000000000000853e+00 6.888194025204481992e-03
-1.955000000000000959e+00 6.918707782956518698e-03
-1.950000000000001066e+00 6.948951994078030048e-03
-1.945000000000001172e+00 6.978918551879161047e-03
-1.940000000000001279e+00 7.008599272155718006e-03
-1.935000000000001386e+00 7.037985893889923093e-03
-1.930000000000001492e+00 7.067070079994739948e-03
-1.925000000000001599e+00 7.095843418102679330e-03
-1.920000000000001705e+00 7.124297421400031111e-03
-1.915000000000001812e+00 7.152423529507442000e-03
-1.910000000000001918e+00 7.180213109407813932e-03
-1.905000000000002025e+00 7.207657456422485003e-03
-1.900000000000002132e+00 7.234747795236631460e-03
-1.895000000000002238e+00 7.261475280974915951e-03
-1.890000000000002345e+00 7.287831000328336140e-03
-1.885000000000002451e+00 7.313805972733259872e-03
-1.880000000000002558e+00 7.339391151603697275e-03
-1.875000000000002665e+00 7.364577425617767348e-03
-1.870000000000002771e+00 7.389355620059392948e-03
-1.865000000000002878e+00 7.413716498216279746e-03
-1.860000000000002984e+00 7.437650762835160134e-03
-1.855000000000003091e+00 7.461149057635380229e-03
-1.850000000000003197e+00 7.484201968881859512e-03
-1.845000000000003304e+00 7.506800027018474368e-03
-1.840000000000003411e+00 7.528933708362923680e-03
-1.835000000000003517e+00 7.550593436864145094e-03
-1.830000000000003624e+00 7.571769585923333185e-03
-1.825000000000003730e+00 7.592452480279676674e-03
-1.820000000000003837e+00 7.612632397961803521e-03
-1.815000000000003944e+00 7.632299572306136017e-03
-1.810000000000004050e+00 7.651444194043129088e-03
-1.805000000000004157e+00 7.670056413452553193e-03
-1.800000000000004263e+00 7.688126342588886934e-03
-1.795000000000004370e+00 7.705644057577914000e-03
-1.790000000000004476e+00 7.722599600985599090e-03
-1.785000000000004583e+00 7.738982984260410307e-03
-1.780000000000004690e+00 7.754784190250122757e-03
-1.775000000000004796e+00 7.769993175794204059e-03
-1.770000000000004903e+00 7.784599874392923204e-03
-1.765000000000005009e+00 7.798594198954243543e-03
-1.760000000000005116e+00 7.811966044619628353e-03
-1.755000000000005222e+00 7.824705291669823218e-03
-1.750000000000005329e+00 7.836801808511739340e-03
-1.745000000000005436e+00 7.848245454747521110e-03
-1.740000000000005542e+00 7.859026084326866529e-03
-1.735000000000005649e+00 7.869133548783711560e-03
-1.730000000000005755e+00 7.878557700558340079e-03
-1.725000000000005862e+00 7.887288396406028773e-03
-1.720000000000005969e+00 7.895315500893196684e-03
-1.715000000000006075e+00 7.902628889982289337e-03
-1.710000000000006182e+00 7.909218454706224907e-03
-1.705000000000006288e+00 7.915074104933689583e-03
-1.700000000000006395e+00 7.920185773226109602e-03
-1.695000000000006501e+00 7.924543418787443130e-03
-1.690000000000006608e+00 7.928137031507801608e-03
-1.685000000000006715e+00 7.930956636101802598e-03
-1.680000000000006821e+00 7.932992296342766120e-03
-1.675000000000006928e+00 7.934234119393632212e-03
-1.670000000000007034e+00 7.934672260235637112e-03
-1.665000000000007141e+00 7.934296926195601521e-03
-1.660000000000007248e+00 7.933098381572842306e-03
-1.655000000000007354e+00 7.931066952366531628e-03
-1.650000000000007461e+00 7.928193031104494026e-03
-1.645000000000007567e+00 7.924467081774173513e-03
-1.640000000000007674e+00 7.919879644856731710e-03
-1.635000000000007780e+00 7.914421342465040310e-03
-1.630000000000007887e+00 7.908082883586364104e-03
-1.625000000000007994e+00 7.900855069430560290e-03
-1.620000000000008100e+00 7.892728798884441135e-03
-1.615000000000008207e+00 7.883695074073091003e-03
-1.610000000000008313e+00 7.873745006028843793e-03
-1.605000000000008420e+00 7.862869820468448151e-03
-1.600000000000008527e+00 7.851060863679247895e-03
-1.595000000000008633e+00 7.838309608514740234e-03
-1.590000000000008740e+00 7.824607660500207396e-03
-1.585000000000008846e+00 7.809946764048947276e-03
-1.580000000000008953e+00 7.794318808789477832e-03
-1.575000000000009059e+00 7.777715836004233003e-03
-1.570000000000009166e+00 7.760130045180110153e-03
-1.565000000000009273e+00 7.741553800671232416e-03
-1.560000000000009379e+00 7.721979638474223487e-03
-1.555000000000009486e+00 7.701400273116231626e-03
-1.550000000000009592e+00 7.679808604655969165e-03
-1.545000000000009699e+00 7.657197725797834295e-03
-1.540000000000009805e+00 7.633560929119295561e-03
-1.535000000000009912e+00 7.608891714411536444e-03
-1.530000000000010019e+00 7.583183796133372186e-03
-1.525000000000010125e+00 7.556431110978362523e-03
-1.520000000000010232e+00 7.528627825554956403e-03
-1.515000000000010338e+00 7.499768344179541177e-03
-1.510000000000010445e+00 7.469847316782039781e-03
-1.505000000000010552e+00 7.438859646923815655e-03
-1.500000000000010658e+00 7.406800499927400534e-03
-1.495000000000010765e+00 7.373665311117626187e-03
-1.490000000000010871e+00 7.339449794173600640e-03
-1.485000000000010978e+00 7.304149949590820270e-03
-1.480000000000011084e+00 7.267762073252832279e-03
-1.475000000000011191e+00 7.230282765111533359e-03
-1.470000000000011298e+00 7.191708937975307449e-03
-1.465000000000011404e+00 7.152037826403969539e-03
-1.460000000000011511e+00 7.111266995709484250e-03
-1.455000000000011617e+00 7.069394351061278683e-03
-1.450000000000011724e+00 7.026418146694932663e-03
-1.445000000000011831e+00 6.982336995222814327e-03
-1.440000000000011937e+00 6.937149877045288050e-03
-1.435000000000012044e+00 6.890856149860844979e-03
-1.430000000000012150e+00 6.843455558273535931e-03
-1.425000000000012257e+00 6.794948243495885221e-03
-1.420000000000012363e+00 6.745334753145379794e-03
-1.415000000000012470e+00 6.694616051132504068e-03
-1.410000000000012577e+00 6.642793527638191087e-03
-1.405000000000012683e+00 6.589869009178351590e-03
-1.400000000000012790e+00 6.535844768753158208e-03
-1.395000000000012896e+00 6.480723536078463604e-03
-1.390000000000013003e+00 6.424508507896698438e-03
-1.385000000000013110e+00 6.367203358364435448e-03
-1.380000000000013216e+00 6.308812249513657579e-03
-1.375000000000013323e+00 6.249339841783579930e-03
-1.370000000000013429e+00 6.188791304619785036e-03
-1.365000000000013536e+00 6.127172327137229806e-03
-1.360000000000013642e+00 6.064489128843534096e-03
-1.355000000000013749e+00 6.000748470418821277e-03
-1.350000000000013856e+00 5.935957664548137391e-03
-1.345000000000013962e+00 5.870124586802419157e-03
-1.340000000000014069e+00 5.803257686563667930e-03
-1.335000000000014175e+00 5.735365997989903472e-03
-1.330000000000014282e+00 5.666459151015290976e-03
-1.325000000000014388e+00 5.596547382380497385e-03
-1.320000000000014495e+00 5.525641546688379001e-03
-1.315000000000014602e+00 5.453753127479647918e-03
-1.310000000000014708e+00 5.380894248323153488e-03
-1.305000000000014815e+00 5.307077683915095018e-03
-1.300000000000014921e+00 5.232316871181302322e-03
-1.295000000000015028e+00 5.156625920376532550e-03
-1.290000000000015135e+00 5.080019626174376961e-03
-1.285000000000015241e+00 5.002513478741354817e-03
-1.280000000000015348e+00 4.924123674788348330e-03
-1.275000000000015454e+00 4.844867128592349539e-03
-1.270000000000015561e+00 4.764761482981297487e-03
-1.265000000000015667e+00 4.683825120274430140e-03
-1.260000000000015774e+00 4.602077173170435014e-03
-1.255000000000015881e+00 4.519537535575311217e-03
-1.250000000000015987e+00 4.436226873361661348e-03
-1.245000000000016094e+00 4.352166635050822019e-03
-1.240000000000016200e+00 4.267379062408968582e-03
-1.235000000000016307e+00 4.181887200948043379e-03
-1.230000000000016414e+00 4.095714910322098383e-03
-1.225000000000016520e+00 4.008886874609241500e-03
-1.220000000000016627e+00 3.921428612469235291e-03
-1.215000000000016733e+00 3.833366487166329356e-03
-1.210000000000016840e+00 3.744727716446674768e-03
-1.205000000000016946e+00 3.655540382259356205e-03
-1.200000000000017053e+00 3.565833440309677197e-03
-1.195000000000017160e+00 3.475636729433109230e-03
-1.190000000000017266e+00 3.384980980777810202e-03
-1.185000000000017373e+00 3.293897826783475941e-03
-1.180000000000017479e+00 3.202419809943769357e-03
-1.175000000000017586e+00 3.110580391339279067e-03
-1.170000000000017693e+00 3.018413958927571202e-03
-1.165000000000017799e+00 2.925955835576568489e-03
-1.160000000000017906e+00 2.833242286827026678e-03
-1.155000000000018012e+00 2.740310528369598216e-03
-1.150000000000018119e+00 2.647198733221463058e-03
-1.145000000000018225e+00 2.553946038587212499e-03
-1.140000000000018332e+00 2.460592552388170089e-03
-1.135000000000018439e+00 2.367179359444007616e-03
-1.130000000000018545e+00 2.273748527290012349e-03
-1.125000000000018652e+00 2.180343111612980094e-03
-1.120000000000018758e+00 2.087007161288274935e-03
-1.115000000000018865e+00 1.993785723000110390e-03
-1.110000000000018971e+00 1.900724845426718769e-03
-1.105000000000019078e+00 1.807871582971552716e-03
-1.100000000000019185e+00 1.715273999021260480e-03
-1.095000000000019291e+00 1.622981168710643232e-03
-1.090000000000019398e+00 1.531043181174488984e-03
-1.085000000000019504e+00 1.439511141265256743e-03
-1.080000000000019611e+00 1.348437170715748685e-03
-1.075000000000019718e+00 1.257874408724851895e-03
-1.070000000000019824e+00 1.167877011944179260e-03
-1.065000000000019931e+00 1.078500153842884210e-03
-1.060000000000020037e+00 9.898000234273812269e-04
-1.055000000000020144e+00 9.018338232922044808e-04
-1.050000000000020250e+00 8.146597669776784378e-04
-1.045000000000020357e+00 7.283370756095494539e-04
-1.040000000000020464e+00 6.429259737951702885e-04
-1.035000000000020570e+00 5.584876847502768605e-04
-1.030000000000020677e+00 4.750844246298392866e-04
-1.025000000000020783e+00 3.927793960358906609e-04
-1.020000000000020890e+00 3.116367806746750337e-04
-1.015000000000020997e+00 2.317217311348604989e-04
-1.010000000000021103e+00 1.531003617579856360e-04
-1.005000000000021210e+00 7.583973857171064309e-05
-1.000000000000021316e+00 7.868255836658583606e-09
-9.950000000000214229e-01 7.816812110787490116e-09
-9.900000000000215294e-01 7.765711846141564569e-09
-9.850000000000216360e-01 7.714953427291646372e-09
-9.800000000000217426e-01 7.664535565716717339e-09
-9.750000000000218492e-01 7.614456979657037659e-09
-9.700000000000219558e-01 7.564716394103491809e-09
-9.650000000000220624e-01 7.515312540798730063e-09
-9.600000000000221689e-01 7.466244158236084885e-09
-9.550000000000222755e-01 7.417509991643742002e-09
-9.500000000000223821e-01 7.369108792990490961e-09
-9.450000000000224887e-01 7.321039320999802093e-09
-9.400000000000225953e-01 7.273300341134500506e-09
-9.350000000000227018e-01 7.225890625560330438e-09
-9.300000000000228084e-01 7.178808953167874710e-09
-9.250000000000229150e-01 7.132054109592150640e-09
-9.200000000000230216e-01 7.085624887190075989e-09
-9.150000000000231282e-01 7.039520085030040689e-09
-9.100000000000232347e-01 6.993738508891640499e-09
-9.050000000000233413e-01 6.948278971270714527e-09
-9.000000000000234479e-01 6.903140291376708185e-09
-8.950000000000235545e-01 6.858321295130943549e-09
-8.900000000000236611e-01 6.813820815158069625e-09
-8.850000000000237677e-01 6.769637690776778896e-09
-8.800000000000238742e-01 6.725770767996934528e-09
-8.750000000000239808e-01 6.682218899527732158e-09
-8.700000000000240874e-01 6.638980944764402142e-09
-8.650000000000241940e-01 6.596055769787098646e-09
-8.600000000000243006e-01 6.553442247365894995e-09
-8.550000000000244071e-01 6.511139256964190002e-09
-8.500000000000245137e-01 6.469145684721789639e-09
-8.450000000000246203e-01 6.427460423445598778e-09
-8.400000000000247269e-01 6.386082372612751239e-09
-8.350000000000248335e-01 6.345010438375471134e-09
-8.300000000000249401e-01 6.304243533555911258e-09
-8.250000000000250466e-01 6.263780577631860233e-09
-8.200000000000251532e-01 6.223620496743640373e-09
-8.150000000000252598e-01 6.183762223689949439e-09
-8.100000000000253664e-01 6.144204697923723091e-09
-8.050000000000254730e-01 6.104946865549837799e-09
-8.000000000000255795e-01 6.065987679319516625e-09
-7.950000000000256861e-01 6.027326098633312036e-09
-7.900000000000257927e-01 5.988961089539737746e-09
-7.850000000000258993e-01 5.950891624728173989e-09
-7.800000000000260059e-01 5.913116683520666848e-09
-7.750000000000261124e-01 5.875635251873938308e-09
-7.700000000000262190e-01 5.838446322379748559e-09
-7.650000000000263256e-01 5.801548894260621951e-09
-7.600000000000264322e-01 5.764941973362986363e-09
-7.550000000000265388e-01 5.728624572155497332e-09
-7.500000000000266454e-01 5.692595709732410469e-09
-7.450000000000267519e-01 5.656854411809357875e-09
-7.400000000000268585e-01 5.621399710715929159e-09
-7.350000000000269651e-01 5.586230645392444604e-09
-7.300000000000270717e-01 5.551346261388897203e-09
-7.250000000000271783e-01 5.516745610860417233e-09
-7.200000000000272848e-01 5.482427752564741075e-09
-7.150000000000273914e-01 5.448391751864772998e-09
-7.100000000000274980e-01 5.414636680729863977e-09
-7.050000000000276046e-01 5.381161617729198383e-09
-7.000000000000277112e-01 5.347965648019826341e-09
-6.950000000000278177e-01 5.315047863343914999e-09
-6.900000000000279243e-01 5.282407362034865534e-09
-6.850000000000280309e-01 5.250043249017433096e-09
-6.800000000000281375e-01 5.217954635800962117e-09
-6.750000000000282441e-01 5.186140640473446335e-09
-6.700000000000283507e-01 5.154600387699255696e-09
-6.650000000000284572e-01 5.123333008720217482e-09
-6.600000000000285638e-01 5.092337641354352378e-09
-6.550000000000286704e-01 5.061613429991273695e-09
-6.500000000000287770e-01 5.031159525588062218e-09
-6.450000000000288836e-01 5.000975085667689599e-09
-6.400000000000289901e-01 4.971059274319930742e-09
-6.350000000000290967e-01 4.941411262198940160e-09
-6.300000000000292033e-01 4.912030226516347498e-09
-6.250000000000293099e-01 4.882915351037328427e-09
-6.200000000000294165e-01 4.854065826081306919e-09
-6.150000000000295231e-01 4.825480848521431643e-09
-6.100000000000296296e-01 4.797159621781430198e-09
-6.050000000000297362e-01 4.769101355833775248e-09
-6.000000000000298428e-01 4.741305267198069873e-09
-5.950000000000299494e-01 4.713770578937163124e-09
-5.900000000000300560e-01 4.686496520653939736e-09
-5.850000000000301625e-01 4.659482328489864292e-09
-5.800000000000302691e-01 4.632727245122542690e-09
-5.750000000000303757e-01 4.606230519762098271e-09
-5.700000000000304823e-01 4.579991408148664629e-09
-5.650000000000305889e-01 4.554009172551561744e-09
-5.600000000000306954e-01 4.528283081766109676e-09
-5.550000000000308020e-01 4.502812411108330481e-09
-5.500000000000309086e-01 4.477596442414622294e-09
-5.450000000000310152e-01 4.452634464045618960e-09
-5.400000000000311218e-01 4.427925770885991507e-09
-5.350000000000312284e-01 4.403469664338647957e-09
-5.300000000000313349e-01 4.379265452320267377e-09
-5.250000000000314415e-01 4.355312449261531492e-09
-5.200000000000315481e-01 4.331609976106497677e-09
-5.150000000000316547e-01 4.308157360307611891e-09
-5.100000000000317613e-01 4.284953935820000300e-09
-5.050000000000318678e-01 4.261999043100128417e-09
-5.000000000000319744e-01 4.239292029107617594e-09
-4.950000000000320810e-01 4.216832247304368206e-09
-4.900000000000321876e-01 4.194619057651678585e-09
-4.850000000000322942e-01 4.172651826608571631e-09
-4.800000000000324007e-01 4.150929927129129637e-09
-4.750000000000325073e-01 4.129452738657874484e-09
-4.700000000000326139e-01 4.108219647127172779e-09
-4.650000000000327205e-01 4.087230044958814111e-09
-4.600000000000328271e-01 4.066483331065505771e-09
-4.550000000000329337e-01 4.045978910848120716e-09
-4.500000000000330402e-01 4.025716196191237418e-09
-4.450000000000331468e-01 4.005694605460635985e-09
-4.400000000000332534e-01 3.985913563502324567e-09
-4.350000000000333600e-01 3.966372501641255577e-09
-4.300000000000334666e-01 3.947070857679141929e-09
-4.250000000000335731e-01 3.928008075891909327e-09
-4.200000000000336797e-01 3.909183607027164258e-09
-4.150000000000337863e-01 3.890596908301551158e-09
-4.100000000000338929e-01 3.872247443398973142e-09
-4.050000000000339995e-01 3.854134682470935283e-09
-4.000000000000341061e-01 3.836258102137628222e-09
-3.950000000000342126e-01 3.818617185486855311e-09
-3.900000000000343192e-01 3.801211422070768563e-09
-3.850000000000344258e-01 3.784040307903047134e-09
-3.800000000000345324e-01 3.767103345457964266e-09
-3.750000000000346390e-01 3.750400043669971215e-09
-3.700000000000347455e-01 3.733929917932091693e-09
-3.650000000000348521e-01 3.717692490093413029e-09
-3.600000000000349587e-01 3.701687288457102178e-09
-3.550000000000350653e-01 3.685913847779091327e-09
-3.500000000000351719e-01 3.670371709266473169e-09
-3.450000000000352784e-01 3.655060420575648017e-09
-3.400000000000353850e-01 3.639979535811056974e-09
-3.350000000000354916e-01 3.625128615524371716e-09
-3.300000000000355982e-01 3.610507226713350907e-09
-3.250000000000357048e-01 3.596114942820407114e-09
-3.200000000000358114e-01 3.581951343731222107e-09
-3.150000000000359179e-01 3.568016015772989510e-09
-3.100000000000360245e-01 3.554308551712319967e-09
-3.050000000000361311e-01 3.540828550753957361e-09
-3.000000000000362377e-01 3.527575618540849121e-09
-2.950000000000363443e-01 3.514549367154516801e-09
-2.900000000000364508e-01 3.501749415114334775e-09
-2.850000000000365574e-01 3.489175387375658333e-09
-2.800000000000366640e-01 3.476826915327909580e-09
-2.750000000000367706e-01 3.464703636793003313e-09
-2.700000000000368772e-01 3.452805196023272865e-09
-2.650000000000369837e-01 3.441131243698983605e-09
-2.600000000000370903e-01 3.429681436927061965e-09
-2.550000000000371969e-01 3.418455439241912704e-09
-2.500000000000373035e-01 3.407452920606532288e-09
-2.450000000000374101e-01 3.396673557411666823e-09
-2.400000000000375167e-01 3.386117032473391722e-09
-2.350000000000376232e-01 3.375783035031090488e-09
-2.300000000000377298e-01 3.365671260746462518e-09
-2.250000000000378364e-01 3.355781411702848941e-09
-2.200000000000379430e-01 3.346113196404286331e-09
-2.150000000000380496e-01 3.336666329774339551e-09
-2.100000000000381561e-01 3.327440533155099214e-09
-2.050000000000382627e-01 3.318435534306689504e-09
-2.000000000000383693e-01 3.309651067407079173e-09
-1.950000000000384759e-01 3.301086873051456187e-09
-1.900000000000385825e-01 3.292742698250920368e-09
-1.850000000000386891e-01 3.284618296431127233e-09
-1.800000000000387956e-01 3.276713427431633694e-09
-1.750000000000389022e-01 3.269027857505737170e-09
-1.700000000000390088e-01 3.261561359319860165e-09
-1.650000000000391154e-01 3.254313711952060517e-09
-1.600000000000392220e-01 3.247284700890448171e-09
-1.550000000000393285e-01 3.240474118032504827e-09
-1.500000000000394351e-01 3.233881761685103378e-09
-1.450000000000395417e-01 3.227507436564471925e-09
-1.400000000000396483e-01 3.221350953795924944e-09
-1.350000000000397549e-01 3.215412130913535312e-09
-1.300000000000398614e-01 3.209690791859755042e-09
-1.250000000000399680e-01 3.204186766984966537e-09
-1.200000000000400746e-01 3.198899893046901911e-09
-1.150000000000401812e-01 3.193830013209722337e-09
-1.100000000000402878e-01 3.188976977042904245e-09
-1.050000000000403944e-01 3.184340640520380713e-09
-1.000000000000405009e-01 3.179920866019959544e-09
-9.500000000004060752e-02 3.175717522322616025e-09
-9.000000000004071410e-02 3.171730484611861375e-09
-8.500000000004082068e-02 3.167959634473816366e-09
-8.000000000004092726e-02 3.164404859898083170e-09
-7.500000000004103384e-02 3.161066055278477413e-09
-7.000000000004114042e-02 3.157943121412590598e-09
-6.500000000004124701e-02 3.155035965500177930e-09
-6.000000000004135359e-02 3.152344501141384011e-09
-5.500000000004146017e-02 3.149868648335790347e-09
-5.000000000004156675e-02 3.147608333482646538e-09
-4.500000000004167333e-02 3.145563489381690845e-09
-4.000000000004177991e-02 3.143734055233520356e-09
-3.500000000004188649e-02 3.142119976639084331e-09
-3.000000000004199308e-02 3.140721205598967043e-09
-2.500000000004209966e-02 3.139537700513156990e-09
-2.000000000004220624e-02 3.138569426181301256e-09
-1.500000000004231282e-02 3.137816353803069057e-09
-1.000000000004241940e-02 3.137278460978517350e-09
-5.000000000042525983e-03 3.136955731708275715e-09
-4.263256414560601115e-14 3.136848156393266349e-09
4.999999999957260854e-03 3.136955731834113047e-09
9.999999999957154273e-03 3.137278461230755324e-09
1.499999999995704769e-02 3.137816354182564632e-09
1.999999999995694111e-02 3.138569426688828675e-09
2.499999999995683453e-02 3.139537701149177817e-09
2.999999999995672795e-02 3.140721206363735223e-09
3.499999999995662137e-02 3.142119977532976232e-09
3.999999999995651478e-02 3.143734056257326349e-09
4.499999999995640820e-02 3.145563490536704641e-09
4.999999999995630162e-02 3.147608334770508021e-09
5.499999999995619504e-02 3.149868649758103422e-09
5.999999999995608846e-02 3.152344502699163628e-09
6.499999999995598188e-02 3.155035967193361223e-09
6.999999999995587530e-02 3.157943123239842911e-09
7.499999999995576871e-02 3.161066057237396200e-09
7.999999999995566213e-02 3.164404861985665765e-09
8.499999999995555555e-02 3.167959636686979454e-09
8.999999999995544897e-02 3.171730486947794609e-09
9.499999999995534239e-02 3.175717524778874674e-09
9.999999999995523581e-02 3.179920868594358610e-09
1.049999999999551292e-01 3.184340643210895671e-09
1.099999999999550226e-01 3.188976979847705784e-09
1.149999999999549161e-01 3.193830016127395980e-09
1.199999999999548095e-01 3.198899896076777641e-09
1.249999999999547029e-01 3.204186770127406246e-09
1.299999999999545963e-01 3.209690795116232765e-09
1.349999999999544897e-01 3.215412134286505708e-09
1.399999999999543832e-01 3.221350957288521786e-09
1.449999999999542766e-01 3.227507440180083345e-09
1.499999999999541700e-01 3.233881765426866460e-09
1.549999999999540634e-01 3.240474121902856444e-09
1.599999999999539568e-01 3.247284704890883451e-09
1.649999999999538502e-01 3.254313716083087350e-09
1.699999999999537437e-01 3.261561363581061652e-09
1.749999999999536371e-01 3.269027861895995376e-09
1.799999999999535305e-01 3.276713431949565987e-09
1.849999999999534239e-01 3.284618301075602029e-09
1.899999999999533173e-01 3.292742703021381802e-09
1.949999999999532108e-01 3.301086877947851734e-09
1.999999999999531042e-01 3.309651072429529188e-09
2.049999999999529976e-01 3.318435539455208048e-09
2.099999999999528910e-01 3.327440538429511338e-09
2.149999999999527844e-01 3.336666335174270543e-09
2.199999999999526779e-01 3.346113201929070723e-09
2.249999999999525713e-01 3.355781417351484605e-09
2.299999999999524647e-01 3.365671266517685108e-09
2.349999999999523581e-01 3.375783040923500415e-09
2.399999999999522515e-01 3.386117038485519498e-09
2.449999999999521449e-01 3.396673563541931294e-09
2.499999999999520384e-01 3.407452926853262549e-09
2.549999999999519318e-01 3.418455445603519740e-09
2.599999999999518252e-01 3.429681443402199540e-09
2.649999999999517186e-01 3.441131250286475054e-09
2.699999999999516120e-01 3.452805202721882382e-09
2.749999999999515055e-01 3.464703643601318485e-09
2.799999999999513989e-01 3.476826922244403019e-09
2.849999999999512923e-01 3.489175394398745161e-09
2.899999999999511857e-01 3.501749422242298179e-09
2.949999999999510791e-01 3.514549374385240438e-09
2.999999999999509726e-01 3.527575625871426694e-09
3.049999999999508660e-01 3.540828558180422951e-09
3.099999999999507594e-01 3.554308559229844080e-09
3.149999999999506528e-01 3.568016023376616507e-09
3.199999999999505462e-01 3.581951351416868612e-09
3.249999999999504396e-01 3.596114950585651555e-09
3.299999999999503331e-01 3.610507234557666783e-09
3.349999999999502265e-01 3.625128623448742132e-09
3.399999999999501199e-01 3.639979543817218182e-09
3.449999999999500133e-01 3.655060428665224185e-09
3.499999999999499067e-01 3.670371717440273695e-09
3.549999999999498002e-01 3.685913856036845308e-09
3.599999999999496936e-01 3.701687296797506805e-09
3.649999999999495870e-01 3.717692498514059553e-09
3.699999999999494804e-01 3.733929926429269794e-09
3.749999999999493738e-01 3.750400052238892344e-09
3.799999999999492672e-01 3.767103354093510658e-09
3.849999999999491607e-01 3.784040316600372337e-09
3.899999999999490541e-01 3.801211430825297442e-09
3.949999999999489475e-01 3.818617194294155831e-09
3.999999999999488409e-01 3.836258110993738188e-09
4.049999999999487343e-01 3.854134691373023257e-09
4.099999999999486278e-01 3.872247452345645324e-09
4.149999999999485212e-01 3.890596917292496528e-09
4.199999999999484146e-01 3.909183616062528399e-09
4.249999999999483080e-01 3.928008084971917233e-09
4.299999999999482014e-01 3.947070866804061607e-09
4.349999999999480949e-01 3.966372510811458430e-09
4.399999999999479883e-01 3.985913572718138159e-09
4.449999999999478817e-01 4.005694614722124009e-09
4.499999999999477751e-01 4.025716205498472666e-09
4.549999999999476685e-01 4.045978920201783130e-09
4.599999999999475619e-01 4.066483340466854319e-09
4.649999999999474554e-01 4.087230054408997749e-09
4.699999999999473488e-01 4.108219656626884683e-09
4.749999999999472422e-01 4.129452748207794597e-09
4.799999999999471356e-01 4.150929936730589719e-09
4.849999999999470290e-01 4.172651836264107819e-09
4.899999999999469225e-01 4.194619067365790741e-09
4.949999999999468159e-01 4.216832257084068340e-09
4.999999999999467093e-01 4.239292038961756538e-09
5.049999999999466027e-01 4.261999053037723268e-09
5.099999999999464961e-01 4.284953945848800912e-09
5.149999999999463896e-01 4.308157370433646757e-09
5.199999999999462830e-01 4.331609986334581815e-09
5.249999999999461764e-01 4.355312459596200333e-09
5.299999999999460698e-01 4.379265462766284656e-09
5.349999999999459632e-01 4.403469674900875839e-09
5.399999999999458566e-01 4.427925781569370743e-09
5.449999999999457501e-01 4.452634474855900110e-09
5.499999999999456435e-01 4.477596453358988594e-09
5.549999999999455369e-01 4.502812422194812201e-09
5.599999999999454303e-01 4.528283093002213480e-09
5.649999999999453237e-01 4.554009183942867791e-09
5.699999999999452172e-01 4.579991419697710711e-09
5.749999999999451106e-01 4.606230531468040662e-09
5.799999999999450040e-01 4.632727256981616065e-09
5.849999999999448974e-01 4.659482340495973157e-09
5.899999999999447908e-01 4.686496532799243246e-09
5.949999999999446842e-01 4.713770591213257124e-09
5.999999999999445777e-01 4.741305279597904302e-09
6.049999999999444711e-01 4.769101368353356478e-09
6.099999999999443645e-01 4.797159634420171758e-09
6.149999999999442579e-01 4.825480861280954808e-09
6.199999999999441513e-01 4.854065838963465400e-09
6.249999999999440448e-01 4.882915364042778178e-09
6.299999999999439382e-01 4.912030239645073630e-09
6.349999999999438316e-01 4.941411275451692926e-09
6.399999999999437250e-01 4.971059287698941049e-09
6.449999999999436184e-01 5.000975099177142152e-09
6.499999999999435119e-01 5.031159539234409026e-09
6.549999999999434053e-01 5.061613443783334159e-09
6.599999999999432987e-01 5.092337655303077541e-09
6.649999999999431921e-01 5.123333022836957089e-09
6.699999999999430855e-01 5.154600401993756417e-09
6.749999999999429789e-01 5.186140654953183401e-09
6.799999999999428724e-01 5.217954650470634741e-09
6.849999999999427658e-01 5.250043263878619538e-09
6.899999999999426592e-01 5.282407377087329221e-09
6.949999999999425526e-01 5.315047878587909875e-09
6.999999999999424460e-01 5.347965663457179648e-09
7.049999999999423395e-01 5.381161633362934295e-09
7.099999999999422329e-01 5.414636696563377240e-09
7.149999999999421263e-01 5.448391767901313608e-09
7.199999999999420197e-01 5.482427768806960144e-09
7.249999999999419131e-01 5.516745627309280908e-09
7.299999999999418065e-01 5.551346278043536118e-09
7.349999999999417000e-01 5.586230662251054676e-09
7.399999999999415934e-01 5.621399727776693902e-09
7.449999999999414868e-01 5.656854429071364908e-09
7.499999999999413802e-01 5.692595727195800412e-09
7.549999999999412736e-01 5.728624589821480350e-09
7.599999999999411671e-01 5.764941991233577469e-09
7.649999999999410605e-01 5.801548912337492876e-09
7.699999999999409539e-01 5.838446340663546159e-09
7.749999999999408473e-01 5.875635270365121669e-09
7.799999999999407407e-01 5.913116702220558631e-09
7.849999999999406342e-01 5.950891643637329232e-09
7.899999999999405276e-01 5.988961108656090979e-09
7.949999999999404210e-01 6.027326117953468510e-09
7.999999999999403144e-01 6.065987698841207383e-09
8.049999999999402078e-01 6.104946885271224019e-09
8.099999999999401012e-01 6.144204717841008841e-09
8.149999999999399947e-01 6.183762243797792787e-09
8.199999999999398881e-01 6.223620517036960775e-09
8.249999999999397815e-01 6.263780598106314992e-09
8.299999999999396749e-01 6.304243554208960928e-09
8.349999999999395683e-01 6.345010459207031344e-09
8.399999999999394618e-01 6.386082393622678886e-09
8.449999999999393552e-01 6.427460444633422368e-09
8.499999999999392486e-01 6.469145706086224562e-09
8.549999999999391420e-01 6.511139278503092206e-09
8.599999999999390354e-01 6.553442269078376915e-09
8.649999999999389289e-01 6.596055791672469585e-09
8.699999999999388223e-01 6.638980966821872143e-09
8.749999999999387157e-01 6.682218921757876940e-09
8.799999999999386091e-01 6.725770790400269423e-09
8.849999999999385025e-01 6.769637713353705087e-09
8.899999999999383959e-01 6.813820837909458133e-09
8.949999999999382894e-01 6.858321318057624037e-09
8.999999999999381828e-01 6.903140314480503758e-09
9.049999999999380762e-01 6.948278994552104124e-09
9.099999999999379696e-01 6.993738532351031091e-09
9.149999999999378630e-01 7.039520108671703011e-09
9.199999999999377565e-01 7.085624911018107893e-09
9.249999999999376499e-01 7.132054133609151956e-09
9.299999999999375433e-01 7.178808977378585181e-09
9.349999999999374367e-01 7.225890649968469069e-09
9.399999999999373301e-01 7.273300365740885379e-09
9.449999999999372235e-01 7.321039345805224819e-09
9.499999999999371170e-01 7.369108817997539789e-09
9.549999999999370104e-01 7.417510016854836434e-09
9.599999999999369038e-01 7.466244183654729686e-09
9.649999999999367972e-01 7.515312566428463085e-09
9.699999999999366906e-01 7.564716419944863954e-09
9.749999999999365841e-01 7.614457005711026654e-09
9.799999999999364775e-01 7.664535591984168563e-09
9.849999999999363709e-01 7.714953453773552441e-09
9.899999999999362643e-01 7.765711872840541030e-09
9.949999999999361577e-01 7.816812137701037227e-09
9.999999999999360512e-01 7.868255543635474782e-09
1.004999999999935945e+00 7.583973857046203521e-05
1.009999999999935838e+00 1.531003617567428421e-04
1.014999999999935731e+00 2.317217311336243458e-04
1.019999999999935625e+00 3.116367806734463616e-04
1.024999999999935518e+00 3.927793960346703914e-04
1.029999999999935412e+00 4.750844246286281243e-04
1.034999999999935305e+00 5.584876847490759981e-04
1.039999999999935199e+00 6.429259737939802682e-04
1.044999999999935092e+00 7.283370756083712514e-04
1.049999999999934985e+00 8.146597669765124868e-04
1.054999999999934879e+00 9.018338232910519739e-04
1.059999999999934772e+00 9.898000234262425978e-04
1.064999999999934666e+00 1.078500153841760326e-03
1.069999999999934559e+00 1.167877011943071423e-03
1.074999999999934452e+00 1.257874408723760103e-03
1.079999999999934346e+00 1.348437170714674024e-03
1.084999999999934239e+00 1.439511141264199646e-03
1.089999999999934133e+00 1.531043181173450318e-03
1.094999999999934026e+00 1.622981168709623648e-03
1.099999999999933920e+00 1.715273999020260846e-03
1.104999999999933813e+00 1.807871582970535951e-03
1.109999999999933706e+00 1.900724845425685742e-03
1.114999999999933600e+00 1.993785722999062617e-03
1.119999999999933493e+00 2.087007161287211983e-03
1.124999999999933387e+00 2.180343111611902831e-03
1.129999999999933280e+00 2.273748527288921642e-03
1.134999999999933173e+00 2.367179359442903464e-03
1.139999999999933067e+00 2.460592552387053794e-03
1.144999999999932960e+00 2.553946038586084929e-03
1.149999999999932854e+00 2.647198733220325513e-03
1.154999999999932747e+00 2.740310528368448961e-03
1.159999999999932641e+00 2.833242286825867883e-03
1.164999999999932534e+00 2.925955835575400153e-03
1.169999999999932427e+00 3.018413958926394192e-03
1.174999999999932321e+00 3.110580391338093817e-03
1.179999999999932214e+00 3.202419809942577602e-03
1.184999999999932108e+00 3.293897826782276380e-03
1.189999999999932001e+00 3.384980980776603268e-03
1.194999999999931894e+00 3.475636729431895791e-03
1.199999999999931788e+00 3.565833440308457253e-03
1.204999999999931681e+00 3.655540382258153607e-03
1.209999999999931575e+00 3.744727716445489085e-03
1.214999999999931468e+00 3.833366487165161453e-03
1.219999999999931362e+00 3.921428612468088638e-03
1.224999999999931255e+00 4.008886874608110461e-03
1.229999999999931148e+00 4.095714910320987293e-03
1.234999999999931042e+00 4.181887200946951370e-03
1.239999999999930935e+00 4.267379062407895655e-03
1.244999999999930829e+00 4.352166635049769042e-03
1.249999999999930722e+00 4.436226873360628320e-03
1.254999999999930616e+00 4.519537535574299006e-03
1.259999999999930509e+00 4.602077173169442752e-03
1.264999999999930402e+00 4.683825120273458695e-03
1.269999999999930296e+00 4.764761482980345991e-03
1.274999999999930189e+00 4.844867128591420595e-03
1.279999999999930083e+00 4.924123674787440202e-03
1.284999999999929976e+00 5.002513478740470108e-03
1.289999999999929869e+00 5.080019626173513936e-03
1.294999999999929763e+00 5.156625920375692944e-03
1.299999999999929656e+00 5.232316871180484399e-03
1.304999999999929550e+00 5.307077683914282300e-03
1.309999999999929443e+00 5.380894248322345107e-03
1.314999999999929337e+00 5.453753127478843873e-03
1.319999999999929230e+00 5.525641546687581895e-03
1.324999999999929123e+00 5.596547382379706351e-03
1.329999999999929017e+00 5.666459151014502545e-03
1.334999999999928910e+00 5.735365997989121112e-03
1.339999999999928804e+00 5.803257686562891642e-03
1.344999999999928697e+00 5.870124586801648073e-03
1.349999999999928590e+00 5.935957664547373246e-03
1.354999999999928484e+00 6.000748470418061468e-03
1.359999999999928377e+00 6.064489128842779492e-03
1.364999999999928271e+00 6.127172327136480405e-03
1.369999999999928164e+00 6.188791304619041707e-03
1.374999999999928058e+00 6.249339841782844407e-03
1.379999999999927951e+00 6.308812249512925525e-03
1.384999999999927844e+00 6.367203358363711201e-03
1.389999999999927738e+00 6.424508507895979395e-03
1.394999999999927631e+00 6.480723536077752367e-03
1.399999999999927525e+00 6.535844768752451309e-03
1.404999999999927418e+00 6.589869009177668976e-03
1.409999999999927311e+00 6.642793527637531024e-03
1.414999999999927205e+00 6.694616051131870027e-03
1.419999999999927098e+00 6.745334753144768304e-03
1.424999999999926992e+00 6.794948243495298017e-03
1.429999999999926885e+00 6.843455558272971279e-03
1.434999999999926779e+00 6.890856149860302877e-03
1.439999999999926672e+00 6.937149877044770235e-03
1.444999999999926565e+00 6.982336995222320798e-03
1.449999999999926459e+00 7.026418146694461686e-03
1.454999999999926352e+00 7.069394351060831125e-03
1.459999999999926246e+00 7.111266995709059242e-03
1.464999999999926139e+00 7.152037826403569686e-03
1.469999999999926033e+00 7.191708937974929279e-03
1.474999999999925926e+00 7.230282765111177741e-03
1.479999999999925819e+00 7.267762073252500947e-03
1.484999999999925713e+00 7.304149949590513224e-03
1.489999999999925606e+00 7.339449794173315278e-03
1.494999999999925500e+00 7.373665311117364243e-03
1.499999999999925393e+00 7.406800499927159408e-03
1.504999999999925286e+00 7.438859646923586671e-03
1.509999999999925180e+00 7.469847316781821206e-03
1.514999999999925073e+00 7.499768344179333877e-03
1.519999999999924967e+00 7.528627825554761246e-03
1.524999999999924860e+00 7.556431110978176907e-03
1.529999999999924754e+00 7.583183796133197846e-03
1.534999999999924647e+00 7.608891714411372513e-03
1.539999999999924540e+00 7.633560929119141171e-03
1.544999999999924434e+00 7.657197725797691180e-03
1.549999999999924327e+00 7.679808604655838193e-03
1.554999999999924221e+00 7.701400273116111063e-03
1.559999999999924114e+00 7.721979638474111597e-03
1.564999999999924007e+00 7.741553800671132669e-03
1.569999999999923901e+00 7.760130045180019948e-03
1.574999999999923794e+00 7.777715836004152339e-03
1.579999999999923688e+00 7.794318808789406708e-03
1.584999999999923581e+00 7.809946764048885694e-03
1.589999999999923475e+00 7.824607660500157089e-03
1.594999999999923368e+00 7.838309608514700336e-03
1.599999999999923261e+00 7.851060863679218405e-03
1.604999999999923155e+00 7.862869820468427334e-03
1.609999999999923048e+00 7.873745006028833385e-03
1.614999999999922942e+00 7.883695074073087533e-03
1.619999999999922835e+00 7.892728798884446340e-03
1.624999999999922728e+00 7.900855069430575903e-03
1.629999999999922622e+00 7.908082883586386655e-03
1.634999999999922515e+00 7.914421342465071535e-03
1.639999999999922409e+00 7.919879644856773343e-03
1.644999999999922302e+00 7.924467081774225555e-03
1.649999999999922196e+00 7.928193031104551272e-03
1.654999999999922089e+00 7.931066952366599282e-03
1.659999999999921982e+00 7.933098381572918634e-03
1.664999999999921876e+00 7.934296926195686522e-03
1.669999999999921769e+00 7.934672260235730787e-03
1.674999999999921663e+00 7.934234119393731091e-03
1.679999999999921556e+00 7.932992296342873673e-03
1.684999999999921450e+00 7.930956636101920559e-03
1.689999999999921343e+00 7.928137031507924773e-03
1.694999999999921236e+00 7.924543418787573235e-03
1.699999999999921130e+00 7.920185773226246645e-03
1.704999999999921023e+00 7.915074104933837035e-03
1.709999999999920917e+00 7.909218454706381032e-03
1.714999999999920810e+00 7.902628889982457605e-03
1.719999999999920703e+00 7.895315500893371891e-03
1.724999999999920597e+00 7.887288396406214389e-03
1.729999999999920490e+00 7.878557700558534369e-03
1.734999999999920384e+00 7.869133548783916257e-03
1.739999999999920277e+00 7.859026084327081635e-03
1.744999999999920171e+00 7.848245454747746624e-03
1.749999999999920064e+00 7.836801808511973527e-03
1.754999999999919957e+00 7.824705291670062610e-03
1.759999999999919851e+00 7.811966044619877286e-03
1.764999999999919744e+00 7.798594198954501150e-03
1.769999999999919638e+00 7.784599874393189484e-03
1.774999999999919531e+00 7.769993175794479012e-03
1.779999999999919424e+00 7.754784190250405516e-03
1.784999999999919318e+00 7.738982984260701740e-03
1.789999999999919211e+00 7.722599600985897463e-03
1.794999999999919105e+00 7.705644057578221046e-03
1.799999999999918998e+00 7.688126342589202654e-03
1.804999999999918892e+00 7.670056413452871515e-03
1.809999999999918785e+00 7.651444194043452614e-03
1.814999999999918678e+00 7.632299572306463012e-03
1.819999999999918572e+00 7.612632397962134853e-03
1.824999999999918465e+00 7.592452480280012343e-03
1.829999999999918359e+00 7.571769585923673190e-03
1.834999999999918252e+00 7.550593436864486835e-03
1.839999999999918145e+00 7.528933708363270624e-03
1.844999999999918039e+00 7.506800027018825650e-03
1.849999999999917932e+00 7.484201968882213396e-03
1.854999999999917826e+00 7.461149057635737582e-03
1.859999999999917719e+00 7.437650762835519222e-03
1.864999999999917613e+00 7.413716498216644038e-03
1.869999999999917506e+00 7.389355620059758108e-03
1.874999999999917399e+00 7.364577425618135977e-03
1.879999999999917293e+00 7.339391151604069373e-03
1.884999999999917186e+00 7.313805972733634572e-03
1.889999999999917080e+00 7.287831000328713442e-03
1.894999999999916973e+00 7.261475280975296723e-03
1.899999999999916866e+00 7.234747795237013099e-03
1.904999999999916760e+00 7.207657456422868376e-03
1.909999999999916653e+00 7.180213109408201642e-03
1.914999999999916547e+00 7.152423529507832313e-03
1.919999999999916440e+00 7.124297421400422291e-03
1.924999999999916334e+00 7.095843418103073980e-03
1.929999999999916227e+00 7.067070079995137200e-03
1.934999999999916120e+00 7.037985893890322080e-03
1.939999999999916014e+00 7.008599272156118727e-03
1.944999999999915907e+00 6.978918551879564371e-03
1.949999999999915801e+00 6.948951994078434238e-03
1.954999999999915694e+00 6.918707782956924623e-03
1.959999999999915588e+00 6.888194025204889652e-03
1.964999999999915481e+00 6.857418749339702808e-03
1.969999999999915374e+00 6.826389905089887133e-03
1.974999999999915268e+00 6.795115362819556526e-03
1.979999999999915161e+00 6.763602912992827676e-03
1.984999999999915055e+00 6.731860265677291899e-03
1.989999999999914948e+00 6.699895050085717674e-03
1.994999999999914841e+00 6.667714814155075755e-03
